{"type":"operationStart","subtype":"profile","data":{"_id":"V66ukAga1ODP2kbW","timestamp":"2024-11-10T13:43:14.665Z","state":"queued","mode":"standard","creationDate":"2024-11-10T13:43:14.666Z","modificationDate":"2024-11-10T13:43:14.666Z","shortid":"Ea4WMlC","inheritedReadPermissions":[],"inheritedEditPermissions":[],"$entitySet":"profiles"},"doDiffs":false,"timestamp":1731246194666,"id":"c4z29ux1w9smgha","previousOperationId":null,"operationId":"dvaio5c77zhzpkj"}
{"type":"log","level":"info","message":"Render request 74 queued for execution and waiting for available worker","previousOperationId":"dvaio5c77zhzpkj","timestamp":1731246194666,"id":"i1zohzlbxtwnmja"}
{"type":"operationStart","subtype":"render","name":"new-excl-template","previousOperationId":"dvaio5c77zhzpkj","timestamp":1731246194675,"id":"59dgbr5mkww5fj9","previousEventId":"c4z29ux1w9smgha","operationId":"nqnzzr5s60nvaus"}
{"type":"log","timestamp":1731246194675,"level":"info","message":"Starting rendering request 74 (user: admin)","meta":{"rootId":"03j4x9crcgfox32","id":"03j4x9crcgfox32"},"id":"2swielac8vzyyw0","previousOperationId":"nqnzzr5s60nvaus"}
{"type":"log","timestamp":1731246194676,"level":"info","message":"Rendering template { name: new-excl-template, recipe: html-to-xlsx, engine: handlebars, preview: true }","meta":{"rootId":"03j4x9crcgfox32","id":"03j4x9crcgfox32"},"id":"znwrg2ss3movlp0","previousOperationId":"nqnzzr5s60nvaus"}
{"type":"log","timestamp":1731246194676,"level":"debug","message":"Inline data specified.","meta":{"rootId":"03j4x9crcgfox32","id":"03j4x9crcgfox32"},"id":"ajz9g1gqse0p1ft","previousOperationId":"nqnzzr5s60nvaus"}
{"type":"log","timestamp":1731246194677,"level":"debug","message":"Base url not specified, skipping its injection.","meta":{"rootId":"03j4x9crcgfox32","id":"03j4x9crcgfox32"},"id":"cm2p053s0ihdml3","previousOperationId":"nqnzzr5s60nvaus"}
{"type":"log","timestamp":1731246194680,"level":"debug","message":"Replaced assets [\"KhmerOSSiemreapRegular.ttf\"]","meta":{"rootId":"03j4x9crcgfox32","id":"03j4x9crcgfox32"},"id":"lmpc6kybnckozdg","previousOperationId":"nqnzzr5s60nvaus"}
{"type":"operationStart","subtype":"engine","name":"handlebars","timestamp":1731246194680,"id":"5vccqiir640k8xt","previousEventId":"59dgbr5mkww5fj9","operationId":"lcnpzoz6ryz7q7a","previousOperationId":"nqnzzr5s60nvaus"}
{"type":"log","timestamp":1731246194680,"level":"debug","message":"Rendering engine handlebars","meta":{"rootId":"03j4x9crcgfox32","id":"03j4x9crcgfox32"},"id":"ohw7o7o02hzd6ov","previousOperationId":"lcnpzoz6ryz7q7a"}
{"type":"operationEnd","operationId":"lcnpzoz6ryz7q7a","timestamp":1731246194698,"id":"equjmjc778vqisp","previousEventId":"5vccqiir640k8xt","previousOperationId":"lcnpzoz6ryz7q7a"}
{"type":"operationStart","subtype":"recipe","name":"html-to-xlsx","timestamp":1731246194700,"id":"ls813exhn9ixnsp","previousEventId":"equjmjc778vqisp","operationId":"x7b36ot4rna6krr","previousOperationId":"lcnpzoz6ryz7q7a"}
{"type":"log","timestamp":1731246194700,"level":"debug","message":"Executing recipe html-to-xlsx","meta":{"rootId":"03j4x9crcgfox32","id":"03j4x9crcgfox32"},"id":"9fhnuhrmwp4tasi","previousOperationId":"x7b36ot4rna6krr"}
{"type":"log","timestamp":1731246194700,"level":"info","message":"html-to-xlsx generation is starting","meta":{"rootId":"03j4x9crcgfox32","id":"03j4x9crcgfox32"},"id":"i1c1gnnmpj4g10h","previousOperationId":"x7b36ot4rna6krr"}
{"type":"log","timestamp":1731246195377,"level":"info","message":"html-to-xlsx generation was finished","meta":{"rootId":"03j4x9crcgfox32","id":"03j4x9crcgfox32"},"id":"lyr1ro8i99pbftq","previousOperationId":"x7b36ot4rna6krr"}
{"type":"log","timestamp":1731246195377,"level":"debug","message":"preparing office preview","meta":{"rootId":"03j4x9crcgfox32","id":"03j4x9crcgfox32"},"id":"pdf307pyq58hkqj","previousOperationId":"x7b36ot4rna6krr"}
{"type":"operationEnd","operationId":"x7b36ot4rna6krr","timestamp":1731246195843,"id":"fhljxxoot1a45fd","previousEventId":"ls813exhn9ixnsp","previousOperationId":"x7b36ot4rna6krr"}
{"type":"log","timestamp":1731246195843,"level":"debug","message":"Skipping storing report.","meta":{"rootId":"03j4x9crcgfox32","id":"03j4x9crcgfox32"},"id":"pzw9l5upb2y8zh1","previousOperationId":"x7b36ot4rna6krr"}
{"type":"log","timestamp":1731246195843,"level":"info","message":"Rendering request 74 finished in 1178 ms","meta":{"rootId":"03j4x9crcgfox32","id":"03j4x9crcgfox32"},"id":"f7gny08h8lf72h3","previousOperationId":"x7b36ot4rna6krr"}
{"type":"operationEnd","subtype":"render","operationId":"nqnzzr5s60nvaus","timestamp":1731246195843,"id":"yc1c0jwdpwtajek","previousEventId":"fhljxxoot1a45fd","previousOperationId":"x7b36ot4rna6krr"}
{"type":"operationEnd","doDiffs":false,"previousEventId":"c4z29ux1w9smgha","previousOperationId":"dvaio5c77zhzpkj","operationId":"dvaio5c77zhzpkj","timestamp":1731246195845,"id":"9iv4sx6gbtenmyg"}
