{"type":"operationStart","subtype":"profile","data":{"_id":"4s3Mrupb9bAzVIRz","timestamp":"2024-11-10T13:53:25.392Z","state":"queued","mode":"standard","creationDate":"2024-11-10T13:53:25.394Z","modificationDate":"2024-11-10T13:53:25.394Z","shortid":"QjcQlPZ","inheritedReadPermissions":[],"inheritedEditPermissions":[],"$entitySet":"profiles"},"doDiffs":false,"timestamp":1731246805394,"id":"cfd2tkvju3srm4g","previousOperationId":null,"operationId":"bzwcjk10gya3l5c"}
{"type":"log","level":"info","message":"Render request 90 queued for execution and waiting for available worker","previousOperationId":"bzwcjk10gya3l5c","timestamp":1731246805394,"id":"q27szs9xc62qhfg"}
{"type":"operationStart","subtype":"render","name":"new-excl-template","previousOperationId":"bzwcjk10gya3l5c","timestamp":1731246805403,"id":"dsiaasly2bhvgfs","previousEventId":"cfd2tkvju3srm4g","operationId":"fjvwi86a3v682pj"}
{"type":"log","timestamp":1731246805403,"level":"info","message":"Starting rendering request 90 (user: admin)","meta":{"rootId":"06p3sikciio1trh","id":"06p3sikciio1trh"},"id":"d8h2jdgqgvtszpc","previousOperationId":"fjvwi86a3v682pj"}
{"type":"log","timestamp":1731246805403,"level":"info","message":"Rendering template { name: new-excl-template, recipe: html-to-xlsx, engine: handlebars, preview: true }","meta":{"rootId":"06p3sikciio1trh","id":"06p3sikciio1trh"},"id":"u9t5i8zo43rbmdb","previousOperationId":"fjvwi86a3v682pj"}
{"type":"log","timestamp":1731246805404,"level":"debug","message":"Inline data specified.","meta":{"rootId":"06p3sikciio1trh","id":"06p3sikciio1trh"},"id":"xfh7yvpyopw3u7s","previousOperationId":"fjvwi86a3v682pj"}
{"type":"log","timestamp":1731246805405,"level":"debug","message":"Base url not specified, skipping its injection.","meta":{"rootId":"06p3sikciio1trh","id":"06p3sikciio1trh"},"id":"klnhnhfhfyjnobd","previousOperationId":"fjvwi86a3v682pj"}
{"type":"log","timestamp":1731246805407,"level":"debug","message":"Replaced assets [\"KhmerOSSiemreapRegular.ttf\"]","meta":{"rootId":"06p3sikciio1trh","id":"06p3sikciio1trh"},"id":"q03h62dewydvi85","previousOperationId":"fjvwi86a3v682pj"}
{"type":"operationStart","subtype":"engine","name":"handlebars","timestamp":1731246805407,"id":"0p3qh6r4yfoh57q","previousEventId":"dsiaasly2bhvgfs","operationId":"ygwmbz8cpbn2gvv","previousOperationId":"fjvwi86a3v682pj"}
{"type":"log","timestamp":1731246805407,"level":"debug","message":"Rendering engine handlebars","meta":{"rootId":"06p3sikciio1trh","id":"06p3sikciio1trh"},"id":"g3177fosvs9e7i0","previousOperationId":"ygwmbz8cpbn2gvv"}
{"type":"operationEnd","operationId":"ygwmbz8cpbn2gvv","timestamp":1731246805420,"id":"k717awsg4k1jsrp","previousEventId":"0p3qh6r4yfoh57q","previousOperationId":"ygwmbz8cpbn2gvv"}
{"type":"operationStart","subtype":"recipe","name":"html-to-xlsx","timestamp":1731246805422,"id":"wuksornp6xa31wd","previousEventId":"k717awsg4k1jsrp","operationId":"cq5hvqlsj6iyh6q","previousOperationId":"ygwmbz8cpbn2gvv"}
{"type":"log","timestamp":1731246805422,"level":"debug","message":"Executing recipe html-to-xlsx","meta":{"rootId":"06p3sikciio1trh","id":"06p3sikciio1trh"},"id":"gb3vr3opm742hir","previousOperationId":"cq5hvqlsj6iyh6q"}
{"type":"log","timestamp":1731246805422,"level":"info","message":"html-to-xlsx generation is starting","meta":{"rootId":"06p3sikciio1trh","id":"06p3sikciio1trh"},"id":"s8qbdmtc0c6d34u","previousOperationId":"cq5hvqlsj6iyh6q"}
{"type":"log","timestamp":1731246806081,"level":"info","message":"html-to-xlsx generation was finished","meta":{"rootId":"06p3sikciio1trh","id":"06p3sikciio1trh"},"id":"986g6fok989skvx","previousOperationId":"cq5hvqlsj6iyh6q"}
{"type":"log","timestamp":1731246806081,"level":"debug","message":"preparing office preview","meta":{"rootId":"06p3sikciio1trh","id":"06p3sikciio1trh"},"id":"4py8grjlwa4eokh","previousOperationId":"cq5hvqlsj6iyh6q"}
{"type":"operationEnd","operationId":"cq5hvqlsj6iyh6q","timestamp":1731246806525,"id":"pn7cnsyc7ykkp7a","previousEventId":"wuksornp6xa31wd","previousOperationId":"cq5hvqlsj6iyh6q"}
{"type":"log","timestamp":1731246806525,"level":"debug","message":"Skipping storing report.","meta":{"rootId":"06p3sikciio1trh","id":"06p3sikciio1trh"},"id":"b2xxseqignh7a5p","previousOperationId":"cq5hvqlsj6iyh6q"}
{"type":"log","timestamp":1731246806525,"level":"info","message":"Rendering request 90 finished in 1133 ms","meta":{"rootId":"06p3sikciio1trh","id":"06p3sikciio1trh"},"id":"ky9tekuk6fq0qd7","previousOperationId":"cq5hvqlsj6iyh6q"}
{"type":"operationEnd","subtype":"render","operationId":"fjvwi86a3v682pj","timestamp":1731246806525,"id":"ue4qngoix5dfjln","previousEventId":"pn7cnsyc7ykkp7a","previousOperationId":"cq5hvqlsj6iyh6q"}
{"type":"operationEnd","doDiffs":false,"previousEventId":"cfd2tkvju3srm4g","previousOperationId":"bzwcjk10gya3l5c","operationId":"bzwcjk10gya3l5c","timestamp":1731246806528,"id":"ue4gofiru0sp3ev"}
