{"type":"operationStart","subtype":"profile","data":{"_id":"lO2Ge15n0pY7e9GC","timestamp":"2024-11-10T13:23:09.578Z","state":"queued","mode":"standard","creationDate":"2024-11-10T13:23:09.580Z","modificationDate":"2024-11-10T13:23:09.580Z","shortid":"XUo14Tv","inheritedReadPermissions":[],"inheritedEditPermissions":[],"$entitySet":"profiles"},"doDiffs":false,"timestamp":1731244989579,"id":"km7vq12ef9txsp6","previousOperationId":null,"operationId":"mldcc0ncvqdgr3l"}
{"type":"log","level":"info","message":"Render request 57 queued for execution and waiting for available worker","previousOperationId":"mldcc0ncvqdgr3l","timestamp":1731244989579,"id":"z4c4t1cm12ka9ir"}
{"type":"operationStart","subtype":"render","name":"new-excl-template","previousOperationId":"mldcc0ncvqdgr3l","timestamp":1731244989585,"id":"y3g2dyfzsdi77u6","previousEventId":"km7vq12ef9txsp6","operationId":"cbn4gl1ut216ver"}
{"type":"log","timestamp":1731244989586,"level":"info","message":"Starting rendering request 57 (user: admin)","meta":{"rootId":"079lpr66vsbmisd","id":"079lpr66vsbmisd"},"id":"kkw8h7pngsic7hu","previousOperationId":"cbn4gl1ut216ver"}
{"type":"log","timestamp":1731244989586,"level":"info","message":"Rendering template { name: new-excl-template, recipe: html-to-xlsx, engine: handlebars, preview: true }","meta":{"rootId":"079lpr66vsbmisd","id":"079lpr66vsbmisd"},"id":"4iow40agslr5v63","previousOperationId":"cbn4gl1ut216ver"}
{"type":"log","timestamp":1731244989586,"level":"debug","message":"Inline data specified.","meta":{"rootId":"079lpr66vsbmisd","id":"079lpr66vsbmisd"},"id":"gaxyl4fuc1wzyc3","previousOperationId":"cbn4gl1ut216ver"}
{"type":"log","timestamp":1731244989588,"level":"debug","message":"Base url not specified, skipping its injection.","meta":{"rootId":"079lpr66vsbmisd","id":"079lpr66vsbmisd"},"id":"cn0egfn3bkw7dgb","previousOperationId":"cbn4gl1ut216ver"}
{"type":"log","timestamp":1731244989590,"level":"debug","message":"Replaced assets [\"KhmerOSSiemreapRegular.ttf\"]","meta":{"rootId":"079lpr66vsbmisd","id":"079lpr66vsbmisd"},"id":"2r5e99r1itl30s2","previousOperationId":"cbn4gl1ut216ver"}
{"type":"operationStart","subtype":"engine","name":"handlebars","timestamp":1731244989590,"id":"44mqbowzff7zssd","previousEventId":"y3g2dyfzsdi77u6","operationId":"1d2dmosux61y8qi","previousOperationId":"cbn4gl1ut216ver"}
{"type":"log","timestamp":1731244989590,"level":"debug","message":"Rendering engine handlebars","meta":{"rootId":"079lpr66vsbmisd","id":"079lpr66vsbmisd"},"id":"5xmwhkv0fbhojlt","previousOperationId":"1d2dmosux61y8qi"}
{"type":"operationEnd","operationId":"1d2dmosux61y8qi","timestamp":1731244989611,"id":"3jk66ckl7j2k038","previousEventId":"44mqbowzff7zssd","previousOperationId":"1d2dmosux61y8qi"}
{"type":"operationStart","subtype":"recipe","name":"html-to-xlsx","timestamp":1731244989614,"id":"ydrrtxh2ranhl2i","previousEventId":"3jk66ckl7j2k038","operationId":"vi18m0b62fwc0yo","previousOperationId":"1d2dmosux61y8qi"}
{"type":"log","timestamp":1731244989614,"level":"debug","message":"Executing recipe html-to-xlsx","meta":{"rootId":"079lpr66vsbmisd","id":"079lpr66vsbmisd"},"id":"y4oafrk866zrqlp","previousOperationId":"vi18m0b62fwc0yo"}
{"type":"log","timestamp":1731244989614,"level":"info","message":"html-to-xlsx generation is starting","meta":{"rootId":"079lpr66vsbmisd","id":"079lpr66vsbmisd"},"id":"oe60xgllz9kjr74","previousOperationId":"vi18m0b62fwc0yo"}
{"type":"log","timestamp":1731244990323,"level":"info","message":"html-to-xlsx generation was finished","meta":{"rootId":"079lpr66vsbmisd","id":"079lpr66vsbmisd"},"id":"s5jkmqqwvhudw32","previousOperationId":"vi18m0b62fwc0yo"}
{"type":"log","timestamp":1731244990323,"level":"debug","message":"preparing office preview","meta":{"rootId":"079lpr66vsbmisd","id":"079lpr66vsbmisd"},"id":"tax3yag4oqenwmc","previousOperationId":"vi18m0b62fwc0yo"}
{"type":"operationEnd","operationId":"vi18m0b62fwc0yo","timestamp":1731244990770,"id":"qnzmxkofddt4t7i","previousEventId":"ydrrtxh2ranhl2i","previousOperationId":"vi18m0b62fwc0yo"}
{"type":"log","timestamp":1731244990770,"level":"debug","message":"Skipping storing report.","meta":{"rootId":"079lpr66vsbmisd","id":"079lpr66vsbmisd"},"id":"iou0qkmbwn60xnt","previousOperationId":"vi18m0b62fwc0yo"}
{"type":"log","timestamp":1731244990770,"level":"info","message":"Rendering request 57 finished in 1192 ms","meta":{"rootId":"079lpr66vsbmisd","id":"079lpr66vsbmisd"},"id":"snn768u0tr8aekl","previousOperationId":"vi18m0b62fwc0yo"}
{"type":"operationEnd","subtype":"render","operationId":"cbn4gl1ut216ver","timestamp":1731244990770,"id":"lci1km18yde39u0","previousEventId":"qnzmxkofddt4t7i","previousOperationId":"vi18m0b62fwc0yo"}
{"type":"operationEnd","doDiffs":false,"previousEventId":"km7vq12ef9txsp6","previousOperationId":"mldcc0ncvqdgr3l","operationId":"mldcc0ncvqdgr3l","timestamp":1731244990773,"id":"mysihr74jl7ncph"}
