{"type":"operationStart","subtype":"profile","data":{"_id":"eaXjaZdD4ArBzvXj","timestamp":"2024-11-10T09:18:40.213Z","state":"queued","mode":"standard","creationDate":"2024-11-10T09:18:40.215Z","modificationDate":"2024-11-10T09:18:40.215Z","shortid":"jEi8v9i","inheritedReadPermissions":[],"inheritedEditPermissions":[],"$entitySet":"profiles"},"doDiffs":false,"timestamp":1731230320214,"id":"av6idwxa8qrqc7c","previousOperationId":null,"operationId":"wtxypoiwbzc3dhs"}
{"type":"log","level":"info","message":"Render request 199 queued for execution and waiting for available worker","previousOperationId":"wtxypoiwbzc3dhs","timestamp":1731230320215,"id":"38erneaxl17ktis"}
{"type":"operationStart","subtype":"render","name":"new-excl-template","previousOperationId":"wtxypoiwbzc3dhs","timestamp":1731230320225,"id":"ev6nbpjvltueops","previousEventId":"av6idwxa8qrqc7c","operationId":"qwmlcnsr5lqiwv7"}
{"type":"log","timestamp":1731230320225,"level":"info","message":"Starting rendering request 199 (user: admin)","meta":{"rootId":"08nvgpln5do6ndj","id":"08nvgpln5do6ndj"},"id":"bdfxt7bbktaouwa","previousOperationId":"qwmlcnsr5lqiwv7"}
{"type":"log","timestamp":1731230320225,"level":"info","message":"Rendering template { name: new-excl-template, recipe: html-to-xlsx, engine: handlebars, preview: true }","meta":{"rootId":"08nvgpln5do6ndj","id":"08nvgpln5do6ndj"},"id":"8gbeublxcxl9k4a","previousOperationId":"qwmlcnsr5lqiwv7"}
{"type":"log","timestamp":1731230320225,"level":"debug","message":"Inline data specified.","meta":{"rootId":"08nvgpln5do6ndj","id":"08nvgpln5do6ndj"},"id":"61b9yano40d7o7t","previousOperationId":"qwmlcnsr5lqiwv7"}
{"type":"log","timestamp":1731230320229,"level":"debug","message":"Base url not specified, skipping its injection.","meta":{"rootId":"08nvgpln5do6ndj","id":"08nvgpln5do6ndj"},"id":"dwhti2p1gu25wsl","previousOperationId":"qwmlcnsr5lqiwv7"}
{"type":"operationStart","subtype":"engine","name":"handlebars","timestamp":1731230320229,"id":"n9xyt99i981ccjw","previousEventId":"ev6nbpjvltueops","operationId":"h0yrmbqr2q5om5p","previousOperationId":"qwmlcnsr5lqiwv7"}
{"type":"log","timestamp":1731230320229,"level":"debug","message":"Rendering engine handlebars","meta":{"rootId":"08nvgpln5do6ndj","id":"08nvgpln5do6ndj"},"id":"mcjz1twu8vokmov","previousOperationId":"h0yrmbqr2q5om5p"}
{"type":"operationEnd","operationId":"h0yrmbqr2q5om5p","timestamp":1731230320240,"id":"eczbgjrhdiskbpt","previousEventId":"n9xyt99i981ccjw","previousOperationId":"h0yrmbqr2q5om5p"}
{"type":"operationStart","subtype":"recipe","name":"html-to-xlsx","timestamp":1731230320242,"id":"bf09k7mnwjhx9fb","previousEventId":"eczbgjrhdiskbpt","operationId":"vhydkfa6hz7s4i5","previousOperationId":"h0yrmbqr2q5om5p"}
{"type":"log","timestamp":1731230320243,"level":"debug","message":"Executing recipe html-to-xlsx","meta":{"rootId":"08nvgpln5do6ndj","id":"08nvgpln5do6ndj"},"id":"041p865x98bmpz9","previousOperationId":"vhydkfa6hz7s4i5"}
{"type":"log","timestamp":1731230320243,"level":"info","message":"html-to-xlsx generation is starting","meta":{"rootId":"08nvgpln5do6ndj","id":"08nvgpln5do6ndj"},"id":"38tru8u1898t927","previousOperationId":"vhydkfa6hz7s4i5"}
{"type":"log","timestamp":1731230321550,"level":"info","message":"html-to-xlsx generation was finished","meta":{"rootId":"08nvgpln5do6ndj","id":"08nvgpln5do6ndj"},"id":"r9alpx796qohk8n","previousOperationId":"vhydkfa6hz7s4i5"}
{"type":"log","timestamp":1731230321550,"level":"debug","message":"preparing office preview","meta":{"rootId":"08nvgpln5do6ndj","id":"08nvgpln5do6ndj"},"id":"7fu244rgrfmg8fi","previousOperationId":"vhydkfa6hz7s4i5"}
{"type":"operationEnd","operationId":"vhydkfa6hz7s4i5","timestamp":1731230322235,"id":"dmq4brbiq9okp4q","previousEventId":"bf09k7mnwjhx9fb","previousOperationId":"vhydkfa6hz7s4i5"}
{"type":"log","timestamp":1731230322235,"level":"debug","message":"Skipping storing report.","meta":{"rootId":"08nvgpln5do6ndj","id":"08nvgpln5do6ndj"},"id":"teeycldou9axxmq","previousOperationId":"vhydkfa6hz7s4i5"}
{"type":"log","timestamp":1731230322235,"level":"info","message":"Rendering request 199 finished in 2022 ms","meta":{"rootId":"08nvgpln5do6ndj","id":"08nvgpln5do6ndj"},"id":"8xzt23drnyknyx6","previousOperationId":"vhydkfa6hz7s4i5"}
{"type":"operationEnd","subtype":"render","operationId":"qwmlcnsr5lqiwv7","timestamp":1731230322235,"id":"4giyszlf8fgscy4","previousEventId":"dmq4brbiq9okp4q","previousOperationId":"vhydkfa6hz7s4i5"}
{"type":"operationEnd","doDiffs":false,"previousEventId":"av6idwxa8qrqc7c","previousOperationId":"wtxypoiwbzc3dhs","operationId":"wtxypoiwbzc3dhs","timestamp":1731230322237,"id":"6gi9rrak2y5q7lh"}
