{"type":"operationStart","subtype":"profile","data":{"_id":"HGPOl6zqHncpYNdG","timestamp":"2024-11-10T08:36:46.395Z","state":"queued","mode":"standard","creationDate":"2024-11-10T08:36:46.396Z","modificationDate":"2024-11-10T08:36:46.396Z","shortid":"z72gtLi","inheritedReadPermissions":[],"inheritedEditPermissions":[],"$entitySet":"profiles"},"doDiffs":false,"timestamp":1731227806396,"id":"wml22830dpwm1wr","previousOperationId":null,"operationId":"nimu4c3rdszh78s"}
{"type":"log","level":"info","message":"Render request 137 queued for execution and waiting for available worker","previousOperationId":"nimu4c3rdszh78s","timestamp":1731227806396,"id":"br8h4u85tqveww8"}
{"type":"operationStart","subtype":"render","name":"new-excl-template","previousOperationId":"nimu4c3rdszh78s","timestamp":1731227806406,"id":"onmpqnqzccdtlg6","previousEventId":"wml22830dpwm1wr","operationId":"s2k0lgaopqnfpqg"}
{"type":"log","timestamp":1731227806406,"level":"info","message":"Starting rendering request 137 (user: admin)","meta":{"rootId":"094pf4lm4zdqymt","id":"094pf4lm4zdqymt"},"id":"vvx5x5ra4vumym7","previousOperationId":"s2k0lgaopqnfpqg"}
{"type":"log","timestamp":1731227806407,"level":"info","message":"Rendering template { name: new-excl-template, recipe: html-to-xlsx, engine: handlebars, preview: true }","meta":{"rootId":"094pf4lm4zdqymt","id":"094pf4lm4zdqymt"},"id":"u2u3sadxz1jd4zl","previousOperationId":"s2k0lgaopqnfpqg"}
{"type":"log","timestamp":1731227806407,"level":"debug","message":"Inline data specified.","meta":{"rootId":"094pf4lm4zdqymt","id":"094pf4lm4zdqymt"},"id":"k28ngg72fd0ok2r","previousOperationId":"s2k0lgaopqnfpqg"}
{"type":"log","timestamp":1731227806408,"level":"debug","message":"Base url not specified, skipping its injection.","meta":{"rootId":"094pf4lm4zdqymt","id":"094pf4lm4zdqymt"},"id":"il4uankeo31keiy","previousOperationId":"s2k0lgaopqnfpqg"}
{"type":"log","timestamp":1731227806410,"level":"debug","message":"Replaced assets [\"/asset/font/KhmerOSSiemreapRegular.ttf\"]","meta":{"rootId":"094pf4lm4zdqymt","id":"094pf4lm4zdqymt"},"id":"pibrzshj80no0k5","previousOperationId":"s2k0lgaopqnfpqg"}
{"type":"operationStart","subtype":"engine","name":"handlebars","timestamp":1731227806410,"id":"9nlx7mog1rl2eza","previousEventId":"onmpqnqzccdtlg6","operationId":"ocl51eg4kiixnrz","previousOperationId":"s2k0lgaopqnfpqg"}
{"type":"log","timestamp":1731227806410,"level":"debug","message":"Rendering engine handlebars","meta":{"rootId":"094pf4lm4zdqymt","id":"094pf4lm4zdqymt"},"id":"n3r1sml5q2xjy4g","previousOperationId":"ocl51eg4kiixnrz"}
{"type":"operationEnd","operationId":"ocl51eg4kiixnrz","timestamp":1731227806425,"id":"4eyk5is6wezx0ow","previousEventId":"9nlx7mog1rl2eza","previousOperationId":"ocl51eg4kiixnrz"}
{"type":"operationStart","subtype":"recipe","name":"html-to-xlsx","timestamp":1731227806428,"id":"w91e0qkqsvnhffx","previousEventId":"4eyk5is6wezx0ow","operationId":"376dxhtk19i4j0r","previousOperationId":"ocl51eg4kiixnrz"}
{"type":"log","timestamp":1731227806428,"level":"debug","message":"Executing recipe html-to-xlsx","meta":{"rootId":"094pf4lm4zdqymt","id":"094pf4lm4zdqymt"},"id":"bcdpuhrwbyowzl8","previousOperationId":"376dxhtk19i4j0r"}
{"type":"log","timestamp":1731227806428,"level":"info","message":"html-to-xlsx generation is starting","meta":{"rootId":"094pf4lm4zdqymt","id":"094pf4lm4zdqymt"},"id":"dvg8tw82siu0tat","previousOperationId":"376dxhtk19i4j0r"}
{"type":"log","timestamp":1731227807251,"level":"info","message":"html-to-xlsx generation was finished","meta":{"rootId":"094pf4lm4zdqymt","id":"094pf4lm4zdqymt"},"id":"jv8uduhlmhf4g8i","previousOperationId":"376dxhtk19i4j0r"}
{"type":"log","timestamp":1731227807251,"level":"debug","message":"preparing office preview","meta":{"rootId":"094pf4lm4zdqymt","id":"094pf4lm4zdqymt"},"id":"b4iyhycp7mdgyne","previousOperationId":"376dxhtk19i4j0r"}
{"type":"operationEnd","operationId":"376dxhtk19i4j0r","timestamp":1731227807696,"id":"32ysel4gmd5ydbc","previousEventId":"w91e0qkqsvnhffx","previousOperationId":"376dxhtk19i4j0r"}
{"type":"log","timestamp":1731227807697,"level":"debug","message":"Skipping storing report.","meta":{"rootId":"094pf4lm4zdqymt","id":"094pf4lm4zdqymt"},"id":"bzxi3rrpih2m3vu","previousOperationId":"376dxhtk19i4j0r"}
{"type":"log","timestamp":1731227807697,"level":"info","message":"Rendering request 137 finished in 1302 ms","meta":{"rootId":"094pf4lm4zdqymt","id":"094pf4lm4zdqymt"},"id":"5fqap643j9fr46l","previousOperationId":"376dxhtk19i4j0r"}
{"type":"operationEnd","subtype":"render","operationId":"s2k0lgaopqnfpqg","timestamp":1731227807697,"id":"ngr6lxkwqqwye5b","previousEventId":"32ysel4gmd5ydbc","previousOperationId":"376dxhtk19i4j0r"}
{"type":"operationEnd","doDiffs":false,"previousEventId":"wml22830dpwm1wr","previousOperationId":"nimu4c3rdszh78s","operationId":"nimu4c3rdszh78s","timestamp":1731227807700,"id":"2pr7x68rc5fzts2"}
