{"type":"operationStart","subtype":"profile","data":{"_id":"iIOKSfs2JNGlDGZN","timestamp":"2024-11-10T09:58:15.022Z","state":"queued","mode":"standard","creationDate":"2024-11-10T09:58:15.024Z","modificationDate":"2024-11-10T09:58:15.024Z","shortid":"RJDR2sI","inheritedReadPermissions":[],"inheritedEditPermissions":[],"$entitySet":"profiles"},"doDiffs":false,"timestamp":1731232695024,"id":"v02h81m59cmna6f","previousOperationId":null,"operationId":"4bszx4hiwvj5txn"}
{"type":"log","level":"info","message":"Render request 276 queued for execution and waiting for available worker","previousOperationId":"4bszx4hiwvj5txn","timestamp":1731232695024,"id":"xgkg2s4zzivnrqm"}
{"type":"operationStart","subtype":"render","name":"new-excl-template","previousOperationId":"4bszx4hiwvj5txn","timestamp":1731232695032,"id":"t86a22np8wp2nn8","previousEventId":"v02h81m59cmna6f","operationId":"5cj1o1rngeja2dh"}
{"type":"log","timestamp":1731232695032,"level":"info","message":"Starting rendering request 276 (user: admin)","meta":{"rootId":"09k8q9zyn1exew2","id":"09k8q9zyn1exew2"},"id":"jze3ea6ynwchesc","previousOperationId":"5cj1o1rngeja2dh"}
{"type":"log","timestamp":1731232695032,"level":"info","message":"Rendering template { name: new-excl-template, recipe: html-to-xlsx, engine: handlebars, preview: true }","meta":{"rootId":"09k8q9zyn1exew2","id":"09k8q9zyn1exew2"},"id":"q82yy9njon70drb","previousOperationId":"5cj1o1rngeja2dh"}
{"type":"log","timestamp":1731232695033,"level":"debug","message":"Adding sample data pVkbCM7am","meta":{"rootId":"09k8q9zyn1exew2","id":"09k8q9zyn1exew2"},"id":"lb2qk8itr2tjgbi","previousOperationId":"5cj1o1rngeja2dh"}
{"type":"log","timestamp":1731232695035,"level":"debug","message":"Base url not specified, skipping its injection.","meta":{"rootId":"09k8q9zyn1exew2","id":"09k8q9zyn1exew2"},"id":"42v0kfyk475qr6f","previousOperationId":"5cj1o1rngeja2dh"}
{"type":"log","timestamp":1731232695036,"level":"debug","message":"Replaced assets [\"KhmerOSSiemreapRegular.ttf\"]","meta":{"rootId":"09k8q9zyn1exew2","id":"09k8q9zyn1exew2"},"id":"ur97qjb0gs9w0sv","previousOperationId":"5cj1o1rngeja2dh"}
{"type":"operationStart","subtype":"engine","name":"handlebars","timestamp":1731232695036,"id":"ziq00jiz1az9u6d","previousEventId":"t86a22np8wp2nn8","operationId":"lufp31xtak1zqbx","previousOperationId":"5cj1o1rngeja2dh"}
{"type":"log","timestamp":1731232695037,"level":"debug","message":"Rendering engine handlebars","meta":{"rootId":"09k8q9zyn1exew2","id":"09k8q9zyn1exew2"},"id":"lwj6vowq27z1ysc","previousOperationId":"lufp31xtak1zqbx"}
{"type":"operationEnd","operationId":"lufp31xtak1zqbx","timestamp":1731232695053,"id":"5xwpjx2uurhsbij","previousEventId":"ziq00jiz1az9u6d","previousOperationId":"lufp31xtak1zqbx"}
{"type":"operationStart","subtype":"recipe","name":"html-to-xlsx","timestamp":1731232695056,"id":"mleo7qk79c4ngl0","previousEventId":"5xwpjx2uurhsbij","operationId":"axw31f59jjycko9","previousOperationId":"lufp31xtak1zqbx"}
{"type":"log","timestamp":1731232695056,"level":"debug","message":"Executing recipe html-to-xlsx","meta":{"rootId":"09k8q9zyn1exew2","id":"09k8q9zyn1exew2"},"id":"e6vi4ioqhnx8qn1","previousOperationId":"axw31f59jjycko9"}
{"type":"log","timestamp":1731232695056,"level":"info","message":"html-to-xlsx generation is starting","meta":{"rootId":"09k8q9zyn1exew2","id":"09k8q9zyn1exew2"},"id":"0f5md1q7qwtvrpn","previousOperationId":"axw31f59jjycko9"}
{"type":"log","timestamp":1731232695644,"level":"info","message":"html-to-xlsx generation was finished","meta":{"rootId":"09k8q9zyn1exew2","id":"09k8q9zyn1exew2"},"id":"clbz5el807b93cv","previousOperationId":"axw31f59jjycko9"}
{"type":"log","timestamp":1731232695644,"level":"debug","message":"preparing office preview","meta":{"rootId":"09k8q9zyn1exew2","id":"09k8q9zyn1exew2"},"id":"u6sm38zq6admor2","previousOperationId":"axw31f59jjycko9"}
{"type":"operationEnd","operationId":"axw31f59jjycko9","timestamp":1731232696089,"id":"k5ykafuped4hbg9","previousEventId":"mleo7qk79c4ngl0","previousOperationId":"axw31f59jjycko9"}
{"type":"log","timestamp":1731232696089,"level":"debug","message":"Skipping storing report.","meta":{"rootId":"09k8q9zyn1exew2","id":"09k8q9zyn1exew2"},"id":"wf1tv6j4072fy72","previousOperationId":"axw31f59jjycko9"}
{"type":"log","timestamp":1731232696089,"level":"info","message":"Rendering request 276 finished in 1067 ms","meta":{"rootId":"09k8q9zyn1exew2","id":"09k8q9zyn1exew2"},"id":"41hu3v2a6ax3fg1","previousOperationId":"axw31f59jjycko9"}
{"type":"operationEnd","subtype":"render","operationId":"5cj1o1rngeja2dh","timestamp":1731232696089,"id":"fnj3nsvai3ufwti","previousEventId":"k5ykafuped4hbg9","previousOperationId":"axw31f59jjycko9"}
{"type":"operationEnd","doDiffs":false,"previousEventId":"v02h81m59cmna6f","previousOperationId":"4bszx4hiwvj5txn","operationId":"4bszx4hiwvj5txn","timestamp":1731232696091,"id":"2yuis2k60nhtl0q"}
