{"type":"operationStart","subtype":"profile","data":{"_id":"MdDGbNcRj4WqCdw1","timestamp":"2024-11-10T14:53:27.288Z","state":"queued","mode":"standard","creationDate":"2024-11-10T14:53:27.290Z","modificationDate":"2024-11-10T14:53:27.290Z","shortid":"gVp9iDw","inheritedReadPermissions":[],"inheritedEditPermissions":[],"$entitySet":"profiles"},"doDiffs":false,"timestamp":1731250407289,"id":"f7luc2bxptthhga","previousOperationId":null,"operationId":"ecthq0i4mg8840z"}
{"type":"log","level":"info","message":"Render request 180 queued for execution and waiting for available worker","previousOperationId":"ecthq0i4mg8840z","timestamp":1731250407289,"id":"wqkro1oqhexngp8"}
{"type":"operationStart","subtype":"render","name":"new-excl-template","previousOperationId":"ecthq0i4mg8840z","timestamp":1731250407295,"id":"qibcpn0uhc9b5im","previousEventId":"f7luc2bxptthhga","operationId":"9mha8sqe2bzv7pz"}
{"type":"log","timestamp":1731250407295,"level":"info","message":"Starting rendering request 180 (user: admin)","meta":{"rootId":"0a71mksxa9aii0g","id":"0a71mksxa9aii0g"},"id":"dex60fiusj75us0","previousOperationId":"9mha8sqe2bzv7pz"}
{"type":"log","timestamp":1731250407295,"level":"info","message":"Rendering template { name: new-excl-template, recipe: html-to-xlsx, engine: handlebars, preview: false }","meta":{"rootId":"0a71mksxa9aii0g","id":"0a71mksxa9aii0g"},"id":"fpc4wj17vimlngv","previousOperationId":"9mha8sqe2bzv7pz"}
{"type":"log","timestamp":1731250407295,"level":"debug","message":"Adding sample data pVkbCM7am","meta":{"rootId":"0a71mksxa9aii0g","id":"0a71mksxa9aii0g"},"id":"6px4wxuefqdd288","previousOperationId":"9mha8sqe2bzv7pz"}
{"type":"log","timestamp":1731250407297,"level":"debug","message":"Base url not specified, skipping its injection.","meta":{"rootId":"0a71mksxa9aii0g","id":"0a71mksxa9aii0g"},"id":"jb1hw3yr3vpn4pc","previousOperationId":"9mha8sqe2bzv7pz"}
{"type":"log","timestamp":1731250407299,"level":"debug","message":"Replaced assets [\"KhmerOSSiemreapRegular.ttf\"]","meta":{"rootId":"0a71mksxa9aii0g","id":"0a71mksxa9aii0g"},"id":"gmtapcttlh2c1q9","previousOperationId":"9mha8sqe2bzv7pz"}
{"type":"operationStart","subtype":"engine","name":"handlebars","timestamp":1731250407299,"id":"v9gnv8z6nbj2zw1","previousEventId":"qibcpn0uhc9b5im","operationId":"io0t2fx9k0t2nob","previousOperationId":"9mha8sqe2bzv7pz"}
{"type":"log","timestamp":1731250407299,"level":"debug","message":"Rendering engine handlebars","meta":{"rootId":"0a71mksxa9aii0g","id":"0a71mksxa9aii0g"},"id":"7nm7fxotd9s4s7m","previousOperationId":"io0t2fx9k0t2nob"}
{"type":"operationEnd","operationId":"io0t2fx9k0t2nob","timestamp":1731250407313,"id":"xu6fr2ulwkxydl1","previousEventId":"v9gnv8z6nbj2zw1","previousOperationId":"io0t2fx9k0t2nob"}
{"type":"operationStart","subtype":"recipe","name":"html-to-xlsx","timestamp":1731250407315,"id":"9t1s5as9483ispc","previousEventId":"xu6fr2ulwkxydl1","operationId":"kgubmoi07f68pbq","previousOperationId":"io0t2fx9k0t2nob"}
{"type":"log","timestamp":1731250407315,"level":"debug","message":"Executing recipe html-to-xlsx","meta":{"rootId":"0a71mksxa9aii0g","id":"0a71mksxa9aii0g"},"id":"hbuxf8ljs1aa2cx","previousOperationId":"kgubmoi07f68pbq"}
{"type":"log","timestamp":1731250407315,"level":"info","message":"html-to-xlsx generation is starting","meta":{"rootId":"0a71mksxa9aii0g","id":"0a71mksxa9aii0g"},"id":"4jshttipzmiyioc","previousOperationId":"kgubmoi07f68pbq"}
{"type":"log","timestamp":1731250407893,"level":"info","message":"html-to-xlsx generation was finished","meta":{"rootId":"0a71mksxa9aii0g","id":"0a71mksxa9aii0g"},"id":"ena640zwmumcjgv","previousOperationId":"kgubmoi07f68pbq"}
{"type":"operationEnd","operationId":"kgubmoi07f68pbq","timestamp":1731250407895,"id":"9yn3p8rnu1jzrv1","previousEventId":"9t1s5as9483ispc","previousOperationId":"kgubmoi07f68pbq"}
{"type":"log","timestamp":1731250407895,"level":"debug","message":"Skipping storing report.","meta":{"rootId":"0a71mksxa9aii0g","id":"0a71mksxa9aii0g"},"id":"dtrfhdr3gzgrtk7","previousOperationId":"kgubmoi07f68pbq"}
{"type":"log","timestamp":1731250407895,"level":"info","message":"Rendering request 180 finished in 607 ms","meta":{"rootId":"0a71mksxa9aii0g","id":"0a71mksxa9aii0g"},"id":"w87g0r22ltry1ma","previousOperationId":"kgubmoi07f68pbq"}
{"type":"operationEnd","subtype":"render","operationId":"9mha8sqe2bzv7pz","timestamp":1731250407895,"id":"0m9nd4rcmg619zk","previousEventId":"9yn3p8rnu1jzrv1","previousOperationId":"kgubmoi07f68pbq"}
{"type":"operationEnd","doDiffs":false,"previousEventId":"f7luc2bxptthhga","previousOperationId":"ecthq0i4mg8840z","operationId":"ecthq0i4mg8840z","timestamp":1731250407897,"id":"blnh7sgs9c749v2"}
