{"type":"operationStart","subtype":"profile","data":{"_id":"4jdTcWOZ4pFhynnJ","timestamp":"2024-11-10T08:32:57.339Z","state":"queued","mode":"standard","creationDate":"2024-11-10T08:32:57.341Z","modificationDate":"2024-11-10T08:32:57.341Z","shortid":"0VAo7rO","inheritedReadPermissions":[],"inheritedEditPermissions":[],"$entitySet":"profiles"},"doDiffs":false,"timestamp":1731227577340,"id":"42cypfyhkwczft6","previousOperationId":null,"operationId":"c5ueqjlmvszgqrc"}
{"type":"log","level":"info","message":"Render request 129 queued for execution and waiting for available worker","previousOperationId":"c5ueqjlmvszgqrc","timestamp":1731227577340,"id":"8196n9qsecwjmqs"}
{"type":"operationStart","subtype":"render","name":"new-excl-template","previousOperationId":"c5ueqjlmvszgqrc","timestamp":1731227577350,"id":"urkz2kjwi2g9hui","previousEventId":"42cypfyhkwczft6","operationId":"lmbz5rti7hyj6b3"}
{"type":"log","timestamp":1731227577350,"level":"info","message":"Starting rendering request 129 (user: admin)","meta":{"rootId":"0ej6p1f3x7bvlve","id":"0ej6p1f3x7bvlve"},"id":"e7ly0nz192u0ao1","previousOperationId":"lmbz5rti7hyj6b3"}
{"type":"log","timestamp":1731227577350,"level":"info","message":"Rendering template { name: new-excl-template, recipe: html-to-xlsx, engine: handlebars, preview: true }","meta":{"rootId":"0ej6p1f3x7bvlve","id":"0ej6p1f3x7bvlve"},"id":"sg8tlzwak527goj","previousOperationId":"lmbz5rti7hyj6b3"}
{"type":"log","timestamp":1731227577351,"level":"debug","message":"Adding sample data pVkbCM7am","meta":{"rootId":"0ej6p1f3x7bvlve","id":"0ej6p1f3x7bvlve"},"id":"njis06fzzc71c3w","previousOperationId":"lmbz5rti7hyj6b3"}
{"type":"log","timestamp":1731227577353,"level":"debug","message":"Base url not specified, skipping its injection.","meta":{"rootId":"0ej6p1f3x7bvlve","id":"0ej6p1f3x7bvlve"},"id":"2xli1q3tgohm8qr","previousOperationId":"lmbz5rti7hyj6b3"}
{"type":"log","timestamp":1731227577355,"level":"debug","message":"Replaced assets [\"/asset/font/KhmerOSSiemreapRegular.ttf\"]","meta":{"rootId":"0ej6p1f3x7bvlve","id":"0ej6p1f3x7bvlve"},"id":"00yhbp4goki4vsn","previousOperationId":"lmbz5rti7hyj6b3"}
{"type":"operationStart","subtype":"engine","name":"handlebars","timestamp":1731227577355,"id":"sxi9290xn6m4529","previousEventId":"urkz2kjwi2g9hui","operationId":"p8sn0pvfudlux7g","previousOperationId":"lmbz5rti7hyj6b3"}
{"type":"log","timestamp":1731227577355,"level":"debug","message":"Rendering engine handlebars","meta":{"rootId":"0ej6p1f3x7bvlve","id":"0ej6p1f3x7bvlve"},"id":"s082aku6zcy35kq","previousOperationId":"p8sn0pvfudlux7g"}
{"type":"operationEnd","operationId":"p8sn0pvfudlux7g","timestamp":1731227577372,"id":"mxebm9t143wqeis","previousEventId":"sxi9290xn6m4529","previousOperationId":"p8sn0pvfudlux7g"}
{"type":"operationStart","subtype":"recipe","name":"html-to-xlsx","timestamp":1731227577375,"id":"dqxi4oyj5ysiplb","previousEventId":"mxebm9t143wqeis","operationId":"2v0gyb0x1nz8zi3","previousOperationId":"p8sn0pvfudlux7g"}
{"type":"log","timestamp":1731227577375,"level":"debug","message":"Executing recipe html-to-xlsx","meta":{"rootId":"0ej6p1f3x7bvlve","id":"0ej6p1f3x7bvlve"},"id":"52nrfw3orm0f72t","previousOperationId":"2v0gyb0x1nz8zi3"}
{"type":"log","timestamp":1731227577375,"level":"info","message":"html-to-xlsx generation is starting","meta":{"rootId":"0ej6p1f3x7bvlve","id":"0ej6p1f3x7bvlve"},"id":"1p18sm6a04sw64d","previousOperationId":"2v0gyb0x1nz8zi3"}
{"type":"log","timestamp":1731227578362,"level":"info","message":"html-to-xlsx generation was finished","meta":{"rootId":"0ej6p1f3x7bvlve","id":"0ej6p1f3x7bvlve"},"id":"s6u1exteawewjav","previousOperationId":"2v0gyb0x1nz8zi3"}
{"type":"log","timestamp":1731227578362,"level":"debug","message":"preparing office preview","meta":{"rootId":"0ej6p1f3x7bvlve","id":"0ej6p1f3x7bvlve"},"id":"v2ts3yvjnmagsif","previousOperationId":"2v0gyb0x1nz8zi3"}
{"type":"operationEnd","operationId":"2v0gyb0x1nz8zi3","timestamp":1731227578809,"id":"lsgww2vnq8bq4rq","previousEventId":"dqxi4oyj5ysiplb","previousOperationId":"2v0gyb0x1nz8zi3"}
{"type":"log","timestamp":1731227578809,"level":"debug","message":"Skipping storing report.","meta":{"rootId":"0ej6p1f3x7bvlve","id":"0ej6p1f3x7bvlve"},"id":"1qlh4vszkxvclvd","previousOperationId":"2v0gyb0x1nz8zi3"}
{"type":"log","timestamp":1731227578809,"level":"info","message":"Rendering request 129 finished in 1470 ms","meta":{"rootId":"0ej6p1f3x7bvlve","id":"0ej6p1f3x7bvlve"},"id":"eygzh4um2rrstn8","previousOperationId":"2v0gyb0x1nz8zi3"}
{"type":"operationEnd","subtype":"render","operationId":"lmbz5rti7hyj6b3","timestamp":1731227578809,"id":"bam2gzd5tyqweyn","previousEventId":"lsgww2vnq8bq4rq","previousOperationId":"2v0gyb0x1nz8zi3"}
{"type":"operationEnd","doDiffs":false,"previousEventId":"42cypfyhkwczft6","previousOperationId":"c5ueqjlmvszgqrc","operationId":"c5ueqjlmvszgqrc","timestamp":1731227578811,"id":"trosr5l23wn879i"}
