{"type":"operationStart","subtype":"profile","data":{"_id":"xmYcmjyQdDfTU97j","timestamp":"2024-11-10T14:13:15.821Z","state":"queued","mode":"standard","creationDate":"2024-11-10T14:13:15.822Z","modificationDate":"2024-11-10T14:13:15.822Z","shortid":"posM6Bl","inheritedReadPermissions":[],"inheritedEditPermissions":[],"$entitySet":"profiles"},"doDiffs":false,"timestamp":1731247995822,"id":"yk1ti2s3z413pei","previousOperationId":null,"operationId":"6qy1rpm0si6e72f"}
{"type":"log","level":"info","message":"Render request 120 queued for execution and waiting for available worker","previousOperationId":"6qy1rpm0si6e72f","timestamp":1731247995822,"id":"uw00zp5y5rqmfy1"}
{"type":"operationStart","subtype":"render","name":"new-excl-template","previousOperationId":"6qy1rpm0si6e72f","timestamp":1731247995828,"id":"twddn1lyydbr00r","previousEventId":"yk1ti2s3z413pei","operationId":"vp00u1lz1hjowaa"}
{"type":"log","timestamp":1731247995828,"level":"info","message":"Starting rendering request 120 (user: admin)","meta":{"rootId":"0nvkphflrzigw7q","id":"0nvkphflrzigw7q"},"id":"vypew8xsxs7uart","previousOperationId":"vp00u1lz1hjowaa"}
{"type":"log","timestamp":1731247995829,"level":"info","message":"Rendering template { name: new-excl-template, recipe: html-to-xlsx, engine: handlebars, preview: true }","meta":{"rootId":"0nvkphflrzigw7q","id":"0nvkphflrzigw7q"},"id":"x4ldlq5tv43watn","previousOperationId":"vp00u1lz1hjowaa"}
{"type":"log","timestamp":1731247995829,"level":"debug","message":"Inline data specified.","meta":{"rootId":"0nvkphflrzigw7q","id":"0nvkphflrzigw7q"},"id":"ztaj0kdap6wovh3","previousOperationId":"vp00u1lz1hjowaa"}
{"type":"log","timestamp":1731247995830,"level":"debug","message":"Base url not specified, skipping its injection.","meta":{"rootId":"0nvkphflrzigw7q","id":"0nvkphflrzigw7q"},"id":"iorucepl17ka6f5","previousOperationId":"vp00u1lz1hjowaa"}
{"type":"log","timestamp":1731247995832,"level":"debug","message":"Replaced assets [\"KhmerOSSiemreapRegular.ttf\"]","meta":{"rootId":"0nvkphflrzigw7q","id":"0nvkphflrzigw7q"},"id":"28dyptwgu58kfki","previousOperationId":"vp00u1lz1hjowaa"}
{"type":"operationStart","subtype":"engine","name":"handlebars","timestamp":1731247995832,"id":"yc134wfskwleehf","previousEventId":"twddn1lyydbr00r","operationId":"9lq50p92uq3qtee","previousOperationId":"vp00u1lz1hjowaa"}
{"type":"log","timestamp":1731247995832,"level":"debug","message":"Rendering engine handlebars","meta":{"rootId":"0nvkphflrzigw7q","id":"0nvkphflrzigw7q"},"id":"86z7go1kcndiqhe","previousOperationId":"9lq50p92uq3qtee"}
{"type":"operationEnd","operationId":"9lq50p92uq3qtee","timestamp":1731247995842,"id":"6abjc2skaxnh36w","previousEventId":"yc134wfskwleehf","previousOperationId":"9lq50p92uq3qtee"}
{"type":"operationStart","subtype":"recipe","name":"html-to-xlsx","timestamp":1731247995844,"id":"l9z60smqhrgki92","previousEventId":"6abjc2skaxnh36w","operationId":"e5xsscnwbcqb9ft","previousOperationId":"9lq50p92uq3qtee"}
{"type":"log","timestamp":1731247995844,"level":"debug","message":"Executing recipe html-to-xlsx","meta":{"rootId":"0nvkphflrzigw7q","id":"0nvkphflrzigw7q"},"id":"vcgh1e9xn2we8rk","previousOperationId":"e5xsscnwbcqb9ft"}
{"type":"log","timestamp":1731247995844,"level":"info","message":"html-to-xlsx generation is starting","meta":{"rootId":"0nvkphflrzigw7q","id":"0nvkphflrzigw7q"},"id":"tooj2ree4yqtgk2","previousOperationId":"e5xsscnwbcqb9ft"}
{"type":"log","timestamp":1731247996427,"level":"info","message":"html-to-xlsx generation was finished","meta":{"rootId":"0nvkphflrzigw7q","id":"0nvkphflrzigw7q"},"id":"hut9kddh3m70c56","previousOperationId":"e5xsscnwbcqb9ft"}
{"type":"log","timestamp":1731247996428,"level":"debug","message":"preparing office preview","meta":{"rootId":"0nvkphflrzigw7q","id":"0nvkphflrzigw7q"},"id":"r6braold4tnjw1x","previousOperationId":"e5xsscnwbcqb9ft"}
{"type":"operationEnd","operationId":"e5xsscnwbcqb9ft","timestamp":1731247996873,"id":"nlx4yaylepih5vt","previousEventId":"l9z60smqhrgki92","previousOperationId":"e5xsscnwbcqb9ft"}
{"type":"log","timestamp":1731247996873,"level":"debug","message":"Skipping storing report.","meta":{"rootId":"0nvkphflrzigw7q","id":"0nvkphflrzigw7q"},"id":"qiakbe6sdmw3a6x","previousOperationId":"e5xsscnwbcqb9ft"}
{"type":"log","timestamp":1731247996873,"level":"info","message":"Rendering request 120 finished in 1052 ms","meta":{"rootId":"0nvkphflrzigw7q","id":"0nvkphflrzigw7q"},"id":"y2cibrwt935jjxj","previousOperationId":"e5xsscnwbcqb9ft"}
{"type":"operationEnd","subtype":"render","operationId":"vp00u1lz1hjowaa","timestamp":1731247996873,"id":"lwsm6v456e96022","previousEventId":"nlx4yaylepih5vt","previousOperationId":"e5xsscnwbcqb9ft"}
{"type":"operationEnd","doDiffs":false,"previousEventId":"yk1ti2s3z413pei","previousOperationId":"6qy1rpm0si6e72f","operationId":"6qy1rpm0si6e72f","timestamp":1731247996875,"id":"2u7il2nfxm720dj"}
