{"type":"operationStart","subtype":"profile","data":{"_id":"VJwo01cbePoWPhsi","timestamp":"2024-11-10T13:22:53.656Z","state":"queued","mode":"standard","creationDate":"2024-11-10T13:22:53.658Z","modificationDate":"2024-11-10T13:22:53.658Z","shortid":"gSV7uKG","inheritedReadPermissions":[],"inheritedEditPermissions":[],"$entitySet":"profiles"},"doDiffs":false,"timestamp":1731244973657,"id":"0m2imtqz0rgqbnr","previousOperationId":null,"operationId":"yymxvc8n3eh114l"}
{"type":"log","level":"info","message":"Render request 56 queued for execution and waiting for available worker","previousOperationId":"yymxvc8n3eh114l","timestamp":1731244973657,"id":"ajwbd44nbthtytt"}
{"type":"operationStart","subtype":"render","name":"new-excl-template","previousOperationId":"yymxvc8n3eh114l","timestamp":1731244973665,"id":"436op3sxlfi2y0m","previousEventId":"0m2imtqz0rgqbnr","operationId":"tmyopri7sk3t435"}
{"type":"log","timestamp":1731244973665,"level":"info","message":"Starting rendering request 56 (user: admin)","meta":{"rootId":"0p9pj3wecwpp74n","id":"0p9pj3wecwpp74n"},"id":"t1sf13x7tsokj61","previousOperationId":"tmyopri7sk3t435"}
{"type":"log","timestamp":1731244973666,"level":"info","message":"Rendering template { name: new-excl-template, recipe: html-to-xlsx, engine: handlebars, preview: true }","meta":{"rootId":"0p9pj3wecwpp74n","id":"0p9pj3wecwpp74n"},"id":"3ypk8v81kpetyrx","previousOperationId":"tmyopri7sk3t435"}
{"type":"log","timestamp":1731244973666,"level":"debug","message":"Inline data specified.","meta":{"rootId":"0p9pj3wecwpp74n","id":"0p9pj3wecwpp74n"},"id":"fa44nw31kb2a7ys","previousOperationId":"tmyopri7sk3t435"}
{"type":"log","timestamp":1731244973667,"level":"debug","message":"Base url not specified, skipping its injection.","meta":{"rootId":"0p9pj3wecwpp74n","id":"0p9pj3wecwpp74n"},"id":"ody7stu35c5x7e1","previousOperationId":"tmyopri7sk3t435"}
{"type":"log","timestamp":1731244973671,"level":"debug","message":"Replaced assets [\"KhmerOSSiemreapRegular.ttf\"]","meta":{"rootId":"0p9pj3wecwpp74n","id":"0p9pj3wecwpp74n"},"id":"q7gw5t2t2xvjg25","previousOperationId":"tmyopri7sk3t435"}
{"type":"operationStart","subtype":"engine","name":"handlebars","timestamp":1731244973671,"id":"lm99ufdalrmfnnw","previousEventId":"436op3sxlfi2y0m","operationId":"5qjplvcxoopdvut","previousOperationId":"tmyopri7sk3t435"}
{"type":"log","timestamp":1731244973671,"level":"debug","message":"Rendering engine handlebars","meta":{"rootId":"0p9pj3wecwpp74n","id":"0p9pj3wecwpp74n"},"id":"p5qtx6szpi4rk20","previousOperationId":"5qjplvcxoopdvut"}
{"type":"operationEnd","operationId":"5qjplvcxoopdvut","timestamp":1731244973689,"id":"jmm4vj9wfk5iolh","previousEventId":"lm99ufdalrmfnnw","previousOperationId":"5qjplvcxoopdvut"}
{"type":"operationStart","subtype":"recipe","name":"html-to-xlsx","timestamp":1731244973691,"id":"w33l3dtxhfzia44","previousEventId":"jmm4vj9wfk5iolh","operationId":"t7wbqyhjvpplerv","previousOperationId":"5qjplvcxoopdvut"}
{"type":"log","timestamp":1731244973691,"level":"debug","message":"Executing recipe html-to-xlsx","meta":{"rootId":"0p9pj3wecwpp74n","id":"0p9pj3wecwpp74n"},"id":"e4e3iwj1kpzoqpz","previousOperationId":"t7wbqyhjvpplerv"}
{"type":"log","timestamp":1731244973691,"level":"info","message":"html-to-xlsx generation is starting","meta":{"rootId":"0p9pj3wecwpp74n","id":"0p9pj3wecwpp74n"},"id":"a4aufy1m6q1xc7i","previousOperationId":"t7wbqyhjvpplerv"}
{"type":"log","timestamp":1731244974315,"level":"info","message":"html-to-xlsx generation was finished","meta":{"rootId":"0p9pj3wecwpp74n","id":"0p9pj3wecwpp74n"},"id":"9hisznjxj9116u7","previousOperationId":"t7wbqyhjvpplerv"}
{"type":"log","timestamp":1731244974316,"level":"debug","message":"preparing office preview","meta":{"rootId":"0p9pj3wecwpp74n","id":"0p9pj3wecwpp74n"},"id":"3edlc4jcizq065q","previousOperationId":"t7wbqyhjvpplerv"}
{"type":"operationEnd","operationId":"t7wbqyhjvpplerv","timestamp":1731244974761,"id":"vw914opu92fx7ii","previousEventId":"w33l3dtxhfzia44","previousOperationId":"t7wbqyhjvpplerv"}
{"type":"log","timestamp":1731244974761,"level":"debug","message":"Skipping storing report.","meta":{"rootId":"0p9pj3wecwpp74n","id":"0p9pj3wecwpp74n"},"id":"bbxy8j6wmgko2lz","previousOperationId":"t7wbqyhjvpplerv"}
{"type":"log","timestamp":1731244974761,"level":"info","message":"Rendering request 56 finished in 1105 ms","meta":{"rootId":"0p9pj3wecwpp74n","id":"0p9pj3wecwpp74n"},"id":"gz5xy01m8i8499h","previousOperationId":"t7wbqyhjvpplerv"}
{"type":"operationEnd","subtype":"render","operationId":"tmyopri7sk3t435","timestamp":1731244974761,"id":"kioqjpec785p6pi","previousEventId":"vw914opu92fx7ii","previousOperationId":"t7wbqyhjvpplerv"}
{"type":"operationEnd","doDiffs":false,"previousEventId":"0m2imtqz0rgqbnr","previousOperationId":"yymxvc8n3eh114l","operationId":"yymxvc8n3eh114l","timestamp":1731244974764,"id":"67awp8o0fv0wonv"}
