{"type":"operationStart","subtype":"profile","data":{"_id":"TVTAjWHYDVQoeFt4","timestamp":"2024-11-10T13:22:11.683Z","state":"queued","mode":"standard","creationDate":"2024-11-10T13:22:11.684Z","modificationDate":"2024-11-10T13:22:11.684Z","shortid":"xnR187y","inheritedReadPermissions":[],"inheritedEditPermissions":[],"$entitySet":"profiles"},"doDiffs":false,"timestamp":1731244931684,"id":"bcocjvaditzzp2x","previousOperationId":null,"operationId":"883yb1nnuc8kbaq"}
{"type":"log","level":"info","message":"Render request 53 queued for execution and waiting for available worker","previousOperationId":"883yb1nnuc8kbaq","timestamp":1731244931684,"id":"qcp5sfqvwecx6cc"}
{"type":"operationStart","subtype":"render","name":"new-excl-template","previousOperationId":"883yb1nnuc8kbaq","timestamp":1731244931691,"id":"xm8xi7r9jyz4szz","previousEventId":"bcocjvaditzzp2x","operationId":"30mwwmi2pbpovrd"}
{"type":"log","timestamp":1731244931692,"level":"info","message":"Starting rendering request 53 (user: admin)","meta":{"rootId":"0qxkw4udv5caprl","id":"0qxkw4udv5caprl"},"id":"r02zvzue7onee8u","previousOperationId":"30mwwmi2pbpovrd"}
{"type":"log","timestamp":1731244931692,"level":"info","message":"Rendering template { name: new-excl-template, recipe: html-to-xlsx, engine: handlebars, preview: true }","meta":{"rootId":"0qxkw4udv5caprl","id":"0qxkw4udv5caprl"},"id":"hs6majsbu9pbulz","previousOperationId":"30mwwmi2pbpovrd"}
{"type":"log","timestamp":1731244931692,"level":"debug","message":"Inline data specified.","meta":{"rootId":"0qxkw4udv5caprl","id":"0qxkw4udv5caprl"},"id":"zzbft5mjinadkyd","previousOperationId":"30mwwmi2pbpovrd"}
{"type":"log","timestamp":1731244931694,"level":"debug","message":"Base url not specified, skipping its injection.","meta":{"rootId":"0qxkw4udv5caprl","id":"0qxkw4udv5caprl"},"id":"c98f93qw4rvpppr","previousOperationId":"30mwwmi2pbpovrd"}
{"type":"log","timestamp":1731244931698,"level":"debug","message":"Replaced assets [\"KhmerOSSiemreapRegular.ttf\"]","meta":{"rootId":"0qxkw4udv5caprl","id":"0qxkw4udv5caprl"},"id":"lltqoczz9eyda0q","previousOperationId":"30mwwmi2pbpovrd"}
{"type":"operationStart","subtype":"engine","name":"handlebars","timestamp":1731244931698,"id":"psymc7xfevxqwjj","previousEventId":"xm8xi7r9jyz4szz","operationId":"bkspuydgrkdtc30","previousOperationId":"30mwwmi2pbpovrd"}
{"type":"log","timestamp":1731244931698,"level":"debug","message":"Rendering engine handlebars","meta":{"rootId":"0qxkw4udv5caprl","id":"0qxkw4udv5caprl"},"id":"5m1xx4apzhc6iie","previousOperationId":"bkspuydgrkdtc30"}
{"type":"operationEnd","operationId":"bkspuydgrkdtc30","timestamp":1731244931715,"id":"xsre857y5iiiynq","previousEventId":"psymc7xfevxqwjj","previousOperationId":"bkspuydgrkdtc30"}
{"type":"operationStart","subtype":"recipe","name":"html-to-xlsx","timestamp":1731244931717,"id":"rzvelh1eykdooc6","previousEventId":"xsre857y5iiiynq","operationId":"x7lhirnty0p9y58","previousOperationId":"bkspuydgrkdtc30"}
{"type":"log","timestamp":1731244931717,"level":"debug","message":"Executing recipe html-to-xlsx","meta":{"rootId":"0qxkw4udv5caprl","id":"0qxkw4udv5caprl"},"id":"vmog1fdqtuvfa1w","previousOperationId":"x7lhirnty0p9y58"}
{"type":"log","timestamp":1731244931718,"level":"info","message":"html-to-xlsx generation is starting","meta":{"rootId":"0qxkw4udv5caprl","id":"0qxkw4udv5caprl"},"id":"e2suj2jr6pxchr2","previousOperationId":"x7lhirnty0p9y58"}
{"type":"log","timestamp":1731244932373,"level":"info","message":"html-to-xlsx generation was finished","meta":{"rootId":"0qxkw4udv5caprl","id":"0qxkw4udv5caprl"},"id":"mnhw7v3rkxh3esd","previousOperationId":"x7lhirnty0p9y58"}
{"type":"log","timestamp":1731244932373,"level":"debug","message":"preparing office preview","meta":{"rootId":"0qxkw4udv5caprl","id":"0qxkw4udv5caprl"},"id":"aja6z5hrafa0b8v","previousOperationId":"x7lhirnty0p9y58"}
{"type":"operationEnd","operationId":"x7lhirnty0p9y58","timestamp":1731244932815,"id":"4h7ls2wozuam9n9","previousEventId":"rzvelh1eykdooc6","previousOperationId":"x7lhirnty0p9y58"}
{"type":"log","timestamp":1731244932815,"level":"debug","message":"Skipping storing report.","meta":{"rootId":"0qxkw4udv5caprl","id":"0qxkw4udv5caprl"},"id":"eps8w1yyhb3dvuz","previousOperationId":"x7lhirnty0p9y58"}
{"type":"log","timestamp":1731244932815,"level":"info","message":"Rendering request 53 finished in 1132 ms","meta":{"rootId":"0qxkw4udv5caprl","id":"0qxkw4udv5caprl"},"id":"d7bqnztohdw7iac","previousOperationId":"x7lhirnty0p9y58"}
{"type":"operationEnd","subtype":"render","operationId":"30mwwmi2pbpovrd","timestamp":1731244932815,"id":"ci2173q6001tgee","previousEventId":"4h7ls2wozuam9n9","previousOperationId":"x7lhirnty0p9y58"}
{"type":"operationEnd","doDiffs":false,"previousEventId":"bcocjvaditzzp2x","previousOperationId":"883yb1nnuc8kbaq","operationId":"883yb1nnuc8kbaq","timestamp":1731244932817,"id":"eyehwup9fdstbhr"}
