{"type":"operationStart","subtype":"profile","data":{"_id":"hjyqAqr3Y2VXzSsv","timestamp":"2024-11-10T10:02:20.339Z","state":"queued","mode":"standard","creationDate":"2024-11-10T10:02:20.341Z","modificationDate":"2024-11-10T10:02:20.341Z","shortid":"TrUBHpY","inheritedReadPermissions":[],"inheritedEditPermissions":[],"$entitySet":"profiles"},"doDiffs":false,"timestamp":1731232940341,"id":"sjv8g9smpw8tamr","previousOperationId":null,"operationId":"weroyzdyboqpgp3"}
{"type":"log","level":"info","message":"Render request 288 queued for execution and waiting for available worker","previousOperationId":"weroyzdyboqpgp3","timestamp":1731232940341,"id":"9cm6diw943iucxc"}
{"type":"operationStart","subtype":"render","name":"new-excl-template","previousOperationId":"weroyzdyboqpgp3","timestamp":1731232940352,"id":"rqs5kz8d6rqt4lz","previousEventId":"sjv8g9smpw8tamr","operationId":"tt9kffvpdl9zczt"}
{"type":"log","timestamp":1731232940352,"level":"info","message":"Starting rendering request 288 (user: admin)","meta":{"rootId":"10mv7k21mmr8gpb","id":"10mv7k21mmr8gpb"},"id":"gn9av7hqxfd7dl0","previousOperationId":"tt9kffvpdl9zczt"}
{"type":"log","timestamp":1731232940352,"level":"info","message":"Rendering template { name: new-excl-template, recipe: html-to-xlsx, engine: handlebars, preview: true }","meta":{"rootId":"10mv7k21mmr8gpb","id":"10mv7k21mmr8gpb"},"id":"4t68alo6thpj00v","previousOperationId":"tt9kffvpdl9zczt"}
{"type":"log","timestamp":1731232940353,"level":"debug","message":"Adding sample data pVkbCM7am","meta":{"rootId":"10mv7k21mmr8gpb","id":"10mv7k21mmr8gpb"},"id":"ih18q5ia6d310d5","previousOperationId":"tt9kffvpdl9zczt"}
{"type":"log","timestamp":1731232940354,"level":"debug","message":"Base url not specified, skipping its injection.","meta":{"rootId":"10mv7k21mmr8gpb","id":"10mv7k21mmr8gpb"},"id":"rohufhly33hpdpk","previousOperationId":"tt9kffvpdl9zczt"}
{"type":"log","timestamp":1731232940356,"level":"debug","message":"Replaced assets [\"KhmerOSSiemreapRegular.ttf\"]","meta":{"rootId":"10mv7k21mmr8gpb","id":"10mv7k21mmr8gpb"},"id":"4jou6d7a4kyrekx","previousOperationId":"tt9kffvpdl9zczt"}
{"type":"operationStart","subtype":"engine","name":"handlebars","timestamp":1731232940356,"id":"44gcdyvqan1thqk","previousEventId":"rqs5kz8d6rqt4lz","operationId":"sgx9f89d6zw51aa","previousOperationId":"tt9kffvpdl9zczt"}
{"type":"log","timestamp":1731232940356,"level":"debug","message":"Rendering engine handlebars","meta":{"rootId":"10mv7k21mmr8gpb","id":"10mv7k21mmr8gpb"},"id":"j8nt95f8zc7s3an","previousOperationId":"sgx9f89d6zw51aa"}
{"type":"operationEnd","operationId":"sgx9f89d6zw51aa","timestamp":1731232940373,"id":"sh8a017onl6rplt","previousEventId":"44gcdyvqan1thqk","previousOperationId":"sgx9f89d6zw51aa"}
{"type":"operationStart","subtype":"recipe","name":"html-to-xlsx","timestamp":1731232940376,"id":"4ujoa1txtkqns36","previousEventId":"sh8a017onl6rplt","operationId":"oi6wmr4h7l0g6n2","previousOperationId":"sgx9f89d6zw51aa"}
{"type":"log","timestamp":1731232940377,"level":"debug","message":"Executing recipe html-to-xlsx","meta":{"rootId":"10mv7k21mmr8gpb","id":"10mv7k21mmr8gpb"},"id":"q8b4dr4k8zbe3n9","previousOperationId":"oi6wmr4h7l0g6n2"}
{"type":"log","timestamp":1731232940377,"level":"info","message":"html-to-xlsx generation is starting","meta":{"rootId":"10mv7k21mmr8gpb","id":"10mv7k21mmr8gpb"},"id":"1nya4zljpwn4igp","previousOperationId":"oi6wmr4h7l0g6n2"}
{"type":"log","timestamp":1731232940942,"level":"info","message":"html-to-xlsx generation was finished","meta":{"rootId":"10mv7k21mmr8gpb","id":"10mv7k21mmr8gpb"},"id":"wjo43azxnt9mdpk","previousOperationId":"oi6wmr4h7l0g6n2"}
{"type":"log","timestamp":1731232940942,"level":"debug","message":"preparing office preview","meta":{"rootId":"10mv7k21mmr8gpb","id":"10mv7k21mmr8gpb"},"id":"ayk7ypl3v6s5w4p","previousOperationId":"oi6wmr4h7l0g6n2"}
{"type":"operationEnd","operationId":"oi6wmr4h7l0g6n2","timestamp":1731232941389,"id":"lto0lrczvagwx92","previousEventId":"4ujoa1txtkqns36","previousOperationId":"oi6wmr4h7l0g6n2"}
{"type":"log","timestamp":1731232941389,"level":"debug","message":"Skipping storing report.","meta":{"rootId":"10mv7k21mmr8gpb","id":"10mv7k21mmr8gpb"},"id":"kgki7afrjcx47xg","previousOperationId":"oi6wmr4h7l0g6n2"}
{"type":"log","timestamp":1731232941389,"level":"info","message":"Rendering request 288 finished in 1050 ms","meta":{"rootId":"10mv7k21mmr8gpb","id":"10mv7k21mmr8gpb"},"id":"jd1xr799ygy2oel","previousOperationId":"oi6wmr4h7l0g6n2"}
{"type":"operationEnd","subtype":"render","operationId":"tt9kffvpdl9zczt","timestamp":1731232941389,"id":"c9bp3nl0amhc2eh","previousEventId":"lto0lrczvagwx92","previousOperationId":"oi6wmr4h7l0g6n2"}
{"type":"operationEnd","doDiffs":false,"previousEventId":"sjv8g9smpw8tamr","previousOperationId":"weroyzdyboqpgp3","operationId":"weroyzdyboqpgp3","timestamp":1731232941392,"id":"kbzatmdks22xej9"}
