{"type":"operationStart","subtype":"profile","data":{"_id":"ybAW19mF5MRilmLd","timestamp":"2024-11-10T09:12:59.340Z","state":"queued","mode":"standard","creationDate":"2024-11-10T09:12:59.342Z","modificationDate":"2024-11-10T09:12:59.342Z","shortid":"U8fEoSU","inheritedReadPermissions":[],"inheritedEditPermissions":[],"$entitySet":"profiles"},"doDiffs":false,"timestamp":1731229979341,"id":"jpxl6mpg1r9wds4","previousOperationId":null,"operationId":"xeu64wpistbrw6u"}
{"type":"log","level":"info","message":"Render request 188 queued for execution and waiting for available worker","previousOperationId":"xeu64wpistbrw6u","timestamp":1731229979341,"id":"pu4b1zgvcpf4592"}
{"type":"operationStart","subtype":"render","name":"new-excl-template","previousOperationId":"xeu64wpistbrw6u","timestamp":1731229979351,"id":"9x3l1xoisu8wq3z","previousEventId":"jpxl6mpg1r9wds4","operationId":"id7ji3ga271pcox"}
{"type":"log","timestamp":1731229979351,"level":"info","message":"Starting rendering request 188 (user: admin)","meta":{"rootId":"126swi0o7bnopkp","id":"126swi0o7bnopkp"},"id":"k70r6dl0k3ac1g3","previousOperationId":"id7ji3ga271pcox"}
{"type":"log","timestamp":1731229979351,"level":"info","message":"Rendering template { name: new-excl-template, recipe: html-to-xlsx, engine: handlebars, preview: true }","meta":{"rootId":"126swi0o7bnopkp","id":"126swi0o7bnopkp"},"id":"2nw4ovm3tkou55i","previousOperationId":"id7ji3ga271pcox"}
{"type":"log","timestamp":1731229979352,"level":"debug","message":"Adding sample data pVkbCM7am","meta":{"rootId":"126swi0o7bnopkp","id":"126swi0o7bnopkp"},"id":"nsvrebsh7ehmtoj","previousOperationId":"id7ji3ga271pcox"}
{"type":"log","timestamp":1731229979356,"level":"debug","message":"Base url not specified, skipping its injection.","meta":{"rootId":"126swi0o7bnopkp","id":"126swi0o7bnopkp"},"id":"k7ak77s2w4s0yoq","previousOperationId":"id7ji3ga271pcox"}
{"type":"log","timestamp":1731229979357,"level":"debug","message":"Replaced assets [\"KhmerOSSiemreapRegular.ttf\"]","meta":{"rootId":"126swi0o7bnopkp","id":"126swi0o7bnopkp"},"id":"kfu53mipvr0rbkw","previousOperationId":"id7ji3ga271pcox"}
{"type":"operationStart","subtype":"engine","name":"handlebars","timestamp":1731229979358,"id":"ysibjpzwth1st4r","previousEventId":"9x3l1xoisu8wq3z","operationId":"21667a5knk6vh10","previousOperationId":"id7ji3ga271pcox"}
{"type":"log","timestamp":1731229979358,"level":"debug","message":"Rendering engine handlebars","meta":{"rootId":"126swi0o7bnopkp","id":"126swi0o7bnopkp"},"id":"la81f9vlxb3i479","previousOperationId":"21667a5knk6vh10"}
{"type":"operationEnd","operationId":"21667a5knk6vh10","timestamp":1731229979372,"id":"vy2v7udzjtozsrf","previousEventId":"ysibjpzwth1st4r","previousOperationId":"21667a5knk6vh10"}
{"type":"operationStart","subtype":"recipe","name":"html-to-xlsx","timestamp":1731229979373,"id":"8z85siylelrc7qm","previousEventId":"vy2v7udzjtozsrf","operationId":"ia5cl1yb1vl8ad3","previousOperationId":"21667a5knk6vh10"}
{"type":"log","timestamp":1731229979373,"level":"debug","message":"Executing recipe html-to-xlsx","meta":{"rootId":"126swi0o7bnopkp","id":"126swi0o7bnopkp"},"id":"is25gq0es4z9a7g","previousOperationId":"ia5cl1yb1vl8ad3"}
{"type":"log","timestamp":1731229979373,"level":"info","message":"html-to-xlsx generation is starting","meta":{"rootId":"126swi0o7bnopkp","id":"126swi0o7bnopkp"},"id":"ku83e8rp9b7n830","previousOperationId":"ia5cl1yb1vl8ad3"}
{"type":"log","timestamp":1731229980809,"level":"info","message":"html-to-xlsx generation was finished","meta":{"rootId":"126swi0o7bnopkp","id":"126swi0o7bnopkp"},"id":"rob3ddlpsf2r090","previousOperationId":"ia5cl1yb1vl8ad3"}
{"type":"log","timestamp":1731229980809,"level":"debug","message":"preparing office preview","meta":{"rootId":"126swi0o7bnopkp","id":"126swi0o7bnopkp"},"id":"hc6aqpava5pl3bg","previousOperationId":"ia5cl1yb1vl8ad3"}
{"type":"operationEnd","operationId":"ia5cl1yb1vl8ad3","timestamp":1731229981473,"id":"xivljuytf4cfqhg","previousEventId":"8z85siylelrc7qm","previousOperationId":"ia5cl1yb1vl8ad3"}
{"type":"log","timestamp":1731229981473,"level":"debug","message":"Skipping storing report.","meta":{"rootId":"126swi0o7bnopkp","id":"126swi0o7bnopkp"},"id":"6gjxwt1ymbdho0i","previousOperationId":"ia5cl1yb1vl8ad3"}
{"type":"log","timestamp":1731229981473,"level":"info","message":"Rendering request 188 finished in 2133 ms","meta":{"rootId":"126swi0o7bnopkp","id":"126swi0o7bnopkp"},"id":"vvup389lycz7b88","previousOperationId":"ia5cl1yb1vl8ad3"}
{"type":"operationEnd","subtype":"render","operationId":"id7ji3ga271pcox","timestamp":1731229981473,"id":"aj110v0s1fk0tvj","previousEventId":"xivljuytf4cfqhg","previousOperationId":"ia5cl1yb1vl8ad3"}
{"type":"operationEnd","doDiffs":false,"previousEventId":"jpxl6mpg1r9wds4","previousOperationId":"xeu64wpistbrw6u","operationId":"xeu64wpistbrw6u","timestamp":1731229981475,"id":"fjfkl1o1sl3bmym"}
