{"type":"operationStart","subtype":"profile","data":{"_id":"bKKM4Ybrmc30uqku","timestamp":"2024-11-10T09:20:02.086Z","state":"queued","mode":"standard","creationDate":"2024-11-10T09:20:02.087Z","modificationDate":"2024-11-10T09:20:02.087Z","shortid":"1qfKYVc","inheritedReadPermissions":[],"inheritedEditPermissions":[],"$entitySet":"profiles"},"doDiffs":false,"timestamp":1731230402087,"id":"w57vot1nnzac6ww","previousOperationId":null,"operationId":"l8etxjbrxgpxabl"}
{"type":"log","level":"info","message":"Render request 203 queued for execution and waiting for available worker","previousOperationId":"l8etxjbrxgpxabl","timestamp":1731230402087,"id":"xdyg81il10305cg"}
{"type":"operationStart","subtype":"render","name":"new-excl-template","previousOperationId":"l8etxjbrxgpxabl","timestamp":1731230402098,"id":"ms07z88m2zaoz0g","previousEventId":"w57vot1nnzac6ww","operationId":"ejfcc7riq23j7wa"}
{"type":"log","timestamp":1731230402098,"level":"info","message":"Starting rendering request 203 (user: admin)","meta":{"rootId":"1kc1uhwj0d0cuno","id":"1kc1uhwj0d0cuno"},"id":"adf8190zxh693eu","previousOperationId":"ejfcc7riq23j7wa"}
{"type":"log","timestamp":1731230402098,"level":"info","message":"Rendering template { name: new-excl-template, recipe: html-to-xlsx, engine: handlebars, preview: true }","meta":{"rootId":"1kc1uhwj0d0cuno","id":"1kc1uhwj0d0cuno"},"id":"citrgt15wugqqx1","previousOperationId":"ejfcc7riq23j7wa"}
{"type":"log","timestamp":1731230402099,"level":"debug","message":"Inline data specified.","meta":{"rootId":"1kc1uhwj0d0cuno","id":"1kc1uhwj0d0cuno"},"id":"z63p6klpr76qlr8","previousOperationId":"ejfcc7riq23j7wa"}
{"type":"log","timestamp":1731230402101,"level":"debug","message":"Base url not specified, skipping its injection.","meta":{"rootId":"1kc1uhwj0d0cuno","id":"1kc1uhwj0d0cuno"},"id":"a0ekjxiybgykcwl","previousOperationId":"ejfcc7riq23j7wa"}
{"type":"operationStart","subtype":"engine","name":"handlebars","timestamp":1731230402101,"id":"yj3uq31ysk5ttgf","previousEventId":"ms07z88m2zaoz0g","operationId":"y9bfee8dbzbso88","previousOperationId":"ejfcc7riq23j7wa"}
{"type":"log","timestamp":1731230402101,"level":"debug","message":"Rendering engine handlebars","meta":{"rootId":"1kc1uhwj0d0cuno","id":"1kc1uhwj0d0cuno"},"id":"jjmdyv3nvi9sva5","previousOperationId":"y9bfee8dbzbso88"}
{"type":"operationEnd","operationId":"y9bfee8dbzbso88","timestamp":1731230402117,"id":"eichkr7dbbxvroo","previousEventId":"yj3uq31ysk5ttgf","previousOperationId":"y9bfee8dbzbso88"}
{"type":"operationStart","subtype":"recipe","name":"html-to-xlsx","timestamp":1731230402119,"id":"cztmcsrbqwn91hg","previousEventId":"eichkr7dbbxvroo","operationId":"94dcv3sbiux6g4a","previousOperationId":"y9bfee8dbzbso88"}
{"type":"log","timestamp":1731230402119,"level":"debug","message":"Executing recipe html-to-xlsx","meta":{"rootId":"1kc1uhwj0d0cuno","id":"1kc1uhwj0d0cuno"},"id":"7m7as8t0n3kadhh","previousOperationId":"94dcv3sbiux6g4a"}
{"type":"log","timestamp":1731230402119,"level":"info","message":"html-to-xlsx generation is starting","meta":{"rootId":"1kc1uhwj0d0cuno","id":"1kc1uhwj0d0cuno"},"id":"t12scca98jc8qt0","previousOperationId":"94dcv3sbiux6g4a"}
{"type":"log","timestamp":1731230403286,"level":"info","message":"html-to-xlsx generation was finished","meta":{"rootId":"1kc1uhwj0d0cuno","id":"1kc1uhwj0d0cuno"},"id":"4fm1eqv4xbdrnr7","previousOperationId":"94dcv3sbiux6g4a"}
{"type":"log","timestamp":1731230403286,"level":"debug","message":"preparing office preview","meta":{"rootId":"1kc1uhwj0d0cuno","id":"1kc1uhwj0d0cuno"},"id":"iuut2aibvxae50u","previousOperationId":"94dcv3sbiux6g4a"}
{"type":"operationEnd","operationId":"94dcv3sbiux6g4a","timestamp":1731230403966,"id":"yh70cko7xl9nz9t","previousEventId":"cztmcsrbqwn91hg","previousOperationId":"94dcv3sbiux6g4a"}
{"type":"log","timestamp":1731230403966,"level":"debug","message":"Skipping storing report.","meta":{"rootId":"1kc1uhwj0d0cuno","id":"1kc1uhwj0d0cuno"},"id":"fxxly2irtjasj76","previousOperationId":"94dcv3sbiux6g4a"}
{"type":"log","timestamp":1731230403966,"level":"info","message":"Rendering request 203 finished in 1880 ms","meta":{"rootId":"1kc1uhwj0d0cuno","id":"1kc1uhwj0d0cuno"},"id":"y83stmzplbo33mz","previousOperationId":"94dcv3sbiux6g4a"}
{"type":"operationEnd","subtype":"render","operationId":"ejfcc7riq23j7wa","timestamp":1731230403966,"id":"i91mgj41aefwjlu","previousEventId":"yh70cko7xl9nz9t","previousOperationId":"94dcv3sbiux6g4a"}
{"type":"operationEnd","doDiffs":false,"previousEventId":"w57vot1nnzac6ww","previousOperationId":"l8etxjbrxgpxabl","operationId":"l8etxjbrxgpxabl","timestamp":1731230403968,"id":"9nw7uw0tgi8ykan"}
