{"type":"operationStart","subtype":"profile","data":{"_id":"IKt71v1vJ759YM9R","timestamp":"2024-11-10T14:07:21.427Z","state":"queued","mode":"standard","creationDate":"2024-11-10T14:07:21.428Z","modificationDate":"2024-11-10T14:07:21.428Z","shortid":"_8JqH_2","inheritedReadPermissions":[],"inheritedEditPermissions":[],"$entitySet":"profiles"},"doDiffs":false,"timestamp":1731247641428,"id":"rfcq2e9li8c3x2z","previousOperationId":null,"operationId":"ztjnvxqq92y4k63"}
{"type":"log","level":"info","message":"Render request 105 queued for execution and waiting for available worker","previousOperationId":"ztjnvxqq92y4k63","timestamp":1731247641428,"id":"41myu11nkru2jzx"}
{"type":"operationStart","subtype":"render","name":"new-excl-template","previousOperationId":"ztjnvxqq92y4k63","timestamp":1731247641435,"id":"8bdp7bml4xhfcma","previousEventId":"rfcq2e9li8c3x2z","operationId":"4d5e6h1t55bpimc"}
{"type":"log","timestamp":1731247641435,"level":"info","message":"Starting rendering request 105 (user: admin)","meta":{"rootId":"1oayn503hnjytfb","id":"1oayn503hnjytfb"},"id":"fzixvcyd20z5r5w","previousOperationId":"4d5e6h1t55bpimc"}
{"type":"log","timestamp":1731247641435,"level":"info","message":"Rendering template { name: new-excl-template, recipe: html-to-xlsx, engine: handlebars, preview: true }","meta":{"rootId":"1oayn503hnjytfb","id":"1oayn503hnjytfb"},"id":"dd75arev28aotth","previousOperationId":"4d5e6h1t55bpimc"}
{"type":"log","timestamp":1731247641436,"level":"debug","message":"Inline data specified.","meta":{"rootId":"1oayn503hnjytfb","id":"1oayn503hnjytfb"},"id":"tm7d6k7wptcjv8u","previousOperationId":"4d5e6h1t55bpimc"}
{"type":"log","timestamp":1731247641437,"level":"debug","message":"Base url not specified, skipping its injection.","meta":{"rootId":"1oayn503hnjytfb","id":"1oayn503hnjytfb"},"id":"an24x5d8s4iz1y2","previousOperationId":"4d5e6h1t55bpimc"}
{"type":"log","timestamp":1731247641439,"level":"debug","message":"Replaced assets [\"KhmerOSSiemreapRegular.ttf\"]","meta":{"rootId":"1oayn503hnjytfb","id":"1oayn503hnjytfb"},"id":"55wrhkju75i3s7b","previousOperationId":"4d5e6h1t55bpimc"}
{"type":"operationStart","subtype":"engine","name":"handlebars","timestamp":1731247641439,"id":"5wkj0ad2nierfyq","previousEventId":"8bdp7bml4xhfcma","operationId":"e9794p28bz6fmt0","previousOperationId":"4d5e6h1t55bpimc"}
{"type":"log","timestamp":1731247641439,"level":"debug","message":"Rendering engine handlebars","meta":{"rootId":"1oayn503hnjytfb","id":"1oayn503hnjytfb"},"id":"iqy2lhi4m2ht26o","previousOperationId":"e9794p28bz6fmt0"}
{"type":"operationEnd","operationId":"e9794p28bz6fmt0","timestamp":1731247641452,"id":"takud65zsj6i34o","previousEventId":"5wkj0ad2nierfyq","previousOperationId":"e9794p28bz6fmt0"}
{"type":"operationStart","subtype":"recipe","name":"html-to-xlsx","timestamp":1731247641453,"id":"px660p8otfsebkg","previousEventId":"takud65zsj6i34o","operationId":"outizy27p6szwq7","previousOperationId":"e9794p28bz6fmt0"}
{"type":"log","timestamp":1731247641453,"level":"debug","message":"Executing recipe html-to-xlsx","meta":{"rootId":"1oayn503hnjytfb","id":"1oayn503hnjytfb"},"id":"4bz91gp11e38ij5","previousOperationId":"outizy27p6szwq7"}
{"type":"log","timestamp":1731247641453,"level":"info","message":"html-to-xlsx generation is starting","meta":{"rootId":"1oayn503hnjytfb","id":"1oayn503hnjytfb"},"id":"u8i4xdbupl3o0zm","previousOperationId":"outizy27p6szwq7"}
{"type":"log","timestamp":1731247642028,"level":"info","message":"html-to-xlsx generation was finished","meta":{"rootId":"1oayn503hnjytfb","id":"1oayn503hnjytfb"},"id":"fm4s711tw1yp7k5","previousOperationId":"outizy27p6szwq7"}
{"type":"log","timestamp":1731247642029,"level":"debug","message":"preparing office preview","meta":{"rootId":"1oayn503hnjytfb","id":"1oayn503hnjytfb"},"id":"zgw95e7ve4iamwe","previousOperationId":"outizy27p6szwq7"}
{"type":"operationEnd","operationId":"outizy27p6szwq7","timestamp":1731247642474,"id":"ocisx9cqq8iungy","previousEventId":"px660p8otfsebkg","previousOperationId":"outizy27p6szwq7"}
{"type":"log","timestamp":1731247642474,"level":"debug","message":"Skipping storing report.","meta":{"rootId":"1oayn503hnjytfb","id":"1oayn503hnjytfb"},"id":"p8i52cbafr2on17","previousOperationId":"outizy27p6szwq7"}
{"type":"log","timestamp":1731247642474,"level":"info","message":"Rendering request 105 finished in 1047 ms","meta":{"rootId":"1oayn503hnjytfb","id":"1oayn503hnjytfb"},"id":"t6jw7ekxbjmfn9f","previousOperationId":"outizy27p6szwq7"}
{"type":"operationEnd","subtype":"render","operationId":"4d5e6h1t55bpimc","timestamp":1731247642474,"id":"2c48iyc9hfhjgkp","previousEventId":"ocisx9cqq8iungy","previousOperationId":"outizy27p6szwq7"}
{"type":"operationEnd","doDiffs":false,"previousEventId":"rfcq2e9li8c3x2z","previousOperationId":"ztjnvxqq92y4k63","operationId":"ztjnvxqq92y4k63","timestamp":1731247642476,"id":"kvi33tobzej2z4t"}
