{"type":"operationStart","subtype":"profile","data":{"_id":"PcCJGteiLgdVX110","timestamp":"2024-11-10T14:46:54.369Z","state":"queued","mode":"standard","creationDate":"2024-11-10T14:46:54.371Z","modificationDate":"2024-11-10T14:46:54.371Z","shortid":"oosrmkI","inheritedReadPermissions":[],"inheritedEditPermissions":[],"$entitySet":"profiles"},"doDiffs":false,"timestamp":1731250014370,"id":"z0e5gjvqnwcut90","previousOperationId":null,"operationId":"k2gel550d0wq172"}
{"type":"log","level":"info","message":"Render request 168 queued for execution and waiting for available worker","previousOperationId":"k2gel550d0wq172","timestamp":1731250014370,"id":"hjzc2l1u1uusmnq"}
{"type":"operationStart","subtype":"render","name":"new-excl-template","previousOperationId":"k2gel550d0wq172","timestamp":1731250014379,"id":"knttgkntaog0wtm","previousEventId":"z0e5gjvqnwcut90","operationId":"enb3kjbw1f16qfr"}
{"type":"log","timestamp":1731250014379,"level":"info","message":"Starting rendering request 168 (user: admin)","meta":{"rootId":"1p88xtjb3eegfei","id":"1p88xtjb3eegfei"},"id":"wdvtte3e6shwsjt","previousOperationId":"enb3kjbw1f16qfr"}
{"type":"log","timestamp":1731250014379,"level":"info","message":"Rendering template { name: new-excl-template, recipe: html-to-xlsx, engine: handlebars, preview: true }","meta":{"rootId":"1p88xtjb3eegfei","id":"1p88xtjb3eegfei"},"id":"52lz0a3z0to6x88","previousOperationId":"enb3kjbw1f16qfr"}
{"type":"log","timestamp":1731250014380,"level":"debug","message":"Inline data specified.","meta":{"rootId":"1p88xtjb3eegfei","id":"1p88xtjb3eegfei"},"id":"a2z4uc0q0498uhi","previousOperationId":"enb3kjbw1f16qfr"}
{"type":"log","timestamp":1731250014384,"level":"debug","message":"Base url not specified, skipping its injection.","meta":{"rootId":"1p88xtjb3eegfei","id":"1p88xtjb3eegfei"},"id":"djunm01tduzeaxx","previousOperationId":"enb3kjbw1f16qfr"}
{"type":"log","timestamp":1731250014386,"level":"debug","message":"Replaced assets [\"KhmerOSSiemreapRegular.ttf\"]","meta":{"rootId":"1p88xtjb3eegfei","id":"1p88xtjb3eegfei"},"id":"5ggmtdsubk59xh3","previousOperationId":"enb3kjbw1f16qfr"}
{"type":"operationStart","subtype":"engine","name":"handlebars","timestamp":1731250014386,"id":"9nbog18uya5kkd7","previousEventId":"knttgkntaog0wtm","operationId":"4ry9ivavsv8q938","previousOperationId":"enb3kjbw1f16qfr"}
{"type":"log","timestamp":1731250014386,"level":"debug","message":"Rendering engine handlebars","meta":{"rootId":"1p88xtjb3eegfei","id":"1p88xtjb3eegfei"},"id":"bbpvbajmw56twrc","previousOperationId":"4ry9ivavsv8q938"}
{"type":"operationEnd","operationId":"4ry9ivavsv8q938","timestamp":1731250014398,"id":"ovnr22sv7gjo9yt","previousEventId":"9nbog18uya5kkd7","previousOperationId":"4ry9ivavsv8q938"}
{"type":"operationStart","subtype":"recipe","name":"html-to-xlsx","timestamp":1731250014400,"id":"w5e2ketl7qsoxfb","previousEventId":"ovnr22sv7gjo9yt","operationId":"12uc3nd46e8shcx","previousOperationId":"4ry9ivavsv8q938"}
{"type":"log","timestamp":1731250014400,"level":"debug","message":"Executing recipe html-to-xlsx","meta":{"rootId":"1p88xtjb3eegfei","id":"1p88xtjb3eegfei"},"id":"00zuwcx5qmxf8ip","previousOperationId":"12uc3nd46e8shcx"}
{"type":"log","timestamp":1731250014400,"level":"info","message":"html-to-xlsx generation is starting","meta":{"rootId":"1p88xtjb3eegfei","id":"1p88xtjb3eegfei"},"id":"6bf1aab1cae60y9","previousOperationId":"12uc3nd46e8shcx"}
{"type":"log","timestamp":1731250015179,"level":"info","message":"html-to-xlsx generation was finished","meta":{"rootId":"1p88xtjb3eegfei","id":"1p88xtjb3eegfei"},"id":"clygm4k0k6klwbw","previousOperationId":"12uc3nd46e8shcx"}
{"type":"log","timestamp":1731250015179,"level":"debug","message":"preparing office preview","meta":{"rootId":"1p88xtjb3eegfei","id":"1p88xtjb3eegfei"},"id":"wu1iamv2plbsnbt","previousOperationId":"12uc3nd46e8shcx"}
{"type":"operationEnd","operationId":"12uc3nd46e8shcx","timestamp":1731250015623,"id":"i5cb3wp2own95zg","previousEventId":"w5e2ketl7qsoxfb","previousOperationId":"12uc3nd46e8shcx"}
{"type":"log","timestamp":1731250015623,"level":"debug","message":"Skipping storing report.","meta":{"rootId":"1p88xtjb3eegfei","id":"1p88xtjb3eegfei"},"id":"5fi6frju1cyujiw","previousOperationId":"12uc3nd46e8shcx"}
{"type":"log","timestamp":1731250015623,"level":"info","message":"Rendering request 168 finished in 1254 ms","meta":{"rootId":"1p88xtjb3eegfei","id":"1p88xtjb3eegfei"},"id":"4tzznbufipkgqqn","previousOperationId":"12uc3nd46e8shcx"}
{"type":"operationEnd","subtype":"render","operationId":"enb3kjbw1f16qfr","timestamp":1731250015623,"id":"omir9980z6kfzxt","previousEventId":"i5cb3wp2own95zg","previousOperationId":"12uc3nd46e8shcx"}
{"type":"operationEnd","doDiffs":false,"previousEventId":"z0e5gjvqnwcut90","previousOperationId":"k2gel550d0wq172","operationId":"k2gel550d0wq172","timestamp":1731250015626,"id":"5do8ej1intcvqa1"}
