{"type":"operationStart","subtype":"profile","data":{"_id":"WwOWOgg45aSomF83","timestamp":"2024-11-10T08:32:26.748Z","state":"queued","mode":"standard","creationDate":"2024-11-10T08:32:26.750Z","modificationDate":"2024-11-10T08:32:26.750Z","shortid":"LU0Z0k_","inheritedReadPermissions":[],"inheritedEditPermissions":[],"$entitySet":"profiles"},"doDiffs":false,"timestamp":1731227546749,"id":"uqj34n0x5orr1yb","previousOperationId":null,"operationId":"whdkfbh90hzwkdj"}
{"type":"log","level":"info","message":"Render request 127 queued for execution and waiting for available worker","previousOperationId":"whdkfbh90hzwkdj","timestamp":1731227546749,"id":"t2wuovmsvr9eeae"}
{"type":"operationStart","subtype":"render","name":"new-excl-template","previousOperationId":"whdkfbh90hzwkdj","timestamp":1731227546759,"id":"1sg0e81qtxxlsoi","previousEventId":"uqj34n0x5orr1yb","operationId":"q8xeecieootf02t"}
{"type":"log","timestamp":1731227546759,"level":"info","message":"Starting rendering request 127 (user: admin)","meta":{"rootId":"1pbvggusf1ferws","id":"1pbvggusf1ferws"},"id":"vk7ee0gbbb18zjf","previousOperationId":"q8xeecieootf02t"}
{"type":"log","timestamp":1731227546759,"level":"info","message":"Rendering template { name: new-excl-template, recipe: html-to-xlsx, engine: handlebars, preview: true }","meta":{"rootId":"1pbvggusf1ferws","id":"1pbvggusf1ferws"},"id":"v8a8jafutcoxfqy","previousOperationId":"q8xeecieootf02t"}
{"type":"log","timestamp":1731227546760,"level":"debug","message":"Adding sample data pVkbCM7am","meta":{"rootId":"1pbvggusf1ferws","id":"1pbvggusf1ferws"},"id":"7oft73x5wd0a6av","previousOperationId":"q8xeecieootf02t"}
{"type":"log","timestamp":1731227546762,"level":"debug","message":"Base url not specified, skipping its injection.","meta":{"rootId":"1pbvggusf1ferws","id":"1pbvggusf1ferws"},"id":"q3aldowwp6wjfap","previousOperationId":"q8xeecieootf02t"}
{"type":"log","timestamp":1731227546764,"level":"debug","message":"Replaced assets [\"/asset/font/KhmerOSSiemreapRegular.ttf\"]","meta":{"rootId":"1pbvggusf1ferws","id":"1pbvggusf1ferws"},"id":"6p1m5g7fdy1o90s","previousOperationId":"q8xeecieootf02t"}
{"type":"operationStart","subtype":"engine","name":"handlebars","timestamp":1731227546765,"id":"bxrpda958aetssz","previousEventId":"1sg0e81qtxxlsoi","operationId":"04jd6cf9aa0i85c","previousOperationId":"q8xeecieootf02t"}
{"type":"log","timestamp":1731227546765,"level":"debug","message":"Rendering engine handlebars","meta":{"rootId":"1pbvggusf1ferws","id":"1pbvggusf1ferws"},"id":"woc9dyq00xvtlkm","previousOperationId":"04jd6cf9aa0i85c"}
{"type":"operationEnd","operationId":"04jd6cf9aa0i85c","timestamp":1731227546783,"id":"sarb9v8k6u8bp0h","previousEventId":"bxrpda958aetssz","previousOperationId":"04jd6cf9aa0i85c"}
{"type":"operationStart","subtype":"recipe","name":"html-to-xlsx","timestamp":1731227546785,"id":"wsnk7nca5t17aq4","previousEventId":"sarb9v8k6u8bp0h","operationId":"64a5y7t5456bqbs","previousOperationId":"04jd6cf9aa0i85c"}
{"type":"log","timestamp":1731227546785,"level":"debug","message":"Executing recipe html-to-xlsx","meta":{"rootId":"1pbvggusf1ferws","id":"1pbvggusf1ferws"},"id":"7mwjghqtc8e3h1l","previousOperationId":"64a5y7t5456bqbs"}
{"type":"log","timestamp":1731227546786,"level":"info","message":"html-to-xlsx generation is starting","meta":{"rootId":"1pbvggusf1ferws","id":"1pbvggusf1ferws"},"id":"9xj6lb7swsi7t9q","previousOperationId":"64a5y7t5456bqbs"}
{"type":"log","timestamp":1731227547689,"level":"info","message":"html-to-xlsx generation was finished","meta":{"rootId":"1pbvggusf1ferws","id":"1pbvggusf1ferws"},"id":"s5u6xviqqodd1nb","previousOperationId":"64a5y7t5456bqbs"}
{"type":"log","timestamp":1731227547689,"level":"debug","message":"preparing office preview","meta":{"rootId":"1pbvggusf1ferws","id":"1pbvggusf1ferws"},"id":"gcjsdb79k9fa7xr","previousOperationId":"64a5y7t5456bqbs"}
{"type":"operationEnd","operationId":"64a5y7t5456bqbs","timestamp":1731227548138,"id":"a9d6q0bxfnhii6o","previousEventId":"wsnk7nca5t17aq4","previousOperationId":"64a5y7t5456bqbs"}
{"type":"log","timestamp":1731227548138,"level":"debug","message":"Skipping storing report.","meta":{"rootId":"1pbvggusf1ferws","id":"1pbvggusf1ferws"},"id":"f0yv7sjwbxaxpct","previousOperationId":"64a5y7t5456bqbs"}
{"type":"log","timestamp":1731227548139,"level":"info","message":"Rendering request 127 finished in 1391 ms","meta":{"rootId":"1pbvggusf1ferws","id":"1pbvggusf1ferws"},"id":"9k55wazjgd8gmp5","previousOperationId":"64a5y7t5456bqbs"}
{"type":"operationEnd","subtype":"render","operationId":"q8xeecieootf02t","timestamp":1731227548139,"id":"0knvux1ts6khikw","previousEventId":"a9d6q0bxfnhii6o","previousOperationId":"64a5y7t5456bqbs"}
{"type":"operationEnd","doDiffs":false,"previousEventId":"uqj34n0x5orr1yb","previousOperationId":"whdkfbh90hzwkdj","operationId":"whdkfbh90hzwkdj","timestamp":1731227548140,"id":"s20085v7qe59ny2"}
