{"type":"operationStart","subtype":"profile","data":{"_id":"gfLIov37p9HdAJfl","timestamp":"2024-11-10T08:17:19.422Z","state":"queued","mode":"standard","creationDate":"2024-11-10T08:17:19.424Z","modificationDate":"2024-11-10T08:17:19.424Z","shortid":"kgnZ6K6","inheritedReadPermissions":[],"inheritedEditPermissions":[],"$entitySet":"profiles"},"doDiffs":false,"timestamp":1731226639423,"id":"4bg9fekv567h578","previousOperationId":null,"operationId":"stvmfxth323s12o"}
{"type":"log","level":"info","message":"Render request 100 queued for execution and waiting for available worker","previousOperationId":"stvmfxth323s12o","timestamp":1731226639423,"id":"w1j8wks3zqgjyw9"}
{"type":"operationStart","subtype":"render","name":"new-excl-template","previousOperationId":"stvmfxth323s12o","timestamp":1731226639432,"id":"917a2pv4t8q12u3","previousEventId":"4bg9fekv567h578","operationId":"krqvt62ztkuvw27"}
{"type":"log","timestamp":1731226639432,"level":"info","message":"Starting rendering request 100 (user: admin)","meta":{"rootId":"1qssoirkjayntcq","id":"1qssoirkjayntcq"},"id":"84zboge73ms6p3d","previousOperationId":"krqvt62ztkuvw27"}
{"type":"log","timestamp":1731226639433,"level":"info","message":"Rendering template { name: new-excl-template, recipe: html-to-xlsx, engine: handlebars, preview: true }","meta":{"rootId":"1qssoirkjayntcq","id":"1qssoirkjayntcq"},"id":"jyq6og14sjvn3xn","previousOperationId":"krqvt62ztkuvw27"}
{"type":"log","timestamp":1731226639433,"level":"debug","message":"Inline data specified.","meta":{"rootId":"1qssoirkjayntcq","id":"1qssoirkjayntcq"},"id":"h97wiwnwta8qk0z","previousOperationId":"krqvt62ztkuvw27"}
{"type":"log","timestamp":1731226639435,"level":"debug","message":"Base url not specified, skipping its injection.","meta":{"rootId":"1qssoirkjayntcq","id":"1qssoirkjayntcq"},"id":"d0qfgnkd2ko00cr","previousOperationId":"krqvt62ztkuvw27"}
{"type":"operationStart","subtype":"engine","name":"handlebars","timestamp":1731226639435,"id":"9zfgr46sdgf7snm","previousEventId":"917a2pv4t8q12u3","operationId":"ug48piqb48dqk2r","previousOperationId":"krqvt62ztkuvw27"}
{"type":"log","timestamp":1731226639435,"level":"debug","message":"Rendering engine handlebars","meta":{"rootId":"1qssoirkjayntcq","id":"1qssoirkjayntcq"},"id":"crg7m4qvzvhflgj","previousOperationId":"ug48piqb48dqk2r"}
{"type":"operationEnd","operationId":"ug48piqb48dqk2r","timestamp":1731226639446,"id":"2eu4luw0onu4grz","previousEventId":"9zfgr46sdgf7snm","previousOperationId":"ug48piqb48dqk2r"}
{"type":"operationStart","subtype":"recipe","name":"html-to-xlsx","timestamp":1731226639446,"id":"cmld8uzxahpq7yu","previousEventId":"2eu4luw0onu4grz","operationId":"a9t1768flargkg8","previousOperationId":"ug48piqb48dqk2r"}
{"type":"log","timestamp":1731226639446,"level":"debug","message":"Executing recipe html-to-xlsx","meta":{"rootId":"1qssoirkjayntcq","id":"1qssoirkjayntcq"},"id":"pb3aqh05ob1u9rf","previousOperationId":"a9t1768flargkg8"}
{"type":"log","timestamp":1731226639446,"level":"info","message":"html-to-xlsx generation is starting","meta":{"rootId":"1qssoirkjayntcq","id":"1qssoirkjayntcq"},"id":"d1f4tqjp2mu5chv","previousOperationId":"a9t1768flargkg8"}
{"type":"log","timestamp":1731226640068,"level":"info","message":"html-to-xlsx generation was finished","meta":{"rootId":"1qssoirkjayntcq","id":"1qssoirkjayntcq"},"id":"ou6x1f06iazdbb8","previousOperationId":"a9t1768flargkg8"}
{"type":"log","timestamp":1731226640068,"level":"debug","message":"preparing office preview","meta":{"rootId":"1qssoirkjayntcq","id":"1qssoirkjayntcq"},"id":"dp3vr7owur20xez","previousOperationId":"a9t1768flargkg8"}
{"type":"operationEnd","operationId":"a9t1768flargkg8","timestamp":1731226640564,"id":"k58xmi6jo7ugqm2","previousEventId":"cmld8uzxahpq7yu","previousOperationId":"a9t1768flargkg8"}
{"type":"log","timestamp":1731226640564,"level":"debug","message":"Skipping storing report.","meta":{"rootId":"1qssoirkjayntcq","id":"1qssoirkjayntcq"},"id":"piee79jry03m8t7","previousOperationId":"a9t1768flargkg8"}
{"type":"log","timestamp":1731226640565,"level":"info","message":"Rendering request 100 finished in 1143 ms","meta":{"rootId":"1qssoirkjayntcq","id":"1qssoirkjayntcq"},"id":"hu6e3ctwa0gl2ad","previousOperationId":"a9t1768flargkg8"}
{"type":"operationEnd","subtype":"render","operationId":"krqvt62ztkuvw27","timestamp":1731226640565,"id":"h8vt54s1wnkdqeo","previousEventId":"k58xmi6jo7ugqm2","previousOperationId":"a9t1768flargkg8"}
{"type":"operationEnd","doDiffs":false,"previousEventId":"4bg9fekv567h578","previousOperationId":"stvmfxth323s12o","operationId":"stvmfxth323s12o","timestamp":1731226640567,"id":"iavgipus1yy1sfw"}
