{"type":"operationStart","subtype":"profile","data":{"_id":"XZ3w5rxblCotUJsO","timestamp":"2024-11-10T14:24:06.242Z","state":"queued","mode":"standard","creationDate":"2024-11-10T14:24:06.244Z","modificationDate":"2024-11-10T14:24:06.244Z","shortid":"rXhii9i","inheritedReadPermissions":[],"inheritedEditPermissions":[],"$entitySet":"profiles"},"doDiffs":false,"timestamp":1731248646244,"id":"uoi3i953jnhnpnx","previousOperationId":null,"operationId":"mi6kuk1ama5mxa5"}
{"type":"log","level":"info","message":"Render request 145 queued for execution and waiting for available worker","previousOperationId":"mi6kuk1ama5mxa5","timestamp":1731248646244,"id":"gwpru0a72jpt99z"}
{"type":"operationStart","subtype":"render","name":"new-excl-template","previousOperationId":"mi6kuk1ama5mxa5","timestamp":1731248646251,"id":"ocraptxtuw7mnlw","previousEventId":"uoi3i953jnhnpnx","operationId":"9m06rj5b4qglx82"}
{"type":"log","timestamp":1731248646251,"level":"info","message":"Starting rendering request 145 (user: admin)","meta":{"rootId":"1uod2g8428g3je4","id":"1uod2g8428g3je4"},"id":"by06m6tyj7hywdy","previousOperationId":"9m06rj5b4qglx82"}
{"type":"log","timestamp":1731248646251,"level":"info","message":"Rendering template { name: new-excl-template, recipe: html-to-xlsx, engine: handlebars, preview: true }","meta":{"rootId":"1uod2g8428g3je4","id":"1uod2g8428g3je4"},"id":"xuki8cyl0uuimbx","previousOperationId":"9m06rj5b4qglx82"}
{"type":"log","timestamp":1731248646252,"level":"debug","message":"Inline data specified.","meta":{"rootId":"1uod2g8428g3je4","id":"1uod2g8428g3je4"},"id":"7hz06l0lejajn75","previousOperationId":"9m06rj5b4qglx82"}
{"type":"log","timestamp":1731248646253,"level":"debug","message":"Base url not specified, skipping its injection.","meta":{"rootId":"1uod2g8428g3je4","id":"1uod2g8428g3je4"},"id":"gwp09si0ky0smno","previousOperationId":"9m06rj5b4qglx82"}
{"type":"log","timestamp":1731248646255,"level":"debug","message":"Replaced assets [\"KhmerOSSiemreapRegular.ttf\"]","meta":{"rootId":"1uod2g8428g3je4","id":"1uod2g8428g3je4"},"id":"b2c3epmjgliceeb","previousOperationId":"9m06rj5b4qglx82"}
{"type":"operationStart","subtype":"engine","name":"handlebars","timestamp":1731248646255,"id":"03aek12ybib65ml","previousEventId":"ocraptxtuw7mnlw","operationId":"9812jkd5bks0bo3","previousOperationId":"9m06rj5b4qglx82"}
{"type":"log","timestamp":1731248646255,"level":"debug","message":"Rendering engine handlebars","meta":{"rootId":"1uod2g8428g3je4","id":"1uod2g8428g3je4"},"id":"64uztmdvhlzqczy","previousOperationId":"9812jkd5bks0bo3"}
{"type":"operationEnd","operationId":"9812jkd5bks0bo3","timestamp":1731248646265,"id":"0n7f3xv9jfbboi6","previousEventId":"03aek12ybib65ml","previousOperationId":"9812jkd5bks0bo3"}
{"type":"operationStart","subtype":"recipe","name":"html-to-xlsx","timestamp":1731248646266,"id":"t7z89xokus0nw8b","previousEventId":"0n7f3xv9jfbboi6","operationId":"eo769ulvyt7a04k","previousOperationId":"9812jkd5bks0bo3"}
{"type":"log","timestamp":1731248646266,"level":"debug","message":"Executing recipe html-to-xlsx","meta":{"rootId":"1uod2g8428g3je4","id":"1uod2g8428g3je4"},"id":"rvy6n4crp0ld6jt","previousOperationId":"eo769ulvyt7a04k"}
{"type":"log","timestamp":1731248646266,"level":"info","message":"html-to-xlsx generation is starting","meta":{"rootId":"1uod2g8428g3je4","id":"1uod2g8428g3je4"},"id":"881mi6ustea01po","previousOperationId":"eo769ulvyt7a04k"}
{"type":"log","timestamp":1731248646946,"level":"info","message":"html-to-xlsx generation was finished","meta":{"rootId":"1uod2g8428g3je4","id":"1uod2g8428g3je4"},"id":"f5r5uocv6eo0sz4","previousOperationId":"eo769ulvyt7a04k"}
{"type":"log","timestamp":1731248646946,"level":"debug","message":"preparing office preview","meta":{"rootId":"1uod2g8428g3je4","id":"1uod2g8428g3je4"},"id":"welqhjltiot0eb0","previousOperationId":"eo769ulvyt7a04k"}
{"type":"operationEnd","operationId":"eo769ulvyt7a04k","timestamp":1731248647458,"id":"47tvsi51o49tzlb","previousEventId":"t7z89xokus0nw8b","previousOperationId":"eo769ulvyt7a04k"}
{"type":"log","timestamp":1731248647458,"level":"debug","message":"Skipping storing report.","meta":{"rootId":"1uod2g8428g3je4","id":"1uod2g8428g3je4"},"id":"rm4fvk5tjz9z0c6","previousOperationId":"eo769ulvyt7a04k"}
{"type":"log","timestamp":1731248647458,"level":"info","message":"Rendering request 145 finished in 1216 ms","meta":{"rootId":"1uod2g8428g3je4","id":"1uod2g8428g3je4"},"id":"kikbxi811j6q08e","previousOperationId":"eo769ulvyt7a04k"}
{"type":"operationEnd","subtype":"render","operationId":"9m06rj5b4qglx82","timestamp":1731248647458,"id":"0c8w3e1htvgvv83","previousEventId":"47tvsi51o49tzlb","previousOperationId":"eo769ulvyt7a04k"}
{"type":"operationEnd","doDiffs":false,"previousEventId":"uoi3i953jnhnpnx","previousOperationId":"mi6kuk1ama5mxa5","operationId":"mi6kuk1ama5mxa5","timestamp":1731248647460,"id":"pxgqbttyrbwo85s"}
