{"type":"operationStart","subtype":"profile","data":{"_id":"lyiRtAeJAAkXAHgn","timestamp":"2024-11-10T09:02:14.292Z","state":"queued","mode":"standard","creationDate":"2024-11-10T09:02:14.293Z","modificationDate":"2024-11-10T09:02:14.293Z","shortid":"0vh65Hn","inheritedReadPermissions":[],"inheritedEditPermissions":[],"$entitySet":"profiles"},"doDiffs":false,"timestamp":1731229334293,"id":"1wq9nds7eeri9jt","previousOperationId":null,"operationId":"t1f4hx81s2pou50"}
{"type":"log","level":"info","message":"Render request 180 queued for execution and waiting for available worker","previousOperationId":"t1f4hx81s2pou50","timestamp":1731229334293,"id":"6zk21mlf72shkhq"}
{"type":"operationStart","subtype":"render","name":"new-excl-template","previousOperationId":"t1f4hx81s2pou50","timestamp":1731229334301,"id":"9hhzloundjbnyrj","previousEventId":"1wq9nds7eeri9jt","operationId":"d5en9vo2e2e27f4"}
{"type":"log","timestamp":1731229334301,"level":"info","message":"Starting rendering request 180 (user: admin)","meta":{"rootId":"1zhi9h9y6jm9c80","id":"1zhi9h9y6jm9c80"},"id":"cmhf5auew13xryn","previousOperationId":"d5en9vo2e2e27f4"}
{"type":"log","timestamp":1731229334301,"level":"info","message":"Rendering template { name: new-excl-template, recipe: html-to-xlsx, engine: handlebars, preview: true }","meta":{"rootId":"1zhi9h9y6jm9c80","id":"1zhi9h9y6jm9c80"},"id":"n6i078tvudjp959","previousOperationId":"d5en9vo2e2e27f4"}
{"type":"log","timestamp":1731229334302,"level":"debug","message":"Adding sample data pVkbCM7am","meta":{"rootId":"1zhi9h9y6jm9c80","id":"1zhi9h9y6jm9c80"},"id":"6w58i7ys40hnrwj","previousOperationId":"d5en9vo2e2e27f4"}
{"type":"log","timestamp":1731229334304,"level":"debug","message":"Base url not specified, skipping its injection.","meta":{"rootId":"1zhi9h9y6jm9c80","id":"1zhi9h9y6jm9c80"},"id":"nwrclt2konc763d","previousOperationId":"d5en9vo2e2e27f4"}
{"type":"log","timestamp":1731229334306,"level":"debug","message":"Replaced assets [\"KhmerOSSiemreapRegular.ttf\"]","meta":{"rootId":"1zhi9h9y6jm9c80","id":"1zhi9h9y6jm9c80"},"id":"0jbvjbkyzmebegz","previousOperationId":"d5en9vo2e2e27f4"}
{"type":"operationStart","subtype":"engine","name":"handlebars","timestamp":1731229334306,"id":"pm35yjpzycro61k","previousEventId":"9hhzloundjbnyrj","operationId":"lo410t8obtf4qua","previousOperationId":"d5en9vo2e2e27f4"}
{"type":"log","timestamp":1731229334306,"level":"debug","message":"Rendering engine handlebars","meta":{"rootId":"1zhi9h9y6jm9c80","id":"1zhi9h9y6jm9c80"},"id":"89kj0wxq6ujsbu2","previousOperationId":"lo410t8obtf4qua"}
{"type":"operationEnd","operationId":"lo410t8obtf4qua","timestamp":1731229334323,"id":"gvx5w7gocx2tjqg","previousEventId":"pm35yjpzycro61k","previousOperationId":"lo410t8obtf4qua"}
{"type":"operationStart","subtype":"recipe","name":"html-to-xlsx","timestamp":1731229334328,"id":"hf9b1nbzu7olmn2","previousEventId":"gvx5w7gocx2tjqg","operationId":"7cyb53i51qi3sij","previousOperationId":"lo410t8obtf4qua"}
{"type":"log","timestamp":1731229334328,"level":"debug","message":"Executing recipe html-to-xlsx","meta":{"rootId":"1zhi9h9y6jm9c80","id":"1zhi9h9y6jm9c80"},"id":"nse6i3fkvcyku7k","previousOperationId":"7cyb53i51qi3sij"}
{"type":"log","timestamp":1731229334328,"level":"info","message":"html-to-xlsx generation is starting","meta":{"rootId":"1zhi9h9y6jm9c80","id":"1zhi9h9y6jm9c80"},"id":"v1oyxj477e8e8pf","previousOperationId":"7cyb53i51qi3sij"}
{"type":"log","timestamp":1731229335085,"level":"info","message":"html-to-xlsx generation was finished","meta":{"rootId":"1zhi9h9y6jm9c80","id":"1zhi9h9y6jm9c80"},"id":"aqe1s1kpy1lo23t","previousOperationId":"7cyb53i51qi3sij"}
{"type":"log","timestamp":1731229335085,"level":"debug","message":"preparing office preview","meta":{"rootId":"1zhi9h9y6jm9c80","id":"1zhi9h9y6jm9c80"},"id":"kquqasutambx1dl","previousOperationId":"7cyb53i51qi3sij"}
{"type":"operationEnd","operationId":"7cyb53i51qi3sij","timestamp":1731229335576,"id":"1d6rt4t29o3pekj","previousEventId":"hf9b1nbzu7olmn2","previousOperationId":"7cyb53i51qi3sij"}
{"type":"log","timestamp":1731229335576,"level":"debug","message":"Skipping storing report.","meta":{"rootId":"1zhi9h9y6jm9c80","id":"1zhi9h9y6jm9c80"},"id":"zp23kevyh3kdvzc","previousOperationId":"7cyb53i51qi3sij"}
{"type":"log","timestamp":1731229335576,"level":"info","message":"Rendering request 180 finished in 1284 ms","meta":{"rootId":"1zhi9h9y6jm9c80","id":"1zhi9h9y6jm9c80"},"id":"ebwuitak7ny74ri","previousOperationId":"7cyb53i51qi3sij"}
{"type":"operationEnd","subtype":"render","operationId":"d5en9vo2e2e27f4","timestamp":1731229335576,"id":"bbwax75nlqb313c","previousEventId":"1d6rt4t29o3pekj","previousOperationId":"7cyb53i51qi3sij"}
{"type":"operationEnd","doDiffs":false,"previousEventId":"1wq9nds7eeri9jt","previousOperationId":"t1f4hx81s2pou50","operationId":"t1f4hx81s2pou50","timestamp":1731229335579,"id":"0416q7jontn77y7"}
