{"type":"operationStart","subtype":"profile","data":{"_id":"LtLPqzDtQh4u7vDO","timestamp":"2024-11-10T08:53:45.900Z","state":"queued","mode":"standard","creationDate":"2024-11-10T08:53:45.902Z","modificationDate":"2024-11-10T08:53:45.902Z","shortid":"Opygg-X","inheritedReadPermissions":[],"inheritedEditPermissions":[],"$entitySet":"profiles"},"doDiffs":false,"timestamp":1731228825902,"id":"hcio0n0aedxg2wt","previousOperationId":null,"operationId":"1p4mvc2p9v66j2u"}
{"type":"log","level":"info","message":"Render request 161 queued for execution and waiting for available worker","previousOperationId":"1p4mvc2p9v66j2u","timestamp":1731228825902,"id":"9o3jsqv86fgpjkv"}
{"type":"operationStart","subtype":"render","name":"new-excl-template","previousOperationId":"1p4mvc2p9v66j2u","timestamp":1731228825911,"id":"xnuftq7six6vlwx","previousEventId":"hcio0n0aedxg2wt","operationId":"ka2357tpgbhs504"}
{"type":"log","timestamp":1731228825911,"level":"info","message":"Starting rendering request 161 (user: admin)","meta":{"rootId":"2nv3cbxdrf38qwq","id":"2nv3cbxdrf38qwq"},"id":"z563k5bpng1ngqu","previousOperationId":"ka2357tpgbhs504"}
{"type":"log","timestamp":1731228825912,"level":"info","message":"Rendering template { name: new-excl-template, recipe: html-to-xlsx, engine: handlebars, preview: true }","meta":{"rootId":"2nv3cbxdrf38qwq","id":"2nv3cbxdrf38qwq"},"id":"pakvpfkpltule42","previousOperationId":"ka2357tpgbhs504"}
{"type":"log","timestamp":1731228825912,"level":"debug","message":"Inline data specified.","meta":{"rootId":"2nv3cbxdrf38qwq","id":"2nv3cbxdrf38qwq"},"id":"udzkqkli1it5xm5","previousOperationId":"ka2357tpgbhs504"}
{"type":"log","timestamp":1731228825914,"level":"debug","message":"Base url not specified, skipping its injection.","meta":{"rootId":"2nv3cbxdrf38qwq","id":"2nv3cbxdrf38qwq"},"id":"u03uzjud7eh0r2h","previousOperationId":"ka2357tpgbhs504"}
{"type":"log","timestamp":1731228825915,"level":"debug","message":"Replaced assets [\"KhmerOSSiemreapRegular.ttf\"]","meta":{"rootId":"2nv3cbxdrf38qwq","id":"2nv3cbxdrf38qwq"},"id":"xumxg40ffngz9ld","previousOperationId":"ka2357tpgbhs504"}
{"type":"operationStart","subtype":"engine","name":"handlebars","timestamp":1731228825916,"id":"nuu6p6yxuf8ne0y","previousEventId":"xnuftq7six6vlwx","operationId":"16o8ubox89zte46","previousOperationId":"ka2357tpgbhs504"}
{"type":"log","timestamp":1731228825916,"level":"debug","message":"Rendering engine handlebars","meta":{"rootId":"2nv3cbxdrf38qwq","id":"2nv3cbxdrf38qwq"},"id":"ql9sujqzzcm67h6","previousOperationId":"16o8ubox89zte46"}
{"type":"operationEnd","operationId":"16o8ubox89zte46","timestamp":1731228825934,"id":"0ibtxp5xpktxphn","previousEventId":"nuu6p6yxuf8ne0y","previousOperationId":"16o8ubox89zte46"}
{"type":"operationStart","subtype":"recipe","name":"html-to-xlsx","timestamp":1731228825938,"id":"h7vjzwpzwz7ajfh","previousEventId":"0ibtxp5xpktxphn","operationId":"yf60khll36k70ks","previousOperationId":"16o8ubox89zte46"}
{"type":"log","timestamp":1731228825938,"level":"debug","message":"Executing recipe html-to-xlsx","meta":{"rootId":"2nv3cbxdrf38qwq","id":"2nv3cbxdrf38qwq"},"id":"4f5iwklgh2sjlby","previousOperationId":"yf60khll36k70ks"}
{"type":"log","timestamp":1731228825938,"level":"info","message":"html-to-xlsx generation is starting","meta":{"rootId":"2nv3cbxdrf38qwq","id":"2nv3cbxdrf38qwq"},"id":"h2qh1i17rjc48cd","previousOperationId":"yf60khll36k70ks"}
{"type":"log","timestamp":1731228825938,"level":"info","message":"html-to-xlsx is going to insert table generation into base xlsx template","meta":{"rootId":"2nv3cbxdrf38qwq","id":"2nv3cbxdrf38qwq"},"id":"l6ii8mt3hgtwfcx","previousOperationId":"yf60khll36k70ks"}
{"type":"log","timestamp":1731228826924,"level":"info","message":"html-to-xlsx generation was finished","meta":{"rootId":"2nv3cbxdrf38qwq","id":"2nv3cbxdrf38qwq"},"id":"4fh115t9leo0ioe","previousOperationId":"yf60khll36k70ks"}
{"type":"log","timestamp":1731228826924,"level":"debug","message":"preparing office preview","meta":{"rootId":"2nv3cbxdrf38qwq","id":"2nv3cbxdrf38qwq"},"id":"26z1dp8l6ytwy00","previousOperationId":"yf60khll36k70ks"}
{"type":"operationEnd","operationId":"yf60khll36k70ks","timestamp":1731228827881,"id":"80pzx6glq12xt2e","previousEventId":"h7vjzwpzwz7ajfh","previousOperationId":"yf60khll36k70ks"}
{"type":"log","timestamp":1731228827881,"level":"debug","message":"Skipping storing report.","meta":{"rootId":"2nv3cbxdrf38qwq","id":"2nv3cbxdrf38qwq"},"id":"a7twillresz1007","previousOperationId":"yf60khll36k70ks"}
{"type":"log","timestamp":1731228827881,"level":"info","message":"Rendering request 161 finished in 1981 ms","meta":{"rootId":"2nv3cbxdrf38qwq","id":"2nv3cbxdrf38qwq"},"id":"0fq43agl89r5ntc","previousOperationId":"yf60khll36k70ks"}
{"type":"operationEnd","subtype":"render","operationId":"ka2357tpgbhs504","timestamp":1731228827881,"id":"whej3w2mwhfxap4","previousEventId":"80pzx6glq12xt2e","previousOperationId":"yf60khll36k70ks"}
{"type":"operationEnd","doDiffs":false,"previousEventId":"hcio0n0aedxg2wt","previousOperationId":"1p4mvc2p9v66j2u","operationId":"1p4mvc2p9v66j2u","timestamp":1731228827884,"id":"o5a2lz35gu3ho2z"}
