{"type":"operationStart","subtype":"profile","data":{"_id":"168FCbEpSiJN0Wnd","timestamp":"2024-11-10T08:51:39.445Z","state":"queued","mode":"standard","creationDate":"2024-11-10T08:51:39.447Z","modificationDate":"2024-11-10T08:51:39.447Z","shortid":"NQEmHPt","inheritedReadPermissions":[],"inheritedEditPermissions":[],"$entitySet":"profiles"},"doDiffs":false,"timestamp":1731228699446,"id":"6ef9wz3mr7m5ow9","previousOperationId":null,"operationId":"krjf77pvxissa55"}
{"type":"log","level":"info","message":"Render request 156 queued for execution and waiting for available worker","previousOperationId":"krjf77pvxissa55","timestamp":1731228699446,"id":"10m329imcfwb4nq"}
{"type":"operationStart","subtype":"render","name":"new-excl-template","previousOperationId":"krjf77pvxissa55","timestamp":1731228699456,"id":"y3b295v1ek9zg66","previousEventId":"6ef9wz3mr7m5ow9","operationId":"zyvv2lk465c9uqd"}
{"type":"log","timestamp":1731228699456,"level":"info","message":"Starting rendering request 156 (user: admin)","meta":{"rootId":"2o9qa6c3pkmgu4b","id":"2o9qa6c3pkmgu4b"},"id":"e60wt7h9lnoz24o","previousOperationId":"zyvv2lk465c9uqd"}
{"type":"log","timestamp":1731228699456,"level":"info","message":"Rendering template { name: new-excl-template, recipe: html-to-xlsx, engine: handlebars, preview: true }","meta":{"rootId":"2o9qa6c3pkmgu4b","id":"2o9qa6c3pkmgu4b"},"id":"1mq44ygbm3jv2yl","previousOperationId":"zyvv2lk465c9uqd"}
{"type":"log","timestamp":1731228699457,"level":"debug","message":"Inline data specified.","meta":{"rootId":"2o9qa6c3pkmgu4b","id":"2o9qa6c3pkmgu4b"},"id":"0orn5xjjb8izwsa","previousOperationId":"zyvv2lk465c9uqd"}
{"type":"log","timestamp":1731228699458,"level":"debug","message":"Base url not specified, skipping its injection.","meta":{"rootId":"2o9qa6c3pkmgu4b","id":"2o9qa6c3pkmgu4b"},"id":"7a9qgxfc9rs3fxy","previousOperationId":"zyvv2lk465c9uqd"}
{"type":"log","timestamp":1731228699460,"level":"debug","message":"Replaced assets [\"KhmerOSSiemreapRegular.ttf\"]","meta":{"rootId":"2o9qa6c3pkmgu4b","id":"2o9qa6c3pkmgu4b"},"id":"vo3id7idbt8mop9","previousOperationId":"zyvv2lk465c9uqd"}
{"type":"operationStart","subtype":"engine","name":"handlebars","timestamp":1731228699460,"id":"knxjrx7t6ln9uy0","previousEventId":"y3b295v1ek9zg66","operationId":"ouaq5lxez6lho3d","previousOperationId":"zyvv2lk465c9uqd"}
{"type":"log","timestamp":1731228699460,"level":"debug","message":"Rendering engine handlebars","meta":{"rootId":"2o9qa6c3pkmgu4b","id":"2o9qa6c3pkmgu4b"},"id":"o7eszx0rawj0q5a","previousOperationId":"ouaq5lxez6lho3d"}
{"type":"operationEnd","operationId":"ouaq5lxez6lho3d","timestamp":1731228699477,"id":"akzfi8sj7ynwzvl","previousEventId":"knxjrx7t6ln9uy0","previousOperationId":"ouaq5lxez6lho3d"}
{"type":"operationStart","subtype":"recipe","name":"html-to-xlsx","timestamp":1731228699481,"id":"p17r8z8dv383c5g","previousEventId":"akzfi8sj7ynwzvl","operationId":"tk6djzptv2i0kca","previousOperationId":"ouaq5lxez6lho3d"}
{"type":"log","timestamp":1731228699481,"level":"debug","message":"Executing recipe html-to-xlsx","meta":{"rootId":"2o9qa6c3pkmgu4b","id":"2o9qa6c3pkmgu4b"},"id":"9zerf3i77yckpuc","previousOperationId":"tk6djzptv2i0kca"}
{"type":"log","timestamp":1731228699481,"level":"info","message":"html-to-xlsx generation is starting","meta":{"rootId":"2o9qa6c3pkmgu4b","id":"2o9qa6c3pkmgu4b"},"id":"g51ydrbd935yk8e","previousOperationId":"tk6djzptv2i0kca"}
{"type":"log","timestamp":1731228700308,"level":"info","message":"html-to-xlsx generation was finished","meta":{"rootId":"2o9qa6c3pkmgu4b","id":"2o9qa6c3pkmgu4b"},"id":"osmdt5xxsutchb8","previousOperationId":"tk6djzptv2i0kca"}
{"type":"log","timestamp":1731228700308,"level":"debug","message":"preparing office preview","meta":{"rootId":"2o9qa6c3pkmgu4b","id":"2o9qa6c3pkmgu4b"},"id":"obcwc8dh6m1g0om","previousOperationId":"tk6djzptv2i0kca"}
{"type":"operationEnd","operationId":"tk6djzptv2i0kca","timestamp":1731228700803,"id":"talzuimplj3rsgs","previousEventId":"p17r8z8dv383c5g","previousOperationId":"tk6djzptv2i0kca"}
{"type":"log","timestamp":1731228700803,"level":"debug","message":"Skipping storing report.","meta":{"rootId":"2o9qa6c3pkmgu4b","id":"2o9qa6c3pkmgu4b"},"id":"rbcn4md2n3ko1ri","previousOperationId":"tk6djzptv2i0kca"}
{"type":"log","timestamp":1731228700803,"level":"info","message":"Rendering request 156 finished in 1358 ms","meta":{"rootId":"2o9qa6c3pkmgu4b","id":"2o9qa6c3pkmgu4b"},"id":"gc1gv1jr3svy7q1","previousOperationId":"tk6djzptv2i0kca"}
{"type":"operationEnd","subtype":"render","operationId":"zyvv2lk465c9uqd","timestamp":1731228700803,"id":"v0olp0t6w4wil0s","previousEventId":"talzuimplj3rsgs","previousOperationId":"tk6djzptv2i0kca"}
{"type":"operationEnd","doDiffs":false,"previousEventId":"6ef9wz3mr7m5ow9","previousOperationId":"krjf77pvxissa55","operationId":"krjf77pvxissa55","timestamp":1731228700805,"id":"g7ceazaouhvpfqn"}
