{"type":"operationStart","subtype":"profile","data":{"_id":"ASGj31rMHxvjIdtE","timestamp":"2024-11-10T08:31:48.291Z","state":"queued","mode":"standard","creationDate":"2024-11-10T08:31:48.293Z","modificationDate":"2024-11-10T08:31:48.293Z","shortid":"pCYfvmL","inheritedReadPermissions":[],"inheritedEditPermissions":[],"$entitySet":"profiles"},"doDiffs":false,"timestamp":1731227508292,"id":"8zmbvwh4pl6gz48","previousOperationId":null,"operationId":"j2wgw4j7b0lh258"}
{"type":"log","level":"info","message":"Render request 124 queued for execution and waiting for available worker","previousOperationId":"j2wgw4j7b0lh258","timestamp":1731227508292,"id":"mvaz83z63of8sx3"}
{"type":"operationStart","subtype":"render","name":"new-excl-template","previousOperationId":"j2wgw4j7b0lh258","timestamp":1731227508302,"id":"p376jbm02j7mw7i","previousEventId":"8zmbvwh4pl6gz48","operationId":"3iqv2y9jhh9u4gw"}
{"type":"log","timestamp":1731227508302,"level":"info","message":"Starting rendering request 124 (user: admin)","meta":{"rootId":"2ou40olf2ls1q6d","id":"2ou40olf2ls1q6d"},"id":"an99jtxqluc6eot","previousOperationId":"3iqv2y9jhh9u4gw"}
{"type":"log","timestamp":1731227508302,"level":"info","message":"Rendering template { name: new-excl-template, recipe: html-to-xlsx, engine: handlebars, preview: true }","meta":{"rootId":"2ou40olf2ls1q6d","id":"2ou40olf2ls1q6d"},"id":"sm75rruxkrj59fw","previousOperationId":"3iqv2y9jhh9u4gw"}
{"type":"log","timestamp":1731227508303,"level":"debug","message":"Adding sample data pVkbCM7am","meta":{"rootId":"2ou40olf2ls1q6d","id":"2ou40olf2ls1q6d"},"id":"b5ivxpyomperskd","previousOperationId":"3iqv2y9jhh9u4gw"}
{"type":"log","timestamp":1731227508305,"level":"debug","message":"Base url not specified, skipping its injection.","meta":{"rootId":"2ou40olf2ls1q6d","id":"2ou40olf2ls1q6d"},"id":"9lvcjdm1mamtmys","previousOperationId":"3iqv2y9jhh9u4gw"}
{"type":"log","timestamp":1731227508306,"level":"debug","message":"Replaced assets [\"/asset/font/KhmerOSSiemreapRegular.ttf\"]","meta":{"rootId":"2ou40olf2ls1q6d","id":"2ou40olf2ls1q6d"},"id":"2p05c909962ubet","previousOperationId":"3iqv2y9jhh9u4gw"}
{"type":"operationStart","subtype":"engine","name":"handlebars","timestamp":1731227508306,"id":"e6icnjtwh4lzzi5","previousEventId":"p376jbm02j7mw7i","operationId":"krkihahdjry4nmn","previousOperationId":"3iqv2y9jhh9u4gw"}
{"type":"log","timestamp":1731227508306,"level":"debug","message":"Rendering engine handlebars","meta":{"rootId":"2ou40olf2ls1q6d","id":"2ou40olf2ls1q6d"},"id":"a291122qw1iaw83","previousOperationId":"krkihahdjry4nmn"}
{"type":"operationEnd","operationId":"krkihahdjry4nmn","timestamp":1731227508322,"id":"2nzd3u4vp9fqe9y","previousEventId":"e6icnjtwh4lzzi5","previousOperationId":"krkihahdjry4nmn"}
{"type":"operationStart","subtype":"recipe","name":"html-to-xlsx","timestamp":1731227508324,"id":"osqn0u9xfxwlc9h","previousEventId":"2nzd3u4vp9fqe9y","operationId":"487cyurh78ebdx0","previousOperationId":"krkihahdjry4nmn"}
{"type":"log","timestamp":1731227508324,"level":"debug","message":"Executing recipe html-to-xlsx","meta":{"rootId":"2ou40olf2ls1q6d","id":"2ou40olf2ls1q6d"},"id":"fw6skqdww7k9x77","previousOperationId":"487cyurh78ebdx0"}
{"type":"log","timestamp":1731227508325,"level":"info","message":"html-to-xlsx generation is starting","meta":{"rootId":"2ou40olf2ls1q6d","id":"2ou40olf2ls1q6d"},"id":"bu9z73ylacerz7l","previousOperationId":"487cyurh78ebdx0"}
{"type":"log","timestamp":1731227509113,"level":"info","message":"html-to-xlsx generation was finished","meta":{"rootId":"2ou40olf2ls1q6d","id":"2ou40olf2ls1q6d"},"id":"ez3yqzit56ebb3o","previousOperationId":"487cyurh78ebdx0"}
{"type":"log","timestamp":1731227509113,"level":"debug","message":"preparing office preview","meta":{"rootId":"2ou40olf2ls1q6d","id":"2ou40olf2ls1q6d"},"id":"n3coysav7qyeqwv","previousOperationId":"487cyurh78ebdx0"}
{"type":"operationEnd","operationId":"487cyurh78ebdx0","timestamp":1731227509556,"id":"sfql6edytz85k0s","previousEventId":"osqn0u9xfxwlc9h","previousOperationId":"487cyurh78ebdx0"}
{"type":"log","timestamp":1731227509556,"level":"debug","message":"Skipping storing report.","meta":{"rootId":"2ou40olf2ls1q6d","id":"2ou40olf2ls1q6d"},"id":"3xiaefdfqz0vuhb","previousOperationId":"487cyurh78ebdx0"}
{"type":"log","timestamp":1731227509556,"level":"info","message":"Rendering request 124 finished in 1265 ms","meta":{"rootId":"2ou40olf2ls1q6d","id":"2ou40olf2ls1q6d"},"id":"7mdgrxuy71jdk0u","previousOperationId":"487cyurh78ebdx0"}
{"type":"operationEnd","subtype":"render","operationId":"3iqv2y9jhh9u4gw","timestamp":1731227509556,"id":"qn0nq4xxzdkhr3z","previousEventId":"sfql6edytz85k0s","previousOperationId":"487cyurh78ebdx0"}
{"type":"operationEnd","doDiffs":false,"previousEventId":"8zmbvwh4pl6gz48","previousOperationId":"j2wgw4j7b0lh258","operationId":"j2wgw4j7b0lh258","timestamp":1731227509559,"id":"qp4om61mamdesb3"}
