{"type":"operationStart","subtype":"profile","data":{"_id":"H68jMwfwqf9eB3vK","timestamp":"2024-11-10T14:18:01.657Z","state":"queued","mode":"standard","creationDate":"2024-11-10T14:18:01.659Z","modificationDate":"2024-11-10T14:18:01.659Z","shortid":"5FQAjJ3","inheritedReadPermissions":[],"inheritedEditPermissions":[],"$entitySet":"profiles"},"doDiffs":false,"timestamp":1731248281658,"id":"kwt2x0747izfg56","previousOperationId":null,"operationId":"4h09pxkqa1szara"}
{"type":"log","level":"info","message":"Render request 130 queued for execution and waiting for available worker","previousOperationId":"4h09pxkqa1szara","timestamp":1731248281658,"id":"7rrit9v34p3ccix"}
{"type":"operationStart","subtype":"render","name":"new-excl-template","previousOperationId":"4h09pxkqa1szara","timestamp":1731248281667,"id":"m0j4dtnys7l5lty","previousEventId":"kwt2x0747izfg56","operationId":"m1pt46498nbwrwf"}
{"type":"log","timestamp":1731248281667,"level":"info","message":"Starting rendering request 130 (user: admin)","meta":{"rootId":"2p4lo4auothp67a","id":"2p4lo4auothp67a"},"id":"3fnj03oxqxeb3a8","previousOperationId":"m1pt46498nbwrwf"}
{"type":"log","timestamp":1731248281667,"level":"info","message":"Rendering template { name: new-excl-template, recipe: html-to-xlsx, engine: handlebars, preview: true }","meta":{"rootId":"2p4lo4auothp67a","id":"2p4lo4auothp67a"},"id":"zdxnsbai3jd0d75","previousOperationId":"m1pt46498nbwrwf"}
{"type":"log","timestamp":1731248281667,"level":"debug","message":"Inline data specified.","meta":{"rootId":"2p4lo4auothp67a","id":"2p4lo4auothp67a"},"id":"5ccj0bw21zth29c","previousOperationId":"m1pt46498nbwrwf"}
{"type":"log","timestamp":1731248281668,"level":"debug","message":"Base url not specified, skipping its injection.","meta":{"rootId":"2p4lo4auothp67a","id":"2p4lo4auothp67a"},"id":"lsll44871edj040","previousOperationId":"m1pt46498nbwrwf"}
{"type":"log","timestamp":1731248281670,"level":"debug","message":"Replaced assets [\"KhmerOSSiemreapRegular.ttf\"]","meta":{"rootId":"2p4lo4auothp67a","id":"2p4lo4auothp67a"},"id":"jarlobamfnle64w","previousOperationId":"m1pt46498nbwrwf"}
{"type":"operationStart","subtype":"engine","name":"handlebars","timestamp":1731248281670,"id":"mdra05xl23yu8wk","previousEventId":"m0j4dtnys7l5lty","operationId":"m7b6rdkndcdv63n","previousOperationId":"m1pt46498nbwrwf"}
{"type":"log","timestamp":1731248281670,"level":"debug","message":"Rendering engine handlebars","meta":{"rootId":"2p4lo4auothp67a","id":"2p4lo4auothp67a"},"id":"84vy4k94jebl4or","previousOperationId":"m7b6rdkndcdv63n"}
{"type":"operationEnd","operationId":"m7b6rdkndcdv63n","timestamp":1731248281682,"id":"p9hymerf4l0gu03","previousEventId":"mdra05xl23yu8wk","previousOperationId":"m7b6rdkndcdv63n"}
{"type":"operationStart","subtype":"recipe","name":"html-to-xlsx","timestamp":1731248281684,"id":"37ciiybvfk6jkq8","previousEventId":"p9hymerf4l0gu03","operationId":"vadste8afuv43nt","previousOperationId":"m7b6rdkndcdv63n"}
{"type":"log","timestamp":1731248281684,"level":"debug","message":"Executing recipe html-to-xlsx","meta":{"rootId":"2p4lo4auothp67a","id":"2p4lo4auothp67a"},"id":"k042y6hzjw0jyxc","previousOperationId":"vadste8afuv43nt"}
{"type":"log","timestamp":1731248281684,"level":"info","message":"html-to-xlsx generation is starting","meta":{"rootId":"2p4lo4auothp67a","id":"2p4lo4auothp67a"},"id":"q4xr15yplof81es","previousOperationId":"vadste8afuv43nt"}
{"type":"log","timestamp":1731248282359,"level":"info","message":"html-to-xlsx generation was finished","meta":{"rootId":"2p4lo4auothp67a","id":"2p4lo4auothp67a"},"id":"hpb9npv2vltax27","previousOperationId":"vadste8afuv43nt"}
{"type":"log","timestamp":1731248282359,"level":"debug","message":"preparing office preview","meta":{"rootId":"2p4lo4auothp67a","id":"2p4lo4auothp67a"},"id":"itpzz8atvfj5fyw","previousOperationId":"vadste8afuv43nt"}
{"type":"operationEnd","operationId":"vadste8afuv43nt","timestamp":1731248282807,"id":"mziqn48f92f8mt0","previousEventId":"37ciiybvfk6jkq8","previousOperationId":"vadste8afuv43nt"}
{"type":"log","timestamp":1731248282807,"level":"debug","message":"Skipping storing report.","meta":{"rootId":"2p4lo4auothp67a","id":"2p4lo4auothp67a"},"id":"ogwat2ea93k7ex8","previousOperationId":"vadste8afuv43nt"}
{"type":"log","timestamp":1731248282807,"level":"info","message":"Rendering request 130 finished in 1150 ms","meta":{"rootId":"2p4lo4auothp67a","id":"2p4lo4auothp67a"},"id":"8cjdgklul61dai3","previousOperationId":"vadste8afuv43nt"}
{"type":"operationEnd","subtype":"render","operationId":"m1pt46498nbwrwf","timestamp":1731248282807,"id":"t1uwi0e5kxdh9zl","previousEventId":"mziqn48f92f8mt0","previousOperationId":"vadste8afuv43nt"}
{"type":"operationEnd","doDiffs":false,"previousEventId":"kwt2x0747izfg56","previousOperationId":"4h09pxkqa1szara","operationId":"4h09pxkqa1szara","timestamp":1731248282809,"id":"lp106owhnolzha5"}
