{"type":"operationStart","subtype":"profile","data":{"_id":"DFZWuPPGHMk2zEhq","timestamp":"2024-11-10T08:44:18.016Z","state":"queued","mode":"standard","creationDate":"2024-11-10T08:44:18.018Z","modificationDate":"2024-11-10T08:44:18.018Z","shortid":"2Rn3vNs","inheritedReadPermissions":[],"inheritedEditPermissions":[],"$entitySet":"profiles"},"doDiffs":false,"timestamp":1731228258017,"id":"839psc7lyyicavo","previousOperationId":null,"operationId":"hpqx5p52o5vc5rh"}
{"type":"log","level":"info","message":"Render request 150 queued for execution and waiting for available worker","previousOperationId":"hpqx5p52o5vc5rh","timestamp":1731228258017,"id":"7vyq06yxq97n6ko"}
{"type":"operationStart","subtype":"render","name":"new-excl-template","previousOperationId":"hpqx5p52o5vc5rh","timestamp":1731228258026,"id":"8wb018iurmcj88i","previousEventId":"839psc7lyyicavo","operationId":"bh8mesarkb0petb"}
{"type":"log","timestamp":1731228258026,"level":"info","message":"Starting rendering request 150 (user: admin)","meta":{"rootId":"2xzfeaumkerko3i","id":"2xzfeaumkerko3i"},"id":"7qwv7p7lupr3udu","previousOperationId":"bh8mesarkb0petb"}
{"type":"log","timestamp":1731228258026,"level":"info","message":"Rendering template { name: new-excl-template, recipe: html-to-xlsx, engine: handlebars, preview: true }","meta":{"rootId":"2xzfeaumkerko3i","id":"2xzfeaumkerko3i"},"id":"v5mxmvjs6xdlnup","previousOperationId":"bh8mesarkb0petb"}
{"type":"log","timestamp":1731228258026,"level":"debug","message":"Inline data specified.","meta":{"rootId":"2xzfeaumkerko3i","id":"2xzfeaumkerko3i"},"id":"pszzs8w6vi2oai9","previousOperationId":"bh8mesarkb0petb"}
{"type":"log","timestamp":1731228258028,"level":"debug","message":"Base url not specified, skipping its injection.","meta":{"rootId":"2xzfeaumkerko3i","id":"2xzfeaumkerko3i"},"id":"eblsq73qff8q282","previousOperationId":"bh8mesarkb0petb"}
{"type":"log","timestamp":1731228258030,"level":"debug","message":"Replaced assets [\"KhmerOSSiemreapRegular.ttf\"]","meta":{"rootId":"2xzfeaumkerko3i","id":"2xzfeaumkerko3i"},"id":"43m97euxkw3mvcp","previousOperationId":"bh8mesarkb0petb"}
{"type":"operationStart","subtype":"engine","name":"handlebars","timestamp":1731228258030,"id":"82ytgbvbj9zq34o","previousEventId":"8wb018iurmcj88i","operationId":"40egqbnpwa1i2m4","previousOperationId":"bh8mesarkb0petb"}
{"type":"log","timestamp":1731228258030,"level":"debug","message":"Rendering engine handlebars","meta":{"rootId":"2xzfeaumkerko3i","id":"2xzfeaumkerko3i"},"id":"jakk9kwhgqf46l7","previousOperationId":"40egqbnpwa1i2m4"}
{"type":"operationEnd","operationId":"40egqbnpwa1i2m4","timestamp":1731228258045,"id":"ajex2y2shd443z9","previousEventId":"82ytgbvbj9zq34o","previousOperationId":"40egqbnpwa1i2m4"}
{"type":"operationStart","subtype":"recipe","name":"html-to-xlsx","timestamp":1731228258047,"id":"l6yfzfcpk17sg3p","previousEventId":"ajex2y2shd443z9","operationId":"4lt413f8dtp6kjt","previousOperationId":"40egqbnpwa1i2m4"}
{"type":"log","timestamp":1731228258047,"level":"debug","message":"Executing recipe html-to-xlsx","meta":{"rootId":"2xzfeaumkerko3i","id":"2xzfeaumkerko3i"},"id":"vjlxcpk1rutlioj","previousOperationId":"4lt413f8dtp6kjt"}
{"type":"log","timestamp":1731228258047,"level":"info","message":"html-to-xlsx generation is starting","meta":{"rootId":"2xzfeaumkerko3i","id":"2xzfeaumkerko3i"},"id":"a18yx4daerjtt53","previousOperationId":"4lt413f8dtp6kjt"}
{"type":"log","timestamp":1731228258932,"level":"info","message":"html-to-xlsx generation was finished","meta":{"rootId":"2xzfeaumkerko3i","id":"2xzfeaumkerko3i"},"id":"oqcr09aifi1xprp","previousOperationId":"4lt413f8dtp6kjt"}
{"type":"log","timestamp":1731228258932,"level":"debug","message":"preparing office preview","meta":{"rootId":"2xzfeaumkerko3i","id":"2xzfeaumkerko3i"},"id":"pkov3zbqcfymbwx","previousOperationId":"4lt413f8dtp6kjt"}
{"type":"operationEnd","operationId":"4lt413f8dtp6kjt","timestamp":1731228259379,"id":"u4hqtazb9gpif3x","previousEventId":"l6yfzfcpk17sg3p","previousOperationId":"4lt413f8dtp6kjt"}
{"type":"log","timestamp":1731228259379,"level":"debug","message":"Skipping storing report.","meta":{"rootId":"2xzfeaumkerko3i","id":"2xzfeaumkerko3i"},"id":"0yquixpjtfbfi0g","previousOperationId":"4lt413f8dtp6kjt"}
{"type":"log","timestamp":1731228259379,"level":"info","message":"Rendering request 150 finished in 1363 ms","meta":{"rootId":"2xzfeaumkerko3i","id":"2xzfeaumkerko3i"},"id":"5md01csjkpyhdlk","previousOperationId":"4lt413f8dtp6kjt"}
{"type":"operationEnd","subtype":"render","operationId":"bh8mesarkb0petb","timestamp":1731228259379,"id":"wtstz64x3423npo","previousEventId":"u4hqtazb9gpif3x","previousOperationId":"4lt413f8dtp6kjt"}
{"type":"operationEnd","doDiffs":false,"previousEventId":"839psc7lyyicavo","previousOperationId":"hpqx5p52o5vc5rh","operationId":"hpqx5p52o5vc5rh","timestamp":1731228259381,"id":"wvcd1u3rbat16zh"}
