{"type":"operationStart","subtype":"profile","data":{"_id":"rApcwZUDdyquCfR6","timestamp":"2024-11-10T13:58:35.989Z","state":"queued","mode":"standard","creationDate":"2024-11-10T13:58:35.991Z","modificationDate":"2024-11-10T13:58:35.991Z","shortid":"aXFGnKH","inheritedReadPermissions":[],"inheritedEditPermissions":[],"$entitySet":"profiles"},"doDiffs":false,"timestamp":1731247115990,"id":"suefgb1g8fjdk0g","previousOperationId":null,"operationId":"8dms47eppcw4qnd"}
{"type":"log","level":"info","message":"Render request 92 queued for execution and waiting for available worker","previousOperationId":"8dms47eppcw4qnd","timestamp":1731247115990,"id":"rkc801t5gt3zexr"}
{"type":"operationStart","subtype":"render","name":"new-excl-template","previousOperationId":"8dms47eppcw4qnd","timestamp":1731247115999,"id":"4na1y4l025q3u3y","previousEventId":"suefgb1g8fjdk0g","operationId":"h8ot0scf7arf2qi"}
{"type":"log","timestamp":1731247115999,"level":"info","message":"Starting rendering request 92 (user: admin)","meta":{"rootId":"316hfdbuxvhjxph","id":"316hfdbuxvhjxph"},"id":"9y1vyhcuwzl8v6x","previousOperationId":"h8ot0scf7arf2qi"}
{"type":"log","timestamp":1731247115999,"level":"info","message":"Rendering template { name: new-excl-template, recipe: html-to-xlsx, engine: handlebars, preview: true }","meta":{"rootId":"316hfdbuxvhjxph","id":"316hfdbuxvhjxph"},"id":"2utm5fgsq07s76e","previousOperationId":"h8ot0scf7arf2qi"}
{"type":"log","timestamp":1731247116000,"level":"debug","message":"Inline data specified.","meta":{"rootId":"316hfdbuxvhjxph","id":"316hfdbuxvhjxph"},"id":"8dujjz9m2qqrp5b","previousOperationId":"h8ot0scf7arf2qi"}
{"type":"log","timestamp":1731247116001,"level":"debug","message":"Base url not specified, skipping its injection.","meta":{"rootId":"316hfdbuxvhjxph","id":"316hfdbuxvhjxph"},"id":"bkvyxdgt9qupbe4","previousOperationId":"h8ot0scf7arf2qi"}
{"type":"log","timestamp":1731247116004,"level":"debug","message":"Replaced assets [\"KhmerOSSiemreapRegular.ttf\"]","meta":{"rootId":"316hfdbuxvhjxph","id":"316hfdbuxvhjxph"},"id":"mu4zbdbrp7gvt43","previousOperationId":"h8ot0scf7arf2qi"}
{"type":"operationStart","subtype":"engine","name":"handlebars","timestamp":1731247116004,"id":"steh039quponcl8","previousEventId":"4na1y4l025q3u3y","operationId":"ki72nczu0eqaeig","previousOperationId":"h8ot0scf7arf2qi"}
{"type":"log","timestamp":1731247116004,"level":"debug","message":"Rendering engine handlebars","meta":{"rootId":"316hfdbuxvhjxph","id":"316hfdbuxvhjxph"},"id":"0mywhbosve1g99c","previousOperationId":"ki72nczu0eqaeig"}
{"type":"operationEnd","operationId":"ki72nczu0eqaeig","timestamp":1731247116020,"id":"b9sgsepvjt9ujja","previousEventId":"steh039quponcl8","previousOperationId":"ki72nczu0eqaeig"}
{"type":"operationStart","subtype":"recipe","name":"html-to-xlsx","timestamp":1731247116021,"id":"o2huic74mb8zipk","previousEventId":"b9sgsepvjt9ujja","operationId":"oh9r2lthjhhtaqf","previousOperationId":"ki72nczu0eqaeig"}
{"type":"log","timestamp":1731247116021,"level":"debug","message":"Executing recipe html-to-xlsx","meta":{"rootId":"316hfdbuxvhjxph","id":"316hfdbuxvhjxph"},"id":"jd98zlmbk6f0yqz","previousOperationId":"oh9r2lthjhhtaqf"}
{"type":"log","timestamp":1731247116021,"level":"info","message":"html-to-xlsx generation is starting","meta":{"rootId":"316hfdbuxvhjxph","id":"316hfdbuxvhjxph"},"id":"3anpnyvias0rnk8","previousOperationId":"oh9r2lthjhhtaqf"}
{"type":"log","timestamp":1731247116611,"level":"info","message":"html-to-xlsx generation was finished","meta":{"rootId":"316hfdbuxvhjxph","id":"316hfdbuxvhjxph"},"id":"kvc0pnfjyxpy8hv","previousOperationId":"oh9r2lthjhhtaqf"}
{"type":"log","timestamp":1731247116611,"level":"debug","message":"preparing office preview","meta":{"rootId":"316hfdbuxvhjxph","id":"316hfdbuxvhjxph"},"id":"l6nbgpwreoupqlq","previousOperationId":"oh9r2lthjhhtaqf"}
{"type":"operationEnd","operationId":"oh9r2lthjhhtaqf","timestamp":1731247117064,"id":"u714zu4gzjk9qvb","previousEventId":"o2huic74mb8zipk","previousOperationId":"oh9r2lthjhhtaqf"}
{"type":"log","timestamp":1731247117064,"level":"debug","message":"Skipping storing report.","meta":{"rootId":"316hfdbuxvhjxph","id":"316hfdbuxvhjxph"},"id":"s2vkhvynmz8mwnt","previousOperationId":"oh9r2lthjhhtaqf"}
{"type":"log","timestamp":1731247117064,"level":"info","message":"Rendering request 92 finished in 1075 ms","meta":{"rootId":"316hfdbuxvhjxph","id":"316hfdbuxvhjxph"},"id":"tu4wvqz7pezekpm","previousOperationId":"oh9r2lthjhhtaqf"}
{"type":"operationEnd","subtype":"render","operationId":"h8ot0scf7arf2qi","timestamp":1731247117064,"id":"hzu862j8adfmhci","previousEventId":"u714zu4gzjk9qvb","previousOperationId":"oh9r2lthjhhtaqf"}
{"type":"operationEnd","doDiffs":false,"previousEventId":"suefgb1g8fjdk0g","previousOperationId":"8dms47eppcw4qnd","operationId":"8dms47eppcw4qnd","timestamp":1731247117066,"id":"x0kcr7jxzcdlkas"}
