{"type":"operationStart","subtype":"profile","data":{"_id":"0kEYkH4bhCYaG99w","timestamp":"2024-11-10T14:07:09.903Z","state":"queued","mode":"standard","creationDate":"2024-11-10T14:07:09.904Z","modificationDate":"2024-11-10T14:07:09.904Z","shortid":"fJtJfqh","inheritedReadPermissions":[],"inheritedEditPermissions":[],"$entitySet":"profiles"},"doDiffs":false,"timestamp":1731247629904,"id":"ght0d3d1qoxabsn","previousOperationId":null,"operationId":"rwa7saw8k4m40p8"}
{"type":"log","level":"info","message":"Render request 104 queued for execution and waiting for available worker","previousOperationId":"rwa7saw8k4m40p8","timestamp":1731247629904,"id":"c63kleohavpkz7j"}
{"type":"operationStart","subtype":"render","name":"new-excl-template","previousOperationId":"rwa7saw8k4m40p8","timestamp":1731247629910,"id":"enyfhq4fcmcga9i","previousEventId":"ght0d3d1qoxabsn","operationId":"3b9gspnicsp42w0"}
{"type":"log","timestamp":1731247629910,"level":"info","message":"Starting rendering request 104 (user: admin)","meta":{"rootId":"381evfx3ipvq0oa","id":"381evfx3ipvq0oa"},"id":"h2wbvowazpczuch","previousOperationId":"3b9gspnicsp42w0"}
{"type":"log","timestamp":1731247629910,"level":"info","message":"Rendering template { name: new-excl-template, recipe: html-to-xlsx, engine: handlebars, preview: true }","meta":{"rootId":"381evfx3ipvq0oa","id":"381evfx3ipvq0oa"},"id":"cv1jh3t7ta1ibzl","previousOperationId":"3b9gspnicsp42w0"}
{"type":"log","timestamp":1731247629910,"level":"debug","message":"Inline data specified.","meta":{"rootId":"381evfx3ipvq0oa","id":"381evfx3ipvq0oa"},"id":"m7ovxnrnrnxcl87","previousOperationId":"3b9gspnicsp42w0"}
{"type":"log","timestamp":1731247629911,"level":"debug","message":"Base url not specified, skipping its injection.","meta":{"rootId":"381evfx3ipvq0oa","id":"381evfx3ipvq0oa"},"id":"530u3fzya93ktie","previousOperationId":"3b9gspnicsp42w0"}
{"type":"log","timestamp":1731247629913,"level":"debug","message":"Replaced assets [\"KhmerOSSiemreapRegular.ttf\"]","meta":{"rootId":"381evfx3ipvq0oa","id":"381evfx3ipvq0oa"},"id":"l9xadz9ml9uz6xq","previousOperationId":"3b9gspnicsp42w0"}
{"type":"operationStart","subtype":"engine","name":"handlebars","timestamp":1731247629913,"id":"zf5tj5vcz05j202","previousEventId":"enyfhq4fcmcga9i","operationId":"49jjuahrdrkg9o9","previousOperationId":"3b9gspnicsp42w0"}
{"type":"log","timestamp":1731247629913,"level":"debug","message":"Rendering engine handlebars","meta":{"rootId":"381evfx3ipvq0oa","id":"381evfx3ipvq0oa"},"id":"ceq32hjylj6bodt","previousOperationId":"49jjuahrdrkg9o9"}
{"type":"operationEnd","operationId":"49jjuahrdrkg9o9","timestamp":1731247629919,"id":"vrkgw92a5i36dtq","previousEventId":"zf5tj5vcz05j202","previousOperationId":"49jjuahrdrkg9o9"}
{"type":"operationStart","subtype":"recipe","name":"html-to-xlsx","timestamp":1731247629920,"id":"quax8sbkoj4whnq","previousEventId":"vrkgw92a5i36dtq","operationId":"kaftgpd6ghn6ees","previousOperationId":"49jjuahrdrkg9o9"}
{"type":"log","timestamp":1731247629920,"level":"debug","message":"Executing recipe html-to-xlsx","meta":{"rootId":"381evfx3ipvq0oa","id":"381evfx3ipvq0oa"},"id":"5czca2lsrnufrv3","previousOperationId":"kaftgpd6ghn6ees"}
{"type":"log","timestamp":1731247629920,"level":"info","message":"html-to-xlsx generation is starting","meta":{"rootId":"381evfx3ipvq0oa","id":"381evfx3ipvq0oa"},"id":"d10cv3yp0rwp86g","previousOperationId":"kaftgpd6ghn6ees"}
{"type":"log","timestamp":1731247630483,"level":"info","message":"html-to-xlsx generation was finished","meta":{"rootId":"381evfx3ipvq0oa","id":"381evfx3ipvq0oa"},"id":"v32nbr6mu2o6xcb","previousOperationId":"kaftgpd6ghn6ees"}
{"type":"log","timestamp":1731247630483,"level":"debug","message":"preparing office preview","meta":{"rootId":"381evfx3ipvq0oa","id":"381evfx3ipvq0oa"},"id":"ezmm58orzxsn76d","previousOperationId":"kaftgpd6ghn6ees"}
{"type":"operationEnd","operationId":"kaftgpd6ghn6ees","timestamp":1731247630929,"id":"jhnbkssyzqmyr2g","previousEventId":"quax8sbkoj4whnq","previousOperationId":"kaftgpd6ghn6ees"}
{"type":"log","timestamp":1731247630929,"level":"debug","message":"Skipping storing report.","meta":{"rootId":"381evfx3ipvq0oa","id":"381evfx3ipvq0oa"},"id":"3mps7s10x8hiena","previousOperationId":"kaftgpd6ghn6ees"}
{"type":"log","timestamp":1731247630929,"level":"info","message":"Rendering request 104 finished in 1026 ms","meta":{"rootId":"381evfx3ipvq0oa","id":"381evfx3ipvq0oa"},"id":"rn9ozuwi2d0vkq5","previousOperationId":"kaftgpd6ghn6ees"}
{"type":"operationEnd","subtype":"render","operationId":"3b9gspnicsp42w0","timestamp":1731247630929,"id":"1qu4pjn9e2w9t9l","previousEventId":"jhnbkssyzqmyr2g","previousOperationId":"kaftgpd6ghn6ees"}
{"type":"operationEnd","doDiffs":false,"previousEventId":"ght0d3d1qoxabsn","previousOperationId":"rwa7saw8k4m40p8","operationId":"rwa7saw8k4m40p8","timestamp":1731247630930,"id":"u61orwbmz002fv5"}
