{"type":"operationStart","subtype":"profile","data":{"_id":"afqbQvKmziP6XWo6","timestamp":"2024-11-10T13:59:30.853Z","state":"queued","mode":"standard","creationDate":"2024-11-10T13:59:30.854Z","modificationDate":"2024-11-10T13:59:30.854Z","shortid":"WpDYas1","inheritedReadPermissions":[],"inheritedEditPermissions":[],"$entitySet":"profiles"},"doDiffs":false,"timestamp":1731247170854,"id":"gxaud41wm3a6gwg","previousOperationId":null,"operationId":"rl1rv2egxuhiy2e"}
{"type":"log","level":"info","message":"Render request 94 queued for execution and waiting for available worker","previousOperationId":"rl1rv2egxuhiy2e","timestamp":1731247170854,"id":"5afbtzse1o5r09u"}
{"type":"operationStart","subtype":"render","name":"new-excl-template","previousOperationId":"rl1rv2egxuhiy2e","timestamp":1731247170862,"id":"pe59k3mph277vht","previousEventId":"gxaud41wm3a6gwg","operationId":"4o583sas57wust7"}
{"type":"log","timestamp":1731247170862,"level":"info","message":"Starting rendering request 94 (user: admin)","meta":{"rootId":"3a22sloeqlum0lu","id":"3a22sloeqlum0lu"},"id":"egzghqt3i2punmg","previousOperationId":"4o583sas57wust7"}
{"type":"log","timestamp":1731247170862,"level":"info","message":"Rendering template { name: new-excl-template, recipe: html-to-xlsx, engine: handlebars, preview: true }","meta":{"rootId":"3a22sloeqlum0lu","id":"3a22sloeqlum0lu"},"id":"a9djfoou9v7mnv5","previousOperationId":"4o583sas57wust7"}
{"type":"log","timestamp":1731247170862,"level":"debug","message":"Inline data specified.","meta":{"rootId":"3a22sloeqlum0lu","id":"3a22sloeqlum0lu"},"id":"pcap3y0sc8fn6n7","previousOperationId":"4o583sas57wust7"}
{"type":"log","timestamp":1731247170864,"level":"debug","message":"Base url not specified, skipping its injection.","meta":{"rootId":"3a22sloeqlum0lu","id":"3a22sloeqlum0lu"},"id":"tuo6vjgl8hmkyr3","previousOperationId":"4o583sas57wust7"}
{"type":"log","timestamp":1731247170867,"level":"debug","message":"Replaced assets [\"KhmerOSSiemreapRegular.ttf\"]","meta":{"rootId":"3a22sloeqlum0lu","id":"3a22sloeqlum0lu"},"id":"95ju06c7s3737zo","previousOperationId":"4o583sas57wust7"}
{"type":"operationStart","subtype":"engine","name":"handlebars","timestamp":1731247170867,"id":"j3j7ddq371d7iqe","previousEventId":"pe59k3mph277vht","operationId":"zhnf1avzru56vbx","previousOperationId":"4o583sas57wust7"}
{"type":"log","timestamp":1731247170867,"level":"debug","message":"Rendering engine handlebars","meta":{"rootId":"3a22sloeqlum0lu","id":"3a22sloeqlum0lu"},"id":"vfwb3nlluxcj570","previousOperationId":"zhnf1avzru56vbx"}
{"type":"operationEnd","operationId":"zhnf1avzru56vbx","timestamp":1731247170881,"id":"cu0y7iblc7yqxe7","previousEventId":"j3j7ddq371d7iqe","previousOperationId":"zhnf1avzru56vbx"}
{"type":"operationStart","subtype":"recipe","name":"html-to-xlsx","timestamp":1731247170882,"id":"i6sk50xvppowexf","previousEventId":"cu0y7iblc7yqxe7","operationId":"dpll4ny4fr74c9q","previousOperationId":"zhnf1avzru56vbx"}
{"type":"log","timestamp":1731247170882,"level":"debug","message":"Executing recipe html-to-xlsx","meta":{"rootId":"3a22sloeqlum0lu","id":"3a22sloeqlum0lu"},"id":"kdab465eg782av2","previousOperationId":"dpll4ny4fr74c9q"}
{"type":"log","timestamp":1731247170882,"level":"info","message":"html-to-xlsx generation is starting","meta":{"rootId":"3a22sloeqlum0lu","id":"3a22sloeqlum0lu"},"id":"fnsey7fien6zr9l","previousOperationId":"dpll4ny4fr74c9q"}
{"type":"log","timestamp":1731247171515,"level":"info","message":"html-to-xlsx generation was finished","meta":{"rootId":"3a22sloeqlum0lu","id":"3a22sloeqlum0lu"},"id":"zi8q5c9spyx5t2p","previousOperationId":"dpll4ny4fr74c9q"}
{"type":"log","timestamp":1731247171515,"level":"debug","message":"preparing office preview","meta":{"rootId":"3a22sloeqlum0lu","id":"3a22sloeqlum0lu"},"id":"shj7tjt2fu0tcqi","previousOperationId":"dpll4ny4fr74c9q"}
{"type":"operationEnd","operationId":"dpll4ny4fr74c9q","timestamp":1731247171959,"id":"ww2t46boiydu9qm","previousEventId":"i6sk50xvppowexf","previousOperationId":"dpll4ny4fr74c9q"}
{"type":"log","timestamp":1731247171959,"level":"debug","message":"Skipping storing report.","meta":{"rootId":"3a22sloeqlum0lu","id":"3a22sloeqlum0lu"},"id":"i436apj3ptbrot1","previousOperationId":"dpll4ny4fr74c9q"}
{"type":"log","timestamp":1731247171959,"level":"info","message":"Rendering request 94 finished in 1107 ms","meta":{"rootId":"3a22sloeqlum0lu","id":"3a22sloeqlum0lu"},"id":"kc8npro6a7acqge","previousOperationId":"dpll4ny4fr74c9q"}
{"type":"operationEnd","subtype":"render","operationId":"4o583sas57wust7","timestamp":1731247171959,"id":"rki69lf8e0nmxl1","previousEventId":"ww2t46boiydu9qm","previousOperationId":"dpll4ny4fr74c9q"}
{"type":"operationEnd","doDiffs":false,"previousEventId":"gxaud41wm3a6gwg","previousOperationId":"rl1rv2egxuhiy2e","operationId":"rl1rv2egxuhiy2e","timestamp":1731247171961,"id":"bd026wzekauq1yy"}
