{"type":"operationStart","subtype":"profile","data":{"_id":"hvO4IyER4xE8HGSX","timestamp":"2024-11-10T14:04:04.478Z","state":"queued","mode":"standard","creationDate":"2024-11-10T14:04:04.479Z","modificationDate":"2024-11-10T14:04:04.479Z","shortid":"tadYzy2","inheritedReadPermissions":[],"inheritedEditPermissions":[],"$entitySet":"profiles"},"doDiffs":false,"timestamp":1731247444479,"id":"x9drfuluue6a4b1","previousOperationId":null,"operationId":"r83f58xzzs1eo24"}
{"type":"log","level":"info","message":"Render request 99 queued for execution and waiting for available worker","previousOperationId":"r83f58xzzs1eo24","timestamp":1731247444479,"id":"ops7wuxa3wa80rz"}
{"type":"operationStart","subtype":"render","name":"new-excl-template","previousOperationId":"r83f58xzzs1eo24","timestamp":1731247444487,"id":"vkmtcgiew23551r","previousEventId":"x9drfuluue6a4b1","operationId":"kjy6fzdgy9oow9n"}
{"type":"log","timestamp":1731247444487,"level":"info","message":"Starting rendering request 99 (user: admin)","meta":{"rootId":"3ag58yb0ehr2fp7","id":"3ag58yb0ehr2fp7"},"id":"muw2rqjg2zexjf0","previousOperationId":"kjy6fzdgy9oow9n"}
{"type":"log","timestamp":1731247444487,"level":"info","message":"Rendering template { name: new-excl-template, recipe: html-to-xlsx, engine: handlebars, preview: true }","meta":{"rootId":"3ag58yb0ehr2fp7","id":"3ag58yb0ehr2fp7"},"id":"tykh99n0whh591l","previousOperationId":"kjy6fzdgy9oow9n"}
{"type":"log","timestamp":1731247444487,"level":"debug","message":"Inline data specified.","meta":{"rootId":"3ag58yb0ehr2fp7","id":"3ag58yb0ehr2fp7"},"id":"y4u12r3ueiqczxm","previousOperationId":"kjy6fzdgy9oow9n"}
{"type":"log","timestamp":1731247444489,"level":"debug","message":"Base url not specified, skipping its injection.","meta":{"rootId":"3ag58yb0ehr2fp7","id":"3ag58yb0ehr2fp7"},"id":"fn1p1uro20bl66n","previousOperationId":"kjy6fzdgy9oow9n"}
{"type":"log","timestamp":1731247444490,"level":"debug","message":"Replaced assets [\"KhmerOSSiemreapRegular.ttf\"]","meta":{"rootId":"3ag58yb0ehr2fp7","id":"3ag58yb0ehr2fp7"},"id":"60hohg32lmvrqr6","previousOperationId":"kjy6fzdgy9oow9n"}
{"type":"operationStart","subtype":"engine","name":"handlebars","timestamp":1731247444490,"id":"5pjzy4mpibk38i9","previousEventId":"vkmtcgiew23551r","operationId":"eioj6wgacohxd78","previousOperationId":"kjy6fzdgy9oow9n"}
{"type":"log","timestamp":1731247444490,"level":"debug","message":"Rendering engine handlebars","meta":{"rootId":"3ag58yb0ehr2fp7","id":"3ag58yb0ehr2fp7"},"id":"790cstffkyggz9t","previousOperationId":"eioj6wgacohxd78"}
{"type":"operationEnd","operationId":"eioj6wgacohxd78","timestamp":1731247444497,"id":"m750orhgddens72","previousEventId":"5pjzy4mpibk38i9","previousOperationId":"eioj6wgacohxd78"}
{"type":"operationStart","subtype":"recipe","name":"html-to-xlsx","timestamp":1731247444498,"id":"yvaz7svg10heosv","previousEventId":"m750orhgddens72","operationId":"juyi0boen8end0z","previousOperationId":"eioj6wgacohxd78"}
{"type":"log","timestamp":1731247444498,"level":"debug","message":"Executing recipe html-to-xlsx","meta":{"rootId":"3ag58yb0ehr2fp7","id":"3ag58yb0ehr2fp7"},"id":"5qr5tanq9qjeyrv","previousOperationId":"juyi0boen8end0z"}
{"type":"log","timestamp":1731247444498,"level":"info","message":"html-to-xlsx generation is starting","meta":{"rootId":"3ag58yb0ehr2fp7","id":"3ag58yb0ehr2fp7"},"id":"fot81d45yruf0qp","previousOperationId":"juyi0boen8end0z"}
{"type":"log","timestamp":1731247445153,"level":"info","message":"html-to-xlsx generation was finished","meta":{"rootId":"3ag58yb0ehr2fp7","id":"3ag58yb0ehr2fp7"},"id":"a1xk318c5wze5qo","previousOperationId":"juyi0boen8end0z"}
{"type":"log","timestamp":1731247445153,"level":"debug","message":"preparing office preview","meta":{"rootId":"3ag58yb0ehr2fp7","id":"3ag58yb0ehr2fp7"},"id":"j3wly7l0zhiag9g","previousOperationId":"juyi0boen8end0z"}
{"type":"operationEnd","operationId":"juyi0boen8end0z","timestamp":1731247445613,"id":"whmmh1k4bvihbks","previousEventId":"yvaz7svg10heosv","previousOperationId":"juyi0boen8end0z"}
{"type":"log","timestamp":1731247445613,"level":"debug","message":"Skipping storing report.","meta":{"rootId":"3ag58yb0ehr2fp7","id":"3ag58yb0ehr2fp7"},"id":"1rc52x99jrk2rwa","previousOperationId":"juyi0boen8end0z"}
{"type":"log","timestamp":1731247445613,"level":"info","message":"Rendering request 99 finished in 1135 ms","meta":{"rootId":"3ag58yb0ehr2fp7","id":"3ag58yb0ehr2fp7"},"id":"iowi51mrvhjccmi","previousOperationId":"juyi0boen8end0z"}
{"type":"operationEnd","subtype":"render","operationId":"kjy6fzdgy9oow9n","timestamp":1731247445613,"id":"a8nadzu5kaa2up0","previousEventId":"whmmh1k4bvihbks","previousOperationId":"juyi0boen8end0z"}
{"type":"operationEnd","doDiffs":false,"previousEventId":"x9drfuluue6a4b1","previousOperationId":"r83f58xzzs1eo24","operationId":"r83f58xzzs1eo24","timestamp":1731247445615,"id":"mbxd2wp3ylgrxfo"}
