{"type":"operationStart","subtype":"profile","data":{"_id":"i5MkrSbw3gyuUXqG","timestamp":"2024-11-10T13:15:45.746Z","state":"queued","mode":"standard","creationDate":"2024-11-10T13:15:45.747Z","modificationDate":"2024-11-10T13:15:45.747Z","shortid":"LJaNxRT","inheritedReadPermissions":[],"inheritedEditPermissions":[],"$entitySet":"profiles"},"doDiffs":false,"timestamp":1731244545746,"id":"c411anjokghui39","previousOperationId":null,"operationId":"nkebhokmse98i3m"}
{"type":"log","level":"info","message":"Render request 34 queued for execution and waiting for available worker","previousOperationId":"nkebhokmse98i3m","timestamp":1731244545746,"id":"t4awmjy820a83yu"}
{"type":"operationStart","subtype":"render","name":"new-excl-template","previousOperationId":"nkebhokmse98i3m","timestamp":1731244545753,"id":"7t44fik7y73e5tw","previousEventId":"c411anjokghui39","operationId":"s6urppkuq192ver"}
{"type":"log","timestamp":1731244545753,"level":"info","message":"Starting rendering request 34 (user: admin)","meta":{"rootId":"3ayce81zxjbb4es","id":"3ayce81zxjbb4es"},"id":"zg0qeir7cifpsu6","previousOperationId":"s6urppkuq192ver"}
{"type":"log","timestamp":1731244545753,"level":"info","message":"Rendering template { name: new-excl-template, recipe: html-to-xlsx, engine: handlebars, preview: true }","meta":{"rootId":"3ayce81zxjbb4es","id":"3ayce81zxjbb4es"},"id":"11gpptgbzm21w74","previousOperationId":"s6urppkuq192ver"}
{"type":"log","timestamp":1731244545753,"level":"debug","message":"Inline data specified.","meta":{"rootId":"3ayce81zxjbb4es","id":"3ayce81zxjbb4es"},"id":"uxc5m8zbcgtoa0l","previousOperationId":"s6urppkuq192ver"}
{"type":"log","timestamp":1731244545754,"level":"debug","message":"Base url not specified, skipping its injection.","meta":{"rootId":"3ayce81zxjbb4es","id":"3ayce81zxjbb4es"},"id":"c8pw7ot6v49h6jv","previousOperationId":"s6urppkuq192ver"}
{"type":"log","timestamp":1731244545756,"level":"debug","message":"Replaced assets [\"KhmerOSSiemreapRegular.ttf\"]","meta":{"rootId":"3ayce81zxjbb4es","id":"3ayce81zxjbb4es"},"id":"bib1bn9zw4rjr5z","previousOperationId":"s6urppkuq192ver"}
{"type":"operationStart","subtype":"engine","name":"handlebars","timestamp":1731244545756,"id":"o94gd4im96srvpe","previousEventId":"7t44fik7y73e5tw","operationId":"jhym512chukq69a","previousOperationId":"s6urppkuq192ver"}
{"type":"log","timestamp":1731244545756,"level":"debug","message":"Rendering engine handlebars","meta":{"rootId":"3ayce81zxjbb4es","id":"3ayce81zxjbb4es"},"id":"sramxi66n0cqw5e","previousOperationId":"jhym512chukq69a"}
{"type":"operationEnd","operationId":"jhym512chukq69a","timestamp":1731244545767,"id":"ytwkyp71hm7i4uk","previousEventId":"o94gd4im96srvpe","previousOperationId":"jhym512chukq69a"}
{"type":"operationStart","subtype":"recipe","name":"html-to-xlsx","timestamp":1731244545769,"id":"205dt3s8z0jr8yh","previousEventId":"ytwkyp71hm7i4uk","operationId":"cd1hymhcvqkz3iu","previousOperationId":"jhym512chukq69a"}
{"type":"log","timestamp":1731244545769,"level":"debug","message":"Executing recipe html-to-xlsx","meta":{"rootId":"3ayce81zxjbb4es","id":"3ayce81zxjbb4es"},"id":"5jt6zbombuozejg","previousOperationId":"cd1hymhcvqkz3iu"}
{"type":"log","timestamp":1731244545769,"level":"info","message":"html-to-xlsx generation is starting","meta":{"rootId":"3ayce81zxjbb4es","id":"3ayce81zxjbb4es"},"id":"lmn1mjsxlf5t1jk","previousOperationId":"cd1hymhcvqkz3iu"}
{"type":"log","timestamp":1731244546347,"level":"info","message":"html-to-xlsx generation was finished","meta":{"rootId":"3ayce81zxjbb4es","id":"3ayce81zxjbb4es"},"id":"gz143k1rgob8vob","previousOperationId":"cd1hymhcvqkz3iu"}
{"type":"log","timestamp":1731244546347,"level":"debug","message":"preparing office preview","meta":{"rootId":"3ayce81zxjbb4es","id":"3ayce81zxjbb4es"},"id":"yn58vnnnu2mnddz","previousOperationId":"cd1hymhcvqkz3iu"}
{"type":"operationEnd","operationId":"cd1hymhcvqkz3iu","timestamp":1731244546815,"id":"aw1awh78tsf05fv","previousEventId":"205dt3s8z0jr8yh","previousOperationId":"cd1hymhcvqkz3iu"}
{"type":"log","timestamp":1731244546815,"level":"debug","message":"Skipping storing report.","meta":{"rootId":"3ayce81zxjbb4es","id":"3ayce81zxjbb4es"},"id":"6yfun7rez0ploii","previousOperationId":"cd1hymhcvqkz3iu"}
{"type":"log","timestamp":1731244546815,"level":"info","message":"Rendering request 34 finished in 1070 ms","meta":{"rootId":"3ayce81zxjbb4es","id":"3ayce81zxjbb4es"},"id":"ev71c3vjym5y46i","previousOperationId":"cd1hymhcvqkz3iu"}
{"type":"operationEnd","subtype":"render","operationId":"s6urppkuq192ver","timestamp":1731244546815,"id":"qdu1txz4rrdgfqi","previousEventId":"aw1awh78tsf05fv","previousOperationId":"cd1hymhcvqkz3iu"}
{"type":"operationEnd","doDiffs":false,"previousEventId":"c411anjokghui39","previousOperationId":"nkebhokmse98i3m","operationId":"nkebhokmse98i3m","timestamp":1731244546817,"id":"xfxk1k93iz6avhj"}
