{"type":"operationStart","subtype":"profile","data":{"_id":"TsN48WrKQGj7JcyL","timestamp":"2024-11-10T08:30:52.105Z","state":"queued","mode":"standard","creationDate":"2024-11-10T08:30:52.106Z","modificationDate":"2024-11-10T08:30:52.106Z","shortid":"eBTpEJk","inheritedReadPermissions":[],"inheritedEditPermissions":[],"$entitySet":"profiles"},"doDiffs":false,"timestamp":1731227452106,"id":"si7v31tebaf4tf2","previousOperationId":null,"operationId":"xr7xjeu76fn32b7"}
{"type":"log","level":"info","message":"Render request 122 queued for execution and waiting for available worker","previousOperationId":"xr7xjeu76fn32b7","timestamp":1731227452106,"id":"ba76pe2ylt08k8b"}
{"type":"operationStart","subtype":"render","name":"new-excl-template","previousOperationId":"xr7xjeu76fn32b7","timestamp":1731227452114,"id":"lgt7dxwg6aa48ch","previousEventId":"si7v31tebaf4tf2","operationId":"opg2qgx60h0exo7"}
{"type":"log","timestamp":1731227452114,"level":"info","message":"Starting rendering request 122 (user: admin)","meta":{"rootId":"3df527gx9fukxhp","id":"3df527gx9fukxhp"},"id":"2fz5xz26b4t8l7i","previousOperationId":"opg2qgx60h0exo7"}
{"type":"log","timestamp":1731227452114,"level":"info","message":"Rendering template { name: new-excl-template, recipe: html-to-xlsx, engine: handlebars, preview: true }","meta":{"rootId":"3df527gx9fukxhp","id":"3df527gx9fukxhp"},"id":"gpos7kqbl41w11o","previousOperationId":"opg2qgx60h0exo7"}
{"type":"log","timestamp":1731227452115,"level":"debug","message":"Adding sample data pVkbCM7am","meta":{"rootId":"3df527gx9fukxhp","id":"3df527gx9fukxhp"},"id":"2dj96aynigo4bx9","previousOperationId":"opg2qgx60h0exo7"}
{"type":"log","timestamp":1731227452117,"level":"debug","message":"Base url not specified, skipping its injection.","meta":{"rootId":"3df527gx9fukxhp","id":"3df527gx9fukxhp"},"id":"4qi7xn6gck5o5ha","previousOperationId":"opg2qgx60h0exo7"}
{"type":"log","timestamp":1731227452119,"level":"debug","message":"Replaced assets [\"/asset/font/KhmerOSSiemreapRegular.ttf\"]","meta":{"rootId":"3df527gx9fukxhp","id":"3df527gx9fukxhp"},"id":"w5ys8sgayohuftv","previousOperationId":"opg2qgx60h0exo7"}
{"type":"operationStart","subtype":"engine","name":"handlebars","timestamp":1731227452119,"id":"x2mpnzzsovtsy0x","previousEventId":"lgt7dxwg6aa48ch","operationId":"ovc4202zonk7lpj","previousOperationId":"opg2qgx60h0exo7"}
{"type":"log","timestamp":1731227452119,"level":"debug","message":"Rendering engine handlebars","meta":{"rootId":"3df527gx9fukxhp","id":"3df527gx9fukxhp"},"id":"vt4ibkstmmbxezr","previousOperationId":"ovc4202zonk7lpj"}
{"type":"operationEnd","operationId":"ovc4202zonk7lpj","timestamp":1731227452134,"id":"tlup9qxn2mnm1qm","previousEventId":"x2mpnzzsovtsy0x","previousOperationId":"ovc4202zonk7lpj"}
{"type":"operationStart","subtype":"recipe","name":"html-to-xlsx","timestamp":1731227452136,"id":"2p6sc7nhf47myn7","previousEventId":"tlup9qxn2mnm1qm","operationId":"4yfdudjz54nlc1m","previousOperationId":"ovc4202zonk7lpj"}
{"type":"log","timestamp":1731227452137,"level":"debug","message":"Executing recipe html-to-xlsx","meta":{"rootId":"3df527gx9fukxhp","id":"3df527gx9fukxhp"},"id":"eu66z9zwxs11u45","previousOperationId":"4yfdudjz54nlc1m"}
{"type":"log","timestamp":1731227452137,"level":"info","message":"html-to-xlsx generation is starting","meta":{"rootId":"3df527gx9fukxhp","id":"3df527gx9fukxhp"},"id":"wde1ougy48ek66u","previousOperationId":"4yfdudjz54nlc1m"}
{"type":"log","timestamp":1731227453022,"level":"info","message":"html-to-xlsx generation was finished","meta":{"rootId":"3df527gx9fukxhp","id":"3df527gx9fukxhp"},"id":"chkuyjkvgu0vx6g","previousOperationId":"4yfdudjz54nlc1m"}
{"type":"log","timestamp":1731227453022,"level":"debug","message":"preparing office preview","meta":{"rootId":"3df527gx9fukxhp","id":"3df527gx9fukxhp"},"id":"bxd965kocog0ja5","previousOperationId":"4yfdudjz54nlc1m"}
{"type":"operationEnd","operationId":"4yfdudjz54nlc1m","timestamp":1731227453466,"id":"ahj9govuqa9ak7e","previousEventId":"2p6sc7nhf47myn7","previousOperationId":"4yfdudjz54nlc1m"}
{"type":"log","timestamp":1731227453466,"level":"debug","message":"Skipping storing report.","meta":{"rootId":"3df527gx9fukxhp","id":"3df527gx9fukxhp"},"id":"mk841bq1eurlwd9","previousOperationId":"4yfdudjz54nlc1m"}
{"type":"log","timestamp":1731227453466,"level":"info","message":"Rendering request 122 finished in 1362 ms","meta":{"rootId":"3df527gx9fukxhp","id":"3df527gx9fukxhp"},"id":"d780m49axfefl6h","previousOperationId":"4yfdudjz54nlc1m"}
{"type":"operationEnd","subtype":"render","operationId":"opg2qgx60h0exo7","timestamp":1731227453466,"id":"uc6a0udl4ny3ko4","previousEventId":"ahj9govuqa9ak7e","previousOperationId":"4yfdudjz54nlc1m"}
{"type":"operationEnd","doDiffs":false,"previousEventId":"si7v31tebaf4tf2","previousOperationId":"xr7xjeu76fn32b7","operationId":"xr7xjeu76fn32b7","timestamp":1731227453468,"id":"s7jfgs0pwjh1acp"}
