{"type":"operationStart","subtype":"profile","data":{"_id":"i46cysyMvmWCghVJ","timestamp":"2024-11-10T13:22:35.287Z","state":"queued","mode":"standard","creationDate":"2024-11-10T13:22:35.289Z","modificationDate":"2024-11-10T13:22:35.289Z","shortid":"7iwoBmM","inheritedReadPermissions":[],"inheritedEditPermissions":[],"$entitySet":"profiles"},"doDiffs":false,"timestamp":1731244955288,"id":"xf9lmon5jkhb5ox","previousOperationId":null,"operationId":"a15yvcsz6xi8otj"}
{"type":"log","level":"info","message":"Render request 55 queued for execution and waiting for available worker","previousOperationId":"a15yvcsz6xi8otj","timestamp":1731244955288,"id":"f071ee7mcqfggh1"}
{"type":"operationStart","subtype":"render","name":"new-excl-template","previousOperationId":"a15yvcsz6xi8otj","timestamp":1731244955295,"id":"5wo1uaa3upkeao9","previousEventId":"xf9lmon5jkhb5ox","operationId":"y285s5vmfsmxvdy"}
{"type":"log","timestamp":1731244955295,"level":"info","message":"Starting rendering request 55 (user: admin)","meta":{"rootId":"3f02jzrshncu3az","id":"3f02jzrshncu3az"},"id":"nduwc4qadxv6gb6","previousOperationId":"y285s5vmfsmxvdy"}
{"type":"log","timestamp":1731244955295,"level":"info","message":"Rendering template { name: new-excl-template, recipe: html-to-xlsx, engine: handlebars, preview: true }","meta":{"rootId":"3f02jzrshncu3az","id":"3f02jzrshncu3az"},"id":"bn8a8c32aw43tj4","previousOperationId":"y285s5vmfsmxvdy"}
{"type":"log","timestamp":1731244955296,"level":"debug","message":"Inline data specified.","meta":{"rootId":"3f02jzrshncu3az","id":"3f02jzrshncu3az"},"id":"dlbsyayaeghiqn9","previousOperationId":"y285s5vmfsmxvdy"}
{"type":"log","timestamp":1731244955298,"level":"debug","message":"Base url not specified, skipping its injection.","meta":{"rootId":"3f02jzrshncu3az","id":"3f02jzrshncu3az"},"id":"d4pvqju7lhpmwah","previousOperationId":"y285s5vmfsmxvdy"}
{"type":"log","timestamp":1731244955300,"level":"debug","message":"Replaced assets [\"KhmerOSSiemreapRegular.ttf\"]","meta":{"rootId":"3f02jzrshncu3az","id":"3f02jzrshncu3az"},"id":"37hqm0kuh96m6hv","previousOperationId":"y285s5vmfsmxvdy"}
{"type":"operationStart","subtype":"engine","name":"handlebars","timestamp":1731244955300,"id":"mvhuvvrh595xanl","previousEventId":"5wo1uaa3upkeao9","operationId":"051gg8guz3hxeh1","previousOperationId":"y285s5vmfsmxvdy"}
{"type":"log","timestamp":1731244955300,"level":"debug","message":"Rendering engine handlebars","meta":{"rootId":"3f02jzrshncu3az","id":"3f02jzrshncu3az"},"id":"prg295idaei8j4u","previousOperationId":"051gg8guz3hxeh1"}
{"type":"operationEnd","operationId":"051gg8guz3hxeh1","timestamp":1731244955312,"id":"1jhnfijmi0r6fkp","previousEventId":"mvhuvvrh595xanl","previousOperationId":"051gg8guz3hxeh1"}
{"type":"operationStart","subtype":"recipe","name":"html-to-xlsx","timestamp":1731244955314,"id":"rmbczfyu5e3pyfc","previousEventId":"1jhnfijmi0r6fkp","operationId":"2pxfoh2i18zutkk","previousOperationId":"051gg8guz3hxeh1"}
{"type":"log","timestamp":1731244955314,"level":"debug","message":"Executing recipe html-to-xlsx","meta":{"rootId":"3f02jzrshncu3az","id":"3f02jzrshncu3az"},"id":"epj3ayaut77zaqs","previousOperationId":"2pxfoh2i18zutkk"}
{"type":"log","timestamp":1731244955314,"level":"info","message":"html-to-xlsx generation is starting","meta":{"rootId":"3f02jzrshncu3az","id":"3f02jzrshncu3az"},"id":"6atzt399p4ktpnh","previousOperationId":"2pxfoh2i18zutkk"}
{"type":"log","timestamp":1731244955892,"level":"info","message":"html-to-xlsx generation was finished","meta":{"rootId":"3f02jzrshncu3az","id":"3f02jzrshncu3az"},"id":"gk31qyghtnrmw0g","previousOperationId":"2pxfoh2i18zutkk"}
{"type":"log","timestamp":1731244955893,"level":"debug","message":"preparing office preview","meta":{"rootId":"3f02jzrshncu3az","id":"3f02jzrshncu3az"},"id":"e5a41mwxur07y4f","previousOperationId":"2pxfoh2i18zutkk"}
{"type":"operationEnd","operationId":"2pxfoh2i18zutkk","timestamp":1731244956342,"id":"0kacz41wdi6lz9u","previousEventId":"rmbczfyu5e3pyfc","previousOperationId":"2pxfoh2i18zutkk"}
{"type":"log","timestamp":1731244956342,"level":"debug","message":"Skipping storing report.","meta":{"rootId":"3f02jzrshncu3az","id":"3f02jzrshncu3az"},"id":"af8e8aci3rsda2a","previousOperationId":"2pxfoh2i18zutkk"}
{"type":"log","timestamp":1731244956342,"level":"info","message":"Rendering request 55 finished in 1055 ms","meta":{"rootId":"3f02jzrshncu3az","id":"3f02jzrshncu3az"},"id":"9k94782v50yitxg","previousOperationId":"2pxfoh2i18zutkk"}
{"type":"operationEnd","subtype":"render","operationId":"y285s5vmfsmxvdy","timestamp":1731244956342,"id":"c7tv7445f46xkh7","previousEventId":"0kacz41wdi6lz9u","previousOperationId":"2pxfoh2i18zutkk"}
{"type":"operationEnd","doDiffs":false,"previousEventId":"xf9lmon5jkhb5ox","previousOperationId":"a15yvcsz6xi8otj","operationId":"a15yvcsz6xi8otj","timestamp":1731244956344,"id":"j37sboanx9qsjan"}
