{"type":"operationStart","subtype":"profile","data":{"_id":"f8NWHr2OpWIiRPcP","timestamp":"2024-11-10T14:08:01.305Z","state":"queued","mode":"standard","creationDate":"2024-11-10T14:08:01.306Z","modificationDate":"2024-11-10T14:08:01.306Z","shortid":"yTwedF8","inheritedReadPermissions":[],"inheritedEditPermissions":[],"$entitySet":"profiles"},"doDiffs":false,"timestamp":1731247681306,"id":"ldlxjsd0iush6iv","previousOperationId":null,"operationId":"mqyk9aaqz3a3yqs"}
{"type":"log","level":"info","message":"Render request 107 queued for execution and waiting for available worker","previousOperationId":"mqyk9aaqz3a3yqs","timestamp":1731247681306,"id":"fyk2nfpb0ck62x0"}
{"type":"operationStart","subtype":"render","name":"new-excl-template","previousOperationId":"mqyk9aaqz3a3yqs","timestamp":1731247681313,"id":"cm1gavzpwmudskj","previousEventId":"ldlxjsd0iush6iv","operationId":"noigbdbwgrpgf88"}
{"type":"log","timestamp":1731247681313,"level":"info","message":"Starting rendering request 107 (user: admin)","meta":{"rootId":"3jo1xnmb9uzt6ba","id":"3jo1xnmb9uzt6ba"},"id":"yyp1u0poyqvhi4h","previousOperationId":"noigbdbwgrpgf88"}
{"type":"log","timestamp":1731247681313,"level":"info","message":"Rendering template { name: new-excl-template, recipe: html-to-xlsx, engine: handlebars, preview: true }","meta":{"rootId":"3jo1xnmb9uzt6ba","id":"3jo1xnmb9uzt6ba"},"id":"t8z3wvw0nenugr5","previousOperationId":"noigbdbwgrpgf88"}
{"type":"log","timestamp":1731247681313,"level":"debug","message":"Inline data specified.","meta":{"rootId":"3jo1xnmb9uzt6ba","id":"3jo1xnmb9uzt6ba"},"id":"npthcjcultmvkuz","previousOperationId":"noigbdbwgrpgf88"}
{"type":"log","timestamp":1731247681315,"level":"debug","message":"Base url not specified, skipping its injection.","meta":{"rootId":"3jo1xnmb9uzt6ba","id":"3jo1xnmb9uzt6ba"},"id":"n8728kukk1pme9c","previousOperationId":"noigbdbwgrpgf88"}
{"type":"log","timestamp":1731247681317,"level":"debug","message":"Replaced assets [\"KhmerOSSiemreapRegular.ttf\"]","meta":{"rootId":"3jo1xnmb9uzt6ba","id":"3jo1xnmb9uzt6ba"},"id":"kbl3gokssncjwwz","previousOperationId":"noigbdbwgrpgf88"}
{"type":"operationStart","subtype":"engine","name":"handlebars","timestamp":1731247681318,"id":"d5mhabvf0zb1g8q","previousEventId":"cm1gavzpwmudskj","operationId":"5gdnao69gl5p8vo","previousOperationId":"noigbdbwgrpgf88"}
{"type":"log","timestamp":1731247681318,"level":"debug","message":"Rendering engine handlebars","meta":{"rootId":"3jo1xnmb9uzt6ba","id":"3jo1xnmb9uzt6ba"},"id":"5pfs6vdx1b8b20u","previousOperationId":"5gdnao69gl5p8vo"}
{"type":"operationEnd","operationId":"5gdnao69gl5p8vo","timestamp":1731247681328,"id":"j0fr98srii9t5a0","previousEventId":"d5mhabvf0zb1g8q","previousOperationId":"5gdnao69gl5p8vo"}
{"type":"operationStart","subtype":"recipe","name":"html-to-xlsx","timestamp":1731247681330,"id":"k9q37ajcmg5vc02","previousEventId":"j0fr98srii9t5a0","operationId":"glw5v1w04urervi","previousOperationId":"5gdnao69gl5p8vo"}
{"type":"log","timestamp":1731247681330,"level":"debug","message":"Executing recipe html-to-xlsx","meta":{"rootId":"3jo1xnmb9uzt6ba","id":"3jo1xnmb9uzt6ba"},"id":"30l111bvn1uykh0","previousOperationId":"glw5v1w04urervi"}
{"type":"log","timestamp":1731247681330,"level":"info","message":"html-to-xlsx generation is starting","meta":{"rootId":"3jo1xnmb9uzt6ba","id":"3jo1xnmb9uzt6ba"},"id":"lyt34hf5vf82jol","previousOperationId":"glw5v1w04urervi"}
{"type":"log","timestamp":1731247681929,"level":"info","message":"html-to-xlsx generation was finished","meta":{"rootId":"3jo1xnmb9uzt6ba","id":"3jo1xnmb9uzt6ba"},"id":"shy5kpecd52fz51","previousOperationId":"glw5v1w04urervi"}
{"type":"log","timestamp":1731247681929,"level":"debug","message":"preparing office preview","meta":{"rootId":"3jo1xnmb9uzt6ba","id":"3jo1xnmb9uzt6ba"},"id":"4194cufkntlqngq","previousOperationId":"glw5v1w04urervi"}
{"type":"operationEnd","operationId":"glw5v1w04urervi","timestamp":1731247682373,"id":"90ml6ginvttc8tj","previousEventId":"k9q37ajcmg5vc02","previousOperationId":"glw5v1w04urervi"}
{"type":"log","timestamp":1731247682373,"level":"debug","message":"Skipping storing report.","meta":{"rootId":"3jo1xnmb9uzt6ba","id":"3jo1xnmb9uzt6ba"},"id":"dppqjeg8jf5y1xd","previousOperationId":"glw5v1w04urervi"}
{"type":"log","timestamp":1731247682373,"level":"info","message":"Rendering request 107 finished in 1068 ms","meta":{"rootId":"3jo1xnmb9uzt6ba","id":"3jo1xnmb9uzt6ba"},"id":"5hp7uiwijm7dxya","previousOperationId":"glw5v1w04urervi"}
{"type":"operationEnd","subtype":"render","operationId":"noigbdbwgrpgf88","timestamp":1731247682373,"id":"k5c6chpu7zqg545","previousEventId":"90ml6ginvttc8tj","previousOperationId":"glw5v1w04urervi"}
{"type":"operationEnd","doDiffs":false,"previousEventId":"ldlxjsd0iush6iv","previousOperationId":"mqyk9aaqz3a3yqs","operationId":"mqyk9aaqz3a3yqs","timestamp":1731247682375,"id":"7w1vl5iex8i0bf4"}
