{"type":"operationStart","subtype":"profile","data":{"_id":"NBt0gb6owoLbUzcp","timestamp":"2024-11-10T09:00:38.023Z","state":"queued","mode":"standard","creationDate":"2024-11-10T09:00:38.024Z","modificationDate":"2024-11-10T09:00:38.024Z","shortid":"skTZQkt","inheritedReadPermissions":[],"inheritedEditPermissions":[],"$entitySet":"profiles"},"doDiffs":false,"timestamp":1731229238023,"id":"dlr2albx4yf790c","previousOperationId":null,"operationId":"shk7mn4z5bise3f"}
{"type":"log","level":"info","message":"Render request 175 queued for execution and waiting for available worker","previousOperationId":"shk7mn4z5bise3f","timestamp":1731229238024,"id":"2583s0w720o8xwz"}
{"type":"operationStart","subtype":"render","name":"new-excl-template","previousOperationId":"shk7mn4z5bise3f","timestamp":1731229238031,"id":"nuktmt435ieugsl","previousEventId":"dlr2albx4yf790c","operationId":"036x7z8ymjqhgbp"}
{"type":"log","timestamp":1731229238031,"level":"info","message":"Starting rendering request 175 (user: admin)","meta":{"rootId":"3k6biiwyzqjjcnw","id":"3k6biiwyzqjjcnw"},"id":"egqsgnefywlfoea","previousOperationId":"036x7z8ymjqhgbp"}
{"type":"log","timestamp":1731229238031,"level":"info","message":"Rendering template { name: new-excl-template, recipe: html-to-xlsx, engine: handlebars, preview: true }","meta":{"rootId":"3k6biiwyzqjjcnw","id":"3k6biiwyzqjjcnw"},"id":"f2efim9der0ll92","previousOperationId":"036x7z8ymjqhgbp"}
{"type":"log","timestamp":1731229238032,"level":"debug","message":"Adding sample data pVkbCM7am","meta":{"rootId":"3k6biiwyzqjjcnw","id":"3k6biiwyzqjjcnw"},"id":"06pi6y8t0h1c3ak","previousOperationId":"036x7z8ymjqhgbp"}
{"type":"log","timestamp":1731229238033,"level":"debug","message":"Base url not specified, skipping its injection.","meta":{"rootId":"3k6biiwyzqjjcnw","id":"3k6biiwyzqjjcnw"},"id":"u80f2can4z9bn82","previousOperationId":"036x7z8ymjqhgbp"}
{"type":"log","timestamp":1731229238035,"level":"debug","message":"Replaced assets [\"KhmerOSSiemreapRegular.ttf\"]","meta":{"rootId":"3k6biiwyzqjjcnw","id":"3k6biiwyzqjjcnw"},"id":"5t7wro51rgfnioz","previousOperationId":"036x7z8ymjqhgbp"}
{"type":"operationStart","subtype":"engine","name":"handlebars","timestamp":1731229238035,"id":"f0qoe6m79i30a9p","previousEventId":"nuktmt435ieugsl","operationId":"26wlzju0gedrvuu","previousOperationId":"036x7z8ymjqhgbp"}
{"type":"log","timestamp":1731229238035,"level":"debug","message":"Rendering engine handlebars","meta":{"rootId":"3k6biiwyzqjjcnw","id":"3k6biiwyzqjjcnw"},"id":"8kx4hevc93gh8mf","previousOperationId":"26wlzju0gedrvuu"}
{"type":"operationEnd","operationId":"26wlzju0gedrvuu","timestamp":1731229238052,"id":"v1794oq9bc6v8jz","previousEventId":"f0qoe6m79i30a9p","previousOperationId":"26wlzju0gedrvuu"}
{"type":"operationStart","subtype":"recipe","name":"html-to-xlsx","timestamp":1731229238056,"id":"85ij030y24l9kgd","previousEventId":"v1794oq9bc6v8jz","operationId":"w3szj49ed43xogs","previousOperationId":"26wlzju0gedrvuu"}
{"type":"log","timestamp":1731229238056,"level":"debug","message":"Executing recipe html-to-xlsx","meta":{"rootId":"3k6biiwyzqjjcnw","id":"3k6biiwyzqjjcnw"},"id":"ln9sc64f5647scy","previousOperationId":"w3szj49ed43xogs"}
{"type":"log","timestamp":1731229238056,"level":"info","message":"html-to-xlsx generation is starting","meta":{"rootId":"3k6biiwyzqjjcnw","id":"3k6biiwyzqjjcnw"},"id":"lqskw78t5ckw4h0","previousOperationId":"w3szj49ed43xogs"}
{"type":"log","timestamp":1731229238983,"level":"info","message":"html-to-xlsx generation was finished","meta":{"rootId":"3k6biiwyzqjjcnw","id":"3k6biiwyzqjjcnw"},"id":"mc1gm9b0foy44gw","previousOperationId":"w3szj49ed43xogs"}
{"type":"log","timestamp":1731229238983,"level":"debug","message":"preparing office preview","meta":{"rootId":"3k6biiwyzqjjcnw","id":"3k6biiwyzqjjcnw"},"id":"tdu90hvdzc5kgv4","previousOperationId":"w3szj49ed43xogs"}
{"type":"operationEnd","operationId":"w3szj49ed43xogs","timestamp":1731229239444,"id":"07xww7pv4ra9tsb","previousEventId":"85ij030y24l9kgd","previousOperationId":"w3szj49ed43xogs"}
{"type":"log","timestamp":1731229239444,"level":"debug","message":"Skipping storing report.","meta":{"rootId":"3k6biiwyzqjjcnw","id":"3k6biiwyzqjjcnw"},"id":"c8wyowzsaeir3tf","previousOperationId":"w3szj49ed43xogs"}
{"type":"log","timestamp":1731229239444,"level":"info","message":"Rendering request 175 finished in 1422 ms","meta":{"rootId":"3k6biiwyzqjjcnw","id":"3k6biiwyzqjjcnw"},"id":"mc2gutxnxqvr0wd","previousOperationId":"w3szj49ed43xogs"}
{"type":"operationEnd","subtype":"render","operationId":"036x7z8ymjqhgbp","timestamp":1731229239444,"id":"yiqsf48c5xqzv3r","previousEventId":"07xww7pv4ra9tsb","previousOperationId":"w3szj49ed43xogs"}
{"type":"operationEnd","doDiffs":false,"previousEventId":"dlr2albx4yf790c","previousOperationId":"shk7mn4z5bise3f","operationId":"shk7mn4z5bise3f","timestamp":1731229239447,"id":"ew47gt7lz3lwp9l"}
