{"type":"operationStart","subtype":"profile","data":{"_id":"mV8Lz5E7xC6ET41P","timestamp":"2024-11-10T14:37:38.282Z","state":"queued","mode":"standard","creationDate":"2024-11-10T14:37:38.283Z","modificationDate":"2024-11-10T14:37:38.283Z","shortid":"YmmisBU","inheritedReadPermissions":[],"inheritedEditPermissions":[],"$entitySet":"profiles"},"doDiffs":false,"timestamp":1731249458283,"id":"df4nvgmnfvy0y0e","previousOperationId":null,"operationId":"t251z7vw7i5cnp4"}
{"type":"log","level":"info","message":"Render request 154 queued for execution and waiting for available worker","previousOperationId":"t251z7vw7i5cnp4","timestamp":1731249458283,"id":"zpradh4ugrxxs21"}
{"type":"operationStart","subtype":"render","name":"new-excl-template","previousOperationId":"t251z7vw7i5cnp4","timestamp":1731249458290,"id":"nunrpeoczjs3g2c","previousEventId":"df4nvgmnfvy0y0e","operationId":"etrchmv61exnkb6"}
{"type":"log","timestamp":1731249458290,"level":"info","message":"Starting rendering request 154 (user: admin)","meta":{"rootId":"3ksovij65fzli2q","id":"3ksovij65fzli2q"},"id":"5qc2v7ewsznyf3q","previousOperationId":"etrchmv61exnkb6"}
{"type":"log","timestamp":1731249458290,"level":"info","message":"Rendering template { name: new-excl-template, recipe: html-to-xlsx, engine: handlebars, preview: true }","meta":{"rootId":"3ksovij65fzli2q","id":"3ksovij65fzli2q"},"id":"yg1b078o3w5qhlx","previousOperationId":"etrchmv61exnkb6"}
{"type":"log","timestamp":1731249458291,"level":"debug","message":"Inline data specified.","meta":{"rootId":"3ksovij65fzli2q","id":"3ksovij65fzli2q"},"id":"ztaj9n3tt7l2vzy","previousOperationId":"etrchmv61exnkb6"}
{"type":"log","timestamp":1731249458293,"level":"debug","message":"Base url not specified, skipping its injection.","meta":{"rootId":"3ksovij65fzli2q","id":"3ksovij65fzli2q"},"id":"941fbdow8lw14zb","previousOperationId":"etrchmv61exnkb6"}
{"type":"log","timestamp":1731249458294,"level":"debug","message":"Replaced assets [\"KhmerOSSiemreapRegular.ttf\"]","meta":{"rootId":"3ksovij65fzli2q","id":"3ksovij65fzli2q"},"id":"9u0y9a8im4u2kms","previousOperationId":"etrchmv61exnkb6"}
{"type":"operationStart","subtype":"engine","name":"handlebars","timestamp":1731249458294,"id":"8h2nworxl3pcav3","previousEventId":"nunrpeoczjs3g2c","operationId":"xekmlgvcnny4iy0","previousOperationId":"etrchmv61exnkb6"}
{"type":"log","timestamp":1731249458294,"level":"debug","message":"Rendering engine handlebars","meta":{"rootId":"3ksovij65fzli2q","id":"3ksovij65fzli2q"},"id":"nrd4heuze2fxusv","previousOperationId":"xekmlgvcnny4iy0"}
{"type":"operationEnd","operationId":"xekmlgvcnny4iy0","timestamp":1731249458305,"id":"svmy3fgbfw38y33","previousEventId":"8h2nworxl3pcav3","previousOperationId":"xekmlgvcnny4iy0"}
{"type":"operationStart","subtype":"recipe","name":"html-to-xlsx","timestamp":1731249458306,"id":"oqqalmt10xidk91","previousEventId":"svmy3fgbfw38y33","operationId":"h6jaehzrgsq62vh","previousOperationId":"xekmlgvcnny4iy0"}
{"type":"log","timestamp":1731249458306,"level":"debug","message":"Executing recipe html-to-xlsx","meta":{"rootId":"3ksovij65fzli2q","id":"3ksovij65fzli2q"},"id":"0t1jixy9fudi875","previousOperationId":"h6jaehzrgsq62vh"}
{"type":"log","timestamp":1731249458306,"level":"info","message":"html-to-xlsx generation is starting","meta":{"rootId":"3ksovij65fzli2q","id":"3ksovij65fzli2q"},"id":"rwvyaaa58odfhm8","previousOperationId":"h6jaehzrgsq62vh"}
{"type":"log","timestamp":1731249458899,"level":"info","message":"html-to-xlsx generation was finished","meta":{"rootId":"3ksovij65fzli2q","id":"3ksovij65fzli2q"},"id":"ooz6643sjh6tcap","previousOperationId":"h6jaehzrgsq62vh"}
{"type":"log","timestamp":1731249458899,"level":"debug","message":"preparing office preview","meta":{"rootId":"3ksovij65fzli2q","id":"3ksovij65fzli2q"},"id":"btz7eml4hhdg50q","previousOperationId":"h6jaehzrgsq62vh"}
{"type":"operationEnd","operationId":"h6jaehzrgsq62vh","timestamp":1731249459343,"id":"olebl2di4o2s2sa","previousEventId":"oqqalmt10xidk91","previousOperationId":"h6jaehzrgsq62vh"}
{"type":"log","timestamp":1731249459343,"level":"debug","message":"Skipping storing report.","meta":{"rootId":"3ksovij65fzli2q","id":"3ksovij65fzli2q"},"id":"x4aqkmuc25dvx3p","previousOperationId":"h6jaehzrgsq62vh"}
{"type":"log","timestamp":1731249459343,"level":"info","message":"Rendering request 154 finished in 1062 ms","meta":{"rootId":"3ksovij65fzli2q","id":"3ksovij65fzli2q"},"id":"kaf78kxltjei0ls","previousOperationId":"h6jaehzrgsq62vh"}
{"type":"operationEnd","subtype":"render","operationId":"etrchmv61exnkb6","timestamp":1731249459343,"id":"mc4yohyipz4j22w","previousEventId":"olebl2di4o2s2sa","previousOperationId":"h6jaehzrgsq62vh"}
{"type":"operationEnd","doDiffs":false,"previousEventId":"df4nvgmnfvy0y0e","previousOperationId":"t251z7vw7i5cnp4","operationId":"t251z7vw7i5cnp4","timestamp":1731249459346,"id":"8bv1udrva1h5p6m"}
