{"type":"operationStart","subtype":"profile","data":{"_id":"xjrlbEIMcsk9BoqH","timestamp":"2024-11-10T08:26:40.131Z","state":"queued","mode":"standard","creationDate":"2024-11-10T08:26:40.133Z","modificationDate":"2024-11-10T08:26:40.133Z","shortid":"CnrIuSD","inheritedReadPermissions":[],"inheritedEditPermissions":[],"$entitySet":"profiles"},"doDiffs":false,"timestamp":1731227200132,"id":"vppcctfn7q6prui","previousOperationId":null,"operationId":"ymucs4g1o55fdi2"}
{"type":"log","level":"info","message":"Render request 112 queued for execution and waiting for available worker","previousOperationId":"ymucs4g1o55fdi2","timestamp":1731227200133,"id":"xfmgkzmwmmo23mc"}
{"type":"operationStart","subtype":"render","name":"new-excl-template","previousOperationId":"ymucs4g1o55fdi2","timestamp":1731227200142,"id":"dv5tm79jol635oq","previousEventId":"vppcctfn7q6prui","operationId":"jgdn794gk9hgi1u"}
{"type":"log","timestamp":1731227200142,"level":"info","message":"Starting rendering request 112 (user: admin)","meta":{"rootId":"3q79hp8wgolum9t","id":"3q79hp8wgolum9t"},"id":"q0got5gqy5fac5l","previousOperationId":"jgdn794gk9hgi1u"}
{"type":"log","timestamp":1731227200142,"level":"info","message":"Rendering template { name: new-excl-template, recipe: html-to-xlsx, engine: handlebars, preview: true }","meta":{"rootId":"3q79hp8wgolum9t","id":"3q79hp8wgolum9t"},"id":"f29n4s89eqm9tp7","previousOperationId":"jgdn794gk9hgi1u"}
{"type":"log","timestamp":1731227200143,"level":"debug","message":"Inline data specified.","meta":{"rootId":"3q79hp8wgolum9t","id":"3q79hp8wgolum9t"},"id":"wcs09ap2ceicyb2","previousOperationId":"jgdn794gk9hgi1u"}
{"type":"log","timestamp":1731227200145,"level":"debug","message":"Base url not specified, skipping its injection.","meta":{"rootId":"3q79hp8wgolum9t","id":"3q79hp8wgolum9t"},"id":"bzbrkio8drmkkxl","previousOperationId":"jgdn794gk9hgi1u"}
{"type":"log","timestamp":1731227200150,"level":"debug","message":"Replaced assets [\"KhmerOSSiemreapRegular.ttf\"]","meta":{"rootId":"3q79hp8wgolum9t","id":"3q79hp8wgolum9t"},"id":"9ki6tm7qg9mwrg6","previousOperationId":"jgdn794gk9hgi1u"}
{"type":"operationStart","subtype":"engine","name":"handlebars","timestamp":1731227200150,"id":"42cnxhxlincop0m","previousEventId":"dv5tm79jol635oq","operationId":"9amzv3j4883i3e0","previousOperationId":"jgdn794gk9hgi1u"}
{"type":"log","timestamp":1731227200150,"level":"debug","message":"Rendering engine handlebars","meta":{"rootId":"3q79hp8wgolum9t","id":"3q79hp8wgolum9t"},"id":"yfv9jkpqjisme66","previousOperationId":"9amzv3j4883i3e0"}
{"type":"operationEnd","operationId":"9amzv3j4883i3e0","timestamp":1731227200169,"id":"s657yuynxoobdgv","previousEventId":"42cnxhxlincop0m","previousOperationId":"9amzv3j4883i3e0"}
{"type":"operationStart","subtype":"recipe","name":"html-to-xlsx","timestamp":1731227200172,"id":"t8u1o1sfm2t2xvq","previousEventId":"s657yuynxoobdgv","operationId":"k4qcr3yihkaqomv","previousOperationId":"9amzv3j4883i3e0"}
{"type":"log","timestamp":1731227200172,"level":"debug","message":"Executing recipe html-to-xlsx","meta":{"rootId":"3q79hp8wgolum9t","id":"3q79hp8wgolum9t"},"id":"lakh29aqkdc9j9q","previousOperationId":"k4qcr3yihkaqomv"}
{"type":"log","timestamp":1731227200172,"level":"info","message":"html-to-xlsx generation is starting","meta":{"rootId":"3q79hp8wgolum9t","id":"3q79hp8wgolum9t"},"id":"91y2bojn6npw151","previousOperationId":"k4qcr3yihkaqomv"}
{"type":"log","timestamp":1731227201060,"level":"info","message":"html-to-xlsx generation was finished","meta":{"rootId":"3q79hp8wgolum9t","id":"3q79hp8wgolum9t"},"id":"jhm0kfrjw1gaubl","previousOperationId":"k4qcr3yihkaqomv"}
{"type":"log","timestamp":1731227201060,"level":"debug","message":"preparing office preview","meta":{"rootId":"3q79hp8wgolum9t","id":"3q79hp8wgolum9t"},"id":"u341yb46c6fvzeh","previousOperationId":"k4qcr3yihkaqomv"}
{"type":"operationEnd","operationId":"k4qcr3yihkaqomv","timestamp":1731227201506,"id":"yxbq4x5j036f93c","previousEventId":"t8u1o1sfm2t2xvq","previousOperationId":"k4qcr3yihkaqomv"}
{"type":"log","timestamp":1731227201506,"level":"debug","message":"Skipping storing report.","meta":{"rootId":"3q79hp8wgolum9t","id":"3q79hp8wgolum9t"},"id":"9jlt92way4lj2tw","previousOperationId":"k4qcr3yihkaqomv"}
{"type":"log","timestamp":1731227201506,"level":"info","message":"Rendering request 112 finished in 1375 ms","meta":{"rootId":"3q79hp8wgolum9t","id":"3q79hp8wgolum9t"},"id":"ifmrjkzlp9fqhzp","previousOperationId":"k4qcr3yihkaqomv"}
{"type":"operationEnd","subtype":"render","operationId":"jgdn794gk9hgi1u","timestamp":1731227201506,"id":"40y9m1f701vimme","previousEventId":"yxbq4x5j036f93c","previousOperationId":"k4qcr3yihkaqomv"}
{"type":"operationEnd","doDiffs":false,"previousEventId":"vppcctfn7q6prui","previousOperationId":"ymucs4g1o55fdi2","operationId":"ymucs4g1o55fdi2","timestamp":1731227201509,"id":"ux3cwplbu89jok0"}
