{"type":"operationStart","subtype":"profile","data":{"_id":"yjHgFTftxO8e4eQ0","timestamp":"2024-11-10T14:06:53.468Z","state":"queued","mode":"standard","creationDate":"2024-11-10T14:06:53.469Z","modificationDate":"2024-11-10T14:06:53.469Z","shortid":"fX0iS_P","inheritedReadPermissions":[],"inheritedEditPermissions":[],"$entitySet":"profiles"},"doDiffs":false,"timestamp":1731247613468,"id":"ow4esfqlwrshka4","previousOperationId":null,"operationId":"2c4c1t33spnjnnb"}
{"type":"log","level":"info","message":"Render request 103 queued for execution and waiting for available worker","previousOperationId":"2c4c1t33spnjnnb","timestamp":1731247613468,"id":"yqmr3c2essqztnq"}
{"type":"operationStart","subtype":"render","name":"new-excl-template","previousOperationId":"2c4c1t33spnjnnb","timestamp":1731247613475,"id":"ucvwh43iktpl4u2","previousEventId":"ow4esfqlwrshka4","operationId":"3uegeefdp7xm5n9"}
{"type":"log","timestamp":1731247613475,"level":"info","message":"Starting rendering request 103 (user: admin)","meta":{"rootId":"3v3koblx5e48j39","id":"3v3koblx5e48j39"},"id":"0h4uyzr0yd7j48x","previousOperationId":"3uegeefdp7xm5n9"}
{"type":"log","timestamp":1731247613475,"level":"info","message":"Rendering template { name: new-excl-template, recipe: html-to-xlsx, engine: handlebars, preview: true }","meta":{"rootId":"3v3koblx5e48j39","id":"3v3koblx5e48j39"},"id":"uaqokeb076gqhl4","previousOperationId":"3uegeefdp7xm5n9"}
{"type":"log","timestamp":1731247613476,"level":"debug","message":"Inline data specified.","meta":{"rootId":"3v3koblx5e48j39","id":"3v3koblx5e48j39"},"id":"jd9wexnofboxyva","previousOperationId":"3uegeefdp7xm5n9"}
{"type":"log","timestamp":1731247613478,"level":"debug","message":"Base url not specified, skipping its injection.","meta":{"rootId":"3v3koblx5e48j39","id":"3v3koblx5e48j39"},"id":"lxnhjaa0v2yprn2","previousOperationId":"3uegeefdp7xm5n9"}
{"type":"log","timestamp":1731247613480,"level":"debug","message":"Replaced assets [\"KhmerOSSiemreapRegular.ttf\"]","meta":{"rootId":"3v3koblx5e48j39","id":"3v3koblx5e48j39"},"id":"uuabacv7diewusg","previousOperationId":"3uegeefdp7xm5n9"}
{"type":"operationStart","subtype":"engine","name":"handlebars","timestamp":1731247613480,"id":"h98z2m1odhyf67c","previousEventId":"ucvwh43iktpl4u2","operationId":"3owx3l65aenis6x","previousOperationId":"3uegeefdp7xm5n9"}
{"type":"log","timestamp":1731247613480,"level":"debug","message":"Rendering engine handlebars","meta":{"rootId":"3v3koblx5e48j39","id":"3v3koblx5e48j39"},"id":"izs6ryq5exzr3eu","previousOperationId":"3owx3l65aenis6x"}
{"type":"operationEnd","operationId":"3owx3l65aenis6x","timestamp":1731247613492,"id":"kks1vewt3clf53z","previousEventId":"h98z2m1odhyf67c","previousOperationId":"3owx3l65aenis6x"}
{"type":"operationStart","subtype":"recipe","name":"html-to-xlsx","timestamp":1731247613493,"id":"p16ne48lwc9d800","previousEventId":"kks1vewt3clf53z","operationId":"q3cqng0wc2i5qsf","previousOperationId":"3owx3l65aenis6x"}
{"type":"log","timestamp":1731247613493,"level":"debug","message":"Executing recipe html-to-xlsx","meta":{"rootId":"3v3koblx5e48j39","id":"3v3koblx5e48j39"},"id":"3seq12mqzzngofj","previousOperationId":"q3cqng0wc2i5qsf"}
{"type":"log","timestamp":1731247613493,"level":"info","message":"html-to-xlsx generation is starting","meta":{"rootId":"3v3koblx5e48j39","id":"3v3koblx5e48j39"},"id":"qhpr7tvquof7nm5","previousOperationId":"q3cqng0wc2i5qsf"}
{"type":"log","timestamp":1731247614075,"level":"info","message":"html-to-xlsx generation was finished","meta":{"rootId":"3v3koblx5e48j39","id":"3v3koblx5e48j39"},"id":"btrjl9um632jwbs","previousOperationId":"q3cqng0wc2i5qsf"}
{"type":"log","timestamp":1731247614075,"level":"debug","message":"preparing office preview","meta":{"rootId":"3v3koblx5e48j39","id":"3v3koblx5e48j39"},"id":"ap3ut11i0fb07l5","previousOperationId":"q3cqng0wc2i5qsf"}
{"type":"operationEnd","operationId":"q3cqng0wc2i5qsf","timestamp":1731247614657,"id":"pgb7rppbe0z94ag","previousEventId":"p16ne48lwc9d800","previousOperationId":"q3cqng0wc2i5qsf"}
{"type":"log","timestamp":1731247614657,"level":"debug","message":"Skipping storing report.","meta":{"rootId":"3v3koblx5e48j39","id":"3v3koblx5e48j39"},"id":"b85nv1we0isp2jj","previousOperationId":"q3cqng0wc2i5qsf"}
{"type":"log","timestamp":1731247614657,"level":"info","message":"Rendering request 103 finished in 1189 ms","meta":{"rootId":"3v3koblx5e48j39","id":"3v3koblx5e48j39"},"id":"5bvla81k4p85hvw","previousOperationId":"q3cqng0wc2i5qsf"}
{"type":"operationEnd","subtype":"render","operationId":"3uegeefdp7xm5n9","timestamp":1731247614657,"id":"8yfozmpb982h2qj","previousEventId":"pgb7rppbe0z94ag","previousOperationId":"q3cqng0wc2i5qsf"}
{"type":"operationEnd","doDiffs":false,"previousEventId":"ow4esfqlwrshka4","previousOperationId":"2c4c1t33spnjnnb","operationId":"2c4c1t33spnjnnb","timestamp":1731247614660,"id":"ioxt9477pknxcn4"}
