{"type":"operationStart","subtype":"profile","data":{"_id":"qp7pzpRktI16LbJk","timestamp":"2024-11-10T13:53:18.918Z","state":"queued","mode":"standard","creationDate":"2024-11-10T13:53:18.920Z","modificationDate":"2024-11-10T13:53:18.920Z","shortid":"naEdTyT","inheritedReadPermissions":[],"inheritedEditPermissions":[],"$entitySet":"profiles"},"doDiffs":false,"timestamp":1731246798919,"id":"s4lngixowelq2li","previousOperationId":null,"operationId":"wqfm23arfs2c9z0"}
{"type":"log","level":"info","message":"Render request 89 queued for execution and waiting for available worker","previousOperationId":"wqfm23arfs2c9z0","timestamp":1731246798919,"id":"a8t6suy98xuvqy2"}
{"type":"operationStart","subtype":"render","name":"new-excl-template","previousOperationId":"wqfm23arfs2c9z0","timestamp":1731246798927,"id":"rnq71v8fy193lho","previousEventId":"s4lngixowelq2li","operationId":"0h6prltylf8ggqa"}
{"type":"log","timestamp":1731246798927,"level":"info","message":"Starting rendering request 89 (user: admin)","meta":{"rootId":"4fnxjv3gschwnzj","id":"4fnxjv3gschwnzj"},"id":"6ltivld35uudyn9","previousOperationId":"0h6prltylf8ggqa"}
{"type":"log","timestamp":1731246798927,"level":"info","message":"Rendering template { name: new-excl-template, recipe: html-to-xlsx, engine: handlebars, preview: true }","meta":{"rootId":"4fnxjv3gschwnzj","id":"4fnxjv3gschwnzj"},"id":"z7sbqv3oaj0lmpp","previousOperationId":"0h6prltylf8ggqa"}
{"type":"log","timestamp":1731246798928,"level":"debug","message":"Inline data specified.","meta":{"rootId":"4fnxjv3gschwnzj","id":"4fnxjv3gschwnzj"},"id":"3w0ijcpgvfui5vq","previousOperationId":"0h6prltylf8ggqa"}
{"type":"log","timestamp":1731246798929,"level":"debug","message":"Base url not specified, skipping its injection.","meta":{"rootId":"4fnxjv3gschwnzj","id":"4fnxjv3gschwnzj"},"id":"grg13p8ascu6poh","previousOperationId":"0h6prltylf8ggqa"}
{"type":"log","timestamp":1731246798930,"level":"debug","message":"Replaced assets [\"KhmerOSSiemreapRegular.ttf\"]","meta":{"rootId":"4fnxjv3gschwnzj","id":"4fnxjv3gschwnzj"},"id":"b8yxxjkfq9r0n32","previousOperationId":"0h6prltylf8ggqa"}
{"type":"operationStart","subtype":"engine","name":"handlebars","timestamp":1731246798930,"id":"t7yr0gwoiyzs2os","previousEventId":"rnq71v8fy193lho","operationId":"isotwq3hwu0hvyb","previousOperationId":"0h6prltylf8ggqa"}
{"type":"log","timestamp":1731246798930,"level":"debug","message":"Rendering engine handlebars","meta":{"rootId":"4fnxjv3gschwnzj","id":"4fnxjv3gschwnzj"},"id":"4b91kon7vowsmaq","previousOperationId":"isotwq3hwu0hvyb"}
{"type":"operationEnd","operationId":"isotwq3hwu0hvyb","timestamp":1731246798943,"id":"tf1s525bgedvm8y","previousEventId":"t7yr0gwoiyzs2os","previousOperationId":"isotwq3hwu0hvyb"}
{"type":"operationStart","subtype":"recipe","name":"html-to-xlsx","timestamp":1731246798944,"id":"ds1eyhtyi01i5os","previousEventId":"tf1s525bgedvm8y","operationId":"lwflz0skt4xshjv","previousOperationId":"isotwq3hwu0hvyb"}
{"type":"log","timestamp":1731246798944,"level":"debug","message":"Executing recipe html-to-xlsx","meta":{"rootId":"4fnxjv3gschwnzj","id":"4fnxjv3gschwnzj"},"id":"0ngiuem4j8xnrna","previousOperationId":"lwflz0skt4xshjv"}
{"type":"log","timestamp":1731246798944,"level":"info","message":"html-to-xlsx generation is starting","meta":{"rootId":"4fnxjv3gschwnzj","id":"4fnxjv3gschwnzj"},"id":"mizjxx2oefy3oym","previousOperationId":"lwflz0skt4xshjv"}
{"type":"log","timestamp":1731246799548,"level":"info","message":"html-to-xlsx generation was finished","meta":{"rootId":"4fnxjv3gschwnzj","id":"4fnxjv3gschwnzj"},"id":"xyxy1cxqjfibxor","previousOperationId":"lwflz0skt4xshjv"}
{"type":"log","timestamp":1731246799548,"level":"debug","message":"preparing office preview","meta":{"rootId":"4fnxjv3gschwnzj","id":"4fnxjv3gschwnzj"},"id":"yir456up9trfj7v","previousOperationId":"lwflz0skt4xshjv"}
{"type":"operationEnd","operationId":"lwflz0skt4xshjv","timestamp":1731246800000,"id":"81mbsystw6d4b99","previousEventId":"ds1eyhtyi01i5os","previousOperationId":"lwflz0skt4xshjv"}
{"type":"log","timestamp":1731246800000,"level":"debug","message":"Skipping storing report.","meta":{"rootId":"4fnxjv3gschwnzj","id":"4fnxjv3gschwnzj"},"id":"zo84bzei6cqyagy","previousOperationId":"lwflz0skt4xshjv"}
{"type":"log","timestamp":1731246800000,"level":"info","message":"Rendering request 89 finished in 1082 ms","meta":{"rootId":"4fnxjv3gschwnzj","id":"4fnxjv3gschwnzj"},"id":"s5j9lns280srsy8","previousOperationId":"lwflz0skt4xshjv"}
{"type":"operationEnd","subtype":"render","operationId":"0h6prltylf8ggqa","timestamp":1731246800000,"id":"3pcoafneetayjen","previousEventId":"81mbsystw6d4b99","previousOperationId":"lwflz0skt4xshjv"}
{"type":"operationEnd","doDiffs":false,"previousEventId":"s4lngixowelq2li","previousOperationId":"wqfm23arfs2c9z0","operationId":"wqfm23arfs2c9z0","timestamp":1731246800002,"id":"tm23c01oh1db2ub"}
