{"type":"operationStart","subtype":"profile","data":{"_id":"PtXXCGVgbMQpIN81","timestamp":"2024-11-10T13:16:28.313Z","state":"queued","mode":"standard","creationDate":"2024-11-10T13:16:28.315Z","modificationDate":"2024-11-10T13:16:28.315Z","shortid":"dED9r46","inheritedReadPermissions":[],"inheritedEditPermissions":[],"$entitySet":"profiles"},"doDiffs":false,"timestamp":1731244588314,"id":"pr573kipdm2u24i","previousOperationId":null,"operationId":"gz2qqcvezkqgk46"}
{"type":"log","level":"info","message":"Render request 37 queued for execution and waiting for available worker","previousOperationId":"gz2qqcvezkqgk46","timestamp":1731244588315,"id":"uzeve23bvly7vpd"}
{"type":"operationStart","subtype":"render","name":"new-excl-template","previousOperationId":"gz2qqcvezkqgk46","timestamp":1731244588325,"id":"kfrebh3o2yg1tbf","previousEventId":"pr573kipdm2u24i","operationId":"dm5utquyczhgpfz"}
{"type":"log","timestamp":1731244588325,"level":"info","message":"Starting rendering request 37 (user: admin)","meta":{"rootId":"4jjincrsgwq7hx3","id":"4jjincrsgwq7hx3"},"id":"200rtk3nuywkax1","previousOperationId":"dm5utquyczhgpfz"}
{"type":"log","timestamp":1731244588325,"level":"info","message":"Rendering template { name: new-excl-template, recipe: html-to-xlsx, engine: handlebars, preview: true }","meta":{"rootId":"4jjincrsgwq7hx3","id":"4jjincrsgwq7hx3"},"id":"pgxnyutzzha91n7","previousOperationId":"dm5utquyczhgpfz"}
{"type":"log","timestamp":1731244588325,"level":"debug","message":"Inline data specified.","meta":{"rootId":"4jjincrsgwq7hx3","id":"4jjincrsgwq7hx3"},"id":"cg0udp8aftuu29b","previousOperationId":"dm5utquyczhgpfz"}
{"type":"log","timestamp":1731244588328,"level":"debug","message":"Base url not specified, skipping its injection.","meta":{"rootId":"4jjincrsgwq7hx3","id":"4jjincrsgwq7hx3"},"id":"1scnddaw1fkx4c9","previousOperationId":"dm5utquyczhgpfz"}
{"type":"log","timestamp":1731244588329,"level":"debug","message":"Replaced assets [\"KhmerOSSiemreapRegular.ttf\"]","meta":{"rootId":"4jjincrsgwq7hx3","id":"4jjincrsgwq7hx3"},"id":"dzm2kmuejm02uwy","previousOperationId":"dm5utquyczhgpfz"}
{"type":"operationStart","subtype":"engine","name":"handlebars","timestamp":1731244588329,"id":"n9xy4y8kesbkl96","previousEventId":"kfrebh3o2yg1tbf","operationId":"zkcp93908cz13hq","previousOperationId":"dm5utquyczhgpfz"}
{"type":"log","timestamp":1731244588329,"level":"debug","message":"Rendering engine handlebars","meta":{"rootId":"4jjincrsgwq7hx3","id":"4jjincrsgwq7hx3"},"id":"739y352o6hjmzs2","previousOperationId":"zkcp93908cz13hq"}
{"type":"operationEnd","operationId":"zkcp93908cz13hq","timestamp":1731244588341,"id":"zzj0h6bdmxp2li6","previousEventId":"n9xy4y8kesbkl96","previousOperationId":"zkcp93908cz13hq"}
{"type":"operationStart","subtype":"recipe","name":"html-to-xlsx","timestamp":1731244588343,"id":"o0ni1rilby66aw4","previousEventId":"zzj0h6bdmxp2li6","operationId":"jqfc8f7sugcyims","previousOperationId":"zkcp93908cz13hq"}
{"type":"log","timestamp":1731244588343,"level":"debug","message":"Executing recipe html-to-xlsx","meta":{"rootId":"4jjincrsgwq7hx3","id":"4jjincrsgwq7hx3"},"id":"t4vill0j4hsygc2","previousOperationId":"jqfc8f7sugcyims"}
{"type":"log","timestamp":1731244588343,"level":"info","message":"html-to-xlsx generation is starting","meta":{"rootId":"4jjincrsgwq7hx3","id":"4jjincrsgwq7hx3"},"id":"713k5vixnn9trtr","previousOperationId":"jqfc8f7sugcyims"}
{"type":"log","timestamp":1731244588918,"level":"info","message":"html-to-xlsx generation was finished","meta":{"rootId":"4jjincrsgwq7hx3","id":"4jjincrsgwq7hx3"},"id":"hxebngdw6jm5m1t","previousOperationId":"jqfc8f7sugcyims"}
{"type":"log","timestamp":1731244588918,"level":"debug","message":"preparing office preview","meta":{"rootId":"4jjincrsgwq7hx3","id":"4jjincrsgwq7hx3"},"id":"b7z95mu7hxod6jq","previousOperationId":"jqfc8f7sugcyims"}
{"type":"operationEnd","operationId":"jqfc8f7sugcyims","timestamp":1731244589367,"id":"6zo9j8vyfvbd09k","previousEventId":"o0ni1rilby66aw4","previousOperationId":"jqfc8f7sugcyims"}
{"type":"log","timestamp":1731244589367,"level":"debug","message":"Skipping storing report.","meta":{"rootId":"4jjincrsgwq7hx3","id":"4jjincrsgwq7hx3"},"id":"hixjbrn360stkpc","previousOperationId":"jqfc8f7sugcyims"}
{"type":"log","timestamp":1731244589367,"level":"info","message":"Rendering request 37 finished in 1054 ms","meta":{"rootId":"4jjincrsgwq7hx3","id":"4jjincrsgwq7hx3"},"id":"j4rkidh14c47uc8","previousOperationId":"jqfc8f7sugcyims"}
{"type":"operationEnd","subtype":"render","operationId":"dm5utquyczhgpfz","timestamp":1731244589367,"id":"5kohbmmduibdulb","previousEventId":"6zo9j8vyfvbd09k","previousOperationId":"jqfc8f7sugcyims"}
{"type":"operationEnd","doDiffs":false,"previousEventId":"pr573kipdm2u24i","previousOperationId":"gz2qqcvezkqgk46","operationId":"gz2qqcvezkqgk46","timestamp":1731244589369,"id":"3bh6ug4bem69901"}
