{"type":"operationStart","subtype":"profile","data":{"_id":"mWZciv8Jjy1WddBc","timestamp":"2024-11-10T13:15:36.163Z","state":"queued","mode":"standard","creationDate":"2024-11-10T13:15:36.165Z","modificationDate":"2024-11-10T13:15:36.165Z","shortid":"cyo0Eha","inheritedReadPermissions":[],"inheritedEditPermissions":[],"$entitySet":"profiles"},"doDiffs":false,"timestamp":1731244536164,"id":"ie3ktf4d2qpmn4e","previousOperationId":null,"operationId":"vw829pasmq0ew6q"}
{"type":"log","level":"info","message":"Render request 33 queued for execution and waiting for available worker","previousOperationId":"vw829pasmq0ew6q","timestamp":1731244536164,"id":"3mytbp99m2rtjip"}
{"type":"operationStart","subtype":"render","name":"new-excl-template","previousOperationId":"vw829pasmq0ew6q","timestamp":1731244536173,"id":"o5ob2lg3c5g6mpe","previousEventId":"ie3ktf4d2qpmn4e","operationId":"yjq84kdf3uus5ju"}
{"type":"log","timestamp":1731244536173,"level":"info","message":"Starting rendering request 33 (user: admin)","meta":{"rootId":"50xamp4owg2qxmh","id":"50xamp4owg2qxmh"},"id":"y1ryj5c18rmqhfq","previousOperationId":"yjq84kdf3uus5ju"}
{"type":"log","timestamp":1731244536173,"level":"info","message":"Rendering template { name: new-excl-template, recipe: html-to-xlsx, engine: handlebars, preview: true }","meta":{"rootId":"50xamp4owg2qxmh","id":"50xamp4owg2qxmh"},"id":"xqgwq9tx9ym4qpl","previousOperationId":"yjq84kdf3uus5ju"}
{"type":"log","timestamp":1731244536174,"level":"debug","message":"Inline data specified.","meta":{"rootId":"50xamp4owg2qxmh","id":"50xamp4owg2qxmh"},"id":"08q7wglqjscri8t","previousOperationId":"yjq84kdf3uus5ju"}
{"type":"log","timestamp":1731244536176,"level":"debug","message":"Base url not specified, skipping its injection.","meta":{"rootId":"50xamp4owg2qxmh","id":"50xamp4owg2qxmh"},"id":"l28v9tdtuo8efyy","previousOperationId":"yjq84kdf3uus5ju"}
{"type":"log","timestamp":1731244536177,"level":"debug","message":"Replaced assets [\"KhmerOSSiemreapRegular.ttf\"]","meta":{"rootId":"50xamp4owg2qxmh","id":"50xamp4owg2qxmh"},"id":"vclc4my1ja1f7l3","previousOperationId":"yjq84kdf3uus5ju"}
{"type":"operationStart","subtype":"engine","name":"handlebars","timestamp":1731244536177,"id":"fadxfxqd11q65y7","previousEventId":"o5ob2lg3c5g6mpe","operationId":"88cs8tatu05fgle","previousOperationId":"yjq84kdf3uus5ju"}
{"type":"log","timestamp":1731244536177,"level":"debug","message":"Rendering engine handlebars","meta":{"rootId":"50xamp4owg2qxmh","id":"50xamp4owg2qxmh"},"id":"vekak9ht2nx0u7v","previousOperationId":"88cs8tatu05fgle"}
{"type":"operationEnd","operationId":"88cs8tatu05fgle","timestamp":1731244536189,"id":"3brkdrwigdk910o","previousEventId":"fadxfxqd11q65y7","previousOperationId":"88cs8tatu05fgle"}
{"type":"operationStart","subtype":"recipe","name":"html-to-xlsx","timestamp":1731244536191,"id":"dkzc2w5dh5iwrie","previousEventId":"3brkdrwigdk910o","operationId":"zvt26coxrhakujo","previousOperationId":"88cs8tatu05fgle"}
{"type":"log","timestamp":1731244536191,"level":"debug","message":"Executing recipe html-to-xlsx","meta":{"rootId":"50xamp4owg2qxmh","id":"50xamp4owg2qxmh"},"id":"0jxagbirrqrfl3n","previousOperationId":"zvt26coxrhakujo"}
{"type":"log","timestamp":1731244536191,"level":"info","message":"html-to-xlsx generation is starting","meta":{"rootId":"50xamp4owg2qxmh","id":"50xamp4owg2qxmh"},"id":"orf6v76uhrpflgq","previousOperationId":"zvt26coxrhakujo"}
{"type":"log","timestamp":1731244536791,"level":"info","message":"html-to-xlsx generation was finished","meta":{"rootId":"50xamp4owg2qxmh","id":"50xamp4owg2qxmh"},"id":"hu7yn956khamnk3","previousOperationId":"zvt26coxrhakujo"}
{"type":"log","timestamp":1731244536791,"level":"debug","message":"preparing office preview","meta":{"rootId":"50xamp4owg2qxmh","id":"50xamp4owg2qxmh"},"id":"93732ag4myxzpfk","previousOperationId":"zvt26coxrhakujo"}
{"type":"operationEnd","operationId":"zvt26coxrhakujo","timestamp":1731244537257,"id":"mde981yn0vyohrz","previousEventId":"dkzc2w5dh5iwrie","previousOperationId":"zvt26coxrhakujo"}
{"type":"log","timestamp":1731244537257,"level":"debug","message":"Skipping storing report.","meta":{"rootId":"50xamp4owg2qxmh","id":"50xamp4owg2qxmh"},"id":"f8wboux63u9em7c","previousOperationId":"zvt26coxrhakujo"}
{"type":"log","timestamp":1731244537257,"level":"info","message":"Rendering request 33 finished in 1094 ms","meta":{"rootId":"50xamp4owg2qxmh","id":"50xamp4owg2qxmh"},"id":"ysbgvk34zag229g","previousOperationId":"zvt26coxrhakujo"}
{"type":"operationEnd","subtype":"render","operationId":"yjq84kdf3uus5ju","timestamp":1731244537257,"id":"izkuiano43ptsf3","previousEventId":"mde981yn0vyohrz","previousOperationId":"zvt26coxrhakujo"}
{"type":"operationEnd","doDiffs":false,"previousEventId":"ie3ktf4d2qpmn4e","previousOperationId":"vw829pasmq0ew6q","operationId":"vw829pasmq0ew6q","timestamp":1731244537259,"id":"agz9qpwtvvp8hbu"}
