{"type":"operationStart","subtype":"profile","data":{"_id":"UT0360UWi5K9fENC","timestamp":"2024-11-10T08:34:04.726Z","state":"queued","mode":"standard","creationDate":"2024-11-10T08:34:04.729Z","modificationDate":"2024-11-10T08:34:04.729Z","shortid":"4ZgWgbL","inheritedReadPermissions":[],"inheritedEditPermissions":[],"$entitySet":"profiles"},"doDiffs":false,"timestamp":1731227644728,"id":"xgyrnrp1ljh2nvf","previousOperationId":null,"operationId":"cqa8w1bbgjpwp9f"}
{"type":"log","level":"info","message":"Render request 132 queued for execution and waiting for available worker","previousOperationId":"cqa8w1bbgjpwp9f","timestamp":1731227644728,"id":"o38pauoo6ejosyy"}
{"type":"operationStart","subtype":"render","name":"new-excl-template","previousOperationId":"cqa8w1bbgjpwp9f","timestamp":1731227644743,"id":"g4mskoix2ndwvrg","previousEventId":"xgyrnrp1ljh2nvf","operationId":"od0tugbj9lwxtys"}
{"type":"log","timestamp":1731227644743,"level":"info","message":"Starting rendering request 132 (user: admin)","meta":{"rootId":"5acb7ozsc3itykm","id":"5acb7ozsc3itykm"},"id":"0v2i5vclfgth2k2","previousOperationId":"od0tugbj9lwxtys"}
{"type":"log","timestamp":1731227644743,"level":"info","message":"Rendering template { name: new-excl-template, recipe: html-to-xlsx, engine: handlebars, preview: true }","meta":{"rootId":"5acb7ozsc3itykm","id":"5acb7ozsc3itykm"},"id":"7cp6gjktdyzuaff","previousOperationId":"od0tugbj9lwxtys"}
{"type":"log","timestamp":1731227644744,"level":"debug","message":"Inline data specified.","meta":{"rootId":"5acb7ozsc3itykm","id":"5acb7ozsc3itykm"},"id":"ivx9ag50t8lquhq","previousOperationId":"od0tugbj9lwxtys"}
{"type":"log","timestamp":1731227644747,"level":"debug","message":"Base url not specified, skipping its injection.","meta":{"rootId":"5acb7ozsc3itykm","id":"5acb7ozsc3itykm"},"id":"h6fvui3aeezkevc","previousOperationId":"od0tugbj9lwxtys"}
{"type":"log","timestamp":1731227644750,"level":"debug","message":"Replaced assets [\"/asset/font/KhmerOSSiemreapRegular.ttf\"]","meta":{"rootId":"5acb7ozsc3itykm","id":"5acb7ozsc3itykm"},"id":"6trkxkz0uuh4p0i","previousOperationId":"od0tugbj9lwxtys"}
{"type":"operationStart","subtype":"engine","name":"handlebars","timestamp":1731227644750,"id":"1a6cengn7lknvhh","previousEventId":"g4mskoix2ndwvrg","operationId":"1z50mxeyxvdxvaf","previousOperationId":"od0tugbj9lwxtys"}
{"type":"log","timestamp":1731227644750,"level":"debug","message":"Rendering engine handlebars","meta":{"rootId":"5acb7ozsc3itykm","id":"5acb7ozsc3itykm"},"id":"fifpbjwdyvyzzls","previousOperationId":"1z50mxeyxvdxvaf"}
{"type":"operationEnd","operationId":"1z50mxeyxvdxvaf","timestamp":1731227644767,"id":"vo4fqp626anxx47","previousEventId":"1a6cengn7lknvhh","previousOperationId":"1z50mxeyxvdxvaf"}
{"type":"operationStart","subtype":"recipe","name":"html-to-xlsx","timestamp":1731227644770,"id":"492r52zdp1unjy5","previousEventId":"vo4fqp626anxx47","operationId":"96936sq4dmlz75q","previousOperationId":"1z50mxeyxvdxvaf"}
{"type":"log","timestamp":1731227644770,"level":"debug","message":"Executing recipe html-to-xlsx","meta":{"rootId":"5acb7ozsc3itykm","id":"5acb7ozsc3itykm"},"id":"0s7joihcceic96o","previousOperationId":"96936sq4dmlz75q"}
{"type":"log","timestamp":1731227644770,"level":"info","message":"html-to-xlsx generation is starting","meta":{"rootId":"5acb7ozsc3itykm","id":"5acb7ozsc3itykm"},"id":"coun8cf6km7r9ik","previousOperationId":"96936sq4dmlz75q"}
{"type":"log","timestamp":1731227645759,"level":"info","message":"html-to-xlsx generation was finished","meta":{"rootId":"5acb7ozsc3itykm","id":"5acb7ozsc3itykm"},"id":"6vodwybhsov8135","previousOperationId":"96936sq4dmlz75q"}
{"type":"log","timestamp":1731227645759,"level":"debug","message":"preparing office preview","meta":{"rootId":"5acb7ozsc3itykm","id":"5acb7ozsc3itykm"},"id":"5m6jcvurgylq8hy","previousOperationId":"96936sq4dmlz75q"}
{"type":"operationEnd","operationId":"96936sq4dmlz75q","timestamp":1731227646426,"id":"tlo3cuqv1f5p8xi","previousEventId":"492r52zdp1unjy5","previousOperationId":"96936sq4dmlz75q"}
{"type":"log","timestamp":1731227646426,"level":"debug","message":"Skipping storing report.","meta":{"rootId":"5acb7ozsc3itykm","id":"5acb7ozsc3itykm"},"id":"9sdh6gsuwxtzivv","previousOperationId":"96936sq4dmlz75q"}
{"type":"log","timestamp":1731227646426,"level":"info","message":"Rendering request 132 finished in 1700 ms","meta":{"rootId":"5acb7ozsc3itykm","id":"5acb7ozsc3itykm"},"id":"csiaxohlgim5nd3","previousOperationId":"96936sq4dmlz75q"}
{"type":"operationEnd","subtype":"render","operationId":"od0tugbj9lwxtys","timestamp":1731227646426,"id":"cq5cwml7sicdg6n","previousEventId":"tlo3cuqv1f5p8xi","previousOperationId":"96936sq4dmlz75q"}
{"type":"operationEnd","doDiffs":false,"previousEventId":"xgyrnrp1ljh2nvf","previousOperationId":"cqa8w1bbgjpwp9f","operationId":"cqa8w1bbgjpwp9f","timestamp":1731227646428,"id":"w8wd6d6drngek4l"}
