{"type":"operationStart","subtype":"profile","data":{"_id":"M7eSvSwQxmC7z6MS","timestamp":"2024-11-10T13:27:07.218Z","state":"queued","mode":"standard","creationDate":"2024-11-10T13:27:07.220Z","modificationDate":"2024-11-10T13:27:07.220Z","shortid":"Tj8BG4T","inheritedReadPermissions":[],"inheritedEditPermissions":[],"$entitySet":"profiles"},"doDiffs":false,"timestamp":1731245227219,"id":"wtirybhoaa99uft","previousOperationId":null,"operationId":"2n4aizdyuo5sk03"}
{"type":"log","level":"info","message":"Render request 66 queued for execution and waiting for available worker","previousOperationId":"2n4aizdyuo5sk03","timestamp":1731245227219,"id":"77jm576lv639gol"}
{"type":"operationStart","subtype":"render","name":"new-excl-template","previousOperationId":"2n4aizdyuo5sk03","timestamp":1731245227226,"id":"2l6a6jwew0jxtwo","previousEventId":"wtirybhoaa99uft","operationId":"x36dxh3v7df4ifg"}
{"type":"log","timestamp":1731245227226,"level":"info","message":"Starting rendering request 66 (user: admin)","meta":{"rootId":"5gkx9bxipxgai4y","id":"5gkx9bxipxgai4y"},"id":"8qnfvfgv4r81pl8","previousOperationId":"x36dxh3v7df4ifg"}
{"type":"log","timestamp":1731245227226,"level":"info","message":"Rendering template { name: new-excl-template, recipe: html-to-xlsx, engine: handlebars, preview: true }","meta":{"rootId":"5gkx9bxipxgai4y","id":"5gkx9bxipxgai4y"},"id":"66br5qiqhoc6gpv","previousOperationId":"x36dxh3v7df4ifg"}
{"type":"log","timestamp":1731245227227,"level":"debug","message":"Inline data specified.","meta":{"rootId":"5gkx9bxipxgai4y","id":"5gkx9bxipxgai4y"},"id":"my5jydvqx9pkjgp","previousOperationId":"x36dxh3v7df4ifg"}
{"type":"log","timestamp":1731245227228,"level":"debug","message":"Base url not specified, skipping its injection.","meta":{"rootId":"5gkx9bxipxgai4y","id":"5gkx9bxipxgai4y"},"id":"1z9srzer8s83eln","previousOperationId":"x36dxh3v7df4ifg"}
{"type":"log","timestamp":1731245227230,"level":"debug","message":"Replaced assets [\"KhmerOSSiemreapRegular.ttf\"]","meta":{"rootId":"5gkx9bxipxgai4y","id":"5gkx9bxipxgai4y"},"id":"qeefj89cuiqhryg","previousOperationId":"x36dxh3v7df4ifg"}
{"type":"operationStart","subtype":"engine","name":"handlebars","timestamp":1731245227230,"id":"kvihyxzuk005r9a","previousEventId":"2l6a6jwew0jxtwo","operationId":"jxofdptxdwlo7t3","previousOperationId":"x36dxh3v7df4ifg"}
{"type":"log","timestamp":1731245227230,"level":"debug","message":"Rendering engine handlebars","meta":{"rootId":"5gkx9bxipxgai4y","id":"5gkx9bxipxgai4y"},"id":"aqr6b52euwdkwy8","previousOperationId":"jxofdptxdwlo7t3"}
{"type":"operationEnd","operationId":"jxofdptxdwlo7t3","timestamp":1731245227242,"id":"fnzx2mfom2z2j63","previousEventId":"kvihyxzuk005r9a","previousOperationId":"jxofdptxdwlo7t3"}
{"type":"operationStart","subtype":"recipe","name":"html-to-xlsx","timestamp":1731245227244,"id":"0pqen1zsb6uz017","previousEventId":"fnzx2mfom2z2j63","operationId":"idygg8ss5elbdn4","previousOperationId":"jxofdptxdwlo7t3"}
{"type":"log","timestamp":1731245227244,"level":"debug","message":"Executing recipe html-to-xlsx","meta":{"rootId":"5gkx9bxipxgai4y","id":"5gkx9bxipxgai4y"},"id":"3mfn3st0cny6k9q","previousOperationId":"idygg8ss5elbdn4"}
{"type":"log","timestamp":1731245227244,"level":"info","message":"html-to-xlsx generation is starting","meta":{"rootId":"5gkx9bxipxgai4y","id":"5gkx9bxipxgai4y"},"id":"eis3dvjbut6v4os","previousOperationId":"idygg8ss5elbdn4"}
{"type":"log","timestamp":1731245227831,"level":"info","message":"html-to-xlsx generation was finished","meta":{"rootId":"5gkx9bxipxgai4y","id":"5gkx9bxipxgai4y"},"id":"1keawo64k3zmnaf","previousOperationId":"idygg8ss5elbdn4"}
{"type":"log","timestamp":1731245227831,"level":"debug","message":"preparing office preview","meta":{"rootId":"5gkx9bxipxgai4y","id":"5gkx9bxipxgai4y"},"id":"g6vx99nfs1kydb0","previousOperationId":"idygg8ss5elbdn4"}
{"type":"operationEnd","operationId":"idygg8ss5elbdn4","timestamp":1731245228331,"id":"j16o25goe8tmejb","previousEventId":"0pqen1zsb6uz017","previousOperationId":"idygg8ss5elbdn4"}
{"type":"log","timestamp":1731245228332,"level":"debug","message":"Skipping storing report.","meta":{"rootId":"5gkx9bxipxgai4y","id":"5gkx9bxipxgai4y"},"id":"k9rx81t03rmvimv","previousOperationId":"idygg8ss5elbdn4"}
{"type":"log","timestamp":1731245228332,"level":"info","message":"Rendering request 66 finished in 1114 ms","meta":{"rootId":"5gkx9bxipxgai4y","id":"5gkx9bxipxgai4y"},"id":"dsjhn5ict0cppvc","previousOperationId":"idygg8ss5elbdn4"}
{"type":"operationEnd","subtype":"render","operationId":"x36dxh3v7df4ifg","timestamp":1731245228332,"id":"e7ubbeogr0ebhuq","previousEventId":"j16o25goe8tmejb","previousOperationId":"idygg8ss5elbdn4"}
{"type":"operationEnd","doDiffs":false,"previousEventId":"wtirybhoaa99uft","previousOperationId":"2n4aizdyuo5sk03","operationId":"2n4aizdyuo5sk03","timestamp":1731245228334,"id":"pyv7eatcszbkd03"}
