{"type":"operationStart","subtype":"profile","data":{"_id":"alrWQ86kMO6Skq0d","timestamp":"2024-11-10T10:15:10.964Z","state":"queued","mode":"standard","creationDate":"2024-11-10T10:15:10.966Z","modificationDate":"2024-11-10T10:15:10.966Z","shortid":"L52Um6b","inheritedReadPermissions":[],"inheritedEditPermissions":[],"$entitySet":"profiles"},"doDiffs":false,"timestamp":1731233710965,"id":"crglux1fc31pzyj","previousOperationId":null,"operationId":"jve9jigxbjun4gh"}
{"type":"log","level":"info","message":"Render request 308 queued for execution and waiting for available worker","previousOperationId":"jve9jigxbjun4gh","timestamp":1731233710965,"id":"mdl61odimmz7l6s"}
{"type":"operationStart","subtype":"render","name":"new-excl-template","previousOperationId":"jve9jigxbjun4gh","timestamp":1731233710974,"id":"cc57lvgdpbiby0o","previousEventId":"crglux1fc31pzyj","operationId":"mmryfpbvrb9sh6n"}
{"type":"log","timestamp":1731233710974,"level":"info","message":"Starting rendering request 308 (user: admin)","meta":{"rootId":"5ii3aiaj8187ann","id":"5ii3aiaj8187ann"},"id":"o0tz346jax1i7ir","previousOperationId":"mmryfpbvrb9sh6n"}
{"type":"log","timestamp":1731233710975,"level":"info","message":"Rendering template { name: new-excl-template, recipe: html-to-xlsx, engine: handlebars, preview: true }","meta":{"rootId":"5ii3aiaj8187ann","id":"5ii3aiaj8187ann"},"id":"hkx607n8r41gz3r","previousOperationId":"mmryfpbvrb9sh6n"}
{"type":"log","timestamp":1731233710976,"level":"debug","message":"Adding sample data pVkbCM7am","meta":{"rootId":"5ii3aiaj8187ann","id":"5ii3aiaj8187ann"},"id":"vggab8vmw4epy28","previousOperationId":"mmryfpbvrb9sh6n"}
{"type":"log","timestamp":1731233710977,"level":"debug","message":"Base url not specified, skipping its injection.","meta":{"rootId":"5ii3aiaj8187ann","id":"5ii3aiaj8187ann"},"id":"lx7s04iqogfxecx","previousOperationId":"mmryfpbvrb9sh6n"}
{"type":"log","timestamp":1731233710979,"level":"debug","message":"Replaced assets [\"KhmerOSSiemreapRegular.ttf\"]","meta":{"rootId":"5ii3aiaj8187ann","id":"5ii3aiaj8187ann"},"id":"4awgmpxc0giir0e","previousOperationId":"mmryfpbvrb9sh6n"}
{"type":"operationStart","subtype":"engine","name":"handlebars","timestamp":1731233710979,"id":"vysywj8lmwm5kqc","previousEventId":"cc57lvgdpbiby0o","operationId":"zdn5hxorqy7ht87","previousOperationId":"mmryfpbvrb9sh6n"}
{"type":"log","timestamp":1731233710979,"level":"debug","message":"Rendering engine handlebars","meta":{"rootId":"5ii3aiaj8187ann","id":"5ii3aiaj8187ann"},"id":"4tz0fz8h0z15ljb","previousOperationId":"zdn5hxorqy7ht87"}
{"type":"operationEnd","operationId":"zdn5hxorqy7ht87","timestamp":1731233710995,"id":"l9fxx8nqjp18lg2","previousEventId":"vysywj8lmwm5kqc","previousOperationId":"zdn5hxorqy7ht87"}
{"type":"operationStart","subtype":"recipe","name":"html-to-xlsx","timestamp":1731233710997,"id":"rdlnnwcr39zn7nm","previousEventId":"l9fxx8nqjp18lg2","operationId":"jc5fgvosm00i6dt","previousOperationId":"zdn5hxorqy7ht87"}
{"type":"log","timestamp":1731233710997,"level":"debug","message":"Executing recipe html-to-xlsx","meta":{"rootId":"5ii3aiaj8187ann","id":"5ii3aiaj8187ann"},"id":"tj0ajnjsbm7un2s","previousOperationId":"jc5fgvosm00i6dt"}
{"type":"log","timestamp":1731233710997,"level":"info","message":"html-to-xlsx generation is starting","meta":{"rootId":"5ii3aiaj8187ann","id":"5ii3aiaj8187ann"},"id":"smhunze5n59pfoj","previousOperationId":"jc5fgvosm00i6dt"}
{"type":"log","timestamp":1731233711709,"level":"info","message":"html-to-xlsx generation was finished","meta":{"rootId":"5ii3aiaj8187ann","id":"5ii3aiaj8187ann"},"id":"71og9i67v2udgbl","previousOperationId":"jc5fgvosm00i6dt"}
{"type":"log","timestamp":1731233711709,"level":"debug","message":"preparing office preview","meta":{"rootId":"5ii3aiaj8187ann","id":"5ii3aiaj8187ann"},"id":"nc4r3uwnw9nxoim","previousOperationId":"jc5fgvosm00i6dt"}
{"type":"operationEnd","operationId":"jc5fgvosm00i6dt","timestamp":1731233712155,"id":"d1v5hjmgfsi1t6x","previousEventId":"rdlnnwcr39zn7nm","previousOperationId":"jc5fgvosm00i6dt"}
{"type":"log","timestamp":1731233712155,"level":"debug","message":"Skipping storing report.","meta":{"rootId":"5ii3aiaj8187ann","id":"5ii3aiaj8187ann"},"id":"e9e7o5b5yocqkrj","previousOperationId":"jc5fgvosm00i6dt"}
{"type":"log","timestamp":1731233712155,"level":"info","message":"Rendering request 308 finished in 1191 ms","meta":{"rootId":"5ii3aiaj8187ann","id":"5ii3aiaj8187ann"},"id":"ujpgdmbn8xagf0t","previousOperationId":"jc5fgvosm00i6dt"}
{"type":"operationEnd","subtype":"render","operationId":"mmryfpbvrb9sh6n","timestamp":1731233712155,"id":"4suwhcitrls3xph","previousEventId":"d1v5hjmgfsi1t6x","previousOperationId":"jc5fgvosm00i6dt"}
{"type":"operationEnd","doDiffs":false,"previousEventId":"crglux1fc31pzyj","previousOperationId":"jve9jigxbjun4gh","operationId":"jve9jigxbjun4gh","timestamp":1731233712158,"id":"kzox7ks0ef76ond"}
