{"type":"operationStart","subtype":"profile","data":{"_id":"YvxaTTHqPLD5eMr6","timestamp":"2024-11-10T13:01:51.020Z","state":"queued","mode":"standard","creationDate":"2024-11-10T13:01:51.023Z","modificationDate":"2024-11-10T13:01:51.023Z","shortid":"QrMRsig","inheritedReadPermissions":[],"inheritedEditPermissions":[],"$entitySet":"profiles"},"doDiffs":false,"timestamp":1731243711021,"id":"rlg9oc3dzy70w9m","previousOperationId":null,"operationId":"pq18bwm9quz2i3n"}
{"type":"log","level":"info","message":"Render request 4 queued for execution and waiting for available worker","previousOperationId":"pq18bwm9quz2i3n","timestamp":1731243711022,"id":"o77j3oaa8impw46"}
{"type":"operationStart","subtype":"render","name":"new-excl-template","previousOperationId":"pq18bwm9quz2i3n","timestamp":1731243711034,"id":"dqv7gzrntadw9oj","previousEventId":"rlg9oc3dzy70w9m","operationId":"njrabcunb2nflbu"}
{"type":"log","timestamp":1731243711034,"level":"info","message":"Starting rendering request 4 (user: admin)","meta":{"rootId":"5k6iq1t2s3vya83","id":"5k6iq1t2s3vya83"},"id":"4q1pjjd1lq7j815","previousOperationId":"njrabcunb2nflbu"}
{"type":"log","timestamp":1731243711034,"level":"info","message":"Rendering template { name: new-excl-template, recipe: html-to-xlsx, engine: handlebars, preview: true }","meta":{"rootId":"5k6iq1t2s3vya83","id":"5k6iq1t2s3vya83"},"id":"kdln4ehw64zj2kf","previousOperationId":"njrabcunb2nflbu"}
{"type":"log","timestamp":1731243711035,"level":"debug","message":"Adding sample data pVkbCM7am","meta":{"rootId":"5k6iq1t2s3vya83","id":"5k6iq1t2s3vya83"},"id":"0p8mfznnw18nxbw","previousOperationId":"njrabcunb2nflbu"}
{"type":"log","timestamp":1731243711036,"level":"debug","message":"Base url not specified, skipping its injection.","meta":{"rootId":"5k6iq1t2s3vya83","id":"5k6iq1t2s3vya83"},"id":"r39cbbhaochrkpp","previousOperationId":"njrabcunb2nflbu"}
{"type":"log","timestamp":1731243711038,"level":"debug","message":"Replaced assets [\"KhmerOSSiemreapRegular.ttf\"]","meta":{"rootId":"5k6iq1t2s3vya83","id":"5k6iq1t2s3vya83"},"id":"lkn2275nboyr6wl","previousOperationId":"njrabcunb2nflbu"}
{"type":"operationStart","subtype":"engine","name":"handlebars","timestamp":1731243711038,"id":"ymnlnuo19v2yuz4","previousEventId":"dqv7gzrntadw9oj","operationId":"c61c12wqbm0x060","previousOperationId":"njrabcunb2nflbu"}
{"type":"log","timestamp":1731243711038,"level":"debug","message":"Rendering engine handlebars","meta":{"rootId":"5k6iq1t2s3vya83","id":"5k6iq1t2s3vya83"},"id":"cqmdoduxyygfp74","previousOperationId":"c61c12wqbm0x060"}
{"type":"operationEnd","operationId":"c61c12wqbm0x060","timestamp":1731243711052,"id":"0zn8qyn62qin7sk","previousEventId":"ymnlnuo19v2yuz4","previousOperationId":"c61c12wqbm0x060"}
{"type":"operationStart","subtype":"recipe","name":"html-to-xlsx","timestamp":1731243711054,"id":"vr5dtiax1odnobc","previousEventId":"0zn8qyn62qin7sk","operationId":"3mgeqq8vzu3qkrr","previousOperationId":"c61c12wqbm0x060"}
{"type":"log","timestamp":1731243711054,"level":"debug","message":"Executing recipe html-to-xlsx","meta":{"rootId":"5k6iq1t2s3vya83","id":"5k6iq1t2s3vya83"},"id":"hfmpiwfr4rtk3uy","previousOperationId":"3mgeqq8vzu3qkrr"}
{"type":"log","timestamp":1731243711054,"level":"info","message":"html-to-xlsx generation is starting","meta":{"rootId":"5k6iq1t2s3vya83","id":"5k6iq1t2s3vya83"},"id":"qlbiux0lo541kx7","previousOperationId":"3mgeqq8vzu3qkrr"}
{"type":"log","timestamp":1731243711673,"level":"info","message":"html-to-xlsx generation was finished","meta":{"rootId":"5k6iq1t2s3vya83","id":"5k6iq1t2s3vya83"},"id":"ybl1s9ycggxeqm1","previousOperationId":"3mgeqq8vzu3qkrr"}
{"type":"log","timestamp":1731243711673,"level":"debug","message":"preparing office preview","meta":{"rootId":"5k6iq1t2s3vya83","id":"5k6iq1t2s3vya83"},"id":"d35q55o3825kybm","previousOperationId":"3mgeqq8vzu3qkrr"}
{"type":"operationEnd","operationId":"3mgeqq8vzu3qkrr","timestamp":1731243712188,"id":"4ecelbzln990v6d","previousEventId":"vr5dtiax1odnobc","previousOperationId":"3mgeqq8vzu3qkrr"}
{"type":"log","timestamp":1731243712188,"level":"debug","message":"Skipping storing report.","meta":{"rootId":"5k6iq1t2s3vya83","id":"5k6iq1t2s3vya83"},"id":"02p3g630r5bk9ae","previousOperationId":"3mgeqq8vzu3qkrr"}
{"type":"log","timestamp":1731243712188,"level":"info","message":"Rendering request 4 finished in 1168 ms","meta":{"rootId":"5k6iq1t2s3vya83","id":"5k6iq1t2s3vya83"},"id":"e5gd2x59z8wwbey","previousOperationId":"3mgeqq8vzu3qkrr"}
{"type":"operationEnd","subtype":"render","operationId":"njrabcunb2nflbu","timestamp":1731243712188,"id":"ot2xapnc86oyxma","previousEventId":"4ecelbzln990v6d","previousOperationId":"3mgeqq8vzu3qkrr"}
{"type":"operationEnd","doDiffs":false,"previousEventId":"rlg9oc3dzy70w9m","previousOperationId":"pq18bwm9quz2i3n","operationId":"pq18bwm9quz2i3n","timestamp":1731243712190,"id":"3v9agesl6v9v805"}
