{"type":"operationStart","subtype":"profile","data":{"_id":"1ag4FtjB1ijPrc2A","timestamp":"2024-11-10T08:23:05.780Z","state":"queued","mode":"standard","creationDate":"2024-11-10T08:23:05.782Z","modificationDate":"2024-11-10T08:23:05.782Z","shortid":"HgisWdb","inheritedReadPermissions":[],"inheritedEditPermissions":[],"$entitySet":"profiles"},"doDiffs":false,"timestamp":1731226985781,"id":"z83gxc4h76sa72w","previousOperationId":null,"operationId":"lpjcfhzfi6gf7ml"}
{"type":"log","level":"info","message":"Render request 109 queued for execution and waiting for available worker","previousOperationId":"lpjcfhzfi6gf7ml","timestamp":1731226985781,"id":"cxrffkf75nc2kmz"}
{"type":"operationStart","subtype":"render","name":"new-excl-template","previousOperationId":"lpjcfhzfi6gf7ml","timestamp":1731226985789,"id":"xr3r66j7ckyje8l","previousEventId":"z83gxc4h76sa72w","operationId":"b4w7oa9da6hvhvi"}
{"type":"log","timestamp":1731226985789,"level":"info","message":"Starting rendering request 109 (user: admin)","meta":{"rootId":"5o5cz2yzy9rf8fo","id":"5o5cz2yzy9rf8fo"},"id":"dejjvswv4ic31w0","previousOperationId":"b4w7oa9da6hvhvi"}
{"type":"log","timestamp":1731226985789,"level":"info","message":"Rendering template { name: new-excl-template, recipe: html-to-xlsx, engine: handlebars, preview: true }","meta":{"rootId":"5o5cz2yzy9rf8fo","id":"5o5cz2yzy9rf8fo"},"id":"84f1gibcbw6239q","previousOperationId":"b4w7oa9da6hvhvi"}
{"type":"log","timestamp":1731226985790,"level":"debug","message":"Inline data specified.","meta":{"rootId":"5o5cz2yzy9rf8fo","id":"5o5cz2yzy9rf8fo"},"id":"cv4b2n2pfjjcscg","previousOperationId":"b4w7oa9da6hvhvi"}
{"type":"log","timestamp":1731226985792,"level":"debug","message":"Base url not specified, skipping its injection.","meta":{"rootId":"5o5cz2yzy9rf8fo","id":"5o5cz2yzy9rf8fo"},"id":"o78pggfrhvwhcge","previousOperationId":"b4w7oa9da6hvhvi"}
{"type":"operationStart","subtype":"engine","name":"handlebars","timestamp":1731226985792,"id":"o839t4r0kdhxk6h","previousEventId":"xr3r66j7ckyje8l","operationId":"euu9cnpclfhjpbi","previousOperationId":"b4w7oa9da6hvhvi"}
{"type":"log","timestamp":1731226985792,"level":"debug","message":"Rendering engine handlebars","meta":{"rootId":"5o5cz2yzy9rf8fo","id":"5o5cz2yzy9rf8fo"},"id":"jlmz85hczm2yjab","previousOperationId":"euu9cnpclfhjpbi"}
{"type":"operationEnd","operationId":"euu9cnpclfhjpbi","timestamp":1731226985801,"id":"31vm4nvc6nxtan1","previousEventId":"o839t4r0kdhxk6h","previousOperationId":"euu9cnpclfhjpbi"}
{"type":"operationStart","subtype":"recipe","name":"html-to-xlsx","timestamp":1731226985801,"id":"ua8q0cyviunulhn","previousEventId":"31vm4nvc6nxtan1","operationId":"dv05ftk6ogqrvzv","previousOperationId":"euu9cnpclfhjpbi"}
{"type":"log","timestamp":1731226985801,"level":"debug","message":"Executing recipe html-to-xlsx","meta":{"rootId":"5o5cz2yzy9rf8fo","id":"5o5cz2yzy9rf8fo"},"id":"9tb3ds0yz3ru2qt","previousOperationId":"dv05ftk6ogqrvzv"}
{"type":"log","timestamp":1731226985801,"level":"info","message":"html-to-xlsx generation is starting","meta":{"rootId":"5o5cz2yzy9rf8fo","id":"5o5cz2yzy9rf8fo"},"id":"s5vbxt0y8ascyqi","previousOperationId":"dv05ftk6ogqrvzv"}
{"type":"log","timestamp":1731226986494,"level":"info","message":"html-to-xlsx generation was finished","meta":{"rootId":"5o5cz2yzy9rf8fo","id":"5o5cz2yzy9rf8fo"},"id":"ppjeo7lvesc0kfg","previousOperationId":"dv05ftk6ogqrvzv"}
{"type":"log","timestamp":1731226986494,"level":"debug","message":"preparing office preview","meta":{"rootId":"5o5cz2yzy9rf8fo","id":"5o5cz2yzy9rf8fo"},"id":"8ao60zieblv4jnh","previousOperationId":"dv05ftk6ogqrvzv"}
{"type":"operationEnd","operationId":"dv05ftk6ogqrvzv","timestamp":1731226986991,"id":"olrfp1xrpr3j9jh","previousEventId":"ua8q0cyviunulhn","previousOperationId":"dv05ftk6ogqrvzv"}
{"type":"log","timestamp":1731226986991,"level":"debug","message":"Skipping storing report.","meta":{"rootId":"5o5cz2yzy9rf8fo","id":"5o5cz2yzy9rf8fo"},"id":"xc69qg3d7vgs7by","previousOperationId":"dv05ftk6ogqrvzv"}
{"type":"log","timestamp":1731226986991,"level":"info","message":"Rendering request 109 finished in 1211 ms","meta":{"rootId":"5o5cz2yzy9rf8fo","id":"5o5cz2yzy9rf8fo"},"id":"4y7vetzlb44v0p8","previousOperationId":"dv05ftk6ogqrvzv"}
{"type":"operationEnd","subtype":"render","operationId":"b4w7oa9da6hvhvi","timestamp":1731226986991,"id":"ikx5x0ukpd5n1sp","previousEventId":"olrfp1xrpr3j9jh","previousOperationId":"dv05ftk6ogqrvzv"}
{"type":"operationEnd","doDiffs":false,"previousEventId":"z83gxc4h76sa72w","previousOperationId":"lpjcfhzfi6gf7ml","operationId":"lpjcfhzfi6gf7ml","timestamp":1731226986993,"id":"7q2pgei57c5lmew"}
