{"type":"operationStart","subtype":"profile","data":{"_id":"dcfcQYpnOVusD8LN","timestamp":"2024-11-10T09:01:03.745Z","state":"queued","mode":"standard","creationDate":"2024-11-10T09:01:03.747Z","modificationDate":"2024-11-10T09:01:03.747Z","shortid":"E7CwAVj","inheritedReadPermissions":[],"inheritedEditPermissions":[],"$entitySet":"profiles"},"doDiffs":false,"timestamp":1731229263746,"id":"z7der1ug3ly27jc","previousOperationId":null,"operationId":"0irk826npndfjtz"}
{"type":"log","level":"info","message":"Render request 176 queued for execution and waiting for available worker","previousOperationId":"0irk826npndfjtz","timestamp":1731229263746,"id":"weqh4txi8i02099"}
{"type":"operationStart","subtype":"render","name":"new-excl-template","previousOperationId":"0irk826npndfjtz","timestamp":1731229263755,"id":"5btvqxzqv3bdp4l","previousEventId":"z7der1ug3ly27jc","operationId":"v13azdy8owk5ljv"}
{"type":"log","timestamp":1731229263755,"level":"info","message":"Starting rendering request 176 (user: admin)","meta":{"rootId":"5t3xxri6sk5b9nc","id":"5t3xxri6sk5b9nc"},"id":"zynsqlp8wwx346i","previousOperationId":"v13azdy8owk5ljv"}
{"type":"log","timestamp":1731229263755,"level":"info","message":"Rendering template { name: new-excl-template, recipe: html-to-xlsx, engine: handlebars, preview: true }","meta":{"rootId":"5t3xxri6sk5b9nc","id":"5t3xxri6sk5b9nc"},"id":"be448xlhzs2zj3s","previousOperationId":"v13azdy8owk5ljv"}
{"type":"log","timestamp":1731229263756,"level":"debug","message":"Adding sample data pVkbCM7am","meta":{"rootId":"5t3xxri6sk5b9nc","id":"5t3xxri6sk5b9nc"},"id":"cqzclaaz7adhntl","previousOperationId":"v13azdy8owk5ljv"}
{"type":"log","timestamp":1731229263758,"level":"debug","message":"Base url not specified, skipping its injection.","meta":{"rootId":"5t3xxri6sk5b9nc","id":"5t3xxri6sk5b9nc"},"id":"hjn0tw4f5llkvp2","previousOperationId":"v13azdy8owk5ljv"}
{"type":"log","timestamp":1731229263760,"level":"debug","message":"Replaced assets [\"KhmerOSSiemreapRegular.ttf\"]","meta":{"rootId":"5t3xxri6sk5b9nc","id":"5t3xxri6sk5b9nc"},"id":"w4mpmzolb4z5gmj","previousOperationId":"v13azdy8owk5ljv"}
{"type":"operationStart","subtype":"engine","name":"handlebars","timestamp":1731229263760,"id":"ymkw2728s8763he","previousEventId":"5btvqxzqv3bdp4l","operationId":"60lpr4wc41ozuke","previousOperationId":"v13azdy8owk5ljv"}
{"type":"log","timestamp":1731229263760,"level":"debug","message":"Rendering engine handlebars","meta":{"rootId":"5t3xxri6sk5b9nc","id":"5t3xxri6sk5b9nc"},"id":"7zvqlddkjcs1cjl","previousOperationId":"60lpr4wc41ozuke"}
{"type":"operationEnd","operationId":"60lpr4wc41ozuke","timestamp":1731229263777,"id":"siypgxdqd7cty6z","previousEventId":"ymkw2728s8763he","previousOperationId":"60lpr4wc41ozuke"}
{"type":"operationStart","subtype":"recipe","name":"html-to-xlsx","timestamp":1731229263780,"id":"rtna1js0eqhooo3","previousEventId":"siypgxdqd7cty6z","operationId":"c1vdqowb5krg5er","previousOperationId":"60lpr4wc41ozuke"}
{"type":"log","timestamp":1731229263780,"level":"debug","message":"Executing recipe html-to-xlsx","meta":{"rootId":"5t3xxri6sk5b9nc","id":"5t3xxri6sk5b9nc"},"id":"0w20ltbrvzgq8rz","previousOperationId":"c1vdqowb5krg5er"}
{"type":"log","timestamp":1731229263780,"level":"info","message":"html-to-xlsx generation is starting","meta":{"rootId":"5t3xxri6sk5b9nc","id":"5t3xxri6sk5b9nc"},"id":"37dmfa2q7pb3xu5","previousOperationId":"c1vdqowb5krg5er"}
{"type":"log","timestamp":1731229264638,"level":"info","message":"html-to-xlsx generation was finished","meta":{"rootId":"5t3xxri6sk5b9nc","id":"5t3xxri6sk5b9nc"},"id":"pjtlfb230ulyu9g","previousOperationId":"c1vdqowb5krg5er"}
{"type":"log","timestamp":1731229264638,"level":"debug","message":"preparing office preview","meta":{"rootId":"5t3xxri6sk5b9nc","id":"5t3xxri6sk5b9nc"},"id":"ghqco65vf5y9esq","previousOperationId":"c1vdqowb5krg5er"}
{"type":"operationEnd","operationId":"c1vdqowb5krg5er","timestamp":1731229265122,"id":"dqf53wa5girxcba","previousEventId":"rtna1js0eqhooo3","previousOperationId":"c1vdqowb5krg5er"}
{"type":"log","timestamp":1731229265122,"level":"debug","message":"Skipping storing report.","meta":{"rootId":"5t3xxri6sk5b9nc","id":"5t3xxri6sk5b9nc"},"id":"io5sreipg8zm3qw","previousOperationId":"c1vdqowb5krg5er"}
{"type":"log","timestamp":1731229265122,"level":"info","message":"Rendering request 176 finished in 1377 ms","meta":{"rootId":"5t3xxri6sk5b9nc","id":"5t3xxri6sk5b9nc"},"id":"h51jcmnwr1m7yrj","previousOperationId":"c1vdqowb5krg5er"}
{"type":"operationEnd","subtype":"render","operationId":"v13azdy8owk5ljv","timestamp":1731229265122,"id":"asq9b3qfirw05zh","previousEventId":"dqf53wa5girxcba","previousOperationId":"c1vdqowb5krg5er"}
{"type":"operationEnd","doDiffs":false,"previousEventId":"z7der1ug3ly27jc","previousOperationId":"0irk826npndfjtz","operationId":"0irk826npndfjtz","timestamp":1731229265125,"id":"86yj1eg3qe5q2u4"}
