{"type":"operationStart","subtype":"profile","data":{"_id":"zvOamOOGdox1gaPo","timestamp":"2024-11-10T09:59:41.701Z","state":"queued","mode":"standard","creationDate":"2024-11-10T09:59:41.704Z","modificationDate":"2024-11-10T09:59:41.704Z","shortid":"m86XsOg","inheritedReadPermissions":[],"inheritedEditPermissions":[],"$entitySet":"profiles"},"doDiffs":false,"timestamp":1731232781703,"id":"0p6903lvrf576c1","previousOperationId":null,"operationId":"nnwpm5wd35weghi"}
{"type":"log","level":"info","message":"Render request 281 queued for execution and waiting for available worker","previousOperationId":"nnwpm5wd35weghi","timestamp":1731232781704,"id":"gq3xf02vn704phl"}
{"type":"operationStart","subtype":"render","name":"new-excl-template","previousOperationId":"nnwpm5wd35weghi","timestamp":1731232781712,"id":"yqj5rpvrguvplli","previousEventId":"0p6903lvrf576c1","operationId":"j8djfolulzzp2x7"}
{"type":"log","timestamp":1731232781712,"level":"info","message":"Starting rendering request 281 (user: admin)","meta":{"rootId":"5tp41qfxusflrf0","id":"5tp41qfxusflrf0"},"id":"tq2o2ednrtmcgd4","previousOperationId":"j8djfolulzzp2x7"}
{"type":"log","timestamp":1731232781712,"level":"info","message":"Rendering template { name: new-excl-template, recipe: html-to-xlsx, engine: handlebars, preview: true }","meta":{"rootId":"5tp41qfxusflrf0","id":"5tp41qfxusflrf0"},"id":"ayejib2tikc6sfx","previousOperationId":"j8djfolulzzp2x7"}
{"type":"log","timestamp":1731232781713,"level":"debug","message":"Adding sample data pVkbCM7am","meta":{"rootId":"5tp41qfxusflrf0","id":"5tp41qfxusflrf0"},"id":"ermk9iew9il9y20","previousOperationId":"j8djfolulzzp2x7"}
{"type":"log","timestamp":1731232781714,"level":"debug","message":"Base url not specified, skipping its injection.","meta":{"rootId":"5tp41qfxusflrf0","id":"5tp41qfxusflrf0"},"id":"ri7t4f3yy6lvir8","previousOperationId":"j8djfolulzzp2x7"}
{"type":"log","timestamp":1731232781716,"level":"debug","message":"Replaced assets [\"KhmerOSSiemreapRegular.ttf\"]","meta":{"rootId":"5tp41qfxusflrf0","id":"5tp41qfxusflrf0"},"id":"3l7cfslyp9kut1t","previousOperationId":"j8djfolulzzp2x7"}
{"type":"operationStart","subtype":"engine","name":"handlebars","timestamp":1731232781716,"id":"z4ssrycvzjcq4l8","previousEventId":"yqj5rpvrguvplli","operationId":"u2072oisenbfcms","previousOperationId":"j8djfolulzzp2x7"}
{"type":"log","timestamp":1731232781716,"level":"debug","message":"Rendering engine handlebars","meta":{"rootId":"5tp41qfxusflrf0","id":"5tp41qfxusflrf0"},"id":"t4q2q6cl8fwujfs","previousOperationId":"u2072oisenbfcms"}
{"type":"operationEnd","operationId":"u2072oisenbfcms","timestamp":1731232781730,"id":"qxe0ta7mm77ncno","previousEventId":"z4ssrycvzjcq4l8","previousOperationId":"u2072oisenbfcms"}
{"type":"operationStart","subtype":"recipe","name":"html-to-xlsx","timestamp":1731232781733,"id":"wsxcl1bm7ktvwjh","previousEventId":"qxe0ta7mm77ncno","operationId":"j6e4ndvnjcs4pua","previousOperationId":"u2072oisenbfcms"}
{"type":"log","timestamp":1731232781733,"level":"debug","message":"Executing recipe html-to-xlsx","meta":{"rootId":"5tp41qfxusflrf0","id":"5tp41qfxusflrf0"},"id":"w9tvrxhu1uihx14","previousOperationId":"j6e4ndvnjcs4pua"}
{"type":"log","timestamp":1731232781733,"level":"info","message":"html-to-xlsx generation is starting","meta":{"rootId":"5tp41qfxusflrf0","id":"5tp41qfxusflrf0"},"id":"3y9ntrkjj8s4cm5","previousOperationId":"j6e4ndvnjcs4pua"}
{"type":"log","timestamp":1731232782353,"level":"info","message":"html-to-xlsx generation was finished","meta":{"rootId":"5tp41qfxusflrf0","id":"5tp41qfxusflrf0"},"id":"7a5vpdtscoba1k4","previousOperationId":"j6e4ndvnjcs4pua"}
{"type":"log","timestamp":1731232782353,"level":"debug","message":"preparing office preview","meta":{"rootId":"5tp41qfxusflrf0","id":"5tp41qfxusflrf0"},"id":"i6fr47q1vyvn7bq","previousOperationId":"j6e4ndvnjcs4pua"}
{"type":"operationEnd","operationId":"j6e4ndvnjcs4pua","timestamp":1731232782800,"id":"9r8sjoicbuvf883","previousEventId":"wsxcl1bm7ktvwjh","previousOperationId":"j6e4ndvnjcs4pua"}
{"type":"log","timestamp":1731232782800,"level":"debug","message":"Skipping storing report.","meta":{"rootId":"5tp41qfxusflrf0","id":"5tp41qfxusflrf0"},"id":"1heca70rk1otayf","previousOperationId":"j6e4ndvnjcs4pua"}
{"type":"log","timestamp":1731232782800,"level":"info","message":"Rendering request 281 finished in 1099 ms","meta":{"rootId":"5tp41qfxusflrf0","id":"5tp41qfxusflrf0"},"id":"b1ax1j80pi9x33o","previousOperationId":"j6e4ndvnjcs4pua"}
{"type":"operationEnd","subtype":"render","operationId":"j8djfolulzzp2x7","timestamp":1731232782800,"id":"thsorxqfl0hlq0v","previousEventId":"9r8sjoicbuvf883","previousOperationId":"j6e4ndvnjcs4pua"}
{"type":"operationEnd","doDiffs":false,"previousEventId":"0p6903lvrf576c1","previousOperationId":"nnwpm5wd35weghi","operationId":"nnwpm5wd35weghi","timestamp":1731232782802,"id":"ubk3dvssgshn0p0"}
