{"type":"operationStart","subtype":"profile","data":{"_id":"4rfmHeqxWyQ0ZAJb","timestamp":"2024-11-10T10:05:14.913Z","state":"queued","mode":"standard","creationDate":"2024-11-10T10:05:14.916Z","modificationDate":"2024-11-10T10:05:14.916Z","shortid":"2bZ3NKn","inheritedReadPermissions":[],"inheritedEditPermissions":[],"$entitySet":"profiles"},"doDiffs":false,"timestamp":1731233114915,"id":"u92ytqx7je0l5os","previousOperationId":null,"operationId":"fgfo44f5pyswxj0"}
{"type":"log","level":"info","message":"Render request 293 queued for execution and waiting for available worker","previousOperationId":"fgfo44f5pyswxj0","timestamp":1731233114915,"id":"5ygrljp2tpojkmy"}
{"type":"operationStart","subtype":"render","name":"new-excl-template","previousOperationId":"fgfo44f5pyswxj0","timestamp":1731233114926,"id":"okr6gmyxj71k1s8","previousEventId":"u92ytqx7je0l5os","operationId":"wl3l6ft4pyzzf8i"}
{"type":"log","timestamp":1731233114926,"level":"info","message":"Starting rendering request 293 (user: admin)","meta":{"rootId":"5w4cd9lelzv7swj","id":"5w4cd9lelzv7swj"},"id":"qxxkwp9qturxdej","previousOperationId":"wl3l6ft4pyzzf8i"}
{"type":"log","timestamp":1731233114926,"level":"info","message":"Rendering template { name: new-excl-template, recipe: html-to-xlsx, engine: handlebars, preview: true }","meta":{"rootId":"5w4cd9lelzv7swj","id":"5w4cd9lelzv7swj"},"id":"fj86rm0boi2by12","previousOperationId":"wl3l6ft4pyzzf8i"}
{"type":"log","timestamp":1731233114927,"level":"debug","message":"Adding sample data pVkbCM7am","meta":{"rootId":"5w4cd9lelzv7swj","id":"5w4cd9lelzv7swj"},"id":"cmeg7vx71g2ublz","previousOperationId":"wl3l6ft4pyzzf8i"}
{"type":"log","timestamp":1731233114929,"level":"debug","message":"Base url not specified, skipping its injection.","meta":{"rootId":"5w4cd9lelzv7swj","id":"5w4cd9lelzv7swj"},"id":"oqwwnpr3cxplcbr","previousOperationId":"wl3l6ft4pyzzf8i"}
{"type":"log","timestamp":1731233114930,"level":"debug","message":"Replaced assets [\"KhmerOSSiemreapRegular.ttf\"]","meta":{"rootId":"5w4cd9lelzv7swj","id":"5w4cd9lelzv7swj"},"id":"en1sbmlw64s60ej","previousOperationId":"wl3l6ft4pyzzf8i"}
{"type":"operationStart","subtype":"engine","name":"handlebars","timestamp":1731233114930,"id":"frcsfl90lnesus4","previousEventId":"okr6gmyxj71k1s8","operationId":"k370qqdiievo5fz","previousOperationId":"wl3l6ft4pyzzf8i"}
{"type":"log","timestamp":1731233114931,"level":"debug","message":"Rendering engine handlebars","meta":{"rootId":"5w4cd9lelzv7swj","id":"5w4cd9lelzv7swj"},"id":"s45qfjzzi922uf3","previousOperationId":"k370qqdiievo5fz"}
{"type":"operationEnd","operationId":"k370qqdiievo5fz","timestamp":1731233114946,"id":"3q87mpqnfxmf0nq","previousEventId":"frcsfl90lnesus4","previousOperationId":"k370qqdiievo5fz"}
{"type":"operationStart","subtype":"recipe","name":"html-to-xlsx","timestamp":1731233114949,"id":"8wigwkm7kitlaif","previousEventId":"3q87mpqnfxmf0nq","operationId":"umu3ex1ebi8mu6w","previousOperationId":"k370qqdiievo5fz"}
{"type":"log","timestamp":1731233114949,"level":"debug","message":"Executing recipe html-to-xlsx","meta":{"rootId":"5w4cd9lelzv7swj","id":"5w4cd9lelzv7swj"},"id":"fylkxv7d8oo392y","previousOperationId":"umu3ex1ebi8mu6w"}
{"type":"log","timestamp":1731233114949,"level":"info","message":"html-to-xlsx generation is starting","meta":{"rootId":"5w4cd9lelzv7swj","id":"5w4cd9lelzv7swj"},"id":"7ze6gpsuh7b7nfm","previousOperationId":"umu3ex1ebi8mu6w"}
{"type":"log","timestamp":1731233115517,"level":"info","message":"html-to-xlsx generation was finished","meta":{"rootId":"5w4cd9lelzv7swj","id":"5w4cd9lelzv7swj"},"id":"trig5by76r33ici","previousOperationId":"umu3ex1ebi8mu6w"}
{"type":"log","timestamp":1731233115517,"level":"debug","message":"preparing office preview","meta":{"rootId":"5w4cd9lelzv7swj","id":"5w4cd9lelzv7swj"},"id":"jgogx9vpfwmb0ns","previousOperationId":"umu3ex1ebi8mu6w"}
{"type":"operationEnd","operationId":"umu3ex1ebi8mu6w","timestamp":1731233115977,"id":"prcq8zjf407zrms","previousEventId":"8wigwkm7kitlaif","previousOperationId":"umu3ex1ebi8mu6w"}
{"type":"log","timestamp":1731233115977,"level":"debug","message":"Skipping storing report.","meta":{"rootId":"5w4cd9lelzv7swj","id":"5w4cd9lelzv7swj"},"id":"qdd3f7y4wzlbxk1","previousOperationId":"umu3ex1ebi8mu6w"}
{"type":"log","timestamp":1731233115978,"level":"info","message":"Rendering request 293 finished in 1065 ms","meta":{"rootId":"5w4cd9lelzv7swj","id":"5w4cd9lelzv7swj"},"id":"6u722cqfggy1ebe","previousOperationId":"umu3ex1ebi8mu6w"}
{"type":"operationEnd","subtype":"render","operationId":"wl3l6ft4pyzzf8i","timestamp":1731233115978,"id":"ml6iphyqdl04k88","previousEventId":"prcq8zjf407zrms","previousOperationId":"umu3ex1ebi8mu6w"}
{"type":"operationEnd","doDiffs":false,"previousEventId":"u92ytqx7je0l5os","previousOperationId":"fgfo44f5pyswxj0","operationId":"fgfo44f5pyswxj0","timestamp":1731233115979,"id":"e8ezx6nlslnigwe"}
