{"type":"operationStart","subtype":"profile","data":{"_id":"oApe1LuhmFv2HDXc","timestamp":"2024-11-10T08:23:46.924Z","state":"queued","mode":"standard","creationDate":"2024-11-10T08:23:46.926Z","modificationDate":"2024-11-10T08:23:46.926Z","shortid":"vO-ok6z","inheritedReadPermissions":[],"inheritedEditPermissions":[],"$entitySet":"profiles"},"doDiffs":false,"timestamp":1731227026925,"id":"fpwmtdvgm3ahf1f","previousOperationId":null,"operationId":"7vp6elw8ky7e17d"}
{"type":"log","level":"info","message":"Render request 110 queued for execution and waiting for available worker","previousOperationId":"7vp6elw8ky7e17d","timestamp":1731227026925,"id":"lwn17nza90ozm46"}
{"type":"operationStart","subtype":"render","name":"new-excl-template","previousOperationId":"7vp6elw8ky7e17d","timestamp":1731227026936,"id":"bp2m1u50isq30j6","previousEventId":"fpwmtdvgm3ahf1f","operationId":"q6rnb5f16j1u6qu"}
{"type":"log","timestamp":1731227026936,"level":"info","message":"Starting rendering request 110 (user: admin)","meta":{"rootId":"60ylgw8nzjeli5n","id":"60ylgw8nzjeli5n"},"id":"nldq9p1bkqhpltw","previousOperationId":"q6rnb5f16j1u6qu"}
{"type":"log","timestamp":1731227026936,"level":"info","message":"Rendering template { name: new-excl-template, recipe: html-to-xlsx, engine: handlebars, preview: true }","meta":{"rootId":"60ylgw8nzjeli5n","id":"60ylgw8nzjeli5n"},"id":"pb5ybt4mn55jkrd","previousOperationId":"q6rnb5f16j1u6qu"}
{"type":"log","timestamp":1731227026937,"level":"debug","message":"Inline data specified.","meta":{"rootId":"60ylgw8nzjeli5n","id":"60ylgw8nzjeli5n"},"id":"q1difl54cjezdzm","previousOperationId":"q6rnb5f16j1u6qu"}
{"type":"log","timestamp":1731227026938,"level":"debug","message":"Base url not specified, skipping its injection.","meta":{"rootId":"60ylgw8nzjeli5n","id":"60ylgw8nzjeli5n"},"id":"zo97b83bycbf0xo","previousOperationId":"q6rnb5f16j1u6qu"}
{"type":"operationStart","subtype":"engine","name":"handlebars","timestamp":1731227026939,"id":"t15n1y5wsx1tamt","previousEventId":"bp2m1u50isq30j6","operationId":"pguoouqs9hi5h54","previousOperationId":"q6rnb5f16j1u6qu"}
{"type":"log","timestamp":1731227026939,"level":"debug","message":"Rendering engine handlebars","meta":{"rootId":"60ylgw8nzjeli5n","id":"60ylgw8nzjeli5n"},"id":"lkxrpuj55d0otyj","previousOperationId":"pguoouqs9hi5h54"}
{"type":"operationEnd","operationId":"pguoouqs9hi5h54","timestamp":1731227026946,"id":"934ouv9rn18978x","previousEventId":"t15n1y5wsx1tamt","previousOperationId":"pguoouqs9hi5h54"}
{"type":"operationStart","subtype":"recipe","name":"html-to-xlsx","timestamp":1731227026946,"id":"cmrb0d4ebr33pzd","previousEventId":"934ouv9rn18978x","operationId":"zemtqhuypvypv8h","previousOperationId":"pguoouqs9hi5h54"}
{"type":"log","timestamp":1731227026946,"level":"debug","message":"Executing recipe html-to-xlsx","meta":{"rootId":"60ylgw8nzjeli5n","id":"60ylgw8nzjeli5n"},"id":"w4ao4qlky50wqc5","previousOperationId":"zemtqhuypvypv8h"}
{"type":"log","timestamp":1731227026946,"level":"info","message":"html-to-xlsx generation is starting","meta":{"rootId":"60ylgw8nzjeli5n","id":"60ylgw8nzjeli5n"},"id":"sm7db6p8tsj8vn1","previousOperationId":"zemtqhuypvypv8h"}
{"type":"log","timestamp":1731227027596,"level":"info","message":"html-to-xlsx generation was finished","meta":{"rootId":"60ylgw8nzjeli5n","id":"60ylgw8nzjeli5n"},"id":"lb9j0wtys6fyyk1","previousOperationId":"zemtqhuypvypv8h"}
{"type":"log","timestamp":1731227027596,"level":"debug","message":"preparing office preview","meta":{"rootId":"60ylgw8nzjeli5n","id":"60ylgw8nzjeli5n"},"id":"3lj8ke41bhkqxgz","previousOperationId":"zemtqhuypvypv8h"}
{"type":"operationEnd","operationId":"zemtqhuypvypv8h","timestamp":1731227028047,"id":"7vzos83387r6qfu","previousEventId":"cmrb0d4ebr33pzd","previousOperationId":"zemtqhuypvypv8h"}
{"type":"log","timestamp":1731227028047,"level":"debug","message":"Skipping storing report.","meta":{"rootId":"60ylgw8nzjeli5n","id":"60ylgw8nzjeli5n"},"id":"xv9iy0082nbgt53","previousOperationId":"zemtqhuypvypv8h"}
{"type":"log","timestamp":1731227028047,"level":"info","message":"Rendering request 110 finished in 1123 ms","meta":{"rootId":"60ylgw8nzjeli5n","id":"60ylgw8nzjeli5n"},"id":"48cq7klutuw7dbn","previousOperationId":"zemtqhuypvypv8h"}
{"type":"operationEnd","subtype":"render","operationId":"q6rnb5f16j1u6qu","timestamp":1731227028047,"id":"zpwiatzupbx4uxt","previousEventId":"7vzos83387r6qfu","previousOperationId":"zemtqhuypvypv8h"}
{"type":"operationEnd","doDiffs":false,"previousEventId":"fpwmtdvgm3ahf1f","previousOperationId":"7vp6elw8ky7e17d","operationId":"7vp6elw8ky7e17d","timestamp":1731227028050,"id":"xrx1xap1h7304xr"}
