{"type":"operationStart","subtype":"profile","data":{"_id":"jbR6k8sOjVxWjPS8","timestamp":"2024-11-10T09:22:35.235Z","state":"queued","mode":"standard","creationDate":"2024-11-10T09:22:35.237Z","modificationDate":"2024-11-10T09:22:35.237Z","shortid":"5SrTKdE","inheritedReadPermissions":[],"inheritedEditPermissions":[],"$entitySet":"profiles"},"doDiffs":false,"timestamp":1731230555236,"id":"urbehjhgjpl8dzh","previousOperationId":null,"operationId":"8j4p11xu9actple"}
{"type":"log","level":"info","message":"Render request 206 queued for execution and waiting for available worker","previousOperationId":"8j4p11xu9actple","timestamp":1731230555236,"id":"eh1qda5qrfw8y4e"}
{"type":"operationStart","subtype":"render","name":"new-excl-template","previousOperationId":"8j4p11xu9actple","timestamp":1731230555246,"id":"t02iqx7wv4g35ok","previousEventId":"urbehjhgjpl8dzh","operationId":"wha9mudr1vgvqoh"}
{"type":"log","timestamp":1731230555246,"level":"info","message":"Starting rendering request 206 (user: admin)","meta":{"rootId":"63hfun9o8kjynsx","id":"63hfun9o8kjynsx"},"id":"95b5ubtyncoazg9","previousOperationId":"wha9mudr1vgvqoh"}
{"type":"log","timestamp":1731230555246,"level":"info","message":"Rendering template { name: new-excl-template, recipe: html-to-xlsx, engine: handlebars, preview: true }","meta":{"rootId":"63hfun9o8kjynsx","id":"63hfun9o8kjynsx"},"id":"6nzsmnsv5bshiq7","previousOperationId":"wha9mudr1vgvqoh"}
{"type":"log","timestamp":1731230555246,"level":"debug","message":"Inline data specified.","meta":{"rootId":"63hfun9o8kjynsx","id":"63hfun9o8kjynsx"},"id":"1dggk1olbsibtzw","previousOperationId":"wha9mudr1vgvqoh"}
{"type":"log","timestamp":1731230555248,"level":"debug","message":"Base url not specified, skipping its injection.","meta":{"rootId":"63hfun9o8kjynsx","id":"63hfun9o8kjynsx"},"id":"xsxlmxqcysvxdk2","previousOperationId":"wha9mudr1vgvqoh"}
{"type":"operationStart","subtype":"engine","name":"handlebars","timestamp":1731230555248,"id":"88rici8hifv8jtt","previousEventId":"t02iqx7wv4g35ok","operationId":"ao1pr5pgqq9nq5y","previousOperationId":"wha9mudr1vgvqoh"}
{"type":"log","timestamp":1731230555248,"level":"debug","message":"Rendering engine handlebars","meta":{"rootId":"63hfun9o8kjynsx","id":"63hfun9o8kjynsx"},"id":"vybgs3xe0a6ibon","previousOperationId":"ao1pr5pgqq9nq5y"}
{"type":"operationEnd","operationId":"ao1pr5pgqq9nq5y","timestamp":1731230555257,"id":"0pbpx7r3eqsdlh2","previousEventId":"88rici8hifv8jtt","previousOperationId":"ao1pr5pgqq9nq5y"}
{"type":"operationStart","subtype":"recipe","name":"html-to-xlsx","timestamp":1731230555257,"id":"2tpq1djxwfsfd4y","previousEventId":"0pbpx7r3eqsdlh2","operationId":"lnv61n8hzf775dt","previousOperationId":"ao1pr5pgqq9nq5y"}
{"type":"log","timestamp":1731230555257,"level":"debug","message":"Executing recipe html-to-xlsx","meta":{"rootId":"63hfun9o8kjynsx","id":"63hfun9o8kjynsx"},"id":"s0lz9rom7tawx1s","previousOperationId":"lnv61n8hzf775dt"}
{"type":"log","timestamp":1731230555257,"level":"info","message":"html-to-xlsx generation is starting","meta":{"rootId":"63hfun9o8kjynsx","id":"63hfun9o8kjynsx"},"id":"rziuqap2cgnsopk","previousOperationId":"lnv61n8hzf775dt"}
{"type":"log","timestamp":1731230556332,"level":"info","message":"html-to-xlsx generation was finished","meta":{"rootId":"63hfun9o8kjynsx","id":"63hfun9o8kjynsx"},"id":"bzpt6om1vmdu0cj","previousOperationId":"lnv61n8hzf775dt"}
{"type":"log","timestamp":1731230556332,"level":"debug","message":"preparing office preview","meta":{"rootId":"63hfun9o8kjynsx","id":"63hfun9o8kjynsx"},"id":"mhykgndia5oaeky","previousOperationId":"lnv61n8hzf775dt"}
{"type":"operationEnd","operationId":"lnv61n8hzf775dt","timestamp":1731230556785,"id":"5m9h6r4xuvde6fb","previousEventId":"2tpq1djxwfsfd4y","previousOperationId":"lnv61n8hzf775dt"}
{"type":"log","timestamp":1731230556785,"level":"debug","message":"Skipping storing report.","meta":{"rootId":"63hfun9o8kjynsx","id":"63hfun9o8kjynsx"},"id":"ghiyqn2i87w3s97","previousOperationId":"lnv61n8hzf775dt"}
{"type":"log","timestamp":1731230556785,"level":"info","message":"Rendering request 206 finished in 1550 ms","meta":{"rootId":"63hfun9o8kjynsx","id":"63hfun9o8kjynsx"},"id":"noglbku4hobrlp6","previousOperationId":"lnv61n8hzf775dt"}
{"type":"operationEnd","subtype":"render","operationId":"wha9mudr1vgvqoh","timestamp":1731230556785,"id":"u82i4rh6ryvr9y9","previousEventId":"5m9h6r4xuvde6fb","previousOperationId":"lnv61n8hzf775dt"}
{"type":"operationEnd","doDiffs":false,"previousEventId":"urbehjhgjpl8dzh","previousOperationId":"8j4p11xu9actple","operationId":"8j4p11xu9actple","timestamp":1731230556787,"id":"1pqu68p6hu2dfud"}
