{"type":"operationStart","subtype":"profile","data":{"_id":"FkNntqGTutbpEeqA","timestamp":"2024-11-10T15:07:14.024Z","state":"queued","mode":"standard","creationDate":"2024-11-10T15:07:14.026Z","modificationDate":"2024-11-10T15:07:14.026Z","shortid":"_K0jkJS","inheritedReadPermissions":[],"inheritedEditPermissions":[],"$entitySet":"profiles"},"doDiffs":false,"timestamp":1731251234025,"id":"x586nkd9baqqpea","previousOperationId":null,"operationId":"t1t56pzox40puz8"}
{"type":"log","level":"info","message":"Render request 186 queued for execution and waiting for available worker","previousOperationId":"t1t56pzox40puz8","timestamp":1731251234025,"id":"dsioa4sdt2skt5t"}
{"type":"operationStart","subtype":"render","name":"new-excl-template","previousOperationId":"t1t56pzox40puz8","timestamp":1731251234032,"id":"ltmugcsii9x9epi","previousEventId":"x586nkd9baqqpea","operationId":"o232ia2b7dibfcu"}
{"type":"log","timestamp":1731251234032,"level":"info","message":"Starting rendering request 186 (user: admin)","meta":{"rootId":"63mixgy267smxpk","id":"63mixgy267smxpk"},"id":"1mjev5lpu18xwmj","previousOperationId":"o232ia2b7dibfcu"}
{"type":"log","timestamp":1731251234032,"level":"info","message":"Rendering template { name: new-excl-template, recipe: html-to-xlsx, engine: handlebars, preview: true }","meta":{"rootId":"63mixgy267smxpk","id":"63mixgy267smxpk"},"id":"0470wqt6h1y97ap","previousOperationId":"o232ia2b7dibfcu"}
{"type":"log","timestamp":1731251234032,"level":"debug","message":"Inline data specified.","meta":{"rootId":"63mixgy267smxpk","id":"63mixgy267smxpk"},"id":"sgr7n8ywr5zmxwn","previousOperationId":"o232ia2b7dibfcu"}
{"type":"log","timestamp":1731251234033,"level":"debug","message":"Base url not specified, skipping its injection.","meta":{"rootId":"63mixgy267smxpk","id":"63mixgy267smxpk"},"id":"0lws8uyr8p6z51d","previousOperationId":"o232ia2b7dibfcu"}
{"type":"log","timestamp":1731251234034,"level":"debug","message":"Replaced assets [\"KhmerOSSiemreapRegular.ttf\"]","meta":{"rootId":"63mixgy267smxpk","id":"63mixgy267smxpk"},"id":"418fl1wt70ewrhw","previousOperationId":"o232ia2b7dibfcu"}
{"type":"operationStart","subtype":"engine","name":"handlebars","timestamp":1731251234034,"id":"qz3zr48lm0rj1mu","previousEventId":"ltmugcsii9x9epi","operationId":"hnljg12y9lfr1ul","previousOperationId":"o232ia2b7dibfcu"}
{"type":"log","timestamp":1731251234034,"level":"debug","message":"Rendering engine handlebars","meta":{"rootId":"63mixgy267smxpk","id":"63mixgy267smxpk"},"id":"x05ud1yj4ot55ix","previousOperationId":"hnljg12y9lfr1ul"}
{"type":"operationEnd","operationId":"hnljg12y9lfr1ul","timestamp":1731251234042,"id":"u4qvi71u079km9h","previousEventId":"qz3zr48lm0rj1mu","previousOperationId":"hnljg12y9lfr1ul"}
{"type":"operationStart","subtype":"recipe","name":"html-to-xlsx","timestamp":1731251234044,"id":"tiob9d4qas45qae","previousEventId":"u4qvi71u079km9h","operationId":"tr0x4zat7r0hnch","previousOperationId":"hnljg12y9lfr1ul"}
{"type":"log","timestamp":1731251234044,"level":"debug","message":"Executing recipe html-to-xlsx","meta":{"rootId":"63mixgy267smxpk","id":"63mixgy267smxpk"},"id":"rm8wa6a8qjymek3","previousOperationId":"tr0x4zat7r0hnch"}
{"type":"log","timestamp":1731251234044,"level":"info","message":"html-to-xlsx generation is starting","meta":{"rootId":"63mixgy267smxpk","id":"63mixgy267smxpk"},"id":"r8mxcct2488wnry","previousOperationId":"tr0x4zat7r0hnch"}
{"type":"log","timestamp":1731251234586,"level":"info","message":"html-to-xlsx generation was finished","meta":{"rootId":"63mixgy267smxpk","id":"63mixgy267smxpk"},"id":"osaknj6laqlrk00","previousOperationId":"tr0x4zat7r0hnch"}
{"type":"log","timestamp":1731251234587,"level":"debug","message":"preparing office preview","meta":{"rootId":"63mixgy267smxpk","id":"63mixgy267smxpk"},"id":"grgj82g83g7nssp","previousOperationId":"tr0x4zat7r0hnch"}
{"type":"operationEnd","operationId":"tr0x4zat7r0hnch","timestamp":1731251235036,"id":"u1e1tey8ab3fs8f","previousEventId":"tiob9d4qas45qae","previousOperationId":"tr0x4zat7r0hnch"}
{"type":"log","timestamp":1731251235036,"level":"debug","message":"Skipping storing report.","meta":{"rootId":"63mixgy267smxpk","id":"63mixgy267smxpk"},"id":"f5vib5gmn21hhss","previousOperationId":"tr0x4zat7r0hnch"}
{"type":"log","timestamp":1731251235036,"level":"info","message":"Rendering request 186 finished in 1012 ms","meta":{"rootId":"63mixgy267smxpk","id":"63mixgy267smxpk"},"id":"v0u2ykb38ubb4ci","previousOperationId":"tr0x4zat7r0hnch"}
{"type":"operationEnd","subtype":"render","operationId":"o232ia2b7dibfcu","timestamp":1731251235036,"id":"ftf2mjvdzh8n5ou","previousEventId":"u1e1tey8ab3fs8f","previousOperationId":"tr0x4zat7r0hnch"}
{"type":"operationEnd","doDiffs":false,"previousEventId":"x586nkd9baqqpea","previousOperationId":"t1t56pzox40puz8","operationId":"t1t56pzox40puz8","timestamp":1731251235038,"id":"usg00q1cstu5kcv"}
