{"type":"operationStart","subtype":"profile","data":{"_id":"F9iiL1foTRwIstdz","timestamp":"2024-11-10T08:32:16.537Z","state":"queued","mode":"standard","creationDate":"2024-11-10T08:32:16.539Z","modificationDate":"2024-11-10T08:32:16.539Z","shortid":"ybXOQmq","inheritedReadPermissions":[],"inheritedEditPermissions":[],"$entitySet":"profiles"},"doDiffs":false,"timestamp":1731227536538,"id":"3em8qms846za0ss","previousOperationId":null,"operationId":"l43t3pdp1gvida5"}
{"type":"log","level":"info","message":"Render request 126 queued for execution and waiting for available worker","previousOperationId":"l43t3pdp1gvida5","timestamp":1731227536538,"id":"itwihy6qrdfukdc"}
{"type":"operationStart","subtype":"render","name":"new-excl-template","previousOperationId":"l43t3pdp1gvida5","timestamp":1731227536548,"id":"krvy4j7knpbxcli","previousEventId":"3em8qms846za0ss","operationId":"jquiq7w2wdlo7ls"}
{"type":"log","timestamp":1731227536548,"level":"info","message":"Starting rendering request 126 (user: admin)","meta":{"rootId":"6onf5hg1gtwe3zc","id":"6onf5hg1gtwe3zc"},"id":"4fxljtfr1n97p9t","previousOperationId":"jquiq7w2wdlo7ls"}
{"type":"log","timestamp":1731227536548,"level":"info","message":"Rendering template { name: new-excl-template, recipe: html-to-xlsx, engine: handlebars, preview: true }","meta":{"rootId":"6onf5hg1gtwe3zc","id":"6onf5hg1gtwe3zc"},"id":"f9ptqu2zsetwvwk","previousOperationId":"jquiq7w2wdlo7ls"}
{"type":"log","timestamp":1731227536549,"level":"debug","message":"Adding sample data pVkbCM7am","meta":{"rootId":"6onf5hg1gtwe3zc","id":"6onf5hg1gtwe3zc"},"id":"hu489djtwo5bjiv","previousOperationId":"jquiq7w2wdlo7ls"}
{"type":"log","timestamp":1731227536550,"level":"debug","message":"Base url not specified, skipping its injection.","meta":{"rootId":"6onf5hg1gtwe3zc","id":"6onf5hg1gtwe3zc"},"id":"hahhsmcltd11y2g","previousOperationId":"jquiq7w2wdlo7ls"}
{"type":"log","timestamp":1731227536552,"level":"debug","message":"Replaced assets [\"/asset/font/KhmerOSSiemreapRegular.ttf\"]","meta":{"rootId":"6onf5hg1gtwe3zc","id":"6onf5hg1gtwe3zc"},"id":"3i3vnlf4gt91eri","previousOperationId":"jquiq7w2wdlo7ls"}
{"type":"operationStart","subtype":"engine","name":"handlebars","timestamp":1731227536552,"id":"bwdwu96xkhlmome","previousEventId":"krvy4j7knpbxcli","operationId":"xjul1kaokr8gt77","previousOperationId":"jquiq7w2wdlo7ls"}
{"type":"log","timestamp":1731227536552,"level":"debug","message":"Rendering engine handlebars","meta":{"rootId":"6onf5hg1gtwe3zc","id":"6onf5hg1gtwe3zc"},"id":"5cecwuijsc42d6i","previousOperationId":"xjul1kaokr8gt77"}
{"type":"operationEnd","operationId":"xjul1kaokr8gt77","timestamp":1731227536569,"id":"nh3gb16k870uxno","previousEventId":"bwdwu96xkhlmome","previousOperationId":"xjul1kaokr8gt77"}
{"type":"operationStart","subtype":"recipe","name":"html-to-xlsx","timestamp":1731227536572,"id":"vswl4ag3gzque27","previousEventId":"nh3gb16k870uxno","operationId":"if80bhc1od4z8o2","previousOperationId":"xjul1kaokr8gt77"}
{"type":"log","timestamp":1731227536572,"level":"debug","message":"Executing recipe html-to-xlsx","meta":{"rootId":"6onf5hg1gtwe3zc","id":"6onf5hg1gtwe3zc"},"id":"fdy1y7jcifjm08n","previousOperationId":"if80bhc1od4z8o2"}
{"type":"log","timestamp":1731227536572,"level":"info","message":"html-to-xlsx generation is starting","meta":{"rootId":"6onf5hg1gtwe3zc","id":"6onf5hg1gtwe3zc"},"id":"bd8164pf20apogc","previousOperationId":"if80bhc1od4z8o2"}
{"type":"log","timestamp":1731227537467,"level":"info","message":"html-to-xlsx generation was finished","meta":{"rootId":"6onf5hg1gtwe3zc","id":"6onf5hg1gtwe3zc"},"id":"yvvfchazvaafoff","previousOperationId":"if80bhc1od4z8o2"}
{"type":"log","timestamp":1731227537468,"level":"debug","message":"preparing office preview","meta":{"rootId":"6onf5hg1gtwe3zc","id":"6onf5hg1gtwe3zc"},"id":"0b9t89j8oige3au","previousOperationId":"if80bhc1od4z8o2"}
{"type":"operationEnd","operationId":"if80bhc1od4z8o2","timestamp":1731227537915,"id":"dokch15790lwovb","previousEventId":"vswl4ag3gzque27","previousOperationId":"if80bhc1od4z8o2"}
{"type":"log","timestamp":1731227537915,"level":"debug","message":"Skipping storing report.","meta":{"rootId":"6onf5hg1gtwe3zc","id":"6onf5hg1gtwe3zc"},"id":"7ckib349vu9ea4y","previousOperationId":"if80bhc1od4z8o2"}
{"type":"log","timestamp":1731227537915,"level":"info","message":"Rendering request 126 finished in 1378 ms","meta":{"rootId":"6onf5hg1gtwe3zc","id":"6onf5hg1gtwe3zc"},"id":"8ckay1v8ci3jsbq","previousOperationId":"if80bhc1od4z8o2"}
{"type":"operationEnd","subtype":"render","operationId":"jquiq7w2wdlo7ls","timestamp":1731227537915,"id":"jq9nzuq7gr4sno5","previousEventId":"dokch15790lwovb","previousOperationId":"if80bhc1od4z8o2"}
{"type":"operationEnd","doDiffs":false,"previousEventId":"3em8qms846za0ss","previousOperationId":"l43t3pdp1gvida5","operationId":"l43t3pdp1gvida5","timestamp":1731227537918,"id":"mxpl1buysfh6i85"}
