{"type":"operationStart","subtype":"profile","data":{"_id":"6g6FiP13dZCH2oiA","timestamp":"2024-11-10T09:03:06.082Z","state":"queued","mode":"standard","creationDate":"2024-11-10T09:03:06.084Z","modificationDate":"2024-11-10T09:03:06.084Z","shortid":"IOPHo64","inheritedReadPermissions":[],"inheritedEditPermissions":[],"$entitySet":"profiles"},"doDiffs":false,"timestamp":1731229386083,"id":"91oozduvvbdwuut","previousOperationId":null,"operationId":"lx2i5qnb0hf4q8k"}
{"type":"log","level":"info","message":"Render request 182 queued for execution and waiting for available worker","previousOperationId":"lx2i5qnb0hf4q8k","timestamp":1731229386083,"id":"nyyhm731vsxp4a5"}
{"type":"operationStart","subtype":"render","name":"new-excl-template","previousOperationId":"lx2i5qnb0hf4q8k","timestamp":1731229386092,"id":"o5xd1w6ywc4tktj","previousEventId":"91oozduvvbdwuut","operationId":"b6cmzchja4cz0r8"}
{"type":"log","timestamp":1731229386092,"level":"info","message":"Starting rendering request 182 (user: admin)","meta":{"rootId":"6qsjgx90ki5v87q","id":"6qsjgx90ki5v87q"},"id":"co38amuz2lwmee6","previousOperationId":"b6cmzchja4cz0r8"}
{"type":"log","timestamp":1731229386092,"level":"info","message":"Rendering template { name: new-excl-template, recipe: html-to-xlsx, engine: handlebars, preview: true }","meta":{"rootId":"6qsjgx90ki5v87q","id":"6qsjgx90ki5v87q"},"id":"v2bbd7vytsbs7lw","previousOperationId":"b6cmzchja4cz0r8"}
{"type":"log","timestamp":1731229386093,"level":"debug","message":"Adding sample data pVkbCM7am","meta":{"rootId":"6qsjgx90ki5v87q","id":"6qsjgx90ki5v87q"},"id":"vt1gf5tjms67afv","previousOperationId":"b6cmzchja4cz0r8"}
{"type":"log","timestamp":1731229386095,"level":"debug","message":"Base url not specified, skipping its injection.","meta":{"rootId":"6qsjgx90ki5v87q","id":"6qsjgx90ki5v87q"},"id":"q1a3pf0ibrlyhms","previousOperationId":"b6cmzchja4cz0r8"}
{"type":"log","timestamp":1731229386097,"level":"debug","message":"Replaced assets [\"KhmerOSSiemreapRegular.ttf\"]","meta":{"rootId":"6qsjgx90ki5v87q","id":"6qsjgx90ki5v87q"},"id":"dsxm1y78x0qu75u","previousOperationId":"b6cmzchja4cz0r8"}
{"type":"operationStart","subtype":"engine","name":"handlebars","timestamp":1731229386097,"id":"ivdvn55rgexmnuv","previousEventId":"o5xd1w6ywc4tktj","operationId":"1f1o0qjo3s3qyci","previousOperationId":"b6cmzchja4cz0r8"}
{"type":"log","timestamp":1731229386097,"level":"debug","message":"Rendering engine handlebars","meta":{"rootId":"6qsjgx90ki5v87q","id":"6qsjgx90ki5v87q"},"id":"cjjd0tjr8ylrff9","previousOperationId":"1f1o0qjo3s3qyci"}
{"type":"operationEnd","operationId":"1f1o0qjo3s3qyci","timestamp":1731229386113,"id":"bdntnt8d6fxg4vx","previousEventId":"ivdvn55rgexmnuv","previousOperationId":"1f1o0qjo3s3qyci"}
{"type":"operationStart","subtype":"recipe","name":"html-to-xlsx","timestamp":1731229386116,"id":"pok1sk05dpo5qr1","previousEventId":"bdntnt8d6fxg4vx","operationId":"00f916q80w8fgl0","previousOperationId":"1f1o0qjo3s3qyci"}
{"type":"log","timestamp":1731229386116,"level":"debug","message":"Executing recipe html-to-xlsx","meta":{"rootId":"6qsjgx90ki5v87q","id":"6qsjgx90ki5v87q"},"id":"64sahy5reygy2kq","previousOperationId":"00f916q80w8fgl0"}
{"type":"log","timestamp":1731229386116,"level":"info","message":"html-to-xlsx generation is starting","meta":{"rootId":"6qsjgx90ki5v87q","id":"6qsjgx90ki5v87q"},"id":"r6mmgyadd4vi486","previousOperationId":"00f916q80w8fgl0"}
{"type":"log","timestamp":1731229387081,"level":"info","message":"html-to-xlsx generation was finished","meta":{"rootId":"6qsjgx90ki5v87q","id":"6qsjgx90ki5v87q"},"id":"5l42izgn43yskn0","previousOperationId":"00f916q80w8fgl0"}
{"type":"log","timestamp":1731229387081,"level":"debug","message":"preparing office preview","meta":{"rootId":"6qsjgx90ki5v87q","id":"6qsjgx90ki5v87q"},"id":"l3s27d0p5l4veff","previousOperationId":"00f916q80w8fgl0"}
{"type":"operationEnd","operationId":"00f916q80w8fgl0","timestamp":1731229387529,"id":"ezkosjjker916dm","previousEventId":"pok1sk05dpo5qr1","previousOperationId":"00f916q80w8fgl0"}
{"type":"log","timestamp":1731229387529,"level":"debug","message":"Skipping storing report.","meta":{"rootId":"6qsjgx90ki5v87q","id":"6qsjgx90ki5v87q"},"id":"jsedficns4guvkd","previousOperationId":"00f916q80w8fgl0"}
{"type":"log","timestamp":1731229387529,"level":"info","message":"Rendering request 182 finished in 1447 ms","meta":{"rootId":"6qsjgx90ki5v87q","id":"6qsjgx90ki5v87q"},"id":"zm0fzhkhtygionb","previousOperationId":"00f916q80w8fgl0"}
{"type":"operationEnd","subtype":"render","operationId":"b6cmzchja4cz0r8","timestamp":1731229387529,"id":"njashmo0b0zj9w9","previousEventId":"ezkosjjker916dm","previousOperationId":"00f916q80w8fgl0"}
{"type":"operationEnd","doDiffs":false,"previousEventId":"91oozduvvbdwuut","previousOperationId":"lx2i5qnb0hf4q8k","operationId":"lx2i5qnb0hf4q8k","timestamp":1731229387531,"id":"4z13p2oo1povklx"}
