{"type":"operationStart","subtype":"profile","data":{"_id":"rTSUNu3Wf6GuQeN0","timestamp":"2024-11-10T14:23:44.935Z","state":"queued","mode":"standard","creationDate":"2024-11-10T14:23:44.937Z","modificationDate":"2024-11-10T14:23:44.937Z","shortid":"AaBvoGs","inheritedReadPermissions":[],"inheritedEditPermissions":[],"$entitySet":"profiles"},"doDiffs":false,"timestamp":1731248624936,"id":"o0m0ej9lijfeop1","previousOperationId":null,"operationId":"jbpwnotsowvd8uo"}
{"type":"log","level":"info","message":"Render request 144 queued for execution and waiting for available worker","previousOperationId":"jbpwnotsowvd8uo","timestamp":1731248624936,"id":"hh7a8eyc1yararx"}
{"type":"operationStart","subtype":"render","name":"new-excl-template","previousOperationId":"jbpwnotsowvd8uo","timestamp":1731248624943,"id":"flx5qe91yc8rude","previousEventId":"o0m0ej9lijfeop1","operationId":"7ccunf8s1e297j2"}
{"type":"log","timestamp":1731248624943,"level":"info","message":"Starting rendering request 144 (user: admin)","meta":{"rootId":"6whvo97ubw365x3","id":"6whvo97ubw365x3"},"id":"iitsqdmvlt5nftn","previousOperationId":"7ccunf8s1e297j2"}
{"type":"log","timestamp":1731248624944,"level":"info","message":"Rendering template { name: new-excl-template, recipe: html-to-xlsx, engine: handlebars, preview: true }","meta":{"rootId":"6whvo97ubw365x3","id":"6whvo97ubw365x3"},"id":"hcs8wr1n1hqk71b","previousOperationId":"7ccunf8s1e297j2"}
{"type":"log","timestamp":1731248624944,"level":"debug","message":"Inline data specified.","meta":{"rootId":"6whvo97ubw365x3","id":"6whvo97ubw365x3"},"id":"vm7gylralrzr2sz","previousOperationId":"7ccunf8s1e297j2"}
{"type":"log","timestamp":1731248624946,"level":"debug","message":"Base url not specified, skipping its injection.","meta":{"rootId":"6whvo97ubw365x3","id":"6whvo97ubw365x3"},"id":"swr0jz5nopq54hx","previousOperationId":"7ccunf8s1e297j2"}
{"type":"log","timestamp":1731248624948,"level":"debug","message":"Replaced assets [\"KhmerOSSiemreapRegular.ttf\"]","meta":{"rootId":"6whvo97ubw365x3","id":"6whvo97ubw365x3"},"id":"14d288j2o0jaeu5","previousOperationId":"7ccunf8s1e297j2"}
{"type":"operationStart","subtype":"engine","name":"handlebars","timestamp":1731248624948,"id":"uk83gzhpx71edff","previousEventId":"flx5qe91yc8rude","operationId":"wr8honwz0clv6ga","previousOperationId":"7ccunf8s1e297j2"}
{"type":"log","timestamp":1731248624948,"level":"debug","message":"Rendering engine handlebars","meta":{"rootId":"6whvo97ubw365x3","id":"6whvo97ubw365x3"},"id":"8n1y5sw8pyw3cm9","previousOperationId":"wr8honwz0clv6ga"}
{"type":"operationEnd","operationId":"wr8honwz0clv6ga","timestamp":1731248624958,"id":"dtw30e8elv7m7n3","previousEventId":"uk83gzhpx71edff","previousOperationId":"wr8honwz0clv6ga"}
{"type":"operationStart","subtype":"recipe","name":"html-to-xlsx","timestamp":1731248624959,"id":"wo0mkfg19f4l89d","previousEventId":"dtw30e8elv7m7n3","operationId":"ogg4z426kou63a7","previousOperationId":"wr8honwz0clv6ga"}
{"type":"log","timestamp":1731248624959,"level":"debug","message":"Executing recipe html-to-xlsx","meta":{"rootId":"6whvo97ubw365x3","id":"6whvo97ubw365x3"},"id":"ugvnlp15ip7kfyb","previousOperationId":"ogg4z426kou63a7"}
{"type":"log","timestamp":1731248624959,"level":"info","message":"html-to-xlsx generation is starting","meta":{"rootId":"6whvo97ubw365x3","id":"6whvo97ubw365x3"},"id":"dzu59rftu5129jb","previousOperationId":"ogg4z426kou63a7"}
{"type":"log","timestamp":1731248625575,"level":"info","message":"html-to-xlsx generation was finished","meta":{"rootId":"6whvo97ubw365x3","id":"6whvo97ubw365x3"},"id":"dg9cijnku8tsxwo","previousOperationId":"ogg4z426kou63a7"}
{"type":"log","timestamp":1731248625575,"level":"debug","message":"preparing office preview","meta":{"rootId":"6whvo97ubw365x3","id":"6whvo97ubw365x3"},"id":"p3ohoe0ququ6ewp","previousOperationId":"ogg4z426kou63a7"}
{"type":"operationEnd","operationId":"ogg4z426kou63a7","timestamp":1731248626379,"id":"yioqwqwq23x5n3j","previousEventId":"wo0mkfg19f4l89d","previousOperationId":"ogg4z426kou63a7"}
{"type":"log","timestamp":1731248626379,"level":"debug","message":"Skipping storing report.","meta":{"rootId":"6whvo97ubw365x3","id":"6whvo97ubw365x3"},"id":"ul1piw0ctvpgafc","previousOperationId":"ogg4z426kou63a7"}
{"type":"log","timestamp":1731248626379,"level":"info","message":"Rendering request 144 finished in 1444 ms","meta":{"rootId":"6whvo97ubw365x3","id":"6whvo97ubw365x3"},"id":"c7hb3851fleyyat","previousOperationId":"ogg4z426kou63a7"}
{"type":"operationEnd","subtype":"render","operationId":"7ccunf8s1e297j2","timestamp":1731248626379,"id":"yyhv4iatbj5sbfa","previousEventId":"yioqwqwq23x5n3j","previousOperationId":"ogg4z426kou63a7"}
{"type":"operationEnd","doDiffs":false,"previousEventId":"o0m0ej9lijfeop1","previousOperationId":"jbpwnotsowvd8uo","operationId":"jbpwnotsowvd8uo","timestamp":1731248626381,"id":"1y4txtbefqcl4rp"}
