{"type":"operationStart","subtype":"profile","data":{"_id":"KM7J5A9iUNQapWVB","timestamp":"2024-11-10T08:35:43.282Z","state":"queued","mode":"standard","creationDate":"2024-11-10T08:35:43.284Z","modificationDate":"2024-11-10T08:35:43.284Z","shortid":"tMZn4Hi","inheritedReadPermissions":[],"inheritedEditPermissions":[],"$entitySet":"profiles"},"doDiffs":false,"timestamp":1731227743284,"id":"nqgd3yv99d2rucj","previousOperationId":null,"operationId":"zzi5i2z85s578oh"}
{"type":"log","level":"info","message":"Render request 134 queued for execution and waiting for available worker","previousOperationId":"zzi5i2z85s578oh","timestamp":1731227743284,"id":"n6fxi6r6wixv2ib"}
{"type":"operationStart","subtype":"render","name":"new-excl-template","previousOperationId":"zzi5i2z85s578oh","timestamp":1731227743293,"id":"clcssl0rsy0pge9","previousEventId":"nqgd3yv99d2rucj","operationId":"4cszx3otoqkio8s"}
{"type":"log","timestamp":1731227743293,"level":"info","message":"Starting rendering request 134 (user: admin)","meta":{"rootId":"70qajjvjy8vuo71","id":"70qajjvjy8vuo71"},"id":"47m1fvjj02t2etx","previousOperationId":"4cszx3otoqkio8s"}
{"type":"log","timestamp":1731227743293,"level":"info","message":"Rendering template { name: new-excl-template, recipe: html-to-xlsx, engine: handlebars, preview: true }","meta":{"rootId":"70qajjvjy8vuo71","id":"70qajjvjy8vuo71"},"id":"0rdhtpjvxxxbxpt","previousOperationId":"4cszx3otoqkio8s"}
{"type":"log","timestamp":1731227743293,"level":"debug","message":"Inline data specified.","meta":{"rootId":"70qajjvjy8vuo71","id":"70qajjvjy8vuo71"},"id":"5qcizgadn9cpjvq","previousOperationId":"4cszx3otoqkio8s"}
{"type":"log","timestamp":1731227743294,"level":"debug","message":"Base url not specified, skipping its injection.","meta":{"rootId":"70qajjvjy8vuo71","id":"70qajjvjy8vuo71"},"id":"o9u888hn10a3bqm","previousOperationId":"4cszx3otoqkio8s"}
{"type":"log","timestamp":1731227743297,"level":"debug","message":"Replaced assets [\"/asset/font/KhmerOSSiemreapRegular.ttf\"]","meta":{"rootId":"70qajjvjy8vuo71","id":"70qajjvjy8vuo71"},"id":"t64ad4trahy37mv","previousOperationId":"4cszx3otoqkio8s"}
{"type":"operationStart","subtype":"engine","name":"handlebars","timestamp":1731227743297,"id":"ut1ngbvli7dqirj","previousEventId":"clcssl0rsy0pge9","operationId":"kdohg76wum3q93c","previousOperationId":"4cszx3otoqkio8s"}
{"type":"log","timestamp":1731227743297,"level":"debug","message":"Rendering engine handlebars","meta":{"rootId":"70qajjvjy8vuo71","id":"70qajjvjy8vuo71"},"id":"9cqstwyu4dq18bv","previousOperationId":"kdohg76wum3q93c"}
{"type":"operationEnd","operationId":"kdohg76wum3q93c","timestamp":1731227743317,"id":"wh0t76yf7aew59v","previousEventId":"ut1ngbvli7dqirj","previousOperationId":"kdohg76wum3q93c"}
{"type":"operationStart","subtype":"recipe","name":"html-to-xlsx","timestamp":1731227743322,"id":"pqjkc07vq2yys83","previousEventId":"wh0t76yf7aew59v","operationId":"jxfdi6zz384oxue","previousOperationId":"kdohg76wum3q93c"}
{"type":"log","timestamp":1731227743322,"level":"debug","message":"Executing recipe html-to-xlsx","meta":{"rootId":"70qajjvjy8vuo71","id":"70qajjvjy8vuo71"},"id":"ma31ttzo40epnar","previousOperationId":"jxfdi6zz384oxue"}
{"type":"log","timestamp":1731227743322,"level":"info","message":"html-to-xlsx generation is starting","meta":{"rootId":"70qajjvjy8vuo71","id":"70qajjvjy8vuo71"},"id":"dbobl6mrzakd6uj","previousOperationId":"jxfdi6zz384oxue"}
{"type":"log","timestamp":1731227744335,"level":"info","message":"html-to-xlsx generation was finished","meta":{"rootId":"70qajjvjy8vuo71","id":"70qajjvjy8vuo71"},"id":"6io47l419zkwt49","previousOperationId":"jxfdi6zz384oxue"}
{"type":"log","timestamp":1731227744335,"level":"debug","message":"preparing office preview","meta":{"rootId":"70qajjvjy8vuo71","id":"70qajjvjy8vuo71"},"id":"a16mze5xiqokm9x","previousOperationId":"jxfdi6zz384oxue"}
{"type":"operationEnd","operationId":"jxfdi6zz384oxue","timestamp":1731227745002,"id":"l3i1460zc4qw9kz","previousEventId":"pqjkc07vq2yys83","previousOperationId":"jxfdi6zz384oxue"}
{"type":"log","timestamp":1731227745003,"level":"debug","message":"Skipping storing report.","meta":{"rootId":"70qajjvjy8vuo71","id":"70qajjvjy8vuo71"},"id":"gcjkook7m1vhijv","previousOperationId":"jxfdi6zz384oxue"}
{"type":"log","timestamp":1731227745003,"level":"info","message":"Rendering request 134 finished in 1721 ms","meta":{"rootId":"70qajjvjy8vuo71","id":"70qajjvjy8vuo71"},"id":"5ld8vhdcagv6vuw","previousOperationId":"jxfdi6zz384oxue"}
{"type":"operationEnd","subtype":"render","operationId":"4cszx3otoqkio8s","timestamp":1731227745003,"id":"rib3z40hyf91e6g","previousEventId":"l3i1460zc4qw9kz","previousOperationId":"jxfdi6zz384oxue"}
{"type":"operationEnd","doDiffs":false,"previousEventId":"nqgd3yv99d2rucj","previousOperationId":"zzi5i2z85s578oh","operationId":"zzi5i2z85s578oh","timestamp":1731227745006,"id":"blu99ct9pzs9pk0"}
