{"type":"operationStart","subtype":"profile","data":{"_id":"o8gJ9sJPorvtUA9I","timestamp":"2024-11-10T09:18:00.301Z","state":"queued","mode":"standard","creationDate":"2024-11-10T09:18:00.303Z","modificationDate":"2024-11-10T09:18:00.303Z","shortid":"-jJu1S_","inheritedReadPermissions":[],"inheritedEditPermissions":[],"$entitySet":"profiles"},"doDiffs":false,"timestamp":1731230280303,"id":"5hg8n9o1qlfdwr6","previousOperationId":null,"operationId":"1mhzaeovt0bprr6"}
{"type":"log","level":"info","message":"Render request 196 queued for execution and waiting for available worker","previousOperationId":"1mhzaeovt0bprr6","timestamp":1731230280303,"id":"ilip5dzg7elrasi"}
{"type":"operationStart","subtype":"render","name":"new-excl-template","previousOperationId":"1mhzaeovt0bprr6","timestamp":1731230280313,"id":"8brdq382xeeq5sn","previousEventId":"5hg8n9o1qlfdwr6","operationId":"o0qa5m5309z64a4"}
{"type":"log","timestamp":1731230280313,"level":"info","message":"Starting rendering request 196 (user: admin)","meta":{"rootId":"72gmkgzc0uyosde","id":"72gmkgzc0uyosde"},"id":"stuzq9s18hoo4wc","previousOperationId":"o0qa5m5309z64a4"}
{"type":"log","timestamp":1731230280313,"level":"info","message":"Rendering template { name: new-excl-template, recipe: html-to-xlsx, engine: handlebars, preview: true }","meta":{"rootId":"72gmkgzc0uyosde","id":"72gmkgzc0uyosde"},"id":"ihqsgg8th158atv","previousOperationId":"o0qa5m5309z64a4"}
{"type":"log","timestamp":1731230280314,"level":"debug","message":"Inline data specified.","meta":{"rootId":"72gmkgzc0uyosde","id":"72gmkgzc0uyosde"},"id":"b6gmi50kc49x994","previousOperationId":"o0qa5m5309z64a4"}
{"type":"log","timestamp":1731230280316,"level":"debug","message":"Base url not specified, skipping its injection.","meta":{"rootId":"72gmkgzc0uyosde","id":"72gmkgzc0uyosde"},"id":"nw07iqke576bc7a","previousOperationId":"o0qa5m5309z64a4"}
{"type":"operationStart","subtype":"engine","name":"handlebars","timestamp":1731230280316,"id":"fp24vavy3ewouwa","previousEventId":"8brdq382xeeq5sn","operationId":"sns92s9e98psv5m","previousOperationId":"o0qa5m5309z64a4"}
{"type":"log","timestamp":1731230280316,"level":"debug","message":"Rendering engine handlebars","meta":{"rootId":"72gmkgzc0uyosde","id":"72gmkgzc0uyosde"},"id":"uzvwbw093ken95f","previousOperationId":"sns92s9e98psv5m"}
{"type":"operationEnd","operationId":"sns92s9e98psv5m","timestamp":1731230280329,"id":"dnk2muld3ktadyg","previousEventId":"fp24vavy3ewouwa","previousOperationId":"sns92s9e98psv5m"}
{"type":"operationStart","subtype":"recipe","name":"html-to-xlsx","timestamp":1731230280332,"id":"bj0bifxdu99z4ii","previousEventId":"dnk2muld3ktadyg","operationId":"k29lakdmhujfzwj","previousOperationId":"sns92s9e98psv5m"}
{"type":"log","timestamp":1731230280332,"level":"debug","message":"Executing recipe html-to-xlsx","meta":{"rootId":"72gmkgzc0uyosde","id":"72gmkgzc0uyosde"},"id":"31i2261nmp8naal","previousOperationId":"k29lakdmhujfzwj"}
{"type":"log","timestamp":1731230280332,"level":"info","message":"html-to-xlsx generation is starting","meta":{"rootId":"72gmkgzc0uyosde","id":"72gmkgzc0uyosde"},"id":"mqrvupxt9knpiwv","previousOperationId":"k29lakdmhujfzwj"}
{"type":"log","timestamp":1731230281751,"level":"info","message":"html-to-xlsx generation was finished","meta":{"rootId":"72gmkgzc0uyosde","id":"72gmkgzc0uyosde"},"id":"bplxigalewd2287","previousOperationId":"k29lakdmhujfzwj"}
{"type":"log","timestamp":1731230281751,"level":"debug","message":"preparing office preview","meta":{"rootId":"72gmkgzc0uyosde","id":"72gmkgzc0uyosde"},"id":"28ntttpyshwtc30","previousOperationId":"k29lakdmhujfzwj"}
{"type":"operationEnd","operationId":"k29lakdmhujfzwj","timestamp":1731230282417,"id":"9sjj94f0rztfc74","previousEventId":"bj0bifxdu99z4ii","previousOperationId":"k29lakdmhujfzwj"}
{"type":"log","timestamp":1731230282417,"level":"debug","message":"Skipping storing report.","meta":{"rootId":"72gmkgzc0uyosde","id":"72gmkgzc0uyosde"},"id":"uud5cfca232mzzq","previousOperationId":"k29lakdmhujfzwj"}
{"type":"log","timestamp":1731230282417,"level":"info","message":"Rendering request 196 finished in 2116 ms","meta":{"rootId":"72gmkgzc0uyosde","id":"72gmkgzc0uyosde"},"id":"dnf2k7aqwro2b61","previousOperationId":"k29lakdmhujfzwj"}
{"type":"operationEnd","subtype":"render","operationId":"o0qa5m5309z64a4","timestamp":1731230282417,"id":"1urwr6ain2vb4pz","previousEventId":"9sjj94f0rztfc74","previousOperationId":"k29lakdmhujfzwj"}
{"type":"operationEnd","doDiffs":false,"previousEventId":"5hg8n9o1qlfdwr6","previousOperationId":"1mhzaeovt0bprr6","operationId":"1mhzaeovt0bprr6","timestamp":1731230282419,"id":"ybf6nn24p1fo600"}
