{"type":"operationStart","subtype":"profile","data":{"_id":"e98b1SAcDE87hJRx","timestamp":"2024-11-10T14:40:46.689Z","state":"queued","mode":"standard","creationDate":"2024-11-10T14:40:46.691Z","modificationDate":"2024-11-10T14:40:46.691Z","shortid":"vpGf9uf","inheritedReadPermissions":[],"inheritedEditPermissions":[],"$entitySet":"profiles"},"doDiffs":false,"timestamp":1731249646690,"id":"gxds8g0zyqam7k2","previousOperationId":null,"operationId":"zlgwy1nf95r8hfj"}
{"type":"log","level":"info","message":"Render request 159 queued for execution and waiting for available worker","previousOperationId":"zlgwy1nf95r8hfj","timestamp":1731249646690,"id":"wq1m7qvxqftvp73"}
{"type":"operationStart","subtype":"render","name":"new-excl-template","previousOperationId":"zlgwy1nf95r8hfj","timestamp":1731249646699,"id":"omoz1uo33tntb4k","previousEventId":"gxds8g0zyqam7k2","operationId":"zsmjqjv1l67iv03"}
{"type":"log","timestamp":1731249646699,"level":"info","message":"Starting rendering request 159 (user: admin)","meta":{"rootId":"7gr6k9rpukqp13y","id":"7gr6k9rpukqp13y"},"id":"qlrzx4i34mbccyg","previousOperationId":"zsmjqjv1l67iv03"}
{"type":"log","timestamp":1731249646699,"level":"info","message":"Rendering template { name: new-excl-template, recipe: html-to-xlsx, engine: handlebars, preview: true }","meta":{"rootId":"7gr6k9rpukqp13y","id":"7gr6k9rpukqp13y"},"id":"zykxe38bm0ptsd1","previousOperationId":"zsmjqjv1l67iv03"}
{"type":"log","timestamp":1731249646700,"level":"debug","message":"Inline data specified.","meta":{"rootId":"7gr6k9rpukqp13y","id":"7gr6k9rpukqp13y"},"id":"di386lr2kg6e15t","previousOperationId":"zsmjqjv1l67iv03"}
{"type":"log","timestamp":1731249646701,"level":"debug","message":"Base url not specified, skipping its injection.","meta":{"rootId":"7gr6k9rpukqp13y","id":"7gr6k9rpukqp13y"},"id":"n8uujofzwqwc6df","previousOperationId":"zsmjqjv1l67iv03"}
{"type":"log","timestamp":1731249646704,"level":"debug","message":"Replaced assets [\"KhmerOSSiemreapRegular.ttf\"]","meta":{"rootId":"7gr6k9rpukqp13y","id":"7gr6k9rpukqp13y"},"id":"uxrluqs75917lrx","previousOperationId":"zsmjqjv1l67iv03"}
{"type":"operationStart","subtype":"engine","name":"handlebars","timestamp":1731249646704,"id":"qddvx5tdkqg9myt","previousEventId":"omoz1uo33tntb4k","operationId":"wnstcqxe6lx9kqh","previousOperationId":"zsmjqjv1l67iv03"}
{"type":"log","timestamp":1731249646704,"level":"debug","message":"Rendering engine handlebars","meta":{"rootId":"7gr6k9rpukqp13y","id":"7gr6k9rpukqp13y"},"id":"8iv9m04dux99m9g","previousOperationId":"wnstcqxe6lx9kqh"}
{"type":"operationEnd","operationId":"wnstcqxe6lx9kqh","timestamp":1731249646716,"id":"q469hmt7a1867n2","previousEventId":"qddvx5tdkqg9myt","previousOperationId":"wnstcqxe6lx9kqh"}
{"type":"operationStart","subtype":"recipe","name":"html-to-xlsx","timestamp":1731249646718,"id":"07r55anhdo0uthn","previousEventId":"q469hmt7a1867n2","operationId":"dhy5w9f1fanhqak","previousOperationId":"wnstcqxe6lx9kqh"}
{"type":"log","timestamp":1731249646718,"level":"debug","message":"Executing recipe html-to-xlsx","meta":{"rootId":"7gr6k9rpukqp13y","id":"7gr6k9rpukqp13y"},"id":"mfnu2z6q2dbr2pw","previousOperationId":"dhy5w9f1fanhqak"}
{"type":"log","timestamp":1731249646718,"level":"info","message":"html-to-xlsx generation is starting","meta":{"rootId":"7gr6k9rpukqp13y","id":"7gr6k9rpukqp13y"},"id":"4yrhcupb9h8bxd9","previousOperationId":"dhy5w9f1fanhqak"}
{"type":"log","timestamp":1731249647339,"level":"info","message":"html-to-xlsx generation was finished","meta":{"rootId":"7gr6k9rpukqp13y","id":"7gr6k9rpukqp13y"},"id":"muo4p3netrcqwmg","previousOperationId":"dhy5w9f1fanhqak"}
{"type":"log","timestamp":1731249647339,"level":"debug","message":"preparing office preview","meta":{"rootId":"7gr6k9rpukqp13y","id":"7gr6k9rpukqp13y"},"id":"bkcvvnbz7masnod","previousOperationId":"dhy5w9f1fanhqak"}
{"type":"operationEnd","operationId":"dhy5w9f1fanhqak","timestamp":1731249647794,"id":"bpk2uwutkzy7jel","previousEventId":"07r55anhdo0uthn","previousOperationId":"dhy5w9f1fanhqak"}
{"type":"log","timestamp":1731249647794,"level":"debug","message":"Skipping storing report.","meta":{"rootId":"7gr6k9rpukqp13y","id":"7gr6k9rpukqp13y"},"id":"y5mje5j2qpks0ht","previousOperationId":"dhy5w9f1fanhqak"}
{"type":"log","timestamp":1731249647794,"level":"info","message":"Rendering request 159 finished in 1105 ms","meta":{"rootId":"7gr6k9rpukqp13y","id":"7gr6k9rpukqp13y"},"id":"i5e8944q3xsygy6","previousOperationId":"dhy5w9f1fanhqak"}
{"type":"operationEnd","subtype":"render","operationId":"zsmjqjv1l67iv03","timestamp":1731249647794,"id":"78btz0yia6gzq65","previousEventId":"bpk2uwutkzy7jel","previousOperationId":"dhy5w9f1fanhqak"}
{"type":"operationEnd","doDiffs":false,"previousEventId":"gxds8g0zyqam7k2","previousOperationId":"zlgwy1nf95r8hfj","operationId":"zlgwy1nf95r8hfj","timestamp":1731249647796,"id":"wxvleri8a9mrr26"}
