{"type":"operationStart","subtype":"profile","data":{"_id":"4Pw6Z5X3zxtchKd7","timestamp":"2024-11-10T13:20:35.524Z","state":"queued","mode":"standard","creationDate":"2024-11-10T13:20:35.525Z","modificationDate":"2024-11-10T13:20:35.525Z","shortid":"yHxPvYP","inheritedReadPermissions":[],"inheritedEditPermissions":[],"$entitySet":"profiles"},"doDiffs":false,"timestamp":1731244835525,"id":"bpzs3i5zm0whhbc","previousOperationId":null,"operationId":"p1yzfrxytig0881"}
{"type":"log","level":"info","message":"Render request 47 queued for execution and waiting for available worker","previousOperationId":"p1yzfrxytig0881","timestamp":1731244835525,"id":"7g8nl5khjdygek2"}
{"type":"operationStart","subtype":"render","name":"new-excl-template","previousOperationId":"p1yzfrxytig0881","timestamp":1731244835533,"id":"xkshhv1enqsbpwd","previousEventId":"bpzs3i5zm0whhbc","operationId":"zzkai6uofg7g3f1"}
{"type":"log","timestamp":1731244835533,"level":"info","message":"Starting rendering request 47 (user: admin)","meta":{"rootId":"7l41k1ieyrsbqo6","id":"7l41k1ieyrsbqo6"},"id":"4y85i17303rtno8","previousOperationId":"zzkai6uofg7g3f1"}
{"type":"log","timestamp":1731244835533,"level":"info","message":"Rendering template { name: new-excl-template, recipe: html-to-xlsx, engine: handlebars, preview: true }","meta":{"rootId":"7l41k1ieyrsbqo6","id":"7l41k1ieyrsbqo6"},"id":"qrt02piw9mt60za","previousOperationId":"zzkai6uofg7g3f1"}
{"type":"log","timestamp":1731244835533,"level":"debug","message":"Inline data specified.","meta":{"rootId":"7l41k1ieyrsbqo6","id":"7l41k1ieyrsbqo6"},"id":"qzoeqqly44k2d6d","previousOperationId":"zzkai6uofg7g3f1"}
{"type":"log","timestamp":1731244835534,"level":"debug","message":"Base url not specified, skipping its injection.","meta":{"rootId":"7l41k1ieyrsbqo6","id":"7l41k1ieyrsbqo6"},"id":"1u4q9bamr1omttj","previousOperationId":"zzkai6uofg7g3f1"}
{"type":"log","timestamp":1731244835538,"level":"debug","message":"Replaced assets [\"KhmerOSSiemreapRegular.ttf\"]","meta":{"rootId":"7l41k1ieyrsbqo6","id":"7l41k1ieyrsbqo6"},"id":"jtpa2r6irwk6tmm","previousOperationId":"zzkai6uofg7g3f1"}
{"type":"operationStart","subtype":"engine","name":"handlebars","timestamp":1731244835538,"id":"rxgyqx4fsfgmb0a","previousEventId":"xkshhv1enqsbpwd","operationId":"afs0nbiqdvmpo3j","previousOperationId":"zzkai6uofg7g3f1"}
{"type":"log","timestamp":1731244835538,"level":"debug","message":"Rendering engine handlebars","meta":{"rootId":"7l41k1ieyrsbqo6","id":"7l41k1ieyrsbqo6"},"id":"lceq1fonv47p66i","previousOperationId":"afs0nbiqdvmpo3j"}
{"type":"operationEnd","operationId":"afs0nbiqdvmpo3j","timestamp":1731244835551,"id":"r2tegw8iln7nbhn","previousEventId":"rxgyqx4fsfgmb0a","previousOperationId":"afs0nbiqdvmpo3j"}
{"type":"operationStart","subtype":"recipe","name":"html-to-xlsx","timestamp":1731244835552,"id":"oda9uxhfhv9h9fm","previousEventId":"r2tegw8iln7nbhn","operationId":"whqwlzufwidnfd2","previousOperationId":"afs0nbiqdvmpo3j"}
{"type":"log","timestamp":1731244835552,"level":"debug","message":"Executing recipe html-to-xlsx","meta":{"rootId":"7l41k1ieyrsbqo6","id":"7l41k1ieyrsbqo6"},"id":"0qstp7xv92gxshc","previousOperationId":"whqwlzufwidnfd2"}
{"type":"log","timestamp":1731244835552,"level":"info","message":"html-to-xlsx generation is starting","meta":{"rootId":"7l41k1ieyrsbqo6","id":"7l41k1ieyrsbqo6"},"id":"j9cbvdzxcvw57wf","previousOperationId":"whqwlzufwidnfd2"}
{"type":"log","timestamp":1731244836225,"level":"info","message":"html-to-xlsx generation was finished","meta":{"rootId":"7l41k1ieyrsbqo6","id":"7l41k1ieyrsbqo6"},"id":"ykwvtm7y7rjvepz","previousOperationId":"whqwlzufwidnfd2"}
{"type":"log","timestamp":1731244836225,"level":"debug","message":"preparing office preview","meta":{"rootId":"7l41k1ieyrsbqo6","id":"7l41k1ieyrsbqo6"},"id":"x91m0f74nb5gjbf","previousOperationId":"whqwlzufwidnfd2"}
{"type":"operationEnd","operationId":"whqwlzufwidnfd2","timestamp":1731244836674,"id":"f2j9iovenq4wmqa","previousEventId":"oda9uxhfhv9h9fm","previousOperationId":"whqwlzufwidnfd2"}
{"type":"log","timestamp":1731244836674,"level":"debug","message":"Skipping storing report.","meta":{"rootId":"7l41k1ieyrsbqo6","id":"7l41k1ieyrsbqo6"},"id":"rtx7v72w7bv6utv","previousOperationId":"whqwlzufwidnfd2"}
{"type":"log","timestamp":1731244836674,"level":"info","message":"Rendering request 47 finished in 1150 ms","meta":{"rootId":"7l41k1ieyrsbqo6","id":"7l41k1ieyrsbqo6"},"id":"ba4oxw7c2edp75d","previousOperationId":"whqwlzufwidnfd2"}
{"type":"operationEnd","subtype":"render","operationId":"zzkai6uofg7g3f1","timestamp":1731244836674,"id":"hltej9n3eh1p1wr","previousEventId":"f2j9iovenq4wmqa","previousOperationId":"whqwlzufwidnfd2"}
{"type":"operationEnd","doDiffs":false,"previousEventId":"bpzs3i5zm0whhbc","previousOperationId":"p1yzfrxytig0881","operationId":"p1yzfrxytig0881","timestamp":1731244836676,"id":"hzupmvlzutki0yy"}
