{"type":"operationStart","subtype":"profile","data":{"_id":"Sn0kN4mPIiHxeews","timestamp":"2024-11-10T10:12:41.306Z","state":"queued","mode":"standard","creationDate":"2024-11-10T10:12:41.308Z","modificationDate":"2024-11-10T10:12:41.308Z","shortid":"kkQiTfs","inheritedReadPermissions":[],"inheritedEditPermissions":[],"$entitySet":"profiles"},"doDiffs":false,"timestamp":1731233561307,"id":"xvo15fijcego6wc","previousOperationId":null,"operationId":"mrf090sl4f5551x"}
{"type":"log","level":"info","message":"Render request 303 queued for execution and waiting for available worker","previousOperationId":"mrf090sl4f5551x","timestamp":1731233561307,"id":"6d44uefpyjlosu8"}
{"type":"operationStart","subtype":"render","name":"new-excl-template","previousOperationId":"mrf090sl4f5551x","timestamp":1731233561317,"id":"d45fv3enlpiyz7v","previousEventId":"xvo15fijcego6wc","operationId":"r8eieaf23p8z4g8"}
{"type":"log","timestamp":1731233561317,"level":"info","message":"Starting rendering request 303 (user: admin)","meta":{"rootId":"7n7est1qtv2d4b7","id":"7n7est1qtv2d4b7"},"id":"xoo65jso34sd9fe","previousOperationId":"r8eieaf23p8z4g8"}
{"type":"log","timestamp":1731233561317,"level":"info","message":"Rendering template { name: new-excl-template, recipe: html-to-xlsx, engine: handlebars, preview: true }","meta":{"rootId":"7n7est1qtv2d4b7","id":"7n7est1qtv2d4b7"},"id":"kojrriv62ge09vj","previousOperationId":"r8eieaf23p8z4g8"}
{"type":"log","timestamp":1731233561318,"level":"debug","message":"Adding sample data pVkbCM7am","meta":{"rootId":"7n7est1qtv2d4b7","id":"7n7est1qtv2d4b7"},"id":"5gkmiq6c68sba14","previousOperationId":"r8eieaf23p8z4g8"}
{"type":"log","timestamp":1731233561318,"level":"debug","message":"Base url not specified, skipping its injection.","meta":{"rootId":"7n7est1qtv2d4b7","id":"7n7est1qtv2d4b7"},"id":"tdfyls7vxb87y7u","previousOperationId":"r8eieaf23p8z4g8"}
{"type":"log","timestamp":1731233561321,"level":"debug","message":"Replaced assets [\"KhmerOSSiemreapRegular.ttf\"]","meta":{"rootId":"7n7est1qtv2d4b7","id":"7n7est1qtv2d4b7"},"id":"085pogcoz293nbk","previousOperationId":"r8eieaf23p8z4g8"}
{"type":"operationStart","subtype":"engine","name":"handlebars","timestamp":1731233561321,"id":"en8eny8e19xoa98","previousEventId":"d45fv3enlpiyz7v","operationId":"3xbbf9wf3merg4b","previousOperationId":"r8eieaf23p8z4g8"}
{"type":"log","timestamp":1731233561321,"level":"debug","message":"Rendering engine handlebars","meta":{"rootId":"7n7est1qtv2d4b7","id":"7n7est1qtv2d4b7"},"id":"6b4li9wkf3593d4","previousOperationId":"3xbbf9wf3merg4b"}
{"type":"operationEnd","operationId":"3xbbf9wf3merg4b","timestamp":1731233561336,"id":"f3hkn0862m6123m","previousEventId":"en8eny8e19xoa98","previousOperationId":"3xbbf9wf3merg4b"}
{"type":"operationStart","subtype":"recipe","name":"html-to-xlsx","timestamp":1731233561339,"id":"4ifqe88d59wpu03","previousEventId":"f3hkn0862m6123m","operationId":"sji7wmu2yk3r60y","previousOperationId":"3xbbf9wf3merg4b"}
{"type":"log","timestamp":1731233561339,"level":"debug","message":"Executing recipe html-to-xlsx","meta":{"rootId":"7n7est1qtv2d4b7","id":"7n7est1qtv2d4b7"},"id":"hbdnyeryg598bo0","previousOperationId":"sji7wmu2yk3r60y"}
{"type":"log","timestamp":1731233561339,"level":"info","message":"html-to-xlsx generation is starting","meta":{"rootId":"7n7est1qtv2d4b7","id":"7n7est1qtv2d4b7"},"id":"k2hz5zp0wtxa5i0","previousOperationId":"sji7wmu2yk3r60y"}
{"type":"log","timestamp":1731233562006,"level":"info","message":"html-to-xlsx generation was finished","meta":{"rootId":"7n7est1qtv2d4b7","id":"7n7est1qtv2d4b7"},"id":"d12idtcc20i3zkd","previousOperationId":"sji7wmu2yk3r60y"}
{"type":"log","timestamp":1731233562006,"level":"debug","message":"preparing office preview","meta":{"rootId":"7n7est1qtv2d4b7","id":"7n7est1qtv2d4b7"},"id":"p75lel43wg2ufkn","previousOperationId":"sji7wmu2yk3r60y"}
{"type":"operationEnd","operationId":"sji7wmu2yk3r60y","timestamp":1731233562448,"id":"wszxofq7pwturyx","previousEventId":"4ifqe88d59wpu03","previousOperationId":"sji7wmu2yk3r60y"}
{"type":"log","timestamp":1731233562448,"level":"debug","message":"Skipping storing report.","meta":{"rootId":"7n7est1qtv2d4b7","id":"7n7est1qtv2d4b7"},"id":"vkartx2b09d019h","previousOperationId":"sji7wmu2yk3r60y"}
{"type":"log","timestamp":1731233562448,"level":"info","message":"Rendering request 303 finished in 1142 ms","meta":{"rootId":"7n7est1qtv2d4b7","id":"7n7est1qtv2d4b7"},"id":"p1njdrris2wcikz","previousOperationId":"sji7wmu2yk3r60y"}
{"type":"operationEnd","subtype":"render","operationId":"r8eieaf23p8z4g8","timestamp":1731233562448,"id":"zf4d7xnvdo4evje","previousEventId":"wszxofq7pwturyx","previousOperationId":"sji7wmu2yk3r60y"}
{"type":"operationEnd","doDiffs":false,"previousEventId":"xvo15fijcego6wc","previousOperationId":"mrf090sl4f5551x","operationId":"mrf090sl4f5551x","timestamp":1731233562450,"id":"ohkk3r6fuz3mv9o"}
