{"type":"operationStart","subtype":"profile","data":{"_id":"9etwoBih0hOjlKod","timestamp":"2024-11-10T09:01:14.900Z","state":"queued","mode":"standard","creationDate":"2024-11-10T09:01:14.902Z","modificationDate":"2024-11-10T09:01:14.902Z","shortid":"tP_1Jn3","inheritedReadPermissions":[],"inheritedEditPermissions":[],"$entitySet":"profiles"},"doDiffs":false,"timestamp":1731229274901,"id":"307cgekopx8a7h2","previousOperationId":null,"operationId":"ff6pqrrm3ddpdgc"}
{"type":"log","level":"info","message":"Render request 177 queued for execution and waiting for available worker","previousOperationId":"ff6pqrrm3ddpdgc","timestamp":1731229274901,"id":"ui2jokelu8tfoub"}
{"type":"operationStart","subtype":"render","name":"new-excl-template","previousOperationId":"ff6pqrrm3ddpdgc","timestamp":1731229274909,"id":"cb3idi6iplb406r","previousEventId":"307cgekopx8a7h2","operationId":"lakstnmtahe79rs"}
{"type":"log","timestamp":1731229274909,"level":"info","message":"Starting rendering request 177 (user: admin)","meta":{"rootId":"7qr3j9k5y4jpmoo","id":"7qr3j9k5y4jpmoo"},"id":"duue5nlri9ioryc","previousOperationId":"lakstnmtahe79rs"}
{"type":"log","timestamp":1731229274909,"level":"info","message":"Rendering template { name: new-excl-template, recipe: html-to-xlsx, engine: handlebars, preview: true }","meta":{"rootId":"7qr3j9k5y4jpmoo","id":"7qr3j9k5y4jpmoo"},"id":"2j1b3mcauxgltwd","previousOperationId":"lakstnmtahe79rs"}
{"type":"log","timestamp":1731229274910,"level":"debug","message":"Adding sample data pVkbCM7am","meta":{"rootId":"7qr3j9k5y4jpmoo","id":"7qr3j9k5y4jpmoo"},"id":"nf60girm2mwpg8k","previousOperationId":"lakstnmtahe79rs"}
{"type":"log","timestamp":1731229274911,"level":"debug","message":"Base url not specified, skipping its injection.","meta":{"rootId":"7qr3j9k5y4jpmoo","id":"7qr3j9k5y4jpmoo"},"id":"avb28kmn5pcuw5m","previousOperationId":"lakstnmtahe79rs"}
{"type":"log","timestamp":1731229274913,"level":"debug","message":"Replaced assets [\"KhmerOSSiemreapRegular.ttf\"]","meta":{"rootId":"7qr3j9k5y4jpmoo","id":"7qr3j9k5y4jpmoo"},"id":"do56g3szjzjc9km","previousOperationId":"lakstnmtahe79rs"}
{"type":"operationStart","subtype":"engine","name":"handlebars","timestamp":1731229274913,"id":"nz65pnafd7g4ddu","previousEventId":"cb3idi6iplb406r","operationId":"esk7ttvzmq4f4yu","previousOperationId":"lakstnmtahe79rs"}
{"type":"log","timestamp":1731229274913,"level":"debug","message":"Rendering engine handlebars","meta":{"rootId":"7qr3j9k5y4jpmoo","id":"7qr3j9k5y4jpmoo"},"id":"nibgkb84euc6884","previousOperationId":"esk7ttvzmq4f4yu"}
{"type":"operationEnd","operationId":"esk7ttvzmq4f4yu","timestamp":1731229274931,"id":"tppcv0iyfmst3re","previousEventId":"nz65pnafd7g4ddu","previousOperationId":"esk7ttvzmq4f4yu"}
{"type":"operationStart","subtype":"recipe","name":"html-to-xlsx","timestamp":1731229274934,"id":"i3sa8cqkppfo167","previousEventId":"tppcv0iyfmst3re","operationId":"w4nlv4cjil8htv4","previousOperationId":"esk7ttvzmq4f4yu"}
{"type":"log","timestamp":1731229274934,"level":"debug","message":"Executing recipe html-to-xlsx","meta":{"rootId":"7qr3j9k5y4jpmoo","id":"7qr3j9k5y4jpmoo"},"id":"jotkl8hxruv155z","previousOperationId":"w4nlv4cjil8htv4"}
{"type":"log","timestamp":1731229274934,"level":"info","message":"html-to-xlsx generation is starting","meta":{"rootId":"7qr3j9k5y4jpmoo","id":"7qr3j9k5y4jpmoo"},"id":"jc82jdnwjit9alc","previousOperationId":"w4nlv4cjil8htv4"}
{"type":"log","timestamp":1731229275789,"level":"info","message":"html-to-xlsx generation was finished","meta":{"rootId":"7qr3j9k5y4jpmoo","id":"7qr3j9k5y4jpmoo"},"id":"1gm4ndrakvmpsi3","previousOperationId":"w4nlv4cjil8htv4"}
{"type":"log","timestamp":1731229275789,"level":"debug","message":"preparing office preview","meta":{"rootId":"7qr3j9k5y4jpmoo","id":"7qr3j9k5y4jpmoo"},"id":"p5vnp2vwlgjsxb2","previousOperationId":"w4nlv4cjil8htv4"}
{"type":"operationEnd","operationId":"w4nlv4cjil8htv4","timestamp":1731229276240,"id":"3a60475mq3edqsq","previousEventId":"i3sa8cqkppfo167","previousOperationId":"w4nlv4cjil8htv4"}
{"type":"log","timestamp":1731229276240,"level":"debug","message":"Skipping storing report.","meta":{"rootId":"7qr3j9k5y4jpmoo","id":"7qr3j9k5y4jpmoo"},"id":"iongetin12xtd5m","previousOperationId":"w4nlv4cjil8htv4"}
{"type":"log","timestamp":1731229276240,"level":"info","message":"Rendering request 177 finished in 1340 ms","meta":{"rootId":"7qr3j9k5y4jpmoo","id":"7qr3j9k5y4jpmoo"},"id":"fufqhkjy4hffzb2","previousOperationId":"w4nlv4cjil8htv4"}
{"type":"operationEnd","subtype":"render","operationId":"lakstnmtahe79rs","timestamp":1731229276240,"id":"rp7j0te59udd5kf","previousEventId":"3a60475mq3edqsq","previousOperationId":"w4nlv4cjil8htv4"}
{"type":"operationEnd","doDiffs":false,"previousEventId":"307cgekopx8a7h2","previousOperationId":"ff6pqrrm3ddpdgc","operationId":"ff6pqrrm3ddpdgc","timestamp":1731229276243,"id":"3mvghe63tk1aujl"}
