{"type":"operationStart","subtype":"profile","data":{"_id":"WF4gf2XLf2OKM6FG","timestamp":"2024-11-10T14:42:16.833Z","state":"queued","mode":"standard","creationDate":"2024-11-10T14:42:16.835Z","modificationDate":"2024-11-10T14:42:16.835Z","shortid":"tUCWc23","inheritedReadPermissions":[],"inheritedEditPermissions":[],"$entitySet":"profiles"},"doDiffs":false,"timestamp":1731249736834,"id":"o4jb7qlixqlotcp","previousOperationId":null,"operationId":"hg115dfkqmytwai"}
{"type":"log","level":"info","message":"Render request 162 queued for execution and waiting for available worker","previousOperationId":"hg115dfkqmytwai","timestamp":1731249736834,"id":"kvkvasjhfzhhfkg"}
{"type":"operationStart","subtype":"render","name":"new-excl-template","previousOperationId":"hg115dfkqmytwai","timestamp":1731249736845,"id":"hc8osqjbygqtwey","previousEventId":"o4jb7qlixqlotcp","operationId":"z0jl7e0x8dy4ptv"}
{"type":"log","timestamp":1731249736845,"level":"info","message":"Starting rendering request 162 (user: admin)","meta":{"rootId":"7tqr7ecz67bl2v1","id":"7tqr7ecz67bl2v1"},"id":"fumdnv0qiumw60e","previousOperationId":"z0jl7e0x8dy4ptv"}
{"type":"log","timestamp":1731249736845,"level":"info","message":"Rendering template { name: new-excl-template, recipe: html-to-xlsx, engine: handlebars, preview: true }","meta":{"rootId":"7tqr7ecz67bl2v1","id":"7tqr7ecz67bl2v1"},"id":"p1k7yb2hyhl1wjr","previousOperationId":"z0jl7e0x8dy4ptv"}
{"type":"log","timestamp":1731249736845,"level":"debug","message":"Inline data specified.","meta":{"rootId":"7tqr7ecz67bl2v1","id":"7tqr7ecz67bl2v1"},"id":"8wikucfo33zw60j","previousOperationId":"z0jl7e0x8dy4ptv"}
{"type":"log","timestamp":1731249736846,"level":"debug","message":"Base url not specified, skipping its injection.","meta":{"rootId":"7tqr7ecz67bl2v1","id":"7tqr7ecz67bl2v1"},"id":"jcfwuhefozeja7r","previousOperationId":"z0jl7e0x8dy4ptv"}
{"type":"log","timestamp":1731249736848,"level":"debug","message":"Replaced assets [\"KhmerOSSiemreapRegular.ttf\"]","meta":{"rootId":"7tqr7ecz67bl2v1","id":"7tqr7ecz67bl2v1"},"id":"giz766d0rz55n7n","previousOperationId":"z0jl7e0x8dy4ptv"}
{"type":"operationStart","subtype":"engine","name":"handlebars","timestamp":1731249736848,"id":"puwwqun2vxhn1mf","previousEventId":"hc8osqjbygqtwey","operationId":"3yqmhvsuyitde1d","previousOperationId":"z0jl7e0x8dy4ptv"}
{"type":"log","timestamp":1731249736848,"level":"debug","message":"Rendering engine handlebars","meta":{"rootId":"7tqr7ecz67bl2v1","id":"7tqr7ecz67bl2v1"},"id":"sgs85kjsojkwp94","previousOperationId":"3yqmhvsuyitde1d"}
{"type":"operationEnd","operationId":"3yqmhvsuyitde1d","timestamp":1731249736860,"id":"86ffqdjfbyb05hr","previousEventId":"puwwqun2vxhn1mf","previousOperationId":"3yqmhvsuyitde1d"}
{"type":"operationStart","subtype":"recipe","name":"html-to-xlsx","timestamp":1731249736862,"id":"p7g4ys47zx2pee7","previousEventId":"86ffqdjfbyb05hr","operationId":"sth7crwz7oull7w","previousOperationId":"3yqmhvsuyitde1d"}
{"type":"log","timestamp":1731249736862,"level":"debug","message":"Executing recipe html-to-xlsx","meta":{"rootId":"7tqr7ecz67bl2v1","id":"7tqr7ecz67bl2v1"},"id":"k9d2pawce45fwjf","previousOperationId":"sth7crwz7oull7w"}
{"type":"log","timestamp":1731249736862,"level":"info","message":"html-to-xlsx generation is starting","meta":{"rootId":"7tqr7ecz67bl2v1","id":"7tqr7ecz67bl2v1"},"id":"r364hebdnfd6zmf","previousOperationId":"sth7crwz7oull7w"}
{"type":"log","timestamp":1731249737628,"level":"info","message":"html-to-xlsx generation was finished","meta":{"rootId":"7tqr7ecz67bl2v1","id":"7tqr7ecz67bl2v1"},"id":"2v76ltc39lkdy8l","previousOperationId":"sth7crwz7oull7w"}
{"type":"log","timestamp":1731249737628,"level":"debug","message":"preparing office preview","meta":{"rootId":"7tqr7ecz67bl2v1","id":"7tqr7ecz67bl2v1"},"id":"txjnqz6kqbmpcb3","previousOperationId":"sth7crwz7oull7w"}
{"type":"operationEnd","operationId":"sth7crwz7oull7w","timestamp":1731249738074,"id":"4su6zalxltygris","previousEventId":"p7g4ys47zx2pee7","previousOperationId":"sth7crwz7oull7w"}
{"type":"log","timestamp":1731249738074,"level":"debug","message":"Skipping storing report.","meta":{"rootId":"7tqr7ecz67bl2v1","id":"7tqr7ecz67bl2v1"},"id":"t8ztoogf4fbqyfm","previousOperationId":"sth7crwz7oull7w"}
{"type":"log","timestamp":1731249738074,"level":"info","message":"Rendering request 162 finished in 1241 ms","meta":{"rootId":"7tqr7ecz67bl2v1","id":"7tqr7ecz67bl2v1"},"id":"x4p8q543k134isq","previousOperationId":"sth7crwz7oull7w"}
{"type":"operationEnd","subtype":"render","operationId":"z0jl7e0x8dy4ptv","timestamp":1731249738074,"id":"fbi17kz186shtjz","previousEventId":"4su6zalxltygris","previousOperationId":"sth7crwz7oull7w"}
{"type":"operationEnd","doDiffs":false,"previousEventId":"o4jb7qlixqlotcp","previousOperationId":"hg115dfkqmytwai","operationId":"hg115dfkqmytwai","timestamp":1731249738077,"id":"7606q9gm1axwp3n"}
