{"type":"operationStart","subtype":"profile","data":{"_id":"1cZn2SgJed6Lz8rW","timestamp":"2024-11-10T08:28:43.845Z","state":"queued","mode":"standard","creationDate":"2024-11-10T08:28:43.847Z","modificationDate":"2024-11-10T08:28:43.847Z","shortid":"OQX9Igz","inheritedReadPermissions":[],"inheritedEditPermissions":[],"$entitySet":"profiles"},"doDiffs":false,"timestamp":1731227323846,"id":"wle7yf64iiu898g","previousOperationId":null,"operationId":"nttk1j5vufaanbg"}
{"type":"log","level":"info","message":"Render request 118 queued for execution and waiting for available worker","previousOperationId":"nttk1j5vufaanbg","timestamp":1731227323847,"id":"tvo6fqa6yk69hbq"}
{"type":"operationStart","subtype":"render","name":"new-excl-template","previousOperationId":"nttk1j5vufaanbg","timestamp":1731227323858,"id":"uchc4q6kpcr1f39","previousEventId":"wle7yf64iiu898g","operationId":"ne36nga6miglcxd"}
{"type":"log","timestamp":1731227323858,"level":"info","message":"Starting rendering request 118 (user: admin)","meta":{"rootId":"7vqbowvyhmsycbt","id":"7vqbowvyhmsycbt"},"id":"owbc2d7j67ssiqc","previousOperationId":"ne36nga6miglcxd"}
{"type":"log","timestamp":1731227323858,"level":"info","message":"Rendering template { name: new-excl-template, recipe: html-to-xlsx, engine: handlebars, preview: true }","meta":{"rootId":"7vqbowvyhmsycbt","id":"7vqbowvyhmsycbt"},"id":"nmrtyill7wymcwm","previousOperationId":"ne36nga6miglcxd"}
{"type":"log","timestamp":1731227323859,"level":"debug","message":"Adding sample data pVkbCM7am","meta":{"rootId":"7vqbowvyhmsycbt","id":"7vqbowvyhmsycbt"},"id":"0ntigpmb9da0w9r","previousOperationId":"ne36nga6miglcxd"}
{"type":"log","timestamp":1731227323862,"level":"debug","message":"Base url not specified, skipping its injection.","meta":{"rootId":"7vqbowvyhmsycbt","id":"7vqbowvyhmsycbt"},"id":"rjomg8wsfioeq7j","previousOperationId":"ne36nga6miglcxd"}
{"type":"log","timestamp":1731227323864,"level":"debug","message":"Replaced assets [\"KhmerOSSiemreapRegular.ttf\"]","meta":{"rootId":"7vqbowvyhmsycbt","id":"7vqbowvyhmsycbt"},"id":"v0z7o0tsett5fhr","previousOperationId":"ne36nga6miglcxd"}
{"type":"operationStart","subtype":"engine","name":"handlebars","timestamp":1731227323864,"id":"lpknjo6w374w8g0","previousEventId":"uchc4q6kpcr1f39","operationId":"gj3pd53eue839dk","previousOperationId":"ne36nga6miglcxd"}
{"type":"log","timestamp":1731227323864,"level":"debug","message":"Rendering engine handlebars","meta":{"rootId":"7vqbowvyhmsycbt","id":"7vqbowvyhmsycbt"},"id":"2lz5k0j6rxr5spj","previousOperationId":"gj3pd53eue839dk"}
{"type":"operationEnd","operationId":"gj3pd53eue839dk","timestamp":1731227323882,"id":"pa6i4l5wypmh7cp","previousEventId":"lpknjo6w374w8g0","previousOperationId":"gj3pd53eue839dk"}
{"type":"operationStart","subtype":"recipe","name":"html-to-xlsx","timestamp":1731227323884,"id":"z49qhrtpj0fdoy4","previousEventId":"pa6i4l5wypmh7cp","operationId":"sqot529o2fqfi1k","previousOperationId":"gj3pd53eue839dk"}
{"type":"log","timestamp":1731227323884,"level":"debug","message":"Executing recipe html-to-xlsx","meta":{"rootId":"7vqbowvyhmsycbt","id":"7vqbowvyhmsycbt"},"id":"otswex54e93sssg","previousOperationId":"sqot529o2fqfi1k"}
{"type":"log","timestamp":1731227323884,"level":"info","message":"html-to-xlsx generation is starting","meta":{"rootId":"7vqbowvyhmsycbt","id":"7vqbowvyhmsycbt"},"id":"yhjojlk7ii2o6sv","previousOperationId":"sqot529o2fqfi1k"}
{"type":"log","timestamp":1731227324764,"level":"info","message":"html-to-xlsx generation was finished","meta":{"rootId":"7vqbowvyhmsycbt","id":"7vqbowvyhmsycbt"},"id":"uan6qoz7cs6eva8","previousOperationId":"sqot529o2fqfi1k"}
{"type":"log","timestamp":1731227324765,"level":"debug","message":"preparing office preview","meta":{"rootId":"7vqbowvyhmsycbt","id":"7vqbowvyhmsycbt"},"id":"dplr4z68i1l796u","previousOperationId":"sqot529o2fqfi1k"}
{"type":"operationEnd","operationId":"sqot529o2fqfi1k","timestamp":1731227325210,"id":"3ik4rcrwzpzgbfe","previousEventId":"z49qhrtpj0fdoy4","previousOperationId":"sqot529o2fqfi1k"}
{"type":"log","timestamp":1731227325210,"level":"debug","message":"Skipping storing report.","meta":{"rootId":"7vqbowvyhmsycbt","id":"7vqbowvyhmsycbt"},"id":"b2620vnar58l22m","previousOperationId":"sqot529o2fqfi1k"}
{"type":"log","timestamp":1731227325210,"level":"info","message":"Rendering request 118 finished in 1366 ms","meta":{"rootId":"7vqbowvyhmsycbt","id":"7vqbowvyhmsycbt"},"id":"xz55ayv08mqk6ua","previousOperationId":"sqot529o2fqfi1k"}
{"type":"operationEnd","subtype":"render","operationId":"ne36nga6miglcxd","timestamp":1731227325210,"id":"s7q8en5it92nwwd","previousEventId":"3ik4rcrwzpzgbfe","previousOperationId":"sqot529o2fqfi1k"}
{"type":"operationEnd","doDiffs":false,"previousEventId":"wle7yf64iiu898g","previousOperationId":"nttk1j5vufaanbg","operationId":"nttk1j5vufaanbg","timestamp":1731227325213,"id":"zm5c763svnuoeym"}
