{"type":"operationStart","subtype":"profile","data":{"_id":"MrEoz22LGlPO7Jyf","timestamp":"2024-11-10T14:07:54.221Z","state":"queued","mode":"standard","creationDate":"2024-11-10T14:07:54.222Z","modificationDate":"2024-11-10T14:07:54.222Z","shortid":"g1Rdc9M","inheritedReadPermissions":[],"inheritedEditPermissions":[],"$entitySet":"profiles"},"doDiffs":false,"timestamp":1731247674221,"id":"nfs0oub1dmugocx","previousOperationId":null,"operationId":"306yvjzea2zqsv8"}
{"type":"log","level":"info","message":"Render request 106 queued for execution and waiting for available worker","previousOperationId":"306yvjzea2zqsv8","timestamp":1731247674221,"id":"2zb7jlnl5fvedgq"}
{"type":"operationStart","subtype":"render","name":"new-excl-template","previousOperationId":"306yvjzea2zqsv8","timestamp":1731247674229,"id":"tml7bm2uofcgw7d","previousEventId":"nfs0oub1dmugocx","operationId":"jf4gm82mn5kbgkt"}
{"type":"log","timestamp":1731247674229,"level":"info","message":"Starting rendering request 106 (user: admin)","meta":{"rootId":"82wq4sju9eemney","id":"82wq4sju9eemney"},"id":"jrnn8q105oajelh","previousOperationId":"jf4gm82mn5kbgkt"}
{"type":"log","timestamp":1731247674229,"level":"info","message":"Rendering template { name: new-excl-template, recipe: html-to-xlsx, engine: handlebars, preview: true }","meta":{"rootId":"82wq4sju9eemney","id":"82wq4sju9eemney"},"id":"2o6r9ov3czo4727","previousOperationId":"jf4gm82mn5kbgkt"}
{"type":"log","timestamp":1731247674230,"level":"debug","message":"Inline data specified.","meta":{"rootId":"82wq4sju9eemney","id":"82wq4sju9eemney"},"id":"y2pimmpciigcpfm","previousOperationId":"jf4gm82mn5kbgkt"}
{"type":"log","timestamp":1731247674231,"level":"debug","message":"Base url not specified, skipping its injection.","meta":{"rootId":"82wq4sju9eemney","id":"82wq4sju9eemney"},"id":"gxk85397yqf30qv","previousOperationId":"jf4gm82mn5kbgkt"}
{"type":"log","timestamp":1731247674232,"level":"debug","message":"Replaced assets [\"KhmerOSSiemreapRegular.ttf\"]","meta":{"rootId":"82wq4sju9eemney","id":"82wq4sju9eemney"},"id":"5u9ahup0wukxawo","previousOperationId":"jf4gm82mn5kbgkt"}
{"type":"operationStart","subtype":"engine","name":"handlebars","timestamp":1731247674232,"id":"zuy118nolt1m44z","previousEventId":"tml7bm2uofcgw7d","operationId":"xmrvfde46gm7s8l","previousOperationId":"jf4gm82mn5kbgkt"}
{"type":"log","timestamp":1731247674232,"level":"debug","message":"Rendering engine handlebars","meta":{"rootId":"82wq4sju9eemney","id":"82wq4sju9eemney"},"id":"q4kgah7lf6j9z82","previousOperationId":"xmrvfde46gm7s8l"}
{"type":"operationEnd","operationId":"xmrvfde46gm7s8l","timestamp":1731247674245,"id":"7yacaog0v1lyelm","previousEventId":"zuy118nolt1m44z","previousOperationId":"xmrvfde46gm7s8l"}
{"type":"operationStart","subtype":"recipe","name":"html-to-xlsx","timestamp":1731247674246,"id":"37piokco5rk39ll","previousEventId":"7yacaog0v1lyelm","operationId":"dcng1cuchk0ht2b","previousOperationId":"xmrvfde46gm7s8l"}
{"type":"log","timestamp":1731247674246,"level":"debug","message":"Executing recipe html-to-xlsx","meta":{"rootId":"82wq4sju9eemney","id":"82wq4sju9eemney"},"id":"iug40e57vtj02w0","previousOperationId":"dcng1cuchk0ht2b"}
{"type":"log","timestamp":1731247674246,"level":"info","message":"html-to-xlsx generation is starting","meta":{"rootId":"82wq4sju9eemney","id":"82wq4sju9eemney"},"id":"el86qndcpnbb8uq","previousOperationId":"dcng1cuchk0ht2b"}
{"type":"log","timestamp":1731247674841,"level":"info","message":"html-to-xlsx generation was finished","meta":{"rootId":"82wq4sju9eemney","id":"82wq4sju9eemney"},"id":"0eplfpsrs8220jm","previousOperationId":"dcng1cuchk0ht2b"}
{"type":"log","timestamp":1731247674841,"level":"debug","message":"preparing office preview","meta":{"rootId":"82wq4sju9eemney","id":"82wq4sju9eemney"},"id":"yhzf5cqqfppbzw9","previousOperationId":"dcng1cuchk0ht2b"}
{"type":"operationEnd","operationId":"dcng1cuchk0ht2b","timestamp":1731247675287,"id":"1ypex192x4p4kds","previousEventId":"37piokco5rk39ll","previousOperationId":"dcng1cuchk0ht2b"}
{"type":"log","timestamp":1731247675287,"level":"debug","message":"Skipping storing report.","meta":{"rootId":"82wq4sju9eemney","id":"82wq4sju9eemney"},"id":"vyuxtgyodvxvb6q","previousOperationId":"dcng1cuchk0ht2b"}
{"type":"log","timestamp":1731247675287,"level":"info","message":"Rendering request 106 finished in 1066 ms","meta":{"rootId":"82wq4sju9eemney","id":"82wq4sju9eemney"},"id":"lzj9qqfkjbhws97","previousOperationId":"dcng1cuchk0ht2b"}
{"type":"operationEnd","subtype":"render","operationId":"jf4gm82mn5kbgkt","timestamp":1731247675287,"id":"adid1g86lrt7xlz","previousEventId":"1ypex192x4p4kds","previousOperationId":"dcng1cuchk0ht2b"}
{"type":"operationEnd","doDiffs":false,"previousEventId":"nfs0oub1dmugocx","previousOperationId":"306yvjzea2zqsv8","operationId":"306yvjzea2zqsv8","timestamp":1731247675291,"id":"3ybe8az2kko51n2"}
