{"type":"operationStart","subtype":"profile","data":{"_id":"lsqyJWxbGW4ZHOQA","timestamp":"2024-11-10T13:30:31.058Z","state":"queued","mode":"standard","creationDate":"2024-11-10T13:30:31.060Z","modificationDate":"2024-11-10T13:30:31.060Z","shortid":"2BxrlEP","inheritedReadPermissions":[],"inheritedEditPermissions":[],"$entitySet":"profiles"},"doDiffs":false,"timestamp":1731245431060,"id":"l9n39l0b0zi0gj3","previousOperationId":null,"operationId":"cvou2r8kjjiqn24"}
{"type":"log","level":"info","message":"Render request 69 queued for execution and waiting for available worker","previousOperationId":"cvou2r8kjjiqn24","timestamp":1731245431060,"id":"n8vk9rl3vy5ylnz"}
{"type":"operationStart","subtype":"render","name":"new-excl-template","previousOperationId":"cvou2r8kjjiqn24","timestamp":1731245431068,"id":"y18eecvfqunvxao","previousEventId":"l9n39l0b0zi0gj3","operationId":"pz1pl3azadofqo0"}
{"type":"log","timestamp":1731245431068,"level":"info","message":"Starting rendering request 69 (user: admin)","meta":{"rootId":"85c3okvzgytdcrc","id":"85c3okvzgytdcrc"},"id":"t21kq7ii192td41","previousOperationId":"pz1pl3azadofqo0"}
{"type":"log","timestamp":1731245431068,"level":"info","message":"Rendering template { name: new-excl-template, recipe: html-to-xlsx, engine: handlebars, preview: true }","meta":{"rootId":"85c3okvzgytdcrc","id":"85c3okvzgytdcrc"},"id":"tunk2hr78i8ckyt","previousOperationId":"pz1pl3azadofqo0"}
{"type":"log","timestamp":1731245431068,"level":"debug","message":"Inline data specified.","meta":{"rootId":"85c3okvzgytdcrc","id":"85c3okvzgytdcrc"},"id":"z6b76i0j2m3yps7","previousOperationId":"pz1pl3azadofqo0"}
{"type":"log","timestamp":1731245431069,"level":"debug","message":"Base url not specified, skipping its injection.","meta":{"rootId":"85c3okvzgytdcrc","id":"85c3okvzgytdcrc"},"id":"pgp3obmugsmm386","previousOperationId":"pz1pl3azadofqo0"}
{"type":"log","timestamp":1731245431071,"level":"debug","message":"Replaced assets [\"KhmerOSSiemreapRegular.ttf\"]","meta":{"rootId":"85c3okvzgytdcrc","id":"85c3okvzgytdcrc"},"id":"8y9ipyp3rw1rsg6","previousOperationId":"pz1pl3azadofqo0"}
{"type":"operationStart","subtype":"engine","name":"handlebars","timestamp":1731245431071,"id":"1fx8kcc81q03gf1","previousEventId":"y18eecvfqunvxao","operationId":"cd2j4tho1mk0no1","previousOperationId":"pz1pl3azadofqo0"}
{"type":"log","timestamp":1731245431071,"level":"debug","message":"Rendering engine handlebars","meta":{"rootId":"85c3okvzgytdcrc","id":"85c3okvzgytdcrc"},"id":"l4dd7rcfllokbhl","previousOperationId":"cd2j4tho1mk0no1"}
{"type":"operationEnd","operationId":"cd2j4tho1mk0no1","timestamp":1731245431084,"id":"jnaaxih3ckdrw2y","previousEventId":"1fx8kcc81q03gf1","previousOperationId":"cd2j4tho1mk0no1"}
{"type":"operationStart","subtype":"recipe","name":"html-to-xlsx","timestamp":1731245431086,"id":"twyqf94ownvrpei","previousEventId":"jnaaxih3ckdrw2y","operationId":"3qqf7057jjjvd0w","previousOperationId":"cd2j4tho1mk0no1"}
{"type":"log","timestamp":1731245431086,"level":"debug","message":"Executing recipe html-to-xlsx","meta":{"rootId":"85c3okvzgytdcrc","id":"85c3okvzgytdcrc"},"id":"q47isg0c99bb87q","previousOperationId":"3qqf7057jjjvd0w"}
{"type":"log","timestamp":1731245431086,"level":"info","message":"html-to-xlsx generation is starting","meta":{"rootId":"85c3okvzgytdcrc","id":"85c3okvzgytdcrc"},"id":"becn5kn2q3rs4mp","previousOperationId":"3qqf7057jjjvd0w"}
{"type":"log","timestamp":1731245431737,"level":"info","message":"html-to-xlsx generation was finished","meta":{"rootId":"85c3okvzgytdcrc","id":"85c3okvzgytdcrc"},"id":"56o2ryvix698w9k","previousOperationId":"3qqf7057jjjvd0w"}
{"type":"log","timestamp":1731245431737,"level":"debug","message":"preparing office preview","meta":{"rootId":"85c3okvzgytdcrc","id":"85c3okvzgytdcrc"},"id":"t52nqv59614x818","previousOperationId":"3qqf7057jjjvd0w"}
{"type":"operationEnd","operationId":"3qqf7057jjjvd0w","timestamp":1731245432191,"id":"cjqgtd38yiggw8c","previousEventId":"twyqf94ownvrpei","previousOperationId":"3qqf7057jjjvd0w"}
{"type":"log","timestamp":1731245432191,"level":"debug","message":"Skipping storing report.","meta":{"rootId":"85c3okvzgytdcrc","id":"85c3okvzgytdcrc"},"id":"a8gd0xghbo70fx2","previousOperationId":"3qqf7057jjjvd0w"}
{"type":"log","timestamp":1731245432191,"level":"info","message":"Rendering request 69 finished in 1133 ms","meta":{"rootId":"85c3okvzgytdcrc","id":"85c3okvzgytdcrc"},"id":"cuz1rvgs8qofqv9","previousOperationId":"3qqf7057jjjvd0w"}
{"type":"operationEnd","subtype":"render","operationId":"pz1pl3azadofqo0","timestamp":1731245432191,"id":"9djsx7l7dk4usrt","previousEventId":"cjqgtd38yiggw8c","previousOperationId":"3qqf7057jjjvd0w"}
{"type":"operationEnd","doDiffs":false,"previousEventId":"l9n39l0b0zi0gj3","previousOperationId":"cvou2r8kjjiqn24","operationId":"cvou2r8kjjiqn24","timestamp":1731245432194,"id":"glw4rd460lfzhfh"}
