{"type":"operationStart","subtype":"profile","data":{"_id":"b0TtjcsbMg1qt2AE","timestamp":"2024-11-10T08:52:54.373Z","state":"queued","mode":"standard","creationDate":"2024-11-10T08:52:54.376Z","modificationDate":"2024-11-10T08:52:54.376Z","shortid":"rV9QAmh","inheritedReadPermissions":[],"inheritedEditPermissions":[],"$entitySet":"profiles"},"doDiffs":false,"timestamp":1731228774375,"id":"3900qrafopq45ww","previousOperationId":null,"operationId":"yw4qm8k6xr47rsq"}
{"type":"log","level":"info","message":"Render request 159 queued for execution and waiting for available worker","previousOperationId":"yw4qm8k6xr47rsq","timestamp":1731228774375,"id":"uu5340r88cskdiu"}
{"type":"operationStart","subtype":"render","name":"new-excl-template","previousOperationId":"yw4qm8k6xr47rsq","timestamp":1731228774388,"id":"agio6bnpobop049","previousEventId":"3900qrafopq45ww","operationId":"2134bynra12tedh"}
{"type":"log","timestamp":1731228774388,"level":"info","message":"Starting rendering request 159 (user: admin)","meta":{"rootId":"86kflrs3slovw8u","id":"86kflrs3slovw8u"},"id":"c4fcb44s63lyaxk","previousOperationId":"2134bynra12tedh"}
{"type":"log","timestamp":1731228774388,"level":"info","message":"Rendering template { name: new-excl-template, recipe: html-to-xlsx, engine: handlebars, preview: true }","meta":{"rootId":"86kflrs3slovw8u","id":"86kflrs3slovw8u"},"id":"l1b83qiw7i5unn0","previousOperationId":"2134bynra12tedh"}
{"type":"log","timestamp":1731228774388,"level":"debug","message":"Inline data specified.","meta":{"rootId":"86kflrs3slovw8u","id":"86kflrs3slovw8u"},"id":"c6fb9tucar44ri7","previousOperationId":"2134bynra12tedh"}
{"type":"log","timestamp":1731228774390,"level":"debug","message":"Base url not specified, skipping its injection.","meta":{"rootId":"86kflrs3slovw8u","id":"86kflrs3slovw8u"},"id":"s4izfo6pusny57z","previousOperationId":"2134bynra12tedh"}
{"type":"log","timestamp":1731228774393,"level":"debug","message":"Replaced assets [\"KhmerOSSiemreapRegular.ttf\"]","meta":{"rootId":"86kflrs3slovw8u","id":"86kflrs3slovw8u"},"id":"sf2n6sbktcrs2x7","previousOperationId":"2134bynra12tedh"}
{"type":"operationStart","subtype":"engine","name":"handlebars","timestamp":1731228774393,"id":"7h2o1tb06ssj1fs","previousEventId":"agio6bnpobop049","operationId":"pwt9rlb8bw9s85a","previousOperationId":"2134bynra12tedh"}
{"type":"log","timestamp":1731228774393,"level":"debug","message":"Rendering engine handlebars","meta":{"rootId":"86kflrs3slovw8u","id":"86kflrs3slovw8u"},"id":"ahvrr8q6nwjqtzg","previousOperationId":"pwt9rlb8bw9s85a"}
{"type":"operationEnd","operationId":"pwt9rlb8bw9s85a","timestamp":1731228774414,"id":"lqj1lsivrew79mn","previousEventId":"7h2o1tb06ssj1fs","previousOperationId":"pwt9rlb8bw9s85a"}
{"type":"operationStart","subtype":"recipe","name":"html-to-xlsx","timestamp":1731228774418,"id":"qm01t3xvu27qfen","previousEventId":"lqj1lsivrew79mn","operationId":"b3s3wzb2nsobloy","previousOperationId":"pwt9rlb8bw9s85a"}
{"type":"log","timestamp":1731228774418,"level":"debug","message":"Executing recipe html-to-xlsx","meta":{"rootId":"86kflrs3slovw8u","id":"86kflrs3slovw8u"},"id":"qoqneyx7fa5fvy3","previousOperationId":"b3s3wzb2nsobloy"}
{"type":"log","timestamp":1731228774418,"level":"info","message":"html-to-xlsx generation is starting","meta":{"rootId":"86kflrs3slovw8u","id":"86kflrs3slovw8u"},"id":"we8ttwhk0px9fa3","previousOperationId":"b3s3wzb2nsobloy"}
{"type":"log","timestamp":1731228775429,"level":"info","message":"html-to-xlsx generation was finished","meta":{"rootId":"86kflrs3slovw8u","id":"86kflrs3slovw8u"},"id":"1xais8zch3hxm2d","previousOperationId":"b3s3wzb2nsobloy"}
{"type":"log","timestamp":1731228775429,"level":"debug","message":"preparing office preview","meta":{"rootId":"86kflrs3slovw8u","id":"86kflrs3slovw8u"},"id":"c9gknrrckon8nva","previousOperationId":"b3s3wzb2nsobloy"}
{"type":"operationEnd","operationId":"b3s3wzb2nsobloy","timestamp":1731228775889,"id":"a63blspqer3iw70","previousEventId":"qm01t3xvu27qfen","previousOperationId":"b3s3wzb2nsobloy"}
{"type":"log","timestamp":1731228775889,"level":"debug","message":"Skipping storing report.","meta":{"rootId":"86kflrs3slovw8u","id":"86kflrs3slovw8u"},"id":"30hrnzoreossdq3","previousOperationId":"b3s3wzb2nsobloy"}
{"type":"log","timestamp":1731228775889,"level":"info","message":"Rendering request 159 finished in 1516 ms","meta":{"rootId":"86kflrs3slovw8u","id":"86kflrs3slovw8u"},"id":"h8o9u3w743mk9ph","previousOperationId":"b3s3wzb2nsobloy"}
{"type":"operationEnd","subtype":"render","operationId":"2134bynra12tedh","timestamp":1731228775889,"id":"7k3mvhdjsy0snt6","previousEventId":"a63blspqer3iw70","previousOperationId":"b3s3wzb2nsobloy"}
{"type":"operationEnd","doDiffs":false,"previousEventId":"3900qrafopq45ww","previousOperationId":"yw4qm8k6xr47rsq","operationId":"yw4qm8k6xr47rsq","timestamp":1731228775891,"id":"78ec4dnbheqgehq"}
