{"type":"operationStart","subtype":"profile","data":{"_id":"xr5infW0uvce25sC","timestamp":"2024-11-10T13:28:32.902Z","state":"queued","mode":"standard","creationDate":"2024-11-10T13:28:32.904Z","modificationDate":"2024-11-10T13:28:32.904Z","shortid":"180B9Yl","inheritedReadPermissions":[],"inheritedEditPermissions":[],"$entitySet":"profiles"},"doDiffs":false,"timestamp":1731245312903,"id":"ejws8583pbbecvc","previousOperationId":null,"operationId":"gn80rtht2l1aiuk"}
{"type":"log","level":"info","message":"Render request 67 queued for execution and waiting for available worker","previousOperationId":"gn80rtht2l1aiuk","timestamp":1731245312903,"id":"iqnfl022co0ftbv"}
{"type":"operationStart","subtype":"render","name":"new-excl-template","previousOperationId":"gn80rtht2l1aiuk","timestamp":1731245312910,"id":"hqf5g6fvyzu6oce","previousEventId":"ejws8583pbbecvc","operationId":"tloiaetzq7lqz5s"}
{"type":"log","timestamp":1731245312910,"level":"info","message":"Starting rendering request 67 (user: admin)","meta":{"rootId":"8b9dla11o6wi06g","id":"8b9dla11o6wi06g"},"id":"lj3i32rjaw6a3mc","previousOperationId":"tloiaetzq7lqz5s"}
{"type":"log","timestamp":1731245312910,"level":"info","message":"Rendering template { name: new-excl-template, recipe: html-to-xlsx, engine: handlebars, preview: true }","meta":{"rootId":"8b9dla11o6wi06g","id":"8b9dla11o6wi06g"},"id":"spbcn7lgajovge4","previousOperationId":"tloiaetzq7lqz5s"}
{"type":"log","timestamp":1731245312911,"level":"debug","message":"Inline data specified.","meta":{"rootId":"8b9dla11o6wi06g","id":"8b9dla11o6wi06g"},"id":"aw21exwjsykinz8","previousOperationId":"tloiaetzq7lqz5s"}
{"type":"log","timestamp":1731245312912,"level":"debug","message":"Base url not specified, skipping its injection.","meta":{"rootId":"8b9dla11o6wi06g","id":"8b9dla11o6wi06g"},"id":"7tfrzx09xe77qyi","previousOperationId":"tloiaetzq7lqz5s"}
{"type":"log","timestamp":1731245312914,"level":"debug","message":"Replaced assets [\"KhmerOSSiemreapRegular.ttf\"]","meta":{"rootId":"8b9dla11o6wi06g","id":"8b9dla11o6wi06g"},"id":"y5zlqo2qzsbn0zz","previousOperationId":"tloiaetzq7lqz5s"}
{"type":"operationStart","subtype":"engine","name":"handlebars","timestamp":1731245312914,"id":"hral9ixxxsjhvyr","previousEventId":"hqf5g6fvyzu6oce","operationId":"muzrfr9j2mp7le4","previousOperationId":"tloiaetzq7lqz5s"}
{"type":"log","timestamp":1731245312914,"level":"debug","message":"Rendering engine handlebars","meta":{"rootId":"8b9dla11o6wi06g","id":"8b9dla11o6wi06g"},"id":"cx6zh6mp9ilj1k4","previousOperationId":"muzrfr9j2mp7le4"}
{"type":"operationEnd","operationId":"muzrfr9j2mp7le4","timestamp":1731245312926,"id":"mk2ron6rqt5rx6q","previousEventId":"hral9ixxxsjhvyr","previousOperationId":"muzrfr9j2mp7le4"}
{"type":"operationStart","subtype":"recipe","name":"html-to-xlsx","timestamp":1731245312927,"id":"5lf59o4o90uwwad","previousEventId":"mk2ron6rqt5rx6q","operationId":"lb1hqrjxlksimbe","previousOperationId":"muzrfr9j2mp7le4"}
{"type":"log","timestamp":1731245312927,"level":"debug","message":"Executing recipe html-to-xlsx","meta":{"rootId":"8b9dla11o6wi06g","id":"8b9dla11o6wi06g"},"id":"qk1uskwh03k7az0","previousOperationId":"lb1hqrjxlksimbe"}
{"type":"log","timestamp":1731245312927,"level":"info","message":"html-to-xlsx generation is starting","meta":{"rootId":"8b9dla11o6wi06g","id":"8b9dla11o6wi06g"},"id":"ikzb9eb3jw0o5cs","previousOperationId":"lb1hqrjxlksimbe"}
{"type":"log","timestamp":1731245313542,"level":"info","message":"html-to-xlsx generation was finished","meta":{"rootId":"8b9dla11o6wi06g","id":"8b9dla11o6wi06g"},"id":"16ekr83duqy3yn9","previousOperationId":"lb1hqrjxlksimbe"}
{"type":"log","timestamp":1731245313542,"level":"debug","message":"preparing office preview","meta":{"rootId":"8b9dla11o6wi06g","id":"8b9dla11o6wi06g"},"id":"lkzq66u07sqzajw","previousOperationId":"lb1hqrjxlksimbe"}
{"type":"operationEnd","operationId":"lb1hqrjxlksimbe","timestamp":1731245314042,"id":"itc3o0x6h8zxsrh","previousEventId":"5lf59o4o90uwwad","previousOperationId":"lb1hqrjxlksimbe"}
{"type":"log","timestamp":1731245314042,"level":"debug","message":"Skipping storing report.","meta":{"rootId":"8b9dla11o6wi06g","id":"8b9dla11o6wi06g"},"id":"uwkdotil1l9vhib","previousOperationId":"lb1hqrjxlksimbe"}
{"type":"log","timestamp":1731245314042,"level":"info","message":"Rendering request 67 finished in 1140 ms","meta":{"rootId":"8b9dla11o6wi06g","id":"8b9dla11o6wi06g"},"id":"eav8dvs9pwarnvv","previousOperationId":"lb1hqrjxlksimbe"}
{"type":"operationEnd","subtype":"render","operationId":"tloiaetzq7lqz5s","timestamp":1731245314042,"id":"sl3x9wokb2zraa4","previousEventId":"itc3o0x6h8zxsrh","previousOperationId":"lb1hqrjxlksimbe"}
{"type":"operationEnd","doDiffs":false,"previousEventId":"ejws8583pbbecvc","previousOperationId":"gn80rtht2l1aiuk","operationId":"gn80rtht2l1aiuk","timestamp":1731245314044,"id":"q6nha927bp1rxlm"}
