{"type":"operationStart","subtype":"profile","data":{"_id":"QFjX7DV4EuQYrhlP","timestamp":"2024-11-10T14:20:09.944Z","state":"queued","mode":"standard","creationDate":"2024-11-10T14:20:09.947Z","modificationDate":"2024-11-10T14:20:09.947Z","shortid":"eF0T3UW","inheritedReadPermissions":[],"inheritedEditPermissions":[],"$entitySet":"profiles"},"doDiffs":false,"timestamp":1731248409946,"id":"4j00vyy102w1g9c","previousOperationId":null,"operationId":"f81dklrfe66vl1h"}
{"type":"log","level":"info","message":"Render request 135 queued for execution and waiting for available worker","previousOperationId":"f81dklrfe66vl1h","timestamp":1731248409946,"id":"lq21tu3liwwm6yt"}
{"type":"operationStart","subtype":"render","name":"new-excl-template","previousOperationId":"f81dklrfe66vl1h","timestamp":1731248409955,"id":"8m1leji95peat26","previousEventId":"4j00vyy102w1g9c","operationId":"o40b4bnegx5aj6d"}
{"type":"log","timestamp":1731248409955,"level":"info","message":"Starting rendering request 135 (user: admin)","meta":{"rootId":"8fnxdrpk8yd07sc","id":"8fnxdrpk8yd07sc"},"id":"drg0s2spab62tuv","previousOperationId":"o40b4bnegx5aj6d"}
{"type":"log","timestamp":1731248409955,"level":"info","message":"Rendering template { name: new-excl-template, recipe: html-to-xlsx, engine: handlebars, preview: true }","meta":{"rootId":"8fnxdrpk8yd07sc","id":"8fnxdrpk8yd07sc"},"id":"fcibbhsswsn6a02","previousOperationId":"o40b4bnegx5aj6d"}
{"type":"log","timestamp":1731248409956,"level":"debug","message":"Inline data specified.","meta":{"rootId":"8fnxdrpk8yd07sc","id":"8fnxdrpk8yd07sc"},"id":"8yxvo8p5no9j88a","previousOperationId":"o40b4bnegx5aj6d"}
{"type":"log","timestamp":1731248409957,"level":"debug","message":"Base url not specified, skipping its injection.","meta":{"rootId":"8fnxdrpk8yd07sc","id":"8fnxdrpk8yd07sc"},"id":"ivlkkatmuz6ebwf","previousOperationId":"o40b4bnegx5aj6d"}
{"type":"log","timestamp":1731248409958,"level":"debug","message":"Replaced assets [\"KhmerOSSiemreapRegular.ttf\"]","meta":{"rootId":"8fnxdrpk8yd07sc","id":"8fnxdrpk8yd07sc"},"id":"yljua894z4if0we","previousOperationId":"o40b4bnegx5aj6d"}
{"type":"operationStart","subtype":"engine","name":"handlebars","timestamp":1731248409958,"id":"367fax14h1ayit8","previousEventId":"8m1leji95peat26","operationId":"vwdt5svhef4z45e","previousOperationId":"o40b4bnegx5aj6d"}
{"type":"log","timestamp":1731248409958,"level":"debug","message":"Rendering engine handlebars","meta":{"rootId":"8fnxdrpk8yd07sc","id":"8fnxdrpk8yd07sc"},"id":"whv4hxa6fica13p","previousOperationId":"vwdt5svhef4z45e"}
{"type":"operationEnd","operationId":"vwdt5svhef4z45e","timestamp":1731248409973,"id":"br2o9lwal7yk3co","previousEventId":"367fax14h1ayit8","previousOperationId":"vwdt5svhef4z45e"}
{"type":"operationStart","subtype":"recipe","name":"html-to-xlsx","timestamp":1731248409974,"id":"z0237f5mgdvi8t0","previousEventId":"br2o9lwal7yk3co","operationId":"4pqmmbtrww7iss2","previousOperationId":"vwdt5svhef4z45e"}
{"type":"log","timestamp":1731248409974,"level":"debug","message":"Executing recipe html-to-xlsx","meta":{"rootId":"8fnxdrpk8yd07sc","id":"8fnxdrpk8yd07sc"},"id":"20b7101kfsn194f","previousOperationId":"4pqmmbtrww7iss2"}
{"type":"log","timestamp":1731248409974,"level":"info","message":"html-to-xlsx generation is starting","meta":{"rootId":"8fnxdrpk8yd07sc","id":"8fnxdrpk8yd07sc"},"id":"nvzo7q2yojsm32f","previousOperationId":"4pqmmbtrww7iss2"}
{"type":"log","timestamp":1731248410639,"level":"info","message":"html-to-xlsx generation was finished","meta":{"rootId":"8fnxdrpk8yd07sc","id":"8fnxdrpk8yd07sc"},"id":"ih8m1x60d41by5z","previousOperationId":"4pqmmbtrww7iss2"}
{"type":"log","timestamp":1731248410639,"level":"debug","message":"preparing office preview","meta":{"rootId":"8fnxdrpk8yd07sc","id":"8fnxdrpk8yd07sc"},"id":"5tfadjo85y53hhu","previousOperationId":"4pqmmbtrww7iss2"}
{"type":"operationEnd","operationId":"4pqmmbtrww7iss2","timestamp":1731248411089,"id":"inaq3cl724sest8","previousEventId":"z0237f5mgdvi8t0","previousOperationId":"4pqmmbtrww7iss2"}
{"type":"log","timestamp":1731248411089,"level":"debug","message":"Skipping storing report.","meta":{"rootId":"8fnxdrpk8yd07sc","id":"8fnxdrpk8yd07sc"},"id":"sc8ih3e60pyyskc","previousOperationId":"4pqmmbtrww7iss2"}
{"type":"log","timestamp":1731248411089,"level":"info","message":"Rendering request 135 finished in 1145 ms","meta":{"rootId":"8fnxdrpk8yd07sc","id":"8fnxdrpk8yd07sc"},"id":"5c0rlwdtec6uyct","previousOperationId":"4pqmmbtrww7iss2"}
{"type":"operationEnd","subtype":"render","operationId":"o40b4bnegx5aj6d","timestamp":1731248411089,"id":"sa2fm7qqzpctl40","previousEventId":"inaq3cl724sest8","previousOperationId":"4pqmmbtrww7iss2"}
{"type":"operationEnd","doDiffs":false,"previousEventId":"4j00vyy102w1g9c","previousOperationId":"f81dklrfe66vl1h","operationId":"f81dklrfe66vl1h","timestamp":1731248411091,"id":"l64z9xh98sgtw9f"}
