{"type":"operationStart","subtype":"profile","data":{"_id":"fDJnzTy4W7qETRcw","timestamp":"2024-11-10T13:49:56.703Z","state":"queued","mode":"standard","creationDate":"2024-11-10T13:49:56.705Z","modificationDate":"2024-11-10T13:49:56.705Z","shortid":"Rm8cmkV","inheritedReadPermissions":[],"inheritedEditPermissions":[],"$entitySet":"profiles"},"doDiffs":false,"timestamp":1731246596705,"id":"8zi5x2hr40x667p","previousOperationId":null,"operationId":"av965oy971aer5r"}
{"type":"log","level":"info","message":"Render request 81 queued for execution and waiting for available worker","previousOperationId":"av965oy971aer5r","timestamp":1731246596705,"id":"kwabz6gvbrdnjt1"}
{"type":"operationStart","subtype":"render","name":"new-excl-template","previousOperationId":"av965oy971aer5r","timestamp":1731246596714,"id":"zm5jr4uf1q8i9s6","previousEventId":"8zi5x2hr40x667p","operationId":"6grrj073z2nlnrx"}
{"type":"log","timestamp":1731246596714,"level":"info","message":"Starting rendering request 81 (user: admin)","meta":{"rootId":"8nqfqatr65gnqqg","id":"8nqfqatr65gnqqg"},"id":"6xmctnopzd02jln","previousOperationId":"6grrj073z2nlnrx"}
{"type":"log","timestamp":1731246596714,"level":"info","message":"Rendering template { name: new-excl-template, recipe: html-to-xlsx, engine: handlebars, preview: true }","meta":{"rootId":"8nqfqatr65gnqqg","id":"8nqfqatr65gnqqg"},"id":"c43jd1oz6r49ai0","previousOperationId":"6grrj073z2nlnrx"}
{"type":"log","timestamp":1731246596715,"level":"debug","message":"Inline data specified.","meta":{"rootId":"8nqfqatr65gnqqg","id":"8nqfqatr65gnqqg"},"id":"3xhpc15a90nhdop","previousOperationId":"6grrj073z2nlnrx"}
{"type":"log","timestamp":1731246596716,"level":"debug","message":"Base url not specified, skipping its injection.","meta":{"rootId":"8nqfqatr65gnqqg","id":"8nqfqatr65gnqqg"},"id":"g939c617phjp3j4","previousOperationId":"6grrj073z2nlnrx"}
{"type":"log","timestamp":1731246596718,"level":"debug","message":"Replaced assets [\"KhmerOSSiemreapRegular.ttf\"]","meta":{"rootId":"8nqfqatr65gnqqg","id":"8nqfqatr65gnqqg"},"id":"onu3qvnqa3f60vp","previousOperationId":"6grrj073z2nlnrx"}
{"type":"operationStart","subtype":"engine","name":"handlebars","timestamp":1731246596718,"id":"sjo3qujht19nc3w","previousEventId":"zm5jr4uf1q8i9s6","operationId":"kym2t6iftea942d","previousOperationId":"6grrj073z2nlnrx"}
{"type":"log","timestamp":1731246596718,"level":"debug","message":"Rendering engine handlebars","meta":{"rootId":"8nqfqatr65gnqqg","id":"8nqfqatr65gnqqg"},"id":"76oo1u64urwmob8","previousOperationId":"kym2t6iftea942d"}
{"type":"operationEnd","operationId":"kym2t6iftea942d","timestamp":1731246596732,"id":"5ntpom4jhns05de","previousEventId":"sjo3qujht19nc3w","previousOperationId":"kym2t6iftea942d"}
{"type":"operationStart","subtype":"recipe","name":"html-to-xlsx","timestamp":1731246596733,"id":"r5rwzl7uniukzux","previousEventId":"5ntpom4jhns05de","operationId":"cueljs4csabskvf","previousOperationId":"kym2t6iftea942d"}
{"type":"log","timestamp":1731246596733,"level":"debug","message":"Executing recipe html-to-xlsx","meta":{"rootId":"8nqfqatr65gnqqg","id":"8nqfqatr65gnqqg"},"id":"3jfrdeg6t6bz1bp","previousOperationId":"cueljs4csabskvf"}
{"type":"log","timestamp":1731246596733,"level":"info","message":"html-to-xlsx generation is starting","meta":{"rootId":"8nqfqatr65gnqqg","id":"8nqfqatr65gnqqg"},"id":"9zv3d5hhsj78204","previousOperationId":"cueljs4csabskvf"}
{"type":"log","timestamp":1731246597427,"level":"info","message":"html-to-xlsx generation was finished","meta":{"rootId":"8nqfqatr65gnqqg","id":"8nqfqatr65gnqqg"},"id":"46bzgl58hcsnjdp","previousOperationId":"cueljs4csabskvf"}
{"type":"log","timestamp":1731246597427,"level":"debug","message":"preparing office preview","meta":{"rootId":"8nqfqatr65gnqqg","id":"8nqfqatr65gnqqg"},"id":"lbswfr5zy5oq8cq","previousOperationId":"cueljs4csabskvf"}
{"type":"operationEnd","operationId":"cueljs4csabskvf","timestamp":1731246597875,"id":"28xhxmzngo25lb5","previousEventId":"r5rwzl7uniukzux","previousOperationId":"cueljs4csabskvf"}
{"type":"log","timestamp":1731246597875,"level":"debug","message":"Skipping storing report.","meta":{"rootId":"8nqfqatr65gnqqg","id":"8nqfqatr65gnqqg"},"id":"tjdihr9fxwl0n8r","previousOperationId":"cueljs4csabskvf"}
{"type":"log","timestamp":1731246597875,"level":"info","message":"Rendering request 81 finished in 1172 ms","meta":{"rootId":"8nqfqatr65gnqqg","id":"8nqfqatr65gnqqg"},"id":"bipcp39uviuj7v0","previousOperationId":"cueljs4csabskvf"}
{"type":"operationEnd","subtype":"render","operationId":"6grrj073z2nlnrx","timestamp":1731246597875,"id":"hmq4wwf1zk40n9x","previousEventId":"28xhxmzngo25lb5","previousOperationId":"cueljs4csabskvf"}
{"type":"operationEnd","doDiffs":false,"previousEventId":"8zi5x2hr40x667p","previousOperationId":"av965oy971aer5r","operationId":"av965oy971aer5r","timestamp":1731246597878,"id":"mhsa9su0ynjs56y"}
