{"type":"operationStart","subtype":"profile","data":{"_id":"Q2bpXBcFo2PK7h19","timestamp":"2024-11-10T10:17:23.511Z","state":"queued","mode":"standard","creationDate":"2024-11-10T10:17:23.512Z","modificationDate":"2024-11-10T10:17:23.512Z","shortid":"6dWUA9Y","inheritedReadPermissions":[],"inheritedEditPermissions":[],"$entitySet":"profiles"},"doDiffs":false,"timestamp":1731233843511,"id":"mfsezvlihid0g6q","previousOperationId":null,"operationId":"uzw82uyqgrdo22e"}
{"type":"log","level":"info","message":"Render request 313 queued for execution and waiting for available worker","previousOperationId":"uzw82uyqgrdo22e","timestamp":1731233843512,"id":"blxureehs37xs1w"}
{"type":"operationStart","subtype":"render","name":"new-excl-template","previousOperationId":"uzw82uyqgrdo22e","timestamp":1731233843520,"id":"leloypxdlgwwovr","previousEventId":"mfsezvlihid0g6q","operationId":"ia3y1pdvq2grkx7"}
{"type":"log","timestamp":1731233843520,"level":"info","message":"Starting rendering request 313 (user: admin)","meta":{"rootId":"8u7aw0dfxmhx09e","id":"8u7aw0dfxmhx09e"},"id":"5sci9ingvmz05xa","previousOperationId":"ia3y1pdvq2grkx7"}
{"type":"log","timestamp":1731233843520,"level":"info","message":"Rendering template { name: new-excl-template, recipe: html-to-xlsx, engine: handlebars, preview: true }","meta":{"rootId":"8u7aw0dfxmhx09e","id":"8u7aw0dfxmhx09e"},"id":"msp51p7zxwpwgsq","previousOperationId":"ia3y1pdvq2grkx7"}
{"type":"log","timestamp":1731233843521,"level":"debug","message":"Adding sample data pVkbCM7am","meta":{"rootId":"8u7aw0dfxmhx09e","id":"8u7aw0dfxmhx09e"},"id":"gfqn9tmgm7elt0a","previousOperationId":"ia3y1pdvq2grkx7"}
{"type":"log","timestamp":1731233843523,"level":"debug","message":"Base url not specified, skipping its injection.","meta":{"rootId":"8u7aw0dfxmhx09e","id":"8u7aw0dfxmhx09e"},"id":"tvf06f058969tgk","previousOperationId":"ia3y1pdvq2grkx7"}
{"type":"log","timestamp":1731233843524,"level":"debug","message":"Replaced assets [\"KhmerOSSiemreapRegular.ttf\"]","meta":{"rootId":"8u7aw0dfxmhx09e","id":"8u7aw0dfxmhx09e"},"id":"c5im9l12q5kn5nj","previousOperationId":"ia3y1pdvq2grkx7"}
{"type":"operationStart","subtype":"engine","name":"handlebars","timestamp":1731233843525,"id":"gvbm2qyz25er5lb","previousEventId":"leloypxdlgwwovr","operationId":"1lgzxi1xair59b5","previousOperationId":"ia3y1pdvq2grkx7"}
{"type":"log","timestamp":1731233843525,"level":"debug","message":"Rendering engine handlebars","meta":{"rootId":"8u7aw0dfxmhx09e","id":"8u7aw0dfxmhx09e"},"id":"4p491bqzs74zdf1","previousOperationId":"1lgzxi1xair59b5"}
{"type":"operationEnd","operationId":"1lgzxi1xair59b5","timestamp":1731233843533,"id":"cu7e53ff5f1lqhp","previousEventId":"gvbm2qyz25er5lb","previousOperationId":"1lgzxi1xair59b5"}
{"type":"operationStart","subtype":"recipe","name":"html-to-xlsx","timestamp":1731233843534,"id":"oc3xlmlu1vqb61i","previousEventId":"cu7e53ff5f1lqhp","operationId":"tx41lsbol72hd8a","previousOperationId":"1lgzxi1xair59b5"}
{"type":"log","timestamp":1731233843534,"level":"debug","message":"Executing recipe html-to-xlsx","meta":{"rootId":"8u7aw0dfxmhx09e","id":"8u7aw0dfxmhx09e"},"id":"m8dhl6uvxm54l6a","previousOperationId":"tx41lsbol72hd8a"}
{"type":"log","timestamp":1731233843534,"level":"info","message":"html-to-xlsx generation is starting","meta":{"rootId":"8u7aw0dfxmhx09e","id":"8u7aw0dfxmhx09e"},"id":"pe3kqsuvdghbx5m","previousOperationId":"tx41lsbol72hd8a"}
{"type":"log","timestamp":1731233844224,"level":"info","message":"html-to-xlsx generation was finished","meta":{"rootId":"8u7aw0dfxmhx09e","id":"8u7aw0dfxmhx09e"},"id":"wb1re9uk078ob3l","previousOperationId":"tx41lsbol72hd8a"}
{"type":"log","timestamp":1731233844224,"level":"debug","message":"preparing office preview","meta":{"rootId":"8u7aw0dfxmhx09e","id":"8u7aw0dfxmhx09e"},"id":"idujuo7xi1f61rv","previousOperationId":"tx41lsbol72hd8a"}
{"type":"operationEnd","operationId":"tx41lsbol72hd8a","timestamp":1731233844669,"id":"khgqsttsuypdc3w","previousEventId":"oc3xlmlu1vqb61i","previousOperationId":"tx41lsbol72hd8a"}
{"type":"log","timestamp":1731233844669,"level":"debug","message":"Skipping storing report.","meta":{"rootId":"8u7aw0dfxmhx09e","id":"8u7aw0dfxmhx09e"},"id":"v4crjg9lbdk5qc2","previousOperationId":"tx41lsbol72hd8a"}
{"type":"log","timestamp":1731233844669,"level":"info","message":"Rendering request 313 finished in 1159 ms","meta":{"rootId":"8u7aw0dfxmhx09e","id":"8u7aw0dfxmhx09e"},"id":"tpir1jg32qf30xl","previousOperationId":"tx41lsbol72hd8a"}
{"type":"operationEnd","subtype":"render","operationId":"ia3y1pdvq2grkx7","timestamp":1731233844669,"id":"4r32sihjkejig92","previousEventId":"khgqsttsuypdc3w","previousOperationId":"tx41lsbol72hd8a"}
{"type":"operationEnd","doDiffs":false,"previousEventId":"mfsezvlihid0g6q","previousOperationId":"uzw82uyqgrdo22e","operationId":"uzw82uyqgrdo22e","timestamp":1731233844672,"id":"lyrofo7744vntdy"}
