{"type":"operationStart","subtype":"profile","data":{"_id":"cbcd9fXzWyYUcDJm","timestamp":"2024-11-10T14:10:53.997Z","state":"queued","mode":"standard","creationDate":"2024-11-10T14:10:53.999Z","modificationDate":"2024-11-10T14:10:53.999Z","shortid":"0WyecKN","inheritedReadPermissions":[],"inheritedEditPermissions":[],"$entitySet":"profiles"},"doDiffs":false,"timestamp":1731247853998,"id":"1z2ftmp8geu5rct","previousOperationId":null,"operationId":"64jiag2p4iqveq5"}
{"type":"log","level":"info","message":"Render request 115 queued for execution and waiting for available worker","previousOperationId":"64jiag2p4iqveq5","timestamp":1731247853998,"id":"uya4srqoi1jzza7"}
{"type":"operationStart","subtype":"render","name":"new-excl-template","previousOperationId":"64jiag2p4iqveq5","timestamp":1731247854007,"id":"g3h5n2qfy2y0xig","previousEventId":"1z2ftmp8geu5rct","operationId":"ltgfue41bigpg5h"}
{"type":"log","timestamp":1731247854007,"level":"info","message":"Starting rendering request 115 (user: admin)","meta":{"rootId":"8w26ctp9v2uzj66","id":"8w26ctp9v2uzj66"},"id":"611v657df2uxfjf","previousOperationId":"ltgfue41bigpg5h"}
{"type":"log","timestamp":1731247854007,"level":"info","message":"Rendering template { name: new-excl-template, recipe: html-to-xlsx, engine: handlebars, preview: true }","meta":{"rootId":"8w26ctp9v2uzj66","id":"8w26ctp9v2uzj66"},"id":"o4kmmz72wvzxa1m","previousOperationId":"ltgfue41bigpg5h"}
{"type":"log","timestamp":1731247854007,"level":"debug","message":"Inline data specified.","meta":{"rootId":"8w26ctp9v2uzj66","id":"8w26ctp9v2uzj66"},"id":"3mlas9ncmh3n7ei","previousOperationId":"ltgfue41bigpg5h"}
{"type":"log","timestamp":1731247854009,"level":"debug","message":"Base url not specified, skipping its injection.","meta":{"rootId":"8w26ctp9v2uzj66","id":"8w26ctp9v2uzj66"},"id":"h8deo9sexzcfj0x","previousOperationId":"ltgfue41bigpg5h"}
{"type":"log","timestamp":1731247854010,"level":"debug","message":"Replaced assets [\"KhmerOSSiemreapRegular.ttf\"]","meta":{"rootId":"8w26ctp9v2uzj66","id":"8w26ctp9v2uzj66"},"id":"hrseh53asaoeka6","previousOperationId":"ltgfue41bigpg5h"}
{"type":"operationStart","subtype":"engine","name":"handlebars","timestamp":1731247854010,"id":"2lzy9xumbesgcbs","previousEventId":"g3h5n2qfy2y0xig","operationId":"hzs1swp6apyn3y4","previousOperationId":"ltgfue41bigpg5h"}
{"type":"log","timestamp":1731247854010,"level":"debug","message":"Rendering engine handlebars","meta":{"rootId":"8w26ctp9v2uzj66","id":"8w26ctp9v2uzj66"},"id":"px4443tmwt76zbz","previousOperationId":"hzs1swp6apyn3y4"}
{"type":"operationEnd","operationId":"hzs1swp6apyn3y4","timestamp":1731247854020,"id":"e75b66cypv9fgzk","previousEventId":"2lzy9xumbesgcbs","previousOperationId":"hzs1swp6apyn3y4"}
{"type":"operationStart","subtype":"recipe","name":"html-to-xlsx","timestamp":1731247854021,"id":"88v06nvuewz5jtt","previousEventId":"e75b66cypv9fgzk","operationId":"upay2wm8jqiwwu2","previousOperationId":"hzs1swp6apyn3y4"}
{"type":"log","timestamp":1731247854021,"level":"debug","message":"Executing recipe html-to-xlsx","meta":{"rootId":"8w26ctp9v2uzj66","id":"8w26ctp9v2uzj66"},"id":"l7kfl2oedqtdru5","previousOperationId":"upay2wm8jqiwwu2"}
{"type":"log","timestamp":1731247854021,"level":"info","message":"html-to-xlsx generation is starting","meta":{"rootId":"8w26ctp9v2uzj66","id":"8w26ctp9v2uzj66"},"id":"latwv1y6x05h1h7","previousOperationId":"upay2wm8jqiwwu2"}
{"type":"log","timestamp":1731247854621,"level":"info","message":"html-to-xlsx generation was finished","meta":{"rootId":"8w26ctp9v2uzj66","id":"8w26ctp9v2uzj66"},"id":"uhd496sy3a9lzjo","previousOperationId":"upay2wm8jqiwwu2"}
{"type":"log","timestamp":1731247854621,"level":"debug","message":"preparing office preview","meta":{"rootId":"8w26ctp9v2uzj66","id":"8w26ctp9v2uzj66"},"id":"gatuu67bz34894g","previousOperationId":"upay2wm8jqiwwu2"}
{"type":"operationEnd","operationId":"upay2wm8jqiwwu2","timestamp":1731247855065,"id":"nip4xkj74abtou7","previousEventId":"88v06nvuewz5jtt","previousOperationId":"upay2wm8jqiwwu2"}
{"type":"log","timestamp":1731247855065,"level":"debug","message":"Skipping storing report.","meta":{"rootId":"8w26ctp9v2uzj66","id":"8w26ctp9v2uzj66"},"id":"hoaaagntwn36wid","previousOperationId":"upay2wm8jqiwwu2"}
{"type":"log","timestamp":1731247855065,"level":"info","message":"Rendering request 115 finished in 1068 ms","meta":{"rootId":"8w26ctp9v2uzj66","id":"8w26ctp9v2uzj66"},"id":"iphzzdlk5rstno3","previousOperationId":"upay2wm8jqiwwu2"}
{"type":"operationEnd","subtype":"render","operationId":"ltgfue41bigpg5h","timestamp":1731247855065,"id":"pfwpu56phgstych","previousEventId":"nip4xkj74abtou7","previousOperationId":"upay2wm8jqiwwu2"}
{"type":"operationEnd","doDiffs":false,"previousEventId":"1z2ftmp8geu5rct","previousOperationId":"64jiag2p4iqveq5","operationId":"64jiag2p4iqveq5","timestamp":1731247855067,"id":"snugcqxr6n302om"}
