{"type":"operationStart","subtype":"profile","data":{"_id":"jtyurQCveLGayBut","timestamp":"2024-11-10T13:48:31.250Z","state":"queued","mode":"standard","creationDate":"2024-11-10T13:48:31.252Z","modificationDate":"2024-11-10T13:48:31.252Z","shortid":"EDtxvoC","inheritedReadPermissions":[],"inheritedEditPermissions":[],"$entitySet":"profiles"},"doDiffs":false,"timestamp":1731246511252,"id":"8n9npkeswjcdd9b","previousOperationId":null,"operationId":"cv0dbz9jcjv1hoe"}
{"type":"log","level":"info","message":"Render request 78 queued for execution and waiting for available worker","previousOperationId":"cv0dbz9jcjv1hoe","timestamp":1731246511252,"id":"pe3ijht1k7xw0tq"}
{"type":"operationStart","subtype":"render","name":"new-excl-template","previousOperationId":"cv0dbz9jcjv1hoe","timestamp":1731246511260,"id":"mesw1mke901vkev","previousEventId":"8n9npkeswjcdd9b","operationId":"2xz0slxcd4vi2ad"}
{"type":"log","timestamp":1731246511260,"level":"info","message":"Starting rendering request 78 (user: admin)","meta":{"rootId":"8wall2zsn7r1j6m","id":"8wall2zsn7r1j6m"},"id":"sjslecvtlwe472b","previousOperationId":"2xz0slxcd4vi2ad"}
{"type":"log","timestamp":1731246511260,"level":"info","message":"Rendering template { name: new-excl-template, recipe: html-to-xlsx, engine: handlebars, preview: true }","meta":{"rootId":"8wall2zsn7r1j6m","id":"8wall2zsn7r1j6m"},"id":"ygs9vf6ucoyr944","previousOperationId":"2xz0slxcd4vi2ad"}
{"type":"log","timestamp":1731246511261,"level":"debug","message":"Inline data specified.","meta":{"rootId":"8wall2zsn7r1j6m","id":"8wall2zsn7r1j6m"},"id":"3ynhl57qa3h3wp2","previousOperationId":"2xz0slxcd4vi2ad"}
{"type":"log","timestamp":1731246511262,"level":"debug","message":"Base url not specified, skipping its injection.","meta":{"rootId":"8wall2zsn7r1j6m","id":"8wall2zsn7r1j6m"},"id":"xx14m5cqk5smwdh","previousOperationId":"2xz0slxcd4vi2ad"}
{"type":"log","timestamp":1731246511264,"level":"debug","message":"Replaced assets [\"KhmerOSSiemreapRegular.ttf\"]","meta":{"rootId":"8wall2zsn7r1j6m","id":"8wall2zsn7r1j6m"},"id":"jzxyt95dhsjnh86","previousOperationId":"2xz0slxcd4vi2ad"}
{"type":"operationStart","subtype":"engine","name":"handlebars","timestamp":1731246511264,"id":"3v7whqo1f73h217","previousEventId":"mesw1mke901vkev","operationId":"ppgur4ham1kzbjz","previousOperationId":"2xz0slxcd4vi2ad"}
{"type":"log","timestamp":1731246511264,"level":"debug","message":"Rendering engine handlebars","meta":{"rootId":"8wall2zsn7r1j6m","id":"8wall2zsn7r1j6m"},"id":"oi5k0degmw095p5","previousOperationId":"ppgur4ham1kzbjz"}
{"type":"operationEnd","operationId":"ppgur4ham1kzbjz","timestamp":1731246511281,"id":"735iectjxnv682a","previousEventId":"3v7whqo1f73h217","previousOperationId":"ppgur4ham1kzbjz"}
{"type":"operationStart","subtype":"recipe","name":"html-to-xlsx","timestamp":1731246511283,"id":"6re238qkwduk21v","previousEventId":"735iectjxnv682a","operationId":"9nfjnj3j6cptovo","previousOperationId":"ppgur4ham1kzbjz"}
{"type":"log","timestamp":1731246511283,"level":"debug","message":"Executing recipe html-to-xlsx","meta":{"rootId":"8wall2zsn7r1j6m","id":"8wall2zsn7r1j6m"},"id":"33ynl3355gulhyq","previousOperationId":"9nfjnj3j6cptovo"}
{"type":"log","timestamp":1731246511283,"level":"info","message":"html-to-xlsx generation is starting","meta":{"rootId":"8wall2zsn7r1j6m","id":"8wall2zsn7r1j6m"},"id":"tbv94dlq6k3xgo7","previousOperationId":"9nfjnj3j6cptovo"}
{"type":"log","timestamp":1731246511964,"level":"info","message":"html-to-xlsx generation was finished","meta":{"rootId":"8wall2zsn7r1j6m","id":"8wall2zsn7r1j6m"},"id":"kgfzxty6i8z3zl1","previousOperationId":"9nfjnj3j6cptovo"}
{"type":"log","timestamp":1731246511965,"level":"debug","message":"preparing office preview","meta":{"rootId":"8wall2zsn7r1j6m","id":"8wall2zsn7r1j6m"},"id":"7001wn976u3u2ii","previousOperationId":"9nfjnj3j6cptovo"}
{"type":"operationEnd","operationId":"9nfjnj3j6cptovo","timestamp":1731246512414,"id":"oi2mqtez51b9iqt","previousEventId":"6re238qkwduk21v","previousOperationId":"9nfjnj3j6cptovo"}
{"type":"log","timestamp":1731246512414,"level":"debug","message":"Skipping storing report.","meta":{"rootId":"8wall2zsn7r1j6m","id":"8wall2zsn7r1j6m"},"id":"z79gmyobnf9ps46","previousOperationId":"9nfjnj3j6cptovo"}
{"type":"log","timestamp":1731246512414,"level":"info","message":"Rendering request 78 finished in 1164 ms","meta":{"rootId":"8wall2zsn7r1j6m","id":"8wall2zsn7r1j6m"},"id":"6wrxchhdaqj9q7d","previousOperationId":"9nfjnj3j6cptovo"}
{"type":"operationEnd","subtype":"render","operationId":"2xz0slxcd4vi2ad","timestamp":1731246512414,"id":"loqrxvbd0c95bfg","previousEventId":"oi2mqtez51b9iqt","previousOperationId":"9nfjnj3j6cptovo"}
{"type":"operationEnd","doDiffs":false,"previousEventId":"8n9npkeswjcdd9b","previousOperationId":"cv0dbz9jcjv1hoe","operationId":"cv0dbz9jcjv1hoe","timestamp":1731246512417,"id":"zhvncsg1secvehb"}
