{"type":"operationStart","subtype":"profile","data":{"_id":"5vUQitQK1j9UMXmO","timestamp":"2024-11-10T13:10:47.643Z","state":"queued","mode":"standard","creationDate":"2024-11-10T13:10:47.645Z","modificationDate":"2024-11-10T13:10:47.645Z","shortid":"T1sSMvm","inheritedReadPermissions":[],"inheritedEditPermissions":[],"$entitySet":"profiles"},"doDiffs":false,"timestamp":1731244247644,"id":"0rasb1ked9ray5h","previousOperationId":null,"operationId":"jif9sfvmzgsouyr"}
{"type":"log","level":"info","message":"Render request 18 queued for execution and waiting for available worker","previousOperationId":"jif9sfvmzgsouyr","timestamp":1731244247644,"id":"1r6pq8com4n7rt4"}
{"type":"operationStart","subtype":"render","name":"new-excl-template","previousOperationId":"jif9sfvmzgsouyr","timestamp":1731244247653,"id":"9pdrwqh3ooryy3o","previousEventId":"0rasb1ked9ray5h","operationId":"zug35t6px6etjc5"}
{"type":"log","timestamp":1731244247653,"level":"info","message":"Starting rendering request 18 (user: admin)","meta":{"rootId":"8xrmggrxj9agmg5","id":"8xrmggrxj9agmg5"},"id":"z17krp9h55s1i8l","previousOperationId":"zug35t6px6etjc5"}
{"type":"log","timestamp":1731244247653,"level":"info","message":"Rendering template { name: new-excl-template, recipe: html-to-xlsx, engine: handlebars, preview: true }","meta":{"rootId":"8xrmggrxj9agmg5","id":"8xrmggrxj9agmg5"},"id":"h99svow937br1oi","previousOperationId":"zug35t6px6etjc5"}
{"type":"log","timestamp":1731244247654,"level":"debug","message":"Inline data specified.","meta":{"rootId":"8xrmggrxj9agmg5","id":"8xrmggrxj9agmg5"},"id":"7pwflpfeioa6oqs","previousOperationId":"zug35t6px6etjc5"}
{"type":"log","timestamp":1731244247655,"level":"debug","message":"Base url not specified, skipping its injection.","meta":{"rootId":"8xrmggrxj9agmg5","id":"8xrmggrxj9agmg5"},"id":"c1u3cviqgk858yt","previousOperationId":"zug35t6px6etjc5"}
{"type":"log","timestamp":1731244247656,"level":"debug","message":"Replaced assets [\"KhmerOSSiemreapRegular.ttf\"]","meta":{"rootId":"8xrmggrxj9agmg5","id":"8xrmggrxj9agmg5"},"id":"zr9rcj9jcwe6gf6","previousOperationId":"zug35t6px6etjc5"}
{"type":"operationStart","subtype":"engine","name":"handlebars","timestamp":1731244247657,"id":"jq4g9ppz5rn5vb9","previousEventId":"9pdrwqh3ooryy3o","operationId":"x5wxcj7vy4d2jl3","previousOperationId":"zug35t6px6etjc5"}
{"type":"log","timestamp":1731244247657,"level":"debug","message":"Rendering engine handlebars","meta":{"rootId":"8xrmggrxj9agmg5","id":"8xrmggrxj9agmg5"},"id":"avucywrz7808tbp","previousOperationId":"x5wxcj7vy4d2jl3"}
{"type":"operationEnd","operationId":"x5wxcj7vy4d2jl3","timestamp":1731244247672,"id":"osks4r4oxa64s6n","previousEventId":"jq4g9ppz5rn5vb9","previousOperationId":"x5wxcj7vy4d2jl3"}
{"type":"operationStart","subtype":"recipe","name":"html-to-xlsx","timestamp":1731244247674,"id":"owf5sg1gq62xx8e","previousEventId":"osks4r4oxa64s6n","operationId":"tc6wve4lrla31lw","previousOperationId":"x5wxcj7vy4d2jl3"}
{"type":"log","timestamp":1731244247674,"level":"debug","message":"Executing recipe html-to-xlsx","meta":{"rootId":"8xrmggrxj9agmg5","id":"8xrmggrxj9agmg5"},"id":"htzght9tuihprma","previousOperationId":"tc6wve4lrla31lw"}
{"type":"log","timestamp":1731244247674,"level":"info","message":"html-to-xlsx generation is starting","meta":{"rootId":"8xrmggrxj9agmg5","id":"8xrmggrxj9agmg5"},"id":"3ojvgr17f0pwrgz","previousOperationId":"tc6wve4lrla31lw"}
{"type":"log","timestamp":1731244248268,"level":"info","message":"html-to-xlsx generation was finished","meta":{"rootId":"8xrmggrxj9agmg5","id":"8xrmggrxj9agmg5"},"id":"7qnkmer0vi9b6g0","previousOperationId":"tc6wve4lrla31lw"}
{"type":"log","timestamp":1731244248268,"level":"debug","message":"preparing office preview","meta":{"rootId":"8xrmggrxj9agmg5","id":"8xrmggrxj9agmg5"},"id":"w0n1f1n4smot33r","previousOperationId":"tc6wve4lrla31lw"}
{"type":"operationEnd","operationId":"tc6wve4lrla31lw","timestamp":1731244248718,"id":"433aefi5ids9yyn","previousEventId":"owf5sg1gq62xx8e","previousOperationId":"tc6wve4lrla31lw"}
{"type":"log","timestamp":1731244248718,"level":"debug","message":"Skipping storing report.","meta":{"rootId":"8xrmggrxj9agmg5","id":"8xrmggrxj9agmg5"},"id":"ywnqics5m4sgh8u","previousOperationId":"tc6wve4lrla31lw"}
{"type":"log","timestamp":1731244248719,"level":"info","message":"Rendering request 18 finished in 1076 ms","meta":{"rootId":"8xrmggrxj9agmg5","id":"8xrmggrxj9agmg5"},"id":"77vdhxjcphjsr2j","previousOperationId":"tc6wve4lrla31lw"}
{"type":"operationEnd","subtype":"render","operationId":"zug35t6px6etjc5","timestamp":1731244248719,"id":"olrh0wiox5ttjli","previousEventId":"433aefi5ids9yyn","previousOperationId":"tc6wve4lrla31lw"}
{"type":"operationEnd","doDiffs":false,"previousEventId":"0rasb1ked9ray5h","previousOperationId":"jif9sfvmzgsouyr","operationId":"jif9sfvmzgsouyr","timestamp":1731244248721,"id":"9ho138sv4rwd04p"}
