{"type":"operationStart","subtype":"profile","data":{"_id":"9aqncKSmT8S3Mt9F","timestamp":"2024-11-10T08:53:16.707Z","state":"queued","mode":"standard","creationDate":"2024-11-10T08:53:16.709Z","modificationDate":"2024-11-10T08:53:16.709Z","shortid":"oI_REQX","inheritedReadPermissions":[],"inheritedEditPermissions":[],"$entitySet":"profiles"},"doDiffs":false,"timestamp":1731228796708,"id":"cjvbqz0fzux8n0g","previousOperationId":null,"operationId":"m5q57ewpjmphz5a"}
{"type":"log","level":"info","message":"Render request 160 queued for execution and waiting for available worker","previousOperationId":"m5q57ewpjmphz5a","timestamp":1731228796709,"id":"mkq0fuujwhxmwr0"}
{"type":"operationStart","subtype":"render","name":"new-excl-template","previousOperationId":"m5q57ewpjmphz5a","timestamp":1731228796718,"id":"trjalhtkfnhuj9i","previousEventId":"cjvbqz0fzux8n0g","operationId":"gallncaqdrylrd0"}
{"type":"log","timestamp":1731228796718,"level":"info","message":"Starting rendering request 160 (user: admin)","meta":{"rootId":"90pi5j7f558k4zs","id":"90pi5j7f558k4zs"},"id":"7z27b77ihnrcpnq","previousOperationId":"gallncaqdrylrd0"}
{"type":"log","timestamp":1731228796718,"level":"info","message":"Rendering template { name: new-excl-template, recipe: html-to-xlsx, engine: handlebars, preview: true }","meta":{"rootId":"90pi5j7f558k4zs","id":"90pi5j7f558k4zs"},"id":"hr4camm4k13rwn4","previousOperationId":"gallncaqdrylrd0"}
{"type":"log","timestamp":1731228796719,"level":"debug","message":"Inline data specified.","meta":{"rootId":"90pi5j7f558k4zs","id":"90pi5j7f558k4zs"},"id":"uze2zudnf7855vl","previousOperationId":"gallncaqdrylrd0"}
{"type":"log","timestamp":1731228796721,"level":"debug","message":"Base url not specified, skipping its injection.","meta":{"rootId":"90pi5j7f558k4zs","id":"90pi5j7f558k4zs"},"id":"capkm4a5si0h73a","previousOperationId":"gallncaqdrylrd0"}
{"type":"log","timestamp":1731228796722,"level":"debug","message":"Replaced assets [\"KhmerOSSiemreapRegular.ttf\"]","meta":{"rootId":"90pi5j7f558k4zs","id":"90pi5j7f558k4zs"},"id":"8sa5cdzy8gh21qd","previousOperationId":"gallncaqdrylrd0"}
{"type":"operationStart","subtype":"engine","name":"handlebars","timestamp":1731228796723,"id":"all8kn8pc069sv2","previousEventId":"trjalhtkfnhuj9i","operationId":"qzopocj9qfqp78h","previousOperationId":"gallncaqdrylrd0"}
{"type":"log","timestamp":1731228796723,"level":"debug","message":"Rendering engine handlebars","meta":{"rootId":"90pi5j7f558k4zs","id":"90pi5j7f558k4zs"},"id":"wkbs7913d8xn2f4","previousOperationId":"qzopocj9qfqp78h"}
{"type":"operationEnd","operationId":"qzopocj9qfqp78h","timestamp":1731228796741,"id":"0jda5anpdnortbz","previousEventId":"all8kn8pc069sv2","previousOperationId":"qzopocj9qfqp78h"}
{"type":"operationStart","subtype":"recipe","name":"html-to-xlsx","timestamp":1731228796744,"id":"hsc4zfy1xt3mhi0","previousEventId":"0jda5anpdnortbz","operationId":"0rv4v23teorexgp","previousOperationId":"qzopocj9qfqp78h"}
{"type":"log","timestamp":1731228796744,"level":"debug","message":"Executing recipe html-to-xlsx","meta":{"rootId":"90pi5j7f558k4zs","id":"90pi5j7f558k4zs"},"id":"5zwj89yqjslu6ri","previousOperationId":"0rv4v23teorexgp"}
{"type":"log","timestamp":1731228796745,"level":"info","message":"html-to-xlsx generation is starting","meta":{"rootId":"90pi5j7f558k4zs","id":"90pi5j7f558k4zs"},"id":"djb0haapsv9d16z","previousOperationId":"0rv4v23teorexgp"}
{"type":"log","timestamp":1731228797618,"level":"info","message":"html-to-xlsx generation was finished","meta":{"rootId":"90pi5j7f558k4zs","id":"90pi5j7f558k4zs"},"id":"2itwwme4wb85cye","previousOperationId":"0rv4v23teorexgp"}
{"type":"log","timestamp":1731228797618,"level":"debug","message":"preparing office preview","meta":{"rootId":"90pi5j7f558k4zs","id":"90pi5j7f558k4zs"},"id":"dm6w81j4tq5f5d0","previousOperationId":"0rv4v23teorexgp"}
{"type":"operationEnd","operationId":"0rv4v23teorexgp","timestamp":1731228798073,"id":"6qw5yu66dfh5435","previousEventId":"hsc4zfy1xt3mhi0","previousOperationId":"0rv4v23teorexgp"}
{"type":"log","timestamp":1731228798073,"level":"debug","message":"Skipping storing report.","meta":{"rootId":"90pi5j7f558k4zs","id":"90pi5j7f558k4zs"},"id":"s75axgqk71y8ggb","previousOperationId":"0rv4v23teorexgp"}
{"type":"log","timestamp":1731228798073,"level":"info","message":"Rendering request 160 finished in 1366 ms","meta":{"rootId":"90pi5j7f558k4zs","id":"90pi5j7f558k4zs"},"id":"g7275ty17cshh7r","previousOperationId":"0rv4v23teorexgp"}
{"type":"operationEnd","subtype":"render","operationId":"gallncaqdrylrd0","timestamp":1731228798073,"id":"d2hvr9cubodlem0","previousEventId":"6qw5yu66dfh5435","previousOperationId":"0rv4v23teorexgp"}
{"type":"operationEnd","doDiffs":false,"previousEventId":"cjvbqz0fzux8n0g","previousOperationId":"m5q57ewpjmphz5a","operationId":"m5q57ewpjmphz5a","timestamp":1731228798075,"id":"nnyi33fku0y2qa2"}
