{"type":"operationStart","subtype":"profile","data":{"_id":"NplJg3ReZQFxEG10","timestamp":"2024-11-10T13:13:20.429Z","state":"queued","mode":"standard","creationDate":"2024-11-10T13:13:20.431Z","modificationDate":"2024-11-10T13:13:20.431Z","shortid":"p-nieHe","inheritedReadPermissions":[],"inheritedEditPermissions":[],"$entitySet":"profiles"},"doDiffs":false,"timestamp":1731244400430,"id":"gosm876x6fz6u41","previousOperationId":null,"operationId":"pk6c7xivgiqfptp"}
{"type":"log","level":"info","message":"Render request 25 queued for execution and waiting for available worker","previousOperationId":"pk6c7xivgiqfptp","timestamp":1731244400431,"id":"nfp2h5dj0c8gtph"}
{"type":"operationStart","subtype":"render","name":"new-excl-template","previousOperationId":"pk6c7xivgiqfptp","timestamp":1731244400438,"id":"1lx4c1j1vsdi4ao","previousEventId":"gosm876x6fz6u41","operationId":"64669pboy9hov6f"}
{"type":"log","timestamp":1731244400438,"level":"info","message":"Starting rendering request 25 (user: admin)","meta":{"rootId":"91t9oljeb7naer2","id":"91t9oljeb7naer2"},"id":"j5wcgzzpprzmm7y","previousOperationId":"64669pboy9hov6f"}
{"type":"log","timestamp":1731244400438,"level":"info","message":"Rendering template { name: new-excl-template, recipe: html-to-xlsx, engine: handlebars, preview: true }","meta":{"rootId":"91t9oljeb7naer2","id":"91t9oljeb7naer2"},"id":"sx5uih0bw3x064d","previousOperationId":"64669pboy9hov6f"}
{"type":"log","timestamp":1731244400438,"level":"debug","message":"Inline data specified.","meta":{"rootId":"91t9oljeb7naer2","id":"91t9oljeb7naer2"},"id":"3367of43r32jdsy","previousOperationId":"64669pboy9hov6f"}
{"type":"log","timestamp":1731244400439,"level":"debug","message":"Base url not specified, skipping its injection.","meta":{"rootId":"91t9oljeb7naer2","id":"91t9oljeb7naer2"},"id":"d7lcvtpfsgomr7d","previousOperationId":"64669pboy9hov6f"}
{"type":"log","timestamp":1731244400440,"level":"debug","message":"Replaced assets [\"KhmerOSSiemreapRegular.ttf\"]","meta":{"rootId":"91t9oljeb7naer2","id":"91t9oljeb7naer2"},"id":"n4c8hk8uo98ba3w","previousOperationId":"64669pboy9hov6f"}
{"type":"operationStart","subtype":"engine","name":"handlebars","timestamp":1731244400440,"id":"c8sfd9oq0x6daz4","previousEventId":"1lx4c1j1vsdi4ao","operationId":"eg9ufl7an85oe2z","previousOperationId":"64669pboy9hov6f"}
{"type":"log","timestamp":1731244400440,"level":"debug","message":"Rendering engine handlebars","meta":{"rootId":"91t9oljeb7naer2","id":"91t9oljeb7naer2"},"id":"hejbaa2bd4enlcl","previousOperationId":"eg9ufl7an85oe2z"}
{"type":"operationEnd","operationId":"eg9ufl7an85oe2z","timestamp":1731244400452,"id":"rom14l18p2ug6gf","previousEventId":"c8sfd9oq0x6daz4","previousOperationId":"eg9ufl7an85oe2z"}
{"type":"operationStart","subtype":"recipe","name":"html-to-xlsx","timestamp":1731244400454,"id":"oca5iezb1e0wrpz","previousEventId":"rom14l18p2ug6gf","operationId":"junte9do09mtu3l","previousOperationId":"eg9ufl7an85oe2z"}
{"type":"log","timestamp":1731244400454,"level":"debug","message":"Executing recipe html-to-xlsx","meta":{"rootId":"91t9oljeb7naer2","id":"91t9oljeb7naer2"},"id":"8jasvchr3x2kxlz","previousOperationId":"junte9do09mtu3l"}
{"type":"log","timestamp":1731244400454,"level":"info","message":"html-to-xlsx generation is starting","meta":{"rootId":"91t9oljeb7naer2","id":"91t9oljeb7naer2"},"id":"0fovnmmadm6y0u8","previousOperationId":"junte9do09mtu3l"}
{"type":"log","timestamp":1731244401125,"level":"info","message":"html-to-xlsx generation was finished","meta":{"rootId":"91t9oljeb7naer2","id":"91t9oljeb7naer2"},"id":"m6sv4lh9ti29jsm","previousOperationId":"junte9do09mtu3l"}
{"type":"log","timestamp":1731244401125,"level":"debug","message":"preparing office preview","meta":{"rootId":"91t9oljeb7naer2","id":"91t9oljeb7naer2"},"id":"eugckznbu6kz79s","previousOperationId":"junte9do09mtu3l"}
{"type":"operationEnd","operationId":"junte9do09mtu3l","timestamp":1731244401569,"id":"7x2syfcqaly20ag","previousEventId":"oca5iezb1e0wrpz","previousOperationId":"junte9do09mtu3l"}
{"type":"log","timestamp":1731244401569,"level":"debug","message":"Skipping storing report.","meta":{"rootId":"91t9oljeb7naer2","id":"91t9oljeb7naer2"},"id":"f8x4iceu0w6gnj0","previousOperationId":"junte9do09mtu3l"}
{"type":"log","timestamp":1731244401569,"level":"info","message":"Rendering request 25 finished in 1140 ms","meta":{"rootId":"91t9oljeb7naer2","id":"91t9oljeb7naer2"},"id":"lq5cgd8prw4mo73","previousOperationId":"junte9do09mtu3l"}
{"type":"operationEnd","subtype":"render","operationId":"64669pboy9hov6f","timestamp":1731244401569,"id":"elw6ef6psevvi6w","previousEventId":"7x2syfcqaly20ag","previousOperationId":"junte9do09mtu3l"}
{"type":"operationEnd","doDiffs":false,"previousEventId":"gosm876x6fz6u41","previousOperationId":"pk6c7xivgiqfptp","operationId":"pk6c7xivgiqfptp","timestamp":1731244401571,"id":"xclvxzure2mgd4g"}
