{"type":"operationStart","subtype":"profile","data":{"_id":"L2LP7tdv0Vt5oMdu","timestamp":"2024-11-10T10:18:53.900Z","state":"queued","mode":"standard","creationDate":"2024-11-10T10:18:53.902Z","modificationDate":"2024-11-10T10:18:53.902Z","shortid":"7lz6WXC","inheritedReadPermissions":[],"inheritedEditPermissions":[],"$entitySet":"profiles"},"doDiffs":false,"timestamp":1731233933901,"id":"zgrpzvjvs8mo356","previousOperationId":null,"operationId":"1a49kc1azgofud8"}
{"type":"log","level":"info","message":"Render request 315 queued for execution and waiting for available worker","previousOperationId":"1a49kc1azgofud8","timestamp":1731233933901,"id":"ww66nhuy8gd51l5"}
{"type":"operationStart","subtype":"render","name":"new-excl-template","previousOperationId":"1a49kc1azgofud8","timestamp":1731233933911,"id":"jmo5jtmv0pfaigk","previousEventId":"zgrpzvjvs8mo356","operationId":"sdlif9059t64jv8"}
{"type":"log","timestamp":1731233933911,"level":"info","message":"Starting rendering request 315 (user: admin)","meta":{"rootId":"92j6wd0c8uayok0","id":"92j6wd0c8uayok0"},"id":"ccfwrhzt3kf4r3n","previousOperationId":"sdlif9059t64jv8"}
{"type":"log","timestamp":1731233933911,"level":"info","message":"Rendering template { name: new-excl-template, recipe: html-to-xlsx, engine: handlebars, preview: true }","meta":{"rootId":"92j6wd0c8uayok0","id":"92j6wd0c8uayok0"},"id":"husj98pi3y49h91","previousOperationId":"sdlif9059t64jv8"}
{"type":"log","timestamp":1731233933912,"level":"debug","message":"Adding sample data pVkbCM7am","meta":{"rootId":"92j6wd0c8uayok0","id":"92j6wd0c8uayok0"},"id":"rzgosz14suk6kqz","previousOperationId":"sdlif9059t64jv8"}
{"type":"log","timestamp":1731233933913,"level":"debug","message":"Base url not specified, skipping its injection.","meta":{"rootId":"92j6wd0c8uayok0","id":"92j6wd0c8uayok0"},"id":"818fenbcu6ttlpr","previousOperationId":"sdlif9059t64jv8"}
{"type":"log","timestamp":1731233933915,"level":"debug","message":"Replaced assets [\"KhmerOSSiemreapRegular.ttf\"]","meta":{"rootId":"92j6wd0c8uayok0","id":"92j6wd0c8uayok0"},"id":"f4xnlrci3ozi1dw","previousOperationId":"sdlif9059t64jv8"}
{"type":"operationStart","subtype":"engine","name":"handlebars","timestamp":1731233933915,"id":"kryxn6aesmprfwf","previousEventId":"jmo5jtmv0pfaigk","operationId":"n6u6hvmtq9hp567","previousOperationId":"sdlif9059t64jv8"}
{"type":"log","timestamp":1731233933915,"level":"debug","message":"Rendering engine handlebars","meta":{"rootId":"92j6wd0c8uayok0","id":"92j6wd0c8uayok0"},"id":"xs44ucq4c4l8iyb","previousOperationId":"n6u6hvmtq9hp567"}
{"type":"operationEnd","operationId":"n6u6hvmtq9hp567","timestamp":1731233933930,"id":"5pphpi8bw55j0mp","previousEventId":"kryxn6aesmprfwf","previousOperationId":"n6u6hvmtq9hp567"}
{"type":"operationStart","subtype":"recipe","name":"html-to-xlsx","timestamp":1731233933932,"id":"3gcy8uobhbpdn87","previousEventId":"5pphpi8bw55j0mp","operationId":"fni3lurdw0ad43n","previousOperationId":"n6u6hvmtq9hp567"}
{"type":"log","timestamp":1731233933932,"level":"debug","message":"Executing recipe html-to-xlsx","meta":{"rootId":"92j6wd0c8uayok0","id":"92j6wd0c8uayok0"},"id":"ycray44hclwdgzn","previousOperationId":"fni3lurdw0ad43n"}
{"type":"log","timestamp":1731233933932,"level":"info","message":"html-to-xlsx generation is starting","meta":{"rootId":"92j6wd0c8uayok0","id":"92j6wd0c8uayok0"},"id":"3sc3z1jpwkap6ob","previousOperationId":"fni3lurdw0ad43n"}
{"type":"log","timestamp":1731233934545,"level":"info","message":"html-to-xlsx generation was finished","meta":{"rootId":"92j6wd0c8uayok0","id":"92j6wd0c8uayok0"},"id":"q7la47ywliv9xf4","previousOperationId":"fni3lurdw0ad43n"}
{"type":"log","timestamp":1731233934545,"level":"debug","message":"preparing office preview","meta":{"rootId":"92j6wd0c8uayok0","id":"92j6wd0c8uayok0"},"id":"fmawc2tenqun6fj","previousOperationId":"fni3lurdw0ad43n"}
{"type":"operationEnd","operationId":"fni3lurdw0ad43n","timestamp":1731233934992,"id":"s0bxro9ifwcyt4y","previousEventId":"3gcy8uobhbpdn87","previousOperationId":"fni3lurdw0ad43n"}
{"type":"log","timestamp":1731233934992,"level":"debug","message":"Skipping storing report.","meta":{"rootId":"92j6wd0c8uayok0","id":"92j6wd0c8uayok0"},"id":"vlwtx8rt4n1jqr8","previousOperationId":"fni3lurdw0ad43n"}
{"type":"log","timestamp":1731233934992,"level":"info","message":"Rendering request 315 finished in 1092 ms","meta":{"rootId":"92j6wd0c8uayok0","id":"92j6wd0c8uayok0"},"id":"c827njak3tdxyz6","previousOperationId":"fni3lurdw0ad43n"}
{"type":"operationEnd","subtype":"render","operationId":"sdlif9059t64jv8","timestamp":1731233934992,"id":"fnq3xgs1urht9p7","previousEventId":"s0bxro9ifwcyt4y","previousOperationId":"fni3lurdw0ad43n"}
{"type":"operationEnd","doDiffs":false,"previousEventId":"zgrpzvjvs8mo356","previousOperationId":"1a49kc1azgofud8","operationId":"1a49kc1azgofud8","timestamp":1731233934994,"id":"00y0at73dnlr13t"}
