{"type":"operationStart","subtype":"profile","data":{"_id":"GXJH5lXVuLgJWHnf","timestamp":"2024-11-10T13:12:25.603Z","state":"queued","mode":"standard","creationDate":"2024-11-10T13:12:25.605Z","modificationDate":"2024-11-10T13:12:25.605Z","shortid":"j8OPf4_","inheritedReadPermissions":[],"inheritedEditPermissions":[],"$entitySet":"profiles"},"doDiffs":false,"timestamp":1731244345604,"id":"sfubj2g1uy2q46i","previousOperationId":null,"operationId":"185j6vg7c3l4n4r"}
{"type":"log","level":"info","message":"Render request 21 queued for execution and waiting for available worker","previousOperationId":"185j6vg7c3l4n4r","timestamp":1731244345604,"id":"up3ps0m19gm8qkj"}
{"type":"operationStart","subtype":"render","name":"new-excl-template","previousOperationId":"185j6vg7c3l4n4r","timestamp":1731244345612,"id":"sa6jsppum69suur","previousEventId":"sfubj2g1uy2q46i","operationId":"4ibldb6g9oy7tfu"}
{"type":"log","timestamp":1731244345612,"level":"info","message":"Starting rendering request 21 (user: admin)","meta":{"rootId":"94mpzsn32536jze","id":"94mpzsn32536jze"},"id":"z0wj31h3l2wkep0","previousOperationId":"4ibldb6g9oy7tfu"}
{"type":"log","timestamp":1731244345612,"level":"info","message":"Rendering template { name: new-excl-template, recipe: html-to-xlsx, engine: handlebars, preview: true }","meta":{"rootId":"94mpzsn32536jze","id":"94mpzsn32536jze"},"id":"x5hfw8pzkxqvj2i","previousOperationId":"4ibldb6g9oy7tfu"}
{"type":"log","timestamp":1731244345613,"level":"debug","message":"Inline data specified.","meta":{"rootId":"94mpzsn32536jze","id":"94mpzsn32536jze"},"id":"l8lj79l26l42ove","previousOperationId":"4ibldb6g9oy7tfu"}
{"type":"log","timestamp":1731244345614,"level":"debug","message":"Base url not specified, skipping its injection.","meta":{"rootId":"94mpzsn32536jze","id":"94mpzsn32536jze"},"id":"c9ow57f0fspd460","previousOperationId":"4ibldb6g9oy7tfu"}
{"type":"log","timestamp":1731244345616,"level":"debug","message":"Replaced assets [\"KhmerOSSiemreapRegular.ttf\"]","meta":{"rootId":"94mpzsn32536jze","id":"94mpzsn32536jze"},"id":"z7mfd76nafk5lqs","previousOperationId":"4ibldb6g9oy7tfu"}
{"type":"operationStart","subtype":"engine","name":"handlebars","timestamp":1731244345616,"id":"24t6j7rc04p5lp1","previousEventId":"sa6jsppum69suur","operationId":"h15izy8t2az3jrc","previousOperationId":"4ibldb6g9oy7tfu"}
{"type":"log","timestamp":1731244345616,"level":"debug","message":"Rendering engine handlebars","meta":{"rootId":"94mpzsn32536jze","id":"94mpzsn32536jze"},"id":"ewidgtpmy7kfna7","previousOperationId":"h15izy8t2az3jrc"}
{"type":"operationEnd","operationId":"h15izy8t2az3jrc","timestamp":1731244345625,"id":"kkl3cue2cz2vrva","previousEventId":"24t6j7rc04p5lp1","previousOperationId":"h15izy8t2az3jrc"}
{"type":"operationStart","subtype":"recipe","name":"html-to-xlsx","timestamp":1731244345627,"id":"w82fds7w2uw0dwj","previousEventId":"kkl3cue2cz2vrva","operationId":"xk0kl4qk4fstw72","previousOperationId":"h15izy8t2az3jrc"}
{"type":"log","timestamp":1731244345627,"level":"debug","message":"Executing recipe html-to-xlsx","meta":{"rootId":"94mpzsn32536jze","id":"94mpzsn32536jze"},"id":"ky4v6qk7lvmuw6w","previousOperationId":"xk0kl4qk4fstw72"}
{"type":"log","timestamp":1731244345627,"level":"info","message":"html-to-xlsx generation is starting","meta":{"rootId":"94mpzsn32536jze","id":"94mpzsn32536jze"},"id":"48x3fd2887x8dls","previousOperationId":"xk0kl4qk4fstw72"}
{"type":"log","timestamp":1731244346230,"level":"info","message":"html-to-xlsx generation was finished","meta":{"rootId":"94mpzsn32536jze","id":"94mpzsn32536jze"},"id":"jd8j1a2hhmrkjnf","previousOperationId":"xk0kl4qk4fstw72"}
{"type":"log","timestamp":1731244346231,"level":"debug","message":"preparing office preview","meta":{"rootId":"94mpzsn32536jze","id":"94mpzsn32536jze"},"id":"83y497954r7vybr","previousOperationId":"xk0kl4qk4fstw72"}
{"type":"operationEnd","operationId":"xk0kl4qk4fstw72","timestamp":1731244346685,"id":"519t7vmdigm56so","previousEventId":"w82fds7w2uw0dwj","previousOperationId":"xk0kl4qk4fstw72"}
{"type":"log","timestamp":1731244346685,"level":"debug","message":"Skipping storing report.","meta":{"rootId":"94mpzsn32536jze","id":"94mpzsn32536jze"},"id":"ccjpjpdufkrpovv","previousOperationId":"xk0kl4qk4fstw72"}
{"type":"log","timestamp":1731244346685,"level":"info","message":"Rendering request 21 finished in 1082 ms","meta":{"rootId":"94mpzsn32536jze","id":"94mpzsn32536jze"},"id":"4ftzgeeempsflnz","previousOperationId":"xk0kl4qk4fstw72"}
{"type":"operationEnd","subtype":"render","operationId":"4ibldb6g9oy7tfu","timestamp":1731244346685,"id":"8aqh47y4zxhieok","previousEventId":"519t7vmdigm56so","previousOperationId":"xk0kl4qk4fstw72"}
{"type":"operationEnd","doDiffs":false,"previousEventId":"sfubj2g1uy2q46i","previousOperationId":"185j6vg7c3l4n4r","operationId":"185j6vg7c3l4n4r","timestamp":1731244346687,"id":"5xyz5qf1rvzowvb"}
