{"type":"operationStart","subtype":"profile","data":{"_id":"s9IrSQBiEt3DKJNo","timestamp":"2024-11-10T13:23:55.018Z","state":"queued","mode":"standard","creationDate":"2024-11-10T13:23:55.020Z","modificationDate":"2024-11-10T13:23:55.020Z","shortid":"LbxTMca","inheritedReadPermissions":[],"inheritedEditPermissions":[],"$entitySet":"profiles"},"doDiffs":false,"timestamp":1731245035019,"id":"prk7a1jiwqakd6t","previousOperationId":null,"operationId":"wbvby0bd0sirdte"}
{"type":"log","level":"info","message":"Render request 60 queued for execution and waiting for available worker","previousOperationId":"wbvby0bd0sirdte","timestamp":1731245035019,"id":"8cheelpgtjgza5p"}
{"type":"operationStart","subtype":"render","name":"new-excl-template","previousOperationId":"wbvby0bd0sirdte","timestamp":1731245035026,"id":"qva9lelwgwwx1uj","previousEventId":"prk7a1jiwqakd6t","operationId":"t61t5bnttmv0oum"}
{"type":"log","timestamp":1731245035026,"level":"info","message":"Starting rendering request 60 (user: admin)","meta":{"rootId":"954vwim8qrqiv2d","id":"954vwim8qrqiv2d"},"id":"lfmetdnluq4dqr1","previousOperationId":"t61t5bnttmv0oum"}
{"type":"log","timestamp":1731245035027,"level":"info","message":"Rendering template { name: new-excl-template, recipe: html-to-xlsx, engine: handlebars, preview: true }","meta":{"rootId":"954vwim8qrqiv2d","id":"954vwim8qrqiv2d"},"id":"bnyy2i4ypmn2eeq","previousOperationId":"t61t5bnttmv0oum"}
{"type":"log","timestamp":1731245035027,"level":"debug","message":"Inline data specified.","meta":{"rootId":"954vwim8qrqiv2d","id":"954vwim8qrqiv2d"},"id":"z3g9adx7gac98u0","previousOperationId":"t61t5bnttmv0oum"}
{"type":"log","timestamp":1731245035028,"level":"debug","message":"Base url not specified, skipping its injection.","meta":{"rootId":"954vwim8qrqiv2d","id":"954vwim8qrqiv2d"},"id":"cbbwsmvpap47hst","previousOperationId":"t61t5bnttmv0oum"}
{"type":"log","timestamp":1731245035031,"level":"debug","message":"Replaced assets [\"KhmerOSSiemreapRegular.ttf\"]","meta":{"rootId":"954vwim8qrqiv2d","id":"954vwim8qrqiv2d"},"id":"qfssb6h7zuiufpp","previousOperationId":"t61t5bnttmv0oum"}
{"type":"operationStart","subtype":"engine","name":"handlebars","timestamp":1731245035031,"id":"rqsp6o9ld8bf0uc","previousEventId":"qva9lelwgwwx1uj","operationId":"kjv4ajp1szyyl74","previousOperationId":"t61t5bnttmv0oum"}
{"type":"log","timestamp":1731245035031,"level":"debug","message":"Rendering engine handlebars","meta":{"rootId":"954vwim8qrqiv2d","id":"954vwim8qrqiv2d"},"id":"5yxtbu8qgc66ls7","previousOperationId":"kjv4ajp1szyyl74"}
{"type":"operationEnd","operationId":"kjv4ajp1szyyl74","timestamp":1731245035042,"id":"8hep0g5sxaq48bn","previousEventId":"rqsp6o9ld8bf0uc","previousOperationId":"kjv4ajp1szyyl74"}
{"type":"operationStart","subtype":"recipe","name":"html-to-xlsx","timestamp":1731245035043,"id":"w5eyqn5yh114y9g","previousEventId":"8hep0g5sxaq48bn","operationId":"ppqmc5j1jz8rtjj","previousOperationId":"kjv4ajp1szyyl74"}
{"type":"log","timestamp":1731245035043,"level":"debug","message":"Executing recipe html-to-xlsx","meta":{"rootId":"954vwim8qrqiv2d","id":"954vwim8qrqiv2d"},"id":"91c2zvlhikodmsp","previousOperationId":"ppqmc5j1jz8rtjj"}
{"type":"log","timestamp":1731245035043,"level":"info","message":"html-to-xlsx generation is starting","meta":{"rootId":"954vwim8qrqiv2d","id":"954vwim8qrqiv2d"},"id":"dfuy9yll0g20wx2","previousOperationId":"ppqmc5j1jz8rtjj"}
{"type":"log","timestamp":1731245035666,"level":"info","message":"html-to-xlsx generation was finished","meta":{"rootId":"954vwim8qrqiv2d","id":"954vwim8qrqiv2d"},"id":"eqeoskoli8wtq4j","previousOperationId":"ppqmc5j1jz8rtjj"}
{"type":"log","timestamp":1731245035666,"level":"debug","message":"preparing office preview","meta":{"rootId":"954vwim8qrqiv2d","id":"954vwim8qrqiv2d"},"id":"d6ir7rtejaqg0dl","previousOperationId":"ppqmc5j1jz8rtjj"}
{"type":"operationEnd","operationId":"ppqmc5j1jz8rtjj","timestamp":1731245036326,"id":"acdem440lhbn0ke","previousEventId":"w5eyqn5yh114y9g","previousOperationId":"ppqmc5j1jz8rtjj"}
{"type":"log","timestamp":1731245036326,"level":"debug","message":"Skipping storing report.","meta":{"rootId":"954vwim8qrqiv2d","id":"954vwim8qrqiv2d"},"id":"qquipro0h3y9uvp","previousOperationId":"ppqmc5j1jz8rtjj"}
{"type":"log","timestamp":1731245036326,"level":"info","message":"Rendering request 60 finished in 1308 ms","meta":{"rootId":"954vwim8qrqiv2d","id":"954vwim8qrqiv2d"},"id":"xub6sb1s8gfzuz5","previousOperationId":"ppqmc5j1jz8rtjj"}
{"type":"operationEnd","subtype":"render","operationId":"t61t5bnttmv0oum","timestamp":1731245036326,"id":"02uux57n4ybho4a","previousEventId":"acdem440lhbn0ke","previousOperationId":"ppqmc5j1jz8rtjj"}
{"type":"operationEnd","doDiffs":false,"previousEventId":"prk7a1jiwqakd6t","previousOperationId":"wbvby0bd0sirdte","operationId":"wbvby0bd0sirdte","timestamp":1731245036328,"id":"q6pe7upeirghykj"}
