{"type":"operationStart","subtype":"profile","data":{"_id":"fS5g1l8SOk05HEGL","timestamp":"2024-11-10T14:08:39.030Z","state":"queued","mode":"standard","creationDate":"2024-11-10T14:08:39.031Z","modificationDate":"2024-11-10T14:08:39.031Z","shortid":"XFmPY8P","inheritedReadPermissions":[],"inheritedEditPermissions":[],"$entitySet":"profiles"},"doDiffs":false,"timestamp":1731247719031,"id":"793hsa3d82epi8p","previousOperationId":null,"operationId":"7mpdkujzz246i64"}
{"type":"log","level":"info","message":"Render request 109 queued for execution and waiting for available worker","previousOperationId":"7mpdkujzz246i64","timestamp":1731247719031,"id":"yp6hyzk9bzrm0fz"}
{"type":"operationStart","subtype":"render","name":"new-excl-template","previousOperationId":"7mpdkujzz246i64","timestamp":1731247719038,"id":"karexbwtjzvn7qr","previousEventId":"793hsa3d82epi8p","operationId":"vftfkn0sajziyph"}
{"type":"log","timestamp":1731247719038,"level":"info","message":"Starting rendering request 109 (user: admin)","meta":{"rootId":"9etuhtfthpunjxd","id":"9etuhtfthpunjxd"},"id":"t8mka3p26of2akp","previousOperationId":"vftfkn0sajziyph"}
{"type":"log","timestamp":1731247719039,"level":"info","message":"Rendering template { name: new-excl-template, recipe: html-to-xlsx, engine: handlebars, preview: true }","meta":{"rootId":"9etuhtfthpunjxd","id":"9etuhtfthpunjxd"},"id":"wvv69n0sfpkx3cp","previousOperationId":"vftfkn0sajziyph"}
{"type":"log","timestamp":1731247719039,"level":"debug","message":"Inline data specified.","meta":{"rootId":"9etuhtfthpunjxd","id":"9etuhtfthpunjxd"},"id":"m5l09p29dq8ayg7","previousOperationId":"vftfkn0sajziyph"}
{"type":"log","timestamp":1731247719040,"level":"debug","message":"Base url not specified, skipping its injection.","meta":{"rootId":"9etuhtfthpunjxd","id":"9etuhtfthpunjxd"},"id":"x91o49yc037659u","previousOperationId":"vftfkn0sajziyph"}
{"type":"log","timestamp":1731247719042,"level":"debug","message":"Replaced assets [\"KhmerOSSiemreapRegular.ttf\"]","meta":{"rootId":"9etuhtfthpunjxd","id":"9etuhtfthpunjxd"},"id":"dszbtgtf3i3hgs6","previousOperationId":"vftfkn0sajziyph"}
{"type":"operationStart","subtype":"engine","name":"handlebars","timestamp":1731247719042,"id":"svfu5308eu6vvxz","previousEventId":"karexbwtjzvn7qr","operationId":"gzrc7ofcogg3aat","previousOperationId":"vftfkn0sajziyph"}
{"type":"log","timestamp":1731247719042,"level":"debug","message":"Rendering engine handlebars","meta":{"rootId":"9etuhtfthpunjxd","id":"9etuhtfthpunjxd"},"id":"fgwfwjhk979tshf","previousOperationId":"gzrc7ofcogg3aat"}
{"type":"operationEnd","operationId":"gzrc7ofcogg3aat","timestamp":1731247719053,"id":"3gsytgwhkhq9aue","previousEventId":"svfu5308eu6vvxz","previousOperationId":"gzrc7ofcogg3aat"}
{"type":"operationStart","subtype":"recipe","name":"html-to-xlsx","timestamp":1731247719055,"id":"a3giogjhhfy862p","previousEventId":"3gsytgwhkhq9aue","operationId":"xlf3m9s1ws8sfve","previousOperationId":"gzrc7ofcogg3aat"}
{"type":"log","timestamp":1731247719055,"level":"debug","message":"Executing recipe html-to-xlsx","meta":{"rootId":"9etuhtfthpunjxd","id":"9etuhtfthpunjxd"},"id":"md4617bkg6sf27n","previousOperationId":"xlf3m9s1ws8sfve"}
{"type":"log","timestamp":1731247719055,"level":"info","message":"html-to-xlsx generation is starting","meta":{"rootId":"9etuhtfthpunjxd","id":"9etuhtfthpunjxd"},"id":"pdyqm952x12oqje","previousOperationId":"xlf3m9s1ws8sfve"}
{"type":"log","timestamp":1731247719612,"level":"info","message":"html-to-xlsx generation was finished","meta":{"rootId":"9etuhtfthpunjxd","id":"9etuhtfthpunjxd"},"id":"1fcks2pdexxh1n2","previousOperationId":"xlf3m9s1ws8sfve"}
{"type":"log","timestamp":1731247719613,"level":"debug","message":"preparing office preview","meta":{"rootId":"9etuhtfthpunjxd","id":"9etuhtfthpunjxd"},"id":"2zxugfcp3jpsbms","previousOperationId":"xlf3m9s1ws8sfve"}
{"type":"operationEnd","operationId":"xlf3m9s1ws8sfve","timestamp":1731247720106,"id":"cq630rtp52jd7vn","previousEventId":"a3giogjhhfy862p","previousOperationId":"xlf3m9s1ws8sfve"}
{"type":"log","timestamp":1731247720106,"level":"debug","message":"Skipping storing report.","meta":{"rootId":"9etuhtfthpunjxd","id":"9etuhtfthpunjxd"},"id":"zzifq2qscd57r38","previousOperationId":"xlf3m9s1ws8sfve"}
{"type":"log","timestamp":1731247720106,"level":"info","message":"Rendering request 109 finished in 1076 ms","meta":{"rootId":"9etuhtfthpunjxd","id":"9etuhtfthpunjxd"},"id":"l4v508s8ot91okt","previousOperationId":"xlf3m9s1ws8sfve"}
{"type":"operationEnd","subtype":"render","operationId":"vftfkn0sajziyph","timestamp":1731247720106,"id":"36fgvaev6tdqz1z","previousEventId":"cq630rtp52jd7vn","previousOperationId":"xlf3m9s1ws8sfve"}
{"type":"operationEnd","doDiffs":false,"previousEventId":"793hsa3d82epi8p","previousOperationId":"7mpdkujzz246i64","operationId":"7mpdkujzz246i64","timestamp":1731247720109,"id":"xzh3bozgtbrx99d"}
