{"type":"operationStart","subtype":"profile","data":{"_id":"4ae5vzuFmDSc43pA","timestamp":"2024-11-10T10:03:11.729Z","state":"queued","mode":"standard","creationDate":"2024-11-10T10:03:11.730Z","modificationDate":"2024-11-10T10:03:11.730Z","shortid":"gLcY-DR","inheritedReadPermissions":[],"inheritedEditPermissions":[],"$entitySet":"profiles"},"doDiffs":false,"timestamp":1731232991730,"id":"cfwnnrv7pot3idl","previousOperationId":null,"operationId":"5o01k9u66440dzk"}
{"type":"log","level":"info","message":"Render request 291 queued for execution and waiting for available worker","previousOperationId":"5o01k9u66440dzk","timestamp":1731232991730,"id":"fk5n3qwtb3ovsno"}
{"type":"operationStart","subtype":"render","name":"new-excl-template","previousOperationId":"5o01k9u66440dzk","timestamp":1731232991737,"id":"sz1mhje3x8fz7pa","previousEventId":"cfwnnrv7pot3idl","operationId":"n2553pfwgvxheig"}
{"type":"log","timestamp":1731232991737,"level":"info","message":"Starting rendering request 291 (user: admin)","meta":{"rootId":"9sdy4fsswgbgkfx","id":"9sdy4fsswgbgkfx"},"id":"3dcdqhdaakk8ysx","previousOperationId":"n2553pfwgvxheig"}
{"type":"log","timestamp":1731232991737,"level":"info","message":"Rendering template { name: new-excl-template, recipe: html-to-xlsx, engine: handlebars, preview: true }","meta":{"rootId":"9sdy4fsswgbgkfx","id":"9sdy4fsswgbgkfx"},"id":"gh2nuguerf1ry5s","previousOperationId":"n2553pfwgvxheig"}
{"type":"log","timestamp":1731232991738,"level":"debug","message":"Adding sample data pVkbCM7am","meta":{"rootId":"9sdy4fsswgbgkfx","id":"9sdy4fsswgbgkfx"},"id":"5i3ewxzn217wgab","previousOperationId":"n2553pfwgvxheig"}
{"type":"log","timestamp":1731232991739,"level":"debug","message":"Base url not specified, skipping its injection.","meta":{"rootId":"9sdy4fsswgbgkfx","id":"9sdy4fsswgbgkfx"},"id":"pnxm3y2cqae0nih","previousOperationId":"n2553pfwgvxheig"}
{"type":"log","timestamp":1731232991741,"level":"debug","message":"Replaced assets [\"KhmerOSSiemreapRegular.ttf\"]","meta":{"rootId":"9sdy4fsswgbgkfx","id":"9sdy4fsswgbgkfx"},"id":"9asrvkbeswnkkhg","previousOperationId":"n2553pfwgvxheig"}
{"type":"operationStart","subtype":"engine","name":"handlebars","timestamp":1731232991741,"id":"1tsd2fc3zv9dyhf","previousEventId":"sz1mhje3x8fz7pa","operationId":"2xdnrze232d39ea","previousOperationId":"n2553pfwgvxheig"}
{"type":"log","timestamp":1731232991741,"level":"debug","message":"Rendering engine handlebars","meta":{"rootId":"9sdy4fsswgbgkfx","id":"9sdy4fsswgbgkfx"},"id":"sqb2t66o9p2zd0k","previousOperationId":"2xdnrze232d39ea"}
{"type":"operationEnd","operationId":"2xdnrze232d39ea","timestamp":1731232991756,"id":"5s4d5mzntahxlpz","previousEventId":"1tsd2fc3zv9dyhf","previousOperationId":"2xdnrze232d39ea"}
{"type":"operationStart","subtype":"recipe","name":"html-to-xlsx","timestamp":1731232991758,"id":"x1d0tnzv3s29axb","previousEventId":"5s4d5mzntahxlpz","operationId":"ocdob9edk47vuk8","previousOperationId":"2xdnrze232d39ea"}
{"type":"log","timestamp":1731232991758,"level":"debug","message":"Executing recipe html-to-xlsx","meta":{"rootId":"9sdy4fsswgbgkfx","id":"9sdy4fsswgbgkfx"},"id":"oizga59yqt7t8wj","previousOperationId":"ocdob9edk47vuk8"}
{"type":"log","timestamp":1731232991758,"level":"info","message":"html-to-xlsx generation is starting","meta":{"rootId":"9sdy4fsswgbgkfx","id":"9sdy4fsswgbgkfx"},"id":"wcmftj8sznvstvr","previousOperationId":"ocdob9edk47vuk8"}
{"type":"log","timestamp":1731232992416,"level":"info","message":"html-to-xlsx generation was finished","meta":{"rootId":"9sdy4fsswgbgkfx","id":"9sdy4fsswgbgkfx"},"id":"fnfk0av8adlywnn","previousOperationId":"ocdob9edk47vuk8"}
{"type":"log","timestamp":1731232992416,"level":"debug","message":"preparing office preview","meta":{"rootId":"9sdy4fsswgbgkfx","id":"9sdy4fsswgbgkfx"},"id":"8jqftcrhl410qtm","previousOperationId":"ocdob9edk47vuk8"}
{"type":"operationEnd","operationId":"ocdob9edk47vuk8","timestamp":1731232992860,"id":"xm0xhhi7yseje1e","previousEventId":"x1d0tnzv3s29axb","previousOperationId":"ocdob9edk47vuk8"}
{"type":"log","timestamp":1731232992860,"level":"debug","message":"Skipping storing report.","meta":{"rootId":"9sdy4fsswgbgkfx","id":"9sdy4fsswgbgkfx"},"id":"pwudw45632lp3pe","previousOperationId":"ocdob9edk47vuk8"}
{"type":"log","timestamp":1731232992860,"level":"info","message":"Rendering request 291 finished in 1131 ms","meta":{"rootId":"9sdy4fsswgbgkfx","id":"9sdy4fsswgbgkfx"},"id":"qms2zgbhqgz3ajy","previousOperationId":"ocdob9edk47vuk8"}
{"type":"operationEnd","subtype":"render","operationId":"n2553pfwgvxheig","timestamp":1731232992860,"id":"x5yyv1h0pk0v6n6","previousEventId":"xm0xhhi7yseje1e","previousOperationId":"ocdob9edk47vuk8"}
{"type":"operationEnd","doDiffs":false,"previousEventId":"cfwnnrv7pot3idl","previousOperationId":"5o01k9u66440dzk","operationId":"5o01k9u66440dzk","timestamp":1731232992862,"id":"jolsyw3yw4uqc68"}
