{"type":"operationStart","subtype":"profile","data":{"_id":"HyIdurtVKmAZIAuL","timestamp":"2024-11-10T13:31:01.441Z","state":"queued","mode":"standard","creationDate":"2024-11-10T13:31:01.442Z","modificationDate":"2024-11-10T13:31:01.442Z","shortid":"hjWEd73","inheritedReadPermissions":[],"inheritedEditPermissions":[],"$entitySet":"profiles"},"doDiffs":false,"timestamp":1731245461441,"id":"mkuu7o723wolqvf","previousOperationId":null,"operationId":"xbyfhxef4ja2bal"}
{"type":"log","level":"info","message":"Render request 71 queued for execution and waiting for available worker","previousOperationId":"xbyfhxef4ja2bal","timestamp":1731245461442,"id":"rta9sdcg7dl8wmo"}
{"type":"operationStart","subtype":"render","name":"new-excl-template","previousOperationId":"xbyfhxef4ja2bal","timestamp":1731245461449,"id":"5wywjx04jy69q41","previousEventId":"mkuu7o723wolqvf","operationId":"q4lthu5shriv2c0"}
{"type":"log","timestamp":1731245461449,"level":"info","message":"Starting rendering request 71 (user: admin)","meta":{"rootId":"9vzebopci9txgxf","id":"9vzebopci9txgxf"},"id":"j38rn69gxh3qjtw","previousOperationId":"q4lthu5shriv2c0"}
{"type":"log","timestamp":1731245461449,"level":"info","message":"Rendering template { name: new-excl-template, recipe: html-to-xlsx, engine: handlebars, preview: true }","meta":{"rootId":"9vzebopci9txgxf","id":"9vzebopci9txgxf"},"id":"lfry5k7b6hsr974","previousOperationId":"q4lthu5shriv2c0"}
{"type":"log","timestamp":1731245461450,"level":"debug","message":"Inline data specified.","meta":{"rootId":"9vzebopci9txgxf","id":"9vzebopci9txgxf"},"id":"2gi01160tq6aw2e","previousOperationId":"q4lthu5shriv2c0"}
{"type":"log","timestamp":1731245461451,"level":"debug","message":"Base url not specified, skipping its injection.","meta":{"rootId":"9vzebopci9txgxf","id":"9vzebopci9txgxf"},"id":"05qufvrfrooiakp","previousOperationId":"q4lthu5shriv2c0"}
{"type":"log","timestamp":1731245461453,"level":"debug","message":"Replaced assets [\"KhmerOSSiemreapRegular.ttf\"]","meta":{"rootId":"9vzebopci9txgxf","id":"9vzebopci9txgxf"},"id":"nzr4if5c173fpjk","previousOperationId":"q4lthu5shriv2c0"}
{"type":"operationStart","subtype":"engine","name":"handlebars","timestamp":1731245461453,"id":"st5w01onhwq4ug9","previousEventId":"5wywjx04jy69q41","operationId":"ulvqdnqym8l2wmk","previousOperationId":"q4lthu5shriv2c0"}
{"type":"log","timestamp":1731245461453,"level":"debug","message":"Rendering engine handlebars","meta":{"rootId":"9vzebopci9txgxf","id":"9vzebopci9txgxf"},"id":"wi1x28077f7zk9v","previousOperationId":"ulvqdnqym8l2wmk"}
{"type":"operationEnd","operationId":"ulvqdnqym8l2wmk","timestamp":1731245461460,"id":"z397isyehdaop36","previousEventId":"st5w01onhwq4ug9","previousOperationId":"ulvqdnqym8l2wmk"}
{"type":"operationStart","subtype":"recipe","name":"html-to-xlsx","timestamp":1731245461461,"id":"g9x9so3w8idxu3z","previousEventId":"z397isyehdaop36","operationId":"2zim4isctp14epo","previousOperationId":"ulvqdnqym8l2wmk"}
{"type":"log","timestamp":1731245461461,"level":"debug","message":"Executing recipe html-to-xlsx","meta":{"rootId":"9vzebopci9txgxf","id":"9vzebopci9txgxf"},"id":"zs9kmn8uy425gj7","previousOperationId":"2zim4isctp14epo"}
{"type":"log","timestamp":1731245461461,"level":"info","message":"html-to-xlsx generation is starting","meta":{"rootId":"9vzebopci9txgxf","id":"9vzebopci9txgxf"},"id":"3e57oe4eg9dovxh","previousOperationId":"2zim4isctp14epo"}
{"type":"log","timestamp":1731245462132,"level":"info","message":"html-to-xlsx generation was finished","meta":{"rootId":"9vzebopci9txgxf","id":"9vzebopci9txgxf"},"id":"cv4zyuumwj09qq1","previousOperationId":"2zim4isctp14epo"}
{"type":"log","timestamp":1731245462132,"level":"debug","message":"preparing office preview","meta":{"rootId":"9vzebopci9txgxf","id":"9vzebopci9txgxf"},"id":"cv4g186ooehuuxk","previousOperationId":"2zim4isctp14epo"}
{"type":"operationEnd","operationId":"2zim4isctp14epo","timestamp":1731245462672,"id":"l05ve5f8yh3cyzv","previousEventId":"g9x9so3w8idxu3z","previousOperationId":"2zim4isctp14epo"}
{"type":"log","timestamp":1731245462672,"level":"debug","message":"Skipping storing report.","meta":{"rootId":"9vzebopci9txgxf","id":"9vzebopci9txgxf"},"id":"c1f4ecjkbqs9rlx","previousOperationId":"2zim4isctp14epo"}
{"type":"log","timestamp":1731245462672,"level":"info","message":"Rendering request 71 finished in 1231 ms","meta":{"rootId":"9vzebopci9txgxf","id":"9vzebopci9txgxf"},"id":"mn1yuf01ntrzyjg","previousOperationId":"2zim4isctp14epo"}
{"type":"operationEnd","subtype":"render","operationId":"q4lthu5shriv2c0","timestamp":1731245462672,"id":"ze15j1aro0cw6td","previousEventId":"l05ve5f8yh3cyzv","previousOperationId":"2zim4isctp14epo"}
{"type":"operationEnd","doDiffs":false,"previousEventId":"mkuu7o723wolqvf","previousOperationId":"xbyfhxef4ja2bal","operationId":"xbyfhxef4ja2bal","timestamp":1731245462674,"id":"m6a1yci1h8u0p0v"}
