{"type":"operationStart","subtype":"profile","data":{"_id":"cG1VR45YNM9o1G6F","timestamp":"2024-11-10T14:53:10.709Z","state":"queued","mode":"standard","creationDate":"2024-11-10T14:53:10.710Z","modificationDate":"2024-11-10T14:53:10.710Z","shortid":"O8O_tHF","inheritedReadPermissions":[],"inheritedEditPermissions":[],"$entitySet":"profiles"},"doDiffs":false,"timestamp":1731250390710,"id":"uet4kfv6x535vv8","previousOperationId":null,"operationId":"pwdogpp7w8f7d3u"}
{"type":"log","level":"info","message":"Render request 178 queued for execution and waiting for available worker","previousOperationId":"pwdogpp7w8f7d3u","timestamp":1731250390710,"id":"8ir4zwuhf3xlez3"}
{"type":"operationStart","subtype":"render","name":"new-excl-template","previousOperationId":"pwdogpp7w8f7d3u","timestamp":1731250390716,"id":"3cisrrco6j6xp16","previousEventId":"uet4kfv6x535vv8","operationId":"4gxop8op6m4tp72"}
{"type":"log","timestamp":1731250390716,"level":"info","message":"Starting rendering request 178 (user: admin)","meta":{"rootId":"a0collpyswtmqbm","id":"a0collpyswtmqbm"},"id":"5rdqzdlu5p3phtu","previousOperationId":"4gxop8op6m4tp72"}
{"type":"log","timestamp":1731250390716,"level":"info","message":"Rendering template { name: new-excl-template, recipe: html-to-xlsx, engine: handlebars, preview: true }","meta":{"rootId":"a0collpyswtmqbm","id":"a0collpyswtmqbm"},"id":"2hzh7ha31ldstet","previousOperationId":"4gxop8op6m4tp72"}
{"type":"log","timestamp":1731250390717,"level":"debug","message":"Inline data specified.","meta":{"rootId":"a0collpyswtmqbm","id":"a0collpyswtmqbm"},"id":"461gk6h4bqqanni","previousOperationId":"4gxop8op6m4tp72"}
{"type":"log","timestamp":1731250390718,"level":"debug","message":"Base url not specified, skipping its injection.","meta":{"rootId":"a0collpyswtmqbm","id":"a0collpyswtmqbm"},"id":"t1wvgokhay1pvp6","previousOperationId":"4gxop8op6m4tp72"}
{"type":"log","timestamp":1731250390719,"level":"debug","message":"Replaced assets [\"KhmerOSSiemreapRegular.ttf\"]","meta":{"rootId":"a0collpyswtmqbm","id":"a0collpyswtmqbm"},"id":"r5gd3q4ere0a4a6","previousOperationId":"4gxop8op6m4tp72"}
{"type":"operationStart","subtype":"engine","name":"handlebars","timestamp":1731250390719,"id":"cmek936w7z38794","previousEventId":"3cisrrco6j6xp16","operationId":"zxv1dazx9ogo7u1","previousOperationId":"4gxop8op6m4tp72"}
{"type":"log","timestamp":1731250390719,"level":"debug","message":"Rendering engine handlebars","meta":{"rootId":"a0collpyswtmqbm","id":"a0collpyswtmqbm"},"id":"mn3man99v15spkm","previousOperationId":"zxv1dazx9ogo7u1"}
{"type":"operationEnd","operationId":"zxv1dazx9ogo7u1","timestamp":1731250390733,"id":"l5uoaftecqccdci","previousEventId":"cmek936w7z38794","previousOperationId":"zxv1dazx9ogo7u1"}
{"type":"operationStart","subtype":"recipe","name":"html-to-xlsx","timestamp":1731250390735,"id":"9muesszzn8y2s3i","previousEventId":"l5uoaftecqccdci","operationId":"5e4ojqd1v6r0ud5","previousOperationId":"zxv1dazx9ogo7u1"}
{"type":"log","timestamp":1731250390735,"level":"debug","message":"Executing recipe html-to-xlsx","meta":{"rootId":"a0collpyswtmqbm","id":"a0collpyswtmqbm"},"id":"o9y4cfhm8zhxtfd","previousOperationId":"5e4ojqd1v6r0ud5"}
{"type":"log","timestamp":1731250390735,"level":"info","message":"html-to-xlsx generation is starting","meta":{"rootId":"a0collpyswtmqbm","id":"a0collpyswtmqbm"},"id":"qdjvd5eff05jp98","previousOperationId":"5e4ojqd1v6r0ud5"}
{"type":"log","timestamp":1731250391382,"level":"info","message":"html-to-xlsx generation was finished","meta":{"rootId":"a0collpyswtmqbm","id":"a0collpyswtmqbm"},"id":"usg8gvmy7uxe9oa","previousOperationId":"5e4ojqd1v6r0ud5"}
{"type":"log","timestamp":1731250391382,"level":"debug","message":"preparing office preview","meta":{"rootId":"a0collpyswtmqbm","id":"a0collpyswtmqbm"},"id":"gqtrshpyzjmvbj6","previousOperationId":"5e4ojqd1v6r0ud5"}
{"type":"operationEnd","operationId":"5e4ojqd1v6r0ud5","timestamp":1731250391880,"id":"j3hptpvz1fu2ymr","previousEventId":"9muesszzn8y2s3i","previousOperationId":"5e4ojqd1v6r0ud5"}
{"type":"log","timestamp":1731250391880,"level":"debug","message":"Skipping storing report.","meta":{"rootId":"a0collpyswtmqbm","id":"a0collpyswtmqbm"},"id":"avmy4abdn5nsgyq","previousOperationId":"5e4ojqd1v6r0ud5"}
{"type":"log","timestamp":1731250391880,"level":"info","message":"Rendering request 178 finished in 1171 ms","meta":{"rootId":"a0collpyswtmqbm","id":"a0collpyswtmqbm"},"id":"zmxhcynr9qcrgzl","previousOperationId":"5e4ojqd1v6r0ud5"}
{"type":"operationEnd","subtype":"render","operationId":"4gxop8op6m4tp72","timestamp":1731250391880,"id":"y2icaz4bhu7tzwo","previousEventId":"j3hptpvz1fu2ymr","previousOperationId":"5e4ojqd1v6r0ud5"}
{"type":"operationEnd","doDiffs":false,"previousEventId":"uet4kfv6x535vv8","previousOperationId":"pwdogpp7w8f7d3u","operationId":"pwdogpp7w8f7d3u","timestamp":1731250391882,"id":"9aqs5wdxn8m763s"}
