{"type":"operationStart","subtype":"profile","data":{"_id":"vWouueSRH7cEfNjI","timestamp":"2024-11-10T13:16:54.528Z","state":"queued","mode":"standard","creationDate":"2024-11-10T13:16:54.529Z","modificationDate":"2024-11-10T13:16:54.529Z","shortid":"Th9HKzO","inheritedReadPermissions":[],"inheritedEditPermissions":[],"$entitySet":"profiles"},"doDiffs":false,"timestamp":1731244614529,"id":"s1a809lwc5i3fuc","previousOperationId":null,"operationId":"wco688ylaygwoxs"}
{"type":"log","level":"info","message":"Render request 39 queued for execution and waiting for available worker","previousOperationId":"wco688ylaygwoxs","timestamp":1731244614529,"id":"0nyz97ux2ac6lhs"}
{"type":"operationStart","subtype":"render","name":"new-excl-template","previousOperationId":"wco688ylaygwoxs","timestamp":1731244614537,"id":"g1n0w44o6luxqa3","previousEventId":"s1a809lwc5i3fuc","operationId":"ormf4dmyp1jbyof"}
{"type":"log","timestamp":1731244614537,"level":"info","message":"Starting rendering request 39 (user: admin)","meta":{"rootId":"a6hidwm653c11f8","id":"a6hidwm653c11f8"},"id":"l5wjkdcjb7b2jqf","previousOperationId":"ormf4dmyp1jbyof"}
{"type":"log","timestamp":1731244614537,"level":"info","message":"Rendering template { name: new-excl-template, recipe: html-to-xlsx, engine: handlebars, preview: true }","meta":{"rootId":"a6hidwm653c11f8","id":"a6hidwm653c11f8"},"id":"v9vjzk1idcqlz65","previousOperationId":"ormf4dmyp1jbyof"}
{"type":"log","timestamp":1731244614538,"level":"debug","message":"Inline data specified.","meta":{"rootId":"a6hidwm653c11f8","id":"a6hidwm653c11f8"},"id":"1snzf7zfkq0uh8q","previousOperationId":"ormf4dmyp1jbyof"}
{"type":"log","timestamp":1731244614543,"level":"debug","message":"Base url not specified, skipping its injection.","meta":{"rootId":"a6hidwm653c11f8","id":"a6hidwm653c11f8"},"id":"692wzvbyn327am4","previousOperationId":"ormf4dmyp1jbyof"}
{"type":"log","timestamp":1731244614545,"level":"debug","message":"Replaced assets [\"KhmerOSSiemreapRegular.ttf\"]","meta":{"rootId":"a6hidwm653c11f8","id":"a6hidwm653c11f8"},"id":"ic2q3opxljp50h1","previousOperationId":"ormf4dmyp1jbyof"}
{"type":"operationStart","subtype":"engine","name":"handlebars","timestamp":1731244614546,"id":"aaca0p9al8q5pjw","previousEventId":"g1n0w44o6luxqa3","operationId":"8rcyg31jo1hhjrk","previousOperationId":"ormf4dmyp1jbyof"}
{"type":"log","timestamp":1731244614546,"level":"debug","message":"Rendering engine handlebars","meta":{"rootId":"a6hidwm653c11f8","id":"a6hidwm653c11f8"},"id":"mb3qnw7ycdl9py9","previousOperationId":"8rcyg31jo1hhjrk"}
{"type":"operationEnd","operationId":"8rcyg31jo1hhjrk","timestamp":1731244614560,"id":"hvu05przz7ljl8p","previousEventId":"aaca0p9al8q5pjw","previousOperationId":"8rcyg31jo1hhjrk"}
{"type":"operationStart","subtype":"recipe","name":"html-to-xlsx","timestamp":1731244614561,"id":"std681u4ejrgu9c","previousEventId":"hvu05przz7ljl8p","operationId":"j80eps8ufa52cu1","previousOperationId":"8rcyg31jo1hhjrk"}
{"type":"log","timestamp":1731244614561,"level":"debug","message":"Executing recipe html-to-xlsx","meta":{"rootId":"a6hidwm653c11f8","id":"a6hidwm653c11f8"},"id":"r3yun68vtqo1h2j","previousOperationId":"j80eps8ufa52cu1"}
{"type":"log","timestamp":1731244614561,"level":"info","message":"html-to-xlsx generation is starting","meta":{"rootId":"a6hidwm653c11f8","id":"a6hidwm653c11f8"},"id":"9v1erj9lqe5tfgo","previousOperationId":"j80eps8ufa52cu1"}
{"type":"log","timestamp":1731244615164,"level":"info","message":"html-to-xlsx generation was finished","meta":{"rootId":"a6hidwm653c11f8","id":"a6hidwm653c11f8"},"id":"l6h5xzh39bb6z46","previousOperationId":"j80eps8ufa52cu1"}
{"type":"log","timestamp":1731244615164,"level":"debug","message":"preparing office preview","meta":{"rootId":"a6hidwm653c11f8","id":"a6hidwm653c11f8"},"id":"3vw43g88bicrj1u","previousOperationId":"j80eps8ufa52cu1"}
{"type":"operationEnd","operationId":"j80eps8ufa52cu1","timestamp":1731244615609,"id":"ql7k5blo6h25fce","previousEventId":"std681u4ejrgu9c","previousOperationId":"j80eps8ufa52cu1"}
{"type":"log","timestamp":1731244615609,"level":"debug","message":"Skipping storing report.","meta":{"rootId":"a6hidwm653c11f8","id":"a6hidwm653c11f8"},"id":"xcj76az1yhn7uuf","previousOperationId":"j80eps8ufa52cu1"}
{"type":"log","timestamp":1731244615610,"level":"info","message":"Rendering request 39 finished in 1082 ms","meta":{"rootId":"a6hidwm653c11f8","id":"a6hidwm653c11f8"},"id":"ifz2ca0sqe49ljr","previousOperationId":"j80eps8ufa52cu1"}
{"type":"operationEnd","subtype":"render","operationId":"ormf4dmyp1jbyof","timestamp":1731244615610,"id":"mxsknz25nljftts","previousEventId":"ql7k5blo6h25fce","previousOperationId":"j80eps8ufa52cu1"}
{"type":"operationEnd","doDiffs":false,"previousEventId":"s1a809lwc5i3fuc","previousOperationId":"wco688ylaygwoxs","operationId":"wco688ylaygwoxs","timestamp":1731244615613,"id":"vff8ntq8koye4is"}
