{"type":"operationStart","subtype":"profile","data":{"_id":"ogA59Aa3UI4dpgEt","timestamp":"2024-11-10T09:18:17.539Z","state":"queued","mode":"standard","creationDate":"2024-11-10T09:18:17.541Z","modificationDate":"2024-11-10T09:18:17.541Z","shortid":"XxBJ3DP","inheritedReadPermissions":[],"inheritedEditPermissions":[],"$entitySet":"profiles"},"doDiffs":false,"timestamp":1731230297540,"id":"5wx82d3wji8n3as","previousOperationId":null,"operationId":"gc29qmf17dpiwmo"}
{"type":"log","level":"info","message":"Render request 197 queued for execution and waiting for available worker","previousOperationId":"gc29qmf17dpiwmo","timestamp":1731230297540,"id":"xu3cm67hmeha47x"}
{"type":"operationStart","subtype":"render","name":"new-excl-template","previousOperationId":"gc29qmf17dpiwmo","timestamp":1731230297549,"id":"1ev1xahe20hf0wz","previousEventId":"5wx82d3wji8n3as","operationId":"pmhjqa3tzn48xwm"}
{"type":"log","timestamp":1731230297549,"level":"info","message":"Starting rendering request 197 (user: admin)","meta":{"rootId":"a8t8sddgdjkt9i2","id":"a8t8sddgdjkt9i2"},"id":"hm08y7gmhhuaove","previousOperationId":"pmhjqa3tzn48xwm"}
{"type":"log","timestamp":1731230297549,"level":"info","message":"Rendering template { name: new-excl-template, recipe: html-to-xlsx, engine: handlebars, preview: true }","meta":{"rootId":"a8t8sddgdjkt9i2","id":"a8t8sddgdjkt9i2"},"id":"e8uzb69ashe250c","previousOperationId":"pmhjqa3tzn48xwm"}
{"type":"log","timestamp":1731230297550,"level":"debug","message":"Inline data specified.","meta":{"rootId":"a8t8sddgdjkt9i2","id":"a8t8sddgdjkt9i2"},"id":"a2hg4bje6w961nw","previousOperationId":"pmhjqa3tzn48xwm"}
{"type":"log","timestamp":1731230297551,"level":"debug","message":"Base url not specified, skipping its injection.","meta":{"rootId":"a8t8sddgdjkt9i2","id":"a8t8sddgdjkt9i2"},"id":"79gsqu9mspw1i52","previousOperationId":"pmhjqa3tzn48xwm"}
{"type":"operationStart","subtype":"engine","name":"handlebars","timestamp":1731230297551,"id":"rpw2syjph4durbt","previousEventId":"1ev1xahe20hf0wz","operationId":"s02z96o6s7da8yd","previousOperationId":"pmhjqa3tzn48xwm"}
{"type":"log","timestamp":1731230297551,"level":"debug","message":"Rendering engine handlebars","meta":{"rootId":"a8t8sddgdjkt9i2","id":"a8t8sddgdjkt9i2"},"id":"ha6cn67uolck20f","previousOperationId":"s02z96o6s7da8yd"}
{"type":"operationEnd","operationId":"s02z96o6s7da8yd","timestamp":1731230297566,"id":"n7jfc0uunccpyyx","previousEventId":"rpw2syjph4durbt","previousOperationId":"s02z96o6s7da8yd"}
{"type":"operationStart","subtype":"recipe","name":"html-to-xlsx","timestamp":1731230297568,"id":"sdwg5o4512h1sno","previousEventId":"n7jfc0uunccpyyx","operationId":"myyaq3ngxwlyzaz","previousOperationId":"s02z96o6s7da8yd"}
{"type":"log","timestamp":1731230297569,"level":"debug","message":"Executing recipe html-to-xlsx","meta":{"rootId":"a8t8sddgdjkt9i2","id":"a8t8sddgdjkt9i2"},"id":"bfiwhsdh7u0vgvj","previousOperationId":"myyaq3ngxwlyzaz"}
{"type":"log","timestamp":1731230297569,"level":"info","message":"html-to-xlsx generation is starting","meta":{"rootId":"a8t8sddgdjkt9i2","id":"a8t8sddgdjkt9i2"},"id":"rq7trf63u8t2afa","previousOperationId":"myyaq3ngxwlyzaz"}
{"type":"log","timestamp":1731230299015,"level":"info","message":"html-to-xlsx generation was finished","meta":{"rootId":"a8t8sddgdjkt9i2","id":"a8t8sddgdjkt9i2"},"id":"r5rngofngxc6bvj","previousOperationId":"myyaq3ngxwlyzaz"}
{"type":"log","timestamp":1731230299015,"level":"debug","message":"preparing office preview","meta":{"rootId":"a8t8sddgdjkt9i2","id":"a8t8sddgdjkt9i2"},"id":"nej54e3a63mtkk5","previousOperationId":"myyaq3ngxwlyzaz"}
{"type":"operationEnd","operationId":"myyaq3ngxwlyzaz","timestamp":1731230299678,"id":"ucfa6h243pebexh","previousEventId":"sdwg5o4512h1sno","previousOperationId":"myyaq3ngxwlyzaz"}
{"type":"log","timestamp":1731230299678,"level":"debug","message":"Skipping storing report.","meta":{"rootId":"a8t8sddgdjkt9i2","id":"a8t8sddgdjkt9i2"},"id":"l9xmpryvagfcdyh","previousOperationId":"myyaq3ngxwlyzaz"}
{"type":"log","timestamp":1731230299678,"level":"info","message":"Rendering request 197 finished in 2139 ms","meta":{"rootId":"a8t8sddgdjkt9i2","id":"a8t8sddgdjkt9i2"},"id":"qf7bobsi327sfb0","previousOperationId":"myyaq3ngxwlyzaz"}
{"type":"operationEnd","subtype":"render","operationId":"pmhjqa3tzn48xwm","timestamp":1731230299678,"id":"w2d58m41ohvyxnc","previousEventId":"ucfa6h243pebexh","previousOperationId":"myyaq3ngxwlyzaz"}
{"type":"operationEnd","doDiffs":false,"previousEventId":"5wx82d3wji8n3as","previousOperationId":"gc29qmf17dpiwmo","operationId":"gc29qmf17dpiwmo","timestamp":1731230299680,"id":"4o2gkf1wi5xrvl0"}
