{"type":"operationStart","subtype":"profile","data":{"_id":"LBSx15HReU2D7cvz","timestamp":"2024-11-10T08:24:27.896Z","state":"queued","mode":"standard","creationDate":"2024-11-10T08:24:27.898Z","modificationDate":"2024-11-10T08:24:27.898Z","shortid":"jG-ZkCh","inheritedReadPermissions":[],"inheritedEditPermissions":[],"$entitySet":"profiles"},"doDiffs":false,"timestamp":1731227067897,"id":"lb5ms9xcun1fupb","previousOperationId":null,"operationId":"c6a681w71ye4pqd"}
{"type":"log","level":"info","message":"Render request 111 queued for execution and waiting for available worker","previousOperationId":"c6a681w71ye4pqd","timestamp":1731227067897,"id":"jf9k2w61iuypw22"}
{"type":"operationStart","subtype":"render","name":"new-excl-template","previousOperationId":"c6a681w71ye4pqd","timestamp":1731227067908,"id":"0r66t8yhvay9ppz","previousEventId":"lb5ms9xcun1fupb","operationId":"8skb5o0a1g310q6"}
{"type":"log","timestamp":1731227067908,"level":"info","message":"Starting rendering request 111 (user: admin)","meta":{"rootId":"a93gsrjoq82cgb5","id":"a93gsrjoq82cgb5"},"id":"3jxso9bkl6uxvsx","previousOperationId":"8skb5o0a1g310q6"}
{"type":"log","timestamp":1731227067908,"level":"info","message":"Rendering template { name: new-excl-template, recipe: html-to-xlsx, engine: handlebars, preview: true }","meta":{"rootId":"a93gsrjoq82cgb5","id":"a93gsrjoq82cgb5"},"id":"62j67ecl0v8h4zy","previousOperationId":"8skb5o0a1g310q6"}
{"type":"log","timestamp":1731227067908,"level":"debug","message":"Inline data specified.","meta":{"rootId":"a93gsrjoq82cgb5","id":"a93gsrjoq82cgb5"},"id":"69y1t3hhwyecopd","previousOperationId":"8skb5o0a1g310q6"}
{"type":"log","timestamp":1731227067911,"level":"debug","message":"Base url not specified, skipping its injection.","meta":{"rootId":"a93gsrjoq82cgb5","id":"a93gsrjoq82cgb5"},"id":"u6qbdwo9ri4udaz","previousOperationId":"8skb5o0a1g310q6"}
{"type":"operationStart","subtype":"engine","name":"handlebars","timestamp":1731227067911,"id":"any59myri1uvcwf","previousEventId":"0r66t8yhvay9ppz","operationId":"hxsgdawe5zyuhbc","previousOperationId":"8skb5o0a1g310q6"}
{"type":"log","timestamp":1731227067911,"level":"debug","message":"Rendering engine handlebars","meta":{"rootId":"a93gsrjoq82cgb5","id":"a93gsrjoq82cgb5"},"id":"mkuqaiwrm3v3tm9","previousOperationId":"hxsgdawe5zyuhbc"}
{"type":"operationEnd","operationId":"hxsgdawe5zyuhbc","timestamp":1731227067921,"id":"mkui7f83an6zw0j","previousEventId":"any59myri1uvcwf","previousOperationId":"hxsgdawe5zyuhbc"}
{"type":"operationStart","subtype":"recipe","name":"html-to-xlsx","timestamp":1731227067923,"id":"nxj129zgliqho6l","previousEventId":"mkui7f83an6zw0j","operationId":"5dk1yhrknmb5hvx","previousOperationId":"hxsgdawe5zyuhbc"}
{"type":"log","timestamp":1731227067923,"level":"debug","message":"Executing recipe html-to-xlsx","meta":{"rootId":"a93gsrjoq82cgb5","id":"a93gsrjoq82cgb5"},"id":"g4kea2ngji5ub1x","previousOperationId":"5dk1yhrknmb5hvx"}
{"type":"log","timestamp":1731227067923,"level":"info","message":"html-to-xlsx generation is starting","meta":{"rootId":"a93gsrjoq82cgb5","id":"a93gsrjoq82cgb5"},"id":"j96fs026lere4td","previousOperationId":"5dk1yhrknmb5hvx"}
{"type":"log","timestamp":1731227068478,"level":"info","message":"html-to-xlsx generation was finished","meta":{"rootId":"a93gsrjoq82cgb5","id":"a93gsrjoq82cgb5"},"id":"hc4g8msm4e8tsqi","previousOperationId":"5dk1yhrknmb5hvx"}
{"type":"log","timestamp":1731227068478,"level":"debug","message":"preparing office preview","meta":{"rootId":"a93gsrjoq82cgb5","id":"a93gsrjoq82cgb5"},"id":"7j1kcn0oj9ty9ww","previousOperationId":"5dk1yhrknmb5hvx"}
{"type":"operationEnd","operationId":"5dk1yhrknmb5hvx","timestamp":1731227068924,"id":"pbuf9eg63xah2kk","previousEventId":"nxj129zgliqho6l","previousOperationId":"5dk1yhrknmb5hvx"}
{"type":"log","timestamp":1731227068924,"level":"debug","message":"Skipping storing report.","meta":{"rootId":"a93gsrjoq82cgb5","id":"a93gsrjoq82cgb5"},"id":"3fso7bl8gule47v","previousOperationId":"5dk1yhrknmb5hvx"}
{"type":"log","timestamp":1731227068924,"level":"info","message":"Rendering request 111 finished in 1028 ms","meta":{"rootId":"a93gsrjoq82cgb5","id":"a93gsrjoq82cgb5"},"id":"083jnzpqkw8zxh0","previousOperationId":"5dk1yhrknmb5hvx"}
{"type":"operationEnd","subtype":"render","operationId":"8skb5o0a1g310q6","timestamp":1731227068924,"id":"mqd9pnts8v5wg8t","previousEventId":"pbuf9eg63xah2kk","previousOperationId":"5dk1yhrknmb5hvx"}
{"type":"operationEnd","doDiffs":false,"previousEventId":"lb5ms9xcun1fupb","previousOperationId":"c6a681w71ye4pqd","operationId":"c6a681w71ye4pqd","timestamp":1731227068928,"id":"jw9r2umekjk5h32"}
