{"type":"operationStart","subtype":"profile","data":{"_id":"MYF5Zd8Ay19tk7WT","timestamp":"2024-11-10T10:15:50.785Z","state":"queued","mode":"standard","creationDate":"2024-11-10T10:15:50.787Z","modificationDate":"2024-11-10T10:15:50.787Z","shortid":"LdwQmJR","inheritedReadPermissions":[],"inheritedEditPermissions":[],"$entitySet":"profiles"},"doDiffs":false,"timestamp":1731233750787,"id":"mudw2y6qgzsjrku","previousOperationId":null,"operationId":"xu2ad1998s1qy6q"}
{"type":"log","level":"info","message":"Render request 310 queued for execution and waiting for available worker","previousOperationId":"xu2ad1998s1qy6q","timestamp":1731233750787,"id":"jo0c8b5zprymnsv"}
{"type":"operationStart","subtype":"render","name":"new-excl-template","previousOperationId":"xu2ad1998s1qy6q","timestamp":1731233750796,"id":"piebyj9jk7gpjcx","previousEventId":"mudw2y6qgzsjrku","operationId":"3daut4fxw5cxzws"}
{"type":"log","timestamp":1731233750796,"level":"info","message":"Starting rendering request 310 (user: admin)","meta":{"rootId":"afkjlp5bi8s84la","id":"afkjlp5bi8s84la"},"id":"ikx4ev7ujyso9qy","previousOperationId":"3daut4fxw5cxzws"}
{"type":"log","timestamp":1731233750796,"level":"info","message":"Rendering template { name: new-excl-template, recipe: html-to-xlsx, engine: handlebars, preview: true }","meta":{"rootId":"afkjlp5bi8s84la","id":"afkjlp5bi8s84la"},"id":"4qojheqbpqq5h86","previousOperationId":"3daut4fxw5cxzws"}
{"type":"log","timestamp":1731233750797,"level":"debug","message":"Adding sample data pVkbCM7am","meta":{"rootId":"afkjlp5bi8s84la","id":"afkjlp5bi8s84la"},"id":"bq015mdi0s81ut9","previousOperationId":"3daut4fxw5cxzws"}
{"type":"log","timestamp":1731233750798,"level":"debug","message":"Base url not specified, skipping its injection.","meta":{"rootId":"afkjlp5bi8s84la","id":"afkjlp5bi8s84la"},"id":"rwuckjt3ap7c6ti","previousOperationId":"3daut4fxw5cxzws"}
{"type":"log","timestamp":1731233750800,"level":"debug","message":"Replaced assets [\"KhmerOSSiemreapRegular.ttf\"]","meta":{"rootId":"afkjlp5bi8s84la","id":"afkjlp5bi8s84la"},"id":"v3k5kub7vblaqxt","previousOperationId":"3daut4fxw5cxzws"}
{"type":"operationStart","subtype":"engine","name":"handlebars","timestamp":1731233750800,"id":"t9j807or86r2evq","previousEventId":"piebyj9jk7gpjcx","operationId":"vbpzyhja54mu0qb","previousOperationId":"3daut4fxw5cxzws"}
{"type":"log","timestamp":1731233750800,"level":"debug","message":"Rendering engine handlebars","meta":{"rootId":"afkjlp5bi8s84la","id":"afkjlp5bi8s84la"},"id":"uqeohd713gdqhze","previousOperationId":"vbpzyhja54mu0qb"}
{"type":"operationEnd","operationId":"vbpzyhja54mu0qb","timestamp":1731233750815,"id":"9wnullnksk19dqd","previousEventId":"t9j807or86r2evq","previousOperationId":"vbpzyhja54mu0qb"}
{"type":"operationStart","subtype":"recipe","name":"html-to-xlsx","timestamp":1731233750817,"id":"yhem9t5nktape86","previousEventId":"9wnullnksk19dqd","operationId":"3qaov370fk1smdi","previousOperationId":"vbpzyhja54mu0qb"}
{"type":"log","timestamp":1731233750817,"level":"debug","message":"Executing recipe html-to-xlsx","meta":{"rootId":"afkjlp5bi8s84la","id":"afkjlp5bi8s84la"},"id":"pz3rxbpptanaion","previousOperationId":"3qaov370fk1smdi"}
{"type":"log","timestamp":1731233750817,"level":"info","message":"html-to-xlsx generation is starting","meta":{"rootId":"afkjlp5bi8s84la","id":"afkjlp5bi8s84la"},"id":"8h014fo0figor6w","previousOperationId":"3qaov370fk1smdi"}
{"type":"log","timestamp":1731233751474,"level":"info","message":"html-to-xlsx generation was finished","meta":{"rootId":"afkjlp5bi8s84la","id":"afkjlp5bi8s84la"},"id":"eib7oh0kbrloe46","previousOperationId":"3qaov370fk1smdi"}
{"type":"log","timestamp":1731233751474,"level":"debug","message":"preparing office preview","meta":{"rootId":"afkjlp5bi8s84la","id":"afkjlp5bi8s84la"},"id":"a1vmm60hrz027xj","previousOperationId":"3qaov370fk1smdi"}
{"type":"operationEnd","operationId":"3qaov370fk1smdi","timestamp":1731233751918,"id":"14o8hq6h1nkhv7i","previousEventId":"yhem9t5nktape86","previousOperationId":"3qaov370fk1smdi"}
{"type":"log","timestamp":1731233751918,"level":"debug","message":"Skipping storing report.","meta":{"rootId":"afkjlp5bi8s84la","id":"afkjlp5bi8s84la"},"id":"mmctask9eyteprm","previousOperationId":"3qaov370fk1smdi"}
{"type":"log","timestamp":1731233751918,"level":"info","message":"Rendering request 310 finished in 1133 ms","meta":{"rootId":"afkjlp5bi8s84la","id":"afkjlp5bi8s84la"},"id":"9llnxkh8bohxgbf","previousOperationId":"3qaov370fk1smdi"}
{"type":"operationEnd","subtype":"render","operationId":"3daut4fxw5cxzws","timestamp":1731233751918,"id":"17130nqc6852eby","previousEventId":"14o8hq6h1nkhv7i","previousOperationId":"3qaov370fk1smdi"}
{"type":"operationEnd","doDiffs":false,"previousEventId":"mudw2y6qgzsjrku","previousOperationId":"xu2ad1998s1qy6q","operationId":"xu2ad1998s1qy6q","timestamp":1731233751920,"id":"ftvd9bbitun6xdd"}
