{"type":"operationStart","subtype":"profile","data":{"_id":"gZ7JCI34pHDXlekT","timestamp":"2024-11-10T13:16:41.563Z","state":"queued","mode":"standard","creationDate":"2024-11-10T13:16:41.564Z","modificationDate":"2024-11-10T13:16:41.564Z","shortid":"RWy7sOY","inheritedReadPermissions":[],"inheritedEditPermissions":[],"$entitySet":"profiles"},"doDiffs":false,"timestamp":1731244601564,"id":"gr928e9saabj4yn","previousOperationId":null,"operationId":"c2lhjnnto6mdg68"}
{"type":"log","level":"info","message":"Render request 38 queued for execution and waiting for available worker","previousOperationId":"c2lhjnnto6mdg68","timestamp":1731244601564,"id":"o1kvo5pfh7eqenr"}
{"type":"operationStart","subtype":"render","name":"new-excl-template","previousOperationId":"c2lhjnnto6mdg68","timestamp":1731244601572,"id":"v1vtaeuaujywwja","previousEventId":"gr928e9saabj4yn","operationId":"kq1liqrt0roveoj"}
{"type":"log","timestamp":1731244601572,"level":"info","message":"Starting rendering request 38 (user: admin)","meta":{"rootId":"agxkqlhpn6ro5ol","id":"agxkqlhpn6ro5ol"},"id":"xlcqxe2dzxweri3","previousOperationId":"kq1liqrt0roveoj"}
{"type":"log","timestamp":1731244601572,"level":"info","message":"Rendering template { name: new-excl-template, recipe: html-to-xlsx, engine: handlebars, preview: true }","meta":{"rootId":"agxkqlhpn6ro5ol","id":"agxkqlhpn6ro5ol"},"id":"5rubdffe3cibu6l","previousOperationId":"kq1liqrt0roveoj"}
{"type":"log","timestamp":1731244601573,"level":"debug","message":"Inline data specified.","meta":{"rootId":"agxkqlhpn6ro5ol","id":"agxkqlhpn6ro5ol"},"id":"kvykw76s9ugg184","previousOperationId":"kq1liqrt0roveoj"}
{"type":"log","timestamp":1731244601574,"level":"debug","message":"Base url not specified, skipping its injection.","meta":{"rootId":"agxkqlhpn6ro5ol","id":"agxkqlhpn6ro5ol"},"id":"t0tht9s7foeapxi","previousOperationId":"kq1liqrt0roveoj"}
{"type":"log","timestamp":1731244601576,"level":"debug","message":"Replaced assets [\"KhmerOSSiemreapRegular.ttf\"]","meta":{"rootId":"agxkqlhpn6ro5ol","id":"agxkqlhpn6ro5ol"},"id":"fkcisd1mbt19atu","previousOperationId":"kq1liqrt0roveoj"}
{"type":"operationStart","subtype":"engine","name":"handlebars","timestamp":1731244601576,"id":"yizwfsljuz6pic5","previousEventId":"v1vtaeuaujywwja","operationId":"2j44htiyo9ht7ux","previousOperationId":"kq1liqrt0roveoj"}
{"type":"log","timestamp":1731244601576,"level":"debug","message":"Rendering engine handlebars","meta":{"rootId":"agxkqlhpn6ro5ol","id":"agxkqlhpn6ro5ol"},"id":"gl3elmup0sbaugz","previousOperationId":"2j44htiyo9ht7ux"}
{"type":"operationEnd","operationId":"2j44htiyo9ht7ux","timestamp":1731244601588,"id":"a1x4546tlng8t6i","previousEventId":"yizwfsljuz6pic5","previousOperationId":"2j44htiyo9ht7ux"}
{"type":"operationStart","subtype":"recipe","name":"html-to-xlsx","timestamp":1731244601589,"id":"5ixyfmr5yssncje","previousEventId":"a1x4546tlng8t6i","operationId":"wti4n7qf46ssdm5","previousOperationId":"2j44htiyo9ht7ux"}
{"type":"log","timestamp":1731244601589,"level":"debug","message":"Executing recipe html-to-xlsx","meta":{"rootId":"agxkqlhpn6ro5ol","id":"agxkqlhpn6ro5ol"},"id":"gqhpkamq4bsz1sr","previousOperationId":"wti4n7qf46ssdm5"}
{"type":"log","timestamp":1731244601589,"level":"info","message":"html-to-xlsx generation is starting","meta":{"rootId":"agxkqlhpn6ro5ol","id":"agxkqlhpn6ro5ol"},"id":"ubu4tsctibx27w0","previousOperationId":"wti4n7qf46ssdm5"}
{"type":"log","timestamp":1731244602168,"level":"info","message":"html-to-xlsx generation was finished","meta":{"rootId":"agxkqlhpn6ro5ol","id":"agxkqlhpn6ro5ol"},"id":"ov188cweq997qw1","previousOperationId":"wti4n7qf46ssdm5"}
{"type":"log","timestamp":1731244602168,"level":"debug","message":"preparing office preview","meta":{"rootId":"agxkqlhpn6ro5ol","id":"agxkqlhpn6ro5ol"},"id":"a2663b59v80xaid","previousOperationId":"wti4n7qf46ssdm5"}
{"type":"operationEnd","operationId":"wti4n7qf46ssdm5","timestamp":1731244602771,"id":"qkpx0osv1d06md1","previousEventId":"5ixyfmr5yssncje","previousOperationId":"wti4n7qf46ssdm5"}
{"type":"log","timestamp":1731244602771,"level":"debug","message":"Skipping storing report.","meta":{"rootId":"agxkqlhpn6ro5ol","id":"agxkqlhpn6ro5ol"},"id":"kn98umgo2ybz57o","previousOperationId":"wti4n7qf46ssdm5"}
{"type":"log","timestamp":1731244602771,"level":"info","message":"Rendering request 38 finished in 1208 ms","meta":{"rootId":"agxkqlhpn6ro5ol","id":"agxkqlhpn6ro5ol"},"id":"gn0ugbbpgwpb8u6","previousOperationId":"wti4n7qf46ssdm5"}
{"type":"operationEnd","subtype":"render","operationId":"kq1liqrt0roveoj","timestamp":1731244602771,"id":"qlj1ss75ftv11ds","previousEventId":"qkpx0osv1d06md1","previousOperationId":"wti4n7qf46ssdm5"}
{"type":"operationEnd","doDiffs":false,"previousEventId":"gr928e9saabj4yn","previousOperationId":"c2lhjnnto6mdg68","operationId":"c2lhjnnto6mdg68","timestamp":1731244602774,"id":"k6h671ny1l9iu0q"}
