{"type":"operationStart","subtype":"profile","data":{"_id":"izLexbKkO235cNpc","timestamp":"2024-11-10T08:40:39.229Z","state":"queued","mode":"standard","creationDate":"2024-11-10T08:40:39.231Z","modificationDate":"2024-11-10T08:40:39.231Z","shortid":"CepAzIx","inheritedReadPermissions":[],"inheritedEditPermissions":[],"$entitySet":"profiles"},"doDiffs":false,"timestamp":1731228039230,"id":"fbjqri1yv7xzku1","previousOperationId":null,"operationId":"upejuxu6j73db7b"}
{"type":"log","level":"info","message":"Render request 144 queued for execution and waiting for available worker","previousOperationId":"upejuxu6j73db7b","timestamp":1731228039230,"id":"t2yko8iaouy9juo"}
{"type":"operationStart","subtype":"render","name":"new-excl-template","previousOperationId":"upejuxu6j73db7b","timestamp":1731228039239,"id":"x1vh9ptvkfi4s64","previousEventId":"fbjqri1yv7xzku1","operationId":"rvr6s9gqx2k1umd"}
{"type":"log","timestamp":1731228039239,"level":"info","message":"Starting rendering request 144 (user: admin)","meta":{"rootId":"aikug4gsdszqyqq","id":"aikug4gsdszqyqq"},"id":"auan80740zq22ml","previousOperationId":"rvr6s9gqx2k1umd"}
{"type":"log","timestamp":1731228039239,"level":"info","message":"Rendering template { name: new-excl-template, recipe: html-to-xlsx, engine: handlebars, preview: true }","meta":{"rootId":"aikug4gsdszqyqq","id":"aikug4gsdszqyqq"},"id":"pt54aen89tm4sel","previousOperationId":"rvr6s9gqx2k1umd"}
{"type":"log","timestamp":1731228039240,"level":"debug","message":"Inline data specified.","meta":{"rootId":"aikug4gsdszqyqq","id":"aikug4gsdszqyqq"},"id":"jht0lfnqr9vj88a","previousOperationId":"rvr6s9gqx2k1umd"}
{"type":"log","timestamp":1731228039241,"level":"debug","message":"Base url not specified, skipping its injection.","meta":{"rootId":"aikug4gsdszqyqq","id":"aikug4gsdszqyqq"},"id":"b4qqim5xnwkwmyh","previousOperationId":"rvr6s9gqx2k1umd"}
{"type":"log","timestamp":1731228039243,"level":"debug","message":"Replaced assets [\"/asset/font/KhmerOSSiemreapRegular.ttf\"]","meta":{"rootId":"aikug4gsdszqyqq","id":"aikug4gsdszqyqq"},"id":"u4lh6qxkr9x5j3d","previousOperationId":"rvr6s9gqx2k1umd"}
{"type":"operationStart","subtype":"engine","name":"handlebars","timestamp":1731228039243,"id":"66c5o8e5doo843s","previousEventId":"x1vh9ptvkfi4s64","operationId":"thwbewdsgm7d2rj","previousOperationId":"rvr6s9gqx2k1umd"}
{"type":"log","timestamp":1731228039243,"level":"debug","message":"Rendering engine handlebars","meta":{"rootId":"aikug4gsdszqyqq","id":"aikug4gsdszqyqq"},"id":"qjpitxq53oefv9x","previousOperationId":"thwbewdsgm7d2rj"}
{"type":"operationEnd","operationId":"thwbewdsgm7d2rj","timestamp":1731228039259,"id":"zx20nllxmj7snrh","previousEventId":"66c5o8e5doo843s","previousOperationId":"thwbewdsgm7d2rj"}
{"type":"operationStart","subtype":"recipe","name":"html-to-xlsx","timestamp":1731228039261,"id":"bmjg996eo37rnhk","previousEventId":"zx20nllxmj7snrh","operationId":"gd4k06if1q39vq0","previousOperationId":"thwbewdsgm7d2rj"}
{"type":"log","timestamp":1731228039261,"level":"debug","message":"Executing recipe html-to-xlsx","meta":{"rootId":"aikug4gsdszqyqq","id":"aikug4gsdszqyqq"},"id":"1c5zr3bs7dc9sok","previousOperationId":"gd4k06if1q39vq0"}
{"type":"log","timestamp":1731228039261,"level":"info","message":"html-to-xlsx generation is starting","meta":{"rootId":"aikug4gsdszqyqq","id":"aikug4gsdszqyqq"},"id":"vwc1y5eohixi8g5","previousOperationId":"gd4k06if1q39vq0"}
{"type":"log","timestamp":1731228040064,"level":"info","message":"html-to-xlsx generation was finished","meta":{"rootId":"aikug4gsdszqyqq","id":"aikug4gsdszqyqq"},"id":"tgezsr7a3vgo8ok","previousOperationId":"gd4k06if1q39vq0"}
{"type":"log","timestamp":1731228040064,"level":"debug","message":"preparing office preview","meta":{"rootId":"aikug4gsdszqyqq","id":"aikug4gsdszqyqq"},"id":"hc0o3iqvbrxkyvu","previousOperationId":"gd4k06if1q39vq0"}
{"type":"operationEnd","operationId":"gd4k06if1q39vq0","timestamp":1731228040509,"id":"wm0l4pym59jvg39","previousEventId":"bmjg996eo37rnhk","previousOperationId":"gd4k06if1q39vq0"}
{"type":"log","timestamp":1731228040509,"level":"debug","message":"Skipping storing report.","meta":{"rootId":"aikug4gsdszqyqq","id":"aikug4gsdszqyqq"},"id":"f1984iwb20k1lgn","previousOperationId":"gd4k06if1q39vq0"}
{"type":"log","timestamp":1731228040509,"level":"info","message":"Rendering request 144 finished in 1281 ms","meta":{"rootId":"aikug4gsdszqyqq","id":"aikug4gsdszqyqq"},"id":"i2lvlpfynqh2ebt","previousOperationId":"gd4k06if1q39vq0"}
{"type":"operationEnd","subtype":"render","operationId":"rvr6s9gqx2k1umd","timestamp":1731228040509,"id":"z08dike702n4mxo","previousEventId":"wm0l4pym59jvg39","previousOperationId":"gd4k06if1q39vq0"}
{"type":"operationEnd","doDiffs":false,"previousEventId":"fbjqri1yv7xzku1","previousOperationId":"upejuxu6j73db7b","operationId":"upejuxu6j73db7b","timestamp":1731228040511,"id":"9a0xx4e1y4ah4zs"}
