{"type":"operationStart","subtype":"profile","data":{"_id":"3ymXILPUz2CGhKDy","timestamp":"2024-11-10T14:05:03.688Z","state":"queued","mode":"standard","creationDate":"2024-11-10T14:05:03.690Z","modificationDate":"2024-11-10T14:05:03.690Z","shortid":"96gp6IG","inheritedReadPermissions":[],"inheritedEditPermissions":[],"$entitySet":"profiles"},"doDiffs":false,"timestamp":1731247503689,"id":"kvlrskmyoflz0wy","previousOperationId":null,"operationId":"8w3kqyxf3566y8c"}
{"type":"log","level":"info","message":"Render request 101 queued for execution and waiting for available worker","previousOperationId":"8w3kqyxf3566y8c","timestamp":1731247503689,"id":"hbxctvt9bnl8f74"}
{"type":"operationStart","subtype":"render","name":"new-excl-template","previousOperationId":"8w3kqyxf3566y8c","timestamp":1731247503699,"id":"cdxy8v70i4pc2hy","previousEventId":"kvlrskmyoflz0wy","operationId":"3syjb4ys52w6cnd"}
{"type":"log","timestamp":1731247503699,"level":"info","message":"Starting rendering request 101 (user: admin)","meta":{"rootId":"ajxnrt3r2yqwvwo","id":"ajxnrt3r2yqwvwo"},"id":"7q1pm95mo55dv6u","previousOperationId":"3syjb4ys52w6cnd"}
{"type":"log","timestamp":1731247503699,"level":"info","message":"Rendering template { name: new-excl-template, recipe: html-to-xlsx, engine: handlebars, preview: true }","meta":{"rootId":"ajxnrt3r2yqwvwo","id":"ajxnrt3r2yqwvwo"},"id":"1itxykf5rmvp7sx","previousOperationId":"3syjb4ys52w6cnd"}
{"type":"log","timestamp":1731247503699,"level":"debug","message":"Inline data specified.","meta":{"rootId":"ajxnrt3r2yqwvwo","id":"ajxnrt3r2yqwvwo"},"id":"mgelnn7pmwz138m","previousOperationId":"3syjb4ys52w6cnd"}
{"type":"log","timestamp":1731247503701,"level":"debug","message":"Base url not specified, skipping its injection.","meta":{"rootId":"ajxnrt3r2yqwvwo","id":"ajxnrt3r2yqwvwo"},"id":"3edsgk1fn1ni0sb","previousOperationId":"3syjb4ys52w6cnd"}
{"type":"log","timestamp":1731247503702,"level":"debug","message":"Replaced assets [\"KhmerOSSiemreapRegular.ttf\"]","meta":{"rootId":"ajxnrt3r2yqwvwo","id":"ajxnrt3r2yqwvwo"},"id":"esfqoj2crbl80i7","previousOperationId":"3syjb4ys52w6cnd"}
{"type":"operationStart","subtype":"engine","name":"handlebars","timestamp":1731247503702,"id":"xpi8bp58v95kr1o","previousEventId":"cdxy8v70i4pc2hy","operationId":"s944wq4knpoycwk","previousOperationId":"3syjb4ys52w6cnd"}
{"type":"log","timestamp":1731247503702,"level":"debug","message":"Rendering engine handlebars","meta":{"rootId":"ajxnrt3r2yqwvwo","id":"ajxnrt3r2yqwvwo"},"id":"ppbz4l88q4x4d31","previousOperationId":"s944wq4knpoycwk"}
{"type":"operationEnd","operationId":"s944wq4knpoycwk","timestamp":1731247503715,"id":"xszuogzh4hvcy8r","previousEventId":"xpi8bp58v95kr1o","previousOperationId":"s944wq4knpoycwk"}
{"type":"operationStart","subtype":"recipe","name":"html-to-xlsx","timestamp":1731247503718,"id":"xpr9ggbcdfx3yhr","previousEventId":"xszuogzh4hvcy8r","operationId":"bya7d4j0blqymbk","previousOperationId":"s944wq4knpoycwk"}
{"type":"log","timestamp":1731247503718,"level":"debug","message":"Executing recipe html-to-xlsx","meta":{"rootId":"ajxnrt3r2yqwvwo","id":"ajxnrt3r2yqwvwo"},"id":"9ib6wmtg4kz3q66","previousOperationId":"bya7d4j0blqymbk"}
{"type":"log","timestamp":1731247503718,"level":"info","message":"html-to-xlsx generation is starting","meta":{"rootId":"ajxnrt3r2yqwvwo","id":"ajxnrt3r2yqwvwo"},"id":"d1hesnjhb5sscnu","previousOperationId":"bya7d4j0blqymbk"}
{"type":"log","timestamp":1731247504372,"level":"info","message":"html-to-xlsx generation was finished","meta":{"rootId":"ajxnrt3r2yqwvwo","id":"ajxnrt3r2yqwvwo"},"id":"qwgt7kcvfmcomio","previousOperationId":"bya7d4j0blqymbk"}
{"type":"log","timestamp":1731247504372,"level":"debug","message":"preparing office preview","meta":{"rootId":"ajxnrt3r2yqwvwo","id":"ajxnrt3r2yqwvwo"},"id":"gdics2gmg1r5kxq","previousOperationId":"bya7d4j0blqymbk"}
{"type":"operationEnd","operationId":"bya7d4j0blqymbk","timestamp":1731247504821,"id":"gpo2qxtpa1d1fpz","previousEventId":"xpr9ggbcdfx3yhr","previousOperationId":"bya7d4j0blqymbk"}
{"type":"log","timestamp":1731247504821,"level":"debug","message":"Skipping storing report.","meta":{"rootId":"ajxnrt3r2yqwvwo","id":"ajxnrt3r2yqwvwo"},"id":"6noa8cwe0ugamdk","previousOperationId":"bya7d4j0blqymbk"}
{"type":"log","timestamp":1731247504821,"level":"info","message":"Rendering request 101 finished in 1133 ms","meta":{"rootId":"ajxnrt3r2yqwvwo","id":"ajxnrt3r2yqwvwo"},"id":"uk963h1165sm89o","previousOperationId":"bya7d4j0blqymbk"}
{"type":"operationEnd","subtype":"render","operationId":"3syjb4ys52w6cnd","timestamp":1731247504821,"id":"ev5109t9425zhh0","previousEventId":"gpo2qxtpa1d1fpz","previousOperationId":"bya7d4j0blqymbk"}
{"type":"operationEnd","doDiffs":false,"previousEventId":"kvlrskmyoflz0wy","previousOperationId":"8w3kqyxf3566y8c","operationId":"8w3kqyxf3566y8c","timestamp":1731247504823,"id":"je8o77uunsdaw8i"}
