{"type":"operationStart","subtype":"profile","data":{"_id":"m3jnNBQYVKuR5H66","timestamp":"2024-11-10T08:54:14.964Z","state":"queued","mode":"standard","creationDate":"2024-11-10T08:54:14.966Z","modificationDate":"2024-11-10T08:54:14.966Z","shortid":"YiEP-NC","inheritedReadPermissions":[],"inheritedEditPermissions":[],"$entitySet":"profiles"},"doDiffs":false,"timestamp":1731228854964,"id":"6mn4tzgehi6zyl7","previousOperationId":null,"operationId":"cooebyab1yqtt30"}
{"type":"log","level":"info","message":"Render request 162 queued for execution and waiting for available worker","previousOperationId":"cooebyab1yqtt30","timestamp":1731228854965,"id":"pbdld22q1j3xevv"}
{"type":"operationStart","subtype":"render","name":"new-excl-template","previousOperationId":"cooebyab1yqtt30","timestamp":1731228854974,"id":"ul7otohv8wxxsk5","previousEventId":"6mn4tzgehi6zyl7","operationId":"mdfp96y1qwy835r"}
{"type":"log","timestamp":1731228854974,"level":"info","message":"Starting rendering request 162 (user: admin)","meta":{"rootId":"ak5t27o3ah0g0tt","id":"ak5t27o3ah0g0tt"},"id":"mafumlmmxy2qcl0","previousOperationId":"mdfp96y1qwy835r"}
{"type":"log","timestamp":1731228854974,"level":"info","message":"Rendering template { name: new-excl-template, recipe: html-to-xlsx, engine: handlebars, preview: true }","meta":{"rootId":"ak5t27o3ah0g0tt","id":"ak5t27o3ah0g0tt"},"id":"lio4ghy1x5nwggd","previousOperationId":"mdfp96y1qwy835r"}
{"type":"log","timestamp":1731228854975,"level":"debug","message":"Inline data specified.","meta":{"rootId":"ak5t27o3ah0g0tt","id":"ak5t27o3ah0g0tt"},"id":"9yy6ww91y3580p7","previousOperationId":"mdfp96y1qwy835r"}
{"type":"log","timestamp":1731228854978,"level":"debug","message":"Base url not specified, skipping its injection.","meta":{"rootId":"ak5t27o3ah0g0tt","id":"ak5t27o3ah0g0tt"},"id":"z3hcyme554xuimn","previousOperationId":"mdfp96y1qwy835r"}
{"type":"log","timestamp":1731228854980,"level":"debug","message":"Replaced assets [\"KhmerOSSiemreapRegular.ttf\"]","meta":{"rootId":"ak5t27o3ah0g0tt","id":"ak5t27o3ah0g0tt"},"id":"wprb8mm32b0k2ou","previousOperationId":"mdfp96y1qwy835r"}
{"type":"operationStart","subtype":"engine","name":"handlebars","timestamp":1731228854980,"id":"grm21oo1kjtlq6v","previousEventId":"ul7otohv8wxxsk5","operationId":"aynca4a17g0jqv5","previousOperationId":"mdfp96y1qwy835r"}
{"type":"log","timestamp":1731228854980,"level":"debug","message":"Rendering engine handlebars","meta":{"rootId":"ak5t27o3ah0g0tt","id":"ak5t27o3ah0g0tt"},"id":"u2zm1ekf6fnuycl","previousOperationId":"aynca4a17g0jqv5"}
{"type":"operationEnd","operationId":"aynca4a17g0jqv5","timestamp":1731228855006,"id":"8i7d9f4kf22kxzj","previousEventId":"grm21oo1kjtlq6v","previousOperationId":"aynca4a17g0jqv5"}
{"type":"operationStart","subtype":"recipe","name":"html-to-xlsx","timestamp":1731228855013,"id":"iyqxvv9l2o6d4zi","previousEventId":"8i7d9f4kf22kxzj","operationId":"m9xhx2e4ohfxpmm","previousOperationId":"aynca4a17g0jqv5"}
{"type":"log","timestamp":1731228855013,"level":"debug","message":"Executing recipe html-to-xlsx","meta":{"rootId":"ak5t27o3ah0g0tt","id":"ak5t27o3ah0g0tt"},"id":"pqvwiiadvtrh160","previousOperationId":"m9xhx2e4ohfxpmm"}
{"type":"log","timestamp":1731228855013,"level":"info","message":"html-to-xlsx generation is starting","meta":{"rootId":"ak5t27o3ah0g0tt","id":"ak5t27o3ah0g0tt"},"id":"rnxp0n601xee9z2","previousOperationId":"m9xhx2e4ohfxpmm"}
{"type":"log","timestamp":1731228855013,"level":"info","message":"html-to-xlsx is going to insert table generation into base xlsx template","meta":{"rootId":"ak5t27o3ah0g0tt","id":"ak5t27o3ah0g0tt"},"id":"scgm9ennp03fe52","previousOperationId":"m9xhx2e4ohfxpmm"}
{"type":"log","timestamp":1731228856282,"level":"info","message":"html-to-xlsx generation was finished","meta":{"rootId":"ak5t27o3ah0g0tt","id":"ak5t27o3ah0g0tt"},"id":"mhgk6qhn7cxgwo9","previousOperationId":"m9xhx2e4ohfxpmm"}
{"type":"log","timestamp":1731228856282,"level":"debug","message":"preparing office preview","meta":{"rootId":"ak5t27o3ah0g0tt","id":"ak5t27o3ah0g0tt"},"id":"xrwqhbhcoavh4fl","previousOperationId":"m9xhx2e4ohfxpmm"}
{"type":"operationEnd","operationId":"m9xhx2e4ohfxpmm","timestamp":1731228856956,"id":"37ddhssh3g1yvd0","previousEventId":"iyqxvv9l2o6d4zi","previousOperationId":"m9xhx2e4ohfxpmm"}
{"type":"log","timestamp":1731228856956,"level":"debug","message":"Skipping storing report.","meta":{"rootId":"ak5t27o3ah0g0tt","id":"ak5t27o3ah0g0tt"},"id":"cqwrc3ichvrfl3e","previousOperationId":"m9xhx2e4ohfxpmm"}
{"type":"log","timestamp":1731228856956,"level":"info","message":"Rendering request 162 finished in 1993 ms","meta":{"rootId":"ak5t27o3ah0g0tt","id":"ak5t27o3ah0g0tt"},"id":"1v5ydwgeguu4ace","previousOperationId":"m9xhx2e4ohfxpmm"}
{"type":"operationEnd","subtype":"render","operationId":"mdfp96y1qwy835r","timestamp":1731228856956,"id":"q6l901f6igukgnp","previousEventId":"37ddhssh3g1yvd0","previousOperationId":"m9xhx2e4ohfxpmm"}
{"type":"operationEnd","doDiffs":false,"previousEventId":"6mn4tzgehi6zyl7","previousOperationId":"cooebyab1yqtt30","operationId":"cooebyab1yqtt30","timestamp":1731228856958,"id":"hj674yb3x09h937"}
