{"type":"operationStart","subtype":"profile","data":{"_id":"44LTsQSo7TKvjzy7","timestamp":"2024-11-10T14:43:28.897Z","state":"queued","mode":"standard","creationDate":"2024-11-10T14:43:28.899Z","modificationDate":"2024-11-10T14:43:28.899Z","shortid":"4ynYygR","inheritedReadPermissions":[],"inheritedEditPermissions":[],"$entitySet":"profiles"},"doDiffs":false,"timestamp":1731249808898,"id":"uusgwg5elw8e7qw","previousOperationId":null,"operationId":"3mwqlrjsu6905ar"}
{"type":"log","level":"info","message":"Render request 164 queued for execution and waiting for available worker","previousOperationId":"3mwqlrjsu6905ar","timestamp":1731249808898,"id":"nrezsewkiihdz9s"}
{"type":"operationStart","subtype":"render","name":"new-excl-template","previousOperationId":"3mwqlrjsu6905ar","timestamp":1731249808907,"id":"bhrfsqs06s6ye2a","previousEventId":"uusgwg5elw8e7qw","operationId":"zsz08bkgppufe79"}
{"type":"log","timestamp":1731249808907,"level":"info","message":"Starting rendering request 164 (user: admin)","meta":{"rootId":"amtm2p9cgew8zpf","id":"amtm2p9cgew8zpf"},"id":"att143nqcwqsv16","previousOperationId":"zsz08bkgppufe79"}
{"type":"log","timestamp":1731249808907,"level":"info","message":"Rendering template { name: new-excl-template, recipe: html-to-xlsx, engine: handlebars, preview: true }","meta":{"rootId":"amtm2p9cgew8zpf","id":"amtm2p9cgew8zpf"},"id":"zjl8dxtv1r6k47e","previousOperationId":"zsz08bkgppufe79"}
{"type":"log","timestamp":1731249808907,"level":"debug","message":"Inline data specified.","meta":{"rootId":"amtm2p9cgew8zpf","id":"amtm2p9cgew8zpf"},"id":"jvm71itc70evgag","previousOperationId":"zsz08bkgppufe79"}
{"type":"log","timestamp":1731249808908,"level":"debug","message":"Base url not specified, skipping its injection.","meta":{"rootId":"amtm2p9cgew8zpf","id":"amtm2p9cgew8zpf"},"id":"46wdolyjwmeqjq5","previousOperationId":"zsz08bkgppufe79"}
{"type":"log","timestamp":1731249808910,"level":"debug","message":"Replaced assets [\"KhmerOSSiemreapRegular.ttf\"]","meta":{"rootId":"amtm2p9cgew8zpf","id":"amtm2p9cgew8zpf"},"id":"yqfl5wy5pwl5hmv","previousOperationId":"zsz08bkgppufe79"}
{"type":"operationStart","subtype":"engine","name":"handlebars","timestamp":1731249808910,"id":"gk9a189er96m29q","previousEventId":"bhrfsqs06s6ye2a","operationId":"3doe7pkywqkn348","previousOperationId":"zsz08bkgppufe79"}
{"type":"log","timestamp":1731249808910,"level":"debug","message":"Rendering engine handlebars","meta":{"rootId":"amtm2p9cgew8zpf","id":"amtm2p9cgew8zpf"},"id":"pyve8mhg1wwf1s5","previousOperationId":"3doe7pkywqkn348"}
{"type":"operationEnd","operationId":"3doe7pkywqkn348","timestamp":1731249808923,"id":"5a6hau69xyk25i5","previousEventId":"gk9a189er96m29q","previousOperationId":"3doe7pkywqkn348"}
{"type":"operationStart","subtype":"recipe","name":"html-to-xlsx","timestamp":1731249808925,"id":"lkfyswaammyzo2g","previousEventId":"5a6hau69xyk25i5","operationId":"9yczg1cda1pgs7k","previousOperationId":"3doe7pkywqkn348"}
{"type":"log","timestamp":1731249808925,"level":"debug","message":"Executing recipe html-to-xlsx","meta":{"rootId":"amtm2p9cgew8zpf","id":"amtm2p9cgew8zpf"},"id":"pjixbyd4awaneuk","previousOperationId":"9yczg1cda1pgs7k"}
{"type":"log","timestamp":1731249808925,"level":"info","message":"html-to-xlsx generation is starting","meta":{"rootId":"amtm2p9cgew8zpf","id":"amtm2p9cgew8zpf"},"id":"4bo4hjp0mlue44d","previousOperationId":"9yczg1cda1pgs7k"}
{"type":"log","timestamp":1731249809544,"level":"info","message":"html-to-xlsx generation was finished","meta":{"rootId":"amtm2p9cgew8zpf","id":"amtm2p9cgew8zpf"},"id":"63gchlj1nv3w5p8","previousOperationId":"9yczg1cda1pgs7k"}
{"type":"log","timestamp":1731249809545,"level":"debug","message":"preparing office preview","meta":{"rootId":"amtm2p9cgew8zpf","id":"amtm2p9cgew8zpf"},"id":"hmzwfkgfuqb5tv9","previousOperationId":"9yczg1cda1pgs7k"}
{"type":"operationEnd","operationId":"9yczg1cda1pgs7k","timestamp":1731249809996,"id":"eo1ivhy6gmmnwyq","previousEventId":"lkfyswaammyzo2g","previousOperationId":"9yczg1cda1pgs7k"}
{"type":"log","timestamp":1731249809996,"level":"debug","message":"Skipping storing report.","meta":{"rootId":"amtm2p9cgew8zpf","id":"amtm2p9cgew8zpf"},"id":"0x7fuqnzqkqcri6","previousOperationId":"9yczg1cda1pgs7k"}
{"type":"log","timestamp":1731249809996,"level":"info","message":"Rendering request 164 finished in 1099 ms","meta":{"rootId":"amtm2p9cgew8zpf","id":"amtm2p9cgew8zpf"},"id":"qxjoj0rf4no6ju4","previousOperationId":"9yczg1cda1pgs7k"}
{"type":"operationEnd","subtype":"render","operationId":"zsz08bkgppufe79","timestamp":1731249809996,"id":"qijirbl2m30uwwg","previousEventId":"eo1ivhy6gmmnwyq","previousOperationId":"9yczg1cda1pgs7k"}
{"type":"operationEnd","doDiffs":false,"previousEventId":"uusgwg5elw8e7qw","previousOperationId":"3mwqlrjsu6905ar","operationId":"3mwqlrjsu6905ar","timestamp":1731249809998,"id":"rqad4c24bn9s1bf"}
