{"type":"operationStart","subtype":"profile","data":{"_id":"o0LLfpm6Yo4A3U0a","timestamp":"2024-11-10T08:59:18.215Z","state":"queued","mode":"standard","creationDate":"2024-11-10T08:59:18.218Z","modificationDate":"2024-11-10T08:59:18.218Z","shortid":"ztkU0rI","inheritedReadPermissions":[],"inheritedEditPermissions":[],"$entitySet":"profiles"},"doDiffs":false,"timestamp":1731229158216,"id":"7k8it7dbn0hav6h","previousOperationId":null,"operationId":"zpaojfdvwymhsql"}
{"type":"log","level":"info","message":"Render request 171 queued for execution and waiting for available worker","previousOperationId":"zpaojfdvwymhsql","timestamp":1731229158217,"id":"puruymfzu4bw63e"}
{"type":"operationStart","subtype":"render","name":"new-excl-template","previousOperationId":"zpaojfdvwymhsql","timestamp":1731229158226,"id":"rwc3lydmkucko48","previousEventId":"7k8it7dbn0hav6h","operationId":"1qplowp4fj0xnve"}
{"type":"log","timestamp":1731229158226,"level":"info","message":"Starting rendering request 171 (user: admin)","meta":{"rootId":"arm7yj274z5j3yy","id":"arm7yj274z5j3yy"},"id":"ii51i0r7oae2r6c","previousOperationId":"1qplowp4fj0xnve"}
{"type":"log","timestamp":1731229158226,"level":"info","message":"Rendering template { name: new-excl-template, recipe: html-to-xlsx, engine: handlebars, preview: true }","meta":{"rootId":"arm7yj274z5j3yy","id":"arm7yj274z5j3yy"},"id":"q3jqbsxc3t8pihe","previousOperationId":"1qplowp4fj0xnve"}
{"type":"log","timestamp":1731229158228,"level":"debug","message":"Adding sample data pVkbCM7am","meta":{"rootId":"arm7yj274z5j3yy","id":"arm7yj274z5j3yy"},"id":"x3b11sn24ws6uow","previousOperationId":"1qplowp4fj0xnve"}
{"type":"log","timestamp":1731229158230,"level":"debug","message":"Base url not specified, skipping its injection.","meta":{"rootId":"arm7yj274z5j3yy","id":"arm7yj274z5j3yy"},"id":"h615btubkkhr0i6","previousOperationId":"1qplowp4fj0xnve"}
{"type":"log","timestamp":1731229158232,"level":"debug","message":"Replaced assets [\"KhmerOSSiemreapRegular.ttf\"]","meta":{"rootId":"arm7yj274z5j3yy","id":"arm7yj274z5j3yy"},"id":"66u7ngqu25nal1c","previousOperationId":"1qplowp4fj0xnve"}
{"type":"operationStart","subtype":"engine","name":"handlebars","timestamp":1731229158232,"id":"fbralzufbalvrsv","previousEventId":"rwc3lydmkucko48","operationId":"nxvld0mrltdglfe","previousOperationId":"1qplowp4fj0xnve"}
{"type":"log","timestamp":1731229158232,"level":"debug","message":"Rendering engine handlebars","meta":{"rootId":"arm7yj274z5j3yy","id":"arm7yj274z5j3yy"},"id":"9j881e24pkghc3p","previousOperationId":"nxvld0mrltdglfe"}
{"type":"operationEnd","operationId":"nxvld0mrltdglfe","timestamp":1731229158251,"id":"hnjiiz0k3nf721i","previousEventId":"fbralzufbalvrsv","previousOperationId":"nxvld0mrltdglfe"}
{"type":"operationStart","subtype":"recipe","name":"html-to-xlsx","timestamp":1731229158255,"id":"i2smcxrfuywf043","previousEventId":"hnjiiz0k3nf721i","operationId":"ucymgyeiuudxgj2","previousOperationId":"nxvld0mrltdglfe"}
{"type":"log","timestamp":1731229158255,"level":"debug","message":"Executing recipe html-to-xlsx","meta":{"rootId":"arm7yj274z5j3yy","id":"arm7yj274z5j3yy"},"id":"abqpstvs7v6efnf","previousOperationId":"ucymgyeiuudxgj2"}
{"type":"log","timestamp":1731229158255,"level":"info","message":"html-to-xlsx generation is starting","meta":{"rootId":"arm7yj274z5j3yy","id":"arm7yj274z5j3yy"},"id":"eeclyo7kegs6nhf","previousOperationId":"ucymgyeiuudxgj2"}
{"type":"log","timestamp":1731229159014,"level":"info","message":"html-to-xlsx generation was finished","meta":{"rootId":"arm7yj274z5j3yy","id":"arm7yj274z5j3yy"},"id":"bllrmhg2hj6gv66","previousOperationId":"ucymgyeiuudxgj2"}
{"type":"log","timestamp":1731229159014,"level":"debug","message":"preparing office preview","meta":{"rootId":"arm7yj274z5j3yy","id":"arm7yj274z5j3yy"},"id":"06bqtiff8oolxaa","previousOperationId":"ucymgyeiuudxgj2"}
{"type":"operationEnd","operationId":"ucymgyeiuudxgj2","timestamp":1731229159463,"id":"5c01uma8789gafd","previousEventId":"i2smcxrfuywf043","previousOperationId":"ucymgyeiuudxgj2"}
{"type":"log","timestamp":1731229159464,"level":"debug","message":"Skipping storing report.","meta":{"rootId":"arm7yj274z5j3yy","id":"arm7yj274z5j3yy"},"id":"zpwsvd3fsjfvv62","previousOperationId":"ucymgyeiuudxgj2"}
{"type":"log","timestamp":1731229159464,"level":"info","message":"Rendering request 171 finished in 1249 ms","meta":{"rootId":"arm7yj274z5j3yy","id":"arm7yj274z5j3yy"},"id":"wio86uykjtrqovw","previousOperationId":"ucymgyeiuudxgj2"}
{"type":"operationEnd","subtype":"render","operationId":"1qplowp4fj0xnve","timestamp":1731229159464,"id":"2ofjorsw1rsl6j0","previousEventId":"5c01uma8789gafd","previousOperationId":"ucymgyeiuudxgj2"}
{"type":"operationEnd","doDiffs":false,"previousEventId":"7k8it7dbn0hav6h","previousOperationId":"zpaojfdvwymhsql","operationId":"zpaojfdvwymhsql","timestamp":1731229159465,"id":"yge0eiuvnnyltfn"}
