{"type":"operationStart","subtype":"profile","data":{"_id":"V5926WALuLJfoLvM","timestamp":"2024-11-10T09:59:10.615Z","state":"queued","mode":"standard","creationDate":"2024-11-10T09:59:10.618Z","modificationDate":"2024-11-10T09:59:10.618Z","shortid":"OR5zx5Z","inheritedReadPermissions":[],"inheritedEditPermissions":[],"$entitySet":"profiles"},"doDiffs":false,"timestamp":1731232750617,"id":"x9r8xji7w99gzkc","previousOperationId":null,"operationId":"omizhzg0rftq4dg"}
{"type":"log","level":"info","message":"Render request 279 queued for execution and waiting for available worker","previousOperationId":"omizhzg0rftq4dg","timestamp":1731232750617,"id":"qld4e09fdr68jjn"}
{"type":"operationStart","subtype":"render","name":"new-excl-template","previousOperationId":"omizhzg0rftq4dg","timestamp":1731232750627,"id":"ywnghvuexs18bje","previousEventId":"x9r8xji7w99gzkc","operationId":"z7opht83ykqws4o"}
{"type":"log","timestamp":1731232750627,"level":"info","message":"Starting rendering request 279 (user: admin)","meta":{"rootId":"atn7bp782kzjk80","id":"atn7bp782kzjk80"},"id":"8gnaoix308bgzv3","previousOperationId":"z7opht83ykqws4o"}
{"type":"log","timestamp":1731232750627,"level":"info","message":"Rendering template { name: new-excl-template, recipe: html-to-xlsx, engine: handlebars, preview: true }","meta":{"rootId":"atn7bp782kzjk80","id":"atn7bp782kzjk80"},"id":"hjd0qke29yow2ag","previousOperationId":"z7opht83ykqws4o"}
{"type":"log","timestamp":1731232750628,"level":"debug","message":"Adding sample data pVkbCM7am","meta":{"rootId":"atn7bp782kzjk80","id":"atn7bp782kzjk80"},"id":"licdtul07kmuk7y","previousOperationId":"z7opht83ykqws4o"}
{"type":"log","timestamp":1731232750629,"level":"debug","message":"Base url not specified, skipping its injection.","meta":{"rootId":"atn7bp782kzjk80","id":"atn7bp782kzjk80"},"id":"8maw74wiglmavw7","previousOperationId":"z7opht83ykqws4o"}
{"type":"log","timestamp":1731232750631,"level":"debug","message":"Replaced assets [\"KhmerOSSiemreapRegular.ttf\"]","meta":{"rootId":"atn7bp782kzjk80","id":"atn7bp782kzjk80"},"id":"g47nyeyijblbutk","previousOperationId":"z7opht83ykqws4o"}
{"type":"operationStart","subtype":"engine","name":"handlebars","timestamp":1731232750631,"id":"yc3v87mual2dfbz","previousEventId":"ywnghvuexs18bje","operationId":"riofp7eq5jb34na","previousOperationId":"z7opht83ykqws4o"}
{"type":"log","timestamp":1731232750631,"level":"debug","message":"Rendering engine handlebars","meta":{"rootId":"atn7bp782kzjk80","id":"atn7bp782kzjk80"},"id":"rvwwuw12op7l0ka","previousOperationId":"riofp7eq5jb34na"}
{"type":"operationEnd","operationId":"riofp7eq5jb34na","timestamp":1731232750646,"id":"co0nbgibbam8yw2","previousEventId":"yc3v87mual2dfbz","previousOperationId":"riofp7eq5jb34na"}
{"type":"operationStart","subtype":"recipe","name":"html-to-xlsx","timestamp":1731232750648,"id":"011qm4p2r3u2xey","previousEventId":"co0nbgibbam8yw2","operationId":"ow9b2qtpliw858j","previousOperationId":"riofp7eq5jb34na"}
{"type":"log","timestamp":1731232750648,"level":"debug","message":"Executing recipe html-to-xlsx","meta":{"rootId":"atn7bp782kzjk80","id":"atn7bp782kzjk80"},"id":"hpzkgwuhb1xmdd1","previousOperationId":"ow9b2qtpliw858j"}
{"type":"log","timestamp":1731232750648,"level":"info","message":"html-to-xlsx generation is starting","meta":{"rootId":"atn7bp782kzjk80","id":"atn7bp782kzjk80"},"id":"41tw2ucetyxanxn","previousOperationId":"ow9b2qtpliw858j"}
{"type":"log","timestamp":1731232751148,"level":"info","message":"html-to-xlsx generation was finished","meta":{"rootId":"atn7bp782kzjk80","id":"atn7bp782kzjk80"},"id":"xmt2j155vhxul1e","previousOperationId":"ow9b2qtpliw858j"}
{"type":"log","timestamp":1731232751148,"level":"debug","message":"preparing office preview","meta":{"rootId":"atn7bp782kzjk80","id":"atn7bp782kzjk80"},"id":"driuidxvqr6s88f","previousOperationId":"ow9b2qtpliw858j"}
{"type":"operationEnd","operationId":"ow9b2qtpliw858j","timestamp":1731232751593,"id":"yqutu889q0fc65a","previousEventId":"011qm4p2r3u2xey","previousOperationId":"ow9b2qtpliw858j"}
{"type":"log","timestamp":1731232751593,"level":"debug","message":"Skipping storing report.","meta":{"rootId":"atn7bp782kzjk80","id":"atn7bp782kzjk80"},"id":"t0rptdrr94z2p3a","previousOperationId":"ow9b2qtpliw858j"}
{"type":"log","timestamp":1731232751593,"level":"info","message":"Rendering request 279 finished in 978 ms","meta":{"rootId":"atn7bp782kzjk80","id":"atn7bp782kzjk80"},"id":"89i5j644ytk6bk9","previousOperationId":"ow9b2qtpliw858j"}
{"type":"operationEnd","subtype":"render","operationId":"z7opht83ykqws4o","timestamp":1731232751593,"id":"99gi0o2xgm8gy2r","previousEventId":"yqutu889q0fc65a","previousOperationId":"ow9b2qtpliw858j"}
{"type":"operationEnd","doDiffs":false,"previousEventId":"x9r8xji7w99gzkc","previousOperationId":"omizhzg0rftq4dg","operationId":"omizhzg0rftq4dg","timestamp":1731232751595,"id":"ojx4npq2f7z7m04"}
