{"type":"operationStart","subtype":"profile","data":{"_id":"VXpAmknO7bMt2glx","timestamp":"2024-11-10T13:52:17.146Z","state":"queued","mode":"standard","creationDate":"2024-11-10T13:52:17.147Z","modificationDate":"2024-11-10T13:52:17.147Z","shortid":"f-DU02u","inheritedReadPermissions":[],"inheritedEditPermissions":[],"$entitySet":"profiles"},"doDiffs":false,"timestamp":1731246737146,"id":"bx6yuf424ri9qjy","previousOperationId":null,"operationId":"wqea4u85kfn88uo"}
{"type":"log","level":"info","message":"Render request 87 queued for execution and waiting for available worker","previousOperationId":"wqea4u85kfn88uo","timestamp":1731246737146,"id":"2v8qcy0py8a8ibq"}
{"type":"operationStart","subtype":"render","name":"new-excl-template","previousOperationId":"wqea4u85kfn88uo","timestamp":1731246737153,"id":"zxlxv5zk47uvswj","previousEventId":"bx6yuf424ri9qjy","operationId":"6tas1selgblxcrj"}
{"type":"log","timestamp":1731246737153,"level":"info","message":"Starting rendering request 87 (user: admin)","meta":{"rootId":"axt5mzs8l08p477","id":"axt5mzs8l08p477"},"id":"nah09fsjsvzbamu","previousOperationId":"6tas1selgblxcrj"}
{"type":"log","timestamp":1731246737153,"level":"info","message":"Rendering template { name: new-excl-template, recipe: html-to-xlsx, engine: handlebars, preview: true }","meta":{"rootId":"axt5mzs8l08p477","id":"axt5mzs8l08p477"},"id":"4ihk5hvh807bvwi","previousOperationId":"6tas1selgblxcrj"}
{"type":"log","timestamp":1731246737154,"level":"debug","message":"Inline data specified.","meta":{"rootId":"axt5mzs8l08p477","id":"axt5mzs8l08p477"},"id":"f50hb2i0idr4n8n","previousOperationId":"6tas1selgblxcrj"}
{"type":"log","timestamp":1731246737155,"level":"debug","message":"Base url not specified, skipping its injection.","meta":{"rootId":"axt5mzs8l08p477","id":"axt5mzs8l08p477"},"id":"gzg5p6p2uoa65pn","previousOperationId":"6tas1selgblxcrj"}
{"type":"log","timestamp":1731246737156,"level":"debug","message":"Replaced assets [\"KhmerOSSiemreapRegular.ttf\"]","meta":{"rootId":"axt5mzs8l08p477","id":"axt5mzs8l08p477"},"id":"ks53m7qk5497i2o","previousOperationId":"6tas1selgblxcrj"}
{"type":"operationStart","subtype":"engine","name":"handlebars","timestamp":1731246737156,"id":"xj26j94oqr5dwce","previousEventId":"zxlxv5zk47uvswj","operationId":"67sznblkwwck9dd","previousOperationId":"6tas1selgblxcrj"}
{"type":"log","timestamp":1731246737156,"level":"debug","message":"Rendering engine handlebars","meta":{"rootId":"axt5mzs8l08p477","id":"axt5mzs8l08p477"},"id":"ixgho2j7hebusoi","previousOperationId":"67sznblkwwck9dd"}
{"type":"operationEnd","operationId":"67sznblkwwck9dd","timestamp":1731246737170,"id":"etcc8hqacqt7sbe","previousEventId":"xj26j94oqr5dwce","previousOperationId":"67sznblkwwck9dd"}
{"type":"operationStart","subtype":"recipe","name":"html-to-xlsx","timestamp":1731246737172,"id":"59hvbcvsujlkgup","previousEventId":"etcc8hqacqt7sbe","operationId":"9rws9kzmj80xcyn","previousOperationId":"67sznblkwwck9dd"}
{"type":"log","timestamp":1731246737172,"level":"debug","message":"Executing recipe html-to-xlsx","meta":{"rootId":"axt5mzs8l08p477","id":"axt5mzs8l08p477"},"id":"olbsut06ch4rx9r","previousOperationId":"9rws9kzmj80xcyn"}
{"type":"log","timestamp":1731246737172,"level":"info","message":"html-to-xlsx generation is starting","meta":{"rootId":"axt5mzs8l08p477","id":"axt5mzs8l08p477"},"id":"zxuytks5twejfyp","previousOperationId":"9rws9kzmj80xcyn"}
{"type":"log","timestamp":1731246737735,"level":"info","message":"html-to-xlsx generation was finished","meta":{"rootId":"axt5mzs8l08p477","id":"axt5mzs8l08p477"},"id":"q49het4t0lktdxp","previousOperationId":"9rws9kzmj80xcyn"}
{"type":"log","timestamp":1731246737735,"level":"debug","message":"preparing office preview","meta":{"rootId":"axt5mzs8l08p477","id":"axt5mzs8l08p477"},"id":"xw0mygzzi8xi6g5","previousOperationId":"9rws9kzmj80xcyn"}
{"type":"operationEnd","operationId":"9rws9kzmj80xcyn","timestamp":1731246738187,"id":"2gl1hgwq8p1d08m","previousEventId":"59hvbcvsujlkgup","previousOperationId":"9rws9kzmj80xcyn"}
{"type":"log","timestamp":1731246738187,"level":"debug","message":"Skipping storing report.","meta":{"rootId":"axt5mzs8l08p477","id":"axt5mzs8l08p477"},"id":"sisp3usgs94si4c","previousOperationId":"9rws9kzmj80xcyn"}
{"type":"log","timestamp":1731246738187,"level":"info","message":"Rendering request 87 finished in 1041 ms","meta":{"rootId":"axt5mzs8l08p477","id":"axt5mzs8l08p477"},"id":"wefodorh6lezjyw","previousOperationId":"9rws9kzmj80xcyn"}
{"type":"operationEnd","subtype":"render","operationId":"6tas1selgblxcrj","timestamp":1731246738187,"id":"h62j9dn4ewyta3o","previousEventId":"2gl1hgwq8p1d08m","previousOperationId":"9rws9kzmj80xcyn"}
{"type":"operationEnd","doDiffs":false,"previousEventId":"bx6yuf424ri9qjy","previousOperationId":"wqea4u85kfn88uo","operationId":"wqea4u85kfn88uo","timestamp":1731246738189,"id":"5jsnue4f1qol9rq"}
