{"type":"operationStart","subtype":"profile","data":{"_id":"JyYJayCexjuaMkFq","timestamp":"2024-11-10T14:09:27.282Z","state":"queued","mode":"standard","creationDate":"2024-11-10T14:09:27.283Z","modificationDate":"2024-11-10T14:09:27.283Z","shortid":"rq2T-NX","inheritedReadPermissions":[],"inheritedEditPermissions":[],"$entitySet":"profiles"},"doDiffs":false,"timestamp":1731247767282,"id":"u2om8466q0y86zt","previousOperationId":null,"operationId":"rmt0gyb1w3iz6hh"}
{"type":"log","level":"info","message":"Render request 112 queued for execution and waiting for available worker","previousOperationId":"rmt0gyb1w3iz6hh","timestamp":1731247767282,"id":"1gzkmtvy8e637ce"}
{"type":"operationStart","subtype":"render","name":"new-excl-template","previousOperationId":"rmt0gyb1w3iz6hh","timestamp":1731247767293,"id":"eyulnjvkdx4wrad","previousEventId":"u2om8466q0y86zt","operationId":"2vswsvmnxz5rr40"}
{"type":"log","timestamp":1731247767293,"level":"info","message":"Starting rendering request 112 (user: admin)","meta":{"rootId":"azssyy9xxw14ghj","id":"azssyy9xxw14ghj"},"id":"optmyb4k1pt12y9","previousOperationId":"2vswsvmnxz5rr40"}
{"type":"log","timestamp":1731247767293,"level":"info","message":"Rendering template { name: new-excl-template, recipe: html-to-xlsx, engine: handlebars, preview: true }","meta":{"rootId":"azssyy9xxw14ghj","id":"azssyy9xxw14ghj"},"id":"lke5weqh0caol30","previousOperationId":"2vswsvmnxz5rr40"}
{"type":"log","timestamp":1731247767293,"level":"debug","message":"Inline data specified.","meta":{"rootId":"azssyy9xxw14ghj","id":"azssyy9xxw14ghj"},"id":"9haefkl4vjvgrkn","previousOperationId":"2vswsvmnxz5rr40"}
{"type":"log","timestamp":1731247767294,"level":"debug","message":"Base url not specified, skipping its injection.","meta":{"rootId":"azssyy9xxw14ghj","id":"azssyy9xxw14ghj"},"id":"z7ocsbk4ho9tzq7","previousOperationId":"2vswsvmnxz5rr40"}
{"type":"log","timestamp":1731247767298,"level":"debug","message":"Replaced assets [\"KhmerOSSiemreapRegular.ttf\"]","meta":{"rootId":"azssyy9xxw14ghj","id":"azssyy9xxw14ghj"},"id":"aagxp22hqs4zygu","previousOperationId":"2vswsvmnxz5rr40"}
{"type":"operationStart","subtype":"engine","name":"handlebars","timestamp":1731247767299,"id":"trlybejccfkqgm8","previousEventId":"eyulnjvkdx4wrad","operationId":"ic0ftjjee1o7h25","previousOperationId":"2vswsvmnxz5rr40"}
{"type":"log","timestamp":1731247767299,"level":"debug","message":"Rendering engine handlebars","meta":{"rootId":"azssyy9xxw14ghj","id":"azssyy9xxw14ghj"},"id":"kqf1pnsknugnlzh","previousOperationId":"ic0ftjjee1o7h25"}
{"type":"operationEnd","operationId":"ic0ftjjee1o7h25","timestamp":1731247767311,"id":"71uflkzd8mgnoaj","previousEventId":"trlybejccfkqgm8","previousOperationId":"ic0ftjjee1o7h25"}
{"type":"operationStart","subtype":"recipe","name":"html-to-xlsx","timestamp":1731247767312,"id":"j7tpu5m1f9bx7ld","previousEventId":"71uflkzd8mgnoaj","operationId":"ntfflzgi6fq5u5e","previousOperationId":"ic0ftjjee1o7h25"}
{"type":"log","timestamp":1731247767312,"level":"debug","message":"Executing recipe html-to-xlsx","meta":{"rootId":"azssyy9xxw14ghj","id":"azssyy9xxw14ghj"},"id":"zy3nylz7x5oxlns","previousOperationId":"ntfflzgi6fq5u5e"}
{"type":"log","timestamp":1731247767312,"level":"info","message":"html-to-xlsx generation is starting","meta":{"rootId":"azssyy9xxw14ghj","id":"azssyy9xxw14ghj"},"id":"lz1a20gpyxurlyd","previousOperationId":"ntfflzgi6fq5u5e"}
{"type":"log","timestamp":1731247767868,"level":"info","message":"html-to-xlsx generation was finished","meta":{"rootId":"azssyy9xxw14ghj","id":"azssyy9xxw14ghj"},"id":"nbd78vhe0n297yf","previousOperationId":"ntfflzgi6fq5u5e"}
{"type":"log","timestamp":1731247767868,"level":"debug","message":"preparing office preview","meta":{"rootId":"azssyy9xxw14ghj","id":"azssyy9xxw14ghj"},"id":"qkgxt5ljq4jlfr9","previousOperationId":"ntfflzgi6fq5u5e"}
{"type":"operationEnd","operationId":"ntfflzgi6fq5u5e","timestamp":1731247768324,"id":"n12e91bruonpk5y","previousEventId":"j7tpu5m1f9bx7ld","previousOperationId":"ntfflzgi6fq5u5e"}
{"type":"log","timestamp":1731247768324,"level":"debug","message":"Skipping storing report.","meta":{"rootId":"azssyy9xxw14ghj","id":"azssyy9xxw14ghj"},"id":"jddbdz4xc8rrzfc","previousOperationId":"ntfflzgi6fq5u5e"}
{"type":"log","timestamp":1731247768324,"level":"info","message":"Rendering request 112 finished in 1043 ms","meta":{"rootId":"azssyy9xxw14ghj","id":"azssyy9xxw14ghj"},"id":"4s9ffg8zg1mhryi","previousOperationId":"ntfflzgi6fq5u5e"}
{"type":"operationEnd","subtype":"render","operationId":"2vswsvmnxz5rr40","timestamp":1731247768324,"id":"4c2wxfwosbozxc8","previousEventId":"n12e91bruonpk5y","previousOperationId":"ntfflzgi6fq5u5e"}
{"type":"operationEnd","doDiffs":false,"previousEventId":"u2om8466q0y86zt","previousOperationId":"rmt0gyb1w3iz6hh","operationId":"rmt0gyb1w3iz6hh","timestamp":1731247768327,"id":"o8ltle9pjbzffjy"}
