{"type":"operationStart","subtype":"profile","data":{"_id":"Mu6w0li8RkM2A2Z5","timestamp":"2024-11-10T13:59:12.290Z","state":"queued","mode":"standard","creationDate":"2024-11-10T13:59:12.292Z","modificationDate":"2024-11-10T13:59:12.292Z","shortid":"RbGOf2h","inheritedReadPermissions":[],"inheritedEditPermissions":[],"$entitySet":"profiles"},"doDiffs":false,"timestamp":1731247152291,"id":"bn6kcar1x8aldgk","previousOperationId":null,"operationId":"y7nvn03z0o6b79f"}
{"type":"log","level":"info","message":"Render request 93 queued for execution and waiting for available worker","previousOperationId":"y7nvn03z0o6b79f","timestamp":1731247152291,"id":"v8t2l3e942lag1j"}
{"type":"operationStart","subtype":"render","name":"new-excl-template","previousOperationId":"y7nvn03z0o6b79f","timestamp":1731247152301,"id":"e10xi1fbcophemu","previousEventId":"bn6kcar1x8aldgk","operationId":"lus57ehzmc3xdf1"}
{"type":"log","timestamp":1731247152301,"level":"info","message":"Starting rendering request 93 (user: admin)","meta":{"rootId":"b5ro8512ut5d1pn","id":"b5ro8512ut5d1pn"},"id":"d1dy2jgkz9t44gy","previousOperationId":"lus57ehzmc3xdf1"}
{"type":"log","timestamp":1731247152301,"level":"info","message":"Rendering template { name: new-excl-template, recipe: html-to-xlsx, engine: handlebars, preview: true }","meta":{"rootId":"b5ro8512ut5d1pn","id":"b5ro8512ut5d1pn"},"id":"5ym1ebddjn1znrb","previousOperationId":"lus57ehzmc3xdf1"}
{"type":"log","timestamp":1731247152302,"level":"debug","message":"Inline data specified.","meta":{"rootId":"b5ro8512ut5d1pn","id":"b5ro8512ut5d1pn"},"id":"hf2x4h5grl4dc61","previousOperationId":"lus57ehzmc3xdf1"}
{"type":"log","timestamp":1731247152304,"level":"debug","message":"Base url not specified, skipping its injection.","meta":{"rootId":"b5ro8512ut5d1pn","id":"b5ro8512ut5d1pn"},"id":"y6tiwe964huyi2i","previousOperationId":"lus57ehzmc3xdf1"}
{"type":"log","timestamp":1731247152305,"level":"debug","message":"Replaced assets [\"KhmerOSSiemreapRegular.ttf\"]","meta":{"rootId":"b5ro8512ut5d1pn","id":"b5ro8512ut5d1pn"},"id":"iy7oop281gbu8bm","previousOperationId":"lus57ehzmc3xdf1"}
{"type":"operationStart","subtype":"engine","name":"handlebars","timestamp":1731247152306,"id":"eoktipuk2y90xd1","previousEventId":"e10xi1fbcophemu","operationId":"xr9qfwiuljsb2aw","previousOperationId":"lus57ehzmc3xdf1"}
{"type":"log","timestamp":1731247152306,"level":"debug","message":"Rendering engine handlebars","meta":{"rootId":"b5ro8512ut5d1pn","id":"b5ro8512ut5d1pn"},"id":"j16ie57n3hdrzg5","previousOperationId":"xr9qfwiuljsb2aw"}
{"type":"operationEnd","operationId":"xr9qfwiuljsb2aw","timestamp":1731247152321,"id":"osygsa88ac44zxr","previousEventId":"eoktipuk2y90xd1","previousOperationId":"xr9qfwiuljsb2aw"}
{"type":"operationStart","subtype":"recipe","name":"html-to-xlsx","timestamp":1731247152322,"id":"axmg2mh387barxu","previousEventId":"osygsa88ac44zxr","operationId":"i296plxr7655s65","previousOperationId":"xr9qfwiuljsb2aw"}
{"type":"log","timestamp":1731247152322,"level":"debug","message":"Executing recipe html-to-xlsx","meta":{"rootId":"b5ro8512ut5d1pn","id":"b5ro8512ut5d1pn"},"id":"2amycmm59rk07d6","previousOperationId":"i296plxr7655s65"}
{"type":"log","timestamp":1731247152322,"level":"info","message":"html-to-xlsx generation is starting","meta":{"rootId":"b5ro8512ut5d1pn","id":"b5ro8512ut5d1pn"},"id":"vofq85nd5h5jzy5","previousOperationId":"i296plxr7655s65"}
{"type":"log","timestamp":1731247152956,"level":"info","message":"html-to-xlsx generation was finished","meta":{"rootId":"b5ro8512ut5d1pn","id":"b5ro8512ut5d1pn"},"id":"fsc4cclx46xpgll","previousOperationId":"i296plxr7655s65"}
{"type":"log","timestamp":1731247152957,"level":"debug","message":"preparing office preview","meta":{"rootId":"b5ro8512ut5d1pn","id":"b5ro8512ut5d1pn"},"id":"fnfxo699n4fokgr","previousOperationId":"i296plxr7655s65"}
{"type":"operationEnd","operationId":"i296plxr7655s65","timestamp":1731247153507,"id":"6zipjorvyt046yg","previousEventId":"axmg2mh387barxu","previousOperationId":"i296plxr7655s65"}
{"type":"log","timestamp":1731247153508,"level":"debug","message":"Skipping storing report.","meta":{"rootId":"b5ro8512ut5d1pn","id":"b5ro8512ut5d1pn"},"id":"4186teclquy12rd","previousOperationId":"i296plxr7655s65"}
{"type":"log","timestamp":1731247153508,"level":"info","message":"Rendering request 93 finished in 1218 ms","meta":{"rootId":"b5ro8512ut5d1pn","id":"b5ro8512ut5d1pn"},"id":"fww78nf1rclwkr0","previousOperationId":"i296plxr7655s65"}
{"type":"operationEnd","subtype":"render","operationId":"lus57ehzmc3xdf1","timestamp":1731247153508,"id":"2tgxvzo6179fl5w","previousEventId":"6zipjorvyt046yg","previousOperationId":"i296plxr7655s65"}
{"type":"operationEnd","doDiffs":false,"previousEventId":"bn6kcar1x8aldgk","previousOperationId":"y7nvn03z0o6b79f","operationId":"y7nvn03z0o6b79f","timestamp":1731247153510,"id":"g3xiquvuaxnukf4"}
