{"type":"operationStart","subtype":"profile","data":{"_id":"WRkEzcGL0721GYzu","timestamp":"2024-11-10T09:02:20.376Z","state":"queued","mode":"standard","creationDate":"2024-11-10T09:02:20.377Z","modificationDate":"2024-11-10T09:02:20.377Z","shortid":"Ecc0KDF","inheritedReadPermissions":[],"inheritedEditPermissions":[],"$entitySet":"profiles"},"doDiffs":false,"timestamp":1731229340377,"id":"coyeihypev8dhdw","previousOperationId":null,"operationId":"hax02abjuz05fzx"}
{"type":"log","level":"info","message":"Render request 181 queued for execution and waiting for available worker","previousOperationId":"hax02abjuz05fzx","timestamp":1731229340377,"id":"jity46b5d0hh2dz"}
{"type":"operationStart","subtype":"render","name":"new-excl-template","previousOperationId":"hax02abjuz05fzx","timestamp":1731229340386,"id":"grpa8q2onxpyuav","previousEventId":"coyeihypev8dhdw","operationId":"kdautidm47y6yl5"}
{"type":"log","timestamp":1731229340386,"level":"info","message":"Starting rendering request 181 (user: admin)","meta":{"rootId":"bd5kgcsmiecj04y","id":"bd5kgcsmiecj04y"},"id":"mrb5sel72dgu46e","previousOperationId":"kdautidm47y6yl5"}
{"type":"log","timestamp":1731229340386,"level":"info","message":"Rendering template { name: new-excl-template, recipe: html-to-xlsx, engine: handlebars, preview: true }","meta":{"rootId":"bd5kgcsmiecj04y","id":"bd5kgcsmiecj04y"},"id":"1ctch1pk83871nc","previousOperationId":"kdautidm47y6yl5"}
{"type":"log","timestamp":1731229340387,"level":"debug","message":"Adding sample data pVkbCM7am","meta":{"rootId":"bd5kgcsmiecj04y","id":"bd5kgcsmiecj04y"},"id":"gi6cedth5eptl8m","previousOperationId":"kdautidm47y6yl5"}
{"type":"log","timestamp":1731229340389,"level":"debug","message":"Base url not specified, skipping its injection.","meta":{"rootId":"bd5kgcsmiecj04y","id":"bd5kgcsmiecj04y"},"id":"ze840hmhrgpiv9q","previousOperationId":"kdautidm47y6yl5"}
{"type":"log","timestamp":1731229340394,"level":"debug","message":"Replaced assets [\"KhmerOSSiemreapRegular.ttf\"]","meta":{"rootId":"bd5kgcsmiecj04y","id":"bd5kgcsmiecj04y"},"id":"ju98mdjnf9l97wg","previousOperationId":"kdautidm47y6yl5"}
{"type":"operationStart","subtype":"engine","name":"handlebars","timestamp":1731229340394,"id":"hj5kv4qgnswl15h","previousEventId":"grpa8q2onxpyuav","operationId":"pi0pwxas9768e0j","previousOperationId":"kdautidm47y6yl5"}
{"type":"log","timestamp":1731229340394,"level":"debug","message":"Rendering engine handlebars","meta":{"rootId":"bd5kgcsmiecj04y","id":"bd5kgcsmiecj04y"},"id":"8n7toq46a0gvq5p","previousOperationId":"pi0pwxas9768e0j"}
{"type":"operationEnd","operationId":"pi0pwxas9768e0j","timestamp":1731229340415,"id":"3417q747af44d6h","previousEventId":"hj5kv4qgnswl15h","previousOperationId":"pi0pwxas9768e0j"}
{"type":"operationStart","subtype":"recipe","name":"html-to-xlsx","timestamp":1731229340421,"id":"fyub6ukb9auy5ba","previousEventId":"3417q747af44d6h","operationId":"mpro1ag6ug54tto","previousOperationId":"pi0pwxas9768e0j"}
{"type":"log","timestamp":1731229340421,"level":"debug","message":"Executing recipe html-to-xlsx","meta":{"rootId":"bd5kgcsmiecj04y","id":"bd5kgcsmiecj04y"},"id":"kln16rkjdta1lad","previousOperationId":"mpro1ag6ug54tto"}
{"type":"log","timestamp":1731229340421,"level":"info","message":"html-to-xlsx generation is starting","meta":{"rootId":"bd5kgcsmiecj04y","id":"bd5kgcsmiecj04y"},"id":"8ex1yycm11scg7u","previousOperationId":"mpro1ag6ug54tto"}
{"type":"log","timestamp":1731229341393,"level":"info","message":"html-to-xlsx generation was finished","meta":{"rootId":"bd5kgcsmiecj04y","id":"bd5kgcsmiecj04y"},"id":"svr4vunh1kicxct","previousOperationId":"mpro1ag6ug54tto"}
{"type":"log","timestamp":1731229341393,"level":"debug","message":"preparing office preview","meta":{"rootId":"bd5kgcsmiecj04y","id":"bd5kgcsmiecj04y"},"id":"04t4won3xfkeqct","previousOperationId":"mpro1ag6ug54tto"}
{"type":"operationEnd","operationId":"mpro1ag6ug54tto","timestamp":1731229341838,"id":"our1rq5jd6uyirw","previousEventId":"fyub6ukb9auy5ba","previousOperationId":"mpro1ag6ug54tto"}
{"type":"log","timestamp":1731229341838,"level":"debug","message":"Skipping storing report.","meta":{"rootId":"bd5kgcsmiecj04y","id":"bd5kgcsmiecj04y"},"id":"93cdvd132abr4kc","previousOperationId":"mpro1ag6ug54tto"}
{"type":"log","timestamp":1731229341838,"level":"info","message":"Rendering request 181 finished in 1462 ms","meta":{"rootId":"bd5kgcsmiecj04y","id":"bd5kgcsmiecj04y"},"id":"sf0nxolvmws03a9","previousOperationId":"mpro1ag6ug54tto"}
{"type":"operationEnd","subtype":"render","operationId":"kdautidm47y6yl5","timestamp":1731229341838,"id":"gjb36ynwmjo3w17","previousEventId":"our1rq5jd6uyirw","previousOperationId":"mpro1ag6ug54tto"}
{"type":"operationEnd","doDiffs":false,"previousEventId":"coyeihypev8dhdw","previousOperationId":"hax02abjuz05fzx","operationId":"hax02abjuz05fzx","timestamp":1731229341840,"id":"4tkz8jq59dvyilm"}
