{"type":"operationStart","subtype":"profile","data":{"_id":"05Keqv7XwDh6izuW","timestamp":"2024-11-10T08:45:29.635Z","state":"queued","mode":"standard","creationDate":"2024-11-10T08:45:29.637Z","modificationDate":"2024-11-10T08:45:29.637Z","shortid":"m2ruGxM","inheritedReadPermissions":[],"inheritedEditPermissions":[],"$entitySet":"profiles"},"doDiffs":false,"timestamp":1731228329636,"id":"rtceftscl85jy55","previousOperationId":null,"operationId":"m6w4x7wuce1f4e7"}
{"type":"log","level":"info","message":"Render request 152 queued for execution and waiting for available worker","previousOperationId":"m6w4x7wuce1f4e7","timestamp":1731228329636,"id":"zwjl37yxhgdv19l"}
{"type":"operationStart","subtype":"render","name":"new-excl-template","previousOperationId":"m6w4x7wuce1f4e7","timestamp":1731228329644,"id":"tq01ax0uhx3dmg9","previousEventId":"rtceftscl85jy55","operationId":"o75x6c635y46675"}
{"type":"log","timestamp":1731228329644,"level":"info","message":"Starting rendering request 152 (user: admin)","meta":{"rootId":"bjq628y9tbsg3vy","id":"bjq628y9tbsg3vy"},"id":"gdfxopwb2ultwjs","previousOperationId":"o75x6c635y46675"}
{"type":"log","timestamp":1731228329644,"level":"info","message":"Rendering template { name: new-excl-template, recipe: html-to-xlsx, engine: handlebars, preview: true }","meta":{"rootId":"bjq628y9tbsg3vy","id":"bjq628y9tbsg3vy"},"id":"vww7n0d7l8uit9q","previousOperationId":"o75x6c635y46675"}
{"type":"log","timestamp":1731228329644,"level":"debug","message":"Inline data specified.","meta":{"rootId":"bjq628y9tbsg3vy","id":"bjq628y9tbsg3vy"},"id":"5b6aqtfvr9cvq4u","previousOperationId":"o75x6c635y46675"}
{"type":"log","timestamp":1731228329646,"level":"debug","message":"Base url not specified, skipping its injection.","meta":{"rootId":"bjq628y9tbsg3vy","id":"bjq628y9tbsg3vy"},"id":"rn7f3oxfxd9xvhl","previousOperationId":"o75x6c635y46675"}
{"type":"log","timestamp":1731228329648,"level":"debug","message":"Replaced assets [\"KhmerOSSiemreapRegular.ttf\"]","meta":{"rootId":"bjq628y9tbsg3vy","id":"bjq628y9tbsg3vy"},"id":"78k2hzximrau8mk","previousOperationId":"o75x6c635y46675"}
{"type":"operationStart","subtype":"engine","name":"handlebars","timestamp":1731228329648,"id":"vp17iwvfd3m4mz6","previousEventId":"tq01ax0uhx3dmg9","operationId":"clfs2rw5n9mbuh0","previousOperationId":"o75x6c635y46675"}
{"type":"log","timestamp":1731228329648,"level":"debug","message":"Rendering engine handlebars","meta":{"rootId":"bjq628y9tbsg3vy","id":"bjq628y9tbsg3vy"},"id":"fyootixtsvx0me7","previousOperationId":"clfs2rw5n9mbuh0"}
{"type":"operationEnd","operationId":"clfs2rw5n9mbuh0","timestamp":1731228329666,"id":"t82fiv4vzk5ri8w","previousEventId":"vp17iwvfd3m4mz6","previousOperationId":"clfs2rw5n9mbuh0"}
{"type":"operationStart","subtype":"recipe","name":"html-to-xlsx","timestamp":1731228329669,"id":"3wrpjzc4l3im1ii","previousEventId":"t82fiv4vzk5ri8w","operationId":"us1tmt7a1vetigs","previousOperationId":"clfs2rw5n9mbuh0"}
{"type":"log","timestamp":1731228329669,"level":"debug","message":"Executing recipe html-to-xlsx","meta":{"rootId":"bjq628y9tbsg3vy","id":"bjq628y9tbsg3vy"},"id":"w0d0hgo6wsx8ny2","previousOperationId":"us1tmt7a1vetigs"}
{"type":"log","timestamp":1731228329669,"level":"info","message":"html-to-xlsx generation is starting","meta":{"rootId":"bjq628y9tbsg3vy","id":"bjq628y9tbsg3vy"},"id":"fwuwri76kfjz3to","previousOperationId":"us1tmt7a1vetigs"}
{"type":"log","timestamp":1731228330501,"level":"info","message":"html-to-xlsx generation was finished","meta":{"rootId":"bjq628y9tbsg3vy","id":"bjq628y9tbsg3vy"},"id":"98wtl0benl3lb8h","previousOperationId":"us1tmt7a1vetigs"}
{"type":"log","timestamp":1731228330501,"level":"debug","message":"preparing office preview","meta":{"rootId":"bjq628y9tbsg3vy","id":"bjq628y9tbsg3vy"},"id":"x1ctg6zyfjnjr50","previousOperationId":"us1tmt7a1vetigs"}
{"type":"operationEnd","operationId":"us1tmt7a1vetigs","timestamp":1731228330993,"id":"j86keocbo446rfz","previousEventId":"3wrpjzc4l3im1ii","previousOperationId":"us1tmt7a1vetigs"}
{"type":"log","timestamp":1731228330993,"level":"debug","message":"Skipping storing report.","meta":{"rootId":"bjq628y9tbsg3vy","id":"bjq628y9tbsg3vy"},"id":"g1gkknepgzi65q2","previousOperationId":"us1tmt7a1vetigs"}
{"type":"log","timestamp":1731228330993,"level":"info","message":"Rendering request 152 finished in 1358 ms","meta":{"rootId":"bjq628y9tbsg3vy","id":"bjq628y9tbsg3vy"},"id":"32eddar6wxy2wps","previousOperationId":"us1tmt7a1vetigs"}
{"type":"operationEnd","subtype":"render","operationId":"o75x6c635y46675","timestamp":1731228330993,"id":"a4du6n2ssllesga","previousEventId":"j86keocbo446rfz","previousOperationId":"us1tmt7a1vetigs"}
{"type":"operationEnd","doDiffs":false,"previousEventId":"rtceftscl85jy55","previousOperationId":"m6w4x7wuce1f4e7","operationId":"m6w4x7wuce1f4e7","timestamp":1731228330996,"id":"03a89mpxega0eyf"}
