{"type":"operationStart","subtype":"profile","data":{"_id":"qbFiYsqYkfjWA75b","timestamp":"2024-11-10T09:18:28.123Z","state":"queued","mode":"standard","creationDate":"2024-11-10T09:18:28.125Z","modificationDate":"2024-11-10T09:18:28.125Z","shortid":"sWIDSlO","inheritedReadPermissions":[],"inheritedEditPermissions":[],"$entitySet":"profiles"},"doDiffs":false,"timestamp":1731230308124,"id":"gi8hwo6qwn4wnu3","previousOperationId":null,"operationId":"uj24lbktoepalkj"}
{"type":"log","level":"info","message":"Render request 198 queued for execution and waiting for available worker","previousOperationId":"uj24lbktoepalkj","timestamp":1731230308124,"id":"0a3nsn3v9uhb6pz"}
{"type":"operationStart","subtype":"render","name":"new-excl-template","previousOperationId":"uj24lbktoepalkj","timestamp":1731230308134,"id":"024nj31te038kjp","previousEventId":"gi8hwo6qwn4wnu3","operationId":"8c8g5jpcqihhpbl"}
{"type":"log","timestamp":1731230308134,"level":"info","message":"Starting rendering request 198 (user: admin)","meta":{"rootId":"bohfe1ioafdpqen","id":"bohfe1ioafdpqen"},"id":"mv6g9vf82hskoy0","previousOperationId":"8c8g5jpcqihhpbl"}
{"type":"log","timestamp":1731230308134,"level":"info","message":"Rendering template { name: new-excl-template, recipe: html-to-xlsx, engine: handlebars, preview: true }","meta":{"rootId":"bohfe1ioafdpqen","id":"bohfe1ioafdpqen"},"id":"36d88s4p6in6tjw","previousOperationId":"8c8g5jpcqihhpbl"}
{"type":"log","timestamp":1731230308134,"level":"debug","message":"Inline data specified.","meta":{"rootId":"bohfe1ioafdpqen","id":"bohfe1ioafdpqen"},"id":"1e9i0972buac0n4","previousOperationId":"8c8g5jpcqihhpbl"}
{"type":"log","timestamp":1731230308136,"level":"debug","message":"Base url not specified, skipping its injection.","meta":{"rootId":"bohfe1ioafdpqen","id":"bohfe1ioafdpqen"},"id":"hmkuivlz6u3l0p4","previousOperationId":"8c8g5jpcqihhpbl"}
{"type":"operationStart","subtype":"engine","name":"handlebars","timestamp":1731230308136,"id":"jb4rglparih3bws","previousEventId":"024nj31te038kjp","operationId":"yth11c1vpzik3pq","previousOperationId":"8c8g5jpcqihhpbl"}
{"type":"log","timestamp":1731230308136,"level":"debug","message":"Rendering engine handlebars","meta":{"rootId":"bohfe1ioafdpqen","id":"bohfe1ioafdpqen"},"id":"1te26m83h8abu3y","previousOperationId":"yth11c1vpzik3pq"}
{"type":"operationEnd","operationId":"yth11c1vpzik3pq","timestamp":1731230308148,"id":"krsqx1g9kuligdg","previousEventId":"jb4rglparih3bws","previousOperationId":"yth11c1vpzik3pq"}
{"type":"operationStart","subtype":"recipe","name":"html-to-xlsx","timestamp":1731230308150,"id":"eornn0hci0c7csl","previousEventId":"krsqx1g9kuligdg","operationId":"9faxxzv2riw98ij","previousOperationId":"yth11c1vpzik3pq"}
{"type":"log","timestamp":1731230308150,"level":"debug","message":"Executing recipe html-to-xlsx","meta":{"rootId":"bohfe1ioafdpqen","id":"bohfe1ioafdpqen"},"id":"z6sf9bau0dddk9e","previousOperationId":"9faxxzv2riw98ij"}
{"type":"log","timestamp":1731230308150,"level":"info","message":"html-to-xlsx generation is starting","meta":{"rootId":"bohfe1ioafdpqen","id":"bohfe1ioafdpqen"},"id":"3pz2b82s5x79bfx","previousOperationId":"9faxxzv2riw98ij"}
{"type":"log","timestamp":1731230309516,"level":"info","message":"html-to-xlsx generation was finished","meta":{"rootId":"bohfe1ioafdpqen","id":"bohfe1ioafdpqen"},"id":"sflt0fzjymrg727","previousOperationId":"9faxxzv2riw98ij"}
{"type":"log","timestamp":1731230309516,"level":"debug","message":"preparing office preview","meta":{"rootId":"bohfe1ioafdpqen","id":"bohfe1ioafdpqen"},"id":"navam8xh8ivqyvl","previousOperationId":"9faxxzv2riw98ij"}
{"type":"operationEnd","operationId":"9faxxzv2riw98ij","timestamp":1731230310193,"id":"xeedi3uzid3ruqk","previousEventId":"eornn0hci0c7csl","previousOperationId":"9faxxzv2riw98ij"}
{"type":"log","timestamp":1731230310193,"level":"debug","message":"Skipping storing report.","meta":{"rootId":"bohfe1ioafdpqen","id":"bohfe1ioafdpqen"},"id":"u5eclgsodw6ay4f","previousOperationId":"9faxxzv2riw98ij"}
{"type":"log","timestamp":1731230310193,"level":"info","message":"Rendering request 198 finished in 2071 ms","meta":{"rootId":"bohfe1ioafdpqen","id":"bohfe1ioafdpqen"},"id":"pct75o2yaqarlx7","previousOperationId":"9faxxzv2riw98ij"}
{"type":"operationEnd","subtype":"render","operationId":"8c8g5jpcqihhpbl","timestamp":1731230310193,"id":"0v80dn9zgyq1vfm","previousEventId":"xeedi3uzid3ruqk","previousOperationId":"9faxxzv2riw98ij"}
{"type":"operationEnd","doDiffs":false,"previousEventId":"gi8hwo6qwn4wnu3","previousOperationId":"uj24lbktoepalkj","operationId":"uj24lbktoepalkj","timestamp":1731230310195,"id":"fvk3sasi5xort1c"}
