{"type":"operationStart","subtype":"profile","data":{"_id":"qoNnVuz8PalazyFT","timestamp":"2024-11-10T08:26:52.844Z","state":"queued","mode":"standard","creationDate":"2024-11-10T08:26:52.847Z","modificationDate":"2024-11-10T08:26:52.847Z","shortid":"8GWnsW4","inheritedReadPermissions":[],"inheritedEditPermissions":[],"$entitySet":"profiles"},"doDiffs":false,"timestamp":1731227212846,"id":"2yo6nuilwbnfwui","previousOperationId":null,"operationId":"ik3yiqn8f68nanm"}
{"type":"log","level":"info","message":"Render request 113 queued for execution and waiting for available worker","previousOperationId":"ik3yiqn8f68nanm","timestamp":1731227212846,"id":"x72etxbil62rcpl"}
{"type":"operationStart","subtype":"render","name":"new-excl-template","previousOperationId":"ik3yiqn8f68nanm","timestamp":1731227212855,"id":"n7g92hkjk6wws6y","previousEventId":"2yo6nuilwbnfwui","operationId":"rkz9yz11oi2rj2c"}
{"type":"log","timestamp":1731227212855,"level":"info","message":"Starting rendering request 113 (user: admin)","meta":{"rootId":"bpjqrj18rn69moq","id":"bpjqrj18rn69moq"},"id":"suudfaquc6rbyg8","previousOperationId":"rkz9yz11oi2rj2c"}
{"type":"log","timestamp":1731227212855,"level":"info","message":"Rendering template { name: new-excl-template, recipe: html-to-xlsx, engine: handlebars, preview: true }","meta":{"rootId":"bpjqrj18rn69moq","id":"bpjqrj18rn69moq"},"id":"u0y1afgc1t5qf1p","previousOperationId":"rkz9yz11oi2rj2c"}
{"type":"log","timestamp":1731227212855,"level":"debug","message":"Inline data specified.","meta":{"rootId":"bpjqrj18rn69moq","id":"bpjqrj18rn69moq"},"id":"1qsua1t95fvfp9m","previousOperationId":"rkz9yz11oi2rj2c"}
{"type":"log","timestamp":1731227212857,"level":"debug","message":"Base url not specified, skipping its injection.","meta":{"rootId":"bpjqrj18rn69moq","id":"bpjqrj18rn69moq"},"id":"idg0mh7j2g3ysjf","previousOperationId":"rkz9yz11oi2rj2c"}
{"type":"log","timestamp":1731227212862,"level":"debug","message":"Replaced assets [\"KhmerOSSiemreapRegular.ttf\"]","meta":{"rootId":"bpjqrj18rn69moq","id":"bpjqrj18rn69moq"},"id":"6yp8nhse9jx4kpt","previousOperationId":"rkz9yz11oi2rj2c"}
{"type":"operationStart","subtype":"engine","name":"handlebars","timestamp":1731227212862,"id":"ywijj0geybrjpc8","previousEventId":"n7g92hkjk6wws6y","operationId":"m6hahqcum3jn22c","previousOperationId":"rkz9yz11oi2rj2c"}
{"type":"log","timestamp":1731227212862,"level":"debug","message":"Rendering engine handlebars","meta":{"rootId":"bpjqrj18rn69moq","id":"bpjqrj18rn69moq"},"id":"x0ltm6yuptgxbty","previousOperationId":"m6hahqcum3jn22c"}
{"type":"operationEnd","operationId":"m6hahqcum3jn22c","timestamp":1731227212878,"id":"vfhfuuml6olk335","previousEventId":"ywijj0geybrjpc8","previousOperationId":"m6hahqcum3jn22c"}
{"type":"operationStart","subtype":"recipe","name":"html-to-xlsx","timestamp":1731227212881,"id":"f7co4ldby31da0v","previousEventId":"vfhfuuml6olk335","operationId":"o4x51pjp19ik9p6","previousOperationId":"m6hahqcum3jn22c"}
{"type":"log","timestamp":1731227212881,"level":"debug","message":"Executing recipe html-to-xlsx","meta":{"rootId":"bpjqrj18rn69moq","id":"bpjqrj18rn69moq"},"id":"b5bsp92isee1vsz","previousOperationId":"o4x51pjp19ik9p6"}
{"type":"log","timestamp":1731227212881,"level":"info","message":"html-to-xlsx generation is starting","meta":{"rootId":"bpjqrj18rn69moq","id":"bpjqrj18rn69moq"},"id":"x5diz571lgc35ci","previousOperationId":"o4x51pjp19ik9p6"}
{"type":"log","timestamp":1731227213744,"level":"info","message":"html-to-xlsx generation was finished","meta":{"rootId":"bpjqrj18rn69moq","id":"bpjqrj18rn69moq"},"id":"cgygiidmz7lsrtr","previousOperationId":"o4x51pjp19ik9p6"}
{"type":"log","timestamp":1731227213744,"level":"debug","message":"preparing office preview","meta":{"rootId":"bpjqrj18rn69moq","id":"bpjqrj18rn69moq"},"id":"ge7c9c13po5qvkv","previousOperationId":"o4x51pjp19ik9p6"}
{"type":"operationEnd","operationId":"o4x51pjp19ik9p6","timestamp":1731227214188,"id":"d52b1ovsycqlq1n","previousEventId":"f7co4ldby31da0v","previousOperationId":"o4x51pjp19ik9p6"}
{"type":"log","timestamp":1731227214188,"level":"debug","message":"Skipping storing report.","meta":{"rootId":"bpjqrj18rn69moq","id":"bpjqrj18rn69moq"},"id":"cw28w2ur2ovj8he","previousOperationId":"o4x51pjp19ik9p6"}
{"type":"log","timestamp":1731227214188,"level":"info","message":"Rendering request 113 finished in 1344 ms","meta":{"rootId":"bpjqrj18rn69moq","id":"bpjqrj18rn69moq"},"id":"siafpgl1ji1k7ed","previousOperationId":"o4x51pjp19ik9p6"}
{"type":"operationEnd","subtype":"render","operationId":"rkz9yz11oi2rj2c","timestamp":1731227214188,"id":"6apjzwq0pbvk9yr","previousEventId":"d52b1ovsycqlq1n","previousOperationId":"o4x51pjp19ik9p6"}
{"type":"operationEnd","doDiffs":false,"previousEventId":"2yo6nuilwbnfwui","previousOperationId":"ik3yiqn8f68nanm","operationId":"ik3yiqn8f68nanm","timestamp":1731227214191,"id":"idb0btrygae0ajd"}
