{"type":"operationStart","subtype":"profile","data":{"_id":"RQLDvnWDr3i9ECsF","timestamp":"2024-11-10T12:59:32.223Z","state":"queued","mode":"standard","creationDate":"2024-11-10T12:59:32.225Z","modificationDate":"2024-11-10T12:59:32.225Z","shortid":"HDr3Abt","inheritedReadPermissions":[],"inheritedEditPermissions":[],"$entitySet":"profiles"},"doDiffs":false,"timestamp":1731243572224,"id":"thj2ugh320k9mkx","previousOperationId":null,"operationId":"nldok0puikbt9i5"}
{"type":"log","level":"info","message":"Render request 2 queued for execution and waiting for available worker","previousOperationId":"nldok0puikbt9i5","timestamp":1731243572224,"id":"nr94vkvsnhls6k7"}
{"type":"operationStart","subtype":"render","name":"new-excl-template","previousOperationId":"nldok0puikbt9i5","timestamp":1731243572235,"id":"86t62ja0wz7vcqx","previousEventId":"thj2ugh320k9mkx","operationId":"7saqxpafahdo5zj"}
{"type":"log","timestamp":1731243572236,"level":"info","message":"Starting rendering request 2 (user: admin)","meta":{"rootId":"buh1o2abbojnpfu","id":"buh1o2abbojnpfu"},"id":"2got4z9yxph9jpa","previousOperationId":"7saqxpafahdo5zj"}
{"type":"log","timestamp":1731243572236,"level":"info","message":"Rendering template { name: new-excl-template, recipe: html-to-xlsx, engine: handlebars, preview: true }","meta":{"rootId":"buh1o2abbojnpfu","id":"buh1o2abbojnpfu"},"id":"i6dqztphev0pe21","previousOperationId":"7saqxpafahdo5zj"}
{"type":"log","timestamp":1731243572238,"level":"debug","message":"Adding sample data pVkbCM7am","meta":{"rootId":"buh1o2abbojnpfu","id":"buh1o2abbojnpfu"},"id":"7ie0ad4fgpani9b","previousOperationId":"7saqxpafahdo5zj"}
{"type":"log","timestamp":1731243572240,"level":"debug","message":"Base url not specified, skipping its injection.","meta":{"rootId":"buh1o2abbojnpfu","id":"buh1o2abbojnpfu"},"id":"grgw4n6qz67qb4z","previousOperationId":"7saqxpafahdo5zj"}
{"type":"log","timestamp":1731243572244,"level":"debug","message":"Replaced assets [\"KhmerOSSiemreapRegular.ttf\"]","meta":{"rootId":"buh1o2abbojnpfu","id":"buh1o2abbojnpfu"},"id":"oc75vzrlrv2v0dw","previousOperationId":"7saqxpafahdo5zj"}
{"type":"operationStart","subtype":"engine","name":"handlebars","timestamp":1731243572244,"id":"goko0cvq0wvj051","previousEventId":"86t62ja0wz7vcqx","operationId":"uqhvtwad7944fht","previousOperationId":"7saqxpafahdo5zj"}
{"type":"log","timestamp":1731243572244,"level":"debug","message":"Rendering engine handlebars","meta":{"rootId":"buh1o2abbojnpfu","id":"buh1o2abbojnpfu"},"id":"jmtpbvxmd3kknt1","previousOperationId":"uqhvtwad7944fht"}
{"type":"operationEnd","operationId":"uqhvtwad7944fht","timestamp":1731243572656,"id":"qkzb7vk1whr2i18","previousEventId":"goko0cvq0wvj051","previousOperationId":"uqhvtwad7944fht"}
{"type":"operationStart","subtype":"recipe","name":"html-to-xlsx","timestamp":1731243572657,"id":"tcx20ztnvfyw97h","previousEventId":"qkzb7vk1whr2i18","operationId":"snap7r7nccl1mwl","previousOperationId":"uqhvtwad7944fht"}
{"type":"log","timestamp":1731243572657,"level":"debug","message":"Executing recipe html-to-xlsx","meta":{"rootId":"buh1o2abbojnpfu","id":"buh1o2abbojnpfu"},"id":"dbjlpmst7valj1t","previousOperationId":"snap7r7nccl1mwl"}
{"type":"log","timestamp":1731243573327,"level":"info","message":"html-to-xlsx generation is starting","meta":{"rootId":"buh1o2abbojnpfu","id":"buh1o2abbojnpfu"},"id":"qyhme50rtmv6d5t","previousOperationId":"snap7r7nccl1mwl"}
{"type":"log","timestamp":1731243573940,"level":"info","message":"html-to-xlsx generation was finished","meta":{"rootId":"buh1o2abbojnpfu","id":"buh1o2abbojnpfu"},"id":"df59ri4fkbh9yr9","previousOperationId":"snap7r7nccl1mwl"}
{"type":"log","timestamp":1731243573960,"level":"debug","message":"preparing office preview","meta":{"rootId":"buh1o2abbojnpfu","id":"buh1o2abbojnpfu"},"id":"fihkmcd1zvcrmi7","previousOperationId":"snap7r7nccl1mwl"}
{"type":"operationEnd","operationId":"snap7r7nccl1mwl","timestamp":1731243575158,"id":"p7dfvlsya6sqqhb","previousEventId":"tcx20ztnvfyw97h","previousOperationId":"snap7r7nccl1mwl"}
{"type":"log","timestamp":1731243575159,"level":"debug","message":"Skipping storing report.","meta":{"rootId":"buh1o2abbojnpfu","id":"buh1o2abbojnpfu"},"id":"el9zm6kd1vqalvl","previousOperationId":"snap7r7nccl1mwl"}
{"type":"log","timestamp":1731243575159,"level":"info","message":"Rendering request 2 finished in 2936 ms","meta":{"rootId":"buh1o2abbojnpfu","id":"buh1o2abbojnpfu"},"id":"gc4etdvx3247xsr","previousOperationId":"snap7r7nccl1mwl"}
{"type":"operationEnd","subtype":"render","operationId":"7saqxpafahdo5zj","timestamp":1731243575159,"id":"8qi0b1qcw2fb9q6","previousEventId":"p7dfvlsya6sqqhb","previousOperationId":"snap7r7nccl1mwl"}
{"type":"operationEnd","doDiffs":false,"previousEventId":"thj2ugh320k9mkx","previousOperationId":"nldok0puikbt9i5","operationId":"nldok0puikbt9i5","timestamp":1731243575161,"id":"9fkjomslpx6k85z"}
