{"type":"operationStart","subtype":"profile","data":{"_id":"7vvZP6evH0jdbpGN","timestamp":"2024-11-10T13:24:40.507Z","state":"queued","mode":"standard","creationDate":"2024-11-10T13:24:40.508Z","modificationDate":"2024-11-10T13:24:40.508Z","shortid":"gEWh-KV","inheritedReadPermissions":[],"inheritedEditPermissions":[],"$entitySet":"profiles"},"doDiffs":false,"timestamp":1731245080507,"id":"7bb8vtafpjzw9w2","previousOperationId":null,"operationId":"kvm2iax363n94qk"}
{"type":"log","level":"info","message":"Render request 63 queued for execution and waiting for available worker","previousOperationId":"kvm2iax363n94qk","timestamp":1731245080508,"id":"pfwfm3h8ngh4gt9"}
{"type":"operationStart","subtype":"render","name":"new-excl-template","previousOperationId":"kvm2iax363n94qk","timestamp":1731245080514,"id":"78kdmspj9lb72ij","previousEventId":"7bb8vtafpjzw9w2","operationId":"aqd9cmcqus2envh"}
{"type":"log","timestamp":1731245080515,"level":"info","message":"Starting rendering request 63 (user: admin)","meta":{"rootId":"bx6azni68rnazxh","id":"bx6azni68rnazxh"},"id":"te4zazrauq8qhus","previousOperationId":"aqd9cmcqus2envh"}
{"type":"log","timestamp":1731245080515,"level":"info","message":"Rendering template { name: new-excl-template, recipe: html-to-xlsx, engine: handlebars, preview: true }","meta":{"rootId":"bx6azni68rnazxh","id":"bx6azni68rnazxh"},"id":"t1cvn6vltthf73h","previousOperationId":"aqd9cmcqus2envh"}
{"type":"log","timestamp":1731245080516,"level":"debug","message":"Inline data specified.","meta":{"rootId":"bx6azni68rnazxh","id":"bx6azni68rnazxh"},"id":"p14w1fv3pm85lyf","previousOperationId":"aqd9cmcqus2envh"}
{"type":"log","timestamp":1731245080517,"level":"debug","message":"Base url not specified, skipping its injection.","meta":{"rootId":"bx6azni68rnazxh","id":"bx6azni68rnazxh"},"id":"tagkg6dnktklrbg","previousOperationId":"aqd9cmcqus2envh"}
{"type":"log","timestamp":1731245080519,"level":"debug","message":"Replaced assets [\"KhmerOSSiemreapRegular.ttf\"]","meta":{"rootId":"bx6azni68rnazxh","id":"bx6azni68rnazxh"},"id":"u6yojgmyct8qw0d","previousOperationId":"aqd9cmcqus2envh"}
{"type":"operationStart","subtype":"engine","name":"handlebars","timestamp":1731245080519,"id":"hszm9g7j5pts6hf","previousEventId":"78kdmspj9lb72ij","operationId":"58pllq41zfu9lx1","previousOperationId":"aqd9cmcqus2envh"}
{"type":"log","timestamp":1731245080519,"level":"debug","message":"Rendering engine handlebars","meta":{"rootId":"bx6azni68rnazxh","id":"bx6azni68rnazxh"},"id":"j5loi3n0nkvvheo","previousOperationId":"58pllq41zfu9lx1"}
{"type":"operationEnd","operationId":"58pllq41zfu9lx1","timestamp":1731245080532,"id":"y8gn1xsm0svulyf","previousEventId":"hszm9g7j5pts6hf","previousOperationId":"58pllq41zfu9lx1"}
{"type":"operationStart","subtype":"recipe","name":"html-to-xlsx","timestamp":1731245080534,"id":"c46ojfva1mkamb8","previousEventId":"y8gn1xsm0svulyf","operationId":"xaojy6uf5s2n7ld","previousOperationId":"58pllq41zfu9lx1"}
{"type":"log","timestamp":1731245080534,"level":"debug","message":"Executing recipe html-to-xlsx","meta":{"rootId":"bx6azni68rnazxh","id":"bx6azni68rnazxh"},"id":"ipyta0bjg92yi6n","previousOperationId":"xaojy6uf5s2n7ld"}
{"type":"log","timestamp":1731245080534,"level":"info","message":"html-to-xlsx generation is starting","meta":{"rootId":"bx6azni68rnazxh","id":"bx6azni68rnazxh"},"id":"x01f8spmvsgrxeb","previousOperationId":"xaojy6uf5s2n7ld"}
{"type":"log","timestamp":1731245081143,"level":"info","message":"html-to-xlsx generation was finished","meta":{"rootId":"bx6azni68rnazxh","id":"bx6azni68rnazxh"},"id":"eyqom90x8m5927q","previousOperationId":"xaojy6uf5s2n7ld"}
{"type":"log","timestamp":1731245081143,"level":"debug","message":"preparing office preview","meta":{"rootId":"bx6azni68rnazxh","id":"bx6azni68rnazxh"},"id":"nrkqrot8k65bavm","previousOperationId":"xaojy6uf5s2n7ld"}
{"type":"operationEnd","operationId":"xaojy6uf5s2n7ld","timestamp":1731245081635,"id":"b4kn7xgngtz57gd","previousEventId":"c46ojfva1mkamb8","previousOperationId":"xaojy6uf5s2n7ld"}
{"type":"log","timestamp":1731245081635,"level":"debug","message":"Skipping storing report.","meta":{"rootId":"bx6azni68rnazxh","id":"bx6azni68rnazxh"},"id":"04x8qulus5k74t9","previousOperationId":"xaojy6uf5s2n7ld"}
{"type":"log","timestamp":1731245081636,"level":"info","message":"Rendering request 63 finished in 1129 ms","meta":{"rootId":"bx6azni68rnazxh","id":"bx6azni68rnazxh"},"id":"cwnoo7rntw5wecy","previousOperationId":"xaojy6uf5s2n7ld"}
{"type":"operationEnd","subtype":"render","operationId":"aqd9cmcqus2envh","timestamp":1731245081636,"id":"98p3sbbj52d5b28","previousEventId":"b4kn7xgngtz57gd","previousOperationId":"xaojy6uf5s2n7ld"}
{"type":"operationEnd","doDiffs":false,"previousEventId":"7bb8vtafpjzw9w2","previousOperationId":"kvm2iax363n94qk","operationId":"kvm2iax363n94qk","timestamp":1731245081638,"id":"hncw10pv84q1jnc"}
