{"type":"operationStart","subtype":"profile","data":{"_id":"db6bWHbMST92Z8po","timestamp":"2024-11-10T10:13:18.340Z","state":"queued","mode":"standard","creationDate":"2024-11-10T10:13:18.341Z","modificationDate":"2024-11-10T10:13:18.341Z","shortid":"KdJleWI","inheritedReadPermissions":[],"inheritedEditPermissions":[],"$entitySet":"profiles"},"doDiffs":false,"timestamp":1731233598341,"id":"yx8wjndrk9i3kmn","previousOperationId":null,"operationId":"euxkc574k0bziwi"}
{"type":"log","level":"info","message":"Render request 304 queued for execution and waiting for available worker","previousOperationId":"euxkc574k0bziwi","timestamp":1731233598341,"id":"55o5nju7sju2wgl"}
{"type":"operationStart","subtype":"render","name":"new-excl-template","previousOperationId":"euxkc574k0bziwi","timestamp":1731233598350,"id":"qb3a4m9rp8ovco6","previousEventId":"yx8wjndrk9i3kmn","operationId":"3czg3md7zp8glao"}
{"type":"log","timestamp":1731233598350,"level":"info","message":"Starting rendering request 304 (user: admin)","meta":{"rootId":"c2rvam7k4itqtye","id":"c2rvam7k4itqtye"},"id":"3i31knw8wk7mci4","previousOperationId":"3czg3md7zp8glao"}
{"type":"log","timestamp":1731233598350,"level":"info","message":"Rendering template { name: new-excl-template, recipe: html-to-xlsx, engine: handlebars, preview: true }","meta":{"rootId":"c2rvam7k4itqtye","id":"c2rvam7k4itqtye"},"id":"2x2c66qvdw5t687","previousOperationId":"3czg3md7zp8glao"}
{"type":"log","timestamp":1731233598351,"level":"debug","message":"Adding sample data pVkbCM7am","meta":{"rootId":"c2rvam7k4itqtye","id":"c2rvam7k4itqtye"},"id":"7buj0g287eehfn1","previousOperationId":"3czg3md7zp8glao"}
{"type":"log","timestamp":1731233598352,"level":"debug","message":"Base url not specified, skipping its injection.","meta":{"rootId":"c2rvam7k4itqtye","id":"c2rvam7k4itqtye"},"id":"hfpx0rlw8qve3kg","previousOperationId":"3czg3md7zp8glao"}
{"type":"log","timestamp":1731233598354,"level":"debug","message":"Replaced assets [\"KhmerOSSiemreapRegular.ttf\"]","meta":{"rootId":"c2rvam7k4itqtye","id":"c2rvam7k4itqtye"},"id":"qn2d7c2sc6r5tnr","previousOperationId":"3czg3md7zp8glao"}
{"type":"operationStart","subtype":"engine","name":"handlebars","timestamp":1731233598354,"id":"n6mfotnv8l6wo6p","previousEventId":"qb3a4m9rp8ovco6","operationId":"zgam051eikszv27","previousOperationId":"3czg3md7zp8glao"}
{"type":"log","timestamp":1731233598354,"level":"debug","message":"Rendering engine handlebars","meta":{"rootId":"c2rvam7k4itqtye","id":"c2rvam7k4itqtye"},"id":"zuipwa0a2fal5sh","previousOperationId":"zgam051eikszv27"}
{"type":"operationEnd","operationId":"zgam051eikszv27","timestamp":1731233598368,"id":"1w82wmowym07pnm","previousEventId":"n6mfotnv8l6wo6p","previousOperationId":"zgam051eikszv27"}
{"type":"operationStart","subtype":"recipe","name":"html-to-xlsx","timestamp":1731233598371,"id":"dgcknl03drvxts2","previousEventId":"1w82wmowym07pnm","operationId":"4lswhxcq62e3wef","previousOperationId":"zgam051eikszv27"}
{"type":"log","timestamp":1731233598371,"level":"debug","message":"Executing recipe html-to-xlsx","meta":{"rootId":"c2rvam7k4itqtye","id":"c2rvam7k4itqtye"},"id":"cf2yx8lccj63kob","previousOperationId":"4lswhxcq62e3wef"}
{"type":"log","timestamp":1731233598371,"level":"info","message":"html-to-xlsx generation is starting","meta":{"rootId":"c2rvam7k4itqtye","id":"c2rvam7k4itqtye"},"id":"m8mjeaatmsdgvdw","previousOperationId":"4lswhxcq62e3wef"}
{"type":"log","timestamp":1731233598891,"level":"info","message":"html-to-xlsx generation was finished","meta":{"rootId":"c2rvam7k4itqtye","id":"c2rvam7k4itqtye"},"id":"vbr9l8bq09n1z5y","previousOperationId":"4lswhxcq62e3wef"}
{"type":"log","timestamp":1731233598891,"level":"debug","message":"preparing office preview","meta":{"rootId":"c2rvam7k4itqtye","id":"c2rvam7k4itqtye"},"id":"j1jfulabsuwak32","previousOperationId":"4lswhxcq62e3wef"}
{"type":"operationEnd","operationId":"4lswhxcq62e3wef","timestamp":1731233599337,"id":"g0g0entjjndxk0f","previousEventId":"dgcknl03drvxts2","previousOperationId":"4lswhxcq62e3wef"}
{"type":"log","timestamp":1731233599337,"level":"debug","message":"Skipping storing report.","meta":{"rootId":"c2rvam7k4itqtye","id":"c2rvam7k4itqtye"},"id":"mbus4800o5bv8g1","previousOperationId":"4lswhxcq62e3wef"}
{"type":"log","timestamp":1731233599337,"level":"info","message":"Rendering request 304 finished in 997 ms","meta":{"rootId":"c2rvam7k4itqtye","id":"c2rvam7k4itqtye"},"id":"dk5ud57xrl1mx6g","previousOperationId":"4lswhxcq62e3wef"}
{"type":"operationEnd","subtype":"render","operationId":"3czg3md7zp8glao","timestamp":1731233599337,"id":"8vdw4p4ipdug3kj","previousEventId":"g0g0entjjndxk0f","previousOperationId":"4lswhxcq62e3wef"}
{"type":"operationEnd","doDiffs":false,"previousEventId":"yx8wjndrk9i3kmn","previousOperationId":"euxkc574k0bziwi","operationId":"euxkc574k0bziwi","timestamp":1731233599339,"id":"ubzcohr1hb8rbj6"}
