{"type":"operationStart","subtype":"profile","data":{"_id":"1JIxtw3golDtMFti","timestamp":"2024-11-10T13:51:25.598Z","state":"queued","mode":"standard","creationDate":"2024-11-10T13:51:25.599Z","modificationDate":"2024-11-10T13:51:25.599Z","shortid":"0Ut_Fg_","inheritedReadPermissions":[],"inheritedEditPermissions":[],"$entitySet":"profiles"},"doDiffs":false,"timestamp":1731246685598,"id":"wwi5s99uzfgsk7q","previousOperationId":null,"operationId":"kxx7x3j4g1rqr82"}
{"type":"log","level":"info","message":"Render request 86 queued for execution and waiting for available worker","previousOperationId":"kxx7x3j4g1rqr82","timestamp":1731246685599,"id":"doqjaxtxp66xps8"}
{"type":"operationStart","subtype":"render","name":"new-excl-template","previousOperationId":"kxx7x3j4g1rqr82","timestamp":1731246685606,"id":"6s1ey1hd9fqv26u","previousEventId":"wwi5s99uzfgsk7q","operationId":"orz97ybcvzh3nc6"}
{"type":"log","timestamp":1731246685606,"level":"info","message":"Starting rendering request 86 (user: admin)","meta":{"rootId":"c7o89l9x4kl3il9","id":"c7o89l9x4kl3il9"},"id":"2o9jid4bhl8ah73","previousOperationId":"orz97ybcvzh3nc6"}
{"type":"log","timestamp":1731246685606,"level":"info","message":"Rendering template { name: new-excl-template, recipe: html-to-xlsx, engine: handlebars, preview: true }","meta":{"rootId":"c7o89l9x4kl3il9","id":"c7o89l9x4kl3il9"},"id":"ttqldwm9uyt8u0p","previousOperationId":"orz97ybcvzh3nc6"}
{"type":"log","timestamp":1731246685607,"level":"debug","message":"Inline data specified.","meta":{"rootId":"c7o89l9x4kl3il9","id":"c7o89l9x4kl3il9"},"id":"w7ihlbx6eykhtgr","previousOperationId":"orz97ybcvzh3nc6"}
{"type":"log","timestamp":1731246685609,"level":"debug","message":"Base url not specified, skipping its injection.","meta":{"rootId":"c7o89l9x4kl3il9","id":"c7o89l9x4kl3il9"},"id":"kpws159tzrz7wp2","previousOperationId":"orz97ybcvzh3nc6"}
{"type":"log","timestamp":1731246685612,"level":"debug","message":"Replaced assets [\"KhmerOSSiemreapRegular.ttf\"]","meta":{"rootId":"c7o89l9x4kl3il9","id":"c7o89l9x4kl3il9"},"id":"w3m8ls0cmqqe71x","previousOperationId":"orz97ybcvzh3nc6"}
{"type":"operationStart","subtype":"engine","name":"handlebars","timestamp":1731246685612,"id":"0shb7yz4lo4qtt1","previousEventId":"6s1ey1hd9fqv26u","operationId":"d16mn694ckvma9q","previousOperationId":"orz97ybcvzh3nc6"}
{"type":"log","timestamp":1731246685612,"level":"debug","message":"Rendering engine handlebars","meta":{"rootId":"c7o89l9x4kl3il9","id":"c7o89l9x4kl3il9"},"id":"wv01wofug9ytr0r","previousOperationId":"d16mn694ckvma9q"}
{"type":"operationEnd","operationId":"d16mn694ckvma9q","timestamp":1731246685626,"id":"y71bbz0d53khks4","previousEventId":"0shb7yz4lo4qtt1","previousOperationId":"d16mn694ckvma9q"}
{"type":"operationStart","subtype":"recipe","name":"html-to-xlsx","timestamp":1731246685627,"id":"91w8ose5eo7uklo","previousEventId":"y71bbz0d53khks4","operationId":"iqm763pi9504yjn","previousOperationId":"d16mn694ckvma9q"}
{"type":"log","timestamp":1731246685627,"level":"debug","message":"Executing recipe html-to-xlsx","meta":{"rootId":"c7o89l9x4kl3il9","id":"c7o89l9x4kl3il9"},"id":"ij4qvv2c6oyirdf","previousOperationId":"iqm763pi9504yjn"}
{"type":"log","timestamp":1731246685627,"level":"info","message":"html-to-xlsx generation is starting","meta":{"rootId":"c7o89l9x4kl3il9","id":"c7o89l9x4kl3il9"},"id":"eusvpmpbwl3kifg","previousOperationId":"iqm763pi9504yjn"}
{"type":"log","timestamp":1731246686401,"level":"info","message":"html-to-xlsx generation was finished","meta":{"rootId":"c7o89l9x4kl3il9","id":"c7o89l9x4kl3il9"},"id":"iuako8n2p37yeyf","previousOperationId":"iqm763pi9504yjn"}
{"type":"log","timestamp":1731246686401,"level":"debug","message":"preparing office preview","meta":{"rootId":"c7o89l9x4kl3il9","id":"c7o89l9x4kl3il9"},"id":"5kce0m1a4l3z76m","previousOperationId":"iqm763pi9504yjn"}
{"type":"operationEnd","operationId":"iqm763pi9504yjn","timestamp":1731246686851,"id":"qqo1k1sffnlgo3q","previousEventId":"91w8ose5eo7uklo","previousOperationId":"iqm763pi9504yjn"}
{"type":"log","timestamp":1731246686851,"level":"debug","message":"Skipping storing report.","meta":{"rootId":"c7o89l9x4kl3il9","id":"c7o89l9x4kl3il9"},"id":"uu2yozv7kui3dh9","previousOperationId":"iqm763pi9504yjn"}
{"type":"log","timestamp":1731246686851,"level":"info","message":"Rendering request 86 finished in 1253 ms","meta":{"rootId":"c7o89l9x4kl3il9","id":"c7o89l9x4kl3il9"},"id":"0v2x1k2hndydto8","previousOperationId":"iqm763pi9504yjn"}
{"type":"operationEnd","subtype":"render","operationId":"orz97ybcvzh3nc6","timestamp":1731246686851,"id":"eovb1kwtch7843a","previousEventId":"qqo1k1sffnlgo3q","previousOperationId":"iqm763pi9504yjn"}
{"type":"operationEnd","doDiffs":false,"previousEventId":"wwi5s99uzfgsk7q","previousOperationId":"kxx7x3j4g1rqr82","operationId":"kxx7x3j4g1rqr82","timestamp":1731246686854,"id":"ulcgt0t953ftcvn"}
