{"type":"operationStart","subtype":"profile","data":{"_id":"usEnYhLQNXynPkEb","timestamp":"2024-11-10T14:19:43.064Z","state":"queued","mode":"standard","creationDate":"2024-11-10T14:19:43.066Z","modificationDate":"2024-11-10T14:19:43.066Z","shortid":"8zz6Lah","inheritedReadPermissions":[],"inheritedEditPermissions":[],"$entitySet":"profiles"},"doDiffs":false,"timestamp":1731248383065,"id":"8gs9beckvwvoi3m","previousOperationId":null,"operationId":"fwqai60vkdc2kxr"}
{"type":"log","level":"info","message":"Render request 134 queued for execution and waiting for available worker","previousOperationId":"fwqai60vkdc2kxr","timestamp":1731248383066,"id":"iz8x957mh6yl6ni"}
{"type":"operationStart","subtype":"render","name":"new-excl-template","previousOperationId":"fwqai60vkdc2kxr","timestamp":1731248383073,"id":"zz6tptw7vcr093i","previousEventId":"8gs9beckvwvoi3m","operationId":"mdl8vin9pv33rv3"}
{"type":"log","timestamp":1731248383073,"level":"info","message":"Starting rendering request 134 (user: admin)","meta":{"rootId":"cb6ruwbbvjzj3cs","id":"cb6ruwbbvjzj3cs"},"id":"7jftnzodu7zy871","previousOperationId":"mdl8vin9pv33rv3"}
{"type":"log","timestamp":1731248383074,"level":"info","message":"Rendering template { name: new-excl-template, recipe: html-to-xlsx, engine: handlebars, preview: true }","meta":{"rootId":"cb6ruwbbvjzj3cs","id":"cb6ruwbbvjzj3cs"},"id":"1k6ta23yhtztq58","previousOperationId":"mdl8vin9pv33rv3"}
{"type":"log","timestamp":1731248383074,"level":"debug","message":"Inline data specified.","meta":{"rootId":"cb6ruwbbvjzj3cs","id":"cb6ruwbbvjzj3cs"},"id":"zjvyyhz63mv4dba","previousOperationId":"mdl8vin9pv33rv3"}
{"type":"log","timestamp":1731248383075,"level":"debug","message":"Base url not specified, skipping its injection.","meta":{"rootId":"cb6ruwbbvjzj3cs","id":"cb6ruwbbvjzj3cs"},"id":"e1jtz1slsllvwsl","previousOperationId":"mdl8vin9pv33rv3"}
{"type":"log","timestamp":1731248383077,"level":"debug","message":"Replaced assets [\"KhmerOSSiemreapRegular.ttf\"]","meta":{"rootId":"cb6ruwbbvjzj3cs","id":"cb6ruwbbvjzj3cs"},"id":"21kbqnotofavehx","previousOperationId":"mdl8vin9pv33rv3"}
{"type":"operationStart","subtype":"engine","name":"handlebars","timestamp":1731248383077,"id":"eegbrd9iia8puqg","previousEventId":"zz6tptw7vcr093i","operationId":"vkhwp8d8tg2nc9x","previousOperationId":"mdl8vin9pv33rv3"}
{"type":"log","timestamp":1731248383077,"level":"debug","message":"Rendering engine handlebars","meta":{"rootId":"cb6ruwbbvjzj3cs","id":"cb6ruwbbvjzj3cs"},"id":"4d24xv2dwag8vax","previousOperationId":"vkhwp8d8tg2nc9x"}
{"type":"operationEnd","operationId":"vkhwp8d8tg2nc9x","timestamp":1731248383084,"id":"6pnpxsazgdc28td","previousEventId":"eegbrd9iia8puqg","previousOperationId":"vkhwp8d8tg2nc9x"}
{"type":"operationStart","subtype":"recipe","name":"html-to-xlsx","timestamp":1731248383086,"id":"vvqmx9ohh30hzre","previousEventId":"6pnpxsazgdc28td","operationId":"cmx5s0pfl14npcj","previousOperationId":"vkhwp8d8tg2nc9x"}
{"type":"log","timestamp":1731248383086,"level":"debug","message":"Executing recipe html-to-xlsx","meta":{"rootId":"cb6ruwbbvjzj3cs","id":"cb6ruwbbvjzj3cs"},"id":"ft7akaup0l0bibn","previousOperationId":"cmx5s0pfl14npcj"}
{"type":"log","timestamp":1731248383086,"level":"info","message":"html-to-xlsx generation is starting","meta":{"rootId":"cb6ruwbbvjzj3cs","id":"cb6ruwbbvjzj3cs"},"id":"4uqv2jx7jw2kcju","previousOperationId":"cmx5s0pfl14npcj"}
{"type":"log","timestamp":1731248383861,"level":"info","message":"html-to-xlsx generation was finished","meta":{"rootId":"cb6ruwbbvjzj3cs","id":"cb6ruwbbvjzj3cs"},"id":"178rw4yihlsdvar","previousOperationId":"cmx5s0pfl14npcj"}
{"type":"log","timestamp":1731248383861,"level":"debug","message":"preparing office preview","meta":{"rootId":"cb6ruwbbvjzj3cs","id":"cb6ruwbbvjzj3cs"},"id":"zcz9ewdg5ahhayw","previousOperationId":"cmx5s0pfl14npcj"}
{"type":"operationEnd","operationId":"cmx5s0pfl14npcj","timestamp":1731248384320,"id":"bf2gd68bw8iy42b","previousEventId":"vvqmx9ohh30hzre","previousOperationId":"cmx5s0pfl14npcj"}
{"type":"log","timestamp":1731248384320,"level":"debug","message":"Skipping storing report.","meta":{"rootId":"cb6ruwbbvjzj3cs","id":"cb6ruwbbvjzj3cs"},"id":"q7fs7lil1i2vf49","previousOperationId":"cmx5s0pfl14npcj"}
{"type":"log","timestamp":1731248384320,"level":"info","message":"Rendering request 134 finished in 1256 ms","meta":{"rootId":"cb6ruwbbvjzj3cs","id":"cb6ruwbbvjzj3cs"},"id":"mskmyi5rc7hkscg","previousOperationId":"cmx5s0pfl14npcj"}
{"type":"operationEnd","subtype":"render","operationId":"mdl8vin9pv33rv3","timestamp":1731248384320,"id":"bjetaxmznkiwfz8","previousEventId":"bf2gd68bw8iy42b","previousOperationId":"cmx5s0pfl14npcj"}
{"type":"operationEnd","doDiffs":false,"previousEventId":"8gs9beckvwvoi3m","previousOperationId":"fwqai60vkdc2kxr","operationId":"fwqai60vkdc2kxr","timestamp":1731248384322,"id":"c5j1x7qjjjr3h3p"}
