{"type":"operationStart","subtype":"profile","data":{"_id":"uLelIydBJki3rKjx","timestamp":"2024-11-10T14:16:29.073Z","state":"queued","mode":"standard","creationDate":"2024-11-10T14:16:29.074Z","modificationDate":"2024-11-10T14:16:29.074Z","shortid":"A4Pqczi","inheritedReadPermissions":[],"inheritedEditPermissions":[],"$entitySet":"profiles"},"doDiffs":false,"timestamp":1731248189074,"id":"rdpfol5bmhmquzx","previousOperationId":null,"operationId":"jeotrshih0yxd08"}
{"type":"log","level":"info","message":"Render request 128 queued for execution and waiting for available worker","previousOperationId":"jeotrshih0yxd08","timestamp":1731248189074,"id":"hm6vv4738xrq2d7"}
{"type":"operationStart","subtype":"render","name":"new-excl-template","previousOperationId":"jeotrshih0yxd08","timestamp":1731248189079,"id":"sy7907d68n8uv9z","previousEventId":"rdpfol5bmhmquzx","operationId":"ij6bw3lo9ni0yl0"}
{"type":"log","timestamp":1731248189079,"level":"info","message":"Starting rendering request 128 (user: admin)","meta":{"rootId":"cfxakt1uatgm3ll","id":"cfxakt1uatgm3ll"},"id":"dnf72sl2qfth496","previousOperationId":"ij6bw3lo9ni0yl0"}
{"type":"log","timestamp":1731248189079,"level":"info","message":"Rendering template { name: new-excl-template, recipe: html-to-xlsx, engine: handlebars, preview: true }","meta":{"rootId":"cfxakt1uatgm3ll","id":"cfxakt1uatgm3ll"},"id":"q0qgu5r1g6stsf8","previousOperationId":"ij6bw3lo9ni0yl0"}
{"type":"log","timestamp":1731248189079,"level":"debug","message":"Inline data specified.","meta":{"rootId":"cfxakt1uatgm3ll","id":"cfxakt1uatgm3ll"},"id":"9t3py3hvv19l0x7","previousOperationId":"ij6bw3lo9ni0yl0"}
{"type":"log","timestamp":1731248189081,"level":"debug","message":"Base url not specified, skipping its injection.","meta":{"rootId":"cfxakt1uatgm3ll","id":"cfxakt1uatgm3ll"},"id":"zivdptwups08iot","previousOperationId":"ij6bw3lo9ni0yl0"}
{"type":"log","timestamp":1731248189082,"level":"debug","message":"Replaced assets [\"KhmerOSSiemreapRegular.ttf\"]","meta":{"rootId":"cfxakt1uatgm3ll","id":"cfxakt1uatgm3ll"},"id":"32t7zqlzzbo3r81","previousOperationId":"ij6bw3lo9ni0yl0"}
{"type":"operationStart","subtype":"engine","name":"handlebars","timestamp":1731248189082,"id":"sd5yrk6ms6z73n2","previousEventId":"sy7907d68n8uv9z","operationId":"5hu27j2fw1clwml","previousOperationId":"ij6bw3lo9ni0yl0"}
{"type":"log","timestamp":1731248189082,"level":"debug","message":"Rendering engine handlebars","meta":{"rootId":"cfxakt1uatgm3ll","id":"cfxakt1uatgm3ll"},"id":"gleavfow3mwvhb4","previousOperationId":"5hu27j2fw1clwml"}
{"type":"operationEnd","operationId":"5hu27j2fw1clwml","timestamp":1731248189093,"id":"b1b3bhbuy9xow76","previousEventId":"sd5yrk6ms6z73n2","previousOperationId":"5hu27j2fw1clwml"}
{"type":"operationStart","subtype":"recipe","name":"html-to-xlsx","timestamp":1731248189095,"id":"n0q6t498t4buu3b","previousEventId":"b1b3bhbuy9xow76","operationId":"dhcjrhb5j18ph8m","previousOperationId":"5hu27j2fw1clwml"}
{"type":"log","timestamp":1731248189095,"level":"debug","message":"Executing recipe html-to-xlsx","meta":{"rootId":"cfxakt1uatgm3ll","id":"cfxakt1uatgm3ll"},"id":"b06ec9j0zl6ctkt","previousOperationId":"dhcjrhb5j18ph8m"}
{"type":"log","timestamp":1731248189095,"level":"info","message":"html-to-xlsx generation is starting","meta":{"rootId":"cfxakt1uatgm3ll","id":"cfxakt1uatgm3ll"},"id":"kdtkdctfpporl3z","previousOperationId":"dhcjrhb5j18ph8m"}
{"type":"log","timestamp":1731248189722,"level":"info","message":"html-to-xlsx generation was finished","meta":{"rootId":"cfxakt1uatgm3ll","id":"cfxakt1uatgm3ll"},"id":"3ltypozkjw8mc6t","previousOperationId":"dhcjrhb5j18ph8m"}
{"type":"log","timestamp":1731248189722,"level":"debug","message":"preparing office preview","meta":{"rootId":"cfxakt1uatgm3ll","id":"cfxakt1uatgm3ll"},"id":"a0o8j984vztc9ye","previousOperationId":"dhcjrhb5j18ph8m"}
{"type":"operationEnd","operationId":"dhcjrhb5j18ph8m","timestamp":1731248190168,"id":"jobioeg576lgxkz","previousEventId":"n0q6t498t4buu3b","previousOperationId":"dhcjrhb5j18ph8m"}
{"type":"log","timestamp":1731248190168,"level":"debug","message":"Skipping storing report.","meta":{"rootId":"cfxakt1uatgm3ll","id":"cfxakt1uatgm3ll"},"id":"huwe26nlsvl6hmr","previousOperationId":"dhcjrhb5j18ph8m"}
{"type":"log","timestamp":1731248190168,"level":"info","message":"Rendering request 128 finished in 1095 ms","meta":{"rootId":"cfxakt1uatgm3ll","id":"cfxakt1uatgm3ll"},"id":"hy8wtj0e9lrkeje","previousOperationId":"dhcjrhb5j18ph8m"}
{"type":"operationEnd","subtype":"render","operationId":"ij6bw3lo9ni0yl0","timestamp":1731248190168,"id":"b3ccqieac5zed5w","previousEventId":"jobioeg576lgxkz","previousOperationId":"dhcjrhb5j18ph8m"}
{"type":"operationEnd","doDiffs":false,"previousEventId":"rdpfol5bmhmquzx","previousOperationId":"jeotrshih0yxd08","operationId":"jeotrshih0yxd08","timestamp":1731248190171,"id":"wra5dkqffvbw0m7"}
