{"type":"operationStart","subtype":"profile","data":{"_id":"TewOXG5V4H3KMzyQ","timestamp":"2024-11-10T09:23:40.548Z","state":"queued","mode":"standard","creationDate":"2024-11-10T09:23:40.550Z","modificationDate":"2024-11-10T09:23:40.550Z","shortid":"gEpXWUz","inheritedReadPermissions":[],"inheritedEditPermissions":[],"$entitySet":"profiles"},"doDiffs":false,"timestamp":1731230620549,"id":"keu9l6vdjyi4f2u","previousOperationId":null,"operationId":"o6kbhpmp51dcz4a"}
{"type":"log","level":"info","message":"Render request 208 queued for execution and waiting for available worker","previousOperationId":"o6kbhpmp51dcz4a","timestamp":1731230620549,"id":"xgrkz0wt08li9uz"}
{"type":"operationStart","subtype":"render","name":"new-excl-template","previousOperationId":"o6kbhpmp51dcz4a","timestamp":1731230620557,"id":"9bae7xgj3bkl7fi","previousEventId":"keu9l6vdjyi4f2u","operationId":"nhcvd0ea02dlxv4"}
{"type":"log","timestamp":1731230620557,"level":"info","message":"Starting rendering request 208 (user: admin)","meta":{"rootId":"csvlizkyaso6rc3","id":"csvlizkyaso6rc3"},"id":"k9fadgxllwcib0l","previousOperationId":"nhcvd0ea02dlxv4"}
{"type":"log","timestamp":1731230620557,"level":"info","message":"Rendering template { name: new-excl-template, recipe: html-to-xlsx, engine: handlebars, preview: true }","meta":{"rootId":"csvlizkyaso6rc3","id":"csvlizkyaso6rc3"},"id":"gou7g27kh708dxp","previousOperationId":"nhcvd0ea02dlxv4"}
{"type":"log","timestamp":1731230620558,"level":"debug","message":"Inline data specified.","meta":{"rootId":"csvlizkyaso6rc3","id":"csvlizkyaso6rc3"},"id":"jz47nzaqvbbadm9","previousOperationId":"nhcvd0ea02dlxv4"}
{"type":"log","timestamp":1731230620559,"level":"debug","message":"Base url not specified, skipping its injection.","meta":{"rootId":"csvlizkyaso6rc3","id":"csvlizkyaso6rc3"},"id":"bc1xybfaxlltywc","previousOperationId":"nhcvd0ea02dlxv4"}
{"type":"operationStart","subtype":"engine","name":"handlebars","timestamp":1731230620559,"id":"rv5tfrjk0nswhhy","previousEventId":"9bae7xgj3bkl7fi","operationId":"obrsegu7vfl4dmo","previousOperationId":"nhcvd0ea02dlxv4"}
{"type":"log","timestamp":1731230620559,"level":"debug","message":"Rendering engine handlebars","meta":{"rootId":"csvlizkyaso6rc3","id":"csvlizkyaso6rc3"},"id":"zonupu0k3uowdw4","previousOperationId":"obrsegu7vfl4dmo"}
{"type":"operationEnd","operationId":"obrsegu7vfl4dmo","timestamp":1731230620567,"id":"rojx5szerd2ehjx","previousEventId":"rv5tfrjk0nswhhy","previousOperationId":"obrsegu7vfl4dmo"}
{"type":"operationStart","subtype":"recipe","name":"html-to-xlsx","timestamp":1731230620567,"id":"trze48n7y3efqcu","previousEventId":"rojx5szerd2ehjx","operationId":"bsr0ljjbcs46xdl","previousOperationId":"obrsegu7vfl4dmo"}
{"type":"log","timestamp":1731230620567,"level":"debug","message":"Executing recipe html-to-xlsx","meta":{"rootId":"csvlizkyaso6rc3","id":"csvlizkyaso6rc3"},"id":"djukn13vavblks0","previousOperationId":"bsr0ljjbcs46xdl"}
{"type":"log","timestamp":1731230620567,"level":"info","message":"html-to-xlsx generation is starting","meta":{"rootId":"csvlizkyaso6rc3","id":"csvlizkyaso6rc3"},"id":"0ifoxwxeikyw2l4","previousOperationId":"bsr0ljjbcs46xdl"}
{"type":"log","timestamp":1731230621405,"level":"info","message":"html-to-xlsx generation was finished","meta":{"rootId":"csvlizkyaso6rc3","id":"csvlizkyaso6rc3"},"id":"ixnjangpk2s8zof","previousOperationId":"bsr0ljjbcs46xdl"}
{"type":"log","timestamp":1731230621405,"level":"debug","message":"preparing office preview","meta":{"rootId":"csvlizkyaso6rc3","id":"csvlizkyaso6rc3"},"id":"kt6c7h6xmpw1bg5","previousOperationId":"bsr0ljjbcs46xdl"}
{"type":"operationEnd","operationId":"bsr0ljjbcs46xdl","timestamp":1731230621853,"id":"1do1x5vws9m1he0","previousEventId":"trze48n7y3efqcu","previousOperationId":"bsr0ljjbcs46xdl"}
{"type":"log","timestamp":1731230621853,"level":"debug","message":"Skipping storing report.","meta":{"rootId":"csvlizkyaso6rc3","id":"csvlizkyaso6rc3"},"id":"z9pkikd82i79d7w","previousOperationId":"bsr0ljjbcs46xdl"}
{"type":"log","timestamp":1731230621854,"level":"info","message":"Rendering request 208 finished in 1306 ms","meta":{"rootId":"csvlizkyaso6rc3","id":"csvlizkyaso6rc3"},"id":"q8bcj1dwtrltf3w","previousOperationId":"bsr0ljjbcs46xdl"}
{"type":"operationEnd","subtype":"render","operationId":"nhcvd0ea02dlxv4","timestamp":1731230621854,"id":"7geazjw8r2ict1s","previousEventId":"1do1x5vws9m1he0","previousOperationId":"bsr0ljjbcs46xdl"}
{"type":"operationEnd","doDiffs":false,"previousEventId":"keu9l6vdjyi4f2u","previousOperationId":"o6kbhpmp51dcz4a","operationId":"o6kbhpmp51dcz4a","timestamp":1731230621856,"id":"vns950iqkkf04g2"}
