{"type":"operationStart","subtype":"profile","data":{"_id":"N2YKXU5zUf39Uh2i","timestamp":"2024-11-10T14:36:50.300Z","state":"queued","mode":"standard","creationDate":"2024-11-10T14:36:50.302Z","modificationDate":"2024-11-10T14:36:50.302Z","shortid":"RQVvCiy","inheritedReadPermissions":[],"inheritedEditPermissions":[],"$entitySet":"profiles"},"doDiffs":false,"timestamp":1731249410301,"id":"bpjwjdys069qobf","previousOperationId":null,"operationId":"s8yth8ip39gnx8w"}
{"type":"log","level":"info","message":"Render request 152 queued for execution and waiting for available worker","previousOperationId":"s8yth8ip39gnx8w","timestamp":1731249410301,"id":"kgbsft01ikfvqh9"}
{"type":"operationStart","subtype":"render","name":"new-excl-template","previousOperationId":"s8yth8ip39gnx8w","timestamp":1731249410310,"id":"g8zfmujg5s18pam","previousEventId":"bpjwjdys069qobf","operationId":"30wx8ka8cuh9bar"}
{"type":"log","timestamp":1731249410310,"level":"info","message":"Starting rendering request 152 (user: admin)","meta":{"rootId":"cxu3b01f0rlkz4a","id":"cxu3b01f0rlkz4a"},"id":"ljsxfkd1t6o5a8z","previousOperationId":"30wx8ka8cuh9bar"}
{"type":"log","timestamp":1731249410310,"level":"info","message":"Rendering template { name: new-excl-template, recipe: html-to-xlsx, engine: handlebars, preview: true }","meta":{"rootId":"cxu3b01f0rlkz4a","id":"cxu3b01f0rlkz4a"},"id":"p492qkpe676dpdn","previousOperationId":"30wx8ka8cuh9bar"}
{"type":"log","timestamp":1731249410311,"level":"debug","message":"Inline data specified.","meta":{"rootId":"cxu3b01f0rlkz4a","id":"cxu3b01f0rlkz4a"},"id":"th89thn2eojsez0","previousOperationId":"30wx8ka8cuh9bar"}
{"type":"log","timestamp":1731249410313,"level":"debug","message":"Base url not specified, skipping its injection.","meta":{"rootId":"cxu3b01f0rlkz4a","id":"cxu3b01f0rlkz4a"},"id":"3r3k8tol0554qox","previousOperationId":"30wx8ka8cuh9bar"}
{"type":"log","timestamp":1731249410316,"level":"debug","message":"Replaced assets [\"KhmerOSSiemreapRegular.ttf\"]","meta":{"rootId":"cxu3b01f0rlkz4a","id":"cxu3b01f0rlkz4a"},"id":"4ovrnbvpqnq6pbj","previousOperationId":"30wx8ka8cuh9bar"}
{"type":"operationStart","subtype":"engine","name":"handlebars","timestamp":1731249410316,"id":"gie9m4ttke0c2ox","previousEventId":"g8zfmujg5s18pam","operationId":"7docfkr997wdqh7","previousOperationId":"30wx8ka8cuh9bar"}
{"type":"log","timestamp":1731249410316,"level":"debug","message":"Rendering engine handlebars","meta":{"rootId":"cxu3b01f0rlkz4a","id":"cxu3b01f0rlkz4a"},"id":"ennx12chmq0ltvk","previousOperationId":"7docfkr997wdqh7"}
{"type":"operationEnd","operationId":"7docfkr997wdqh7","timestamp":1731249410329,"id":"xjqhv5t4uwj6gjc","previousEventId":"gie9m4ttke0c2ox","previousOperationId":"7docfkr997wdqh7"}
{"type":"operationStart","subtype":"recipe","name":"html-to-xlsx","timestamp":1731249410331,"id":"lljse13u4g16z7t","previousEventId":"xjqhv5t4uwj6gjc","operationId":"b321ww6vzpe0el7","previousOperationId":"7docfkr997wdqh7"}
{"type":"log","timestamp":1731249410331,"level":"debug","message":"Executing recipe html-to-xlsx","meta":{"rootId":"cxu3b01f0rlkz4a","id":"cxu3b01f0rlkz4a"},"id":"vfxka2346v6ylir","previousOperationId":"b321ww6vzpe0el7"}
{"type":"log","timestamp":1731249410331,"level":"info","message":"html-to-xlsx generation is starting","meta":{"rootId":"cxu3b01f0rlkz4a","id":"cxu3b01f0rlkz4a"},"id":"9gou9fmy3h4dhgn","previousOperationId":"b321ww6vzpe0el7"}
{"type":"log","timestamp":1731249411057,"level":"info","message":"html-to-xlsx generation was finished","meta":{"rootId":"cxu3b01f0rlkz4a","id":"cxu3b01f0rlkz4a"},"id":"wr6fcia3nmvavqk","previousOperationId":"b321ww6vzpe0el7"}
{"type":"log","timestamp":1731249411057,"level":"debug","message":"preparing office preview","meta":{"rootId":"cxu3b01f0rlkz4a","id":"cxu3b01f0rlkz4a"},"id":"ejc1nwqyo19ai50","previousOperationId":"b321ww6vzpe0el7"}
{"type":"operationEnd","operationId":"b321ww6vzpe0el7","timestamp":1731249411503,"id":"b9vecy09mda38an","previousEventId":"lljse13u4g16z7t","previousOperationId":"b321ww6vzpe0el7"}
{"type":"log","timestamp":1731249411503,"level":"debug","message":"Skipping storing report.","meta":{"rootId":"cxu3b01f0rlkz4a","id":"cxu3b01f0rlkz4a"},"id":"x7lyviggyxcgr8v","previousOperationId":"b321ww6vzpe0el7"}
{"type":"log","timestamp":1731249411503,"level":"info","message":"Rendering request 152 finished in 1203 ms","meta":{"rootId":"cxu3b01f0rlkz4a","id":"cxu3b01f0rlkz4a"},"id":"55il92qbhl0eqdy","previousOperationId":"b321ww6vzpe0el7"}
{"type":"operationEnd","subtype":"render","operationId":"30wx8ka8cuh9bar","timestamp":1731249411503,"id":"ptz0oibc9ivg1en","previousEventId":"b9vecy09mda38an","previousOperationId":"b321ww6vzpe0el7"}
{"type":"operationEnd","doDiffs":false,"previousEventId":"bpjwjdys069qobf","previousOperationId":"s8yth8ip39gnx8w","operationId":"s8yth8ip39gnx8w","timestamp":1731249411506,"id":"piq2p5vgqcigfr3"}
