{"type":"operationStart","subtype":"profile","data":{"_id":"DzCoVVHxQd9eQQNx","timestamp":"2024-11-10T13:23:19.075Z","state":"queued","mode":"standard","creationDate":"2024-11-10T13:23:19.077Z","modificationDate":"2024-11-10T13:23:19.077Z","shortid":"IFDB_zT","inheritedReadPermissions":[],"inheritedEditPermissions":[],"$entitySet":"profiles"},"doDiffs":false,"timestamp":1731244999076,"id":"j0bpcwi8l6sapbz","previousOperationId":null,"operationId":"c9kqn4sdfvuqc8u"}
{"type":"log","level":"info","message":"Render request 58 queued for execution and waiting for available worker","previousOperationId":"c9kqn4sdfvuqc8u","timestamp":1731244999076,"id":"90g9xuhb1pjul51"}
{"type":"operationStart","subtype":"render","name":"new-excl-template","previousOperationId":"c9kqn4sdfvuqc8u","timestamp":1731244999083,"id":"5bst35xc6a0oymn","previousEventId":"j0bpcwi8l6sapbz","operationId":"m1c15z2ctceg72q"}
{"type":"log","timestamp":1731244999083,"level":"info","message":"Starting rendering request 58 (user: admin)","meta":{"rootId":"cygas2fkftij7vx","id":"cygas2fkftij7vx"},"id":"cede3ihsxdexuzb","previousOperationId":"m1c15z2ctceg72q"}
{"type":"log","timestamp":1731244999083,"level":"info","message":"Rendering template { name: new-excl-template, recipe: html-to-xlsx, engine: handlebars, preview: true }","meta":{"rootId":"cygas2fkftij7vx","id":"cygas2fkftij7vx"},"id":"ia2omtkljd1unxk","previousOperationId":"m1c15z2ctceg72q"}
{"type":"log","timestamp":1731244999083,"level":"debug","message":"Inline data specified.","meta":{"rootId":"cygas2fkftij7vx","id":"cygas2fkftij7vx"},"id":"ybafby7ovdy9jb2","previousOperationId":"m1c15z2ctceg72q"}
{"type":"log","timestamp":1731244999084,"level":"debug","message":"Base url not specified, skipping its injection.","meta":{"rootId":"cygas2fkftij7vx","id":"cygas2fkftij7vx"},"id":"0sc7a8rnpcidib2","previousOperationId":"m1c15z2ctceg72q"}
{"type":"log","timestamp":1731244999085,"level":"debug","message":"Replaced assets [\"KhmerOSSiemreapRegular.ttf\"]","meta":{"rootId":"cygas2fkftij7vx","id":"cygas2fkftij7vx"},"id":"8xnk53wc4b5bgez","previousOperationId":"m1c15z2ctceg72q"}
{"type":"operationStart","subtype":"engine","name":"handlebars","timestamp":1731244999085,"id":"qapr6ivyr7djcqd","previousEventId":"5bst35xc6a0oymn","operationId":"xrpig23vdx82j2a","previousOperationId":"m1c15z2ctceg72q"}
{"type":"log","timestamp":1731244999085,"level":"debug","message":"Rendering engine handlebars","meta":{"rootId":"cygas2fkftij7vx","id":"cygas2fkftij7vx"},"id":"ig6n10r58lbynbb","previousOperationId":"xrpig23vdx82j2a"}
{"type":"operationEnd","operationId":"xrpig23vdx82j2a","timestamp":1731244999101,"id":"z92ctgep5gft9vm","previousEventId":"qapr6ivyr7djcqd","previousOperationId":"xrpig23vdx82j2a"}
{"type":"operationStart","subtype":"recipe","name":"html-to-xlsx","timestamp":1731244999102,"id":"tkhlbvn1azvme66","previousEventId":"z92ctgep5gft9vm","operationId":"l00zfa36q6l2wjp","previousOperationId":"xrpig23vdx82j2a"}
{"type":"log","timestamp":1731244999102,"level":"debug","message":"Executing recipe html-to-xlsx","meta":{"rootId":"cygas2fkftij7vx","id":"cygas2fkftij7vx"},"id":"1l2njbckgf8ud5q","previousOperationId":"l00zfa36q6l2wjp"}
{"type":"log","timestamp":1731244999102,"level":"info","message":"html-to-xlsx generation is starting","meta":{"rootId":"cygas2fkftij7vx","id":"cygas2fkftij7vx"},"id":"64kf602a7u9c9ne","previousOperationId":"l00zfa36q6l2wjp"}
{"type":"log","timestamp":1731244999717,"level":"info","message":"html-to-xlsx generation was finished","meta":{"rootId":"cygas2fkftij7vx","id":"cygas2fkftij7vx"},"id":"1hz5g7o0ag5ww84","previousOperationId":"l00zfa36q6l2wjp"}
{"type":"log","timestamp":1731244999717,"level":"debug","message":"preparing office preview","meta":{"rootId":"cygas2fkftij7vx","id":"cygas2fkftij7vx"},"id":"9bgia24qxju8axm","previousOperationId":"l00zfa36q6l2wjp"}
{"type":"operationEnd","operationId":"l00zfa36q6l2wjp","timestamp":1731245000167,"id":"21cr4bj4hoilwdg","previousEventId":"tkhlbvn1azvme66","previousOperationId":"l00zfa36q6l2wjp"}
{"type":"log","timestamp":1731245000167,"level":"debug","message":"Skipping storing report.","meta":{"rootId":"cygas2fkftij7vx","id":"cygas2fkftij7vx"},"id":"vjfl3b7uz3i14bh","previousOperationId":"l00zfa36q6l2wjp"}
{"type":"log","timestamp":1731245000167,"level":"info","message":"Rendering request 58 finished in 1092 ms","meta":{"rootId":"cygas2fkftij7vx","id":"cygas2fkftij7vx"},"id":"hw2n171rv5y9735","previousOperationId":"l00zfa36q6l2wjp"}
{"type":"operationEnd","subtype":"render","operationId":"m1c15z2ctceg72q","timestamp":1731245000167,"id":"n5m1mw75p2bjk70","previousEventId":"21cr4bj4hoilwdg","previousOperationId":"l00zfa36q6l2wjp"}
{"type":"operationEnd","doDiffs":false,"previousEventId":"j0bpcwi8l6sapbz","previousOperationId":"c9kqn4sdfvuqc8u","operationId":"c9kqn4sdfvuqc8u","timestamp":1731245000169,"id":"n35lyoq4z93fz9k"}
