{"type":"operationStart","subtype":"profile","data":{"_id":"7TzBY5svhDpvEYth","timestamp":"2024-11-10T14:21:38.330Z","state":"queued","mode":"standard","creationDate":"2024-11-10T14:21:38.332Z","modificationDate":"2024-11-10T14:21:38.332Z","shortid":"Uv4_75G","inheritedReadPermissions":[],"inheritedEditPermissions":[],"$entitySet":"profiles"},"doDiffs":false,"timestamp":1731248498331,"id":"dqxt9n8t7t23ydn","previousOperationId":null,"operationId":"lj333cfbrjc7lo6"}
{"type":"log","level":"info","message":"Render request 140 queued for execution and waiting for available worker","previousOperationId":"lj333cfbrjc7lo6","timestamp":1731248498331,"id":"00hy8mxdpadui4u"}
{"type":"operationStart","subtype":"render","name":"new-excl-template","previousOperationId":"lj333cfbrjc7lo6","timestamp":1731248498340,"id":"uy8vte5r4rbzulj","previousEventId":"dqxt9n8t7t23ydn","operationId":"3pdn2b4yuxyg5lt"}
{"type":"log","timestamp":1731248498340,"level":"info","message":"Starting rendering request 140 (user: admin)","meta":{"rootId":"czrsxwkc4zg45bp","id":"czrsxwkc4zg45bp"},"id":"9c85blzz7mqou4g","previousOperationId":"3pdn2b4yuxyg5lt"}
{"type":"log","timestamp":1731248498340,"level":"info","message":"Rendering template { name: new-excl-template, recipe: html-to-xlsx, engine: handlebars, preview: true }","meta":{"rootId":"czrsxwkc4zg45bp","id":"czrsxwkc4zg45bp"},"id":"u52kawtox16ffje","previousOperationId":"3pdn2b4yuxyg5lt"}
{"type":"log","timestamp":1731248498340,"level":"debug","message":"Inline data specified.","meta":{"rootId":"czrsxwkc4zg45bp","id":"czrsxwkc4zg45bp"},"id":"s6yaiaguh9u6dx4","previousOperationId":"3pdn2b4yuxyg5lt"}
{"type":"log","timestamp":1731248498342,"level":"debug","message":"Base url not specified, skipping its injection.","meta":{"rootId":"czrsxwkc4zg45bp","id":"czrsxwkc4zg45bp"},"id":"ptny5jbrc2mdoly","previousOperationId":"3pdn2b4yuxyg5lt"}
{"type":"log","timestamp":1731248498347,"level":"debug","message":"Replaced assets [\"KhmerOSSiemreapRegular.ttf\"]","meta":{"rootId":"czrsxwkc4zg45bp","id":"czrsxwkc4zg45bp"},"id":"ko1nn6xyrvmnxti","previousOperationId":"3pdn2b4yuxyg5lt"}
{"type":"operationStart","subtype":"engine","name":"handlebars","timestamp":1731248498347,"id":"fz54a9884804ky4","previousEventId":"uy8vte5r4rbzulj","operationId":"jcrgt5q4tjunsnc","previousOperationId":"3pdn2b4yuxyg5lt"}
{"type":"log","timestamp":1731248498347,"level":"debug","message":"Rendering engine handlebars","meta":{"rootId":"czrsxwkc4zg45bp","id":"czrsxwkc4zg45bp"},"id":"kjlqcgzedr2gcsb","previousOperationId":"jcrgt5q4tjunsnc"}
{"type":"operationEnd","operationId":"jcrgt5q4tjunsnc","timestamp":1731248498353,"id":"8nrhisr8g9dxgqf","previousEventId":"fz54a9884804ky4","previousOperationId":"jcrgt5q4tjunsnc"}
{"type":"operationStart","subtype":"recipe","name":"html-to-xlsx","timestamp":1731248498356,"id":"fph87kdhtc4jh9a","previousEventId":"8nrhisr8g9dxgqf","operationId":"6805eq60r9fvy6j","previousOperationId":"jcrgt5q4tjunsnc"}
{"type":"log","timestamp":1731248498356,"level":"debug","message":"Executing recipe html-to-xlsx","meta":{"rootId":"czrsxwkc4zg45bp","id":"czrsxwkc4zg45bp"},"id":"xpp7559h91emv0g","previousOperationId":"6805eq60r9fvy6j"}
{"type":"log","timestamp":1731248498356,"level":"info","message":"html-to-xlsx generation is starting","meta":{"rootId":"czrsxwkc4zg45bp","id":"czrsxwkc4zg45bp"},"id":"7b7g163ki7fjmeu","previousOperationId":"6805eq60r9fvy6j"}
{"type":"log","timestamp":1731248499027,"level":"info","message":"html-to-xlsx generation was finished","meta":{"rootId":"czrsxwkc4zg45bp","id":"czrsxwkc4zg45bp"},"id":"k34heaa70lxf5qj","previousOperationId":"6805eq60r9fvy6j"}
{"type":"log","timestamp":1731248499027,"level":"debug","message":"preparing office preview","meta":{"rootId":"czrsxwkc4zg45bp","id":"czrsxwkc4zg45bp"},"id":"y8q2yava1rjqk68","previousOperationId":"6805eq60r9fvy6j"}
{"type":"operationEnd","operationId":"6805eq60r9fvy6j","timestamp":1731248499472,"id":"33w7se7krcc9b21","previousEventId":"fph87kdhtc4jh9a","previousOperationId":"6805eq60r9fvy6j"}
{"type":"log","timestamp":1731248499472,"level":"debug","message":"Skipping storing report.","meta":{"rootId":"czrsxwkc4zg45bp","id":"czrsxwkc4zg45bp"},"id":"j8v4zn1qlxnqbem","previousOperationId":"6805eq60r9fvy6j"}
{"type":"log","timestamp":1731248499472,"level":"info","message":"Rendering request 140 finished in 1142 ms","meta":{"rootId":"czrsxwkc4zg45bp","id":"czrsxwkc4zg45bp"},"id":"jqcx00dyy5htycs","previousOperationId":"6805eq60r9fvy6j"}
{"type":"operationEnd","subtype":"render","operationId":"3pdn2b4yuxyg5lt","timestamp":1731248499472,"id":"1pmhqgyqa3swhj5","previousEventId":"33w7se7krcc9b21","previousOperationId":"6805eq60r9fvy6j"}
{"type":"operationEnd","doDiffs":false,"previousEventId":"dqxt9n8t7t23ydn","previousOperationId":"lj333cfbrjc7lo6","operationId":"lj333cfbrjc7lo6","timestamp":1731248499473,"id":"hkjlcyyzde6axh3"}
