{"type":"operationStart","subtype":"profile","data":{"_id":"yWm4kbBjKR0o8mlS","timestamp":"2024-11-10T13:10:31.046Z","state":"queued","mode":"standard","creationDate":"2024-11-10T13:10:31.048Z","modificationDate":"2024-11-10T13:10:31.048Z","shortid":"Ep2kMMf","inheritedReadPermissions":[],"inheritedEditPermissions":[],"$entitySet":"profiles"},"doDiffs":false,"timestamp":1731244231047,"id":"7pz2fuyurf2nj4i","previousOperationId":null,"operationId":"tfu4k1yvpeltkzy"}
{"type":"log","level":"info","message":"Render request 17 queued for execution and waiting for available worker","previousOperationId":"tfu4k1yvpeltkzy","timestamp":1731244231047,"id":"1iawzjp1bq1jkge"}
{"type":"operationStart","subtype":"render","name":"new-excl-template","previousOperationId":"tfu4k1yvpeltkzy","timestamp":1731244231054,"id":"gjc5xzofbdq8wxv","previousEventId":"7pz2fuyurf2nj4i","operationId":"po4cikli0288ncq"}
{"type":"log","timestamp":1731244231055,"level":"info","message":"Starting rendering request 17 (user: admin)","meta":{"rootId":"d28whgr5ojevuem","id":"d28whgr5ojevuem"},"id":"cfjq5pacnryjcg5","previousOperationId":"po4cikli0288ncq"}
{"type":"log","timestamp":1731244231055,"level":"info","message":"Rendering template { name: new-excl-template, recipe: html-to-xlsx, engine: handlebars, preview: true }","meta":{"rootId":"d28whgr5ojevuem","id":"d28whgr5ojevuem"},"id":"7h85mo5zcx2qrqo","previousOperationId":"po4cikli0288ncq"}
{"type":"log","timestamp":1731244231056,"level":"debug","message":"Inline data specified.","meta":{"rootId":"d28whgr5ojevuem","id":"d28whgr5ojevuem"},"id":"rs0smeanc6adtcf","previousOperationId":"po4cikli0288ncq"}
{"type":"log","timestamp":1731244231057,"level":"debug","message":"Base url not specified, skipping its injection.","meta":{"rootId":"d28whgr5ojevuem","id":"d28whgr5ojevuem"},"id":"rxo7dei57ewb6ap","previousOperationId":"po4cikli0288ncq"}
{"type":"log","timestamp":1731244231059,"level":"debug","message":"Replaced assets [\"KhmerOSSiemreapRegular.ttf\"]","meta":{"rootId":"d28whgr5ojevuem","id":"d28whgr5ojevuem"},"id":"y8fl43t0zbs8b7z","previousOperationId":"po4cikli0288ncq"}
{"type":"operationStart","subtype":"engine","name":"handlebars","timestamp":1731244231059,"id":"4408agtvk6v6tqw","previousEventId":"gjc5xzofbdq8wxv","operationId":"seu9mqbnhace6sx","previousOperationId":"po4cikli0288ncq"}
{"type":"log","timestamp":1731244231059,"level":"debug","message":"Rendering engine handlebars","meta":{"rootId":"d28whgr5ojevuem","id":"d28whgr5ojevuem"},"id":"uuzq8o3udup4w8q","previousOperationId":"seu9mqbnhace6sx"}
{"type":"operationEnd","operationId":"seu9mqbnhace6sx","timestamp":1731244231071,"id":"t22nv8qafd99ez9","previousEventId":"4408agtvk6v6tqw","previousOperationId":"seu9mqbnhace6sx"}
{"type":"operationStart","subtype":"recipe","name":"html-to-xlsx","timestamp":1731244231072,"id":"e5c962sxcfmikcu","previousEventId":"t22nv8qafd99ez9","operationId":"nderhkyuxjnnk9p","previousOperationId":"seu9mqbnhace6sx"}
{"type":"log","timestamp":1731244231072,"level":"debug","message":"Executing recipe html-to-xlsx","meta":{"rootId":"d28whgr5ojevuem","id":"d28whgr5ojevuem"},"id":"kntebmcgs6zfrh6","previousOperationId":"nderhkyuxjnnk9p"}
{"type":"log","timestamp":1731244231072,"level":"info","message":"html-to-xlsx generation is starting","meta":{"rootId":"d28whgr5ojevuem","id":"d28whgr5ojevuem"},"id":"h2y6idc2aogrvsz","previousOperationId":"nderhkyuxjnnk9p"}
{"type":"log","timestamp":1731244231703,"level":"info","message":"html-to-xlsx generation was finished","meta":{"rootId":"d28whgr5ojevuem","id":"d28whgr5ojevuem"},"id":"kwjg2ywxs105r4l","previousOperationId":"nderhkyuxjnnk9p"}
{"type":"log","timestamp":1731244231703,"level":"debug","message":"preparing office preview","meta":{"rootId":"d28whgr5ojevuem","id":"d28whgr5ojevuem"},"id":"tz048cuykrmyme9","previousOperationId":"nderhkyuxjnnk9p"}
{"type":"operationEnd","operationId":"nderhkyuxjnnk9p","timestamp":1731244232169,"id":"or3s6nzyjwb2alo","previousEventId":"e5c962sxcfmikcu","previousOperationId":"nderhkyuxjnnk9p"}
{"type":"log","timestamp":1731244232169,"level":"debug","message":"Skipping storing report.","meta":{"rootId":"d28whgr5ojevuem","id":"d28whgr5ojevuem"},"id":"yolrm7g43uala3o","previousOperationId":"nderhkyuxjnnk9p"}
{"type":"log","timestamp":1731244232169,"level":"info","message":"Rendering request 17 finished in 1123 ms","meta":{"rootId":"d28whgr5ojevuem","id":"d28whgr5ojevuem"},"id":"mw86mngvx5tqaym","previousOperationId":"nderhkyuxjnnk9p"}
{"type":"operationEnd","subtype":"render","operationId":"po4cikli0288ncq","timestamp":1731244232169,"id":"ie3wlcwllcq8kj1","previousEventId":"or3s6nzyjwb2alo","previousOperationId":"nderhkyuxjnnk9p"}
{"type":"operationEnd","doDiffs":false,"previousEventId":"7pz2fuyurf2nj4i","previousOperationId":"tfu4k1yvpeltkzy","operationId":"tfu4k1yvpeltkzy","timestamp":1731244232172,"id":"tkvyyg8d8atnxo8"}
