{"type":"operationStart","subtype":"profile","data":{"_id":"lWSQBMHpFIMNLHhA","timestamp":"2024-11-10T09:59:04.110Z","state":"queued","mode":"standard","creationDate":"2024-11-10T09:59:04.112Z","modificationDate":"2024-11-10T09:59:04.112Z","shortid":"saOBwPl","inheritedReadPermissions":[],"inheritedEditPermissions":[],"$entitySet":"profiles"},"doDiffs":false,"timestamp":1731232744111,"id":"29oj7oalqiueqcv","previousOperationId":null,"operationId":"kmq5xr2g85jc9iy"}
{"type":"log","level":"info","message":"Render request 278 queued for execution and waiting for available worker","previousOperationId":"kmq5xr2g85jc9iy","timestamp":1731232744112,"id":"dqo5ujnvxbx7539"}
{"type":"operationStart","subtype":"render","name":"new-excl-template","previousOperationId":"kmq5xr2g85jc9iy","timestamp":1731232744124,"id":"gnvc1vudo2jeild","previousEventId":"29oj7oalqiueqcv","operationId":"d8f0ow68ht8sfea"}
{"type":"log","timestamp":1731232744124,"level":"info","message":"Starting rendering request 278 (user: admin)","meta":{"rootId":"d3gr11lry92zfgz","id":"d3gr11lry92zfgz"},"id":"k5pb659llin8nr8","previousOperationId":"d8f0ow68ht8sfea"}
{"type":"log","timestamp":1731232744124,"level":"info","message":"Rendering template { name: new-excl-template, recipe: html-to-xlsx, engine: handlebars, preview: true }","meta":{"rootId":"d3gr11lry92zfgz","id":"d3gr11lry92zfgz"},"id":"qgjqtpdv6iet0rd","previousOperationId":"d8f0ow68ht8sfea"}
{"type":"log","timestamp":1731232744129,"level":"debug","message":"Adding sample data pVkbCM7am","meta":{"rootId":"d3gr11lry92zfgz","id":"d3gr11lry92zfgz"},"id":"taa5gv3h12nsxx8","previousOperationId":"d8f0ow68ht8sfea"}
{"type":"log","timestamp":1731232744130,"level":"debug","message":"Base url not specified, skipping its injection.","meta":{"rootId":"d3gr11lry92zfgz","id":"d3gr11lry92zfgz"},"id":"10l24o4812i19qi","previousOperationId":"d8f0ow68ht8sfea"}
{"type":"log","timestamp":1731232744133,"level":"debug","message":"Replaced assets [\"KhmerOSSiemreapRegular.ttf\"]","meta":{"rootId":"d3gr11lry92zfgz","id":"d3gr11lry92zfgz"},"id":"lauls5mfrcqk2mc","previousOperationId":"d8f0ow68ht8sfea"}
{"type":"operationStart","subtype":"engine","name":"handlebars","timestamp":1731232744133,"id":"fnj70xgx726ac1g","previousEventId":"gnvc1vudo2jeild","operationId":"tzswpigf9qnq91h","previousOperationId":"d8f0ow68ht8sfea"}
{"type":"log","timestamp":1731232744133,"level":"debug","message":"Rendering engine handlebars","meta":{"rootId":"d3gr11lry92zfgz","id":"d3gr11lry92zfgz"},"id":"6kbeq5skirg7317","previousOperationId":"tzswpigf9qnq91h"}
{"type":"operationEnd","operationId":"tzswpigf9qnq91h","timestamp":1731232744147,"id":"7nm2crnyj599dps","previousEventId":"fnj70xgx726ac1g","previousOperationId":"tzswpigf9qnq91h"}
{"type":"operationStart","subtype":"recipe","name":"html-to-xlsx","timestamp":1731232744150,"id":"jldi2u9usat32fb","previousEventId":"7nm2crnyj599dps","operationId":"y39s9e18coqa96g","previousOperationId":"tzswpigf9qnq91h"}
{"type":"log","timestamp":1731232744150,"level":"debug","message":"Executing recipe html-to-xlsx","meta":{"rootId":"d3gr11lry92zfgz","id":"d3gr11lry92zfgz"},"id":"hq7i67fwtl1pq9c","previousOperationId":"y39s9e18coqa96g"}
{"type":"log","timestamp":1731232744150,"level":"info","message":"html-to-xlsx generation is starting","meta":{"rootId":"d3gr11lry92zfgz","id":"d3gr11lry92zfgz"},"id":"sir5j6vkw03f5qz","previousOperationId":"y39s9e18coqa96g"}
{"type":"log","timestamp":1731232744781,"level":"info","message":"html-to-xlsx generation was finished","meta":{"rootId":"d3gr11lry92zfgz","id":"d3gr11lry92zfgz"},"id":"f0cqhtalqpww1nm","previousOperationId":"y39s9e18coqa96g"}
{"type":"log","timestamp":1731232744782,"level":"debug","message":"preparing office preview","meta":{"rootId":"d3gr11lry92zfgz","id":"d3gr11lry92zfgz"},"id":"d6tgvaj3o0ly4sc","previousOperationId":"y39s9e18coqa96g"}
{"type":"operationEnd","operationId":"y39s9e18coqa96g","timestamp":1731232745273,"id":"6lisgs9gdcwmo8g","previousEventId":"jldi2u9usat32fb","previousOperationId":"y39s9e18coqa96g"}
{"type":"log","timestamp":1731232745274,"level":"debug","message":"Skipping storing report.","meta":{"rootId":"d3gr11lry92zfgz","id":"d3gr11lry92zfgz"},"id":"1q6pnqp7wn5i65t","previousOperationId":"y39s9e18coqa96g"}
{"type":"log","timestamp":1731232745274,"level":"info","message":"Rendering request 278 finished in 1164 ms","meta":{"rootId":"d3gr11lry92zfgz","id":"d3gr11lry92zfgz"},"id":"z31h1yq5wmrchj5","previousOperationId":"y39s9e18coqa96g"}
{"type":"operationEnd","subtype":"render","operationId":"d8f0ow68ht8sfea","timestamp":1731232745274,"id":"lxnhbduxo0ml0tj","previousEventId":"6lisgs9gdcwmo8g","previousOperationId":"y39s9e18coqa96g"}
{"type":"operationEnd","doDiffs":false,"previousEventId":"29oj7oalqiueqcv","previousOperationId":"kmq5xr2g85jc9iy","operationId":"kmq5xr2g85jc9iy","timestamp":1731232745276,"id":"isfviiwzvqiifmc"}
