{"type":"operationStart","subtype":"profile","data":{"_id":"O93LVTJvC9ZzKd3k","timestamp":"2024-11-10T13:16:21.136Z","state":"queued","mode":"standard","creationDate":"2024-11-10T13:16:21.138Z","modificationDate":"2024-11-10T13:16:21.138Z","shortid":"UK_J2Y4","inheritedReadPermissions":[],"inheritedEditPermissions":[],"$entitySet":"profiles"},"doDiffs":false,"timestamp":1731244581137,"id":"biiroueh38egwx1","previousOperationId":null,"operationId":"124ydvb5pkqlkim"}
{"type":"log","level":"info","message":"Render request 36 queued for execution and waiting for available worker","previousOperationId":"124ydvb5pkqlkim","timestamp":1731244581137,"id":"qpm48idye3ahvcn"}
{"type":"operationStart","subtype":"render","name":"new-excl-template","previousOperationId":"124ydvb5pkqlkim","timestamp":1731244581144,"id":"2rlexo6oi24cujb","previousEventId":"biiroueh38egwx1","operationId":"z1yjtott6a0h5tc"}
{"type":"log","timestamp":1731244581144,"level":"info","message":"Starting rendering request 36 (user: admin)","meta":{"rootId":"d5a1z9eppgzjx38","id":"d5a1z9eppgzjx38"},"id":"6ntfhumjhlbxpd8","previousOperationId":"z1yjtott6a0h5tc"}
{"type":"log","timestamp":1731244581144,"level":"info","message":"Rendering template { name: new-excl-template, recipe: html-to-xlsx, engine: handlebars, preview: true }","meta":{"rootId":"d5a1z9eppgzjx38","id":"d5a1z9eppgzjx38"},"id":"pu2yso0nsg6fwra","previousOperationId":"z1yjtott6a0h5tc"}
{"type":"log","timestamp":1731244581145,"level":"debug","message":"Inline data specified.","meta":{"rootId":"d5a1z9eppgzjx38","id":"d5a1z9eppgzjx38"},"id":"vjd8eqeurux7nar","previousOperationId":"z1yjtott6a0h5tc"}
{"type":"log","timestamp":1731244581145,"level":"debug","message":"Base url not specified, skipping its injection.","meta":{"rootId":"d5a1z9eppgzjx38","id":"d5a1z9eppgzjx38"},"id":"bi8lz0nj0ptso3u","previousOperationId":"z1yjtott6a0h5tc"}
{"type":"log","timestamp":1731244581147,"level":"debug","message":"Replaced assets [\"KhmerOSSiemreapRegular.ttf\"]","meta":{"rootId":"d5a1z9eppgzjx38","id":"d5a1z9eppgzjx38"},"id":"z50i5v4h86647uj","previousOperationId":"z1yjtott6a0h5tc"}
{"type":"operationStart","subtype":"engine","name":"handlebars","timestamp":1731244581147,"id":"uh2musrd8kneo3k","previousEventId":"2rlexo6oi24cujb","operationId":"hy5fdvq59nuqapq","previousOperationId":"z1yjtott6a0h5tc"}
{"type":"log","timestamp":1731244581147,"level":"debug","message":"Rendering engine handlebars","meta":{"rootId":"d5a1z9eppgzjx38","id":"d5a1z9eppgzjx38"},"id":"1yzhaphpxofdqmb","previousOperationId":"hy5fdvq59nuqapq"}
{"type":"operationEnd","operationId":"hy5fdvq59nuqapq","timestamp":1731244581158,"id":"w7zxghdu8pyb8zt","previousEventId":"uh2musrd8kneo3k","previousOperationId":"hy5fdvq59nuqapq"}
{"type":"operationStart","subtype":"recipe","name":"html-to-xlsx","timestamp":1731244581160,"id":"1o9jashpkpebvyo","previousEventId":"w7zxghdu8pyb8zt","operationId":"qxhrlcgpv5bcd9x","previousOperationId":"hy5fdvq59nuqapq"}
{"type":"log","timestamp":1731244581160,"level":"debug","message":"Executing recipe html-to-xlsx","meta":{"rootId":"d5a1z9eppgzjx38","id":"d5a1z9eppgzjx38"},"id":"p1wbvmffm6xgaes","previousOperationId":"qxhrlcgpv5bcd9x"}
{"type":"log","timestamp":1731244581160,"level":"info","message":"html-to-xlsx generation is starting","meta":{"rootId":"d5a1z9eppgzjx38","id":"d5a1z9eppgzjx38"},"id":"ipjuiyvmwsitk1t","previousOperationId":"qxhrlcgpv5bcd9x"}
{"type":"log","timestamp":1731244581704,"level":"info","message":"html-to-xlsx generation was finished","meta":{"rootId":"d5a1z9eppgzjx38","id":"d5a1z9eppgzjx38"},"id":"t8ua33mjezefdm5","previousOperationId":"qxhrlcgpv5bcd9x"}
{"type":"log","timestamp":1731244581704,"level":"debug","message":"preparing office preview","meta":{"rootId":"d5a1z9eppgzjx38","id":"d5a1z9eppgzjx38"},"id":"7vtdoawqs935dx9","previousOperationId":"qxhrlcgpv5bcd9x"}
{"type":"operationEnd","operationId":"qxhrlcgpv5bcd9x","timestamp":1731244582148,"id":"whad25pzt2z5euf","previousEventId":"1o9jashpkpebvyo","previousOperationId":"qxhrlcgpv5bcd9x"}
{"type":"log","timestamp":1731244582148,"level":"debug","message":"Skipping storing report.","meta":{"rootId":"d5a1z9eppgzjx38","id":"d5a1z9eppgzjx38"},"id":"fv4b6j0gye18udi","previousOperationId":"qxhrlcgpv5bcd9x"}
{"type":"log","timestamp":1731244582148,"level":"info","message":"Rendering request 36 finished in 1012 ms","meta":{"rootId":"d5a1z9eppgzjx38","id":"d5a1z9eppgzjx38"},"id":"awcbpv92xpq962y","previousOperationId":"qxhrlcgpv5bcd9x"}
{"type":"operationEnd","subtype":"render","operationId":"z1yjtott6a0h5tc","timestamp":1731244582148,"id":"xfxuyyt3zbgywbp","previousEventId":"whad25pzt2z5euf","previousOperationId":"qxhrlcgpv5bcd9x"}
{"type":"operationEnd","doDiffs":false,"previousEventId":"biiroueh38egwx1","previousOperationId":"124ydvb5pkqlkim","operationId":"124ydvb5pkqlkim","timestamp":1731244582150,"id":"z63908zcc5s0jr7"}
