{"type":"operationStart","subtype":"profile","data":{"_id":"t4Rab7bOD9jXRbVD","timestamp":"2024-11-10T15:39:57.771Z","state":"queued","mode":"standard","creationDate":"2024-11-10T15:39:57.773Z","modificationDate":"2024-11-10T15:39:57.773Z","shortid":"jiaDrBQ","inheritedReadPermissions":[],"inheritedEditPermissions":[],"$entitySet":"profiles"},"doDiffs":false,"timestamp":1731253197772,"id":"oxxnimhx91f2yxy","previousOperationId":null,"operationId":"r30slvxz6bglckf"}
{"type":"log","level":"info","message":"Render request 205 queued for execution and waiting for available worker","previousOperationId":"r30slvxz6bglckf","timestamp":1731253197772,"id":"pym20pj0jsddycr"}
{"type":"operationStart","subtype":"render","name":"new-excl-template","previousOperationId":"r30slvxz6bglckf","timestamp":1731253197781,"id":"obt0blrv6azey31","previousEventId":"oxxnimhx91f2yxy","operationId":"4u90jdabiv76awc"}
{"type":"log","timestamp":1731253197781,"level":"info","message":"Starting rendering request 205 (user: admin)","meta":{"rootId":"d5t03yze1hqqdpk","id":"d5t03yze1hqqdpk"},"id":"zcizmfnl6wkwms3","previousOperationId":"4u90jdabiv76awc"}
{"type":"log","timestamp":1731253197782,"level":"info","message":"Rendering template { name: new-excl-template, recipe: html-to-xlsx, engine: handlebars, preview: true }","meta":{"rootId":"d5t03yze1hqqdpk","id":"d5t03yze1hqqdpk"},"id":"v09g4dlldq9vklc","previousOperationId":"4u90jdabiv76awc"}
{"type":"log","timestamp":1731253197782,"level":"debug","message":"Inline data specified.","meta":{"rootId":"d5t03yze1hqqdpk","id":"d5t03yze1hqqdpk"},"id":"a57p8iqrwkxd1mh","previousOperationId":"4u90jdabiv76awc"}
{"type":"log","timestamp":1731253197783,"level":"debug","message":"Base url not specified, skipping its injection.","meta":{"rootId":"d5t03yze1hqqdpk","id":"d5t03yze1hqqdpk"},"id":"t1pe2uhjqbsc0ze","previousOperationId":"4u90jdabiv76awc"}
{"type":"log","timestamp":1731253197786,"level":"debug","message":"Replaced assets [\"KhmerOSSiemreapRegular.ttf\"]","meta":{"rootId":"d5t03yze1hqqdpk","id":"d5t03yze1hqqdpk"},"id":"6mjqjgz7a6b7e9x","previousOperationId":"4u90jdabiv76awc"}
{"type":"operationStart","subtype":"engine","name":"handlebars","timestamp":1731253197786,"id":"ssgypw94u46tg9e","previousEventId":"obt0blrv6azey31","operationId":"4oserixmxm381ea","previousOperationId":"4u90jdabiv76awc"}
{"type":"log","timestamp":1731253197786,"level":"debug","message":"Rendering engine handlebars","meta":{"rootId":"d5t03yze1hqqdpk","id":"d5t03yze1hqqdpk"},"id":"g1sxbjrw7o6eviu","previousOperationId":"4oserixmxm381ea"}
{"type":"operationEnd","operationId":"4oserixmxm381ea","timestamp":1731253197800,"id":"l10iv309gl3h11i","previousEventId":"ssgypw94u46tg9e","previousOperationId":"4oserixmxm381ea"}
{"type":"operationStart","subtype":"recipe","name":"html-to-xlsx","timestamp":1731253197802,"id":"eyc57k9hjiu0lae","previousEventId":"l10iv309gl3h11i","operationId":"d2uw9lm4vus8od3","previousOperationId":"4oserixmxm381ea"}
{"type":"log","timestamp":1731253197802,"level":"debug","message":"Executing recipe html-to-xlsx","meta":{"rootId":"d5t03yze1hqqdpk","id":"d5t03yze1hqqdpk"},"id":"3s2oxgwl7zd632d","previousOperationId":"d2uw9lm4vus8od3"}
{"type":"log","timestamp":1731253197802,"level":"info","message":"html-to-xlsx generation is starting","meta":{"rootId":"d5t03yze1hqqdpk","id":"d5t03yze1hqqdpk"},"id":"rxgpydsm5jt668o","previousOperationId":"d2uw9lm4vus8od3"}
{"type":"log","timestamp":1731253198439,"level":"info","message":"html-to-xlsx generation was finished","meta":{"rootId":"d5t03yze1hqqdpk","id":"d5t03yze1hqqdpk"},"id":"zhq5a2ldsqvkgbx","previousOperationId":"d2uw9lm4vus8od3"}
{"type":"log","timestamp":1731253198439,"level":"debug","message":"preparing office preview","meta":{"rootId":"d5t03yze1hqqdpk","id":"d5t03yze1hqqdpk"},"id":"7bd11ikaclkh1ye","previousOperationId":"d2uw9lm4vus8od3"}
{"type":"operationEnd","operationId":"d2uw9lm4vus8od3","timestamp":1731253198946,"id":"ye29u5p6ro7dp1i","previousEventId":"eyc57k9hjiu0lae","previousOperationId":"d2uw9lm4vus8od3"}
{"type":"log","timestamp":1731253198946,"level":"debug","message":"Skipping storing report.","meta":{"rootId":"d5t03yze1hqqdpk","id":"d5t03yze1hqqdpk"},"id":"sxgrrsd7jczh21o","previousOperationId":"d2uw9lm4vus8od3"}
{"type":"log","timestamp":1731253198946,"level":"info","message":"Rendering request 205 finished in 1175 ms","meta":{"rootId":"d5t03yze1hqqdpk","id":"d5t03yze1hqqdpk"},"id":"sgkwbh3p1j2eem5","previousOperationId":"d2uw9lm4vus8od3"}
{"type":"operationEnd","subtype":"render","operationId":"4u90jdabiv76awc","timestamp":1731253198946,"id":"ncdn1hxm8hb3iig","previousEventId":"ye29u5p6ro7dp1i","previousOperationId":"d2uw9lm4vus8od3"}
{"type":"operationEnd","doDiffs":false,"previousEventId":"oxxnimhx91f2yxy","previousOperationId":"r30slvxz6bglckf","operationId":"r30slvxz6bglckf","timestamp":1731253198947,"id":"itlojdxr12ursm0"}
