{"type":"operationStart","subtype":"profile","data":{"_id":"SPvqhnFDJpODAmAM","timestamp":"2024-11-10T15:24:01.343Z","state":"queued","mode":"standard","creationDate":"2024-11-10T15:24:01.345Z","modificationDate":"2024-11-10T15:24:01.345Z","shortid":"wFMK8Yq","inheritedReadPermissions":[],"inheritedEditPermissions":[],"$entitySet":"profiles"},"doDiffs":false,"timestamp":1731252241344,"id":"i4pc5pmq6k04hwc","previousOperationId":null,"operationId":"5g3gbndktaju3a1"}
{"type":"log","level":"info","message":"Render request 198 queued for execution and waiting for available worker","previousOperationId":"5g3gbndktaju3a1","timestamp":1731252241344,"id":"pqff4rk2wkj82vm"}
{"type":"operationStart","subtype":"render","name":"new-excl-template","previousOperationId":"5g3gbndktaju3a1","timestamp":1731252241351,"id":"rukokoxge00mc3i","previousEventId":"i4pc5pmq6k04hwc","operationId":"gme8km3p14v4rbp"}
{"type":"log","timestamp":1731252241351,"level":"info","message":"Starting rendering request 198 (user: admin)","meta":{"rootId":"d7q65a8jkm5h5j2","id":"d7q65a8jkm5h5j2"},"id":"0v7b8pxany8oshf","previousOperationId":"gme8km3p14v4rbp"}
{"type":"log","timestamp":1731252241351,"level":"info","message":"Rendering template { name: new-excl-template, recipe: html-to-xlsx, engine: handlebars, preview: false }","meta":{"rootId":"d7q65a8jkm5h5j2","id":"d7q65a8jkm5h5j2"},"id":"vqq4fibvfvx2xc3","previousOperationId":"gme8km3p14v4rbp"}
{"type":"log","timestamp":1731252241352,"level":"debug","message":"Adding sample data pVkbCM7am","meta":{"rootId":"d7q65a8jkm5h5j2","id":"d7q65a8jkm5h5j2"},"id":"pnv6s94azt1eu44","previousOperationId":"gme8km3p14v4rbp"}
{"type":"log","timestamp":1731252241353,"level":"debug","message":"Base url not specified, skipping its injection.","meta":{"rootId":"d7q65a8jkm5h5j2","id":"d7q65a8jkm5h5j2"},"id":"8bk7ykd8lxg5tp9","previousOperationId":"gme8km3p14v4rbp"}
{"type":"log","timestamp":1731252241354,"level":"debug","message":"Replaced assets [\"KhmerOSSiemreapRegular.ttf\"]","meta":{"rootId":"d7q65a8jkm5h5j2","id":"d7q65a8jkm5h5j2"},"id":"tn3il0tas3nb9rq","previousOperationId":"gme8km3p14v4rbp"}
{"type":"operationStart","subtype":"engine","name":"handlebars","timestamp":1731252241354,"id":"myzxq5f46s51q29","previousEventId":"rukokoxge00mc3i","operationId":"808grmvr68k6xrn","previousOperationId":"gme8km3p14v4rbp"}
{"type":"log","timestamp":1731252241354,"level":"debug","message":"Rendering engine handlebars","meta":{"rootId":"d7q65a8jkm5h5j2","id":"d7q65a8jkm5h5j2"},"id":"q9vnfzof825kn66","previousOperationId":"808grmvr68k6xrn"}
{"type":"operationEnd","operationId":"808grmvr68k6xrn","timestamp":1731252241360,"id":"5vjzwfguagqithw","previousEventId":"myzxq5f46s51q29","previousOperationId":"808grmvr68k6xrn"}
{"type":"operationStart","subtype":"recipe","name":"html-to-xlsx","timestamp":1731252241361,"id":"ia3qflr67pl0mi8","previousEventId":"5vjzwfguagqithw","operationId":"7yqp0v4hg5mpohh","previousOperationId":"808grmvr68k6xrn"}
{"type":"log","timestamp":1731252241361,"level":"debug","message":"Executing recipe html-to-xlsx","meta":{"rootId":"d7q65a8jkm5h5j2","id":"d7q65a8jkm5h5j2"},"id":"p776gw993sdnnij","previousOperationId":"7yqp0v4hg5mpohh"}
{"type":"log","timestamp":1731252241361,"level":"info","message":"html-to-xlsx generation is starting","meta":{"rootId":"d7q65a8jkm5h5j2","id":"d7q65a8jkm5h5j2"},"id":"d5rph7shsdx954e","previousOperationId":"7yqp0v4hg5mpohh"}
{"type":"log","timestamp":1731252241995,"level":"info","message":"html-to-xlsx generation was finished","meta":{"rootId":"d7q65a8jkm5h5j2","id":"d7q65a8jkm5h5j2"},"id":"4weswjlh5qdh6op","previousOperationId":"7yqp0v4hg5mpohh"}
{"type":"operationEnd","operationId":"7yqp0v4hg5mpohh","timestamp":1731252241996,"id":"5yypd45rudthigq","previousEventId":"ia3qflr67pl0mi8","previousOperationId":"7yqp0v4hg5mpohh"}
{"type":"log","timestamp":1731252241996,"level":"debug","message":"Skipping storing report.","meta":{"rootId":"d7q65a8jkm5h5j2","id":"d7q65a8jkm5h5j2"},"id":"4etcfnxxp2v81mb","previousOperationId":"7yqp0v4hg5mpohh"}
{"type":"log","timestamp":1731252241996,"level":"info","message":"Rendering request 198 finished in 653 ms","meta":{"rootId":"d7q65a8jkm5h5j2","id":"d7q65a8jkm5h5j2"},"id":"ljgogqhw0725c77","previousOperationId":"7yqp0v4hg5mpohh"}
{"type":"operationEnd","subtype":"render","operationId":"gme8km3p14v4rbp","timestamp":1731252241996,"id":"eufl9fwxphyx9o4","previousEventId":"5yypd45rudthigq","previousOperationId":"7yqp0v4hg5mpohh"}
{"type":"operationEnd","doDiffs":false,"previousEventId":"i4pc5pmq6k04hwc","previousOperationId":"5g3gbndktaju3a1","operationId":"5g3gbndktaju3a1","timestamp":1731252241997,"id":"4xi7ni9neaakseg"}
