{"type":"operationStart","subtype":"profile","data":{"_id":"ohik1TT5xDWuRY56","timestamp":"2024-11-10T14:45:39.322Z","state":"queued","mode":"standard","creationDate":"2024-11-10T14:45:39.324Z","modificationDate":"2024-11-10T14:45:39.324Z","shortid":"oAFXs16","inheritedReadPermissions":[],"inheritedEditPermissions":[],"$entitySet":"profiles"},"doDiffs":false,"timestamp":1731249939323,"id":"8smvso4yghglb4b","previousOperationId":null,"operationId":"at36wbqdmbe0xh5"}
{"type":"log","level":"info","message":"Render request 166 queued for execution and waiting for available worker","previousOperationId":"at36wbqdmbe0xh5","timestamp":1731249939323,"id":"9i0500gxczlkbn7"}
{"type":"operationStart","subtype":"render","name":"new-excl-template","previousOperationId":"at36wbqdmbe0xh5","timestamp":1731249939335,"id":"4ljemroodc8qk3o","previousEventId":"8smvso4yghglb4b","operationId":"264u901bxf6gdf5"}
{"type":"log","timestamp":1731249939336,"level":"info","message":"Starting rendering request 166 (user: admin)","meta":{"rootId":"decbuhg3zjbhxly","id":"decbuhg3zjbhxly"},"id":"u2nfffxaduregdn","previousOperationId":"264u901bxf6gdf5"}
{"type":"log","timestamp":1731249939336,"level":"info","message":"Rendering template { name: new-excl-template, recipe: html-to-xlsx, engine: handlebars, preview: true }","meta":{"rootId":"decbuhg3zjbhxly","id":"decbuhg3zjbhxly"},"id":"b3bt7opnxam2s61","previousOperationId":"264u901bxf6gdf5"}
{"type":"log","timestamp":1731249939336,"level":"debug","message":"Inline data specified.","meta":{"rootId":"decbuhg3zjbhxly","id":"decbuhg3zjbhxly"},"id":"i5o94dk4rxruc8o","previousOperationId":"264u901bxf6gdf5"}
{"type":"log","timestamp":1731249939337,"level":"debug","message":"Base url not specified, skipping its injection.","meta":{"rootId":"decbuhg3zjbhxly","id":"decbuhg3zjbhxly"},"id":"uo81z27ctgsabrw","previousOperationId":"264u901bxf6gdf5"}
{"type":"log","timestamp":1731249939339,"level":"debug","message":"Replaced assets [\"KhmerOSSiemreapRegular.ttf\"]","meta":{"rootId":"decbuhg3zjbhxly","id":"decbuhg3zjbhxly"},"id":"vumveuktt9earw8","previousOperationId":"264u901bxf6gdf5"}
{"type":"operationStart","subtype":"engine","name":"handlebars","timestamp":1731249939339,"id":"2s4tjf03hqlzfj0","previousEventId":"4ljemroodc8qk3o","operationId":"pruo68clg10qvu0","previousOperationId":"264u901bxf6gdf5"}
{"type":"log","timestamp":1731249939339,"level":"debug","message":"Rendering engine handlebars","meta":{"rootId":"decbuhg3zjbhxly","id":"decbuhg3zjbhxly"},"id":"r23vswpsetp174d","previousOperationId":"pruo68clg10qvu0"}
{"type":"operationEnd","operationId":"pruo68clg10qvu0","timestamp":1731249939352,"id":"asl3e3wnmxjuiuz","previousEventId":"2s4tjf03hqlzfj0","previousOperationId":"pruo68clg10qvu0"}
{"type":"operationStart","subtype":"recipe","name":"html-to-xlsx","timestamp":1731249939354,"id":"ba6x6szxrruu5sa","previousEventId":"asl3e3wnmxjuiuz","operationId":"0bizfuxmje7g3up","previousOperationId":"pruo68clg10qvu0"}
{"type":"log","timestamp":1731249939354,"level":"debug","message":"Executing recipe html-to-xlsx","meta":{"rootId":"decbuhg3zjbhxly","id":"decbuhg3zjbhxly"},"id":"5c3becoji75p341","previousOperationId":"0bizfuxmje7g3up"}
{"type":"log","timestamp":1731249939354,"level":"info","message":"html-to-xlsx generation is starting","meta":{"rootId":"decbuhg3zjbhxly","id":"decbuhg3zjbhxly"},"id":"zxke76o95evdzy0","previousOperationId":"0bizfuxmje7g3up"}
{"type":"log","timestamp":1731249940217,"level":"info","message":"html-to-xlsx generation was finished","meta":{"rootId":"decbuhg3zjbhxly","id":"decbuhg3zjbhxly"},"id":"9ue64av1t6ixiz5","previousOperationId":"0bizfuxmje7g3up"}
{"type":"log","timestamp":1731249940217,"level":"debug","message":"preparing office preview","meta":{"rootId":"decbuhg3zjbhxly","id":"decbuhg3zjbhxly"},"id":"vqgeung73pwjo5q","previousOperationId":"0bizfuxmje7g3up"}
{"type":"operationEnd","operationId":"0bizfuxmje7g3up","timestamp":1731249940713,"id":"sngw4aqx58phzhg","previousEventId":"ba6x6szxrruu5sa","previousOperationId":"0bizfuxmje7g3up"}
{"type":"log","timestamp":1731249940713,"level":"debug","message":"Skipping storing report.","meta":{"rootId":"decbuhg3zjbhxly","id":"decbuhg3zjbhxly"},"id":"e9i8vi9765m97z8","previousOperationId":"0bizfuxmje7g3up"}
{"type":"log","timestamp":1731249940713,"level":"info","message":"Rendering request 166 finished in 1392 ms","meta":{"rootId":"decbuhg3zjbhxly","id":"decbuhg3zjbhxly"},"id":"cu246d6u9ah1e7a","previousOperationId":"0bizfuxmje7g3up"}
{"type":"operationEnd","subtype":"render","operationId":"264u901bxf6gdf5","timestamp":1731249940713,"id":"9odq5hzigw67430","previousEventId":"sngw4aqx58phzhg","previousOperationId":"0bizfuxmje7g3up"}
{"type":"operationEnd","doDiffs":false,"previousEventId":"8smvso4yghglb4b","previousOperationId":"at36wbqdmbe0xh5","operationId":"at36wbqdmbe0xh5","timestamp":1731249940715,"id":"0z289cgxw1vdnux"}
