{"type":"operationStart","subtype":"profile","data":{"_id":"1blTVYcSzcsfCvGD","timestamp":"2024-11-10T13:08:57.763Z","state":"queued","mode":"standard","creationDate":"2024-11-10T13:08:57.765Z","modificationDate":"2024-11-10T13:08:57.765Z","shortid":"ZP-_Ktp","inheritedReadPermissions":[],"inheritedEditPermissions":[],"$entitySet":"profiles"},"doDiffs":false,"timestamp":1731244137765,"id":"u26of0nzxx3pb9m","previousOperationId":null,"operationId":"e31rs2ahhuihh0m"}
{"type":"log","level":"info","message":"Render request 15 queued for execution and waiting for available worker","previousOperationId":"e31rs2ahhuihh0m","timestamp":1731244137765,"id":"ume74v32fq9bd9g"}
{"type":"operationStart","subtype":"render","name":"new-excl-template","previousOperationId":"e31rs2ahhuihh0m","timestamp":1731244137774,"id":"5peail38vwg2bla","previousEventId":"u26of0nzxx3pb9m","operationId":"1xn54rp08c7knpg"}
{"type":"log","timestamp":1731244137774,"level":"info","message":"Starting rendering request 15 (user: admin)","meta":{"rootId":"dki74sta5sahyj7","id":"dki74sta5sahyj7"},"id":"jbiv87ta569fbs0","previousOperationId":"1xn54rp08c7knpg"}
{"type":"log","timestamp":1731244137774,"level":"info","message":"Rendering template { name: new-excl-template, recipe: html-to-xlsx, engine: handlebars, preview: true }","meta":{"rootId":"dki74sta5sahyj7","id":"dki74sta5sahyj7"},"id":"7ltxxt0hvsr9wrw","previousOperationId":"1xn54rp08c7knpg"}
{"type":"log","timestamp":1731244137775,"level":"debug","message":"Adding sample data pVkbCM7am","meta":{"rootId":"dki74sta5sahyj7","id":"dki74sta5sahyj7"},"id":"drghvvbld5uh6f9","previousOperationId":"1xn54rp08c7knpg"}
{"type":"log","timestamp":1731244137777,"level":"debug","message":"Base url not specified, skipping its injection.","meta":{"rootId":"dki74sta5sahyj7","id":"dki74sta5sahyj7"},"id":"r96j02ecv1kimvt","previousOperationId":"1xn54rp08c7knpg"}
{"type":"log","timestamp":1731244137779,"level":"debug","message":"Replaced assets [\"KhmerOSSiemreapRegular.ttf\"]","meta":{"rootId":"dki74sta5sahyj7","id":"dki74sta5sahyj7"},"id":"zz8307e3556t8ax","previousOperationId":"1xn54rp08c7knpg"}
{"type":"operationStart","subtype":"engine","name":"handlebars","timestamp":1731244137779,"id":"5cuff2ysi2wfiof","previousEventId":"5peail38vwg2bla","operationId":"bv0psysfwqeyn7b","previousOperationId":"1xn54rp08c7knpg"}
{"type":"log","timestamp":1731244137779,"level":"debug","message":"Rendering engine handlebars","meta":{"rootId":"dki74sta5sahyj7","id":"dki74sta5sahyj7"},"id":"3xo383hl0s5hneb","previousOperationId":"bv0psysfwqeyn7b"}
{"type":"operationEnd","operationId":"bv0psysfwqeyn7b","timestamp":1731244137793,"id":"wyyukiumg09bg7t","previousEventId":"5cuff2ysi2wfiof","previousOperationId":"bv0psysfwqeyn7b"}
{"type":"operationStart","subtype":"recipe","name":"html-to-xlsx","timestamp":1731244137795,"id":"dd4cv86ndmuwzxc","previousEventId":"wyyukiumg09bg7t","operationId":"ifahmu1rbb8v92t","previousOperationId":"bv0psysfwqeyn7b"}
{"type":"log","timestamp":1731244137795,"level":"debug","message":"Executing recipe html-to-xlsx","meta":{"rootId":"dki74sta5sahyj7","id":"dki74sta5sahyj7"},"id":"exqaug9yuofrrax","previousOperationId":"ifahmu1rbb8v92t"}
{"type":"log","timestamp":1731244137795,"level":"info","message":"html-to-xlsx generation is starting","meta":{"rootId":"dki74sta5sahyj7","id":"dki74sta5sahyj7"},"id":"f57cfaa6vwgajjn","previousOperationId":"ifahmu1rbb8v92t"}
{"type":"log","timestamp":1731244138445,"level":"info","message":"html-to-xlsx generation was finished","meta":{"rootId":"dki74sta5sahyj7","id":"dki74sta5sahyj7"},"id":"vg5ujzb75ktj8dk","previousOperationId":"ifahmu1rbb8v92t"}
{"type":"log","timestamp":1731244138445,"level":"debug","message":"preparing office preview","meta":{"rootId":"dki74sta5sahyj7","id":"dki74sta5sahyj7"},"id":"nqqqcbx5u5o4pdj","previousOperationId":"ifahmu1rbb8v92t"}
{"type":"operationEnd","operationId":"ifahmu1rbb8v92t","timestamp":1731244140129,"id":"gfi2rxkepo65qkz","previousEventId":"dd4cv86ndmuwzxc","previousOperationId":"ifahmu1rbb8v92t"}
{"type":"log","timestamp":1731244140129,"level":"debug","message":"Skipping storing report.","meta":{"rootId":"dki74sta5sahyj7","id":"dki74sta5sahyj7"},"id":"a094i0yqq63pefi","previousOperationId":"ifahmu1rbb8v92t"}
{"type":"log","timestamp":1731244140129,"level":"info","message":"Rendering request 15 finished in 2366 ms","meta":{"rootId":"dki74sta5sahyj7","id":"dki74sta5sahyj7"},"id":"mjp1o0zdj6bc9q1","previousOperationId":"ifahmu1rbb8v92t"}
{"type":"operationEnd","subtype":"render","operationId":"1xn54rp08c7knpg","timestamp":1731244140129,"id":"cuhd26jfpdkib7d","previousEventId":"gfi2rxkepo65qkz","previousOperationId":"ifahmu1rbb8v92t"}
{"type":"operationEnd","doDiffs":false,"previousEventId":"u26of0nzxx3pb9m","previousOperationId":"e31rs2ahhuihh0m","operationId":"e31rs2ahhuihh0m","timestamp":1731244140133,"id":"yku5kpocu7b23ft"}
