{"type":"operationStart","subtype":"profile","data":{"_id":"AGl6yunYyETfuSqD","timestamp":"2024-11-10T14:50:11.112Z","state":"queued","mode":"standard","creationDate":"2024-11-10T14:50:11.113Z","modificationDate":"2024-11-10T14:50:11.113Z","shortid":"cYC1Now","inheritedReadPermissions":[],"inheritedEditPermissions":[],"$entitySet":"profiles"},"doDiffs":false,"timestamp":1731250211113,"id":"h6kx9ak6wigvf2n","previousOperationId":null,"operationId":"s68uhrhloul0ww9"}
{"type":"log","level":"info","message":"Render request 176 queued for execution and waiting for available worker","previousOperationId":"s68uhrhloul0ww9","timestamp":1731250211113,"id":"q9m9e0wx8z0t30p"}
{"type":"operationStart","subtype":"render","name":"new-excl-template","previousOperationId":"s68uhrhloul0ww9","timestamp":1731250211118,"id":"aq4rh4lhbqngvco","previousEventId":"h6kx9ak6wigvf2n","operationId":"6hy9n26caolpgx8"}
{"type":"log","timestamp":1731250211118,"level":"info","message":"Starting rendering request 176 (user: admin)","meta":{"rootId":"dym6cgcp3c8s64z","id":"dym6cgcp3c8s64z"},"id":"cfuqzfotm87grqd","previousOperationId":"6hy9n26caolpgx8"}
{"type":"log","timestamp":1731250211118,"level":"info","message":"Rendering template { name: new-excl-template, recipe: html-to-xlsx, engine: handlebars, preview: false }","meta":{"rootId":"dym6cgcp3c8s64z","id":"dym6cgcp3c8s64z"},"id":"stq49uj149ls6lx","previousOperationId":"6hy9n26caolpgx8"}
{"type":"log","timestamp":1731250211119,"level":"debug","message":"Adding sample data pVkbCM7am","meta":{"rootId":"dym6cgcp3c8s64z","id":"dym6cgcp3c8s64z"},"id":"efrh1yu9mjp99q1","previousOperationId":"6hy9n26caolpgx8"}
{"type":"log","timestamp":1731250211120,"level":"debug","message":"Base url not specified, skipping its injection.","meta":{"rootId":"dym6cgcp3c8s64z","id":"dym6cgcp3c8s64z"},"id":"far8i5c33x6jvhs","previousOperationId":"6hy9n26caolpgx8"}
{"type":"log","timestamp":1731250211121,"level":"debug","message":"Replaced assets [\"KhmerOSSiemreapRegular.ttf\"]","meta":{"rootId":"dym6cgcp3c8s64z","id":"dym6cgcp3c8s64z"},"id":"3p9zx96vqwgpt61","previousOperationId":"6hy9n26caolpgx8"}
{"type":"operationStart","subtype":"engine","name":"handlebars","timestamp":1731250211121,"id":"k635nd7b551t90s","previousEventId":"aq4rh4lhbqngvco","operationId":"lpkuwygsnfiats5","previousOperationId":"6hy9n26caolpgx8"}
{"type":"log","timestamp":1731250211121,"level":"debug","message":"Rendering engine handlebars","meta":{"rootId":"dym6cgcp3c8s64z","id":"dym6cgcp3c8s64z"},"id":"nj92sg3cxj7skcn","previousOperationId":"lpkuwygsnfiats5"}
{"type":"operationEnd","operationId":"lpkuwygsnfiats5","timestamp":1731250211128,"id":"oo6ftxep4w88ldc","previousEventId":"k635nd7b551t90s","previousOperationId":"lpkuwygsnfiats5"}
{"type":"operationStart","subtype":"recipe","name":"html-to-xlsx","timestamp":1731250211129,"id":"umw3mz5re7oq998","previousEventId":"oo6ftxep4w88ldc","operationId":"qxak7spu9quvq7o","previousOperationId":"lpkuwygsnfiats5"}
{"type":"log","timestamp":1731250211129,"level":"debug","message":"Executing recipe html-to-xlsx","meta":{"rootId":"dym6cgcp3c8s64z","id":"dym6cgcp3c8s64z"},"id":"4q0gvca8ia1xrz9","previousOperationId":"qxak7spu9quvq7o"}
{"type":"log","timestamp":1731250211129,"level":"info","message":"html-to-xlsx generation is starting","meta":{"rootId":"dym6cgcp3c8s64z","id":"dym6cgcp3c8s64z"},"id":"o54ddnfdsjkq0ip","previousOperationId":"qxak7spu9quvq7o"}
{"type":"log","timestamp":1731250211687,"level":"info","message":"html-to-xlsx generation was finished","meta":{"rootId":"dym6cgcp3c8s64z","id":"dym6cgcp3c8s64z"},"id":"vnsq5w536ikhjmy","previousOperationId":"qxak7spu9quvq7o"}
{"type":"operationEnd","operationId":"qxak7spu9quvq7o","timestamp":1731250211689,"id":"rk56ze0cvj2v7ie","previousEventId":"umw3mz5re7oq998","previousOperationId":"qxak7spu9quvq7o"}
{"type":"log","timestamp":1731250211689,"level":"debug","message":"Skipping storing report.","meta":{"rootId":"dym6cgcp3c8s64z","id":"dym6cgcp3c8s64z"},"id":"vj1ej81ev6y67fj","previousOperationId":"qxak7spu9quvq7o"}
{"type":"log","timestamp":1731250211689,"level":"info","message":"Rendering request 176 finished in 577 ms","meta":{"rootId":"dym6cgcp3c8s64z","id":"dym6cgcp3c8s64z"},"id":"vxtptqegzkcv8ex","previousOperationId":"qxak7spu9quvq7o"}
{"type":"operationEnd","subtype":"render","operationId":"6hy9n26caolpgx8","timestamp":1731250211689,"id":"vob7bzu8b87e29u","previousEventId":"rk56ze0cvj2v7ie","previousOperationId":"qxak7spu9quvq7o"}
{"type":"operationEnd","doDiffs":false,"previousEventId":"h6kx9ak6wigvf2n","previousOperationId":"s68uhrhloul0ww9","operationId":"s68uhrhloul0ww9","timestamp":1731250211691,"id":"krdkkiprnkmcfch"}
