{"type":"operationStart","subtype":"profile","data":{"_id":"1MCfmrA3gRDhC2XM","timestamp":"2024-11-10T08:29:11.982Z","state":"queued","mode":"standard","creationDate":"2024-11-10T08:29:11.984Z","modificationDate":"2024-11-10T08:29:11.984Z","shortid":"ZbiuJzd","inheritedReadPermissions":[],"inheritedEditPermissions":[],"$entitySet":"profiles"},"doDiffs":false,"timestamp":1731227351984,"id":"5ra7ddpmj00d4kw","previousOperationId":null,"operationId":"y9ykg3abyxhumy5"}
{"type":"log","level":"info","message":"Render request 120 queued for execution and waiting for available worker","previousOperationId":"y9ykg3abyxhumy5","timestamp":1731227351984,"id":"fvug7ha47w78w35"}
{"type":"operationStart","subtype":"render","name":"new-excl-template","previousOperationId":"y9ykg3abyxhumy5","timestamp":1731227351995,"id":"dc87su966qx6fr0","previousEventId":"5ra7ddpmj00d4kw","operationId":"88e50f0wsa9gxxd"}
{"type":"log","timestamp":1731227351995,"level":"info","message":"Starting rendering request 120 (user: admin)","meta":{"rootId":"e0lw8iounm3dbdk","id":"e0lw8iounm3dbdk"},"id":"o30wjtrzdnvf91j","previousOperationId":"88e50f0wsa9gxxd"}
{"type":"log","timestamp":1731227351995,"level":"info","message":"Rendering template { name: new-excl-template, recipe: html-to-xlsx, engine: handlebars, preview: true }","meta":{"rootId":"e0lw8iounm3dbdk","id":"e0lw8iounm3dbdk"},"id":"nog2nc2wuml3euq","previousOperationId":"88e50f0wsa9gxxd"}
{"type":"log","timestamp":1731227351996,"level":"debug","message":"Adding sample data pVkbCM7am","meta":{"rootId":"e0lw8iounm3dbdk","id":"e0lw8iounm3dbdk"},"id":"w2b7gmk6ruakckg","previousOperationId":"88e50f0wsa9gxxd"}
{"type":"log","timestamp":1731227351998,"level":"debug","message":"Base url not specified, skipping its injection.","meta":{"rootId":"e0lw8iounm3dbdk","id":"e0lw8iounm3dbdk"},"id":"yqwoscbmpl8ce72","previousOperationId":"88e50f0wsa9gxxd"}
{"type":"log","timestamp":1731227352000,"level":"debug","message":"Replaced assets [\"KhmerOSSiemreapRegular.ttf\"]","meta":{"rootId":"e0lw8iounm3dbdk","id":"e0lw8iounm3dbdk"},"id":"1pfhmmkd3k8kli0","previousOperationId":"88e50f0wsa9gxxd"}
{"type":"operationStart","subtype":"engine","name":"handlebars","timestamp":1731227352000,"id":"mq3zz8yu6tfnehm","previousEventId":"dc87su966qx6fr0","operationId":"0ceacyyycqlaaxr","previousOperationId":"88e50f0wsa9gxxd"}
{"type":"log","timestamp":1731227352000,"level":"debug","message":"Rendering engine handlebars","meta":{"rootId":"e0lw8iounm3dbdk","id":"e0lw8iounm3dbdk"},"id":"wi080g3u5ffxn2e","previousOperationId":"0ceacyyycqlaaxr"}
{"type":"operationEnd","operationId":"0ceacyyycqlaaxr","timestamp":1731227352017,"id":"xwx1rq5gxvs0kbt","previousEventId":"mq3zz8yu6tfnehm","previousOperationId":"0ceacyyycqlaaxr"}
{"type":"operationStart","subtype":"recipe","name":"html-to-xlsx","timestamp":1731227352021,"id":"kxx6cavjwg7c86o","previousEventId":"xwx1rq5gxvs0kbt","operationId":"j3k1ac1sxt64w2l","previousOperationId":"0ceacyyycqlaaxr"}
{"type":"log","timestamp":1731227352021,"level":"debug","message":"Executing recipe html-to-xlsx","meta":{"rootId":"e0lw8iounm3dbdk","id":"e0lw8iounm3dbdk"},"id":"z3ohcqusx30651c","previousOperationId":"j3k1ac1sxt64w2l"}
{"type":"log","timestamp":1731227352021,"level":"info","message":"html-to-xlsx generation is starting","meta":{"rootId":"e0lw8iounm3dbdk","id":"e0lw8iounm3dbdk"},"id":"vk73jrpep0svmfv","previousOperationId":"j3k1ac1sxt64w2l"}
{"type":"log","timestamp":1731227352859,"level":"info","message":"html-to-xlsx generation was finished","meta":{"rootId":"e0lw8iounm3dbdk","id":"e0lw8iounm3dbdk"},"id":"s7lvcep98fmay5l","previousOperationId":"j3k1ac1sxt64w2l"}
{"type":"log","timestamp":1731227352859,"level":"debug","message":"preparing office preview","meta":{"rootId":"e0lw8iounm3dbdk","id":"e0lw8iounm3dbdk"},"id":"gls7s0sj0aa6kes","previousOperationId":"j3k1ac1sxt64w2l"}
{"type":"operationEnd","operationId":"j3k1ac1sxt64w2l","timestamp":1731227353303,"id":"j83p6of1120wj3g","previousEventId":"kxx6cavjwg7c86o","previousOperationId":"j3k1ac1sxt64w2l"}
{"type":"log","timestamp":1731227353303,"level":"debug","message":"Skipping storing report.","meta":{"rootId":"e0lw8iounm3dbdk","id":"e0lw8iounm3dbdk"},"id":"7q2xr8bru00xyt7","previousOperationId":"j3k1ac1sxt64w2l"}
{"type":"log","timestamp":1731227353303,"level":"info","message":"Rendering request 120 finished in 1321 ms","meta":{"rootId":"e0lw8iounm3dbdk","id":"e0lw8iounm3dbdk"},"id":"kkdezkuwisb44k7","previousOperationId":"j3k1ac1sxt64w2l"}
{"type":"operationEnd","subtype":"render","operationId":"88e50f0wsa9gxxd","timestamp":1731227353303,"id":"bh82bx9xp38jrot","previousEventId":"j83p6of1120wj3g","previousOperationId":"j3k1ac1sxt64w2l"}
{"type":"operationEnd","doDiffs":false,"previousEventId":"5ra7ddpmj00d4kw","previousOperationId":"y9ykg3abyxhumy5","operationId":"y9ykg3abyxhumy5","timestamp":1731227353305,"id":"pdx1n78d3s772ng"}
