{"type":"operationStart","subtype":"profile","data":{"_id":"j6vfrBig1KdNG4oJ","timestamp":"2024-11-10T14:53:58.132Z","state":"queued","mode":"standard","creationDate":"2024-11-10T14:53:58.133Z","modificationDate":"2024-11-10T14:53:58.133Z","shortid":"P2_Xpqi","inheritedReadPermissions":[],"inheritedEditPermissions":[],"$entitySet":"profiles"},"doDiffs":false,"timestamp":1731250438133,"id":"fdg7o698dvsddy5","previousOperationId":null,"operationId":"7ql3kb35409jhc4"}
{"type":"log","level":"info","message":"Render request 181 queued for execution and waiting for available worker","previousOperationId":"7ql3kb35409jhc4","timestamp":1731250438133,"id":"s34as5yi7c333jx"}
{"type":"operationStart","subtype":"render","name":"new-excl-template","previousOperationId":"7ql3kb35409jhc4","timestamp":1731250438138,"id":"79bwjsw5vmewzfl","previousEventId":"fdg7o698dvsddy5","operationId":"qlpin7l83nv91dx"}
{"type":"log","timestamp":1731250438138,"level":"info","message":"Starting rendering request 181 (user: admin)","meta":{"rootId":"e1gujus5awpaz2y","id":"e1gujus5awpaz2y"},"id":"jip98b7ncoxf596","previousOperationId":"qlpin7l83nv91dx"}
{"type":"log","timestamp":1731250438138,"level":"info","message":"Rendering template { name: new-excl-template, recipe: html-to-xlsx, engine: handlebars, preview: false }","meta":{"rootId":"e1gujus5awpaz2y","id":"e1gujus5awpaz2y"},"id":"svto3pmsvsdur5t","previousOperationId":"qlpin7l83nv91dx"}
{"type":"log","timestamp":1731250438139,"level":"debug","message":"Adding sample data pVkbCM7am","meta":{"rootId":"e1gujus5awpaz2y","id":"e1gujus5awpaz2y"},"id":"cb4p1phi21phkzy","previousOperationId":"qlpin7l83nv91dx"}
{"type":"log","timestamp":1731250438140,"level":"debug","message":"Base url not specified, skipping its injection.","meta":{"rootId":"e1gujus5awpaz2y","id":"e1gujus5awpaz2y"},"id":"obn3arjiaqbp7ry","previousOperationId":"qlpin7l83nv91dx"}
{"type":"log","timestamp":1731250438142,"level":"debug","message":"Replaced assets [\"KhmerOSSiemreapRegular.ttf\"]","meta":{"rootId":"e1gujus5awpaz2y","id":"e1gujus5awpaz2y"},"id":"3veupo9tia7kv6x","previousOperationId":"qlpin7l83nv91dx"}
{"type":"operationStart","subtype":"engine","name":"handlebars","timestamp":1731250438142,"id":"qqkzr3e5qgkr39l","previousEventId":"79bwjsw5vmewzfl","operationId":"5l514pmjjfsdrlp","previousOperationId":"qlpin7l83nv91dx"}
{"type":"log","timestamp":1731250438142,"level":"debug","message":"Rendering engine handlebars","meta":{"rootId":"e1gujus5awpaz2y","id":"e1gujus5awpaz2y"},"id":"rv8mycnsyxo7qfy","previousOperationId":"5l514pmjjfsdrlp"}
{"type":"operationEnd","operationId":"5l514pmjjfsdrlp","timestamp":1731250438148,"id":"f9csd7196znbotv","previousEventId":"qqkzr3e5qgkr39l","previousOperationId":"5l514pmjjfsdrlp"}
{"type":"operationStart","subtype":"recipe","name":"html-to-xlsx","timestamp":1731250438150,"id":"dklynbs0spuzgqj","previousEventId":"f9csd7196znbotv","operationId":"gubt98y2d6k0a6b","previousOperationId":"5l514pmjjfsdrlp"}
{"type":"log","timestamp":1731250438150,"level":"debug","message":"Executing recipe html-to-xlsx","meta":{"rootId":"e1gujus5awpaz2y","id":"e1gujus5awpaz2y"},"id":"tb0ukd9fxvzkjg7","previousOperationId":"gubt98y2d6k0a6b"}
{"type":"log","timestamp":1731250438150,"level":"info","message":"html-to-xlsx generation is starting","meta":{"rootId":"e1gujus5awpaz2y","id":"e1gujus5awpaz2y"},"id":"uyab7maaeei3imd","previousOperationId":"gubt98y2d6k0a6b"}
{"type":"log","timestamp":1731250438771,"level":"info","message":"html-to-xlsx generation was finished","meta":{"rootId":"e1gujus5awpaz2y","id":"e1gujus5awpaz2y"},"id":"y2uza4h34oyajdh","previousOperationId":"gubt98y2d6k0a6b"}
{"type":"operationEnd","operationId":"gubt98y2d6k0a6b","timestamp":1731250438772,"id":"nl130y19o2ewmhk","previousEventId":"dklynbs0spuzgqj","previousOperationId":"gubt98y2d6k0a6b"}
{"type":"log","timestamp":1731250438773,"level":"debug","message":"Skipping storing report.","meta":{"rootId":"e1gujus5awpaz2y","id":"e1gujus5awpaz2y"},"id":"hzz98jeiofqnrs6","previousOperationId":"gubt98y2d6k0a6b"}
{"type":"log","timestamp":1731250438773,"level":"info","message":"Rendering request 181 finished in 641 ms","meta":{"rootId":"e1gujus5awpaz2y","id":"e1gujus5awpaz2y"},"id":"x0j5pojvaemp8be","previousOperationId":"gubt98y2d6k0a6b"}
{"type":"operationEnd","subtype":"render","operationId":"qlpin7l83nv91dx","timestamp":1731250438773,"id":"2l37dh6mxim7zsm","previousEventId":"nl130y19o2ewmhk","previousOperationId":"gubt98y2d6k0a6b"}
{"type":"operationEnd","doDiffs":false,"previousEventId":"fdg7o698dvsddy5","previousOperationId":"7ql3kb35409jhc4","operationId":"7ql3kb35409jhc4","timestamp":1731250438775,"id":"34hynu5m4c85itk"}
