{"type":"operationStart","subtype":"profile","data":{"_id":"Lb89TqBOPkzy2CYT","timestamp":"2024-11-10T10:02:37.393Z","state":"queued","mode":"standard","creationDate":"2024-11-10T10:02:37.395Z","modificationDate":"2024-11-10T10:02:37.395Z","shortid":"aMxUHeR","inheritedReadPermissions":[],"inheritedEditPermissions":[],"$entitySet":"profiles"},"doDiffs":false,"timestamp":1731232957394,"id":"jn8ilruq6mfkewn","previousOperationId":null,"operationId":"yfh2porsj92vo9s"}
{"type":"log","level":"info","message":"Render request 290 queued for execution and waiting for available worker","previousOperationId":"yfh2porsj92vo9s","timestamp":1731232957395,"id":"eo45u83tmfg1h5c"}
{"type":"operationStart","subtype":"render","name":"new-excl-template","previousOperationId":"yfh2porsj92vo9s","timestamp":1731232957404,"id":"75fn3nhd5eh1kl8","previousEventId":"jn8ilruq6mfkewn","operationId":"bwgon6mlnxwlmar"}
{"type":"log","timestamp":1731232957404,"level":"info","message":"Starting rendering request 290 (user: admin)","meta":{"rootId":"e22fq4b2z7klxt6","id":"e22fq4b2z7klxt6"},"id":"3v7vvm6oqksug2s","previousOperationId":"bwgon6mlnxwlmar"}
{"type":"log","timestamp":1731232957404,"level":"info","message":"Rendering template { name: new-excl-template, recipe: html-to-xlsx, engine: handlebars, preview: true }","meta":{"rootId":"e22fq4b2z7klxt6","id":"e22fq4b2z7klxt6"},"id":"30xj0wip0q6fbow","previousOperationId":"bwgon6mlnxwlmar"}
{"type":"log","timestamp":1731232957405,"level":"debug","message":"Adding sample data pVkbCM7am","meta":{"rootId":"e22fq4b2z7klxt6","id":"e22fq4b2z7klxt6"},"id":"vbvzboemio87hs9","previousOperationId":"bwgon6mlnxwlmar"}
{"type":"log","timestamp":1731232957406,"level":"debug","message":"Base url not specified, skipping its injection.","meta":{"rootId":"e22fq4b2z7klxt6","id":"e22fq4b2z7klxt6"},"id":"r1jv4dxoizr2utg","previousOperationId":"bwgon6mlnxwlmar"}
{"type":"log","timestamp":1731232957408,"level":"debug","message":"Replaced assets [\"KhmerOSSiemreapRegular.ttf\"]","meta":{"rootId":"e22fq4b2z7klxt6","id":"e22fq4b2z7klxt6"},"id":"a7hnd13h9raopaa","previousOperationId":"bwgon6mlnxwlmar"}
{"type":"operationStart","subtype":"engine","name":"handlebars","timestamp":1731232957408,"id":"1jqui6r0j3r3fk1","previousEventId":"75fn3nhd5eh1kl8","operationId":"zlxnvjcd3o8smeq","previousOperationId":"bwgon6mlnxwlmar"}
{"type":"log","timestamp":1731232957408,"level":"debug","message":"Rendering engine handlebars","meta":{"rootId":"e22fq4b2z7klxt6","id":"e22fq4b2z7klxt6"},"id":"o9yignak5qhhs6r","previousOperationId":"zlxnvjcd3o8smeq"}
{"type":"operationEnd","operationId":"zlxnvjcd3o8smeq","timestamp":1731232957424,"id":"njj941ug58q3qnu","previousEventId":"1jqui6r0j3r3fk1","previousOperationId":"zlxnvjcd3o8smeq"}
{"type":"operationStart","subtype":"recipe","name":"html-to-xlsx","timestamp":1731232957427,"id":"hxgpwxgwkvdbux4","previousEventId":"njj941ug58q3qnu","operationId":"v8r38ks2o7a79vc","previousOperationId":"zlxnvjcd3o8smeq"}
{"type":"log","timestamp":1731232957427,"level":"debug","message":"Executing recipe html-to-xlsx","meta":{"rootId":"e22fq4b2z7klxt6","id":"e22fq4b2z7klxt6"},"id":"c6xnallufig76q2","previousOperationId":"v8r38ks2o7a79vc"}
{"type":"log","timestamp":1731232957427,"level":"info","message":"html-to-xlsx generation is starting","meta":{"rootId":"e22fq4b2z7klxt6","id":"e22fq4b2z7klxt6"},"id":"wcoc6ut711zmpgo","previousOperationId":"v8r38ks2o7a79vc"}
{"type":"log","timestamp":1731232958016,"level":"info","message":"html-to-xlsx generation was finished","meta":{"rootId":"e22fq4b2z7klxt6","id":"e22fq4b2z7klxt6"},"id":"sih4ew07j9846ix","previousOperationId":"v8r38ks2o7a79vc"}
{"type":"log","timestamp":1731232958016,"level":"debug","message":"preparing office preview","meta":{"rootId":"e22fq4b2z7klxt6","id":"e22fq4b2z7klxt6"},"id":"16dpcrr9oz9nmig","previousOperationId":"v8r38ks2o7a79vc"}
{"type":"operationEnd","operationId":"v8r38ks2o7a79vc","timestamp":1731232958461,"id":"w6vwxu9h6klfcdc","previousEventId":"hxgpwxgwkvdbux4","previousOperationId":"v8r38ks2o7a79vc"}
{"type":"log","timestamp":1731232958461,"level":"debug","message":"Skipping storing report.","meta":{"rootId":"e22fq4b2z7klxt6","id":"e22fq4b2z7klxt6"},"id":"r3z4b4cnyoa49n3","previousOperationId":"v8r38ks2o7a79vc"}
{"type":"log","timestamp":1731232958461,"level":"info","message":"Rendering request 290 finished in 1068 ms","meta":{"rootId":"e22fq4b2z7klxt6","id":"e22fq4b2z7klxt6"},"id":"ymubew0mc77x3fa","previousOperationId":"v8r38ks2o7a79vc"}
{"type":"operationEnd","subtype":"render","operationId":"bwgon6mlnxwlmar","timestamp":1731232958461,"id":"z3y7uq0v92w4ndk","previousEventId":"w6vwxu9h6klfcdc","previousOperationId":"v8r38ks2o7a79vc"}
{"type":"operationEnd","doDiffs":false,"previousEventId":"jn8ilruq6mfkewn","previousOperationId":"yfh2porsj92vo9s","operationId":"yfh2porsj92vo9s","timestamp":1731232958463,"id":"4yifqd54g5mv48c"}
