{"type":"operationStart","subtype":"profile","data":{"_id":"psr2stIBWhjo42sP","timestamp":"2024-11-10T09:01:33.623Z","state":"queued","mode":"standard","creationDate":"2024-11-10T09:01:33.626Z","modificationDate":"2024-11-10T09:01:33.626Z","shortid":"BOsf_4k","inheritedReadPermissions":[],"inheritedEditPermissions":[],"$entitySet":"profiles"},"doDiffs":false,"timestamp":1731229293625,"id":"w0y9bd1epty9maf","previousOperationId":null,"operationId":"7hq41akopa1pvaj"}
{"type":"log","level":"info","message":"Render request 178 queued for execution and waiting for available worker","previousOperationId":"7hq41akopa1pvaj","timestamp":1731229293625,"id":"li9j1zcw18fpjvx"}
{"type":"operationStart","subtype":"render","name":"new-excl-template","previousOperationId":"7hq41akopa1pvaj","timestamp":1731229293635,"id":"z6u6ip2ibm4dbvv","previousEventId":"w0y9bd1epty9maf","operationId":"1khn8zew8aj7ozz"}
{"type":"log","timestamp":1731229293635,"level":"info","message":"Starting rendering request 178 (user: admin)","meta":{"rootId":"e4mv8n49l16c7cv","id":"e4mv8n49l16c7cv"},"id":"hyjcg7ois8v23e6","previousOperationId":"1khn8zew8aj7ozz"}
{"type":"log","timestamp":1731229293635,"level":"info","message":"Rendering template { name: new-excl-template, recipe: html-to-xlsx, engine: handlebars, preview: true }","meta":{"rootId":"e4mv8n49l16c7cv","id":"e4mv8n49l16c7cv"},"id":"56aprkchqcd3new","previousOperationId":"1khn8zew8aj7ozz"}
{"type":"log","timestamp":1731229293636,"level":"debug","message":"Adding sample data pVkbCM7am","meta":{"rootId":"e4mv8n49l16c7cv","id":"e4mv8n49l16c7cv"},"id":"n5ecds1hqic4so3","previousOperationId":"1khn8zew8aj7ozz"}
{"type":"log","timestamp":1731229293638,"level":"debug","message":"Base url not specified, skipping its injection.","meta":{"rootId":"e4mv8n49l16c7cv","id":"e4mv8n49l16c7cv"},"id":"nduse8ylt6im0kv","previousOperationId":"1khn8zew8aj7ozz"}
{"type":"log","timestamp":1731229293640,"level":"debug","message":"Replaced assets [\"KhmerOSSiemreapRegular.ttf\"]","meta":{"rootId":"e4mv8n49l16c7cv","id":"e4mv8n49l16c7cv"},"id":"2wkfyyr5n8bma72","previousOperationId":"1khn8zew8aj7ozz"}
{"type":"operationStart","subtype":"engine","name":"handlebars","timestamp":1731229293640,"id":"igbt23tw1wuwl2l","previousEventId":"z6u6ip2ibm4dbvv","operationId":"cvperjo6fwalnv3","previousOperationId":"1khn8zew8aj7ozz"}
{"type":"log","timestamp":1731229293640,"level":"debug","message":"Rendering engine handlebars","meta":{"rootId":"e4mv8n49l16c7cv","id":"e4mv8n49l16c7cv"},"id":"er6xy1rgfz8fbk7","previousOperationId":"cvperjo6fwalnv3"}
{"type":"operationEnd","operationId":"cvperjo6fwalnv3","timestamp":1731229293657,"id":"rw364lxcsu4nfp6","previousEventId":"igbt23tw1wuwl2l","previousOperationId":"cvperjo6fwalnv3"}
{"type":"operationStart","subtype":"recipe","name":"html-to-xlsx","timestamp":1731229293660,"id":"g4itks8f8jmg4xy","previousEventId":"rw364lxcsu4nfp6","operationId":"dc4n3uvq8f4n0hq","previousOperationId":"cvperjo6fwalnv3"}
{"type":"log","timestamp":1731229293660,"level":"debug","message":"Executing recipe html-to-xlsx","meta":{"rootId":"e4mv8n49l16c7cv","id":"e4mv8n49l16c7cv"},"id":"b77jjz654zdt03r","previousOperationId":"dc4n3uvq8f4n0hq"}
{"type":"log","timestamp":1731229293660,"level":"info","message":"html-to-xlsx generation is starting","meta":{"rootId":"e4mv8n49l16c7cv","id":"e4mv8n49l16c7cv"},"id":"4310xa2wrc9v7um","previousOperationId":"dc4n3uvq8f4n0hq"}
{"type":"log","timestamp":1731229294415,"level":"info","message":"html-to-xlsx generation was finished","meta":{"rootId":"e4mv8n49l16c7cv","id":"e4mv8n49l16c7cv"},"id":"93tuym3him8bfkn","previousOperationId":"dc4n3uvq8f4n0hq"}
{"type":"log","timestamp":1731229294415,"level":"debug","message":"preparing office preview","meta":{"rootId":"e4mv8n49l16c7cv","id":"e4mv8n49l16c7cv"},"id":"x9lj6kwpb514rh1","previousOperationId":"dc4n3uvq8f4n0hq"}
{"type":"operationEnd","operationId":"dc4n3uvq8f4n0hq","timestamp":1731229294916,"id":"v7cvvmv93vpbecs","previousEventId":"g4itks8f8jmg4xy","previousOperationId":"dc4n3uvq8f4n0hq"}
{"type":"log","timestamp":1731229294916,"level":"debug","message":"Skipping storing report.","meta":{"rootId":"e4mv8n49l16c7cv","id":"e4mv8n49l16c7cv"},"id":"l5p6pdp3iw8qokp","previousOperationId":"dc4n3uvq8f4n0hq"}
{"type":"log","timestamp":1731229294916,"level":"info","message":"Rendering request 178 finished in 1293 ms","meta":{"rootId":"e4mv8n49l16c7cv","id":"e4mv8n49l16c7cv"},"id":"krv4a8mb7yzzh8i","previousOperationId":"dc4n3uvq8f4n0hq"}
{"type":"operationEnd","subtype":"render","operationId":"1khn8zew8aj7ozz","timestamp":1731229294916,"id":"bqetqw0v2vfcywe","previousEventId":"v7cvvmv93vpbecs","previousOperationId":"dc4n3uvq8f4n0hq"}
{"type":"operationEnd","doDiffs":false,"previousEventId":"w0y9bd1epty9maf","previousOperationId":"7hq41akopa1pvaj","operationId":"7hq41akopa1pvaj","timestamp":1731229294917,"id":"qka5mhlvnb3ram4"}
