{"type":"operationStart","subtype":"profile","data":{"_id":"7uIvVBOlU1p0KV3M","timestamp":"2024-11-10T08:33:23.308Z","state":"queued","mode":"standard","creationDate":"2024-11-10T08:33:23.310Z","modificationDate":"2024-11-10T08:33:23.310Z","shortid":"4SAdXBj","inheritedReadPermissions":[],"inheritedEditPermissions":[],"$entitySet":"profiles"},"doDiffs":false,"timestamp":1731227603310,"id":"hguw00gs893sp4s","previousOperationId":null,"operationId":"2hs8w70pesvy0xm"}
{"type":"log","level":"info","message":"Render request 131 queued for execution and waiting for available worker","previousOperationId":"2hs8w70pesvy0xm","timestamp":1731227603310,"id":"x3s2ec4abhn2vuf"}
{"type":"operationStart","subtype":"render","name":"new-excl-template","previousOperationId":"2hs8w70pesvy0xm","timestamp":1731227603322,"id":"ck949qe7gjcyn8c","previousEventId":"hguw00gs893sp4s","operationId":"but01tydw6gw8b1"}
{"type":"log","timestamp":1731227603322,"level":"info","message":"Starting rendering request 131 (user: admin)","meta":{"rootId":"e8htrdqj8uq5l4t","id":"e8htrdqj8uq5l4t"},"id":"mlzb51mg6v2bylq","previousOperationId":"but01tydw6gw8b1"}
{"type":"log","timestamp":1731227603322,"level":"info","message":"Rendering template { name: new-excl-template, recipe: html-to-xlsx, engine: handlebars, preview: true }","meta":{"rootId":"e8htrdqj8uq5l4t","id":"e8htrdqj8uq5l4t"},"id":"jqs5vub3jjllgva","previousOperationId":"but01tydw6gw8b1"}
{"type":"log","timestamp":1731227603324,"level":"debug","message":"Adding sample data pVkbCM7am","meta":{"rootId":"e8htrdqj8uq5l4t","id":"e8htrdqj8uq5l4t"},"id":"6cmx4cr3tnl89yw","previousOperationId":"but01tydw6gw8b1"}
{"type":"log","timestamp":1731227603326,"level":"debug","message":"Base url not specified, skipping its injection.","meta":{"rootId":"e8htrdqj8uq5l4t","id":"e8htrdqj8uq5l4t"},"id":"n4mf37wtu08vg2r","previousOperationId":"but01tydw6gw8b1"}
{"type":"log","timestamp":1731227603329,"level":"debug","message":"Replaced assets [\"/asset/font/KhmerOSSiemreapRegular.ttf\"]","meta":{"rootId":"e8htrdqj8uq5l4t","id":"e8htrdqj8uq5l4t"},"id":"9qp64etekpq40bj","previousOperationId":"but01tydw6gw8b1"}
{"type":"operationStart","subtype":"engine","name":"handlebars","timestamp":1731227603329,"id":"wjflt0ftq4gdv4r","previousEventId":"ck949qe7gjcyn8c","operationId":"dcky4khfzc5d7vs","previousOperationId":"but01tydw6gw8b1"}
{"type":"log","timestamp":1731227603329,"level":"debug","message":"Rendering engine handlebars","meta":{"rootId":"e8htrdqj8uq5l4t","id":"e8htrdqj8uq5l4t"},"id":"rb8is3gfjoml3hd","previousOperationId":"dcky4khfzc5d7vs"}
{"type":"operationEnd","operationId":"dcky4khfzc5d7vs","timestamp":1731227603338,"id":"mzbfze7wb3pk1vq","previousEventId":"wjflt0ftq4gdv4r","previousOperationId":"dcky4khfzc5d7vs"}
{"type":"operationStart","subtype":"recipe","name":"html-to-xlsx","timestamp":1731227603339,"id":"vqmmu0fyxdiqo32","previousEventId":"mzbfze7wb3pk1vq","operationId":"xfezpd9z41upssn","previousOperationId":"dcky4khfzc5d7vs"}
{"type":"log","timestamp":1731227603339,"level":"debug","message":"Executing recipe html-to-xlsx","meta":{"rootId":"e8htrdqj8uq5l4t","id":"e8htrdqj8uq5l4t"},"id":"cg6vvc2i7cl6xul","previousOperationId":"xfezpd9z41upssn"}
{"type":"log","timestamp":1731227603339,"level":"info","message":"html-to-xlsx generation is starting","meta":{"rootId":"e8htrdqj8uq5l4t","id":"e8htrdqj8uq5l4t"},"id":"r1qtmhcjoutnvii","previousOperationId":"xfezpd9z41upssn"}
{"type":"log","timestamp":1731227604125,"level":"info","message":"html-to-xlsx generation was finished","meta":{"rootId":"e8htrdqj8uq5l4t","id":"e8htrdqj8uq5l4t"},"id":"h75cxiopydy8fw3","previousOperationId":"xfezpd9z41upssn"}
{"type":"log","timestamp":1731227604125,"level":"debug","message":"preparing office preview","meta":{"rootId":"e8htrdqj8uq5l4t","id":"e8htrdqj8uq5l4t"},"id":"ctlt9oemr4eqj3f","previousOperationId":"xfezpd9z41upssn"}
{"type":"operationEnd","operationId":"xfezpd9z41upssn","timestamp":1731227604620,"id":"zkdvdwnjvxyq1s2","previousEventId":"vqmmu0fyxdiqo32","previousOperationId":"xfezpd9z41upssn"}
{"type":"log","timestamp":1731227604620,"level":"debug","message":"Skipping storing report.","meta":{"rootId":"e8htrdqj8uq5l4t","id":"e8htrdqj8uq5l4t"},"id":"iwnzjlki0pgkh5g","previousOperationId":"xfezpd9z41upssn"}
{"type":"log","timestamp":1731227604620,"level":"info","message":"Rendering request 131 finished in 1312 ms","meta":{"rootId":"e8htrdqj8uq5l4t","id":"e8htrdqj8uq5l4t"},"id":"klj2w0g4vthp0oj","previousOperationId":"xfezpd9z41upssn"}
{"type":"operationEnd","subtype":"render","operationId":"but01tydw6gw8b1","timestamp":1731227604620,"id":"q8gfeppy6mpxf14","previousEventId":"zkdvdwnjvxyq1s2","previousOperationId":"xfezpd9z41upssn"}
{"type":"operationEnd","doDiffs":false,"previousEventId":"hguw00gs893sp4s","previousOperationId":"2hs8w70pesvy0xm","operationId":"2hs8w70pesvy0xm","timestamp":1731227604622,"id":"n6e69btxahu490o"}
