{"type":"operationStart","subtype":"profile","data":{"_id":"EGJNKdEnPsLduLp7","timestamp":"2024-11-10T13:26:01.572Z","state":"queued","mode":"standard","creationDate":"2024-11-10T13:26:01.574Z","modificationDate":"2024-11-10T13:26:01.574Z","shortid":"Eewf8VG","inheritedReadPermissions":[],"inheritedEditPermissions":[],"$entitySet":"profiles"},"doDiffs":false,"timestamp":1731245161573,"id":"d3lj877skoy0y3i","previousOperationId":null,"operationId":"vt06zleuiw7h053"}
{"type":"log","level":"info","message":"Render request 65 queued for execution and waiting for available worker","previousOperationId":"vt06zleuiw7h053","timestamp":1731245161573,"id":"e1adghf0m5vyae6"}
{"type":"operationStart","subtype":"render","name":"new-excl-template","previousOperationId":"vt06zleuiw7h053","timestamp":1731245161582,"id":"0oyy6gkp3zszj0s","previousEventId":"d3lj877skoy0y3i","operationId":"ymrhnh1uf1wbu6v"}
{"type":"log","timestamp":1731245161582,"level":"info","message":"Starting rendering request 65 (user: admin)","meta":{"rootId":"eetvo5t70v5uc2q","id":"eetvo5t70v5uc2q"},"id":"g2lglburg7s3pi5","previousOperationId":"ymrhnh1uf1wbu6v"}
{"type":"log","timestamp":1731245161582,"level":"info","message":"Rendering template { name: new-excl-template, recipe: html-to-xlsx, engine: handlebars, preview: true }","meta":{"rootId":"eetvo5t70v5uc2q","id":"eetvo5t70v5uc2q"},"id":"8e6hlw6878wsaa4","previousOperationId":"ymrhnh1uf1wbu6v"}
{"type":"log","timestamp":1731245161583,"level":"debug","message":"Inline data specified.","meta":{"rootId":"eetvo5t70v5uc2q","id":"eetvo5t70v5uc2q"},"id":"tyrgcicfe68vxnf","previousOperationId":"ymrhnh1uf1wbu6v"}
{"type":"log","timestamp":1731245161584,"level":"debug","message":"Base url not specified, skipping its injection.","meta":{"rootId":"eetvo5t70v5uc2q","id":"eetvo5t70v5uc2q"},"id":"wgq6fy350d22r0z","previousOperationId":"ymrhnh1uf1wbu6v"}
{"type":"log","timestamp":1731245161585,"level":"debug","message":"Replaced assets [\"KhmerOSSiemreapRegular.ttf\"]","meta":{"rootId":"eetvo5t70v5uc2q","id":"eetvo5t70v5uc2q"},"id":"2jc0ebq88i1swg7","previousOperationId":"ymrhnh1uf1wbu6v"}
{"type":"operationStart","subtype":"engine","name":"handlebars","timestamp":1731245161585,"id":"e3el0pqxq4u7us4","previousEventId":"0oyy6gkp3zszj0s","operationId":"8bg934toc13tlhe","previousOperationId":"ymrhnh1uf1wbu6v"}
{"type":"log","timestamp":1731245161585,"level":"debug","message":"Rendering engine handlebars","meta":{"rootId":"eetvo5t70v5uc2q","id":"eetvo5t70v5uc2q"},"id":"5c2l99d78u5neas","previousOperationId":"8bg934toc13tlhe"}
{"type":"operationEnd","operationId":"8bg934toc13tlhe","timestamp":1731245161599,"id":"rg3sgcx8y2x5lph","previousEventId":"e3el0pqxq4u7us4","previousOperationId":"8bg934toc13tlhe"}
{"type":"operationStart","subtype":"recipe","name":"html-to-xlsx","timestamp":1731245161601,"id":"p1s93n39srecals","previousEventId":"rg3sgcx8y2x5lph","operationId":"mkovf9z7iyttvu3","previousOperationId":"8bg934toc13tlhe"}
{"type":"log","timestamp":1731245161601,"level":"debug","message":"Executing recipe html-to-xlsx","meta":{"rootId":"eetvo5t70v5uc2q","id":"eetvo5t70v5uc2q"},"id":"q77hd33x6r8zcd0","previousOperationId":"mkovf9z7iyttvu3"}
{"type":"log","timestamp":1731245161601,"level":"info","message":"html-to-xlsx generation is starting","meta":{"rootId":"eetvo5t70v5uc2q","id":"eetvo5t70v5uc2q"},"id":"cu38ra710g96anj","previousOperationId":"mkovf9z7iyttvu3"}
{"type":"log","timestamp":1731245162302,"level":"info","message":"html-to-xlsx generation was finished","meta":{"rootId":"eetvo5t70v5uc2q","id":"eetvo5t70v5uc2q"},"id":"g1mlntk8qxz0zkw","previousOperationId":"mkovf9z7iyttvu3"}
{"type":"log","timestamp":1731245162302,"level":"debug","message":"preparing office preview","meta":{"rootId":"eetvo5t70v5uc2q","id":"eetvo5t70v5uc2q"},"id":"vr10o3o1d35f6os","previousOperationId":"mkovf9z7iyttvu3"}
{"type":"operationEnd","operationId":"mkovf9z7iyttvu3","timestamp":1731245162757,"id":"6io23wxj4q7jjaa","previousEventId":"p1s93n39srecals","previousOperationId":"mkovf9z7iyttvu3"}
{"type":"log","timestamp":1731245162757,"level":"debug","message":"Skipping storing report.","meta":{"rootId":"eetvo5t70v5uc2q","id":"eetvo5t70v5uc2q"},"id":"h5hvrv563tpyg28","previousOperationId":"mkovf9z7iyttvu3"}
{"type":"log","timestamp":1731245162757,"level":"info","message":"Rendering request 65 finished in 1185 ms","meta":{"rootId":"eetvo5t70v5uc2q","id":"eetvo5t70v5uc2q"},"id":"2ux96y3vf2wckfj","previousOperationId":"mkovf9z7iyttvu3"}
{"type":"operationEnd","subtype":"render","operationId":"ymrhnh1uf1wbu6v","timestamp":1731245162757,"id":"t7c5o8ni3qpnzre","previousEventId":"6io23wxj4q7jjaa","previousOperationId":"mkovf9z7iyttvu3"}
{"type":"operationEnd","doDiffs":false,"previousEventId":"d3lj877skoy0y3i","previousOperationId":"vt06zleuiw7h053","operationId":"vt06zleuiw7h053","timestamp":1731245162759,"id":"8m3s3iy0bm1egut"}
