{"type":"operationStart","subtype":"profile","data":{"_id":"6qCGxbuOeh2sRxqC","timestamp":"2024-11-10T15:18:41.960Z","state":"queued","mode":"standard","creationDate":"2024-11-10T15:18:41.961Z","modificationDate":"2024-11-10T15:18:41.961Z","shortid":"Hp4WF0e","inheritedReadPermissions":[],"inheritedEditPermissions":[],"$entitySet":"profiles"},"doDiffs":false,"timestamp":1731251921961,"id":"t0mv6jn0lgid9kw","previousOperationId":null,"operationId":"mac9pe23zxnr8k2"}
{"type":"log","level":"info","message":"Render request 195 queued for execution and waiting for available worker","previousOperationId":"mac9pe23zxnr8k2","timestamp":1731251921961,"id":"zd42jmq72msdar4"}
{"type":"operationStart","subtype":"render","name":"new-excl-template","previousOperationId":"mac9pe23zxnr8k2","timestamp":1731251921965,"id":"40945fibogl17v8","previousEventId":"t0mv6jn0lgid9kw","operationId":"lki6pqh2xp02tmw"}
{"type":"log","timestamp":1731251921965,"level":"info","message":"Starting rendering request 195 (user: admin)","meta":{"rootId":"elbvd4sldff3ef8","id":"elbvd4sldff3ef8"},"id":"mpvti8y2wxr80q6","previousOperationId":"lki6pqh2xp02tmw"}
{"type":"log","timestamp":1731251921965,"level":"info","message":"Rendering template { name: new-excl-template, recipe: html-to-xlsx, engine: handlebars, preview: false }","meta":{"rootId":"elbvd4sldff3ef8","id":"elbvd4sldff3ef8"},"id":"xat1q2wfjar5lie","previousOperationId":"lki6pqh2xp02tmw"}
{"type":"log","timestamp":1731251921966,"level":"debug","message":"Adding sample data pVkbCM7am","meta":{"rootId":"elbvd4sldff3ef8","id":"elbvd4sldff3ef8"},"id":"5c9kdwn6domxi9i","previousOperationId":"lki6pqh2xp02tmw"}
{"type":"log","timestamp":1731251921967,"level":"debug","message":"Base url not specified, skipping its injection.","meta":{"rootId":"elbvd4sldff3ef8","id":"elbvd4sldff3ef8"},"id":"0jo50jyhe4isf46","previousOperationId":"lki6pqh2xp02tmw"}
{"type":"log","timestamp":1731251921968,"level":"debug","message":"Replaced assets [\"KhmerOSSiemreapRegular.ttf\"]","meta":{"rootId":"elbvd4sldff3ef8","id":"elbvd4sldff3ef8"},"id":"ehdtwe4pnqhmgem","previousOperationId":"lki6pqh2xp02tmw"}
{"type":"operationStart","subtype":"engine","name":"handlebars","timestamp":1731251921968,"id":"d1o57bvblo6i8a0","previousEventId":"40945fibogl17v8","operationId":"5ixbodv0i2t437z","previousOperationId":"lki6pqh2xp02tmw"}
{"type":"log","timestamp":1731251921968,"level":"debug","message":"Rendering engine handlebars","meta":{"rootId":"elbvd4sldff3ef8","id":"elbvd4sldff3ef8"},"id":"8s9vx0qwsqeoyys","previousOperationId":"5ixbodv0i2t437z"}
{"type":"operationEnd","operationId":"5ixbodv0i2t437z","timestamp":1731251921974,"id":"g35xo52289lwm47","previousEventId":"d1o57bvblo6i8a0","previousOperationId":"5ixbodv0i2t437z"}
{"type":"operationStart","subtype":"recipe","name":"html-to-xlsx","timestamp":1731251921976,"id":"4k5kged46i4y19a","previousEventId":"g35xo52289lwm47","operationId":"qyilhhxrwt3lrqx","previousOperationId":"5ixbodv0i2t437z"}
{"type":"log","timestamp":1731251921976,"level":"debug","message":"Executing recipe html-to-xlsx","meta":{"rootId":"elbvd4sldff3ef8","id":"elbvd4sldff3ef8"},"id":"xomj4qpaaqq1m3z","previousOperationId":"qyilhhxrwt3lrqx"}
{"type":"log","timestamp":1731251921976,"level":"info","message":"html-to-xlsx generation is starting","meta":{"rootId":"elbvd4sldff3ef8","id":"elbvd4sldff3ef8"},"id":"90hf1d0bb3c09mt","previousOperationId":"qyilhhxrwt3lrqx"}
{"type":"log","timestamp":1731251922596,"level":"info","message":"html-to-xlsx generation was finished","meta":{"rootId":"elbvd4sldff3ef8","id":"elbvd4sldff3ef8"},"id":"xvx6k1racaamxmy","previousOperationId":"qyilhhxrwt3lrqx"}
{"type":"operationEnd","operationId":"qyilhhxrwt3lrqx","timestamp":1731251922597,"id":"rqryo13yn0gaqwe","previousEventId":"4k5kged46i4y19a","previousOperationId":"qyilhhxrwt3lrqx"}
{"type":"log","timestamp":1731251922597,"level":"debug","message":"Skipping storing report.","meta":{"rootId":"elbvd4sldff3ef8","id":"elbvd4sldff3ef8"},"id":"3uyl1nk0rx6m20s","previousOperationId":"qyilhhxrwt3lrqx"}
{"type":"log","timestamp":1731251922597,"level":"info","message":"Rendering request 195 finished in 637 ms","meta":{"rootId":"elbvd4sldff3ef8","id":"elbvd4sldff3ef8"},"id":"8zx2zkl6zgjpqo7","previousOperationId":"qyilhhxrwt3lrqx"}
{"type":"operationEnd","subtype":"render","operationId":"lki6pqh2xp02tmw","timestamp":1731251922597,"id":"ls5rxcjfye5p7en","previousEventId":"rqryo13yn0gaqwe","previousOperationId":"qyilhhxrwt3lrqx"}
{"type":"operationEnd","doDiffs":false,"previousEventId":"t0mv6jn0lgid9kw","previousOperationId":"mac9pe23zxnr8k2","operationId":"mac9pe23zxnr8k2","timestamp":1731251922599,"id":"vk6694tm6lf6lc9"}
