{"type":"operationStart","subtype":"profile","data":{"_id":"6pbAf1DKpPLOljSW","timestamp":"2024-11-10T08:17:58.633Z","state":"queued","mode":"standard","creationDate":"2024-11-10T08:17:58.635Z","modificationDate":"2024-11-10T08:17:58.635Z","shortid":"fPWywka","inheritedReadPermissions":[],"inheritedEditPermissions":[],"$entitySet":"profiles"},"doDiffs":false,"timestamp":1731226678634,"id":"e6vm139ya5x1yxu","previousOperationId":null,"operationId":"ux0t1etx7e74zl0"}
{"type":"log","level":"info","message":"Render request 102 queued for execution and waiting for available worker","previousOperationId":"ux0t1etx7e74zl0","timestamp":1731226678634,"id":"n6wl5wc2ksdeimf"}
{"type":"operationStart","subtype":"render","name":"new-excl-template","previousOperationId":"ux0t1etx7e74zl0","timestamp":1731226678642,"id":"rx9geoomu4u1gii","previousEventId":"e6vm139ya5x1yxu","operationId":"0cf990awlgqf8jc"}
{"type":"log","timestamp":1731226678642,"level":"info","message":"Starting rendering request 102 (user: admin)","meta":{"rootId":"erdzo1ro1422cpj","id":"erdzo1ro1422cpj"},"id":"96s2aawsw8k6j3k","previousOperationId":"0cf990awlgqf8jc"}
{"type":"log","timestamp":1731226678642,"level":"info","message":"Rendering template { name: new-excl-template, recipe: html-to-xlsx, engine: handlebars, preview: true }","meta":{"rootId":"erdzo1ro1422cpj","id":"erdzo1ro1422cpj"},"id":"giv4ni5yapxzohm","previousOperationId":"0cf990awlgqf8jc"}
{"type":"log","timestamp":1731226678643,"level":"debug","message":"Inline data specified.","meta":{"rootId":"erdzo1ro1422cpj","id":"erdzo1ro1422cpj"},"id":"dbjqz95qayygwsx","previousOperationId":"0cf990awlgqf8jc"}
{"type":"log","timestamp":1731226678644,"level":"debug","message":"Base url not specified, skipping its injection.","meta":{"rootId":"erdzo1ro1422cpj","id":"erdzo1ro1422cpj"},"id":"cpunidh77iwia8s","previousOperationId":"0cf990awlgqf8jc"}
{"type":"operationStart","subtype":"engine","name":"handlebars","timestamp":1731226678644,"id":"m8lrdfe9e0l7uw4","previousEventId":"rx9geoomu4u1gii","operationId":"2vozprqcrd5483t","previousOperationId":"0cf990awlgqf8jc"}
{"type":"log","timestamp":1731226678644,"level":"debug","message":"Rendering engine handlebars","meta":{"rootId":"erdzo1ro1422cpj","id":"erdzo1ro1422cpj"},"id":"szv5d0r31r3m7hz","previousOperationId":"2vozprqcrd5483t"}
{"type":"operationEnd","operationId":"2vozprqcrd5483t","timestamp":1731226678652,"id":"zwyycaf1cj7wgcy","previousEventId":"m8lrdfe9e0l7uw4","previousOperationId":"2vozprqcrd5483t"}
{"type":"operationStart","subtype":"recipe","name":"html-to-xlsx","timestamp":1731226678652,"id":"8dq2ghgnpieq45u","previousEventId":"zwyycaf1cj7wgcy","operationId":"gaz3dwepc9nvii2","previousOperationId":"2vozprqcrd5483t"}
{"type":"log","timestamp":1731226678652,"level":"debug","message":"Executing recipe html-to-xlsx","meta":{"rootId":"erdzo1ro1422cpj","id":"erdzo1ro1422cpj"},"id":"58kk1z0db0uev5i","previousOperationId":"gaz3dwepc9nvii2"}
{"type":"log","timestamp":1731226678652,"level":"info","message":"html-to-xlsx generation is starting","meta":{"rootId":"erdzo1ro1422cpj","id":"erdzo1ro1422cpj"},"id":"r3fbi69wi2voacu","previousOperationId":"gaz3dwepc9nvii2"}
{"type":"log","timestamp":1731226679148,"level":"info","message":"html-to-xlsx generation was finished","meta":{"rootId":"erdzo1ro1422cpj","id":"erdzo1ro1422cpj"},"id":"h9vrjrwvlhjlqi9","previousOperationId":"gaz3dwepc9nvii2"}
{"type":"log","timestamp":1731226679148,"level":"debug","message":"preparing office preview","meta":{"rootId":"erdzo1ro1422cpj","id":"erdzo1ro1422cpj"},"id":"f8e13qgwdqoi4hq","previousOperationId":"gaz3dwepc9nvii2"}
{"type":"operationEnd","operationId":"gaz3dwepc9nvii2","timestamp":1731226679589,"id":"oqn1c5mmoel66st","previousEventId":"8dq2ghgnpieq45u","previousOperationId":"gaz3dwepc9nvii2"}
{"type":"log","timestamp":1731226679589,"level":"debug","message":"Skipping storing report.","meta":{"rootId":"erdzo1ro1422cpj","id":"erdzo1ro1422cpj"},"id":"zhvty9mbdp3p9w7","previousOperationId":"gaz3dwepc9nvii2"}
{"type":"log","timestamp":1731226679590,"level":"info","message":"Rendering request 102 finished in 956 ms","meta":{"rootId":"erdzo1ro1422cpj","id":"erdzo1ro1422cpj"},"id":"59npit6mbir51gd","previousOperationId":"gaz3dwepc9nvii2"}
{"type":"operationEnd","subtype":"render","operationId":"0cf990awlgqf8jc","timestamp":1731226679590,"id":"t7wakekckozzbip","previousEventId":"oqn1c5mmoel66st","previousOperationId":"gaz3dwepc9nvii2"}
{"type":"operationEnd","doDiffs":false,"previousEventId":"e6vm139ya5x1yxu","previousOperationId":"ux0t1etx7e74zl0","operationId":"ux0t1etx7e74zl0","timestamp":1731226679592,"id":"x1ed1h4kl5c6kbl"}
