{"type":"operationStart","subtype":"profile","data":{"_id":"kDJdksk3oyzRI2X1","timestamp":"2024-11-10T08:52:01.242Z","state":"queued","mode":"standard","creationDate":"2024-11-10T08:52:01.244Z","modificationDate":"2024-11-10T08:52:01.244Z","shortid":"FzCaZ2G","inheritedReadPermissions":[],"inheritedEditPermissions":[],"$entitySet":"profiles"},"doDiffs":false,"timestamp":1731228721243,"id":"issjihceerw0qd2","previousOperationId":null,"operationId":"mb9zucpqcyylepg"}
{"type":"log","level":"info","message":"Render request 158 queued for execution and waiting for available worker","previousOperationId":"mb9zucpqcyylepg","timestamp":1731228721243,"id":"bzwuchhhu95zagr"}
{"type":"operationStart","subtype":"render","name":"new-excl-template","previousOperationId":"mb9zucpqcyylepg","timestamp":1731228721253,"id":"lyjx25jaczep4o3","previousEventId":"issjihceerw0qd2","operationId":"xac3uhlobt3ppda"}
{"type":"log","timestamp":1731228721253,"level":"info","message":"Starting rendering request 158 (user: admin)","meta":{"rootId":"ery4i96j20o9uet","id":"ery4i96j20o9uet"},"id":"d6f5i0fng1auipv","previousOperationId":"xac3uhlobt3ppda"}
{"type":"log","timestamp":1731228721253,"level":"info","message":"Rendering template { name: new-excl-template, recipe: html-to-xlsx, engine: handlebars, preview: true }","meta":{"rootId":"ery4i96j20o9uet","id":"ery4i96j20o9uet"},"id":"xjhee9ojihzf4t3","previousOperationId":"xac3uhlobt3ppda"}
{"type":"log","timestamp":1731228721253,"level":"debug","message":"Inline data specified.","meta":{"rootId":"ery4i96j20o9uet","id":"ery4i96j20o9uet"},"id":"29y4vhxpkgwv2ed","previousOperationId":"xac3uhlobt3ppda"}
{"type":"log","timestamp":1731228721256,"level":"debug","message":"Base url not specified, skipping its injection.","meta":{"rootId":"ery4i96j20o9uet","id":"ery4i96j20o9uet"},"id":"ueq44yzrlg42pjo","previousOperationId":"xac3uhlobt3ppda"}
{"type":"log","timestamp":1731228721258,"level":"debug","message":"Replaced assets [\"KhmerOSSiemreapRegular.ttf\"]","meta":{"rootId":"ery4i96j20o9uet","id":"ery4i96j20o9uet"},"id":"9vif6fd7pr6u4zy","previousOperationId":"xac3uhlobt3ppda"}
{"type":"operationStart","subtype":"engine","name":"handlebars","timestamp":1731228721258,"id":"fjlfg6zmnwtvs6m","previousEventId":"lyjx25jaczep4o3","operationId":"y0c51xhistj8it6","previousOperationId":"xac3uhlobt3ppda"}
{"type":"log","timestamp":1731228721258,"level":"debug","message":"Rendering engine handlebars","meta":{"rootId":"ery4i96j20o9uet","id":"ery4i96j20o9uet"},"id":"yizr3g56kh3jmub","previousOperationId":"y0c51xhistj8it6"}
{"type":"operationEnd","operationId":"y0c51xhistj8it6","timestamp":1731228721275,"id":"jdalifvgzyar186","previousEventId":"fjlfg6zmnwtvs6m","previousOperationId":"y0c51xhistj8it6"}
{"type":"operationStart","subtype":"recipe","name":"html-to-xlsx","timestamp":1731228721278,"id":"gz8coq0tf3f6w6m","previousEventId":"jdalifvgzyar186","operationId":"vaze6tr41b7g5eo","previousOperationId":"y0c51xhistj8it6"}
{"type":"log","timestamp":1731228721278,"level":"debug","message":"Executing recipe html-to-xlsx","meta":{"rootId":"ery4i96j20o9uet","id":"ery4i96j20o9uet"},"id":"pyvdgib0f6vg27j","previousOperationId":"vaze6tr41b7g5eo"}
{"type":"log","timestamp":1731228721278,"level":"info","message":"html-to-xlsx generation is starting","meta":{"rootId":"ery4i96j20o9uet","id":"ery4i96j20o9uet"},"id":"za8j89xebynuwnt","previousOperationId":"vaze6tr41b7g5eo"}
{"type":"log","timestamp":1731228722144,"level":"info","message":"html-to-xlsx generation was finished","meta":{"rootId":"ery4i96j20o9uet","id":"ery4i96j20o9uet"},"id":"q2as6d02ztvw9zf","previousOperationId":"vaze6tr41b7g5eo"}
{"type":"log","timestamp":1731228722144,"level":"debug","message":"preparing office preview","meta":{"rootId":"ery4i96j20o9uet","id":"ery4i96j20o9uet"},"id":"uz6722pblhtrkk0","previousOperationId":"vaze6tr41b7g5eo"}
{"type":"operationEnd","operationId":"vaze6tr41b7g5eo","timestamp":1731228722592,"id":"22pkgzyme070ri9","previousEventId":"gz8coq0tf3f6w6m","previousOperationId":"vaze6tr41b7g5eo"}
{"type":"log","timestamp":1731228722592,"level":"debug","message":"Skipping storing report.","meta":{"rootId":"ery4i96j20o9uet","id":"ery4i96j20o9uet"},"id":"7i74maf6h8qa4s3","previousOperationId":"vaze6tr41b7g5eo"}
{"type":"log","timestamp":1731228722592,"level":"info","message":"Rendering request 158 finished in 1350 ms","meta":{"rootId":"ery4i96j20o9uet","id":"ery4i96j20o9uet"},"id":"k8tp0zzgkokicqm","previousOperationId":"vaze6tr41b7g5eo"}
{"type":"operationEnd","subtype":"render","operationId":"xac3uhlobt3ppda","timestamp":1731228722592,"id":"ncg1pke0eh6mf4f","previousEventId":"22pkgzyme070ri9","previousOperationId":"vaze6tr41b7g5eo"}
{"type":"operationEnd","doDiffs":false,"previousEventId":"issjihceerw0qd2","previousOperationId":"mb9zucpqcyylepg","operationId":"mb9zucpqcyylepg","timestamp":1731228722596,"id":"z8sdccxw20wwn9b"}
