{"type":"operationStart","subtype":"profile","data":{"_id":"tkLhhpMmesq39kkd","timestamp":"2024-11-10T15:40:36.442Z","state":"queued","mode":"standard","creationDate":"2024-11-10T15:40:36.444Z","modificationDate":"2024-11-10T15:40:36.444Z","shortid":"QV1lnep","inheritedReadPermissions":[],"inheritedEditPermissions":[],"$entitySet":"profiles"},"doDiffs":false,"timestamp":1731253236443,"id":"lfbzy49vhu46pzw","previousOperationId":null,"operationId":"ybe8d1d02d4fx5w"}
{"type":"log","level":"info","message":"Render request 208 queued for execution and waiting for available worker","previousOperationId":"ybe8d1d02d4fx5w","timestamp":1731253236443,"id":"gadeb57kwx9208u"}
{"type":"operationStart","subtype":"render","name":"new-excl-template","previousOperationId":"ybe8d1d02d4fx5w","timestamp":1731253236450,"id":"haml61vclt436ns","previousEventId":"lfbzy49vhu46pzw","operationId":"tomdcylrf2mnasi"}
{"type":"log","timestamp":1731253236451,"level":"info","message":"Starting rendering request 208 (user: admin)","meta":{"rootId":"etn2y4v1qu6arth","id":"etn2y4v1qu6arth"},"id":"5yalnxzzfqu5fpf","previousOperationId":"tomdcylrf2mnasi"}
{"type":"log","timestamp":1731253236451,"level":"info","message":"Rendering template { name: new-excl-template, recipe: html-to-xlsx, engine: handlebars, preview: true }","meta":{"rootId":"etn2y4v1qu6arth","id":"etn2y4v1qu6arth"},"id":"ywlmuu61c75ntzu","previousOperationId":"tomdcylrf2mnasi"}
{"type":"log","timestamp":1731253236451,"level":"debug","message":"Inline data specified.","meta":{"rootId":"etn2y4v1qu6arth","id":"etn2y4v1qu6arth"},"id":"2dx0yydnfd8hsbe","previousOperationId":"tomdcylrf2mnasi"}
{"type":"log","timestamp":1731253236452,"level":"debug","message":"Base url not specified, skipping its injection.","meta":{"rootId":"etn2y4v1qu6arth","id":"etn2y4v1qu6arth"},"id":"apv56w2ylxbtpzm","previousOperationId":"tomdcylrf2mnasi"}
{"type":"log","timestamp":1731253236454,"level":"debug","message":"Replaced assets [\"KhmerOSSiemreapRegular.ttf\"]","meta":{"rootId":"etn2y4v1qu6arth","id":"etn2y4v1qu6arth"},"id":"yhaagu0bs6h4ya2","previousOperationId":"tomdcylrf2mnasi"}
{"type":"operationStart","subtype":"engine","name":"handlebars","timestamp":1731253236454,"id":"xth3edfy7m4g998","previousEventId":"haml61vclt436ns","operationId":"1u3t1olid94zgbf","previousOperationId":"tomdcylrf2mnasi"}
{"type":"log","timestamp":1731253236454,"level":"debug","message":"Rendering engine handlebars","meta":{"rootId":"etn2y4v1qu6arth","id":"etn2y4v1qu6arth"},"id":"8d9vaj0uwbrpbxd","previousOperationId":"1u3t1olid94zgbf"}
{"type":"operationEnd","operationId":"1u3t1olid94zgbf","timestamp":1731253236468,"id":"xgmqd3iofp9arbk","previousEventId":"xth3edfy7m4g998","previousOperationId":"1u3t1olid94zgbf"}
{"type":"operationStart","subtype":"recipe","name":"html-to-xlsx","timestamp":1731253236470,"id":"fhpd5cyryrzqdy6","previousEventId":"xgmqd3iofp9arbk","operationId":"uqyvvsfyhibqrk6","previousOperationId":"1u3t1olid94zgbf"}
{"type":"log","timestamp":1731253236470,"level":"debug","message":"Executing recipe html-to-xlsx","meta":{"rootId":"etn2y4v1qu6arth","id":"etn2y4v1qu6arth"},"id":"2aoa04tc7gdy8ub","previousOperationId":"uqyvvsfyhibqrk6"}
{"type":"log","timestamp":1731253236470,"level":"info","message":"html-to-xlsx generation is starting","meta":{"rootId":"etn2y4v1qu6arth","id":"etn2y4v1qu6arth"},"id":"l6b8aj6eei41u4q","previousOperationId":"uqyvvsfyhibqrk6"}
{"type":"log","timestamp":1731253237175,"level":"info","message":"html-to-xlsx generation was finished","meta":{"rootId":"etn2y4v1qu6arth","id":"etn2y4v1qu6arth"},"id":"ouc5y79pb4xv5y4","previousOperationId":"uqyvvsfyhibqrk6"}
{"type":"log","timestamp":1731253237175,"level":"debug","message":"preparing office preview","meta":{"rootId":"etn2y4v1qu6arth","id":"etn2y4v1qu6arth"},"id":"wh2m2kivpptnmqf","previousOperationId":"uqyvvsfyhibqrk6"}
{"type":"operationEnd","operationId":"uqyvvsfyhibqrk6","timestamp":1731253237631,"id":"b3wlasylirof95g","previousEventId":"fhpd5cyryrzqdy6","previousOperationId":"uqyvvsfyhibqrk6"}
{"type":"log","timestamp":1731253237631,"level":"debug","message":"Skipping storing report.","meta":{"rootId":"etn2y4v1qu6arth","id":"etn2y4v1qu6arth"},"id":"kpsqqah0tdd8mhu","previousOperationId":"uqyvvsfyhibqrk6"}
{"type":"log","timestamp":1731253237631,"level":"info","message":"Rendering request 208 finished in 1189 ms","meta":{"rootId":"etn2y4v1qu6arth","id":"etn2y4v1qu6arth"},"id":"1ajn3i9vpkz035d","previousOperationId":"uqyvvsfyhibqrk6"}
{"type":"operationEnd","subtype":"render","operationId":"tomdcylrf2mnasi","timestamp":1731253237631,"id":"xf8iff1ckk9v8py","previousEventId":"b3wlasylirof95g","previousOperationId":"uqyvvsfyhibqrk6"}
{"type":"operationEnd","doDiffs":false,"previousEventId":"lfbzy49vhu46pzw","previousOperationId":"ybe8d1d02d4fx5w","operationId":"ybe8d1d02d4fx5w","timestamp":1731253237634,"id":"e9w5fjsx5jc0iel"}
