{"type":"operationStart","subtype":"profile","data":{"_id":"xL7zgIQzNLPcJ02c","timestamp":"2024-11-10T08:48:39.921Z","state":"queued","mode":"standard","creationDate":"2024-11-10T08:48:39.923Z","modificationDate":"2024-11-10T08:48:39.923Z","shortid":"F4yNgPR","inheritedReadPermissions":[],"inheritedEditPermissions":[],"$entitySet":"profiles"},"doDiffs":false,"timestamp":1731228519922,"id":"sflxnrscdbp97hf","previousOperationId":null,"operationId":"wvsb5y3gebojqw6"}
{"type":"log","level":"info","message":"Render request 153 queued for execution and waiting for available worker","previousOperationId":"wvsb5y3gebojqw6","timestamp":1731228519922,"id":"ixwxhyhosdoll6l"}
{"type":"operationStart","subtype":"render","name":"new-excl-template","previousOperationId":"wvsb5y3gebojqw6","timestamp":1731228519932,"id":"n47ldjtw2josbsk","previousEventId":"sflxnrscdbp97hf","operationId":"urjobyke7eg7u8x"}
{"type":"log","timestamp":1731228519932,"level":"info","message":"Starting rendering request 153 (user: admin)","meta":{"rootId":"evsqjbd0dkhu799","id":"evsqjbd0dkhu799"},"id":"1m33bukpwobh880","previousOperationId":"urjobyke7eg7u8x"}
{"type":"log","timestamp":1731228519932,"level":"info","message":"Rendering template { name: new-excl-template, recipe: html-to-xlsx, engine: handlebars, preview: true }","meta":{"rootId":"evsqjbd0dkhu799","id":"evsqjbd0dkhu799"},"id":"vtw2qk50ufi9p1i","previousOperationId":"urjobyke7eg7u8x"}
{"type":"log","timestamp":1731228519933,"level":"debug","message":"Inline data specified.","meta":{"rootId":"evsqjbd0dkhu799","id":"evsqjbd0dkhu799"},"id":"fqkn3eh282tmly0","previousOperationId":"urjobyke7eg7u8x"}
{"type":"log","timestamp":1731228519934,"level":"debug","message":"Base url not specified, skipping its injection.","meta":{"rootId":"evsqjbd0dkhu799","id":"evsqjbd0dkhu799"},"id":"o2ph45giycnzwi0","previousOperationId":"urjobyke7eg7u8x"}
{"type":"log","timestamp":1731228519936,"level":"debug","message":"Replaced assets [\"KhmerOSSiemreapRegular.ttf\"]","meta":{"rootId":"evsqjbd0dkhu799","id":"evsqjbd0dkhu799"},"id":"p11sq4y97zbvg1v","previousOperationId":"urjobyke7eg7u8x"}
{"type":"operationStart","subtype":"engine","name":"handlebars","timestamp":1731228519937,"id":"kawk2od0uqlimyu","previousEventId":"n47ldjtw2josbsk","operationId":"xbe7ouczmjkddqv","previousOperationId":"urjobyke7eg7u8x"}
{"type":"log","timestamp":1731228519937,"level":"debug","message":"Rendering engine handlebars","meta":{"rootId":"evsqjbd0dkhu799","id":"evsqjbd0dkhu799"},"id":"pke9kvxpgokqwsp","previousOperationId":"xbe7ouczmjkddqv"}
{"type":"operationEnd","operationId":"xbe7ouczmjkddqv","timestamp":1731228519954,"id":"ldly4my20quy48q","previousEventId":"kawk2od0uqlimyu","previousOperationId":"xbe7ouczmjkddqv"}
{"type":"operationStart","subtype":"recipe","name":"html-to-xlsx","timestamp":1731228519957,"id":"bzskefe9nysyqxn","previousEventId":"ldly4my20quy48q","operationId":"15aa1mi90jkw7jo","previousOperationId":"xbe7ouczmjkddqv"}
{"type":"log","timestamp":1731228519957,"level":"debug","message":"Executing recipe html-to-xlsx","meta":{"rootId":"evsqjbd0dkhu799","id":"evsqjbd0dkhu799"},"id":"m735n4phyt8gvf8","previousOperationId":"15aa1mi90jkw7jo"}
{"type":"log","timestamp":1731228519957,"level":"info","message":"html-to-xlsx generation is starting","meta":{"rootId":"evsqjbd0dkhu799","id":"evsqjbd0dkhu799"},"id":"hneji5l4qpzphik","previousOperationId":"15aa1mi90jkw7jo"}
{"type":"log","timestamp":1731228520735,"level":"info","message":"html-to-xlsx generation was finished","meta":{"rootId":"evsqjbd0dkhu799","id":"evsqjbd0dkhu799"},"id":"j7950ut4y51iqr6","previousOperationId":"15aa1mi90jkw7jo"}
{"type":"log","timestamp":1731228520735,"level":"debug","message":"preparing office preview","meta":{"rootId":"evsqjbd0dkhu799","id":"evsqjbd0dkhu799"},"id":"de6exhydqj3sc2s","previousOperationId":"15aa1mi90jkw7jo"}
{"type":"operationEnd","operationId":"15aa1mi90jkw7jo","timestamp":1731228521188,"id":"tbhe9uzylybl20b","previousEventId":"bzskefe9nysyqxn","previousOperationId":"15aa1mi90jkw7jo"}
{"type":"log","timestamp":1731228521188,"level":"debug","message":"Skipping storing report.","meta":{"rootId":"evsqjbd0dkhu799","id":"evsqjbd0dkhu799"},"id":"ce4hkbfedyelz0h","previousOperationId":"15aa1mi90jkw7jo"}
{"type":"log","timestamp":1731228521188,"level":"info","message":"Rendering request 153 finished in 1267 ms","meta":{"rootId":"evsqjbd0dkhu799","id":"evsqjbd0dkhu799"},"id":"ovlnihs4dws12jn","previousOperationId":"15aa1mi90jkw7jo"}
{"type":"operationEnd","subtype":"render","operationId":"urjobyke7eg7u8x","timestamp":1731228521188,"id":"81ej4a75cmzy9pm","previousEventId":"tbhe9uzylybl20b","previousOperationId":"15aa1mi90jkw7jo"}
{"type":"operationEnd","doDiffs":false,"previousEventId":"sflxnrscdbp97hf","previousOperationId":"wvsb5y3gebojqw6","operationId":"wvsb5y3gebojqw6","timestamp":1731228521191,"id":"6mxg8si0x88j920"}
