{"type":"operationStart","subtype":"profile","data":{"_id":"hVpOO853YUoCKv57","timestamp":"2024-11-10T09:19:38.519Z","state":"queued","mode":"standard","creationDate":"2024-11-10T09:19:38.520Z","modificationDate":"2024-11-10T09:19:38.520Z","shortid":"4_gkKC7","inheritedReadPermissions":[],"inheritedEditPermissions":[],"$entitySet":"profiles"},"doDiffs":false,"timestamp":1731230378519,"id":"k8pwe5dgnv4ra2p","previousOperationId":null,"operationId":"oc77hjcl17vyfar"}
{"type":"log","level":"info","message":"Render request 202 queued for execution and waiting for available worker","previousOperationId":"oc77hjcl17vyfar","timestamp":1731230378520,"id":"nbuk95b3gfboq1o"}
{"type":"operationStart","subtype":"render","name":"new-excl-template","previousOperationId":"oc77hjcl17vyfar","timestamp":1731230378527,"id":"e5nlkylffqny2cx","previousEventId":"k8pwe5dgnv4ra2p","operationId":"jzp7hrixknp50mt"}
{"type":"log","timestamp":1731230378527,"level":"info","message":"Starting rendering request 202 (user: admin)","meta":{"rootId":"f1ivskjfyufcrpn","id":"f1ivskjfyufcrpn"},"id":"xtpxqzr32y89kwc","previousOperationId":"jzp7hrixknp50mt"}
{"type":"log","timestamp":1731230378528,"level":"info","message":"Rendering template { name: new-excl-template, recipe: html-to-xlsx, engine: handlebars, preview: true }","meta":{"rootId":"f1ivskjfyufcrpn","id":"f1ivskjfyufcrpn"},"id":"r9de1jpnk9weani","previousOperationId":"jzp7hrixknp50mt"}
{"type":"log","timestamp":1731230378528,"level":"debug","message":"Inline data specified.","meta":{"rootId":"f1ivskjfyufcrpn","id":"f1ivskjfyufcrpn"},"id":"cltimdwzhvy3ku1","previousOperationId":"jzp7hrixknp50mt"}
{"type":"log","timestamp":1731230378529,"level":"debug","message":"Base url not specified, skipping its injection.","meta":{"rootId":"f1ivskjfyufcrpn","id":"f1ivskjfyufcrpn"},"id":"xuprgo2ncjeozjr","previousOperationId":"jzp7hrixknp50mt"}
{"type":"operationStart","subtype":"engine","name":"handlebars","timestamp":1731230378529,"id":"0t1lqqq5wtqdh5z","previousEventId":"e5nlkylffqny2cx","operationId":"r2bl2nv8ltdzjs5","previousOperationId":"jzp7hrixknp50mt"}
{"type":"log","timestamp":1731230378529,"level":"debug","message":"Rendering engine handlebars","meta":{"rootId":"f1ivskjfyufcrpn","id":"f1ivskjfyufcrpn"},"id":"xbd6s1e7p5u9phf","previousOperationId":"r2bl2nv8ltdzjs5"}
{"type":"operationEnd","operationId":"r2bl2nv8ltdzjs5","timestamp":1731230378537,"id":"4jnf4sr8hl1g62u","previousEventId":"0t1lqqq5wtqdh5z","previousOperationId":"r2bl2nv8ltdzjs5"}
{"type":"operationStart","subtype":"recipe","name":"html-to-xlsx","timestamp":1731230378539,"id":"kmmn7rj1xby9owq","previousEventId":"4jnf4sr8hl1g62u","operationId":"ghvtu875eciat31","previousOperationId":"r2bl2nv8ltdzjs5"}
{"type":"log","timestamp":1731230378539,"level":"debug","message":"Executing recipe html-to-xlsx","meta":{"rootId":"f1ivskjfyufcrpn","id":"f1ivskjfyufcrpn"},"id":"7zokdsgeozy0498","previousOperationId":"ghvtu875eciat31"}
{"type":"log","timestamp":1731230378539,"level":"info","message":"html-to-xlsx generation is starting","meta":{"rootId":"f1ivskjfyufcrpn","id":"f1ivskjfyufcrpn"},"id":"3vx8wwvj7ovt532","previousOperationId":"ghvtu875eciat31"}
{"type":"log","timestamp":1731230379939,"level":"info","message":"html-to-xlsx generation was finished","meta":{"rootId":"f1ivskjfyufcrpn","id":"f1ivskjfyufcrpn"},"id":"ou143yemmkk3n70","previousOperationId":"ghvtu875eciat31"}
{"type":"log","timestamp":1731230379939,"level":"debug","message":"preparing office preview","meta":{"rootId":"f1ivskjfyufcrpn","id":"f1ivskjfyufcrpn"},"id":"o61wsqw4psgc694","previousOperationId":"ghvtu875eciat31"}
{"type":"operationEnd","operationId":"ghvtu875eciat31","timestamp":1731230380607,"id":"hcg2h6hlqyrrilq","previousEventId":"kmmn7rj1xby9owq","previousOperationId":"ghvtu875eciat31"}
{"type":"log","timestamp":1731230380607,"level":"debug","message":"Skipping storing report.","meta":{"rootId":"f1ivskjfyufcrpn","id":"f1ivskjfyufcrpn"},"id":"aochg8k98mh9p5b","previousOperationId":"ghvtu875eciat31"}
{"type":"log","timestamp":1731230380607,"level":"info","message":"Rendering request 202 finished in 2088 ms","meta":{"rootId":"f1ivskjfyufcrpn","id":"f1ivskjfyufcrpn"},"id":"63ttce0eavx9sm7","previousOperationId":"ghvtu875eciat31"}
{"type":"operationEnd","subtype":"render","operationId":"jzp7hrixknp50mt","timestamp":1731230380607,"id":"lf2zy2jgci4zq5j","previousEventId":"hcg2h6hlqyrrilq","previousOperationId":"ghvtu875eciat31"}
{"type":"operationEnd","doDiffs":false,"previousEventId":"k8pwe5dgnv4ra2p","previousOperationId":"oc77hjcl17vyfar","operationId":"oc77hjcl17vyfar","timestamp":1731230380609,"id":"3oqp2vn3ndt414s"}
