{"type":"operationStart","subtype":"profile","data":{"_id":"OfsGKCmgfHZbS2UX","timestamp":"2024-11-10T13:52:57.535Z","state":"queued","mode":"standard","creationDate":"2024-11-10T13:52:57.536Z","modificationDate":"2024-11-10T13:52:57.536Z","shortid":"CRUNwaw","inheritedReadPermissions":[],"inheritedEditPermissions":[],"$entitySet":"profiles"},"doDiffs":false,"timestamp":1731246777535,"id":"4ri55xgspag09uz","previousOperationId":null,"operationId":"jlc0lbxiq73j6xl"}
{"type":"log","level":"info","message":"Render request 88 queued for execution and waiting for available worker","previousOperationId":"jlc0lbxiq73j6xl","timestamp":1731246777535,"id":"7rkkyf2zj8qubjm"}
{"type":"operationStart","subtype":"render","name":"new-excl-template","previousOperationId":"jlc0lbxiq73j6xl","timestamp":1731246777543,"id":"yev63cm56t8odqf","previousEventId":"4ri55xgspag09uz","operationId":"fthld476xsr9d6t"}
{"type":"log","timestamp":1731246777543,"level":"info","message":"Starting rendering request 88 (user: admin)","meta":{"rootId":"f5d2hw5hmo3hh5k","id":"f5d2hw5hmo3hh5k"},"id":"rx279m37p64xav3","previousOperationId":"fthld476xsr9d6t"}
{"type":"log","timestamp":1731246777544,"level":"info","message":"Rendering template { name: new-excl-template, recipe: html-to-xlsx, engine: handlebars, preview: true }","meta":{"rootId":"f5d2hw5hmo3hh5k","id":"f5d2hw5hmo3hh5k"},"id":"ewbqmusgvpmwycx","previousOperationId":"fthld476xsr9d6t"}
{"type":"log","timestamp":1731246777544,"level":"debug","message":"Inline data specified.","meta":{"rootId":"f5d2hw5hmo3hh5k","id":"f5d2hw5hmo3hh5k"},"id":"a1v4xql67cj5q9u","previousOperationId":"fthld476xsr9d6t"}
{"type":"log","timestamp":1731246777545,"level":"debug","message":"Base url not specified, skipping its injection.","meta":{"rootId":"f5d2hw5hmo3hh5k","id":"f5d2hw5hmo3hh5k"},"id":"jopxh101qxc80to","previousOperationId":"fthld476xsr9d6t"}
{"type":"log","timestamp":1731246777547,"level":"debug","message":"Replaced assets [\"KhmerOSSiemreapRegular.ttf\"]","meta":{"rootId":"f5d2hw5hmo3hh5k","id":"f5d2hw5hmo3hh5k"},"id":"c5kw9t2vs786x7k","previousOperationId":"fthld476xsr9d6t"}
{"type":"operationStart","subtype":"engine","name":"handlebars","timestamp":1731246777547,"id":"x3o2qy15vjclgyb","previousEventId":"yev63cm56t8odqf","operationId":"zm7gk4jr9kcy2sl","previousOperationId":"fthld476xsr9d6t"}
{"type":"log","timestamp":1731246777547,"level":"debug","message":"Rendering engine handlebars","meta":{"rootId":"f5d2hw5hmo3hh5k","id":"f5d2hw5hmo3hh5k"},"id":"6ktthk2qn1qdzv7","previousOperationId":"zm7gk4jr9kcy2sl"}
{"type":"operationEnd","operationId":"zm7gk4jr9kcy2sl","timestamp":1731246777562,"id":"eqftqh6dole8w6o","previousEventId":"x3o2qy15vjclgyb","previousOperationId":"zm7gk4jr9kcy2sl"}
{"type":"operationStart","subtype":"recipe","name":"html-to-xlsx","timestamp":1731246777564,"id":"ant92xuascpsarj","previousEventId":"eqftqh6dole8w6o","operationId":"4istey9i89xjfep","previousOperationId":"zm7gk4jr9kcy2sl"}
{"type":"log","timestamp":1731246777564,"level":"debug","message":"Executing recipe html-to-xlsx","meta":{"rootId":"f5d2hw5hmo3hh5k","id":"f5d2hw5hmo3hh5k"},"id":"0qf9pzqa2xj4bf2","previousOperationId":"4istey9i89xjfep"}
{"type":"log","timestamp":1731246777564,"level":"info","message":"html-to-xlsx generation is starting","meta":{"rootId":"f5d2hw5hmo3hh5k","id":"f5d2hw5hmo3hh5k"},"id":"7eztaw7bh047j0w","previousOperationId":"4istey9i89xjfep"}
{"type":"log","timestamp":1731246778191,"level":"info","message":"html-to-xlsx generation was finished","meta":{"rootId":"f5d2hw5hmo3hh5k","id":"f5d2hw5hmo3hh5k"},"id":"qvalsgddt29o7bk","previousOperationId":"4istey9i89xjfep"}
{"type":"log","timestamp":1731246778191,"level":"debug","message":"preparing office preview","meta":{"rootId":"f5d2hw5hmo3hh5k","id":"f5d2hw5hmo3hh5k"},"id":"v60gr3ae3510azu","previousOperationId":"4istey9i89xjfep"}
{"type":"operationEnd","operationId":"4istey9i89xjfep","timestamp":1731246778703,"id":"lwuys6z2yiy8exv","previousEventId":"ant92xuascpsarj","previousOperationId":"4istey9i89xjfep"}
{"type":"log","timestamp":1731246778703,"level":"debug","message":"Skipping storing report.","meta":{"rootId":"f5d2hw5hmo3hh5k","id":"f5d2hw5hmo3hh5k"},"id":"wb6gegfnpdfun51","previousOperationId":"4istey9i89xjfep"}
{"type":"log","timestamp":1731246778703,"level":"info","message":"Rendering request 88 finished in 1168 ms","meta":{"rootId":"f5d2hw5hmo3hh5k","id":"f5d2hw5hmo3hh5k"},"id":"bmvlnzzkvmc6vkm","previousOperationId":"4istey9i89xjfep"}
{"type":"operationEnd","subtype":"render","operationId":"fthld476xsr9d6t","timestamp":1731246778703,"id":"u1ifgu6h7zqn9ba","previousEventId":"lwuys6z2yiy8exv","previousOperationId":"4istey9i89xjfep"}
{"type":"operationEnd","doDiffs":false,"previousEventId":"4ri55xgspag09uz","previousOperationId":"jlc0lbxiq73j6xl","operationId":"jlc0lbxiq73j6xl","timestamp":1731246778705,"id":"cymavnhf6q6xvez"}
