{"type":"operationStart","subtype":"profile","data":{"_id":"mk3u46VUnZo0vbgr","timestamp":"2024-11-10T14:46:16.953Z","state":"queued","mode":"standard","creationDate":"2024-11-10T14:46:16.954Z","modificationDate":"2024-11-10T14:46:16.954Z","shortid":"jeq1tiU","inheritedReadPermissions":[],"inheritedEditPermissions":[],"$entitySet":"profiles"},"doDiffs":false,"timestamp":1731249976954,"id":"wfvfdxjy29gtqct","previousOperationId":null,"operationId":"g6b6ob5trudxllh"}
{"type":"log","level":"info","message":"Render request 167 queued for execution and waiting for available worker","previousOperationId":"g6b6ob5trudxllh","timestamp":1731249976954,"id":"axihipyqyu4wkhd"}
{"type":"operationStart","subtype":"render","name":"new-excl-template","previousOperationId":"g6b6ob5trudxllh","timestamp":1731249976962,"id":"dm5nvo01m5auo1u","previousEventId":"wfvfdxjy29gtqct","operationId":"wo6ty54vdt5oc5q"}
{"type":"log","timestamp":1731249976963,"level":"info","message":"Starting rendering request 167 (user: admin)","meta":{"rootId":"fc3wzeaoohtw0o5","id":"fc3wzeaoohtw0o5"},"id":"zx3owoknwsha5o4","previousOperationId":"wo6ty54vdt5oc5q"}
{"type":"log","timestamp":1731249976963,"level":"info","message":"Rendering template { name: new-excl-template, recipe: html-to-xlsx, engine: handlebars, preview: true }","meta":{"rootId":"fc3wzeaoohtw0o5","id":"fc3wzeaoohtw0o5"},"id":"z7ge2vzns5839d2","previousOperationId":"wo6ty54vdt5oc5q"}
{"type":"log","timestamp":1731249976963,"level":"debug","message":"Inline data specified.","meta":{"rootId":"fc3wzeaoohtw0o5","id":"fc3wzeaoohtw0o5"},"id":"7sma3v8b0802h91","previousOperationId":"wo6ty54vdt5oc5q"}
{"type":"log","timestamp":1731249976965,"level":"debug","message":"Base url not specified, skipping its injection.","meta":{"rootId":"fc3wzeaoohtw0o5","id":"fc3wzeaoohtw0o5"},"id":"p80jmfxkpb1muin","previousOperationId":"wo6ty54vdt5oc5q"}
{"type":"log","timestamp":1731249976967,"level":"debug","message":"Replaced assets [\"KhmerOSSiemreapRegular.ttf\"]","meta":{"rootId":"fc3wzeaoohtw0o5","id":"fc3wzeaoohtw0o5"},"id":"khupxrihz5b27sr","previousOperationId":"wo6ty54vdt5oc5q"}
{"type":"operationStart","subtype":"engine","name":"handlebars","timestamp":1731249976967,"id":"dmk1ln4qls37i9r","previousEventId":"dm5nvo01m5auo1u","operationId":"9m669mcpq2v5tkx","previousOperationId":"wo6ty54vdt5oc5q"}
{"type":"log","timestamp":1731249976967,"level":"debug","message":"Rendering engine handlebars","meta":{"rootId":"fc3wzeaoohtw0o5","id":"fc3wzeaoohtw0o5"},"id":"afeppvpp3t0rjnz","previousOperationId":"9m669mcpq2v5tkx"}
{"type":"operationEnd","operationId":"9m669mcpq2v5tkx","timestamp":1731249976979,"id":"3s7y4aehn9o0zcv","previousEventId":"dmk1ln4qls37i9r","previousOperationId":"9m669mcpq2v5tkx"}
{"type":"operationStart","subtype":"recipe","name":"html-to-xlsx","timestamp":1731249976981,"id":"cvbcjgtsnooeuo6","previousEventId":"3s7y4aehn9o0zcv","operationId":"hpcg15564nwifqb","previousOperationId":"9m669mcpq2v5tkx"}
{"type":"log","timestamp":1731249976981,"level":"debug","message":"Executing recipe html-to-xlsx","meta":{"rootId":"fc3wzeaoohtw0o5","id":"fc3wzeaoohtw0o5"},"id":"mkypw5ymclpzplc","previousOperationId":"hpcg15564nwifqb"}
{"type":"log","timestamp":1731249976981,"level":"info","message":"html-to-xlsx generation is starting","meta":{"rootId":"fc3wzeaoohtw0o5","id":"fc3wzeaoohtw0o5"},"id":"h3oo409zob0bqgy","previousOperationId":"hpcg15564nwifqb"}
{"type":"log","timestamp":1731249977706,"level":"info","message":"html-to-xlsx generation was finished","meta":{"rootId":"fc3wzeaoohtw0o5","id":"fc3wzeaoohtw0o5"},"id":"z78bhi96jhkgwhj","previousOperationId":"hpcg15564nwifqb"}
{"type":"log","timestamp":1731249977706,"level":"debug","message":"preparing office preview","meta":{"rootId":"fc3wzeaoohtw0o5","id":"fc3wzeaoohtw0o5"},"id":"9wcses6mo4a5otf","previousOperationId":"hpcg15564nwifqb"}
{"type":"operationEnd","operationId":"hpcg15564nwifqb","timestamp":1731249978163,"id":"lg098vyolxvv1xg","previousEventId":"cvbcjgtsnooeuo6","previousOperationId":"hpcg15564nwifqb"}
{"type":"log","timestamp":1731249978163,"level":"debug","message":"Skipping storing report.","meta":{"rootId":"fc3wzeaoohtw0o5","id":"fc3wzeaoohtw0o5"},"id":"pfguism188v5hb0","previousOperationId":"hpcg15564nwifqb"}
{"type":"log","timestamp":1731249978163,"level":"info","message":"Rendering request 167 finished in 1210 ms","meta":{"rootId":"fc3wzeaoohtw0o5","id":"fc3wzeaoohtw0o5"},"id":"bsrphczu4rj3lqp","previousOperationId":"hpcg15564nwifqb"}
{"type":"operationEnd","subtype":"render","operationId":"wo6ty54vdt5oc5q","timestamp":1731249978163,"id":"3e8mbht9yqzpmvu","previousEventId":"lg098vyolxvv1xg","previousOperationId":"hpcg15564nwifqb"}
{"type":"operationEnd","doDiffs":false,"previousEventId":"wfvfdxjy29gtqct","previousOperationId":"g6b6ob5trudxllh","operationId":"g6b6ob5trudxllh","timestamp":1731249978165,"id":"6foohqnxiz8n2fb"}
