{"type":"operationStart","subtype":"profile","data":{"_id":"KdBojjobFLzkZtBP","timestamp":"2024-11-10T08:56:49.593Z","state":"queued","mode":"standard","creationDate":"2024-11-10T08:56:49.595Z","modificationDate":"2024-11-10T08:56:49.595Z","shortid":"ul0yEDg","inheritedReadPermissions":[],"inheritedEditPermissions":[],"$entitySet":"profiles"},"doDiffs":false,"timestamp":1731229009595,"id":"qx68yp22juvkqdr","previousOperationId":null,"operationId":"635tastky6pdc67"}
{"type":"log","level":"info","message":"Render request 167 queued for execution and waiting for available worker","previousOperationId":"635tastky6pdc67","timestamp":1731229009595,"id":"2a6zkpxqlh3q7vx"}
{"type":"operationStart","subtype":"render","name":"new-excl-template","previousOperationId":"635tastky6pdc67","timestamp":1731229009605,"id":"vwj0enyxn0a9cst","previousEventId":"qx68yp22juvkqdr","operationId":"gxaoz6cubnvllrn"}
{"type":"log","timestamp":1731229009605,"level":"info","message":"Starting rendering request 167 (user: admin)","meta":{"rootId":"fhzg6b0p5q44c1p","id":"fhzg6b0p5q44c1p"},"id":"zc0zp6bmplmbt39","previousOperationId":"gxaoz6cubnvllrn"}
{"type":"log","timestamp":1731229009605,"level":"info","message":"Rendering template { name: new-excl-template, recipe: html-to-xlsx, engine: handlebars, preview: true }","meta":{"rootId":"fhzg6b0p5q44c1p","id":"fhzg6b0p5q44c1p"},"id":"g7cigponpvbpm5k","previousOperationId":"gxaoz6cubnvllrn"}
{"type":"log","timestamp":1731229009606,"level":"debug","message":"Adding sample data pVkbCM7am","meta":{"rootId":"fhzg6b0p5q44c1p","id":"fhzg6b0p5q44c1p"},"id":"ry0i7r9xc7u956t","previousOperationId":"gxaoz6cubnvllrn"}
{"type":"log","timestamp":1731229009608,"level":"debug","message":"Base url not specified, skipping its injection.","meta":{"rootId":"fhzg6b0p5q44c1p","id":"fhzg6b0p5q44c1p"},"id":"8apv3q02f3098iu","previousOperationId":"gxaoz6cubnvllrn"}
{"type":"log","timestamp":1731229009611,"level":"debug","message":"Replaced assets [\"KhmerOSSiemreapRegular.ttf\"]","meta":{"rootId":"fhzg6b0p5q44c1p","id":"fhzg6b0p5q44c1p"},"id":"8o04py93jcgjikd","previousOperationId":"gxaoz6cubnvllrn"}
{"type":"operationStart","subtype":"engine","name":"handlebars","timestamp":1731229009611,"id":"pk439qj5v3copnw","previousEventId":"vwj0enyxn0a9cst","operationId":"mod4pmfjpf2aajj","previousOperationId":"gxaoz6cubnvllrn"}
{"type":"log","timestamp":1731229009611,"level":"debug","message":"Rendering engine handlebars","meta":{"rootId":"fhzg6b0p5q44c1p","id":"fhzg6b0p5q44c1p"},"id":"tyy40i4bgm64oea","previousOperationId":"mod4pmfjpf2aajj"}
{"type":"operationEnd","operationId":"mod4pmfjpf2aajj","timestamp":1731229009629,"id":"7os4t6coclxtm0a","previousEventId":"pk439qj5v3copnw","previousOperationId":"mod4pmfjpf2aajj"}
{"type":"operationStart","subtype":"recipe","name":"html-to-xlsx","timestamp":1731229009633,"id":"njfvffgjkaf3d31","previousEventId":"7os4t6coclxtm0a","operationId":"gqlmh8s761wl4bb","previousOperationId":"mod4pmfjpf2aajj"}
{"type":"log","timestamp":1731229009633,"level":"debug","message":"Executing recipe html-to-xlsx","meta":{"rootId":"fhzg6b0p5q44c1p","id":"fhzg6b0p5q44c1p"},"id":"t6s1cjnq2o5t949","previousOperationId":"gqlmh8s761wl4bb"}
{"type":"log","timestamp":1731229009633,"level":"info","message":"html-to-xlsx generation is starting","meta":{"rootId":"fhzg6b0p5q44c1p","id":"fhzg6b0p5q44c1p"},"id":"bitbp7auzvb5f1i","previousOperationId":"gqlmh8s761wl4bb"}
{"type":"log","timestamp":1731229010486,"level":"info","message":"html-to-xlsx generation was finished","meta":{"rootId":"fhzg6b0p5q44c1p","id":"fhzg6b0p5q44c1p"},"id":"fl8mhaxvn4yn9x4","previousOperationId":"gqlmh8s761wl4bb"}
{"type":"log","timestamp":1731229010486,"level":"debug","message":"preparing office preview","meta":{"rootId":"fhzg6b0p5q44c1p","id":"fhzg6b0p5q44c1p"},"id":"k1f048p22t5xvyv","previousOperationId":"gqlmh8s761wl4bb"}
{"type":"operationEnd","operationId":"gqlmh8s761wl4bb","timestamp":1731229010981,"id":"8afn9svqr24xdl6","previousEventId":"njfvffgjkaf3d31","previousOperationId":"gqlmh8s761wl4bb"}
{"type":"log","timestamp":1731229010981,"level":"debug","message":"Skipping storing report.","meta":{"rootId":"fhzg6b0p5q44c1p","id":"fhzg6b0p5q44c1p"},"id":"6dbytylzflrrvx3","previousOperationId":"gqlmh8s761wl4bb"}
{"type":"log","timestamp":1731229010981,"level":"info","message":"Rendering request 167 finished in 1388 ms","meta":{"rootId":"fhzg6b0p5q44c1p","id":"fhzg6b0p5q44c1p"},"id":"bcfuk9y173l9nui","previousOperationId":"gqlmh8s761wl4bb"}
{"type":"operationEnd","subtype":"render","operationId":"gxaoz6cubnvllrn","timestamp":1731229010981,"id":"e8g3yh5tcce9bzz","previousEventId":"8afn9svqr24xdl6","previousOperationId":"gqlmh8s761wl4bb"}
{"type":"operationEnd","doDiffs":false,"previousEventId":"qx68yp22juvkqdr","previousOperationId":"635tastky6pdc67","operationId":"635tastky6pdc67","timestamp":1731229010983,"id":"tm7ez0hgdzj45mz"}
