{"type":"operationStart","subtype":"profile","data":{"_id":"DI8dF2UmC5Sbexe0","timestamp":"2024-11-10T14:20:26.017Z","state":"queued","mode":"standard","creationDate":"2024-11-10T14:20:26.019Z","modificationDate":"2024-11-10T14:20:26.019Z","shortid":"PTaAPg7","inheritedReadPermissions":[],"inheritedEditPermissions":[],"$entitySet":"profiles"},"doDiffs":false,"timestamp":1731248426018,"id":"a7as0t9ce00xxl6","previousOperationId":null,"operationId":"ge1u13n9l5k7hk2"}
{"type":"log","level":"info","message":"Render request 136 queued for execution and waiting for available worker","previousOperationId":"ge1u13n9l5k7hk2","timestamp":1731248426018,"id":"dwfed3jpyrb6l1b"}
{"type":"operationStart","subtype":"render","name":"new-excl-template","previousOperationId":"ge1u13n9l5k7hk2","timestamp":1731248426025,"id":"yq65tnw75mxyiqc","previousEventId":"a7as0t9ce00xxl6","operationId":"zhjbn5j1k53217z"}
{"type":"log","timestamp":1731248426025,"level":"info","message":"Starting rendering request 136 (user: admin)","meta":{"rootId":"fppvaqquxwsx0ac","id":"fppvaqquxwsx0ac"},"id":"6tt82vmlsevq1ph","previousOperationId":"zhjbn5j1k53217z"}
{"type":"log","timestamp":1731248426025,"level":"info","message":"Rendering template { name: new-excl-template, recipe: html-to-xlsx, engine: handlebars, preview: true }","meta":{"rootId":"fppvaqquxwsx0ac","id":"fppvaqquxwsx0ac"},"id":"cfonmsqueu5xuvl","previousOperationId":"zhjbn5j1k53217z"}
{"type":"log","timestamp":1731248426026,"level":"debug","message":"Inline data specified.","meta":{"rootId":"fppvaqquxwsx0ac","id":"fppvaqquxwsx0ac"},"id":"7hp73rr4xmrrqja","previousOperationId":"zhjbn5j1k53217z"}
{"type":"log","timestamp":1731248426028,"level":"debug","message":"Base url not specified, skipping its injection.","meta":{"rootId":"fppvaqquxwsx0ac","id":"fppvaqquxwsx0ac"},"id":"i7p6zlf8fbcozhf","previousOperationId":"zhjbn5j1k53217z"}
{"type":"log","timestamp":1731248426030,"level":"debug","message":"Replaced assets [\"KhmerOSSiemreapRegular.ttf\"]","meta":{"rootId":"fppvaqquxwsx0ac","id":"fppvaqquxwsx0ac"},"id":"15z6xboeyzgsggl","previousOperationId":"zhjbn5j1k53217z"}
{"type":"operationStart","subtype":"engine","name":"handlebars","timestamp":1731248426030,"id":"t5lurlpobzjdpun","previousEventId":"yq65tnw75mxyiqc","operationId":"9cwdvl0oduh46fv","previousOperationId":"zhjbn5j1k53217z"}
{"type":"log","timestamp":1731248426030,"level":"debug","message":"Rendering engine handlebars","meta":{"rootId":"fppvaqquxwsx0ac","id":"fppvaqquxwsx0ac"},"id":"cesnkk0pai9znm9","previousOperationId":"9cwdvl0oduh46fv"}
{"type":"operationEnd","operationId":"9cwdvl0oduh46fv","timestamp":1731248426044,"id":"c63ybouey59jmbr","previousEventId":"t5lurlpobzjdpun","previousOperationId":"9cwdvl0oduh46fv"}
{"type":"operationStart","subtype":"recipe","name":"html-to-xlsx","timestamp":1731248426046,"id":"gloo3t73tcc3o4n","previousEventId":"c63ybouey59jmbr","operationId":"wi2dtsj9gsnq5lu","previousOperationId":"9cwdvl0oduh46fv"}
{"type":"log","timestamp":1731248426046,"level":"debug","message":"Executing recipe html-to-xlsx","meta":{"rootId":"fppvaqquxwsx0ac","id":"fppvaqquxwsx0ac"},"id":"iv4vek6g90ed1ug","previousOperationId":"wi2dtsj9gsnq5lu"}
{"type":"log","timestamp":1731248426046,"level":"info","message":"html-to-xlsx generation is starting","meta":{"rootId":"fppvaqquxwsx0ac","id":"fppvaqquxwsx0ac"},"id":"dwrcg738erjv6dq","previousOperationId":"wi2dtsj9gsnq5lu"}
{"type":"log","timestamp":1731248426817,"level":"info","message":"html-to-xlsx generation was finished","meta":{"rootId":"fppvaqquxwsx0ac","id":"fppvaqquxwsx0ac"},"id":"m6y65xcsym19cf7","previousOperationId":"wi2dtsj9gsnq5lu"}
{"type":"log","timestamp":1731248426817,"level":"debug","message":"preparing office preview","meta":{"rootId":"fppvaqquxwsx0ac","id":"fppvaqquxwsx0ac"},"id":"oqa4t1nm5zgwbdy","previousOperationId":"wi2dtsj9gsnq5lu"}
{"type":"operationEnd","operationId":"wi2dtsj9gsnq5lu","timestamp":1731248427270,"id":"38fmaggti40g8gw","previousEventId":"gloo3t73tcc3o4n","previousOperationId":"wi2dtsj9gsnq5lu"}
{"type":"log","timestamp":1731248427270,"level":"debug","message":"Skipping storing report.","meta":{"rootId":"fppvaqquxwsx0ac","id":"fppvaqquxwsx0ac"},"id":"67ethks31kx9afi","previousOperationId":"wi2dtsj9gsnq5lu"}
{"type":"log","timestamp":1731248427270,"level":"info","message":"Rendering request 136 finished in 1253 ms","meta":{"rootId":"fppvaqquxwsx0ac","id":"fppvaqquxwsx0ac"},"id":"74f4u4ag4opivpv","previousOperationId":"wi2dtsj9gsnq5lu"}
{"type":"operationEnd","subtype":"render","operationId":"zhjbn5j1k53217z","timestamp":1731248427270,"id":"azygw2q3a45pwx0","previousEventId":"38fmaggti40g8gw","previousOperationId":"wi2dtsj9gsnq5lu"}
{"type":"operationEnd","doDiffs":false,"previousEventId":"a7as0t9ce00xxl6","previousOperationId":"ge1u13n9l5k7hk2","operationId":"ge1u13n9l5k7hk2","timestamp":1731248427272,"id":"w4ly4s9rhwk7w4i"}
