{"type":"operationStart","subtype":"profile","data":{"_id":"9SFCmqc8tlA7WjWM","timestamp":"2024-11-10T13:12:56.192Z","state":"queued","mode":"standard","creationDate":"2024-11-10T13:12:56.193Z","modificationDate":"2024-11-10T13:12:56.193Z","shortid":"FH2yV2e","inheritedReadPermissions":[],"inheritedEditPermissions":[],"$entitySet":"profiles"},"doDiffs":false,"timestamp":1731244376192,"id":"0hncioa75477fdh","previousOperationId":null,"operationId":"tfdxn9gib73hdzl"}
{"type":"log","level":"info","message":"Render request 23 queued for execution and waiting for available worker","previousOperationId":"tfdxn9gib73hdzl","timestamp":1731244376193,"id":"dyag8cldiid6bu6"}
{"type":"operationStart","subtype":"render","name":"new-excl-template","previousOperationId":"tfdxn9gib73hdzl","timestamp":1731244376200,"id":"rhlarhxcttrwemj","previousEventId":"0hncioa75477fdh","operationId":"gbkldp00fl2p9dx"}
{"type":"log","timestamp":1731244376200,"level":"info","message":"Starting rendering request 23 (user: admin)","meta":{"rootId":"fq4i6odce2p2koi","id":"fq4i6odce2p2koi"},"id":"zjgu0dotjytfhn9","previousOperationId":"gbkldp00fl2p9dx"}
{"type":"log","timestamp":1731244376200,"level":"info","message":"Rendering template { name: new-excl-template, recipe: html-to-xlsx, engine: handlebars, preview: true }","meta":{"rootId":"fq4i6odce2p2koi","id":"fq4i6odce2p2koi"},"id":"hm98trup346x6b0","previousOperationId":"gbkldp00fl2p9dx"}
{"type":"log","timestamp":1731244376201,"level":"debug","message":"Inline data specified.","meta":{"rootId":"fq4i6odce2p2koi","id":"fq4i6odce2p2koi"},"id":"vf9jfysl52a3w3l","previousOperationId":"gbkldp00fl2p9dx"}
{"type":"log","timestamp":1731244376202,"level":"debug","message":"Base url not specified, skipping its injection.","meta":{"rootId":"fq4i6odce2p2koi","id":"fq4i6odce2p2koi"},"id":"sri1lpitsj7jjs9","previousOperationId":"gbkldp00fl2p9dx"}
{"type":"log","timestamp":1731244376204,"level":"debug","message":"Replaced assets [\"KhmerOSSiemreapRegular.ttf\"]","meta":{"rootId":"fq4i6odce2p2koi","id":"fq4i6odce2p2koi"},"id":"xus8xwrm738uig4","previousOperationId":"gbkldp00fl2p9dx"}
{"type":"operationStart","subtype":"engine","name":"handlebars","timestamp":1731244376204,"id":"3ipf8cqe21hvpyz","previousEventId":"rhlarhxcttrwemj","operationId":"0hrk3178964niyu","previousOperationId":"gbkldp00fl2p9dx"}
{"type":"log","timestamp":1731244376204,"level":"debug","message":"Rendering engine handlebars","meta":{"rootId":"fq4i6odce2p2koi","id":"fq4i6odce2p2koi"},"id":"rx9slrbm5r3xity","previousOperationId":"0hrk3178964niyu"}
{"type":"operationEnd","operationId":"0hrk3178964niyu","timestamp":1731244376214,"id":"6g89zp3hixh6xlj","previousEventId":"3ipf8cqe21hvpyz","previousOperationId":"0hrk3178964niyu"}
{"type":"operationStart","subtype":"recipe","name":"html-to-xlsx","timestamp":1731244376215,"id":"ls5lekgeeyf0poh","previousEventId":"6g89zp3hixh6xlj","operationId":"nizxh61wnjlwt0u","previousOperationId":"0hrk3178964niyu"}
{"type":"log","timestamp":1731244376215,"level":"debug","message":"Executing recipe html-to-xlsx","meta":{"rootId":"fq4i6odce2p2koi","id":"fq4i6odce2p2koi"},"id":"zuon3f39sdtxr8u","previousOperationId":"nizxh61wnjlwt0u"}
{"type":"log","timestamp":1731244376215,"level":"info","message":"html-to-xlsx generation is starting","meta":{"rootId":"fq4i6odce2p2koi","id":"fq4i6odce2p2koi"},"id":"0o0eiww98actyh5","previousOperationId":"nizxh61wnjlwt0u"}
{"type":"log","timestamp":1731244376788,"level":"info","message":"html-to-xlsx generation was finished","meta":{"rootId":"fq4i6odce2p2koi","id":"fq4i6odce2p2koi"},"id":"fxrfzzlmodl5adg","previousOperationId":"nizxh61wnjlwt0u"}
{"type":"log","timestamp":1731244376788,"level":"debug","message":"preparing office preview","meta":{"rootId":"fq4i6odce2p2koi","id":"fq4i6odce2p2koi"},"id":"4t38qq7dlhqsox9","previousOperationId":"nizxh61wnjlwt0u"}
{"type":"operationEnd","operationId":"nizxh61wnjlwt0u","timestamp":1731244377290,"id":"6lm6hmez9kpkosc","previousEventId":"ls5lekgeeyf0poh","previousOperationId":"nizxh61wnjlwt0u"}
{"type":"log","timestamp":1731244377290,"level":"debug","message":"Skipping storing report.","meta":{"rootId":"fq4i6odce2p2koi","id":"fq4i6odce2p2koi"},"id":"chm6lf4k13xusk8","previousOperationId":"nizxh61wnjlwt0u"}
{"type":"log","timestamp":1731244377290,"level":"info","message":"Rendering request 23 finished in 1098 ms","meta":{"rootId":"fq4i6odce2p2koi","id":"fq4i6odce2p2koi"},"id":"d95yq1v1xkb1rcg","previousOperationId":"nizxh61wnjlwt0u"}
{"type":"operationEnd","subtype":"render","operationId":"gbkldp00fl2p9dx","timestamp":1731244377290,"id":"040mvu5qh1sxsct","previousEventId":"6lm6hmez9kpkosc","previousOperationId":"nizxh61wnjlwt0u"}
{"type":"operationEnd","doDiffs":false,"previousEventId":"0hncioa75477fdh","previousOperationId":"tfdxn9gib73hdzl","operationId":"tfdxn9gib73hdzl","timestamp":1731244377293,"id":"l9ze9g3wm1vzdd3"}
