{"type":"operationStart","subtype":"profile","data":{"_id":"Uc2eQ4Hw7JFjITDk","timestamp":"2024-11-10T13:19:54.153Z","state":"queued","mode":"standard","creationDate":"2024-11-10T13:19:54.156Z","modificationDate":"2024-11-10T13:19:54.156Z","shortid":"q8I8Krs","inheritedReadPermissions":[],"inheritedEditPermissions":[],"$entitySet":"profiles"},"doDiffs":false,"timestamp":1731244794155,"id":"h1lgc7xis88wquh","previousOperationId":null,"operationId":"rz9a5ctbyixaxlq"}
{"type":"log","level":"info","message":"Render request 43 queued for execution and waiting for available worker","previousOperationId":"rz9a5ctbyixaxlq","timestamp":1731244794155,"id":"0858hrul40rf9so"}
{"type":"operationStart","subtype":"render","name":"new-excl-template","previousOperationId":"rz9a5ctbyixaxlq","timestamp":1731244794166,"id":"jj78j0qh9a63c9v","previousEventId":"h1lgc7xis88wquh","operationId":"f1mq6plyhno085q"}
{"type":"log","timestamp":1731244794166,"level":"info","message":"Starting rendering request 43 (user: admin)","meta":{"rootId":"fs5mkqg6nvvunrp","id":"fs5mkqg6nvvunrp"},"id":"jhmg1nerbbezzel","previousOperationId":"f1mq6plyhno085q"}
{"type":"log","timestamp":1731244794166,"level":"info","message":"Rendering template { name: new-excl-template, recipe: html-to-xlsx, engine: handlebars, preview: true }","meta":{"rootId":"fs5mkqg6nvvunrp","id":"fs5mkqg6nvvunrp"},"id":"zwyqom92l9k1l0i","previousOperationId":"f1mq6plyhno085q"}
{"type":"log","timestamp":1731244794166,"level":"debug","message":"Inline data specified.","meta":{"rootId":"fs5mkqg6nvvunrp","id":"fs5mkqg6nvvunrp"},"id":"flf12pkl5cfmkev","previousOperationId":"f1mq6plyhno085q"}
{"type":"log","timestamp":1731244794168,"level":"debug","message":"Base url not specified, skipping its injection.","meta":{"rootId":"fs5mkqg6nvvunrp","id":"fs5mkqg6nvvunrp"},"id":"spgftnzm5sgr8l8","previousOperationId":"f1mq6plyhno085q"}
{"type":"log","timestamp":1731244794169,"level":"debug","message":"Replaced assets [\"KhmerOSSiemreapRegular.ttf\"]","meta":{"rootId":"fs5mkqg6nvvunrp","id":"fs5mkqg6nvvunrp"},"id":"gff0qkbjqaiqg0l","previousOperationId":"f1mq6plyhno085q"}
{"type":"operationStart","subtype":"engine","name":"handlebars","timestamp":1731244794169,"id":"l4xrs8u4gaqcjin","previousEventId":"jj78j0qh9a63c9v","operationId":"x84chxav553jz94","previousOperationId":"f1mq6plyhno085q"}
{"type":"log","timestamp":1731244794169,"level":"debug","message":"Rendering engine handlebars","meta":{"rootId":"fs5mkqg6nvvunrp","id":"fs5mkqg6nvvunrp"},"id":"v4gn8b7uiv0vn2k","previousOperationId":"x84chxav553jz94"}
{"type":"operationEnd","operationId":"x84chxav553jz94","timestamp":1731244794182,"id":"69x14vvkfryzr5r","previousEventId":"l4xrs8u4gaqcjin","previousOperationId":"x84chxav553jz94"}
{"type":"operationStart","subtype":"recipe","name":"html-to-xlsx","timestamp":1731244794183,"id":"ixtbzu59tx3o8sl","previousEventId":"69x14vvkfryzr5r","operationId":"05h02xqdrcwzjh6","previousOperationId":"x84chxav553jz94"}
{"type":"log","timestamp":1731244794183,"level":"debug","message":"Executing recipe html-to-xlsx","meta":{"rootId":"fs5mkqg6nvvunrp","id":"fs5mkqg6nvvunrp"},"id":"omaqerpjn58t6au","previousOperationId":"05h02xqdrcwzjh6"}
{"type":"log","timestamp":1731244794183,"level":"info","message":"html-to-xlsx generation is starting","meta":{"rootId":"fs5mkqg6nvvunrp","id":"fs5mkqg6nvvunrp"},"id":"rdhoopg0kls2kad","previousOperationId":"05h02xqdrcwzjh6"}
{"type":"log","timestamp":1731244794796,"level":"info","message":"html-to-xlsx generation was finished","meta":{"rootId":"fs5mkqg6nvvunrp","id":"fs5mkqg6nvvunrp"},"id":"u6keb3jqagr8yw1","previousOperationId":"05h02xqdrcwzjh6"}
{"type":"log","timestamp":1731244794796,"level":"debug","message":"preparing office preview","meta":{"rootId":"fs5mkqg6nvvunrp","id":"fs5mkqg6nvvunrp"},"id":"78gwz12p606b87j","previousOperationId":"05h02xqdrcwzjh6"}
{"type":"operationEnd","operationId":"05h02xqdrcwzjh6","timestamp":1731244795248,"id":"i25fp9hluakqvuy","previousEventId":"ixtbzu59tx3o8sl","previousOperationId":"05h02xqdrcwzjh6"}
{"type":"log","timestamp":1731244795248,"level":"debug","message":"Skipping storing report.","meta":{"rootId":"fs5mkqg6nvvunrp","id":"fs5mkqg6nvvunrp"},"id":"9u84mt5p1c822w4","previousOperationId":"05h02xqdrcwzjh6"}
{"type":"log","timestamp":1731244795248,"level":"info","message":"Rendering request 43 finished in 1095 ms","meta":{"rootId":"fs5mkqg6nvvunrp","id":"fs5mkqg6nvvunrp"},"id":"ud4qeuapxbd66zu","previousOperationId":"05h02xqdrcwzjh6"}
{"type":"operationEnd","subtype":"render","operationId":"f1mq6plyhno085q","timestamp":1731244795248,"id":"jasunahf06yyzhi","previousEventId":"i25fp9hluakqvuy","previousOperationId":"05h02xqdrcwzjh6"}
{"type":"operationEnd","doDiffs":false,"previousEventId":"h1lgc7xis88wquh","previousOperationId":"rz9a5ctbyixaxlq","operationId":"rz9a5ctbyixaxlq","timestamp":1731244795250,"id":"mk4mw615r2jazv5"}
