{"type":"operationStart","subtype":"profile","data":{"_id":"Hezt37X1kSTXk6eV","timestamp":"2024-11-10T13:21:28.434Z","state":"queued","mode":"standard","creationDate":"2024-11-10T13:21:28.435Z","modificationDate":"2024-11-10T13:21:28.435Z","shortid":"w5tRbxG","inheritedReadPermissions":[],"inheritedEditPermissions":[],"$entitySet":"profiles"},"doDiffs":false,"timestamp":1731244888434,"id":"8gjassu79lakn0p","previousOperationId":null,"operationId":"awkwff5yim60jks"}
{"type":"log","level":"info","message":"Render request 50 queued for execution and waiting for available worker","previousOperationId":"awkwff5yim60jks","timestamp":1731244888434,"id":"25sqlqx38o76hna"}
{"type":"operationStart","subtype":"render","name":"new-excl-template","previousOperationId":"awkwff5yim60jks","timestamp":1731244888441,"id":"g3z1u6zo9i3aam9","previousEventId":"8gjassu79lakn0p","operationId":"rwj4fhz2hxlvw13"}
{"type":"log","timestamp":1731244888441,"level":"info","message":"Starting rendering request 50 (user: admin)","meta":{"rootId":"fukzibhxzsiqf08","id":"fukzibhxzsiqf08"},"id":"izsc8w7kxvalgz4","previousOperationId":"rwj4fhz2hxlvw13"}
{"type":"log","timestamp":1731244888441,"level":"info","message":"Rendering template { name: new-excl-template, recipe: html-to-xlsx, engine: handlebars, preview: true }","meta":{"rootId":"fukzibhxzsiqf08","id":"fukzibhxzsiqf08"},"id":"du0wns84r7v1hoi","previousOperationId":"rwj4fhz2hxlvw13"}
{"type":"log","timestamp":1731244888442,"level":"debug","message":"Inline data specified.","meta":{"rootId":"fukzibhxzsiqf08","id":"fukzibhxzsiqf08"},"id":"8q67hinnmlhmp59","previousOperationId":"rwj4fhz2hxlvw13"}
{"type":"log","timestamp":1731244888444,"level":"debug","message":"Base url not specified, skipping its injection.","meta":{"rootId":"fukzibhxzsiqf08","id":"fukzibhxzsiqf08"},"id":"dq3bw9qyj2td88p","previousOperationId":"rwj4fhz2hxlvw13"}
{"type":"log","timestamp":1731244888445,"level":"debug","message":"Replaced assets [\"KhmerOSSiemreapRegular.ttf\"]","meta":{"rootId":"fukzibhxzsiqf08","id":"fukzibhxzsiqf08"},"id":"iko1o527ouvybph","previousOperationId":"rwj4fhz2hxlvw13"}
{"type":"operationStart","subtype":"engine","name":"handlebars","timestamp":1731244888446,"id":"12jin80uawoa9wf","previousEventId":"g3z1u6zo9i3aam9","operationId":"168dflkhbiu97dz","previousOperationId":"rwj4fhz2hxlvw13"}
{"type":"log","timestamp":1731244888446,"level":"debug","message":"Rendering engine handlebars","meta":{"rootId":"fukzibhxzsiqf08","id":"fukzibhxzsiqf08"},"id":"zq6zifcv6vno1tq","previousOperationId":"168dflkhbiu97dz"}
{"type":"operationEnd","operationId":"168dflkhbiu97dz","timestamp":1731244888456,"id":"915g2ej2o0u493c","previousEventId":"12jin80uawoa9wf","previousOperationId":"168dflkhbiu97dz"}
{"type":"operationStart","subtype":"recipe","name":"html-to-xlsx","timestamp":1731244888459,"id":"wrm2gqz1blr6cx8","previousEventId":"915g2ej2o0u493c","operationId":"cpf62crdsiohyd2","previousOperationId":"168dflkhbiu97dz"}
{"type":"log","timestamp":1731244888459,"level":"debug","message":"Executing recipe html-to-xlsx","meta":{"rootId":"fukzibhxzsiqf08","id":"fukzibhxzsiqf08"},"id":"tvizjgzwj52f9ik","previousOperationId":"cpf62crdsiohyd2"}
{"type":"log","timestamp":1731244888459,"level":"info","message":"html-to-xlsx generation is starting","meta":{"rootId":"fukzibhxzsiqf08","id":"fukzibhxzsiqf08"},"id":"uefq4860whw7kj6","previousOperationId":"cpf62crdsiohyd2"}
{"type":"log","timestamp":1731244889131,"level":"info","message":"html-to-xlsx generation was finished","meta":{"rootId":"fukzibhxzsiqf08","id":"fukzibhxzsiqf08"},"id":"8bg17b3yc1gilha","previousOperationId":"cpf62crdsiohyd2"}
{"type":"log","timestamp":1731244889131,"level":"debug","message":"preparing office preview","meta":{"rootId":"fukzibhxzsiqf08","id":"fukzibhxzsiqf08"},"id":"bmxpk3fgxgdoktf","previousOperationId":"cpf62crdsiohyd2"}
{"type":"operationEnd","operationId":"cpf62crdsiohyd2","timestamp":1731244889581,"id":"rt3lv58bcu36ixi","previousEventId":"wrm2gqz1blr6cx8","previousOperationId":"cpf62crdsiohyd2"}
{"type":"log","timestamp":1731244889581,"level":"debug","message":"Skipping storing report.","meta":{"rootId":"fukzibhxzsiqf08","id":"fukzibhxzsiqf08"},"id":"f2pat3b5od8iy5b","previousOperationId":"cpf62crdsiohyd2"}
{"type":"log","timestamp":1731244889581,"level":"info","message":"Rendering request 50 finished in 1147 ms","meta":{"rootId":"fukzibhxzsiqf08","id":"fukzibhxzsiqf08"},"id":"ixh2aqxz0bazxst","previousOperationId":"cpf62crdsiohyd2"}
{"type":"operationEnd","subtype":"render","operationId":"rwj4fhz2hxlvw13","timestamp":1731244889581,"id":"u2zqanvjy93x5k5","previousEventId":"rt3lv58bcu36ixi","previousOperationId":"cpf62crdsiohyd2"}
{"type":"operationEnd","doDiffs":false,"previousEventId":"8gjassu79lakn0p","previousOperationId":"awkwff5yim60jks","operationId":"awkwff5yim60jks","timestamp":1731244889583,"id":"gigt73ay399hnst"}
