{"type":"operationStart","subtype":"profile","data":{"_id":"a2aIMxHYrYqm3YOK","timestamp":"2024-11-10T09:19:08.075Z","state":"queued","mode":"standard","creationDate":"2024-11-10T09:19:08.077Z","modificationDate":"2024-11-10T09:19:08.077Z","shortid":"0vqFQcC","inheritedReadPermissions":[],"inheritedEditPermissions":[],"$entitySet":"profiles"},"doDiffs":false,"timestamp":1731230348076,"id":"edlu6xm39omw9hz","previousOperationId":null,"operationId":"m6mckvo90jc9hk6"}
{"type":"log","level":"info","message":"Render request 200 queued for execution and waiting for available worker","previousOperationId":"m6mckvo90jc9hk6","timestamp":1731230348076,"id":"ko5panh88vohfap"}
{"type":"operationStart","subtype":"render","name":"new-excl-template","previousOperationId":"m6mckvo90jc9hk6","timestamp":1731230348086,"id":"71n4t9y6a2n10he","previousEventId":"edlu6xm39omw9hz","operationId":"wmcfvstt37xy0ct"}
{"type":"log","timestamp":1731230348086,"level":"info","message":"Starting rendering request 200 (user: admin)","meta":{"rootId":"fzce446n8rp4j34","id":"fzce446n8rp4j34"},"id":"r23sljpa0lfjfyl","previousOperationId":"wmcfvstt37xy0ct"}
{"type":"log","timestamp":1731230348086,"level":"info","message":"Rendering template { name: new-excl-template, recipe: html-to-xlsx, engine: handlebars, preview: true }","meta":{"rootId":"fzce446n8rp4j34","id":"fzce446n8rp4j34"},"id":"m53y6susc2sqsi9","previousOperationId":"wmcfvstt37xy0ct"}
{"type":"log","timestamp":1731230348086,"level":"debug","message":"Inline data specified.","meta":{"rootId":"fzce446n8rp4j34","id":"fzce446n8rp4j34"},"id":"yiuvtc4im5ol9t9","previousOperationId":"wmcfvstt37xy0ct"}
{"type":"log","timestamp":1731230348088,"level":"debug","message":"Base url not specified, skipping its injection.","meta":{"rootId":"fzce446n8rp4j34","id":"fzce446n8rp4j34"},"id":"t54h1twi9gif4nl","previousOperationId":"wmcfvstt37xy0ct"}
{"type":"operationStart","subtype":"engine","name":"handlebars","timestamp":1731230348088,"id":"wrice51ihvbpjqb","previousEventId":"71n4t9y6a2n10he","operationId":"dlds0mt3iqly8pm","previousOperationId":"wmcfvstt37xy0ct"}
{"type":"log","timestamp":1731230348088,"level":"debug","message":"Rendering engine handlebars","meta":{"rootId":"fzce446n8rp4j34","id":"fzce446n8rp4j34"},"id":"aox87xcaf0kzd13","previousOperationId":"dlds0mt3iqly8pm"}
{"type":"operationEnd","operationId":"dlds0mt3iqly8pm","timestamp":1731230348098,"id":"a94dhk06mc060oz","previousEventId":"wrice51ihvbpjqb","previousOperationId":"dlds0mt3iqly8pm"}
{"type":"operationStart","subtype":"recipe","name":"html-to-xlsx","timestamp":1731230348101,"id":"68pum4q3urbvmi3","previousEventId":"a94dhk06mc060oz","operationId":"gws88mg7ot7pxew","previousOperationId":"dlds0mt3iqly8pm"}
{"type":"log","timestamp":1731230348101,"level":"debug","message":"Executing recipe html-to-xlsx","meta":{"rootId":"fzce446n8rp4j34","id":"fzce446n8rp4j34"},"id":"ras6v8ymh6uvj9y","previousOperationId":"gws88mg7ot7pxew"}
{"type":"log","timestamp":1731230348101,"level":"info","message":"html-to-xlsx generation is starting","meta":{"rootId":"fzce446n8rp4j34","id":"fzce446n8rp4j34"},"id":"hnfrdgriv3n36hq","previousOperationId":"gws88mg7ot7pxew"}
{"type":"log","timestamp":1731230349597,"level":"info","message":"html-to-xlsx generation was finished","meta":{"rootId":"fzce446n8rp4j34","id":"fzce446n8rp4j34"},"id":"kh768jyf83nxvgq","previousOperationId":"gws88mg7ot7pxew"}
{"type":"log","timestamp":1731230349597,"level":"debug","message":"preparing office preview","meta":{"rootId":"fzce446n8rp4j34","id":"fzce446n8rp4j34"},"id":"457vlwiso71yvq0","previousOperationId":"gws88mg7ot7pxew"}
{"type":"operationEnd","operationId":"gws88mg7ot7pxew","timestamp":1731230350262,"id":"mtpvzk8di9f0g7d","previousEventId":"68pum4q3urbvmi3","previousOperationId":"gws88mg7ot7pxew"}
{"type":"log","timestamp":1731230350262,"level":"debug","message":"Skipping storing report.","meta":{"rootId":"fzce446n8rp4j34","id":"fzce446n8rp4j34"},"id":"4h042o0bhkrzh9b","previousOperationId":"gws88mg7ot7pxew"}
{"type":"log","timestamp":1731230350262,"level":"info","message":"Rendering request 200 finished in 2187 ms","meta":{"rootId":"fzce446n8rp4j34","id":"fzce446n8rp4j34"},"id":"i1t8tr4owd2c138","previousOperationId":"gws88mg7ot7pxew"}
{"type":"operationEnd","subtype":"render","operationId":"wmcfvstt37xy0ct","timestamp":1731230350262,"id":"3zjsehkx4nhd08a","previousEventId":"mtpvzk8di9f0g7d","previousOperationId":"gws88mg7ot7pxew"}
{"type":"operationEnd","doDiffs":false,"previousEventId":"edlu6xm39omw9hz","previousOperationId":"m6mckvo90jc9hk6","operationId":"m6mckvo90jc9hk6","timestamp":1731230350264,"id":"qckyvswo8sej00i"}
