{"type":"operationStart","subtype":"profile","data":{"_id":"vq6Ro7eml6yJy712","timestamp":"2024-11-10T10:16:20.447Z","state":"queued","mode":"standard","creationDate":"2024-11-10T10:16:20.450Z","modificationDate":"2024-11-10T10:16:20.450Z","shortid":"8pgJmdl","inheritedReadPermissions":[],"inheritedEditPermissions":[],"$entitySet":"profiles"},"doDiffs":false,"timestamp":1731233780449,"id":"we1bude4c7axgkf","previousOperationId":null,"operationId":"f9rkdjewb21uwaf"}
{"type":"log","level":"info","message":"Render request 312 queued for execution and waiting for available worker","previousOperationId":"f9rkdjewb21uwaf","timestamp":1731233780449,"id":"mxiiu2g0suyeyx0"}
{"type":"operationStart","subtype":"render","name":"new-excl-template","previousOperationId":"f9rkdjewb21uwaf","timestamp":1731233780461,"id":"mex36yvng83qe5d","previousEventId":"we1bude4c7axgkf","operationId":"zrhxn5v9ejy8rlx"}
{"type":"log","timestamp":1731233780461,"level":"info","message":"Starting rendering request 312 (user: admin)","meta":{"rootId":"g0hj3242qqx8ym9","id":"g0hj3242qqx8ym9"},"id":"44kmug1hbjsy5ju","previousOperationId":"zrhxn5v9ejy8rlx"}
{"type":"log","timestamp":1731233780461,"level":"info","message":"Rendering template { name: new-excl-template, recipe: html-to-xlsx, engine: handlebars, preview: true }","meta":{"rootId":"g0hj3242qqx8ym9","id":"g0hj3242qqx8ym9"},"id":"1n2ltcxai5d9h88","previousOperationId":"zrhxn5v9ejy8rlx"}
{"type":"log","timestamp":1731233780463,"level":"debug","message":"Adding sample data pVkbCM7am","meta":{"rootId":"g0hj3242qqx8ym9","id":"g0hj3242qqx8ym9"},"id":"cfyksce4i57smhp","previousOperationId":"zrhxn5v9ejy8rlx"}
{"type":"log","timestamp":1731233780465,"level":"debug","message":"Base url not specified, skipping its injection.","meta":{"rootId":"g0hj3242qqx8ym9","id":"g0hj3242qqx8ym9"},"id":"nja90p92h96f8nk","previousOperationId":"zrhxn5v9ejy8rlx"}
{"type":"log","timestamp":1731233780467,"level":"debug","message":"Replaced assets [\"KhmerOSSiemreapRegular.ttf\"]","meta":{"rootId":"g0hj3242qqx8ym9","id":"g0hj3242qqx8ym9"},"id":"uzeqt3fww556or1","previousOperationId":"zrhxn5v9ejy8rlx"}
{"type":"operationStart","subtype":"engine","name":"handlebars","timestamp":1731233780468,"id":"aqo6b2ej9smbznr","previousEventId":"mex36yvng83qe5d","operationId":"lhg4cr8tkuqpdrh","previousOperationId":"zrhxn5v9ejy8rlx"}
{"type":"log","timestamp":1731233780468,"level":"debug","message":"Rendering engine handlebars","meta":{"rootId":"g0hj3242qqx8ym9","id":"g0hj3242qqx8ym9"},"id":"hves0vs2y3ikjw8","previousOperationId":"lhg4cr8tkuqpdrh"}
{"type":"operationEnd","operationId":"lhg4cr8tkuqpdrh","timestamp":1731233780488,"id":"zwtyxnwzw2avpnw","previousEventId":"aqo6b2ej9smbznr","previousOperationId":"lhg4cr8tkuqpdrh"}
{"type":"operationStart","subtype":"recipe","name":"html-to-xlsx","timestamp":1731233780490,"id":"lcy2cvr6dmltv1l","previousEventId":"zwtyxnwzw2avpnw","operationId":"nqniymhk887zq34","previousOperationId":"lhg4cr8tkuqpdrh"}
{"type":"log","timestamp":1731233780490,"level":"debug","message":"Executing recipe html-to-xlsx","meta":{"rootId":"g0hj3242qqx8ym9","id":"g0hj3242qqx8ym9"},"id":"7yjqisbj0egdqid","previousOperationId":"nqniymhk887zq34"}
{"type":"log","timestamp":1731233780490,"level":"info","message":"html-to-xlsx generation is starting","meta":{"rootId":"g0hj3242qqx8ym9","id":"g0hj3242qqx8ym9"},"id":"lbip0w4lzjul7ch","previousOperationId":"nqniymhk887zq34"}
{"type":"log","timestamp":1731233781038,"level":"info","message":"html-to-xlsx generation was finished","meta":{"rootId":"g0hj3242qqx8ym9","id":"g0hj3242qqx8ym9"},"id":"hxo2ed2bac5nixn","previousOperationId":"nqniymhk887zq34"}
{"type":"log","timestamp":1731233781038,"level":"debug","message":"preparing office preview","meta":{"rootId":"g0hj3242qqx8ym9","id":"g0hj3242qqx8ym9"},"id":"fumjosdqyl5467g","previousOperationId":"nqniymhk887zq34"}
{"type":"operationEnd","operationId":"nqniymhk887zq34","timestamp":1731233781481,"id":"6y3mp7a0ew07kpi","previousEventId":"lcy2cvr6dmltv1l","previousOperationId":"nqniymhk887zq34"}
{"type":"log","timestamp":1731233781481,"level":"debug","message":"Skipping storing report.","meta":{"rootId":"g0hj3242qqx8ym9","id":"g0hj3242qqx8ym9"},"id":"lktdvd30pawrezz","previousOperationId":"nqniymhk887zq34"}
{"type":"log","timestamp":1731233781481,"level":"info","message":"Rendering request 312 finished in 1034 ms","meta":{"rootId":"g0hj3242qqx8ym9","id":"g0hj3242qqx8ym9"},"id":"wgxyr8m0x92md5x","previousOperationId":"nqniymhk887zq34"}
{"type":"operationEnd","subtype":"render","operationId":"zrhxn5v9ejy8rlx","timestamp":1731233781481,"id":"eqxe42mhrgjlwmm","previousEventId":"6y3mp7a0ew07kpi","previousOperationId":"nqniymhk887zq34"}
{"type":"operationEnd","doDiffs":false,"previousEventId":"we1bude4c7axgkf","previousOperationId":"f9rkdjewb21uwaf","operationId":"f9rkdjewb21uwaf","timestamp":1731233781483,"id":"nlpgw7tj2v4tpol"}
