{"type":"operationStart","subtype":"profile","data":{"_id":"bITnEKAK6KGZUI2y","timestamp":"2024-11-10T10:13:28.463Z","state":"queued","mode":"standard","creationDate":"2024-11-10T10:13:28.465Z","modificationDate":"2024-11-10T10:13:28.465Z","shortid":"_o1xHYo","inheritedReadPermissions":[],"inheritedEditPermissions":[],"$entitySet":"profiles"},"doDiffs":false,"timestamp":1731233608464,"id":"di0qgwququsb0kb","previousOperationId":null,"operationId":"fas56idj8fvatpt"}
{"type":"log","level":"info","message":"Render request 305 queued for execution and waiting for available worker","previousOperationId":"fas56idj8fvatpt","timestamp":1731233608465,"id":"0faei9rvpv7hzjt"}
{"type":"operationStart","subtype":"render","name":"new-excl-template","previousOperationId":"fas56idj8fvatpt","timestamp":1731233608473,"id":"trw8io9p2oo3zey","previousEventId":"di0qgwququsb0kb","operationId":"n31db8h4d8amph8"}
{"type":"log","timestamp":1731233608473,"level":"info","message":"Starting rendering request 305 (user: admin)","meta":{"rootId":"g583qashpzmwexi","id":"g583qashpzmwexi"},"id":"stz2g88g9kbdwfj","previousOperationId":"n31db8h4d8amph8"}
{"type":"log","timestamp":1731233608473,"level":"info","message":"Rendering template { name: new-excl-template, recipe: html-to-xlsx, engine: handlebars, preview: true }","meta":{"rootId":"g583qashpzmwexi","id":"g583qashpzmwexi"},"id":"c3fi9n6t5eyhi0h","previousOperationId":"n31db8h4d8amph8"}
{"type":"log","timestamp":1731233608474,"level":"debug","message":"Adding sample data pVkbCM7am","meta":{"rootId":"g583qashpzmwexi","id":"g583qashpzmwexi"},"id":"vjv2k1cpccejgfk","previousOperationId":"n31db8h4d8amph8"}
{"type":"log","timestamp":1731233608475,"level":"debug","message":"Base url not specified, skipping its injection.","meta":{"rootId":"g583qashpzmwexi","id":"g583qashpzmwexi"},"id":"nsftj431dofnt3e","previousOperationId":"n31db8h4d8amph8"}
{"type":"log","timestamp":1731233608477,"level":"debug","message":"Replaced assets [\"KhmerOSSiemreapRegular.ttf\"]","meta":{"rootId":"g583qashpzmwexi","id":"g583qashpzmwexi"},"id":"z2vgw5qhhbquj42","previousOperationId":"n31db8h4d8amph8"}
{"type":"operationStart","subtype":"engine","name":"handlebars","timestamp":1731233608477,"id":"m2jnb63fvgrlzd1","previousEventId":"trw8io9p2oo3zey","operationId":"os8jac3sshdadrz","previousOperationId":"n31db8h4d8amph8"}
{"type":"log","timestamp":1731233608477,"level":"debug","message":"Rendering engine handlebars","meta":{"rootId":"g583qashpzmwexi","id":"g583qashpzmwexi"},"id":"gnna0n4rayabn5r","previousOperationId":"os8jac3sshdadrz"}
{"type":"operationEnd","operationId":"os8jac3sshdadrz","timestamp":1731233608491,"id":"2mdu68t5rtuozdb","previousEventId":"m2jnb63fvgrlzd1","previousOperationId":"os8jac3sshdadrz"}
{"type":"operationStart","subtype":"recipe","name":"html-to-xlsx","timestamp":1731233608493,"id":"q0zuowgg05wt77f","previousEventId":"2mdu68t5rtuozdb","operationId":"nz2v4snzg3r3cvp","previousOperationId":"os8jac3sshdadrz"}
{"type":"log","timestamp":1731233608493,"level":"debug","message":"Executing recipe html-to-xlsx","meta":{"rootId":"g583qashpzmwexi","id":"g583qashpzmwexi"},"id":"yp1hd7ygz2arnhz","previousOperationId":"nz2v4snzg3r3cvp"}
{"type":"log","timestamp":1731233608494,"level":"info","message":"html-to-xlsx generation is starting","meta":{"rootId":"g583qashpzmwexi","id":"g583qashpzmwexi"},"id":"dyvsrw8e5rnojb4","previousOperationId":"nz2v4snzg3r3cvp"}
{"type":"log","timestamp":1731233609048,"level":"info","message":"html-to-xlsx generation was finished","meta":{"rootId":"g583qashpzmwexi","id":"g583qashpzmwexi"},"id":"9fq11txmxo45bjq","previousOperationId":"nz2v4snzg3r3cvp"}
{"type":"log","timestamp":1731233609048,"level":"debug","message":"preparing office preview","meta":{"rootId":"g583qashpzmwexi","id":"g583qashpzmwexi"},"id":"gcswy96w0hmeu43","previousOperationId":"nz2v4snzg3r3cvp"}
{"type":"operationEnd","operationId":"nz2v4snzg3r3cvp","timestamp":1731233609493,"id":"p5nov8akjpeqtqy","previousEventId":"q0zuowgg05wt77f","previousOperationId":"nz2v4snzg3r3cvp"}
{"type":"log","timestamp":1731233609493,"level":"debug","message":"Skipping storing report.","meta":{"rootId":"g583qashpzmwexi","id":"g583qashpzmwexi"},"id":"pbhjq85kliw1y23","previousOperationId":"nz2v4snzg3r3cvp"}
{"type":"log","timestamp":1731233609493,"level":"info","message":"Rendering request 305 finished in 1030 ms","meta":{"rootId":"g583qashpzmwexi","id":"g583qashpzmwexi"},"id":"a32uyzohjmiiggc","previousOperationId":"nz2v4snzg3r3cvp"}
{"type":"operationEnd","subtype":"render","operationId":"n31db8h4d8amph8","timestamp":1731233609493,"id":"f656ir2im0kt4bp","previousEventId":"p5nov8akjpeqtqy","previousOperationId":"nz2v4snzg3r3cvp"}
{"type":"operationEnd","doDiffs":false,"previousEventId":"di0qgwququsb0kb","previousOperationId":"fas56idj8fvatpt","operationId":"fas56idj8fvatpt","timestamp":1731233609495,"id":"34yezdqbqanrgu6"}
