{"type":"operationStart","subtype":"profile","data":{"_id":"bMwdTF0Xqj8MC5Km","timestamp":"2024-11-10T10:14:10.550Z","state":"queued","mode":"standard","creationDate":"2024-11-10T10:14:10.552Z","modificationDate":"2024-11-10T10:14:10.552Z","shortid":"hyhcwiT","inheritedReadPermissions":[],"inheritedEditPermissions":[],"$entitySet":"profiles"},"doDiffs":false,"timestamp":1731233650551,"id":"jkvchc24kpghuvk","previousOperationId":null,"operationId":"u0kdyqlihvgv8q3"}
{"type":"log","level":"info","message":"Render request 306 queued for execution and waiting for available worker","previousOperationId":"u0kdyqlihvgv8q3","timestamp":1731233650551,"id":"31v7xkuj37jo653"}
{"type":"operationStart","subtype":"render","name":"new-excl-template","previousOperationId":"u0kdyqlihvgv8q3","timestamp":1731233650564,"id":"umg26egk1q5oliv","previousEventId":"jkvchc24kpghuvk","operationId":"nou2czq59p5o200"}
{"type":"log","timestamp":1731233650564,"level":"info","message":"Starting rendering request 306 (user: admin)","meta":{"rootId":"g8ybueip5u7vbi4","id":"g8ybueip5u7vbi4"},"id":"sdjawf6eqica7o1","previousOperationId":"nou2czq59p5o200"}
{"type":"log","timestamp":1731233650564,"level":"info","message":"Rendering template { name: new-excl-template, recipe: html-to-xlsx, engine: handlebars, preview: true }","meta":{"rootId":"g8ybueip5u7vbi4","id":"g8ybueip5u7vbi4"},"id":"hnhhoj33avukjwo","previousOperationId":"nou2czq59p5o200"}
{"type":"log","timestamp":1731233650565,"level":"debug","message":"Adding sample data pVkbCM7am","meta":{"rootId":"g8ybueip5u7vbi4","id":"g8ybueip5u7vbi4"},"id":"mqxol0z807205ik","previousOperationId":"nou2czq59p5o200"}
{"type":"log","timestamp":1731233650566,"level":"debug","message":"Base url not specified, skipping its injection.","meta":{"rootId":"g8ybueip5u7vbi4","id":"g8ybueip5u7vbi4"},"id":"9kdrt11au9mbha1","previousOperationId":"nou2czq59p5o200"}
{"type":"log","timestamp":1731233650569,"level":"debug","message":"Replaced assets [\"KhmerOSSiemreapRegular.ttf\"]","meta":{"rootId":"g8ybueip5u7vbi4","id":"g8ybueip5u7vbi4"},"id":"k9lo200u0gr1l9w","previousOperationId":"nou2czq59p5o200"}
{"type":"operationStart","subtype":"engine","name":"handlebars","timestamp":1731233650569,"id":"zlgeof8ut5osj7s","previousEventId":"umg26egk1q5oliv","operationId":"15lej49hwnelgus","previousOperationId":"nou2czq59p5o200"}
{"type":"log","timestamp":1731233650570,"level":"debug","message":"Rendering engine handlebars","meta":{"rootId":"g8ybueip5u7vbi4","id":"g8ybueip5u7vbi4"},"id":"w2udnkfvnvmb7ph","previousOperationId":"15lej49hwnelgus"}
{"type":"operationEnd","operationId":"15lej49hwnelgus","timestamp":1731233650586,"id":"gp9i2kananmgv87","previousEventId":"zlgeof8ut5osj7s","previousOperationId":"15lej49hwnelgus"}
{"type":"operationStart","subtype":"recipe","name":"html-to-xlsx","timestamp":1731233650589,"id":"y2sbys21n32alvc","previousEventId":"gp9i2kananmgv87","operationId":"ztfs82oqo7nc0d7","previousOperationId":"15lej49hwnelgus"}
{"type":"log","timestamp":1731233650589,"level":"debug","message":"Executing recipe html-to-xlsx","meta":{"rootId":"g8ybueip5u7vbi4","id":"g8ybueip5u7vbi4"},"id":"vnjozwg38u4zro5","previousOperationId":"ztfs82oqo7nc0d7"}
{"type":"log","timestamp":1731233650590,"level":"info","message":"html-to-xlsx generation is starting","meta":{"rootId":"g8ybueip5u7vbi4","id":"g8ybueip5u7vbi4"},"id":"vnftug0ytm4vg9t","previousOperationId":"ztfs82oqo7nc0d7"}
{"type":"log","timestamp":1731233651264,"level":"info","message":"html-to-xlsx generation was finished","meta":{"rootId":"g8ybueip5u7vbi4","id":"g8ybueip5u7vbi4"},"id":"6e7lwivlha9y3i5","previousOperationId":"ztfs82oqo7nc0d7"}
{"type":"log","timestamp":1731233651264,"level":"debug","message":"preparing office preview","meta":{"rootId":"g8ybueip5u7vbi4","id":"g8ybueip5u7vbi4"},"id":"qaxtt26l15zfl7r","previousOperationId":"ztfs82oqo7nc0d7"}
{"type":"operationEnd","operationId":"ztfs82oqo7nc0d7","timestamp":1731233651708,"id":"19p6ayidj38kq0w","previousEventId":"y2sbys21n32alvc","previousOperationId":"ztfs82oqo7nc0d7"}
{"type":"log","timestamp":1731233651708,"level":"debug","message":"Skipping storing report.","meta":{"rootId":"g8ybueip5u7vbi4","id":"g8ybueip5u7vbi4"},"id":"o106qjsqe4jzmkf","previousOperationId":"ztfs82oqo7nc0d7"}
{"type":"log","timestamp":1731233651708,"level":"info","message":"Rendering request 306 finished in 1158 ms","meta":{"rootId":"g8ybueip5u7vbi4","id":"g8ybueip5u7vbi4"},"id":"y7ks2h43oecrh1l","previousOperationId":"ztfs82oqo7nc0d7"}
{"type":"operationEnd","subtype":"render","operationId":"nou2czq59p5o200","timestamp":1731233651708,"id":"35do6um9uommcj1","previousEventId":"19p6ayidj38kq0w","previousOperationId":"ztfs82oqo7nc0d7"}
{"type":"operationEnd","doDiffs":false,"previousEventId":"jkvchc24kpghuvk","previousOperationId":"u0kdyqlihvgv8q3","operationId":"u0kdyqlihvgv8q3","timestamp":1731233651711,"id":"duvx2awwfsy7ix4"}
