{"type":"operationStart","subtype":"profile","data":{"_id":"zgJYtKCD8Y2ydesk","timestamp":"2024-11-10T10:15:28.394Z","state":"queued","mode":"standard","creationDate":"2024-11-10T10:15:28.396Z","modificationDate":"2024-11-10T10:15:28.396Z","shortid":"p1ovuG1","inheritedReadPermissions":[],"inheritedEditPermissions":[],"$entitySet":"profiles"},"doDiffs":false,"timestamp":1731233728395,"id":"3py487ovpinbfj9","previousOperationId":null,"operationId":"v1b03w1bqtfxy2g"}
{"type":"log","level":"info","message":"Render request 309 queued for execution and waiting for available worker","previousOperationId":"v1b03w1bqtfxy2g","timestamp":1731233728395,"id":"nkx8qp75otan8dz"}
{"type":"operationStart","subtype":"render","name":"new-excl-template","previousOperationId":"v1b03w1bqtfxy2g","timestamp":1731233728404,"id":"i28kg2k3scknx53","previousEventId":"3py487ovpinbfj9","operationId":"2tvifkmrmty1i1d"}
{"type":"log","timestamp":1731233728404,"level":"info","message":"Starting rendering request 309 (user: admin)","meta":{"rootId":"gcvbxgfvas0ggn4","id":"gcvbxgfvas0ggn4"},"id":"1uxkxcvr4ptgt2t","previousOperationId":"2tvifkmrmty1i1d"}
{"type":"log","timestamp":1731233728404,"level":"info","message":"Rendering template { name: new-excl-template, recipe: html-to-xlsx, engine: handlebars, preview: true }","meta":{"rootId":"gcvbxgfvas0ggn4","id":"gcvbxgfvas0ggn4"},"id":"fjni1kson54ryic","previousOperationId":"2tvifkmrmty1i1d"}
{"type":"log","timestamp":1731233728406,"level":"debug","message":"Adding sample data pVkbCM7am","meta":{"rootId":"gcvbxgfvas0ggn4","id":"gcvbxgfvas0ggn4"},"id":"2civwc7vjvk0y4r","previousOperationId":"2tvifkmrmty1i1d"}
{"type":"log","timestamp":1731233728407,"level":"debug","message":"Base url not specified, skipping its injection.","meta":{"rootId":"gcvbxgfvas0ggn4","id":"gcvbxgfvas0ggn4"},"id":"fask6s3ie2la7rm","previousOperationId":"2tvifkmrmty1i1d"}
{"type":"log","timestamp":1731233728409,"level":"debug","message":"Replaced assets [\"KhmerOSSiemreapRegular.ttf\"]","meta":{"rootId":"gcvbxgfvas0ggn4","id":"gcvbxgfvas0ggn4"},"id":"6hdy81idppxw1dn","previousOperationId":"2tvifkmrmty1i1d"}
{"type":"operationStart","subtype":"engine","name":"handlebars","timestamp":1731233728409,"id":"j5hstd8uqqiz8an","previousEventId":"i28kg2k3scknx53","operationId":"6cyrid3cbron43w","previousOperationId":"2tvifkmrmty1i1d"}
{"type":"log","timestamp":1731233728409,"level":"debug","message":"Rendering engine handlebars","meta":{"rootId":"gcvbxgfvas0ggn4","id":"gcvbxgfvas0ggn4"},"id":"q1eatxv0d3of9zx","previousOperationId":"6cyrid3cbron43w"}
{"type":"operationEnd","operationId":"6cyrid3cbron43w","timestamp":1731233728426,"id":"8syrdwq0nra9ej7","previousEventId":"j5hstd8uqqiz8an","previousOperationId":"6cyrid3cbron43w"}
{"type":"operationStart","subtype":"recipe","name":"html-to-xlsx","timestamp":1731233728428,"id":"vv6sd0k3pk8ui4a","previousEventId":"8syrdwq0nra9ej7","operationId":"d5z5na0e15plg3v","previousOperationId":"6cyrid3cbron43w"}
{"type":"log","timestamp":1731233728428,"level":"debug","message":"Executing recipe html-to-xlsx","meta":{"rootId":"gcvbxgfvas0ggn4","id":"gcvbxgfvas0ggn4"},"id":"jqeklqgtndygtn1","previousOperationId":"d5z5na0e15plg3v"}
{"type":"log","timestamp":1731233728428,"level":"info","message":"html-to-xlsx generation is starting","meta":{"rootId":"gcvbxgfvas0ggn4","id":"gcvbxgfvas0ggn4"},"id":"l8n1z6fah1vzb9p","previousOperationId":"d5z5na0e15plg3v"}
{"type":"log","timestamp":1731233729115,"level":"info","message":"html-to-xlsx generation was finished","meta":{"rootId":"gcvbxgfvas0ggn4","id":"gcvbxgfvas0ggn4"},"id":"m2mvtbym1hgsrft","previousOperationId":"d5z5na0e15plg3v"}
{"type":"log","timestamp":1731233729115,"level":"debug","message":"preparing office preview","meta":{"rootId":"gcvbxgfvas0ggn4","id":"gcvbxgfvas0ggn4"},"id":"482u968l023jnev","previousOperationId":"d5z5na0e15plg3v"}
{"type":"operationEnd","operationId":"d5z5na0e15plg3v","timestamp":1731233729610,"id":"n7bifsxxzqihhf6","previousEventId":"vv6sd0k3pk8ui4a","previousOperationId":"d5z5na0e15plg3v"}
{"type":"log","timestamp":1731233729610,"level":"debug","message":"Skipping storing report.","meta":{"rootId":"gcvbxgfvas0ggn4","id":"gcvbxgfvas0ggn4"},"id":"ik8n6h9ane50mz7","previousOperationId":"d5z5na0e15plg3v"}
{"type":"log","timestamp":1731233729610,"level":"info","message":"Rendering request 309 finished in 1216 ms","meta":{"rootId":"gcvbxgfvas0ggn4","id":"gcvbxgfvas0ggn4"},"id":"do1zeelhwmvi471","previousOperationId":"d5z5na0e15plg3v"}
{"type":"operationEnd","subtype":"render","operationId":"2tvifkmrmty1i1d","timestamp":1731233729610,"id":"5f89d3x1btdn2bw","previousEventId":"n7bifsxxzqihhf6","previousOperationId":"d5z5na0e15plg3v"}
{"type":"operationEnd","doDiffs":false,"previousEventId":"3py487ovpinbfj9","previousOperationId":"v1b03w1bqtfxy2g","operationId":"v1b03w1bqtfxy2g","timestamp":1731233729612,"id":"ky4efb5xgh8109u"}
