{"type":"operationStart","subtype":"profile","data":{"_id":"34Se8EZeaV7KiEu0","timestamp":"2024-11-10T10:07:24.864Z","state":"queued","mode":"standard","creationDate":"2024-11-10T10:07:24.865Z","modificationDate":"2024-11-10T10:07:24.865Z","shortid":"Yxh-sSr","inheritedReadPermissions":[],"inheritedEditPermissions":[],"$entitySet":"profiles"},"doDiffs":false,"timestamp":1731233244865,"id":"pmjikyf4rnm5xaf","previousOperationId":null,"operationId":"3l1fh92276ezzu4"}
{"type":"log","level":"info","message":"Render request 296 queued for execution and waiting for available worker","previousOperationId":"3l1fh92276ezzu4","timestamp":1731233244865,"id":"o2pphr2odhfbktd"}
{"type":"operationStart","subtype":"render","name":"new-excl-template","previousOperationId":"3l1fh92276ezzu4","timestamp":1731233244873,"id":"x8z6q77spqc7lm4","previousEventId":"pmjikyf4rnm5xaf","operationId":"mlesxi7bhyeaqtv"}
{"type":"log","timestamp":1731233244874,"level":"info","message":"Starting rendering request 296 (user: admin)","meta":{"rootId":"ghui62oq604ddlj","id":"ghui62oq604ddlj"},"id":"4h1jlkjh65tue64","previousOperationId":"mlesxi7bhyeaqtv"}
{"type":"log","timestamp":1731233244874,"level":"info","message":"Rendering template { name: new-excl-template, recipe: html-to-xlsx, engine: handlebars, preview: true }","meta":{"rootId":"ghui62oq604ddlj","id":"ghui62oq604ddlj"},"id":"h0xt2lm9wz3ci6t","previousOperationId":"mlesxi7bhyeaqtv"}
{"type":"log","timestamp":1731233244875,"level":"debug","message":"Adding sample data pVkbCM7am","meta":{"rootId":"ghui62oq604ddlj","id":"ghui62oq604ddlj"},"id":"8uewd5o1epeip3p","previousOperationId":"mlesxi7bhyeaqtv"}
{"type":"log","timestamp":1731233244876,"level":"debug","message":"Base url not specified, skipping its injection.","meta":{"rootId":"ghui62oq604ddlj","id":"ghui62oq604ddlj"},"id":"ujoqt44m9ya4foy","previousOperationId":"mlesxi7bhyeaqtv"}
{"type":"log","timestamp":1731233244878,"level":"debug","message":"Replaced assets [\"KhmerOSSiemreapRegular.ttf\"]","meta":{"rootId":"ghui62oq604ddlj","id":"ghui62oq604ddlj"},"id":"pe76hjwyfgdjqkk","previousOperationId":"mlesxi7bhyeaqtv"}
{"type":"operationStart","subtype":"engine","name":"handlebars","timestamp":1731233244878,"id":"qp1qxe20rhf25ec","previousEventId":"x8z6q77spqc7lm4","operationId":"inbuinhlt85kmve","previousOperationId":"mlesxi7bhyeaqtv"}
{"type":"log","timestamp":1731233244878,"level":"debug","message":"Rendering engine handlebars","meta":{"rootId":"ghui62oq604ddlj","id":"ghui62oq604ddlj"},"id":"pxauirdwm3dcj45","previousOperationId":"inbuinhlt85kmve"}
{"type":"operationEnd","operationId":"inbuinhlt85kmve","timestamp":1731233244893,"id":"1q04a2vxo626k3d","previousEventId":"qp1qxe20rhf25ec","previousOperationId":"inbuinhlt85kmve"}
{"type":"operationStart","subtype":"recipe","name":"html-to-xlsx","timestamp":1731233244895,"id":"xyds1fpf1eejsjy","previousEventId":"1q04a2vxo626k3d","operationId":"ilkcjsz6968hk6c","previousOperationId":"inbuinhlt85kmve"}
{"type":"log","timestamp":1731233244895,"level":"debug","message":"Executing recipe html-to-xlsx","meta":{"rootId":"ghui62oq604ddlj","id":"ghui62oq604ddlj"},"id":"26mhm9goj9b99hn","previousOperationId":"ilkcjsz6968hk6c"}
{"type":"log","timestamp":1731233244895,"level":"info","message":"html-to-xlsx generation is starting","meta":{"rootId":"ghui62oq604ddlj","id":"ghui62oq604ddlj"},"id":"mhcoxlsm7krq7t0","previousOperationId":"ilkcjsz6968hk6c"}
{"type":"log","timestamp":1731233245551,"level":"info","message":"html-to-xlsx generation was finished","meta":{"rootId":"ghui62oq604ddlj","id":"ghui62oq604ddlj"},"id":"aoc5qol8s6t7om8","previousOperationId":"ilkcjsz6968hk6c"}
{"type":"log","timestamp":1731233245551,"level":"debug","message":"preparing office preview","meta":{"rootId":"ghui62oq604ddlj","id":"ghui62oq604ddlj"},"id":"0gpx3zbz9ypn7ys","previousOperationId":"ilkcjsz6968hk6c"}
{"type":"operationEnd","operationId":"ilkcjsz6968hk6c","timestamp":1731233245994,"id":"f9h063kbbf1cop0","previousEventId":"xyds1fpf1eejsjy","previousOperationId":"ilkcjsz6968hk6c"}
{"type":"log","timestamp":1731233245994,"level":"debug","message":"Skipping storing report.","meta":{"rootId":"ghui62oq604ddlj","id":"ghui62oq604ddlj"},"id":"c56984smh55h4we","previousOperationId":"ilkcjsz6968hk6c"}
{"type":"log","timestamp":1731233245994,"level":"info","message":"Rendering request 296 finished in 1130 ms","meta":{"rootId":"ghui62oq604ddlj","id":"ghui62oq604ddlj"},"id":"73loqkb1n5ykahc","previousOperationId":"ilkcjsz6968hk6c"}
{"type":"operationEnd","subtype":"render","operationId":"mlesxi7bhyeaqtv","timestamp":1731233245994,"id":"nb1f2cwt06rrtmi","previousEventId":"f9h063kbbf1cop0","previousOperationId":"ilkcjsz6968hk6c"}
{"type":"operationEnd","doDiffs":false,"previousEventId":"pmjikyf4rnm5xaf","previousOperationId":"3l1fh92276ezzu4","operationId":"3l1fh92276ezzu4","timestamp":1731233245996,"id":"bgvysconpwr23bs"}
