{"type":"operationStart","subtype":"profile","data":{"_id":"87cwF2jLoXpGRUJ1","timestamp":"2024-11-10T10:05:54.952Z","state":"queued","mode":"standard","creationDate":"2024-11-10T10:05:54.954Z","modificationDate":"2024-11-10T10:05:54.954Z","shortid":"E0HrP7p","inheritedReadPermissions":[],"inheritedEditPermissions":[],"$entitySet":"profiles"},"doDiffs":false,"timestamp":1731233154953,"id":"e8m2szntou5fcez","previousOperationId":null,"operationId":"a6iasx4tmpivyxh"}
{"type":"log","level":"info","message":"Render request 294 queued for execution and waiting for available worker","previousOperationId":"a6iasx4tmpivyxh","timestamp":1731233154953,"id":"2aafo2w6q5z71cu"}
{"type":"operationStart","subtype":"render","name":"new-excl-template","previousOperationId":"a6iasx4tmpivyxh","timestamp":1731233154962,"id":"yqswf3x7b78u5po","previousEventId":"e8m2szntou5fcez","operationId":"nowxwy0rx34r2m6"}
{"type":"log","timestamp":1731233154962,"level":"info","message":"Starting rendering request 294 (user: admin)","meta":{"rootId":"gnklmuyl0ncwg7t","id":"gnklmuyl0ncwg7t"},"id":"qv7szv0r6xtotiy","previousOperationId":"nowxwy0rx34r2m6"}
{"type":"log","timestamp":1731233154962,"level":"info","message":"Rendering template { name: new-excl-template, recipe: html-to-xlsx, engine: handlebars, preview: true }","meta":{"rootId":"gnklmuyl0ncwg7t","id":"gnklmuyl0ncwg7t"},"id":"vyyml7b9ncq8eqd","previousOperationId":"nowxwy0rx34r2m6"}
{"type":"log","timestamp":1731233154963,"level":"debug","message":"Adding sample data pVkbCM7am","meta":{"rootId":"gnklmuyl0ncwg7t","id":"gnklmuyl0ncwg7t"},"id":"9cq0hrkp8qyimqn","previousOperationId":"nowxwy0rx34r2m6"}
{"type":"log","timestamp":1731233154965,"level":"debug","message":"Base url not specified, skipping its injection.","meta":{"rootId":"gnklmuyl0ncwg7t","id":"gnklmuyl0ncwg7t"},"id":"o5vo9fg7u90nntl","previousOperationId":"nowxwy0rx34r2m6"}
{"type":"log","timestamp":1731233154967,"level":"debug","message":"Replaced assets [\"KhmerOSSiemreapRegular.ttf\"]","meta":{"rootId":"gnklmuyl0ncwg7t","id":"gnklmuyl0ncwg7t"},"id":"9jbv8jimwisivwu","previousOperationId":"nowxwy0rx34r2m6"}
{"type":"operationStart","subtype":"engine","name":"handlebars","timestamp":1731233154967,"id":"412py1xcib782xc","previousEventId":"yqswf3x7b78u5po","operationId":"3zd5de55tshv4go","previousOperationId":"nowxwy0rx34r2m6"}
{"type":"log","timestamp":1731233154967,"level":"debug","message":"Rendering engine handlebars","meta":{"rootId":"gnklmuyl0ncwg7t","id":"gnklmuyl0ncwg7t"},"id":"6j16j4qozj5xh7a","previousOperationId":"3zd5de55tshv4go"}
{"type":"operationEnd","operationId":"3zd5de55tshv4go","timestamp":1731233154984,"id":"rev76wt5xkx5e5q","previousEventId":"412py1xcib782xc","previousOperationId":"3zd5de55tshv4go"}
{"type":"operationStart","subtype":"recipe","name":"html-to-xlsx","timestamp":1731233154987,"id":"q8p497zdrrfkn2u","previousEventId":"rev76wt5xkx5e5q","operationId":"jt9s5v1hrqg7wns","previousOperationId":"3zd5de55tshv4go"}
{"type":"log","timestamp":1731233154987,"level":"debug","message":"Executing recipe html-to-xlsx","meta":{"rootId":"gnklmuyl0ncwg7t","id":"gnklmuyl0ncwg7t"},"id":"j4pdsswxyk6ydi7","previousOperationId":"jt9s5v1hrqg7wns"}
{"type":"log","timestamp":1731233154987,"level":"info","message":"html-to-xlsx generation is starting","meta":{"rootId":"gnklmuyl0ncwg7t","id":"gnklmuyl0ncwg7t"},"id":"1i26l02fnbmky84","previousOperationId":"jt9s5v1hrqg7wns"}
{"type":"log","timestamp":1731233155486,"level":"info","message":"html-to-xlsx generation was finished","meta":{"rootId":"gnklmuyl0ncwg7t","id":"gnklmuyl0ncwg7t"},"id":"o5da47bjbalg0lz","previousOperationId":"jt9s5v1hrqg7wns"}
{"type":"log","timestamp":1731233155487,"level":"debug","message":"preparing office preview","meta":{"rootId":"gnklmuyl0ncwg7t","id":"gnklmuyl0ncwg7t"},"id":"ooa660pwnwsp8ri","previousOperationId":"jt9s5v1hrqg7wns"}
{"type":"operationEnd","operationId":"jt9s5v1hrqg7wns","timestamp":1731233155941,"id":"qfz7lr4fi3fvfbv","previousEventId":"q8p497zdrrfkn2u","previousOperationId":"jt9s5v1hrqg7wns"}
{"type":"log","timestamp":1731233155941,"level":"debug","message":"Skipping storing report.","meta":{"rootId":"gnklmuyl0ncwg7t","id":"gnklmuyl0ncwg7t"},"id":"j9w08re0jb01ytf","previousOperationId":"jt9s5v1hrqg7wns"}
{"type":"log","timestamp":1731233155941,"level":"info","message":"Rendering request 294 finished in 989 ms","meta":{"rootId":"gnklmuyl0ncwg7t","id":"gnklmuyl0ncwg7t"},"id":"xpdwn24n529afp0","previousOperationId":"jt9s5v1hrqg7wns"}
{"type":"operationEnd","subtype":"render","operationId":"nowxwy0rx34r2m6","timestamp":1731233155941,"id":"68op5p6vtheg1ba","previousEventId":"qfz7lr4fi3fvfbv","previousOperationId":"jt9s5v1hrqg7wns"}
{"type":"operationEnd","doDiffs":false,"previousEventId":"e8m2szntou5fcez","previousOperationId":"a6iasx4tmpivyxh","operationId":"a6iasx4tmpivyxh","timestamp":1731233155943,"id":"oqdds8u4p2808rl"}
