{"type":"operationStart","subtype":"profile","data":{"_id":"sPJc4gW0ryQxER5m","timestamp":"2024-11-10T08:37:06.771Z","state":"queued","mode":"standard","creationDate":"2024-11-10T08:37:06.773Z","modificationDate":"2024-11-10T08:37:06.773Z","shortid":"_W92uZ6","inheritedReadPermissions":[],"inheritedEditPermissions":[],"$entitySet":"profiles"},"doDiffs":false,"timestamp":1731227826772,"id":"gg3qhzf6m0toy03","previousOperationId":null,"operationId":"00tqcaxu3lxvno9"}
{"type":"log","level":"info","message":"Render request 138 queued for execution and waiting for available worker","previousOperationId":"00tqcaxu3lxvno9","timestamp":1731227826772,"id":"0bs4uj4lwpzmqvm"}
{"type":"operationStart","subtype":"render","name":"new-excl-template","previousOperationId":"00tqcaxu3lxvno9","timestamp":1731227826780,"id":"vjw1z24z51waltr","previousEventId":"gg3qhzf6m0toy03","operationId":"ggsum7gqjxtf524"}
{"type":"log","timestamp":1731227826780,"level":"info","message":"Starting rendering request 138 (user: admin)","meta":{"rootId":"grqwkd06m7pozio","id":"grqwkd06m7pozio"},"id":"2rmtgu1gdp44y9j","previousOperationId":"ggsum7gqjxtf524"}
{"type":"log","timestamp":1731227826780,"level":"info","message":"Rendering template { name: new-excl-template, recipe: html-to-xlsx, engine: handlebars, preview: true }","meta":{"rootId":"grqwkd06m7pozio","id":"grqwkd06m7pozio"},"id":"hkib9cemjpwl14t","previousOperationId":"ggsum7gqjxtf524"}
{"type":"log","timestamp":1731227826781,"level":"debug","message":"Inline data specified.","meta":{"rootId":"grqwkd06m7pozio","id":"grqwkd06m7pozio"},"id":"s5if9ckd2obo8vj","previousOperationId":"ggsum7gqjxtf524"}
{"type":"log","timestamp":1731227826782,"level":"debug","message":"Base url not specified, skipping its injection.","meta":{"rootId":"grqwkd06m7pozio","id":"grqwkd06m7pozio"},"id":"dr9h0ynpx4pyieg","previousOperationId":"ggsum7gqjxtf524"}
{"type":"log","timestamp":1731227826785,"level":"debug","message":"Replaced assets [\"/asset/font/KhmerOSSiemreapRegular.ttf\"]","meta":{"rootId":"grqwkd06m7pozio","id":"grqwkd06m7pozio"},"id":"sw8opdvtg89eqo3","previousOperationId":"ggsum7gqjxtf524"}
{"type":"operationStart","subtype":"engine","name":"handlebars","timestamp":1731227826785,"id":"8gcuaxa4sai5uw9","previousEventId":"vjw1z24z51waltr","operationId":"30cmeeltc019n09","previousOperationId":"ggsum7gqjxtf524"}
{"type":"log","timestamp":1731227826785,"level":"debug","message":"Rendering engine handlebars","meta":{"rootId":"grqwkd06m7pozio","id":"grqwkd06m7pozio"},"id":"dja5g2m935euc3w","previousOperationId":"30cmeeltc019n09"}
{"type":"operationEnd","operationId":"30cmeeltc019n09","timestamp":1731227826796,"id":"9y4yfjikxbmdlxb","previousEventId":"8gcuaxa4sai5uw9","previousOperationId":"30cmeeltc019n09"}
{"type":"operationStart","subtype":"recipe","name":"html-to-xlsx","timestamp":1731227826797,"id":"4skc8who0ajixoj","previousEventId":"9y4yfjikxbmdlxb","operationId":"qnjvtik2vt4dqpe","previousOperationId":"30cmeeltc019n09"}
{"type":"log","timestamp":1731227826797,"level":"debug","message":"Executing recipe html-to-xlsx","meta":{"rootId":"grqwkd06m7pozio","id":"grqwkd06m7pozio"},"id":"mlvise4jpwsizoz","previousOperationId":"qnjvtik2vt4dqpe"}
{"type":"log","timestamp":1731227826797,"level":"info","message":"html-to-xlsx generation is starting","meta":{"rootId":"grqwkd06m7pozio","id":"grqwkd06m7pozio"},"id":"eobtlpt2vdru8db","previousOperationId":"qnjvtik2vt4dqpe"}
{"type":"log","timestamp":1731227827618,"level":"info","message":"html-to-xlsx generation was finished","meta":{"rootId":"grqwkd06m7pozio","id":"grqwkd06m7pozio"},"id":"gpd9o8z516nsypw","previousOperationId":"qnjvtik2vt4dqpe"}
{"type":"log","timestamp":1731227827618,"level":"debug","message":"preparing office preview","meta":{"rootId":"grqwkd06m7pozio","id":"grqwkd06m7pozio"},"id":"q25cfxn4o94ucd5","previousOperationId":"qnjvtik2vt4dqpe"}
{"type":"operationEnd","operationId":"qnjvtik2vt4dqpe","timestamp":1731227828061,"id":"wj8z9bv0d4on9w2","previousEventId":"4skc8who0ajixoj","previousOperationId":"qnjvtik2vt4dqpe"}
{"type":"log","timestamp":1731227828061,"level":"debug","message":"Skipping storing report.","meta":{"rootId":"grqwkd06m7pozio","id":"grqwkd06m7pozio"},"id":"8brut40gxitshmh","previousOperationId":"qnjvtik2vt4dqpe"}
{"type":"log","timestamp":1731227828061,"level":"info","message":"Rendering request 138 finished in 1290 ms","meta":{"rootId":"grqwkd06m7pozio","id":"grqwkd06m7pozio"},"id":"5fxab1yxokcfwz1","previousOperationId":"qnjvtik2vt4dqpe"}
{"type":"operationEnd","subtype":"render","operationId":"ggsum7gqjxtf524","timestamp":1731227828061,"id":"49i5c8irrrwpgkn","previousEventId":"wj8z9bv0d4on9w2","previousOperationId":"qnjvtik2vt4dqpe"}
{"type":"operationEnd","doDiffs":false,"previousEventId":"gg3qhzf6m0toy03","previousOperationId":"00tqcaxu3lxvno9","operationId":"00tqcaxu3lxvno9","timestamp":1731227828063,"id":"4qq80bxo6liwo1n"}
