{"type":"operationStart","subtype":"profile","data":{"_id":"wctAFqwBSAfHloYY","timestamp":"2024-11-10T08:40:48.084Z","state":"queued","mode":"standard","creationDate":"2024-11-10T08:40:48.087Z","modificationDate":"2024-11-10T08:40:48.087Z","shortid":"1TmsXoQ","inheritedReadPermissions":[],"inheritedEditPermissions":[],"$entitySet":"profiles"},"doDiffs":false,"timestamp":1731228048086,"id":"m28lb83mt1f4qdv","previousOperationId":null,"operationId":"7t91618v7m02t3a"}
{"type":"log","level":"info","message":"Render request 145 queued for execution and waiting for available worker","previousOperationId":"7t91618v7m02t3a","timestamp":1731228048086,"id":"rdn0t2mim2zpehl"}
{"type":"operationStart","subtype":"render","name":"new-excl-template","previousOperationId":"7t91618v7m02t3a","timestamp":1731228048096,"id":"pr88any517rweya","previousEventId":"m28lb83mt1f4qdv","operationId":"4uat3ijb4oh3cql"}
{"type":"log","timestamp":1731228048096,"level":"info","message":"Starting rendering request 145 (user: admin)","meta":{"rootId":"h0im43fgp8jfqrw","id":"h0im43fgp8jfqrw"},"id":"qfbtkpb1cpas64b","previousOperationId":"4uat3ijb4oh3cql"}
{"type":"log","timestamp":1731228048096,"level":"info","message":"Rendering template { name: new-excl-template, recipe: html-to-xlsx, engine: handlebars, preview: true }","meta":{"rootId":"h0im43fgp8jfqrw","id":"h0im43fgp8jfqrw"},"id":"m0o6m6xe0f1jpn0","previousOperationId":"4uat3ijb4oh3cql"}
{"type":"log","timestamp":1731228048097,"level":"debug","message":"Inline data specified.","meta":{"rootId":"h0im43fgp8jfqrw","id":"h0im43fgp8jfqrw"},"id":"7ak56ziy6h45vg1","previousOperationId":"4uat3ijb4oh3cql"}
{"type":"log","timestamp":1731228048098,"level":"debug","message":"Base url not specified, skipping its injection.","meta":{"rootId":"h0im43fgp8jfqrw","id":"h0im43fgp8jfqrw"},"id":"p6aocnjg71atsja","previousOperationId":"4uat3ijb4oh3cql"}
{"type":"log","timestamp":1731228048100,"level":"debug","message":"Replaced assets [\"/asset/font/KhmerOSSiemreapRegular.ttf\"]","meta":{"rootId":"h0im43fgp8jfqrw","id":"h0im43fgp8jfqrw"},"id":"xzmqhs69cl3578r","previousOperationId":"4uat3ijb4oh3cql"}
{"type":"operationStart","subtype":"engine","name":"handlebars","timestamp":1731228048101,"id":"wt3xfjx0ruwnrp8","previousEventId":"pr88any517rweya","operationId":"123vsrdrt0gui30","previousOperationId":"4uat3ijb4oh3cql"}
{"type":"log","timestamp":1731228048101,"level":"debug","message":"Rendering engine handlebars","meta":{"rootId":"h0im43fgp8jfqrw","id":"h0im43fgp8jfqrw"},"id":"mnlvzhj9mxgnvam","previousOperationId":"123vsrdrt0gui30"}
{"type":"operationEnd","operationId":"123vsrdrt0gui30","timestamp":1731228048117,"id":"cw3n2bmw1o86ou1","previousEventId":"wt3xfjx0ruwnrp8","previousOperationId":"123vsrdrt0gui30"}
{"type":"operationStart","subtype":"recipe","name":"html-to-xlsx","timestamp":1731228048119,"id":"pf3oh5b0iarvkfd","previousEventId":"cw3n2bmw1o86ou1","operationId":"9dx4iur15vswjzm","previousOperationId":"123vsrdrt0gui30"}
{"type":"log","timestamp":1731228048119,"level":"debug","message":"Executing recipe html-to-xlsx","meta":{"rootId":"h0im43fgp8jfqrw","id":"h0im43fgp8jfqrw"},"id":"38u1m1nh7ylqb19","previousOperationId":"9dx4iur15vswjzm"}
{"type":"log","timestamp":1731228048119,"level":"info","message":"html-to-xlsx generation is starting","meta":{"rootId":"h0im43fgp8jfqrw","id":"h0im43fgp8jfqrw"},"id":"ena8l0qo6m5elnq","previousOperationId":"9dx4iur15vswjzm"}
{"type":"log","timestamp":1731228048894,"level":"info","message":"html-to-xlsx generation was finished","meta":{"rootId":"h0im43fgp8jfqrw","id":"h0im43fgp8jfqrw"},"id":"c1402mp89neslha","previousOperationId":"9dx4iur15vswjzm"}
{"type":"log","timestamp":1731228048894,"level":"debug","message":"preparing office preview","meta":{"rootId":"h0im43fgp8jfqrw","id":"h0im43fgp8jfqrw"},"id":"kqupfgkfyrx36y3","previousOperationId":"9dx4iur15vswjzm"}
{"type":"operationEnd","operationId":"9dx4iur15vswjzm","timestamp":1731228049338,"id":"1cwddccajf4x8qv","previousEventId":"pf3oh5b0iarvkfd","previousOperationId":"9dx4iur15vswjzm"}
{"type":"log","timestamp":1731228049338,"level":"debug","message":"Skipping storing report.","meta":{"rootId":"h0im43fgp8jfqrw","id":"h0im43fgp8jfqrw"},"id":"ykllxaeom9lw0yc","previousOperationId":"9dx4iur15vswjzm"}
{"type":"log","timestamp":1731228049338,"level":"info","message":"Rendering request 145 finished in 1254 ms","meta":{"rootId":"h0im43fgp8jfqrw","id":"h0im43fgp8jfqrw"},"id":"r61qyrztyg7jns8","previousOperationId":"9dx4iur15vswjzm"}
{"type":"operationEnd","subtype":"render","operationId":"4uat3ijb4oh3cql","timestamp":1731228049338,"id":"yks4z1b1ia93nwu","previousEventId":"1cwddccajf4x8qv","previousOperationId":"9dx4iur15vswjzm"}
{"type":"operationEnd","doDiffs":false,"previousEventId":"m28lb83mt1f4qdv","previousOperationId":"7t91618v7m02t3a","operationId":"7t91618v7m02t3a","timestamp":1731228049340,"id":"x19hw7io9aqo6iq"}
