{"type":"operationStart","subtype":"profile","data":{"_id":"4JgoIBSWkk17OAs6","timestamp":"2024-11-10T15:33:42.129Z","state":"queued","mode":"standard","creationDate":"2024-11-10T15:33:42.131Z","modificationDate":"2024-11-10T15:33:42.131Z","shortid":"sVlEyQh","inheritedReadPermissions":[],"inheritedEditPermissions":[],"$entitySet":"profiles"},"doDiffs":false,"timestamp":1731252822130,"id":"be11zr1y5d2fq05","previousOperationId":null,"operationId":"tpucwf85hx0itl7"}
{"type":"log","level":"info","message":"Render request 199 queued for execution and waiting for available worker","previousOperationId":"tpucwf85hx0itl7","timestamp":1731252822130,"id":"wawpjiwvzqjgwao"}
{"type":"operationStart","subtype":"render","name":"new-excl-template","previousOperationId":"tpucwf85hx0itl7","timestamp":1731252822138,"id":"t3jbk4kaqz1flo8","previousEventId":"be11zr1y5d2fq05","operationId":"wxws3giy5zxdhjo"}
{"type":"log","timestamp":1731252822138,"level":"info","message":"Starting rendering request 199 (user: admin)","meta":{"rootId":"h1y8ap00mt4c2nr","id":"h1y8ap00mt4c2nr"},"id":"4xzp7nu791d7cbi","previousOperationId":"wxws3giy5zxdhjo"}
{"type":"log","timestamp":1731252822138,"level":"info","message":"Rendering template { name: new-excl-template, recipe: html-to-xlsx, engine: handlebars, preview: true }","meta":{"rootId":"h1y8ap00mt4c2nr","id":"h1y8ap00mt4c2nr"},"id":"6budh0aetfnqywk","previousOperationId":"wxws3giy5zxdhjo"}
{"type":"log","timestamp":1731252822139,"level":"debug","message":"Inline data specified.","meta":{"rootId":"h1y8ap00mt4c2nr","id":"h1y8ap00mt4c2nr"},"id":"4oyanczhqp2goxs","previousOperationId":"wxws3giy5zxdhjo"}
{"type":"log","timestamp":1731252822140,"level":"debug","message":"Base url not specified, skipping its injection.","meta":{"rootId":"h1y8ap00mt4c2nr","id":"h1y8ap00mt4c2nr"},"id":"jiuqhd7eqqzuctd","previousOperationId":"wxws3giy5zxdhjo"}
{"type":"log","timestamp":1731252822142,"level":"debug","message":"Replaced assets [\"KhmerOSSiemreapRegular.ttf\"]","meta":{"rootId":"h1y8ap00mt4c2nr","id":"h1y8ap00mt4c2nr"},"id":"g39ut1cgj0mdqyg","previousOperationId":"wxws3giy5zxdhjo"}
{"type":"operationStart","subtype":"engine","name":"handlebars","timestamp":1731252822142,"id":"k2klgd63p69vw1l","previousEventId":"t3jbk4kaqz1flo8","operationId":"3609apbliimspdq","previousOperationId":"wxws3giy5zxdhjo"}
{"type":"log","timestamp":1731252822142,"level":"debug","message":"Rendering engine handlebars","meta":{"rootId":"h1y8ap00mt4c2nr","id":"h1y8ap00mt4c2nr"},"id":"le2ygw5ecvpf4pb","previousOperationId":"3609apbliimspdq"}
{"type":"operationEnd","operationId":"3609apbliimspdq","timestamp":1731252822155,"id":"7ijecqnaxcs8hlz","previousEventId":"k2klgd63p69vw1l","previousOperationId":"3609apbliimspdq"}
{"type":"operationStart","subtype":"recipe","name":"html-to-xlsx","timestamp":1731252822156,"id":"3php2eqhugo6kc7","previousEventId":"7ijecqnaxcs8hlz","operationId":"kzdzmkws2ovy0no","previousOperationId":"3609apbliimspdq"}
{"type":"log","timestamp":1731252822156,"level":"debug","message":"Executing recipe html-to-xlsx","meta":{"rootId":"h1y8ap00mt4c2nr","id":"h1y8ap00mt4c2nr"},"id":"jjvvvjmseaxkpe7","previousOperationId":"kzdzmkws2ovy0no"}
{"type":"log","timestamp":1731252822156,"level":"info","message":"html-to-xlsx generation is starting","meta":{"rootId":"h1y8ap00mt4c2nr","id":"h1y8ap00mt4c2nr"},"id":"auypvk60q0tz3v7","previousOperationId":"kzdzmkws2ovy0no"}
{"type":"log","timestamp":1731252822776,"level":"info","message":"html-to-xlsx generation was finished","meta":{"rootId":"h1y8ap00mt4c2nr","id":"h1y8ap00mt4c2nr"},"id":"hqn829m3v4j3fn1","previousOperationId":"kzdzmkws2ovy0no"}
{"type":"log","timestamp":1731252822776,"level":"debug","message":"preparing office preview","meta":{"rootId":"h1y8ap00mt4c2nr","id":"h1y8ap00mt4c2nr"},"id":"sa2x18903awbqly","previousOperationId":"kzdzmkws2ovy0no"}
{"type":"operationEnd","operationId":"kzdzmkws2ovy0no","timestamp":1731252823278,"id":"me788voyus8eazk","previousEventId":"3php2eqhugo6kc7","previousOperationId":"kzdzmkws2ovy0no"}
{"type":"log","timestamp":1731252823278,"level":"debug","message":"Skipping storing report.","meta":{"rootId":"h1y8ap00mt4c2nr","id":"h1y8ap00mt4c2nr"},"id":"fetvro08diepdsc","previousOperationId":"kzdzmkws2ovy0no"}
{"type":"log","timestamp":1731252823278,"level":"info","message":"Rendering request 199 finished in 1149 ms","meta":{"rootId":"h1y8ap00mt4c2nr","id":"h1y8ap00mt4c2nr"},"id":"6942w2fi712ckb4","previousOperationId":"kzdzmkws2ovy0no"}
{"type":"operationEnd","subtype":"render","operationId":"wxws3giy5zxdhjo","timestamp":1731252823278,"id":"pu8uu91ac1bjh46","previousEventId":"me788voyus8eazk","previousOperationId":"kzdzmkws2ovy0no"}
{"type":"operationEnd","doDiffs":false,"previousEventId":"be11zr1y5d2fq05","previousOperationId":"tpucwf85hx0itl7","operationId":"tpucwf85hx0itl7","timestamp":1731252823281,"id":"rbcjqfdy26lpyv8"}
