{"type":"operationStart","subtype":"profile","data":{"_id":"mlxAkGzb8JaqvWgo","timestamp":"2024-11-10T08:28:11.268Z","state":"queued","mode":"standard","creationDate":"2024-11-10T08:28:11.270Z","modificationDate":"2024-11-10T08:28:11.270Z","shortid":"h8JfRgO","inheritedReadPermissions":[],"inheritedEditPermissions":[],"$entitySet":"profiles"},"doDiffs":false,"timestamp":1731227291269,"id":"7zc2e6q14g89vc7","previousOperationId":null,"operationId":"kyvxhzahdnyzq2t"}
{"type":"log","level":"info","message":"Render request 117 queued for execution and waiting for available worker","previousOperationId":"kyvxhzahdnyzq2t","timestamp":1731227291269,"id":"0nfg23sbmoxkggn"}
{"type":"operationStart","subtype":"render","name":"new-excl-template","previousOperationId":"kyvxhzahdnyzq2t","timestamp":1731227291278,"id":"uohcyvnvhyv5wdi","previousEventId":"7zc2e6q14g89vc7","operationId":"g9hal2srbz9h1pp"}
{"type":"log","timestamp":1731227291278,"level":"info","message":"Starting rendering request 117 (user: admin)","meta":{"rootId":"h24dkvktfwqscgv","id":"h24dkvktfwqscgv"},"id":"sz0vxoa2qerjlop","previousOperationId":"g9hal2srbz9h1pp"}
{"type":"log","timestamp":1731227291278,"level":"info","message":"Rendering template { name: new-excl-template, recipe: html-to-xlsx, engine: handlebars, preview: true }","meta":{"rootId":"h24dkvktfwqscgv","id":"h24dkvktfwqscgv"},"id":"1i13no3rtiybgn7","previousOperationId":"g9hal2srbz9h1pp"}
{"type":"log","timestamp":1731227291280,"level":"debug","message":"Adding sample data pVkbCM7am","meta":{"rootId":"h24dkvktfwqscgv","id":"h24dkvktfwqscgv"},"id":"2gapjje563xalkk","previousOperationId":"g9hal2srbz9h1pp"}
{"type":"log","timestamp":1731227291281,"level":"debug","message":"Base url not specified, skipping its injection.","meta":{"rootId":"h24dkvktfwqscgv","id":"h24dkvktfwqscgv"},"id":"hekuzr3wyw5bxne","previousOperationId":"g9hal2srbz9h1pp"}
{"type":"log","timestamp":1731227291284,"level":"debug","message":"Replaced assets [\"KhmerOSSiemreapRegular.ttf\"]","meta":{"rootId":"h24dkvktfwqscgv","id":"h24dkvktfwqscgv"},"id":"zq92e2jffi9ao6r","previousOperationId":"g9hal2srbz9h1pp"}
{"type":"operationStart","subtype":"engine","name":"handlebars","timestamp":1731227291284,"id":"cqifxgl7hr3r5sr","previousEventId":"uohcyvnvhyv5wdi","operationId":"qhidglxjnmkhs0c","previousOperationId":"g9hal2srbz9h1pp"}
{"type":"log","timestamp":1731227291284,"level":"debug","message":"Rendering engine handlebars","meta":{"rootId":"h24dkvktfwqscgv","id":"h24dkvktfwqscgv"},"id":"7sh97cjxuqm1vkm","previousOperationId":"qhidglxjnmkhs0c"}
{"type":"operationEnd","operationId":"qhidglxjnmkhs0c","timestamp":1731227291299,"id":"w274p578g55trz7","previousEventId":"cqifxgl7hr3r5sr","previousOperationId":"qhidglxjnmkhs0c"}
{"type":"operationStart","subtype":"recipe","name":"html-to-xlsx","timestamp":1731227291301,"id":"s94mxh5iqhd52mk","previousEventId":"w274p578g55trz7","operationId":"bg8v8aem77d8cek","previousOperationId":"qhidglxjnmkhs0c"}
{"type":"log","timestamp":1731227291301,"level":"debug","message":"Executing recipe html-to-xlsx","meta":{"rootId":"h24dkvktfwqscgv","id":"h24dkvktfwqscgv"},"id":"j2ydmzjrct16qqb","previousOperationId":"bg8v8aem77d8cek"}
{"type":"log","timestamp":1731227291301,"level":"info","message":"html-to-xlsx generation is starting","meta":{"rootId":"h24dkvktfwqscgv","id":"h24dkvktfwqscgv"},"id":"nnelcpw2ciia5kl","previousOperationId":"bg8v8aem77d8cek"}
{"type":"log","timestamp":1731227292153,"level":"info","message":"html-to-xlsx generation was finished","meta":{"rootId":"h24dkvktfwqscgv","id":"h24dkvktfwqscgv"},"id":"oabyanq5djmawbp","previousOperationId":"bg8v8aem77d8cek"}
{"type":"log","timestamp":1731227292153,"level":"debug","message":"preparing office preview","meta":{"rootId":"h24dkvktfwqscgv","id":"h24dkvktfwqscgv"},"id":"038k274iwab5tpg","previousOperationId":"bg8v8aem77d8cek"}
{"type":"operationEnd","operationId":"bg8v8aem77d8cek","timestamp":1731227292646,"id":"vyeaybd642kgjwj","previousEventId":"s94mxh5iqhd52mk","previousOperationId":"bg8v8aem77d8cek"}
{"type":"log","timestamp":1731227292646,"level":"debug","message":"Skipping storing report.","meta":{"rootId":"h24dkvktfwqscgv","id":"h24dkvktfwqscgv"},"id":"e2p5fxv1hu1oqgs","previousOperationId":"bg8v8aem77d8cek"}
{"type":"log","timestamp":1731227292646,"level":"info","message":"Rendering request 117 finished in 1378 ms","meta":{"rootId":"h24dkvktfwqscgv","id":"h24dkvktfwqscgv"},"id":"zlm4tvvc3my4d2b","previousOperationId":"bg8v8aem77d8cek"}
{"type":"operationEnd","subtype":"render","operationId":"g9hal2srbz9h1pp","timestamp":1731227292646,"id":"uyq5tzxkvhfzg6o","previousEventId":"vyeaybd642kgjwj","previousOperationId":"bg8v8aem77d8cek"}
{"type":"operationEnd","doDiffs":false,"previousEventId":"7zc2e6q14g89vc7","previousOperationId":"kyvxhzahdnyzq2t","operationId":"kyvxhzahdnyzq2t","timestamp":1731227292648,"id":"g2ti4ph9inbb0b3"}
