{"type":"operationStart","subtype":"profile","data":{"_id":"drPgfpcVypRBqAAy","timestamp":"2024-11-10T14:43:35.651Z","state":"queued","mode":"standard","creationDate":"2024-11-10T14:43:35.654Z","modificationDate":"2024-11-10T14:43:35.654Z","shortid":"mWljv5K","inheritedReadPermissions":[],"inheritedEditPermissions":[],"$entitySet":"profiles"},"doDiffs":false,"timestamp":1731249815652,"id":"xg56uihzf8bpvvu","previousOperationId":null,"operationId":"x4cecfxzue8dsbe"}
{"type":"log","level":"info","message":"Render request 165 queued for execution and waiting for available worker","previousOperationId":"x4cecfxzue8dsbe","timestamp":1731249815653,"id":"njp7ckw3zavbek5"}
{"type":"operationStart","subtype":"render","name":"new-excl-template","previousOperationId":"x4cecfxzue8dsbe","timestamp":1731249815662,"id":"y3p38uf9iqfgmwv","previousEventId":"xg56uihzf8bpvvu","operationId":"0c9974e5y38wqv6"}
{"type":"log","timestamp":1731249815662,"level":"info","message":"Starting rendering request 165 (user: admin)","meta":{"rootId":"h4klnun7pi1v0qx","id":"h4klnun7pi1v0qx"},"id":"rdpv9qxjgbct7ym","previousOperationId":"0c9974e5y38wqv6"}
{"type":"log","timestamp":1731249815662,"level":"info","message":"Rendering template { name: new-excl-template, recipe: html-to-xlsx, engine: handlebars, preview: true }","meta":{"rootId":"h4klnun7pi1v0qx","id":"h4klnun7pi1v0qx"},"id":"11fer7yjcrp3cmg","previousOperationId":"0c9974e5y38wqv6"}
{"type":"log","timestamp":1731249815663,"level":"debug","message":"Inline data specified.","meta":{"rootId":"h4klnun7pi1v0qx","id":"h4klnun7pi1v0qx"},"id":"fl2792ge1i78ehr","previousOperationId":"0c9974e5y38wqv6"}
{"type":"log","timestamp":1731249815664,"level":"debug","message":"Base url not specified, skipping its injection.","meta":{"rootId":"h4klnun7pi1v0qx","id":"h4klnun7pi1v0qx"},"id":"ty89u91l22pwlru","previousOperationId":"0c9974e5y38wqv6"}
{"type":"log","timestamp":1731249815666,"level":"debug","message":"Replaced assets [\"KhmerOSSiemreapRegular.ttf\"]","meta":{"rootId":"h4klnun7pi1v0qx","id":"h4klnun7pi1v0qx"},"id":"bh5ndtolaulato9","previousOperationId":"0c9974e5y38wqv6"}
{"type":"operationStart","subtype":"engine","name":"handlebars","timestamp":1731249815666,"id":"udg02rewmo61rc0","previousEventId":"y3p38uf9iqfgmwv","operationId":"v5y1l71b2dxaugu","previousOperationId":"0c9974e5y38wqv6"}
{"type":"log","timestamp":1731249815666,"level":"debug","message":"Rendering engine handlebars","meta":{"rootId":"h4klnun7pi1v0qx","id":"h4klnun7pi1v0qx"},"id":"hgfk51bq6gct17y","previousOperationId":"v5y1l71b2dxaugu"}
{"type":"operationEnd","operationId":"v5y1l71b2dxaugu","timestamp":1731249815681,"id":"t878p6472bqalxt","previousEventId":"udg02rewmo61rc0","previousOperationId":"v5y1l71b2dxaugu"}
{"type":"operationStart","subtype":"recipe","name":"html-to-xlsx","timestamp":1731249815683,"id":"tez991ulcz462ip","previousEventId":"t878p6472bqalxt","operationId":"9i3qfjb5krv48bs","previousOperationId":"v5y1l71b2dxaugu"}
{"type":"log","timestamp":1731249815683,"level":"debug","message":"Executing recipe html-to-xlsx","meta":{"rootId":"h4klnun7pi1v0qx","id":"h4klnun7pi1v0qx"},"id":"9iaw6nm8kipsi8t","previousOperationId":"9i3qfjb5krv48bs"}
{"type":"log","timestamp":1731249815683,"level":"info","message":"html-to-xlsx generation is starting","meta":{"rootId":"h4klnun7pi1v0qx","id":"h4klnun7pi1v0qx"},"id":"80iade9yz0zoc72","previousOperationId":"9i3qfjb5krv48bs"}
{"type":"log","timestamp":1731249816445,"level":"info","message":"html-to-xlsx generation was finished","meta":{"rootId":"h4klnun7pi1v0qx","id":"h4klnun7pi1v0qx"},"id":"u7ez76gzgbhzknu","previousOperationId":"9i3qfjb5krv48bs"}
{"type":"log","timestamp":1731249816445,"level":"debug","message":"preparing office preview","meta":{"rootId":"h4klnun7pi1v0qx","id":"h4klnun7pi1v0qx"},"id":"wt0dlx375z3fwot","previousOperationId":"9i3qfjb5krv48bs"}
{"type":"operationEnd","operationId":"9i3qfjb5krv48bs","timestamp":1731249816894,"id":"lrtdm2s61rrvhhm","previousEventId":"tez991ulcz462ip","previousOperationId":"9i3qfjb5krv48bs"}
{"type":"log","timestamp":1731249816894,"level":"debug","message":"Skipping storing report.","meta":{"rootId":"h4klnun7pi1v0qx","id":"h4klnun7pi1v0qx"},"id":"7yaj6friqbenttw","previousOperationId":"9i3qfjb5krv48bs"}
{"type":"log","timestamp":1731249816894,"level":"info","message":"Rendering request 165 finished in 1243 ms","meta":{"rootId":"h4klnun7pi1v0qx","id":"h4klnun7pi1v0qx"},"id":"6cyfojqfupw5e3f","previousOperationId":"9i3qfjb5krv48bs"}
{"type":"operationEnd","subtype":"render","operationId":"0c9974e5y38wqv6","timestamp":1731249816894,"id":"zgrqzemhh8j0los","previousEventId":"lrtdm2s61rrvhhm","previousOperationId":"9i3qfjb5krv48bs"}
{"type":"operationEnd","doDiffs":false,"previousEventId":"xg56uihzf8bpvvu","previousOperationId":"x4cecfxzue8dsbe","operationId":"x4cecfxzue8dsbe","timestamp":1731249816897,"id":"f0kvuc9fera3fao"}
