{"type":"operationStart","subtype":"profile","data":{"_id":"bQG6bRSwaDXA9xZQ","timestamp":"2024-11-10T15:05:40.436Z","state":"queued","mode":"standard","creationDate":"2024-11-10T15:05:40.438Z","modificationDate":"2024-11-10T15:05:40.438Z","shortid":"99IfZBW","inheritedReadPermissions":[],"inheritedEditPermissions":[],"$entitySet":"profiles"},"doDiffs":false,"timestamp":1731251140437,"id":"vzyv9yilr4nctmh","previousOperationId":null,"operationId":"i470vmgsvpwwzej"}
{"type":"log","level":"info","message":"Render request 182 queued for execution and waiting for available worker","previousOperationId":"i470vmgsvpwwzej","timestamp":1731251140437,"id":"bmfgex6nbkxoolx"}
{"type":"operationStart","subtype":"render","name":"new-excl-template","previousOperationId":"i470vmgsvpwwzej","timestamp":1731251140445,"id":"259ylfq43jazn2t","previousEventId":"vzyv9yilr4nctmh","operationId":"7390fqp3bg3nflk"}
{"type":"log","timestamp":1731251140445,"level":"info","message":"Starting rendering request 182 (user: admin)","meta":{"rootId":"h5k9iyaa3voktr1","id":"h5k9iyaa3voktr1"},"id":"1w70lmze6wacphp","previousOperationId":"7390fqp3bg3nflk"}
{"type":"log","timestamp":1731251140445,"level":"info","message":"Rendering template { name: new-excl-template, recipe: html-to-xlsx, engine: handlebars, preview: true }","meta":{"rootId":"h5k9iyaa3voktr1","id":"h5k9iyaa3voktr1"},"id":"823uvfxvzjk13n3","previousOperationId":"7390fqp3bg3nflk"}
{"type":"log","timestamp":1731251140446,"level":"debug","message":"Inline data specified.","meta":{"rootId":"h5k9iyaa3voktr1","id":"h5k9iyaa3voktr1"},"id":"bwvt54msr2tirld","previousOperationId":"7390fqp3bg3nflk"}
{"type":"log","timestamp":1731251140447,"level":"debug","message":"Base url not specified, skipping its injection.","meta":{"rootId":"h5k9iyaa3voktr1","id":"h5k9iyaa3voktr1"},"id":"wbqd2m5u6e9wtld","previousOperationId":"7390fqp3bg3nflk"}
{"type":"log","timestamp":1731251140450,"level":"debug","message":"Replaced assets [\"KhmerOSSiemreapRegular.ttf\"]","meta":{"rootId":"h5k9iyaa3voktr1","id":"h5k9iyaa3voktr1"},"id":"q0jh48g8y6dbj7y","previousOperationId":"7390fqp3bg3nflk"}
{"type":"operationStart","subtype":"engine","name":"handlebars","timestamp":1731251140450,"id":"4318rcepwz51y28","previousEventId":"259ylfq43jazn2t","operationId":"r1dyv9x4puikevl","previousOperationId":"7390fqp3bg3nflk"}
{"type":"log","timestamp":1731251140450,"level":"debug","message":"Rendering engine handlebars","meta":{"rootId":"h5k9iyaa3voktr1","id":"h5k9iyaa3voktr1"},"id":"vscws42p18qthmy","previousOperationId":"r1dyv9x4puikevl"}
{"type":"operationEnd","operationId":"r1dyv9x4puikevl","timestamp":1731251140458,"id":"vrom245m2f965v7","previousEventId":"4318rcepwz51y28","previousOperationId":"r1dyv9x4puikevl"}
{"type":"operationStart","subtype":"recipe","name":"html-to-xlsx","timestamp":1731251140460,"id":"9qcit362i5xeio9","previousEventId":"vrom245m2f965v7","operationId":"e0ytpedpi5sj6wj","previousOperationId":"r1dyv9x4puikevl"}
{"type":"log","timestamp":1731251140460,"level":"debug","message":"Executing recipe html-to-xlsx","meta":{"rootId":"h5k9iyaa3voktr1","id":"h5k9iyaa3voktr1"},"id":"tko5gnakmpra3n1","previousOperationId":"e0ytpedpi5sj6wj"}
{"type":"log","timestamp":1731251140460,"level":"info","message":"html-to-xlsx generation is starting","meta":{"rootId":"h5k9iyaa3voktr1","id":"h5k9iyaa3voktr1"},"id":"hrkx2s9nfmvp5j8","previousOperationId":"e0ytpedpi5sj6wj"}
{"type":"log","timestamp":1731251140992,"level":"info","message":"html-to-xlsx generation was finished","meta":{"rootId":"h5k9iyaa3voktr1","id":"h5k9iyaa3voktr1"},"id":"ghipj93jwy8af0m","previousOperationId":"e0ytpedpi5sj6wj"}
{"type":"log","timestamp":1731251140992,"level":"debug","message":"preparing office preview","meta":{"rootId":"h5k9iyaa3voktr1","id":"h5k9iyaa3voktr1"},"id":"sx9u3klyq50kdvh","previousOperationId":"e0ytpedpi5sj6wj"}
{"type":"operationEnd","operationId":"e0ytpedpi5sj6wj","timestamp":1731251141490,"id":"v65pt62p51polf3","previousEventId":"9qcit362i5xeio9","previousOperationId":"e0ytpedpi5sj6wj"}
{"type":"log","timestamp":1731251141490,"level":"debug","message":"Skipping storing report.","meta":{"rootId":"h5k9iyaa3voktr1","id":"h5k9iyaa3voktr1"},"id":"1yq3zdw2chjjija","previousOperationId":"e0ytpedpi5sj6wj"}
{"type":"log","timestamp":1731251141490,"level":"info","message":"Rendering request 182 finished in 1054 ms","meta":{"rootId":"h5k9iyaa3voktr1","id":"h5k9iyaa3voktr1"},"id":"plpcobchsj6ae7p","previousOperationId":"e0ytpedpi5sj6wj"}
{"type":"operationEnd","subtype":"render","operationId":"7390fqp3bg3nflk","timestamp":1731251141490,"id":"7h30lcvgh7ibznb","previousEventId":"v65pt62p51polf3","previousOperationId":"e0ytpedpi5sj6wj"}
{"type":"operationEnd","doDiffs":false,"previousEventId":"vzyv9yilr4nctmh","previousOperationId":"i470vmgsvpwwzej","operationId":"i470vmgsvpwwzej","timestamp":1731251141492,"id":"c4icom94bb5k3qe"}
