{"type":"operationStart","subtype":"profile","data":{"_id":"MJFd7sChqIzf9ozc","timestamp":"2024-11-10T13:47:31.352Z","state":"queued","mode":"standard","creationDate":"2024-11-10T13:47:31.354Z","modificationDate":"2024-11-10T13:47:31.354Z","shortid":"6ZYhdbx","inheritedReadPermissions":[],"inheritedEditPermissions":[],"$entitySet":"profiles"},"doDiffs":false,"timestamp":1731246451353,"id":"w51q0akutqyvnpl","previousOperationId":null,"operationId":"trjsgwi1233uocz"}
{"type":"log","level":"info","message":"Render request 75 queued for execution and waiting for available worker","previousOperationId":"trjsgwi1233uocz","timestamp":1731246451353,"id":"awltqbj4toxs2pw"}
{"type":"operationStart","subtype":"render","name":"new-excl-template","previousOperationId":"trjsgwi1233uocz","timestamp":1731246451364,"id":"exh4jfksed0irdv","previousEventId":"w51q0akutqyvnpl","operationId":"owwppdjboh3rl80"}
{"type":"log","timestamp":1731246451364,"level":"info","message":"Starting rendering request 75 (user: admin)","meta":{"rootId":"h66mv8lq8uiwacf","id":"h66mv8lq8uiwacf"},"id":"n6fvckdcq64lntm","previousOperationId":"owwppdjboh3rl80"}
{"type":"log","timestamp":1731246451364,"level":"info","message":"Rendering template { name: new-excl-template, recipe: html-to-xlsx, engine: handlebars, preview: true }","meta":{"rootId":"h66mv8lq8uiwacf","id":"h66mv8lq8uiwacf"},"id":"495g6v3m6e7y1kg","previousOperationId":"owwppdjboh3rl80"}
{"type":"log","timestamp":1731246451365,"level":"debug","message":"Inline data specified.","meta":{"rootId":"h66mv8lq8uiwacf","id":"h66mv8lq8uiwacf"},"id":"jeb3ibld65pzsug","previousOperationId":"owwppdjboh3rl80"}
{"type":"log","timestamp":1731246451366,"level":"debug","message":"Base url not specified, skipping its injection.","meta":{"rootId":"h66mv8lq8uiwacf","id":"h66mv8lq8uiwacf"},"id":"ig5i3rupni6cfxi","previousOperationId":"owwppdjboh3rl80"}
{"type":"log","timestamp":1731246451368,"level":"debug","message":"Replaced assets [\"KhmerOSSiemreapRegular.ttf\"]","meta":{"rootId":"h66mv8lq8uiwacf","id":"h66mv8lq8uiwacf"},"id":"j44jawwtpi5np7l","previousOperationId":"owwppdjboh3rl80"}
{"type":"operationStart","subtype":"engine","name":"handlebars","timestamp":1731246451368,"id":"x97a9j72nctks28","previousEventId":"exh4jfksed0irdv","operationId":"avylxzwvjgag0u9","previousOperationId":"owwppdjboh3rl80"}
{"type":"log","timestamp":1731246451368,"level":"debug","message":"Rendering engine handlebars","meta":{"rootId":"h66mv8lq8uiwacf","id":"h66mv8lq8uiwacf"},"id":"d5a6stetqqg7wlo","previousOperationId":"avylxzwvjgag0u9"}
{"type":"operationEnd","operationId":"avylxzwvjgag0u9","timestamp":1731246451385,"id":"m1mj16mypa2mrls","previousEventId":"x97a9j72nctks28","previousOperationId":"avylxzwvjgag0u9"}
{"type":"operationStart","subtype":"recipe","name":"html-to-xlsx","timestamp":1731246451387,"id":"5qi1cea6ofya15g","previousEventId":"m1mj16mypa2mrls","operationId":"gwqsfkwpqbnuszm","previousOperationId":"avylxzwvjgag0u9"}
{"type":"log","timestamp":1731246451387,"level":"debug","message":"Executing recipe html-to-xlsx","meta":{"rootId":"h66mv8lq8uiwacf","id":"h66mv8lq8uiwacf"},"id":"2c5annova87ioh1","previousOperationId":"gwqsfkwpqbnuszm"}
{"type":"log","timestamp":1731246451387,"level":"info","message":"html-to-xlsx generation is starting","meta":{"rootId":"h66mv8lq8uiwacf","id":"h66mv8lq8uiwacf"},"id":"hd5tln1pv5kkk4x","previousOperationId":"gwqsfkwpqbnuszm"}
{"type":"log","timestamp":1731246452151,"level":"info","message":"html-to-xlsx generation was finished","meta":{"rootId":"h66mv8lq8uiwacf","id":"h66mv8lq8uiwacf"},"id":"wiets7zk6s5pgx1","previousOperationId":"gwqsfkwpqbnuszm"}
{"type":"log","timestamp":1731246452151,"level":"debug","message":"preparing office preview","meta":{"rootId":"h66mv8lq8uiwacf","id":"h66mv8lq8uiwacf"},"id":"9donfgpcqo70fqz","previousOperationId":"gwqsfkwpqbnuszm"}
{"type":"operationEnd","operationId":"gwqsfkwpqbnuszm","timestamp":1731246452662,"id":"6xzqvqdtsjfepf0","previousEventId":"5qi1cea6ofya15g","previousOperationId":"gwqsfkwpqbnuszm"}
{"type":"log","timestamp":1731246452662,"level":"debug","message":"Skipping storing report.","meta":{"rootId":"h66mv8lq8uiwacf","id":"h66mv8lq8uiwacf"},"id":"4illowd8xlvtmc5","previousOperationId":"gwqsfkwpqbnuszm"}
{"type":"log","timestamp":1731246452662,"level":"info","message":"Rendering request 75 finished in 1311 ms","meta":{"rootId":"h66mv8lq8uiwacf","id":"h66mv8lq8uiwacf"},"id":"w03rhdpeoc0yr9o","previousOperationId":"gwqsfkwpqbnuszm"}
{"type":"operationEnd","subtype":"render","operationId":"owwppdjboh3rl80","timestamp":1731246452662,"id":"60ufr0zecavnf9i","previousEventId":"6xzqvqdtsjfepf0","previousOperationId":"gwqsfkwpqbnuszm"}
{"type":"operationEnd","doDiffs":false,"previousEventId":"w51q0akutqyvnpl","previousOperationId":"trjsgwi1233uocz","operationId":"trjsgwi1233uocz","timestamp":1731246452664,"id":"r7lwz9gusawr8ae"}
