{"type":"operationStart","subtype":"profile","data":{"_id":"Wg3y15KUXdiDiJzV","timestamp":"2024-11-10T13:51:11.673Z","state":"queued","mode":"standard","creationDate":"2024-11-10T13:51:11.675Z","modificationDate":"2024-11-10T13:51:11.675Z","shortid":"xrQ-ML1","inheritedReadPermissions":[],"inheritedEditPermissions":[],"$entitySet":"profiles"},"doDiffs":false,"timestamp":1731246671674,"id":"52h60yo9wg5wpj6","previousOperationId":null,"operationId":"4x0ly4sei56fgfb"}
{"type":"log","level":"info","message":"Render request 85 queued for execution and waiting for available worker","previousOperationId":"4x0ly4sei56fgfb","timestamp":1731246671674,"id":"53ambaz2h9p9lh3"}
{"type":"operationStart","subtype":"render","name":"new-excl-template","previousOperationId":"4x0ly4sei56fgfb","timestamp":1731246671683,"id":"kow5zz4eaq466aj","previousEventId":"52h60yo9wg5wpj6","operationId":"zh70w398fq8ocov"}
{"type":"log","timestamp":1731246671683,"level":"info","message":"Starting rendering request 85 (user: admin)","meta":{"rootId":"h6dc00ajm42dctm","id":"h6dc00ajm42dctm"},"id":"4hf4ok6pxgbsrnc","previousOperationId":"zh70w398fq8ocov"}
{"type":"log","timestamp":1731246671683,"level":"info","message":"Rendering template { name: new-excl-template, recipe: html-to-xlsx, engine: handlebars, preview: true }","meta":{"rootId":"h6dc00ajm42dctm","id":"h6dc00ajm42dctm"},"id":"9gp0jcp8mkb2tk6","previousOperationId":"zh70w398fq8ocov"}
{"type":"log","timestamp":1731246671684,"level":"debug","message":"Inline data specified.","meta":{"rootId":"h6dc00ajm42dctm","id":"h6dc00ajm42dctm"},"id":"3hmyd97bkvgwtqm","previousOperationId":"zh70w398fq8ocov"}
{"type":"log","timestamp":1731246671685,"level":"debug","message":"Base url not specified, skipping its injection.","meta":{"rootId":"h6dc00ajm42dctm","id":"h6dc00ajm42dctm"},"id":"5gzt2ymfcvho7zn","previousOperationId":"zh70w398fq8ocov"}
{"type":"log","timestamp":1731246671688,"level":"debug","message":"Replaced assets [\"KhmerOSSiemreapRegular.ttf\"]","meta":{"rootId":"h6dc00ajm42dctm","id":"h6dc00ajm42dctm"},"id":"td8vepu0vgyaiox","previousOperationId":"zh70w398fq8ocov"}
{"type":"operationStart","subtype":"engine","name":"handlebars","timestamp":1731246671688,"id":"lkbp07z1yvphp67","previousEventId":"kow5zz4eaq466aj","operationId":"jmtkcuyoxhev7np","previousOperationId":"zh70w398fq8ocov"}
{"type":"log","timestamp":1731246671688,"level":"debug","message":"Rendering engine handlebars","meta":{"rootId":"h6dc00ajm42dctm","id":"h6dc00ajm42dctm"},"id":"koem2jb9fkgw1h7","previousOperationId":"jmtkcuyoxhev7np"}
{"type":"operationEnd","operationId":"jmtkcuyoxhev7np","timestamp":1731246671700,"id":"qtzdjo7yrzznuje","previousEventId":"lkbp07z1yvphp67","previousOperationId":"jmtkcuyoxhev7np"}
{"type":"operationStart","subtype":"recipe","name":"html-to-xlsx","timestamp":1731246671702,"id":"hvl9s5yab8lauxk","previousEventId":"qtzdjo7yrzznuje","operationId":"0zy6ndnp5idxw17","previousOperationId":"jmtkcuyoxhev7np"}
{"type":"log","timestamp":1731246671702,"level":"debug","message":"Executing recipe html-to-xlsx","meta":{"rootId":"h6dc00ajm42dctm","id":"h6dc00ajm42dctm"},"id":"8uh6dt7fc199502","previousOperationId":"0zy6ndnp5idxw17"}
{"type":"log","timestamp":1731246671702,"level":"info","message":"html-to-xlsx generation is starting","meta":{"rootId":"h6dc00ajm42dctm","id":"h6dc00ajm42dctm"},"id":"kj6irb0mjjwzw0r","previousOperationId":"0zy6ndnp5idxw17"}
{"type":"log","timestamp":1731246672470,"level":"info","message":"html-to-xlsx generation was finished","meta":{"rootId":"h6dc00ajm42dctm","id":"h6dc00ajm42dctm"},"id":"7wzwedbn994f9r7","previousOperationId":"0zy6ndnp5idxw17"}
{"type":"log","timestamp":1731246672470,"level":"debug","message":"preparing office preview","meta":{"rootId":"h6dc00ajm42dctm","id":"h6dc00ajm42dctm"},"id":"ygjpgeklv9l8npt","previousOperationId":"0zy6ndnp5idxw17"}
{"type":"operationEnd","operationId":"0zy6ndnp5idxw17","timestamp":1731246672920,"id":"dx5upb111eicfnm","previousEventId":"hvl9s5yab8lauxk","previousOperationId":"0zy6ndnp5idxw17"}
{"type":"log","timestamp":1731246672920,"level":"debug","message":"Skipping storing report.","meta":{"rootId":"h6dc00ajm42dctm","id":"h6dc00ajm42dctm"},"id":"7ji9z9jq6n9gprs","previousOperationId":"0zy6ndnp5idxw17"}
{"type":"log","timestamp":1731246672920,"level":"info","message":"Rendering request 85 finished in 1247 ms","meta":{"rootId":"h6dc00ajm42dctm","id":"h6dc00ajm42dctm"},"id":"j0eecpfs8ud23yb","previousOperationId":"0zy6ndnp5idxw17"}
{"type":"operationEnd","subtype":"render","operationId":"zh70w398fq8ocov","timestamp":1731246672920,"id":"us1pmjj73n5co4p","previousEventId":"dx5upb111eicfnm","previousOperationId":"0zy6ndnp5idxw17"}
{"type":"operationEnd","doDiffs":false,"previousEventId":"52h60yo9wg5wpj6","previousOperationId":"4x0ly4sei56fgfb","operationId":"4x0ly4sei56fgfb","timestamp":1731246672922,"id":"791rzqz5763juvi"}
