{"type":"operationStart","subtype":"profile","data":{"_id":"zlAk2xzDYyRvyYUn","timestamp":"2024-11-10T14:35:39.427Z","state":"queued","mode":"standard","creationDate":"2024-11-10T14:35:39.429Z","modificationDate":"2024-11-10T14:35:39.429Z","shortid":"uJaANxZ","inheritedReadPermissions":[],"inheritedEditPermissions":[],"$entitySet":"profiles"},"doDiffs":false,"timestamp":1731249339428,"id":"h05nby6wmjqc7ot","previousOperationId":null,"operationId":"c06o8n5s0jlr3af"}
{"type":"log","level":"info","message":"Render request 150 queued for execution and waiting for available worker","previousOperationId":"c06o8n5s0jlr3af","timestamp":1731249339428,"id":"pefu2masxx0uekn"}
{"type":"operationStart","subtype":"render","name":"new-excl-template","previousOperationId":"c06o8n5s0jlr3af","timestamp":1731249339436,"id":"lubhkghx6qb56q3","previousEventId":"h05nby6wmjqc7ot","operationId":"z9eckzrtji71pg1"}
{"type":"log","timestamp":1731249339436,"level":"info","message":"Starting rendering request 150 (user: admin)","meta":{"rootId":"hcnriqx22oq4v93","id":"hcnriqx22oq4v93"},"id":"ic7pzf46frcieue","previousOperationId":"z9eckzrtji71pg1"}
{"type":"log","timestamp":1731249339437,"level":"info","message":"Rendering template { name: new-excl-template, recipe: html-to-xlsx, engine: handlebars, preview: true }","meta":{"rootId":"hcnriqx22oq4v93","id":"hcnriqx22oq4v93"},"id":"buyg4wox3fa2jhw","previousOperationId":"z9eckzrtji71pg1"}
{"type":"log","timestamp":1731249339437,"level":"debug","message":"Inline data specified.","meta":{"rootId":"hcnriqx22oq4v93","id":"hcnriqx22oq4v93"},"id":"0i20dfz6kol9j0l","previousOperationId":"z9eckzrtji71pg1"}
{"type":"log","timestamp":1731249339439,"level":"debug","message":"Base url not specified, skipping its injection.","meta":{"rootId":"hcnriqx22oq4v93","id":"hcnriqx22oq4v93"},"id":"a9wpmhsx9s6d210","previousOperationId":"z9eckzrtji71pg1"}
{"type":"log","timestamp":1731249339441,"level":"debug","message":"Replaced assets [\"KhmerOSSiemreapRegular.ttf\"]","meta":{"rootId":"hcnriqx22oq4v93","id":"hcnriqx22oq4v93"},"id":"qcxtzamawzsmyus","previousOperationId":"z9eckzrtji71pg1"}
{"type":"operationStart","subtype":"engine","name":"handlebars","timestamp":1731249339441,"id":"h2z9n3c71i31apg","previousEventId":"lubhkghx6qb56q3","operationId":"v7pugs2ux0imyv5","previousOperationId":"z9eckzrtji71pg1"}
{"type":"log","timestamp":1731249339441,"level":"debug","message":"Rendering engine handlebars","meta":{"rootId":"hcnriqx22oq4v93","id":"hcnriqx22oq4v93"},"id":"nkdxy52z2rvvm9r","previousOperationId":"v7pugs2ux0imyv5"}
{"type":"operationEnd","operationId":"v7pugs2ux0imyv5","timestamp":1731249339452,"id":"r5psultt980uhmk","previousEventId":"h2z9n3c71i31apg","previousOperationId":"v7pugs2ux0imyv5"}
{"type":"operationStart","subtype":"recipe","name":"html-to-xlsx","timestamp":1731249339453,"id":"mrcgp5cven634nt","previousEventId":"r5psultt980uhmk","operationId":"zjklcej32px6arf","previousOperationId":"v7pugs2ux0imyv5"}
{"type":"log","timestamp":1731249339453,"level":"debug","message":"Executing recipe html-to-xlsx","meta":{"rootId":"hcnriqx22oq4v93","id":"hcnriqx22oq4v93"},"id":"tkroqibk06pz4b0","previousOperationId":"zjklcej32px6arf"}
{"type":"log","timestamp":1731249339453,"level":"info","message":"html-to-xlsx generation is starting","meta":{"rootId":"hcnriqx22oq4v93","id":"hcnriqx22oq4v93"},"id":"h1s6nfz5k8cmfk2","previousOperationId":"zjklcej32px6arf"}
{"type":"log","timestamp":1731249340013,"level":"info","message":"html-to-xlsx generation was finished","meta":{"rootId":"hcnriqx22oq4v93","id":"hcnriqx22oq4v93"},"id":"4s9y9o2yqa3sddh","previousOperationId":"zjklcej32px6arf"}
{"type":"log","timestamp":1731249340013,"level":"debug","message":"preparing office preview","meta":{"rootId":"hcnriqx22oq4v93","id":"hcnriqx22oq4v93"},"id":"6hyb86dhdm96ir0","previousOperationId":"zjklcej32px6arf"}
{"type":"operationEnd","operationId":"zjklcej32px6arf","timestamp":1731249340461,"id":"2nct738qmd1ysd0","previousEventId":"mrcgp5cven634nt","previousOperationId":"zjklcej32px6arf"}
{"type":"log","timestamp":1731249340462,"level":"debug","message":"Skipping storing report.","meta":{"rootId":"hcnriqx22oq4v93","id":"hcnriqx22oq4v93"},"id":"ga2i5f9c4xlrmmx","previousOperationId":"zjklcej32px6arf"}
{"type":"log","timestamp":1731249340462,"level":"info","message":"Rendering request 150 finished in 1035 ms","meta":{"rootId":"hcnriqx22oq4v93","id":"hcnriqx22oq4v93"},"id":"0z8yu2eibhu5lof","previousOperationId":"zjklcej32px6arf"}
{"type":"operationEnd","subtype":"render","operationId":"z9eckzrtji71pg1","timestamp":1731249340462,"id":"4qcgfu5bvpzqpgo","previousEventId":"2nct738qmd1ysd0","previousOperationId":"zjklcej32px6arf"}
{"type":"operationEnd","doDiffs":false,"previousEventId":"h05nby6wmjqc7ot","previousOperationId":"c06o8n5s0jlr3af","operationId":"c06o8n5s0jlr3af","timestamp":1731249340465,"id":"5zozk2mmpaqr0nj"}
