{"type":"operationStart","subtype":"profile","data":{"_id":"cQfLui7wZgeIbFNW","timestamp":"2024-11-10T08:57:16.386Z","state":"queued","mode":"standard","creationDate":"2024-11-10T08:57:16.389Z","modificationDate":"2024-11-10T08:57:16.389Z","shortid":"Q64P-b1","inheritedReadPermissions":[],"inheritedEditPermissions":[],"$entitySet":"profiles"},"doDiffs":false,"timestamp":1731229036388,"id":"8hg8sgfma2fy2d7","previousOperationId":null,"operationId":"s8q6p544cbx9vgw"}
{"type":"log","level":"info","message":"Render request 168 queued for execution and waiting for available worker","previousOperationId":"s8q6p544cbx9vgw","timestamp":1731229036388,"id":"0tlvvb13qlu8ml9"}
{"type":"operationStart","subtype":"render","name":"new-excl-template","previousOperationId":"s8q6p544cbx9vgw","timestamp":1731229036396,"id":"4l2vaevsl3gwswx","previousEventId":"8hg8sgfma2fy2d7","operationId":"714w79r0el8udgw"}
{"type":"log","timestamp":1731229036396,"level":"info","message":"Starting rendering request 168 (user: admin)","meta":{"rootId":"hednw9yqa6hsrim","id":"hednw9yqa6hsrim"},"id":"iqgwdex84lleuet","previousOperationId":"714w79r0el8udgw"}
{"type":"log","timestamp":1731229036396,"level":"info","message":"Rendering template { name: new-excl-template, recipe: html-to-xlsx, engine: handlebars, preview: true }","meta":{"rootId":"hednw9yqa6hsrim","id":"hednw9yqa6hsrim"},"id":"wm90r0mrvd2gwjr","previousOperationId":"714w79r0el8udgw"}
{"type":"log","timestamp":1731229036398,"level":"debug","message":"Adding sample data pVkbCM7am","meta":{"rootId":"hednw9yqa6hsrim","id":"hednw9yqa6hsrim"},"id":"sauswr08xg39w13","previousOperationId":"714w79r0el8udgw"}
{"type":"log","timestamp":1731229036400,"level":"debug","message":"Base url not specified, skipping its injection.","meta":{"rootId":"hednw9yqa6hsrim","id":"hednw9yqa6hsrim"},"id":"7m97jaxks925h3h","previousOperationId":"714w79r0el8udgw"}
{"type":"log","timestamp":1731229036401,"level":"debug","message":"Replaced assets [\"KhmerOSSiemreapRegular.ttf\"]","meta":{"rootId":"hednw9yqa6hsrim","id":"hednw9yqa6hsrim"},"id":"7dbofwv46m4n63i","previousOperationId":"714w79r0el8udgw"}
{"type":"operationStart","subtype":"engine","name":"handlebars","timestamp":1731229036402,"id":"fc442ik9e7aknor","previousEventId":"4l2vaevsl3gwswx","operationId":"hksrld515kufm2l","previousOperationId":"714w79r0el8udgw"}
{"type":"log","timestamp":1731229036402,"level":"debug","message":"Rendering engine handlebars","meta":{"rootId":"hednw9yqa6hsrim","id":"hednw9yqa6hsrim"},"id":"e5hbqettk44n03d","previousOperationId":"hksrld515kufm2l"}
{"type":"operationEnd","operationId":"hksrld515kufm2l","timestamp":1731229036420,"id":"9cmryeb2gaucmf8","previousEventId":"fc442ik9e7aknor","previousOperationId":"hksrld515kufm2l"}
{"type":"operationStart","subtype":"recipe","name":"html-to-xlsx","timestamp":1731229036426,"id":"qvd9aip10vrlsh2","previousEventId":"9cmryeb2gaucmf8","operationId":"3yqai62tbdweahf","previousOperationId":"hksrld515kufm2l"}
{"type":"log","timestamp":1731229036426,"level":"debug","message":"Executing recipe html-to-xlsx","meta":{"rootId":"hednw9yqa6hsrim","id":"hednw9yqa6hsrim"},"id":"j7y0xxbuefrgj8f","previousOperationId":"3yqai62tbdweahf"}
{"type":"log","timestamp":1731229036426,"level":"info","message":"html-to-xlsx generation is starting","meta":{"rootId":"hednw9yqa6hsrim","id":"hednw9yqa6hsrim"},"id":"kvl8s7pe54ecbeq","previousOperationId":"3yqai62tbdweahf"}
{"type":"log","timestamp":1731229037252,"level":"info","message":"html-to-xlsx generation was finished","meta":{"rootId":"hednw9yqa6hsrim","id":"hednw9yqa6hsrim"},"id":"996i7er0azbngf6","previousOperationId":"3yqai62tbdweahf"}
{"type":"log","timestamp":1731229037252,"level":"debug","message":"preparing office preview","meta":{"rootId":"hednw9yqa6hsrim","id":"hednw9yqa6hsrim"},"id":"pfmuncnecoszayv","previousOperationId":"3yqai62tbdweahf"}
{"type":"operationEnd","operationId":"3yqai62tbdweahf","timestamp":1731229037697,"id":"7ohzvqflebd71jl","previousEventId":"qvd9aip10vrlsh2","previousOperationId":"3yqai62tbdweahf"}
{"type":"log","timestamp":1731229037697,"level":"debug","message":"Skipping storing report.","meta":{"rootId":"hednw9yqa6hsrim","id":"hednw9yqa6hsrim"},"id":"imchtcff9m7e241","previousOperationId":"3yqai62tbdweahf"}
{"type":"log","timestamp":1731229037697,"level":"info","message":"Rendering request 168 finished in 1311 ms","meta":{"rootId":"hednw9yqa6hsrim","id":"hednw9yqa6hsrim"},"id":"pebdhm863hxkrmn","previousOperationId":"3yqai62tbdweahf"}
{"type":"operationEnd","subtype":"render","operationId":"714w79r0el8udgw","timestamp":1731229037697,"id":"umul9t4ak9orr3s","previousEventId":"7ohzvqflebd71jl","previousOperationId":"3yqai62tbdweahf"}
{"type":"operationEnd","doDiffs":false,"previousEventId":"8hg8sgfma2fy2d7","previousOperationId":"s8q6p544cbx9vgw","operationId":"s8q6p544cbx9vgw","timestamp":1731229037700,"id":"qaf8yzbw92liw05"}
