{"type":"operationStart","subtype":"profile","data":{"_id":"nj1B4ORQ4kYagQnU","timestamp":"2024-11-10T08:44:02.370Z","state":"queued","mode":"standard","creationDate":"2024-11-10T08:44:02.372Z","modificationDate":"2024-11-10T08:44:02.372Z","shortid":"o8_jnM9","inheritedReadPermissions":[],"inheritedEditPermissions":[],"$entitySet":"profiles"},"doDiffs":false,"timestamp":1731228242371,"id":"nqhjoln6g2t85tr","previousOperationId":null,"operationId":"egogioupm9s3o0y"}
{"type":"log","level":"info","message":"Render request 149 queued for execution and waiting for available worker","previousOperationId":"egogioupm9s3o0y","timestamp":1731228242371,"id":"3o2j622zirwoand"}
{"type":"operationStart","subtype":"render","name":"new-excl-template","previousOperationId":"egogioupm9s3o0y","timestamp":1731228242381,"id":"k9hkjrsamrhyl34","previousEventId":"nqhjoln6g2t85tr","operationId":"zl671pv2tjaf2xv"}
{"type":"log","timestamp":1731228242382,"level":"info","message":"Starting rendering request 149 (user: admin)","meta":{"rootId":"hl3fnjdt9g641jt","id":"hl3fnjdt9g641jt"},"id":"k1f849oo3nqcfi0","previousOperationId":"zl671pv2tjaf2xv"}
{"type":"log","timestamp":1731228242382,"level":"info","message":"Rendering template { name: new-excl-template, recipe: html-to-xlsx, engine: handlebars, preview: true }","meta":{"rootId":"hl3fnjdt9g641jt","id":"hl3fnjdt9g641jt"},"id":"yir3z7ji0wdjqz9","previousOperationId":"zl671pv2tjaf2xv"}
{"type":"log","timestamp":1731228242382,"level":"debug","message":"Inline data specified.","meta":{"rootId":"hl3fnjdt9g641jt","id":"hl3fnjdt9g641jt"},"id":"w1xucug9626k8pt","previousOperationId":"zl671pv2tjaf2xv"}
{"type":"log","timestamp":1731228242383,"level":"debug","message":"Base url not specified, skipping its injection.","meta":{"rootId":"hl3fnjdt9g641jt","id":"hl3fnjdt9g641jt"},"id":"4mjksx19pzvuu41","previousOperationId":"zl671pv2tjaf2xv"}
{"type":"log","timestamp":1731228242386,"level":"debug","message":"Replaced assets [\"/asset/font/KhmerOSSiemreapRegular.ttf\"]","meta":{"rootId":"hl3fnjdt9g641jt","id":"hl3fnjdt9g641jt"},"id":"wcwk12mwaaprpoy","previousOperationId":"zl671pv2tjaf2xv"}
{"type":"operationStart","subtype":"engine","name":"handlebars","timestamp":1731228242386,"id":"hclvyilljp29oky","previousEventId":"k9hkjrsamrhyl34","operationId":"slbj99mqd8t33qi","previousOperationId":"zl671pv2tjaf2xv"}
{"type":"log","timestamp":1731228242386,"level":"debug","message":"Rendering engine handlebars","meta":{"rootId":"hl3fnjdt9g641jt","id":"hl3fnjdt9g641jt"},"id":"3kxm9bit4eejr5m","previousOperationId":"slbj99mqd8t33qi"}
{"type":"operationEnd","operationId":"slbj99mqd8t33qi","timestamp":1731228242401,"id":"0nc8uju6egmh9ds","previousEventId":"hclvyilljp29oky","previousOperationId":"slbj99mqd8t33qi"}
{"type":"operationStart","subtype":"recipe","name":"html-to-xlsx","timestamp":1731228242404,"id":"n49fqoh8xh0h3d2","previousEventId":"0nc8uju6egmh9ds","operationId":"ccer9kwu8umrwsb","previousOperationId":"slbj99mqd8t33qi"}
{"type":"log","timestamp":1731228242404,"level":"debug","message":"Executing recipe html-to-xlsx","meta":{"rootId":"hl3fnjdt9g641jt","id":"hl3fnjdt9g641jt"},"id":"9ok7m5eqcy7pz84","previousOperationId":"ccer9kwu8umrwsb"}
{"type":"log","timestamp":1731228242404,"level":"info","message":"html-to-xlsx generation is starting","meta":{"rootId":"hl3fnjdt9g641jt","id":"hl3fnjdt9g641jt"},"id":"e2apstznsbw7fmo","previousOperationId":"ccer9kwu8umrwsb"}
{"type":"log","timestamp":1731228243308,"level":"info","message":"html-to-xlsx generation was finished","meta":{"rootId":"hl3fnjdt9g641jt","id":"hl3fnjdt9g641jt"},"id":"qhjah8m4m0rcy7z","previousOperationId":"ccer9kwu8umrwsb"}
{"type":"log","timestamp":1731228243308,"level":"debug","message":"preparing office preview","meta":{"rootId":"hl3fnjdt9g641jt","id":"hl3fnjdt9g641jt"},"id":"wq88l5pqs9ifttq","previousOperationId":"ccer9kwu8umrwsb"}
{"type":"operationEnd","operationId":"ccer9kwu8umrwsb","timestamp":1731228243753,"id":"6jal7sbvy43a1rw","previousEventId":"n49fqoh8xh0h3d2","previousOperationId":"ccer9kwu8umrwsb"}
{"type":"log","timestamp":1731228243753,"level":"debug","message":"Skipping storing report.","meta":{"rootId":"hl3fnjdt9g641jt","id":"hl3fnjdt9g641jt"},"id":"fkkzfjfhdn1fabw","previousOperationId":"ccer9kwu8umrwsb"}
{"type":"log","timestamp":1731228243753,"level":"info","message":"Rendering request 149 finished in 1383 ms","meta":{"rootId":"hl3fnjdt9g641jt","id":"hl3fnjdt9g641jt"},"id":"6qugxusgxxx3etg","previousOperationId":"ccer9kwu8umrwsb"}
{"type":"operationEnd","subtype":"render","operationId":"zl671pv2tjaf2xv","timestamp":1731228243753,"id":"491xut5cikbqhgm","previousEventId":"6jal7sbvy43a1rw","previousOperationId":"ccer9kwu8umrwsb"}
{"type":"operationEnd","doDiffs":false,"previousEventId":"nqhjoln6g2t85tr","previousOperationId":"egogioupm9s3o0y","operationId":"egogioupm9s3o0y","timestamp":1731228243756,"id":"u0z25f7z7znl5sn"}
