{"type":"operationStart","subtype":"profile","data":{"_id":"Mh6O3oYV61LTGmOP","timestamp":"2024-11-10T09:17:54.885Z","state":"queued","mode":"standard","creationDate":"2024-11-10T09:17:54.887Z","modificationDate":"2024-11-10T09:17:54.887Z","shortid":"tlaAC_3","inheritedReadPermissions":[],"inheritedEditPermissions":[],"$entitySet":"profiles"},"doDiffs":false,"timestamp":1731230274886,"id":"bydez749gvvcqs3","previousOperationId":null,"operationId":"67axi8gp11td3n2"}
{"type":"log","level":"info","message":"Render request 195 queued for execution and waiting for available worker","previousOperationId":"67axi8gp11td3n2","timestamp":1731230274886,"id":"4yqtcezcdqh5hgi"}
{"type":"operationStart","subtype":"render","name":"new-excl-template","previousOperationId":"67axi8gp11td3n2","timestamp":1731230274898,"id":"y7pc7brawpwspr7","previousEventId":"bydez749gvvcqs3","operationId":"dwin6nkqvn0zsyu"}
{"type":"log","timestamp":1731230274898,"level":"info","message":"Starting rendering request 195 (user: admin)","meta":{"rootId":"htsif0axxll1ucq","id":"htsif0axxll1ucq"},"id":"muhmwn08w7dog0i","previousOperationId":"dwin6nkqvn0zsyu"}
{"type":"log","timestamp":1731230274898,"level":"info","message":"Rendering template { name: new-excl-template, recipe: html-to-xlsx, engine: handlebars, preview: true }","meta":{"rootId":"htsif0axxll1ucq","id":"htsif0axxll1ucq"},"id":"02z42dxlhuxk6fx","previousOperationId":"dwin6nkqvn0zsyu"}
{"type":"log","timestamp":1731230274899,"level":"debug","message":"Inline data specified.","meta":{"rootId":"htsif0axxll1ucq","id":"htsif0axxll1ucq"},"id":"es9lahhe6vch8uw","previousOperationId":"dwin6nkqvn0zsyu"}
{"type":"log","timestamp":1731230274901,"level":"debug","message":"Base url not specified, skipping its injection.","meta":{"rootId":"htsif0axxll1ucq","id":"htsif0axxll1ucq"},"id":"8v5l0j0km4ijtml","previousOperationId":"dwin6nkqvn0zsyu"}
{"type":"operationStart","subtype":"engine","name":"handlebars","timestamp":1731230274901,"id":"vyuczy2urijbvvz","previousEventId":"y7pc7brawpwspr7","operationId":"9ertwzszwqer6af","previousOperationId":"dwin6nkqvn0zsyu"}
{"type":"log","timestamp":1731230274901,"level":"debug","message":"Rendering engine handlebars","meta":{"rootId":"htsif0axxll1ucq","id":"htsif0axxll1ucq"},"id":"31j2y5hfcvlimhj","previousOperationId":"9ertwzszwqer6af"}
{"type":"operationEnd","operationId":"9ertwzszwqer6af","timestamp":1731230274917,"id":"df6u2wx7tt6h2va","previousEventId":"vyuczy2urijbvvz","previousOperationId":"9ertwzszwqer6af"}
{"type":"operationStart","subtype":"recipe","name":"html-to-xlsx","timestamp":1731230274920,"id":"6ecslot5pt9buq4","previousEventId":"df6u2wx7tt6h2va","operationId":"9z2daiwbcyeppnq","previousOperationId":"9ertwzszwqer6af"}
{"type":"log","timestamp":1731230274920,"level":"debug","message":"Executing recipe html-to-xlsx","meta":{"rootId":"htsif0axxll1ucq","id":"htsif0axxll1ucq"},"id":"wnylvr9dxdc7gf1","previousOperationId":"9z2daiwbcyeppnq"}
{"type":"log","timestamp":1731230274920,"level":"info","message":"html-to-xlsx generation is starting","meta":{"rootId":"htsif0axxll1ucq","id":"htsif0axxll1ucq"},"id":"oq88ejciiv81lnt","previousOperationId":"9z2daiwbcyeppnq"}
{"type":"log","timestamp":1731230276719,"level":"info","message":"html-to-xlsx generation was finished","meta":{"rootId":"htsif0axxll1ucq","id":"htsif0axxll1ucq"},"id":"70iad7az595v8qk","previousOperationId":"9z2daiwbcyeppnq"}
{"type":"log","timestamp":1731230276719,"level":"debug","message":"preparing office preview","meta":{"rootId":"htsif0axxll1ucq","id":"htsif0axxll1ucq"},"id":"wiaf85je9exwtf4","previousOperationId":"9z2daiwbcyeppnq"}
{"type":"operationEnd","operationId":"9z2daiwbcyeppnq","timestamp":1731230277480,"id":"3hytqitvx5mrymd","previousEventId":"6ecslot5pt9buq4","previousOperationId":"9z2daiwbcyeppnq"}
{"type":"log","timestamp":1731230277480,"level":"debug","message":"Skipping storing report.","meta":{"rootId":"htsif0axxll1ucq","id":"htsif0axxll1ucq"},"id":"dcpxqig8hhcd0gw","previousOperationId":"9z2daiwbcyeppnq"}
{"type":"log","timestamp":1731230277480,"level":"info","message":"Rendering request 195 finished in 2595 ms","meta":{"rootId":"htsif0axxll1ucq","id":"htsif0axxll1ucq"},"id":"id4jzyewbctgh01","previousOperationId":"9z2daiwbcyeppnq"}
{"type":"operationEnd","subtype":"render","operationId":"dwin6nkqvn0zsyu","timestamp":1731230277480,"id":"mocbfrdi0ospggg","previousEventId":"3hytqitvx5mrymd","previousOperationId":"9z2daiwbcyeppnq"}
{"type":"operationEnd","doDiffs":false,"previousEventId":"bydez749gvvcqs3","previousOperationId":"67axi8gp11td3n2","operationId":"67axi8gp11td3n2","timestamp":1731230277482,"id":"k02mf9okgwdsejn"}
