{"type":"operationStart","subtype":"profile","data":{"_id":"y0dT2NhYvSYFnZ52","timestamp":"2024-11-10T08:36:02.130Z","state":"queued","mode":"standard","creationDate":"2024-11-10T08:36:02.133Z","modificationDate":"2024-11-10T08:36:02.133Z","shortid":"XalweKZ","inheritedReadPermissions":[],"inheritedEditPermissions":[],"$entitySet":"profiles"},"doDiffs":false,"timestamp":1731227762132,"id":"bi9qg1e8bdq75ak","previousOperationId":null,"operationId":"6mn48y3rtcrvbbs"}
{"type":"log","level":"info","message":"Render request 135 queued for execution and waiting for available worker","previousOperationId":"6mn48y3rtcrvbbs","timestamp":1731227762132,"id":"x88o4ti1jq0e7r2"}
{"type":"operationStart","subtype":"render","name":"new-excl-template","previousOperationId":"6mn48y3rtcrvbbs","timestamp":1731227762141,"id":"fkuvfqzy9d0fw1y","previousEventId":"bi9qg1e8bdq75ak","operationId":"qq5s8rch5ypel92"}
{"type":"log","timestamp":1731227762141,"level":"info","message":"Starting rendering request 135 (user: admin)","meta":{"rootId":"hv5dgbbkuz5xzt2","id":"hv5dgbbkuz5xzt2"},"id":"qa2hmwt2akzk3jv","previousOperationId":"qq5s8rch5ypel92"}
{"type":"log","timestamp":1731227762141,"level":"info","message":"Rendering template { name: new-excl-template, recipe: html-to-xlsx, engine: handlebars, preview: true }","meta":{"rootId":"hv5dgbbkuz5xzt2","id":"hv5dgbbkuz5xzt2"},"id":"cuzorwbzzufxuqj","previousOperationId":"qq5s8rch5ypel92"}
{"type":"log","timestamp":1731227762142,"level":"debug","message":"Inline data specified.","meta":{"rootId":"hv5dgbbkuz5xzt2","id":"hv5dgbbkuz5xzt2"},"id":"p2lx8ne9ry4xjny","previousOperationId":"qq5s8rch5ypel92"}
{"type":"log","timestamp":1731227762143,"level":"debug","message":"Base url not specified, skipping its injection.","meta":{"rootId":"hv5dgbbkuz5xzt2","id":"hv5dgbbkuz5xzt2"},"id":"u3ycon834vh2ibx","previousOperationId":"qq5s8rch5ypel92"}
{"type":"log","timestamp":1731227762145,"level":"debug","message":"Replaced assets [\"/asset/font/KhmerOSSiemreapRegular.ttf\"]","meta":{"rootId":"hv5dgbbkuz5xzt2","id":"hv5dgbbkuz5xzt2"},"id":"ygbtmci9f124vxp","previousOperationId":"qq5s8rch5ypel92"}
{"type":"operationStart","subtype":"engine","name":"handlebars","timestamp":1731227762145,"id":"1946anf8svljft6","previousEventId":"fkuvfqzy9d0fw1y","operationId":"4lh8svtm9igfd03","previousOperationId":"qq5s8rch5ypel92"}
{"type":"log","timestamp":1731227762145,"level":"debug","message":"Rendering engine handlebars","meta":{"rootId":"hv5dgbbkuz5xzt2","id":"hv5dgbbkuz5xzt2"},"id":"nwfmdri5felqbli","previousOperationId":"4lh8svtm9igfd03"}
{"type":"operationEnd","operationId":"4lh8svtm9igfd03","timestamp":1731227762161,"id":"x66haa4nogwvnol","previousEventId":"1946anf8svljft6","previousOperationId":"4lh8svtm9igfd03"}
{"type":"operationStart","subtype":"recipe","name":"html-to-xlsx","timestamp":1731227762164,"id":"p9hhneced2aojvm","previousEventId":"x66haa4nogwvnol","operationId":"6f6m5z48m2lzva7","previousOperationId":"4lh8svtm9igfd03"}
{"type":"log","timestamp":1731227762164,"level":"debug","message":"Executing recipe html-to-xlsx","meta":{"rootId":"hv5dgbbkuz5xzt2","id":"hv5dgbbkuz5xzt2"},"id":"eynrgxprqgmzqlm","previousOperationId":"6f6m5z48m2lzva7"}
{"type":"log","timestamp":1731227762164,"level":"info","message":"html-to-xlsx generation is starting","meta":{"rootId":"hv5dgbbkuz5xzt2","id":"hv5dgbbkuz5xzt2"},"id":"llxtxbxk6bfney6","previousOperationId":"6f6m5z48m2lzva7"}
{"type":"log","timestamp":1731227762994,"level":"info","message":"html-to-xlsx generation was finished","meta":{"rootId":"hv5dgbbkuz5xzt2","id":"hv5dgbbkuz5xzt2"},"id":"qti9asc8mw5qizy","previousOperationId":"6f6m5z48m2lzva7"}
{"type":"log","timestamp":1731227762994,"level":"debug","message":"preparing office preview","meta":{"rootId":"hv5dgbbkuz5xzt2","id":"hv5dgbbkuz5xzt2"},"id":"3yukvwu5utlqn94","previousOperationId":"6f6m5z48m2lzva7"}
{"type":"operationEnd","operationId":"6f6m5z48m2lzva7","timestamp":1731227763439,"id":"ns1l3kf33oukjqs","previousEventId":"p9hhneced2aojvm","previousOperationId":"6f6m5z48m2lzva7"}
{"type":"log","timestamp":1731227763440,"level":"debug","message":"Skipping storing report.","meta":{"rootId":"hv5dgbbkuz5xzt2","id":"hv5dgbbkuz5xzt2"},"id":"m5qdztfoyzxpd99","previousOperationId":"6f6m5z48m2lzva7"}
{"type":"log","timestamp":1731227763440,"level":"info","message":"Rendering request 135 finished in 1310 ms","meta":{"rootId":"hv5dgbbkuz5xzt2","id":"hv5dgbbkuz5xzt2"},"id":"itucwwyw3hv8ejq","previousOperationId":"6f6m5z48m2lzva7"}
{"type":"operationEnd","subtype":"render","operationId":"qq5s8rch5ypel92","timestamp":1731227763440,"id":"gb4fy805absv2pt","previousEventId":"ns1l3kf33oukjqs","previousOperationId":"6f6m5z48m2lzva7"}
{"type":"operationEnd","doDiffs":false,"previousEventId":"bi9qg1e8bdq75ak","previousOperationId":"6mn48y3rtcrvbbs","operationId":"6mn48y3rtcrvbbs","timestamp":1731227763442,"id":"9t0p9cbb16zdhai"}
