{"type":"operationStart","subtype":"profile","data":{"_id":"YyEtthaoMyI3yGQ7","timestamp":"2024-11-10T14:48:28.258Z","state":"queued","mode":"standard","creationDate":"2024-11-10T14:48:28.260Z","modificationDate":"2024-11-10T14:48:28.260Z","shortid":"jqnhffG","inheritedReadPermissions":[],"inheritedEditPermissions":[],"$entitySet":"profiles"},"doDiffs":false,"timestamp":1731250108259,"id":"lthp2z7cg57fpq2","previousOperationId":null,"operationId":"lpuc6x4af4ezlmt"}
{"type":"log","level":"info","message":"Render request 173 queued for execution and waiting for available worker","previousOperationId":"lpuc6x4af4ezlmt","timestamp":1731250108260,"id":"dsr3pnpbooskwxy"}
{"type":"operationStart","subtype":"render","name":"new-excl-template","previousOperationId":"lpuc6x4af4ezlmt","timestamp":1731250108270,"id":"6i5mkltkh3r73za","previousEventId":"lthp2z7cg57fpq2","operationId":"3f2n11fq50sj9sd"}
{"type":"log","timestamp":1731250108270,"level":"info","message":"Starting rendering request 173 (user: admin)","meta":{"rootId":"i1jk1vlauubc2g4","id":"i1jk1vlauubc2g4"},"id":"pg1131ovhv0ck4j","previousOperationId":"3f2n11fq50sj9sd"}
{"type":"log","timestamp":1731250108270,"level":"info","message":"Rendering template { name: new-excl-template, recipe: html-to-xlsx, engine: handlebars, preview: true }","meta":{"rootId":"i1jk1vlauubc2g4","id":"i1jk1vlauubc2g4"},"id":"6z5htexsir8x7fz","previousOperationId":"3f2n11fq50sj9sd"}
{"type":"log","timestamp":1731250108271,"level":"debug","message":"Inline data specified.","meta":{"rootId":"i1jk1vlauubc2g4","id":"i1jk1vlauubc2g4"},"id":"3p27r88v8th2px5","previousOperationId":"3f2n11fq50sj9sd"}
{"type":"log","timestamp":1731250108272,"level":"debug","message":"Base url not specified, skipping its injection.","meta":{"rootId":"i1jk1vlauubc2g4","id":"i1jk1vlauubc2g4"},"id":"wkbdtpjk88o3ogq","previousOperationId":"3f2n11fq50sj9sd"}
{"type":"log","timestamp":1731250108274,"level":"debug","message":"Replaced assets [\"KhmerOSSiemreapRegular.ttf\"]","meta":{"rootId":"i1jk1vlauubc2g4","id":"i1jk1vlauubc2g4"},"id":"ncxeirbgdm0yo3t","previousOperationId":"3f2n11fq50sj9sd"}
{"type":"operationStart","subtype":"engine","name":"handlebars","timestamp":1731250108274,"id":"s8mvavf0wndn8mg","previousEventId":"6i5mkltkh3r73za","operationId":"madaa0pahp8c4qt","previousOperationId":"3f2n11fq50sj9sd"}
{"type":"log","timestamp":1731250108274,"level":"debug","message":"Rendering engine handlebars","meta":{"rootId":"i1jk1vlauubc2g4","id":"i1jk1vlauubc2g4"},"id":"pcsnlty5ash9b6f","previousOperationId":"madaa0pahp8c4qt"}
{"type":"operationEnd","operationId":"madaa0pahp8c4qt","timestamp":1731250108289,"id":"mrd99r4h0ndwn1g","previousEventId":"s8mvavf0wndn8mg","previousOperationId":"madaa0pahp8c4qt"}
{"type":"operationStart","subtype":"recipe","name":"html-to-xlsx","timestamp":1731250108290,"id":"dhrgvw3zuo54s3c","previousEventId":"mrd99r4h0ndwn1g","operationId":"y6xte8r0ou9jjot","previousOperationId":"madaa0pahp8c4qt"}
{"type":"log","timestamp":1731250108290,"level":"debug","message":"Executing recipe html-to-xlsx","meta":{"rootId":"i1jk1vlauubc2g4","id":"i1jk1vlauubc2g4"},"id":"tfwp9svo1jsqiq6","previousOperationId":"y6xte8r0ou9jjot"}
{"type":"log","timestamp":1731250108290,"level":"info","message":"html-to-xlsx generation is starting","meta":{"rootId":"i1jk1vlauubc2g4","id":"i1jk1vlauubc2g4"},"id":"fmvehdw8vh74va0","previousOperationId":"y6xte8r0ou9jjot"}
{"type":"log","timestamp":1731250108994,"level":"info","message":"html-to-xlsx generation was finished","meta":{"rootId":"i1jk1vlauubc2g4","id":"i1jk1vlauubc2g4"},"id":"bm639e6x9y4crlp","previousOperationId":"y6xte8r0ou9jjot"}
{"type":"log","timestamp":1731250108994,"level":"debug","message":"preparing office preview","meta":{"rootId":"i1jk1vlauubc2g4","id":"i1jk1vlauubc2g4"},"id":"zk08fwzzl3hbvp0","previousOperationId":"y6xte8r0ou9jjot"}
{"type":"operationEnd","operationId":"y6xte8r0ou9jjot","timestamp":1731250109446,"id":"7rfqft3i12x420m","previousEventId":"dhrgvw3zuo54s3c","previousOperationId":"y6xte8r0ou9jjot"}
{"type":"log","timestamp":1731250109446,"level":"debug","message":"Skipping storing report.","meta":{"rootId":"i1jk1vlauubc2g4","id":"i1jk1vlauubc2g4"},"id":"djd0hbid3rr5nv1","previousOperationId":"y6xte8r0ou9jjot"}
{"type":"log","timestamp":1731250109446,"level":"info","message":"Rendering request 173 finished in 1188 ms","meta":{"rootId":"i1jk1vlauubc2g4","id":"i1jk1vlauubc2g4"},"id":"yywkoxxnmibnscl","previousOperationId":"y6xte8r0ou9jjot"}
{"type":"operationEnd","subtype":"render","operationId":"3f2n11fq50sj9sd","timestamp":1731250109446,"id":"om2klm8tdys4ghq","previousEventId":"7rfqft3i12x420m","previousOperationId":"y6xte8r0ou9jjot"}
{"type":"operationEnd","doDiffs":false,"previousEventId":"lthp2z7cg57fpq2","previousOperationId":"lpuc6x4af4ezlmt","operationId":"lpuc6x4af4ezlmt","timestamp":1731250109447,"id":"xdqzp777da4ikbi"}
