{"type":"operationStart","subtype":"profile","data":{"_id":"Ox3SfTXAQuMMCw72","timestamp":"2024-11-10T15:40:27.427Z","state":"queued","mode":"standard","creationDate":"2024-11-10T15:40:27.429Z","modificationDate":"2024-11-10T15:40:27.429Z","shortid":"X4QYxdt","inheritedReadPermissions":[],"inheritedEditPermissions":[],"$entitySet":"profiles"},"doDiffs":false,"timestamp":1731253227428,"id":"o5ivktn3aw9f8i2","previousOperationId":null,"operationId":"zpa1dcubvezgpob"}
{"type":"log","level":"info","message":"Render request 207 queued for execution and waiting for available worker","previousOperationId":"zpa1dcubvezgpob","timestamp":1731253227429,"id":"4geojckc83zoata"}
{"type":"operationStart","subtype":"render","name":"new-excl-template","previousOperationId":"zpa1dcubvezgpob","timestamp":1731253227436,"id":"ane1max08f6px8w","previousEventId":"o5ivktn3aw9f8i2","operationId":"jry267wzjdsiyyc"}
{"type":"log","timestamp":1731253227436,"level":"info","message":"Starting rendering request 207 (user: admin)","meta":{"rootId":"i61zdil9rf0uy0g","id":"i61zdil9rf0uy0g"},"id":"dfg4j574p874lle","previousOperationId":"jry267wzjdsiyyc"}
{"type":"log","timestamp":1731253227436,"level":"info","message":"Rendering template { name: new-excl-template, recipe: html-to-xlsx, engine: handlebars, preview: true }","meta":{"rootId":"i61zdil9rf0uy0g","id":"i61zdil9rf0uy0g"},"id":"1spii5f9qukr449","previousOperationId":"jry267wzjdsiyyc"}
{"type":"log","timestamp":1731253227437,"level":"debug","message":"Inline data specified.","meta":{"rootId":"i61zdil9rf0uy0g","id":"i61zdil9rf0uy0g"},"id":"pvq2v928c6j7m3w","previousOperationId":"jry267wzjdsiyyc"}
{"type":"log","timestamp":1731253227438,"level":"debug","message":"Base url not specified, skipping its injection.","meta":{"rootId":"i61zdil9rf0uy0g","id":"i61zdil9rf0uy0g"},"id":"qtnkjzbdkhk4dme","previousOperationId":"jry267wzjdsiyyc"}
{"type":"log","timestamp":1731253227439,"level":"debug","message":"Replaced assets [\"KhmerOSSiemreapRegular.ttf\"]","meta":{"rootId":"i61zdil9rf0uy0g","id":"i61zdil9rf0uy0g"},"id":"t9fypu4dcs0jten","previousOperationId":"jry267wzjdsiyyc"}
{"type":"operationStart","subtype":"engine","name":"handlebars","timestamp":1731253227439,"id":"t4av8a09has8ikq","previousEventId":"ane1max08f6px8w","operationId":"9gogjt1hlaaox8h","previousOperationId":"jry267wzjdsiyyc"}
{"type":"log","timestamp":1731253227439,"level":"debug","message":"Rendering engine handlebars","meta":{"rootId":"i61zdil9rf0uy0g","id":"i61zdil9rf0uy0g"},"id":"nbwwyew61ku9gnz","previousOperationId":"9gogjt1hlaaox8h"}
{"type":"operationEnd","operationId":"9gogjt1hlaaox8h","timestamp":1731253227454,"id":"sr484tohcm6cdgz","previousEventId":"t4av8a09has8ikq","previousOperationId":"9gogjt1hlaaox8h"}
{"type":"operationStart","subtype":"recipe","name":"html-to-xlsx","timestamp":1731253227456,"id":"u3g4sotrmgf369q","previousEventId":"sr484tohcm6cdgz","operationId":"wnb1obgn5yk3phh","previousOperationId":"9gogjt1hlaaox8h"}
{"type":"log","timestamp":1731253227456,"level":"debug","message":"Executing recipe html-to-xlsx","meta":{"rootId":"i61zdil9rf0uy0g","id":"i61zdil9rf0uy0g"},"id":"33v5dm9pb3wkha6","previousOperationId":"wnb1obgn5yk3phh"}
{"type":"log","timestamp":1731253227456,"level":"info","message":"html-to-xlsx generation is starting","meta":{"rootId":"i61zdil9rf0uy0g","id":"i61zdil9rf0uy0g"},"id":"je8xenil2dpmiqr","previousOperationId":"wnb1obgn5yk3phh"}
{"type":"log","timestamp":1731253228042,"level":"info","message":"html-to-xlsx generation was finished","meta":{"rootId":"i61zdil9rf0uy0g","id":"i61zdil9rf0uy0g"},"id":"3m2w6o4rrb5d8yt","previousOperationId":"wnb1obgn5yk3phh"}
{"type":"log","timestamp":1731253228042,"level":"debug","message":"preparing office preview","meta":{"rootId":"i61zdil9rf0uy0g","id":"i61zdil9rf0uy0g"},"id":"3gc68k6ookyfmkd","previousOperationId":"wnb1obgn5yk3phh"}
{"type":"operationEnd","operationId":"wnb1obgn5yk3phh","timestamp":1731253228487,"id":"2x9npmggxwrkog6","previousEventId":"u3g4sotrmgf369q","previousOperationId":"wnb1obgn5yk3phh"}
{"type":"log","timestamp":1731253228487,"level":"debug","message":"Skipping storing report.","meta":{"rootId":"i61zdil9rf0uy0g","id":"i61zdil9rf0uy0g"},"id":"cukufh3aioqqcs8","previousOperationId":"wnb1obgn5yk3phh"}
{"type":"log","timestamp":1731253228487,"level":"info","message":"Rendering request 207 finished in 1060 ms","meta":{"rootId":"i61zdil9rf0uy0g","id":"i61zdil9rf0uy0g"},"id":"xy0gy71g3ow75f1","previousOperationId":"wnb1obgn5yk3phh"}
{"type":"operationEnd","subtype":"render","operationId":"jry267wzjdsiyyc","timestamp":1731253228487,"id":"69k5sidvgesz0ei","previousEventId":"2x9npmggxwrkog6","previousOperationId":"wnb1obgn5yk3phh"}
{"type":"operationEnd","doDiffs":false,"previousEventId":"o5ivktn3aw9f8i2","previousOperationId":"zpa1dcubvezgpob","operationId":"zpa1dcubvezgpob","timestamp":1731253228489,"id":"r123ux8mkec993k"}
