{"type":"operationStart","subtype":"profile","data":{"_id":"eyEm9KOUyh28aZHj","timestamp":"2024-11-10T14:36:39.632Z","state":"queued","mode":"standard","creationDate":"2024-11-10T14:36:39.635Z","modificationDate":"2024-11-10T14:36:39.635Z","shortid":"xjldopd","inheritedReadPermissions":[],"inheritedEditPermissions":[],"$entitySet":"profiles"},"doDiffs":false,"timestamp":1731249399633,"id":"snuraa84ra2nwh1","previousOperationId":null,"operationId":"n97848v7xces629"}
{"type":"log","level":"info","message":"Render request 151 queued for execution and waiting for available worker","previousOperationId":"n97848v7xces629","timestamp":1731249399634,"id":"h0kwiv31rm9pyi8"}
{"type":"operationStart","subtype":"render","name":"new-excl-template","previousOperationId":"n97848v7xces629","timestamp":1731249399644,"id":"2rauf1wsih3ax36","previousEventId":"snuraa84ra2nwh1","operationId":"ykjouob7bob6t3m"}
{"type":"log","timestamp":1731249399644,"level":"info","message":"Starting rendering request 151 (user: admin)","meta":{"rootId":"i7du2ekf28q8bc7","id":"i7du2ekf28q8bc7"},"id":"co9veexlelr93br","previousOperationId":"ykjouob7bob6t3m"}
{"type":"log","timestamp":1731249399644,"level":"info","message":"Rendering template { name: new-excl-template, recipe: html-to-xlsx, engine: handlebars, preview: true }","meta":{"rootId":"i7du2ekf28q8bc7","id":"i7du2ekf28q8bc7"},"id":"coqlinw0r92eshx","previousOperationId":"ykjouob7bob6t3m"}
{"type":"log","timestamp":1731249399644,"level":"debug","message":"Inline data specified.","meta":{"rootId":"i7du2ekf28q8bc7","id":"i7du2ekf28q8bc7"},"id":"syb2cwsue95t8r2","previousOperationId":"ykjouob7bob6t3m"}
{"type":"log","timestamp":1731249399646,"level":"debug","message":"Base url not specified, skipping its injection.","meta":{"rootId":"i7du2ekf28q8bc7","id":"i7du2ekf28q8bc7"},"id":"bs5wgfatla3qkvs","previousOperationId":"ykjouob7bob6t3m"}
{"type":"log","timestamp":1731249399648,"level":"debug","message":"Replaced assets [\"KhmerOSSiemreapRegular.ttf\"]","meta":{"rootId":"i7du2ekf28q8bc7","id":"i7du2ekf28q8bc7"},"id":"uldwbj337mu4chc","previousOperationId":"ykjouob7bob6t3m"}
{"type":"operationStart","subtype":"engine","name":"handlebars","timestamp":1731249399648,"id":"gqz5bps7wkxi68w","previousEventId":"2rauf1wsih3ax36","operationId":"kdqodz9xg4k3m4r","previousOperationId":"ykjouob7bob6t3m"}
{"type":"log","timestamp":1731249399648,"level":"debug","message":"Rendering engine handlebars","meta":{"rootId":"i7du2ekf28q8bc7","id":"i7du2ekf28q8bc7"},"id":"0a1i4h8gyhekmrs","previousOperationId":"kdqodz9xg4k3m4r"}
{"type":"operationEnd","operationId":"kdqodz9xg4k3m4r","timestamp":1731249399660,"id":"0fyy9iyrp4joskb","previousEventId":"gqz5bps7wkxi68w","previousOperationId":"kdqodz9xg4k3m4r"}
{"type":"operationStart","subtype":"recipe","name":"html-to-xlsx","timestamp":1731249399661,"id":"vrc4ic8lgi40otr","previousEventId":"0fyy9iyrp4joskb","operationId":"w4f4hdudyo6rz8g","previousOperationId":"kdqodz9xg4k3m4r"}
{"type":"log","timestamp":1731249399661,"level":"debug","message":"Executing recipe html-to-xlsx","meta":{"rootId":"i7du2ekf28q8bc7","id":"i7du2ekf28q8bc7"},"id":"n2bw1p8mqfnpgr3","previousOperationId":"w4f4hdudyo6rz8g"}
{"type":"log","timestamp":1731249399661,"level":"info","message":"html-to-xlsx generation is starting","meta":{"rootId":"i7du2ekf28q8bc7","id":"i7du2ekf28q8bc7"},"id":"nu8bzivo1jvv552","previousOperationId":"w4f4hdudyo6rz8g"}
{"type":"log","timestamp":1731249400290,"level":"info","message":"html-to-xlsx generation was finished","meta":{"rootId":"i7du2ekf28q8bc7","id":"i7du2ekf28q8bc7"},"id":"6r4cmk7jpi1y8kh","previousOperationId":"w4f4hdudyo6rz8g"}
{"type":"log","timestamp":1731249400290,"level":"debug","message":"preparing office preview","meta":{"rootId":"i7du2ekf28q8bc7","id":"i7du2ekf28q8bc7"},"id":"e9mm3p3nzygv9dh","previousOperationId":"w4f4hdudyo6rz8g"}
{"type":"operationEnd","operationId":"w4f4hdudyo6rz8g","timestamp":1731249400732,"id":"ak0yp9r4l4v1nrb","previousEventId":"vrc4ic8lgi40otr","previousOperationId":"w4f4hdudyo6rz8g"}
{"type":"log","timestamp":1731249400732,"level":"debug","message":"Skipping storing report.","meta":{"rootId":"i7du2ekf28q8bc7","id":"i7du2ekf28q8bc7"},"id":"w78fvwqrh4x6f73","previousOperationId":"w4f4hdudyo6rz8g"}
{"type":"log","timestamp":1731249400732,"level":"info","message":"Rendering request 151 finished in 1100 ms","meta":{"rootId":"i7du2ekf28q8bc7","id":"i7du2ekf28q8bc7"},"id":"wkpx2kyxo7r99un","previousOperationId":"w4f4hdudyo6rz8g"}
{"type":"operationEnd","subtype":"render","operationId":"ykjouob7bob6t3m","timestamp":1731249400732,"id":"krpryc4yqyv28ba","previousEventId":"ak0yp9r4l4v1nrb","previousOperationId":"w4f4hdudyo6rz8g"}
{"type":"operationEnd","doDiffs":false,"previousEventId":"snuraa84ra2nwh1","previousOperationId":"n97848v7xces629","operationId":"n97848v7xces629","timestamp":1731249400735,"id":"nmsasindi59wm4o"}
