{"type":"operationStart","subtype":"profile","data":{"_id":"xK4gzxXDUljaOnsY","timestamp":"2024-11-10T08:37:58.376Z","state":"queued","mode":"standard","creationDate":"2024-11-10T08:37:58.378Z","modificationDate":"2024-11-10T08:37:58.378Z","shortid":"Bn7z8Lj","inheritedReadPermissions":[],"inheritedEditPermissions":[],"$entitySet":"profiles"},"doDiffs":false,"timestamp":1731227878377,"id":"eodp7wgubnd2z5a","previousOperationId":null,"operationId":"tqnwx94d1l80s04"}
{"type":"log","level":"info","message":"Render request 140 queued for execution and waiting for available worker","previousOperationId":"tqnwx94d1l80s04","timestamp":1731227878377,"id":"1scvmibvs45emjg"}
{"type":"operationStart","subtype":"render","name":"new-excl-template","previousOperationId":"tqnwx94d1l80s04","timestamp":1731227878386,"id":"dkg66qosid1hy8k","previousEventId":"eodp7wgubnd2z5a","operationId":"fp0oy8bkt3lwlsi"}
{"type":"log","timestamp":1731227878386,"level":"info","message":"Starting rendering request 140 (user: admin)","meta":{"rootId":"i7m0aw5xp518kc9","id":"i7m0aw5xp518kc9"},"id":"k4xslbyl0aqez1v","previousOperationId":"fp0oy8bkt3lwlsi"}
{"type":"log","timestamp":1731227878386,"level":"info","message":"Rendering template { name: new-excl-template, recipe: html-to-xlsx, engine: handlebars, preview: true }","meta":{"rootId":"i7m0aw5xp518kc9","id":"i7m0aw5xp518kc9"},"id":"4tb9xeywkc4ic7p","previousOperationId":"fp0oy8bkt3lwlsi"}
{"type":"log","timestamp":1731227878387,"level":"debug","message":"Inline data specified.","meta":{"rootId":"i7m0aw5xp518kc9","id":"i7m0aw5xp518kc9"},"id":"bcn49cotp3k8tgl","previousOperationId":"fp0oy8bkt3lwlsi"}
{"type":"log","timestamp":1731227878388,"level":"debug","message":"Base url not specified, skipping its injection.","meta":{"rootId":"i7m0aw5xp518kc9","id":"i7m0aw5xp518kc9"},"id":"wp7l5opai6u5qt2","previousOperationId":"fp0oy8bkt3lwlsi"}
{"type":"log","timestamp":1731227878390,"level":"debug","message":"Replaced assets [\"/asset/font/KhmerOSSiemreapRegular.ttf\"]","meta":{"rootId":"i7m0aw5xp518kc9","id":"i7m0aw5xp518kc9"},"id":"qesblbxt2iw5h04","previousOperationId":"fp0oy8bkt3lwlsi"}
{"type":"operationStart","subtype":"engine","name":"handlebars","timestamp":1731227878390,"id":"wwhsu2x7xg861uu","previousEventId":"dkg66qosid1hy8k","operationId":"9eid0jqg7yctrn9","previousOperationId":"fp0oy8bkt3lwlsi"}
{"type":"log","timestamp":1731227878390,"level":"debug","message":"Rendering engine handlebars","meta":{"rootId":"i7m0aw5xp518kc9","id":"i7m0aw5xp518kc9"},"id":"s6t8gn07fi4wzpb","previousOperationId":"9eid0jqg7yctrn9"}
{"type":"operationEnd","operationId":"9eid0jqg7yctrn9","timestamp":1731227878415,"id":"9ulpxbgzshmky9l","previousEventId":"wwhsu2x7xg861uu","previousOperationId":"9eid0jqg7yctrn9"}
{"type":"operationStart","subtype":"recipe","name":"html-to-xlsx","timestamp":1731227878420,"id":"v1ld6to8echrm73","previousEventId":"9ulpxbgzshmky9l","operationId":"0f4763eoaltwqad","previousOperationId":"9eid0jqg7yctrn9"}
{"type":"log","timestamp":1731227878420,"level":"debug","message":"Executing recipe html-to-xlsx","meta":{"rootId":"i7m0aw5xp518kc9","id":"i7m0aw5xp518kc9"},"id":"meyvgv72510v75r","previousOperationId":"0f4763eoaltwqad"}
{"type":"log","timestamp":1731227878420,"level":"info","message":"html-to-xlsx generation is starting","meta":{"rootId":"i7m0aw5xp518kc9","id":"i7m0aw5xp518kc9"},"id":"3bxsnbseroqxpgr","previousOperationId":"0f4763eoaltwqad"}
{"type":"log","timestamp":1731227879647,"level":"info","message":"html-to-xlsx generation was finished","meta":{"rootId":"i7m0aw5xp518kc9","id":"i7m0aw5xp518kc9"},"id":"fgv0j5yn75qjzaf","previousOperationId":"0f4763eoaltwqad"}
{"type":"log","timestamp":1731227879647,"level":"debug","message":"preparing office preview","meta":{"rootId":"i7m0aw5xp518kc9","id":"i7m0aw5xp518kc9"},"id":"keb0fq3wla6nr8y","previousOperationId":"0f4763eoaltwqad"}
{"type":"operationEnd","operationId":"0f4763eoaltwqad","timestamp":1731227880317,"id":"ft7z73y7iyjasjd","previousEventId":"v1ld6to8echrm73","previousOperationId":"0f4763eoaltwqad"}
{"type":"log","timestamp":1731227880317,"level":"debug","message":"Skipping storing report.","meta":{"rootId":"i7m0aw5xp518kc9","id":"i7m0aw5xp518kc9"},"id":"iirscly0hq5bf0t","previousOperationId":"0f4763eoaltwqad"}
{"type":"log","timestamp":1731227880317,"level":"info","message":"Rendering request 140 finished in 1941 ms","meta":{"rootId":"i7m0aw5xp518kc9","id":"i7m0aw5xp518kc9"},"id":"xrwd8m7i6ow9wd2","previousOperationId":"0f4763eoaltwqad"}
{"type":"operationEnd","subtype":"render","operationId":"fp0oy8bkt3lwlsi","timestamp":1731227880317,"id":"spzi35mzn8aatrb","previousEventId":"ft7z73y7iyjasjd","previousOperationId":"0f4763eoaltwqad"}
{"type":"operationEnd","doDiffs":false,"previousEventId":"eodp7wgubnd2z5a","previousOperationId":"tqnwx94d1l80s04","operationId":"tqnwx94d1l80s04","timestamp":1731227880319,"id":"vdy6zadizyha99m"}
