{"type":"operationStart","subtype":"profile","data":{"_id":"XfZkaovXC8jtFFVR","timestamp":"2024-11-10T10:11:37.809Z","state":"queued","mode":"standard","creationDate":"2024-11-10T10:11:37.811Z","modificationDate":"2024-11-10T10:11:37.811Z","shortid":"rTmte9c","inheritedReadPermissions":[],"inheritedEditPermissions":[],"$entitySet":"profiles"},"doDiffs":false,"timestamp":1731233497810,"id":"965ikbtah35g6n3","previousOperationId":null,"operationId":"cdrtllzjy43feu3"}
{"type":"log","level":"info","message":"Render request 300 queued for execution and waiting for available worker","previousOperationId":"cdrtllzjy43feu3","timestamp":1731233497810,"id":"5pc5ftkckqx4us8"}
{"type":"operationStart","subtype":"render","name":"new-excl-template","previousOperationId":"cdrtllzjy43feu3","timestamp":1731233497821,"id":"3e0t1aadetc6yxn","previousEventId":"965ikbtah35g6n3","operationId":"2a7waw9avfbi9z8"}
{"type":"log","timestamp":1731233497821,"level":"info","message":"Starting rendering request 300 (user: admin)","meta":{"rootId":"iedpnay7x707g2x","id":"iedpnay7x707g2x"},"id":"31uvdg3a8a00ybj","previousOperationId":"2a7waw9avfbi9z8"}
{"type":"log","timestamp":1731233497821,"level":"info","message":"Rendering template { name: new-excl-template, recipe: html-to-xlsx, engine: handlebars, preview: true }","meta":{"rootId":"iedpnay7x707g2x","id":"iedpnay7x707g2x"},"id":"cgdx38pf7it4q42","previousOperationId":"2a7waw9avfbi9z8"}
{"type":"log","timestamp":1731233497822,"level":"debug","message":"Adding sample data pVkbCM7am","meta":{"rootId":"iedpnay7x707g2x","id":"iedpnay7x707g2x"},"id":"zx3xxav5iwuethz","previousOperationId":"2a7waw9avfbi9z8"}
{"type":"log","timestamp":1731233497824,"level":"debug","message":"Base url not specified, skipping its injection.","meta":{"rootId":"iedpnay7x707g2x","id":"iedpnay7x707g2x"},"id":"36dnt7rovxto315","previousOperationId":"2a7waw9avfbi9z8"}
{"type":"log","timestamp":1731233497825,"level":"debug","message":"Replaced assets [\"KhmerOSSiemreapRegular.ttf\"]","meta":{"rootId":"iedpnay7x707g2x","id":"iedpnay7x707g2x"},"id":"vcwjuz0bilqtqh8","previousOperationId":"2a7waw9avfbi9z8"}
{"type":"operationStart","subtype":"engine","name":"handlebars","timestamp":1731233497826,"id":"j031c3ma6rfp7tb","previousEventId":"3e0t1aadetc6yxn","operationId":"azqrjm78a17bepg","previousOperationId":"2a7waw9avfbi9z8"}
{"type":"log","timestamp":1731233497826,"level":"debug","message":"Rendering engine handlebars","meta":{"rootId":"iedpnay7x707g2x","id":"iedpnay7x707g2x"},"id":"zb2kpqetm85zw8w","previousOperationId":"azqrjm78a17bepg"}
{"type":"operationEnd","operationId":"azqrjm78a17bepg","timestamp":1731233497842,"id":"87cwatu60nr2ak4","previousEventId":"j031c3ma6rfp7tb","previousOperationId":"azqrjm78a17bepg"}
{"type":"operationStart","subtype":"recipe","name":"html-to-xlsx","timestamp":1731233497845,"id":"bnpx8eyzh7ahjjt","previousEventId":"87cwatu60nr2ak4","operationId":"9s882z2brk7yyml","previousOperationId":"azqrjm78a17bepg"}
{"type":"log","timestamp":1731233497845,"level":"debug","message":"Executing recipe html-to-xlsx","meta":{"rootId":"iedpnay7x707g2x","id":"iedpnay7x707g2x"},"id":"yp38q6t8ev0904e","previousOperationId":"9s882z2brk7yyml"}
{"type":"log","timestamp":1731233497845,"level":"info","message":"html-to-xlsx generation is starting","meta":{"rootId":"iedpnay7x707g2x","id":"iedpnay7x707g2x"},"id":"pk4o5llemp2p1m8","previousOperationId":"9s882z2brk7yyml"}
{"type":"log","timestamp":1731233498372,"level":"info","message":"html-to-xlsx generation was finished","meta":{"rootId":"iedpnay7x707g2x","id":"iedpnay7x707g2x"},"id":"k4ckzytnwcqji77","previousOperationId":"9s882z2brk7yyml"}
{"type":"log","timestamp":1731233498372,"level":"debug","message":"preparing office preview","meta":{"rootId":"iedpnay7x707g2x","id":"iedpnay7x707g2x"},"id":"fs00f427ji3r6p8","previousOperationId":"9s882z2brk7yyml"}
{"type":"operationEnd","operationId":"9s882z2brk7yyml","timestamp":1731233498818,"id":"8xv2rk524v7bfoo","previousEventId":"bnpx8eyzh7ahjjt","previousOperationId":"9s882z2brk7yyml"}
{"type":"log","timestamp":1731233498818,"level":"debug","message":"Skipping storing report.","meta":{"rootId":"iedpnay7x707g2x","id":"iedpnay7x707g2x"},"id":"1wzsw39joaq3urk","previousOperationId":"9s882z2brk7yyml"}
{"type":"log","timestamp":1731233498818,"level":"info","message":"Rendering request 300 finished in 1009 ms","meta":{"rootId":"iedpnay7x707g2x","id":"iedpnay7x707g2x"},"id":"8dtwxchu1uwf3vh","previousOperationId":"9s882z2brk7yyml"}
{"type":"operationEnd","subtype":"render","operationId":"2a7waw9avfbi9z8","timestamp":1731233498818,"id":"v1275mu65x8uagx","previousEventId":"8xv2rk524v7bfoo","previousOperationId":"9s882z2brk7yyml"}
{"type":"operationEnd","doDiffs":false,"previousEventId":"965ikbtah35g6n3","previousOperationId":"cdrtllzjy43feu3","operationId":"cdrtllzjy43feu3","timestamp":1731233498820,"id":"zkcogqv3jubasuc"}
