{"type":"operationStart","subtype":"profile","data":{"_id":"mKKiVy0KdUPBmX3t","timestamp":"2024-11-10T14:53:20.452Z","state":"queued","mode":"standard","creationDate":"2024-11-10T14:53:20.453Z","modificationDate":"2024-11-10T14:53:20.453Z","shortid":"WmVpLnT","inheritedReadPermissions":[],"inheritedEditPermissions":[],"$entitySet":"profiles"},"doDiffs":false,"timestamp":1731250400453,"id":"lp5omhe4sjr18ki","previousOperationId":null,"operationId":"zffau8h8vf6qecb"}
{"type":"log","level":"info","message":"Render request 179 queued for execution and waiting for available worker","previousOperationId":"zffau8h8vf6qecb","timestamp":1731250400453,"id":"yajwy1j0qgantkw"}
{"type":"operationStart","subtype":"render","name":"new-excl-template","previousOperationId":"zffau8h8vf6qecb","timestamp":1731250400461,"id":"9y0hgf9e7837sy7","previousEventId":"lp5omhe4sjr18ki","operationId":"yz5otqlc091bej0"}
{"type":"log","timestamp":1731250400461,"level":"info","message":"Starting rendering request 179 (user: admin)","meta":{"rootId":"ieu94hkd3vnfsgt","id":"ieu94hkd3vnfsgt"},"id":"evpn5hoxnz5ovmi","previousOperationId":"yz5otqlc091bej0"}
{"type":"log","timestamp":1731250400461,"level":"info","message":"Rendering template { name: new-excl-template, recipe: html-to-xlsx, engine: handlebars, preview: true }","meta":{"rootId":"ieu94hkd3vnfsgt","id":"ieu94hkd3vnfsgt"},"id":"nz1g41o23h6rfkq","previousOperationId":"yz5otqlc091bej0"}
{"type":"log","timestamp":1731250400461,"level":"debug","message":"Inline data specified.","meta":{"rootId":"ieu94hkd3vnfsgt","id":"ieu94hkd3vnfsgt"},"id":"r5jtad6wky0ylef","previousOperationId":"yz5otqlc091bej0"}
{"type":"log","timestamp":1731250400464,"level":"debug","message":"Base url not specified, skipping its injection.","meta":{"rootId":"ieu94hkd3vnfsgt","id":"ieu94hkd3vnfsgt"},"id":"r2b44mmywwhezy1","previousOperationId":"yz5otqlc091bej0"}
{"type":"log","timestamp":1731250400466,"level":"debug","message":"Replaced assets [\"KhmerOSSiemreapRegular.ttf\"]","meta":{"rootId":"ieu94hkd3vnfsgt","id":"ieu94hkd3vnfsgt"},"id":"nb6syla8osbmsjg","previousOperationId":"yz5otqlc091bej0"}
{"type":"operationStart","subtype":"engine","name":"handlebars","timestamp":1731250400466,"id":"6cvtgg3u7pwog8u","previousEventId":"9y0hgf9e7837sy7","operationId":"dg2yc7wse6sh3l5","previousOperationId":"yz5otqlc091bej0"}
{"type":"log","timestamp":1731250400466,"level":"debug","message":"Rendering engine handlebars","meta":{"rootId":"ieu94hkd3vnfsgt","id":"ieu94hkd3vnfsgt"},"id":"if07c0sqyocnt0o","previousOperationId":"dg2yc7wse6sh3l5"}
{"type":"operationEnd","operationId":"dg2yc7wse6sh3l5","timestamp":1731250400479,"id":"g9gewzpjicwh2eb","previousEventId":"6cvtgg3u7pwog8u","previousOperationId":"dg2yc7wse6sh3l5"}
{"type":"operationStart","subtype":"recipe","name":"html-to-xlsx","timestamp":1731250400480,"id":"orbz9bhwpfy0co8","previousEventId":"g9gewzpjicwh2eb","operationId":"ngr3esmfei5xf77","previousOperationId":"dg2yc7wse6sh3l5"}
{"type":"log","timestamp":1731250400480,"level":"debug","message":"Executing recipe html-to-xlsx","meta":{"rootId":"ieu94hkd3vnfsgt","id":"ieu94hkd3vnfsgt"},"id":"n58t8otcviyfq0b","previousOperationId":"ngr3esmfei5xf77"}
{"type":"log","timestamp":1731250400480,"level":"info","message":"html-to-xlsx generation is starting","meta":{"rootId":"ieu94hkd3vnfsgt","id":"ieu94hkd3vnfsgt"},"id":"x7rmxrt0aol9tit","previousOperationId":"ngr3esmfei5xf77"}
{"type":"log","timestamp":1731250401168,"level":"info","message":"html-to-xlsx generation was finished","meta":{"rootId":"ieu94hkd3vnfsgt","id":"ieu94hkd3vnfsgt"},"id":"fm2nk9jjomdfclq","previousOperationId":"ngr3esmfei5xf77"}
{"type":"log","timestamp":1731250401168,"level":"debug","message":"preparing office preview","meta":{"rootId":"ieu94hkd3vnfsgt","id":"ieu94hkd3vnfsgt"},"id":"dnz3p5ovipzcfm4","previousOperationId":"ngr3esmfei5xf77"}
{"type":"operationEnd","operationId":"ngr3esmfei5xf77","timestamp":1731250401614,"id":"cbaf4e2xc9tnwfr","previousEventId":"orbz9bhwpfy0co8","previousOperationId":"ngr3esmfei5xf77"}
{"type":"log","timestamp":1731250401614,"level":"debug","message":"Skipping storing report.","meta":{"rootId":"ieu94hkd3vnfsgt","id":"ieu94hkd3vnfsgt"},"id":"1kro91skz29z71f","previousOperationId":"ngr3esmfei5xf77"}
{"type":"log","timestamp":1731250401614,"level":"info","message":"Rendering request 179 finished in 1162 ms","meta":{"rootId":"ieu94hkd3vnfsgt","id":"ieu94hkd3vnfsgt"},"id":"xm5bvjdb8zbs3bz","previousOperationId":"ngr3esmfei5xf77"}
{"type":"operationEnd","subtype":"render","operationId":"yz5otqlc091bej0","timestamp":1731250401614,"id":"0vgsv86xd21hnba","previousEventId":"cbaf4e2xc9tnwfr","previousOperationId":"ngr3esmfei5xf77"}
{"type":"operationEnd","doDiffs":false,"previousEventId":"lp5omhe4sjr18ki","previousOperationId":"zffau8h8vf6qecb","operationId":"zffau8h8vf6qecb","timestamp":1731250401615,"id":"d2l780sicxdayji"}
