{"type":"operationStart","subtype":"profile","data":{"_id":"jIaLweu8pJtH2E1h","timestamp":"2024-11-10T10:00:10.785Z","state":"queued","mode":"standard","creationDate":"2024-11-10T10:00:10.787Z","modificationDate":"2024-11-10T10:00:10.787Z","shortid":"dhfqOL_","inheritedReadPermissions":[],"inheritedEditPermissions":[],"$entitySet":"profiles"},"doDiffs":false,"timestamp":1731232810786,"id":"afwmvjiayhry1yh","previousOperationId":null,"operationId":"duy1svha80gnt5o"}
{"type":"log","level":"info","message":"Render request 283 queued for execution and waiting for available worker","previousOperationId":"duy1svha80gnt5o","timestamp":1731232810786,"id":"nnow2tusnqhwxzg"}
{"type":"operationStart","subtype":"render","name":"new-excl-template","previousOperationId":"duy1svha80gnt5o","timestamp":1731232810796,"id":"th3bur2oaqrisfe","previousEventId":"afwmvjiayhry1yh","operationId":"z8ctpkg4a6zagtl"}
{"type":"log","timestamp":1731232810796,"level":"info","message":"Starting rendering request 283 (user: admin)","meta":{"rootId":"ijt0qpeph15chz7","id":"ijt0qpeph15chz7"},"id":"6akep9le0wady84","previousOperationId":"z8ctpkg4a6zagtl"}
{"type":"log","timestamp":1731232810796,"level":"info","message":"Rendering template { name: new-excl-template, recipe: html-to-xlsx, engine: handlebars, preview: true }","meta":{"rootId":"ijt0qpeph15chz7","id":"ijt0qpeph15chz7"},"id":"ezuhbz5cooxveh1","previousOperationId":"z8ctpkg4a6zagtl"}
{"type":"log","timestamp":1731232810799,"level":"debug","message":"Adding sample data pVkbCM7am","meta":{"rootId":"ijt0qpeph15chz7","id":"ijt0qpeph15chz7"},"id":"e9dnua9ndka190t","previousOperationId":"z8ctpkg4a6zagtl"}
{"type":"log","timestamp":1731232810800,"level":"debug","message":"Base url not specified, skipping its injection.","meta":{"rootId":"ijt0qpeph15chz7","id":"ijt0qpeph15chz7"},"id":"jv3mo34cieu8rvo","previousOperationId":"z8ctpkg4a6zagtl"}
{"type":"log","timestamp":1731232810803,"level":"debug","message":"Replaced assets [\"KhmerOSSiemreapRegular.ttf\"]","meta":{"rootId":"ijt0qpeph15chz7","id":"ijt0qpeph15chz7"},"id":"t6z93k7hd1q6tlk","previousOperationId":"z8ctpkg4a6zagtl"}
{"type":"operationStart","subtype":"engine","name":"handlebars","timestamp":1731232810803,"id":"30r7kwznxdlvftg","previousEventId":"th3bur2oaqrisfe","operationId":"blj5ltwtha7tctp","previousOperationId":"z8ctpkg4a6zagtl"}
{"type":"log","timestamp":1731232810803,"level":"debug","message":"Rendering engine handlebars","meta":{"rootId":"ijt0qpeph15chz7","id":"ijt0qpeph15chz7"},"id":"m2mcoy99li6udt2","previousOperationId":"blj5ltwtha7tctp"}
{"type":"operationEnd","operationId":"blj5ltwtha7tctp","timestamp":1731232810822,"id":"ult23etsx4g1el6","previousEventId":"30r7kwznxdlvftg","previousOperationId":"blj5ltwtha7tctp"}
{"type":"operationStart","subtype":"recipe","name":"html-to-xlsx","timestamp":1731232810824,"id":"yzfee8et8yuemfg","previousEventId":"ult23etsx4g1el6","operationId":"j0vvt1tsfwe749m","previousOperationId":"blj5ltwtha7tctp"}
{"type":"log","timestamp":1731232810824,"level":"debug","message":"Executing recipe html-to-xlsx","meta":{"rootId":"ijt0qpeph15chz7","id":"ijt0qpeph15chz7"},"id":"vyd40bvwufg5jmt","previousOperationId":"j0vvt1tsfwe749m"}
{"type":"log","timestamp":1731232810824,"level":"info","message":"html-to-xlsx generation is starting","meta":{"rootId":"ijt0qpeph15chz7","id":"ijt0qpeph15chz7"},"id":"w82hb6dj0fvenvi","previousOperationId":"j0vvt1tsfwe749m"}
{"type":"log","timestamp":1731232811407,"level":"info","message":"html-to-xlsx generation was finished","meta":{"rootId":"ijt0qpeph15chz7","id":"ijt0qpeph15chz7"},"id":"usrv5fpo3scviyz","previousOperationId":"j0vvt1tsfwe749m"}
{"type":"log","timestamp":1731232811407,"level":"debug","message":"preparing office preview","meta":{"rootId":"ijt0qpeph15chz7","id":"ijt0qpeph15chz7"},"id":"iyk7fywhjmokkou","previousOperationId":"j0vvt1tsfwe749m"}
{"type":"operationEnd","operationId":"j0vvt1tsfwe749m","timestamp":1731232811853,"id":"oulvpu2rpj1lha5","previousEventId":"yzfee8et8yuemfg","previousOperationId":"j0vvt1tsfwe749m"}
{"type":"log","timestamp":1731232811853,"level":"debug","message":"Skipping storing report.","meta":{"rootId":"ijt0qpeph15chz7","id":"ijt0qpeph15chz7"},"id":"7j0watwmpyt0cqj","previousOperationId":"j0vvt1tsfwe749m"}
{"type":"log","timestamp":1731232811853,"level":"info","message":"Rendering request 283 finished in 1068 ms","meta":{"rootId":"ijt0qpeph15chz7","id":"ijt0qpeph15chz7"},"id":"ey64zj0kvqp3lb9","previousOperationId":"j0vvt1tsfwe749m"}
{"type":"operationEnd","subtype":"render","operationId":"z8ctpkg4a6zagtl","timestamp":1731232811853,"id":"oa3xkqx8snk70gb","previousEventId":"oulvpu2rpj1lha5","previousOperationId":"j0vvt1tsfwe749m"}
{"type":"operationEnd","doDiffs":false,"previousEventId":"afwmvjiayhry1yh","previousOperationId":"duy1svha80gnt5o","operationId":"duy1svha80gnt5o","timestamp":1731232811855,"id":"qkm5xqpbfpnagit"}
