{"type":"operationStart","subtype":"profile","data":{"_id":"galrlOmuuqRDxpZo","timestamp":"2024-11-10T12:56:46.050Z","state":"queued","mode":"standard","creationDate":"2024-11-10T12:56:46.054Z","modificationDate":"2024-11-10T12:56:46.054Z","shortid":"N-w2rAZ","inheritedReadPermissions":[],"inheritedEditPermissions":[],"$entitySet":"profiles"},"doDiffs":false,"timestamp":1731243406052,"id":"jcbusuhs4ril35v","previousOperationId":null,"operationId":"kq41nvnmwzob0c3"}
{"type":"log","level":"info","message":"Render request 1 queued for execution and waiting for available worker","previousOperationId":"kq41nvnmwzob0c3","timestamp":1731243406053,"id":"860a536h5gxekh0"}
{"type":"operationStart","subtype":"render","name":"new-excl-template","previousOperationId":"kq41nvnmwzob0c3","timestamp":1731243406082,"id":"ssfmzacpdffc35g","previousEventId":"jcbusuhs4ril35v","operationId":"chz7juok4lc1osz"}
{"type":"log","timestamp":1731243406082,"level":"info","message":"Starting rendering request 1 (user: admin)","meta":{"rootId":"ilpjk4ke5ghmr5m","id":"ilpjk4ke5ghmr5m"},"id":"76a01agattqgzi2","previousOperationId":"chz7juok4lc1osz"}
{"type":"log","timestamp":1731243406083,"level":"info","message":"Rendering template { name: new-excl-template, recipe: html-to-xlsx, engine: handlebars, preview: true }","meta":{"rootId":"ilpjk4ke5ghmr5m","id":"ilpjk4ke5ghmr5m"},"id":"vhoy0t4nqi8go6z","previousOperationId":"chz7juok4lc1osz"}
{"type":"log","timestamp":1731243406085,"level":"debug","message":"Adding sample data pVkbCM7am","meta":{"rootId":"ilpjk4ke5ghmr5m","id":"ilpjk4ke5ghmr5m"},"id":"mt93u4wokjrmst0","previousOperationId":"chz7juok4lc1osz"}
{"type":"log","timestamp":1731243406086,"level":"debug","message":"Base url not specified, skipping its injection.","meta":{"rootId":"ilpjk4ke5ghmr5m","id":"ilpjk4ke5ghmr5m"},"id":"0th0abd2iasvd1l","previousOperationId":"chz7juok4lc1osz"}
{"type":"log","timestamp":1731243406090,"level":"debug","message":"Replaced assets [\"KhmerOSSiemreapRegular.ttf\"]","meta":{"rootId":"ilpjk4ke5ghmr5m","id":"ilpjk4ke5ghmr5m"},"id":"vr81d040gej60gb","previousOperationId":"chz7juok4lc1osz"}
{"type":"operationStart","subtype":"engine","name":"handlebars","timestamp":1731243406091,"id":"44letgdsl08gru5","previousEventId":"ssfmzacpdffc35g","operationId":"gyevdqaz4hvj2ba","previousOperationId":"chz7juok4lc1osz"}
{"type":"log","timestamp":1731243406091,"level":"debug","message":"Rendering engine handlebars","meta":{"rootId":"ilpjk4ke5ghmr5m","id":"ilpjk4ke5ghmr5m"},"id":"k6wjsfsqp53p5nv","previousOperationId":"gyevdqaz4hvj2ba"}
{"type":"operationEnd","operationId":"gyevdqaz4hvj2ba","timestamp":1731243406671,"id":"10566zbegkkajap","previousEventId":"44letgdsl08gru5","previousOperationId":"gyevdqaz4hvj2ba"}
{"type":"operationStart","subtype":"recipe","name":"html-to-xlsx","timestamp":1731243406672,"id":"lk2bgt40xj667tb","previousEventId":"10566zbegkkajap","operationId":"e1xera1m3ogyj30","previousOperationId":"gyevdqaz4hvj2ba"}
{"type":"log","timestamp":1731243406672,"level":"debug","message":"Executing recipe html-to-xlsx","meta":{"rootId":"ilpjk4ke5ghmr5m","id":"ilpjk4ke5ghmr5m"},"id":"ignhv2ojtlynvfe","previousOperationId":"e1xera1m3ogyj30"}
{"type":"log","timestamp":1731243407680,"level":"info","message":"html-to-xlsx generation is starting","meta":{"rootId":"ilpjk4ke5ghmr5m","id":"ilpjk4ke5ghmr5m"},"id":"qd43wa79cyphgla","previousOperationId":"e1xera1m3ogyj30"}
{"type":"log","timestamp":1731243408612,"level":"info","message":"html-to-xlsx generation was finished","meta":{"rootId":"ilpjk4ke5ghmr5m","id":"ilpjk4ke5ghmr5m"},"id":"ktr93cubxxrj3z5","previousOperationId":"e1xera1m3ogyj30"}
{"type":"log","timestamp":1731243408640,"level":"debug","message":"preparing office preview","meta":{"rootId":"ilpjk4ke5ghmr5m","id":"ilpjk4ke5ghmr5m"},"id":"f898d17oncg8d4v","previousOperationId":"e1xera1m3ogyj30"}
{"type":"operationEnd","operationId":"e1xera1m3ogyj30","timestamp":1731243409155,"id":"ntywhf2v5agivq8","previousEventId":"lk2bgt40xj667tb","previousOperationId":"e1xera1m3ogyj30"}
{"type":"log","timestamp":1731243409156,"level":"debug","message":"Skipping storing report.","meta":{"rootId":"ilpjk4ke5ghmr5m","id":"ilpjk4ke5ghmr5m"},"id":"lg8xcnz2k9vhjwi","previousOperationId":"e1xera1m3ogyj30"}
{"type":"log","timestamp":1731243409156,"level":"info","message":"Rendering request 1 finished in 3107 ms","meta":{"rootId":"ilpjk4ke5ghmr5m","id":"ilpjk4ke5ghmr5m"},"id":"pih7mp7zioe1o75","previousOperationId":"e1xera1m3ogyj30"}
{"type":"operationEnd","subtype":"render","operationId":"chz7juok4lc1osz","timestamp":1731243409156,"id":"4gohgl9qwjzh688","previousEventId":"ntywhf2v5agivq8","previousOperationId":"e1xera1m3ogyj30"}
{"type":"operationEnd","doDiffs":false,"previousEventId":"jcbusuhs4ril35v","previousOperationId":"kq41nvnmwzob0c3","operationId":"kq41nvnmwzob0c3","timestamp":1731243409160,"id":"udnktsiyhdk3ha8"}
