{"type":"operationStart","subtype":"profile","data":{"_id":"89tacGVcy7VTR9we","timestamp":"2024-11-10T15:15:24.256Z","state":"queued","mode":"standard","creationDate":"2024-11-10T15:15:24.257Z","modificationDate":"2024-11-10T15:15:24.257Z","shortid":"6D2MbNM","inheritedReadPermissions":[],"inheritedEditPermissions":[],"$entitySet":"profiles"},"doDiffs":false,"timestamp":1731251724256,"id":"kq66evphmut04sc","previousOperationId":null,"operationId":"isn17yai78u81qh"}
{"type":"log","level":"info","message":"Render request 193 queued for execution and waiting for available worker","previousOperationId":"isn17yai78u81qh","timestamp":1731251724257,"id":"sarw69ghxqa35nw"}
{"type":"operationStart","subtype":"render","name":"new-excl-template","previousOperationId":"isn17yai78u81qh","timestamp":1731251724264,"id":"wfcltgcsafxpf9h","previousEventId":"kq66evphmut04sc","operationId":"fg21ud6yr9nlv0g"}
{"type":"log","timestamp":1731251724264,"level":"info","message":"Starting rendering request 193 (user: admin)","meta":{"rootId":"ilr0mxe8odda9je","id":"ilr0mxe8odda9je"},"id":"q2qq8058ttpuuuu","previousOperationId":"fg21ud6yr9nlv0g"}
{"type":"log","timestamp":1731251724264,"level":"info","message":"Rendering template { name: new-excl-template, recipe: html-to-xlsx, engine: handlebars, preview: true }","meta":{"rootId":"ilr0mxe8odda9je","id":"ilr0mxe8odda9je"},"id":"dataj4e8nxifwyi","previousOperationId":"fg21ud6yr9nlv0g"}
{"type":"log","timestamp":1731251724265,"level":"debug","message":"Inline data specified.","meta":{"rootId":"ilr0mxe8odda9je","id":"ilr0mxe8odda9je"},"id":"cpq67byinqe7ki4","previousOperationId":"fg21ud6yr9nlv0g"}
{"type":"log","timestamp":1731251724267,"level":"debug","message":"Base url not specified, skipping its injection.","meta":{"rootId":"ilr0mxe8odda9je","id":"ilr0mxe8odda9je"},"id":"5qe42xr2vgqe25w","previousOperationId":"fg21ud6yr9nlv0g"}
{"type":"log","timestamp":1731251724269,"level":"debug","message":"Replaced assets [\"KhmerOSSiemreapRegular.ttf\"]","meta":{"rootId":"ilr0mxe8odda9je","id":"ilr0mxe8odda9je"},"id":"7zq8nb64z9qchgk","previousOperationId":"fg21ud6yr9nlv0g"}
{"type":"operationStart","subtype":"engine","name":"handlebars","timestamp":1731251724269,"id":"ozldh4rr3krze37","previousEventId":"wfcltgcsafxpf9h","operationId":"uci8ydahcndb1up","previousOperationId":"fg21ud6yr9nlv0g"}
{"type":"log","timestamp":1731251724269,"level":"debug","message":"Rendering engine handlebars","meta":{"rootId":"ilr0mxe8odda9je","id":"ilr0mxe8odda9je"},"id":"be48uof5vv1h051","previousOperationId":"uci8ydahcndb1up"}
{"type":"operationEnd","operationId":"uci8ydahcndb1up","timestamp":1731251724285,"id":"6zwheljugt7ue55","previousEventId":"ozldh4rr3krze37","previousOperationId":"uci8ydahcndb1up"}
{"type":"operationStart","subtype":"recipe","name":"html-to-xlsx","timestamp":1731251724287,"id":"4t617gyfkgfiwoh","previousEventId":"6zwheljugt7ue55","operationId":"c4iybnkvbo8pwnr","previousOperationId":"uci8ydahcndb1up"}
{"type":"log","timestamp":1731251724287,"level":"debug","message":"Executing recipe html-to-xlsx","meta":{"rootId":"ilr0mxe8odda9je","id":"ilr0mxe8odda9je"},"id":"cn8rc0dw1fnzt0n","previousOperationId":"c4iybnkvbo8pwnr"}
{"type":"log","timestamp":1731251724287,"level":"info","message":"html-to-xlsx generation is starting","meta":{"rootId":"ilr0mxe8odda9je","id":"ilr0mxe8odda9je"},"id":"fokxvrgv3nu119l","previousOperationId":"c4iybnkvbo8pwnr"}
{"type":"log","timestamp":1731251724933,"level":"info","message":"html-to-xlsx generation was finished","meta":{"rootId":"ilr0mxe8odda9je","id":"ilr0mxe8odda9je"},"id":"0l9h34x2hjqnf81","previousOperationId":"c4iybnkvbo8pwnr"}
{"type":"log","timestamp":1731251724933,"level":"debug","message":"preparing office preview","meta":{"rootId":"ilr0mxe8odda9je","id":"ilr0mxe8odda9je"},"id":"tdmjx2ks62a37oa","previousOperationId":"c4iybnkvbo8pwnr"}
{"type":"operationEnd","operationId":"c4iybnkvbo8pwnr","timestamp":1731251725385,"id":"y3fi7nkp8s7jidp","previousEventId":"4t617gyfkgfiwoh","previousOperationId":"c4iybnkvbo8pwnr"}
{"type":"log","timestamp":1731251725386,"level":"debug","message":"Skipping storing report.","meta":{"rootId":"ilr0mxe8odda9je","id":"ilr0mxe8odda9je"},"id":"of9daxdus26fabe","previousOperationId":"c4iybnkvbo8pwnr"}
{"type":"log","timestamp":1731251725386,"level":"info","message":"Rendering request 193 finished in 1130 ms","meta":{"rootId":"ilr0mxe8odda9je","id":"ilr0mxe8odda9je"},"id":"hlip2xq1yig4pry","previousOperationId":"c4iybnkvbo8pwnr"}
{"type":"operationEnd","subtype":"render","operationId":"fg21ud6yr9nlv0g","timestamp":1731251725386,"id":"6n90528makwkppd","previousEventId":"y3fi7nkp8s7jidp","previousOperationId":"c4iybnkvbo8pwnr"}
{"type":"operationEnd","doDiffs":false,"previousEventId":"kq66evphmut04sc","previousOperationId":"isn17yai78u81qh","operationId":"isn17yai78u81qh","timestamp":1731251725388,"id":"yqijm8t2ov83pf2"}
