{"type":"operationStart","subtype":"profile","data":{"_id":"4AGWIoBbDPvZ6HAu","timestamp":"2024-11-10T12:59:39.296Z","state":"queued","mode":"standard","creationDate":"2024-11-10T12:59:39.298Z","modificationDate":"2024-11-10T12:59:39.298Z","shortid":"yVFoWGh","inheritedReadPermissions":[],"inheritedEditPermissions":[],"$entitySet":"profiles"},"doDiffs":false,"timestamp":1731243579297,"id":"dzy7jvgrlv4c4lh","previousOperationId":null,"operationId":"q8vboj3dwmrwv07"}
{"type":"log","level":"info","message":"Render request 3 queued for execution and waiting for available worker","previousOperationId":"q8vboj3dwmrwv07","timestamp":1731243579297,"id":"wkckz3x71c8snh8"}
{"type":"operationStart","subtype":"render","name":"new-excl-template","previousOperationId":"q8vboj3dwmrwv07","timestamp":1731243579307,"id":"clqq250ewcwq23h","previousEventId":"dzy7jvgrlv4c4lh","operationId":"8jy9j82foy29rk8"}
{"type":"log","timestamp":1731243579307,"level":"info","message":"Starting rendering request 3 (user: admin)","meta":{"rootId":"imhgb3dlof1pp9g","id":"imhgb3dlof1pp9g"},"id":"j3k2rnsoj4l8j9x","previousOperationId":"8jy9j82foy29rk8"}
{"type":"log","timestamp":1731243579307,"level":"info","message":"Rendering template { name: new-excl-template, recipe: html-to-xlsx, engine: handlebars, preview: true }","meta":{"rootId":"imhgb3dlof1pp9g","id":"imhgb3dlof1pp9g"},"id":"e4i3hhdot0be6ge","previousOperationId":"8jy9j82foy29rk8"}
{"type":"log","timestamp":1731243579308,"level":"debug","message":"Adding sample data pVkbCM7am","meta":{"rootId":"imhgb3dlof1pp9g","id":"imhgb3dlof1pp9g"},"id":"o8upq0wr5ypzj2k","previousOperationId":"8jy9j82foy29rk8"}
{"type":"log","timestamp":1731243579310,"level":"debug","message":"Base url not specified, skipping its injection.","meta":{"rootId":"imhgb3dlof1pp9g","id":"imhgb3dlof1pp9g"},"id":"1z2jdk4econytv8","previousOperationId":"8jy9j82foy29rk8"}
{"type":"log","timestamp":1731243579312,"level":"debug","message":"Replaced assets [\"KhmerOSSiemreapRegular.ttf\"]","meta":{"rootId":"imhgb3dlof1pp9g","id":"imhgb3dlof1pp9g"},"id":"y5lmgp28mdv0rab","previousOperationId":"8jy9j82foy29rk8"}
{"type":"operationStart","subtype":"engine","name":"handlebars","timestamp":1731243579312,"id":"v50zf1etx0uhvtx","previousEventId":"clqq250ewcwq23h","operationId":"9lrcex7914q2qtd","previousOperationId":"8jy9j82foy29rk8"}
{"type":"log","timestamp":1731243579312,"level":"debug","message":"Rendering engine handlebars","meta":{"rootId":"imhgb3dlof1pp9g","id":"imhgb3dlof1pp9g"},"id":"aqcykr2swz54kmz","previousOperationId":"9lrcex7914q2qtd"}
{"type":"operationEnd","operationId":"9lrcex7914q2qtd","timestamp":1731243579330,"id":"pkphaxcsy39b0jo","previousEventId":"v50zf1etx0uhvtx","previousOperationId":"9lrcex7914q2qtd"}
{"type":"operationStart","subtype":"recipe","name":"html-to-xlsx","timestamp":1731243579331,"id":"2uaxczs1ycvctss","previousEventId":"pkphaxcsy39b0jo","operationId":"fziin3g3rmv8ku6","previousOperationId":"9lrcex7914q2qtd"}
{"type":"log","timestamp":1731243579331,"level":"debug","message":"Executing recipe html-to-xlsx","meta":{"rootId":"imhgb3dlof1pp9g","id":"imhgb3dlof1pp9g"},"id":"1lh7f4ln42u400s","previousOperationId":"fziin3g3rmv8ku6"}
{"type":"log","timestamp":1731243579331,"level":"info","message":"html-to-xlsx generation is starting","meta":{"rootId":"imhgb3dlof1pp9g","id":"imhgb3dlof1pp9g"},"id":"61983ijx2ktsy5l","previousOperationId":"fziin3g3rmv8ku6"}
{"type":"log","timestamp":1731243580007,"level":"info","message":"html-to-xlsx generation was finished","meta":{"rootId":"imhgb3dlof1pp9g","id":"imhgb3dlof1pp9g"},"id":"zvjbvmnojm7mkid","previousOperationId":"fziin3g3rmv8ku6"}
{"type":"log","timestamp":1731243580007,"level":"debug","message":"preparing office preview","meta":{"rootId":"imhgb3dlof1pp9g","id":"imhgb3dlof1pp9g"},"id":"585k2sqze2j7iwc","previousOperationId":"fziin3g3rmv8ku6"}
{"type":"operationEnd","operationId":"fziin3g3rmv8ku6","timestamp":1731243580496,"id":"wh7dkpzqr9dj8tu","previousEventId":"2uaxczs1ycvctss","previousOperationId":"fziin3g3rmv8ku6"}
{"type":"log","timestamp":1731243580496,"level":"debug","message":"Skipping storing report.","meta":{"rootId":"imhgb3dlof1pp9g","id":"imhgb3dlof1pp9g"},"id":"dgstak6p0s3az2y","previousOperationId":"fziin3g3rmv8ku6"}
{"type":"log","timestamp":1731243580496,"level":"info","message":"Rendering request 3 finished in 1200 ms","meta":{"rootId":"imhgb3dlof1pp9g","id":"imhgb3dlof1pp9g"},"id":"jufybhfmex91lc1","previousOperationId":"fziin3g3rmv8ku6"}
{"type":"operationEnd","subtype":"render","operationId":"8jy9j82foy29rk8","timestamp":1731243580496,"id":"i4s0bmnyc23ayy1","previousEventId":"wh7dkpzqr9dj8tu","previousOperationId":"fziin3g3rmv8ku6"}
{"type":"operationEnd","doDiffs":false,"previousEventId":"dzy7jvgrlv4c4lh","previousOperationId":"q8vboj3dwmrwv07","operationId":"q8vboj3dwmrwv07","timestamp":1731243580500,"id":"tzwr7a4cpr4w0m3"}
