{"type":"operationStart","subtype":"profile","data":{"_id":"Jmwy5W49lxo6sMB1","timestamp":"2024-11-10T08:58:57.190Z","state":"queued","mode":"standard","creationDate":"2024-11-10T08:58:57.192Z","modificationDate":"2024-11-10T08:58:57.192Z","shortid":"OOBkt5t","inheritedReadPermissions":[],"inheritedEditPermissions":[],"$entitySet":"profiles"},"doDiffs":false,"timestamp":1731229137191,"id":"bmg1szvgirsmam5","previousOperationId":null,"operationId":"ymotsli6w5vjhkq"}
{"type":"log","level":"info","message":"Render request 170 queued for execution and waiting for available worker","previousOperationId":"ymotsli6w5vjhkq","timestamp":1731229137191,"id":"mcqbqqsfhtrf9i9"}
{"type":"operationStart","subtype":"render","name":"new-excl-template","previousOperationId":"ymotsli6w5vjhkq","timestamp":1731229137200,"id":"e11yfaf9uit179e","previousEventId":"bmg1szvgirsmam5","operationId":"yja1toh2arck7oq"}
{"type":"log","timestamp":1731229137200,"level":"info","message":"Starting rendering request 170 (user: admin)","meta":{"rootId":"inn6u4y1d5vqe72","id":"inn6u4y1d5vqe72"},"id":"4reabaevqafqtdr","previousOperationId":"yja1toh2arck7oq"}
{"type":"log","timestamp":1731229137200,"level":"info","message":"Rendering template { name: new-excl-template, recipe: html-to-xlsx, engine: handlebars, preview: true }","meta":{"rootId":"inn6u4y1d5vqe72","id":"inn6u4y1d5vqe72"},"id":"h1v7q73xtddexfu","previousOperationId":"yja1toh2arck7oq"}
{"type":"log","timestamp":1731229137201,"level":"debug","message":"Adding sample data pVkbCM7am","meta":{"rootId":"inn6u4y1d5vqe72","id":"inn6u4y1d5vqe72"},"id":"atdw1jjzam5wd4r","previousOperationId":"yja1toh2arck7oq"}
{"type":"log","timestamp":1731229137203,"level":"debug","message":"Base url not specified, skipping its injection.","meta":{"rootId":"inn6u4y1d5vqe72","id":"inn6u4y1d5vqe72"},"id":"uryqedi2m6x765p","previousOperationId":"yja1toh2arck7oq"}
{"type":"log","timestamp":1731229137205,"level":"debug","message":"Replaced assets [\"KhmerOSSiemreapRegular.ttf\"]","meta":{"rootId":"inn6u4y1d5vqe72","id":"inn6u4y1d5vqe72"},"id":"ic7abd9uwp5j1vd","previousOperationId":"yja1toh2arck7oq"}
{"type":"operationStart","subtype":"engine","name":"handlebars","timestamp":1731229137205,"id":"8wdfx7fw3expamw","previousEventId":"e11yfaf9uit179e","operationId":"pb9c72qqzs8llja","previousOperationId":"yja1toh2arck7oq"}
{"type":"log","timestamp":1731229137205,"level":"debug","message":"Rendering engine handlebars","meta":{"rootId":"inn6u4y1d5vqe72","id":"inn6u4y1d5vqe72"},"id":"zjym52xosu70y3e","previousOperationId":"pb9c72qqzs8llja"}
{"type":"operationEnd","operationId":"pb9c72qqzs8llja","timestamp":1731229137223,"id":"yf58y0l1z1x3wgb","previousEventId":"8wdfx7fw3expamw","previousOperationId":"pb9c72qqzs8llja"}
{"type":"operationStart","subtype":"recipe","name":"html-to-xlsx","timestamp":1731229137226,"id":"8nq3e5awviy5wof","previousEventId":"yf58y0l1z1x3wgb","operationId":"tc5z5csrynk0qyr","previousOperationId":"pb9c72qqzs8llja"}
{"type":"log","timestamp":1731229137226,"level":"debug","message":"Executing recipe html-to-xlsx","meta":{"rootId":"inn6u4y1d5vqe72","id":"inn6u4y1d5vqe72"},"id":"5fl02mx60qmsiv3","previousOperationId":"tc5z5csrynk0qyr"}
{"type":"log","timestamp":1731229137227,"level":"info","message":"html-to-xlsx generation is starting","meta":{"rootId":"inn6u4y1d5vqe72","id":"inn6u4y1d5vqe72"},"id":"wlzukb18jyjwa2l","previousOperationId":"tc5z5csrynk0qyr"}
{"type":"log","timestamp":1731229138072,"level":"info","message":"html-to-xlsx generation was finished","meta":{"rootId":"inn6u4y1d5vqe72","id":"inn6u4y1d5vqe72"},"id":"k1mfhi4bg52ba7t","previousOperationId":"tc5z5csrynk0qyr"}
{"type":"log","timestamp":1731229138072,"level":"debug","message":"preparing office preview","meta":{"rootId":"inn6u4y1d5vqe72","id":"inn6u4y1d5vqe72"},"id":"uptxu36c7ytv4cy","previousOperationId":"tc5z5csrynk0qyr"}
{"type":"operationEnd","operationId":"tc5z5csrynk0qyr","timestamp":1731229138514,"id":"jr1i4ra4a06w9a9","previousEventId":"8nq3e5awviy5wof","previousOperationId":"tc5z5csrynk0qyr"}
{"type":"log","timestamp":1731229138514,"level":"debug","message":"Skipping storing report.","meta":{"rootId":"inn6u4y1d5vqe72","id":"inn6u4y1d5vqe72"},"id":"35f1279wktfrmjy","previousOperationId":"tc5z5csrynk0qyr"}
{"type":"log","timestamp":1731229138514,"level":"info","message":"Rendering request 170 finished in 1324 ms","meta":{"rootId":"inn6u4y1d5vqe72","id":"inn6u4y1d5vqe72"},"id":"qe9w3b45ss7uyzw","previousOperationId":"tc5z5csrynk0qyr"}
{"type":"operationEnd","subtype":"render","operationId":"yja1toh2arck7oq","timestamp":1731229138514,"id":"ivu5ggezvy79zog","previousEventId":"jr1i4ra4a06w9a9","previousOperationId":"tc5z5csrynk0qyr"}
{"type":"operationEnd","doDiffs":false,"previousEventId":"bmg1szvgirsmam5","previousOperationId":"ymotsli6w5vjhkq","operationId":"ymotsli6w5vjhkq","timestamp":1731229138516,"id":"7b4qt898iqxbdv5"}
