{"type":"operationStart","subtype":"profile","data":{"_id":"bWQfISBBk3UX1Iod","timestamp":"2024-11-10T13:13:47.120Z","state":"queued","mode":"standard","creationDate":"2024-11-10T13:13:47.122Z","modificationDate":"2024-11-10T13:13:47.122Z","shortid":"T6RCiIJ","inheritedReadPermissions":[],"inheritedEditPermissions":[],"$entitySet":"profiles"},"doDiffs":false,"timestamp":1731244427121,"id":"9ppwzohosywad5h","previousOperationId":null,"operationId":"u5v1fvhtzwsnypd"}
{"type":"log","level":"info","message":"Render request 27 queued for execution and waiting for available worker","previousOperationId":"u5v1fvhtzwsnypd","timestamp":1731244427121,"id":"4akmbrm26i7ahh5"}
{"type":"operationStart","subtype":"render","name":"new-excl-template","previousOperationId":"u5v1fvhtzwsnypd","timestamp":1731244427130,"id":"4n2kzkuson3p1ks","previousEventId":"9ppwzohosywad5h","operationId":"9141emfcxiq659r"}
{"type":"log","timestamp":1731244427130,"level":"info","message":"Starting rendering request 27 (user: admin)","meta":{"rootId":"iozp3ch7rw4wfd1","id":"iozp3ch7rw4wfd1"},"id":"i7218kw2ymb2vdh","previousOperationId":"9141emfcxiq659r"}
{"type":"log","timestamp":1731244427130,"level":"info","message":"Rendering template { name: new-excl-template, recipe: html-to-xlsx, engine: handlebars, preview: true }","meta":{"rootId":"iozp3ch7rw4wfd1","id":"iozp3ch7rw4wfd1"},"id":"rn0qlfjtmpy2atu","previousOperationId":"9141emfcxiq659r"}
{"type":"log","timestamp":1731244427131,"level":"debug","message":"Inline data specified.","meta":{"rootId":"iozp3ch7rw4wfd1","id":"iozp3ch7rw4wfd1"},"id":"ns2wv41766z6gep","previousOperationId":"9141emfcxiq659r"}
{"type":"log","timestamp":1731244427132,"level":"debug","message":"Base url not specified, skipping its injection.","meta":{"rootId":"iozp3ch7rw4wfd1","id":"iozp3ch7rw4wfd1"},"id":"1retcgp7jzun1wv","previousOperationId":"9141emfcxiq659r"}
{"type":"log","timestamp":1731244427134,"level":"debug","message":"Replaced assets [\"KhmerOSSiemreapRegular.ttf\"]","meta":{"rootId":"iozp3ch7rw4wfd1","id":"iozp3ch7rw4wfd1"},"id":"whis51qk748ya24","previousOperationId":"9141emfcxiq659r"}
{"type":"operationStart","subtype":"engine","name":"handlebars","timestamp":1731244427134,"id":"74ihybyz46xiqyt","previousEventId":"4n2kzkuson3p1ks","operationId":"qigh7eze7yqm61m","previousOperationId":"9141emfcxiq659r"}
{"type":"log","timestamp":1731244427134,"level":"debug","message":"Rendering engine handlebars","meta":{"rootId":"iozp3ch7rw4wfd1","id":"iozp3ch7rw4wfd1"},"id":"470v0gztpdb5b3p","previousOperationId":"qigh7eze7yqm61m"}
{"type":"operationEnd","operationId":"qigh7eze7yqm61m","timestamp":1731244427145,"id":"khef29bbjq39tlr","previousEventId":"74ihybyz46xiqyt","previousOperationId":"qigh7eze7yqm61m"}
{"type":"operationStart","subtype":"recipe","name":"html-to-xlsx","timestamp":1731244427146,"id":"vtmtn8pax7mue0l","previousEventId":"khef29bbjq39tlr","operationId":"evb5rnzypb5ys4l","previousOperationId":"qigh7eze7yqm61m"}
{"type":"log","timestamp":1731244427146,"level":"debug","message":"Executing recipe html-to-xlsx","meta":{"rootId":"iozp3ch7rw4wfd1","id":"iozp3ch7rw4wfd1"},"id":"t2czh46zwspgkzo","previousOperationId":"evb5rnzypb5ys4l"}
{"type":"log","timestamp":1731244427146,"level":"info","message":"html-to-xlsx generation is starting","meta":{"rootId":"iozp3ch7rw4wfd1","id":"iozp3ch7rw4wfd1"},"id":"cfr189hrb01txo5","previousOperationId":"evb5rnzypb5ys4l"}
{"type":"log","timestamp":1731244427720,"level":"info","message":"html-to-xlsx generation was finished","meta":{"rootId":"iozp3ch7rw4wfd1","id":"iozp3ch7rw4wfd1"},"id":"18ckknvlhk4nrrj","previousOperationId":"evb5rnzypb5ys4l"}
{"type":"log","timestamp":1731244427720,"level":"debug","message":"preparing office preview","meta":{"rootId":"iozp3ch7rw4wfd1","id":"iozp3ch7rw4wfd1"},"id":"v441nx7kpnurg5v","previousOperationId":"evb5rnzypb5ys4l"}
{"type":"operationEnd","operationId":"evb5rnzypb5ys4l","timestamp":1731244428269,"id":"yxeic5xwebo9z65","previousEventId":"vtmtn8pax7mue0l","previousOperationId":"evb5rnzypb5ys4l"}
{"type":"log","timestamp":1731244428269,"level":"debug","message":"Skipping storing report.","meta":{"rootId":"iozp3ch7rw4wfd1","id":"iozp3ch7rw4wfd1"},"id":"hedpgwx45hm5flq","previousOperationId":"evb5rnzypb5ys4l"}
{"type":"log","timestamp":1731244428269,"level":"info","message":"Rendering request 27 finished in 1149 ms","meta":{"rootId":"iozp3ch7rw4wfd1","id":"iozp3ch7rw4wfd1"},"id":"3atdomra0md2lww","previousOperationId":"evb5rnzypb5ys4l"}
{"type":"operationEnd","subtype":"render","operationId":"9141emfcxiq659r","timestamp":1731244428269,"id":"29fu6v6y4h8ds06","previousEventId":"yxeic5xwebo9z65","previousOperationId":"evb5rnzypb5ys4l"}
{"type":"operationEnd","doDiffs":false,"previousEventId":"9ppwzohosywad5h","previousOperationId":"u5v1fvhtzwsnypd","operationId":"u5v1fvhtzwsnypd","timestamp":1731244428271,"id":"9i41b0gite95mf2"}
