{"type":"operationStart","subtype":"profile","data":{"_id":"yK5yF7eHOlGpPEGb","timestamp":"2024-11-10T09:16:30.909Z","state":"queued","mode":"standard","creationDate":"2024-11-10T09:16:30.911Z","modificationDate":"2024-11-10T09:16:30.911Z","shortid":"sHWPvKQ","inheritedReadPermissions":[],"inheritedEditPermissions":[],"$entitySet":"profiles"},"doDiffs":false,"timestamp":1731230190910,"id":"aa88lhnkm0ee27x","previousOperationId":null,"operationId":"dgby4vk502av1ok"}
{"type":"log","level":"info","message":"Render request 191 queued for execution and waiting for available worker","previousOperationId":"dgby4vk502av1ok","timestamp":1731230190911,"id":"73ri15zipqf1cds"}
{"type":"operationStart","subtype":"render","name":"new-excl-template","previousOperationId":"dgby4vk502av1ok","timestamp":1731230190921,"id":"3ojc99eugmpyehi","previousEventId":"aa88lhnkm0ee27x","operationId":"g6rlrcc05xa98jl"}
{"type":"log","timestamp":1731230190921,"level":"info","message":"Starting rendering request 191 (user: admin)","meta":{"rootId":"is6q3xlbhpqofec","id":"is6q3xlbhpqofec"},"id":"2eohsd3ybt39def","previousOperationId":"g6rlrcc05xa98jl"}
{"type":"log","timestamp":1731230190921,"level":"info","message":"Rendering template { name: new-excl-template, recipe: html-to-xlsx, engine: handlebars, preview: true }","meta":{"rootId":"is6q3xlbhpqofec","id":"is6q3xlbhpqofec"},"id":"p4dxd6k9vrnzk90","previousOperationId":"g6rlrcc05xa98jl"}
{"type":"log","timestamp":1731230190922,"level":"debug","message":"Inline data specified.","meta":{"rootId":"is6q3xlbhpqofec","id":"is6q3xlbhpqofec"},"id":"p98dc7lxfq2ksx5","previousOperationId":"g6rlrcc05xa98jl"}
{"type":"log","timestamp":1731230190923,"level":"debug","message":"Base url not specified, skipping its injection.","meta":{"rootId":"is6q3xlbhpqofec","id":"is6q3xlbhpqofec"},"id":"16mlnp0myfbbkar","previousOperationId":"g6rlrcc05xa98jl"}
{"type":"operationStart","subtype":"engine","name":"handlebars","timestamp":1731230190923,"id":"32rjrpc2zs9pq3q","previousEventId":"3ojc99eugmpyehi","operationId":"tht7c9l016ltsik","previousOperationId":"g6rlrcc05xa98jl"}
{"type":"log","timestamp":1731230190923,"level":"debug","message":"Rendering engine handlebars","meta":{"rootId":"is6q3xlbhpqofec","id":"is6q3xlbhpqofec"},"id":"c5h9a2x1ogomt68","previousOperationId":"tht7c9l016ltsik"}
{"type":"operationEnd","operationId":"tht7c9l016ltsik","timestamp":1731230190936,"id":"0ovefj67wzal6as","previousEventId":"32rjrpc2zs9pq3q","previousOperationId":"tht7c9l016ltsik"}
{"type":"operationStart","subtype":"recipe","name":"html-to-xlsx","timestamp":1731230190938,"id":"d92sgi7i027pqf1","previousEventId":"0ovefj67wzal6as","operationId":"a8eyamzanpw2ecy","previousOperationId":"tht7c9l016ltsik"}
{"type":"log","timestamp":1731230190938,"level":"debug","message":"Executing recipe html-to-xlsx","meta":{"rootId":"is6q3xlbhpqofec","id":"is6q3xlbhpqofec"},"id":"oagl8l9l542a9po","previousOperationId":"a8eyamzanpw2ecy"}
{"type":"log","timestamp":1731230190938,"level":"info","message":"html-to-xlsx generation is starting","meta":{"rootId":"is6q3xlbhpqofec","id":"is6q3xlbhpqofec"},"id":"duwf86wvb0wfrjr","previousOperationId":"a8eyamzanpw2ecy"}
{"type":"log","timestamp":1731230192434,"level":"info","message":"html-to-xlsx generation was finished","meta":{"rootId":"is6q3xlbhpqofec","id":"is6q3xlbhpqofec"},"id":"w3l285qpzmi1m9r","previousOperationId":"a8eyamzanpw2ecy"}
{"type":"log","timestamp":1731230192434,"level":"debug","message":"preparing office preview","meta":{"rootId":"is6q3xlbhpqofec","id":"is6q3xlbhpqofec"},"id":"sxyo63w0e97c53y","previousOperationId":"a8eyamzanpw2ecy"}
{"type":"operationEnd","operationId":"a8eyamzanpw2ecy","timestamp":1731230193109,"id":"axb0rpci4ux7nzq","previousEventId":"d92sgi7i027pqf1","previousOperationId":"a8eyamzanpw2ecy"}
{"type":"log","timestamp":1731230193109,"level":"debug","message":"Skipping storing report.","meta":{"rootId":"is6q3xlbhpqofec","id":"is6q3xlbhpqofec"},"id":"lffimk0qsw2w059","previousOperationId":"a8eyamzanpw2ecy"}
{"type":"log","timestamp":1731230193109,"level":"info","message":"Rendering request 191 finished in 2200 ms","meta":{"rootId":"is6q3xlbhpqofec","id":"is6q3xlbhpqofec"},"id":"85xloqr8dyngxkh","previousOperationId":"a8eyamzanpw2ecy"}
{"type":"operationEnd","subtype":"render","operationId":"g6rlrcc05xa98jl","timestamp":1731230193109,"id":"czr390d9icnbw2j","previousEventId":"axb0rpci4ux7nzq","previousOperationId":"a8eyamzanpw2ecy"}
{"type":"operationEnd","doDiffs":false,"previousEventId":"aa88lhnkm0ee27x","previousOperationId":"dgby4vk502av1ok","operationId":"dgby4vk502av1ok","timestamp":1731230193111,"id":"dp9bfpzd7m53ne0"}
