{"type":"operationStart","subtype":"profile","data":{"_id":"HNI9jptbH8hDedyM","timestamp":"2024-11-10T08:20:44.947Z","state":"queued","mode":"standard","creationDate":"2024-11-10T08:20:44.949Z","modificationDate":"2024-11-10T08:20:44.949Z","shortid":"CF80Xuj","inheritedReadPermissions":[],"inheritedEditPermissions":[],"$entitySet":"profiles"},"doDiffs":false,"timestamp":1731226844948,"id":"rrk42vdtqofxhkr","previousOperationId":null,"operationId":"p6frc5g3okahoj8"}
{"type":"log","level":"info","message":"Render request 107 queued for execution and waiting for available worker","previousOperationId":"p6frc5g3okahoj8","timestamp":1731226844948,"id":"3z84rkjifn6r5b9"}
{"type":"operationStart","subtype":"render","name":"new-excl-template","previousOperationId":"p6frc5g3okahoj8","timestamp":1731226844957,"id":"lr2m7x36hq0ruee","previousEventId":"rrk42vdtqofxhkr","operationId":"qgai7eavnqaiw2a"}
{"type":"log","timestamp":1731226844957,"level":"info","message":"Starting rendering request 107 (user: admin)","meta":{"rootId":"it110ucbh0fnq7w","id":"it110ucbh0fnq7w"},"id":"ng1gjl02u8ped22","previousOperationId":"qgai7eavnqaiw2a"}
{"type":"log","timestamp":1731226844958,"level":"info","message":"Rendering template { name: new-excl-template, recipe: html-to-xlsx, engine: handlebars, preview: true }","meta":{"rootId":"it110ucbh0fnq7w","id":"it110ucbh0fnq7w"},"id":"c1iobrjm716uejy","previousOperationId":"qgai7eavnqaiw2a"}
{"type":"log","timestamp":1731226844958,"level":"debug","message":"Inline data specified.","meta":{"rootId":"it110ucbh0fnq7w","id":"it110ucbh0fnq7w"},"id":"naaz4fcdmi6ugqv","previousOperationId":"qgai7eavnqaiw2a"}
{"type":"log","timestamp":1731226844960,"level":"debug","message":"Base url not specified, skipping its injection.","meta":{"rootId":"it110ucbh0fnq7w","id":"it110ucbh0fnq7w"},"id":"9ayyjqnkzbyzxf0","previousOperationId":"qgai7eavnqaiw2a"}
{"type":"operationStart","subtype":"engine","name":"handlebars","timestamp":1731226844960,"id":"ramq9903dxe9gzf","previousEventId":"lr2m7x36hq0ruee","operationId":"6u6mx31t2ykn4yp","previousOperationId":"qgai7eavnqaiw2a"}
{"type":"log","timestamp":1731226844960,"level":"debug","message":"Rendering engine handlebars","meta":{"rootId":"it110ucbh0fnq7w","id":"it110ucbh0fnq7w"},"id":"5jt8v051mqtx7xq","previousOperationId":"6u6mx31t2ykn4yp"}
{"type":"operationEnd","operationId":"6u6mx31t2ykn4yp","timestamp":1731226844970,"id":"3pa6pkugnh399a6","previousEventId":"ramq9903dxe9gzf","previousOperationId":"6u6mx31t2ykn4yp"}
{"type":"operationStart","subtype":"recipe","name":"html-to-xlsx","timestamp":1731226844970,"id":"d3pfrbd81lndq6z","previousEventId":"3pa6pkugnh399a6","operationId":"xx45sb80b8iu1e2","previousOperationId":"6u6mx31t2ykn4yp"}
{"type":"log","timestamp":1731226844970,"level":"debug","message":"Executing recipe html-to-xlsx","meta":{"rootId":"it110ucbh0fnq7w","id":"it110ucbh0fnq7w"},"id":"gfyq07desfzcrux","previousOperationId":"xx45sb80b8iu1e2"}
{"type":"log","timestamp":1731226844970,"level":"info","message":"html-to-xlsx generation is starting","meta":{"rootId":"it110ucbh0fnq7w","id":"it110ucbh0fnq7w"},"id":"7fexy40c4o83oie","previousOperationId":"xx45sb80b8iu1e2"}
{"type":"log","timestamp":1731226845602,"level":"info","message":"html-to-xlsx generation was finished","meta":{"rootId":"it110ucbh0fnq7w","id":"it110ucbh0fnq7w"},"id":"n8uqdpmjd4gm51c","previousOperationId":"xx45sb80b8iu1e2"}
{"type":"log","timestamp":1731226845602,"level":"debug","message":"preparing office preview","meta":{"rootId":"it110ucbh0fnq7w","id":"it110ucbh0fnq7w"},"id":"e8smyaqnryt0r9a","previousOperationId":"xx45sb80b8iu1e2"}
{"type":"operationEnd","operationId":"xx45sb80b8iu1e2","timestamp":1731226846046,"id":"6ky07d69d9itsqc","previousEventId":"d3pfrbd81lndq6z","previousOperationId":"xx45sb80b8iu1e2"}
{"type":"log","timestamp":1731226846046,"level":"debug","message":"Skipping storing report.","meta":{"rootId":"it110ucbh0fnq7w","id":"it110ucbh0fnq7w"},"id":"90ql8xdcdpwrh92","previousOperationId":"xx45sb80b8iu1e2"}
{"type":"log","timestamp":1731226846046,"level":"info","message":"Rendering request 107 finished in 1099 ms","meta":{"rootId":"it110ucbh0fnq7w","id":"it110ucbh0fnq7w"},"id":"kdjx9vci4kkdhpl","previousOperationId":"xx45sb80b8iu1e2"}
{"type":"operationEnd","subtype":"render","operationId":"qgai7eavnqaiw2a","timestamp":1731226846046,"id":"tg5bf8dmm9vcwel","previousEventId":"6ky07d69d9itsqc","previousOperationId":"xx45sb80b8iu1e2"}
{"type":"operationEnd","doDiffs":false,"previousEventId":"rrk42vdtqofxhkr","previousOperationId":"p6frc5g3okahoj8","operationId":"p6frc5g3okahoj8","timestamp":1731226846048,"id":"g05szn7v8xfcg6p"}
