{"type":"operationStart","subtype":"profile","data":{"_id":"uN96lhdJmwUNQ8VK","timestamp":"2024-11-10T08:27:03.817Z","state":"queued","mode":"standard","creationDate":"2024-11-10T08:27:03.819Z","modificationDate":"2024-11-10T08:27:03.819Z","shortid":"S5INbkP","inheritedReadPermissions":[],"inheritedEditPermissions":[],"$entitySet":"profiles"},"doDiffs":false,"timestamp":1731227223818,"id":"f23no4vkb29py7e","previousOperationId":null,"operationId":"xkmfsufnn7ig9jp"}
{"type":"log","level":"info","message":"Render request 114 queued for execution and waiting for available worker","previousOperationId":"xkmfsufnn7ig9jp","timestamp":1731227223818,"id":"anahj3q1qdpldqu"}
{"type":"operationStart","subtype":"render","name":"new-excl-template","previousOperationId":"xkmfsufnn7ig9jp","timestamp":1731227223828,"id":"vb1mmew3dkfdyq6","previousEventId":"f23no4vkb29py7e","operationId":"tf4qpb1qh7xr5lt"}
{"type":"log","timestamp":1731227223828,"level":"info","message":"Starting rendering request 114 (user: admin)","meta":{"rootId":"iun0wyxkqb7au1y","id":"iun0wyxkqb7au1y"},"id":"ukqhv7kaqh3bgav","previousOperationId":"tf4qpb1qh7xr5lt"}
{"type":"log","timestamp":1731227223828,"level":"info","message":"Rendering template { name: new-excl-template, recipe: html-to-xlsx, engine: handlebars, preview: true }","meta":{"rootId":"iun0wyxkqb7au1y","id":"iun0wyxkqb7au1y"},"id":"d062zxgwunacdb0","previousOperationId":"tf4qpb1qh7xr5lt"}
{"type":"log","timestamp":1731227223829,"level":"debug","message":"Inline data specified.","meta":{"rootId":"iun0wyxkqb7au1y","id":"iun0wyxkqb7au1y"},"id":"t22ymyr7amnf1kw","previousOperationId":"tf4qpb1qh7xr5lt"}
{"type":"log","timestamp":1731227223830,"level":"debug","message":"Base url not specified, skipping its injection.","meta":{"rootId":"iun0wyxkqb7au1y","id":"iun0wyxkqb7au1y"},"id":"h1gm6au041pboor","previousOperationId":"tf4qpb1qh7xr5lt"}
{"type":"log","timestamp":1731227223832,"level":"debug","message":"Replaced assets [\"KhmerOSSiemreapRegular.ttf\"]","meta":{"rootId":"iun0wyxkqb7au1y","id":"iun0wyxkqb7au1y"},"id":"5nxf0talvrqmb6x","previousOperationId":"tf4qpb1qh7xr5lt"}
{"type":"operationStart","subtype":"engine","name":"handlebars","timestamp":1731227223832,"id":"bcj0ujz9rxtv7ap","previousEventId":"vb1mmew3dkfdyq6","operationId":"cz2d39a1gpo8bbz","previousOperationId":"tf4qpb1qh7xr5lt"}
{"type":"log","timestamp":1731227223832,"level":"debug","message":"Rendering engine handlebars","meta":{"rootId":"iun0wyxkqb7au1y","id":"iun0wyxkqb7au1y"},"id":"pgoh1v67pz8epan","previousOperationId":"cz2d39a1gpo8bbz"}
{"type":"operationEnd","operationId":"cz2d39a1gpo8bbz","timestamp":1731227223852,"id":"bvsksn3zecqsy6a","previousEventId":"bcj0ujz9rxtv7ap","previousOperationId":"cz2d39a1gpo8bbz"}
{"type":"operationStart","subtype":"recipe","name":"html-to-xlsx","timestamp":1731227223854,"id":"sxn3i33ox76edsy","previousEventId":"bvsksn3zecqsy6a","operationId":"a4gpo944hka8phz","previousOperationId":"cz2d39a1gpo8bbz"}
{"type":"log","timestamp":1731227223854,"level":"debug","message":"Executing recipe html-to-xlsx","meta":{"rootId":"iun0wyxkqb7au1y","id":"iun0wyxkqb7au1y"},"id":"55psc5y1pxjzk4h","previousOperationId":"a4gpo944hka8phz"}
{"type":"log","timestamp":1731227223855,"level":"info","message":"html-to-xlsx generation is starting","meta":{"rootId":"iun0wyxkqb7au1y","id":"iun0wyxkqb7au1y"},"id":"h7ny61xgny5cmrf","previousOperationId":"a4gpo944hka8phz"}
{"type":"log","timestamp":1731227224746,"level":"info","message":"html-to-xlsx generation was finished","meta":{"rootId":"iun0wyxkqb7au1y","id":"iun0wyxkqb7au1y"},"id":"lqgwij2bzd47ysp","previousOperationId":"a4gpo944hka8phz"}
{"type":"log","timestamp":1731227224746,"level":"debug","message":"preparing office preview","meta":{"rootId":"iun0wyxkqb7au1y","id":"iun0wyxkqb7au1y"},"id":"nmnao126kdag1xa","previousOperationId":"a4gpo944hka8phz"}
{"type":"operationEnd","operationId":"a4gpo944hka8phz","timestamp":1731227225188,"id":"kbnsdlays1gfzen","previousEventId":"sxn3i33ox76edsy","previousOperationId":"a4gpo944hka8phz"}
{"type":"log","timestamp":1731227225188,"level":"debug","message":"Skipping storing report.","meta":{"rootId":"iun0wyxkqb7au1y","id":"iun0wyxkqb7au1y"},"id":"4fijr2f09pt7k6e","previousOperationId":"a4gpo944hka8phz"}
{"type":"log","timestamp":1731227225188,"level":"info","message":"Rendering request 114 finished in 1371 ms","meta":{"rootId":"iun0wyxkqb7au1y","id":"iun0wyxkqb7au1y"},"id":"cgrf0ipqvu9cgdp","previousOperationId":"a4gpo944hka8phz"}
{"type":"operationEnd","subtype":"render","operationId":"tf4qpb1qh7xr5lt","timestamp":1731227225188,"id":"sfdr96nqw97j90v","previousEventId":"kbnsdlays1gfzen","previousOperationId":"a4gpo944hka8phz"}
{"type":"operationEnd","doDiffs":false,"previousEventId":"f23no4vkb29py7e","previousOperationId":"xkmfsufnn7ig9jp","operationId":"xkmfsufnn7ig9jp","timestamp":1731227225190,"id":"bw4hsavhl0fifa3"}
