{"type":"operationStart","subtype":"profile","data":{"_id":"1c1OVdH6LZM6GrQD","timestamp":"2024-11-10T08:28:56.066Z","state":"queued","mode":"standard","creationDate":"2024-11-10T08:28:56.068Z","modificationDate":"2024-11-10T08:28:56.068Z","shortid":"3es9g3u","inheritedReadPermissions":[],"inheritedEditPermissions":[],"$entitySet":"profiles"},"doDiffs":false,"timestamp":1731227336067,"id":"a5ruep84set7ddv","previousOperationId":null,"operationId":"zrrrrjz4wo1ni24"}
{"type":"log","level":"info","message":"Render request 119 queued for execution and waiting for available worker","previousOperationId":"zrrrrjz4wo1ni24","timestamp":1731227336067,"id":"2egr7bz9selgik9"}
{"type":"operationStart","subtype":"render","name":"new-excl-template","previousOperationId":"zrrrrjz4wo1ni24","timestamp":1731227336076,"id":"31kf3ry9e8si3pf","previousEventId":"a5ruep84set7ddv","operationId":"cwcjf7n4qgexgtx"}
{"type":"log","timestamp":1731227336076,"level":"info","message":"Starting rendering request 119 (user: admin)","meta":{"rootId":"ixdtywqx52phbek","id":"ixdtywqx52phbek"},"id":"ppd9r5zuknnj3w9","previousOperationId":"cwcjf7n4qgexgtx"}
{"type":"log","timestamp":1731227336076,"level":"info","message":"Rendering template { name: new-excl-template, recipe: html-to-xlsx, engine: handlebars, preview: true }","meta":{"rootId":"ixdtywqx52phbek","id":"ixdtywqx52phbek"},"id":"ujunyu0twoaogx1","previousOperationId":"cwcjf7n4qgexgtx"}
{"type":"log","timestamp":1731227336077,"level":"debug","message":"Adding sample data pVkbCM7am","meta":{"rootId":"ixdtywqx52phbek","id":"ixdtywqx52phbek"},"id":"xccojaemqsmavcl","previousOperationId":"cwcjf7n4qgexgtx"}
{"type":"log","timestamp":1731227336079,"level":"debug","message":"Base url not specified, skipping its injection.","meta":{"rootId":"ixdtywqx52phbek","id":"ixdtywqx52phbek"},"id":"fy1p2xm7etvauvk","previousOperationId":"cwcjf7n4qgexgtx"}
{"type":"log","timestamp":1731227336081,"level":"debug","message":"Replaced assets [\"KhmerOSSiemreapRegular.ttf\"]","meta":{"rootId":"ixdtywqx52phbek","id":"ixdtywqx52phbek"},"id":"dcnfj9tdtg1pwhs","previousOperationId":"cwcjf7n4qgexgtx"}
{"type":"operationStart","subtype":"engine","name":"handlebars","timestamp":1731227336081,"id":"gn1tb8ixm4r20ma","previousEventId":"31kf3ry9e8si3pf","operationId":"v1obwcz6tijnc0p","previousOperationId":"cwcjf7n4qgexgtx"}
{"type":"log","timestamp":1731227336081,"level":"debug","message":"Rendering engine handlebars","meta":{"rootId":"ixdtywqx52phbek","id":"ixdtywqx52phbek"},"id":"fec901st0rlxy69","previousOperationId":"v1obwcz6tijnc0p"}
{"type":"operationEnd","operationId":"v1obwcz6tijnc0p","timestamp":1731227336097,"id":"xg42l5r3axj7y3g","previousEventId":"gn1tb8ixm4r20ma","previousOperationId":"v1obwcz6tijnc0p"}
{"type":"operationStart","subtype":"recipe","name":"html-to-xlsx","timestamp":1731227336099,"id":"j7mpx98impruhcm","previousEventId":"xg42l5r3axj7y3g","operationId":"86l1pfte2z95v80","previousOperationId":"v1obwcz6tijnc0p"}
{"type":"log","timestamp":1731227336099,"level":"debug","message":"Executing recipe html-to-xlsx","meta":{"rootId":"ixdtywqx52phbek","id":"ixdtywqx52phbek"},"id":"4fkq6qnsdhhsjch","previousOperationId":"86l1pfte2z95v80"}
{"type":"log","timestamp":1731227336099,"level":"info","message":"html-to-xlsx generation is starting","meta":{"rootId":"ixdtywqx52phbek","id":"ixdtywqx52phbek"},"id":"sp3j3l8np5e9w2y","previousOperationId":"86l1pfte2z95v80"}
{"type":"log","timestamp":1731227336921,"level":"info","message":"html-to-xlsx generation was finished","meta":{"rootId":"ixdtywqx52phbek","id":"ixdtywqx52phbek"},"id":"9crbd7nghje61r4","previousOperationId":"86l1pfte2z95v80"}
{"type":"log","timestamp":1731227336921,"level":"debug","message":"preparing office preview","meta":{"rootId":"ixdtywqx52phbek","id":"ixdtywqx52phbek"},"id":"kvjtk3zcuw8vje7","previousOperationId":"86l1pfte2z95v80"}
{"type":"operationEnd","operationId":"86l1pfte2z95v80","timestamp":1731227337363,"id":"hxx75nr55mno24n","previousEventId":"j7mpx98impruhcm","previousOperationId":"86l1pfte2z95v80"}
{"type":"log","timestamp":1731227337363,"level":"debug","message":"Skipping storing report.","meta":{"rootId":"ixdtywqx52phbek","id":"ixdtywqx52phbek"},"id":"xgapzq937fpmhbk","previousOperationId":"86l1pfte2z95v80"}
{"type":"log","timestamp":1731227337363,"level":"info","message":"Rendering request 119 finished in 1297 ms","meta":{"rootId":"ixdtywqx52phbek","id":"ixdtywqx52phbek"},"id":"xqvl9xd7z1idbms","previousOperationId":"86l1pfte2z95v80"}
{"type":"operationEnd","subtype":"render","operationId":"cwcjf7n4qgexgtx","timestamp":1731227337363,"id":"97p5bgay3rgeuq1","previousEventId":"hxx75nr55mno24n","previousOperationId":"86l1pfte2z95v80"}
{"type":"operationEnd","doDiffs":false,"previousEventId":"a5ruep84set7ddv","previousOperationId":"zrrrrjz4wo1ni24","operationId":"zrrrrjz4wo1ni24","timestamp":1731227337366,"id":"twjbay0xadam33v"}
