{"type":"operationStart","subtype":"profile","data":{"_id":"w3DL4QYnFXAIZeOf","timestamp":"2024-11-10T10:00:25.757Z","state":"queued","mode":"standard","creationDate":"2024-11-10T10:00:25.759Z","modificationDate":"2024-11-10T10:00:25.759Z","shortid":"KpArlhc","inheritedReadPermissions":[],"inheritedEditPermissions":[],"$entitySet":"profiles"},"doDiffs":false,"timestamp":1731232825758,"id":"jbri3w59xoud1ic","previousOperationId":null,"operationId":"f99w0s3k7mhyj0p"}
{"type":"log","level":"info","message":"Render request 284 queued for execution and waiting for available worker","previousOperationId":"f99w0s3k7mhyj0p","timestamp":1731232825758,"id":"1m2ywv6wgeddzm3"}
{"type":"operationStart","subtype":"render","name":"new-excl-template","previousOperationId":"f99w0s3k7mhyj0p","timestamp":1731232825768,"id":"gwyor5hc8olzlss","previousEventId":"jbri3w59xoud1ic","operationId":"869ll7gh4mu04jm"}
{"type":"log","timestamp":1731232825768,"level":"info","message":"Starting rendering request 284 (user: admin)","meta":{"rootId":"izmm0qrqzt2zrtg","id":"izmm0qrqzt2zrtg"},"id":"xqkcbzcl5wzicm6","previousOperationId":"869ll7gh4mu04jm"}
{"type":"log","timestamp":1731232825768,"level":"info","message":"Rendering template { name: new-excl-template, recipe: html-to-xlsx, engine: handlebars, preview: true }","meta":{"rootId":"izmm0qrqzt2zrtg","id":"izmm0qrqzt2zrtg"},"id":"ejkr7ugefwtglcv","previousOperationId":"869ll7gh4mu04jm"}
{"type":"log","timestamp":1731232825770,"level":"debug","message":"Adding sample data pVkbCM7am","meta":{"rootId":"izmm0qrqzt2zrtg","id":"izmm0qrqzt2zrtg"},"id":"gtf98lz3g2302k3","previousOperationId":"869ll7gh4mu04jm"}
{"type":"log","timestamp":1731232825772,"level":"debug","message":"Base url not specified, skipping its injection.","meta":{"rootId":"izmm0qrqzt2zrtg","id":"izmm0qrqzt2zrtg"},"id":"jkpkpfvqdoyeqll","previousOperationId":"869ll7gh4mu04jm"}
{"type":"log","timestamp":1731232825775,"level":"debug","message":"Replaced assets [\"KhmerOSSiemreapRegular.ttf\"]","meta":{"rootId":"izmm0qrqzt2zrtg","id":"izmm0qrqzt2zrtg"},"id":"z3t5xf9a0cgu3sf","previousOperationId":"869ll7gh4mu04jm"}
{"type":"operationStart","subtype":"engine","name":"handlebars","timestamp":1731232825775,"id":"1h2eamgvrc1s1op","previousEventId":"gwyor5hc8olzlss","operationId":"lx8lc0qr2ykrbq2","previousOperationId":"869ll7gh4mu04jm"}
{"type":"log","timestamp":1731232825775,"level":"debug","message":"Rendering engine handlebars","meta":{"rootId":"izmm0qrqzt2zrtg","id":"izmm0qrqzt2zrtg"},"id":"qfe1lwpd2r2da3d","previousOperationId":"lx8lc0qr2ykrbq2"}
{"type":"operationEnd","operationId":"lx8lc0qr2ykrbq2","timestamp":1731232825793,"id":"he44gzcne93gsq3","previousEventId":"1h2eamgvrc1s1op","previousOperationId":"lx8lc0qr2ykrbq2"}
{"type":"operationStart","subtype":"recipe","name":"html-to-xlsx","timestamp":1731232825795,"id":"zh3yg4c18pcfgze","previousEventId":"he44gzcne93gsq3","operationId":"fkg1mlsxj9gfo5r","previousOperationId":"lx8lc0qr2ykrbq2"}
{"type":"log","timestamp":1731232825795,"level":"debug","message":"Executing recipe html-to-xlsx","meta":{"rootId":"izmm0qrqzt2zrtg","id":"izmm0qrqzt2zrtg"},"id":"r9eod7nvdd24rrd","previousOperationId":"fkg1mlsxj9gfo5r"}
{"type":"log","timestamp":1731232825795,"level":"info","message":"html-to-xlsx generation is starting","meta":{"rootId":"izmm0qrqzt2zrtg","id":"izmm0qrqzt2zrtg"},"id":"frl3h65fpwjqtsa","previousOperationId":"fkg1mlsxj9gfo5r"}
{"type":"log","timestamp":1731232826310,"level":"info","message":"html-to-xlsx generation was finished","meta":{"rootId":"izmm0qrqzt2zrtg","id":"izmm0qrqzt2zrtg"},"id":"67bl82ikw693cl0","previousOperationId":"fkg1mlsxj9gfo5r"}
{"type":"log","timestamp":1731232826310,"level":"debug","message":"preparing office preview","meta":{"rootId":"izmm0qrqzt2zrtg","id":"izmm0qrqzt2zrtg"},"id":"vjntz4rw265u55y","previousOperationId":"fkg1mlsxj9gfo5r"}
{"type":"operationEnd","operationId":"fkg1mlsxj9gfo5r","timestamp":1731232826752,"id":"k8176gx3bo45ipv","previousEventId":"zh3yg4c18pcfgze","previousOperationId":"fkg1mlsxj9gfo5r"}
{"type":"log","timestamp":1731232826752,"level":"debug","message":"Skipping storing report.","meta":{"rootId":"izmm0qrqzt2zrtg","id":"izmm0qrqzt2zrtg"},"id":"wqhl07uixnd120c","previousOperationId":"fkg1mlsxj9gfo5r"}
{"type":"log","timestamp":1731232826752,"level":"info","message":"Rendering request 284 finished in 995 ms","meta":{"rootId":"izmm0qrqzt2zrtg","id":"izmm0qrqzt2zrtg"},"id":"ts6fk4n9o340zjc","previousOperationId":"fkg1mlsxj9gfo5r"}
{"type":"operationEnd","subtype":"render","operationId":"869ll7gh4mu04jm","timestamp":1731232826752,"id":"6hwnvsise0m3d66","previousEventId":"k8176gx3bo45ipv","previousOperationId":"fkg1mlsxj9gfo5r"}
{"type":"operationEnd","doDiffs":false,"previousEventId":"jbri3w59xoud1ic","previousOperationId":"f99w0s3k7mhyj0p","operationId":"f99w0s3k7mhyj0p","timestamp":1731232826753,"id":"9io67vu60nrvmr5"}
