{"type":"operationStart","subtype":"profile","data":{"_id":"EimIK6ZCkVGe4vjv","timestamp":"2024-11-10T13:23:41.507Z","state":"queued","mode":"standard","creationDate":"2024-11-10T13:23:41.508Z","modificationDate":"2024-11-10T13:23:41.508Z","shortid":"atUZN2F","inheritedReadPermissions":[],"inheritedEditPermissions":[],"$entitySet":"profiles"},"doDiffs":false,"timestamp":1731245021507,"id":"waavepfnsuqnohr","previousOperationId":null,"operationId":"gfqeaeokcob66bq"}
{"type":"log","level":"info","message":"Render request 59 queued for execution and waiting for available worker","previousOperationId":"gfqeaeokcob66bq","timestamp":1731245021508,"id":"bdxgn2xpuqhshkd"}
{"type":"operationStart","subtype":"render","name":"new-excl-template","previousOperationId":"gfqeaeokcob66bq","timestamp":1731245021515,"id":"807orsloxdv6tkq","previousEventId":"waavepfnsuqnohr","operationId":"spsiggvf1yijx1x"}
{"type":"log","timestamp":1731245021515,"level":"info","message":"Starting rendering request 59 (user: admin)","meta":{"rootId":"jbtkoiwr4roudgd","id":"jbtkoiwr4roudgd"},"id":"itb4rl6f9b7olep","previousOperationId":"spsiggvf1yijx1x"}
{"type":"log","timestamp":1731245021515,"level":"info","message":"Rendering template { name: new-excl-template, recipe: html-to-xlsx, engine: handlebars, preview: true }","meta":{"rootId":"jbtkoiwr4roudgd","id":"jbtkoiwr4roudgd"},"id":"hosmnewam43xy39","previousOperationId":"spsiggvf1yijx1x"}
{"type":"log","timestamp":1731245021515,"level":"debug","message":"Inline data specified.","meta":{"rootId":"jbtkoiwr4roudgd","id":"jbtkoiwr4roudgd"},"id":"qprxtx7lj69klw5","previousOperationId":"spsiggvf1yijx1x"}
{"type":"log","timestamp":1731245021516,"level":"debug","message":"Base url not specified, skipping its injection.","meta":{"rootId":"jbtkoiwr4roudgd","id":"jbtkoiwr4roudgd"},"id":"abtc0n12e7mp3k8","previousOperationId":"spsiggvf1yijx1x"}
{"type":"log","timestamp":1731245021518,"level":"debug","message":"Replaced assets [\"KhmerOSSiemreapRegular.ttf\"]","meta":{"rootId":"jbtkoiwr4roudgd","id":"jbtkoiwr4roudgd"},"id":"vjpjnl2rc6pjnfv","previousOperationId":"spsiggvf1yijx1x"}
{"type":"operationStart","subtype":"engine","name":"handlebars","timestamp":1731245021518,"id":"tjqhqyfwi301yyy","previousEventId":"807orsloxdv6tkq","operationId":"1sz7oxlhzuv3qym","previousOperationId":"spsiggvf1yijx1x"}
{"type":"log","timestamp":1731245021518,"level":"debug","message":"Rendering engine handlebars","meta":{"rootId":"jbtkoiwr4roudgd","id":"jbtkoiwr4roudgd"},"id":"dgf5016lpm5qh57","previousOperationId":"1sz7oxlhzuv3qym"}
{"type":"operationEnd","operationId":"1sz7oxlhzuv3qym","timestamp":1731245021528,"id":"97kgn1go7lmsuac","previousEventId":"tjqhqyfwi301yyy","previousOperationId":"1sz7oxlhzuv3qym"}
{"type":"operationStart","subtype":"recipe","name":"html-to-xlsx","timestamp":1731245021529,"id":"mnfecpidp27if42","previousEventId":"97kgn1go7lmsuac","operationId":"p4trpx69nllh7y3","previousOperationId":"1sz7oxlhzuv3qym"}
{"type":"log","timestamp":1731245021529,"level":"debug","message":"Executing recipe html-to-xlsx","meta":{"rootId":"jbtkoiwr4roudgd","id":"jbtkoiwr4roudgd"},"id":"mecv98zcst0c7fr","previousOperationId":"p4trpx69nllh7y3"}
{"type":"log","timestamp":1731245021529,"level":"info","message":"html-to-xlsx generation is starting","meta":{"rootId":"jbtkoiwr4roudgd","id":"jbtkoiwr4roudgd"},"id":"k7jgj0p1ffm78d6","previousOperationId":"p4trpx69nllh7y3"}
{"type":"log","timestamp":1731245022088,"level":"info","message":"html-to-xlsx generation was finished","meta":{"rootId":"jbtkoiwr4roudgd","id":"jbtkoiwr4roudgd"},"id":"upp828kjg1ftsd5","previousOperationId":"p4trpx69nllh7y3"}
{"type":"log","timestamp":1731245022089,"level":"debug","message":"preparing office preview","meta":{"rootId":"jbtkoiwr4roudgd","id":"jbtkoiwr4roudgd"},"id":"xc4ja1dzkkr2amx","previousOperationId":"p4trpx69nllh7y3"}
{"type":"operationEnd","operationId":"p4trpx69nllh7y3","timestamp":1731245022583,"id":"6u6fp3h5iblkok9","previousEventId":"mnfecpidp27if42","previousOperationId":"p4trpx69nllh7y3"}
{"type":"log","timestamp":1731245022583,"level":"debug","message":"Skipping storing report.","meta":{"rootId":"jbtkoiwr4roudgd","id":"jbtkoiwr4roudgd"},"id":"u28db66pzaj5ipl","previousOperationId":"p4trpx69nllh7y3"}
{"type":"log","timestamp":1731245022583,"level":"info","message":"Rendering request 59 finished in 1076 ms","meta":{"rootId":"jbtkoiwr4roudgd","id":"jbtkoiwr4roudgd"},"id":"phfapbb6wbfa663","previousOperationId":"p4trpx69nllh7y3"}
{"type":"operationEnd","subtype":"render","operationId":"spsiggvf1yijx1x","timestamp":1731245022583,"id":"y7q699pdcurgbwn","previousEventId":"6u6fp3h5iblkok9","previousOperationId":"p4trpx69nllh7y3"}
{"type":"operationEnd","doDiffs":false,"previousEventId":"waavepfnsuqnohr","previousOperationId":"gfqeaeokcob66bq","operationId":"gfqeaeokcob66bq","timestamp":1731245022584,"id":"kuh4isaz66rvgew"}
