{"type":"operationStart","subtype":"profile","data":{"_id":"2PyhvycTjbwWLYoz","timestamp":"2024-11-10T08:18:47.792Z","state":"queued","mode":"standard","creationDate":"2024-11-10T08:18:47.795Z","modificationDate":"2024-11-10T08:18:47.795Z","shortid":"WFfCklE","inheritedReadPermissions":[],"inheritedEditPermissions":[],"$entitySet":"profiles"},"doDiffs":false,"timestamp":1731226727794,"id":"b76hlbopp0xtf6m","previousOperationId":null,"operationId":"fnw3u0drzn6kt0x"}
{"type":"log","level":"info","message":"Render request 104 queued for execution and waiting for available worker","previousOperationId":"fnw3u0drzn6kt0x","timestamp":1731226727794,"id":"9ea8cxrd42fjba2"}
{"type":"operationStart","subtype":"render","name":"new-excl-template","previousOperationId":"fnw3u0drzn6kt0x","timestamp":1731226727804,"id":"gm2zhw5gxoyig23","previousEventId":"b76hlbopp0xtf6m","operationId":"r9uwkrupwpdcunh"}
{"type":"log","timestamp":1731226727804,"level":"info","message":"Starting rendering request 104 (user: admin)","meta":{"rootId":"jei1omntwa1mu1c","id":"jei1omntwa1mu1c"},"id":"rmwqy11fjolzxz3","previousOperationId":"r9uwkrupwpdcunh"}
{"type":"log","timestamp":1731226727804,"level":"info","message":"Rendering template { name: new-excl-template, recipe: html-to-xlsx, engine: handlebars, preview: true }","meta":{"rootId":"jei1omntwa1mu1c","id":"jei1omntwa1mu1c"},"id":"s8k4clnwtgm2qqj","previousOperationId":"r9uwkrupwpdcunh"}
{"type":"log","timestamp":1731226727804,"level":"debug","message":"Inline data specified.","meta":{"rootId":"jei1omntwa1mu1c","id":"jei1omntwa1mu1c"},"id":"4zw1tfo249de85f","previousOperationId":"r9uwkrupwpdcunh"}
{"type":"log","timestamp":1731226727806,"level":"debug","message":"Base url not specified, skipping its injection.","meta":{"rootId":"jei1omntwa1mu1c","id":"jei1omntwa1mu1c"},"id":"5cq2eqwig5gpzrt","previousOperationId":"r9uwkrupwpdcunh"}
{"type":"operationStart","subtype":"engine","name":"handlebars","timestamp":1731226727806,"id":"jgy33bun18asil8","previousEventId":"gm2zhw5gxoyig23","operationId":"m8dgo2rkbzc0nr5","previousOperationId":"r9uwkrupwpdcunh"}
{"type":"log","timestamp":1731226727806,"level":"debug","message":"Rendering engine handlebars","meta":{"rootId":"jei1omntwa1mu1c","id":"jei1omntwa1mu1c"},"id":"qiw2hdev9xw18x0","previousOperationId":"m8dgo2rkbzc0nr5"}
{"type":"operationEnd","operationId":"m8dgo2rkbzc0nr5","timestamp":1731226727817,"id":"6gy6q4xormaf622","previousEventId":"jgy33bun18asil8","previousOperationId":"m8dgo2rkbzc0nr5"}
{"type":"operationStart","subtype":"recipe","name":"html-to-xlsx","timestamp":1731226727818,"id":"5kfeedjvaoj8whh","previousEventId":"6gy6q4xormaf622","operationId":"uzff7tv40x1z9ih","previousOperationId":"m8dgo2rkbzc0nr5"}
{"type":"log","timestamp":1731226727818,"level":"debug","message":"Executing recipe html-to-xlsx","meta":{"rootId":"jei1omntwa1mu1c","id":"jei1omntwa1mu1c"},"id":"7574ct4b5ls1hg9","previousOperationId":"uzff7tv40x1z9ih"}
{"type":"log","timestamp":1731226727818,"level":"info","message":"html-to-xlsx generation is starting","meta":{"rootId":"jei1omntwa1mu1c","id":"jei1omntwa1mu1c"},"id":"k5zj5u769j57160","previousOperationId":"uzff7tv40x1z9ih"}
{"type":"log","timestamp":1731226728454,"level":"info","message":"html-to-xlsx generation was finished","meta":{"rootId":"jei1omntwa1mu1c","id":"jei1omntwa1mu1c"},"id":"yhnofi1tfqacf5z","previousOperationId":"uzff7tv40x1z9ih"}
{"type":"log","timestamp":1731226728454,"level":"debug","message":"preparing office preview","meta":{"rootId":"jei1omntwa1mu1c","id":"jei1omntwa1mu1c"},"id":"609650atgtxh2m7","previousOperationId":"uzff7tv40x1z9ih"}
{"type":"operationEnd","operationId":"uzff7tv40x1z9ih","timestamp":1731226728899,"id":"oplh74odxdkqcoo","previousEventId":"5kfeedjvaoj8whh","previousOperationId":"uzff7tv40x1z9ih"}
{"type":"log","timestamp":1731226728899,"level":"debug","message":"Skipping storing report.","meta":{"rootId":"jei1omntwa1mu1c","id":"jei1omntwa1mu1c"},"id":"gzmzx163uq6dwyo","previousOperationId":"uzff7tv40x1z9ih"}
{"type":"log","timestamp":1731226728899,"level":"info","message":"Rendering request 104 finished in 1107 ms","meta":{"rootId":"jei1omntwa1mu1c","id":"jei1omntwa1mu1c"},"id":"cga0mkxsk1nokmw","previousOperationId":"uzff7tv40x1z9ih"}
{"type":"operationEnd","subtype":"render","operationId":"r9uwkrupwpdcunh","timestamp":1731226728899,"id":"jub0kecuulfl0ew","previousEventId":"oplh74odxdkqcoo","previousOperationId":"uzff7tv40x1z9ih"}
{"type":"operationEnd","doDiffs":false,"previousEventId":"b76hlbopp0xtf6m","previousOperationId":"fnw3u0drzn6kt0x","operationId":"fnw3u0drzn6kt0x","timestamp":1731226728901,"id":"4eavgzngrrnx4ap"}
