{"type":"operationStart","subtype":"profile","data":{"_id":"NpFeUkD4lse6veIB","timestamp":"2024-11-10T10:12:18.558Z","state":"queued","mode":"standard","creationDate":"2024-11-10T10:12:18.560Z","modificationDate":"2024-11-10T10:12:18.560Z","shortid":"kfrAL3i","inheritedReadPermissions":[],"inheritedEditPermissions":[],"$entitySet":"profiles"},"doDiffs":false,"timestamp":1731233538559,"id":"ao6owlee2ywoo2n","previousOperationId":null,"operationId":"1hiqq25b4c65lst"}
{"type":"log","level":"info","message":"Render request 302 queued for execution and waiting for available worker","previousOperationId":"1hiqq25b4c65lst","timestamp":1731233538559,"id":"afo8j7dley2sp52"}
{"type":"operationStart","subtype":"render","name":"new-excl-template","previousOperationId":"1hiqq25b4c65lst","timestamp":1731233538568,"id":"cmz1rxsumiyl1t4","previousEventId":"ao6owlee2ywoo2n","operationId":"x9iyr6s41pf0rtu"}
{"type":"log","timestamp":1731233538568,"level":"info","message":"Starting rendering request 302 (user: admin)","meta":{"rootId":"jgkt583trqmwc1e","id":"jgkt583trqmwc1e"},"id":"06gfdbaj4i0kbym","previousOperationId":"x9iyr6s41pf0rtu"}
{"type":"log","timestamp":1731233538568,"level":"info","message":"Rendering template { name: new-excl-template, recipe: html-to-xlsx, engine: handlebars, preview: true }","meta":{"rootId":"jgkt583trqmwc1e","id":"jgkt583trqmwc1e"},"id":"634tktjnw8zi03r","previousOperationId":"x9iyr6s41pf0rtu"}
{"type":"log","timestamp":1731233538570,"level":"debug","message":"Adding sample data pVkbCM7am","meta":{"rootId":"jgkt583trqmwc1e","id":"jgkt583trqmwc1e"},"id":"52asrggalbp0cir","previousOperationId":"x9iyr6s41pf0rtu"}
{"type":"log","timestamp":1731233538571,"level":"debug","message":"Base url not specified, skipping its injection.","meta":{"rootId":"jgkt583trqmwc1e","id":"jgkt583trqmwc1e"},"id":"v7wggdsu0canpu1","previousOperationId":"x9iyr6s41pf0rtu"}
{"type":"log","timestamp":1731233538573,"level":"debug","message":"Replaced assets [\"KhmerOSSiemreapRegular.ttf\"]","meta":{"rootId":"jgkt583trqmwc1e","id":"jgkt583trqmwc1e"},"id":"krqgvv2c9xv5pcb","previousOperationId":"x9iyr6s41pf0rtu"}
{"type":"operationStart","subtype":"engine","name":"handlebars","timestamp":1731233538573,"id":"7fbyf8ckdixxwb4","previousEventId":"cmz1rxsumiyl1t4","operationId":"yk6az7o4i4sd810","previousOperationId":"x9iyr6s41pf0rtu"}
{"type":"log","timestamp":1731233538573,"level":"debug","message":"Rendering engine handlebars","meta":{"rootId":"jgkt583trqmwc1e","id":"jgkt583trqmwc1e"},"id":"k7q3k59rvbc4xkf","previousOperationId":"yk6az7o4i4sd810"}
{"type":"operationEnd","operationId":"yk6az7o4i4sd810","timestamp":1731233538588,"id":"xf4q1ccmvf8av7g","previousEventId":"7fbyf8ckdixxwb4","previousOperationId":"yk6az7o4i4sd810"}
{"type":"operationStart","subtype":"recipe","name":"html-to-xlsx","timestamp":1731233538590,"id":"kmvz2hh5rvxrgky","previousEventId":"xf4q1ccmvf8av7g","operationId":"mkkle6watyp7m4d","previousOperationId":"yk6az7o4i4sd810"}
{"type":"log","timestamp":1731233538590,"level":"debug","message":"Executing recipe html-to-xlsx","meta":{"rootId":"jgkt583trqmwc1e","id":"jgkt583trqmwc1e"},"id":"j1cz85j50c7kzf8","previousOperationId":"mkkle6watyp7m4d"}
{"type":"log","timestamp":1731233538590,"level":"info","message":"html-to-xlsx generation is starting","meta":{"rootId":"jgkt583trqmwc1e","id":"jgkt583trqmwc1e"},"id":"mvet9zsmsclwsdb","previousOperationId":"mkkle6watyp7m4d"}
{"type":"log","timestamp":1731233539167,"level":"info","message":"html-to-xlsx generation was finished","meta":{"rootId":"jgkt583trqmwc1e","id":"jgkt583trqmwc1e"},"id":"ztxf1dqa9ysrmq7","previousOperationId":"mkkle6watyp7m4d"}
{"type":"log","timestamp":1731233539167,"level":"debug","message":"preparing office preview","meta":{"rootId":"jgkt583trqmwc1e","id":"jgkt583trqmwc1e"},"id":"tfsqx9nlc2wdc6t","previousOperationId":"mkkle6watyp7m4d"}
{"type":"operationEnd","operationId":"mkkle6watyp7m4d","timestamp":1731233539610,"id":"glji1m9dwn0oh83","previousEventId":"kmvz2hh5rvxrgky","previousOperationId":"mkkle6watyp7m4d"}
{"type":"log","timestamp":1731233539610,"level":"debug","message":"Skipping storing report.","meta":{"rootId":"jgkt583trqmwc1e","id":"jgkt583trqmwc1e"},"id":"9x9lm5se2ex0yqb","previousOperationId":"mkkle6watyp7m4d"}
{"type":"log","timestamp":1731233539610,"level":"info","message":"Rendering request 302 finished in 1052 ms","meta":{"rootId":"jgkt583trqmwc1e","id":"jgkt583trqmwc1e"},"id":"mbj45n7ar79dym1","previousOperationId":"mkkle6watyp7m4d"}
{"type":"operationEnd","subtype":"render","operationId":"x9iyr6s41pf0rtu","timestamp":1731233539610,"id":"8yfbvkvc01z6ric","previousEventId":"glji1m9dwn0oh83","previousOperationId":"mkkle6watyp7m4d"}
{"type":"operationEnd","doDiffs":false,"previousEventId":"ao6owlee2ywoo2n","previousOperationId":"1hiqq25b4c65lst","operationId":"1hiqq25b4c65lst","timestamp":1731233539612,"id":"vpkk0pq63hq5py4"}
