{"type":"operationStart","subtype":"profile","data":{"_id":"2psGkrVssjxjwarv","timestamp":"2024-11-10T08:55:08.946Z","state":"queued","mode":"standard","creationDate":"2024-11-10T08:55:08.948Z","modificationDate":"2024-11-10T08:55:08.948Z","shortid":"w4exYTB","inheritedReadPermissions":[],"inheritedEditPermissions":[],"$entitySet":"profiles"},"doDiffs":false,"timestamp":1731228908947,"id":"j7vn7lyb9dfy46y","previousOperationId":null,"operationId":"sg00637yiu7j7az"}
{"type":"log","level":"info","message":"Render request 164 queued for execution and waiting for available worker","previousOperationId":"sg00637yiu7j7az","timestamp":1731228908947,"id":"obna93e7y63wjva"}
{"type":"operationStart","subtype":"render","name":"new-excl-template","previousOperationId":"sg00637yiu7j7az","timestamp":1731228908956,"id":"wwuvmgfdedd2fsm","previousEventId":"j7vn7lyb9dfy46y","operationId":"3uuoijbbzuh0f54"}
{"type":"log","timestamp":1731228908956,"level":"info","message":"Starting rendering request 164 (user: admin)","meta":{"rootId":"ji7h7p0tvhqchaf","id":"ji7h7p0tvhqchaf"},"id":"1eoc3bgipzg8u3o","previousOperationId":"3uuoijbbzuh0f54"}
{"type":"log","timestamp":1731228908956,"level":"info","message":"Rendering template { name: new-excl-template, recipe: html-to-xlsx, engine: handlebars, preview: true }","meta":{"rootId":"ji7h7p0tvhqchaf","id":"ji7h7p0tvhqchaf"},"id":"7tfffcq2r5va1fa","previousOperationId":"3uuoijbbzuh0f54"}
{"type":"log","timestamp":1731228908957,"level":"debug","message":"Adding sample data pVkbCM7am","meta":{"rootId":"ji7h7p0tvhqchaf","id":"ji7h7p0tvhqchaf"},"id":"t1z3s1ghcmia5g8","previousOperationId":"3uuoijbbzuh0f54"}
{"type":"log","timestamp":1731228908959,"level":"debug","message":"Base url not specified, skipping its injection.","meta":{"rootId":"ji7h7p0tvhqchaf","id":"ji7h7p0tvhqchaf"},"id":"oqu0u7tt2m5v5xt","previousOperationId":"3uuoijbbzuh0f54"}
{"type":"log","timestamp":1731228908961,"level":"debug","message":"Replaced assets [\"KhmerOSSiemreapRegular.ttf\"]","meta":{"rootId":"ji7h7p0tvhqchaf","id":"ji7h7p0tvhqchaf"},"id":"dnmsheiqy56avxl","previousOperationId":"3uuoijbbzuh0f54"}
{"type":"operationStart","subtype":"engine","name":"handlebars","timestamp":1731228908961,"id":"hp409r83444wmth","previousEventId":"wwuvmgfdedd2fsm","operationId":"i5w6z1r68qu0qvt","previousOperationId":"3uuoijbbzuh0f54"}
{"type":"log","timestamp":1731228908961,"level":"debug","message":"Rendering engine handlebars","meta":{"rootId":"ji7h7p0tvhqchaf","id":"ji7h7p0tvhqchaf"},"id":"7wubylohsyxzxb4","previousOperationId":"i5w6z1r68qu0qvt"}
{"type":"operationEnd","operationId":"i5w6z1r68qu0qvt","timestamp":1731228908973,"id":"zliet82xndozs5n","previousEventId":"hp409r83444wmth","previousOperationId":"i5w6z1r68qu0qvt"}
{"type":"operationStart","subtype":"recipe","name":"html-to-xlsx","timestamp":1731228908978,"id":"xri7m1jqcv8zgjx","previousEventId":"zliet82xndozs5n","operationId":"jve7yi1p2lgkwsr","previousOperationId":"i5w6z1r68qu0qvt"}
{"type":"log","timestamp":1731228908978,"level":"debug","message":"Executing recipe html-to-xlsx","meta":{"rootId":"ji7h7p0tvhqchaf","id":"ji7h7p0tvhqchaf"},"id":"256nl3f3r1n84ae","previousOperationId":"jve7yi1p2lgkwsr"}
{"type":"log","timestamp":1731228908978,"level":"info","message":"html-to-xlsx generation is starting","meta":{"rootId":"ji7h7p0tvhqchaf","id":"ji7h7p0tvhqchaf"},"id":"j3exba042rkj0hq","previousOperationId":"jve7yi1p2lgkwsr"}
{"type":"log","timestamp":1731228908978,"level":"info","message":"html-to-xlsx is going to insert table generation into base xlsx template","meta":{"rootId":"ji7h7p0tvhqchaf","id":"ji7h7p0tvhqchaf"},"id":"wyxg7i15whwoort","previousOperationId":"jve7yi1p2lgkwsr"}
{"type":"log","timestamp":1731228910252,"level":"info","message":"html-to-xlsx generation was finished","meta":{"rootId":"ji7h7p0tvhqchaf","id":"ji7h7p0tvhqchaf"},"id":"hlgzyujfxqbtlqx","previousOperationId":"jve7yi1p2lgkwsr"}
{"type":"log","timestamp":1731228910252,"level":"debug","message":"preparing office preview","meta":{"rootId":"ji7h7p0tvhqchaf","id":"ji7h7p0tvhqchaf"},"id":"2rbir1o9g9dj82q","previousOperationId":"jve7yi1p2lgkwsr"}
{"type":"operationEnd","operationId":"jve7yi1p2lgkwsr","timestamp":1731228910917,"id":"tcjfnyi24uapwai","previousEventId":"xri7m1jqcv8zgjx","previousOperationId":"jve7yi1p2lgkwsr"}
{"type":"log","timestamp":1731228910917,"level":"debug","message":"Skipping storing report.","meta":{"rootId":"ji7h7p0tvhqchaf","id":"ji7h7p0tvhqchaf"},"id":"oancw03ymovobjw","previousOperationId":"jve7yi1p2lgkwsr"}
{"type":"log","timestamp":1731228910917,"level":"info","message":"Rendering request 164 finished in 1971 ms","meta":{"rootId":"ji7h7p0tvhqchaf","id":"ji7h7p0tvhqchaf"},"id":"wg3ytdg4ub31g0g","previousOperationId":"jve7yi1p2lgkwsr"}
{"type":"operationEnd","subtype":"render","operationId":"3uuoijbbzuh0f54","timestamp":1731228910917,"id":"hvkoxicct25v1ly","previousEventId":"tcjfnyi24uapwai","previousOperationId":"jve7yi1p2lgkwsr"}
{"type":"operationEnd","doDiffs":false,"previousEventId":"j7vn7lyb9dfy46y","previousOperationId":"sg00637yiu7j7az","operationId":"sg00637yiu7j7az","timestamp":1731228910920,"id":"6vkh77d2uz6dkga"}
