{"type":"operationStart","subtype":"profile","data":{"_id":"jO8DcQSgiyY2V3Ru","timestamp":"2024-11-10T14:19:28.319Z","state":"queued","mode":"standard","creationDate":"2024-11-10T14:19:28.321Z","modificationDate":"2024-11-10T14:19:28.321Z","shortid":"y2W63Hr","inheritedReadPermissions":[],"inheritedEditPermissions":[],"$entitySet":"profiles"},"doDiffs":false,"timestamp":1731248368320,"id":"tgdd2kfsenwd096","previousOperationId":null,"operationId":"bv8ax72hlp0t57y"}
{"type":"log","level":"info","message":"Render request 133 queued for execution and waiting for available worker","previousOperationId":"bv8ax72hlp0t57y","timestamp":1731248368320,"id":"dwcbtka2qgbjy4h"}
{"type":"operationStart","subtype":"render","name":"new-excl-template","previousOperationId":"bv8ax72hlp0t57y","timestamp":1731248368327,"id":"xmnvcdzdkepg2p2","previousEventId":"tgdd2kfsenwd096","operationId":"rnue9x4pzbfrfe1"}
{"type":"log","timestamp":1731248368327,"level":"info","message":"Starting rendering request 133 (user: admin)","meta":{"rootId":"jnwmdvaqrkzw027","id":"jnwmdvaqrkzw027"},"id":"tfh6mllouuslkfw","previousOperationId":"rnue9x4pzbfrfe1"}
{"type":"log","timestamp":1731248368327,"level":"info","message":"Rendering template { name: new-excl-template, recipe: html-to-xlsx, engine: handlebars, preview: true }","meta":{"rootId":"jnwmdvaqrkzw027","id":"jnwmdvaqrkzw027"},"id":"eizbevovv14xb38","previousOperationId":"rnue9x4pzbfrfe1"}
{"type":"log","timestamp":1731248368328,"level":"debug","message":"Inline data specified.","meta":{"rootId":"jnwmdvaqrkzw027","id":"jnwmdvaqrkzw027"},"id":"psn8su5a4hi5jfz","previousOperationId":"rnue9x4pzbfrfe1"}
{"type":"log","timestamp":1731248368329,"level":"debug","message":"Base url not specified, skipping its injection.","meta":{"rootId":"jnwmdvaqrkzw027","id":"jnwmdvaqrkzw027"},"id":"56jksvihfjutyff","previousOperationId":"rnue9x4pzbfrfe1"}
{"type":"log","timestamp":1731248368331,"level":"debug","message":"Replaced assets [\"KhmerOSSiemreapRegular.ttf\"]","meta":{"rootId":"jnwmdvaqrkzw027","id":"jnwmdvaqrkzw027"},"id":"f46j861qxtxi3c7","previousOperationId":"rnue9x4pzbfrfe1"}
{"type":"operationStart","subtype":"engine","name":"handlebars","timestamp":1731248368331,"id":"yia0r060kyw80od","previousEventId":"xmnvcdzdkepg2p2","operationId":"zm0vg8mx5ar1m7e","previousOperationId":"rnue9x4pzbfrfe1"}
{"type":"log","timestamp":1731248368331,"level":"debug","message":"Rendering engine handlebars","meta":{"rootId":"jnwmdvaqrkzw027","id":"jnwmdvaqrkzw027"},"id":"d7509diqw9vg4np","previousOperationId":"zm0vg8mx5ar1m7e"}
{"type":"operationEnd","operationId":"zm0vg8mx5ar1m7e","timestamp":1731248368343,"id":"m1lzdlwccmm2jp7","previousEventId":"yia0r060kyw80od","previousOperationId":"zm0vg8mx5ar1m7e"}
{"type":"operationStart","subtype":"recipe","name":"html-to-xlsx","timestamp":1731248368344,"id":"93fyeehzveusphf","previousEventId":"m1lzdlwccmm2jp7","operationId":"7l8qx8xfy02cvd1","previousOperationId":"zm0vg8mx5ar1m7e"}
{"type":"log","timestamp":1731248368344,"level":"debug","message":"Executing recipe html-to-xlsx","meta":{"rootId":"jnwmdvaqrkzw027","id":"jnwmdvaqrkzw027"},"id":"ub2sgbvik352tp2","previousOperationId":"7l8qx8xfy02cvd1"}
{"type":"log","timestamp":1731248368344,"level":"info","message":"html-to-xlsx generation is starting","meta":{"rootId":"jnwmdvaqrkzw027","id":"jnwmdvaqrkzw027"},"id":"mlgfmjoohq61ypy","previousOperationId":"7l8qx8xfy02cvd1"}
{"type":"log","timestamp":1731248369069,"level":"info","message":"html-to-xlsx generation was finished","meta":{"rootId":"jnwmdvaqrkzw027","id":"jnwmdvaqrkzw027"},"id":"m4l63kqn2bqbl5t","previousOperationId":"7l8qx8xfy02cvd1"}
{"type":"log","timestamp":1731248369069,"level":"debug","message":"preparing office preview","meta":{"rootId":"jnwmdvaqrkzw027","id":"jnwmdvaqrkzw027"},"id":"wzexe39gii9p2pv","previousOperationId":"7l8qx8xfy02cvd1"}
{"type":"operationEnd","operationId":"7l8qx8xfy02cvd1","timestamp":1731248369582,"id":"4agf50yrmue78oa","previousEventId":"93fyeehzveusphf","previousOperationId":"7l8qx8xfy02cvd1"}
{"type":"log","timestamp":1731248369582,"level":"debug","message":"Skipping storing report.","meta":{"rootId":"jnwmdvaqrkzw027","id":"jnwmdvaqrkzw027"},"id":"d3zgnxr27svgev7","previousOperationId":"7l8qx8xfy02cvd1"}
{"type":"log","timestamp":1731248369582,"level":"info","message":"Rendering request 133 finished in 1263 ms","meta":{"rootId":"jnwmdvaqrkzw027","id":"jnwmdvaqrkzw027"},"id":"lbfq9274ay7nrsq","previousOperationId":"7l8qx8xfy02cvd1"}
{"type":"operationEnd","subtype":"render","operationId":"rnue9x4pzbfrfe1","timestamp":1731248369582,"id":"y8n9adpdqrjd542","previousEventId":"4agf50yrmue78oa","previousOperationId":"7l8qx8xfy02cvd1"}
{"type":"operationEnd","doDiffs":false,"previousEventId":"tgdd2kfsenwd096","previousOperationId":"bv8ax72hlp0t57y","operationId":"bv8ax72hlp0t57y","timestamp":1731248369584,"id":"61z515h0wkxj4vk"}
