{"type":"operationStart","subtype":"profile","data":{"_id":"hlIhoSmiorMGnQeQ","timestamp":"2024-11-10T09:58:49.564Z","state":"queued","mode":"standard","creationDate":"2024-11-10T09:58:49.566Z","modificationDate":"2024-11-10T09:58:49.566Z","shortid":"_dXtWQs","inheritedReadPermissions":[],"inheritedEditPermissions":[],"$entitySet":"profiles"},"doDiffs":false,"timestamp":1731232729565,"id":"k0wbqnwzvora8ql","previousOperationId":null,"operationId":"ymnjuaa7la051qf"}
{"type":"log","level":"info","message":"Render request 277 queued for execution and waiting for available worker","previousOperationId":"ymnjuaa7la051qf","timestamp":1731232729565,"id":"pleqraax5mu4b12"}
{"type":"operationStart","subtype":"render","name":"new-excl-template","previousOperationId":"ymnjuaa7la051qf","timestamp":1731232729575,"id":"6vjm0yg3avvocbi","previousEventId":"k0wbqnwzvora8ql","operationId":"96g8z1syt0bgaf8"}
{"type":"log","timestamp":1731232729575,"level":"info","message":"Starting rendering request 277 (user: admin)","meta":{"rootId":"jov9uqm0gc6zryz","id":"jov9uqm0gc6zryz"},"id":"kqvl6r6gxt0b0g0","previousOperationId":"96g8z1syt0bgaf8"}
{"type":"log","timestamp":1731232729575,"level":"info","message":"Rendering template { name: new-excl-template, recipe: html-to-xlsx, engine: handlebars, preview: true }","meta":{"rootId":"jov9uqm0gc6zryz","id":"jov9uqm0gc6zryz"},"id":"345mpks9sh782tw","previousOperationId":"96g8z1syt0bgaf8"}
{"type":"log","timestamp":1731232729576,"level":"debug","message":"Adding sample data pVkbCM7am","meta":{"rootId":"jov9uqm0gc6zryz","id":"jov9uqm0gc6zryz"},"id":"tfaengkl4ytiiwx","previousOperationId":"96g8z1syt0bgaf8"}
{"type":"log","timestamp":1731232729577,"level":"debug","message":"Base url not specified, skipping its injection.","meta":{"rootId":"jov9uqm0gc6zryz","id":"jov9uqm0gc6zryz"},"id":"30x631qdwxymiu0","previousOperationId":"96g8z1syt0bgaf8"}
{"type":"log","timestamp":1731232729580,"level":"debug","message":"Replaced assets [\"KhmerOSSiemreapRegular.ttf\"]","meta":{"rootId":"jov9uqm0gc6zryz","id":"jov9uqm0gc6zryz"},"id":"7bbskdpgwq1c3fo","previousOperationId":"96g8z1syt0bgaf8"}
{"type":"operationStart","subtype":"engine","name":"handlebars","timestamp":1731232729580,"id":"7rdv8nzb6ttz3r6","previousEventId":"6vjm0yg3avvocbi","operationId":"1ft2guh6r8ydkk0","previousOperationId":"96g8z1syt0bgaf8"}
{"type":"log","timestamp":1731232729580,"level":"debug","message":"Rendering engine handlebars","meta":{"rootId":"jov9uqm0gc6zryz","id":"jov9uqm0gc6zryz"},"id":"aq5sqirehq5dk3r","previousOperationId":"1ft2guh6r8ydkk0"}
{"type":"operationEnd","operationId":"1ft2guh6r8ydkk0","timestamp":1731232729597,"id":"ptpufkqo2ib3bj4","previousEventId":"7rdv8nzb6ttz3r6","previousOperationId":"1ft2guh6r8ydkk0"}
{"type":"operationStart","subtype":"recipe","name":"html-to-xlsx","timestamp":1731232729600,"id":"tudu20h0x4pper0","previousEventId":"ptpufkqo2ib3bj4","operationId":"ylqoixevyjbwtr3","previousOperationId":"1ft2guh6r8ydkk0"}
{"type":"log","timestamp":1731232729600,"level":"debug","message":"Executing recipe html-to-xlsx","meta":{"rootId":"jov9uqm0gc6zryz","id":"jov9uqm0gc6zryz"},"id":"pxazvddfvhz2qkd","previousOperationId":"ylqoixevyjbwtr3"}
{"type":"log","timestamp":1731232729600,"level":"info","message":"html-to-xlsx generation is starting","meta":{"rootId":"jov9uqm0gc6zryz","id":"jov9uqm0gc6zryz"},"id":"x172l0g5ubzqa3u","previousOperationId":"ylqoixevyjbwtr3"}
{"type":"log","timestamp":1731232730140,"level":"info","message":"html-to-xlsx generation was finished","meta":{"rootId":"jov9uqm0gc6zryz","id":"jov9uqm0gc6zryz"},"id":"0gl4p7x7ibk2xgy","previousOperationId":"ylqoixevyjbwtr3"}
{"type":"log","timestamp":1731232730140,"level":"debug","message":"preparing office preview","meta":{"rootId":"jov9uqm0gc6zryz","id":"jov9uqm0gc6zryz"},"id":"qp4cqj8yvg3x3wu","previousOperationId":"ylqoixevyjbwtr3"}
{"type":"operationEnd","operationId":"ylqoixevyjbwtr3","timestamp":1731232730588,"id":"ng1kdbpscj3rlvv","previousEventId":"tudu20h0x4pper0","previousOperationId":"ylqoixevyjbwtr3"}
{"type":"log","timestamp":1731232730588,"level":"debug","message":"Skipping storing report.","meta":{"rootId":"jov9uqm0gc6zryz","id":"jov9uqm0gc6zryz"},"id":"xwkeq8aijjfpvaj","previousOperationId":"ylqoixevyjbwtr3"}
{"type":"log","timestamp":1731232730588,"level":"info","message":"Rendering request 277 finished in 1024 ms","meta":{"rootId":"jov9uqm0gc6zryz","id":"jov9uqm0gc6zryz"},"id":"37vfrjbymfeal6p","previousOperationId":"ylqoixevyjbwtr3"}
{"type":"operationEnd","subtype":"render","operationId":"96g8z1syt0bgaf8","timestamp":1731232730588,"id":"tntyjnue0blqwfn","previousEventId":"ng1kdbpscj3rlvv","previousOperationId":"ylqoixevyjbwtr3"}
{"type":"operationEnd","doDiffs":false,"previousEventId":"k0wbqnwzvora8ql","previousOperationId":"ymnjuaa7la051qf","operationId":"ymnjuaa7la051qf","timestamp":1731232730591,"id":"eo3ju0fvolk9qu2"}
