{"type":"operationStart","subtype":"profile","data":{"_id":"bfduY3OdzBBOpkyP","timestamp":"2024-11-10T15:13:42.517Z","state":"queued","mode":"standard","creationDate":"2024-11-10T15:13:42.519Z","modificationDate":"2024-11-10T15:13:42.519Z","shortid":"pETMJV6","inheritedReadPermissions":[],"inheritedEditPermissions":[],"$entitySet":"profiles"},"doDiffs":false,"timestamp":1731251622518,"id":"kq4kjonvpxem3sr","previousOperationId":null,"operationId":"y8j7bxulh8a0hg9"}
{"type":"log","level":"info","message":"Render request 191 queued for execution and waiting for available worker","previousOperationId":"y8j7bxulh8a0hg9","timestamp":1731251622518,"id":"tvz83ycf6y2pcwf"}
{"type":"operationStart","subtype":"render","name":"new-excl-template","previousOperationId":"y8j7bxulh8a0hg9","timestamp":1731251622526,"id":"k78hxa69f1jax8w","previousEventId":"kq4kjonvpxem3sr","operationId":"ak6imsurelslnsd"}
{"type":"log","timestamp":1731251622527,"level":"info","message":"Starting rendering request 191 (user: admin)","meta":{"rootId":"jxishd1jwtcids2","id":"jxishd1jwtcids2"},"id":"qac0cws36cs7pgy","previousOperationId":"ak6imsurelslnsd"}
{"type":"log","timestamp":1731251622527,"level":"info","message":"Rendering template { name: new-excl-template, recipe: html-to-xlsx, engine: handlebars, preview: true }","meta":{"rootId":"jxishd1jwtcids2","id":"jxishd1jwtcids2"},"id":"umh109tdiw7issy","previousOperationId":"ak6imsurelslnsd"}
{"type":"log","timestamp":1731251622527,"level":"debug","message":"Inline data specified.","meta":{"rootId":"jxishd1jwtcids2","id":"jxishd1jwtcids2"},"id":"ty3kwzd2ir9yd1u","previousOperationId":"ak6imsurelslnsd"}
{"type":"log","timestamp":1731251622529,"level":"debug","message":"Base url not specified, skipping its injection.","meta":{"rootId":"jxishd1jwtcids2","id":"jxishd1jwtcids2"},"id":"u1u69hfeakew6k6","previousOperationId":"ak6imsurelslnsd"}
{"type":"log","timestamp":1731251622532,"level":"debug","message":"Replaced assets [\"KhmerOSSiemreapRegular.ttf\"]","meta":{"rootId":"jxishd1jwtcids2","id":"jxishd1jwtcids2"},"id":"t0jdgu4qybt7bu6","previousOperationId":"ak6imsurelslnsd"}
{"type":"operationStart","subtype":"engine","name":"handlebars","timestamp":1731251622533,"id":"3taqu16pvtzf547","previousEventId":"k78hxa69f1jax8w","operationId":"2c4vd5l9bg9z61i","previousOperationId":"ak6imsurelslnsd"}
{"type":"log","timestamp":1731251622533,"level":"debug","message":"Rendering engine handlebars","meta":{"rootId":"jxishd1jwtcids2","id":"jxishd1jwtcids2"},"id":"uw9hlvot3suzv19","previousOperationId":"2c4vd5l9bg9z61i"}
{"type":"operationEnd","operationId":"2c4vd5l9bg9z61i","timestamp":1731251622550,"id":"v2jvufuepf7wsh7","previousEventId":"3taqu16pvtzf547","previousOperationId":"2c4vd5l9bg9z61i"}
{"type":"operationStart","subtype":"recipe","name":"html-to-xlsx","timestamp":1731251622551,"id":"o2zc8llojsme1ds","previousEventId":"v2jvufuepf7wsh7","operationId":"7t2bt01utz8m5rv","previousOperationId":"2c4vd5l9bg9z61i"}
{"type":"log","timestamp":1731251622551,"level":"debug","message":"Executing recipe html-to-xlsx","meta":{"rootId":"jxishd1jwtcids2","id":"jxishd1jwtcids2"},"id":"wh0sbypy46emmd3","previousOperationId":"7t2bt01utz8m5rv"}
{"type":"log","timestamp":1731251622551,"level":"info","message":"html-to-xlsx generation is starting","meta":{"rootId":"jxishd1jwtcids2","id":"jxishd1jwtcids2"},"id":"77p39ym7ofe9xm4","previousOperationId":"7t2bt01utz8m5rv"}
{"type":"log","timestamp":1731251623114,"level":"info","message":"html-to-xlsx generation was finished","meta":{"rootId":"jxishd1jwtcids2","id":"jxishd1jwtcids2"},"id":"d4snj2si3gnxdib","previousOperationId":"7t2bt01utz8m5rv"}
{"type":"log","timestamp":1731251623114,"level":"debug","message":"preparing office preview","meta":{"rootId":"jxishd1jwtcids2","id":"jxishd1jwtcids2"},"id":"xvnnnmxar7mxtpy","previousOperationId":"7t2bt01utz8m5rv"}
{"type":"operationEnd","operationId":"7t2bt01utz8m5rv","timestamp":1731251623563,"id":"76fqe6imhdhvphk","previousEventId":"o2zc8llojsme1ds","previousOperationId":"7t2bt01utz8m5rv"}
{"type":"log","timestamp":1731251623563,"level":"debug","message":"Skipping storing report.","meta":{"rootId":"jxishd1jwtcids2","id":"jxishd1jwtcids2"},"id":"ht7g0lvvasqsjja","previousOperationId":"7t2bt01utz8m5rv"}
{"type":"log","timestamp":1731251623563,"level":"info","message":"Rendering request 191 finished in 1046 ms","meta":{"rootId":"jxishd1jwtcids2","id":"jxishd1jwtcids2"},"id":"vhkuvmseqv5ijv1","previousOperationId":"7t2bt01utz8m5rv"}
{"type":"operationEnd","subtype":"render","operationId":"ak6imsurelslnsd","timestamp":1731251623563,"id":"33w6l9ts4jj8rtq","previousEventId":"76fqe6imhdhvphk","previousOperationId":"7t2bt01utz8m5rv"}
{"type":"operationEnd","doDiffs":false,"previousEventId":"kq4kjonvpxem3sr","previousOperationId":"y8j7bxulh8a0hg9","operationId":"y8j7bxulh8a0hg9","timestamp":1731251623566,"id":"1p2ndlyz1d9ynqx"}
