{"type":"operationStart","subtype":"profile","data":{"_id":"TiySjo2YQpbx4gqN","timestamp":"2024-11-10T10:00:01.297Z","state":"queued","mode":"standard","creationDate":"2024-11-10T10:00:01.299Z","modificationDate":"2024-11-10T10:00:01.299Z","shortid":"jHJTxRE","inheritedReadPermissions":[],"inheritedEditPermissions":[],"$entitySet":"profiles"},"doDiffs":false,"timestamp":1731232801298,"id":"u3ua7dr6ngchogc","previousOperationId":null,"operationId":"5ddm528goud78n6"}
{"type":"log","level":"info","message":"Render request 282 queued for execution and waiting for available worker","previousOperationId":"5ddm528goud78n6","timestamp":1731232801298,"id":"rfzkwikywvjckh6"}
{"type":"operationStart","subtype":"render","name":"new-excl-template","previousOperationId":"5ddm528goud78n6","timestamp":1731232801307,"id":"zf05h6cx2dvqqnm","previousEventId":"u3ua7dr6ngchogc","operationId":"ffxrah2aya3cgb9"}
{"type":"log","timestamp":1731232801307,"level":"info","message":"Starting rendering request 282 (user: admin)","meta":{"rootId":"k1x6hsvae01o7p5","id":"k1x6hsvae01o7p5"},"id":"qr7db8z2dzcua4y","previousOperationId":"ffxrah2aya3cgb9"}
{"type":"log","timestamp":1731232801307,"level":"info","message":"Rendering template { name: new-excl-template, recipe: html-to-xlsx, engine: handlebars, preview: true }","meta":{"rootId":"k1x6hsvae01o7p5","id":"k1x6hsvae01o7p5"},"id":"9fq4sr343w353g5","previousOperationId":"ffxrah2aya3cgb9"}
{"type":"log","timestamp":1731232801308,"level":"debug","message":"Adding sample data pVkbCM7am","meta":{"rootId":"k1x6hsvae01o7p5","id":"k1x6hsvae01o7p5"},"id":"nsz1cdvxquxapcz","previousOperationId":"ffxrah2aya3cgb9"}
{"type":"log","timestamp":1731232801309,"level":"debug","message":"Base url not specified, skipping its injection.","meta":{"rootId":"k1x6hsvae01o7p5","id":"k1x6hsvae01o7p5"},"id":"9yid2fth6a48nuk","previousOperationId":"ffxrah2aya3cgb9"}
{"type":"log","timestamp":1731232801312,"level":"debug","message":"Replaced assets [\"KhmerOSSiemreapRegular.ttf\"]","meta":{"rootId":"k1x6hsvae01o7p5","id":"k1x6hsvae01o7p5"},"id":"1g5unch4q356bw6","previousOperationId":"ffxrah2aya3cgb9"}
{"type":"operationStart","subtype":"engine","name":"handlebars","timestamp":1731232801312,"id":"wyn0643zybkpn6g","previousEventId":"zf05h6cx2dvqqnm","operationId":"1txseez5i2zmpan","previousOperationId":"ffxrah2aya3cgb9"}
{"type":"log","timestamp":1731232801312,"level":"debug","message":"Rendering engine handlebars","meta":{"rootId":"k1x6hsvae01o7p5","id":"k1x6hsvae01o7p5"},"id":"8hm2uqaav4v6w4p","previousOperationId":"1txseez5i2zmpan"}
{"type":"operationEnd","operationId":"1txseez5i2zmpan","timestamp":1731232801329,"id":"tang7b35cm9r7f4","previousEventId":"wyn0643zybkpn6g","previousOperationId":"1txseez5i2zmpan"}
{"type":"operationStart","subtype":"recipe","name":"html-to-xlsx","timestamp":1731232801332,"id":"w8r3oze7og15n2u","previousEventId":"tang7b35cm9r7f4","operationId":"git8tsdz3w6hiaq","previousOperationId":"1txseez5i2zmpan"}
{"type":"log","timestamp":1731232801332,"level":"debug","message":"Executing recipe html-to-xlsx","meta":{"rootId":"k1x6hsvae01o7p5","id":"k1x6hsvae01o7p5"},"id":"4upctrq1p8qp9w5","previousOperationId":"git8tsdz3w6hiaq"}
{"type":"log","timestamp":1731232801332,"level":"info","message":"html-to-xlsx generation is starting","meta":{"rootId":"k1x6hsvae01o7p5","id":"k1x6hsvae01o7p5"},"id":"051utwf2b4zteck","previousOperationId":"git8tsdz3w6hiaq"}
{"type":"log","timestamp":1731232801947,"level":"info","message":"html-to-xlsx generation was finished","meta":{"rootId":"k1x6hsvae01o7p5","id":"k1x6hsvae01o7p5"},"id":"bt7cmt15sk9vky6","previousOperationId":"git8tsdz3w6hiaq"}
{"type":"log","timestamp":1731232801947,"level":"debug","message":"preparing office preview","meta":{"rootId":"k1x6hsvae01o7p5","id":"k1x6hsvae01o7p5"},"id":"dtmoeeq46mrab6d","previousOperationId":"git8tsdz3w6hiaq"}
{"type":"operationEnd","operationId":"git8tsdz3w6hiaq","timestamp":1731232802392,"id":"5y5dxqj4p84ci0m","previousEventId":"w8r3oze7og15n2u","previousOperationId":"git8tsdz3w6hiaq"}
{"type":"log","timestamp":1731232802392,"level":"debug","message":"Skipping storing report.","meta":{"rootId":"k1x6hsvae01o7p5","id":"k1x6hsvae01o7p5"},"id":"yvdxvvzi51m3la8","previousOperationId":"git8tsdz3w6hiaq"}
{"type":"log","timestamp":1731232802392,"level":"info","message":"Rendering request 282 finished in 1095 ms","meta":{"rootId":"k1x6hsvae01o7p5","id":"k1x6hsvae01o7p5"},"id":"hjneeeaynk771yv","previousOperationId":"git8tsdz3w6hiaq"}
{"type":"operationEnd","subtype":"render","operationId":"ffxrah2aya3cgb9","timestamp":1731232802392,"id":"jgay04h5tc5vdwp","previousEventId":"5y5dxqj4p84ci0m","previousOperationId":"git8tsdz3w6hiaq"}
{"type":"operationEnd","doDiffs":false,"previousEventId":"u3ua7dr6ngchogc","previousOperationId":"5ddm528goud78n6","operationId":"5ddm528goud78n6","timestamp":1731232802395,"id":"en54sp8s51is2kb"}
