{"type":"operationStart","subtype":"profile","data":{"_id":"UPzChodUIC89cXyr","timestamp":"2024-11-10T14:41:27.925Z","state":"queued","mode":"standard","creationDate":"2024-11-10T14:41:27.927Z","modificationDate":"2024-11-10T14:41:27.927Z","shortid":"x_PI8vF","inheritedReadPermissions":[],"inheritedEditPermissions":[],"$entitySet":"profiles"},"doDiffs":false,"timestamp":1731249687926,"id":"ay7num7vcf7z61u","previousOperationId":null,"operationId":"au9kvz72smz1lnx"}
{"type":"log","level":"info","message":"Render request 160 queued for execution and waiting for available worker","previousOperationId":"au9kvz72smz1lnx","timestamp":1731249687926,"id":"46astq01qrecbt1"}
{"type":"operationStart","subtype":"render","name":"new-excl-template","previousOperationId":"au9kvz72smz1lnx","timestamp":1731249687935,"id":"8uegnpi4hhld9kw","previousEventId":"ay7num7vcf7z61u","operationId":"hbh0acousdqll6z"}
{"type":"log","timestamp":1731249687935,"level":"info","message":"Starting rendering request 160 (user: admin)","meta":{"rootId":"k24ai824iaib607","id":"k24ai824iaib607"},"id":"k1tyxpkzb6zlrw2","previousOperationId":"hbh0acousdqll6z"}
{"type":"log","timestamp":1731249687935,"level":"info","message":"Rendering template { name: new-excl-template, recipe: html-to-xlsx, engine: handlebars, preview: true }","meta":{"rootId":"k24ai824iaib607","id":"k24ai824iaib607"},"id":"g95p8dsv00pdpxc","previousOperationId":"hbh0acousdqll6z"}
{"type":"log","timestamp":1731249687936,"level":"debug","message":"Inline data specified.","meta":{"rootId":"k24ai824iaib607","id":"k24ai824iaib607"},"id":"o96u7hxgsg55uh7","previousOperationId":"hbh0acousdqll6z"}
{"type":"log","timestamp":1731249687937,"level":"debug","message":"Base url not specified, skipping its injection.","meta":{"rootId":"k24ai824iaib607","id":"k24ai824iaib607"},"id":"34s9i6485aim8ai","previousOperationId":"hbh0acousdqll6z"}
{"type":"log","timestamp":1731249687938,"level":"debug","message":"Replaced assets [\"KhmerOSSiemreapRegular.ttf\"]","meta":{"rootId":"k24ai824iaib607","id":"k24ai824iaib607"},"id":"url9s57cf8enk7g","previousOperationId":"hbh0acousdqll6z"}
{"type":"operationStart","subtype":"engine","name":"handlebars","timestamp":1731249687938,"id":"vc417s4zmcnenln","previousEventId":"8uegnpi4hhld9kw","operationId":"dnpw0g9vcqire56","previousOperationId":"hbh0acousdqll6z"}
{"type":"log","timestamp":1731249687938,"level":"debug","message":"Rendering engine handlebars","meta":{"rootId":"k24ai824iaib607","id":"k24ai824iaib607"},"id":"zahl1id9nzkyp21","previousOperationId":"dnpw0g9vcqire56"}
{"type":"operationEnd","operationId":"dnpw0g9vcqire56","timestamp":1731249687948,"id":"q3cz11jyw4uurvc","previousEventId":"vc417s4zmcnenln","previousOperationId":"dnpw0g9vcqire56"}
{"type":"operationStart","subtype":"recipe","name":"html-to-xlsx","timestamp":1731249687950,"id":"xz3mdeye32hxsqh","previousEventId":"q3cz11jyw4uurvc","operationId":"c5q30mzvgsm2e77","previousOperationId":"dnpw0g9vcqire56"}
{"type":"log","timestamp":1731249687950,"level":"debug","message":"Executing recipe html-to-xlsx","meta":{"rootId":"k24ai824iaib607","id":"k24ai824iaib607"},"id":"xjm2ph50ve9eg8r","previousOperationId":"c5q30mzvgsm2e77"}
{"type":"log","timestamp":1731249687950,"level":"info","message":"html-to-xlsx generation is starting","meta":{"rootId":"k24ai824iaib607","id":"k24ai824iaib607"},"id":"bger6m3kocy8e5r","previousOperationId":"c5q30mzvgsm2e77"}
{"type":"log","timestamp":1731249688651,"level":"info","message":"html-to-xlsx generation was finished","meta":{"rootId":"k24ai824iaib607","id":"k24ai824iaib607"},"id":"qlubz8rxrmu6uup","previousOperationId":"c5q30mzvgsm2e77"}
{"type":"log","timestamp":1731249688651,"level":"debug","message":"preparing office preview","meta":{"rootId":"k24ai824iaib607","id":"k24ai824iaib607"},"id":"7p92320ui1fozwf","previousOperationId":"c5q30mzvgsm2e77"}
{"type":"operationEnd","operationId":"c5q30mzvgsm2e77","timestamp":1731249689097,"id":"1jxuxs81zrg3cia","previousEventId":"xz3mdeye32hxsqh","previousOperationId":"c5q30mzvgsm2e77"}
{"type":"log","timestamp":1731249689097,"level":"debug","message":"Skipping storing report.","meta":{"rootId":"k24ai824iaib607","id":"k24ai824iaib607"},"id":"oq3d17jd5lw3yhk","previousOperationId":"c5q30mzvgsm2e77"}
{"type":"log","timestamp":1731249689097,"level":"info","message":"Rendering request 160 finished in 1172 ms","meta":{"rootId":"k24ai824iaib607","id":"k24ai824iaib607"},"id":"9g2p0doo52bt7jt","previousOperationId":"c5q30mzvgsm2e77"}
{"type":"operationEnd","subtype":"render","operationId":"hbh0acousdqll6z","timestamp":1731249689097,"id":"xsjdd7u346f4jsh","previousEventId":"1jxuxs81zrg3cia","previousOperationId":"c5q30mzvgsm2e77"}
{"type":"operationEnd","doDiffs":false,"previousEventId":"ay7num7vcf7z61u","previousOperationId":"au9kvz72smz1lnx","operationId":"au9kvz72smz1lnx","timestamp":1731249689099,"id":"7jj6ealhpc4klge"}
