{"type":"operationStart","subtype":"profile","data":{"_id":"MWNxVY13DQu0yHPJ","timestamp":"2024-11-10T10:10:23.940Z","state":"queued","mode":"standard","creationDate":"2024-11-10T10:10:23.943Z","modificationDate":"2024-11-10T10:10:23.943Z","shortid":"ohNkbgN","inheritedReadPermissions":[],"inheritedEditPermissions":[],"$entitySet":"profiles"},"doDiffs":false,"timestamp":1731233423942,"id":"8r7mk17q9koja7p","previousOperationId":null,"operationId":"4t52ijgtwra45p1"}
{"type":"log","level":"info","message":"Render request 298 queued for execution and waiting for available worker","previousOperationId":"4t52ijgtwra45p1","timestamp":1731233423942,"id":"z7lqow1xv434tvu"}
{"type":"operationStart","subtype":"render","name":"new-excl-template","previousOperationId":"4t52ijgtwra45p1","timestamp":1731233423954,"id":"qt3nse1p6ofuuk4","previousEventId":"8r7mk17q9koja7p","operationId":"ysf5pb7wig6boi3"}
{"type":"log","timestamp":1731233423954,"level":"info","message":"Starting rendering request 298 (user: admin)","meta":{"rootId":"k2jdu29kbqofmtk","id":"k2jdu29kbqofmtk"},"id":"n4235y8nz7sfadx","previousOperationId":"ysf5pb7wig6boi3"}
{"type":"log","timestamp":1731233423954,"level":"info","message":"Rendering template { name: new-excl-template, recipe: html-to-xlsx, engine: handlebars, preview: true }","meta":{"rootId":"k2jdu29kbqofmtk","id":"k2jdu29kbqofmtk"},"id":"do6u57w37cyf3lt","previousOperationId":"ysf5pb7wig6boi3"}
{"type":"log","timestamp":1731233423955,"level":"debug","message":"Adding sample data pVkbCM7am","meta":{"rootId":"k2jdu29kbqofmtk","id":"k2jdu29kbqofmtk"},"id":"ss0j1t63ihjb9qr","previousOperationId":"ysf5pb7wig6boi3"}
{"type":"log","timestamp":1731233423957,"level":"debug","message":"Base url not specified, skipping its injection.","meta":{"rootId":"k2jdu29kbqofmtk","id":"k2jdu29kbqofmtk"},"id":"4o13nfenfnoeu7l","previousOperationId":"ysf5pb7wig6boi3"}
{"type":"log","timestamp":1731233423959,"level":"debug","message":"Replaced assets [\"KhmerOSSiemreapRegular.ttf\"]","meta":{"rootId":"k2jdu29kbqofmtk","id":"k2jdu29kbqofmtk"},"id":"h96m0m6aehfs7hs","previousOperationId":"ysf5pb7wig6boi3"}
{"type":"operationStart","subtype":"engine","name":"handlebars","timestamp":1731233423959,"id":"qragofgkk4etmrk","previousEventId":"qt3nse1p6ofuuk4","operationId":"r77c74djblsrpz6","previousOperationId":"ysf5pb7wig6boi3"}
{"type":"log","timestamp":1731233423959,"level":"debug","message":"Rendering engine handlebars","meta":{"rootId":"k2jdu29kbqofmtk","id":"k2jdu29kbqofmtk"},"id":"2a2vl4vu0rmhzdz","previousOperationId":"r77c74djblsrpz6"}
{"type":"operationEnd","operationId":"r77c74djblsrpz6","timestamp":1731233423975,"id":"7ht2to1rcrswb5q","previousEventId":"qragofgkk4etmrk","previousOperationId":"r77c74djblsrpz6"}
{"type":"operationStart","subtype":"recipe","name":"html-to-xlsx","timestamp":1731233423977,"id":"gjlm3easo4bg6pj","previousEventId":"7ht2to1rcrswb5q","operationId":"i5ryru844v5iesw","previousOperationId":"r77c74djblsrpz6"}
{"type":"log","timestamp":1731233423977,"level":"debug","message":"Executing recipe html-to-xlsx","meta":{"rootId":"k2jdu29kbqofmtk","id":"k2jdu29kbqofmtk"},"id":"yn07qmn5ytg0ci4","previousOperationId":"i5ryru844v5iesw"}
{"type":"log","timestamp":1731233423977,"level":"info","message":"html-to-xlsx generation is starting","meta":{"rootId":"k2jdu29kbqofmtk","id":"k2jdu29kbqofmtk"},"id":"pittjcy0qksjod8","previousOperationId":"i5ryru844v5iesw"}
{"type":"log","timestamp":1731233424549,"level":"info","message":"html-to-xlsx generation was finished","meta":{"rootId":"k2jdu29kbqofmtk","id":"k2jdu29kbqofmtk"},"id":"5vee93clo3n4mak","previousOperationId":"i5ryru844v5iesw"}
{"type":"log","timestamp":1731233424549,"level":"debug","message":"preparing office preview","meta":{"rootId":"k2jdu29kbqofmtk","id":"k2jdu29kbqofmtk"},"id":"9sm7g4jqg5ptdp0","previousOperationId":"i5ryru844v5iesw"}
{"type":"operationEnd","operationId":"i5ryru844v5iesw","timestamp":1731233425045,"id":"bbrd59dx5qvf8lb","previousEventId":"gjlm3easo4bg6pj","previousOperationId":"i5ryru844v5iesw"}
{"type":"log","timestamp":1731233425045,"level":"debug","message":"Skipping storing report.","meta":{"rootId":"k2jdu29kbqofmtk","id":"k2jdu29kbqofmtk"},"id":"njqwy34jcsdxj5v","previousOperationId":"i5ryru844v5iesw"}
{"type":"log","timestamp":1731233425045,"level":"info","message":"Rendering request 298 finished in 1105 ms","meta":{"rootId":"k2jdu29kbqofmtk","id":"k2jdu29kbqofmtk"},"id":"maymi2mwi04iom9","previousOperationId":"i5ryru844v5iesw"}
{"type":"operationEnd","subtype":"render","operationId":"ysf5pb7wig6boi3","timestamp":1731233425045,"id":"ye8s3eaxk19b968","previousEventId":"bbrd59dx5qvf8lb","previousOperationId":"i5ryru844v5iesw"}
{"type":"operationEnd","doDiffs":false,"previousEventId":"8r7mk17q9koja7p","previousOperationId":"4t52ijgtwra45p1","operationId":"4t52ijgtwra45p1","timestamp":1731233425048,"id":"g718e6en83jxl7n"}
