{"type":"operationStart","subtype":"profile","data":{"_id":"qrbHpcpFYWiqnL4n","timestamp":"2024-11-10T13:11:44.972Z","state":"queued","mode":"standard","creationDate":"2024-11-10T13:11:44.973Z","modificationDate":"2024-11-10T13:11:44.973Z","shortid":"q24CIjH","inheritedReadPermissions":[],"inheritedEditPermissions":[],"$entitySet":"profiles"},"doDiffs":false,"timestamp":1731244304972,"id":"l93jjk0iby3zgwb","previousOperationId":null,"operationId":"vfsfyayvy3z35bi"}
{"type":"log","level":"info","message":"Render request 20 queued for execution and waiting for available worker","previousOperationId":"vfsfyayvy3z35bi","timestamp":1731244304972,"id":"1fleta9c4j39q2t"}
{"type":"operationStart","subtype":"render","name":"new-excl-template","previousOperationId":"vfsfyayvy3z35bi","timestamp":1731244304981,"id":"nmp9wfgg59ol0mx","previousEventId":"l93jjk0iby3zgwb","operationId":"1nktr52ly2mvyv6"}
{"type":"log","timestamp":1731244304981,"level":"info","message":"Starting rendering request 20 (user: admin)","meta":{"rootId":"k6q0xj9wrs0k8zo","id":"k6q0xj9wrs0k8zo"},"id":"kyt1hqx58vxfsld","previousOperationId":"1nktr52ly2mvyv6"}
{"type":"log","timestamp":1731244304981,"level":"info","message":"Rendering template { name: new-excl-template, recipe: html-to-xlsx, engine: handlebars, preview: true }","meta":{"rootId":"k6q0xj9wrs0k8zo","id":"k6q0xj9wrs0k8zo"},"id":"sssfe39t637caem","previousOperationId":"1nktr52ly2mvyv6"}
{"type":"log","timestamp":1731244304982,"level":"debug","message":"Inline data specified.","meta":{"rootId":"k6q0xj9wrs0k8zo","id":"k6q0xj9wrs0k8zo"},"id":"yoe7kawyuxc0bhy","previousOperationId":"1nktr52ly2mvyv6"}
{"type":"log","timestamp":1731244304983,"level":"debug","message":"Base url not specified, skipping its injection.","meta":{"rootId":"k6q0xj9wrs0k8zo","id":"k6q0xj9wrs0k8zo"},"id":"e3tjtrb4k0m1seh","previousOperationId":"1nktr52ly2mvyv6"}
{"type":"log","timestamp":1731244304984,"level":"debug","message":"Replaced assets [\"KhmerOSSiemreapRegular.ttf\"]","meta":{"rootId":"k6q0xj9wrs0k8zo","id":"k6q0xj9wrs0k8zo"},"id":"q6yx9kbqow5a8xw","previousOperationId":"1nktr52ly2mvyv6"}
{"type":"operationStart","subtype":"engine","name":"handlebars","timestamp":1731244304985,"id":"yl638gifv1q97f9","previousEventId":"nmp9wfgg59ol0mx","operationId":"5tec8nb7pflrk4j","previousOperationId":"1nktr52ly2mvyv6"}
{"type":"log","timestamp":1731244304985,"level":"debug","message":"Rendering engine handlebars","meta":{"rootId":"k6q0xj9wrs0k8zo","id":"k6q0xj9wrs0k8zo"},"id":"ykm7cq5g6bdawxz","previousOperationId":"5tec8nb7pflrk4j"}
{"type":"operationEnd","operationId":"5tec8nb7pflrk4j","timestamp":1731244304996,"id":"j4yivr5ycak9fz4","previousEventId":"yl638gifv1q97f9","previousOperationId":"5tec8nb7pflrk4j"}
{"type":"operationStart","subtype":"recipe","name":"html-to-xlsx","timestamp":1731244304997,"id":"k36natwvspxwk1l","previousEventId":"j4yivr5ycak9fz4","operationId":"galf7amldf0kk7w","previousOperationId":"5tec8nb7pflrk4j"}
{"type":"log","timestamp":1731244304997,"level":"debug","message":"Executing recipe html-to-xlsx","meta":{"rootId":"k6q0xj9wrs0k8zo","id":"k6q0xj9wrs0k8zo"},"id":"fkh0lxkkhe4s50a","previousOperationId":"galf7amldf0kk7w"}
{"type":"log","timestamp":1731244304997,"level":"info","message":"html-to-xlsx generation is starting","meta":{"rootId":"k6q0xj9wrs0k8zo","id":"k6q0xj9wrs0k8zo"},"id":"oysyamizjpnci2q","previousOperationId":"galf7amldf0kk7w"}
{"type":"log","timestamp":1731244305537,"level":"info","message":"html-to-xlsx generation was finished","meta":{"rootId":"k6q0xj9wrs0k8zo","id":"k6q0xj9wrs0k8zo"},"id":"2s48ol4oqshrt99","previousOperationId":"galf7amldf0kk7w"}
{"type":"log","timestamp":1731244305537,"level":"debug","message":"preparing office preview","meta":{"rootId":"k6q0xj9wrs0k8zo","id":"k6q0xj9wrs0k8zo"},"id":"8954j05d4qnoiod","previousOperationId":"galf7amldf0kk7w"}
{"type":"operationEnd","operationId":"galf7amldf0kk7w","timestamp":1731244306012,"id":"2u2slj0znq42bnr","previousEventId":"k36natwvspxwk1l","previousOperationId":"galf7amldf0kk7w"}
{"type":"log","timestamp":1731244306012,"level":"debug","message":"Skipping storing report.","meta":{"rootId":"k6q0xj9wrs0k8zo","id":"k6q0xj9wrs0k8zo"},"id":"wvrtgrgodbr5kn0","previousOperationId":"galf7amldf0kk7w"}
{"type":"log","timestamp":1731244306012,"level":"info","message":"Rendering request 20 finished in 1040 ms","meta":{"rootId":"k6q0xj9wrs0k8zo","id":"k6q0xj9wrs0k8zo"},"id":"uslt2asey60vmhh","previousOperationId":"galf7amldf0kk7w"}
{"type":"operationEnd","subtype":"render","operationId":"1nktr52ly2mvyv6","timestamp":1731244306012,"id":"dczl3il5f1745rv","previousEventId":"2u2slj0znq42bnr","previousOperationId":"galf7amldf0kk7w"}
{"type":"operationEnd","doDiffs":false,"previousEventId":"l93jjk0iby3zgwb","previousOperationId":"vfsfyayvy3z35bi","operationId":"vfsfyayvy3z35bi","timestamp":1731244306015,"id":"zh0yjakn6awea13"}
