{"type":"operationStart","subtype":"profile","data":{"_id":"CqC5S91myxrSps2n","timestamp":"2024-11-10T08:11:47.142Z","state":"queued","mode":"standard","creationDate":"2024-11-10T08:11:47.144Z","modificationDate":"2024-11-10T08:11:47.144Z","shortid":"wF0RxQU","inheritedReadPermissions":[],"inheritedEditPermissions":[],"$entitySet":"profiles"},"doDiffs":false,"timestamp":1731226307143,"id":"xgpjidq70f0p5z4","previousOperationId":null,"operationId":"c1niy1992vic8ia"}
{"type":"log","level":"info","message":"Render request 95 queued for execution and waiting for available worker","previousOperationId":"c1niy1992vic8ia","timestamp":1731226307143,"id":"121r01nd2ivsgst"}
{"type":"operationStart","subtype":"render","name":"new-excl-template","previousOperationId":"c1niy1992vic8ia","timestamp":1731226307154,"id":"2llhdeazxyqb25g","previousEventId":"xgpjidq70f0p5z4","operationId":"gg0azik95mhrgdt"}
{"type":"log","timestamp":1731226307154,"level":"info","message":"Starting rendering request 95 (user: admin)","meta":{"rootId":"kajcsl9aq97dy3j","id":"kajcsl9aq97dy3j"},"id":"6fgg4u5098qvgmw","previousOperationId":"gg0azik95mhrgdt"}
{"type":"log","timestamp":1731226307154,"level":"info","message":"Rendering template { name: new-excl-template, recipe: html-to-xlsx, engine: handlebars, preview: true }","meta":{"rootId":"kajcsl9aq97dy3j","id":"kajcsl9aq97dy3j"},"id":"7abrut18z5vdalm","previousOperationId":"gg0azik95mhrgdt"}
{"type":"log","timestamp":1731226307154,"level":"debug","message":"Inline data specified.","meta":{"rootId":"kajcsl9aq97dy3j","id":"kajcsl9aq97dy3j"},"id":"0kdif3zwip1516c","previousOperationId":"gg0azik95mhrgdt"}
{"type":"log","timestamp":1731226307156,"level":"debug","message":"Base url not specified, skipping its injection.","meta":{"rootId":"kajcsl9aq97dy3j","id":"kajcsl9aq97dy3j"},"id":"l4nnfamwuvs55vm","previousOperationId":"gg0azik95mhrgdt"}
{"type":"operationStart","subtype":"engine","name":"handlebars","timestamp":1731226307156,"id":"wnsa4f22pehx387","previousEventId":"2llhdeazxyqb25g","operationId":"fwvb7njeg9y21ew","previousOperationId":"gg0azik95mhrgdt"}
{"type":"log","timestamp":1731226307156,"level":"debug","message":"Rendering engine handlebars","meta":{"rootId":"kajcsl9aq97dy3j","id":"kajcsl9aq97dy3j"},"id":"aynz8f4h0ivcerj","previousOperationId":"fwvb7njeg9y21ew"}
{"type":"operationEnd","operationId":"fwvb7njeg9y21ew","timestamp":1731226307166,"id":"n03xifazxdg15c5","previousEventId":"wnsa4f22pehx387","previousOperationId":"fwvb7njeg9y21ew"}
{"type":"operationStart","subtype":"recipe","name":"html-to-xlsx","timestamp":1731226307167,"id":"b280mz7gkrc4lps","previousEventId":"n03xifazxdg15c5","operationId":"ol7tybjqhjfz5ay","previousOperationId":"fwvb7njeg9y21ew"}
{"type":"log","timestamp":1731226307167,"level":"debug","message":"Executing recipe html-to-xlsx","meta":{"rootId":"kajcsl9aq97dy3j","id":"kajcsl9aq97dy3j"},"id":"8lyw21zfhgs9w1q","previousOperationId":"ol7tybjqhjfz5ay"}
{"type":"log","timestamp":1731226308069,"level":"info","message":"html-to-xlsx generation is starting","meta":{"rootId":"kajcsl9aq97dy3j","id":"kajcsl9aq97dy3j"},"id":"0upewdxsvfm869b","previousOperationId":"ol7tybjqhjfz5ay"}
{"type":"log","timestamp":1731226308737,"level":"info","message":"html-to-xlsx generation was finished","meta":{"rootId":"kajcsl9aq97dy3j","id":"kajcsl9aq97dy3j"},"id":"31jvtz1p1p2akrr","previousOperationId":"ol7tybjqhjfz5ay"}
{"type":"log","timestamp":1731226308738,"level":"debug","message":"preparing office preview","meta":{"rootId":"kajcsl9aq97dy3j","id":"kajcsl9aq97dy3j"},"id":"1wk6i710sbnoy8a","previousOperationId":"ol7tybjqhjfz5ay"}
{"type":"operationEnd","operationId":"ol7tybjqhjfz5ay","timestamp":1731226309228,"id":"ecr6cx0ikzf3knj","previousEventId":"b280mz7gkrc4lps","previousOperationId":"ol7tybjqhjfz5ay"}
{"type":"log","timestamp":1731226309229,"level":"debug","message":"Skipping storing report.","meta":{"rootId":"kajcsl9aq97dy3j","id":"kajcsl9aq97dy3j"},"id":"ioqsczrxmpm33co","previousOperationId":"ol7tybjqhjfz5ay"}
{"type":"log","timestamp":1731226309229,"level":"info","message":"Rendering request 95 finished in 2087 ms","meta":{"rootId":"kajcsl9aq97dy3j","id":"kajcsl9aq97dy3j"},"id":"zo8xdy9l23e53f3","previousOperationId":"ol7tybjqhjfz5ay"}
{"type":"operationEnd","subtype":"render","operationId":"gg0azik95mhrgdt","timestamp":1731226309229,"id":"spu0osu12aj7u5u","previousEventId":"ecr6cx0ikzf3knj","previousOperationId":"ol7tybjqhjfz5ay"}
{"type":"operationEnd","doDiffs":false,"previousEventId":"xgpjidq70f0p5z4","previousOperationId":"c1niy1992vic8ia","operationId":"c1niy1992vic8ia","timestamp":1731226309231,"id":"s5f9aggrnbm16ni"}
