{"type":"operationStart","subtype":"profile","data":{"_id":"AUGOv4apJMMOxOKV","timestamp":"2024-11-10T08:39:38.658Z","state":"queued","mode":"standard","creationDate":"2024-11-10T08:39:38.660Z","modificationDate":"2024-11-10T08:39:38.660Z","shortid":"rPO5b9Z","inheritedReadPermissions":[],"inheritedEditPermissions":[],"$entitySet":"profiles"},"doDiffs":false,"timestamp":1731227978659,"id":"4poa4hgjiyqjfqj","previousOperationId":null,"operationId":"mforipb0tiwdxbo"}
{"type":"log","level":"info","message":"Render request 141 queued for execution and waiting for available worker","previousOperationId":"mforipb0tiwdxbo","timestamp":1731227978659,"id":"57x565px26wk2lk"}
{"type":"operationStart","subtype":"render","name":"new-excl-template","previousOperationId":"mforipb0tiwdxbo","timestamp":1731227978668,"id":"2l45sq6yg8ayr3c","previousEventId":"4poa4hgjiyqjfqj","operationId":"tsiffzyl021u0fl"}
{"type":"log","timestamp":1731227978668,"level":"info","message":"Starting rendering request 141 (user: admin)","meta":{"rootId":"kaohysecgykjpxo","id":"kaohysecgykjpxo"},"id":"fdmvq3z6h48n9lo","previousOperationId":"tsiffzyl021u0fl"}
{"type":"log","timestamp":1731227978668,"level":"info","message":"Rendering template { name: new-excl-template, recipe: html-to-xlsx, engine: handlebars, preview: true }","meta":{"rootId":"kaohysecgykjpxo","id":"kaohysecgykjpxo"},"id":"jh5j3p6p7v8aq93","previousOperationId":"tsiffzyl021u0fl"}
{"type":"log","timestamp":1731227978668,"level":"debug","message":"Inline data specified.","meta":{"rootId":"kaohysecgykjpxo","id":"kaohysecgykjpxo"},"id":"l4hakd7aewqy5x8","previousOperationId":"tsiffzyl021u0fl"}
{"type":"log","timestamp":1731227978670,"level":"debug","message":"Base url not specified, skipping its injection.","meta":{"rootId":"kaohysecgykjpxo","id":"kaohysecgykjpxo"},"id":"01zdfdkdzpfqvq1","previousOperationId":"tsiffzyl021u0fl"}
{"type":"log","timestamp":1731227978672,"level":"debug","message":"Replaced assets [\"/asset/font/KhmerOSSiemreapRegular.ttf\"]","meta":{"rootId":"kaohysecgykjpxo","id":"kaohysecgykjpxo"},"id":"gie55rjd5l29jhw","previousOperationId":"tsiffzyl021u0fl"}
{"type":"operationStart","subtype":"engine","name":"handlebars","timestamp":1731227978672,"id":"r3hdhur7gimrpaj","previousEventId":"2l45sq6yg8ayr3c","operationId":"tn5dhy3z3yoacgm","previousOperationId":"tsiffzyl021u0fl"}
{"type":"log","timestamp":1731227978672,"level":"debug","message":"Rendering engine handlebars","meta":{"rootId":"kaohysecgykjpxo","id":"kaohysecgykjpxo"},"id":"7spgqky9gtfufzm","previousOperationId":"tn5dhy3z3yoacgm"}
{"type":"operationEnd","operationId":"tn5dhy3z3yoacgm","timestamp":1731227978692,"id":"bh5likt8nkx3cjo","previousEventId":"r3hdhur7gimrpaj","previousOperationId":"tn5dhy3z3yoacgm"}
{"type":"operationStart","subtype":"recipe","name":"html-to-xlsx","timestamp":1731227978694,"id":"uagdokj9nq61gw4","previousEventId":"bh5likt8nkx3cjo","operationId":"5t9qafcdcdr85gm","previousOperationId":"tn5dhy3z3yoacgm"}
{"type":"log","timestamp":1731227978694,"level":"debug","message":"Executing recipe html-to-xlsx","meta":{"rootId":"kaohysecgykjpxo","id":"kaohysecgykjpxo"},"id":"tii9n2kgki8j83p","previousOperationId":"5t9qafcdcdr85gm"}
{"type":"log","timestamp":1731227978695,"level":"info","message":"html-to-xlsx generation is starting","meta":{"rootId":"kaohysecgykjpxo","id":"kaohysecgykjpxo"},"id":"hd6u6tgruu38d3a","previousOperationId":"5t9qafcdcdr85gm"}
{"type":"log","timestamp":1731227979549,"level":"info","message":"html-to-xlsx generation was finished","meta":{"rootId":"kaohysecgykjpxo","id":"kaohysecgykjpxo"},"id":"klsbt0lpry7b1h2","previousOperationId":"5t9qafcdcdr85gm"}
{"type":"log","timestamp":1731227979549,"level":"debug","message":"preparing office preview","meta":{"rootId":"kaohysecgykjpxo","id":"kaohysecgykjpxo"},"id":"uyzej3a2qwn120p","previousOperationId":"5t9qafcdcdr85gm"}
{"type":"operationEnd","operationId":"5t9qafcdcdr85gm","timestamp":1731227980037,"id":"c1khcnitrx1t3du","previousEventId":"uagdokj9nq61gw4","previousOperationId":"5t9qafcdcdr85gm"}
{"type":"log","timestamp":1731227980037,"level":"debug","message":"Skipping storing report.","meta":{"rootId":"kaohysecgykjpxo","id":"kaohysecgykjpxo"},"id":"d1gkmafwlaiygfy","previousOperationId":"5t9qafcdcdr85gm"}
{"type":"log","timestamp":1731227980037,"level":"info","message":"Rendering request 141 finished in 1380 ms","meta":{"rootId":"kaohysecgykjpxo","id":"kaohysecgykjpxo"},"id":"rzk5u4v9w26clzl","previousOperationId":"5t9qafcdcdr85gm"}
{"type":"operationEnd","subtype":"render","operationId":"tsiffzyl021u0fl","timestamp":1731227980037,"id":"3npwweandv9xacj","previousEventId":"c1khcnitrx1t3du","previousOperationId":"5t9qafcdcdr85gm"}
{"type":"operationEnd","doDiffs":false,"previousEventId":"4poa4hgjiyqjfqj","previousOperationId":"mforipb0tiwdxbo","operationId":"mforipb0tiwdxbo","timestamp":1731227980039,"id":"xh5im0wu6jk66om"}
