{"type":"operationStart","subtype":"profile","data":{"_id":"B1pQ7UKCn2uyMFmm","timestamp":"2024-11-10T15:09:31.573Z","state":"queued","mode":"standard","creationDate":"2024-11-10T15:09:31.574Z","modificationDate":"2024-11-10T15:09:31.574Z","shortid":"nPwCjOg","inheritedReadPermissions":[],"inheritedEditPermissions":[],"$entitySet":"profiles"},"doDiffs":false,"timestamp":1731251371574,"id":"3l9vp9933ebmbkd","previousOperationId":null,"operationId":"esc3w081aioq93a"}
{"type":"log","level":"info","message":"Render request 187 queued for execution and waiting for available worker","previousOperationId":"esc3w081aioq93a","timestamp":1731251371574,"id":"bsg8p5bxyg5kihg"}
{"type":"operationStart","subtype":"render","name":"new-excl-template","previousOperationId":"esc3w081aioq93a","timestamp":1731251371581,"id":"e62jl3h8kg1yjyn","previousEventId":"3l9vp9933ebmbkd","operationId":"of1agyxh416m6ik"}
{"type":"log","timestamp":1731251371581,"level":"info","message":"Starting rendering request 187 (user: admin)","meta":{"rootId":"kb66fiuvebcc7mv","id":"kb66fiuvebcc7mv"},"id":"zi9bc284v97pbuw","previousOperationId":"of1agyxh416m6ik"}
{"type":"log","timestamp":1731251371581,"level":"info","message":"Rendering template { name: new-excl-template, recipe: html-to-xlsx, engine: handlebars, preview: true }","meta":{"rootId":"kb66fiuvebcc7mv","id":"kb66fiuvebcc7mv"},"id":"tucanobekx70exq","previousOperationId":"of1agyxh416m6ik"}
{"type":"log","timestamp":1731251371582,"level":"debug","message":"Inline data specified.","meta":{"rootId":"kb66fiuvebcc7mv","id":"kb66fiuvebcc7mv"},"id":"wgbgyvyt1z4x44u","previousOperationId":"of1agyxh416m6ik"}
{"type":"log","timestamp":1731251371583,"level":"debug","message":"Base url not specified, skipping its injection.","meta":{"rootId":"kb66fiuvebcc7mv","id":"kb66fiuvebcc7mv"},"id":"md2z9bhtc3343nw","previousOperationId":"of1agyxh416m6ik"}
{"type":"log","timestamp":1731251371585,"level":"debug","message":"Replaced assets [\"KhmerOSSiemreapRegular.ttf\"]","meta":{"rootId":"kb66fiuvebcc7mv","id":"kb66fiuvebcc7mv"},"id":"ulp8fxnbxaj8iqe","previousOperationId":"of1agyxh416m6ik"}
{"type":"operationStart","subtype":"engine","name":"handlebars","timestamp":1731251371585,"id":"u553izha7qtiywd","previousEventId":"e62jl3h8kg1yjyn","operationId":"5tjxgyyr8jskvq4","previousOperationId":"of1agyxh416m6ik"}
{"type":"log","timestamp":1731251371585,"level":"debug","message":"Rendering engine handlebars","meta":{"rootId":"kb66fiuvebcc7mv","id":"kb66fiuvebcc7mv"},"id":"xf500wqbyyg0po2","previousOperationId":"5tjxgyyr8jskvq4"}
{"type":"operationEnd","operationId":"5tjxgyyr8jskvq4","timestamp":1731251371594,"id":"t8nlx3yexfv2hys","previousEventId":"u553izha7qtiywd","previousOperationId":"5tjxgyyr8jskvq4"}
{"type":"operationStart","subtype":"recipe","name":"html-to-xlsx","timestamp":1731251371595,"id":"ytuo10fc0mj07hc","previousEventId":"t8nlx3yexfv2hys","operationId":"bgqhdgq5nt20sj1","previousOperationId":"5tjxgyyr8jskvq4"}
{"type":"log","timestamp":1731251371595,"level":"debug","message":"Executing recipe html-to-xlsx","meta":{"rootId":"kb66fiuvebcc7mv","id":"kb66fiuvebcc7mv"},"id":"0rdfbq2ej3w9nkk","previousOperationId":"bgqhdgq5nt20sj1"}
{"type":"log","timestamp":1731251371595,"level":"info","message":"html-to-xlsx generation is starting","meta":{"rootId":"kb66fiuvebcc7mv","id":"kb66fiuvebcc7mv"},"id":"mv0etrzp71tiizh","previousOperationId":"bgqhdgq5nt20sj1"}
{"type":"log","timestamp":1731251372192,"level":"info","message":"html-to-xlsx generation was finished","meta":{"rootId":"kb66fiuvebcc7mv","id":"kb66fiuvebcc7mv"},"id":"i81h5wqlkqey1vb","previousOperationId":"bgqhdgq5nt20sj1"}
{"type":"log","timestamp":1731251372192,"level":"debug","message":"preparing office preview","meta":{"rootId":"kb66fiuvebcc7mv","id":"kb66fiuvebcc7mv"},"id":"m33601neqxv7lwv","previousOperationId":"bgqhdgq5nt20sj1"}
{"type":"operationEnd","operationId":"bgqhdgq5nt20sj1","timestamp":1731251372640,"id":"vf1b3cdhaixrrdk","previousEventId":"ytuo10fc0mj07hc","previousOperationId":"bgqhdgq5nt20sj1"}
{"type":"log","timestamp":1731251372640,"level":"debug","message":"Skipping storing report.","meta":{"rootId":"kb66fiuvebcc7mv","id":"kb66fiuvebcc7mv"},"id":"ewhvvd4qehyy7tl","previousOperationId":"bgqhdgq5nt20sj1"}
{"type":"log","timestamp":1731251372640,"level":"info","message":"Rendering request 187 finished in 1067 ms","meta":{"rootId":"kb66fiuvebcc7mv","id":"kb66fiuvebcc7mv"},"id":"ziyvm392y2bitvp","previousOperationId":"bgqhdgq5nt20sj1"}
{"type":"operationEnd","subtype":"render","operationId":"of1agyxh416m6ik","timestamp":1731251372640,"id":"i3xr6pvjo7kaegn","previousEventId":"vf1b3cdhaixrrdk","previousOperationId":"bgqhdgq5nt20sj1"}
{"type":"operationEnd","doDiffs":false,"previousEventId":"3l9vp9933ebmbkd","previousOperationId":"esc3w081aioq93a","operationId":"esc3w081aioq93a","timestamp":1731251372642,"id":"zfwevsp6z24zqr9"}
