{"type":"operationStart","subtype":"profile","data":{"_id":"3wKsCXfhKGi3q31U","timestamp":"2024-11-10T14:49:15.315Z","state":"queued","mode":"standard","creationDate":"2024-11-10T14:49:15.316Z","modificationDate":"2024-11-10T14:49:15.316Z","shortid":"eV5Juxe","inheritedReadPermissions":[],"inheritedEditPermissions":[],"$entitySet":"profiles"},"doDiffs":false,"timestamp":1731250155316,"id":"n977l8q4g03z59r","previousOperationId":null,"operationId":"draencmeeavi5pw"}
{"type":"log","level":"info","message":"Render request 174 queued for execution and waiting for available worker","previousOperationId":"draencmeeavi5pw","timestamp":1731250155316,"id":"kyh6tf9dauwdsqz"}
{"type":"operationStart","subtype":"render","name":"new-excl-template","previousOperationId":"draencmeeavi5pw","timestamp":1731250155325,"id":"ih9r42pu67fcj7y","previousEventId":"n977l8q4g03z59r","operationId":"2t7l44s81lzrucj"}
{"type":"log","timestamp":1731250155325,"level":"info","message":"Starting rendering request 174 (user: admin)","meta":{"rootId":"khy7b750hrdrqqj","id":"khy7b750hrdrqqj"},"id":"hhxugy7bzqcow29","previousOperationId":"2t7l44s81lzrucj"}
{"type":"log","timestamp":1731250155325,"level":"info","message":"Rendering template { name: new-excl-template, recipe: html-to-xlsx, engine: handlebars, preview: true }","meta":{"rootId":"khy7b750hrdrqqj","id":"khy7b750hrdrqqj"},"id":"55kkkjr2l69zhrs","previousOperationId":"2t7l44s81lzrucj"}
{"type":"log","timestamp":1731250155326,"level":"debug","message":"Inline data specified.","meta":{"rootId":"khy7b750hrdrqqj","id":"khy7b750hrdrqqj"},"id":"1e48t1qj9am72kq","previousOperationId":"2t7l44s81lzrucj"}
{"type":"log","timestamp":1731250155326,"level":"debug","message":"Base url not specified, skipping its injection.","meta":{"rootId":"khy7b750hrdrqqj","id":"khy7b750hrdrqqj"},"id":"wdfjehe2r8tfwt1","previousOperationId":"2t7l44s81lzrucj"}
{"type":"log","timestamp":1731250155328,"level":"debug","message":"Replaced assets [\"KhmerOSSiemreapRegular.ttf\"]","meta":{"rootId":"khy7b750hrdrqqj","id":"khy7b750hrdrqqj"},"id":"wtr1y3ukfgn0053","previousOperationId":"2t7l44s81lzrucj"}
{"type":"operationStart","subtype":"engine","name":"handlebars","timestamp":1731250155328,"id":"m2hh4e8fjtpxio7","previousEventId":"ih9r42pu67fcj7y","operationId":"utqahkfacdrqkal","previousOperationId":"2t7l44s81lzrucj"}
{"type":"log","timestamp":1731250155328,"level":"debug","message":"Rendering engine handlebars","meta":{"rootId":"khy7b750hrdrqqj","id":"khy7b750hrdrqqj"},"id":"0o9pzr74bcwxyxj","previousOperationId":"utqahkfacdrqkal"}
{"type":"operationEnd","operationId":"utqahkfacdrqkal","timestamp":1731250155341,"id":"7njhrsz87pa75kx","previousEventId":"m2hh4e8fjtpxio7","previousOperationId":"utqahkfacdrqkal"}
{"type":"operationStart","subtype":"recipe","name":"html-to-xlsx","timestamp":1731250155343,"id":"6syja2vxlde2ehg","previousEventId":"7njhrsz87pa75kx","operationId":"97vh4wxlr8ibo7l","previousOperationId":"utqahkfacdrqkal"}
{"type":"log","timestamp":1731250155343,"level":"debug","message":"Executing recipe html-to-xlsx","meta":{"rootId":"khy7b750hrdrqqj","id":"khy7b750hrdrqqj"},"id":"yq9o2n99f0dsea3","previousOperationId":"97vh4wxlr8ibo7l"}
{"type":"log","timestamp":1731250155343,"level":"info","message":"html-to-xlsx generation is starting","meta":{"rootId":"khy7b750hrdrqqj","id":"khy7b750hrdrqqj"},"id":"23j2b82rehra0zm","previousOperationId":"97vh4wxlr8ibo7l"}
{"type":"log","timestamp":1731250155955,"level":"info","message":"html-to-xlsx generation was finished","meta":{"rootId":"khy7b750hrdrqqj","id":"khy7b750hrdrqqj"},"id":"up6u6szwan8anrq","previousOperationId":"97vh4wxlr8ibo7l"}
{"type":"log","timestamp":1731250155955,"level":"debug","message":"preparing office preview","meta":{"rootId":"khy7b750hrdrqqj","id":"khy7b750hrdrqqj"},"id":"jhsuwx7tav05xhs","previousOperationId":"97vh4wxlr8ibo7l"}
{"type":"operationEnd","operationId":"97vh4wxlr8ibo7l","timestamp":1731250156404,"id":"le9a7n0alwtvro5","previousEventId":"6syja2vxlde2ehg","previousOperationId":"97vh4wxlr8ibo7l"}
{"type":"log","timestamp":1731250156404,"level":"debug","message":"Skipping storing report.","meta":{"rootId":"khy7b750hrdrqqj","id":"khy7b750hrdrqqj"},"id":"3j949fkk0ii44a0","previousOperationId":"97vh4wxlr8ibo7l"}
{"type":"log","timestamp":1731250156404,"level":"info","message":"Rendering request 174 finished in 1089 ms","meta":{"rootId":"khy7b750hrdrqqj","id":"khy7b750hrdrqqj"},"id":"j3jl0s52q04vc8p","previousOperationId":"97vh4wxlr8ibo7l"}
{"type":"operationEnd","subtype":"render","operationId":"2t7l44s81lzrucj","timestamp":1731250156404,"id":"xb0a1fuk24p9zn3","previousEventId":"le9a7n0alwtvro5","previousOperationId":"97vh4wxlr8ibo7l"}
{"type":"operationEnd","doDiffs":false,"previousEventId":"n977l8q4g03z59r","previousOperationId":"draencmeeavi5pw","operationId":"draencmeeavi5pw","timestamp":1731250156409,"id":"tfelt2ztuc5z0o3"}
