{"type":"operationStart","subtype":"profile","data":{"_id":"PA4JBeEmj2L6ugtT","timestamp":"2024-11-10T14:21:49.304Z","state":"queued","mode":"standard","creationDate":"2024-11-10T14:21:49.306Z","modificationDate":"2024-11-10T14:21:49.306Z","shortid":"qc7G86F","inheritedReadPermissions":[],"inheritedEditPermissions":[],"$entitySet":"profiles"},"doDiffs":false,"timestamp":1731248509305,"id":"7etkeigd7lm6zfa","previousOperationId":null,"operationId":"d8q0l32tilymthx"}
{"type":"log","level":"info","message":"Render request 141 queued for execution and waiting for available worker","previousOperationId":"d8q0l32tilymthx","timestamp":1731248509305,"id":"9y8idw4almk83cg"}
{"type":"operationStart","subtype":"render","name":"new-excl-template","previousOperationId":"d8q0l32tilymthx","timestamp":1731248509313,"id":"pbtkcye02lemagb","previousEventId":"7etkeigd7lm6zfa","operationId":"36j27ynbeisedgs"}
{"type":"log","timestamp":1731248509313,"level":"info","message":"Starting rendering request 141 (user: admin)","meta":{"rootId":"kneciidid94tkvj","id":"kneciidid94tkvj"},"id":"vlb5m3tes7iqs8x","previousOperationId":"36j27ynbeisedgs"}
{"type":"log","timestamp":1731248509313,"level":"info","message":"Rendering template { name: new-excl-template, recipe: html-to-xlsx, engine: handlebars, preview: true }","meta":{"rootId":"kneciidid94tkvj","id":"kneciidid94tkvj"},"id":"wp40cq38o4xjjcx","previousOperationId":"36j27ynbeisedgs"}
{"type":"log","timestamp":1731248509314,"level":"debug","message":"Inline data specified.","meta":{"rootId":"kneciidid94tkvj","id":"kneciidid94tkvj"},"id":"l84udb5zycmc06z","previousOperationId":"36j27ynbeisedgs"}
{"type":"log","timestamp":1731248509316,"level":"debug","message":"Base url not specified, skipping its injection.","meta":{"rootId":"kneciidid94tkvj","id":"kneciidid94tkvj"},"id":"hrcripv68qa0mft","previousOperationId":"36j27ynbeisedgs"}
{"type":"log","timestamp":1731248509317,"level":"debug","message":"Replaced assets [\"KhmerOSSiemreapRegular.ttf\"]","meta":{"rootId":"kneciidid94tkvj","id":"kneciidid94tkvj"},"id":"7ewkv392bz491fh","previousOperationId":"36j27ynbeisedgs"}
{"type":"operationStart","subtype":"engine","name":"handlebars","timestamp":1731248509318,"id":"xsj7n2g1yz42ofq","previousEventId":"pbtkcye02lemagb","operationId":"tn694rpzb14i982","previousOperationId":"36j27ynbeisedgs"}
{"type":"log","timestamp":1731248509318,"level":"debug","message":"Rendering engine handlebars","meta":{"rootId":"kneciidid94tkvj","id":"kneciidid94tkvj"},"id":"haxqeieuuyb5tha","previousOperationId":"tn694rpzb14i982"}
{"type":"operationEnd","operationId":"tn694rpzb14i982","timestamp":1731248509332,"id":"w60vv1k2xxn4rm5","previousEventId":"xsj7n2g1yz42ofq","previousOperationId":"tn694rpzb14i982"}
{"type":"operationStart","subtype":"recipe","name":"html-to-xlsx","timestamp":1731248509334,"id":"5er4s00lezkdcmq","previousEventId":"w60vv1k2xxn4rm5","operationId":"5wo7xiwv1yavv4w","previousOperationId":"tn694rpzb14i982"}
{"type":"log","timestamp":1731248509334,"level":"debug","message":"Executing recipe html-to-xlsx","meta":{"rootId":"kneciidid94tkvj","id":"kneciidid94tkvj"},"id":"izy5mkkg5oa9hu1","previousOperationId":"5wo7xiwv1yavv4w"}
{"type":"log","timestamp":1731248509334,"level":"info","message":"html-to-xlsx generation is starting","meta":{"rootId":"kneciidid94tkvj","id":"kneciidid94tkvj"},"id":"wi96ea5hok3hheh","previousOperationId":"5wo7xiwv1yavv4w"}
{"type":"log","timestamp":1731248510194,"level":"info","message":"html-to-xlsx generation was finished","meta":{"rootId":"kneciidid94tkvj","id":"kneciidid94tkvj"},"id":"xtu06rbrnqjm7c7","previousOperationId":"5wo7xiwv1yavv4w"}
{"type":"log","timestamp":1731248510194,"level":"debug","message":"preparing office preview","meta":{"rootId":"kneciidid94tkvj","id":"kneciidid94tkvj"},"id":"acrpt0fp2vafpoo","previousOperationId":"5wo7xiwv1yavv4w"}
{"type":"operationEnd","operationId":"5wo7xiwv1yavv4w","timestamp":1731248510639,"id":"32zw7a7ol9cbvf7","previousEventId":"5er4s00lezkdcmq","previousOperationId":"5wo7xiwv1yavv4w"}
{"type":"log","timestamp":1731248510639,"level":"debug","message":"Skipping storing report.","meta":{"rootId":"kneciidid94tkvj","id":"kneciidid94tkvj"},"id":"qu0ev342ezv0mfv","previousOperationId":"5wo7xiwv1yavv4w"}
{"type":"log","timestamp":1731248510639,"level":"info","message":"Rendering request 141 finished in 1335 ms","meta":{"rootId":"kneciidid94tkvj","id":"kneciidid94tkvj"},"id":"a9bo7fn4dxnluk7","previousOperationId":"5wo7xiwv1yavv4w"}
{"type":"operationEnd","subtype":"render","operationId":"36j27ynbeisedgs","timestamp":1731248510639,"id":"d324kkxk5pu7qlx","previousEventId":"32zw7a7ol9cbvf7","previousOperationId":"5wo7xiwv1yavv4w"}
{"type":"operationEnd","doDiffs":false,"previousEventId":"7etkeigd7lm6zfa","previousOperationId":"d8q0l32tilymthx","operationId":"d8q0l32tilymthx","timestamp":1731248510641,"id":"cfb5aznpxqry55v"}
