{"type":"operationStart","subtype":"profile","data":{"_id":"x8glq3uwibq95wAk","timestamp":"2024-11-10T09:09:00.304Z","state":"queued","mode":"standard","creationDate":"2024-11-10T09:09:00.306Z","modificationDate":"2024-11-10T09:09:00.306Z","shortid":"evbb91K","inheritedReadPermissions":[],"inheritedEditPermissions":[],"$entitySet":"profiles"},"doDiffs":false,"timestamp":1731229740305,"id":"5ofxh2z880fti9f","previousOperationId":null,"operationId":"hqtwzx3zvhca6vd"}
{"type":"log","level":"info","message":"Render request 186 queued for execution and waiting for available worker","previousOperationId":"hqtwzx3zvhca6vd","timestamp":1731229740305,"id":"cmq6wz46c4sa6s7"}
{"type":"operationStart","subtype":"render","name":"new-excl-template","previousOperationId":"hqtwzx3zvhca6vd","timestamp":1731229740314,"id":"uauqedlcwnuad91","previousEventId":"5ofxh2z880fti9f","operationId":"prcfn6abg27biu2"}
{"type":"log","timestamp":1731229740314,"level":"info","message":"Starting rendering request 186 (user: admin)","meta":{"rootId":"kra1gkjmczbroxe","id":"kra1gkjmczbroxe"},"id":"wlj0t1v734m7788","previousOperationId":"prcfn6abg27biu2"}
{"type":"log","timestamp":1731229740314,"level":"info","message":"Rendering template { name: new-excl-template, recipe: html-to-xlsx, engine: handlebars, preview: true }","meta":{"rootId":"kra1gkjmczbroxe","id":"kra1gkjmczbroxe"},"id":"2w0ud05hzosnokv","previousOperationId":"prcfn6abg27biu2"}
{"type":"log","timestamp":1731229740315,"level":"debug","message":"Adding sample data pVkbCM7am","meta":{"rootId":"kra1gkjmczbroxe","id":"kra1gkjmczbroxe"},"id":"3w0f7g9hp862am4","previousOperationId":"prcfn6abg27biu2"}
{"type":"log","timestamp":1731229740316,"level":"debug","message":"Base url not specified, skipping its injection.","meta":{"rootId":"kra1gkjmczbroxe","id":"kra1gkjmczbroxe"},"id":"6p4zlfg0kxwvdjb","previousOperationId":"prcfn6abg27biu2"}
{"type":"log","timestamp":1731229740318,"level":"debug","message":"Replaced assets [\"KhmerOSSiemreapRegular.ttf\"]","meta":{"rootId":"kra1gkjmczbroxe","id":"kra1gkjmczbroxe"},"id":"1kgo7gc2qn9dk9d","previousOperationId":"prcfn6abg27biu2"}
{"type":"operationStart","subtype":"engine","name":"handlebars","timestamp":1731229740318,"id":"9a03c26lnvhvim6","previousEventId":"uauqedlcwnuad91","operationId":"gchpiwzmshl8e6e","previousOperationId":"prcfn6abg27biu2"}
{"type":"log","timestamp":1731229740318,"level":"debug","message":"Rendering engine handlebars","meta":{"rootId":"kra1gkjmczbroxe","id":"kra1gkjmczbroxe"},"id":"1ybnpkts9rj9l1l","previousOperationId":"gchpiwzmshl8e6e"}
{"type":"operationEnd","operationId":"gchpiwzmshl8e6e","timestamp":1731229740337,"id":"z2tsv2kgv38tgfn","previousEventId":"9a03c26lnvhvim6","previousOperationId":"gchpiwzmshl8e6e"}
{"type":"operationStart","subtype":"recipe","name":"html-to-xlsx","timestamp":1731229740342,"id":"h06ojqd8x1ud0z6","previousEventId":"z2tsv2kgv38tgfn","operationId":"kzhuyms1svyr2xn","previousOperationId":"gchpiwzmshl8e6e"}
{"type":"log","timestamp":1731229740342,"level":"debug","message":"Executing recipe html-to-xlsx","meta":{"rootId":"kra1gkjmczbroxe","id":"kra1gkjmczbroxe"},"id":"n4w8cshyebfs1qp","previousOperationId":"kzhuyms1svyr2xn"}
{"type":"log","timestamp":1731229740342,"level":"info","message":"html-to-xlsx generation is starting","meta":{"rootId":"kra1gkjmczbroxe","id":"kra1gkjmczbroxe"},"id":"p3cqpnv5gfvgwuw","previousOperationId":"kzhuyms1svyr2xn"}
{"type":"log","timestamp":1731229741239,"level":"info","message":"html-to-xlsx generation was finished","meta":{"rootId":"kra1gkjmczbroxe","id":"kra1gkjmczbroxe"},"id":"izcm766k4mslml0","previousOperationId":"kzhuyms1svyr2xn"}
{"type":"log","timestamp":1731229741239,"level":"debug","message":"preparing office preview","meta":{"rootId":"kra1gkjmczbroxe","id":"kra1gkjmczbroxe"},"id":"ekpgbes6wy09slx","previousOperationId":"kzhuyms1svyr2xn"}
{"type":"operationEnd","operationId":"kzhuyms1svyr2xn","timestamp":1731229741734,"id":"i5vb2gflb0ezdtu","previousEventId":"h06ojqd8x1ud0z6","previousOperationId":"kzhuyms1svyr2xn"}
{"type":"log","timestamp":1731229741734,"level":"debug","message":"Skipping storing report.","meta":{"rootId":"kra1gkjmczbroxe","id":"kra1gkjmczbroxe"},"id":"qk1d24pey5ehzb3","previousOperationId":"kzhuyms1svyr2xn"}
{"type":"log","timestamp":1731229741734,"level":"info","message":"Rendering request 186 finished in 1430 ms","meta":{"rootId":"kra1gkjmczbroxe","id":"kra1gkjmczbroxe"},"id":"mjryk8ej02xeb4w","previousOperationId":"kzhuyms1svyr2xn"}
{"type":"operationEnd","subtype":"render","operationId":"prcfn6abg27biu2","timestamp":1731229741734,"id":"dnzyugiflqq54iy","previousEventId":"i5vb2gflb0ezdtu","previousOperationId":"kzhuyms1svyr2xn"}
{"type":"operationEnd","doDiffs":false,"previousEventId":"5ofxh2z880fti9f","previousOperationId":"hqtwzx3zvhca6vd","operationId":"hqtwzx3zvhca6vd","timestamp":1731229741736,"id":"jfxnlr855muaqsi"}
