{"type":"operationStart","subtype":"profile","data":{"_id":"mno4ECQqo2yGGTfm","timestamp":"2024-11-10T10:02:27.429Z","state":"queued","mode":"standard","creationDate":"2024-11-10T10:02:27.430Z","modificationDate":"2024-11-10T10:02:27.430Z","shortid":"c3Xzr7F","inheritedReadPermissions":[],"inheritedEditPermissions":[],"$entitySet":"profiles"},"doDiffs":false,"timestamp":1731232947430,"id":"gtncx8im9t9gudb","previousOperationId":null,"operationId":"ac51d8uu3z3pysk"}
{"type":"log","level":"info","message":"Render request 289 queued for execution and waiting for available worker","previousOperationId":"ac51d8uu3z3pysk","timestamp":1731232947430,"id":"h2glkfumv2gefop"}
{"type":"operationStart","subtype":"render","name":"new-excl-template","previousOperationId":"ac51d8uu3z3pysk","timestamp":1731232947437,"id":"4e6ytyclr2tdqjx","previousEventId":"gtncx8im9t9gudb","operationId":"kmg6i7vr6x2nd09"}
{"type":"log","timestamp":1731232947437,"level":"info","message":"Starting rendering request 289 (user: admin)","meta":{"rootId":"kyo5a8rzj6s9py9","id":"kyo5a8rzj6s9py9"},"id":"4gjqdy7jh3w0uv5","previousOperationId":"kmg6i7vr6x2nd09"}
{"type":"log","timestamp":1731232947437,"level":"info","message":"Rendering template { name: new-excl-template, recipe: html-to-xlsx, engine: handlebars, preview: true }","meta":{"rootId":"kyo5a8rzj6s9py9","id":"kyo5a8rzj6s9py9"},"id":"onhqpggr5u1bjra","previousOperationId":"kmg6i7vr6x2nd09"}
{"type":"log","timestamp":1731232947438,"level":"debug","message":"Adding sample data pVkbCM7am","meta":{"rootId":"kyo5a8rzj6s9py9","id":"kyo5a8rzj6s9py9"},"id":"tlj2z9rbudrg7ha","previousOperationId":"kmg6i7vr6x2nd09"}
{"type":"log","timestamp":1731232947438,"level":"debug","message":"Base url not specified, skipping its injection.","meta":{"rootId":"kyo5a8rzj6s9py9","id":"kyo5a8rzj6s9py9"},"id":"fk3bdapmfbjyg89","previousOperationId":"kmg6i7vr6x2nd09"}
{"type":"log","timestamp":1731232947440,"level":"debug","message":"Replaced assets [\"KhmerOSSiemreapRegular.ttf\"]","meta":{"rootId":"kyo5a8rzj6s9py9","id":"kyo5a8rzj6s9py9"},"id":"3t9pacb0x1o36bu","previousOperationId":"kmg6i7vr6x2nd09"}
{"type":"operationStart","subtype":"engine","name":"handlebars","timestamp":1731232947440,"id":"8pdcxw5ea013dop","previousEventId":"4e6ytyclr2tdqjx","operationId":"y02k5otiumg5em2","previousOperationId":"kmg6i7vr6x2nd09"}
{"type":"log","timestamp":1731232947440,"level":"debug","message":"Rendering engine handlebars","meta":{"rootId":"kyo5a8rzj6s9py9","id":"kyo5a8rzj6s9py9"},"id":"1x2yqeeu0gs2dvh","previousOperationId":"y02k5otiumg5em2"}
{"type":"operationEnd","operationId":"y02k5otiumg5em2","timestamp":1731232947451,"id":"q5iq9kadblhyl1x","previousEventId":"8pdcxw5ea013dop","previousOperationId":"y02k5otiumg5em2"}
{"type":"operationStart","subtype":"recipe","name":"html-to-xlsx","timestamp":1731232947453,"id":"2zm3upi1m5lgjsq","previousEventId":"q5iq9kadblhyl1x","operationId":"ea1rr5fxqs25fl1","previousOperationId":"y02k5otiumg5em2"}
{"type":"log","timestamp":1731232947453,"level":"debug","message":"Executing recipe html-to-xlsx","meta":{"rootId":"kyo5a8rzj6s9py9","id":"kyo5a8rzj6s9py9"},"id":"uf2gnwes8klhdkn","previousOperationId":"ea1rr5fxqs25fl1"}
{"type":"log","timestamp":1731232947453,"level":"info","message":"html-to-xlsx generation is starting","meta":{"rootId":"kyo5a8rzj6s9py9","id":"kyo5a8rzj6s9py9"},"id":"y836vit8ol7c46z","previousOperationId":"ea1rr5fxqs25fl1"}
{"type":"log","timestamp":1731232948048,"level":"info","message":"html-to-xlsx generation was finished","meta":{"rootId":"kyo5a8rzj6s9py9","id":"kyo5a8rzj6s9py9"},"id":"i0a9q0vd0gl8hkj","previousOperationId":"ea1rr5fxqs25fl1"}
{"type":"log","timestamp":1731232948048,"level":"debug","message":"preparing office preview","meta":{"rootId":"kyo5a8rzj6s9py9","id":"kyo5a8rzj6s9py9"},"id":"odykuowevfcs60s","previousOperationId":"ea1rr5fxqs25fl1"}
{"type":"operationEnd","operationId":"ea1rr5fxqs25fl1","timestamp":1731232948512,"id":"gxuj6cv7n1cglzl","previousEventId":"2zm3upi1m5lgjsq","previousOperationId":"ea1rr5fxqs25fl1"}
{"type":"log","timestamp":1731232948512,"level":"debug","message":"Skipping storing report.","meta":{"rootId":"kyo5a8rzj6s9py9","id":"kyo5a8rzj6s9py9"},"id":"n4341ylibtyd04m","previousOperationId":"ea1rr5fxqs25fl1"}
{"type":"log","timestamp":1731232948512,"level":"info","message":"Rendering request 289 finished in 1084 ms","meta":{"rootId":"kyo5a8rzj6s9py9","id":"kyo5a8rzj6s9py9"},"id":"ezs3xx17gmj53bu","previousOperationId":"ea1rr5fxqs25fl1"}
{"type":"operationEnd","subtype":"render","operationId":"kmg6i7vr6x2nd09","timestamp":1731232948512,"id":"odcscwtujwpisqk","previousEventId":"gxuj6cv7n1cglzl","previousOperationId":"ea1rr5fxqs25fl1"}
{"type":"operationEnd","doDiffs":false,"previousEventId":"gtncx8im9t9gudb","previousOperationId":"ac51d8uu3z3pysk","operationId":"ac51d8uu3z3pysk","timestamp":1731232948515,"id":"4dnw85r7aike98d"}
