{"type":"operationStart","subtype":"profile","data":{"_id":"xK8sIG20klRloGjL","timestamp":"2024-11-10T13:24:11.584Z","state":"queued","mode":"standard","creationDate":"2024-11-10T13:24:11.586Z","modificationDate":"2024-11-10T13:24:11.586Z","shortid":"wmD5lL8","inheritedReadPermissions":[],"inheritedEditPermissions":[],"$entitySet":"profiles"},"doDiffs":false,"timestamp":1731245051585,"id":"4jhkme5nbpetjdz","previousOperationId":null,"operationId":"y57z89yiw0bhtey"}
{"type":"log","level":"info","message":"Render request 61 queued for execution and waiting for available worker","previousOperationId":"y57z89yiw0bhtey","timestamp":1731245051585,"id":"u90spojfuc6i2su"}
{"type":"operationStart","subtype":"render","name":"new-excl-template","previousOperationId":"y57z89yiw0bhtey","timestamp":1731245051593,"id":"9f068oe9d2ez8c4","previousEventId":"4jhkme5nbpetjdz","operationId":"afzvp5jktif5kll"}
{"type":"log","timestamp":1731245051593,"level":"info","message":"Starting rendering request 61 (user: admin)","meta":{"rootId":"l2ooskipw2u8jni","id":"l2ooskipw2u8jni"},"id":"66tnyj02esoed58","previousOperationId":"afzvp5jktif5kll"}
{"type":"log","timestamp":1731245051593,"level":"info","message":"Rendering template { name: new-excl-template, recipe: html-to-xlsx, engine: handlebars, preview: true }","meta":{"rootId":"l2ooskipw2u8jni","id":"l2ooskipw2u8jni"},"id":"6enxlaupm2qj6ps","previousOperationId":"afzvp5jktif5kll"}
{"type":"log","timestamp":1731245051594,"level":"debug","message":"Inline data specified.","meta":{"rootId":"l2ooskipw2u8jni","id":"l2ooskipw2u8jni"},"id":"eny2pzzzx4ni4r7","previousOperationId":"afzvp5jktif5kll"}
{"type":"log","timestamp":1731245051595,"level":"debug","message":"Base url not specified, skipping its injection.","meta":{"rootId":"l2ooskipw2u8jni","id":"l2ooskipw2u8jni"},"id":"dcnksr63r7wct7n","previousOperationId":"afzvp5jktif5kll"}
{"type":"log","timestamp":1731245051597,"level":"debug","message":"Replaced assets [\"KhmerOSSiemreapRegular.ttf\"]","meta":{"rootId":"l2ooskipw2u8jni","id":"l2ooskipw2u8jni"},"id":"gdygosq5406wpmq","previousOperationId":"afzvp5jktif5kll"}
{"type":"operationStart","subtype":"engine","name":"handlebars","timestamp":1731245051597,"id":"k8fqtc7htjzuj4k","previousEventId":"9f068oe9d2ez8c4","operationId":"hlder4c854n1z5h","previousOperationId":"afzvp5jktif5kll"}
{"type":"log","timestamp":1731245051597,"level":"debug","message":"Rendering engine handlebars","meta":{"rootId":"l2ooskipw2u8jni","id":"l2ooskipw2u8jni"},"id":"0a0g6v5mhum9kvr","previousOperationId":"hlder4c854n1z5h"}
{"type":"operationEnd","operationId":"hlder4c854n1z5h","timestamp":1731245051609,"id":"ef98ou5kq71kdg1","previousEventId":"k8fqtc7htjzuj4k","previousOperationId":"hlder4c854n1z5h"}
{"type":"operationStart","subtype":"recipe","name":"html-to-xlsx","timestamp":1731245051610,"id":"y92r2zq4mvmadke","previousEventId":"ef98ou5kq71kdg1","operationId":"2m33rfo347ud3fz","previousOperationId":"hlder4c854n1z5h"}
{"type":"log","timestamp":1731245051610,"level":"debug","message":"Executing recipe html-to-xlsx","meta":{"rootId":"l2ooskipw2u8jni","id":"l2ooskipw2u8jni"},"id":"k4vigmxbiyz7ngr","previousOperationId":"2m33rfo347ud3fz"}
{"type":"log","timestamp":1731245051610,"level":"info","message":"html-to-xlsx generation is starting","meta":{"rootId":"l2ooskipw2u8jni","id":"l2ooskipw2u8jni"},"id":"1insb4ahcn7zw2c","previousOperationId":"2m33rfo347ud3fz"}
{"type":"log","timestamp":1731245052254,"level":"info","message":"html-to-xlsx generation was finished","meta":{"rootId":"l2ooskipw2u8jni","id":"l2ooskipw2u8jni"},"id":"1b2xntq0lgymjyc","previousOperationId":"2m33rfo347ud3fz"}
{"type":"log","timestamp":1731245052254,"level":"debug","message":"preparing office preview","meta":{"rootId":"l2ooskipw2u8jni","id":"l2ooskipw2u8jni"},"id":"fvfq3qga16m7hwx","previousOperationId":"2m33rfo347ud3fz"}
{"type":"operationEnd","operationId":"2m33rfo347ud3fz","timestamp":1731245052758,"id":"8vwo126hb5nd8gb","previousEventId":"y92r2zq4mvmadke","previousOperationId":"2m33rfo347ud3fz"}
{"type":"log","timestamp":1731245052758,"level":"debug","message":"Skipping storing report.","meta":{"rootId":"l2ooskipw2u8jni","id":"l2ooskipw2u8jni"},"id":"e2qgydz8yogh5yv","previousOperationId":"2m33rfo347ud3fz"}
{"type":"log","timestamp":1731245052758,"level":"info","message":"Rendering request 61 finished in 1174 ms","meta":{"rootId":"l2ooskipw2u8jni","id":"l2ooskipw2u8jni"},"id":"z9sd8n7g0l116il","previousOperationId":"2m33rfo347ud3fz"}
{"type":"operationEnd","subtype":"render","operationId":"afzvp5jktif5kll","timestamp":1731245052758,"id":"5wofnp8m1xuj454","previousEventId":"8vwo126hb5nd8gb","previousOperationId":"2m33rfo347ud3fz"}
{"type":"operationEnd","doDiffs":false,"previousEventId":"4jhkme5nbpetjdz","previousOperationId":"y57z89yiw0bhtey","operationId":"y57z89yiw0bhtey","timestamp":1731245052760,"id":"yxn9205ocfbwrxh"}
