{"type":"operationStart","subtype":"profile","data":{"_id":"eBpxX3cxoHyZx2QF","timestamp":"2024-11-10T08:16:36.133Z","state":"queued","mode":"standard","creationDate":"2024-11-10T08:16:36.136Z","modificationDate":"2024-11-10T08:16:36.136Z","shortid":"5aUIh-A","inheritedReadPermissions":[],"inheritedEditPermissions":[],"$entitySet":"profiles"},"doDiffs":false,"timestamp":1731226596135,"id":"1kk1pl0b2d4jr38","previousOperationId":null,"operationId":"w2i19r81mmkbcgo"}
{"type":"log","level":"info","message":"Render request 99 queued for execution and waiting for available worker","previousOperationId":"w2i19r81mmkbcgo","timestamp":1731226596135,"id":"pffbllt4502720m"}
{"type":"operationStart","subtype":"render","name":"new-excl-template","previousOperationId":"w2i19r81mmkbcgo","timestamp":1731226596145,"id":"djowttp0v7ybjt0","previousEventId":"1kk1pl0b2d4jr38","operationId":"jaom7o25im962p2"}
{"type":"log","timestamp":1731226596145,"level":"info","message":"Starting rendering request 99 (user: admin)","meta":{"rootId":"l5gsro9uporgovv","id":"l5gsro9uporgovv"},"id":"yzrep6x4g63a1hd","previousOperationId":"jaom7o25im962p2"}
{"type":"log","timestamp":1731226596145,"level":"info","message":"Rendering template { name: new-excl-template, recipe: html-to-xlsx, engine: handlebars, preview: true }","meta":{"rootId":"l5gsro9uporgovv","id":"l5gsro9uporgovv"},"id":"xwr729z2tcpjz1l","previousOperationId":"jaom7o25im962p2"}
{"type":"log","timestamp":1731226596146,"level":"debug","message":"Inline data specified.","meta":{"rootId":"l5gsro9uporgovv","id":"l5gsro9uporgovv"},"id":"93myt10aelcvr5y","previousOperationId":"jaom7o25im962p2"}
{"type":"log","timestamp":1731226596147,"level":"debug","message":"Base url not specified, skipping its injection.","meta":{"rootId":"l5gsro9uporgovv","id":"l5gsro9uporgovv"},"id":"jsolxzuqtvmkhgt","previousOperationId":"jaom7o25im962p2"}
{"type":"operationStart","subtype":"engine","name":"handlebars","timestamp":1731226596147,"id":"wna6tntsy5s698m","previousEventId":"djowttp0v7ybjt0","operationId":"8xv10lhrjsl6pte","previousOperationId":"jaom7o25im962p2"}
{"type":"log","timestamp":1731226596147,"level":"debug","message":"Rendering engine handlebars","meta":{"rootId":"l5gsro9uporgovv","id":"l5gsro9uporgovv"},"id":"tbpnd3wmtgrlfvm","previousOperationId":"8xv10lhrjsl6pte"}
{"type":"operationEnd","operationId":"8xv10lhrjsl6pte","timestamp":1731226596159,"id":"z7p72azkwiu2qf7","previousEventId":"wna6tntsy5s698m","previousOperationId":"8xv10lhrjsl6pte"}
{"type":"operationStart","subtype":"recipe","name":"html-to-xlsx","timestamp":1731226596159,"id":"ffz3uay0n4nq8pi","previousEventId":"z7p72azkwiu2qf7","operationId":"p9movxab5bakw9m","previousOperationId":"8xv10lhrjsl6pte"}
{"type":"log","timestamp":1731226596159,"level":"debug","message":"Executing recipe html-to-xlsx","meta":{"rootId":"l5gsro9uporgovv","id":"l5gsro9uporgovv"},"id":"ft9ihz1w9dsjufo","previousOperationId":"p9movxab5bakw9m"}
{"type":"log","timestamp":1731226596159,"level":"info","message":"html-to-xlsx generation is starting","meta":{"rootId":"l5gsro9uporgovv","id":"l5gsro9uporgovv"},"id":"58sdk5fhwnemv77","previousOperationId":"p9movxab5bakw9m"}
{"type":"log","timestamp":1731226596799,"level":"info","message":"html-to-xlsx generation was finished","meta":{"rootId":"l5gsro9uporgovv","id":"l5gsro9uporgovv"},"id":"4d4udxpn7l55k9f","previousOperationId":"p9movxab5bakw9m"}
{"type":"log","timestamp":1731226596799,"level":"debug","message":"preparing office preview","meta":{"rootId":"l5gsro9uporgovv","id":"l5gsro9uporgovv"},"id":"f4smeom12qyzuxx","previousOperationId":"p9movxab5bakw9m"}
{"type":"operationEnd","operationId":"p9movxab5bakw9m","timestamp":1731226597243,"id":"edxr9s5qj857uaf","previousEventId":"ffz3uay0n4nq8pi","previousOperationId":"p9movxab5bakw9m"}
{"type":"log","timestamp":1731226597243,"level":"debug","message":"Skipping storing report.","meta":{"rootId":"l5gsro9uporgovv","id":"l5gsro9uporgovv"},"id":"fwf6e3hmqmkmidb","previousOperationId":"p9movxab5bakw9m"}
{"type":"log","timestamp":1731226597243,"level":"info","message":"Rendering request 99 finished in 1110 ms","meta":{"rootId":"l5gsro9uporgovv","id":"l5gsro9uporgovv"},"id":"rej6ua2z9ghlxif","previousOperationId":"p9movxab5bakw9m"}
{"type":"operationEnd","subtype":"render","operationId":"jaom7o25im962p2","timestamp":1731226597243,"id":"gnwogz4ecaz3vim","previousEventId":"edxr9s5qj857uaf","previousOperationId":"p9movxab5bakw9m"}
{"type":"operationEnd","doDiffs":false,"previousEventId":"1kk1pl0b2d4jr38","previousOperationId":"w2i19r81mmkbcgo","operationId":"w2i19r81mmkbcgo","timestamp":1731226597245,"id":"xs87i5ctb2ash6l"}
