{"type":"operationStart","subtype":"profile","data":{"_id":"yLLSeowMcmLdj9R2","timestamp":"2024-11-10T14:34:59.151Z","state":"queued","mode":"standard","creationDate":"2024-11-10T14:34:59.152Z","modificationDate":"2024-11-10T14:34:59.152Z","shortid":"-TpZN9I","inheritedReadPermissions":[],"inheritedEditPermissions":[],"$entitySet":"profiles"},"doDiffs":false,"timestamp":1731249299152,"id":"68x232j7q4lh3pz","previousOperationId":null,"operationId":"b3ncz3iljaqs91r"}
{"type":"log","level":"info","message":"Render request 149 queued for execution and waiting for available worker","previousOperationId":"b3ncz3iljaqs91r","timestamp":1731249299152,"id":"omxkajs0pw9dhgo"}
{"type":"operationStart","subtype":"render","name":"new-excl-template","previousOperationId":"b3ncz3iljaqs91r","timestamp":1731249299158,"id":"06nsmsdj374krkq","previousEventId":"68x232j7q4lh3pz","operationId":"xgoountfu3c941r"}
{"type":"log","timestamp":1731249299158,"level":"info","message":"Starting rendering request 149 (user: admin)","meta":{"rootId":"l710ybwrc5uembi","id":"l710ybwrc5uembi"},"id":"956em30ayuigbw0","previousOperationId":"xgoountfu3c941r"}
{"type":"log","timestamp":1731249299159,"level":"info","message":"Rendering template { name: new-excl-template, recipe: html-to-xlsx, engine: handlebars, preview: true }","meta":{"rootId":"l710ybwrc5uembi","id":"l710ybwrc5uembi"},"id":"w7t8f4jgppmwy3r","previousOperationId":"xgoountfu3c941r"}
{"type":"log","timestamp":1731249299159,"level":"debug","message":"Inline data specified.","meta":{"rootId":"l710ybwrc5uembi","id":"l710ybwrc5uembi"},"id":"9h38f532hyc4wqm","previousOperationId":"xgoountfu3c941r"}
{"type":"log","timestamp":1731249299160,"level":"debug","message":"Base url not specified, skipping its injection.","meta":{"rootId":"l710ybwrc5uembi","id":"l710ybwrc5uembi"},"id":"0zrbnbikcoywp8u","previousOperationId":"xgoountfu3c941r"}
{"type":"log","timestamp":1731249299163,"level":"debug","message":"Replaced assets [\"KhmerOSSiemreapRegular.ttf\"]","meta":{"rootId":"l710ybwrc5uembi","id":"l710ybwrc5uembi"},"id":"r9462jnx6fp4x4w","previousOperationId":"xgoountfu3c941r"}
{"type":"operationStart","subtype":"engine","name":"handlebars","timestamp":1731249299163,"id":"lor70xqiprdfgnw","previousEventId":"06nsmsdj374krkq","operationId":"6ngprf1hjmyrnpt","previousOperationId":"xgoountfu3c941r"}
{"type":"log","timestamp":1731249299163,"level":"debug","message":"Rendering engine handlebars","meta":{"rootId":"l710ybwrc5uembi","id":"l710ybwrc5uembi"},"id":"yi5e2anrox5ljrg","previousOperationId":"6ngprf1hjmyrnpt"}
{"type":"operationEnd","operationId":"6ngprf1hjmyrnpt","timestamp":1731249299175,"id":"g9m7ldea9zqp4uo","previousEventId":"lor70xqiprdfgnw","previousOperationId":"6ngprf1hjmyrnpt"}
{"type":"operationStart","subtype":"recipe","name":"html-to-xlsx","timestamp":1731249299176,"id":"pc94kh60og2wlxz","previousEventId":"g9m7ldea9zqp4uo","operationId":"ajob6hqpy5p9dbn","previousOperationId":"6ngprf1hjmyrnpt"}
{"type":"log","timestamp":1731249299176,"level":"debug","message":"Executing recipe html-to-xlsx","meta":{"rootId":"l710ybwrc5uembi","id":"l710ybwrc5uembi"},"id":"4cy7omt6y4hqevt","previousOperationId":"ajob6hqpy5p9dbn"}
{"type":"log","timestamp":1731249299176,"level":"info","message":"html-to-xlsx generation is starting","meta":{"rootId":"l710ybwrc5uembi","id":"l710ybwrc5uembi"},"id":"8fub2558c5f98mq","previousOperationId":"ajob6hqpy5p9dbn"}
{"type":"log","timestamp":1731249299855,"level":"info","message":"html-to-xlsx generation was finished","meta":{"rootId":"l710ybwrc5uembi","id":"l710ybwrc5uembi"},"id":"aszhw4noz7b6go2","previousOperationId":"ajob6hqpy5p9dbn"}
{"type":"log","timestamp":1731249299855,"level":"debug","message":"preparing office preview","meta":{"rootId":"l710ybwrc5uembi","id":"l710ybwrc5uembi"},"id":"ulgx0rzp5l9an0s","previousOperationId":"ajob6hqpy5p9dbn"}
{"type":"operationEnd","operationId":"ajob6hqpy5p9dbn","timestamp":1731249300347,"id":"5zakueyncl7an5n","previousEventId":"pc94kh60og2wlxz","previousOperationId":"ajob6hqpy5p9dbn"}
{"type":"log","timestamp":1731249300347,"level":"debug","message":"Skipping storing report.","meta":{"rootId":"l710ybwrc5uembi","id":"l710ybwrc5uembi"},"id":"btnkj1vom2p3c7l","previousOperationId":"ajob6hqpy5p9dbn"}
{"type":"log","timestamp":1731249300347,"level":"info","message":"Rendering request 149 finished in 1196 ms","meta":{"rootId":"l710ybwrc5uembi","id":"l710ybwrc5uembi"},"id":"vix3yj2k5u745cc","previousOperationId":"ajob6hqpy5p9dbn"}
{"type":"operationEnd","subtype":"render","operationId":"xgoountfu3c941r","timestamp":1731249300347,"id":"0vup8cenkyysu4k","previousEventId":"5zakueyncl7an5n","previousOperationId":"ajob6hqpy5p9dbn"}
{"type":"operationEnd","doDiffs":false,"previousEventId":"68x232j7q4lh3pz","previousOperationId":"b3ncz3iljaqs91r","operationId":"b3ncz3iljaqs91r","timestamp":1731249300351,"id":"nbl1th7lucbnpc4"}
