{"type":"operationStart","subtype":"profile","data":{"_id":"WNhYiP7n5b7gxesG","timestamp":"2024-11-10T14:38:39.323Z","state":"queued","mode":"standard","creationDate":"2024-11-10T14:38:39.325Z","modificationDate":"2024-11-10T14:38:39.325Z","shortid":"D46H4im","inheritedReadPermissions":[],"inheritedEditPermissions":[],"$entitySet":"profiles"},"doDiffs":false,"timestamp":1731249519324,"id":"lmruxhole3kdcft","previousOperationId":null,"operationId":"yhl5113o4wtdawm"}
{"type":"log","level":"info","message":"Render request 155 queued for execution and waiting for available worker","previousOperationId":"yhl5113o4wtdawm","timestamp":1731249519324,"id":"txoxzna1f4a0tw1"}
{"type":"operationStart","subtype":"render","name":"new-excl-template","previousOperationId":"yhl5113o4wtdawm","timestamp":1731249519332,"id":"tukipqcel5cmksg","previousEventId":"lmruxhole3kdcft","operationId":"lb7x2i3qkmzt6a4"}
{"type":"log","timestamp":1731249519332,"level":"info","message":"Starting rendering request 155 (user: admin)","meta":{"rootId":"l7bmsm4n011tx09","id":"l7bmsm4n011tx09"},"id":"guf22riots2opcy","previousOperationId":"lb7x2i3qkmzt6a4"}
{"type":"log","timestamp":1731249519332,"level":"info","message":"Rendering template { name: new-excl-template, recipe: html-to-xlsx, engine: handlebars, preview: true }","meta":{"rootId":"l7bmsm4n011tx09","id":"l7bmsm4n011tx09"},"id":"zvyjib9gt4uublj","previousOperationId":"lb7x2i3qkmzt6a4"}
{"type":"log","timestamp":1731249519332,"level":"debug","message":"Inline data specified.","meta":{"rootId":"l7bmsm4n011tx09","id":"l7bmsm4n011tx09"},"id":"h8xal3nkkp8k5c7","previousOperationId":"lb7x2i3qkmzt6a4"}
{"type":"log","timestamp":1731249519334,"level":"debug","message":"Base url not specified, skipping its injection.","meta":{"rootId":"l7bmsm4n011tx09","id":"l7bmsm4n011tx09"},"id":"k4sfsvoa2m2znws","previousOperationId":"lb7x2i3qkmzt6a4"}
{"type":"log","timestamp":1731249519336,"level":"debug","message":"Replaced assets [\"KhmerOSSiemreapRegular.ttf\"]","meta":{"rootId":"l7bmsm4n011tx09","id":"l7bmsm4n011tx09"},"id":"nz3na9gefnrh9ay","previousOperationId":"lb7x2i3qkmzt6a4"}
{"type":"operationStart","subtype":"engine","name":"handlebars","timestamp":1731249519336,"id":"1uugtcet79kewo2","previousEventId":"tukipqcel5cmksg","operationId":"w21tzwnilw93h95","previousOperationId":"lb7x2i3qkmzt6a4"}
{"type":"log","timestamp":1731249519336,"level":"debug","message":"Rendering engine handlebars","meta":{"rootId":"l7bmsm4n011tx09","id":"l7bmsm4n011tx09"},"id":"ze5ff85ym7c5bdm","previousOperationId":"w21tzwnilw93h95"}
{"type":"operationEnd","operationId":"w21tzwnilw93h95","timestamp":1731249519350,"id":"fyt581k2991jfzw","previousEventId":"1uugtcet79kewo2","previousOperationId":"w21tzwnilw93h95"}
{"type":"operationStart","subtype":"recipe","name":"html-to-xlsx","timestamp":1731249519351,"id":"87kddsqjdqxzfhc","previousEventId":"fyt581k2991jfzw","operationId":"u48mwdrd84ba4jr","previousOperationId":"w21tzwnilw93h95"}
{"type":"log","timestamp":1731249519351,"level":"debug","message":"Executing recipe html-to-xlsx","meta":{"rootId":"l7bmsm4n011tx09","id":"l7bmsm4n011tx09"},"id":"uv1456lrmc89fmo","previousOperationId":"u48mwdrd84ba4jr"}
{"type":"log","timestamp":1731249519351,"level":"info","message":"html-to-xlsx generation is starting","meta":{"rootId":"l7bmsm4n011tx09","id":"l7bmsm4n011tx09"},"id":"83byqadcso5h6to","previousOperationId":"u48mwdrd84ba4jr"}
{"type":"log","timestamp":1731249520006,"level":"info","message":"html-to-xlsx generation was finished","meta":{"rootId":"l7bmsm4n011tx09","id":"l7bmsm4n011tx09"},"id":"wwfvdb5kqgnh8o2","previousOperationId":"u48mwdrd84ba4jr"}
{"type":"log","timestamp":1731249520006,"level":"debug","message":"preparing office preview","meta":{"rootId":"l7bmsm4n011tx09","id":"l7bmsm4n011tx09"},"id":"xnopv05bbyp8dmh","previousOperationId":"u48mwdrd84ba4jr"}
{"type":"operationEnd","operationId":"u48mwdrd84ba4jr","timestamp":1731249520530,"id":"exl46ko4kbq1fa5","previousEventId":"87kddsqjdqxzfhc","previousOperationId":"u48mwdrd84ba4jr"}
{"type":"log","timestamp":1731249520530,"level":"debug","message":"Skipping storing report.","meta":{"rootId":"l7bmsm4n011tx09","id":"l7bmsm4n011tx09"},"id":"y2g34m6z9pdynyv","previousOperationId":"u48mwdrd84ba4jr"}
{"type":"log","timestamp":1731249520530,"level":"info","message":"Rendering request 155 finished in 1207 ms","meta":{"rootId":"l7bmsm4n011tx09","id":"l7bmsm4n011tx09"},"id":"xese0aqk461ebex","previousOperationId":"u48mwdrd84ba4jr"}
{"type":"operationEnd","subtype":"render","operationId":"lb7x2i3qkmzt6a4","timestamp":1731249520530,"id":"9e3y5arytx04oxy","previousEventId":"exl46ko4kbq1fa5","previousOperationId":"u48mwdrd84ba4jr"}
{"type":"operationEnd","doDiffs":false,"previousEventId":"lmruxhole3kdcft","previousOperationId":"yhl5113o4wtdawm","operationId":"yhl5113o4wtdawm","timestamp":1731249520532,"id":"6kaom3n9hzdb82r"}
