{"type":"operationStart","subtype":"profile","data":{"_id":"s8AMtEBf2wXBHhrx","timestamp":"2024-11-10T13:50:09.480Z","state":"queued","mode":"standard","creationDate":"2024-11-10T13:50:09.482Z","modificationDate":"2024-11-10T13:50:09.482Z","shortid":"Dw7kB2m","inheritedReadPermissions":[],"inheritedEditPermissions":[],"$entitySet":"profiles"},"doDiffs":false,"timestamp":1731246609481,"id":"eyc35j3f3iqe0aq","previousOperationId":null,"operationId":"euaa8v1cwrofvgx"}
{"type":"log","level":"info","message":"Render request 82 queued for execution and waiting for available worker","previousOperationId":"euaa8v1cwrofvgx","timestamp":1731246609481,"id":"tiqy056anmaukhn"}
{"type":"operationStart","subtype":"render","name":"new-excl-template","previousOperationId":"euaa8v1cwrofvgx","timestamp":1731246609492,"id":"0kz5tu27gcwpgey","previousEventId":"eyc35j3f3iqe0aq","operationId":"g57z5czz38dhjez"}
{"type":"log","timestamp":1731246609492,"level":"info","message":"Starting rendering request 82 (user: admin)","meta":{"rootId":"la99xr9g5nnh390","id":"la99xr9g5nnh390"},"id":"h094q6ti3qn7m1q","previousOperationId":"g57z5czz38dhjez"}
{"type":"log","timestamp":1731246609493,"level":"info","message":"Rendering template { name: new-excl-template, recipe: html-to-xlsx, engine: handlebars, preview: true }","meta":{"rootId":"la99xr9g5nnh390","id":"la99xr9g5nnh390"},"id":"96sukpz0x6mb53i","previousOperationId":"g57z5czz38dhjez"}
{"type":"log","timestamp":1731246609493,"level":"debug","message":"Inline data specified.","meta":{"rootId":"la99xr9g5nnh390","id":"la99xr9g5nnh390"},"id":"reur1kzyrr7ghk7","previousOperationId":"g57z5czz38dhjez"}
{"type":"log","timestamp":1731246609495,"level":"debug","message":"Base url not specified, skipping its injection.","meta":{"rootId":"la99xr9g5nnh390","id":"la99xr9g5nnh390"},"id":"k44tm228v4hu2o3","previousOperationId":"g57z5czz38dhjez"}
{"type":"log","timestamp":1731246609499,"level":"debug","message":"Replaced assets [\"KhmerOSSiemreapRegular.ttf\"]","meta":{"rootId":"la99xr9g5nnh390","id":"la99xr9g5nnh390"},"id":"96cedvbsp1h1b75","previousOperationId":"g57z5czz38dhjez"}
{"type":"operationStart","subtype":"engine","name":"handlebars","timestamp":1731246609499,"id":"0uyyoghcxj20xpy","previousEventId":"0kz5tu27gcwpgey","operationId":"51b21h4v8kpgalq","previousOperationId":"g57z5czz38dhjez"}
{"type":"log","timestamp":1731246609499,"level":"debug","message":"Rendering engine handlebars","meta":{"rootId":"la99xr9g5nnh390","id":"la99xr9g5nnh390"},"id":"isovaq4nv3kfgtw","previousOperationId":"51b21h4v8kpgalq"}
{"type":"operationEnd","operationId":"51b21h4v8kpgalq","timestamp":1731246609518,"id":"8lx1gexcpqs8rlu","previousEventId":"0uyyoghcxj20xpy","previousOperationId":"51b21h4v8kpgalq"}
{"type":"operationStart","subtype":"recipe","name":"html-to-xlsx","timestamp":1731246609519,"id":"nfkh13j40ayypy0","previousEventId":"8lx1gexcpqs8rlu","operationId":"nxwjco0dvwo1cxr","previousOperationId":"51b21h4v8kpgalq"}
{"type":"log","timestamp":1731246609519,"level":"debug","message":"Executing recipe html-to-xlsx","meta":{"rootId":"la99xr9g5nnh390","id":"la99xr9g5nnh390"},"id":"z0gj34c45b8xk7r","previousOperationId":"nxwjco0dvwo1cxr"}
{"type":"log","timestamp":1731246609519,"level":"info","message":"html-to-xlsx generation is starting","meta":{"rootId":"la99xr9g5nnh390","id":"la99xr9g5nnh390"},"id":"kbu1bnvidq372gm","previousOperationId":"nxwjco0dvwo1cxr"}
{"type":"log","timestamp":1731246610194,"level":"info","message":"html-to-xlsx generation was finished","meta":{"rootId":"la99xr9g5nnh390","id":"la99xr9g5nnh390"},"id":"kpnj89ufcb80q6u","previousOperationId":"nxwjco0dvwo1cxr"}
{"type":"log","timestamp":1731246610194,"level":"debug","message":"preparing office preview","meta":{"rootId":"la99xr9g5nnh390","id":"la99xr9g5nnh390"},"id":"vft5y6p72rlmxf6","previousOperationId":"nxwjco0dvwo1cxr"}
{"type":"operationEnd","operationId":"nxwjco0dvwo1cxr","timestamp":1731246610640,"id":"h4ci3w8b1u6qddo","previousEventId":"nfkh13j40ayypy0","previousOperationId":"nxwjco0dvwo1cxr"}
{"type":"log","timestamp":1731246610640,"level":"debug","message":"Skipping storing report.","meta":{"rootId":"la99xr9g5nnh390","id":"la99xr9g5nnh390"},"id":"81l7ni11r0grgzr","previousOperationId":"nxwjco0dvwo1cxr"}
{"type":"log","timestamp":1731246610640,"level":"info","message":"Rendering request 82 finished in 1160 ms","meta":{"rootId":"la99xr9g5nnh390","id":"la99xr9g5nnh390"},"id":"him4qnnr4hs3lhp","previousOperationId":"nxwjco0dvwo1cxr"}
{"type":"operationEnd","subtype":"render","operationId":"g57z5czz38dhjez","timestamp":1731246610640,"id":"vm2v4qbtnvi1jeh","previousEventId":"h4ci3w8b1u6qddo","previousOperationId":"nxwjco0dvwo1cxr"}
{"type":"operationEnd","doDiffs":false,"previousEventId":"eyc35j3f3iqe0aq","previousOperationId":"euaa8v1cwrofvgx","operationId":"euaa8v1cwrofvgx","timestamp":1731246610643,"id":"ryq19i3rlrmobve"}
