{"type":"operationStart","subtype":"profile","data":{"_id":"GTynmMsXzSGWTdjE","timestamp":"2024-11-10T14:18:09.351Z","state":"queued","mode":"standard","creationDate":"2024-11-10T14:18:09.353Z","modificationDate":"2024-11-10T14:18:09.353Z","shortid":"jJd8IBl","inheritedReadPermissions":[],"inheritedEditPermissions":[],"$entitySet":"profiles"},"doDiffs":false,"timestamp":1731248289352,"id":"dxpfgs0dppb99ae","previousOperationId":null,"operationId":"mvnflm2eqj2nqwt"}
{"type":"log","level":"info","message":"Render request 131 queued for execution and waiting for available worker","previousOperationId":"mvnflm2eqj2nqwt","timestamp":1731248289353,"id":"g5n0vyi7dmgttsa"}
{"type":"operationStart","subtype":"render","name":"new-excl-template","previousOperationId":"mvnflm2eqj2nqwt","timestamp":1731248289363,"id":"qhey1ph4wxqc60a","previousEventId":"dxpfgs0dppb99ae","operationId":"vpqq2kp2hvf3ork"}
{"type":"log","timestamp":1731248289363,"level":"info","message":"Starting rendering request 131 (user: admin)","meta":{"rootId":"lb6g1iaah148i9b","id":"lb6g1iaah148i9b"},"id":"3qxqw6dhjsxqakj","previousOperationId":"vpqq2kp2hvf3ork"}
{"type":"log","timestamp":1731248289363,"level":"info","message":"Rendering template { name: new-excl-template, recipe: html-to-xlsx, engine: handlebars, preview: true }","meta":{"rootId":"lb6g1iaah148i9b","id":"lb6g1iaah148i9b"},"id":"nww72mb70g3ptrj","previousOperationId":"vpqq2kp2hvf3ork"}
{"type":"log","timestamp":1731248289365,"level":"debug","message":"Inline data specified.","meta":{"rootId":"lb6g1iaah148i9b","id":"lb6g1iaah148i9b"},"id":"1sp6qmoswjjpokm","previousOperationId":"vpqq2kp2hvf3ork"}
{"type":"log","timestamp":1731248289369,"level":"debug","message":"Base url not specified, skipping its injection.","meta":{"rootId":"lb6g1iaah148i9b","id":"lb6g1iaah148i9b"},"id":"isc8u0y4ldp0av7","previousOperationId":"vpqq2kp2hvf3ork"}
{"type":"log","timestamp":1731248289371,"level":"debug","message":"Replaced assets [\"KhmerOSSiemreapRegular.ttf\"]","meta":{"rootId":"lb6g1iaah148i9b","id":"lb6g1iaah148i9b"},"id":"jqkzr1ezwd9xykz","previousOperationId":"vpqq2kp2hvf3ork"}
{"type":"operationStart","subtype":"engine","name":"handlebars","timestamp":1731248289371,"id":"fqutxtrr3n4ghkk","previousEventId":"qhey1ph4wxqc60a","operationId":"11iakrzw14o0vhs","previousOperationId":"vpqq2kp2hvf3ork"}
{"type":"log","timestamp":1731248289371,"level":"debug","message":"Rendering engine handlebars","meta":{"rootId":"lb6g1iaah148i9b","id":"lb6g1iaah148i9b"},"id":"l6osmuzx3cae5ud","previousOperationId":"11iakrzw14o0vhs"}
{"type":"operationEnd","operationId":"11iakrzw14o0vhs","timestamp":1731248289383,"id":"zt13fpn17i75f16","previousEventId":"fqutxtrr3n4ghkk","previousOperationId":"11iakrzw14o0vhs"}
{"type":"operationStart","subtype":"recipe","name":"html-to-xlsx","timestamp":1731248289385,"id":"zavlbhxd70pqdzr","previousEventId":"zt13fpn17i75f16","operationId":"vxl7hipa8otza5p","previousOperationId":"11iakrzw14o0vhs"}
{"type":"log","timestamp":1731248289385,"level":"debug","message":"Executing recipe html-to-xlsx","meta":{"rootId":"lb6g1iaah148i9b","id":"lb6g1iaah148i9b"},"id":"2vt7fsmooixguj7","previousOperationId":"vxl7hipa8otza5p"}
{"type":"log","timestamp":1731248289385,"level":"info","message":"html-to-xlsx generation is starting","meta":{"rootId":"lb6g1iaah148i9b","id":"lb6g1iaah148i9b"},"id":"9q5a5gbjk0sivo2","previousOperationId":"vxl7hipa8otza5p"}
{"type":"log","timestamp":1731248290146,"level":"info","message":"html-to-xlsx generation was finished","meta":{"rootId":"lb6g1iaah148i9b","id":"lb6g1iaah148i9b"},"id":"3egrganczhq3qfk","previousOperationId":"vxl7hipa8otza5p"}
{"type":"log","timestamp":1731248290146,"level":"debug","message":"preparing office preview","meta":{"rootId":"lb6g1iaah148i9b","id":"lb6g1iaah148i9b"},"id":"b11s4cbyuxsetbu","previousOperationId":"vxl7hipa8otza5p"}
{"type":"operationEnd","operationId":"vxl7hipa8otza5p","timestamp":1731248290606,"id":"ou8wkrnglxes9vm","previousEventId":"zavlbhxd70pqdzr","previousOperationId":"vxl7hipa8otza5p"}
{"type":"log","timestamp":1731248290606,"level":"debug","message":"Skipping storing report.","meta":{"rootId":"lb6g1iaah148i9b","id":"lb6g1iaah148i9b"},"id":"jawxuzj2sltwvfn","previousOperationId":"vxl7hipa8otza5p"}
{"type":"log","timestamp":1731248290606,"level":"info","message":"Rendering request 131 finished in 1255 ms","meta":{"rootId":"lb6g1iaah148i9b","id":"lb6g1iaah148i9b"},"id":"r44mqre4n7x2hyu","previousOperationId":"vxl7hipa8otza5p"}
{"type":"operationEnd","subtype":"render","operationId":"vpqq2kp2hvf3ork","timestamp":1731248290606,"id":"xlxgdy2m5duqote","previousEventId":"ou8wkrnglxes9vm","previousOperationId":"vxl7hipa8otza5p"}
{"type":"operationEnd","doDiffs":false,"previousEventId":"dxpfgs0dppb99ae","previousOperationId":"mvnflm2eqj2nqwt","operationId":"mvnflm2eqj2nqwt","timestamp":1731248290608,"id":"fvr8n3wxdixq4q3"}
