{"type":"operationStart","subtype":"profile","data":{"_id":"UrYYAWeXCOxOioNt","timestamp":"2024-11-10T14:40:18.184Z","state":"queued","mode":"standard","creationDate":"2024-11-10T14:40:18.187Z","modificationDate":"2024-11-10T14:40:18.187Z","shortid":"V1c34mg","inheritedReadPermissions":[],"inheritedEditPermissions":[],"$entitySet":"profiles"},"doDiffs":false,"timestamp":1731249618186,"id":"fo5zi2q7amodnxm","previousOperationId":null,"operationId":"k1b1cmcycucuuew"}
{"type":"log","level":"info","message":"Render request 158 queued for execution and waiting for available worker","previousOperationId":"k1b1cmcycucuuew","timestamp":1731249618186,"id":"wwpy54ijeylz3bg"}
{"type":"operationStart","subtype":"render","name":"new-excl-template","previousOperationId":"k1b1cmcycucuuew","timestamp":1731249618197,"id":"nsqbc3by0hjk4sn","previousEventId":"fo5zi2q7amodnxm","operationId":"0dwtvt14bfx5qld"}
{"type":"log","timestamp":1731249618197,"level":"info","message":"Starting rendering request 158 (user: admin)","meta":{"rootId":"lcipb8mrq4epnhm","id":"lcipb8mrq4epnhm"},"id":"a7ewp6hnp92smfd","previousOperationId":"0dwtvt14bfx5qld"}
{"type":"log","timestamp":1731249618198,"level":"info","message":"Rendering template { name: new-excl-template, recipe: html-to-xlsx, engine: handlebars, preview: true }","meta":{"rootId":"lcipb8mrq4epnhm","id":"lcipb8mrq4epnhm"},"id":"bnetaabmg5l3a97","previousOperationId":"0dwtvt14bfx5qld"}
{"type":"log","timestamp":1731249618198,"level":"debug","message":"Inline data specified.","meta":{"rootId":"lcipb8mrq4epnhm","id":"lcipb8mrq4epnhm"},"id":"2os8sia141eq8db","previousOperationId":"0dwtvt14bfx5qld"}
{"type":"log","timestamp":1731249618200,"level":"debug","message":"Base url not specified, skipping its injection.","meta":{"rootId":"lcipb8mrq4epnhm","id":"lcipb8mrq4epnhm"},"id":"essbvf6vb56zybj","previousOperationId":"0dwtvt14bfx5qld"}
{"type":"log","timestamp":1731249618203,"level":"debug","message":"Replaced assets [\"KhmerOSSiemreapRegular.ttf\"]","meta":{"rootId":"lcipb8mrq4epnhm","id":"lcipb8mrq4epnhm"},"id":"0aztfsx4mlevsrz","previousOperationId":"0dwtvt14bfx5qld"}
{"type":"operationStart","subtype":"engine","name":"handlebars","timestamp":1731249618203,"id":"5qetfsdr8iibmzj","previousEventId":"nsqbc3by0hjk4sn","operationId":"arfwnhl1bcgzq8r","previousOperationId":"0dwtvt14bfx5qld"}
{"type":"log","timestamp":1731249618204,"level":"debug","message":"Rendering engine handlebars","meta":{"rootId":"lcipb8mrq4epnhm","id":"lcipb8mrq4epnhm"},"id":"q9dcmck3wsa1jr1","previousOperationId":"arfwnhl1bcgzq8r"}
{"type":"operationEnd","operationId":"arfwnhl1bcgzq8r","timestamp":1731249618222,"id":"qc0ssy0n1esbipb","previousEventId":"5qetfsdr8iibmzj","previousOperationId":"arfwnhl1bcgzq8r"}
{"type":"operationStart","subtype":"recipe","name":"html-to-xlsx","timestamp":1731249618224,"id":"ndqvv4dmty5hk2c","previousEventId":"qc0ssy0n1esbipb","operationId":"7f42kc1un62vhil","previousOperationId":"arfwnhl1bcgzq8r"}
{"type":"log","timestamp":1731249618224,"level":"debug","message":"Executing recipe html-to-xlsx","meta":{"rootId":"lcipb8mrq4epnhm","id":"lcipb8mrq4epnhm"},"id":"zuyaxmi2iy5dc3r","previousOperationId":"7f42kc1un62vhil"}
{"type":"log","timestamp":1731249618224,"level":"info","message":"html-to-xlsx generation is starting","meta":{"rootId":"lcipb8mrq4epnhm","id":"lcipb8mrq4epnhm"},"id":"j8kd3lz2og93c07","previousOperationId":"7f42kc1un62vhil"}
{"type":"log","timestamp":1731249618975,"level":"info","message":"html-to-xlsx generation was finished","meta":{"rootId":"lcipb8mrq4epnhm","id":"lcipb8mrq4epnhm"},"id":"99ycia67m57k8sj","previousOperationId":"7f42kc1un62vhil"}
{"type":"log","timestamp":1731249618975,"level":"debug","message":"preparing office preview","meta":{"rootId":"lcipb8mrq4epnhm","id":"lcipb8mrq4epnhm"},"id":"xxy4v6xulof0s1q","previousOperationId":"7f42kc1un62vhil"}
{"type":"operationEnd","operationId":"7f42kc1un62vhil","timestamp":1731249619477,"id":"xy2qy02d2d25uf6","previousEventId":"ndqvv4dmty5hk2c","previousOperationId":"7f42kc1un62vhil"}
{"type":"log","timestamp":1731249619477,"level":"debug","message":"Skipping storing report.","meta":{"rootId":"lcipb8mrq4epnhm","id":"lcipb8mrq4epnhm"},"id":"uv1tjnpdxbr1del","previousOperationId":"7f42kc1un62vhil"}
{"type":"log","timestamp":1731249619477,"level":"info","message":"Rendering request 158 finished in 1293 ms","meta":{"rootId":"lcipb8mrq4epnhm","id":"lcipb8mrq4epnhm"},"id":"7ho2vbatr39338f","previousOperationId":"7f42kc1un62vhil"}
{"type":"operationEnd","subtype":"render","operationId":"0dwtvt14bfx5qld","timestamp":1731249619478,"id":"tyr3hd9yp1lp8rh","previousEventId":"xy2qy02d2d25uf6","previousOperationId":"7f42kc1un62vhil"}
{"type":"operationEnd","doDiffs":false,"previousEventId":"fo5zi2q7amodnxm","previousOperationId":"k1b1cmcycucuuew","operationId":"k1b1cmcycucuuew","timestamp":1731249619480,"id":"i32ztll5enau7z9"}
