{"type":"operationStart","subtype":"profile","data":{"_id":"Ey19RLEFHi0oqfw3","timestamp":"2024-11-10T13:21:53.096Z","state":"queued","mode":"standard","creationDate":"2024-11-10T13:21:53.098Z","modificationDate":"2024-11-10T13:21:53.098Z","shortid":"aTNDefx","inheritedReadPermissions":[],"inheritedEditPermissions":[],"$entitySet":"profiles"},"doDiffs":false,"timestamp":1731244913097,"id":"6y8lsu94xhgbmtg","previousOperationId":null,"operationId":"zu7mdow9q3ntt0z"}
{"type":"log","level":"info","message":"Render request 52 queued for execution and waiting for available worker","previousOperationId":"zu7mdow9q3ntt0z","timestamp":1731244913097,"id":"ccr38ftk2mhowsw"}
{"type":"operationStart","subtype":"render","name":"new-excl-template","previousOperationId":"zu7mdow9q3ntt0z","timestamp":1731244913104,"id":"n3af3j14h0ifxfs","previousEventId":"6y8lsu94xhgbmtg","operationId":"wfgjopjfq4ftspe"}
{"type":"log","timestamp":1731244913104,"level":"info","message":"Starting rendering request 52 (user: admin)","meta":{"rootId":"lckowz2tdhm9214","id":"lckowz2tdhm9214"},"id":"0gcmudjoumhovft","previousOperationId":"wfgjopjfq4ftspe"}
{"type":"log","timestamp":1731244913104,"level":"info","message":"Rendering template { name: new-excl-template, recipe: html-to-xlsx, engine: handlebars, preview: true }","meta":{"rootId":"lckowz2tdhm9214","id":"lckowz2tdhm9214"},"id":"vhlai3mlvnlupfg","previousOperationId":"wfgjopjfq4ftspe"}
{"type":"log","timestamp":1731244913105,"level":"debug","message":"Inline data specified.","meta":{"rootId":"lckowz2tdhm9214","id":"lckowz2tdhm9214"},"id":"p7otqck5gwv9h4s","previousOperationId":"wfgjopjfq4ftspe"}
{"type":"log","timestamp":1731244913106,"level":"debug","message":"Base url not specified, skipping its injection.","meta":{"rootId":"lckowz2tdhm9214","id":"lckowz2tdhm9214"},"id":"bwl6msymm805tyg","previousOperationId":"wfgjopjfq4ftspe"}
{"type":"log","timestamp":1731244913109,"level":"debug","message":"Replaced assets [\"KhmerOSSiemreapRegular.ttf\"]","meta":{"rootId":"lckowz2tdhm9214","id":"lckowz2tdhm9214"},"id":"i44horjekjtgwio","previousOperationId":"wfgjopjfq4ftspe"}
{"type":"operationStart","subtype":"engine","name":"handlebars","timestamp":1731244913109,"id":"05gtb1szob5dn42","previousEventId":"n3af3j14h0ifxfs","operationId":"3413mfhpqwv6tsc","previousOperationId":"wfgjopjfq4ftspe"}
{"type":"log","timestamp":1731244913109,"level":"debug","message":"Rendering engine handlebars","meta":{"rootId":"lckowz2tdhm9214","id":"lckowz2tdhm9214"},"id":"dn75ttdmawd82w3","previousOperationId":"3413mfhpqwv6tsc"}
{"type":"operationEnd","operationId":"3413mfhpqwv6tsc","timestamp":1731244913122,"id":"6f1p7ja6a4vylx0","previousEventId":"05gtb1szob5dn42","previousOperationId":"3413mfhpqwv6tsc"}
{"type":"operationStart","subtype":"recipe","name":"html-to-xlsx","timestamp":1731244913123,"id":"3rpepm559os4fm6","previousEventId":"6f1p7ja6a4vylx0","operationId":"r544s7z3snpra25","previousOperationId":"3413mfhpqwv6tsc"}
{"type":"log","timestamp":1731244913123,"level":"debug","message":"Executing recipe html-to-xlsx","meta":{"rootId":"lckowz2tdhm9214","id":"lckowz2tdhm9214"},"id":"qjbmn03ommqkzwp","previousOperationId":"r544s7z3snpra25"}
{"type":"log","timestamp":1731244913123,"level":"info","message":"html-to-xlsx generation is starting","meta":{"rootId":"lckowz2tdhm9214","id":"lckowz2tdhm9214"},"id":"upmrd9jgzczt40w","previousOperationId":"r544s7z3snpra25"}
{"type":"log","timestamp":1731244913752,"level":"info","message":"html-to-xlsx generation was finished","meta":{"rootId":"lckowz2tdhm9214","id":"lckowz2tdhm9214"},"id":"uhxvuh9kob2d7rk","previousOperationId":"r544s7z3snpra25"}
{"type":"log","timestamp":1731244913752,"level":"debug","message":"preparing office preview","meta":{"rootId":"lckowz2tdhm9214","id":"lckowz2tdhm9214"},"id":"f02ycdg8fy86nrz","previousOperationId":"r544s7z3snpra25"}
{"type":"operationEnd","operationId":"r544s7z3snpra25","timestamp":1731244914199,"id":"6zfo6eiq66mh6xo","previousEventId":"3rpepm559os4fm6","previousOperationId":"r544s7z3snpra25"}
{"type":"log","timestamp":1731244914199,"level":"debug","message":"Skipping storing report.","meta":{"rootId":"lckowz2tdhm9214","id":"lckowz2tdhm9214"},"id":"1l3mhdjniijjhkn","previousOperationId":"r544s7z3snpra25"}
{"type":"log","timestamp":1731244914199,"level":"info","message":"Rendering request 52 finished in 1103 ms","meta":{"rootId":"lckowz2tdhm9214","id":"lckowz2tdhm9214"},"id":"dvo79jin9yodafn","previousOperationId":"r544s7z3snpra25"}
{"type":"operationEnd","subtype":"render","operationId":"wfgjopjfq4ftspe","timestamp":1731244914199,"id":"v78l4bi93nqnzdr","previousEventId":"6zfo6eiq66mh6xo","previousOperationId":"r544s7z3snpra25"}
{"type":"operationEnd","doDiffs":false,"previousEventId":"6y8lsu94xhgbmtg","previousOperationId":"zu7mdow9q3ntt0z","operationId":"zu7mdow9q3ntt0z","timestamp":1731244914201,"id":"arrop7b6syxoad0"}
