{"type":"operationStart","subtype":"profile","data":{"_id":"QbD4oJ6K6NgJgzPD","timestamp":"2024-11-10T13:13:35.906Z","state":"queued","mode":"standard","creationDate":"2024-11-10T13:13:35.908Z","modificationDate":"2024-11-10T13:13:35.908Z","shortid":"2gfgizI","inheritedReadPermissions":[],"inheritedEditPermissions":[],"$entitySet":"profiles"},"doDiffs":false,"timestamp":1731244415907,"id":"hojfzj8e1roffwg","previousOperationId":null,"operationId":"q3qcbty0drit1cd"}
{"type":"log","level":"info","message":"Render request 26 queued for execution and waiting for available worker","previousOperationId":"q3qcbty0drit1cd","timestamp":1731244415907,"id":"1oswp5s3mqyfo27"}
{"type":"operationStart","subtype":"render","name":"new-excl-template","previousOperationId":"q3qcbty0drit1cd","timestamp":1731244415915,"id":"jrxnyy95szbwv0t","previousEventId":"hojfzj8e1roffwg","operationId":"9zldxcpvwths2wi"}
{"type":"log","timestamp":1731244415915,"level":"info","message":"Starting rendering request 26 (user: admin)","meta":{"rootId":"lei0elw8zi29jk8","id":"lei0elw8zi29jk8"},"id":"6ywmwkl5r8y4q9a","previousOperationId":"9zldxcpvwths2wi"}
{"type":"log","timestamp":1731244415915,"level":"info","message":"Rendering template { name: new-excl-template, recipe: html-to-xlsx, engine: handlebars, preview: true }","meta":{"rootId":"lei0elw8zi29jk8","id":"lei0elw8zi29jk8"},"id":"1mleoeqwhvi16s0","previousOperationId":"9zldxcpvwths2wi"}
{"type":"log","timestamp":1731244415916,"level":"debug","message":"Inline data specified.","meta":{"rootId":"lei0elw8zi29jk8","id":"lei0elw8zi29jk8"},"id":"rajbszwde25isqq","previousOperationId":"9zldxcpvwths2wi"}
{"type":"log","timestamp":1731244415918,"level":"debug","message":"Base url not specified, skipping its injection.","meta":{"rootId":"lei0elw8zi29jk8","id":"lei0elw8zi29jk8"},"id":"m3p99jctd5el893","previousOperationId":"9zldxcpvwths2wi"}
{"type":"log","timestamp":1731244415920,"level":"debug","message":"Replaced assets [\"KhmerOSSiemreapRegular.ttf\"]","meta":{"rootId":"lei0elw8zi29jk8","id":"lei0elw8zi29jk8"},"id":"74gvtmy10etbljc","previousOperationId":"9zldxcpvwths2wi"}
{"type":"operationStart","subtype":"engine","name":"handlebars","timestamp":1731244415920,"id":"1aq426j1ysfwxbe","previousEventId":"jrxnyy95szbwv0t","operationId":"l0hsei74txqxsix","previousOperationId":"9zldxcpvwths2wi"}
{"type":"log","timestamp":1731244415920,"level":"debug","message":"Rendering engine handlebars","meta":{"rootId":"lei0elw8zi29jk8","id":"lei0elw8zi29jk8"},"id":"1ffcnfwul1wuyq7","previousOperationId":"l0hsei74txqxsix"}
{"type":"operationEnd","operationId":"l0hsei74txqxsix","timestamp":1731244415930,"id":"hqsbccxaar58sn1","previousEventId":"1aq426j1ysfwxbe","previousOperationId":"l0hsei74txqxsix"}
{"type":"operationStart","subtype":"recipe","name":"html-to-xlsx","timestamp":1731244415932,"id":"bsefne5qlzzks51","previousEventId":"hqsbccxaar58sn1","operationId":"d91fjvleoumbg3x","previousOperationId":"l0hsei74txqxsix"}
{"type":"log","timestamp":1731244415932,"level":"debug","message":"Executing recipe html-to-xlsx","meta":{"rootId":"lei0elw8zi29jk8","id":"lei0elw8zi29jk8"},"id":"t7tp6x0ykct1xxr","previousOperationId":"d91fjvleoumbg3x"}
{"type":"log","timestamp":1731244415932,"level":"info","message":"html-to-xlsx generation is starting","meta":{"rootId":"lei0elw8zi29jk8","id":"lei0elw8zi29jk8"},"id":"xhxybjg5zu5y3nj","previousOperationId":"d91fjvleoumbg3x"}
{"type":"log","timestamp":1731244416571,"level":"info","message":"html-to-xlsx generation was finished","meta":{"rootId":"lei0elw8zi29jk8","id":"lei0elw8zi29jk8"},"id":"9qxofgvknsn3dju","previousOperationId":"d91fjvleoumbg3x"}
{"type":"log","timestamp":1731244416571,"level":"debug","message":"preparing office preview","meta":{"rootId":"lei0elw8zi29jk8","id":"lei0elw8zi29jk8"},"id":"hixk14ymctvil26","previousOperationId":"d91fjvleoumbg3x"}
{"type":"operationEnd","operationId":"d91fjvleoumbg3x","timestamp":1731244417046,"id":"yxwtj02zyty6288","previousEventId":"bsefne5qlzzks51","previousOperationId":"d91fjvleoumbg3x"}
{"type":"log","timestamp":1731244417046,"level":"debug","message":"Skipping storing report.","meta":{"rootId":"lei0elw8zi29jk8","id":"lei0elw8zi29jk8"},"id":"p72p6tcw0irzg1j","previousOperationId":"d91fjvleoumbg3x"}
{"type":"log","timestamp":1731244417046,"level":"info","message":"Rendering request 26 finished in 1140 ms","meta":{"rootId":"lei0elw8zi29jk8","id":"lei0elw8zi29jk8"},"id":"tczhebmbpeoht8l","previousOperationId":"d91fjvleoumbg3x"}
{"type":"operationEnd","subtype":"render","operationId":"9zldxcpvwths2wi","timestamp":1731244417046,"id":"xcpk0pr3rkexe9m","previousEventId":"yxwtj02zyty6288","previousOperationId":"d91fjvleoumbg3x"}
{"type":"operationEnd","doDiffs":false,"previousEventId":"hojfzj8e1roffwg","previousOperationId":"q3qcbty0drit1cd","operationId":"q3qcbty0drit1cd","timestamp":1731244417049,"id":"lj04l66p02ghf7f"}
