{"type":"operationStart","subtype":"profile","data":{"_id":"Hc9wB9LwvWFOcpnv","timestamp":"2024-11-10T10:04:46.677Z","state":"queued","mode":"standard","creationDate":"2024-11-10T10:04:46.678Z","modificationDate":"2024-11-10T10:04:46.678Z","shortid":"0YS4g7m","inheritedReadPermissions":[],"inheritedEditPermissions":[],"$entitySet":"profiles"},"doDiffs":false,"timestamp":1731233086678,"id":"ksnb3sf7pofq5i1","previousOperationId":null,"operationId":"hv82hej1todmzc5"}
{"type":"log","level":"info","message":"Render request 292 queued for execution and waiting for available worker","previousOperationId":"hv82hej1todmzc5","timestamp":1731233086678,"id":"42qkhir51tkebu3"}
{"type":"operationStart","subtype":"render","name":"new-excl-template","previousOperationId":"hv82hej1todmzc5","timestamp":1731233086688,"id":"7pghp0w2t79nrmv","previousEventId":"ksnb3sf7pofq5i1","operationId":"mu9y1suki91vp0n"}
{"type":"log","timestamp":1731233086688,"level":"info","message":"Starting rendering request 292 (user: admin)","meta":{"rootId":"lmi3z51pyp8dnng","id":"lmi3z51pyp8dnng"},"id":"3vescq8l2l507yt","previousOperationId":"mu9y1suki91vp0n"}
{"type":"log","timestamp":1731233086688,"level":"info","message":"Rendering template { name: new-excl-template, recipe: html-to-xlsx, engine: handlebars, preview: true }","meta":{"rootId":"lmi3z51pyp8dnng","id":"lmi3z51pyp8dnng"},"id":"lt0kg3kiho54ej7","previousOperationId":"mu9y1suki91vp0n"}
{"type":"log","timestamp":1731233086689,"level":"debug","message":"Adding sample data pVkbCM7am","meta":{"rootId":"lmi3z51pyp8dnng","id":"lmi3z51pyp8dnng"},"id":"q9pb7bs9nacfv39","previousOperationId":"mu9y1suki91vp0n"}
{"type":"log","timestamp":1731233086691,"level":"debug","message":"Base url not specified, skipping its injection.","meta":{"rootId":"lmi3z51pyp8dnng","id":"lmi3z51pyp8dnng"},"id":"xdqi7kdnjua1isa","previousOperationId":"mu9y1suki91vp0n"}
{"type":"log","timestamp":1731233086693,"level":"debug","message":"Replaced assets [\"KhmerOSSiemreapRegular.ttf\"]","meta":{"rootId":"lmi3z51pyp8dnng","id":"lmi3z51pyp8dnng"},"id":"c6nq54elcws387j","previousOperationId":"mu9y1suki91vp0n"}
{"type":"operationStart","subtype":"engine","name":"handlebars","timestamp":1731233086693,"id":"i6dwdmcrwrgmtv4","previousEventId":"7pghp0w2t79nrmv","operationId":"xkpq11frj2aygkz","previousOperationId":"mu9y1suki91vp0n"}
{"type":"log","timestamp":1731233086693,"level":"debug","message":"Rendering engine handlebars","meta":{"rootId":"lmi3z51pyp8dnng","id":"lmi3z51pyp8dnng"},"id":"5r7jt4muxxder6l","previousOperationId":"xkpq11frj2aygkz"}
{"type":"operationEnd","operationId":"xkpq11frj2aygkz","timestamp":1731233086708,"id":"7wi7ec4aett1j0i","previousEventId":"i6dwdmcrwrgmtv4","previousOperationId":"xkpq11frj2aygkz"}
{"type":"operationStart","subtype":"recipe","name":"html-to-xlsx","timestamp":1731233086711,"id":"yf4zjdwubalylma","previousEventId":"7wi7ec4aett1j0i","operationId":"3fyxsxbz3ixof2d","previousOperationId":"xkpq11frj2aygkz"}
{"type":"log","timestamp":1731233086711,"level":"debug","message":"Executing recipe html-to-xlsx","meta":{"rootId":"lmi3z51pyp8dnng","id":"lmi3z51pyp8dnng"},"id":"1md6vd0udl9n8mq","previousOperationId":"3fyxsxbz3ixof2d"}
{"type":"log","timestamp":1731233086711,"level":"info","message":"html-to-xlsx generation is starting","meta":{"rootId":"lmi3z51pyp8dnng","id":"lmi3z51pyp8dnng"},"id":"o6w56pptfgntqtk","previousOperationId":"3fyxsxbz3ixof2d"}
{"type":"log","timestamp":1731233087241,"level":"info","message":"html-to-xlsx generation was finished","meta":{"rootId":"lmi3z51pyp8dnng","id":"lmi3z51pyp8dnng"},"id":"uggukskq4repqz6","previousOperationId":"3fyxsxbz3ixof2d"}
{"type":"log","timestamp":1731233087241,"level":"debug","message":"preparing office preview","meta":{"rootId":"lmi3z51pyp8dnng","id":"lmi3z51pyp8dnng"},"id":"ngamrwwu9x1534s","previousOperationId":"3fyxsxbz3ixof2d"}
{"type":"operationEnd","operationId":"3fyxsxbz3ixof2d","timestamp":1731233087731,"id":"jj5rrm5gf8rsxae","previousEventId":"yf4zjdwubalylma","previousOperationId":"3fyxsxbz3ixof2d"}
{"type":"log","timestamp":1731233087731,"level":"debug","message":"Skipping storing report.","meta":{"rootId":"lmi3z51pyp8dnng","id":"lmi3z51pyp8dnng"},"id":"kvzjggf1k4so6qm","previousOperationId":"3fyxsxbz3ixof2d"}
{"type":"log","timestamp":1731233087731,"level":"info","message":"Rendering request 292 finished in 1055 ms","meta":{"rootId":"lmi3z51pyp8dnng","id":"lmi3z51pyp8dnng"},"id":"n4r18jqz8w0ao06","previousOperationId":"3fyxsxbz3ixof2d"}
{"type":"operationEnd","subtype":"render","operationId":"mu9y1suki91vp0n","timestamp":1731233087731,"id":"4eqdj576ve6cba7","previousEventId":"jj5rrm5gf8rsxae","previousOperationId":"3fyxsxbz3ixof2d"}
{"type":"operationEnd","doDiffs":false,"previousEventId":"ksnb3sf7pofq5i1","previousOperationId":"hv82hej1todmzc5","operationId":"hv82hej1todmzc5","timestamp":1731233087734,"id":"7y7jca59q10z80j"}
