{"type":"operationStart","subtype":"profile","data":{"_id":"s6LlTdQYcXaBoj1J","timestamp":"2024-11-10T13:41:16.195Z","state":"queued","mode":"standard","creationDate":"2024-11-10T13:41:16.198Z","modificationDate":"2024-11-10T13:41:16.198Z","shortid":"nPAjx4f","inheritedReadPermissions":[],"inheritedEditPermissions":[],"$entitySet":"profiles"},"doDiffs":false,"timestamp":1731246076198,"id":"n5580kzc4189fyv","previousOperationId":null,"operationId":"x2t1gzo6jagt1ge"}
{"type":"log","level":"info","message":"Render request 72 queued for execution and waiting for available worker","previousOperationId":"x2t1gzo6jagt1ge","timestamp":1731246076198,"id":"ivpslzcbri17f9d"}
{"type":"operationStart","subtype":"render","name":"new-excl-template","previousOperationId":"x2t1gzo6jagt1ge","timestamp":1731246076207,"id":"pl1vdlm09lngb82","previousEventId":"n5580kzc4189fyv","operationId":"hvds7ldrwo8rhun"}
{"type":"log","timestamp":1731246076207,"level":"info","message":"Starting rendering request 72 (user: admin)","meta":{"rootId":"lpwjtzlji86biak","id":"lpwjtzlji86biak"},"id":"1v1y4hxv1o00gq9","previousOperationId":"hvds7ldrwo8rhun"}
{"type":"log","timestamp":1731246076207,"level":"info","message":"Rendering template { name: new-excl-template, recipe: html-to-xlsx, engine: handlebars, preview: true }","meta":{"rootId":"lpwjtzlji86biak","id":"lpwjtzlji86biak"},"id":"w7wjjymvpvd78zt","previousOperationId":"hvds7ldrwo8rhun"}
{"type":"log","timestamp":1731246076208,"level":"debug","message":"Inline data specified.","meta":{"rootId":"lpwjtzlji86biak","id":"lpwjtzlji86biak"},"id":"xblcq8t3jcff148","previousOperationId":"hvds7ldrwo8rhun"}
{"type":"log","timestamp":1731246076212,"level":"debug","message":"Base url not specified, skipping its injection.","meta":{"rootId":"lpwjtzlji86biak","id":"lpwjtzlji86biak"},"id":"1wr4ttumklud13l","previousOperationId":"hvds7ldrwo8rhun"}
{"type":"log","timestamp":1731246076217,"level":"debug","message":"Replaced assets [\"KhmerOSSiemreapRegular.ttf\"]","meta":{"rootId":"lpwjtzlji86biak","id":"lpwjtzlji86biak"},"id":"nbndoz7f0qjngh8","previousOperationId":"hvds7ldrwo8rhun"}
{"type":"operationStart","subtype":"engine","name":"handlebars","timestamp":1731246076217,"id":"2hriffdd6f1rnzt","previousEventId":"pl1vdlm09lngb82","operationId":"xidoxzbcph10lcr","previousOperationId":"hvds7ldrwo8rhun"}
{"type":"log","timestamp":1731246076217,"level":"debug","message":"Rendering engine handlebars","meta":{"rootId":"lpwjtzlji86biak","id":"lpwjtzlji86biak"},"id":"9jdjlykjqk9f29l","previousOperationId":"xidoxzbcph10lcr"}
{"type":"operationEnd","operationId":"xidoxzbcph10lcr","timestamp":1731246076240,"id":"q3reesr5099v9jc","previousEventId":"2hriffdd6f1rnzt","previousOperationId":"xidoxzbcph10lcr"}
{"type":"operationStart","subtype":"recipe","name":"html-to-xlsx","timestamp":1731246076242,"id":"ennzx57i548f84v","previousEventId":"q3reesr5099v9jc","operationId":"xdpzuvirdvysbsd","previousOperationId":"xidoxzbcph10lcr"}
{"type":"log","timestamp":1731246076242,"level":"debug","message":"Executing recipe html-to-xlsx","meta":{"rootId":"lpwjtzlji86biak","id":"lpwjtzlji86biak"},"id":"tlrz01mmjyx9ntq","previousOperationId":"xdpzuvirdvysbsd"}
{"type":"log","timestamp":1731246076242,"level":"info","message":"html-to-xlsx generation is starting","meta":{"rootId":"lpwjtzlji86biak","id":"lpwjtzlji86biak"},"id":"khqgklmh8qhidy5","previousOperationId":"xdpzuvirdvysbsd"}
{"type":"log","timestamp":1731246077008,"level":"info","message":"html-to-xlsx generation was finished","meta":{"rootId":"lpwjtzlji86biak","id":"lpwjtzlji86biak"},"id":"iufqsi1axrgdcx9","previousOperationId":"xdpzuvirdvysbsd"}
{"type":"log","timestamp":1731246077008,"level":"debug","message":"preparing office preview","meta":{"rootId":"lpwjtzlji86biak","id":"lpwjtzlji86biak"},"id":"l5ympmatfr1iknz","previousOperationId":"xdpzuvirdvysbsd"}
{"type":"operationEnd","operationId":"xdpzuvirdvysbsd","timestamp":1731246077502,"id":"jygeausoi0d0xqx","previousEventId":"ennzx57i548f84v","previousOperationId":"xdpzuvirdvysbsd"}
{"type":"log","timestamp":1731246077502,"level":"debug","message":"Skipping storing report.","meta":{"rootId":"lpwjtzlji86biak","id":"lpwjtzlji86biak"},"id":"l60sa22u1m3308t","previousOperationId":"xdpzuvirdvysbsd"}
{"type":"log","timestamp":1731246077502,"level":"info","message":"Rendering request 72 finished in 1307 ms","meta":{"rootId":"lpwjtzlji86biak","id":"lpwjtzlji86biak"},"id":"q4hijwq5jamtli7","previousOperationId":"xdpzuvirdvysbsd"}
{"type":"operationEnd","subtype":"render","operationId":"hvds7ldrwo8rhun","timestamp":1731246077502,"id":"n0dzl7lf852iukh","previousEventId":"jygeausoi0d0xqx","previousOperationId":"xdpzuvirdvysbsd"}
{"type":"operationEnd","doDiffs":false,"previousEventId":"n5580kzc4189fyv","previousOperationId":"x2t1gzo6jagt1ge","operationId":"x2t1gzo6jagt1ge","timestamp":1731246077505,"id":"55zlfu1429pnkr2"}
