{"type":"operationStart","subtype":"profile","data":{"_id":"EU1K7CXGh8W8HCqp","timestamp":"2024-11-10T13:19:43.752Z","state":"queued","mode":"standard","creationDate":"2024-11-10T13:19:43.753Z","modificationDate":"2024-11-10T13:19:43.753Z","shortid":"j6dyLAj","inheritedReadPermissions":[],"inheritedEditPermissions":[],"$entitySet":"profiles"},"doDiffs":false,"timestamp":1731244783752,"id":"ygyeha85ltc7ri9","previousOperationId":null,"operationId":"ih7hvm3iy4usf8a"}
{"type":"log","level":"info","message":"Render request 42 queued for execution and waiting for available worker","previousOperationId":"ih7hvm3iy4usf8a","timestamp":1731244783753,"id":"nknkpdcfakvjdqn"}
{"type":"operationStart","subtype":"render","name":"new-excl-template","previousOperationId":"ih7hvm3iy4usf8a","timestamp":1731244783760,"id":"8pbjx4k3xcu8wo3","previousEventId":"ygyeha85ltc7ri9","operationId":"va2cf771mtsr4cl"}
{"type":"log","timestamp":1731244783760,"level":"info","message":"Starting rendering request 42 (user: admin)","meta":{"rootId":"lua0v2wydqqvzm6","id":"lua0v2wydqqvzm6"},"id":"n5uj7tbsga025nm","previousOperationId":"va2cf771mtsr4cl"}
{"type":"log","timestamp":1731244783760,"level":"info","message":"Rendering template { name: new-excl-template, recipe: html-to-xlsx, engine: handlebars, preview: true }","meta":{"rootId":"lua0v2wydqqvzm6","id":"lua0v2wydqqvzm6"},"id":"dhsfta8t6gm7a7z","previousOperationId":"va2cf771mtsr4cl"}
{"type":"log","timestamp":1731244783761,"level":"debug","message":"Inline data specified.","meta":{"rootId":"lua0v2wydqqvzm6","id":"lua0v2wydqqvzm6"},"id":"kbmd4ub3kavo0vs","previousOperationId":"va2cf771mtsr4cl"}
{"type":"log","timestamp":1731244783763,"level":"debug","message":"Base url not specified, skipping its injection.","meta":{"rootId":"lua0v2wydqqvzm6","id":"lua0v2wydqqvzm6"},"id":"risf2qzthcxnuy6","previousOperationId":"va2cf771mtsr4cl"}
{"type":"log","timestamp":1731244783765,"level":"debug","message":"Replaced assets [\"KhmerOSSiemreapRegular.ttf\"]","meta":{"rootId":"lua0v2wydqqvzm6","id":"lua0v2wydqqvzm6"},"id":"4dl1o6vkmn7p09l","previousOperationId":"va2cf771mtsr4cl"}
{"type":"operationStart","subtype":"engine","name":"handlebars","timestamp":1731244783765,"id":"15zfg5ohz2ivbst","previousEventId":"8pbjx4k3xcu8wo3","operationId":"edcol6tjhugsuwa","previousOperationId":"va2cf771mtsr4cl"}
{"type":"log","timestamp":1731244783765,"level":"debug","message":"Rendering engine handlebars","meta":{"rootId":"lua0v2wydqqvzm6","id":"lua0v2wydqqvzm6"},"id":"7s8u916st5c6vl1","previousOperationId":"edcol6tjhugsuwa"}
{"type":"operationEnd","operationId":"edcol6tjhugsuwa","timestamp":1731244783773,"id":"c2po0uitpgath2l","previousEventId":"15zfg5ohz2ivbst","previousOperationId":"edcol6tjhugsuwa"}
{"type":"operationStart","subtype":"recipe","name":"html-to-xlsx","timestamp":1731244783775,"id":"glnj6zopc3inehc","previousEventId":"c2po0uitpgath2l","operationId":"0vpftg2jbrsb1r6","previousOperationId":"edcol6tjhugsuwa"}
{"type":"log","timestamp":1731244783775,"level":"debug","message":"Executing recipe html-to-xlsx","meta":{"rootId":"lua0v2wydqqvzm6","id":"lua0v2wydqqvzm6"},"id":"152y0fpo3lyrn54","previousOperationId":"0vpftg2jbrsb1r6"}
{"type":"log","timestamp":1731244783775,"level":"info","message":"html-to-xlsx generation is starting","meta":{"rootId":"lua0v2wydqqvzm6","id":"lua0v2wydqqvzm6"},"id":"ej8ex1te891zo0y","previousOperationId":"0vpftg2jbrsb1r6"}
{"type":"log","timestamp":1731244784423,"level":"info","message":"html-to-xlsx generation was finished","meta":{"rootId":"lua0v2wydqqvzm6","id":"lua0v2wydqqvzm6"},"id":"39nhj2rgtu6flr4","previousOperationId":"0vpftg2jbrsb1r6"}
{"type":"log","timestamp":1731244784423,"level":"debug","message":"preparing office preview","meta":{"rootId":"lua0v2wydqqvzm6","id":"lua0v2wydqqvzm6"},"id":"j4osa0l2kb3pk5b","previousOperationId":"0vpftg2jbrsb1r6"}
{"type":"operationEnd","operationId":"0vpftg2jbrsb1r6","timestamp":1731244784892,"id":"09mgj1gzvq2dtb6","previousEventId":"glnj6zopc3inehc","previousOperationId":"0vpftg2jbrsb1r6"}
{"type":"log","timestamp":1731244784892,"level":"debug","message":"Skipping storing report.","meta":{"rootId":"lua0v2wydqqvzm6","id":"lua0v2wydqqvzm6"},"id":"cq0fa663icbuolj","previousOperationId":"0vpftg2jbrsb1r6"}
{"type":"log","timestamp":1731244784892,"level":"info","message":"Rendering request 42 finished in 1140 ms","meta":{"rootId":"lua0v2wydqqvzm6","id":"lua0v2wydqqvzm6"},"id":"6838yljb80skzxx","previousOperationId":"0vpftg2jbrsb1r6"}
{"type":"operationEnd","subtype":"render","operationId":"va2cf771mtsr4cl","timestamp":1731244784892,"id":"ot2wo1ocbhttexu","previousEventId":"09mgj1gzvq2dtb6","previousOperationId":"0vpftg2jbrsb1r6"}
{"type":"operationEnd","doDiffs":false,"previousEventId":"ygyeha85ltc7ri9","previousOperationId":"ih7hvm3iy4usf8a","operationId":"ih7hvm3iy4usf8a","timestamp":1731244784894,"id":"in47m6aiztnaftv"}
