{"type":"operationStart","subtype":"profile","data":{"_id":"hmWrGeXob8JhW6NJ","timestamp":"2024-11-10T13:12:41.936Z","state":"queued","mode":"standard","creationDate":"2024-11-10T13:12:41.937Z","modificationDate":"2024-11-10T13:12:41.937Z","shortid":"DrE80TJ","inheritedReadPermissions":[],"inheritedEditPermissions":[],"$entitySet":"profiles"},"doDiffs":false,"timestamp":1731244361936,"id":"0l5jlpoy2rujxp4","previousOperationId":null,"operationId":"j1m8ql7lnye5q3c"}
{"type":"log","level":"info","message":"Render request 22 queued for execution and waiting for available worker","previousOperationId":"j1m8ql7lnye5q3c","timestamp":1731244361937,"id":"f6n2omxe3lwrurj"}
{"type":"operationStart","subtype":"render","name":"new-excl-template","previousOperationId":"j1m8ql7lnye5q3c","timestamp":1731244361943,"id":"iy3e8wdxesimaag","previousEventId":"0l5jlpoy2rujxp4","operationId":"nmsl1j7gl6s7chr"}
{"type":"log","timestamp":1731244361943,"level":"info","message":"Starting rendering request 22 (user: admin)","meta":{"rootId":"lwzed4zkbpix4xz","id":"lwzed4zkbpix4xz"},"id":"46tptlfb0pnd89i","previousOperationId":"nmsl1j7gl6s7chr"}
{"type":"log","timestamp":1731244361943,"level":"info","message":"Rendering template { name: new-excl-template, recipe: html-to-xlsx, engine: handlebars, preview: true }","meta":{"rootId":"lwzed4zkbpix4xz","id":"lwzed4zkbpix4xz"},"id":"pwzfsgnxnjnzvyk","previousOperationId":"nmsl1j7gl6s7chr"}
{"type":"log","timestamp":1731244361943,"level":"debug","message":"Inline data specified.","meta":{"rootId":"lwzed4zkbpix4xz","id":"lwzed4zkbpix4xz"},"id":"d4n4elsgv4gxpd8","previousOperationId":"nmsl1j7gl6s7chr"}
{"type":"log","timestamp":1731244361946,"level":"debug","message":"Base url not specified, skipping its injection.","meta":{"rootId":"lwzed4zkbpix4xz","id":"lwzed4zkbpix4xz"},"id":"dp2kyj2k67p2itb","previousOperationId":"nmsl1j7gl6s7chr"}
{"type":"log","timestamp":1731244361948,"level":"debug","message":"Replaced assets [\"KhmerOSSiemreapRegular.ttf\"]","meta":{"rootId":"lwzed4zkbpix4xz","id":"lwzed4zkbpix4xz"},"id":"2a1er8js0i1dvop","previousOperationId":"nmsl1j7gl6s7chr"}
{"type":"operationStart","subtype":"engine","name":"handlebars","timestamp":1731244361948,"id":"5yqbfvr7dmyw4qd","previousEventId":"iy3e8wdxesimaag","operationId":"a89mvxdh86z0e4u","previousOperationId":"nmsl1j7gl6s7chr"}
{"type":"log","timestamp":1731244361948,"level":"debug","message":"Rendering engine handlebars","meta":{"rootId":"lwzed4zkbpix4xz","id":"lwzed4zkbpix4xz"},"id":"71qkhjn8xbss6l6","previousOperationId":"a89mvxdh86z0e4u"}
{"type":"operationEnd","operationId":"a89mvxdh86z0e4u","timestamp":1731244361958,"id":"vgzbaust662a7yl","previousEventId":"5yqbfvr7dmyw4qd","previousOperationId":"a89mvxdh86z0e4u"}
{"type":"operationStart","subtype":"recipe","name":"html-to-xlsx","timestamp":1731244361959,"id":"1objtcdpfem4nzl","previousEventId":"vgzbaust662a7yl","operationId":"25rkh9n2rsoo8u2","previousOperationId":"a89mvxdh86z0e4u"}
{"type":"log","timestamp":1731244361959,"level":"debug","message":"Executing recipe html-to-xlsx","meta":{"rootId":"lwzed4zkbpix4xz","id":"lwzed4zkbpix4xz"},"id":"f9tuc8alo6vyapd","previousOperationId":"25rkh9n2rsoo8u2"}
{"type":"log","timestamp":1731244361959,"level":"info","message":"html-to-xlsx generation is starting","meta":{"rootId":"lwzed4zkbpix4xz","id":"lwzed4zkbpix4xz"},"id":"qci3l9q8lsp1ekf","previousOperationId":"25rkh9n2rsoo8u2"}
{"type":"log","timestamp":1731244362504,"level":"info","message":"html-to-xlsx generation was finished","meta":{"rootId":"lwzed4zkbpix4xz","id":"lwzed4zkbpix4xz"},"id":"vqhl0kphv23fmoc","previousOperationId":"25rkh9n2rsoo8u2"}
{"type":"log","timestamp":1731244362504,"level":"debug","message":"preparing office preview","meta":{"rootId":"lwzed4zkbpix4xz","id":"lwzed4zkbpix4xz"},"id":"dem49bxdr47tzvy","previousOperationId":"25rkh9n2rsoo8u2"}
{"type":"operationEnd","operationId":"25rkh9n2rsoo8u2","timestamp":1731244362969,"id":"xhbawcedtdmomav","previousEventId":"1objtcdpfem4nzl","previousOperationId":"25rkh9n2rsoo8u2"}
{"type":"log","timestamp":1731244362969,"level":"debug","message":"Skipping storing report.","meta":{"rootId":"lwzed4zkbpix4xz","id":"lwzed4zkbpix4xz"},"id":"ho9e0sipvcdrs8j","previousOperationId":"25rkh9n2rsoo8u2"}
{"type":"log","timestamp":1731244362969,"level":"info","message":"Rendering request 22 finished in 1033 ms","meta":{"rootId":"lwzed4zkbpix4xz","id":"lwzed4zkbpix4xz"},"id":"mzfgkncl4iu2431","previousOperationId":"25rkh9n2rsoo8u2"}
{"type":"operationEnd","subtype":"render","operationId":"nmsl1j7gl6s7chr","timestamp":1731244362969,"id":"9fr552u9ep5jlmz","previousEventId":"xhbawcedtdmomav","previousOperationId":"25rkh9n2rsoo8u2"}
{"type":"operationEnd","doDiffs":false,"previousEventId":"0l5jlpoy2rujxp4","previousOperationId":"j1m8ql7lnye5q3c","operationId":"j1m8ql7lnye5q3c","timestamp":1731244362971,"id":"id21rl6ajzumj4o"}
