{"type":"operationStart","subtype":"profile","data":{"_id":"k5NrYTvFb5bvseNl","timestamp":"2024-11-10T14:12:36.076Z","state":"queued","mode":"standard","creationDate":"2024-11-10T14:12:36.078Z","modificationDate":"2024-11-10T14:12:36.078Z","shortid":"POnqBV6","inheritedReadPermissions":[],"inheritedEditPermissions":[],"$entitySet":"profiles"},"doDiffs":false,"timestamp":1731247956077,"id":"uh758tkblkme1y6","previousOperationId":null,"operationId":"a3c16jz0smox756"}
{"type":"log","level":"info","message":"Render request 118 queued for execution and waiting for available worker","previousOperationId":"a3c16jz0smox756","timestamp":1731247956078,"id":"8f3zwuzqnfxem38"}
{"type":"operationStart","subtype":"render","name":"new-excl-template","previousOperationId":"a3c16jz0smox756","timestamp":1731247956088,"id":"xq88os489ftvhuf","previousEventId":"uh758tkblkme1y6","operationId":"u7ca9ci48phhkjw"}
{"type":"log","timestamp":1731247956088,"level":"info","message":"Starting rendering request 118 (user: admin)","meta":{"rootId":"m2oq9iprnieb89f","id":"m2oq9iprnieb89f"},"id":"esl570kdjy0vit6","previousOperationId":"u7ca9ci48phhkjw"}
{"type":"log","timestamp":1731247956088,"level":"info","message":"Rendering template { name: new-excl-template, recipe: html-to-xlsx, engine: handlebars, preview: true }","meta":{"rootId":"m2oq9iprnieb89f","id":"m2oq9iprnieb89f"},"id":"3z5v6yl7j86fw51","previousOperationId":"u7ca9ci48phhkjw"}
{"type":"log","timestamp":1731247956089,"level":"debug","message":"Inline data specified.","meta":{"rootId":"m2oq9iprnieb89f","id":"m2oq9iprnieb89f"},"id":"yfanpw5whmp11ty","previousOperationId":"u7ca9ci48phhkjw"}
{"type":"log","timestamp":1731247956090,"level":"debug","message":"Base url not specified, skipping its injection.","meta":{"rootId":"m2oq9iprnieb89f","id":"m2oq9iprnieb89f"},"id":"rjsurpc3g82r1aa","previousOperationId":"u7ca9ci48phhkjw"}
{"type":"log","timestamp":1731247956094,"level":"debug","message":"Replaced assets [\"KhmerOSSiemreapRegular.ttf\"]","meta":{"rootId":"m2oq9iprnieb89f","id":"m2oq9iprnieb89f"},"id":"4ngewndxz54ktwd","previousOperationId":"u7ca9ci48phhkjw"}
{"type":"operationStart","subtype":"engine","name":"handlebars","timestamp":1731247956094,"id":"p3ijjqmm429ic0s","previousEventId":"xq88os489ftvhuf","operationId":"8ex1xpc1bsmjtwl","previousOperationId":"u7ca9ci48phhkjw"}
{"type":"log","timestamp":1731247956094,"level":"debug","message":"Rendering engine handlebars","meta":{"rootId":"m2oq9iprnieb89f","id":"m2oq9iprnieb89f"},"id":"toyp3agxo0ciqbd","previousOperationId":"8ex1xpc1bsmjtwl"}
{"type":"operationEnd","operationId":"8ex1xpc1bsmjtwl","timestamp":1731247956110,"id":"4ax8c9b35240s7m","previousEventId":"p3ijjqmm429ic0s","previousOperationId":"8ex1xpc1bsmjtwl"}
{"type":"operationStart","subtype":"recipe","name":"html-to-xlsx","timestamp":1731247956111,"id":"7uskje7fp87hhll","previousEventId":"4ax8c9b35240s7m","operationId":"7l2vjj712jqix7p","previousOperationId":"8ex1xpc1bsmjtwl"}
{"type":"log","timestamp":1731247956111,"level":"debug","message":"Executing recipe html-to-xlsx","meta":{"rootId":"m2oq9iprnieb89f","id":"m2oq9iprnieb89f"},"id":"0qc9rws7oqgx39r","previousOperationId":"7l2vjj712jqix7p"}
{"type":"log","timestamp":1731247956111,"level":"info","message":"html-to-xlsx generation is starting","meta":{"rootId":"m2oq9iprnieb89f","id":"m2oq9iprnieb89f"},"id":"7m621749elfjmnl","previousOperationId":"7l2vjj712jqix7p"}
{"type":"log","timestamp":1731247956734,"level":"info","message":"html-to-xlsx generation was finished","meta":{"rootId":"m2oq9iprnieb89f","id":"m2oq9iprnieb89f"},"id":"ih8bzrzm6hlk0fp","previousOperationId":"7l2vjj712jqix7p"}
{"type":"log","timestamp":1731247956734,"level":"debug","message":"preparing office preview","meta":{"rootId":"m2oq9iprnieb89f","id":"m2oq9iprnieb89f"},"id":"22i8r9uk4oos3a9","previousOperationId":"7l2vjj712jqix7p"}
{"type":"operationEnd","operationId":"7l2vjj712jqix7p","timestamp":1731247957179,"id":"ux0k54ulohom5jz","previousEventId":"7uskje7fp87hhll","previousOperationId":"7l2vjj712jqix7p"}
{"type":"log","timestamp":1731247957179,"level":"debug","message":"Skipping storing report.","meta":{"rootId":"m2oq9iprnieb89f","id":"m2oq9iprnieb89f"},"id":"xs90ffnxnbf2lej","previousOperationId":"7l2vjj712jqix7p"}
{"type":"log","timestamp":1731247957179,"level":"info","message":"Rendering request 118 finished in 1103 ms","meta":{"rootId":"m2oq9iprnieb89f","id":"m2oq9iprnieb89f"},"id":"okgw5xhf25wtibx","previousOperationId":"7l2vjj712jqix7p"}
{"type":"operationEnd","subtype":"render","operationId":"u7ca9ci48phhkjw","timestamp":1731247957179,"id":"zxh8qozi0qcrxht","previousEventId":"ux0k54ulohom5jz","previousOperationId":"7l2vjj712jqix7p"}
{"type":"operationEnd","doDiffs":false,"previousEventId":"uh758tkblkme1y6","previousOperationId":"a3c16jz0smox756","operationId":"a3c16jz0smox756","timestamp":1731247957181,"id":"b1nt22iye2rgo4a"}
