{"type":"operationStart","subtype":"profile","data":{"_id":"PFyHIaOa9br225GR","timestamp":"2024-11-10T10:14:42.693Z","state":"queued","mode":"standard","creationDate":"2024-11-10T10:14:42.695Z","modificationDate":"2024-11-10T10:14:42.695Z","shortid":"ur9_dLN","inheritedReadPermissions":[],"inheritedEditPermissions":[],"$entitySet":"profiles"},"doDiffs":false,"timestamp":1731233682694,"id":"mjnzn3gyvnxccme","previousOperationId":null,"operationId":"x38004ipsskdi0l"}
{"type":"log","level":"info","message":"Render request 307 queued for execution and waiting for available worker","previousOperationId":"x38004ipsskdi0l","timestamp":1731233682694,"id":"rh4zwwrkb6zccgl"}
{"type":"operationStart","subtype":"render","name":"new-excl-template","previousOperationId":"x38004ipsskdi0l","timestamp":1731233682705,"id":"i6aavlw13b4u94q","previousEventId":"mjnzn3gyvnxccme","operationId":"c8emxcn8kfzhobd"}
{"type":"log","timestamp":1731233682705,"level":"info","message":"Starting rendering request 307 (user: admin)","meta":{"rootId":"m6v2ncsc73r43nt","id":"m6v2ncsc73r43nt"},"id":"huji8geeo77qqn7","previousOperationId":"c8emxcn8kfzhobd"}
{"type":"log","timestamp":1731233682705,"level":"info","message":"Rendering template { name: new-excl-template, recipe: html-to-xlsx, engine: handlebars, preview: true }","meta":{"rootId":"m6v2ncsc73r43nt","id":"m6v2ncsc73r43nt"},"id":"d5ryp71i35z9n55","previousOperationId":"c8emxcn8kfzhobd"}
{"type":"log","timestamp":1731233682706,"level":"debug","message":"Adding sample data pVkbCM7am","meta":{"rootId":"m6v2ncsc73r43nt","id":"m6v2ncsc73r43nt"},"id":"wfwp6ix143x2u07","previousOperationId":"c8emxcn8kfzhobd"}
{"type":"log","timestamp":1731233682707,"level":"debug","message":"Base url not specified, skipping its injection.","meta":{"rootId":"m6v2ncsc73r43nt","id":"m6v2ncsc73r43nt"},"id":"mr4qv6w54xlcima","previousOperationId":"c8emxcn8kfzhobd"}
{"type":"log","timestamp":1731233682709,"level":"debug","message":"Replaced assets [\"KhmerOSSiemreapRegular.ttf\"]","meta":{"rootId":"m6v2ncsc73r43nt","id":"m6v2ncsc73r43nt"},"id":"hmouzi46uo6tkcx","previousOperationId":"c8emxcn8kfzhobd"}
{"type":"operationStart","subtype":"engine","name":"handlebars","timestamp":1731233682709,"id":"0mc1sneyeud7obd","previousEventId":"i6aavlw13b4u94q","operationId":"ifh57om0mxmhmxr","previousOperationId":"c8emxcn8kfzhobd"}
{"type":"log","timestamp":1731233682709,"level":"debug","message":"Rendering engine handlebars","meta":{"rootId":"m6v2ncsc73r43nt","id":"m6v2ncsc73r43nt"},"id":"pm3mcbuz7ts0bpz","previousOperationId":"ifh57om0mxmhmxr"}
{"type":"operationEnd","operationId":"ifh57om0mxmhmxr","timestamp":1731233682725,"id":"njpncw1yqvit1tb","previousEventId":"0mc1sneyeud7obd","previousOperationId":"ifh57om0mxmhmxr"}
{"type":"operationStart","subtype":"recipe","name":"html-to-xlsx","timestamp":1731233682727,"id":"a20m9ow0l55k1zv","previousEventId":"njpncw1yqvit1tb","operationId":"ght1f4w53y5rjb1","previousOperationId":"ifh57om0mxmhmxr"}
{"type":"log","timestamp":1731233682727,"level":"debug","message":"Executing recipe html-to-xlsx","meta":{"rootId":"m6v2ncsc73r43nt","id":"m6v2ncsc73r43nt"},"id":"k95lmwzyy6d5grz","previousOperationId":"ght1f4w53y5rjb1"}
{"type":"log","timestamp":1731233682727,"level":"info","message":"html-to-xlsx generation is starting","meta":{"rootId":"m6v2ncsc73r43nt","id":"m6v2ncsc73r43nt"},"id":"wflhuqj68g02rtj","previousOperationId":"ght1f4w53y5rjb1"}
{"type":"log","timestamp":1731233683253,"level":"info","message":"html-to-xlsx generation was finished","meta":{"rootId":"m6v2ncsc73r43nt","id":"m6v2ncsc73r43nt"},"id":"m12yi838vau567d","previousOperationId":"ght1f4w53y5rjb1"}
{"type":"log","timestamp":1731233683253,"level":"debug","message":"preparing office preview","meta":{"rootId":"m6v2ncsc73r43nt","id":"m6v2ncsc73r43nt"},"id":"0ww9w6lipncniny","previousOperationId":"ght1f4w53y5rjb1"}
{"type":"operationEnd","operationId":"ght1f4w53y5rjb1","timestamp":1731233683698,"id":"dyo0fokerfu0hof","previousEventId":"a20m9ow0l55k1zv","previousOperationId":"ght1f4w53y5rjb1"}
{"type":"log","timestamp":1731233683698,"level":"debug","message":"Skipping storing report.","meta":{"rootId":"m6v2ncsc73r43nt","id":"m6v2ncsc73r43nt"},"id":"5nu03f36achoun5","previousOperationId":"ght1f4w53y5rjb1"}
{"type":"log","timestamp":1731233683698,"level":"info","message":"Rendering request 307 finished in 1006 ms","meta":{"rootId":"m6v2ncsc73r43nt","id":"m6v2ncsc73r43nt"},"id":"1oekyjxa3ageqep","previousOperationId":"ght1f4w53y5rjb1"}
{"type":"operationEnd","subtype":"render","operationId":"c8emxcn8kfzhobd","timestamp":1731233683698,"id":"ff1qiluqxttaybk","previousEventId":"dyo0fokerfu0hof","previousOperationId":"ght1f4w53y5rjb1"}
{"type":"operationEnd","doDiffs":false,"previousEventId":"mjnzn3gyvnxccme","previousOperationId":"x38004ipsskdi0l","operationId":"x38004ipsskdi0l","timestamp":1731233683699,"id":"7sq6yia16svje1r"}
