{"type":"operationStart","subtype":"profile","data":{"_id":"GoKj67X4pFFyKxJx","timestamp":"2024-11-10T13:16:08.439Z","state":"queued","mode":"standard","creationDate":"2024-11-10T13:16:08.440Z","modificationDate":"2024-11-10T13:16:08.440Z","shortid":"83xgxf0","inheritedReadPermissions":[],"inheritedEditPermissions":[],"$entitySet":"profiles"},"doDiffs":false,"timestamp":1731244568440,"id":"asg8ruvudhuqyd7","previousOperationId":null,"operationId":"cknqdwxyiiv8oau"}
{"type":"log","level":"info","message":"Render request 35 queued for execution and waiting for available worker","previousOperationId":"cknqdwxyiiv8oau","timestamp":1731244568440,"id":"9jr7j7qdan9kum7"}
{"type":"operationStart","subtype":"render","name":"new-excl-template","previousOperationId":"cknqdwxyiiv8oau","timestamp":1731244568448,"id":"cwkeehwtp3m3r6m","previousEventId":"asg8ruvudhuqyd7","operationId":"hakoghv3t11lf44"}
{"type":"log","timestamp":1731244568448,"level":"info","message":"Starting rendering request 35 (user: admin)","meta":{"rootId":"maxutltb1xwlkzv","id":"maxutltb1xwlkzv"},"id":"5zqu9bekowp840e","previousOperationId":"hakoghv3t11lf44"}
{"type":"log","timestamp":1731244568448,"level":"info","message":"Rendering template { name: new-excl-template, recipe: html-to-xlsx, engine: handlebars, preview: true }","meta":{"rootId":"maxutltb1xwlkzv","id":"maxutltb1xwlkzv"},"id":"rogjek39c3tvyi5","previousOperationId":"hakoghv3t11lf44"}
{"type":"log","timestamp":1731244568449,"level":"debug","message":"Inline data specified.","meta":{"rootId":"maxutltb1xwlkzv","id":"maxutltb1xwlkzv"},"id":"0dfytn1olmhsczj","previousOperationId":"hakoghv3t11lf44"}
{"type":"log","timestamp":1731244568450,"level":"debug","message":"Base url not specified, skipping its injection.","meta":{"rootId":"maxutltb1xwlkzv","id":"maxutltb1xwlkzv"},"id":"89p0poh9265bi3t","previousOperationId":"hakoghv3t11lf44"}
{"type":"log","timestamp":1731244568451,"level":"debug","message":"Replaced assets [\"KhmerOSSiemreapRegular.ttf\"]","meta":{"rootId":"maxutltb1xwlkzv","id":"maxutltb1xwlkzv"},"id":"y7bi70izn2qwzfc","previousOperationId":"hakoghv3t11lf44"}
{"type":"operationStart","subtype":"engine","name":"handlebars","timestamp":1731244568452,"id":"owtvsrfae3fag8v","previousEventId":"cwkeehwtp3m3r6m","operationId":"e6h5ck66nu6knfg","previousOperationId":"hakoghv3t11lf44"}
{"type":"log","timestamp":1731244568452,"level":"debug","message":"Rendering engine handlebars","meta":{"rootId":"maxutltb1xwlkzv","id":"maxutltb1xwlkzv"},"id":"k1xa7i590ddcab5","previousOperationId":"e6h5ck66nu6knfg"}
{"type":"operationEnd","operationId":"e6h5ck66nu6knfg","timestamp":1731244568461,"id":"clkciw64uqbbdtb","previousEventId":"owtvsrfae3fag8v","previousOperationId":"e6h5ck66nu6knfg"}
{"type":"operationStart","subtype":"recipe","name":"html-to-xlsx","timestamp":1731244568462,"id":"4k3owvoqae8mzqt","previousEventId":"clkciw64uqbbdtb","operationId":"nj3kdjq9cnthhoc","previousOperationId":"e6h5ck66nu6knfg"}
{"type":"log","timestamp":1731244568462,"level":"debug","message":"Executing recipe html-to-xlsx","meta":{"rootId":"maxutltb1xwlkzv","id":"maxutltb1xwlkzv"},"id":"4wmei0hm91o2zw6","previousOperationId":"nj3kdjq9cnthhoc"}
{"type":"log","timestamp":1731244568462,"level":"info","message":"html-to-xlsx generation is starting","meta":{"rootId":"maxutltb1xwlkzv","id":"maxutltb1xwlkzv"},"id":"jxu3ptmfkenxpo7","previousOperationId":"nj3kdjq9cnthhoc"}
{"type":"log","timestamp":1731244569025,"level":"info","message":"html-to-xlsx generation was finished","meta":{"rootId":"maxutltb1xwlkzv","id":"maxutltb1xwlkzv"},"id":"07ag24qnvh2ki7j","previousOperationId":"nj3kdjq9cnthhoc"}
{"type":"log","timestamp":1731244569025,"level":"debug","message":"preparing office preview","meta":{"rootId":"maxutltb1xwlkzv","id":"maxutltb1xwlkzv"},"id":"u6sexb8raamei7y","previousOperationId":"nj3kdjq9cnthhoc"}
{"type":"operationEnd","operationId":"nj3kdjq9cnthhoc","timestamp":1731244569506,"id":"i7s9kfl2rj7vc72","previousEventId":"4k3owvoqae8mzqt","previousOperationId":"nj3kdjq9cnthhoc"}
{"type":"log","timestamp":1731244569506,"level":"debug","message":"Skipping storing report.","meta":{"rootId":"maxutltb1xwlkzv","id":"maxutltb1xwlkzv"},"id":"j8j3nv9hpjua4h4","previousOperationId":"nj3kdjq9cnthhoc"}
{"type":"log","timestamp":1731244569506,"level":"info","message":"Rendering request 35 finished in 1067 ms","meta":{"rootId":"maxutltb1xwlkzv","id":"maxutltb1xwlkzv"},"id":"nfhfbu782rq7yia","previousOperationId":"nj3kdjq9cnthhoc"}
{"type":"operationEnd","subtype":"render","operationId":"hakoghv3t11lf44","timestamp":1731244569506,"id":"xnvuq6imxcryh2q","previousEventId":"i7s9kfl2rj7vc72","previousOperationId":"nj3kdjq9cnthhoc"}
{"type":"operationEnd","doDiffs":false,"previousEventId":"asg8ruvudhuqyd7","previousOperationId":"cknqdwxyiiv8oau","operationId":"cknqdwxyiiv8oau","timestamp":1731244569508,"id":"5ety0zprpfqol1g"}
