{"type":"operationStart","subtype":"profile","data":{"_id":"jXvZ83O8gCPf1lX9","timestamp":"2024-11-10T09:57:57.244Z","state":"queued","mode":"standard","creationDate":"2024-11-10T09:57:57.246Z","modificationDate":"2024-11-10T09:57:57.246Z","shortid":"E_pPTuK","inheritedReadPermissions":[],"inheritedEditPermissions":[],"$entitySet":"profiles"},"doDiffs":false,"timestamp":1731232677245,"id":"9nvakyx5t28ldne","previousOperationId":null,"operationId":"3j91a8c3qoysf32"}
{"type":"log","level":"info","message":"Render request 275 queued for execution and waiting for available worker","previousOperationId":"3j91a8c3qoysf32","timestamp":1731232677246,"id":"g1wz1hfxdonezmk"}
{"type":"operationStart","subtype":"render","name":"new-excl-template","previousOperationId":"3j91a8c3qoysf32","timestamp":1731232677255,"id":"dajoxe5dlr2nnt7","previousEventId":"9nvakyx5t28ldne","operationId":"ndgspkzrfpfneyy"}
{"type":"log","timestamp":1731232677255,"level":"info","message":"Starting rendering request 275 (user: admin)","meta":{"rootId":"mdt1d5wo1tbv9ef","id":"mdt1d5wo1tbv9ef"},"id":"vyq1uos8xpapofv","previousOperationId":"ndgspkzrfpfneyy"}
{"type":"log","timestamp":1731232677255,"level":"info","message":"Rendering template { name: new-excl-template, recipe: html-to-xlsx, engine: handlebars, preview: true }","meta":{"rootId":"mdt1d5wo1tbv9ef","id":"mdt1d5wo1tbv9ef"},"id":"wggpygi7mi89o31","previousOperationId":"ndgspkzrfpfneyy"}
{"type":"log","timestamp":1731232677256,"level":"debug","message":"Adding sample data pVkbCM7am","meta":{"rootId":"mdt1d5wo1tbv9ef","id":"mdt1d5wo1tbv9ef"},"id":"6glx4bimcjbosne","previousOperationId":"ndgspkzrfpfneyy"}
{"type":"log","timestamp":1731232677257,"level":"debug","message":"Base url not specified, skipping its injection.","meta":{"rootId":"mdt1d5wo1tbv9ef","id":"mdt1d5wo1tbv9ef"},"id":"4mm98wyg3jfb8h0","previousOperationId":"ndgspkzrfpfneyy"}
{"type":"log","timestamp":1731232677259,"level":"debug","message":"Replaced assets [\"KhmerOSSiemreapRegular.ttf\"]","meta":{"rootId":"mdt1d5wo1tbv9ef","id":"mdt1d5wo1tbv9ef"},"id":"0c3v329jdp9p1ki","previousOperationId":"ndgspkzrfpfneyy"}
{"type":"operationStart","subtype":"engine","name":"handlebars","timestamp":1731232677259,"id":"acch8h067ycllam","previousEventId":"dajoxe5dlr2nnt7","operationId":"7x07gsrkr9680bl","previousOperationId":"ndgspkzrfpfneyy"}
{"type":"log","timestamp":1731232677259,"level":"debug","message":"Rendering engine handlebars","meta":{"rootId":"mdt1d5wo1tbv9ef","id":"mdt1d5wo1tbv9ef"},"id":"mt5cs8wap7gnl7a","previousOperationId":"7x07gsrkr9680bl"}
{"type":"operationEnd","operationId":"7x07gsrkr9680bl","timestamp":1731232677272,"id":"to04wxj6erm539d","previousEventId":"acch8h067ycllam","previousOperationId":"7x07gsrkr9680bl"}
{"type":"operationStart","subtype":"recipe","name":"html-to-xlsx","timestamp":1731232677274,"id":"rbvdbd1ury1zwn9","previousEventId":"to04wxj6erm539d","operationId":"wdq5ly9j3u1ajy2","previousOperationId":"7x07gsrkr9680bl"}
{"type":"log","timestamp":1731232677274,"level":"debug","message":"Executing recipe html-to-xlsx","meta":{"rootId":"mdt1d5wo1tbv9ef","id":"mdt1d5wo1tbv9ef"},"id":"038hwq4fvbf61o3","previousOperationId":"wdq5ly9j3u1ajy2"}
{"type":"log","timestamp":1731232677274,"level":"info","message":"html-to-xlsx generation is starting","meta":{"rootId":"mdt1d5wo1tbv9ef","id":"mdt1d5wo1tbv9ef"},"id":"v1i2ezz63e3gz6l","previousOperationId":"wdq5ly9j3u1ajy2"}
{"type":"log","timestamp":1731232677919,"level":"info","message":"html-to-xlsx generation was finished","meta":{"rootId":"mdt1d5wo1tbv9ef","id":"mdt1d5wo1tbv9ef"},"id":"owmqxwihi2lsyf9","previousOperationId":"wdq5ly9j3u1ajy2"}
{"type":"log","timestamp":1731232677919,"level":"debug","message":"preparing office preview","meta":{"rootId":"mdt1d5wo1tbv9ef","id":"mdt1d5wo1tbv9ef"},"id":"7ncqiqrpa63w6c9","previousOperationId":"wdq5ly9j3u1ajy2"}
{"type":"operationEnd","operationId":"wdq5ly9j3u1ajy2","timestamp":1731232678469,"id":"gfkqb5sawtlh3m7","previousEventId":"rbvdbd1ury1zwn9","previousOperationId":"wdq5ly9j3u1ajy2"}
{"type":"log","timestamp":1731232678470,"level":"debug","message":"Skipping storing report.","meta":{"rootId":"mdt1d5wo1tbv9ef","id":"mdt1d5wo1tbv9ef"},"id":"o7q2svo4e2xygul","previousOperationId":"wdq5ly9j3u1ajy2"}
{"type":"log","timestamp":1731232678470,"level":"info","message":"Rendering request 275 finished in 1226 ms","meta":{"rootId":"mdt1d5wo1tbv9ef","id":"mdt1d5wo1tbv9ef"},"id":"5fv5lylstqfdyjl","previousOperationId":"wdq5ly9j3u1ajy2"}
{"type":"operationEnd","subtype":"render","operationId":"ndgspkzrfpfneyy","timestamp":1731232678470,"id":"0fke42j8kq3ldbp","previousEventId":"gfkqb5sawtlh3m7","previousOperationId":"wdq5ly9j3u1ajy2"}
{"type":"operationEnd","doDiffs":false,"previousEventId":"9nvakyx5t28ldne","previousOperationId":"3j91a8c3qoysf32","operationId":"3j91a8c3qoysf32","timestamp":1731232678471,"id":"ep98132gq2353xi"}
