{"type":"operationStart","subtype":"profile","data":{"_id":"S5KbFX2iSxubgunc","timestamp":"2024-11-10T08:40:00.973Z","state":"queued","mode":"standard","creationDate":"2024-11-10T08:40:00.975Z","modificationDate":"2024-11-10T08:40:00.975Z","shortid":"IIop0mh","inheritedReadPermissions":[],"inheritedEditPermissions":[],"$entitySet":"profiles"},"doDiffs":false,"timestamp":1731228000974,"id":"z9iqyzxuier56m6","previousOperationId":null,"operationId":"co0v7efqhr2h7xd"}
{"type":"log","level":"info","message":"Render request 142 queued for execution and waiting for available worker","previousOperationId":"co0v7efqhr2h7xd","timestamp":1731228000974,"id":"650ehuofvkqb3ld"}
{"type":"operationStart","subtype":"render","name":"new-excl-template","previousOperationId":"co0v7efqhr2h7xd","timestamp":1731228000983,"id":"6i59mu1if4k5w0n","previousEventId":"z9iqyzxuier56m6","operationId":"f65ifrd0pkx9jue"}
{"type":"log","timestamp":1731228000983,"level":"info","message":"Starting rendering request 142 (user: admin)","meta":{"rootId":"mea2f9mnw29tmn3","id":"mea2f9mnw29tmn3"},"id":"6238fib3pnxedju","previousOperationId":"f65ifrd0pkx9jue"}
{"type":"log","timestamp":1731228000983,"level":"info","message":"Rendering template { name: new-excl-template, recipe: html-to-xlsx, engine: handlebars, preview: true }","meta":{"rootId":"mea2f9mnw29tmn3","id":"mea2f9mnw29tmn3"},"id":"rucrure61ijtn7r","previousOperationId":"f65ifrd0pkx9jue"}
{"type":"log","timestamp":1731228000984,"level":"debug","message":"Inline data specified.","meta":{"rootId":"mea2f9mnw29tmn3","id":"mea2f9mnw29tmn3"},"id":"c73pc2zoqsr5oni","previousOperationId":"f65ifrd0pkx9jue"}
{"type":"log","timestamp":1731228000986,"level":"debug","message":"Base url not specified, skipping its injection.","meta":{"rootId":"mea2f9mnw29tmn3","id":"mea2f9mnw29tmn3"},"id":"nhzbwwukpf8ok75","previousOperationId":"f65ifrd0pkx9jue"}
{"type":"log","timestamp":1731228000988,"level":"debug","message":"Replaced assets [\"/asset/font/KhmerOSSiemreapRegular.ttf\"]","meta":{"rootId":"mea2f9mnw29tmn3","id":"mea2f9mnw29tmn3"},"id":"d4tv07trqyjjrf3","previousOperationId":"f65ifrd0pkx9jue"}
{"type":"operationStart","subtype":"engine","name":"handlebars","timestamp":1731228000988,"id":"miuc1t7pcr2pgzj","previousEventId":"6i59mu1if4k5w0n","operationId":"0zwiu4ppw6m2368","previousOperationId":"f65ifrd0pkx9jue"}
{"type":"log","timestamp":1731228000988,"level":"debug","message":"Rendering engine handlebars","meta":{"rootId":"mea2f9mnw29tmn3","id":"mea2f9mnw29tmn3"},"id":"w15pn8mk5g701sm","previousOperationId":"0zwiu4ppw6m2368"}
{"type":"operationEnd","operationId":"0zwiu4ppw6m2368","timestamp":1731228001003,"id":"3ei57b04xtqz5hn","previousEventId":"miuc1t7pcr2pgzj","previousOperationId":"0zwiu4ppw6m2368"}
{"type":"operationStart","subtype":"recipe","name":"html-to-xlsx","timestamp":1731228001005,"id":"9zh7x2r4ktf54kn","previousEventId":"3ei57b04xtqz5hn","operationId":"toymljen5t3ugr3","previousOperationId":"0zwiu4ppw6m2368"}
{"type":"log","timestamp":1731228001005,"level":"debug","message":"Executing recipe html-to-xlsx","meta":{"rootId":"mea2f9mnw29tmn3","id":"mea2f9mnw29tmn3"},"id":"iyp6jq8xsauf2vr","previousOperationId":"toymljen5t3ugr3"}
{"type":"log","timestamp":1731228001005,"level":"info","message":"html-to-xlsx generation is starting","meta":{"rootId":"mea2f9mnw29tmn3","id":"mea2f9mnw29tmn3"},"id":"fx74u7hvrm746uo","previousOperationId":"toymljen5t3ugr3"}
{"type":"log","timestamp":1731228001897,"level":"info","message":"html-to-xlsx generation was finished","meta":{"rootId":"mea2f9mnw29tmn3","id":"mea2f9mnw29tmn3"},"id":"cuvv80d8c59x4ol","previousOperationId":"toymljen5t3ugr3"}
{"type":"log","timestamp":1731228001897,"level":"debug","message":"preparing office preview","meta":{"rootId":"mea2f9mnw29tmn3","id":"mea2f9mnw29tmn3"},"id":"shod7yd712obb1d","previousOperationId":"toymljen5t3ugr3"}
{"type":"operationEnd","operationId":"toymljen5t3ugr3","timestamp":1731228002342,"id":"o3rd2hewklp2bdt","previousEventId":"9zh7x2r4ktf54kn","previousOperationId":"toymljen5t3ugr3"}
{"type":"log","timestamp":1731228002342,"level":"debug","message":"Skipping storing report.","meta":{"rootId":"mea2f9mnw29tmn3","id":"mea2f9mnw29tmn3"},"id":"vjdhbg00gyp808c","previousOperationId":"toymljen5t3ugr3"}
{"type":"log","timestamp":1731228002342,"level":"info","message":"Rendering request 142 finished in 1370 ms","meta":{"rootId":"mea2f9mnw29tmn3","id":"mea2f9mnw29tmn3"},"id":"w5860egfspyfsk4","previousOperationId":"toymljen5t3ugr3"}
{"type":"operationEnd","subtype":"render","operationId":"f65ifrd0pkx9jue","timestamp":1731228002342,"id":"rmj75xl1u7aai6c","previousEventId":"o3rd2hewklp2bdt","previousOperationId":"toymljen5t3ugr3"}
{"type":"operationEnd","doDiffs":false,"previousEventId":"z9iqyzxuier56m6","previousOperationId":"co0v7efqhr2h7xd","operationId":"co0v7efqhr2h7xd","timestamp":1731228002345,"id":"ne88mxoxevv8sw1"}
