{"type":"operationStart","subtype":"profile","data":{"_id":"fqbvW4GiFHBBkDQk","timestamp":"2024-11-10T14:47:55.368Z","state":"queued","mode":"standard","creationDate":"2024-11-10T14:47:55.370Z","modificationDate":"2024-11-10T14:47:55.370Z","shortid":"56TaB6j","inheritedReadPermissions":[],"inheritedEditPermissions":[],"$entitySet":"profiles"},"doDiffs":false,"timestamp":1731250075369,"id":"qldb2ubwfn7pidk","previousOperationId":null,"operationId":"tv7p0m5nqgewmqx"}
{"type":"log","level":"info","message":"Render request 171 queued for execution and waiting for available worker","previousOperationId":"tv7p0m5nqgewmqx","timestamp":1731250075370,"id":"kzwk35z5wklu1i5"}
{"type":"operationStart","subtype":"render","name":"new-excl-template","previousOperationId":"tv7p0m5nqgewmqx","timestamp":1731250075380,"id":"6hpak9hi77jipfe","previousEventId":"qldb2ubwfn7pidk","operationId":"d8fjlcs8b31oqam"}
{"type":"log","timestamp":1731250075380,"level":"info","message":"Starting rendering request 171 (user: admin)","meta":{"rootId":"mhoc5ql794rrx2l","id":"mhoc5ql794rrx2l"},"id":"isabm2fzpdn5edr","previousOperationId":"d8fjlcs8b31oqam"}
{"type":"log","timestamp":1731250075380,"level":"info","message":"Rendering template { name: new-excl-template, recipe: html-to-xlsx, engine: handlebars, preview: true }","meta":{"rootId":"mhoc5ql794rrx2l","id":"mhoc5ql794rrx2l"},"id":"d129e61y5kg4051","previousOperationId":"d8fjlcs8b31oqam"}
{"type":"log","timestamp":1731250075381,"level":"debug","message":"Inline data specified.","meta":{"rootId":"mhoc5ql794rrx2l","id":"mhoc5ql794rrx2l"},"id":"y1uncvmlh6yp1op","previousOperationId":"d8fjlcs8b31oqam"}
{"type":"log","timestamp":1731250075383,"level":"debug","message":"Base url not specified, skipping its injection.","meta":{"rootId":"mhoc5ql794rrx2l","id":"mhoc5ql794rrx2l"},"id":"qlchxnevwanqf9l","previousOperationId":"d8fjlcs8b31oqam"}
{"type":"log","timestamp":1731250075385,"level":"debug","message":"Replaced assets [\"KhmerOSSiemreapRegular.ttf\"]","meta":{"rootId":"mhoc5ql794rrx2l","id":"mhoc5ql794rrx2l"},"id":"z8eemtxbhcreytz","previousOperationId":"d8fjlcs8b31oqam"}
{"type":"operationStart","subtype":"engine","name":"handlebars","timestamp":1731250075385,"id":"3tathz9omgtt1gn","previousEventId":"6hpak9hi77jipfe","operationId":"w85gfi97viu1ev4","previousOperationId":"d8fjlcs8b31oqam"}
{"type":"log","timestamp":1731250075385,"level":"debug","message":"Rendering engine handlebars","meta":{"rootId":"mhoc5ql794rrx2l","id":"mhoc5ql794rrx2l"},"id":"4zvtpkdcz76ipj1","previousOperationId":"w85gfi97viu1ev4"}
{"type":"operationEnd","operationId":"w85gfi97viu1ev4","timestamp":1731250075401,"id":"5qopnf8ifrhomd3","previousEventId":"3tathz9omgtt1gn","previousOperationId":"w85gfi97viu1ev4"}
{"type":"operationStart","subtype":"recipe","name":"html-to-xlsx","timestamp":1731250075403,"id":"4qfn2zx9uqyd7ac","previousEventId":"5qopnf8ifrhomd3","operationId":"g6hzaghsdk6n7kf","previousOperationId":"w85gfi97viu1ev4"}
{"type":"log","timestamp":1731250075403,"level":"debug","message":"Executing recipe html-to-xlsx","meta":{"rootId":"mhoc5ql794rrx2l","id":"mhoc5ql794rrx2l"},"id":"m5wmh351zzo4lzt","previousOperationId":"g6hzaghsdk6n7kf"}
{"type":"log","timestamp":1731250075403,"level":"info","message":"html-to-xlsx generation is starting","meta":{"rootId":"mhoc5ql794rrx2l","id":"mhoc5ql794rrx2l"},"id":"t1rttszalz5dro4","previousOperationId":"g6hzaghsdk6n7kf"}
{"type":"log","timestamp":1731250076015,"level":"info","message":"html-to-xlsx generation was finished","meta":{"rootId":"mhoc5ql794rrx2l","id":"mhoc5ql794rrx2l"},"id":"mh7cdgycidkl2wk","previousOperationId":"g6hzaghsdk6n7kf"}
{"type":"log","timestamp":1731250076015,"level":"debug","message":"preparing office preview","meta":{"rootId":"mhoc5ql794rrx2l","id":"mhoc5ql794rrx2l"},"id":"h2jaa8vdw6edime","previousOperationId":"g6hzaghsdk6n7kf"}
{"type":"operationEnd","operationId":"g6hzaghsdk6n7kf","timestamp":1731250076461,"id":"a0b1trus0z8jqc2","previousEventId":"4qfn2zx9uqyd7ac","previousOperationId":"g6hzaghsdk6n7kf"}
{"type":"log","timestamp":1731250076461,"level":"debug","message":"Skipping storing report.","meta":{"rootId":"mhoc5ql794rrx2l","id":"mhoc5ql794rrx2l"},"id":"twthd73k28858nl","previousOperationId":"g6hzaghsdk6n7kf"}
{"type":"log","timestamp":1731250076461,"level":"info","message":"Rendering request 171 finished in 1093 ms","meta":{"rootId":"mhoc5ql794rrx2l","id":"mhoc5ql794rrx2l"},"id":"e96cvflwsnwx00r","previousOperationId":"g6hzaghsdk6n7kf"}
{"type":"operationEnd","subtype":"render","operationId":"d8fjlcs8b31oqam","timestamp":1731250076461,"id":"3awm03qraf23oda","previousEventId":"a0b1trus0z8jqc2","previousOperationId":"g6hzaghsdk6n7kf"}
{"type":"operationEnd","doDiffs":false,"previousEventId":"qldb2ubwfn7pidk","previousOperationId":"tv7p0m5nqgewmqx","operationId":"tv7p0m5nqgewmqx","timestamp":1731250076463,"id":"dh1pre4k8cf9fw1"}
