{"type":"operationStart","subtype":"profile","data":{"_id":"WM3Q4RWCVWCeuiUV","timestamp":"2024-11-10T08:50:11.812Z","state":"queued","mode":"standard","creationDate":"2024-11-10T08:50:11.814Z","modificationDate":"2024-11-10T08:50:11.814Z","shortid":"nPXmkBf","inheritedReadPermissions":[],"inheritedEditPermissions":[],"$entitySet":"profiles"},"doDiffs":false,"timestamp":1731228611814,"id":"mu9889ain1ldirk","previousOperationId":null,"operationId":"uld39c0lap5xhnh"}
{"type":"log","level":"info","message":"Render request 155 queued for execution and waiting for available worker","previousOperationId":"uld39c0lap5xhnh","timestamp":1731228611814,"id":"w5guda4t7zszd2g"}
{"type":"operationStart","subtype":"render","name":"new-excl-template","previousOperationId":"uld39c0lap5xhnh","timestamp":1731228611821,"id":"wyh5a68crmqic7c","previousEventId":"mu9889ain1ldirk","operationId":"laakujzzrew7ij5"}
{"type":"log","timestamp":1731228611822,"level":"info","message":"Starting rendering request 155 (user: admin)","meta":{"rootId":"mofk5xom2hzbdoa","id":"mofk5xom2hzbdoa"},"id":"fbgiimehg2mzss0","previousOperationId":"laakujzzrew7ij5"}
{"type":"log","timestamp":1731228611822,"level":"info","message":"Rendering template { name: new-excl-template, recipe: html-to-xlsx, engine: handlebars, preview: true }","meta":{"rootId":"mofk5xom2hzbdoa","id":"mofk5xom2hzbdoa"},"id":"b9iumq2id6fc0ja","previousOperationId":"laakujzzrew7ij5"}
{"type":"log","timestamp":1731228611822,"level":"debug","message":"Inline data specified.","meta":{"rootId":"mofk5xom2hzbdoa","id":"mofk5xom2hzbdoa"},"id":"tfqu5xvifg65ghi","previousOperationId":"laakujzzrew7ij5"}
{"type":"log","timestamp":1731228611823,"level":"debug","message":"Base url not specified, skipping its injection.","meta":{"rootId":"mofk5xom2hzbdoa","id":"mofk5xom2hzbdoa"},"id":"52h5sup7xssr5cv","previousOperationId":"laakujzzrew7ij5"}
{"type":"log","timestamp":1731228611826,"level":"debug","message":"Replaced assets [\"KhmerOSSiemreapRegular.ttf\"]","meta":{"rootId":"mofk5xom2hzbdoa","id":"mofk5xom2hzbdoa"},"id":"1kpnc2yr2aieu1k","previousOperationId":"laakujzzrew7ij5"}
{"type":"operationStart","subtype":"engine","name":"handlebars","timestamp":1731228611826,"id":"m8f0tjqf4w2r3uf","previousEventId":"wyh5a68crmqic7c","operationId":"9t2hjaaerenrv08","previousOperationId":"laakujzzrew7ij5"}
{"type":"log","timestamp":1731228611826,"level":"debug","message":"Rendering engine handlebars","meta":{"rootId":"mofk5xom2hzbdoa","id":"mofk5xom2hzbdoa"},"id":"3q7m6xobs9x4dke","previousOperationId":"9t2hjaaerenrv08"}
{"type":"operationEnd","operationId":"9t2hjaaerenrv08","timestamp":1731228611843,"id":"8lh68ulmend1wp5","previousEventId":"m8f0tjqf4w2r3uf","previousOperationId":"9t2hjaaerenrv08"}
{"type":"operationStart","subtype":"recipe","name":"html-to-xlsx","timestamp":1731228611847,"id":"dwjr7913ny7l1c3","previousEventId":"8lh68ulmend1wp5","operationId":"w7mn0avu3ehqaxo","previousOperationId":"9t2hjaaerenrv08"}
{"type":"log","timestamp":1731228611847,"level":"debug","message":"Executing recipe html-to-xlsx","meta":{"rootId":"mofk5xom2hzbdoa","id":"mofk5xom2hzbdoa"},"id":"hicw56g7vu97uqt","previousOperationId":"w7mn0avu3ehqaxo"}
{"type":"log","timestamp":1731228611847,"level":"info","message":"html-to-xlsx generation is starting","meta":{"rootId":"mofk5xom2hzbdoa","id":"mofk5xom2hzbdoa"},"id":"ihkltqhpzlp34ms","previousOperationId":"w7mn0avu3ehqaxo"}
{"type":"log","timestamp":1731228612647,"level":"info","message":"html-to-xlsx generation was finished","meta":{"rootId":"mofk5xom2hzbdoa","id":"mofk5xom2hzbdoa"},"id":"v3aovsa492ce4u4","previousOperationId":"w7mn0avu3ehqaxo"}
{"type":"log","timestamp":1731228612647,"level":"debug","message":"preparing office preview","meta":{"rootId":"mofk5xom2hzbdoa","id":"mofk5xom2hzbdoa"},"id":"ixhzl7tbqpn43h7","previousOperationId":"w7mn0avu3ehqaxo"}
{"type":"operationEnd","operationId":"w7mn0avu3ehqaxo","timestamp":1731228613089,"id":"a82bq25dpmodnh6","previousEventId":"dwjr7913ny7l1c3","previousOperationId":"w7mn0avu3ehqaxo"}
{"type":"log","timestamp":1731228613089,"level":"debug","message":"Skipping storing report.","meta":{"rootId":"mofk5xom2hzbdoa","id":"mofk5xom2hzbdoa"},"id":"ay6787ceoyxh0rt","previousOperationId":"w7mn0avu3ehqaxo"}
{"type":"log","timestamp":1731228613089,"level":"info","message":"Rendering request 155 finished in 1277 ms","meta":{"rootId":"mofk5xom2hzbdoa","id":"mofk5xom2hzbdoa"},"id":"r9rf167f1q3ksnk","previousOperationId":"w7mn0avu3ehqaxo"}
{"type":"operationEnd","subtype":"render","operationId":"laakujzzrew7ij5","timestamp":1731228613089,"id":"mim546e43xj2zb8","previousEventId":"a82bq25dpmodnh6","previousOperationId":"w7mn0avu3ehqaxo"}
{"type":"operationEnd","doDiffs":false,"previousEventId":"mu9889ain1ldirk","previousOperationId":"uld39c0lap5xhnh","operationId":"uld39c0lap5xhnh","timestamp":1731228613091,"id":"x9mranjkjgullsv"}
