{"type":"operationStart","subtype":"profile","data":{"_id":"ROPtJ817c4JDhuD1","timestamp":"2024-11-10T15:15:51.253Z","state":"queued","mode":"standard","creationDate":"2024-11-10T15:15:51.254Z","modificationDate":"2024-11-10T15:15:51.254Z","shortid":"_n3YNj_","inheritedReadPermissions":[],"inheritedEditPermissions":[],"$entitySet":"profiles"},"doDiffs":false,"timestamp":1731251751253,"id":"eg9itfhvuvytwo3","previousOperationId":null,"operationId":"p20laz8au1l824n"}
{"type":"log","level":"info","message":"Render request 194 queued for execution and waiting for available worker","previousOperationId":"p20laz8au1l824n","timestamp":1731251751253,"id":"okvlp7a577mv4ay"}
{"type":"operationStart","subtype":"render","name":"new-excl-template","previousOperationId":"p20laz8au1l824n","timestamp":1731251751259,"id":"cnjfq5m712ys8nb","previousEventId":"eg9itfhvuvytwo3","operationId":"so2yjyqnti91ezr"}
{"type":"log","timestamp":1731251751259,"level":"info","message":"Starting rendering request 194 (user: admin)","meta":{"rootId":"mpridebx60oyjqv","id":"mpridebx60oyjqv"},"id":"62pss2geo3z4sas","previousOperationId":"so2yjyqnti91ezr"}
{"type":"log","timestamp":1731251751259,"level":"info","message":"Rendering template { name: new-excl-template, recipe: html-to-xlsx, engine: handlebars, preview: false }","meta":{"rootId":"mpridebx60oyjqv","id":"mpridebx60oyjqv"},"id":"x59m6d0nb8al1bf","previousOperationId":"so2yjyqnti91ezr"}
{"type":"log","timestamp":1731251751260,"level":"debug","message":"Adding sample data pVkbCM7am","meta":{"rootId":"mpridebx60oyjqv","id":"mpridebx60oyjqv"},"id":"8vzfwfonhx79c1a","previousOperationId":"so2yjyqnti91ezr"}
{"type":"log","timestamp":1731251751261,"level":"debug","message":"Base url not specified, skipping its injection.","meta":{"rootId":"mpridebx60oyjqv","id":"mpridebx60oyjqv"},"id":"0sdli3l28iofwqj","previousOperationId":"so2yjyqnti91ezr"}
{"type":"log","timestamp":1731251751262,"level":"debug","message":"Replaced assets [\"KhmerOSSiemreapRegular.ttf\"]","meta":{"rootId":"mpridebx60oyjqv","id":"mpridebx60oyjqv"},"id":"66a88rilc19ewyc","previousOperationId":"so2yjyqnti91ezr"}
{"type":"operationStart","subtype":"engine","name":"handlebars","timestamp":1731251751262,"id":"u157c9q2ercxi54","previousEventId":"cnjfq5m712ys8nb","operationId":"xpi94d496i2r4vw","previousOperationId":"so2yjyqnti91ezr"}
{"type":"log","timestamp":1731251751262,"level":"debug","message":"Rendering engine handlebars","meta":{"rootId":"mpridebx60oyjqv","id":"mpridebx60oyjqv"},"id":"808egnxrec0n1km","previousOperationId":"xpi94d496i2r4vw"}
{"type":"operationEnd","operationId":"xpi94d496i2r4vw","timestamp":1731251751270,"id":"7qt76moe5d68aym","previousEventId":"u157c9q2ercxi54","previousOperationId":"xpi94d496i2r4vw"}
{"type":"operationStart","subtype":"recipe","name":"html-to-xlsx","timestamp":1731251751272,"id":"tyanx3dsbcldqon","previousEventId":"7qt76moe5d68aym","operationId":"k31ovnwzr21vltn","previousOperationId":"xpi94d496i2r4vw"}
{"type":"log","timestamp":1731251751272,"level":"debug","message":"Executing recipe html-to-xlsx","meta":{"rootId":"mpridebx60oyjqv","id":"mpridebx60oyjqv"},"id":"lg8sjqylkbxima4","previousOperationId":"k31ovnwzr21vltn"}
{"type":"log","timestamp":1731251751272,"level":"info","message":"html-to-xlsx generation is starting","meta":{"rootId":"mpridebx60oyjqv","id":"mpridebx60oyjqv"},"id":"dudusx7vjdxj2at","previousOperationId":"k31ovnwzr21vltn"}
{"type":"log","timestamp":1731251751931,"level":"info","message":"html-to-xlsx generation was finished","meta":{"rootId":"mpridebx60oyjqv","id":"mpridebx60oyjqv"},"id":"y402ue2sao1ctpy","previousOperationId":"k31ovnwzr21vltn"}
{"type":"operationEnd","operationId":"k31ovnwzr21vltn","timestamp":1731251751932,"id":"4b4l4lj972rcyaw","previousEventId":"tyanx3dsbcldqon","previousOperationId":"k31ovnwzr21vltn"}
{"type":"log","timestamp":1731251751932,"level":"debug","message":"Skipping storing report.","meta":{"rootId":"mpridebx60oyjqv","id":"mpridebx60oyjqv"},"id":"wnuym2hxm0a525t","previousOperationId":"k31ovnwzr21vltn"}
{"type":"log","timestamp":1731251751932,"level":"info","message":"Rendering request 194 finished in 679 ms","meta":{"rootId":"mpridebx60oyjqv","id":"mpridebx60oyjqv"},"id":"7gw5y1utdig7kqq","previousOperationId":"k31ovnwzr21vltn"}
{"type":"operationEnd","subtype":"render","operationId":"so2yjyqnti91ezr","timestamp":1731251751932,"id":"vdkmsygf415wty6","previousEventId":"4b4l4lj972rcyaw","previousOperationId":"k31ovnwzr21vltn"}
{"type":"operationEnd","doDiffs":false,"previousEventId":"eg9itfhvuvytwo3","previousOperationId":"p20laz8au1l824n","operationId":"p20laz8au1l824n","timestamp":1731251751934,"id":"2f2fbljrgaom2c5"}
