{"type":"operationStart","subtype":"profile","data":{"_id":"BNQqjQLXJJ2Guiw8","timestamp":"2024-11-10T09:23:54.649Z","state":"queued","mode":"standard","creationDate":"2024-11-10T09:23:54.651Z","modificationDate":"2024-11-10T09:23:54.651Z","shortid":"lsnkFRh","inheritedReadPermissions":[],"inheritedEditPermissions":[],"$entitySet":"profiles"},"doDiffs":false,"timestamp":1731230634651,"id":"3e4fz3anw05yktv","previousOperationId":null,"operationId":"tz0ln2ud8luo8po"}
{"type":"log","level":"info","message":"Render request 209 queued for execution and waiting for available worker","previousOperationId":"tz0ln2ud8luo8po","timestamp":1731230634651,"id":"7afe0bmn2gi0owj"}
{"type":"operationStart","subtype":"render","name":"new-excl-template","previousOperationId":"tz0ln2ud8luo8po","timestamp":1731230634658,"id":"aw1n1o5uc96z82n","previousEventId":"3e4fz3anw05yktv","operationId":"3u71grbnyiutw81"}
{"type":"log","timestamp":1731230634658,"level":"info","message":"Starting rendering request 209 (user: admin)","meta":{"rootId":"mtnh1pmlz4t1jch","id":"mtnh1pmlz4t1jch"},"id":"wl5ss6ckvgt6owl","previousOperationId":"3u71grbnyiutw81"}
{"type":"log","timestamp":1731230634658,"level":"info","message":"Rendering template { name: new-excl-template, recipe: html-to-xlsx, engine: handlebars, preview: true }","meta":{"rootId":"mtnh1pmlz4t1jch","id":"mtnh1pmlz4t1jch"},"id":"gy29ywl8qk163b5","previousOperationId":"3u71grbnyiutw81"}
{"type":"log","timestamp":1731230634659,"level":"debug","message":"Inline data specified.","meta":{"rootId":"mtnh1pmlz4t1jch","id":"mtnh1pmlz4t1jch"},"id":"e9or8yrfs6v3qpq","previousOperationId":"3u71grbnyiutw81"}
{"type":"log","timestamp":1731230634660,"level":"debug","message":"Base url not specified, skipping its injection.","meta":{"rootId":"mtnh1pmlz4t1jch","id":"mtnh1pmlz4t1jch"},"id":"adqb1k3z2cqu5kl","previousOperationId":"3u71grbnyiutw81"}
{"type":"operationStart","subtype":"engine","name":"handlebars","timestamp":1731230634660,"id":"04d848rjzt03hmz","previousEventId":"aw1n1o5uc96z82n","operationId":"lu91ehsicv5ttsc","previousOperationId":"3u71grbnyiutw81"}
{"type":"log","timestamp":1731230634660,"level":"debug","message":"Rendering engine handlebars","meta":{"rootId":"mtnh1pmlz4t1jch","id":"mtnh1pmlz4t1jch"},"id":"pl47n2ub8fj7uiu","previousOperationId":"lu91ehsicv5ttsc"}
{"type":"operationEnd","operationId":"lu91ehsicv5ttsc","timestamp":1731230634668,"id":"b4layr0fvrey2ng","previousEventId":"04d848rjzt03hmz","previousOperationId":"lu91ehsicv5ttsc"}
{"type":"operationStart","subtype":"recipe","name":"html-to-xlsx","timestamp":1731230634668,"id":"jvgnpnwz1uxa64n","previousEventId":"b4layr0fvrey2ng","operationId":"a5abf3sf71oc49z","previousOperationId":"lu91ehsicv5ttsc"}
{"type":"log","timestamp":1731230634668,"level":"debug","message":"Executing recipe html-to-xlsx","meta":{"rootId":"mtnh1pmlz4t1jch","id":"mtnh1pmlz4t1jch"},"id":"c7bc0ehbgexhwl5","previousOperationId":"a5abf3sf71oc49z"}
{"type":"log","timestamp":1731230634669,"level":"info","message":"html-to-xlsx generation is starting","meta":{"rootId":"mtnh1pmlz4t1jch","id":"mtnh1pmlz4t1jch"},"id":"j141s8giyjb9wbe","previousOperationId":"a5abf3sf71oc49z"}
{"type":"log","timestamp":1731230635538,"level":"info","message":"html-to-xlsx generation was finished","meta":{"rootId":"mtnh1pmlz4t1jch","id":"mtnh1pmlz4t1jch"},"id":"9nrf69xixr6jduk","previousOperationId":"a5abf3sf71oc49z"}
{"type":"log","timestamp":1731230635538,"level":"debug","message":"preparing office preview","meta":{"rootId":"mtnh1pmlz4t1jch","id":"mtnh1pmlz4t1jch"},"id":"c3nw5grkzq9ruy0","previousOperationId":"a5abf3sf71oc49z"}
{"type":"operationEnd","operationId":"a5abf3sf71oc49z","timestamp":1731230636005,"id":"4rggbofsxgel813","previousEventId":"jvgnpnwz1uxa64n","previousOperationId":"a5abf3sf71oc49z"}
{"type":"log","timestamp":1731230636005,"level":"debug","message":"Skipping storing report.","meta":{"rootId":"mtnh1pmlz4t1jch","id":"mtnh1pmlz4t1jch"},"id":"hxuf8gziftks44v","previousOperationId":"a5abf3sf71oc49z"}
{"type":"log","timestamp":1731230636005,"level":"info","message":"Rendering request 209 finished in 1356 ms","meta":{"rootId":"mtnh1pmlz4t1jch","id":"mtnh1pmlz4t1jch"},"id":"3857hn3arrctb0r","previousOperationId":"a5abf3sf71oc49z"}
{"type":"operationEnd","subtype":"render","operationId":"3u71grbnyiutw81","timestamp":1731230636005,"id":"2qihs17855y0bbk","previousEventId":"4rggbofsxgel813","previousOperationId":"a5abf3sf71oc49z"}
{"type":"operationEnd","doDiffs":false,"previousEventId":"3e4fz3anw05yktv","previousOperationId":"tz0ln2ud8luo8po","operationId":"tz0ln2ud8luo8po","timestamp":1731230636008,"id":"negsc66y9oxq6jc"}
