{"type":"operationStart","subtype":"profile","data":{"_id":"PKU9QRObkb2n7c9F","timestamp":"2024-11-10T13:15:31.853Z","state":"queued","mode":"standard","creationDate":"2024-11-10T13:15:31.855Z","modificationDate":"2024-11-10T13:15:31.855Z","shortid":"h1T2QMo","inheritedReadPermissions":[],"inheritedEditPermissions":[],"$entitySet":"profiles"},"doDiffs":false,"timestamp":1731244531854,"id":"391g7iwwzlo7413","previousOperationId":null,"operationId":"i8810gxgtk6yxb2"}
{"type":"log","level":"info","message":"Render request 32 queued for execution and waiting for available worker","previousOperationId":"i8810gxgtk6yxb2","timestamp":1731244531854,"id":"obazd8pk06iwp8j"}
{"type":"operationStart","subtype":"render","name":"new-excl-template","previousOperationId":"i8810gxgtk6yxb2","timestamp":1731244531863,"id":"6et21g08j3ix78n","previousEventId":"391g7iwwzlo7413","operationId":"80nuwz2dzt3dpvt"}
{"type":"log","timestamp":1731244531863,"level":"info","message":"Starting rendering request 32 (user: admin)","meta":{"rootId":"mtobtz7q3ldl4kz","id":"mtobtz7q3ldl4kz"},"id":"7za12gd57y62dmk","previousOperationId":"80nuwz2dzt3dpvt"}
{"type":"log","timestamp":1731244531863,"level":"info","message":"Rendering template { name: new-excl-template, recipe: html-to-xlsx, engine: handlebars, preview: true }","meta":{"rootId":"mtobtz7q3ldl4kz","id":"mtobtz7q3ldl4kz"},"id":"pk8yh7d1r798c1f","previousOperationId":"80nuwz2dzt3dpvt"}
{"type":"log","timestamp":1731244531864,"level":"debug","message":"Inline data specified.","meta":{"rootId":"mtobtz7q3ldl4kz","id":"mtobtz7q3ldl4kz"},"id":"p5hpoyswb9frtgw","previousOperationId":"80nuwz2dzt3dpvt"}
{"type":"log","timestamp":1731244531866,"level":"debug","message":"Base url not specified, skipping its injection.","meta":{"rootId":"mtobtz7q3ldl4kz","id":"mtobtz7q3ldl4kz"},"id":"u7p5s0c890ok28p","previousOperationId":"80nuwz2dzt3dpvt"}
{"type":"log","timestamp":1731244531870,"level":"debug","message":"Replaced assets [\"KhmerOSSiemreapRegular.ttf\"]","meta":{"rootId":"mtobtz7q3ldl4kz","id":"mtobtz7q3ldl4kz"},"id":"85awxnhahpjjtdc","previousOperationId":"80nuwz2dzt3dpvt"}
{"type":"operationStart","subtype":"engine","name":"handlebars","timestamp":1731244531870,"id":"j40vwqy7pg03ie0","previousEventId":"6et21g08j3ix78n","operationId":"w4a60loyqjzcd28","previousOperationId":"80nuwz2dzt3dpvt"}
{"type":"log","timestamp":1731244531871,"level":"debug","message":"Rendering engine handlebars","meta":{"rootId":"mtobtz7q3ldl4kz","id":"mtobtz7q3ldl4kz"},"id":"4k27n9cswbt7k1o","previousOperationId":"w4a60loyqjzcd28"}
{"type":"operationEnd","operationId":"w4a60loyqjzcd28","timestamp":1731244531891,"id":"upxjngibjlebusb","previousEventId":"j40vwqy7pg03ie0","previousOperationId":"w4a60loyqjzcd28"}
{"type":"operationStart","subtype":"recipe","name":"html-to-xlsx","timestamp":1731244531893,"id":"s7jov50q7yohmpx","previousEventId":"upxjngibjlebusb","operationId":"m6vfmjawx8noy12","previousOperationId":"w4a60loyqjzcd28"}
{"type":"log","timestamp":1731244531893,"level":"debug","message":"Executing recipe html-to-xlsx","meta":{"rootId":"mtobtz7q3ldl4kz","id":"mtobtz7q3ldl4kz"},"id":"b59rfggpjwy0t4f","previousOperationId":"m6vfmjawx8noy12"}
{"type":"log","timestamp":1731244531893,"level":"info","message":"html-to-xlsx generation is starting","meta":{"rootId":"mtobtz7q3ldl4kz","id":"mtobtz7q3ldl4kz"},"id":"tbh6fu76tzqavsi","previousOperationId":"m6vfmjawx8noy12"}
{"type":"log","timestamp":1731244532505,"level":"info","message":"html-to-xlsx generation was finished","meta":{"rootId":"mtobtz7q3ldl4kz","id":"mtobtz7q3ldl4kz"},"id":"ozev82j0b64vzom","previousOperationId":"m6vfmjawx8noy12"}
{"type":"log","timestamp":1731244532505,"level":"debug","message":"preparing office preview","meta":{"rootId":"mtobtz7q3ldl4kz","id":"mtobtz7q3ldl4kz"},"id":"mp94klcnyyn1zw6","previousOperationId":"m6vfmjawx8noy12"}
{"type":"operationEnd","operationId":"m6vfmjawx8noy12","timestamp":1731244532983,"id":"y9ah7k8h9kmewoy","previousEventId":"s7jov50q7yohmpx","previousOperationId":"m6vfmjawx8noy12"}
{"type":"log","timestamp":1731244532983,"level":"debug","message":"Skipping storing report.","meta":{"rootId":"mtobtz7q3ldl4kz","id":"mtobtz7q3ldl4kz"},"id":"mbm7ckmpdbhjoa3","previousOperationId":"m6vfmjawx8noy12"}
{"type":"log","timestamp":1731244532983,"level":"info","message":"Rendering request 32 finished in 1130 ms","meta":{"rootId":"mtobtz7q3ldl4kz","id":"mtobtz7q3ldl4kz"},"id":"bxy4rnes9q62kc2","previousOperationId":"m6vfmjawx8noy12"}
{"type":"operationEnd","subtype":"render","operationId":"80nuwz2dzt3dpvt","timestamp":1731244532983,"id":"jy1dnzg1izildyz","previousEventId":"y9ah7k8h9kmewoy","previousOperationId":"m6vfmjawx8noy12"}
{"type":"operationEnd","doDiffs":false,"previousEventId":"391g7iwwzlo7413","previousOperationId":"i8810gxgtk6yxb2","operationId":"i8810gxgtk6yxb2","timestamp":1731244532986,"id":"mjwwmqum9gs4rcf"}
