{"type":"operationStart","subtype":"profile","data":{"_id":"jLbMJ3FE1AKLKVfw","timestamp":"2024-11-10T09:15:26.954Z","state":"queued","mode":"standard","creationDate":"2024-11-10T09:15:26.957Z","modificationDate":"2024-11-10T09:15:26.957Z","shortid":"SLVvTke","inheritedReadPermissions":[],"inheritedEditPermissions":[],"$entitySet":"profiles"},"doDiffs":false,"timestamp":1731230126956,"id":"9r0vlqyodb214qs","previousOperationId":null,"operationId":"r42d5gs1jkdvcjt"}
{"type":"log","level":"info","message":"Render request 189 queued for execution and waiting for available worker","previousOperationId":"r42d5gs1jkdvcjt","timestamp":1731230126956,"id":"6doxh6oevfqqp6n"}
{"type":"operationStart","subtype":"render","name":"new-excl-template","previousOperationId":"r42d5gs1jkdvcjt","timestamp":1731230126965,"id":"k0m1rpxrx8nqptp","previousEventId":"9r0vlqyodb214qs","operationId":"h7gkg0t71vcnj69"}
{"type":"log","timestamp":1731230126965,"level":"info","message":"Starting rendering request 189 (user: admin)","meta":{"rootId":"n02idspasofu2gx","id":"n02idspasofu2gx"},"id":"smoetikvxfpyjfg","previousOperationId":"h7gkg0t71vcnj69"}
{"type":"log","timestamp":1731230126965,"level":"info","message":"Rendering template { name: new-excl-template, recipe: html-to-xlsx, engine: handlebars, preview: true }","meta":{"rootId":"n02idspasofu2gx","id":"n02idspasofu2gx"},"id":"y3uc03cslw6sikw","previousOperationId":"h7gkg0t71vcnj69"}
{"type":"log","timestamp":1731230126965,"level":"debug","message":"Inline data specified.","meta":{"rootId":"n02idspasofu2gx","id":"n02idspasofu2gx"},"id":"q27o9xdpmwdeae2","previousOperationId":"h7gkg0t71vcnj69"}
{"type":"log","timestamp":1731230126967,"level":"debug","message":"Base url not specified, skipping its injection.","meta":{"rootId":"n02idspasofu2gx","id":"n02idspasofu2gx"},"id":"qmxn0o021z0l2ym","previousOperationId":"h7gkg0t71vcnj69"}
{"type":"log","timestamp":1731230126969,"level":"debug","message":"Replaced assets [\"KhmerOSSiemreapRegular.ttf\"]","meta":{"rootId":"n02idspasofu2gx","id":"n02idspasofu2gx"},"id":"6wppps1eazgz3u3","previousOperationId":"h7gkg0t71vcnj69"}
{"type":"operationStart","subtype":"engine","name":"handlebars","timestamp":1731230126969,"id":"3ltvo8retwjlk9m","previousEventId":"k0m1rpxrx8nqptp","operationId":"foaychmndx1jqgr","previousOperationId":"h7gkg0t71vcnj69"}
{"type":"log","timestamp":1731230126969,"level":"debug","message":"Rendering engine handlebars","meta":{"rootId":"n02idspasofu2gx","id":"n02idspasofu2gx"},"id":"n8pzly9jfmci4mp","previousOperationId":"foaychmndx1jqgr"}
{"type":"operationEnd","operationId":"foaychmndx1jqgr","timestamp":1731230126980,"id":"59l0qhkavj8g7q7","previousEventId":"3ltvo8retwjlk9m","previousOperationId":"foaychmndx1jqgr"}
{"type":"operationStart","subtype":"recipe","name":"html-to-xlsx","timestamp":1731230126981,"id":"5kk2gvc9jaau52q","previousEventId":"59l0qhkavj8g7q7","operationId":"iba8ham0km7ppyh","previousOperationId":"foaychmndx1jqgr"}
{"type":"log","timestamp":1731230126981,"level":"debug","message":"Executing recipe html-to-xlsx","meta":{"rootId":"n02idspasofu2gx","id":"n02idspasofu2gx"},"id":"dqvjhiqfolcozs4","previousOperationId":"iba8ham0km7ppyh"}
{"type":"log","timestamp":1731230126981,"level":"info","message":"html-to-xlsx generation is starting","meta":{"rootId":"n02idspasofu2gx","id":"n02idspasofu2gx"},"id":"0c6zpdacbtevupd","previousOperationId":"iba8ham0km7ppyh"}
{"type":"log","timestamp":1731230128338,"level":"info","message":"html-to-xlsx generation was finished","meta":{"rootId":"n02idspasofu2gx","id":"n02idspasofu2gx"},"id":"pp41165dpr2qmns","previousOperationId":"iba8ham0km7ppyh"}
{"type":"log","timestamp":1731230128338,"level":"debug","message":"preparing office preview","meta":{"rootId":"n02idspasofu2gx","id":"n02idspasofu2gx"},"id":"eob280wsjtcgha8","previousOperationId":"iba8ham0km7ppyh"}
{"type":"operationEnd","operationId":"iba8ham0km7ppyh","timestamp":1731230129062,"id":"zoyz40hge8xcl5o","previousEventId":"5kk2gvc9jaau52q","previousOperationId":"iba8ham0km7ppyh"}
{"type":"log","timestamp":1731230129062,"level":"debug","message":"Skipping storing report.","meta":{"rootId":"n02idspasofu2gx","id":"n02idspasofu2gx"},"id":"jvqq9i5xi0uinyz","previousOperationId":"iba8ham0km7ppyh"}
{"type":"log","timestamp":1731230129062,"level":"info","message":"Rendering request 189 finished in 2108 ms","meta":{"rootId":"n02idspasofu2gx","id":"n02idspasofu2gx"},"id":"9wc1h3tn9vjpvqb","previousOperationId":"iba8ham0km7ppyh"}
{"type":"operationEnd","subtype":"render","operationId":"h7gkg0t71vcnj69","timestamp":1731230129062,"id":"uhhavvdh3eaohd1","previousEventId":"zoyz40hge8xcl5o","previousOperationId":"iba8ham0km7ppyh"}
{"type":"operationEnd","doDiffs":false,"previousEventId":"9r0vlqyodb214qs","previousOperationId":"r42d5gs1jkdvcjt","operationId":"r42d5gs1jkdvcjt","timestamp":1731230129064,"id":"zqjiozil8eq8rh9"}
