{"type":"operationStart","subtype":"profile","data":{"_id":"eSKVFeqMge5m11Jn","timestamp":"2024-11-10T15:09:54.540Z","state":"queued","mode":"standard","creationDate":"2024-11-10T15:09:54.541Z","modificationDate":"2024-11-10T15:09:54.541Z","shortid":"Bz6O66O","inheritedReadPermissions":[],"inheritedEditPermissions":[],"$entitySet":"profiles"},"doDiffs":false,"timestamp":1731251394541,"id":"4yeay3e8k56s2wj","previousOperationId":null,"operationId":"ui46ge9fi5l8usq"}
{"type":"log","level":"info","message":"Render request 188 queued for execution and waiting for available worker","previousOperationId":"ui46ge9fi5l8usq","timestamp":1731251394541,"id":"tltvnva5gt3k570"}
{"type":"operationStart","subtype":"render","name":"new-excl-template","previousOperationId":"ui46ge9fi5l8usq","timestamp":1731251394545,"id":"lvzuimasirgnwc3","previousEventId":"4yeay3e8k56s2wj","operationId":"iwm85xq3mg5bfvh"}
{"type":"log","timestamp":1731251394545,"level":"info","message":"Starting rendering request 188 (user: admin)","meta":{"rootId":"n1ogxzlo76r8lc3","id":"n1ogxzlo76r8lc3"},"id":"far0lbkjtwn4bg7","previousOperationId":"iwm85xq3mg5bfvh"}
{"type":"log","timestamp":1731251394545,"level":"info","message":"Rendering template { name: new-excl-template, recipe: html-to-xlsx, engine: handlebars, preview: false }","meta":{"rootId":"n1ogxzlo76r8lc3","id":"n1ogxzlo76r8lc3"},"id":"t9mgy1l17gyvf6c","previousOperationId":"iwm85xq3mg5bfvh"}
{"type":"log","timestamp":1731251394546,"level":"debug","message":"Adding sample data pVkbCM7am","meta":{"rootId":"n1ogxzlo76r8lc3","id":"n1ogxzlo76r8lc3"},"id":"2fn9awsxggl5ma8","previousOperationId":"iwm85xq3mg5bfvh"}
{"type":"log","timestamp":1731251394547,"level":"debug","message":"Base url not specified, skipping its injection.","meta":{"rootId":"n1ogxzlo76r8lc3","id":"n1ogxzlo76r8lc3"},"id":"sgbha0nxigpqgck","previousOperationId":"iwm85xq3mg5bfvh"}
{"type":"log","timestamp":1731251394549,"level":"debug","message":"Replaced assets [\"KhmerOSSiemreapRegular.ttf\"]","meta":{"rootId":"n1ogxzlo76r8lc3","id":"n1ogxzlo76r8lc3"},"id":"5wqrtva8my7z5sk","previousOperationId":"iwm85xq3mg5bfvh"}
{"type":"operationStart","subtype":"engine","name":"handlebars","timestamp":1731251394549,"id":"4je5bxmdl9rd2ce","previousEventId":"lvzuimasirgnwc3","operationId":"ic2yf7e98upo93u","previousOperationId":"iwm85xq3mg5bfvh"}
{"type":"log","timestamp":1731251394549,"level":"debug","message":"Rendering engine handlebars","meta":{"rootId":"n1ogxzlo76r8lc3","id":"n1ogxzlo76r8lc3"},"id":"cqcv1rgq25ldelo","previousOperationId":"ic2yf7e98upo93u"}
{"type":"operationEnd","operationId":"ic2yf7e98upo93u","timestamp":1731251394554,"id":"2opi5l8rcl45kuc","previousEventId":"4je5bxmdl9rd2ce","previousOperationId":"ic2yf7e98upo93u"}
{"type":"operationStart","subtype":"recipe","name":"html-to-xlsx","timestamp":1731251394555,"id":"n7desrzj2vn62bs","previousEventId":"2opi5l8rcl45kuc","operationId":"qhrjqqk8ju3q2um","previousOperationId":"ic2yf7e98upo93u"}
{"type":"log","timestamp":1731251394555,"level":"debug","message":"Executing recipe html-to-xlsx","meta":{"rootId":"n1ogxzlo76r8lc3","id":"n1ogxzlo76r8lc3"},"id":"2yds3le37jlfu8d","previousOperationId":"qhrjqqk8ju3q2um"}
{"type":"log","timestamp":1731251394555,"level":"info","message":"html-to-xlsx generation is starting","meta":{"rootId":"n1ogxzlo76r8lc3","id":"n1ogxzlo76r8lc3"},"id":"lvun92uj9ovkfl5","previousOperationId":"qhrjqqk8ju3q2um"}
{"type":"log","timestamp":1731251395110,"level":"info","message":"html-to-xlsx generation was finished","meta":{"rootId":"n1ogxzlo76r8lc3","id":"n1ogxzlo76r8lc3"},"id":"55y5lmkf77m489x","previousOperationId":"qhrjqqk8ju3q2um"}
{"type":"operationEnd","operationId":"qhrjqqk8ju3q2um","timestamp":1731251395111,"id":"fcjlcle9ra8x1a1","previousEventId":"n7desrzj2vn62bs","previousOperationId":"qhrjqqk8ju3q2um"}
{"type":"log","timestamp":1731251395111,"level":"debug","message":"Skipping storing report.","meta":{"rootId":"n1ogxzlo76r8lc3","id":"n1ogxzlo76r8lc3"},"id":"zkjn1d8nz09g717","previousOperationId":"qhrjqqk8ju3q2um"}
{"type":"log","timestamp":1731251395111,"level":"info","message":"Rendering request 188 finished in 571 ms","meta":{"rootId":"n1ogxzlo76r8lc3","id":"n1ogxzlo76r8lc3"},"id":"vgcwrhkfh911a6m","previousOperationId":"qhrjqqk8ju3q2um"}
{"type":"operationEnd","subtype":"render","operationId":"iwm85xq3mg5bfvh","timestamp":1731251395111,"id":"l8rknf2ghpp6fc5","previousEventId":"fcjlcle9ra8x1a1","previousOperationId":"qhrjqqk8ju3q2um"}
{"type":"operationEnd","doDiffs":false,"previousEventId":"4yeay3e8k56s2wj","previousOperationId":"ui46ge9fi5l8usq","operationId":"ui46ge9fi5l8usq","timestamp":1731251395112,"id":"wdi1m4mb4ppmkvg"}
