{"type":"operationStart","subtype":"profile","data":{"_id":"FJQLOm7jyBOUKx6p","timestamp":"2024-11-10T13:41:27.455Z","state":"queued","mode":"standard","creationDate":"2024-11-10T13:41:27.457Z","modificationDate":"2024-11-10T13:41:27.457Z","shortid":"PEj7T_Z","inheritedReadPermissions":[],"inheritedEditPermissions":[],"$entitySet":"profiles"},"doDiffs":false,"timestamp":1731246087456,"id":"aqfn51tg434wztz","previousOperationId":null,"operationId":"6oy0cjytntjwary"}
{"type":"log","level":"info","message":"Render request 73 queued for execution and waiting for available worker","previousOperationId":"6oy0cjytntjwary","timestamp":1731246087456,"id":"ixmjb78hrqvn11i"}
{"type":"operationStart","subtype":"render","name":"new-excl-template","previousOperationId":"6oy0cjytntjwary","timestamp":1731246087466,"id":"kn0rlni45xsfnzm","previousEventId":"aqfn51tg434wztz","operationId":"0u6fgpp8iddnr8x"}
{"type":"log","timestamp":1731246087466,"level":"info","message":"Starting rendering request 73 (user: admin)","meta":{"rootId":"n4zy9xknkqn32az","id":"n4zy9xknkqn32az"},"id":"870h5zezgmo21ye","previousOperationId":"0u6fgpp8iddnr8x"}
{"type":"log","timestamp":1731246087466,"level":"info","message":"Rendering template { name: new-excl-template, recipe: html-to-xlsx, engine: handlebars, preview: true }","meta":{"rootId":"n4zy9xknkqn32az","id":"n4zy9xknkqn32az"},"id":"ezzx41nwimb8134","previousOperationId":"0u6fgpp8iddnr8x"}
{"type":"log","timestamp":1731246087467,"level":"debug","message":"Inline data specified.","meta":{"rootId":"n4zy9xknkqn32az","id":"n4zy9xknkqn32az"},"id":"ns1c95t5gj5e5vq","previousOperationId":"0u6fgpp8iddnr8x"}
{"type":"log","timestamp":1731246087468,"level":"debug","message":"Base url not specified, skipping its injection.","meta":{"rootId":"n4zy9xknkqn32az","id":"n4zy9xknkqn32az"},"id":"8iozanjrfamkksc","previousOperationId":"0u6fgpp8iddnr8x"}
{"type":"log","timestamp":1731246087469,"level":"debug","message":"Replaced assets [\"KhmerOSSiemreapRegular.ttf\"]","meta":{"rootId":"n4zy9xknkqn32az","id":"n4zy9xknkqn32az"},"id":"8wneozscr3z47so","previousOperationId":"0u6fgpp8iddnr8x"}
{"type":"operationStart","subtype":"engine","name":"handlebars","timestamp":1731246087469,"id":"mbpqbdm06ipom7y","previousEventId":"kn0rlni45xsfnzm","operationId":"ko8zk5o57667h9k","previousOperationId":"0u6fgpp8iddnr8x"}
{"type":"log","timestamp":1731246087469,"level":"debug","message":"Rendering engine handlebars","meta":{"rootId":"n4zy9xknkqn32az","id":"n4zy9xknkqn32az"},"id":"auvsp50auieuyb5","previousOperationId":"ko8zk5o57667h9k"}
{"type":"operationEnd","operationId":"ko8zk5o57667h9k","timestamp":1731246087486,"id":"s7jcb20h43wa7dp","previousEventId":"mbpqbdm06ipom7y","previousOperationId":"ko8zk5o57667h9k"}
{"type":"operationStart","subtype":"recipe","name":"html-to-xlsx","timestamp":1731246087487,"id":"a7sppbsvjrtz8x6","previousEventId":"s7jcb20h43wa7dp","operationId":"qboi2myd2kpj7go","previousOperationId":"ko8zk5o57667h9k"}
{"type":"log","timestamp":1731246087487,"level":"debug","message":"Executing recipe html-to-xlsx","meta":{"rootId":"n4zy9xknkqn32az","id":"n4zy9xknkqn32az"},"id":"xgfrr1wmzetjah2","previousOperationId":"qboi2myd2kpj7go"}
{"type":"log","timestamp":1731246087487,"level":"info","message":"html-to-xlsx generation is starting","meta":{"rootId":"n4zy9xknkqn32az","id":"n4zy9xknkqn32az"},"id":"vhpnc05p2w8j6je","previousOperationId":"qboi2myd2kpj7go"}
{"type":"log","timestamp":1731246088063,"level":"info","message":"html-to-xlsx generation was finished","meta":{"rootId":"n4zy9xknkqn32az","id":"n4zy9xknkqn32az"},"id":"frg25b6yzm4wtyu","previousOperationId":"qboi2myd2kpj7go"}
{"type":"log","timestamp":1731246088063,"level":"debug","message":"preparing office preview","meta":{"rootId":"n4zy9xknkqn32az","id":"n4zy9xknkqn32az"},"id":"f8y4dx499p6jrcw","previousOperationId":"qboi2myd2kpj7go"}
{"type":"operationEnd","operationId":"qboi2myd2kpj7go","timestamp":1731246088520,"id":"knh97cz603o03am","previousEventId":"a7sppbsvjrtz8x6","previousOperationId":"qboi2myd2kpj7go"}
{"type":"log","timestamp":1731246088520,"level":"debug","message":"Skipping storing report.","meta":{"rootId":"n4zy9xknkqn32az","id":"n4zy9xknkqn32az"},"id":"0i0irkollmnih6m","previousOperationId":"qboi2myd2kpj7go"}
{"type":"log","timestamp":1731246088520,"level":"info","message":"Rendering request 73 finished in 1065 ms","meta":{"rootId":"n4zy9xknkqn32az","id":"n4zy9xknkqn32az"},"id":"mki9z8ec5vefzf9","previousOperationId":"qboi2myd2kpj7go"}
{"type":"operationEnd","subtype":"render","operationId":"0u6fgpp8iddnr8x","timestamp":1731246088520,"id":"bynxwslch15d2eo","previousEventId":"knh97cz603o03am","previousOperationId":"qboi2myd2kpj7go"}
{"type":"operationEnd","doDiffs":false,"previousEventId":"aqfn51tg434wztz","previousOperationId":"6oy0cjytntjwary","operationId":"6oy0cjytntjwary","timestamp":1731246088523,"id":"pfdz0tlplsib56j"}
