{"type":"operationStart","subtype":"profile","data":{"_id":"f55OLrTg8uIrHQ4O","timestamp":"2024-11-10T13:13:55.712Z","state":"queued","mode":"standard","creationDate":"2024-11-10T13:13:55.713Z","modificationDate":"2024-11-10T13:13:55.713Z","shortid":"DXs2ycY","inheritedReadPermissions":[],"inheritedEditPermissions":[],"$entitySet":"profiles"},"doDiffs":false,"timestamp":1731244435712,"id":"1n9t7i1hmjempx7","previousOperationId":null,"operationId":"1dnl4uqvjeh4g5z"}
{"type":"log","level":"info","message":"Render request 28 queued for execution and waiting for available worker","previousOperationId":"1dnl4uqvjeh4g5z","timestamp":1731244435712,"id":"w2fz36u9byrsutv"}
{"type":"operationStart","subtype":"render","name":"new-excl-template","previousOperationId":"1dnl4uqvjeh4g5z","timestamp":1731244435719,"id":"j8bx3vsnsdettee","previousEventId":"1n9t7i1hmjempx7","operationId":"gk5pjs7v4kjnbk8"}
{"type":"log","timestamp":1731244435719,"level":"info","message":"Starting rendering request 28 (user: admin)","meta":{"rootId":"n5jcwniljnk58s9","id":"n5jcwniljnk58s9"},"id":"wq1tnkctdtoko0n","previousOperationId":"gk5pjs7v4kjnbk8"}
{"type":"log","timestamp":1731244435719,"level":"info","message":"Rendering template { name: new-excl-template, recipe: html-to-xlsx, engine: handlebars, preview: true }","meta":{"rootId":"n5jcwniljnk58s9","id":"n5jcwniljnk58s9"},"id":"2x6yomqnvbje7qz","previousOperationId":"gk5pjs7v4kjnbk8"}
{"type":"log","timestamp":1731244435720,"level":"debug","message":"Inline data specified.","meta":{"rootId":"n5jcwniljnk58s9","id":"n5jcwniljnk58s9"},"id":"848xjhf7ayh38jv","previousOperationId":"gk5pjs7v4kjnbk8"}
{"type":"log","timestamp":1731244435721,"level":"debug","message":"Base url not specified, skipping its injection.","meta":{"rootId":"n5jcwniljnk58s9","id":"n5jcwniljnk58s9"},"id":"hw5lwlep796xr0x","previousOperationId":"gk5pjs7v4kjnbk8"}
{"type":"log","timestamp":1731244435722,"level":"debug","message":"Replaced assets [\"KhmerOSSiemreapRegular.ttf\"]","meta":{"rootId":"n5jcwniljnk58s9","id":"n5jcwniljnk58s9"},"id":"kbpdzzmtep35n6v","previousOperationId":"gk5pjs7v4kjnbk8"}
{"type":"operationStart","subtype":"engine","name":"handlebars","timestamp":1731244435722,"id":"skdfz3crhvavgiq","previousEventId":"j8bx3vsnsdettee","operationId":"7k42qegc30lpkzo","previousOperationId":"gk5pjs7v4kjnbk8"}
{"type":"log","timestamp":1731244435722,"level":"debug","message":"Rendering engine handlebars","meta":{"rootId":"n5jcwniljnk58s9","id":"n5jcwniljnk58s9"},"id":"g9joyz1bo4zq5ta","previousOperationId":"7k42qegc30lpkzo"}
{"type":"operationEnd","operationId":"7k42qegc30lpkzo","timestamp":1731244435733,"id":"5fjywe491c25jkj","previousEventId":"skdfz3crhvavgiq","previousOperationId":"7k42qegc30lpkzo"}
{"type":"operationStart","subtype":"recipe","name":"html-to-xlsx","timestamp":1731244435734,"id":"irgmil8fzy3q6rm","previousEventId":"5fjywe491c25jkj","operationId":"0wbr0mlrj9a1gui","previousOperationId":"7k42qegc30lpkzo"}
{"type":"log","timestamp":1731244435734,"level":"debug","message":"Executing recipe html-to-xlsx","meta":{"rootId":"n5jcwniljnk58s9","id":"n5jcwniljnk58s9"},"id":"djeua9aalmj7beh","previousOperationId":"0wbr0mlrj9a1gui"}
{"type":"log","timestamp":1731244435734,"level":"info","message":"html-to-xlsx generation is starting","meta":{"rootId":"n5jcwniljnk58s9","id":"n5jcwniljnk58s9"},"id":"w8qc73zr2f4oslw","previousOperationId":"0wbr0mlrj9a1gui"}
{"type":"log","timestamp":1731244436286,"level":"info","message":"html-to-xlsx generation was finished","meta":{"rootId":"n5jcwniljnk58s9","id":"n5jcwniljnk58s9"},"id":"vnxisg7pb28dv4v","previousOperationId":"0wbr0mlrj9a1gui"}
{"type":"log","timestamp":1731244436286,"level":"debug","message":"preparing office preview","meta":{"rootId":"n5jcwniljnk58s9","id":"n5jcwniljnk58s9"},"id":"588ez3edcvdsx74","previousOperationId":"0wbr0mlrj9a1gui"}
{"type":"operationEnd","operationId":"0wbr0mlrj9a1gui","timestamp":1731244436798,"id":"yfbgz7ojhhpqf8m","previousEventId":"irgmil8fzy3q6rm","previousOperationId":"0wbr0mlrj9a1gui"}
{"type":"log","timestamp":1731244436798,"level":"debug","message":"Skipping storing report.","meta":{"rootId":"n5jcwniljnk58s9","id":"n5jcwniljnk58s9"},"id":"tpum0xc3uwdm25t","previousOperationId":"0wbr0mlrj9a1gui"}
{"type":"log","timestamp":1731244436798,"level":"info","message":"Rendering request 28 finished in 1086 ms","meta":{"rootId":"n5jcwniljnk58s9","id":"n5jcwniljnk58s9"},"id":"8x983g9qenglrhe","previousOperationId":"0wbr0mlrj9a1gui"}
{"type":"operationEnd","subtype":"render","operationId":"gk5pjs7v4kjnbk8","timestamp":1731244436798,"id":"2wo59nhiz903ozo","previousEventId":"yfbgz7ojhhpqf8m","previousOperationId":"0wbr0mlrj9a1gui"}
{"type":"operationEnd","doDiffs":false,"previousEventId":"1n9t7i1hmjempx7","previousOperationId":"1dnl4uqvjeh4g5z","operationId":"1dnl4uqvjeh4g5z","timestamp":1731244436800,"id":"nap7i74aj2bn5aj"}
