{"type":"operationStart","subtype":"profile","data":{"_id":"9CqfzonkatUuEQuH","timestamp":"2024-11-10T14:48:13.506Z","state":"queued","mode":"standard","creationDate":"2024-11-10T14:48:13.508Z","modificationDate":"2024-11-10T14:48:13.508Z","shortid":"6cb_tYB","inheritedReadPermissions":[],"inheritedEditPermissions":[],"$entitySet":"profiles"},"doDiffs":false,"timestamp":1731250093507,"id":"rs1u96vwrcyvi8r","previousOperationId":null,"operationId":"a57fzflh6cbkzl6"}
{"type":"log","level":"info","message":"Render request 172 queued for execution and waiting for available worker","previousOperationId":"a57fzflh6cbkzl6","timestamp":1731250093507,"id":"46h1fqco97id82r"}
{"type":"operationStart","subtype":"render","name":"new-excl-template","previousOperationId":"a57fzflh6cbkzl6","timestamp":1731250093518,"id":"4ch0h1at4le54ju","previousEventId":"rs1u96vwrcyvi8r","operationId":"0knx2r1z8kb0bwo"}
{"type":"log","timestamp":1731250093518,"level":"info","message":"Starting rendering request 172 (user: admin)","meta":{"rootId":"n5t90a8dqrk0swb","id":"n5t90a8dqrk0swb"},"id":"g6n7jwsko188yev","previousOperationId":"0knx2r1z8kb0bwo"}
{"type":"log","timestamp":1731250093518,"level":"info","message":"Rendering template { name: new-excl-template, recipe: html-to-xlsx, engine: handlebars, preview: true }","meta":{"rootId":"n5t90a8dqrk0swb","id":"n5t90a8dqrk0swb"},"id":"3266c948ujy8l1a","previousOperationId":"0knx2r1z8kb0bwo"}
{"type":"log","timestamp":1731250093519,"level":"debug","message":"Inline data specified.","meta":{"rootId":"n5t90a8dqrk0swb","id":"n5t90a8dqrk0swb"},"id":"19wd4ab1y0ttryo","previousOperationId":"0knx2r1z8kb0bwo"}
{"type":"log","timestamp":1731250093521,"level":"debug","message":"Base url not specified, skipping its injection.","meta":{"rootId":"n5t90a8dqrk0swb","id":"n5t90a8dqrk0swb"},"id":"16vljfpjcaii5ol","previousOperationId":"0knx2r1z8kb0bwo"}
{"type":"log","timestamp":1731250093523,"level":"debug","message":"Replaced assets [\"KhmerOSSiemreapRegular.ttf\"]","meta":{"rootId":"n5t90a8dqrk0swb","id":"n5t90a8dqrk0swb"},"id":"s50d46pz48h4r5s","previousOperationId":"0knx2r1z8kb0bwo"}
{"type":"operationStart","subtype":"engine","name":"handlebars","timestamp":1731250093523,"id":"cjfz01ibt24orhm","previousEventId":"4ch0h1at4le54ju","operationId":"w4igaiw4jw27yuy","previousOperationId":"0knx2r1z8kb0bwo"}
{"type":"log","timestamp":1731250093523,"level":"debug","message":"Rendering engine handlebars","meta":{"rootId":"n5t90a8dqrk0swb","id":"n5t90a8dqrk0swb"},"id":"bwk378i58z6h1r5","previousOperationId":"w4igaiw4jw27yuy"}
{"type":"operationEnd","operationId":"w4igaiw4jw27yuy","timestamp":1731250093543,"id":"xc57p9vofuqyxou","previousEventId":"cjfz01ibt24orhm","previousOperationId":"w4igaiw4jw27yuy"}
{"type":"operationStart","subtype":"recipe","name":"html-to-xlsx","timestamp":1731250093546,"id":"itqyyt07if3sb6n","previousEventId":"xc57p9vofuqyxou","operationId":"z798wn2g7c57qib","previousOperationId":"w4igaiw4jw27yuy"}
{"type":"log","timestamp":1731250093546,"level":"debug","message":"Executing recipe html-to-xlsx","meta":{"rootId":"n5t90a8dqrk0swb","id":"n5t90a8dqrk0swb"},"id":"5bde2s0n4iartxb","previousOperationId":"z798wn2g7c57qib"}
{"type":"log","timestamp":1731250093546,"level":"info","message":"html-to-xlsx generation is starting","meta":{"rootId":"n5t90a8dqrk0swb","id":"n5t90a8dqrk0swb"},"id":"pq1nbfs89lljh4j","previousOperationId":"z798wn2g7c57qib"}
{"type":"log","timestamp":1731250094207,"level":"info","message":"html-to-xlsx generation was finished","meta":{"rootId":"n5t90a8dqrk0swb","id":"n5t90a8dqrk0swb"},"id":"46fbl6lacvqi10k","previousOperationId":"z798wn2g7c57qib"}
{"type":"log","timestamp":1731250094207,"level":"debug","message":"preparing office preview","meta":{"rootId":"n5t90a8dqrk0swb","id":"n5t90a8dqrk0swb"},"id":"vdke3ly7crb70ns","previousOperationId":"z798wn2g7c57qib"}
{"type":"operationEnd","operationId":"z798wn2g7c57qib","timestamp":1731250094656,"id":"9xulp701ta0rtu5","previousEventId":"itqyyt07if3sb6n","previousOperationId":"z798wn2g7c57qib"}
{"type":"log","timestamp":1731250094656,"level":"debug","message":"Skipping storing report.","meta":{"rootId":"n5t90a8dqrk0swb","id":"n5t90a8dqrk0swb"},"id":"0fmt5p9cr376b73","previousOperationId":"z798wn2g7c57qib"}
{"type":"log","timestamp":1731250094656,"level":"info","message":"Rendering request 172 finished in 1150 ms","meta":{"rootId":"n5t90a8dqrk0swb","id":"n5t90a8dqrk0swb"},"id":"nrs92kknkksy5pw","previousOperationId":"z798wn2g7c57qib"}
{"type":"operationEnd","subtype":"render","operationId":"0knx2r1z8kb0bwo","timestamp":1731250094656,"id":"drsaclt2mycs5ei","previousEventId":"9xulp701ta0rtu5","previousOperationId":"z798wn2g7c57qib"}
{"type":"operationEnd","doDiffs":false,"previousEventId":"rs1u96vwrcyvi8r","previousOperationId":"a57fzflh6cbkzl6","operationId":"a57fzflh6cbkzl6","timestamp":1731250094658,"id":"bidixj4me4met61"}
