{"type":"operationStart","subtype":"profile","data":{"_id":"UqNYdU7hHdBc8NRc","timestamp":"2024-11-10T10:07:40.685Z","state":"queued","mode":"standard","creationDate":"2024-11-10T10:07:40.686Z","modificationDate":"2024-11-10T10:07:40.686Z","shortid":"qytSBny","inheritedReadPermissions":[],"inheritedEditPermissions":[],"$entitySet":"profiles"},"doDiffs":false,"timestamp":1731233260686,"id":"n9m6skmrg1cnbf7","previousOperationId":null,"operationId":"byfgt4iw8n1n7d2"}
{"type":"log","level":"info","message":"Render request 297 queued for execution and waiting for available worker","previousOperationId":"byfgt4iw8n1n7d2","timestamp":1731233260686,"id":"p2eitr12uq3wl6f"}
{"type":"operationStart","subtype":"render","name":"new-excl-template","previousOperationId":"byfgt4iw8n1n7d2","timestamp":1731233260695,"id":"tttl2yqlikcd0z4","previousEventId":"n9m6skmrg1cnbf7","operationId":"cvnsmi7qiijpit1"}
{"type":"log","timestamp":1731233260696,"level":"info","message":"Starting rendering request 297 (user: admin)","meta":{"rootId":"n7xuwf91wbf8tmk","id":"n7xuwf91wbf8tmk"},"id":"oap84j3r9pefr43","previousOperationId":"cvnsmi7qiijpit1"}
{"type":"log","timestamp":1731233260696,"level":"info","message":"Rendering template { name: new-excl-template, recipe: html-to-xlsx, engine: handlebars, preview: true }","meta":{"rootId":"n7xuwf91wbf8tmk","id":"n7xuwf91wbf8tmk"},"id":"dns9gmq0i1p6133","previousOperationId":"cvnsmi7qiijpit1"}
{"type":"log","timestamp":1731233260698,"level":"debug","message":"Adding sample data pVkbCM7am","meta":{"rootId":"n7xuwf91wbf8tmk","id":"n7xuwf91wbf8tmk"},"id":"x4gadbdagnlmp5d","previousOperationId":"cvnsmi7qiijpit1"}
{"type":"log","timestamp":1731233260699,"level":"debug","message":"Base url not specified, skipping its injection.","meta":{"rootId":"n7xuwf91wbf8tmk","id":"n7xuwf91wbf8tmk"},"id":"xwvy57j8t0pmo17","previousOperationId":"cvnsmi7qiijpit1"}
{"type":"log","timestamp":1731233260701,"level":"debug","message":"Replaced assets [\"KhmerOSSiemreapRegular.ttf\"]","meta":{"rootId":"n7xuwf91wbf8tmk","id":"n7xuwf91wbf8tmk"},"id":"37zer564rj5bv3r","previousOperationId":"cvnsmi7qiijpit1"}
{"type":"operationStart","subtype":"engine","name":"handlebars","timestamp":1731233260701,"id":"cctolchx5p4h7nt","previousEventId":"tttl2yqlikcd0z4","operationId":"l0bfezd7f02l1ok","previousOperationId":"cvnsmi7qiijpit1"}
{"type":"log","timestamp":1731233260701,"level":"debug","message":"Rendering engine handlebars","meta":{"rootId":"n7xuwf91wbf8tmk","id":"n7xuwf91wbf8tmk"},"id":"twbykm9oj6l66f1","previousOperationId":"l0bfezd7f02l1ok"}
{"type":"operationEnd","operationId":"l0bfezd7f02l1ok","timestamp":1731233260719,"id":"g1huohmq844jwcs","previousEventId":"cctolchx5p4h7nt","previousOperationId":"l0bfezd7f02l1ok"}
{"type":"operationStart","subtype":"recipe","name":"html-to-xlsx","timestamp":1731233260721,"id":"5l917wj3v2eq6n6","previousEventId":"g1huohmq844jwcs","operationId":"70qicqqga6y0b9b","previousOperationId":"l0bfezd7f02l1ok"}
{"type":"log","timestamp":1731233260721,"level":"debug","message":"Executing recipe html-to-xlsx","meta":{"rootId":"n7xuwf91wbf8tmk","id":"n7xuwf91wbf8tmk"},"id":"9tx2ynua3swu2pb","previousOperationId":"70qicqqga6y0b9b"}
{"type":"log","timestamp":1731233260721,"level":"info","message":"html-to-xlsx generation is starting","meta":{"rootId":"n7xuwf91wbf8tmk","id":"n7xuwf91wbf8tmk"},"id":"8mbgcrgf7mscc5o","previousOperationId":"70qicqqga6y0b9b"}
{"type":"log","timestamp":1731233261251,"level":"info","message":"html-to-xlsx generation was finished","meta":{"rootId":"n7xuwf91wbf8tmk","id":"n7xuwf91wbf8tmk"},"id":"jhbsvdpj6zre10l","previousOperationId":"70qicqqga6y0b9b"}
{"type":"log","timestamp":1731233261251,"level":"debug","message":"preparing office preview","meta":{"rootId":"n7xuwf91wbf8tmk","id":"n7xuwf91wbf8tmk"},"id":"ogfphr8htmgsf2a","previousOperationId":"70qicqqga6y0b9b"}
{"type":"operationEnd","operationId":"70qicqqga6y0b9b","timestamp":1731233261707,"id":"coqnmtopijyraq9","previousEventId":"5l917wj3v2eq6n6","previousOperationId":"70qicqqga6y0b9b"}
{"type":"log","timestamp":1731233261707,"level":"debug","message":"Skipping storing report.","meta":{"rootId":"n7xuwf91wbf8tmk","id":"n7xuwf91wbf8tmk"},"id":"ghyhfhw6kpca70y","previousOperationId":"70qicqqga6y0b9b"}
{"type":"log","timestamp":1731233261707,"level":"info","message":"Rendering request 297 finished in 1022 ms","meta":{"rootId":"n7xuwf91wbf8tmk","id":"n7xuwf91wbf8tmk"},"id":"c0bk1f263bd5p62","previousOperationId":"70qicqqga6y0b9b"}
{"type":"operationEnd","subtype":"render","operationId":"cvnsmi7qiijpit1","timestamp":1731233261707,"id":"qig37pi1g6tlaxw","previousEventId":"coqnmtopijyraq9","previousOperationId":"70qicqqga6y0b9b"}
{"type":"operationEnd","doDiffs":false,"previousEventId":"n9m6skmrg1cnbf7","previousOperationId":"byfgt4iw8n1n7d2","operationId":"byfgt4iw8n1n7d2","timestamp":1731233261709,"id":"r4w8a0qktsob59p"}
