{"type":"operationStart","subtype":"profile","data":{"_id":"xGgv5KW0hhM70NeQ","timestamp":"2024-11-10T10:19:17.395Z","state":"queued","mode":"standard","creationDate":"2024-11-10T10:19:17.397Z","modificationDate":"2024-11-10T10:19:17.397Z","shortid":"h4flnxP","inheritedReadPermissions":[],"inheritedEditPermissions":[],"$entitySet":"profiles"},"doDiffs":false,"timestamp":1731233957396,"id":"oqz9cdkye9ugg3s","previousOperationId":null,"operationId":"06y66rrkuz98uvv"}
{"type":"log","level":"info","message":"Render request 316 queued for execution and waiting for available worker","previousOperationId":"06y66rrkuz98uvv","timestamp":1731233957396,"id":"6ieg0vmg5964emf"}
{"type":"operationStart","subtype":"render","name":"new-excl-template","previousOperationId":"06y66rrkuz98uvv","timestamp":1731233957406,"id":"38t8vv6iutmvamg","previousEventId":"oqz9cdkye9ugg3s","operationId":"vtm15myjul6rn5g"}
{"type":"log","timestamp":1731233957406,"level":"info","message":"Starting rendering request 316 (user: admin)","meta":{"rootId":"nek4zt221mfuibi","id":"nek4zt221mfuibi"},"id":"ay3nuy8vx6foqqh","previousOperationId":"vtm15myjul6rn5g"}
{"type":"log","timestamp":1731233957406,"level":"info","message":"Rendering template { name: new-excl-template, recipe: html-to-xlsx, engine: handlebars, preview: true }","meta":{"rootId":"nek4zt221mfuibi","id":"nek4zt221mfuibi"},"id":"jgscpyale0zmc88","previousOperationId":"vtm15myjul6rn5g"}
{"type":"log","timestamp":1731233957408,"level":"debug","message":"Adding sample data pVkbCM7am","meta":{"rootId":"nek4zt221mfuibi","id":"nek4zt221mfuibi"},"id":"1jp0cf5evka88pz","previousOperationId":"vtm15myjul6rn5g"}
{"type":"log","timestamp":1731233957410,"level":"debug","message":"Base url not specified, skipping its injection.","meta":{"rootId":"nek4zt221mfuibi","id":"nek4zt221mfuibi"},"id":"r78dv3ndbirue47","previousOperationId":"vtm15myjul6rn5g"}
{"type":"log","timestamp":1731233957412,"level":"debug","message":"Replaced assets [\"KhmerOSSiemreapRegular.ttf\"]","meta":{"rootId":"nek4zt221mfuibi","id":"nek4zt221mfuibi"},"id":"usylx4o70melc5r","previousOperationId":"vtm15myjul6rn5g"}
{"type":"operationStart","subtype":"engine","name":"handlebars","timestamp":1731233957412,"id":"kxo9cc7xl8htdwc","previousEventId":"38t8vv6iutmvamg","operationId":"fddns6u2995zvb4","previousOperationId":"vtm15myjul6rn5g"}
{"type":"log","timestamp":1731233957412,"level":"debug","message":"Rendering engine handlebars","meta":{"rootId":"nek4zt221mfuibi","id":"nek4zt221mfuibi"},"id":"ddijka6m3fti5x8","previousOperationId":"fddns6u2995zvb4"}
{"type":"operationEnd","operationId":"fddns6u2995zvb4","timestamp":1731233957430,"id":"jsoyc3s1h2pbps1","previousEventId":"kxo9cc7xl8htdwc","previousOperationId":"fddns6u2995zvb4"}
{"type":"operationStart","subtype":"recipe","name":"html-to-xlsx","timestamp":1731233957433,"id":"uzt397oslboqojw","previousEventId":"jsoyc3s1h2pbps1","operationId":"29q4uqs4xng237s","previousOperationId":"fddns6u2995zvb4"}
{"type":"log","timestamp":1731233957433,"level":"debug","message":"Executing recipe html-to-xlsx","meta":{"rootId":"nek4zt221mfuibi","id":"nek4zt221mfuibi"},"id":"xjo2mwfwhthoc2o","previousOperationId":"29q4uqs4xng237s"}
{"type":"log","timestamp":1731233957433,"level":"info","message":"html-to-xlsx generation is starting","meta":{"rootId":"nek4zt221mfuibi","id":"nek4zt221mfuibi"},"id":"jqsgoq73aicht8q","previousOperationId":"29q4uqs4xng237s"}
{"type":"log","timestamp":1731233957433,"level":"info","message":"html-to-xlsx is going to insert table generation into base xlsx template","meta":{"rootId":"nek4zt221mfuibi","id":"nek4zt221mfuibi"},"id":"uubsjqvc0tsmreo","previousOperationId":"29q4uqs4xng237s"}
{"type":"log","timestamp":1731233958136,"level":"info","message":"html-to-xlsx generation was finished","meta":{"rootId":"nek4zt221mfuibi","id":"nek4zt221mfuibi"},"id":"ynh2s6wgfi6rszu","previousOperationId":"29q4uqs4xng237s"}
{"type":"log","timestamp":1731233958137,"level":"debug","message":"preparing office preview","meta":{"rootId":"nek4zt221mfuibi","id":"nek4zt221mfuibi"},"id":"g4awbbsi4dial0p","previousOperationId":"29q4uqs4xng237s"}
{"type":"operationEnd","operationId":"29q4uqs4xng237s","timestamp":1731233958799,"id":"6qe7zfke3373ncq","previousEventId":"uzt397oslboqojw","previousOperationId":"29q4uqs4xng237s"}
{"type":"log","timestamp":1731233958799,"level":"debug","message":"Skipping storing report.","meta":{"rootId":"nek4zt221mfuibi","id":"nek4zt221mfuibi"},"id":"u3601bs3nduj44b","previousOperationId":"29q4uqs4xng237s"}
{"type":"log","timestamp":1731233958799,"level":"info","message":"Rendering request 316 finished in 1404 ms","meta":{"rootId":"nek4zt221mfuibi","id":"nek4zt221mfuibi"},"id":"7fbb7r8xentrxga","previousOperationId":"29q4uqs4xng237s"}
{"type":"operationEnd","subtype":"render","operationId":"vtm15myjul6rn5g","timestamp":1731233958799,"id":"uyaxxfqe7uk1ede","previousEventId":"6qe7zfke3373ncq","previousOperationId":"29q4uqs4xng237s"}
{"type":"operationEnd","doDiffs":false,"previousEventId":"oqz9cdkye9ugg3s","previousOperationId":"06y66rrkuz98uvv","operationId":"06y66rrkuz98uvv","timestamp":1731233958802,"id":"mg0h6nil4p6m3nv"}
