{"type":"operationStart","subtype":"profile","data":{"_id":"qqqP8JRyN4DHv0I5","timestamp":"2024-11-10T08:27:51.606Z","state":"queued","mode":"standard","creationDate":"2024-11-10T08:27:51.607Z","modificationDate":"2024-11-10T08:27:51.607Z","shortid":"db5AHiE","inheritedReadPermissions":[],"inheritedEditPermissions":[],"$entitySet":"profiles"},"doDiffs":false,"timestamp":1731227271607,"id":"geqk8jp9541n557","previousOperationId":null,"operationId":"oldt757lutfsusv"}
{"type":"log","level":"info","message":"Render request 116 queued for execution and waiting for available worker","previousOperationId":"oldt757lutfsusv","timestamp":1731227271607,"id":"cig9a5fmeb6g03u"}
{"type":"operationStart","subtype":"render","name":"new-excl-template","previousOperationId":"oldt757lutfsusv","timestamp":1731227271616,"id":"gcu064uk2k95yo5","previousEventId":"geqk8jp9541n557","operationId":"qva1pa9ubwo9yuo"}
{"type":"log","timestamp":1731227271616,"level":"info","message":"Starting rendering request 116 (user: admin)","meta":{"rootId":"nnvwfcivjpkaivl","id":"nnvwfcivjpkaivl"},"id":"y47h4ktuh2fsruf","previousOperationId":"qva1pa9ubwo9yuo"}
{"type":"log","timestamp":1731227271616,"level":"info","message":"Rendering template { name: new-excl-template, recipe: html-to-xlsx, engine: handlebars, preview: true }","meta":{"rootId":"nnvwfcivjpkaivl","id":"nnvwfcivjpkaivl"},"id":"egfec1b0c2wqekf","previousOperationId":"qva1pa9ubwo9yuo"}
{"type":"log","timestamp":1731227271617,"level":"debug","message":"Inline data specified.","meta":{"rootId":"nnvwfcivjpkaivl","id":"nnvwfcivjpkaivl"},"id":"3yg1agavpgmi81i","previousOperationId":"qva1pa9ubwo9yuo"}
{"type":"log","timestamp":1731227271618,"level":"debug","message":"Base url not specified, skipping its injection.","meta":{"rootId":"nnvwfcivjpkaivl","id":"nnvwfcivjpkaivl"},"id":"c260ow2lkf39x96","previousOperationId":"qva1pa9ubwo9yuo"}
{"type":"log","timestamp":1731227271620,"level":"debug","message":"Replaced assets [\"KhmerOSSiemreapRegular.ttf\"]","meta":{"rootId":"nnvwfcivjpkaivl","id":"nnvwfcivjpkaivl"},"id":"837xf8gywik1jxq","previousOperationId":"qva1pa9ubwo9yuo"}
{"type":"operationStart","subtype":"engine","name":"handlebars","timestamp":1731227271620,"id":"lm9emxliryr5cl4","previousEventId":"gcu064uk2k95yo5","operationId":"e8yznvkk3bzn8dm","previousOperationId":"qva1pa9ubwo9yuo"}
{"type":"log","timestamp":1731227271620,"level":"debug","message":"Rendering engine handlebars","meta":{"rootId":"nnvwfcivjpkaivl","id":"nnvwfcivjpkaivl"},"id":"dn0q7mwjt9d64x9","previousOperationId":"e8yznvkk3bzn8dm"}
{"type":"operationEnd","operationId":"e8yznvkk3bzn8dm","timestamp":1731227271637,"id":"z2prjzqv452k6jv","previousEventId":"lm9emxliryr5cl4","previousOperationId":"e8yznvkk3bzn8dm"}
{"type":"operationStart","subtype":"recipe","name":"html-to-xlsx","timestamp":1731227271639,"id":"z7firl8o3vmma74","previousEventId":"z2prjzqv452k6jv","operationId":"tszuosik8s52r5x","previousOperationId":"e8yznvkk3bzn8dm"}
{"type":"log","timestamp":1731227271639,"level":"debug","message":"Executing recipe html-to-xlsx","meta":{"rootId":"nnvwfcivjpkaivl","id":"nnvwfcivjpkaivl"},"id":"k81a9av6uo62lji","previousOperationId":"tszuosik8s52r5x"}
{"type":"log","timestamp":1731227271639,"level":"info","message":"html-to-xlsx generation is starting","meta":{"rootId":"nnvwfcivjpkaivl","id":"nnvwfcivjpkaivl"},"id":"pavcys8w22thoay","previousOperationId":"tszuosik8s52r5x"}
{"type":"log","timestamp":1731227272468,"level":"info","message":"html-to-xlsx generation was finished","meta":{"rootId":"nnvwfcivjpkaivl","id":"nnvwfcivjpkaivl"},"id":"2nlc7zg79wy6gd0","previousOperationId":"tszuosik8s52r5x"}
{"type":"log","timestamp":1731227272468,"level":"debug","message":"preparing office preview","meta":{"rootId":"nnvwfcivjpkaivl","id":"nnvwfcivjpkaivl"},"id":"j5dzqgvctupzs7z","previousOperationId":"tszuosik8s52r5x"}
{"type":"operationEnd","operationId":"tszuosik8s52r5x","timestamp":1731227272915,"id":"9ttszq0til9ars8","previousEventId":"z7firl8o3vmma74","previousOperationId":"tszuosik8s52r5x"}
{"type":"log","timestamp":1731227272915,"level":"debug","message":"Skipping storing report.","meta":{"rootId":"nnvwfcivjpkaivl","id":"nnvwfcivjpkaivl"},"id":"q0hp5s9scanz0se","previousOperationId":"tszuosik8s52r5x"}
{"type":"log","timestamp":1731227272915,"level":"info","message":"Rendering request 116 finished in 1310 ms","meta":{"rootId":"nnvwfcivjpkaivl","id":"nnvwfcivjpkaivl"},"id":"msdbkwqr5flmthq","previousOperationId":"tszuosik8s52r5x"}
{"type":"operationEnd","subtype":"render","operationId":"qva1pa9ubwo9yuo","timestamp":1731227272915,"id":"zdhw4baksuhaood","previousEventId":"9ttszq0til9ars8","previousOperationId":"tszuosik8s52r5x"}
{"type":"operationEnd","doDiffs":false,"previousEventId":"geqk8jp9541n557","previousOperationId":"oldt757lutfsusv","operationId":"oldt757lutfsusv","timestamp":1731227272917,"id":"265odt61zaigzqf"}
