{"type":"operationStart","subtype":"profile","data":{"_id":"SJisfISGpmsktfoY","timestamp":"2024-11-10T10:11:02.851Z","state":"queued","mode":"standard","creationDate":"2024-11-10T10:11:02.853Z","modificationDate":"2024-11-10T10:11:02.853Z","shortid":"4e86BOV","inheritedReadPermissions":[],"inheritedEditPermissions":[],"$entitySet":"profiles"},"doDiffs":false,"timestamp":1731233462852,"id":"0zenuqajiupnw2o","previousOperationId":null,"operationId":"m907e3ngdgw6ly9"}
{"type":"log","level":"info","message":"Render request 299 queued for execution and waiting for available worker","previousOperationId":"m907e3ngdgw6ly9","timestamp":1731233462852,"id":"lb79brbkwoueiip"}
{"type":"operationStart","subtype":"render","name":"new-excl-template","previousOperationId":"m907e3ngdgw6ly9","timestamp":1731233462861,"id":"wkoungattym9yrv","previousEventId":"0zenuqajiupnw2o","operationId":"ythytlrw2ncsd4p"}
{"type":"log","timestamp":1731233462861,"level":"info","message":"Starting rendering request 299 (user: admin)","meta":{"rootId":"no6htr05alrh738","id":"no6htr05alrh738"},"id":"m9g0q7sjhl64jth","previousOperationId":"ythytlrw2ncsd4p"}
{"type":"log","timestamp":1731233462861,"level":"info","message":"Rendering template { name: new-excl-template, recipe: html-to-xlsx, engine: handlebars, preview: true }","meta":{"rootId":"no6htr05alrh738","id":"no6htr05alrh738"},"id":"gsx08x0gstx1kuv","previousOperationId":"ythytlrw2ncsd4p"}
{"type":"log","timestamp":1731233462862,"level":"debug","message":"Adding sample data pVkbCM7am","meta":{"rootId":"no6htr05alrh738","id":"no6htr05alrh738"},"id":"tklrth7sfs5sbqy","previousOperationId":"ythytlrw2ncsd4p"}
{"type":"log","timestamp":1731233462864,"level":"debug","message":"Base url not specified, skipping its injection.","meta":{"rootId":"no6htr05alrh738","id":"no6htr05alrh738"},"id":"e0hl9kd6o2d5fpv","previousOperationId":"ythytlrw2ncsd4p"}
{"type":"log","timestamp":1731233462865,"level":"debug","message":"Replaced assets [\"KhmerOSSiemreapRegular.ttf\"]","meta":{"rootId":"no6htr05alrh738","id":"no6htr05alrh738"},"id":"i402z1ia27si0a5","previousOperationId":"ythytlrw2ncsd4p"}
{"type":"operationStart","subtype":"engine","name":"handlebars","timestamp":1731233462866,"id":"cjs63zzgxzib52o","previousEventId":"wkoungattym9yrv","operationId":"jwcz7kvhmyq4thi","previousOperationId":"ythytlrw2ncsd4p"}
{"type":"log","timestamp":1731233462866,"level":"debug","message":"Rendering engine handlebars","meta":{"rootId":"no6htr05alrh738","id":"no6htr05alrh738"},"id":"fc4i0h14z384a92","previousOperationId":"jwcz7kvhmyq4thi"}
{"type":"operationEnd","operationId":"jwcz7kvhmyq4thi","timestamp":1731233462880,"id":"4j7gpv8lsp0qg08","previousEventId":"cjs63zzgxzib52o","previousOperationId":"jwcz7kvhmyq4thi"}
{"type":"operationStart","subtype":"recipe","name":"html-to-xlsx","timestamp":1731233462883,"id":"5dppt8w297hubhe","previousEventId":"4j7gpv8lsp0qg08","operationId":"d82wql6killy7oa","previousOperationId":"jwcz7kvhmyq4thi"}
{"type":"log","timestamp":1731233462883,"level":"debug","message":"Executing recipe html-to-xlsx","meta":{"rootId":"no6htr05alrh738","id":"no6htr05alrh738"},"id":"xjrbq8ufxt9dk6e","previousOperationId":"d82wql6killy7oa"}
{"type":"log","timestamp":1731233462883,"level":"info","message":"html-to-xlsx generation is starting","meta":{"rootId":"no6htr05alrh738","id":"no6htr05alrh738"},"id":"462lrttd1dc5ive","previousOperationId":"d82wql6killy7oa"}
{"type":"log","timestamp":1731233463435,"level":"info","message":"html-to-xlsx generation was finished","meta":{"rootId":"no6htr05alrh738","id":"no6htr05alrh738"},"id":"et8k82eype0ew9l","previousOperationId":"d82wql6killy7oa"}
{"type":"log","timestamp":1731233463435,"level":"debug","message":"preparing office preview","meta":{"rootId":"no6htr05alrh738","id":"no6htr05alrh738"},"id":"60jcatqe3o01tkf","previousOperationId":"d82wql6killy7oa"}
{"type":"operationEnd","operationId":"d82wql6killy7oa","timestamp":1731233463880,"id":"omk4jc0b81mtg0a","previousEventId":"5dppt8w297hubhe","previousOperationId":"d82wql6killy7oa"}
{"type":"log","timestamp":1731233463880,"level":"debug","message":"Skipping storing report.","meta":{"rootId":"no6htr05alrh738","id":"no6htr05alrh738"},"id":"ssy9slrgi5x5qam","previousOperationId":"d82wql6killy7oa"}
{"type":"log","timestamp":1731233463880,"level":"info","message":"Rendering request 299 finished in 1029 ms","meta":{"rootId":"no6htr05alrh738","id":"no6htr05alrh738"},"id":"9zdfro4pl0i4t9l","previousOperationId":"d82wql6killy7oa"}
{"type":"operationEnd","subtype":"render","operationId":"ythytlrw2ncsd4p","timestamp":1731233463880,"id":"bh5jo1gnwzfrozy","previousEventId":"omk4jc0b81mtg0a","previousOperationId":"d82wql6killy7oa"}
{"type":"operationEnd","doDiffs":false,"previousEventId":"0zenuqajiupnw2o","previousOperationId":"m907e3ngdgw6ly9","operationId":"m907e3ngdgw6ly9","timestamp":1731233463882,"id":"wdu708364h3cf3w"}
