{"type":"operationStart","subtype":"profile","data":{"_id":"cGSQL9lb0DHiq0c4","timestamp":"2024-11-10T14:03:35.021Z","state":"queued","mode":"standard","creationDate":"2024-11-10T14:03:35.023Z","modificationDate":"2024-11-10T14:03:35.023Z","shortid":"rB45DLe","inheritedReadPermissions":[],"inheritedEditPermissions":[],"$entitySet":"profiles"},"doDiffs":false,"timestamp":1731247415022,"id":"73xgsndykaf5x1l","previousOperationId":null,"operationId":"dshoj7qzm6mnmql"}
{"type":"log","level":"info","message":"Render request 97 queued for execution and waiting for available worker","previousOperationId":"dshoj7qzm6mnmql","timestamp":1731247415022,"id":"wao1o3z6qn8qzel"}
{"type":"operationStart","subtype":"render","name":"new-excl-template","previousOperationId":"dshoj7qzm6mnmql","timestamp":1731247415034,"id":"u81pteqc4tkl86o","previousEventId":"73xgsndykaf5x1l","operationId":"glquchqjeprit9e"}
{"type":"log","timestamp":1731247415034,"level":"info","message":"Starting rendering request 97 (user: admin)","meta":{"rootId":"ns8qsu61czlzlfb","id":"ns8qsu61czlzlfb"},"id":"t5m558vdbjagrfe","previousOperationId":"glquchqjeprit9e"}
{"type":"log","timestamp":1731247415034,"level":"info","message":"Rendering template { name: new-excl-template, recipe: html-to-xlsx, engine: handlebars, preview: true }","meta":{"rootId":"ns8qsu61czlzlfb","id":"ns8qsu61czlzlfb"},"id":"lpnl6a84ga7yuub","previousOperationId":"glquchqjeprit9e"}
{"type":"log","timestamp":1731247415035,"level":"debug","message":"Inline data specified.","meta":{"rootId":"ns8qsu61czlzlfb","id":"ns8qsu61czlzlfb"},"id":"q0axcy7m4j39wkz","previousOperationId":"glquchqjeprit9e"}
{"type":"log","timestamp":1731247415037,"level":"debug","message":"Base url not specified, skipping its injection.","meta":{"rootId":"ns8qsu61czlzlfb","id":"ns8qsu61czlzlfb"},"id":"mcgds7cijbxc3s4","previousOperationId":"glquchqjeprit9e"}
{"type":"log","timestamp":1731247415039,"level":"debug","message":"Replaced assets [\"KhmerOSSiemreapRegular.ttf\"]","meta":{"rootId":"ns8qsu61czlzlfb","id":"ns8qsu61czlzlfb"},"id":"ffc7zo1drxd40i9","previousOperationId":"glquchqjeprit9e"}
{"type":"operationStart","subtype":"engine","name":"handlebars","timestamp":1731247415039,"id":"f0vomj836mhb8vj","previousEventId":"u81pteqc4tkl86o","operationId":"t37ymfbde4wb9fk","previousOperationId":"glquchqjeprit9e"}
{"type":"log","timestamp":1731247415039,"level":"debug","message":"Rendering engine handlebars","meta":{"rootId":"ns8qsu61czlzlfb","id":"ns8qsu61czlzlfb"},"id":"eplyw4b092lr9zr","previousOperationId":"t37ymfbde4wb9fk"}
{"type":"operationEnd","operationId":"t37ymfbde4wb9fk","timestamp":1731247415049,"id":"kmi7g2q8x5l9fv3","previousEventId":"f0vomj836mhb8vj","previousOperationId":"t37ymfbde4wb9fk"}
{"type":"operationStart","subtype":"recipe","name":"html-to-xlsx","timestamp":1731247415050,"id":"ie633limqefolh2","previousEventId":"kmi7g2q8x5l9fv3","operationId":"nj26iawtpftnsxs","previousOperationId":"t37ymfbde4wb9fk"}
{"type":"log","timestamp":1731247415050,"level":"debug","message":"Executing recipe html-to-xlsx","meta":{"rootId":"ns8qsu61czlzlfb","id":"ns8qsu61czlzlfb"},"id":"5uukj2mqisd2390","previousOperationId":"nj26iawtpftnsxs"}
{"type":"log","timestamp":1731247415050,"level":"info","message":"html-to-xlsx generation is starting","meta":{"rootId":"ns8qsu61czlzlfb","id":"ns8qsu61czlzlfb"},"id":"42sj4agcdcl6r3m","previousOperationId":"nj26iawtpftnsxs"}
{"type":"log","timestamp":1731247415659,"level":"info","message":"html-to-xlsx generation was finished","meta":{"rootId":"ns8qsu61czlzlfb","id":"ns8qsu61czlzlfb"},"id":"5tw7mbeon8eup5g","previousOperationId":"nj26iawtpftnsxs"}
{"type":"log","timestamp":1731247415659,"level":"debug","message":"preparing office preview","meta":{"rootId":"ns8qsu61czlzlfb","id":"ns8qsu61czlzlfb"},"id":"7c8hi3qb2asqkdu","previousOperationId":"nj26iawtpftnsxs"}
{"type":"operationEnd","operationId":"nj26iawtpftnsxs","timestamp":1731247416108,"id":"blnokit0f7ea6xg","previousEventId":"ie633limqefolh2","previousOperationId":"nj26iawtpftnsxs"}
{"type":"log","timestamp":1731247416108,"level":"debug","message":"Skipping storing report.","meta":{"rootId":"ns8qsu61czlzlfb","id":"ns8qsu61czlzlfb"},"id":"he07go13nyb41cp","previousOperationId":"nj26iawtpftnsxs"}
{"type":"log","timestamp":1731247416108,"level":"info","message":"Rendering request 97 finished in 1087 ms","meta":{"rootId":"ns8qsu61czlzlfb","id":"ns8qsu61czlzlfb"},"id":"9zzexhwp89pzvr0","previousOperationId":"nj26iawtpftnsxs"}
{"type":"operationEnd","subtype":"render","operationId":"glquchqjeprit9e","timestamp":1731247416108,"id":"lmq4en99qhpuo4l","previousEventId":"blnokit0f7ea6xg","previousOperationId":"nj26iawtpftnsxs"}
{"type":"operationEnd","doDiffs":false,"previousEventId":"73xgsndykaf5x1l","previousOperationId":"dshoj7qzm6mnmql","operationId":"dshoj7qzm6mnmql","timestamp":1731247416111,"id":"btn3wfx2lt6gt1n"}
