{"type":"operationStart","subtype":"profile","data":{"_id":"qFFVaGeWAhwmrYQm","timestamp":"2024-11-10T09:03:21.847Z","state":"queued","mode":"standard","creationDate":"2024-11-10T09:03:21.849Z","modificationDate":"2024-11-10T09:03:21.849Z","shortid":"-7sjkmn","inheritedReadPermissions":[],"inheritedEditPermissions":[],"$entitySet":"profiles"},"doDiffs":false,"timestamp":1731229401848,"id":"n7su3gusa99jb4g","previousOperationId":null,"operationId":"o7n32mmh4ssca2s"}
{"type":"log","level":"info","message":"Render request 183 queued for execution and waiting for available worker","previousOperationId":"o7n32mmh4ssca2s","timestamp":1731229401849,"id":"nq4cx20rs8188ws"}
{"type":"operationStart","subtype":"render","name":"new-excl-template","previousOperationId":"o7n32mmh4ssca2s","timestamp":1731229401858,"id":"1d6jsn314gwtcwc","previousEventId":"n7su3gusa99jb4g","operationId":"79liholxc72ev2t"}
{"type":"log","timestamp":1731229401858,"level":"info","message":"Starting rendering request 183 (user: admin)","meta":{"rootId":"nunvkrf04xgj5i9","id":"nunvkrf04xgj5i9"},"id":"pkfq3tc76c6c1jy","previousOperationId":"79liholxc72ev2t"}
{"type":"log","timestamp":1731229401858,"level":"info","message":"Rendering template { name: new-excl-template, recipe: html-to-xlsx, engine: handlebars, preview: true }","meta":{"rootId":"nunvkrf04xgj5i9","id":"nunvkrf04xgj5i9"},"id":"d04uiv9a5p1mgdd","previousOperationId":"79liholxc72ev2t"}
{"type":"log","timestamp":1731229401859,"level":"debug","message":"Adding sample data pVkbCM7am","meta":{"rootId":"nunvkrf04xgj5i9","id":"nunvkrf04xgj5i9"},"id":"jhqh6ls6xmrsgx9","previousOperationId":"79liholxc72ev2t"}
{"type":"log","timestamp":1731229401861,"level":"debug","message":"Base url not specified, skipping its injection.","meta":{"rootId":"nunvkrf04xgj5i9","id":"nunvkrf04xgj5i9"},"id":"x3ifgl0nd720evx","previousOperationId":"79liholxc72ev2t"}
{"type":"log","timestamp":1731229401863,"level":"debug","message":"Replaced assets [\"KhmerOSSiemreapRegular.ttf\"]","meta":{"rootId":"nunvkrf04xgj5i9","id":"nunvkrf04xgj5i9"},"id":"5yddqs7anyrry3q","previousOperationId":"79liholxc72ev2t"}
{"type":"operationStart","subtype":"engine","name":"handlebars","timestamp":1731229401863,"id":"0tpi9terh6lj16k","previousEventId":"1d6jsn314gwtcwc","operationId":"wcve4er7cqf2z51","previousOperationId":"79liholxc72ev2t"}
{"type":"log","timestamp":1731229401863,"level":"debug","message":"Rendering engine handlebars","meta":{"rootId":"nunvkrf04xgj5i9","id":"nunvkrf04xgj5i9"},"id":"n3hfvy78fq3xapl","previousOperationId":"wcve4er7cqf2z51"}
{"type":"operationEnd","operationId":"wcve4er7cqf2z51","timestamp":1731229401881,"id":"6d8n7pbvbfengtl","previousEventId":"0tpi9terh6lj16k","previousOperationId":"wcve4er7cqf2z51"}
{"type":"operationStart","subtype":"recipe","name":"html-to-xlsx","timestamp":1731229401884,"id":"leqyoq232ant0ly","previousEventId":"6d8n7pbvbfengtl","operationId":"phjyoqbbhesru79","previousOperationId":"wcve4er7cqf2z51"}
{"type":"log","timestamp":1731229401884,"level":"debug","message":"Executing recipe html-to-xlsx","meta":{"rootId":"nunvkrf04xgj5i9","id":"nunvkrf04xgj5i9"},"id":"rhcqtgl8hjwe6ry","previousOperationId":"phjyoqbbhesru79"}
{"type":"log","timestamp":1731229401884,"level":"info","message":"html-to-xlsx generation is starting","meta":{"rootId":"nunvkrf04xgj5i9","id":"nunvkrf04xgj5i9"},"id":"4fgesh54xgs7y3c","previousOperationId":"phjyoqbbhesru79"}
{"type":"log","timestamp":1731229402821,"level":"info","message":"html-to-xlsx generation was finished","meta":{"rootId":"nunvkrf04xgj5i9","id":"nunvkrf04xgj5i9"},"id":"k1kgangzt9a65me","previousOperationId":"phjyoqbbhesru79"}
{"type":"log","timestamp":1731229402821,"level":"debug","message":"preparing office preview","meta":{"rootId":"nunvkrf04xgj5i9","id":"nunvkrf04xgj5i9"},"id":"efcl2ekaxkld3s5","previousOperationId":"phjyoqbbhesru79"}
{"type":"operationEnd","operationId":"phjyoqbbhesru79","timestamp":1731229403265,"id":"le0wg6fifkrpqvd","previousEventId":"leqyoq232ant0ly","previousOperationId":"phjyoqbbhesru79"}
{"type":"log","timestamp":1731229403265,"level":"debug","message":"Skipping storing report.","meta":{"rootId":"nunvkrf04xgj5i9","id":"nunvkrf04xgj5i9"},"id":"xlov3zrhyldu3xy","previousOperationId":"phjyoqbbhesru79"}
{"type":"log","timestamp":1731229403265,"level":"info","message":"Rendering request 183 finished in 1418 ms","meta":{"rootId":"nunvkrf04xgj5i9","id":"nunvkrf04xgj5i9"},"id":"m9qa8efr8bqqpnd","previousOperationId":"phjyoqbbhesru79"}
{"type":"operationEnd","subtype":"render","operationId":"79liholxc72ev2t","timestamp":1731229403265,"id":"grd5bhplmyxcwds","previousEventId":"le0wg6fifkrpqvd","previousOperationId":"phjyoqbbhesru79"}
{"type":"operationEnd","doDiffs":false,"previousEventId":"n7su3gusa99jb4g","previousOperationId":"o7n32mmh4ssca2s","operationId":"o7n32mmh4ssca2s","timestamp":1731229403267,"id":"c43y4ay4ruzb2b8"}
