{"type":"operationStart","subtype":"profile","data":{"_id":"7FV8gQj6z661fhKS","timestamp":"2024-11-10T13:47:49.857Z","state":"queued","mode":"standard","creationDate":"2024-11-10T13:47:49.859Z","modificationDate":"2024-11-10T13:47:49.859Z","shortid":"ZzbQbAm","inheritedReadPermissions":[],"inheritedEditPermissions":[],"$entitySet":"profiles"},"doDiffs":false,"timestamp":1731246469858,"id":"re4q8wo6md7ytoa","previousOperationId":null,"operationId":"9y3i6o9wan0b5jy"}
{"type":"log","level":"info","message":"Render request 76 queued for execution and waiting for available worker","previousOperationId":"9y3i6o9wan0b5jy","timestamp":1731246469858,"id":"re037x7u5qxs7ls"}
{"type":"operationStart","subtype":"render","name":"new-excl-template","previousOperationId":"9y3i6o9wan0b5jy","timestamp":1731246469869,"id":"t1m19dl6iykejau","previousEventId":"re4q8wo6md7ytoa","operationId":"zjxcgph2noqoq7u"}
{"type":"log","timestamp":1731246469870,"level":"info","message":"Starting rendering request 76 (user: admin)","meta":{"rootId":"nw6boc29xtywchk","id":"nw6boc29xtywchk"},"id":"9qizpizgju0zwdy","previousOperationId":"zjxcgph2noqoq7u"}
{"type":"log","timestamp":1731246469870,"level":"info","message":"Rendering template { name: new-excl-template, recipe: html-to-xlsx, engine: handlebars, preview: true }","meta":{"rootId":"nw6boc29xtywchk","id":"nw6boc29xtywchk"},"id":"mqct193521g72ju","previousOperationId":"zjxcgph2noqoq7u"}
{"type":"log","timestamp":1731246469870,"level":"debug","message":"Inline data specified.","meta":{"rootId":"nw6boc29xtywchk","id":"nw6boc29xtywchk"},"id":"ebv82rxxifc1h2r","previousOperationId":"zjxcgph2noqoq7u"}
{"type":"log","timestamp":1731246469877,"level":"debug","message":"Base url not specified, skipping its injection.","meta":{"rootId":"nw6boc29xtywchk","id":"nw6boc29xtywchk"},"id":"6c22emekyavlexc","previousOperationId":"zjxcgph2noqoq7u"}
{"type":"log","timestamp":1731246469881,"level":"debug","message":"Replaced assets [\"KhmerOSSiemreapRegular.ttf\"]","meta":{"rootId":"nw6boc29xtywchk","id":"nw6boc29xtywchk"},"id":"y2f2olzjelwm4dv","previousOperationId":"zjxcgph2noqoq7u"}
{"type":"operationStart","subtype":"engine","name":"handlebars","timestamp":1731246469881,"id":"4rynr9wvhzh6n2q","previousEventId":"t1m19dl6iykejau","operationId":"f9i0nekixokrp9z","previousOperationId":"zjxcgph2noqoq7u"}
{"type":"log","timestamp":1731246469881,"level":"debug","message":"Rendering engine handlebars","meta":{"rootId":"nw6boc29xtywchk","id":"nw6boc29xtywchk"},"id":"kw1tlzlyhmhmdn0","previousOperationId":"f9i0nekixokrp9z"}
{"type":"operationEnd","operationId":"f9i0nekixokrp9z","timestamp":1731246469904,"id":"afxp79tt8461rxg","previousEventId":"4rynr9wvhzh6n2q","previousOperationId":"f9i0nekixokrp9z"}
{"type":"operationStart","subtype":"recipe","name":"html-to-xlsx","timestamp":1731246469906,"id":"vj86p7x395tbb2c","previousEventId":"afxp79tt8461rxg","operationId":"soehb0uyzc21qw1","previousOperationId":"f9i0nekixokrp9z"}
{"type":"log","timestamp":1731246469906,"level":"debug","message":"Executing recipe html-to-xlsx","meta":{"rootId":"nw6boc29xtywchk","id":"nw6boc29xtywchk"},"id":"4fv1h8o5ybmy3tw","previousOperationId":"soehb0uyzc21qw1"}
{"type":"log","timestamp":1731246469906,"level":"info","message":"html-to-xlsx generation is starting","meta":{"rootId":"nw6boc29xtywchk","id":"nw6boc29xtywchk"},"id":"13c945pm7fmzfhh","previousOperationId":"soehb0uyzc21qw1"}
{"type":"log","timestamp":1731246470612,"level":"info","message":"html-to-xlsx generation was finished","meta":{"rootId":"nw6boc29xtywchk","id":"nw6boc29xtywchk"},"id":"anketewxvyvtnl3","previousOperationId":"soehb0uyzc21qw1"}
{"type":"log","timestamp":1731246470612,"level":"debug","message":"preparing office preview","meta":{"rootId":"nw6boc29xtywchk","id":"nw6boc29xtywchk"},"id":"c63pr0mwzrxeshx","previousOperationId":"soehb0uyzc21qw1"}
{"type":"operationEnd","operationId":"soehb0uyzc21qw1","timestamp":1731246471063,"id":"ilsthhdulj4707v","previousEventId":"vj86p7x395tbb2c","previousOperationId":"soehb0uyzc21qw1"}
{"type":"log","timestamp":1731246471063,"level":"debug","message":"Skipping storing report.","meta":{"rootId":"nw6boc29xtywchk","id":"nw6boc29xtywchk"},"id":"6tphhxdkscos7zx","previousOperationId":"soehb0uyzc21qw1"}
{"type":"log","timestamp":1731246471063,"level":"info","message":"Rendering request 76 finished in 1206 ms","meta":{"rootId":"nw6boc29xtywchk","id":"nw6boc29xtywchk"},"id":"6jdygu6it47gmfj","previousOperationId":"soehb0uyzc21qw1"}
{"type":"operationEnd","subtype":"render","operationId":"zjxcgph2noqoq7u","timestamp":1731246471063,"id":"2j7hl1qczedf9sn","previousEventId":"ilsthhdulj4707v","previousOperationId":"soehb0uyzc21qw1"}
{"type":"operationEnd","doDiffs":false,"previousEventId":"re4q8wo6md7ytoa","previousOperationId":"9y3i6o9wan0b5jy","operationId":"9y3i6o9wan0b5jy","timestamp":1731246471066,"id":"s27s005105b1p7j"}
