{"type":"operationStart","subtype":"profile","data":{"_id":"0mo0rFOLeSiuC92v","timestamp":"2024-11-10T10:16:03.079Z","state":"queued","mode":"standard","creationDate":"2024-11-10T10:16:03.081Z","modificationDate":"2024-11-10T10:16:03.081Z","shortid":"Ska7fcu","inheritedReadPermissions":[],"inheritedEditPermissions":[],"$entitySet":"profiles"},"doDiffs":false,"timestamp":1731233763081,"id":"8f4geh8oct14gwn","previousOperationId":null,"operationId":"qtuz2j4s9kxvliv"}
{"type":"log","level":"info","message":"Render request 311 queued for execution and waiting for available worker","previousOperationId":"qtuz2j4s9kxvliv","timestamp":1731233763081,"id":"bzqogkcumk59z4f"}
{"type":"operationStart","subtype":"render","name":"new-excl-template","previousOperationId":"qtuz2j4s9kxvliv","timestamp":1731233763091,"id":"j8zadvav1ataury","previousEventId":"8f4geh8oct14gwn","operationId":"6iy317w0lzwmp9v"}
{"type":"log","timestamp":1731233763091,"level":"info","message":"Starting rendering request 311 (user: admin)","meta":{"rootId":"ny8jchkdg6e44vi","id":"ny8jchkdg6e44vi"},"id":"zyxetmg480yp0uv","previousOperationId":"6iy317w0lzwmp9v"}
{"type":"log","timestamp":1731233763091,"level":"info","message":"Rendering template { name: new-excl-template, recipe: html-to-xlsx, engine: handlebars, preview: true }","meta":{"rootId":"ny8jchkdg6e44vi","id":"ny8jchkdg6e44vi"},"id":"uuhuo4zzds9zp4q","previousOperationId":"6iy317w0lzwmp9v"}
{"type":"log","timestamp":1731233763097,"level":"debug","message":"Adding sample data pVkbCM7am","meta":{"rootId":"ny8jchkdg6e44vi","id":"ny8jchkdg6e44vi"},"id":"soqksjmqirx10om","previousOperationId":"6iy317w0lzwmp9v"}
{"type":"log","timestamp":1731233763098,"level":"debug","message":"Base url not specified, skipping its injection.","meta":{"rootId":"ny8jchkdg6e44vi","id":"ny8jchkdg6e44vi"},"id":"sxseoriync94ssf","previousOperationId":"6iy317w0lzwmp9v"}
{"type":"log","timestamp":1731233763100,"level":"debug","message":"Replaced assets [\"KhmerOSSiemreapRegular.ttf\"]","meta":{"rootId":"ny8jchkdg6e44vi","id":"ny8jchkdg6e44vi"},"id":"vrwp98wrg9xzp0i","previousOperationId":"6iy317w0lzwmp9v"}
{"type":"operationStart","subtype":"engine","name":"handlebars","timestamp":1731233763100,"id":"7zgk84gnaxjwzov","previousEventId":"j8zadvav1ataury","operationId":"z09hhzu0xix5jb3","previousOperationId":"6iy317w0lzwmp9v"}
{"type":"log","timestamp":1731233763100,"level":"debug","message":"Rendering engine handlebars","meta":{"rootId":"ny8jchkdg6e44vi","id":"ny8jchkdg6e44vi"},"id":"14n0vh4bww414yg","previousOperationId":"z09hhzu0xix5jb3"}
{"type":"operationEnd","operationId":"z09hhzu0xix5jb3","timestamp":1731233763116,"id":"aybc1n5846leu65","previousEventId":"7zgk84gnaxjwzov","previousOperationId":"z09hhzu0xix5jb3"}
{"type":"operationStart","subtype":"recipe","name":"html-to-xlsx","timestamp":1731233763119,"id":"xh69dwvz7sxze82","previousEventId":"aybc1n5846leu65","operationId":"vvr9newmq6e02g3","previousOperationId":"z09hhzu0xix5jb3"}
{"type":"log","timestamp":1731233763119,"level":"debug","message":"Executing recipe html-to-xlsx","meta":{"rootId":"ny8jchkdg6e44vi","id":"ny8jchkdg6e44vi"},"id":"o34a8i5my0wryqd","previousOperationId":"vvr9newmq6e02g3"}
{"type":"log","timestamp":1731233763119,"level":"info","message":"html-to-xlsx generation is starting","meta":{"rootId":"ny8jchkdg6e44vi","id":"ny8jchkdg6e44vi"},"id":"yjso84rjxwj6rlk","previousOperationId":"vvr9newmq6e02g3"}
{"type":"log","timestamp":1731233763706,"level":"info","message":"html-to-xlsx generation was finished","meta":{"rootId":"ny8jchkdg6e44vi","id":"ny8jchkdg6e44vi"},"id":"iryxa810ggj6mbi","previousOperationId":"vvr9newmq6e02g3"}
{"type":"log","timestamp":1731233763706,"level":"debug","message":"preparing office preview","meta":{"rootId":"ny8jchkdg6e44vi","id":"ny8jchkdg6e44vi"},"id":"91j5nxu1jnjzrye","previousOperationId":"vvr9newmq6e02g3"}
{"type":"operationEnd","operationId":"vvr9newmq6e02g3","timestamp":1731233764151,"id":"z8xdgdqdq38oxl2","previousEventId":"xh69dwvz7sxze82","previousOperationId":"vvr9newmq6e02g3"}
{"type":"log","timestamp":1731233764151,"level":"debug","message":"Skipping storing report.","meta":{"rootId":"ny8jchkdg6e44vi","id":"ny8jchkdg6e44vi"},"id":"tbznwb0zpgai7jo","previousOperationId":"vvr9newmq6e02g3"}
{"type":"log","timestamp":1731233764151,"level":"info","message":"Rendering request 311 finished in 1072 ms","meta":{"rootId":"ny8jchkdg6e44vi","id":"ny8jchkdg6e44vi"},"id":"i6txthbh0rdr9q0","previousOperationId":"vvr9newmq6e02g3"}
{"type":"operationEnd","subtype":"render","operationId":"6iy317w0lzwmp9v","timestamp":1731233764151,"id":"0gr3wip7cyx2h5q","previousEventId":"z8xdgdqdq38oxl2","previousOperationId":"vvr9newmq6e02g3"}
{"type":"operationEnd","doDiffs":false,"previousEventId":"8f4geh8oct14gwn","previousOperationId":"qtuz2j4s9kxvliv","operationId":"qtuz2j4s9kxvliv","timestamp":1731233764153,"id":"fxsx1ojyqwpas8i"}
