{"type":"operationStart","subtype":"profile","data":{"_id":"wm3GNMNN8afShiCa","timestamp":"2024-11-10T10:12:02.888Z","state":"queued","mode":"standard","creationDate":"2024-11-10T10:12:02.890Z","modificationDate":"2024-11-10T10:12:02.890Z","shortid":"9HsqRPJ","inheritedReadPermissions":[],"inheritedEditPermissions":[],"$entitySet":"profiles"},"doDiffs":false,"timestamp":1731233522889,"id":"c2ph1v7srhfi2f6","previousOperationId":null,"operationId":"9ct4hcqstj3n5bw"}
{"type":"log","level":"info","message":"Render request 301 queued for execution and waiting for available worker","previousOperationId":"9ct4hcqstj3n5bw","timestamp":1731233522889,"id":"v4f2ep8lu19j6z3"}
{"type":"operationStart","subtype":"render","name":"new-excl-template","previousOperationId":"9ct4hcqstj3n5bw","timestamp":1731233522898,"id":"7j558a77hkh4pu3","previousEventId":"c2ph1v7srhfi2f6","operationId":"zur8ariiv2qgwv9"}
{"type":"log","timestamp":1731233522898,"level":"info","message":"Starting rendering request 301 (user: admin)","meta":{"rootId":"o0lo97rhf9h6y0p","id":"o0lo97rhf9h6y0p"},"id":"ny0mfzyfukq8k0b","previousOperationId":"zur8ariiv2qgwv9"}
{"type":"log","timestamp":1731233522898,"level":"info","message":"Rendering template { name: new-excl-template, recipe: html-to-xlsx, engine: handlebars, preview: true }","meta":{"rootId":"o0lo97rhf9h6y0p","id":"o0lo97rhf9h6y0p"},"id":"z2i4hynq45xi5x6","previousOperationId":"zur8ariiv2qgwv9"}
{"type":"log","timestamp":1731233522899,"level":"debug","message":"Adding sample data pVkbCM7am","meta":{"rootId":"o0lo97rhf9h6y0p","id":"o0lo97rhf9h6y0p"},"id":"3s6s28ye6086pt4","previousOperationId":"zur8ariiv2qgwv9"}
{"type":"log","timestamp":1731233522900,"level":"debug","message":"Base url not specified, skipping its injection.","meta":{"rootId":"o0lo97rhf9h6y0p","id":"o0lo97rhf9h6y0p"},"id":"1nll05qnhmwtw71","previousOperationId":"zur8ariiv2qgwv9"}
{"type":"log","timestamp":1731233522902,"level":"debug","message":"Replaced assets [\"KhmerOSSiemreapRegular.ttf\"]","meta":{"rootId":"o0lo97rhf9h6y0p","id":"o0lo97rhf9h6y0p"},"id":"lk2c8qdjjud8f7z","previousOperationId":"zur8ariiv2qgwv9"}
{"type":"operationStart","subtype":"engine","name":"handlebars","timestamp":1731233522902,"id":"rbolprvs5i0j0s2","previousEventId":"7j558a77hkh4pu3","operationId":"h773t97nqwwjg6f","previousOperationId":"zur8ariiv2qgwv9"}
{"type":"log","timestamp":1731233522902,"level":"debug","message":"Rendering engine handlebars","meta":{"rootId":"o0lo97rhf9h6y0p","id":"o0lo97rhf9h6y0p"},"id":"eeq58xgzj006rwu","previousOperationId":"h773t97nqwwjg6f"}
{"type":"operationEnd","operationId":"h773t97nqwwjg6f","timestamp":1731233522917,"id":"sowzvyfe86q58lb","previousEventId":"rbolprvs5i0j0s2","previousOperationId":"h773t97nqwwjg6f"}
{"type":"operationStart","subtype":"recipe","name":"html-to-xlsx","timestamp":1731233522919,"id":"mapps4lxysanosf","previousEventId":"sowzvyfe86q58lb","operationId":"6bjmp4vl0xcy429","previousOperationId":"h773t97nqwwjg6f"}
{"type":"log","timestamp":1731233522919,"level":"debug","message":"Executing recipe html-to-xlsx","meta":{"rootId":"o0lo97rhf9h6y0p","id":"o0lo97rhf9h6y0p"},"id":"km8o39xtiam24uz","previousOperationId":"6bjmp4vl0xcy429"}
{"type":"log","timestamp":1731233522919,"level":"info","message":"html-to-xlsx generation is starting","meta":{"rootId":"o0lo97rhf9h6y0p","id":"o0lo97rhf9h6y0p"},"id":"hspmnutkb1sr0kb","previousOperationId":"6bjmp4vl0xcy429"}
{"type":"log","timestamp":1731233523475,"level":"info","message":"html-to-xlsx generation was finished","meta":{"rootId":"o0lo97rhf9h6y0p","id":"o0lo97rhf9h6y0p"},"id":"5bijhtryht7nfuw","previousOperationId":"6bjmp4vl0xcy429"}
{"type":"log","timestamp":1731233523476,"level":"debug","message":"preparing office preview","meta":{"rootId":"o0lo97rhf9h6y0p","id":"o0lo97rhf9h6y0p"},"id":"p67oe28q6kxe6ct","previousOperationId":"6bjmp4vl0xcy429"}
{"type":"operationEnd","operationId":"6bjmp4vl0xcy429","timestamp":1731233523923,"id":"bc52835u827eied","previousEventId":"mapps4lxysanosf","previousOperationId":"6bjmp4vl0xcy429"}
{"type":"log","timestamp":1731233523923,"level":"debug","message":"Skipping storing report.","meta":{"rootId":"o0lo97rhf9h6y0p","id":"o0lo97rhf9h6y0p"},"id":"9fo2is0fi32ot4u","previousOperationId":"6bjmp4vl0xcy429"}
{"type":"log","timestamp":1731233523923,"level":"info","message":"Rendering request 301 finished in 1035 ms","meta":{"rootId":"o0lo97rhf9h6y0p","id":"o0lo97rhf9h6y0p"},"id":"k29ur3rwuorcfup","previousOperationId":"6bjmp4vl0xcy429"}
{"type":"operationEnd","subtype":"render","operationId":"zur8ariiv2qgwv9","timestamp":1731233523923,"id":"26gu9n70kd4kjpt","previousEventId":"bc52835u827eied","previousOperationId":"6bjmp4vl0xcy429"}
{"type":"operationEnd","doDiffs":false,"previousEventId":"c2ph1v7srhfi2f6","previousOperationId":"9ct4hcqstj3n5bw","operationId":"9ct4hcqstj3n5bw","timestamp":1731233523925,"id":"b5qn3ed50q7biwp"}
