{"type":"operationStart","subtype":"profile","data":{"_id":"gxsWgtJEiFsvIDWy","timestamp":"2024-11-10T13:20:43.661Z","state":"queued","mode":"standard","creationDate":"2024-11-10T13:20:43.662Z","modificationDate":"2024-11-10T13:20:43.662Z","shortid":"0fRF3oh","inheritedReadPermissions":[],"inheritedEditPermissions":[],"$entitySet":"profiles"},"doDiffs":false,"timestamp":1731244843662,"id":"yixgk8ynw5gmgnq","previousOperationId":null,"operationId":"lurg8aq9enxuk0g"}
{"type":"log","level":"info","message":"Render request 48 queued for execution and waiting for available worker","previousOperationId":"lurg8aq9enxuk0g","timestamp":1731244843662,"id":"5jcebe1ne7puinn"}
{"type":"operationStart","subtype":"render","name":"new-excl-template","previousOperationId":"lurg8aq9enxuk0g","timestamp":1731244843671,"id":"udlnkdmkqe18prz","previousEventId":"yixgk8ynw5gmgnq","operationId":"d8zcc0nntopav87"}
{"type":"log","timestamp":1731244843671,"level":"info","message":"Starting rendering request 48 (user: admin)","meta":{"rootId":"o354kmhxn9u6ep0","id":"o354kmhxn9u6ep0"},"id":"6g30uy9ck476jhx","previousOperationId":"d8zcc0nntopav87"}
{"type":"log","timestamp":1731244843671,"level":"info","message":"Rendering template { name: new-excl-template, recipe: html-to-xlsx, engine: handlebars, preview: true }","meta":{"rootId":"o354kmhxn9u6ep0","id":"o354kmhxn9u6ep0"},"id":"343j82yzggbu7tm","previousOperationId":"d8zcc0nntopav87"}
{"type":"log","timestamp":1731244843672,"level":"debug","message":"Inline data specified.","meta":{"rootId":"o354kmhxn9u6ep0","id":"o354kmhxn9u6ep0"},"id":"o8cm0bl6vcy4d6q","previousOperationId":"d8zcc0nntopav87"}
{"type":"log","timestamp":1731244843673,"level":"debug","message":"Base url not specified, skipping its injection.","meta":{"rootId":"o354kmhxn9u6ep0","id":"o354kmhxn9u6ep0"},"id":"li5pq4dpt56cpnx","previousOperationId":"d8zcc0nntopav87"}
{"type":"log","timestamp":1731244843674,"level":"debug","message":"Replaced assets [\"KhmerOSSiemreapRegular.ttf\"]","meta":{"rootId":"o354kmhxn9u6ep0","id":"o354kmhxn9u6ep0"},"id":"2yauj7yl4nozvp5","previousOperationId":"d8zcc0nntopav87"}
{"type":"operationStart","subtype":"engine","name":"handlebars","timestamp":1731244843675,"id":"iy4pdwqg6md4nk7","previousEventId":"udlnkdmkqe18prz","operationId":"6zmktwm4rmm0raz","previousOperationId":"d8zcc0nntopav87"}
{"type":"log","timestamp":1731244843675,"level":"debug","message":"Rendering engine handlebars","meta":{"rootId":"o354kmhxn9u6ep0","id":"o354kmhxn9u6ep0"},"id":"717hmheimldc04j","previousOperationId":"6zmktwm4rmm0raz"}
{"type":"operationEnd","operationId":"6zmktwm4rmm0raz","timestamp":1731244843687,"id":"8vbjzl4zao175qu","previousEventId":"iy4pdwqg6md4nk7","previousOperationId":"6zmktwm4rmm0raz"}
{"type":"operationStart","subtype":"recipe","name":"html-to-xlsx","timestamp":1731244843688,"id":"5dnsg4e4yzw1k67","previousEventId":"8vbjzl4zao175qu","operationId":"l55ffnm2mg8fusk","previousOperationId":"6zmktwm4rmm0raz"}
{"type":"log","timestamp":1731244843688,"level":"debug","message":"Executing recipe html-to-xlsx","meta":{"rootId":"o354kmhxn9u6ep0","id":"o354kmhxn9u6ep0"},"id":"sz5xazqgmv411gr","previousOperationId":"l55ffnm2mg8fusk"}
{"type":"log","timestamp":1731244843688,"level":"info","message":"html-to-xlsx generation is starting","meta":{"rootId":"o354kmhxn9u6ep0","id":"o354kmhxn9u6ep0"},"id":"9ev9cavc94pucfy","previousOperationId":"l55ffnm2mg8fusk"}
{"type":"log","timestamp":1731244844329,"level":"info","message":"html-to-xlsx generation was finished","meta":{"rootId":"o354kmhxn9u6ep0","id":"o354kmhxn9u6ep0"},"id":"9ur4adsxm2aiywt","previousOperationId":"l55ffnm2mg8fusk"}
{"type":"log","timestamp":1731244844330,"level":"debug","message":"preparing office preview","meta":{"rootId":"o354kmhxn9u6ep0","id":"o354kmhxn9u6ep0"},"id":"d7hqeu5x304trpf","previousOperationId":"l55ffnm2mg8fusk"}
{"type":"operationEnd","operationId":"l55ffnm2mg8fusk","timestamp":1731244844776,"id":"o9hpcsvcxhyp9qf","previousEventId":"5dnsg4e4yzw1k67","previousOperationId":"l55ffnm2mg8fusk"}
{"type":"log","timestamp":1731244844776,"level":"debug","message":"Skipping storing report.","meta":{"rootId":"o354kmhxn9u6ep0","id":"o354kmhxn9u6ep0"},"id":"ffwbksb90b2lybg","previousOperationId":"l55ffnm2mg8fusk"}
{"type":"log","timestamp":1731244844776,"level":"info","message":"Rendering request 48 finished in 1115 ms","meta":{"rootId":"o354kmhxn9u6ep0","id":"o354kmhxn9u6ep0"},"id":"6swxkkuwtwg21cg","previousOperationId":"l55ffnm2mg8fusk"}
{"type":"operationEnd","subtype":"render","operationId":"d8zcc0nntopav87","timestamp":1731244844776,"id":"d6yox7emyqsar9c","previousEventId":"o9hpcsvcxhyp9qf","previousOperationId":"l55ffnm2mg8fusk"}
{"type":"operationEnd","doDiffs":false,"previousEventId":"yixgk8ynw5gmgnq","previousOperationId":"lurg8aq9enxuk0g","operationId":"lurg8aq9enxuk0g","timestamp":1731244844778,"id":"q2ggnxf0944hqq8"}
