{"type":"operationStart","subtype":"profile","data":{"_id":"O6KvkeoMRsEi7XNW","timestamp":"2024-11-10T09:01:42.895Z","state":"queued","mode":"standard","creationDate":"2024-11-10T09:01:42.897Z","modificationDate":"2024-11-10T09:01:42.897Z","shortid":"635I9t_","inheritedReadPermissions":[],"inheritedEditPermissions":[],"$entitySet":"profiles"},"doDiffs":false,"timestamp":1731229302897,"id":"upgdy9t2lpi0f73","previousOperationId":null,"operationId":"rj7kbt9u79kxo62"}
{"type":"log","level":"info","message":"Render request 179 queued for execution and waiting for available worker","previousOperationId":"rj7kbt9u79kxo62","timestamp":1731229302897,"id":"mfmkb1z9xxokmse"}
{"type":"operationStart","subtype":"render","name":"new-excl-template","previousOperationId":"rj7kbt9u79kxo62","timestamp":1731229302906,"id":"vy2jv2jenp6mwyh","previousEventId":"upgdy9t2lpi0f73","operationId":"krxqthu226xovm2"}
{"type":"log","timestamp":1731229302906,"level":"info","message":"Starting rendering request 179 (user: admin)","meta":{"rootId":"o7w6po6hji0b3kr","id":"o7w6po6hji0b3kr"},"id":"y5ghm5gcav6c6w6","previousOperationId":"krxqthu226xovm2"}
{"type":"log","timestamp":1731229302906,"level":"info","message":"Rendering template { name: new-excl-template, recipe: html-to-xlsx, engine: handlebars, preview: true }","meta":{"rootId":"o7w6po6hji0b3kr","id":"o7w6po6hji0b3kr"},"id":"vel38khhup1civ8","previousOperationId":"krxqthu226xovm2"}
{"type":"log","timestamp":1731229302907,"level":"debug","message":"Adding sample data pVkbCM7am","meta":{"rootId":"o7w6po6hji0b3kr","id":"o7w6po6hji0b3kr"},"id":"fpnactfaibg82h4","previousOperationId":"krxqthu226xovm2"}
{"type":"log","timestamp":1731229302908,"level":"debug","message":"Base url not specified, skipping its injection.","meta":{"rootId":"o7w6po6hji0b3kr","id":"o7w6po6hji0b3kr"},"id":"9bmyzbfdb4wjk43","previousOperationId":"krxqthu226xovm2"}
{"type":"log","timestamp":1731229302910,"level":"debug","message":"Replaced assets [\"KhmerOSSiemreapRegular.ttf\"]","meta":{"rootId":"o7w6po6hji0b3kr","id":"o7w6po6hji0b3kr"},"id":"nc6wecsnz9zr7ej","previousOperationId":"krxqthu226xovm2"}
{"type":"operationStart","subtype":"engine","name":"handlebars","timestamp":1731229302910,"id":"vs2t0a81uwsvxbb","previousEventId":"vy2jv2jenp6mwyh","operationId":"ihltgzzuxm5ou7f","previousOperationId":"krxqthu226xovm2"}
{"type":"log","timestamp":1731229302910,"level":"debug","message":"Rendering engine handlebars","meta":{"rootId":"o7w6po6hji0b3kr","id":"o7w6po6hji0b3kr"},"id":"b4azzsziqwr90rt","previousOperationId":"ihltgzzuxm5ou7f"}
{"type":"operationEnd","operationId":"ihltgzzuxm5ou7f","timestamp":1731229302929,"id":"nqno3lpdon2qta5","previousEventId":"vs2t0a81uwsvxbb","previousOperationId":"ihltgzzuxm5ou7f"}
{"type":"operationStart","subtype":"recipe","name":"html-to-xlsx","timestamp":1731229302931,"id":"9m03nrfqmyudn8z","previousEventId":"nqno3lpdon2qta5","operationId":"gfdhf5no82tznnj","previousOperationId":"ihltgzzuxm5ou7f"}
{"type":"log","timestamp":1731229302931,"level":"debug","message":"Executing recipe html-to-xlsx","meta":{"rootId":"o7w6po6hji0b3kr","id":"o7w6po6hji0b3kr"},"id":"7rfbj8vewevkzb1","previousOperationId":"gfdhf5no82tznnj"}
{"type":"log","timestamp":1731229302932,"level":"info","message":"html-to-xlsx generation is starting","meta":{"rootId":"o7w6po6hji0b3kr","id":"o7w6po6hji0b3kr"},"id":"ru99u6gdv4he63v","previousOperationId":"gfdhf5no82tznnj"}
{"type":"log","timestamp":1731229303913,"level":"info","message":"html-to-xlsx generation was finished","meta":{"rootId":"o7w6po6hji0b3kr","id":"o7w6po6hji0b3kr"},"id":"2woxtdxuvkg0bqd","previousOperationId":"gfdhf5no82tznnj"}
{"type":"log","timestamp":1731229303913,"level":"debug","message":"preparing office preview","meta":{"rootId":"o7w6po6hji0b3kr","id":"o7w6po6hji0b3kr"},"id":"66fzazdjy1r85ht","previousOperationId":"gfdhf5no82tznnj"}
{"type":"operationEnd","operationId":"gfdhf5no82tznnj","timestamp":1731229304369,"id":"0f01cpchjj651vh","previousEventId":"9m03nrfqmyudn8z","previousOperationId":"gfdhf5no82tznnj"}
{"type":"log","timestamp":1731229304369,"level":"debug","message":"Skipping storing report.","meta":{"rootId":"o7w6po6hji0b3kr","id":"o7w6po6hji0b3kr"},"id":"zjb4z4e3opu3kxp","previousOperationId":"gfdhf5no82tznnj"}
{"type":"log","timestamp":1731229304369,"level":"info","message":"Rendering request 179 finished in 1474 ms","meta":{"rootId":"o7w6po6hji0b3kr","id":"o7w6po6hji0b3kr"},"id":"p0sz6afli0shy5m","previousOperationId":"gfdhf5no82tznnj"}
{"type":"operationEnd","subtype":"render","operationId":"krxqthu226xovm2","timestamp":1731229304369,"id":"kmysd64og0zk7yc","previousEventId":"0f01cpchjj651vh","previousOperationId":"gfdhf5no82tznnj"}
{"type":"operationEnd","doDiffs":false,"previousEventId":"upgdy9t2lpi0f73","previousOperationId":"rj7kbt9u79kxo62","operationId":"rj7kbt9u79kxo62","timestamp":1731229304372,"id":"1a3jm1veo9a5wnv"}
