{"type":"operationStart","subtype":"profile","data":{"_id":"gEBIBpovQ3X9IQTr","timestamp":"2024-11-10T08:56:37.988Z","state":"queued","mode":"standard","creationDate":"2024-11-10T08:56:37.990Z","modificationDate":"2024-11-10T08:56:37.990Z","shortid":"M98su3f","inheritedReadPermissions":[],"inheritedEditPermissions":[],"$entitySet":"profiles"},"doDiffs":false,"timestamp":1731228997989,"id":"csyi3i3r05hyqzv","previousOperationId":null,"operationId":"7nn7d08vuyrwicl"}
{"type":"log","level":"info","message":"Render request 166 queued for execution and waiting for available worker","previousOperationId":"7nn7d08vuyrwicl","timestamp":1731228997989,"id":"24vv6ropx26dcyj"}
{"type":"operationStart","subtype":"render","name":"new-excl-template","previousOperationId":"7nn7d08vuyrwicl","timestamp":1731228997997,"id":"c1wl2fvma82ai7w","previousEventId":"csyi3i3r05hyqzv","operationId":"u1xrjnm66krskmf"}
{"type":"log","timestamp":1731228997997,"level":"info","message":"Starting rendering request 166 (user: admin)","meta":{"rootId":"o7wiqas4st478kz","id":"o7wiqas4st478kz"},"id":"wzdu6qjgswojfkk","previousOperationId":"u1xrjnm66krskmf"}
{"type":"log","timestamp":1731228997997,"level":"info","message":"Rendering template { name: new-excl-template, recipe: html-to-xlsx, engine: handlebars, preview: true }","meta":{"rootId":"o7wiqas4st478kz","id":"o7wiqas4st478kz"},"id":"rtdqghdouij0rae","previousOperationId":"u1xrjnm66krskmf"}
{"type":"log","timestamp":1731228997998,"level":"debug","message":"Adding sample data pVkbCM7am","meta":{"rootId":"o7wiqas4st478kz","id":"o7wiqas4st478kz"},"id":"my3vkva495cw7ln","previousOperationId":"u1xrjnm66krskmf"}
{"type":"log","timestamp":1731228998000,"level":"debug","message":"Base url not specified, skipping its injection.","meta":{"rootId":"o7wiqas4st478kz","id":"o7wiqas4st478kz"},"id":"gd0fb173ee72uud","previousOperationId":"u1xrjnm66krskmf"}
{"type":"log","timestamp":1731228998003,"level":"debug","message":"Replaced assets [\"KhmerOSSiemreapRegular.ttf\"]","meta":{"rootId":"o7wiqas4st478kz","id":"o7wiqas4st478kz"},"id":"p7wl7hxtytlf1cw","previousOperationId":"u1xrjnm66krskmf"}
{"type":"operationStart","subtype":"engine","name":"handlebars","timestamp":1731228998003,"id":"m5rdlnmpfcfn6su","previousEventId":"c1wl2fvma82ai7w","operationId":"6re7ogob4xeeh9t","previousOperationId":"u1xrjnm66krskmf"}
{"type":"log","timestamp":1731228998003,"level":"debug","message":"Rendering engine handlebars","meta":{"rootId":"o7wiqas4st478kz","id":"o7wiqas4st478kz"},"id":"cs14s7ce0qn9sip","previousOperationId":"6re7ogob4xeeh9t"}
{"type":"operationEnd","operationId":"6re7ogob4xeeh9t","timestamp":1731228998020,"id":"meg86g07249kgad","previousEventId":"m5rdlnmpfcfn6su","previousOperationId":"6re7ogob4xeeh9t"}
{"type":"operationStart","subtype":"recipe","name":"html-to-xlsx","timestamp":1731228998023,"id":"hh5bo3jx97ojlt4","previousEventId":"meg86g07249kgad","operationId":"qyonily3ttyof4q","previousOperationId":"6re7ogob4xeeh9t"}
{"type":"log","timestamp":1731228998023,"level":"debug","message":"Executing recipe html-to-xlsx","meta":{"rootId":"o7wiqas4st478kz","id":"o7wiqas4st478kz"},"id":"dcstd0mkg4gjunz","previousOperationId":"qyonily3ttyof4q"}
{"type":"log","timestamp":1731228998023,"level":"info","message":"html-to-xlsx generation is starting","meta":{"rootId":"o7wiqas4st478kz","id":"o7wiqas4st478kz"},"id":"865quex47ejkob2","previousOperationId":"qyonily3ttyof4q"}
{"type":"log","timestamp":1731228998898,"level":"info","message":"html-to-xlsx generation was finished","meta":{"rootId":"o7wiqas4st478kz","id":"o7wiqas4st478kz"},"id":"pmpy498iwix6cc4","previousOperationId":"qyonily3ttyof4q"}
{"type":"log","timestamp":1731228998898,"level":"debug","message":"preparing office preview","meta":{"rootId":"o7wiqas4st478kz","id":"o7wiqas4st478kz"},"id":"fnf3r6morr4fmj8","previousOperationId":"qyonily3ttyof4q"}
{"type":"operationEnd","operationId":"qyonily3ttyof4q","timestamp":1731228999341,"id":"bbwi654qfp0ojdg","previousEventId":"hh5bo3jx97ojlt4","previousOperationId":"qyonily3ttyof4q"}
{"type":"log","timestamp":1731228999341,"level":"debug","message":"Skipping storing report.","meta":{"rootId":"o7wiqas4st478kz","id":"o7wiqas4st478kz"},"id":"4nbh9m51jwpsdcc","previousOperationId":"qyonily3ttyof4q"}
{"type":"log","timestamp":1731228999341,"level":"info","message":"Rendering request 166 finished in 1353 ms","meta":{"rootId":"o7wiqas4st478kz","id":"o7wiqas4st478kz"},"id":"mmobjpmvkmwvbsx","previousOperationId":"qyonily3ttyof4q"}
{"type":"operationEnd","subtype":"render","operationId":"u1xrjnm66krskmf","timestamp":1731228999341,"id":"jbfnbk1nqxnrycs","previousEventId":"bbwi654qfp0ojdg","previousOperationId":"qyonily3ttyof4q"}
{"type":"operationEnd","doDiffs":false,"previousEventId":"csyi3i3r05hyqzv","previousOperationId":"7nn7d08vuyrwicl","operationId":"7nn7d08vuyrwicl","timestamp":1731228999343,"id":"zh5magrjpgey5zx"}
