{"type":"operationStart","subtype":"profile","data":{"_id":"CuYfQ5W0EIcfRK3C","timestamp":"2024-11-10T15:11:15.174Z","state":"queued","mode":"standard","creationDate":"2024-11-10T15:11:15.176Z","modificationDate":"2024-11-10T15:11:15.176Z","shortid":"fyE-3bT","inheritedReadPermissions":[],"inheritedEditPermissions":[],"$entitySet":"profiles"},"doDiffs":false,"timestamp":1731251475175,"id":"k7hqqa0vi3c5i7k","previousOperationId":null,"operationId":"7uqst4lfo93kxzn"}
{"type":"log","level":"info","message":"Render request 190 queued for execution and waiting for available worker","previousOperationId":"7uqst4lfo93kxzn","timestamp":1731251475175,"id":"8hqo1v6vuzjnru8"}
{"type":"operationStart","subtype":"render","name":"new-excl-template","previousOperationId":"7uqst4lfo93kxzn","timestamp":1731251475182,"id":"cbs2vzp4mobc7z0","previousEventId":"k7hqqa0vi3c5i7k","operationId":"59okusc98okmcit"}
{"type":"log","timestamp":1731251475182,"level":"info","message":"Starting rendering request 190 (user: admin)","meta":{"rootId":"oo6vbij92s1mlgn","id":"oo6vbij92s1mlgn"},"id":"wipsduelj2t6rov","previousOperationId":"59okusc98okmcit"}
{"type":"log","timestamp":1731251475182,"level":"info","message":"Rendering template { name: new-excl-template, recipe: html-to-xlsx, engine: handlebars, preview: true }","meta":{"rootId":"oo6vbij92s1mlgn","id":"oo6vbij92s1mlgn"},"id":"oxqcsscqpnw8e5k","previousOperationId":"59okusc98okmcit"}
{"type":"log","timestamp":1731251475183,"level":"debug","message":"Inline data specified.","meta":{"rootId":"oo6vbij92s1mlgn","id":"oo6vbij92s1mlgn"},"id":"5d7kgfhf8py2x7f","previousOperationId":"59okusc98okmcit"}
{"type":"log","timestamp":1731251475184,"level":"debug","message":"Base url not specified, skipping its injection.","meta":{"rootId":"oo6vbij92s1mlgn","id":"oo6vbij92s1mlgn"},"id":"hdzuv1kcooe6gsy","previousOperationId":"59okusc98okmcit"}
{"type":"log","timestamp":1731251475185,"level":"debug","message":"Replaced assets [\"KhmerOSSiemreapRegular.ttf\"]","meta":{"rootId":"oo6vbij92s1mlgn","id":"oo6vbij92s1mlgn"},"id":"0c0abq2burbmkzh","previousOperationId":"59okusc98okmcit"}
{"type":"operationStart","subtype":"engine","name":"handlebars","timestamp":1731251475185,"id":"wyho13reqp9h28c","previousEventId":"cbs2vzp4mobc7z0","operationId":"d5lmx6j6cer56wc","previousOperationId":"59okusc98okmcit"}
{"type":"log","timestamp":1731251475185,"level":"debug","message":"Rendering engine handlebars","meta":{"rootId":"oo6vbij92s1mlgn","id":"oo6vbij92s1mlgn"},"id":"18j7aut0u3fuocg","previousOperationId":"d5lmx6j6cer56wc"}
{"type":"operationEnd","operationId":"d5lmx6j6cer56wc","timestamp":1731251475197,"id":"vcd6ollh4wb8y7c","previousEventId":"wyho13reqp9h28c","previousOperationId":"d5lmx6j6cer56wc"}
{"type":"operationStart","subtype":"recipe","name":"html-to-xlsx","timestamp":1731251475198,"id":"iruh4nyrpflel7j","previousEventId":"vcd6ollh4wb8y7c","operationId":"yf743w7qgj9w2sm","previousOperationId":"d5lmx6j6cer56wc"}
{"type":"log","timestamp":1731251475198,"level":"debug","message":"Executing recipe html-to-xlsx","meta":{"rootId":"oo6vbij92s1mlgn","id":"oo6vbij92s1mlgn"},"id":"9b0rqx5ck5gxm6z","previousOperationId":"yf743w7qgj9w2sm"}
{"type":"log","timestamp":1731251475198,"level":"info","message":"html-to-xlsx generation is starting","meta":{"rootId":"oo6vbij92s1mlgn","id":"oo6vbij92s1mlgn"},"id":"jrds7ub2x3xjk9f","previousOperationId":"yf743w7qgj9w2sm"}
{"type":"log","timestamp":1731251475760,"level":"info","message":"html-to-xlsx generation was finished","meta":{"rootId":"oo6vbij92s1mlgn","id":"oo6vbij92s1mlgn"},"id":"99i9dlovd1acjzg","previousOperationId":"yf743w7qgj9w2sm"}
{"type":"log","timestamp":1731251475760,"level":"debug","message":"preparing office preview","meta":{"rootId":"oo6vbij92s1mlgn","id":"oo6vbij92s1mlgn"},"id":"hugd7t4w8ensrc6","previousOperationId":"yf743w7qgj9w2sm"}
{"type":"operationEnd","operationId":"yf743w7qgj9w2sm","timestamp":1731251476207,"id":"glh4ztzpkucuns5","previousEventId":"iruh4nyrpflel7j","previousOperationId":"yf743w7qgj9w2sm"}
{"type":"log","timestamp":1731251476207,"level":"debug","message":"Skipping storing report.","meta":{"rootId":"oo6vbij92s1mlgn","id":"oo6vbij92s1mlgn"},"id":"3khis0o0lltitry","previousOperationId":"yf743w7qgj9w2sm"}
{"type":"log","timestamp":1731251476207,"level":"info","message":"Rendering request 190 finished in 1033 ms","meta":{"rootId":"oo6vbij92s1mlgn","id":"oo6vbij92s1mlgn"},"id":"o1yul4jxf6l4rhk","previousOperationId":"yf743w7qgj9w2sm"}
{"type":"operationEnd","subtype":"render","operationId":"59okusc98okmcit","timestamp":1731251476207,"id":"gce94stkbj0vrn0","previousEventId":"glh4ztzpkucuns5","previousOperationId":"yf743w7qgj9w2sm"}
{"type":"operationEnd","doDiffs":false,"previousEventId":"k7hqqa0vi3c5i7k","previousOperationId":"7uqst4lfo93kxzn","operationId":"7uqst4lfo93kxzn","timestamp":1731251476209,"id":"mxlils9zo1u1sad"}
