{"type":"operationStart","subtype":"profile","data":{"_id":"5lPw4qZEbXC3p4fC","timestamp":"2024-11-10T14:10:15.414Z","state":"queued","mode":"standard","creationDate":"2024-11-10T14:10:15.415Z","modificationDate":"2024-11-10T14:10:15.415Z","shortid":"MA93bu7","inheritedReadPermissions":[],"inheritedEditPermissions":[],"$entitySet":"profiles"},"doDiffs":false,"timestamp":1731247815414,"id":"2u0fpe8n9ym66pz","previousOperationId":null,"operationId":"g276ubrta28v5yc"}
{"type":"log","level":"info","message":"Render request 113 queued for execution and waiting for available worker","previousOperationId":"g276ubrta28v5yc","timestamp":1731247815415,"id":"8fe6gom5i0ievme"}
{"type":"operationStart","subtype":"render","name":"new-excl-template","previousOperationId":"g276ubrta28v5yc","timestamp":1731247815421,"id":"onjflvuv98dq9bt","previousEventId":"2u0fpe8n9ym66pz","operationId":"0855fhpyotvun36"}
{"type":"log","timestamp":1731247815421,"level":"info","message":"Starting rendering request 113 (user: admin)","meta":{"rootId":"oon27sd4if8t5qa","id":"oon27sd4if8t5qa"},"id":"zfkszqw3cbsah9b","previousOperationId":"0855fhpyotvun36"}
{"type":"log","timestamp":1731247815421,"level":"info","message":"Rendering template { name: new-excl-template, recipe: html-to-xlsx, engine: handlebars, preview: true }","meta":{"rootId":"oon27sd4if8t5qa","id":"oon27sd4if8t5qa"},"id":"mrjxyrzxfkzfe0k","previousOperationId":"0855fhpyotvun36"}
{"type":"log","timestamp":1731247815422,"level":"debug","message":"Inline data specified.","meta":{"rootId":"oon27sd4if8t5qa","id":"oon27sd4if8t5qa"},"id":"s284vjim8iu6yr0","previousOperationId":"0855fhpyotvun36"}
{"type":"log","timestamp":1731247815423,"level":"debug","message":"Base url not specified, skipping its injection.","meta":{"rootId":"oon27sd4if8t5qa","id":"oon27sd4if8t5qa"},"id":"zwwp7wwfz5i1ejk","previousOperationId":"0855fhpyotvun36"}
{"type":"log","timestamp":1731247815424,"level":"debug","message":"Replaced assets [\"KhmerOSSiemreapRegular.ttf\"]","meta":{"rootId":"oon27sd4if8t5qa","id":"oon27sd4if8t5qa"},"id":"znpv3euje2axyy1","previousOperationId":"0855fhpyotvun36"}
{"type":"operationStart","subtype":"engine","name":"handlebars","timestamp":1731247815424,"id":"sy7hugx16vwkxz9","previousEventId":"onjflvuv98dq9bt","operationId":"mmhkb79l9ujr8xh","previousOperationId":"0855fhpyotvun36"}
{"type":"log","timestamp":1731247815424,"level":"debug","message":"Rendering engine handlebars","meta":{"rootId":"oon27sd4if8t5qa","id":"oon27sd4if8t5qa"},"id":"neng9ywwkcw6bc7","previousOperationId":"mmhkb79l9ujr8xh"}
{"type":"operationEnd","operationId":"mmhkb79l9ujr8xh","timestamp":1731247815435,"id":"7f45hh8fjannzya","previousEventId":"sy7hugx16vwkxz9","previousOperationId":"mmhkb79l9ujr8xh"}
{"type":"operationStart","subtype":"recipe","name":"html-to-xlsx","timestamp":1731247815436,"id":"7087tmyesgiva22","previousEventId":"7f45hh8fjannzya","operationId":"zxicqo9cf4jf154","previousOperationId":"mmhkb79l9ujr8xh"}
{"type":"log","timestamp":1731247815436,"level":"debug","message":"Executing recipe html-to-xlsx","meta":{"rootId":"oon27sd4if8t5qa","id":"oon27sd4if8t5qa"},"id":"v9jm5jd68ax62xb","previousOperationId":"zxicqo9cf4jf154"}
{"type":"log","timestamp":1731247815436,"level":"info","message":"html-to-xlsx generation is starting","meta":{"rootId":"oon27sd4if8t5qa","id":"oon27sd4if8t5qa"},"id":"dwlpppktklvhydv","previousOperationId":"zxicqo9cf4jf154"}
{"type":"log","timestamp":1731247816016,"level":"info","message":"html-to-xlsx generation was finished","meta":{"rootId":"oon27sd4if8t5qa","id":"oon27sd4if8t5qa"},"id":"mpn9o23zql00f17","previousOperationId":"zxicqo9cf4jf154"}
{"type":"log","timestamp":1731247816016,"level":"debug","message":"preparing office preview","meta":{"rootId":"oon27sd4if8t5qa","id":"oon27sd4if8t5qa"},"id":"uy8yb0hxjpcoq01","previousOperationId":"zxicqo9cf4jf154"}
{"type":"operationEnd","operationId":"zxicqo9cf4jf154","timestamp":1731247816463,"id":"ab9f3k6ne8a1jo8","previousEventId":"7087tmyesgiva22","previousOperationId":"zxicqo9cf4jf154"}
{"type":"log","timestamp":1731247816463,"level":"debug","message":"Skipping storing report.","meta":{"rootId":"oon27sd4if8t5qa","id":"oon27sd4if8t5qa"},"id":"4xq8tsmhoixgh0o","previousOperationId":"zxicqo9cf4jf154"}
{"type":"log","timestamp":1731247816463,"level":"info","message":"Rendering request 113 finished in 1050 ms","meta":{"rootId":"oon27sd4if8t5qa","id":"oon27sd4if8t5qa"},"id":"etdbfiazsbg3d8b","previousOperationId":"zxicqo9cf4jf154"}
{"type":"operationEnd","subtype":"render","operationId":"0855fhpyotvun36","timestamp":1731247816463,"id":"nam6zadcg1bjuu7","previousEventId":"ab9f3k6ne8a1jo8","previousOperationId":"zxicqo9cf4jf154"}
{"type":"operationEnd","doDiffs":false,"previousEventId":"2u0fpe8n9ym66pz","previousOperationId":"g276ubrta28v5yc","operationId":"g276ubrta28v5yc","timestamp":1731247816465,"id":"6m8k8lp815g6xg7"}
