{"type":"operationStart","subtype":"profile","data":{"_id":"xu8d1eK3cB7ecWYp","timestamp":"2024-11-10T15:14:36.775Z","state":"queued","mode":"standard","creationDate":"2024-11-10T15:14:36.776Z","modificationDate":"2024-11-10T15:14:36.776Z","shortid":"fUnLKUS","inheritedReadPermissions":[],"inheritedEditPermissions":[],"$entitySet":"profiles"},"doDiffs":false,"timestamp":1731251676776,"id":"x67hanvkqfvpaac","previousOperationId":null,"operationId":"aovz7dwp0njekii"}
{"type":"log","level":"info","message":"Render request 192 queued for execution and waiting for available worker","previousOperationId":"aovz7dwp0njekii","timestamp":1731251676776,"id":"mipti3rqe7nvxrb"}
{"type":"operationStart","subtype":"render","name":"new-excl-template","previousOperationId":"aovz7dwp0njekii","timestamp":1731251676783,"id":"lpray5eebeiax3m","previousEventId":"x67hanvkqfvpaac","operationId":"271pkgz1t6yvg8v"}
{"type":"log","timestamp":1731251676784,"level":"info","message":"Starting rendering request 192 (user: admin)","meta":{"rootId":"ozavsi34niol5nu","id":"ozavsi34niol5nu"},"id":"1ust4tg4h5i15ke","previousOperationId":"271pkgz1t6yvg8v"}
{"type":"log","timestamp":1731251676784,"level":"info","message":"Rendering template { name: new-excl-template, recipe: html-to-xlsx, engine: handlebars, preview: true }","meta":{"rootId":"ozavsi34niol5nu","id":"ozavsi34niol5nu"},"id":"t8jq6qr1ctgnsev","previousOperationId":"271pkgz1t6yvg8v"}
{"type":"log","timestamp":1731251676784,"level":"debug","message":"Inline data specified.","meta":{"rootId":"ozavsi34niol5nu","id":"ozavsi34niol5nu"},"id":"y4vvqgfi2gvdqwy","previousOperationId":"271pkgz1t6yvg8v"}
{"type":"log","timestamp":1731251676785,"level":"debug","message":"Base url not specified, skipping its injection.","meta":{"rootId":"ozavsi34niol5nu","id":"ozavsi34niol5nu"},"id":"jig2dlfsaz2ffsf","previousOperationId":"271pkgz1t6yvg8v"}
{"type":"log","timestamp":1731251676787,"level":"debug","message":"Replaced assets [\"KhmerOSSiemreapRegular.ttf\"]","meta":{"rootId":"ozavsi34niol5nu","id":"ozavsi34niol5nu"},"id":"6moc8tyl4hps1oy","previousOperationId":"271pkgz1t6yvg8v"}
{"type":"operationStart","subtype":"engine","name":"handlebars","timestamp":1731251676787,"id":"5lpo5v0i78brub4","previousEventId":"lpray5eebeiax3m","operationId":"3u5kqvzmczwtp8l","previousOperationId":"271pkgz1t6yvg8v"}
{"type":"log","timestamp":1731251676787,"level":"debug","message":"Rendering engine handlebars","meta":{"rootId":"ozavsi34niol5nu","id":"ozavsi34niol5nu"},"id":"v2bnqnmhqlyhmqu","previousOperationId":"3u5kqvzmczwtp8l"}
{"type":"operationEnd","operationId":"3u5kqvzmczwtp8l","timestamp":1731251676804,"id":"ucwlwu353p13ao1","previousEventId":"5lpo5v0i78brub4","previousOperationId":"3u5kqvzmczwtp8l"}
{"type":"operationStart","subtype":"recipe","name":"html-to-xlsx","timestamp":1731251676805,"id":"x9hhwhytilssrfg","previousEventId":"ucwlwu353p13ao1","operationId":"9o48mxk0x151cd5","previousOperationId":"3u5kqvzmczwtp8l"}
{"type":"log","timestamp":1731251676805,"level":"debug","message":"Executing recipe html-to-xlsx","meta":{"rootId":"ozavsi34niol5nu","id":"ozavsi34niol5nu"},"id":"ezhh1xdl6xrod81","previousOperationId":"9o48mxk0x151cd5"}
{"type":"log","timestamp":1731251676805,"level":"info","message":"html-to-xlsx generation is starting","meta":{"rootId":"ozavsi34niol5nu","id":"ozavsi34niol5nu"},"id":"qcgh5yrveqv6c94","previousOperationId":"9o48mxk0x151cd5"}
{"type":"log","timestamp":1731251677403,"level":"info","message":"html-to-xlsx generation was finished","meta":{"rootId":"ozavsi34niol5nu","id":"ozavsi34niol5nu"},"id":"puo2063cuckvqj8","previousOperationId":"9o48mxk0x151cd5"}
{"type":"log","timestamp":1731251677403,"level":"debug","message":"preparing office preview","meta":{"rootId":"ozavsi34niol5nu","id":"ozavsi34niol5nu"},"id":"5l3dl977dftksg3","previousOperationId":"9o48mxk0x151cd5"}
{"type":"operationEnd","operationId":"9o48mxk0x151cd5","timestamp":1731251677849,"id":"8ng524qvcsvxs3m","previousEventId":"x9hhwhytilssrfg","previousOperationId":"9o48mxk0x151cd5"}
{"type":"log","timestamp":1731251677849,"level":"debug","message":"Skipping storing report.","meta":{"rootId":"ozavsi34niol5nu","id":"ozavsi34niol5nu"},"id":"075gl9h3nysf41o","previousOperationId":"9o48mxk0x151cd5"}
{"type":"log","timestamp":1731251677849,"level":"info","message":"Rendering request 192 finished in 1074 ms","meta":{"rootId":"ozavsi34niol5nu","id":"ozavsi34niol5nu"},"id":"9z787ln0cj81ylc","previousOperationId":"9o48mxk0x151cd5"}
{"type":"operationEnd","subtype":"render","operationId":"271pkgz1t6yvg8v","timestamp":1731251677849,"id":"wkalrh13fkblfcb","previousEventId":"8ng524qvcsvxs3m","previousOperationId":"9o48mxk0x151cd5"}
{"type":"operationEnd","doDiffs":false,"previousEventId":"x67hanvkqfvpaac","previousOperationId":"aovz7dwp0njekii","operationId":"aovz7dwp0njekii","timestamp":1731251677851,"id":"2q47bprca86qpj3"}
