{"type":"operationStart","subtype":"profile","data":{"_id":"hfNgneTR10MYM08j","timestamp":"2024-11-10T14:16:47.568Z","state":"queued","mode":"standard","creationDate":"2024-11-10T14:16:47.570Z","modificationDate":"2024-11-10T14:16:47.570Z","shortid":"qlmlbd3","inheritedReadPermissions":[],"inheritedEditPermissions":[],"$entitySet":"profiles"},"doDiffs":false,"timestamp":1731248207569,"id":"844p3rbwq8b40m5","previousOperationId":null,"operationId":"xx71ppxoj66zkz1"}
{"type":"log","level":"info","message":"Render request 129 queued for execution and waiting for available worker","previousOperationId":"xx71ppxoj66zkz1","timestamp":1731248207569,"id":"c6pgj9vuf6f0mr2"}
{"type":"operationStart","subtype":"render","name":"new-excl-template","previousOperationId":"xx71ppxoj66zkz1","timestamp":1731248207575,"id":"pvs5wi8d51rdni7","previousEventId":"844p3rbwq8b40m5","operationId":"r75c93yx81w7zy1"}
{"type":"log","timestamp":1731248207575,"level":"info","message":"Starting rendering request 129 (user: admin)","meta":{"rootId":"p31ml0igos8lc8n","id":"p31ml0igos8lc8n"},"id":"hc6587edtud2lb1","previousOperationId":"r75c93yx81w7zy1"}
{"type":"log","timestamp":1731248207575,"level":"info","message":"Rendering template { name: new-excl-template, recipe: html-to-xlsx, engine: handlebars, preview: true }","meta":{"rootId":"p31ml0igos8lc8n","id":"p31ml0igos8lc8n"},"id":"41fkowtn8cj5p8i","previousOperationId":"r75c93yx81w7zy1"}
{"type":"log","timestamp":1731248207576,"level":"debug","message":"Inline data specified.","meta":{"rootId":"p31ml0igos8lc8n","id":"p31ml0igos8lc8n"},"id":"i5z5qygk60ac4fl","previousOperationId":"r75c93yx81w7zy1"}
{"type":"log","timestamp":1731248207577,"level":"debug","message":"Base url not specified, skipping its injection.","meta":{"rootId":"p31ml0igos8lc8n","id":"p31ml0igos8lc8n"},"id":"hj1kjrnsjkk8ehy","previousOperationId":"r75c93yx81w7zy1"}
{"type":"log","timestamp":1731248207579,"level":"debug","message":"Replaced assets [\"KhmerOSSiemreapRegular.ttf\"]","meta":{"rootId":"p31ml0igos8lc8n","id":"p31ml0igos8lc8n"},"id":"xct6u6suyj4ahxb","previousOperationId":"r75c93yx81w7zy1"}
{"type":"operationStart","subtype":"engine","name":"handlebars","timestamp":1731248207579,"id":"kyq8tkfl7p402fw","previousEventId":"pvs5wi8d51rdni7","operationId":"qhlmsmvafz20bqe","previousOperationId":"r75c93yx81w7zy1"}
{"type":"log","timestamp":1731248207579,"level":"debug","message":"Rendering engine handlebars","meta":{"rootId":"p31ml0igos8lc8n","id":"p31ml0igos8lc8n"},"id":"fqwgjzgk1aahfuq","previousOperationId":"qhlmsmvafz20bqe"}
{"type":"operationEnd","operationId":"qhlmsmvafz20bqe","timestamp":1731248207590,"id":"g41tu1czs1pnz09","previousEventId":"kyq8tkfl7p402fw","previousOperationId":"qhlmsmvafz20bqe"}
{"type":"operationStart","subtype":"recipe","name":"html-to-xlsx","timestamp":1731248207592,"id":"6xa0c9zo7c2b4ki","previousEventId":"g41tu1czs1pnz09","operationId":"eabum7poi6mbq95","previousOperationId":"qhlmsmvafz20bqe"}
{"type":"log","timestamp":1731248207592,"level":"debug","message":"Executing recipe html-to-xlsx","meta":{"rootId":"p31ml0igos8lc8n","id":"p31ml0igos8lc8n"},"id":"v2g9l470gpokv91","previousOperationId":"eabum7poi6mbq95"}
{"type":"log","timestamp":1731248207592,"level":"info","message":"html-to-xlsx generation is starting","meta":{"rootId":"p31ml0igos8lc8n","id":"p31ml0igos8lc8n"},"id":"vwa909qjnga2qzr","previousOperationId":"eabum7poi6mbq95"}
{"type":"log","timestamp":1731248208164,"level":"info","message":"html-to-xlsx generation was finished","meta":{"rootId":"p31ml0igos8lc8n","id":"p31ml0igos8lc8n"},"id":"cb063vdjhlv0wf1","previousOperationId":"eabum7poi6mbq95"}
{"type":"log","timestamp":1731248208164,"level":"debug","message":"preparing office preview","meta":{"rootId":"p31ml0igos8lc8n","id":"p31ml0igos8lc8n"},"id":"1up20y79jyu1fxr","previousOperationId":"eabum7poi6mbq95"}
{"type":"operationEnd","operationId":"eabum7poi6mbq95","timestamp":1731248208626,"id":"pmxc1weaypwa8mo","previousEventId":"6xa0c9zo7c2b4ki","previousOperationId":"eabum7poi6mbq95"}
{"type":"log","timestamp":1731248208626,"level":"debug","message":"Skipping storing report.","meta":{"rootId":"p31ml0igos8lc8n","id":"p31ml0igos8lc8n"},"id":"t8u8uf8zmq3esx1","previousOperationId":"eabum7poi6mbq95"}
{"type":"log","timestamp":1731248208626,"level":"info","message":"Rendering request 129 finished in 1058 ms","meta":{"rootId":"p31ml0igos8lc8n","id":"p31ml0igos8lc8n"},"id":"tagq3wy74o6qmpq","previousOperationId":"eabum7poi6mbq95"}
{"type":"operationEnd","subtype":"render","operationId":"r75c93yx81w7zy1","timestamp":1731248208626,"id":"sininsid2m2t12b","previousEventId":"pmxc1weaypwa8mo","previousOperationId":"eabum7poi6mbq95"}
{"type":"operationEnd","doDiffs":false,"previousEventId":"844p3rbwq8b40m5","previousOperationId":"xx71ppxoj66zkz1","operationId":"xx71ppxoj66zkz1","timestamp":1731248208629,"id":"2s73xoinyczbk3s"}
