{"type":"operationStart","subtype":"profile","data":{"_id":"fb7hNKYEwnDW1VkO","timestamp":"2024-11-10T08:31:18.294Z","state":"queued","mode":"standard","creationDate":"2024-11-10T08:31:18.295Z","modificationDate":"2024-11-10T08:31:18.295Z","shortid":"X7pZ8GB","inheritedReadPermissions":[],"inheritedEditPermissions":[],"$entitySet":"profiles"},"doDiffs":false,"timestamp":1731227478295,"id":"g1s9n3oolyk9v8x","previousOperationId":null,"operationId":"g18ywwdait6wxzc"}
{"type":"log","level":"info","message":"Render request 123 queued for execution and waiting for available worker","previousOperationId":"g18ywwdait6wxzc","timestamp":1731227478295,"id":"py28not5rog99m8"}
{"type":"operationStart","subtype":"render","name":"new-excl-template","previousOperationId":"g18ywwdait6wxzc","timestamp":1731227478303,"id":"mt5nt4kjxvi087j","previousEventId":"g1s9n3oolyk9v8x","operationId":"2kb9cd8oht6am7m"}
{"type":"log","timestamp":1731227478303,"level":"info","message":"Starting rendering request 123 (user: admin)","meta":{"rootId":"p4sc2tacyh3jrxk","id":"p4sc2tacyh3jrxk"},"id":"i05owlle0z8aph0","previousOperationId":"2kb9cd8oht6am7m"}
{"type":"log","timestamp":1731227478303,"level":"info","message":"Rendering template { name: new-excl-template, recipe: html-to-xlsx, engine: handlebars, preview: true }","meta":{"rootId":"p4sc2tacyh3jrxk","id":"p4sc2tacyh3jrxk"},"id":"j8mcsdf5upn510n","previousOperationId":"2kb9cd8oht6am7m"}
{"type":"log","timestamp":1731227478305,"level":"debug","message":"Adding sample data pVkbCM7am","meta":{"rootId":"p4sc2tacyh3jrxk","id":"p4sc2tacyh3jrxk"},"id":"t8ufpq0bm0bqhe1","previousOperationId":"2kb9cd8oht6am7m"}
{"type":"log","timestamp":1731227478306,"level":"debug","message":"Base url not specified, skipping its injection.","meta":{"rootId":"p4sc2tacyh3jrxk","id":"p4sc2tacyh3jrxk"},"id":"2u80s9ilt2ktasf","previousOperationId":"2kb9cd8oht6am7m"}
{"type":"log","timestamp":1731227478308,"level":"debug","message":"Replaced assets [\"/asset/font/KhmerOSSiemreapRegular.ttf\"]","meta":{"rootId":"p4sc2tacyh3jrxk","id":"p4sc2tacyh3jrxk"},"id":"97wdaqhtgu5vrd8","previousOperationId":"2kb9cd8oht6am7m"}
{"type":"operationStart","subtype":"engine","name":"handlebars","timestamp":1731227478308,"id":"jxhamr73y3wv3ud","previousEventId":"mt5nt4kjxvi087j","operationId":"lq32qgg42u9z4h6","previousOperationId":"2kb9cd8oht6am7m"}
{"type":"log","timestamp":1731227478308,"level":"debug","message":"Rendering engine handlebars","meta":{"rootId":"p4sc2tacyh3jrxk","id":"p4sc2tacyh3jrxk"},"id":"5koxt5jmalgpeqf","previousOperationId":"lq32qgg42u9z4h6"}
{"type":"operationEnd","operationId":"lq32qgg42u9z4h6","timestamp":1731227478322,"id":"pvyag2iyvkk7pr7","previousEventId":"jxhamr73y3wv3ud","previousOperationId":"lq32qgg42u9z4h6"}
{"type":"operationStart","subtype":"recipe","name":"html-to-xlsx","timestamp":1731227478324,"id":"gra7h2zij4zll3d","previousEventId":"pvyag2iyvkk7pr7","operationId":"x4cp54mj2cs5og6","previousOperationId":"lq32qgg42u9z4h6"}
{"type":"log","timestamp":1731227478324,"level":"debug","message":"Executing recipe html-to-xlsx","meta":{"rootId":"p4sc2tacyh3jrxk","id":"p4sc2tacyh3jrxk"},"id":"xbr6ubpw0qsot1p","previousOperationId":"x4cp54mj2cs5og6"}
{"type":"log","timestamp":1731227478324,"level":"info","message":"html-to-xlsx generation is starting","meta":{"rootId":"p4sc2tacyh3jrxk","id":"p4sc2tacyh3jrxk"},"id":"ygo4gqydm2uw50k","previousOperationId":"x4cp54mj2cs5og6"}
{"type":"log","timestamp":1731227479105,"level":"info","message":"html-to-xlsx generation was finished","meta":{"rootId":"p4sc2tacyh3jrxk","id":"p4sc2tacyh3jrxk"},"id":"9ko641t936uhd3l","previousOperationId":"x4cp54mj2cs5og6"}
{"type":"log","timestamp":1731227479105,"level":"debug","message":"preparing office preview","meta":{"rootId":"p4sc2tacyh3jrxk","id":"p4sc2tacyh3jrxk"},"id":"prjqt5pasyit1yq","previousOperationId":"x4cp54mj2cs5og6"}
{"type":"operationEnd","operationId":"x4cp54mj2cs5og6","timestamp":1731227479557,"id":"lb77y7x5vqbtu8a","previousEventId":"gra7h2zij4zll3d","previousOperationId":"x4cp54mj2cs5og6"}
{"type":"log","timestamp":1731227479557,"level":"debug","message":"Skipping storing report.","meta":{"rootId":"p4sc2tacyh3jrxk","id":"p4sc2tacyh3jrxk"},"id":"1i1uvku9i3nqhfo","previousOperationId":"x4cp54mj2cs5og6"}
{"type":"log","timestamp":1731227479557,"level":"info","message":"Rendering request 123 finished in 1263 ms","meta":{"rootId":"p4sc2tacyh3jrxk","id":"p4sc2tacyh3jrxk"},"id":"u92t0z4vosyurbc","previousOperationId":"x4cp54mj2cs5og6"}
{"type":"operationEnd","subtype":"render","operationId":"2kb9cd8oht6am7m","timestamp":1731227479557,"id":"n4etht2u4ow7m1h","previousEventId":"lb77y7x5vqbtu8a","previousOperationId":"x4cp54mj2cs5og6"}
{"type":"operationEnd","doDiffs":false,"previousEventId":"g1s9n3oolyk9v8x","previousOperationId":"g18ywwdait6wxzc","operationId":"g18ywwdait6wxzc","timestamp":1731227479559,"id":"mbwzk7ivnescz74"}
