{"type":"operationStart","subtype":"profile","data":{"_id":"QdFTfVh1PXqSm5Bh","timestamp":"2024-11-10T13:20:27.868Z","state":"queued","mode":"standard","creationDate":"2024-11-10T13:20:27.870Z","modificationDate":"2024-11-10T13:20:27.870Z","shortid":"CgXQ8o3","inheritedReadPermissions":[],"inheritedEditPermissions":[],"$entitySet":"profiles"},"doDiffs":false,"timestamp":1731244827869,"id":"6n5gl7c6gq5lfhg","previousOperationId":null,"operationId":"zrqzjj8mu7uq7ji"}
{"type":"log","level":"info","message":"Render request 46 queued for execution and waiting for available worker","previousOperationId":"zrqzjj8mu7uq7ji","timestamp":1731244827869,"id":"dosz594ts4wyzi1"}
{"type":"operationStart","subtype":"render","name":"new-excl-template","previousOperationId":"zrqzjj8mu7uq7ji","timestamp":1731244827878,"id":"el5l7316e9444vb","previousEventId":"6n5gl7c6gq5lfhg","operationId":"wzppk62zg50cnsb"}
{"type":"log","timestamp":1731244827878,"level":"info","message":"Starting rendering request 46 (user: admin)","meta":{"rootId":"p5h5cw7wwks0d3k","id":"p5h5cw7wwks0d3k"},"id":"vh1ruzfqys21hij","previousOperationId":"wzppk62zg50cnsb"}
{"type":"log","timestamp":1731244827878,"level":"info","message":"Rendering template { name: new-excl-template, recipe: html-to-xlsx, engine: handlebars, preview: true }","meta":{"rootId":"p5h5cw7wwks0d3k","id":"p5h5cw7wwks0d3k"},"id":"hw7w56mgmsztx9n","previousOperationId":"wzppk62zg50cnsb"}
{"type":"log","timestamp":1731244827879,"level":"debug","message":"Inline data specified.","meta":{"rootId":"p5h5cw7wwks0d3k","id":"p5h5cw7wwks0d3k"},"id":"svd2x9yv84olgc3","previousOperationId":"wzppk62zg50cnsb"}
{"type":"log","timestamp":1731244827881,"level":"debug","message":"Base url not specified, skipping its injection.","meta":{"rootId":"p5h5cw7wwks0d3k","id":"p5h5cw7wwks0d3k"},"id":"ec9cg6xzlglpm2x","previousOperationId":"wzppk62zg50cnsb"}
{"type":"log","timestamp":1731244827883,"level":"debug","message":"Replaced assets [\"KhmerOSSiemreapRegular.ttf\"]","meta":{"rootId":"p5h5cw7wwks0d3k","id":"p5h5cw7wwks0d3k"},"id":"ch4pu4q2iiynm5b","previousOperationId":"wzppk62zg50cnsb"}
{"type":"operationStart","subtype":"engine","name":"handlebars","timestamp":1731244827883,"id":"826205ffhfsiyb5","previousEventId":"el5l7316e9444vb","operationId":"7gwfer7srcshdyc","previousOperationId":"wzppk62zg50cnsb"}
{"type":"log","timestamp":1731244827883,"level":"debug","message":"Rendering engine handlebars","meta":{"rootId":"p5h5cw7wwks0d3k","id":"p5h5cw7wwks0d3k"},"id":"rfbdjjevniiecgj","previousOperationId":"7gwfer7srcshdyc"}
{"type":"operationEnd","operationId":"7gwfer7srcshdyc","timestamp":1731244827895,"id":"fc4ipptiufdjcee","previousEventId":"826205ffhfsiyb5","previousOperationId":"7gwfer7srcshdyc"}
{"type":"operationStart","subtype":"recipe","name":"html-to-xlsx","timestamp":1731244827897,"id":"qbv1fow0ypup0sm","previousEventId":"fc4ipptiufdjcee","operationId":"u7s3meuuyy1jjp3","previousOperationId":"7gwfer7srcshdyc"}
{"type":"log","timestamp":1731244827897,"level":"debug","message":"Executing recipe html-to-xlsx","meta":{"rootId":"p5h5cw7wwks0d3k","id":"p5h5cw7wwks0d3k"},"id":"rp649x2iynnxcf3","previousOperationId":"u7s3meuuyy1jjp3"}
{"type":"log","timestamp":1731244827898,"level":"info","message":"html-to-xlsx generation is starting","meta":{"rootId":"p5h5cw7wwks0d3k","id":"p5h5cw7wwks0d3k"},"id":"kbka7oy3gw0cvrz","previousOperationId":"u7s3meuuyy1jjp3"}
{"type":"log","timestamp":1731244828543,"level":"info","message":"html-to-xlsx generation was finished","meta":{"rootId":"p5h5cw7wwks0d3k","id":"p5h5cw7wwks0d3k"},"id":"f5ur4nh8iqkcrti","previousOperationId":"u7s3meuuyy1jjp3"}
{"type":"log","timestamp":1731244828543,"level":"debug","message":"preparing office preview","meta":{"rootId":"p5h5cw7wwks0d3k","id":"p5h5cw7wwks0d3k"},"id":"trbvjgg5a8v888x","previousOperationId":"u7s3meuuyy1jjp3"}
{"type":"operationEnd","operationId":"u7s3meuuyy1jjp3","timestamp":1731244829045,"id":"pn3ktmv10jsnpva","previousEventId":"qbv1fow0ypup0sm","previousOperationId":"u7s3meuuyy1jjp3"}
{"type":"log","timestamp":1731244829045,"level":"debug","message":"Skipping storing report.","meta":{"rootId":"p5h5cw7wwks0d3k","id":"p5h5cw7wwks0d3k"},"id":"b1o2a4poth79nri","previousOperationId":"u7s3meuuyy1jjp3"}
{"type":"log","timestamp":1731244829045,"level":"info","message":"Rendering request 46 finished in 1177 ms","meta":{"rootId":"p5h5cw7wwks0d3k","id":"p5h5cw7wwks0d3k"},"id":"ek7plu5ydei23ur","previousOperationId":"u7s3meuuyy1jjp3"}
{"type":"operationEnd","subtype":"render","operationId":"wzppk62zg50cnsb","timestamp":1731244829045,"id":"ufu1u6w5mjcbh50","previousEventId":"pn3ktmv10jsnpva","previousOperationId":"u7s3meuuyy1jjp3"}
{"type":"operationEnd","doDiffs":false,"previousEventId":"6n5gl7c6gq5lfhg","previousOperationId":"zrqzjj8mu7uq7ji","operationId":"zrqzjj8mu7uq7ji","timestamp":1731244829048,"id":"yasah3y8dlpha8q"}
