{"type":"operationStart","subtype":"profile","data":{"_id":"sFQjaaArqZhxzAsG","timestamp":"2024-11-10T13:04:29.995Z","state":"queued","mode":"standard","creationDate":"2024-11-10T13:04:29.997Z","modificationDate":"2024-11-10T13:04:29.997Z","shortid":"OFCXhgn","inheritedReadPermissions":[],"inheritedEditPermissions":[],"$entitySet":"profiles"},"doDiffs":false,"timestamp":1731243869996,"id":"jyxomddliuna04u","previousOperationId":null,"operationId":"pal7qu06u5lbqem"}
{"type":"log","level":"info","message":"Render request 7 queued for execution and waiting for available worker","previousOperationId":"pal7qu06u5lbqem","timestamp":1731243869996,"id":"13og1nfk9i60vb3"}
{"type":"operationStart","subtype":"render","name":"new-excl-template","previousOperationId":"pal7qu06u5lbqem","timestamp":1731243870004,"id":"krrdk5guwvrx04z","previousEventId":"jyxomddliuna04u","operationId":"a8mpvvmj2qwxdad"}
{"type":"log","timestamp":1731243870004,"level":"info","message":"Starting rendering request 7 (user: admin)","meta":{"rootId":"pcl39du8qfl08f8","id":"pcl39du8qfl08f8"},"id":"zvxniv3ia53uol8","previousOperationId":"a8mpvvmj2qwxdad"}
{"type":"log","timestamp":1731243870005,"level":"info","message":"Rendering template { name: new-excl-template, recipe: html-to-xlsx, engine: handlebars, preview: true }","meta":{"rootId":"pcl39du8qfl08f8","id":"pcl39du8qfl08f8"},"id":"ssf36ednctbwpcb","previousOperationId":"a8mpvvmj2qwxdad"}
{"type":"log","timestamp":1731243870006,"level":"debug","message":"Adding sample data pVkbCM7am","meta":{"rootId":"pcl39du8qfl08f8","id":"pcl39du8qfl08f8"},"id":"pdbpa2kzd131dpw","previousOperationId":"a8mpvvmj2qwxdad"}
{"type":"log","timestamp":1731243870007,"level":"debug","message":"Base url not specified, skipping its injection.","meta":{"rootId":"pcl39du8qfl08f8","id":"pcl39du8qfl08f8"},"id":"ok6lw9ifbaahcbz","previousOperationId":"a8mpvvmj2qwxdad"}
{"type":"log","timestamp":1731243870009,"level":"debug","message":"Replaced assets [\"KhmerOSSiemreapRegular.ttf\"]","meta":{"rootId":"pcl39du8qfl08f8","id":"pcl39du8qfl08f8"},"id":"ou65o98d5tha5gs","previousOperationId":"a8mpvvmj2qwxdad"}
{"type":"operationStart","subtype":"engine","name":"handlebars","timestamp":1731243870009,"id":"d7y4vp31k1u3zca","previousEventId":"krrdk5guwvrx04z","operationId":"vf9xqtt2tmcghcq","previousOperationId":"a8mpvvmj2qwxdad"}
{"type":"log","timestamp":1731243870009,"level":"debug","message":"Rendering engine handlebars","meta":{"rootId":"pcl39du8qfl08f8","id":"pcl39du8qfl08f8"},"id":"2mu5dqmszziqfeg","previousOperationId":"vf9xqtt2tmcghcq"}
{"type":"operationEnd","operationId":"vf9xqtt2tmcghcq","timestamp":1731243870025,"id":"1uf3dhat8z506qc","previousEventId":"d7y4vp31k1u3zca","previousOperationId":"vf9xqtt2tmcghcq"}
{"type":"operationStart","subtype":"recipe","name":"html-to-xlsx","timestamp":1731243870026,"id":"rsrl68ycy8kxiv0","previousEventId":"1uf3dhat8z506qc","operationId":"2bbxq5wdkdau7e9","previousOperationId":"vf9xqtt2tmcghcq"}
{"type":"log","timestamp":1731243870026,"level":"debug","message":"Executing recipe html-to-xlsx","meta":{"rootId":"pcl39du8qfl08f8","id":"pcl39du8qfl08f8"},"id":"wi5oyng3ya2v29i","previousOperationId":"2bbxq5wdkdau7e9"}
{"type":"log","timestamp":1731243870026,"level":"info","message":"html-to-xlsx generation is starting","meta":{"rootId":"pcl39du8qfl08f8","id":"pcl39du8qfl08f8"},"id":"nlyjb5gcgkl13pa","previousOperationId":"2bbxq5wdkdau7e9"}
{"type":"log","timestamp":1731243870714,"level":"info","message":"html-to-xlsx generation was finished","meta":{"rootId":"pcl39du8qfl08f8","id":"pcl39du8qfl08f8"},"id":"xl91l27wjd7f3cw","previousOperationId":"2bbxq5wdkdau7e9"}
{"type":"log","timestamp":1731243870714,"level":"debug","message":"preparing office preview","meta":{"rootId":"pcl39du8qfl08f8","id":"pcl39du8qfl08f8"},"id":"jxcylai8gkgxv5l","previousOperationId":"2bbxq5wdkdau7e9"}
{"type":"operationEnd","operationId":"2bbxq5wdkdau7e9","timestamp":1731243871858,"id":"tnvwr3i2dv3eqrx","previousEventId":"rsrl68ycy8kxiv0","previousOperationId":"2bbxq5wdkdau7e9"}
{"type":"log","timestamp":1731243871858,"level":"debug","message":"Skipping storing report.","meta":{"rootId":"pcl39du8qfl08f8","id":"pcl39du8qfl08f8"},"id":"hdyrtww53142prl","previousOperationId":"2bbxq5wdkdau7e9"}
{"type":"log","timestamp":1731243871858,"level":"info","message":"Rendering request 7 finished in 1863 ms","meta":{"rootId":"pcl39du8qfl08f8","id":"pcl39du8qfl08f8"},"id":"s8hg1p09x51obay","previousOperationId":"2bbxq5wdkdau7e9"}
{"type":"operationEnd","subtype":"render","operationId":"a8mpvvmj2qwxdad","timestamp":1731243871858,"id":"fv6dj37tshfw7l8","previousEventId":"tnvwr3i2dv3eqrx","previousOperationId":"2bbxq5wdkdau7e9"}
{"type":"operationEnd","doDiffs":false,"previousEventId":"jyxomddliuna04u","previousOperationId":"pal7qu06u5lbqem","operationId":"pal7qu06u5lbqem","timestamp":1731243871860,"id":"iwlgpjz5pbgdc5e"}
