{"type":"operationStart","subtype":"profile","data":{"_id":"zrXQbwf6y7KwRsLv","timestamp":"2024-11-10T08:32:07.825Z","state":"queued","mode":"standard","creationDate":"2024-11-10T08:32:07.828Z","modificationDate":"2024-11-10T08:32:07.828Z","shortid":"4D_Jz4O","inheritedReadPermissions":[],"inheritedEditPermissions":[],"$entitySet":"profiles"},"doDiffs":false,"timestamp":1731227527827,"id":"538qmnftce0zn89","previousOperationId":null,"operationId":"aamigqn31qnn8zl"}
{"type":"log","level":"info","message":"Render request 125 queued for execution and waiting for available worker","previousOperationId":"aamigqn31qnn8zl","timestamp":1731227527827,"id":"v5l2i9u3m79wucy"}
{"type":"operationStart","subtype":"render","name":"new-excl-template","previousOperationId":"aamigqn31qnn8zl","timestamp":1731227527839,"id":"7k4nu9ku8k6mxu7","previousEventId":"538qmnftce0zn89","operationId":"moclwvdu7vvqqbp"}
{"type":"log","timestamp":1731227527839,"level":"info","message":"Starting rendering request 125 (user: admin)","meta":{"rootId":"pflo54fxbyz5yv5","id":"pflo54fxbyz5yv5"},"id":"wxescpx6213t66g","previousOperationId":"moclwvdu7vvqqbp"}
{"type":"log","timestamp":1731227527839,"level":"info","message":"Rendering template { name: new-excl-template, recipe: html-to-xlsx, engine: handlebars, preview: true }","meta":{"rootId":"pflo54fxbyz5yv5","id":"pflo54fxbyz5yv5"},"id":"ct5oa4rgn155kfu","previousOperationId":"moclwvdu7vvqqbp"}
{"type":"log","timestamp":1731227527840,"level":"debug","message":"Adding sample data pVkbCM7am","meta":{"rootId":"pflo54fxbyz5yv5","id":"pflo54fxbyz5yv5"},"id":"h8wdehx41zt2e8p","previousOperationId":"moclwvdu7vvqqbp"}
{"type":"log","timestamp":1731227527842,"level":"debug","message":"Base url not specified, skipping its injection.","meta":{"rootId":"pflo54fxbyz5yv5","id":"pflo54fxbyz5yv5"},"id":"tuwnebvxat6wxme","previousOperationId":"moclwvdu7vvqqbp"}
{"type":"log","timestamp":1731227527845,"level":"debug","message":"Replaced assets [\"/asset/font/KhmerOSSiemreapRegular.ttf\"]","meta":{"rootId":"pflo54fxbyz5yv5","id":"pflo54fxbyz5yv5"},"id":"j56zx03i59yh3j5","previousOperationId":"moclwvdu7vvqqbp"}
{"type":"operationStart","subtype":"engine","name":"handlebars","timestamp":1731227527845,"id":"pf4ia222wbyeyoc","previousEventId":"7k4nu9ku8k6mxu7","operationId":"19daanwwb7w23bt","previousOperationId":"moclwvdu7vvqqbp"}
{"type":"log","timestamp":1731227527845,"level":"debug","message":"Rendering engine handlebars","meta":{"rootId":"pflo54fxbyz5yv5","id":"pflo54fxbyz5yv5"},"id":"eqly9iaohjeh70h","previousOperationId":"19daanwwb7w23bt"}
{"type":"operationEnd","operationId":"19daanwwb7w23bt","timestamp":1731227527863,"id":"aa8x55gtvqua0yr","previousEventId":"pf4ia222wbyeyoc","previousOperationId":"19daanwwb7w23bt"}
{"type":"operationStart","subtype":"recipe","name":"html-to-xlsx","timestamp":1731227527866,"id":"2gxjo0l52niakzq","previousEventId":"aa8x55gtvqua0yr","operationId":"2gj31nhjtkmz89y","previousOperationId":"19daanwwb7w23bt"}
{"type":"log","timestamp":1731227527866,"level":"debug","message":"Executing recipe html-to-xlsx","meta":{"rootId":"pflo54fxbyz5yv5","id":"pflo54fxbyz5yv5"},"id":"wxz8trjnfg0ccx4","previousOperationId":"2gj31nhjtkmz89y"}
{"type":"log","timestamp":1731227527866,"level":"info","message":"html-to-xlsx generation is starting","meta":{"rootId":"pflo54fxbyz5yv5","id":"pflo54fxbyz5yv5"},"id":"7tpr0bkth2crvbz","previousOperationId":"2gj31nhjtkmz89y"}
{"type":"log","timestamp":1731227528745,"level":"info","message":"html-to-xlsx generation was finished","meta":{"rootId":"pflo54fxbyz5yv5","id":"pflo54fxbyz5yv5"},"id":"9gbn14cs3bkxli2","previousOperationId":"2gj31nhjtkmz89y"}
{"type":"log","timestamp":1731227528745,"level":"debug","message":"preparing office preview","meta":{"rootId":"pflo54fxbyz5yv5","id":"pflo54fxbyz5yv5"},"id":"3bu8na82wufq8h2","previousOperationId":"2gj31nhjtkmz89y"}
{"type":"operationEnd","operationId":"2gj31nhjtkmz89y","timestamp":1731227529189,"id":"42fccopxeb1nojf","previousEventId":"2gxjo0l52niakzq","previousOperationId":"2gj31nhjtkmz89y"}
{"type":"log","timestamp":1731227529189,"level":"debug","message":"Skipping storing report.","meta":{"rootId":"pflo54fxbyz5yv5","id":"pflo54fxbyz5yv5"},"id":"zlikal8cgm6giz0","previousOperationId":"2gj31nhjtkmz89y"}
{"type":"log","timestamp":1731227529189,"level":"info","message":"Rendering request 125 finished in 1365 ms","meta":{"rootId":"pflo54fxbyz5yv5","id":"pflo54fxbyz5yv5"},"id":"eki60jggp2hl0w9","previousOperationId":"2gj31nhjtkmz89y"}
{"type":"operationEnd","subtype":"render","operationId":"moclwvdu7vvqqbp","timestamp":1731227529189,"id":"6p01g9vwhcsmnc8","previousEventId":"42fccopxeb1nojf","previousOperationId":"2gj31nhjtkmz89y"}
{"type":"operationEnd","doDiffs":false,"previousEventId":"538qmnftce0zn89","previousOperationId":"aamigqn31qnn8zl","operationId":"aamigqn31qnn8zl","timestamp":1731227529191,"id":"hyo0j7o3y8qy9di"}
