{"type":"operationStart","subtype":"profile","data":{"_id":"oVj7ZK4Lse38ecUw","timestamp":"2024-11-10T08:55:28.133Z","state":"queued","mode":"standard","creationDate":"2024-11-10T08:55:28.135Z","modificationDate":"2024-11-10T08:55:28.135Z","shortid":"ettVPNk","inheritedReadPermissions":[],"inheritedEditPermissions":[],"$entitySet":"profiles"},"doDiffs":false,"timestamp":1731228928135,"id":"hbulmfp93slgoan","previousOperationId":null,"operationId":"czpul1d50yk4il7"}
{"type":"log","level":"info","message":"Render request 165 queued for execution and waiting for available worker","previousOperationId":"czpul1d50yk4il7","timestamp":1731228928135,"id":"n4334i546wgtytq"}
{"type":"operationStart","subtype":"render","name":"new-excl-template","previousOperationId":"czpul1d50yk4il7","timestamp":1731228928144,"id":"bfn72aqd6qke8ce","previousEventId":"hbulmfp93slgoan","operationId":"hdyfvy7r08y62r3"}
{"type":"log","timestamp":1731228928144,"level":"info","message":"Starting rendering request 165 (user: admin)","meta":{"rootId":"pla7fnvduetr7zp","id":"pla7fnvduetr7zp"},"id":"8x6mmyaewvydcm7","previousOperationId":"hdyfvy7r08y62r3"}
{"type":"log","timestamp":1731228928144,"level":"info","message":"Rendering template { name: new-excl-template, recipe: html-to-xlsx, engine: handlebars, preview: true }","meta":{"rootId":"pla7fnvduetr7zp","id":"pla7fnvduetr7zp"},"id":"vsrg54gnpt8l5re","previousOperationId":"hdyfvy7r08y62r3"}
{"type":"log","timestamp":1731228928145,"level":"debug","message":"Adding sample data pVkbCM7am","meta":{"rootId":"pla7fnvduetr7zp","id":"pla7fnvduetr7zp"},"id":"5v9q20jvs2lkywy","previousOperationId":"hdyfvy7r08y62r3"}
{"type":"log","timestamp":1731228928147,"level":"debug","message":"Base url not specified, skipping its injection.","meta":{"rootId":"pla7fnvduetr7zp","id":"pla7fnvduetr7zp"},"id":"u048sn34g8bmbg0","previousOperationId":"hdyfvy7r08y62r3"}
{"type":"log","timestamp":1731228928149,"level":"debug","message":"Replaced assets [\"KhmerOSSiemreapRegular.ttf\"]","meta":{"rootId":"pla7fnvduetr7zp","id":"pla7fnvduetr7zp"},"id":"ameqissfcyz41ae","previousOperationId":"hdyfvy7r08y62r3"}
{"type":"operationStart","subtype":"engine","name":"handlebars","timestamp":1731228928149,"id":"px079obtr382304","previousEventId":"bfn72aqd6qke8ce","operationId":"2irbg0tf083w2oh","previousOperationId":"hdyfvy7r08y62r3"}
{"type":"log","timestamp":1731228928149,"level":"debug","message":"Rendering engine handlebars","meta":{"rootId":"pla7fnvduetr7zp","id":"pla7fnvduetr7zp"},"id":"kmt7y86manbnrmh","previousOperationId":"2irbg0tf083w2oh"}
{"type":"operationEnd","operationId":"2irbg0tf083w2oh","timestamp":1731228928174,"id":"k24q0qtj5z5mivi","previousEventId":"px079obtr382304","previousOperationId":"2irbg0tf083w2oh"}
{"type":"operationStart","subtype":"recipe","name":"html-to-xlsx","timestamp":1731228928180,"id":"y92gyyjkhon56gh","previousEventId":"k24q0qtj5z5mivi","operationId":"oeyfs088kbcj5oo","previousOperationId":"2irbg0tf083w2oh"}
{"type":"log","timestamp":1731228928180,"level":"debug","message":"Executing recipe html-to-xlsx","meta":{"rootId":"pla7fnvduetr7zp","id":"pla7fnvduetr7zp"},"id":"mnb92x7mcm61oa3","previousOperationId":"oeyfs088kbcj5oo"}
{"type":"log","timestamp":1731228928180,"level":"info","message":"html-to-xlsx generation is starting","meta":{"rootId":"pla7fnvduetr7zp","id":"pla7fnvduetr7zp"},"id":"6fh4q28d6m9gns9","previousOperationId":"oeyfs088kbcj5oo"}
{"type":"log","timestamp":1731228929386,"level":"info","message":"html-to-xlsx generation was finished","meta":{"rootId":"pla7fnvduetr7zp","id":"pla7fnvduetr7zp"},"id":"2522zwmzapx6i0v","previousOperationId":"oeyfs088kbcj5oo"}
{"type":"log","timestamp":1731228929386,"level":"debug","message":"preparing office preview","meta":{"rootId":"pla7fnvduetr7zp","id":"pla7fnvduetr7zp"},"id":"28dwxyd5rar7oi3","previousOperationId":"oeyfs088kbcj5oo"}
{"type":"operationEnd","operationId":"oeyfs088kbcj5oo","timestamp":1731228930055,"id":"4b8fc8evy5lourz","previousEventId":"y92gyyjkhon56gh","previousOperationId":"oeyfs088kbcj5oo"}
{"type":"log","timestamp":1731228930055,"level":"debug","message":"Skipping storing report.","meta":{"rootId":"pla7fnvduetr7zp","id":"pla7fnvduetr7zp"},"id":"h3t2ew4qp5y0rav","previousOperationId":"oeyfs088kbcj5oo"}
{"type":"log","timestamp":1731228930055,"level":"info","message":"Rendering request 165 finished in 1922 ms","meta":{"rootId":"pla7fnvduetr7zp","id":"pla7fnvduetr7zp"},"id":"qn6hk23orgryb9a","previousOperationId":"oeyfs088kbcj5oo"}
{"type":"operationEnd","subtype":"render","operationId":"hdyfvy7r08y62r3","timestamp":1731228930055,"id":"1xk85uarlfc8t3f","previousEventId":"4b8fc8evy5lourz","previousOperationId":"oeyfs088kbcj5oo"}
{"type":"operationEnd","doDiffs":false,"previousEventId":"hbulmfp93slgoan","previousOperationId":"czpul1d50yk4il7","operationId":"czpul1d50yk4il7","timestamp":1731228930057,"id":"xfj9zm3tssbi0vo"}
