{"type":"operationStart","subtype":"profile","data":{"_id":"9wrbTzmFC4MWGtnH","timestamp":"2024-11-10T13:14:04.179Z","state":"queued","mode":"standard","creationDate":"2024-11-10T13:14:04.181Z","modificationDate":"2024-11-10T13:14:04.181Z","shortid":"Lhjagwj","inheritedReadPermissions":[],"inheritedEditPermissions":[],"$entitySet":"profiles"},"doDiffs":false,"timestamp":1731244444180,"id":"pf98k6y5hbi6nos","previousOperationId":null,"operationId":"b1ucdda8qqcwnon"}
{"type":"log","level":"info","message":"Render request 29 queued for execution and waiting for available worker","previousOperationId":"b1ucdda8qqcwnon","timestamp":1731244444180,"id":"ogzbhpjyzsck8am"}
{"type":"operationStart","subtype":"render","name":"new-excl-template","previousOperationId":"b1ucdda8qqcwnon","timestamp":1731244444187,"id":"pych3sap0t2q5n0","previousEventId":"pf98k6y5hbi6nos","operationId":"zkpeyqptegtmvcl"}
{"type":"log","timestamp":1731244444187,"level":"info","message":"Starting rendering request 29 (user: admin)","meta":{"rootId":"pxuwgt4mfp78mq0","id":"pxuwgt4mfp78mq0"},"id":"739nutbksn8ejg8","previousOperationId":"zkpeyqptegtmvcl"}
{"type":"log","timestamp":1731244444188,"level":"info","message":"Rendering template { name: new-excl-template, recipe: html-to-xlsx, engine: handlebars, preview: true }","meta":{"rootId":"pxuwgt4mfp78mq0","id":"pxuwgt4mfp78mq0"},"id":"tdh1q9nvgzf8ixo","previousOperationId":"zkpeyqptegtmvcl"}
{"type":"log","timestamp":1731244444188,"level":"debug","message":"Inline data specified.","meta":{"rootId":"pxuwgt4mfp78mq0","id":"pxuwgt4mfp78mq0"},"id":"9o0j4n9810cgsvo","previousOperationId":"zkpeyqptegtmvcl"}
{"type":"log","timestamp":1731244444189,"level":"debug","message":"Base url not specified, skipping its injection.","meta":{"rootId":"pxuwgt4mfp78mq0","id":"pxuwgt4mfp78mq0"},"id":"pm76tsr3n41ge39","previousOperationId":"zkpeyqptegtmvcl"}
{"type":"log","timestamp":1731244444191,"level":"debug","message":"Replaced assets [\"KhmerOSSiemreapRegular.ttf\"]","meta":{"rootId":"pxuwgt4mfp78mq0","id":"pxuwgt4mfp78mq0"},"id":"un66jko21xc7jz7","previousOperationId":"zkpeyqptegtmvcl"}
{"type":"operationStart","subtype":"engine","name":"handlebars","timestamp":1731244444192,"id":"04et9erii73ajvr","previousEventId":"pych3sap0t2q5n0","operationId":"r1kcxuriexgbtkp","previousOperationId":"zkpeyqptegtmvcl"}
{"type":"log","timestamp":1731244444192,"level":"debug","message":"Rendering engine handlebars","meta":{"rootId":"pxuwgt4mfp78mq0","id":"pxuwgt4mfp78mq0"},"id":"j9idbnjtku07268","previousOperationId":"r1kcxuriexgbtkp"}
{"type":"operationEnd","operationId":"r1kcxuriexgbtkp","timestamp":1731244444204,"id":"96ddtaixvyy1ugv","previousEventId":"04et9erii73ajvr","previousOperationId":"r1kcxuriexgbtkp"}
{"type":"operationStart","subtype":"recipe","name":"html-to-xlsx","timestamp":1731244444205,"id":"vnbohdhg9fa1lzi","previousEventId":"96ddtaixvyy1ugv","operationId":"10r6kvjoi0rg9jm","previousOperationId":"r1kcxuriexgbtkp"}
{"type":"log","timestamp":1731244444205,"level":"debug","message":"Executing recipe html-to-xlsx","meta":{"rootId":"pxuwgt4mfp78mq0","id":"pxuwgt4mfp78mq0"},"id":"pg6wt6iyuepx6n8","previousOperationId":"10r6kvjoi0rg9jm"}
{"type":"log","timestamp":1731244444205,"level":"info","message":"html-to-xlsx generation is starting","meta":{"rootId":"pxuwgt4mfp78mq0","id":"pxuwgt4mfp78mq0"},"id":"k49s6lzxblwsaak","previousOperationId":"10r6kvjoi0rg9jm"}
{"type":"log","timestamp":1731244444743,"level":"info","message":"html-to-xlsx generation was finished","meta":{"rootId":"pxuwgt4mfp78mq0","id":"pxuwgt4mfp78mq0"},"id":"cproua2spp1f7ib","previousOperationId":"10r6kvjoi0rg9jm"}
{"type":"log","timestamp":1731244444743,"level":"debug","message":"preparing office preview","meta":{"rootId":"pxuwgt4mfp78mq0","id":"pxuwgt4mfp78mq0"},"id":"ctmn20qiqwtd9td","previousOperationId":"10r6kvjoi0rg9jm"}
{"type":"operationEnd","operationId":"10r6kvjoi0rg9jm","timestamp":1731244445433,"id":"3haojullfipq6w6","previousEventId":"vnbohdhg9fa1lzi","previousOperationId":"10r6kvjoi0rg9jm"}
{"type":"log","timestamp":1731244445433,"level":"debug","message":"Skipping storing report.","meta":{"rootId":"pxuwgt4mfp78mq0","id":"pxuwgt4mfp78mq0"},"id":"egu1bx51o22183z","previousOperationId":"10r6kvjoi0rg9jm"}
{"type":"log","timestamp":1731244445433,"level":"info","message":"Rendering request 29 finished in 1254 ms","meta":{"rootId":"pxuwgt4mfp78mq0","id":"pxuwgt4mfp78mq0"},"id":"v4njpe10nmxw7z0","previousOperationId":"10r6kvjoi0rg9jm"}
{"type":"operationEnd","subtype":"render","operationId":"zkpeyqptegtmvcl","timestamp":1731244445433,"id":"bzwp6cwgpsjxj6u","previousEventId":"3haojullfipq6w6","previousOperationId":"10r6kvjoi0rg9jm"}
{"type":"operationEnd","doDiffs":false,"previousEventId":"pf98k6y5hbi6nos","previousOperationId":"b1ucdda8qqcwnon","operationId":"b1ucdda8qqcwnon","timestamp":1731244445435,"id":"wym8qbpti2beir3"}
