{"type":"operationStart","subtype":"profile","data":{"_id":"MBRmBxGMbhDy3ule","timestamp":"2024-11-10T09:59:21.775Z","state":"queued","mode":"standard","creationDate":"2024-11-10T09:59:21.776Z","modificationDate":"2024-11-10T09:59:21.776Z","shortid":"rmye2R7","inheritedReadPermissions":[],"inheritedEditPermissions":[],"$entitySet":"profiles"},"doDiffs":false,"timestamp":1731232761776,"id":"awkpx8nkebvi9zz","previousOperationId":null,"operationId":"ohmg22wok9tzbmr"}
{"type":"log","level":"info","message":"Render request 280 queued for execution and waiting for available worker","previousOperationId":"ohmg22wok9tzbmr","timestamp":1731232761776,"id":"t1hfi4kxyw6jbpp"}
{"type":"operationStart","subtype":"render","name":"new-excl-template","previousOperationId":"ohmg22wok9tzbmr","timestamp":1731232761783,"id":"l5yy9qe1a2egbg9","previousEventId":"awkpx8nkebvi9zz","operationId":"6qg7lke1u9ybmnh"}
{"type":"log","timestamp":1731232761783,"level":"info","message":"Starting rendering request 280 (user: admin)","meta":{"rootId":"pybsdu8osb1ql6z","id":"pybsdu8osb1ql6z"},"id":"3ortf7o8wh0jb8l","previousOperationId":"6qg7lke1u9ybmnh"}
{"type":"log","timestamp":1731232761783,"level":"info","message":"Rendering template { name: new-excl-template, recipe: html-to-xlsx, engine: handlebars, preview: true }","meta":{"rootId":"pybsdu8osb1ql6z","id":"pybsdu8osb1ql6z"},"id":"akbmbiq4llmx7mj","previousOperationId":"6qg7lke1u9ybmnh"}
{"type":"log","timestamp":1731232761784,"level":"debug","message":"Adding sample data pVkbCM7am","meta":{"rootId":"pybsdu8osb1ql6z","id":"pybsdu8osb1ql6z"},"id":"g09n01h3z442jei","previousOperationId":"6qg7lke1u9ybmnh"}
{"type":"log","timestamp":1731232761785,"level":"debug","message":"Base url not specified, skipping its injection.","meta":{"rootId":"pybsdu8osb1ql6z","id":"pybsdu8osb1ql6z"},"id":"xpxwm03rvq3xxxz","previousOperationId":"6qg7lke1u9ybmnh"}
{"type":"log","timestamp":1731232761787,"level":"debug","message":"Replaced assets [\"KhmerOSSiemreapRegular.ttf\"]","meta":{"rootId":"pybsdu8osb1ql6z","id":"pybsdu8osb1ql6z"},"id":"da7ktm2cfv7stlc","previousOperationId":"6qg7lke1u9ybmnh"}
{"type":"operationStart","subtype":"engine","name":"handlebars","timestamp":1731232761787,"id":"8wofelkoo7brvxc","previousEventId":"l5yy9qe1a2egbg9","operationId":"ycprgkhfq99gadq","previousOperationId":"6qg7lke1u9ybmnh"}
{"type":"log","timestamp":1731232761787,"level":"debug","message":"Rendering engine handlebars","meta":{"rootId":"pybsdu8osb1ql6z","id":"pybsdu8osb1ql6z"},"id":"12ixguyy2j14zzy","previousOperationId":"ycprgkhfq99gadq"}
{"type":"operationEnd","operationId":"ycprgkhfq99gadq","timestamp":1731232761802,"id":"akqgxxip9ocafhx","previousEventId":"8wofelkoo7brvxc","previousOperationId":"ycprgkhfq99gadq"}
{"type":"operationStart","subtype":"recipe","name":"html-to-xlsx","timestamp":1731232761804,"id":"fr0r3ixn4mbmqar","previousEventId":"akqgxxip9ocafhx","operationId":"wm9lt4q15b1yu6t","previousOperationId":"ycprgkhfq99gadq"}
{"type":"log","timestamp":1731232761804,"level":"debug","message":"Executing recipe html-to-xlsx","meta":{"rootId":"pybsdu8osb1ql6z","id":"pybsdu8osb1ql6z"},"id":"6x03mqfk1h2obww","previousOperationId":"wm9lt4q15b1yu6t"}
{"type":"log","timestamp":1731232761804,"level":"info","message":"html-to-xlsx generation is starting","meta":{"rootId":"pybsdu8osb1ql6z","id":"pybsdu8osb1ql6z"},"id":"ybt1fwlp1uecdqx","previousOperationId":"wm9lt4q15b1yu6t"}
{"type":"log","timestamp":1731232762447,"level":"info","message":"html-to-xlsx generation was finished","meta":{"rootId":"pybsdu8osb1ql6z","id":"pybsdu8osb1ql6z"},"id":"b7sgn5stxiosyuz","previousOperationId":"wm9lt4q15b1yu6t"}
{"type":"log","timestamp":1731232762447,"level":"debug","message":"preparing office preview","meta":{"rootId":"pybsdu8osb1ql6z","id":"pybsdu8osb1ql6z"},"id":"9egtjluk6u1n7om","previousOperationId":"wm9lt4q15b1yu6t"}
{"type":"operationEnd","operationId":"wm9lt4q15b1yu6t","timestamp":1731232762887,"id":"d33jp7gxxkohwj6","previousEventId":"fr0r3ixn4mbmqar","previousOperationId":"wm9lt4q15b1yu6t"}
{"type":"log","timestamp":1731232762887,"level":"debug","message":"Skipping storing report.","meta":{"rootId":"pybsdu8osb1ql6z","id":"pybsdu8osb1ql6z"},"id":"7wx4doagl8hwxnx","previousOperationId":"wm9lt4q15b1yu6t"}
{"type":"log","timestamp":1731232762887,"level":"info","message":"Rendering request 280 finished in 1113 ms","meta":{"rootId":"pybsdu8osb1ql6z","id":"pybsdu8osb1ql6z"},"id":"h6y1fu9mttyc7nj","previousOperationId":"wm9lt4q15b1yu6t"}
{"type":"operationEnd","subtype":"render","operationId":"6qg7lke1u9ybmnh","timestamp":1731232762887,"id":"8avk0x4oo7rsv7y","previousEventId":"d33jp7gxxkohwj6","previousOperationId":"wm9lt4q15b1yu6t"}
{"type":"operationEnd","doDiffs":false,"previousEventId":"awkpx8nkebvi9zz","previousOperationId":"ohmg22wok9tzbmr","operationId":"ohmg22wok9tzbmr","timestamp":1731232762889,"id":"pcr4o0leaoldtb9"}
