{"type":"operationStart","subtype":"profile","data":{"_id":"ozcQtMVfDeTrAvHx","timestamp":"2024-11-10T15:35:16.152Z","state":"queued","mode":"standard","creationDate":"2024-11-10T15:35:16.154Z","modificationDate":"2024-11-10T15:35:16.154Z","shortid":"fOgM2IZ","inheritedReadPermissions":[],"inheritedEditPermissions":[],"$entitySet":"profiles"},"doDiffs":false,"timestamp":1731252916153,"id":"uvr51btduvt4h5t","previousOperationId":null,"operationId":"55k4srsq6c2w3lq"}
{"type":"log","level":"info","message":"Render request 200 queued for execution and waiting for available worker","previousOperationId":"55k4srsq6c2w3lq","timestamp":1731252916154,"id":"4x2z528sicgjetn"}
{"type":"operationStart","subtype":"render","name":"new-excl-template","previousOperationId":"55k4srsq6c2w3lq","timestamp":1731252916160,"id":"ktz30u56zjygip5","previousEventId":"uvr51btduvt4h5t","operationId":"zrnrabowpeoys17"}
{"type":"log","timestamp":1731252916160,"level":"info","message":"Starting rendering request 200 (user: admin)","meta":{"rootId":"q0blh2l8ty04xah","id":"q0blh2l8ty04xah"},"id":"th1njthcnexikby","previousOperationId":"zrnrabowpeoys17"}
{"type":"log","timestamp":1731252916160,"level":"info","message":"Rendering template { name: new-excl-template, recipe: html-to-xlsx, engine: handlebars, preview: true }","meta":{"rootId":"q0blh2l8ty04xah","id":"q0blh2l8ty04xah"},"id":"dpqodgjixl3j6rv","previousOperationId":"zrnrabowpeoys17"}
{"type":"log","timestamp":1731252916161,"level":"debug","message":"Inline data specified.","meta":{"rootId":"q0blh2l8ty04xah","id":"q0blh2l8ty04xah"},"id":"0pn7mjfrigcm2t5","previousOperationId":"zrnrabowpeoys17"}
{"type":"log","timestamp":1731252916162,"level":"debug","message":"Base url not specified, skipping its injection.","meta":{"rootId":"q0blh2l8ty04xah","id":"q0blh2l8ty04xah"},"id":"pdsq017pqq42u9c","previousOperationId":"zrnrabowpeoys17"}
{"type":"log","timestamp":1731252916164,"level":"debug","message":"Replaced assets [\"KhmerOSSiemreapRegular.ttf\"]","meta":{"rootId":"q0blh2l8ty04xah","id":"q0blh2l8ty04xah"},"id":"jsan31i5mnwf0ly","previousOperationId":"zrnrabowpeoys17"}
{"type":"operationStart","subtype":"engine","name":"handlebars","timestamp":1731252916164,"id":"tnaxex85pod5p3c","previousEventId":"ktz30u56zjygip5","operationId":"zxuob388hsgbkyx","previousOperationId":"zrnrabowpeoys17"}
{"type":"log","timestamp":1731252916164,"level":"debug","message":"Rendering engine handlebars","meta":{"rootId":"q0blh2l8ty04xah","id":"q0blh2l8ty04xah"},"id":"fe71x2efr4d7jq6","previousOperationId":"zxuob388hsgbkyx"}
{"type":"operationEnd","operationId":"zxuob388hsgbkyx","timestamp":1731252916171,"id":"u41nimjmjgrkmv6","previousEventId":"tnaxex85pod5p3c","previousOperationId":"zxuob388hsgbkyx"}
{"type":"operationStart","subtype":"recipe","name":"html-to-xlsx","timestamp":1731252916172,"id":"qqc86o7qiiopxoa","previousEventId":"u41nimjmjgrkmv6","operationId":"zvumw11vk0q8icj","previousOperationId":"zxuob388hsgbkyx"}
{"type":"log","timestamp":1731252916172,"level":"debug","message":"Executing recipe html-to-xlsx","meta":{"rootId":"q0blh2l8ty04xah","id":"q0blh2l8ty04xah"},"id":"7k7pgncvfgmez39","previousOperationId":"zvumw11vk0q8icj"}
{"type":"log","timestamp":1731252916173,"level":"info","message":"html-to-xlsx generation is starting","meta":{"rootId":"q0blh2l8ty04xah","id":"q0blh2l8ty04xah"},"id":"emfvomu0migc4vz","previousOperationId":"zvumw11vk0q8icj"}
{"type":"log","timestamp":1731252916752,"level":"info","message":"html-to-xlsx generation was finished","meta":{"rootId":"q0blh2l8ty04xah","id":"q0blh2l8ty04xah"},"id":"v9zrg7a9puua6o8","previousOperationId":"zvumw11vk0q8icj"}
{"type":"log","timestamp":1731252916752,"level":"debug","message":"preparing office preview","meta":{"rootId":"q0blh2l8ty04xah","id":"q0blh2l8ty04xah"},"id":"zjnya3llhxlfis7","previousOperationId":"zvumw11vk0q8icj"}
{"type":"operationEnd","operationId":"zvumw11vk0q8icj","timestamp":1731252917203,"id":"cn7mju579wsahmh","previousEventId":"qqc86o7qiiopxoa","previousOperationId":"zvumw11vk0q8icj"}
{"type":"log","timestamp":1731252917203,"level":"debug","message":"Skipping storing report.","meta":{"rootId":"q0blh2l8ty04xah","id":"q0blh2l8ty04xah"},"id":"t63j45z7kr01of1","previousOperationId":"zvumw11vk0q8icj"}
{"type":"log","timestamp":1731252917203,"level":"info","message":"Rendering request 200 finished in 1051 ms","meta":{"rootId":"q0blh2l8ty04xah","id":"q0blh2l8ty04xah"},"id":"9o0g7s7xhc2zukr","previousOperationId":"zvumw11vk0q8icj"}
{"type":"operationEnd","subtype":"render","operationId":"zrnrabowpeoys17","timestamp":1731252917203,"id":"c09xoczgbyb7xto","previousEventId":"cn7mju579wsahmh","previousOperationId":"zvumw11vk0q8icj"}
{"type":"operationEnd","doDiffs":false,"previousEventId":"uvr51btduvt4h5t","previousOperationId":"55k4srsq6c2w3lq","operationId":"55k4srsq6c2w3lq","timestamp":1731252917205,"id":"n60jtzs4tu5tmr2"}
