{"type":"operationStart","subtype":"profile","data":{"_id":"GqV1AP2nwlD34p2R","timestamp":"2024-11-10T15:22:15.717Z","state":"queued","mode":"standard","creationDate":"2024-11-10T15:22:15.718Z","modificationDate":"2024-11-10T15:22:15.718Z","shortid":"E3XMRpa","inheritedReadPermissions":[],"inheritedEditPermissions":[],"$entitySet":"profiles"},"doDiffs":false,"timestamp":1731252135717,"id":"oe0m4rmjfgcgqls","previousOperationId":null,"operationId":"2obntux69sk9bva"}
{"type":"log","level":"info","message":"Render request 196 queued for execution and waiting for available worker","previousOperationId":"2obntux69sk9bva","timestamp":1731252135718,"id":"qnrsqwcxaoz45sv"}
{"type":"operationStart","subtype":"render","name":"new-excl-template","previousOperationId":"2obntux69sk9bva","timestamp":1731252135725,"id":"jbp38obei6ouaf1","previousEventId":"oe0m4rmjfgcgqls","operationId":"px6o9g9e9k9u8ir"}
{"type":"log","timestamp":1731252135725,"level":"info","message":"Starting rendering request 196 (user: admin)","meta":{"rootId":"q3kw3msj85snz75","id":"q3kw3msj85snz75"},"id":"pxxaenexpmjqdd2","previousOperationId":"px6o9g9e9k9u8ir"}
{"type":"log","timestamp":1731252135725,"level":"info","message":"Rendering template { name: new-excl-template, recipe: html-to-xlsx, engine: handlebars, preview: true }","meta":{"rootId":"q3kw3msj85snz75","id":"q3kw3msj85snz75"},"id":"8bjp3udb67g1l6e","previousOperationId":"px6o9g9e9k9u8ir"}
{"type":"log","timestamp":1731252135726,"level":"debug","message":"Inline data specified.","meta":{"rootId":"q3kw3msj85snz75","id":"q3kw3msj85snz75"},"id":"l9ygx3ibah6au5u","previousOperationId":"px6o9g9e9k9u8ir"}
{"type":"log","timestamp":1731252135727,"level":"debug","message":"Base url not specified, skipping its injection.","meta":{"rootId":"q3kw3msj85snz75","id":"q3kw3msj85snz75"},"id":"29v649kgrce0rrn","previousOperationId":"px6o9g9e9k9u8ir"}
{"type":"log","timestamp":1731252135728,"level":"debug","message":"Replaced assets [\"KhmerOSSiemreapRegular.ttf\"]","meta":{"rootId":"q3kw3msj85snz75","id":"q3kw3msj85snz75"},"id":"c8odcx9mv1zgj8o","previousOperationId":"px6o9g9e9k9u8ir"}
{"type":"operationStart","subtype":"engine","name":"handlebars","timestamp":1731252135728,"id":"4aldfgkypg82ujc","previousEventId":"jbp38obei6ouaf1","operationId":"k2oz40xbdt5i7zw","previousOperationId":"px6o9g9e9k9u8ir"}
{"type":"log","timestamp":1731252135728,"level":"debug","message":"Rendering engine handlebars","meta":{"rootId":"q3kw3msj85snz75","id":"q3kw3msj85snz75"},"id":"hhikw0r2a04cweu","previousOperationId":"k2oz40xbdt5i7zw"}
{"type":"operationEnd","operationId":"k2oz40xbdt5i7zw","timestamp":1731252135746,"id":"oktx8wlda9cn00q","previousEventId":"4aldfgkypg82ujc","previousOperationId":"k2oz40xbdt5i7zw"}
{"type":"operationStart","subtype":"recipe","name":"html-to-xlsx","timestamp":1731252135748,"id":"8yu7npab9bbt5pf","previousEventId":"oktx8wlda9cn00q","operationId":"5ayzqjj0qnok24s","previousOperationId":"k2oz40xbdt5i7zw"}
{"type":"log","timestamp":1731252135748,"level":"debug","message":"Executing recipe html-to-xlsx","meta":{"rootId":"q3kw3msj85snz75","id":"q3kw3msj85snz75"},"id":"4y8p1aim5x61bzx","previousOperationId":"5ayzqjj0qnok24s"}
{"type":"log","timestamp":1731252135748,"level":"info","message":"html-to-xlsx generation is starting","meta":{"rootId":"q3kw3msj85snz75","id":"q3kw3msj85snz75"},"id":"s93lgojrz1m3h61","previousOperationId":"5ayzqjj0qnok24s"}
{"type":"log","timestamp":1731252136382,"level":"info","message":"html-to-xlsx generation was finished","meta":{"rootId":"q3kw3msj85snz75","id":"q3kw3msj85snz75"},"id":"eslacmcfj77mtfe","previousOperationId":"5ayzqjj0qnok24s"}
{"type":"log","timestamp":1731252136383,"level":"debug","message":"preparing office preview","meta":{"rootId":"q3kw3msj85snz75","id":"q3kw3msj85snz75"},"id":"dxnmath8ztw1cui","previousOperationId":"5ayzqjj0qnok24s"}
{"type":"operationEnd","operationId":"5ayzqjj0qnok24s","timestamp":1731252136885,"id":"7eqncd95qiuunjn","previousEventId":"8yu7npab9bbt5pf","previousOperationId":"5ayzqjj0qnok24s"}
{"type":"log","timestamp":1731252136885,"level":"debug","message":"Skipping storing report.","meta":{"rootId":"q3kw3msj85snz75","id":"q3kw3msj85snz75"},"id":"neybrwj3h2rnoik","previousOperationId":"5ayzqjj0qnok24s"}
{"type":"log","timestamp":1731252136885,"level":"info","message":"Rendering request 196 finished in 1168 ms","meta":{"rootId":"q3kw3msj85snz75","id":"q3kw3msj85snz75"},"id":"ljkkqa4t8p6uz5x","previousOperationId":"5ayzqjj0qnok24s"}
{"type":"operationEnd","subtype":"render","operationId":"px6o9g9e9k9u8ir","timestamp":1731252136885,"id":"gr0jhxlvd1n00e2","previousEventId":"7eqncd95qiuunjn","previousOperationId":"5ayzqjj0qnok24s"}
{"type":"operationEnd","doDiffs":false,"previousEventId":"oe0m4rmjfgcgqls","previousOperationId":"2obntux69sk9bva","operationId":"2obntux69sk9bva","timestamp":1731252136887,"id":"xqp5hkeizsh0ptw"}
