{"type":"operationStart","subtype":"profile","data":{"_id":"951wG3FYZXZSvb0u","timestamp":"2024-11-10T10:00:42.855Z","state":"queued","mode":"standard","creationDate":"2024-11-10T10:00:42.857Z","modificationDate":"2024-11-10T10:00:42.857Z","shortid":"jiUMRG5","inheritedReadPermissions":[],"inheritedEditPermissions":[],"$entitySet":"profiles"},"doDiffs":false,"timestamp":1731232842856,"id":"g3cu6kl93k1va3s","previousOperationId":null,"operationId":"was8f9jjo6wmg1r"}
{"type":"log","level":"info","message":"Render request 285 queued for execution and waiting for available worker","previousOperationId":"was8f9jjo6wmg1r","timestamp":1731232842857,"id":"2s7wr6avfuiqgyq"}
{"type":"operationStart","subtype":"render","name":"new-excl-template","previousOperationId":"was8f9jjo6wmg1r","timestamp":1731232842864,"id":"h3ljkagjsv5xk7j","previousEventId":"g3cu6kl93k1va3s","operationId":"q6pfpgmmh3ubbb4"}
{"type":"log","timestamp":1731232842865,"level":"info","message":"Starting rendering request 285 (user: admin)","meta":{"rootId":"q7m5z5u805gh2ct","id":"q7m5z5u805gh2ct"},"id":"u4c5vbsbowbkzac","previousOperationId":"q6pfpgmmh3ubbb4"}
{"type":"log","timestamp":1731232842865,"level":"info","message":"Rendering template { name: new-excl-template, recipe: html-to-xlsx, engine: handlebars, preview: true }","meta":{"rootId":"q7m5z5u805gh2ct","id":"q7m5z5u805gh2ct"},"id":"vsxdenjkybkrnyj","previousOperationId":"q6pfpgmmh3ubbb4"}
{"type":"log","timestamp":1731232842866,"level":"debug","message":"Adding sample data pVkbCM7am","meta":{"rootId":"q7m5z5u805gh2ct","id":"q7m5z5u805gh2ct"},"id":"3fu0nbtc6p1qhch","previousOperationId":"q6pfpgmmh3ubbb4"}
{"type":"log","timestamp":1731232842867,"level":"debug","message":"Base url not specified, skipping its injection.","meta":{"rootId":"q7m5z5u805gh2ct","id":"q7m5z5u805gh2ct"},"id":"clp51h50kpuzxe9","previousOperationId":"q6pfpgmmh3ubbb4"}
{"type":"log","timestamp":1731232842869,"level":"debug","message":"Replaced assets [\"KhmerOSSiemreapRegular.ttf\"]","meta":{"rootId":"q7m5z5u805gh2ct","id":"q7m5z5u805gh2ct"},"id":"evuvp1johtzn2g2","previousOperationId":"q6pfpgmmh3ubbb4"}
{"type":"operationStart","subtype":"engine","name":"handlebars","timestamp":1731232842869,"id":"6e7eopca7jc77f3","previousEventId":"h3ljkagjsv5xk7j","operationId":"p4uhfln0vjtbm51","previousOperationId":"q6pfpgmmh3ubbb4"}
{"type":"log","timestamp":1731232842869,"level":"debug","message":"Rendering engine handlebars","meta":{"rootId":"q7m5z5u805gh2ct","id":"q7m5z5u805gh2ct"},"id":"mtaz5enhc2yow4s","previousOperationId":"p4uhfln0vjtbm51"}
{"type":"operationEnd","operationId":"p4uhfln0vjtbm51","timestamp":1731232842884,"id":"h0xeipye371jg6h","previousEventId":"6e7eopca7jc77f3","previousOperationId":"p4uhfln0vjtbm51"}
{"type":"operationStart","subtype":"recipe","name":"html-to-xlsx","timestamp":1731232842886,"id":"6fyqy7eecrzz9xm","previousEventId":"h0xeipye371jg6h","operationId":"qege3me7vgv1k69","previousOperationId":"p4uhfln0vjtbm51"}
{"type":"log","timestamp":1731232842886,"level":"debug","message":"Executing recipe html-to-xlsx","meta":{"rootId":"q7m5z5u805gh2ct","id":"q7m5z5u805gh2ct"},"id":"810ody0yeobpano","previousOperationId":"qege3me7vgv1k69"}
{"type":"log","timestamp":1731232842886,"level":"info","message":"html-to-xlsx generation is starting","meta":{"rootId":"q7m5z5u805gh2ct","id":"q7m5z5u805gh2ct"},"id":"e2gwrvefg6elwjt","previousOperationId":"qege3me7vgv1k69"}
{"type":"log","timestamp":1731232843391,"level":"info","message":"html-to-xlsx generation was finished","meta":{"rootId":"q7m5z5u805gh2ct","id":"q7m5z5u805gh2ct"},"id":"oz9jo7avuoqruom","previousOperationId":"qege3me7vgv1k69"}
{"type":"log","timestamp":1731232843391,"level":"debug","message":"preparing office preview","meta":{"rootId":"q7m5z5u805gh2ct","id":"q7m5z5u805gh2ct"},"id":"umcxh3nnfa0vg6k","previousOperationId":"qege3me7vgv1k69"}
{"type":"operationEnd","operationId":"qege3me7vgv1k69","timestamp":1731232843836,"id":"ny9drdp3ldc5180","previousEventId":"6fyqy7eecrzz9xm","previousOperationId":"qege3me7vgv1k69"}
{"type":"log","timestamp":1731232843836,"level":"debug","message":"Skipping storing report.","meta":{"rootId":"q7m5z5u805gh2ct","id":"q7m5z5u805gh2ct"},"id":"dr32cb4uis9l1bz","previousOperationId":"qege3me7vgv1k69"}
{"type":"log","timestamp":1731232843836,"level":"info","message":"Rendering request 285 finished in 981 ms","meta":{"rootId":"q7m5z5u805gh2ct","id":"q7m5z5u805gh2ct"},"id":"xmmaoqr6ydiymk8","previousOperationId":"qege3me7vgv1k69"}
{"type":"operationEnd","subtype":"render","operationId":"q6pfpgmmh3ubbb4","timestamp":1731232843836,"id":"doz59de0kd06yrz","previousEventId":"ny9drdp3ldc5180","previousOperationId":"qege3me7vgv1k69"}
{"type":"operationEnd","doDiffs":false,"previousEventId":"g3cu6kl93k1va3s","previousOperationId":"was8f9jjo6wmg1r","operationId":"was8f9jjo6wmg1r","timestamp":1731232843839,"id":"scoe6rx4m1pygxn"}
