{"type":"operationStart","subtype":"profile","data":{"_id":"SWPlUN6c4UeupTX8","timestamp":"2024-11-10T14:15:44.227Z","state":"queued","mode":"standard","creationDate":"2024-11-10T14:15:44.229Z","modificationDate":"2024-11-10T14:15:44.229Z","shortid":"yVNL14K","inheritedReadPermissions":[],"inheritedEditPermissions":[],"$entitySet":"profiles"},"doDiffs":false,"timestamp":1731248144228,"id":"xrzg6339w5wqytr","previousOperationId":null,"operationId":"o0aclnsa9kg83pj"}
{"type":"log","level":"info","message":"Render request 126 queued for execution and waiting for available worker","previousOperationId":"o0aclnsa9kg83pj","timestamp":1731248144228,"id":"s18p5kh0s53o0lq"}
{"type":"operationStart","subtype":"render","name":"new-excl-template","previousOperationId":"o0aclnsa9kg83pj","timestamp":1731248144236,"id":"3v8tccns90xp5r9","previousEventId":"xrzg6339w5wqytr","operationId":"jw5o0bn0cy8eld7"}
{"type":"log","timestamp":1731248144236,"level":"info","message":"Starting rendering request 126 (user: admin)","meta":{"rootId":"qc7upzdpgh5pbvw","id":"qc7upzdpgh5pbvw"},"id":"ckod8i75beyxgjp","previousOperationId":"jw5o0bn0cy8eld7"}
{"type":"log","timestamp":1731248144236,"level":"info","message":"Rendering template { name: new-excl-template, recipe: html-to-xlsx, engine: handlebars, preview: true }","meta":{"rootId":"qc7upzdpgh5pbvw","id":"qc7upzdpgh5pbvw"},"id":"6wt8thvgcf0fxdj","previousOperationId":"jw5o0bn0cy8eld7"}
{"type":"log","timestamp":1731248144236,"level":"debug","message":"Inline data specified.","meta":{"rootId":"qc7upzdpgh5pbvw","id":"qc7upzdpgh5pbvw"},"id":"676vxa99stdqcuo","previousOperationId":"jw5o0bn0cy8eld7"}
{"type":"log","timestamp":1731248144238,"level":"debug","message":"Base url not specified, skipping its injection.","meta":{"rootId":"qc7upzdpgh5pbvw","id":"qc7upzdpgh5pbvw"},"id":"o20o6lezddzsk8c","previousOperationId":"jw5o0bn0cy8eld7"}
{"type":"log","timestamp":1731248144240,"level":"debug","message":"Replaced assets [\"KhmerOSSiemreapRegular.ttf\"]","meta":{"rootId":"qc7upzdpgh5pbvw","id":"qc7upzdpgh5pbvw"},"id":"oc3lq2bddf8x2uf","previousOperationId":"jw5o0bn0cy8eld7"}
{"type":"operationStart","subtype":"engine","name":"handlebars","timestamp":1731248144240,"id":"ukkw1jptkf9gb7e","previousEventId":"3v8tccns90xp5r9","operationId":"5y5g8h27yznjzx1","previousOperationId":"jw5o0bn0cy8eld7"}
{"type":"log","timestamp":1731248144240,"level":"debug","message":"Rendering engine handlebars","meta":{"rootId":"qc7upzdpgh5pbvw","id":"qc7upzdpgh5pbvw"},"id":"d2nlj8rk4bfdq4k","previousOperationId":"5y5g8h27yznjzx1"}
{"type":"operationEnd","operationId":"5y5g8h27yznjzx1","timestamp":1731248144251,"id":"f6ogvk4iqvwv78x","previousEventId":"ukkw1jptkf9gb7e","previousOperationId":"5y5g8h27yznjzx1"}
{"type":"operationStart","subtype":"recipe","name":"html-to-xlsx","timestamp":1731248144252,"id":"cnjzt0ud9og5fd3","previousEventId":"f6ogvk4iqvwv78x","operationId":"cwdqtonmsj4b5u4","previousOperationId":"5y5g8h27yznjzx1"}
{"type":"log","timestamp":1731248144252,"level":"debug","message":"Executing recipe html-to-xlsx","meta":{"rootId":"qc7upzdpgh5pbvw","id":"qc7upzdpgh5pbvw"},"id":"s8922zeb3e8ag5e","previousOperationId":"cwdqtonmsj4b5u4"}
{"type":"log","timestamp":1731248144252,"level":"info","message":"html-to-xlsx generation is starting","meta":{"rootId":"qc7upzdpgh5pbvw","id":"qc7upzdpgh5pbvw"},"id":"s6z1093v42zss1b","previousOperationId":"cwdqtonmsj4b5u4"}
{"type":"log","timestamp":1731248144812,"level":"info","message":"html-to-xlsx generation was finished","meta":{"rootId":"qc7upzdpgh5pbvw","id":"qc7upzdpgh5pbvw"},"id":"62oaljgiz12uiu4","previousOperationId":"cwdqtonmsj4b5u4"}
{"type":"log","timestamp":1731248144812,"level":"debug","message":"preparing office preview","meta":{"rootId":"qc7upzdpgh5pbvw","id":"qc7upzdpgh5pbvw"},"id":"dohx134jejw44gx","previousOperationId":"cwdqtonmsj4b5u4"}
{"type":"operationEnd","operationId":"cwdqtonmsj4b5u4","timestamp":1731248145259,"id":"srl9ygk0afb3yeb","previousEventId":"cnjzt0ud9og5fd3","previousOperationId":"cwdqtonmsj4b5u4"}
{"type":"log","timestamp":1731248145259,"level":"debug","message":"Skipping storing report.","meta":{"rootId":"qc7upzdpgh5pbvw","id":"qc7upzdpgh5pbvw"},"id":"jzbqlpgxlflh0fr","previousOperationId":"cwdqtonmsj4b5u4"}
{"type":"log","timestamp":1731248145259,"level":"info","message":"Rendering request 126 finished in 1032 ms","meta":{"rootId":"qc7upzdpgh5pbvw","id":"qc7upzdpgh5pbvw"},"id":"o2xq2roqcmtmwfh","previousOperationId":"cwdqtonmsj4b5u4"}
{"type":"operationEnd","subtype":"render","operationId":"jw5o0bn0cy8eld7","timestamp":1731248145259,"id":"8ekgs3p5ura2xky","previousEventId":"srl9ygk0afb3yeb","previousOperationId":"cwdqtonmsj4b5u4"}
{"type":"operationEnd","doDiffs":false,"previousEventId":"xrzg6339w5wqytr","previousOperationId":"o0aclnsa9kg83pj","operationId":"o0aclnsa9kg83pj","timestamp":1731248145262,"id":"0f7uvn71xapnfqt"}
