{"type":"operationStart","subtype":"profile","data":{"_id":"23uMPXrmXyUJ4cuJ","timestamp":"2024-11-10T15:23:30.495Z","state":"queued","mode":"standard","creationDate":"2024-11-10T15:23:30.496Z","modificationDate":"2024-11-10T15:23:30.496Z","shortid":"WUkHT8e","inheritedReadPermissions":[],"inheritedEditPermissions":[],"$entitySet":"profiles"},"doDiffs":false,"timestamp":1731252210496,"id":"i8wm01jhbhrz7gy","previousOperationId":null,"operationId":"nt89vcriphyzo5q"}
{"type":"log","level":"info","message":"Render request 197 queued for execution and waiting for available worker","previousOperationId":"nt89vcriphyzo5q","timestamp":1731252210496,"id":"uwlddqejxq1jb0t"}
{"type":"operationStart","subtype":"render","name":"new-excl-template","previousOperationId":"nt89vcriphyzo5q","timestamp":1731252210503,"id":"98j08cgwj4jkmxz","previousEventId":"i8wm01jhbhrz7gy","operationId":"1kh555opae5j5a6"}
{"type":"log","timestamp":1731252210503,"level":"info","message":"Starting rendering request 197 (user: admin)","meta":{"rootId":"qchmobnoynqpvnb","id":"qchmobnoynqpvnb"},"id":"qevtgfyoqdau9jn","previousOperationId":"1kh555opae5j5a6"}
{"type":"log","timestamp":1731252210504,"level":"info","message":"Rendering template { name: new-excl-template, recipe: html-to-xlsx, engine: handlebars, preview: true }","meta":{"rootId":"qchmobnoynqpvnb","id":"qchmobnoynqpvnb"},"id":"jqaa51remkm3khx","previousOperationId":"1kh555opae5j5a6"}
{"type":"log","timestamp":1731252210504,"level":"debug","message":"Inline data specified.","meta":{"rootId":"qchmobnoynqpvnb","id":"qchmobnoynqpvnb"},"id":"fkurdn778wfigyo","previousOperationId":"1kh555opae5j5a6"}
{"type":"log","timestamp":1731252210505,"level":"debug","message":"Base url not specified, skipping its injection.","meta":{"rootId":"qchmobnoynqpvnb","id":"qchmobnoynqpvnb"},"id":"lc3lcb18f1nypdl","previousOperationId":"1kh555opae5j5a6"}
{"type":"log","timestamp":1731252210507,"level":"debug","message":"Replaced assets [\"KhmerOSSiemreapRegular.ttf\"]","meta":{"rootId":"qchmobnoynqpvnb","id":"qchmobnoynqpvnb"},"id":"s0kupf3avvyoxid","previousOperationId":"1kh555opae5j5a6"}
{"type":"operationStart","subtype":"engine","name":"handlebars","timestamp":1731252210507,"id":"gnzkjn4n1cry05q","previousEventId":"98j08cgwj4jkmxz","operationId":"ei9a9zvmkzxzc2p","previousOperationId":"1kh555opae5j5a6"}
{"type":"log","timestamp":1731252210507,"level":"debug","message":"Rendering engine handlebars","meta":{"rootId":"qchmobnoynqpvnb","id":"qchmobnoynqpvnb"},"id":"yl9pydr0c6o67d8","previousOperationId":"ei9a9zvmkzxzc2p"}
{"type":"operationEnd","operationId":"ei9a9zvmkzxzc2p","timestamp":1731252210521,"id":"54ealxbs0xx4h8e","previousEventId":"gnzkjn4n1cry05q","previousOperationId":"ei9a9zvmkzxzc2p"}
{"type":"operationStart","subtype":"recipe","name":"html-to-xlsx","timestamp":1731252210523,"id":"1wbqy5qv2fqvacq","previousEventId":"54ealxbs0xx4h8e","operationId":"16ah3walyx0ia4f","previousOperationId":"ei9a9zvmkzxzc2p"}
{"type":"log","timestamp":1731252210523,"level":"debug","message":"Executing recipe html-to-xlsx","meta":{"rootId":"qchmobnoynqpvnb","id":"qchmobnoynqpvnb"},"id":"3oysxq1b9dl9c97","previousOperationId":"16ah3walyx0ia4f"}
{"type":"log","timestamp":1731252210523,"level":"info","message":"html-to-xlsx generation is starting","meta":{"rootId":"qchmobnoynqpvnb","id":"qchmobnoynqpvnb"},"id":"x0h6tyhyojmrlwg","previousOperationId":"16ah3walyx0ia4f"}
{"type":"log","timestamp":1731252211129,"level":"info","message":"html-to-xlsx generation was finished","meta":{"rootId":"qchmobnoynqpvnb","id":"qchmobnoynqpvnb"},"id":"dswd5ic70bnh9pg","previousOperationId":"16ah3walyx0ia4f"}
{"type":"log","timestamp":1731252211129,"level":"debug","message":"preparing office preview","meta":{"rootId":"qchmobnoynqpvnb","id":"qchmobnoynqpvnb"},"id":"94lyf18i71arp3j","previousOperationId":"16ah3walyx0ia4f"}
{"type":"operationEnd","operationId":"16ah3walyx0ia4f","timestamp":1731252211584,"id":"7joarwy0erlx7g0","previousEventId":"1wbqy5qv2fqvacq","previousOperationId":"16ah3walyx0ia4f"}
{"type":"log","timestamp":1731252211584,"level":"debug","message":"Skipping storing report.","meta":{"rootId":"qchmobnoynqpvnb","id":"qchmobnoynqpvnb"},"id":"7v87z9m16fpdtc7","previousOperationId":"16ah3walyx0ia4f"}
{"type":"log","timestamp":1731252211584,"level":"info","message":"Rendering request 197 finished in 1089 ms","meta":{"rootId":"qchmobnoynqpvnb","id":"qchmobnoynqpvnb"},"id":"vxnmqu0yfaiw99q","previousOperationId":"16ah3walyx0ia4f"}
{"type":"operationEnd","subtype":"render","operationId":"1kh555opae5j5a6","timestamp":1731252211584,"id":"h6qtgrnoeazcq7o","previousEventId":"7joarwy0erlx7g0","previousOperationId":"16ah3walyx0ia4f"}
{"type":"operationEnd","doDiffs":false,"previousEventId":"i8wm01jhbhrz7gy","previousOperationId":"nt89vcriphyzo5q","operationId":"nt89vcriphyzo5q","timestamp":1731252211585,"id":"j9tpozo5rjvput5"}
