{"type":"operationStart","subtype":"profile","data":{"_id":"SSbvbnaz6AXsX1ra","timestamp":"2024-11-10T15:36:53.659Z","state":"queued","mode":"standard","creationDate":"2024-11-10T15:36:53.661Z","modificationDate":"2024-11-10T15:36:53.661Z","shortid":"mAgX3aV","inheritedReadPermissions":[],"inheritedEditPermissions":[],"$entitySet":"profiles"},"doDiffs":false,"timestamp":1731253013660,"id":"pt9zfr6pwt6jm3e","previousOperationId":null,"operationId":"n2uwvau0hsquto8"}
{"type":"log","level":"info","message":"Render request 202 queued for execution and waiting for available worker","previousOperationId":"n2uwvau0hsquto8","timestamp":1731253013660,"id":"o2p77sju8x7dzn0"}
{"type":"operationStart","subtype":"render","name":"new-excl-template","previousOperationId":"n2uwvau0hsquto8","timestamp":1731253013668,"id":"e7cgl0golryhdj8","previousEventId":"pt9zfr6pwt6jm3e","operationId":"j5j69df2nj78zk5"}
{"type":"log","timestamp":1731253013668,"level":"info","message":"Starting rendering request 202 (user: admin)","meta":{"rootId":"qft2z7a8dgbqiva","id":"qft2z7a8dgbqiva"},"id":"sz2u4q6tjlo95wr","previousOperationId":"j5j69df2nj78zk5"}
{"type":"log","timestamp":1731253013668,"level":"info","message":"Rendering template { name: new-excl-template, recipe: html-to-xlsx, engine: handlebars, preview: true }","meta":{"rootId":"qft2z7a8dgbqiva","id":"qft2z7a8dgbqiva"},"id":"ywup48ep52arskx","previousOperationId":"j5j69df2nj78zk5"}
{"type":"log","timestamp":1731253013668,"level":"debug","message":"Inline data specified.","meta":{"rootId":"qft2z7a8dgbqiva","id":"qft2z7a8dgbqiva"},"id":"0r9m1f7qznnjzcy","previousOperationId":"j5j69df2nj78zk5"}
{"type":"log","timestamp":1731253013669,"level":"debug","message":"Base url not specified, skipping its injection.","meta":{"rootId":"qft2z7a8dgbqiva","id":"qft2z7a8dgbqiva"},"id":"xs5bogrxr7s8ywm","previousOperationId":"j5j69df2nj78zk5"}
{"type":"log","timestamp":1731253013671,"level":"debug","message":"Replaced assets [\"KhmerOSSiemreapRegular.ttf\"]","meta":{"rootId":"qft2z7a8dgbqiva","id":"qft2z7a8dgbqiva"},"id":"udn76rp08unvn68","previousOperationId":"j5j69df2nj78zk5"}
{"type":"operationStart","subtype":"engine","name":"handlebars","timestamp":1731253013671,"id":"ubv43g2ji1axw91","previousEventId":"e7cgl0golryhdj8","operationId":"5s6il6hopez16r3","previousOperationId":"j5j69df2nj78zk5"}
{"type":"log","timestamp":1731253013671,"level":"debug","message":"Rendering engine handlebars","meta":{"rootId":"qft2z7a8dgbqiva","id":"qft2z7a8dgbqiva"},"id":"ryggvq20e6xzdb0","previousOperationId":"5s6il6hopez16r3"}
{"type":"operationEnd","operationId":"5s6il6hopez16r3","timestamp":1731253013683,"id":"91ubyh7ryh60e64","previousEventId":"ubv43g2ji1axw91","previousOperationId":"5s6il6hopez16r3"}
{"type":"operationStart","subtype":"recipe","name":"html-to-xlsx","timestamp":1731253013685,"id":"ufinblcu64nhil2","previousEventId":"91ubyh7ryh60e64","operationId":"xjeb0d8uek32xli","previousOperationId":"5s6il6hopez16r3"}
{"type":"log","timestamp":1731253013685,"level":"debug","message":"Executing recipe html-to-xlsx","meta":{"rootId":"qft2z7a8dgbqiva","id":"qft2z7a8dgbqiva"},"id":"a1j20jc52v6a04b","previousOperationId":"xjeb0d8uek32xli"}
{"type":"log","timestamp":1731253013685,"level":"info","message":"html-to-xlsx generation is starting","meta":{"rootId":"qft2z7a8dgbqiva","id":"qft2z7a8dgbqiva"},"id":"se2o38l0a0qasgl","previousOperationId":"xjeb0d8uek32xli"}
{"type":"log","timestamp":1731253014324,"level":"info","message":"html-to-xlsx generation was finished","meta":{"rootId":"qft2z7a8dgbqiva","id":"qft2z7a8dgbqiva"},"id":"tve9822i2dqtmq3","previousOperationId":"xjeb0d8uek32xli"}
{"type":"log","timestamp":1731253014324,"level":"debug","message":"preparing office preview","meta":{"rootId":"qft2z7a8dgbqiva","id":"qft2z7a8dgbqiva"},"id":"jlmicg5mfidgx2f","previousOperationId":"xjeb0d8uek32xli"}
{"type":"operationEnd","operationId":"xjeb0d8uek32xli","timestamp":1731253014772,"id":"nub25mzcqejlhsk","previousEventId":"ufinblcu64nhil2","previousOperationId":"xjeb0d8uek32xli"}
{"type":"log","timestamp":1731253014772,"level":"debug","message":"Skipping storing report.","meta":{"rootId":"qft2z7a8dgbqiva","id":"qft2z7a8dgbqiva"},"id":"0ga1krj0w1qq6e7","previousOperationId":"xjeb0d8uek32xli"}
{"type":"log","timestamp":1731253014772,"level":"info","message":"Rendering request 202 finished in 1113 ms","meta":{"rootId":"qft2z7a8dgbqiva","id":"qft2z7a8dgbqiva"},"id":"xi2mvma7qumg1y1","previousOperationId":"xjeb0d8uek32xli"}
{"type":"operationEnd","subtype":"render","operationId":"j5j69df2nj78zk5","timestamp":1731253014772,"id":"1ww87x4m58v455i","previousEventId":"nub25mzcqejlhsk","previousOperationId":"xjeb0d8uek32xli"}
{"type":"operationEnd","doDiffs":false,"previousEventId":"pt9zfr6pwt6jm3e","previousOperationId":"n2uwvau0hsquto8","operationId":"n2uwvau0hsquto8","timestamp":1731253014775,"id":"39g2vr97m0vqe1o"}
