{"type":"operationStart","subtype":"profile","data":{"_id":"mUSa25LWOKSO1bsA","timestamp":"2024-11-10T14:03:51.217Z","state":"queued","mode":"standard","creationDate":"2024-11-10T14:03:51.218Z","modificationDate":"2024-11-10T14:03:51.218Z","shortid":"uVYe9yh","inheritedReadPermissions":[],"inheritedEditPermissions":[],"$entitySet":"profiles"},"doDiffs":false,"timestamp":1731247431218,"id":"bg8v2av3q5bmqor","previousOperationId":null,"operationId":"eqr5pobisuuj6om"}
{"type":"log","level":"info","message":"Render request 98 queued for execution and waiting for available worker","previousOperationId":"eqr5pobisuuj6om","timestamp":1731247431218,"id":"r20kgjbnzxtbynz"}
{"type":"operationStart","subtype":"render","name":"new-excl-template","previousOperationId":"eqr5pobisuuj6om","timestamp":1731247431226,"id":"eln99vc80dmfznj","previousEventId":"bg8v2av3q5bmqor","operationId":"8i700z70p9wvk9p"}
{"type":"log","timestamp":1731247431226,"level":"info","message":"Starting rendering request 98 (user: admin)","meta":{"rootId":"qg4jv0aauzciwb9","id":"qg4jv0aauzciwb9"},"id":"rdve7u8xcqbpyiw","previousOperationId":"8i700z70p9wvk9p"}
{"type":"log","timestamp":1731247431226,"level":"info","message":"Rendering template { name: new-excl-template, recipe: html-to-xlsx, engine: handlebars, preview: true }","meta":{"rootId":"qg4jv0aauzciwb9","id":"qg4jv0aauzciwb9"},"id":"sgun1ewuszc5abx","previousOperationId":"8i700z70p9wvk9p"}
{"type":"log","timestamp":1731247431227,"level":"debug","message":"Inline data specified.","meta":{"rootId":"qg4jv0aauzciwb9","id":"qg4jv0aauzciwb9"},"id":"eg4fn8zy6l4qgpe","previousOperationId":"8i700z70p9wvk9p"}
{"type":"log","timestamp":1731247431229,"level":"debug","message":"Base url not specified, skipping its injection.","meta":{"rootId":"qg4jv0aauzciwb9","id":"qg4jv0aauzciwb9"},"id":"whqtyos8oklfvhc","previousOperationId":"8i700z70p9wvk9p"}
{"type":"log","timestamp":1731247431230,"level":"debug","message":"Replaced assets [\"KhmerOSSiemreapRegular.ttf\"]","meta":{"rootId":"qg4jv0aauzciwb9","id":"qg4jv0aauzciwb9"},"id":"0t89g7bk5gfdlje","previousOperationId":"8i700z70p9wvk9p"}
{"type":"operationStart","subtype":"engine","name":"handlebars","timestamp":1731247431230,"id":"9njtembxeypxuui","previousEventId":"eln99vc80dmfznj","operationId":"fjnbaspcgt7ul6n","previousOperationId":"8i700z70p9wvk9p"}
{"type":"log","timestamp":1731247431230,"level":"debug","message":"Rendering engine handlebars","meta":{"rootId":"qg4jv0aauzciwb9","id":"qg4jv0aauzciwb9"},"id":"7luq8ef9iv6fjjb","previousOperationId":"fjnbaspcgt7ul6n"}
{"type":"operationEnd","operationId":"fjnbaspcgt7ul6n","timestamp":1731247431241,"id":"89s7u0muemimuwu","previousEventId":"9njtembxeypxuui","previousOperationId":"fjnbaspcgt7ul6n"}
{"type":"operationStart","subtype":"recipe","name":"html-to-xlsx","timestamp":1731247431243,"id":"3e3sted2f2qva4o","previousEventId":"89s7u0muemimuwu","operationId":"3ac1d99mc5cqok8","previousOperationId":"fjnbaspcgt7ul6n"}
{"type":"log","timestamp":1731247431243,"level":"debug","message":"Executing recipe html-to-xlsx","meta":{"rootId":"qg4jv0aauzciwb9","id":"qg4jv0aauzciwb9"},"id":"xnnzz6t53s4hmu8","previousOperationId":"3ac1d99mc5cqok8"}
{"type":"log","timestamp":1731247431243,"level":"info","message":"html-to-xlsx generation is starting","meta":{"rootId":"qg4jv0aauzciwb9","id":"qg4jv0aauzciwb9"},"id":"ce0jvw3t7n6wh8v","previousOperationId":"3ac1d99mc5cqok8"}
{"type":"log","timestamp":1731247431915,"level":"info","message":"html-to-xlsx generation was finished","meta":{"rootId":"qg4jv0aauzciwb9","id":"qg4jv0aauzciwb9"},"id":"ldcs7r185gkbrj6","previousOperationId":"3ac1d99mc5cqok8"}
{"type":"log","timestamp":1731247431915,"level":"debug","message":"preparing office preview","meta":{"rootId":"qg4jv0aauzciwb9","id":"qg4jv0aauzciwb9"},"id":"gbcicj6wxpe0m8g","previousOperationId":"3ac1d99mc5cqok8"}
{"type":"operationEnd","operationId":"3ac1d99mc5cqok8","timestamp":1731247432599,"id":"202smvu3iropxau","previousEventId":"3e3sted2f2qva4o","previousOperationId":"3ac1d99mc5cqok8"}
{"type":"log","timestamp":1731247432599,"level":"debug","message":"Skipping storing report.","meta":{"rootId":"qg4jv0aauzciwb9","id":"qg4jv0aauzciwb9"},"id":"350ieqj2kvgx3kb","previousOperationId":"3ac1d99mc5cqok8"}
{"type":"log","timestamp":1731247432600,"level":"info","message":"Rendering request 98 finished in 1383 ms","meta":{"rootId":"qg4jv0aauzciwb9","id":"qg4jv0aauzciwb9"},"id":"73yiz4ky0dsbcij","previousOperationId":"3ac1d99mc5cqok8"}
{"type":"operationEnd","subtype":"render","operationId":"8i700z70p9wvk9p","timestamp":1731247432600,"id":"06mhh7xcvw28zpi","previousEventId":"202smvu3iropxau","previousOperationId":"3ac1d99mc5cqok8"}
{"type":"operationEnd","doDiffs":false,"previousEventId":"bg8v2av3q5bmqor","previousOperationId":"eqr5pobisuuj6om","operationId":"eqr5pobisuuj6om","timestamp":1731247432602,"id":"ydme0j9totfdyfr"}
