{"type":"operationStart","subtype":"profile","data":{"_id":"BH5EsPSfB45v9wml","timestamp":"2024-11-10T13:06:26.533Z","state":"queued","mode":"standard","creationDate":"2024-11-10T13:06:26.535Z","modificationDate":"2024-11-10T13:06:26.535Z","shortid":"oad6M2q","inheritedReadPermissions":[],"inheritedEditPermissions":[],"$entitySet":"profiles"},"doDiffs":false,"timestamp":1731243986534,"id":"6aukj2xhlv5wg5h","previousOperationId":null,"operationId":"see985xbgasvw5b"}
{"type":"log","level":"info","message":"Render request 11 queued for execution and waiting for available worker","previousOperationId":"see985xbgasvw5b","timestamp":1731243986534,"id":"f85795p9gx24ov8"}
{"type":"operationStart","subtype":"render","name":"new-excl-template","previousOperationId":"see985xbgasvw5b","timestamp":1731243986545,"id":"rucqj17wlv82q37","previousEventId":"6aukj2xhlv5wg5h","operationId":"381r4h6i7u7nvpz"}
{"type":"log","timestamp":1731243986545,"level":"info","message":"Starting rendering request 11 (user: admin)","meta":{"rootId":"qhnj483stefbttp","id":"qhnj483stefbttp"},"id":"0k6frt2re6o1js0","previousOperationId":"381r4h6i7u7nvpz"}
{"type":"log","timestamp":1731243986545,"level":"info","message":"Rendering template { name: new-excl-template, recipe: html-to-xlsx, engine: handlebars, preview: true }","meta":{"rootId":"qhnj483stefbttp","id":"qhnj483stefbttp"},"id":"ijr9g9wn9tyk3qf","previousOperationId":"381r4h6i7u7nvpz"}
{"type":"log","timestamp":1731243986548,"level":"debug","message":"Adding sample data pVkbCM7am","meta":{"rootId":"qhnj483stefbttp","id":"qhnj483stefbttp"},"id":"llwwj8z6b0iys89","previousOperationId":"381r4h6i7u7nvpz"}
{"type":"log","timestamp":1731243986549,"level":"debug","message":"Base url not specified, skipping its injection.","meta":{"rootId":"qhnj483stefbttp","id":"qhnj483stefbttp"},"id":"tgwxi308k83ls7w","previousOperationId":"381r4h6i7u7nvpz"}
{"type":"log","timestamp":1731243986551,"level":"debug","message":"Replaced assets [\"KhmerOSSiemreapRegular.ttf\"]","meta":{"rootId":"qhnj483stefbttp","id":"qhnj483stefbttp"},"id":"wmq1splabfdbmek","previousOperationId":"381r4h6i7u7nvpz"}
{"type":"operationStart","subtype":"engine","name":"handlebars","timestamp":1731243986552,"id":"zsc41rec1cqisd5","previousEventId":"rucqj17wlv82q37","operationId":"sraewbhe33cem5k","previousOperationId":"381r4h6i7u7nvpz"}
{"type":"log","timestamp":1731243986552,"level":"debug","message":"Rendering engine handlebars","meta":{"rootId":"qhnj483stefbttp","id":"qhnj483stefbttp"},"id":"n9drk84png17edv","previousOperationId":"sraewbhe33cem5k"}
{"type":"operationEnd","operationId":"sraewbhe33cem5k","timestamp":1731243986575,"id":"v5f39yolk6gt5da","previousEventId":"zsc41rec1cqisd5","previousOperationId":"sraewbhe33cem5k"}
{"type":"operationStart","subtype":"recipe","name":"html-to-xlsx","timestamp":1731243986577,"id":"6fijfyrdz2gm8kk","previousEventId":"v5f39yolk6gt5da","operationId":"d8m9no2q8zjno6y","previousOperationId":"sraewbhe33cem5k"}
{"type":"log","timestamp":1731243986577,"level":"debug","message":"Executing recipe html-to-xlsx","meta":{"rootId":"qhnj483stefbttp","id":"qhnj483stefbttp"},"id":"9g1aaxbq07b7u7a","previousOperationId":"d8m9no2q8zjno6y"}
{"type":"log","timestamp":1731243986577,"level":"info","message":"html-to-xlsx generation is starting","meta":{"rootId":"qhnj483stefbttp","id":"qhnj483stefbttp"},"id":"xv0m3jmkt24q0dm","previousOperationId":"d8m9no2q8zjno6y"}
{"type":"log","timestamp":1731243987169,"level":"info","message":"html-to-xlsx generation was finished","meta":{"rootId":"qhnj483stefbttp","id":"qhnj483stefbttp"},"id":"5gxfyc5nf8lq25k","previousOperationId":"d8m9no2q8zjno6y"}
{"type":"log","timestamp":1731243987169,"level":"debug","message":"preparing office preview","meta":{"rootId":"qhnj483stefbttp","id":"qhnj483stefbttp"},"id":"g77b2h46a05hhgi","previousOperationId":"d8m9no2q8zjno6y"}
{"type":"operationEnd","operationId":"d8m9no2q8zjno6y","timestamp":1731243987735,"id":"c7j9um4u2hxzrag","previousEventId":"6fijfyrdz2gm8kk","previousOperationId":"d8m9no2q8zjno6y"}
{"type":"log","timestamp":1731243987735,"level":"debug","message":"Skipping storing report.","meta":{"rootId":"qhnj483stefbttp","id":"qhnj483stefbttp"},"id":"renmxlni79lae2c","previousOperationId":"d8m9no2q8zjno6y"}
{"type":"log","timestamp":1731243987735,"level":"info","message":"Rendering request 11 finished in 1202 ms","meta":{"rootId":"qhnj483stefbttp","id":"qhnj483stefbttp"},"id":"6y4tx1mrdv8jm2i","previousOperationId":"d8m9no2q8zjno6y"}
{"type":"operationEnd","subtype":"render","operationId":"381r4h6i7u7nvpz","timestamp":1731243987735,"id":"gb8sip9pauzf47z","previousEventId":"c7j9um4u2hxzrag","previousOperationId":"d8m9no2q8zjno6y"}
{"type":"operationEnd","doDiffs":false,"previousEventId":"6aukj2xhlv5wg5h","previousOperationId":"see985xbgasvw5b","operationId":"see985xbgasvw5b","timestamp":1731243987738,"id":"65z91ikl2ruinck"}
