{"type":"operationStart","subtype":"profile","data":{"_id":"hgLbvKiJ7054rfNv","timestamp":"2024-11-10T08:30:38.077Z","state":"queued","mode":"standard","creationDate":"2024-11-10T08:30:38.079Z","modificationDate":"2024-11-10T08:30:38.079Z","shortid":"eJtuYC1","inheritedReadPermissions":[],"inheritedEditPermissions":[],"$entitySet":"profiles"},"doDiffs":false,"timestamp":1731227438078,"id":"euw6qhosv83ist3","previousOperationId":null,"operationId":"dzjxgtznhcx0zfo"}
{"type":"log","level":"info","message":"Render request 121 queued for execution and waiting for available worker","previousOperationId":"dzjxgtznhcx0zfo","timestamp":1731227438079,"id":"92k7mjowi506wkk"}
{"type":"operationStart","subtype":"render","name":"new-excl-template","previousOperationId":"dzjxgtznhcx0zfo","timestamp":1731227438090,"id":"8zb9vnwzsv2wiqg","previousEventId":"euw6qhosv83ist3","operationId":"w0u561h66t8tv46"}
{"type":"log","timestamp":1731227438090,"level":"info","message":"Starting rendering request 121 (user: admin)","meta":{"rootId":"qj1qpowddc7th28","id":"qj1qpowddc7th28"},"id":"fxgyss84rftvxmw","previousOperationId":"w0u561h66t8tv46"}
{"type":"log","timestamp":1731227438090,"level":"info","message":"Rendering template { name: new-excl-template, recipe: html-to-xlsx, engine: handlebars, preview: true }","meta":{"rootId":"qj1qpowddc7th28","id":"qj1qpowddc7th28"},"id":"frtvvt8sv789vlg","previousOperationId":"w0u561h66t8tv46"}
{"type":"log","timestamp":1731227438091,"level":"debug","message":"Adding sample data pVkbCM7am","meta":{"rootId":"qj1qpowddc7th28","id":"qj1qpowddc7th28"},"id":"0x9uiybnrxhcwhj","previousOperationId":"w0u561h66t8tv46"}
{"type":"log","timestamp":1731227438094,"level":"debug","message":"Base url not specified, skipping its injection.","meta":{"rootId":"qj1qpowddc7th28","id":"qj1qpowddc7th28"},"id":"f9acljs6n59m3jz","previousOperationId":"w0u561h66t8tv46"}
{"type":"log","timestamp":1731227438098,"level":"debug","message":"Replaced assets [\"//asset/font/KhmerOSSiemreapRegular.ttf\"]","meta":{"rootId":"qj1qpowddc7th28","id":"qj1qpowddc7th28"},"id":"yxl4vk20o9sve2s","previousOperationId":"w0u561h66t8tv46"}
{"type":"operationStart","subtype":"engine","name":"handlebars","timestamp":1731227438098,"id":"ij7gfs4j549ylwa","previousEventId":"8zb9vnwzsv2wiqg","operationId":"t5gvd77yewskros","previousOperationId":"w0u561h66t8tv46"}
{"type":"log","timestamp":1731227438098,"level":"debug","message":"Rendering engine handlebars","meta":{"rootId":"qj1qpowddc7th28","id":"qj1qpowddc7th28"},"id":"qjf0cedsmjstmo4","previousOperationId":"t5gvd77yewskros"}
{"type":"operationEnd","operationId":"t5gvd77yewskros","timestamp":1731227438116,"id":"iowmk1xmcu92tck","previousEventId":"ij7gfs4j549ylwa","previousOperationId":"t5gvd77yewskros"}
{"type":"operationStart","subtype":"recipe","name":"html-to-xlsx","timestamp":1731227438118,"id":"34r1hbypqbfmmtx","previousEventId":"iowmk1xmcu92tck","operationId":"fok4sl3cswklqnb","previousOperationId":"t5gvd77yewskros"}
{"type":"log","timestamp":1731227438118,"level":"debug","message":"Executing recipe html-to-xlsx","meta":{"rootId":"qj1qpowddc7th28","id":"qj1qpowddc7th28"},"id":"1uy59fv1q1khvup","previousOperationId":"fok4sl3cswklqnb"}
{"type":"log","timestamp":1731227438119,"level":"info","message":"html-to-xlsx generation is starting","meta":{"rootId":"qj1qpowddc7th28","id":"qj1qpowddc7th28"},"id":"b36kvd4akhd7gpc","previousOperationId":"fok4sl3cswklqnb"}
{"type":"log","timestamp":1731227439028,"level":"info","message":"html-to-xlsx generation was finished","meta":{"rootId":"qj1qpowddc7th28","id":"qj1qpowddc7th28"},"id":"x8iybo9581jzbfz","previousOperationId":"fok4sl3cswklqnb"}
{"type":"log","timestamp":1731227439028,"level":"debug","message":"preparing office preview","meta":{"rootId":"qj1qpowddc7th28","id":"qj1qpowddc7th28"},"id":"9mp9usxahlxg2a8","previousOperationId":"fok4sl3cswklqnb"}
{"type":"operationEnd","operationId":"fok4sl3cswklqnb","timestamp":1731227439470,"id":"7r5ghywwt1g26e4","previousEventId":"34r1hbypqbfmmtx","previousOperationId":"fok4sl3cswklqnb"}
{"type":"log","timestamp":1731227439470,"level":"debug","message":"Skipping storing report.","meta":{"rootId":"qj1qpowddc7th28","id":"qj1qpowddc7th28"},"id":"mfmv589g5j0odiy","previousOperationId":"fok4sl3cswklqnb"}
{"type":"log","timestamp":1731227439470,"level":"info","message":"Rendering request 121 finished in 1393 ms","meta":{"rootId":"qj1qpowddc7th28","id":"qj1qpowddc7th28"},"id":"3o4bkl3ue65rwmf","previousOperationId":"fok4sl3cswklqnb"}
{"type":"operationEnd","subtype":"render","operationId":"w0u561h66t8tv46","timestamp":1731227439470,"id":"m8a7vnomf24nm3b","previousEventId":"7r5ghywwt1g26e4","previousOperationId":"fok4sl3cswklqnb"}
{"type":"operationEnd","doDiffs":false,"previousEventId":"euw6qhosv83ist3","previousOperationId":"dzjxgtznhcx0zfo","operationId":"dzjxgtznhcx0zfo","timestamp":1731227439473,"id":"kcbjxeawuqqkc74"}
