{"type":"operationStart","subtype":"profile","data":{"_id":"vENhe2QpQuzZuG5E","timestamp":"2024-11-10T14:09:15.593Z","state":"queued","mode":"standard","creationDate":"2024-11-10T14:09:15.595Z","modificationDate":"2024-11-10T14:09:15.595Z","shortid":"ZIIbGGK","inheritedReadPermissions":[],"inheritedEditPermissions":[],"$entitySet":"profiles"},"doDiffs":false,"timestamp":1731247755594,"id":"ymby1g7cr43h73z","previousOperationId":null,"operationId":"xbzj9qgdne5e86d"}
{"type":"log","level":"info","message":"Render request 111 queued for execution and waiting for available worker","previousOperationId":"xbzj9qgdne5e86d","timestamp":1731247755595,"id":"ssgav1y6gw9mbea"}
{"type":"operationStart","subtype":"render","name":"new-excl-template","previousOperationId":"xbzj9qgdne5e86d","timestamp":1731247755601,"id":"wzziaqluarikjp0","previousEventId":"ymby1g7cr43h73z","operationId":"r45hicwvci0i786"}
{"type":"log","timestamp":1731247755601,"level":"info","message":"Starting rendering request 111 (user: admin)","meta":{"rootId":"ql1ie5c4wgmkufg","id":"ql1ie5c4wgmkufg"},"id":"f4fwl6ylf1ixlzy","previousOperationId":"r45hicwvci0i786"}
{"type":"log","timestamp":1731247755601,"level":"info","message":"Rendering template { name: new-excl-template, recipe: html-to-xlsx, engine: handlebars, preview: true }","meta":{"rootId":"ql1ie5c4wgmkufg","id":"ql1ie5c4wgmkufg"},"id":"987g9mjna72pd61","previousOperationId":"r45hicwvci0i786"}
{"type":"log","timestamp":1731247755601,"level":"debug","message":"Inline data specified.","meta":{"rootId":"ql1ie5c4wgmkufg","id":"ql1ie5c4wgmkufg"},"id":"5now776ggkktfn7","previousOperationId":"r45hicwvci0i786"}
{"type":"log","timestamp":1731247755602,"level":"debug","message":"Base url not specified, skipping its injection.","meta":{"rootId":"ql1ie5c4wgmkufg","id":"ql1ie5c4wgmkufg"},"id":"x1sngxtbgnsz5oa","previousOperationId":"r45hicwvci0i786"}
{"type":"log","timestamp":1731247755604,"level":"debug","message":"Replaced assets [\"KhmerOSSiemreapRegular.ttf\"]","meta":{"rootId":"ql1ie5c4wgmkufg","id":"ql1ie5c4wgmkufg"},"id":"kwd521h51mrx0ql","previousOperationId":"r45hicwvci0i786"}
{"type":"operationStart","subtype":"engine","name":"handlebars","timestamp":1731247755604,"id":"111mx6e8k42zabn","previousEventId":"wzziaqluarikjp0","operationId":"00ktccmr2zqtwmu","previousOperationId":"r45hicwvci0i786"}
{"type":"log","timestamp":1731247755604,"level":"debug","message":"Rendering engine handlebars","meta":{"rootId":"ql1ie5c4wgmkufg","id":"ql1ie5c4wgmkufg"},"id":"jz0rtiuwkltr8qc","previousOperationId":"00ktccmr2zqtwmu"}
{"type":"operationEnd","operationId":"00ktccmr2zqtwmu","timestamp":1731247755616,"id":"9kuzc4kz309ihkc","previousEventId":"111mx6e8k42zabn","previousOperationId":"00ktccmr2zqtwmu"}
{"type":"operationStart","subtype":"recipe","name":"html-to-xlsx","timestamp":1731247755617,"id":"7popvhcuc6a5bys","previousEventId":"9kuzc4kz309ihkc","operationId":"siszey1qxc0epnl","previousOperationId":"00ktccmr2zqtwmu"}
{"type":"log","timestamp":1731247755617,"level":"debug","message":"Executing recipe html-to-xlsx","meta":{"rootId":"ql1ie5c4wgmkufg","id":"ql1ie5c4wgmkufg"},"id":"6skn72o32wx1t16","previousOperationId":"siszey1qxc0epnl"}
{"type":"log","timestamp":1731247755617,"level":"info","message":"html-to-xlsx generation is starting","meta":{"rootId":"ql1ie5c4wgmkufg","id":"ql1ie5c4wgmkufg"},"id":"u8qughv8x3e167g","previousOperationId":"siszey1qxc0epnl"}
{"type":"log","timestamp":1731247756194,"level":"info","message":"html-to-xlsx generation was finished","meta":{"rootId":"ql1ie5c4wgmkufg","id":"ql1ie5c4wgmkufg"},"id":"37ch4nm2ctgr4sl","previousOperationId":"siszey1qxc0epnl"}
{"type":"log","timestamp":1731247756194,"level":"debug","message":"preparing office preview","meta":{"rootId":"ql1ie5c4wgmkufg","id":"ql1ie5c4wgmkufg"},"id":"oixtgbaqfwufb1j","previousOperationId":"siszey1qxc0epnl"}
{"type":"operationEnd","operationId":"siszey1qxc0epnl","timestamp":1731247756638,"id":"6tot0k2814sn0ax","previousEventId":"7popvhcuc6a5bys","previousOperationId":"siszey1qxc0epnl"}
{"type":"log","timestamp":1731247756638,"level":"debug","message":"Skipping storing report.","meta":{"rootId":"ql1ie5c4wgmkufg","id":"ql1ie5c4wgmkufg"},"id":"yxres7ablyo7j4g","previousOperationId":"siszey1qxc0epnl"}
{"type":"log","timestamp":1731247756638,"level":"info","message":"Rendering request 111 finished in 1045 ms","meta":{"rootId":"ql1ie5c4wgmkufg","id":"ql1ie5c4wgmkufg"},"id":"qiezu15refk3o3c","previousOperationId":"siszey1qxc0epnl"}
{"type":"operationEnd","subtype":"render","operationId":"r45hicwvci0i786","timestamp":1731247756638,"id":"0bhuls7d4yozeg0","previousEventId":"6tot0k2814sn0ax","previousOperationId":"siszey1qxc0epnl"}
{"type":"operationEnd","doDiffs":false,"previousEventId":"ymby1g7cr43h73z","previousOperationId":"xbzj9qgdne5e86d","operationId":"xbzj9qgdne5e86d","timestamp":1731247756641,"id":"0ufsh33xv44urmm"}
