{"type":"operationStart","subtype":"profile","data":{"_id":"K4a2C8C5nRJZJZIj","timestamp":"2024-11-10T14:12:20.403Z","state":"queued","mode":"standard","creationDate":"2024-11-10T14:12:20.404Z","modificationDate":"2024-11-10T14:12:20.404Z","shortid":"AKUu9w_","inheritedReadPermissions":[],"inheritedEditPermissions":[],"$entitySet":"profiles"},"doDiffs":false,"timestamp":1731247940404,"id":"t60uk6407xushaa","previousOperationId":null,"operationId":"ohltrybsb6qklcu"}
{"type":"log","level":"info","message":"Render request 117 queued for execution and waiting for available worker","previousOperationId":"ohltrybsb6qklcu","timestamp":1731247940404,"id":"qh5byirnj8g1prx"}
{"type":"operationStart","subtype":"render","name":"new-excl-template","previousOperationId":"ohltrybsb6qklcu","timestamp":1731247940411,"id":"8cso6e0l767gvay","previousEventId":"t60uk6407xushaa","operationId":"0i8fkm15tr2oz5w"}
{"type":"log","timestamp":1731247940411,"level":"info","message":"Starting rendering request 117 (user: admin)","meta":{"rootId":"qqzagic1d2emct1","id":"qqzagic1d2emct1"},"id":"ylnf9vkdqtk9z8f","previousOperationId":"0i8fkm15tr2oz5w"}
{"type":"log","timestamp":1731247940411,"level":"info","message":"Rendering template { name: new-excl-template, recipe: html-to-xlsx, engine: handlebars, preview: true }","meta":{"rootId":"qqzagic1d2emct1","id":"qqzagic1d2emct1"},"id":"l32gnqca54vwycm","previousOperationId":"0i8fkm15tr2oz5w"}
{"type":"log","timestamp":1731247940412,"level":"debug","message":"Inline data specified.","meta":{"rootId":"qqzagic1d2emct1","id":"qqzagic1d2emct1"},"id":"jqxxskzat7wrl8e","previousOperationId":"0i8fkm15tr2oz5w"}
{"type":"log","timestamp":1731247940413,"level":"debug","message":"Base url not specified, skipping its injection.","meta":{"rootId":"qqzagic1d2emct1","id":"qqzagic1d2emct1"},"id":"sd2dytlkl0dtxz9","previousOperationId":"0i8fkm15tr2oz5w"}
{"type":"log","timestamp":1731247940415,"level":"debug","message":"Replaced assets [\"KhmerOSSiemreapRegular.ttf\"]","meta":{"rootId":"qqzagic1d2emct1","id":"qqzagic1d2emct1"},"id":"6t0cxqh0f1zvk39","previousOperationId":"0i8fkm15tr2oz5w"}
{"type":"operationStart","subtype":"engine","name":"handlebars","timestamp":1731247940415,"id":"ilj7yu3950xog65","previousEventId":"8cso6e0l767gvay","operationId":"i81mrb9u65ms014","previousOperationId":"0i8fkm15tr2oz5w"}
{"type":"log","timestamp":1731247940415,"level":"debug","message":"Rendering engine handlebars","meta":{"rootId":"qqzagic1d2emct1","id":"qqzagic1d2emct1"},"id":"4wfuh8winov187n","previousOperationId":"i81mrb9u65ms014"}
{"type":"operationEnd","operationId":"i81mrb9u65ms014","timestamp":1731247940427,"id":"ixn5rgvdgdkt9fo","previousEventId":"ilj7yu3950xog65","previousOperationId":"i81mrb9u65ms014"}
{"type":"operationStart","subtype":"recipe","name":"html-to-xlsx","timestamp":1731247940428,"id":"hgsca019jkyhz5c","previousEventId":"ixn5rgvdgdkt9fo","operationId":"216k5jlz84dsjjx","previousOperationId":"i81mrb9u65ms014"}
{"type":"log","timestamp":1731247940428,"level":"debug","message":"Executing recipe html-to-xlsx","meta":{"rootId":"qqzagic1d2emct1","id":"qqzagic1d2emct1"},"id":"2j6dfsm7yb2v79v","previousOperationId":"216k5jlz84dsjjx"}
{"type":"log","timestamp":1731247940428,"level":"info","message":"html-to-xlsx generation is starting","meta":{"rootId":"qqzagic1d2emct1","id":"qqzagic1d2emct1"},"id":"3ydapftxjpfwunb","previousOperationId":"216k5jlz84dsjjx"}
{"type":"log","timestamp":1731247941004,"level":"info","message":"html-to-xlsx generation was finished","meta":{"rootId":"qqzagic1d2emct1","id":"qqzagic1d2emct1"},"id":"jvm9u9hv1vjjbjh","previousOperationId":"216k5jlz84dsjjx"}
{"type":"log","timestamp":1731247941005,"level":"debug","message":"preparing office preview","meta":{"rootId":"qqzagic1d2emct1","id":"qqzagic1d2emct1"},"id":"fdync0mw30gbiy7","previousOperationId":"216k5jlz84dsjjx"}
{"type":"operationEnd","operationId":"216k5jlz84dsjjx","timestamp":1731247941452,"id":"karl4se7obo5t31","previousEventId":"hgsca019jkyhz5c","previousOperationId":"216k5jlz84dsjjx"}
{"type":"log","timestamp":1731247941452,"level":"debug","message":"Skipping storing report.","meta":{"rootId":"qqzagic1d2emct1","id":"qqzagic1d2emct1"},"id":"aekvenhoapsy5t8","previousOperationId":"216k5jlz84dsjjx"}
{"type":"log","timestamp":1731247941452,"level":"info","message":"Rendering request 117 finished in 1049 ms","meta":{"rootId":"qqzagic1d2emct1","id":"qqzagic1d2emct1"},"id":"ibk7uw7w7a78emi","previousOperationId":"216k5jlz84dsjjx"}
{"type":"operationEnd","subtype":"render","operationId":"0i8fkm15tr2oz5w","timestamp":1731247941452,"id":"eugkiclts8rif1c","previousEventId":"karl4se7obo5t31","previousOperationId":"216k5jlz84dsjjx"}
{"type":"operationEnd","doDiffs":false,"previousEventId":"t60uk6407xushaa","previousOperationId":"ohltrybsb6qklcu","operationId":"ohltrybsb6qklcu","timestamp":1731247941454,"id":"o0u6t99d32etngr"}
