{"type":"operationStart","subtype":"profile","data":{"_id":"kOcaZ1X9fMjTByNf","timestamp":"2024-11-10T14:20:40.174Z","state":"queued","mode":"standard","creationDate":"2024-11-10T14:20:40.176Z","modificationDate":"2024-11-10T14:20:40.176Z","shortid":"m5hFaA-","inheritedReadPermissions":[],"inheritedEditPermissions":[],"$entitySet":"profiles"},"doDiffs":false,"timestamp":1731248440175,"id":"tbtoau68elu3s2m","previousOperationId":null,"operationId":"0bt7adkly0z3lgs"}
{"type":"log","level":"info","message":"Render request 137 queued for execution and waiting for available worker","previousOperationId":"0bt7adkly0z3lgs","timestamp":1731248440175,"id":"ofkp0o74dv1et1v"}
{"type":"operationStart","subtype":"render","name":"new-excl-template","previousOperationId":"0bt7adkly0z3lgs","timestamp":1731248440185,"id":"q4yzn7kgj6bpodc","previousEventId":"tbtoau68elu3s2m","operationId":"liem1fr1kdvfws1"}
{"type":"log","timestamp":1731248440185,"level":"info","message":"Starting rendering request 137 (user: admin)","meta":{"rootId":"qsprj2cncjbbsf0","id":"qsprj2cncjbbsf0"},"id":"o13ces0bpsm2ml9","previousOperationId":"liem1fr1kdvfws1"}
{"type":"log","timestamp":1731248440185,"level":"info","message":"Rendering template { name: new-excl-template, recipe: html-to-xlsx, engine: handlebars, preview: true }","meta":{"rootId":"qsprj2cncjbbsf0","id":"qsprj2cncjbbsf0"},"id":"awzsazr2n6keile","previousOperationId":"liem1fr1kdvfws1"}
{"type":"log","timestamp":1731248440186,"level":"debug","message":"Inline data specified.","meta":{"rootId":"qsprj2cncjbbsf0","id":"qsprj2cncjbbsf0"},"id":"p2s1yu09ig2y7i4","previousOperationId":"liem1fr1kdvfws1"}
{"type":"log","timestamp":1731248440188,"level":"debug","message":"Base url not specified, skipping its injection.","meta":{"rootId":"qsprj2cncjbbsf0","id":"qsprj2cncjbbsf0"},"id":"4kig0ndmbzfjrh2","previousOperationId":"liem1fr1kdvfws1"}
{"type":"log","timestamp":1731248440189,"level":"debug","message":"Replaced assets [\"KhmerOSSiemreapRegular.ttf\"]","meta":{"rootId":"qsprj2cncjbbsf0","id":"qsprj2cncjbbsf0"},"id":"vdbpvcch9y5izce","previousOperationId":"liem1fr1kdvfws1"}
{"type":"operationStart","subtype":"engine","name":"handlebars","timestamp":1731248440189,"id":"3f9pb1ocwbpj82c","previousEventId":"q4yzn7kgj6bpodc","operationId":"bf1k9kpxfzxucus","previousOperationId":"liem1fr1kdvfws1"}
{"type":"log","timestamp":1731248440189,"level":"debug","message":"Rendering engine handlebars","meta":{"rootId":"qsprj2cncjbbsf0","id":"qsprj2cncjbbsf0"},"id":"x1ifcbjwrzwejwx","previousOperationId":"bf1k9kpxfzxucus"}
{"type":"operationEnd","operationId":"bf1k9kpxfzxucus","timestamp":1731248440201,"id":"96opntbn9vs29h9","previousEventId":"3f9pb1ocwbpj82c","previousOperationId":"bf1k9kpxfzxucus"}
{"type":"operationStart","subtype":"recipe","name":"html-to-xlsx","timestamp":1731248440203,"id":"jxj0jtsjygmqiiv","previousEventId":"96opntbn9vs29h9","operationId":"q2kyp1qgywtch0n","previousOperationId":"bf1k9kpxfzxucus"}
{"type":"log","timestamp":1731248440203,"level":"debug","message":"Executing recipe html-to-xlsx","meta":{"rootId":"qsprj2cncjbbsf0","id":"qsprj2cncjbbsf0"},"id":"sgaopu9rp8efgph","previousOperationId":"q2kyp1qgywtch0n"}
{"type":"log","timestamp":1731248440203,"level":"info","message":"html-to-xlsx generation is starting","meta":{"rootId":"qsprj2cncjbbsf0","id":"qsprj2cncjbbsf0"},"id":"1bad2br58fyp6ep","previousOperationId":"q2kyp1qgywtch0n"}
{"type":"log","timestamp":1731248440843,"level":"info","message":"html-to-xlsx generation was finished","meta":{"rootId":"qsprj2cncjbbsf0","id":"qsprj2cncjbbsf0"},"id":"qf39mjjbxtbl9k1","previousOperationId":"q2kyp1qgywtch0n"}
{"type":"log","timestamp":1731248440843,"level":"debug","message":"preparing office preview","meta":{"rootId":"qsprj2cncjbbsf0","id":"qsprj2cncjbbsf0"},"id":"9e1do8ghlgr1eov","previousOperationId":"q2kyp1qgywtch0n"}
{"type":"operationEnd","operationId":"q2kyp1qgywtch0n","timestamp":1731248441374,"id":"ycawjssq30hez16","previousEventId":"jxj0jtsjygmqiiv","previousOperationId":"q2kyp1qgywtch0n"}
{"type":"log","timestamp":1731248441374,"level":"debug","message":"Skipping storing report.","meta":{"rootId":"qsprj2cncjbbsf0","id":"qsprj2cncjbbsf0"},"id":"wzpvd1e4mi8kgkf","previousOperationId":"q2kyp1qgywtch0n"}
{"type":"log","timestamp":1731248441374,"level":"info","message":"Rendering request 137 finished in 1200 ms","meta":{"rootId":"qsprj2cncjbbsf0","id":"qsprj2cncjbbsf0"},"id":"ei9ykflz1mnsrpo","previousOperationId":"q2kyp1qgywtch0n"}
{"type":"operationEnd","subtype":"render","operationId":"liem1fr1kdvfws1","timestamp":1731248441374,"id":"6vptyww5q751mof","previousEventId":"ycawjssq30hez16","previousOperationId":"q2kyp1qgywtch0n"}
{"type":"operationEnd","doDiffs":false,"previousEventId":"tbtoau68elu3s2m","previousOperationId":"0bt7adkly0z3lgs","operationId":"0bt7adkly0z3lgs","timestamp":1731248441376,"id":"anmivmyib4ckapm"}
