{"type":"operationStart","subtype":"profile","data":{"_id":"6to2UFmVfxFkCqm1","timestamp":"2024-11-10T14:47:21.433Z","state":"queued","mode":"standard","creationDate":"2024-11-10T14:47:21.435Z","modificationDate":"2024-11-10T14:47:21.435Z","shortid":"K2jPNNx","inheritedReadPermissions":[],"inheritedEditPermissions":[],"$entitySet":"profiles"},"doDiffs":false,"timestamp":1731250041434,"id":"xcbd5mg3qbfb6dc","previousOperationId":null,"operationId":"rynu69npldt8f7x"}
{"type":"log","level":"info","message":"Render request 170 queued for execution and waiting for available worker","previousOperationId":"rynu69npldt8f7x","timestamp":1731250041434,"id":"llbhdqy7s16ts3x"}
{"type":"operationStart","subtype":"render","name":"new-excl-template","previousOperationId":"rynu69npldt8f7x","timestamp":1731250041444,"id":"sa3psbyq16p55ln","previousEventId":"xcbd5mg3qbfb6dc","operationId":"qhi8t6tdhhlmf1l"}
{"type":"log","timestamp":1731250041444,"level":"info","message":"Starting rendering request 170 (user: admin)","meta":{"rootId":"qu12ohru761etg2","id":"qu12ohru761etg2"},"id":"fzkr8zywu18ibsi","previousOperationId":"qhi8t6tdhhlmf1l"}
{"type":"log","timestamp":1731250041444,"level":"info","message":"Rendering template { name: new-excl-template, recipe: html-to-xlsx, engine: handlebars, preview: true }","meta":{"rootId":"qu12ohru761etg2","id":"qu12ohru761etg2"},"id":"qu3pn45m82z843o","previousOperationId":"qhi8t6tdhhlmf1l"}
{"type":"log","timestamp":1731250041445,"level":"debug","message":"Inline data specified.","meta":{"rootId":"qu12ohru761etg2","id":"qu12ohru761etg2"},"id":"hhh9j0sbofjvqb1","previousOperationId":"qhi8t6tdhhlmf1l"}
{"type":"log","timestamp":1731250041446,"level":"debug","message":"Base url not specified, skipping its injection.","meta":{"rootId":"qu12ohru761etg2","id":"qu12ohru761etg2"},"id":"2mjvm5ex8zq5901","previousOperationId":"qhi8t6tdhhlmf1l"}
{"type":"log","timestamp":1731250041448,"level":"debug","message":"Replaced assets [\"KhmerOSSiemreapRegular.ttf\"]","meta":{"rootId":"qu12ohru761etg2","id":"qu12ohru761etg2"},"id":"q3nx7f7f47vyo0y","previousOperationId":"qhi8t6tdhhlmf1l"}
{"type":"operationStart","subtype":"engine","name":"handlebars","timestamp":1731250041448,"id":"co1jigp38k4dxdl","previousEventId":"sa3psbyq16p55ln","operationId":"qbgd39q5v5q0n2b","previousOperationId":"qhi8t6tdhhlmf1l"}
{"type":"log","timestamp":1731250041448,"level":"debug","message":"Rendering engine handlebars","meta":{"rootId":"qu12ohru761etg2","id":"qu12ohru761etg2"},"id":"v14cz32tfg8k3uh","previousOperationId":"qbgd39q5v5q0n2b"}
{"type":"operationEnd","operationId":"qbgd39q5v5q0n2b","timestamp":1731250041471,"id":"gi2ajt19laoe3an","previousEventId":"co1jigp38k4dxdl","previousOperationId":"qbgd39q5v5q0n2b"}
{"type":"operationStart","subtype":"recipe","name":"html-to-xlsx","timestamp":1731250041472,"id":"qmsifhigm04zb18","previousEventId":"gi2ajt19laoe3an","operationId":"qox85ajx2lyjcn1","previousOperationId":"qbgd39q5v5q0n2b"}
{"type":"log","timestamp":1731250041472,"level":"debug","message":"Executing recipe html-to-xlsx","meta":{"rootId":"qu12ohru761etg2","id":"qu12ohru761etg2"},"id":"ukpy5f693k5tn4u","previousOperationId":"qox85ajx2lyjcn1"}
{"type":"log","timestamp":1731250041472,"level":"info","message":"html-to-xlsx generation is starting","meta":{"rootId":"qu12ohru761etg2","id":"qu12ohru761etg2"},"id":"apgj42yiq1nv9ja","previousOperationId":"qox85ajx2lyjcn1"}
{"type":"log","timestamp":1731250042355,"level":"info","message":"html-to-xlsx generation was finished","meta":{"rootId":"qu12ohru761etg2","id":"qu12ohru761etg2"},"id":"vmrfqbgwfa96q8m","previousOperationId":"qox85ajx2lyjcn1"}
{"type":"log","timestamp":1731250042355,"level":"debug","message":"preparing office preview","meta":{"rootId":"qu12ohru761etg2","id":"qu12ohru761etg2"},"id":"lfmy8ud8ejfs639","previousOperationId":"qox85ajx2lyjcn1"}
{"type":"operationEnd","operationId":"qox85ajx2lyjcn1","timestamp":1731250042804,"id":"xxnyj1r5jo47zxz","previousEventId":"qmsifhigm04zb18","previousOperationId":"qox85ajx2lyjcn1"}
{"type":"log","timestamp":1731250042804,"level":"debug","message":"Skipping storing report.","meta":{"rootId":"qu12ohru761etg2","id":"qu12ohru761etg2"},"id":"rikhz3dfwp6ulqd","previousOperationId":"qox85ajx2lyjcn1"}
{"type":"log","timestamp":1731250042804,"level":"info","message":"Rendering request 170 finished in 1372 ms","meta":{"rootId":"qu12ohru761etg2","id":"qu12ohru761etg2"},"id":"oyi4oxm4n0cszzy","previousOperationId":"qox85ajx2lyjcn1"}
{"type":"operationEnd","subtype":"render","operationId":"qhi8t6tdhhlmf1l","timestamp":1731250042804,"id":"tvs8j1earw8wlwv","previousEventId":"xxnyj1r5jo47zxz","previousOperationId":"qox85ajx2lyjcn1"}
{"type":"operationEnd","doDiffs":false,"previousEventId":"xcbd5mg3qbfb6dc","previousOperationId":"rynu69npldt8f7x","operationId":"rynu69npldt8f7x","timestamp":1731250042806,"id":"6ebbzclm9682wu9"}
