{"type":"operationStart","subtype":"profile","data":{"_id":"T6uKs1hh8Tb51h8k","timestamp":"2024-11-10T13:58:04.707Z","state":"queued","mode":"standard","creationDate":"2024-11-10T13:58:04.709Z","modificationDate":"2024-11-10T13:58:04.709Z","shortid":"kedTZ89","inheritedReadPermissions":[],"inheritedEditPermissions":[],"$entitySet":"profiles"},"doDiffs":false,"timestamp":1731247084708,"id":"cppv18qgwec4ick","previousOperationId":null,"operationId":"qo3tu4gcktlbvl3"}
{"type":"log","level":"info","message":"Render request 91 queued for execution and waiting for available worker","previousOperationId":"qo3tu4gcktlbvl3","timestamp":1731247084708,"id":"ygks65zuytqleiy"}
{"type":"operationStart","subtype":"render","name":"new-excl-template","previousOperationId":"qo3tu4gcktlbvl3","timestamp":1731247084716,"id":"9iq3amike0pmgh6","previousEventId":"cppv18qgwec4ick","operationId":"eal16bimtehlvhu"}
{"type":"log","timestamp":1731247084716,"level":"info","message":"Starting rendering request 91 (user: admin)","meta":{"rootId":"qvgbqvvbcwffwpx","id":"qvgbqvvbcwffwpx"},"id":"j9632ctwe9dza59","previousOperationId":"eal16bimtehlvhu"}
{"type":"log","timestamp":1731247084716,"level":"info","message":"Rendering template { name: new-excl-template, recipe: html-to-xlsx, engine: handlebars, preview: true }","meta":{"rootId":"qvgbqvvbcwffwpx","id":"qvgbqvvbcwffwpx"},"id":"mibmdsr6fj00qtr","previousOperationId":"eal16bimtehlvhu"}
{"type":"log","timestamp":1731247084717,"level":"debug","message":"Inline data specified.","meta":{"rootId":"qvgbqvvbcwffwpx","id":"qvgbqvvbcwffwpx"},"id":"ye1p262mvrgus8i","previousOperationId":"eal16bimtehlvhu"}
{"type":"log","timestamp":1731247084718,"level":"debug","message":"Base url not specified, skipping its injection.","meta":{"rootId":"qvgbqvvbcwffwpx","id":"qvgbqvvbcwffwpx"},"id":"box1qpn5wg759bv","previousOperationId":"eal16bimtehlvhu"}
{"type":"log","timestamp":1731247084722,"level":"debug","message":"Replaced assets [\"KhmerOSSiemreapRegular.ttf\"]","meta":{"rootId":"qvgbqvvbcwffwpx","id":"qvgbqvvbcwffwpx"},"id":"lwt0fh5iddscwa9","previousOperationId":"eal16bimtehlvhu"}
{"type":"operationStart","subtype":"engine","name":"handlebars","timestamp":1731247084722,"id":"na2cmxj40uzvmmn","previousEventId":"9iq3amike0pmgh6","operationId":"ozxx5dgjgcy7tel","previousOperationId":"eal16bimtehlvhu"}
{"type":"log","timestamp":1731247084722,"level":"debug","message":"Rendering engine handlebars","meta":{"rootId":"qvgbqvvbcwffwpx","id":"qvgbqvvbcwffwpx"},"id":"v07zsiu0h5w7i2q","previousOperationId":"ozxx5dgjgcy7tel"}
{"type":"operationEnd","operationId":"ozxx5dgjgcy7tel","timestamp":1731247084737,"id":"he0lqrsi1zuwdq3","previousEventId":"na2cmxj40uzvmmn","previousOperationId":"ozxx5dgjgcy7tel"}
{"type":"operationStart","subtype":"recipe","name":"html-to-xlsx","timestamp":1731247084739,"id":"fitvdi8q0fcjsvr","previousEventId":"he0lqrsi1zuwdq3","operationId":"whdzt434jdz48wj","previousOperationId":"ozxx5dgjgcy7tel"}
{"type":"log","timestamp":1731247084739,"level":"debug","message":"Executing recipe html-to-xlsx","meta":{"rootId":"qvgbqvvbcwffwpx","id":"qvgbqvvbcwffwpx"},"id":"us50822ajd2hd5w","previousOperationId":"whdzt434jdz48wj"}
{"type":"log","timestamp":1731247084739,"level":"info","message":"html-to-xlsx generation is starting","meta":{"rootId":"qvgbqvvbcwffwpx","id":"qvgbqvvbcwffwpx"},"id":"l2nd3lb5552xhwv","previousOperationId":"whdzt434jdz48wj"}
{"type":"log","timestamp":1731247085330,"level":"info","message":"html-to-xlsx generation was finished","meta":{"rootId":"qvgbqvvbcwffwpx","id":"qvgbqvvbcwffwpx"},"id":"o4wmd672q0rpber","previousOperationId":"whdzt434jdz48wj"}
{"type":"log","timestamp":1731247085330,"level":"debug","message":"preparing office preview","meta":{"rootId":"qvgbqvvbcwffwpx","id":"qvgbqvvbcwffwpx"},"id":"v5dsmx0p7i9ynzl","previousOperationId":"whdzt434jdz48wj"}
{"type":"operationEnd","operationId":"whdzt434jdz48wj","timestamp":1731247085831,"id":"8w0fw9q0nw87yfj","previousEventId":"fitvdi8q0fcjsvr","previousOperationId":"whdzt434jdz48wj"}
{"type":"log","timestamp":1731247085831,"level":"debug","message":"Skipping storing report.","meta":{"rootId":"qvgbqvvbcwffwpx","id":"qvgbqvvbcwffwpx"},"id":"ilwki8b9pwc62cd","previousOperationId":"whdzt434jdz48wj"}
{"type":"log","timestamp":1731247085831,"level":"info","message":"Rendering request 91 finished in 1124 ms","meta":{"rootId":"qvgbqvvbcwffwpx","id":"qvgbqvvbcwffwpx"},"id":"5we47w391qgdde3","previousOperationId":"whdzt434jdz48wj"}
{"type":"operationEnd","subtype":"render","operationId":"eal16bimtehlvhu","timestamp":1731247085831,"id":"ft05w6yvhr95pjn","previousEventId":"8w0fw9q0nw87yfj","previousOperationId":"whdzt434jdz48wj"}
{"type":"operationEnd","doDiffs":false,"previousEventId":"cppv18qgwec4ick","previousOperationId":"qo3tu4gcktlbvl3","operationId":"qo3tu4gcktlbvl3","timestamp":1731247085833,"id":"g3t79zclr8elitx"}
