{"type":"operationStart","subtype":"profile","data":{"_id":"fmEZTlZNBEVo9cv9","timestamp":"2024-11-10T14:04:15.460Z","state":"queued","mode":"standard","creationDate":"2024-11-10T14:04:15.462Z","modificationDate":"2024-11-10T14:04:15.462Z","shortid":"hPGV-gY","inheritedReadPermissions":[],"inheritedEditPermissions":[],"$entitySet":"profiles"},"doDiffs":false,"timestamp":1731247455462,"id":"bf3v1qjcg20sbck","previousOperationId":null,"operationId":"2y7jvu82s90ykk0"}
{"type":"log","level":"info","message":"Render request 100 queued for execution and waiting for available worker","previousOperationId":"2y7jvu82s90ykk0","timestamp":1731247455462,"id":"su9u98cfvxcj971"}
{"type":"operationStart","subtype":"render","name":"new-excl-template","previousOperationId":"2y7jvu82s90ykk0","timestamp":1731247455469,"id":"mkn55lshqtysoxo","previousEventId":"bf3v1qjcg20sbck","operationId":"4ryxt64x87ezt86"}
{"type":"log","timestamp":1731247455469,"level":"info","message":"Starting rendering request 100 (user: admin)","meta":{"rootId":"qz42x3w7i8wd1rv","id":"qz42x3w7i8wd1rv"},"id":"fbrrnk6atoswd49","previousOperationId":"4ryxt64x87ezt86"}
{"type":"log","timestamp":1731247455469,"level":"info","message":"Rendering template { name: new-excl-template, recipe: html-to-xlsx, engine: handlebars, preview: true }","meta":{"rootId":"qz42x3w7i8wd1rv","id":"qz42x3w7i8wd1rv"},"id":"av9tu76amzlknu0","previousOperationId":"4ryxt64x87ezt86"}
{"type":"log","timestamp":1731247455470,"level":"debug","message":"Inline data specified.","meta":{"rootId":"qz42x3w7i8wd1rv","id":"qz42x3w7i8wd1rv"},"id":"u0hbxkgompy3s3h","previousOperationId":"4ryxt64x87ezt86"}
{"type":"log","timestamp":1731247455472,"level":"debug","message":"Base url not specified, skipping its injection.","meta":{"rootId":"qz42x3w7i8wd1rv","id":"qz42x3w7i8wd1rv"},"id":"e3gzwp8rvkfs3hf","previousOperationId":"4ryxt64x87ezt86"}
{"type":"log","timestamp":1731247455474,"level":"debug","message":"Replaced assets [\"KhmerOSSiemreapRegular.ttf\"]","meta":{"rootId":"qz42x3w7i8wd1rv","id":"qz42x3w7i8wd1rv"},"id":"c8ci50196ttcxct","previousOperationId":"4ryxt64x87ezt86"}
{"type":"operationStart","subtype":"engine","name":"handlebars","timestamp":1731247455474,"id":"gtstdiyb7fxldoh","previousEventId":"mkn55lshqtysoxo","operationId":"kwieaomqjg8ca5h","previousOperationId":"4ryxt64x87ezt86"}
{"type":"log","timestamp":1731247455474,"level":"debug","message":"Rendering engine handlebars","meta":{"rootId":"qz42x3w7i8wd1rv","id":"qz42x3w7i8wd1rv"},"id":"eu2sbabobb0q4x7","previousOperationId":"kwieaomqjg8ca5h"}
{"type":"operationEnd","operationId":"kwieaomqjg8ca5h","timestamp":1731247455483,"id":"ykp16fz8b5zc88p","previousEventId":"gtstdiyb7fxldoh","previousOperationId":"kwieaomqjg8ca5h"}
{"type":"operationStart","subtype":"recipe","name":"html-to-xlsx","timestamp":1731247455484,"id":"dljko6a1ek3rlrf","previousEventId":"ykp16fz8b5zc88p","operationId":"nw4lutxi2rb48za","previousOperationId":"kwieaomqjg8ca5h"}
{"type":"log","timestamp":1731247455484,"level":"debug","message":"Executing recipe html-to-xlsx","meta":{"rootId":"qz42x3w7i8wd1rv","id":"qz42x3w7i8wd1rv"},"id":"8r5ibzeudrmpl3n","previousOperationId":"nw4lutxi2rb48za"}
{"type":"log","timestamp":1731247455484,"level":"info","message":"html-to-xlsx generation is starting","meta":{"rootId":"qz42x3w7i8wd1rv","id":"qz42x3w7i8wd1rv"},"id":"rvxknlelejygbdx","previousOperationId":"nw4lutxi2rb48za"}
{"type":"log","timestamp":1731247456183,"level":"info","message":"html-to-xlsx generation was finished","meta":{"rootId":"qz42x3w7i8wd1rv","id":"qz42x3w7i8wd1rv"},"id":"njwl6l6frpby117","previousOperationId":"nw4lutxi2rb48za"}
{"type":"log","timestamp":1731247456183,"level":"debug","message":"preparing office preview","meta":{"rootId":"qz42x3w7i8wd1rv","id":"qz42x3w7i8wd1rv"},"id":"c5161bnkwjmd79k","previousOperationId":"nw4lutxi2rb48za"}
{"type":"operationEnd","operationId":"nw4lutxi2rb48za","timestamp":1731247456632,"id":"aao6r53ulg2ya7p","previousEventId":"dljko6a1ek3rlrf","previousOperationId":"nw4lutxi2rb48za"}
{"type":"log","timestamp":1731247456632,"level":"debug","message":"Skipping storing report.","meta":{"rootId":"qz42x3w7i8wd1rv","id":"qz42x3w7i8wd1rv"},"id":"1jrpcvdot8qt4p5","previousOperationId":"nw4lutxi2rb48za"}
{"type":"log","timestamp":1731247456632,"level":"info","message":"Rendering request 100 finished in 1172 ms","meta":{"rootId":"qz42x3w7i8wd1rv","id":"qz42x3w7i8wd1rv"},"id":"uvympvo3qtvzlkj","previousOperationId":"nw4lutxi2rb48za"}
{"type":"operationEnd","subtype":"render","operationId":"4ryxt64x87ezt86","timestamp":1731247456632,"id":"znqo6mcoe5fayf1","previousEventId":"aao6r53ulg2ya7p","previousOperationId":"nw4lutxi2rb48za"}
{"type":"operationEnd","doDiffs":false,"previousEventId":"bf3v1qjcg20sbck","previousOperationId":"2y7jvu82s90ykk0","operationId":"2y7jvu82s90ykk0","timestamp":1731247456634,"id":"sutopmauwr3byzn"}
