{"type":"operationStart","subtype":"profile","data":{"_id":"Yj8VO7WJNuIxw7r3","timestamp":"2024-11-10T15:36:16.312Z","state":"queued","mode":"standard","creationDate":"2024-11-10T15:36:16.313Z","modificationDate":"2024-11-10T15:36:16.313Z","shortid":"sy8CbB6","inheritedReadPermissions":[],"inheritedEditPermissions":[],"$entitySet":"profiles"},"doDiffs":false,"timestamp":1731252976313,"id":"7g1vm4cid8zmh9v","previousOperationId":null,"operationId":"cbto8r459hjgfz6"}
{"type":"log","level":"info","message":"Render request 201 queued for execution and waiting for available worker","previousOperationId":"cbto8r459hjgfz6","timestamp":1731252976313,"id":"cq4qrup0737ov1o"}
{"type":"operationStart","subtype":"render","name":"new-excl-template","previousOperationId":"cbto8r459hjgfz6","timestamp":1731252976321,"id":"fwsq3kg8sw9hjja","previousEventId":"7g1vm4cid8zmh9v","operationId":"4d785g6mztb3sen"}
{"type":"log","timestamp":1731252976321,"level":"info","message":"Starting rendering request 201 (user: admin)","meta":{"rootId":"r6whe7uci8of7yo","id":"r6whe7uci8of7yo"},"id":"532ambe3st0snye","previousOperationId":"4d785g6mztb3sen"}
{"type":"log","timestamp":1731252976321,"level":"info","message":"Rendering template { name: new-excl-template, recipe: html-to-xlsx, engine: handlebars, preview: true }","meta":{"rootId":"r6whe7uci8of7yo","id":"r6whe7uci8of7yo"},"id":"90jbn586e0rw7ot","previousOperationId":"4d785g6mztb3sen"}
{"type":"log","timestamp":1731252976321,"level":"debug","message":"Inline data specified.","meta":{"rootId":"r6whe7uci8of7yo","id":"r6whe7uci8of7yo"},"id":"yfyz591p6ww2uwx","previousOperationId":"4d785g6mztb3sen"}
{"type":"log","timestamp":1731252976322,"level":"debug","message":"Base url not specified, skipping its injection.","meta":{"rootId":"r6whe7uci8of7yo","id":"r6whe7uci8of7yo"},"id":"au7bwzu9x0ob23s","previousOperationId":"4d785g6mztb3sen"}
{"type":"log","timestamp":1731252976323,"level":"debug","message":"Replaced assets [\"KhmerOSSiemreapRegular.ttf\"]","meta":{"rootId":"r6whe7uci8of7yo","id":"r6whe7uci8of7yo"},"id":"1cw0flw4vhi56nl","previousOperationId":"4d785g6mztb3sen"}
{"type":"operationStart","subtype":"engine","name":"handlebars","timestamp":1731252976323,"id":"qi0iafxt64d9clz","previousEventId":"fwsq3kg8sw9hjja","operationId":"vta246fsjmw9lno","previousOperationId":"4d785g6mztb3sen"}
{"type":"log","timestamp":1731252976323,"level":"debug","message":"Rendering engine handlebars","meta":{"rootId":"r6whe7uci8of7yo","id":"r6whe7uci8of7yo"},"id":"5awipvxsqc6de5q","previousOperationId":"vta246fsjmw9lno"}
{"type":"operationEnd","operationId":"vta246fsjmw9lno","timestamp":1731252976337,"id":"s656malzaile7j0","previousEventId":"qi0iafxt64d9clz","previousOperationId":"vta246fsjmw9lno"}
{"type":"operationStart","subtype":"recipe","name":"html-to-xlsx","timestamp":1731252976338,"id":"d619jufy38uwfeh","previousEventId":"s656malzaile7j0","operationId":"v1kfin9qdz12taw","previousOperationId":"vta246fsjmw9lno"}
{"type":"log","timestamp":1731252976338,"level":"debug","message":"Executing recipe html-to-xlsx","meta":{"rootId":"r6whe7uci8of7yo","id":"r6whe7uci8of7yo"},"id":"7ffjb6p5wwgw0mz","previousOperationId":"v1kfin9qdz12taw"}
{"type":"log","timestamp":1731252976338,"level":"info","message":"html-to-xlsx generation is starting","meta":{"rootId":"r6whe7uci8of7yo","id":"r6whe7uci8of7yo"},"id":"zh9faaovxzqmdui","previousOperationId":"v1kfin9qdz12taw"}
{"type":"log","timestamp":1731252976965,"level":"info","message":"html-to-xlsx generation was finished","meta":{"rootId":"r6whe7uci8of7yo","id":"r6whe7uci8of7yo"},"id":"tvunduf99sxow0s","previousOperationId":"v1kfin9qdz12taw"}
{"type":"log","timestamp":1731252976965,"level":"debug","message":"preparing office preview","meta":{"rootId":"r6whe7uci8of7yo","id":"r6whe7uci8of7yo"},"id":"j2ze00jnzywunkp","previousOperationId":"v1kfin9qdz12taw"}
{"type":"operationEnd","operationId":"v1kfin9qdz12taw","timestamp":1731252977412,"id":"q63ys4x13ilsw1b","previousEventId":"d619jufy38uwfeh","previousOperationId":"v1kfin9qdz12taw"}
{"type":"log","timestamp":1731252977412,"level":"debug","message":"Skipping storing report.","meta":{"rootId":"r6whe7uci8of7yo","id":"r6whe7uci8of7yo"},"id":"xbrrwsuwkc257di","previousOperationId":"v1kfin9qdz12taw"}
{"type":"log","timestamp":1731252977412,"level":"info","message":"Rendering request 201 finished in 1100 ms","meta":{"rootId":"r6whe7uci8of7yo","id":"r6whe7uci8of7yo"},"id":"ybdl0z4tdj9bn5j","previousOperationId":"v1kfin9qdz12taw"}
{"type":"operationEnd","subtype":"render","operationId":"4d785g6mztb3sen","timestamp":1731252977412,"id":"dctlxowis6z7fdo","previousEventId":"q63ys4x13ilsw1b","previousOperationId":"v1kfin9qdz12taw"}
{"type":"operationEnd","doDiffs":false,"previousEventId":"7g1vm4cid8zmh9v","previousOperationId":"cbto8r459hjgfz6","operationId":"cbto8r459hjgfz6","timestamp":1731252977414,"id":"806zhphbfinwuy1"}
