{"type":"operationStart","subtype":"profile","data":{"_id":"3jjoVBrf9RIxxh5z","timestamp":"2024-11-10T14:15:37.707Z","state":"queued","mode":"standard","creationDate":"2024-11-10T14:15:37.709Z","modificationDate":"2024-11-10T14:15:37.709Z","shortid":"4MzFnDB","inheritedReadPermissions":[],"inheritedEditPermissions":[],"$entitySet":"profiles"},"doDiffs":false,"timestamp":1731248137708,"id":"kyozijbqc4s2pw3","previousOperationId":null,"operationId":"l2fd6h53t4xiq98"}
{"type":"log","level":"info","message":"Render request 125 queued for execution and waiting for available worker","previousOperationId":"l2fd6h53t4xiq98","timestamp":1731248137708,"id":"mui9rmvrgo9y3lx"}
{"type":"operationStart","subtype":"render","name":"new-excl-template","previousOperationId":"l2fd6h53t4xiq98","timestamp":1731248137717,"id":"r868u4nf5axaja1","previousEventId":"kyozijbqc4s2pw3","operationId":"o60axzw2owhpry9"}
{"type":"log","timestamp":1731248137717,"level":"info","message":"Starting rendering request 125 (user: admin)","meta":{"rootId":"raonnnex70lbxmm","id":"raonnnex70lbxmm"},"id":"7682q0p8lw7gs1v","previousOperationId":"o60axzw2owhpry9"}
{"type":"log","timestamp":1731248137717,"level":"info","message":"Rendering template { name: new-excl-template, recipe: html-to-xlsx, engine: handlebars, preview: true }","meta":{"rootId":"raonnnex70lbxmm","id":"raonnnex70lbxmm"},"id":"e0yhzgdbs970ogd","previousOperationId":"o60axzw2owhpry9"}
{"type":"log","timestamp":1731248137717,"level":"debug","message":"Inline data specified.","meta":{"rootId":"raonnnex70lbxmm","id":"raonnnex70lbxmm"},"id":"p7hz1j9cjqorvgg","previousOperationId":"o60axzw2owhpry9"}
{"type":"log","timestamp":1731248137718,"level":"debug","message":"Base url not specified, skipping its injection.","meta":{"rootId":"raonnnex70lbxmm","id":"raonnnex70lbxmm"},"id":"axqev76s1z95thw","previousOperationId":"o60axzw2owhpry9"}
{"type":"log","timestamp":1731248137720,"level":"debug","message":"Replaced assets [\"KhmerOSSiemreapRegular.ttf\"]","meta":{"rootId":"raonnnex70lbxmm","id":"raonnnex70lbxmm"},"id":"pod73glt1f7xm75","previousOperationId":"o60axzw2owhpry9"}
{"type":"operationStart","subtype":"engine","name":"handlebars","timestamp":1731248137720,"id":"ydpct360l84utja","previousEventId":"r868u4nf5axaja1","operationId":"m6ofppsbb1pvuda","previousOperationId":"o60axzw2owhpry9"}
{"type":"log","timestamp":1731248137720,"level":"debug","message":"Rendering engine handlebars","meta":{"rootId":"raonnnex70lbxmm","id":"raonnnex70lbxmm"},"id":"jmrivnt7g0nhc4r","previousOperationId":"m6ofppsbb1pvuda"}
{"type":"operationEnd","operationId":"m6ofppsbb1pvuda","timestamp":1731248137731,"id":"cqdeuqlfzwotuxx","previousEventId":"ydpct360l84utja","previousOperationId":"m6ofppsbb1pvuda"}
{"type":"operationStart","subtype":"recipe","name":"html-to-xlsx","timestamp":1731248137733,"id":"fz99tzbf0b0ewpf","previousEventId":"cqdeuqlfzwotuxx","operationId":"o739s5pxfsll1el","previousOperationId":"m6ofppsbb1pvuda"}
{"type":"log","timestamp":1731248137733,"level":"debug","message":"Executing recipe html-to-xlsx","meta":{"rootId":"raonnnex70lbxmm","id":"raonnnex70lbxmm"},"id":"ab4ucyb5jdvcyw1","previousOperationId":"o739s5pxfsll1el"}
{"type":"log","timestamp":1731248137733,"level":"info","message":"html-to-xlsx generation is starting","meta":{"rootId":"raonnnex70lbxmm","id":"raonnnex70lbxmm"},"id":"j4061megjkrg0z2","previousOperationId":"o739s5pxfsll1el"}
{"type":"log","timestamp":1731248138255,"level":"info","message":"html-to-xlsx generation was finished","meta":{"rootId":"raonnnex70lbxmm","id":"raonnnex70lbxmm"},"id":"rdgdnn3dexuqnme","previousOperationId":"o739s5pxfsll1el"}
{"type":"log","timestamp":1731248138255,"level":"debug","message":"preparing office preview","meta":{"rootId":"raonnnex70lbxmm","id":"raonnnex70lbxmm"},"id":"4zt90d2z30vym5v","previousOperationId":"o739s5pxfsll1el"}
{"type":"operationEnd","operationId":"o739s5pxfsll1el","timestamp":1731248138702,"id":"9tcg1vdy32qe7dd","previousEventId":"fz99tzbf0b0ewpf","previousOperationId":"o739s5pxfsll1el"}
{"type":"log","timestamp":1731248138702,"level":"debug","message":"Skipping storing report.","meta":{"rootId":"raonnnex70lbxmm","id":"raonnnex70lbxmm"},"id":"op58mnsi1nk3j40","previousOperationId":"o739s5pxfsll1el"}
{"type":"log","timestamp":1731248138702,"level":"info","message":"Rendering request 125 finished in 995 ms","meta":{"rootId":"raonnnex70lbxmm","id":"raonnnex70lbxmm"},"id":"dj0x7a9ewediq7r","previousOperationId":"o739s5pxfsll1el"}
{"type":"operationEnd","subtype":"render","operationId":"o60axzw2owhpry9","timestamp":1731248138702,"id":"z9odenca8bipfzs","previousEventId":"9tcg1vdy32qe7dd","previousOperationId":"o739s5pxfsll1el"}
{"type":"operationEnd","doDiffs":false,"previousEventId":"kyozijbqc4s2pw3","previousOperationId":"l2fd6h53t4xiq98","operationId":"l2fd6h53t4xiq98","timestamp":1731248138704,"id":"vtqscuujgt29618"}
