{"type":"operationStart","subtype":"profile","data":{"_id":"mZUlcCzSVJr5r21i","timestamp":"2024-11-10T08:27:25.482Z","state":"queued","mode":"standard","creationDate":"2024-11-10T08:27:25.484Z","modificationDate":"2024-11-10T08:27:25.484Z","shortid":"bDvHcI6","inheritedReadPermissions":[],"inheritedEditPermissions":[],"$entitySet":"profiles"},"doDiffs":false,"timestamp":1731227245484,"id":"c9mhobqu4m8kqxq","previousOperationId":null,"operationId":"0e7yhc4mhn9bsgv"}
{"type":"log","level":"info","message":"Render request 115 queued for execution and waiting for available worker","previousOperationId":"0e7yhc4mhn9bsgv","timestamp":1731227245484,"id":"ngkel5apowaqix8"}
{"type":"operationStart","subtype":"render","name":"new-excl-template","previousOperationId":"0e7yhc4mhn9bsgv","timestamp":1731227245493,"id":"ihq3m3k0wgvzd18","previousEventId":"c9mhobqu4m8kqxq","operationId":"zpdghie0kyljpvu"}
{"type":"log","timestamp":1731227245493,"level":"info","message":"Starting rendering request 115 (user: admin)","meta":{"rootId":"relpwb79i7btki3","id":"relpwb79i7btki3"},"id":"aysqmyqokm3j3jp","previousOperationId":"zpdghie0kyljpvu"}
{"type":"log","timestamp":1731227245493,"level":"info","message":"Rendering template { name: new-excl-template, recipe: html-to-xlsx, engine: handlebars, preview: true }","meta":{"rootId":"relpwb79i7btki3","id":"relpwb79i7btki3"},"id":"azcrkxbizt45kt6","previousOperationId":"zpdghie0kyljpvu"}
{"type":"log","timestamp":1731227245494,"level":"debug","message":"Inline data specified.","meta":{"rootId":"relpwb79i7btki3","id":"relpwb79i7btki3"},"id":"yq944byl6xe7cfs","previousOperationId":"zpdghie0kyljpvu"}
{"type":"log","timestamp":1731227245496,"level":"debug","message":"Base url not specified, skipping its injection.","meta":{"rootId":"relpwb79i7btki3","id":"relpwb79i7btki3"},"id":"4j44r0wr7i6dp47","previousOperationId":"zpdghie0kyljpvu"}
{"type":"log","timestamp":1731227245498,"level":"debug","message":"Replaced assets [\"KhmerOSSiemreapRegular.ttf\"]","meta":{"rootId":"relpwb79i7btki3","id":"relpwb79i7btki3"},"id":"4xrya8uo4qjdx5p","previousOperationId":"zpdghie0kyljpvu"}
{"type":"operationStart","subtype":"engine","name":"handlebars","timestamp":1731227245498,"id":"7xt199apimfha2h","previousEventId":"ihq3m3k0wgvzd18","operationId":"579yzv2cbefww14","previousOperationId":"zpdghie0kyljpvu"}
{"type":"log","timestamp":1731227245498,"level":"debug","message":"Rendering engine handlebars","meta":{"rootId":"relpwb79i7btki3","id":"relpwb79i7btki3"},"id":"xcycgixez6bcnqn","previousOperationId":"579yzv2cbefww14"}
{"type":"operationEnd","operationId":"579yzv2cbefww14","timestamp":1731227245514,"id":"6834o0gsy0xpyku","previousEventId":"7xt199apimfha2h","previousOperationId":"579yzv2cbefww14"}
{"type":"operationStart","subtype":"recipe","name":"html-to-xlsx","timestamp":1731227245516,"id":"n4r6fh46xqt8job","previousEventId":"6834o0gsy0xpyku","operationId":"ev4912acgwys50j","previousOperationId":"579yzv2cbefww14"}
{"type":"log","timestamp":1731227245516,"level":"debug","message":"Executing recipe html-to-xlsx","meta":{"rootId":"relpwb79i7btki3","id":"relpwb79i7btki3"},"id":"j6bd2pem6svuzfu","previousOperationId":"ev4912acgwys50j"}
{"type":"log","timestamp":1731227245516,"level":"info","message":"html-to-xlsx generation is starting","meta":{"rootId":"relpwb79i7btki3","id":"relpwb79i7btki3"},"id":"fd0wgo8glewhv9y","previousOperationId":"ev4912acgwys50j"}
{"type":"log","timestamp":1731227246377,"level":"info","message":"html-to-xlsx generation was finished","meta":{"rootId":"relpwb79i7btki3","id":"relpwb79i7btki3"},"id":"9ybdskkqqicsto2","previousOperationId":"ev4912acgwys50j"}
{"type":"log","timestamp":1731227246377,"level":"debug","message":"preparing office preview","meta":{"rootId":"relpwb79i7btki3","id":"relpwb79i7btki3"},"id":"1396j1byv02srf6","previousOperationId":"ev4912acgwys50j"}
{"type":"operationEnd","operationId":"ev4912acgwys50j","timestamp":1731227246819,"id":"tteao1y5gub54c8","previousEventId":"n4r6fh46xqt8job","previousOperationId":"ev4912acgwys50j"}
{"type":"log","timestamp":1731227246819,"level":"debug","message":"Skipping storing report.","meta":{"rootId":"relpwb79i7btki3","id":"relpwb79i7btki3"},"id":"3048r4gkk17676k","previousOperationId":"ev4912acgwys50j"}
{"type":"log","timestamp":1731227246820,"level":"info","message":"Rendering request 115 finished in 1337 ms","meta":{"rootId":"relpwb79i7btki3","id":"relpwb79i7btki3"},"id":"wo8hlmp56h6ft9k","previousOperationId":"ev4912acgwys50j"}
{"type":"operationEnd","subtype":"render","operationId":"zpdghie0kyljpvu","timestamp":1731227246820,"id":"assb72ey9nzca9b","previousEventId":"tteao1y5gub54c8","previousOperationId":"ev4912acgwys50j"}
{"type":"operationEnd","doDiffs":false,"previousEventId":"c9mhobqu4m8kqxq","previousOperationId":"0e7yhc4mhn9bsgv","operationId":"0e7yhc4mhn9bsgv","timestamp":1731227246823,"id":"qra31e6xp3iuzgq"}
