{"type":"operationStart","subtype":"profile","data":{"_id":"PRn19gEknvxLKoM4","timestamp":"2024-11-10T13:24:51.183Z","state":"queued","mode":"standard","creationDate":"2024-11-10T13:24:51.184Z","modificationDate":"2024-11-10T13:24:51.184Z","shortid":"d0eip_m","inheritedReadPermissions":[],"inheritedEditPermissions":[],"$entitySet":"profiles"},"doDiffs":false,"timestamp":1731245091184,"id":"sje3qxphxuvhvng","previousOperationId":null,"operationId":"y5q3bddv6z80wmf"}
{"type":"log","level":"info","message":"Render request 64 queued for execution and waiting for available worker","previousOperationId":"y5q3bddv6z80wmf","timestamp":1731245091184,"id":"rwktv6kha8ic1q8"}
{"type":"operationStart","subtype":"render","name":"new-excl-template","previousOperationId":"y5q3bddv6z80wmf","timestamp":1731245091192,"id":"6yn0cqicu4z7g8n","previousEventId":"sje3qxphxuvhvng","operationId":"756h0mv9b3p4mcg"}
{"type":"log","timestamp":1731245091192,"level":"info","message":"Starting rendering request 64 (user: admin)","meta":{"rootId":"rknqpy5i6rarh7d","id":"rknqpy5i6rarh7d"},"id":"y8mu91df0lzqp0u","previousOperationId":"756h0mv9b3p4mcg"}
{"type":"log","timestamp":1731245091192,"level":"info","message":"Rendering template { name: new-excl-template, recipe: html-to-xlsx, engine: handlebars, preview: true }","meta":{"rootId":"rknqpy5i6rarh7d","id":"rknqpy5i6rarh7d"},"id":"ilslzziac2ayald","previousOperationId":"756h0mv9b3p4mcg"}
{"type":"log","timestamp":1731245091193,"level":"debug","message":"Inline data specified.","meta":{"rootId":"rknqpy5i6rarh7d","id":"rknqpy5i6rarh7d"},"id":"m73ls01kgl3xv3j","previousOperationId":"756h0mv9b3p4mcg"}
{"type":"log","timestamp":1731245091195,"level":"debug","message":"Base url not specified, skipping its injection.","meta":{"rootId":"rknqpy5i6rarh7d","id":"rknqpy5i6rarh7d"},"id":"9tnij7qc1amm5ar","previousOperationId":"756h0mv9b3p4mcg"}
{"type":"log","timestamp":1731245091196,"level":"debug","message":"Replaced assets [\"KhmerOSSiemreapRegular.ttf\"]","meta":{"rootId":"rknqpy5i6rarh7d","id":"rknqpy5i6rarh7d"},"id":"pdxc4tkok1of1j6","previousOperationId":"756h0mv9b3p4mcg"}
{"type":"operationStart","subtype":"engine","name":"handlebars","timestamp":1731245091196,"id":"8iwbna1z4i65x0t","previousEventId":"6yn0cqicu4z7g8n","operationId":"jbccmh5u3ufl9d5","previousOperationId":"756h0mv9b3p4mcg"}
{"type":"log","timestamp":1731245091196,"level":"debug","message":"Rendering engine handlebars","meta":{"rootId":"rknqpy5i6rarh7d","id":"rknqpy5i6rarh7d"},"id":"rsc7quzkbmcerhj","previousOperationId":"jbccmh5u3ufl9d5"}
{"type":"operationEnd","operationId":"jbccmh5u3ufl9d5","timestamp":1731245091211,"id":"6r5jwaicq64ekrc","previousEventId":"8iwbna1z4i65x0t","previousOperationId":"jbccmh5u3ufl9d5"}
{"type":"operationStart","subtype":"recipe","name":"html-to-xlsx","timestamp":1731245091213,"id":"knkk2dkfucroub5","previousEventId":"6r5jwaicq64ekrc","operationId":"aqj6qqivw1xq2u8","previousOperationId":"jbccmh5u3ufl9d5"}
{"type":"log","timestamp":1731245091213,"level":"debug","message":"Executing recipe html-to-xlsx","meta":{"rootId":"rknqpy5i6rarh7d","id":"rknqpy5i6rarh7d"},"id":"r9kurozuopt78c2","previousOperationId":"aqj6qqivw1xq2u8"}
{"type":"log","timestamp":1731245091213,"level":"info","message":"html-to-xlsx generation is starting","meta":{"rootId":"rknqpy5i6rarh7d","id":"rknqpy5i6rarh7d"},"id":"bbd8z2xvkwnpsyc","previousOperationId":"aqj6qqivw1xq2u8"}
{"type":"log","timestamp":1731245091931,"level":"info","message":"html-to-xlsx generation was finished","meta":{"rootId":"rknqpy5i6rarh7d","id":"rknqpy5i6rarh7d"},"id":"m3x1uyodvgxetgg","previousOperationId":"aqj6qqivw1xq2u8"}
{"type":"log","timestamp":1731245091931,"level":"debug","message":"preparing office preview","meta":{"rootId":"rknqpy5i6rarh7d","id":"rknqpy5i6rarh7d"},"id":"61ok2vmlnslth4a","previousOperationId":"aqj6qqivw1xq2u8"}
{"type":"operationEnd","operationId":"aqj6qqivw1xq2u8","timestamp":1731245092397,"id":"9jrxc7bdfmh4ofo","previousEventId":"knkk2dkfucroub5","previousOperationId":"aqj6qqivw1xq2u8"}
{"type":"log","timestamp":1731245092397,"level":"debug","message":"Skipping storing report.","meta":{"rootId":"rknqpy5i6rarh7d","id":"rknqpy5i6rarh7d"},"id":"pzzqn34b0sy5i12","previousOperationId":"aqj6qqivw1xq2u8"}
{"type":"log","timestamp":1731245092397,"level":"info","message":"Rendering request 64 finished in 1214 ms","meta":{"rootId":"rknqpy5i6rarh7d","id":"rknqpy5i6rarh7d"},"id":"jtsbc7miavkozrv","previousOperationId":"aqj6qqivw1xq2u8"}
{"type":"operationEnd","subtype":"render","operationId":"756h0mv9b3p4mcg","timestamp":1731245092397,"id":"q31ik9ramnuzn5a","previousEventId":"9jrxc7bdfmh4ofo","previousOperationId":"aqj6qqivw1xq2u8"}
{"type":"operationEnd","doDiffs":false,"previousEventId":"sje3qxphxuvhvng","previousOperationId":"y5q3bddv6z80wmf","operationId":"y5q3bddv6z80wmf","timestamp":1731245092399,"id":"78e9olsd3zsub8n"}
