{"type":"operationStart","subtype":"profile","data":{"_id":"qnOXCuehfTSzBU8y","timestamp":"2024-11-10T14:08:57.379Z","state":"queued","mode":"standard","creationDate":"2024-11-10T14:08:57.380Z","modificationDate":"2024-11-10T14:08:57.380Z","shortid":"eLQpqT1","inheritedReadPermissions":[],"inheritedEditPermissions":[],"$entitySet":"profiles"},"doDiffs":false,"timestamp":1731247737379,"id":"oo4e6qwd1vpkquo","previousOperationId":null,"operationId":"7lm6dn3boz9wwrm"}
{"type":"log","level":"info","message":"Render request 110 queued for execution and waiting for available worker","previousOperationId":"7lm6dn3boz9wwrm","timestamp":1731247737379,"id":"sbuqgxe11yt66pb"}
{"type":"operationStart","subtype":"render","name":"new-excl-template","previousOperationId":"7lm6dn3boz9wwrm","timestamp":1731247737387,"id":"fmul5x1scosd81c","previousEventId":"oo4e6qwd1vpkquo","operationId":"hihmul2lm4uumfc"}
{"type":"log","timestamp":1731247737387,"level":"info","message":"Starting rendering request 110 (user: admin)","meta":{"rootId":"ro93br98fdgou7z","id":"ro93br98fdgou7z"},"id":"9u2s32p670meag1","previousOperationId":"hihmul2lm4uumfc"}
{"type":"log","timestamp":1731247737387,"level":"info","message":"Rendering template { name: new-excl-template, recipe: html-to-xlsx, engine: handlebars, preview: true }","meta":{"rootId":"ro93br98fdgou7z","id":"ro93br98fdgou7z"},"id":"7tzwc8tswir5dj1","previousOperationId":"hihmul2lm4uumfc"}
{"type":"log","timestamp":1731247737388,"level":"debug","message":"Inline data specified.","meta":{"rootId":"ro93br98fdgou7z","id":"ro93br98fdgou7z"},"id":"zmcdqjxhjtomml8","previousOperationId":"hihmul2lm4uumfc"}
{"type":"log","timestamp":1731247737389,"level":"debug","message":"Base url not specified, skipping its injection.","meta":{"rootId":"ro93br98fdgou7z","id":"ro93br98fdgou7z"},"id":"es6p17m0ffjzdab","previousOperationId":"hihmul2lm4uumfc"}
{"type":"log","timestamp":1731247737390,"level":"debug","message":"Replaced assets [\"KhmerOSSiemreapRegular.ttf\"]","meta":{"rootId":"ro93br98fdgou7z","id":"ro93br98fdgou7z"},"id":"tnn8jdynyzk5zvp","previousOperationId":"hihmul2lm4uumfc"}
{"type":"operationStart","subtype":"engine","name":"handlebars","timestamp":1731247737391,"id":"bqhlrn8zp2jpegk","previousEventId":"fmul5x1scosd81c","operationId":"e0j7c77p0ly0fkg","previousOperationId":"hihmul2lm4uumfc"}
{"type":"log","timestamp":1731247737391,"level":"debug","message":"Rendering engine handlebars","meta":{"rootId":"ro93br98fdgou7z","id":"ro93br98fdgou7z"},"id":"ry8ytmbzghgvhvs","previousOperationId":"e0j7c77p0ly0fkg"}
{"type":"operationEnd","operationId":"e0j7c77p0ly0fkg","timestamp":1731247737403,"id":"17dh947urincwg2","previousEventId":"bqhlrn8zp2jpegk","previousOperationId":"e0j7c77p0ly0fkg"}
{"type":"operationStart","subtype":"recipe","name":"html-to-xlsx","timestamp":1731247737404,"id":"b0yj4w3yj39ub9k","previousEventId":"17dh947urincwg2","operationId":"k8222z83mxqbjdt","previousOperationId":"e0j7c77p0ly0fkg"}
{"type":"log","timestamp":1731247737404,"level":"debug","message":"Executing recipe html-to-xlsx","meta":{"rootId":"ro93br98fdgou7z","id":"ro93br98fdgou7z"},"id":"92v06gdgk7dl6kt","previousOperationId":"k8222z83mxqbjdt"}
{"type":"log","timestamp":1731247737405,"level":"info","message":"html-to-xlsx generation is starting","meta":{"rootId":"ro93br98fdgou7z","id":"ro93br98fdgou7z"},"id":"2ld3snf5sn1kikn","previousOperationId":"k8222z83mxqbjdt"}
{"type":"log","timestamp":1731247737975,"level":"info","message":"html-to-xlsx generation was finished","meta":{"rootId":"ro93br98fdgou7z","id":"ro93br98fdgou7z"},"id":"nlnwll26i43rvhv","previousOperationId":"k8222z83mxqbjdt"}
{"type":"log","timestamp":1731247737975,"level":"debug","message":"preparing office preview","meta":{"rootId":"ro93br98fdgou7z","id":"ro93br98fdgou7z"},"id":"7zne25256w9xeuc","previousOperationId":"k8222z83mxqbjdt"}
{"type":"operationEnd","operationId":"k8222z83mxqbjdt","timestamp":1731247738422,"id":"y60p97ullz2t6yg","previousEventId":"b0yj4w3yj39ub9k","previousOperationId":"k8222z83mxqbjdt"}
{"type":"log","timestamp":1731247738422,"level":"debug","message":"Skipping storing report.","meta":{"rootId":"ro93br98fdgou7z","id":"ro93br98fdgou7z"},"id":"8m6l17erta0ed4k","previousOperationId":"k8222z83mxqbjdt"}
{"type":"log","timestamp":1731247738422,"level":"info","message":"Rendering request 110 finished in 1043 ms","meta":{"rootId":"ro93br98fdgou7z","id":"ro93br98fdgou7z"},"id":"zvwru0flp2uy3pt","previousOperationId":"k8222z83mxqbjdt"}
{"type":"operationEnd","subtype":"render","operationId":"hihmul2lm4uumfc","timestamp":1731247738422,"id":"39mi9eqhtfbp293","previousEventId":"y60p97ullz2t6yg","previousOperationId":"k8222z83mxqbjdt"}
{"type":"operationEnd","doDiffs":false,"previousEventId":"oo4e6qwd1vpkquo","previousOperationId":"7lm6dn3boz9wwrm","operationId":"7lm6dn3boz9wwrm","timestamp":1731247738424,"id":"2c2o36dw8yu77i8"}
