{"type":"operationStart","subtype":"profile","data":{"_id":"q7u0K77LSELdJRxq","timestamp":"2024-11-10T14:41:42.566Z","state":"queued","mode":"standard","creationDate":"2024-11-10T14:41:42.568Z","modificationDate":"2024-11-10T14:41:42.568Z","shortid":"OHQaKLx","inheritedReadPermissions":[],"inheritedEditPermissions":[],"$entitySet":"profiles"},"doDiffs":false,"timestamp":1731249702567,"id":"dvisuo3b11wh1di","previousOperationId":null,"operationId":"e7hrjci1c20s63d"}
{"type":"log","level":"info","message":"Render request 161 queued for execution and waiting for available worker","previousOperationId":"e7hrjci1c20s63d","timestamp":1731249702567,"id":"r290dfawn5t64y3"}
{"type":"operationStart","subtype":"render","name":"new-excl-template","previousOperationId":"e7hrjci1c20s63d","timestamp":1731249702574,"id":"5pbfa135ia7pubj","previousEventId":"dvisuo3b11wh1di","operationId":"kzbqqgdk3u0x3ah"}
{"type":"log","timestamp":1731249702574,"level":"info","message":"Starting rendering request 161 (user: admin)","meta":{"rootId":"rxxcn49pw78fpvh","id":"rxxcn49pw78fpvh"},"id":"j8eqxz9azhvyw0b","previousOperationId":"kzbqqgdk3u0x3ah"}
{"type":"log","timestamp":1731249702574,"level":"info","message":"Rendering template { name: new-excl-template, recipe: html-to-xlsx, engine: handlebars, preview: true }","meta":{"rootId":"rxxcn49pw78fpvh","id":"rxxcn49pw78fpvh"},"id":"ig8vhq43guzzto7","previousOperationId":"kzbqqgdk3u0x3ah"}
{"type":"log","timestamp":1731249702574,"level":"debug","message":"Inline data specified.","meta":{"rootId":"rxxcn49pw78fpvh","id":"rxxcn49pw78fpvh"},"id":"qsp2flx9u20bjpt","previousOperationId":"kzbqqgdk3u0x3ah"}
{"type":"log","timestamp":1731249702576,"level":"debug","message":"Base url not specified, skipping its injection.","meta":{"rootId":"rxxcn49pw78fpvh","id":"rxxcn49pw78fpvh"},"id":"68762r74tzqvvw7","previousOperationId":"kzbqqgdk3u0x3ah"}
{"type":"log","timestamp":1731249702578,"level":"debug","message":"Replaced assets [\"KhmerOSSiemreapRegular.ttf\"]","meta":{"rootId":"rxxcn49pw78fpvh","id":"rxxcn49pw78fpvh"},"id":"kk9a2j0cvshyea4","previousOperationId":"kzbqqgdk3u0x3ah"}
{"type":"operationStart","subtype":"engine","name":"handlebars","timestamp":1731249702578,"id":"2vxsty87d2wu1rv","previousEventId":"5pbfa135ia7pubj","operationId":"ne1h36gw2y1z30c","previousOperationId":"kzbqqgdk3u0x3ah"}
{"type":"log","timestamp":1731249702578,"level":"debug","message":"Rendering engine handlebars","meta":{"rootId":"rxxcn49pw78fpvh","id":"rxxcn49pw78fpvh"},"id":"4m0arbdzkjqnuyp","previousOperationId":"ne1h36gw2y1z30c"}
{"type":"operationEnd","operationId":"ne1h36gw2y1z30c","timestamp":1731249702587,"id":"9fzf0wnropz58ki","previousEventId":"2vxsty87d2wu1rv","previousOperationId":"ne1h36gw2y1z30c"}
{"type":"operationStart","subtype":"recipe","name":"html-to-xlsx","timestamp":1731249702589,"id":"m7q029jgwte6mk6","previousEventId":"9fzf0wnropz58ki","operationId":"pyxyz2memzqhd67","previousOperationId":"ne1h36gw2y1z30c"}
{"type":"log","timestamp":1731249702589,"level":"debug","message":"Executing recipe html-to-xlsx","meta":{"rootId":"rxxcn49pw78fpvh","id":"rxxcn49pw78fpvh"},"id":"ejqgm67tk41mevx","previousOperationId":"pyxyz2memzqhd67"}
{"type":"log","timestamp":1731249702589,"level":"info","message":"html-to-xlsx generation is starting","meta":{"rootId":"rxxcn49pw78fpvh","id":"rxxcn49pw78fpvh"},"id":"9h2ghjzvvhoqyxf","previousOperationId":"pyxyz2memzqhd67"}
{"type":"log","timestamp":1731249703272,"level":"info","message":"html-to-xlsx generation was finished","meta":{"rootId":"rxxcn49pw78fpvh","id":"rxxcn49pw78fpvh"},"id":"6mcuyen702ybwlr","previousOperationId":"pyxyz2memzqhd67"}
{"type":"log","timestamp":1731249703272,"level":"debug","message":"preparing office preview","meta":{"rootId":"rxxcn49pw78fpvh","id":"rxxcn49pw78fpvh"},"id":"mcrg8nmr9ifszge","previousOperationId":"pyxyz2memzqhd67"}
{"type":"operationEnd","operationId":"pyxyz2memzqhd67","timestamp":1731249703721,"id":"zg3xaf4xee7zxbc","previousEventId":"m7q029jgwte6mk6","previousOperationId":"pyxyz2memzqhd67"}
{"type":"log","timestamp":1731249703721,"level":"debug","message":"Skipping storing report.","meta":{"rootId":"rxxcn49pw78fpvh","id":"rxxcn49pw78fpvh"},"id":"q3u4z13ktp2leq9","previousOperationId":"pyxyz2memzqhd67"}
{"type":"log","timestamp":1731249703721,"level":"info","message":"Rendering request 161 finished in 1155 ms","meta":{"rootId":"rxxcn49pw78fpvh","id":"rxxcn49pw78fpvh"},"id":"xfzuudx3762km1p","previousOperationId":"pyxyz2memzqhd67"}
{"type":"operationEnd","subtype":"render","operationId":"kzbqqgdk3u0x3ah","timestamp":1731249703721,"id":"1zhj0scxa3bpj1i","previousEventId":"zg3xaf4xee7zxbc","previousOperationId":"pyxyz2memzqhd67"}
{"type":"operationEnd","doDiffs":false,"previousEventId":"dvisuo3b11wh1di","previousOperationId":"e7hrjci1c20s63d","operationId":"e7hrjci1c20s63d","timestamp":1731249703724,"id":"cb1jwllkfj827q9"}
