{"type":"operationStart","subtype":"profile","data":{"_id":"Y1zN1wHQbzfILWb2","timestamp":"2024-11-10T14:14:25.331Z","state":"queued","mode":"standard","creationDate":"2024-11-10T14:14:25.332Z","modificationDate":"2024-11-10T14:14:25.332Z","shortid":"I9gVf18","inheritedReadPermissions":[],"inheritedEditPermissions":[],"$entitySet":"profiles"},"doDiffs":false,"timestamp":1731248065332,"id":"k56plicrjd4tma5","previousOperationId":null,"operationId":"70jtrq7slnh6fum"}
{"type":"log","level":"info","message":"Render request 122 queued for execution and waiting for available worker","previousOperationId":"70jtrq7slnh6fum","timestamp":1731248065332,"id":"bteshupfte4p4vi"}
{"type":"operationStart","subtype":"render","name":"new-excl-template","previousOperationId":"70jtrq7slnh6fum","timestamp":1731248065340,"id":"jxv5l95um22a68a","previousEventId":"k56plicrjd4tma5","operationId":"1jph5ze6ab6c843"}
{"type":"log","timestamp":1731248065340,"level":"info","message":"Starting rendering request 122 (user: admin)","meta":{"rootId":"rzvvx1gmpkw4dyc","id":"rzvvx1gmpkw4dyc"},"id":"rumft1s2vdfalwt","previousOperationId":"1jph5ze6ab6c843"}
{"type":"log","timestamp":1731248065340,"level":"info","message":"Rendering template { name: new-excl-template, recipe: html-to-xlsx, engine: handlebars, preview: true }","meta":{"rootId":"rzvvx1gmpkw4dyc","id":"rzvvx1gmpkw4dyc"},"id":"d55la7z5qk7hswk","previousOperationId":"1jph5ze6ab6c843"}
{"type":"log","timestamp":1731248065341,"level":"debug","message":"Inline data specified.","meta":{"rootId":"rzvvx1gmpkw4dyc","id":"rzvvx1gmpkw4dyc"},"id":"f3c6ipstzed165n","previousOperationId":"1jph5ze6ab6c843"}
{"type":"log","timestamp":1731248065342,"level":"debug","message":"Base url not specified, skipping its injection.","meta":{"rootId":"rzvvx1gmpkw4dyc","id":"rzvvx1gmpkw4dyc"},"id":"cqu0pswgo6atdfj","previousOperationId":"1jph5ze6ab6c843"}
{"type":"log","timestamp":1731248065344,"level":"debug","message":"Replaced assets [\"KhmerOSSiemreapRegular.ttf\"]","meta":{"rootId":"rzvvx1gmpkw4dyc","id":"rzvvx1gmpkw4dyc"},"id":"clmdjripu1caqi1","previousOperationId":"1jph5ze6ab6c843"}
{"type":"operationStart","subtype":"engine","name":"handlebars","timestamp":1731248065344,"id":"r94umiatjmk6lah","previousEventId":"jxv5l95um22a68a","operationId":"zh8mzbgako2tg90","previousOperationId":"1jph5ze6ab6c843"}
{"type":"log","timestamp":1731248065344,"level":"debug","message":"Rendering engine handlebars","meta":{"rootId":"rzvvx1gmpkw4dyc","id":"rzvvx1gmpkw4dyc"},"id":"cg0ksg4cc1pm5rq","previousOperationId":"zh8mzbgako2tg90"}
{"type":"operationEnd","operationId":"zh8mzbgako2tg90","timestamp":1731248065354,"id":"gpf8xeb80lkm1y2","previousEventId":"r94umiatjmk6lah","previousOperationId":"zh8mzbgako2tg90"}
{"type":"operationStart","subtype":"recipe","name":"html-to-xlsx","timestamp":1731248065356,"id":"edit2vntnb1mpek","previousEventId":"gpf8xeb80lkm1y2","operationId":"kkzqjkkkgqnfzml","previousOperationId":"zh8mzbgako2tg90"}
{"type":"log","timestamp":1731248065356,"level":"debug","message":"Executing recipe html-to-xlsx","meta":{"rootId":"rzvvx1gmpkw4dyc","id":"rzvvx1gmpkw4dyc"},"id":"k0juawxhpzpov21","previousOperationId":"kkzqjkkkgqnfzml"}
{"type":"log","timestamp":1731248065356,"level":"info","message":"html-to-xlsx generation is starting","meta":{"rootId":"rzvvx1gmpkw4dyc","id":"rzvvx1gmpkw4dyc"},"id":"s4lwaoqmbla4tkz","previousOperationId":"kkzqjkkkgqnfzml"}
{"type":"log","timestamp":1731248065967,"level":"info","message":"html-to-xlsx generation was finished","meta":{"rootId":"rzvvx1gmpkw4dyc","id":"rzvvx1gmpkw4dyc"},"id":"0d3we5ge2z9mtpj","previousOperationId":"kkzqjkkkgqnfzml"}
{"type":"log","timestamp":1731248065967,"level":"debug","message":"preparing office preview","meta":{"rootId":"rzvvx1gmpkw4dyc","id":"rzvvx1gmpkw4dyc"},"id":"j7ebp34ck7tvvri","previousOperationId":"kkzqjkkkgqnfzml"}
{"type":"operationEnd","operationId":"kkzqjkkkgqnfzml","timestamp":1731248066415,"id":"sgl4dubk93oifjo","previousEventId":"edit2vntnb1mpek","previousOperationId":"kkzqjkkkgqnfzml"}
{"type":"log","timestamp":1731248066415,"level":"debug","message":"Skipping storing report.","meta":{"rootId":"rzvvx1gmpkw4dyc","id":"rzvvx1gmpkw4dyc"},"id":"p698wwm4bou5p2m","previousOperationId":"kkzqjkkkgqnfzml"}
{"type":"log","timestamp":1731248066415,"level":"info","message":"Rendering request 122 finished in 1084 ms","meta":{"rootId":"rzvvx1gmpkw4dyc","id":"rzvvx1gmpkw4dyc"},"id":"y1h4zrcgqhbj7ym","previousOperationId":"kkzqjkkkgqnfzml"}
{"type":"operationEnd","subtype":"render","operationId":"1jph5ze6ab6c843","timestamp":1731248066415,"id":"9cez8ndhboumh4w","previousEventId":"sgl4dubk93oifjo","previousOperationId":"kkzqjkkkgqnfzml"}
{"type":"operationEnd","doDiffs":false,"previousEventId":"k56plicrjd4tma5","previousOperationId":"70jtrq7slnh6fum","operationId":"70jtrq7slnh6fum","timestamp":1731248066417,"id":"3be4nr6kyp49jw0"}
