{"type":"operationStart","subtype":"profile","data":{"_id":"qdvzIqs7rzDSlUNI","timestamp":"2024-11-10T10:01:57.814Z","state":"queued","mode":"standard","creationDate":"2024-11-10T10:01:57.816Z","modificationDate":"2024-11-10T10:01:57.816Z","shortid":"UZdOB4x","inheritedReadPermissions":[],"inheritedEditPermissions":[],"$entitySet":"profiles"},"doDiffs":false,"timestamp":1731232917815,"id":"082dinvqactypvs","previousOperationId":null,"operationId":"44z1vg0g0n7vbwz"}
{"type":"log","level":"info","message":"Render request 287 queued for execution and waiting for available worker","previousOperationId":"44z1vg0g0n7vbwz","timestamp":1731232917815,"id":"3bjy695xkndjj28"}
{"type":"operationStart","subtype":"render","name":"new-excl-template","previousOperationId":"44z1vg0g0n7vbwz","timestamp":1731232917824,"id":"6n1omgqjz134eu3","previousEventId":"082dinvqactypvs","operationId":"nbq8bt61mlslnq7"}
{"type":"log","timestamp":1731232917824,"level":"info","message":"Starting rendering request 287 (user: admin)","meta":{"rootId":"s7o3be0y63pl0f0","id":"s7o3be0y63pl0f0"},"id":"3nw1nwjo4f1lst9","previousOperationId":"nbq8bt61mlslnq7"}
{"type":"log","timestamp":1731232917824,"level":"info","message":"Rendering template { name: new-excl-template, recipe: html-to-xlsx, engine: handlebars, preview: true }","meta":{"rootId":"s7o3be0y63pl0f0","id":"s7o3be0y63pl0f0"},"id":"08rv29qsnbxbiw7","previousOperationId":"nbq8bt61mlslnq7"}
{"type":"log","timestamp":1731232917825,"level":"debug","message":"Adding sample data pVkbCM7am","meta":{"rootId":"s7o3be0y63pl0f0","id":"s7o3be0y63pl0f0"},"id":"qy23jspyndekydk","previousOperationId":"nbq8bt61mlslnq7"}
{"type":"log","timestamp":1731232917826,"level":"debug","message":"Base url not specified, skipping its injection.","meta":{"rootId":"s7o3be0y63pl0f0","id":"s7o3be0y63pl0f0"},"id":"lv2f5nbnsyysu94","previousOperationId":"nbq8bt61mlslnq7"}
{"type":"log","timestamp":1731232917828,"level":"debug","message":"Replaced assets [\"KhmerOSSiemreapRegular.ttf\"]","meta":{"rootId":"s7o3be0y63pl0f0","id":"s7o3be0y63pl0f0"},"id":"7xh7sahuy8ivaso","previousOperationId":"nbq8bt61mlslnq7"}
{"type":"operationStart","subtype":"engine","name":"handlebars","timestamp":1731232917828,"id":"vxmt8tdwfyfowbl","previousEventId":"6n1omgqjz134eu3","operationId":"obzm5bz12vp88oc","previousOperationId":"nbq8bt61mlslnq7"}
{"type":"log","timestamp":1731232917828,"level":"debug","message":"Rendering engine handlebars","meta":{"rootId":"s7o3be0y63pl0f0","id":"s7o3be0y63pl0f0"},"id":"qgwsmitheay8h5o","previousOperationId":"obzm5bz12vp88oc"}
{"type":"operationEnd","operationId":"obzm5bz12vp88oc","timestamp":1731232917837,"id":"iytwo74z29qzpwx","previousEventId":"vxmt8tdwfyfowbl","previousOperationId":"obzm5bz12vp88oc"}
{"type":"operationStart","subtype":"recipe","name":"html-to-xlsx","timestamp":1731232917839,"id":"zike176ufmn4ea2","previousEventId":"iytwo74z29qzpwx","operationId":"m13bhnbzx8fdmks","previousOperationId":"obzm5bz12vp88oc"}
{"type":"log","timestamp":1731232917839,"level":"debug","message":"Executing recipe html-to-xlsx","meta":{"rootId":"s7o3be0y63pl0f0","id":"s7o3be0y63pl0f0"},"id":"d302ionyvomisqo","previousOperationId":"m13bhnbzx8fdmks"}
{"type":"log","timestamp":1731232917839,"level":"info","message":"html-to-xlsx generation is starting","meta":{"rootId":"s7o3be0y63pl0f0","id":"s7o3be0y63pl0f0"},"id":"btjl1i1et17kia3","previousOperationId":"m13bhnbzx8fdmks"}
{"type":"log","timestamp":1731232918464,"level":"info","message":"html-to-xlsx generation was finished","meta":{"rootId":"s7o3be0y63pl0f0","id":"s7o3be0y63pl0f0"},"id":"c26ujtz5v1x2kld","previousOperationId":"m13bhnbzx8fdmks"}
{"type":"log","timestamp":1731232918464,"level":"debug","message":"preparing office preview","meta":{"rootId":"s7o3be0y63pl0f0","id":"s7o3be0y63pl0f0"},"id":"t5wujyikc4t578g","previousOperationId":"m13bhnbzx8fdmks"}
{"type":"operationEnd","operationId":"m13bhnbzx8fdmks","timestamp":1731232918909,"id":"fsv1v54sq9odj26","previousEventId":"zike176ufmn4ea2","previousOperationId":"m13bhnbzx8fdmks"}
{"type":"log","timestamp":1731232918909,"level":"debug","message":"Skipping storing report.","meta":{"rootId":"s7o3be0y63pl0f0","id":"s7o3be0y63pl0f0"},"id":"oh07q2041s8pgg2","previousOperationId":"m13bhnbzx8fdmks"}
{"type":"log","timestamp":1731232918909,"level":"info","message":"Rendering request 287 finished in 1095 ms","meta":{"rootId":"s7o3be0y63pl0f0","id":"s7o3be0y63pl0f0"},"id":"qtprsmvs806acq1","previousOperationId":"m13bhnbzx8fdmks"}
{"type":"operationEnd","subtype":"render","operationId":"nbq8bt61mlslnq7","timestamp":1731232918909,"id":"qybkmde0lv93wf3","previousEventId":"fsv1v54sq9odj26","previousOperationId":"m13bhnbzx8fdmks"}
{"type":"operationEnd","doDiffs":false,"previousEventId":"082dinvqactypvs","previousOperationId":"44z1vg0g0n7vbwz","operationId":"44z1vg0g0n7vbwz","timestamp":1731232918911,"id":"c7okw340q20mxds"}
