{"type":"operationStart","subtype":"profile","data":{"_id":"QNSDnMHbNEdsaM78","timestamp":"2024-11-10T13:20:02.509Z","state":"queued","mode":"standard","creationDate":"2024-11-10T13:20:02.511Z","modificationDate":"2024-11-10T13:20:02.511Z","shortid":"ymn9izb","inheritedReadPermissions":[],"inheritedEditPermissions":[],"$entitySet":"profiles"},"doDiffs":false,"timestamp":1731244802510,"id":"qql4gjrha7ripav","previousOperationId":null,"operationId":"35k8t11uz4phga8"}
{"type":"log","level":"info","message":"Render request 44 queued for execution and waiting for available worker","previousOperationId":"35k8t11uz4phga8","timestamp":1731244802510,"id":"54prbhwm8wosquv"}
{"type":"operationStart","subtype":"render","name":"new-excl-template","previousOperationId":"35k8t11uz4phga8","timestamp":1731244802519,"id":"q87s5pwd97kq4ch","previousEventId":"qql4gjrha7ripav","operationId":"tzdr8wtr055wwub"}
{"type":"log","timestamp":1731244802519,"level":"info","message":"Starting rendering request 44 (user: admin)","meta":{"rootId":"sciw9ldtrpp2szn","id":"sciw9ldtrpp2szn"},"id":"jeydj6ixu4voswi","previousOperationId":"tzdr8wtr055wwub"}
{"type":"log","timestamp":1731244802519,"level":"info","message":"Rendering template { name: new-excl-template, recipe: html-to-xlsx, engine: handlebars, preview: true }","meta":{"rootId":"sciw9ldtrpp2szn","id":"sciw9ldtrpp2szn"},"id":"wioyrzhjcyc9rdd","previousOperationId":"tzdr8wtr055wwub"}
{"type":"log","timestamp":1731244802519,"level":"debug","message":"Inline data specified.","meta":{"rootId":"sciw9ldtrpp2szn","id":"sciw9ldtrpp2szn"},"id":"5u5vtonsgzz7r14","previousOperationId":"tzdr8wtr055wwub"}
{"type":"log","timestamp":1731244802520,"level":"debug","message":"Base url not specified, skipping its injection.","meta":{"rootId":"sciw9ldtrpp2szn","id":"sciw9ldtrpp2szn"},"id":"p9mpfbilx769aql","previousOperationId":"tzdr8wtr055wwub"}
{"type":"log","timestamp":1731244802521,"level":"debug","message":"Replaced assets [\"KhmerOSSiemreapRegular.ttf\"]","meta":{"rootId":"sciw9ldtrpp2szn","id":"sciw9ldtrpp2szn"},"id":"gcnewvfeprvlnrb","previousOperationId":"tzdr8wtr055wwub"}
{"type":"operationStart","subtype":"engine","name":"handlebars","timestamp":1731244802521,"id":"yfpuv96rc83a8wo","previousEventId":"q87s5pwd97kq4ch","operationId":"2n31mjra0yb0lym","previousOperationId":"tzdr8wtr055wwub"}
{"type":"log","timestamp":1731244802521,"level":"debug","message":"Rendering engine handlebars","meta":{"rootId":"sciw9ldtrpp2szn","id":"sciw9ldtrpp2szn"},"id":"g9ct2rq2fq12z6k","previousOperationId":"2n31mjra0yb0lym"}
{"type":"operationEnd","operationId":"2n31mjra0yb0lym","timestamp":1731244802533,"id":"pktk7ha0re0cwpr","previousEventId":"yfpuv96rc83a8wo","previousOperationId":"2n31mjra0yb0lym"}
{"type":"operationStart","subtype":"recipe","name":"html-to-xlsx","timestamp":1731244802535,"id":"a3a4yeczl7qngj3","previousEventId":"pktk7ha0re0cwpr","operationId":"phzpco7q5yrcg5m","previousOperationId":"2n31mjra0yb0lym"}
{"type":"log","timestamp":1731244802535,"level":"debug","message":"Executing recipe html-to-xlsx","meta":{"rootId":"sciw9ldtrpp2szn","id":"sciw9ldtrpp2szn"},"id":"um6v8fud9qnenq8","previousOperationId":"phzpco7q5yrcg5m"}
{"type":"log","timestamp":1731244802535,"level":"info","message":"html-to-xlsx generation is starting","meta":{"rootId":"sciw9ldtrpp2szn","id":"sciw9ldtrpp2szn"},"id":"kicji7jqt9pr8c0","previousOperationId":"phzpco7q5yrcg5m"}
{"type":"log","timestamp":1731244803208,"level":"info","message":"html-to-xlsx generation was finished","meta":{"rootId":"sciw9ldtrpp2szn","id":"sciw9ldtrpp2szn"},"id":"dlkg8ywuzd09k3t","previousOperationId":"phzpco7q5yrcg5m"}
{"type":"log","timestamp":1731244803209,"level":"debug","message":"preparing office preview","meta":{"rootId":"sciw9ldtrpp2szn","id":"sciw9ldtrpp2szn"},"id":"5wquxeozz2etl3o","previousOperationId":"phzpco7q5yrcg5m"}
{"type":"operationEnd","operationId":"phzpco7q5yrcg5m","timestamp":1731244803768,"id":"19nbek93mz83ntd","previousEventId":"a3a4yeczl7qngj3","previousOperationId":"phzpco7q5yrcg5m"}
{"type":"log","timestamp":1731244803768,"level":"debug","message":"Skipping storing report.","meta":{"rootId":"sciw9ldtrpp2szn","id":"sciw9ldtrpp2szn"},"id":"wwixfzqlwwbkadt","previousOperationId":"phzpco7q5yrcg5m"}
{"type":"log","timestamp":1731244803768,"level":"info","message":"Rendering request 44 finished in 1259 ms","meta":{"rootId":"sciw9ldtrpp2szn","id":"sciw9ldtrpp2szn"},"id":"4pgzjyr3f7osglz","previousOperationId":"phzpco7q5yrcg5m"}
{"type":"operationEnd","subtype":"render","operationId":"tzdr8wtr055wwub","timestamp":1731244803768,"id":"nia9y5jtnopb24m","previousEventId":"19nbek93mz83ntd","previousOperationId":"phzpco7q5yrcg5m"}
{"type":"operationEnd","doDiffs":false,"previousEventId":"qql4gjrha7ripav","previousOperationId":"35k8t11uz4phga8","operationId":"35k8t11uz4phga8","timestamp":1731244803771,"id":"ble1ost6dujj28t"}
