{"type":"operationStart","subtype":"profile","data":{"_id":"4QC4mIWDmBZkDtT5","timestamp":"2024-11-10T09:20:17.369Z","state":"queued","mode":"standard","creationDate":"2024-11-10T09:20:17.371Z","modificationDate":"2024-11-10T09:20:17.371Z","shortid":"JF7-pv7","inheritedReadPermissions":[],"inheritedEditPermissions":[],"$entitySet":"profiles"},"doDiffs":false,"timestamp":1731230417370,"id":"x6x9kms1eqodee1","previousOperationId":null,"operationId":"pbl9u7ab6vt1hzv"}
{"type":"log","level":"info","message":"Render request 204 queued for execution and waiting for available worker","previousOperationId":"pbl9u7ab6vt1hzv","timestamp":1731230417370,"id":"iuut2ud86sn8cd4"}
{"type":"operationStart","subtype":"render","name":"new-excl-template","previousOperationId":"pbl9u7ab6vt1hzv","timestamp":1731230417381,"id":"i3op3buxz2u1x77","previousEventId":"x6x9kms1eqodee1","operationId":"lugrppp1dfbzmx2"}
{"type":"log","timestamp":1731230417381,"level":"info","message":"Starting rendering request 204 (user: admin)","meta":{"rootId":"sd2hjckzkkkb3is","id":"sd2hjckzkkkb3is"},"id":"99n2hvvde02mn0n","previousOperationId":"lugrppp1dfbzmx2"}
{"type":"log","timestamp":1731230417381,"level":"info","message":"Rendering template { name: new-excl-template, recipe: html-to-xlsx, engine: handlebars, preview: true }","meta":{"rootId":"sd2hjckzkkkb3is","id":"sd2hjckzkkkb3is"},"id":"gzleoxl5m47txdo","previousOperationId":"lugrppp1dfbzmx2"}
{"type":"log","timestamp":1731230417382,"level":"debug","message":"Inline data specified.","meta":{"rootId":"sd2hjckzkkkb3is","id":"sd2hjckzkkkb3is"},"id":"dmu3ab4340g9j4k","previousOperationId":"lugrppp1dfbzmx2"}
{"type":"log","timestamp":1731230417383,"level":"debug","message":"Base url not specified, skipping its injection.","meta":{"rootId":"sd2hjckzkkkb3is","id":"sd2hjckzkkkb3is"},"id":"o9zr3dflp3fbe3l","previousOperationId":"lugrppp1dfbzmx2"}
{"type":"operationStart","subtype":"engine","name":"handlebars","timestamp":1731230417383,"id":"zfru08iqp1m9pqw","previousEventId":"i3op3buxz2u1x77","operationId":"yeplgsst8egscpq","previousOperationId":"lugrppp1dfbzmx2"}
{"type":"log","timestamp":1731230417383,"level":"debug","message":"Rendering engine handlebars","meta":{"rootId":"sd2hjckzkkkb3is","id":"sd2hjckzkkkb3is"},"id":"nafgmkzmfg43zx0","previousOperationId":"yeplgsst8egscpq"}
{"type":"operationEnd","operationId":"yeplgsst8egscpq","timestamp":1731230417399,"id":"r78ee2xmrq0onac","previousEventId":"zfru08iqp1m9pqw","previousOperationId":"yeplgsst8egscpq"}
{"type":"operationStart","subtype":"recipe","name":"html-to-xlsx","timestamp":1731230417402,"id":"d60pb25bgkce3b9","previousEventId":"r78ee2xmrq0onac","operationId":"8boeurdzweuslx0","previousOperationId":"yeplgsst8egscpq"}
{"type":"log","timestamp":1731230417402,"level":"debug","message":"Executing recipe html-to-xlsx","meta":{"rootId":"sd2hjckzkkkb3is","id":"sd2hjckzkkkb3is"},"id":"jvwnyr730zv8zdj","previousOperationId":"8boeurdzweuslx0"}
{"type":"log","timestamp":1731230417402,"level":"info","message":"html-to-xlsx generation is starting","meta":{"rootId":"sd2hjckzkkkb3is","id":"sd2hjckzkkkb3is"},"id":"zioz7jugskeozdm","previousOperationId":"8boeurdzweuslx0"}
{"type":"log","timestamp":1731230418666,"level":"info","message":"html-to-xlsx generation was finished","meta":{"rootId":"sd2hjckzkkkb3is","id":"sd2hjckzkkkb3is"},"id":"kbo6owsst2ay9tt","previousOperationId":"8boeurdzweuslx0"}
{"type":"log","timestamp":1731230418666,"level":"debug","message":"preparing office preview","meta":{"rootId":"sd2hjckzkkkb3is","id":"sd2hjckzkkkb3is"},"id":"s5vyyzb0yamsy1v","previousOperationId":"8boeurdzweuslx0"}
{"type":"operationEnd","operationId":"8boeurdzweuslx0","timestamp":1731230419340,"id":"iishibemi57gohp","previousEventId":"d60pb25bgkce3b9","previousOperationId":"8boeurdzweuslx0"}
{"type":"log","timestamp":1731230419340,"level":"debug","message":"Skipping storing report.","meta":{"rootId":"sd2hjckzkkkb3is","id":"sd2hjckzkkkb3is"},"id":"2a343m38097knbu","previousOperationId":"8boeurdzweuslx0"}
{"type":"log","timestamp":1731230419340,"level":"info","message":"Rendering request 204 finished in 1972 ms","meta":{"rootId":"sd2hjckzkkkb3is","id":"sd2hjckzkkkb3is"},"id":"pp7ho4aprqoyq4u","previousOperationId":"8boeurdzweuslx0"}
{"type":"operationEnd","subtype":"render","operationId":"lugrppp1dfbzmx2","timestamp":1731230419340,"id":"chz41023v59gju9","previousEventId":"iishibemi57gohp","previousOperationId":"8boeurdzweuslx0"}
{"type":"operationEnd","doDiffs":false,"previousEventId":"x6x9kms1eqodee1","previousOperationId":"pbl9u7ab6vt1hzv","operationId":"pbl9u7ab6vt1hzv","timestamp":1731230419342,"id":"jopn0cqr3kjphcl"}
