{"type":"operationStart","subtype":"profile","data":{"_id":"PztnYuBtWXjve8WB","timestamp":"2024-11-10T13:07:49.310Z","state":"queued","mode":"standard","creationDate":"2024-11-10T13:07:49.311Z","modificationDate":"2024-11-10T13:07:49.311Z","shortid":"fAFlQcr","inheritedReadPermissions":[],"inheritedEditPermissions":[],"$entitySet":"profiles"},"doDiffs":false,"timestamp":1731244069311,"id":"yusj4ulpr4qfga0","previousOperationId":null,"operationId":"yiti11bgtlkwip3"}
{"type":"log","level":"info","message":"Render request 13 queued for execution and waiting for available worker","previousOperationId":"yiti11bgtlkwip3","timestamp":1731244069311,"id":"ugg2s3le0bzm4ng"}
{"type":"operationStart","subtype":"render","name":"new-excl-template","previousOperationId":"yiti11bgtlkwip3","timestamp":1731244069320,"id":"v4yhzh3822pvfyt","previousEventId":"yusj4ulpr4qfga0","operationId":"qv90arcra7rap2f"}
{"type":"log","timestamp":1731244069320,"level":"info","message":"Starting rendering request 13 (user: admin)","meta":{"rootId":"sl7rr0km9rbhuh2","id":"sl7rr0km9rbhuh2"},"id":"jfc1hp4pj5gavye","previousOperationId":"qv90arcra7rap2f"}
{"type":"log","timestamp":1731244069321,"level":"info","message":"Rendering template { name: new-excl-template, recipe: html-to-xlsx, engine: handlebars, preview: true }","meta":{"rootId":"sl7rr0km9rbhuh2","id":"sl7rr0km9rbhuh2"},"id":"judl8izfpzxjqzh","previousOperationId":"qv90arcra7rap2f"}
{"type":"log","timestamp":1731244069321,"level":"debug","message":"Adding sample data pVkbCM7am","meta":{"rootId":"sl7rr0km9rbhuh2","id":"sl7rr0km9rbhuh2"},"id":"e6yfp6yb0x6g6s1","previousOperationId":"qv90arcra7rap2f"}
{"type":"log","timestamp":1731244069322,"level":"debug","message":"Base url not specified, skipping its injection.","meta":{"rootId":"sl7rr0km9rbhuh2","id":"sl7rr0km9rbhuh2"},"id":"nz2gbtd5cwqs09o","previousOperationId":"qv90arcra7rap2f"}
{"type":"log","timestamp":1731244069324,"level":"debug","message":"Replaced assets [\"KhmerOSSiemreapRegular.ttf\"]","meta":{"rootId":"sl7rr0km9rbhuh2","id":"sl7rr0km9rbhuh2"},"id":"iu05bck0lv4yp6f","previousOperationId":"qv90arcra7rap2f"}
{"type":"operationStart","subtype":"engine","name":"handlebars","timestamp":1731244069324,"id":"a0ng7cqdqo94090","previousEventId":"v4yhzh3822pvfyt","operationId":"zxh5y6xqjop5uo6","previousOperationId":"qv90arcra7rap2f"}
{"type":"log","timestamp":1731244069324,"level":"debug","message":"Rendering engine handlebars","meta":{"rootId":"sl7rr0km9rbhuh2","id":"sl7rr0km9rbhuh2"},"id":"67n6fguoyi4fb53","previousOperationId":"zxh5y6xqjop5uo6"}
{"type":"operationEnd","operationId":"zxh5y6xqjop5uo6","timestamp":1731244069335,"id":"3dy4mtctd1xrm9v","previousEventId":"a0ng7cqdqo94090","previousOperationId":"zxh5y6xqjop5uo6"}
{"type":"operationStart","subtype":"recipe","name":"html-to-xlsx","timestamp":1731244069336,"id":"j8nvai7st9b70yg","previousEventId":"3dy4mtctd1xrm9v","operationId":"g07h2mqwv2z9we2","previousOperationId":"zxh5y6xqjop5uo6"}
{"type":"log","timestamp":1731244069336,"level":"debug","message":"Executing recipe html-to-xlsx","meta":{"rootId":"sl7rr0km9rbhuh2","id":"sl7rr0km9rbhuh2"},"id":"wondesraurxh330","previousOperationId":"g07h2mqwv2z9we2"}
{"type":"log","timestamp":1731244069336,"level":"info","message":"html-to-xlsx generation is starting","meta":{"rootId":"sl7rr0km9rbhuh2","id":"sl7rr0km9rbhuh2"},"id":"s0smx9m2gsr8ig9","previousOperationId":"g07h2mqwv2z9we2"}
{"type":"log","timestamp":1731244069931,"level":"info","message":"html-to-xlsx generation was finished","meta":{"rootId":"sl7rr0km9rbhuh2","id":"sl7rr0km9rbhuh2"},"id":"xhrd6aeo92uv1c4","previousOperationId":"g07h2mqwv2z9we2"}
{"type":"log","timestamp":1731244069931,"level":"debug","message":"preparing office preview","meta":{"rootId":"sl7rr0km9rbhuh2","id":"sl7rr0km9rbhuh2"},"id":"ogedbsf8itkda51","previousOperationId":"g07h2mqwv2z9we2"}
{"type":"operationEnd","operationId":"g07h2mqwv2z9we2","timestamp":1731244070484,"id":"lw8yi31j87u8ntj","previousEventId":"j8nvai7st9b70yg","previousOperationId":"g07h2mqwv2z9we2"}
{"type":"log","timestamp":1731244070484,"level":"debug","message":"Skipping storing report.","meta":{"rootId":"sl7rr0km9rbhuh2","id":"sl7rr0km9rbhuh2"},"id":"t7nizh6q335m91h","previousOperationId":"g07h2mqwv2z9we2"}
{"type":"log","timestamp":1731244070484,"level":"info","message":"Rendering request 13 finished in 1174 ms","meta":{"rootId":"sl7rr0km9rbhuh2","id":"sl7rr0km9rbhuh2"},"id":"vbv4jxl6chf0310","previousOperationId":"g07h2mqwv2z9we2"}
{"type":"operationEnd","subtype":"render","operationId":"qv90arcra7rap2f","timestamp":1731244070484,"id":"5iuk1khpjls17va","previousEventId":"lw8yi31j87u8ntj","previousOperationId":"g07h2mqwv2z9we2"}
{"type":"operationEnd","doDiffs":false,"previousEventId":"yusj4ulpr4qfga0","previousOperationId":"yiti11bgtlkwip3","operationId":"yiti11bgtlkwip3","timestamp":1731244070488,"id":"iy455svjmsil52w"}
