{"type":"operationStart","subtype":"profile","data":{"_id":"QDRgeEs7mb5p9392","timestamp":"2024-11-10T14:03:22.918Z","state":"queued","mode":"standard","creationDate":"2024-11-10T14:03:22.921Z","modificationDate":"2024-11-10T14:03:22.921Z","shortid":"EaTSKty","inheritedReadPermissions":[],"inheritedEditPermissions":[],"$entitySet":"profiles"},"doDiffs":false,"timestamp":1731247402920,"id":"aq5k46wg0w09swk","previousOperationId":null,"operationId":"tvt9wqtejkn6h4f"}
{"type":"log","level":"info","message":"Render request 96 queued for execution and waiting for available worker","previousOperationId":"tvt9wqtejkn6h4f","timestamp":1731247402920,"id":"zvppzjy7zkqdc42"}
{"type":"operationStart","subtype":"render","name":"new-excl-template","previousOperationId":"tvt9wqtejkn6h4f","timestamp":1731247402930,"id":"afnfexxt5exrpz2","previousEventId":"aq5k46wg0w09swk","operationId":"p8uoaxjrqdm77vt"}
{"type":"log","timestamp":1731247402930,"level":"info","message":"Starting rendering request 96 (user: admin)","meta":{"rootId":"so5hjzzenk4h38b","id":"so5hjzzenk4h38b"},"id":"fz4yivacrge3ahv","previousOperationId":"p8uoaxjrqdm77vt"}
{"type":"log","timestamp":1731247402930,"level":"info","message":"Rendering template { name: new-excl-template, recipe: html-to-xlsx, engine: handlebars, preview: true }","meta":{"rootId":"so5hjzzenk4h38b","id":"so5hjzzenk4h38b"},"id":"3ingmrguhox83sk","previousOperationId":"p8uoaxjrqdm77vt"}
{"type":"log","timestamp":1731247402931,"level":"debug","message":"Inline data specified.","meta":{"rootId":"so5hjzzenk4h38b","id":"so5hjzzenk4h38b"},"id":"2k9xjbj1wk4k2e2","previousOperationId":"p8uoaxjrqdm77vt"}
{"type":"log","timestamp":1731247402933,"level":"debug","message":"Base url not specified, skipping its injection.","meta":{"rootId":"so5hjzzenk4h38b","id":"so5hjzzenk4h38b"},"id":"jdfbrchefafbiw7","previousOperationId":"p8uoaxjrqdm77vt"}
{"type":"log","timestamp":1731247402936,"level":"debug","message":"Replaced assets [\"KhmerOSSiemreapRegular.ttf\"]","meta":{"rootId":"so5hjzzenk4h38b","id":"so5hjzzenk4h38b"},"id":"0isps7r9lxl78bd","previousOperationId":"p8uoaxjrqdm77vt"}
{"type":"operationStart","subtype":"engine","name":"handlebars","timestamp":1731247402936,"id":"iz3qukuqjlevl31","previousEventId":"afnfexxt5exrpz2","operationId":"wmilsnysdtp0nng","previousOperationId":"p8uoaxjrqdm77vt"}
{"type":"log","timestamp":1731247402936,"level":"debug","message":"Rendering engine handlebars","meta":{"rootId":"so5hjzzenk4h38b","id":"so5hjzzenk4h38b"},"id":"ixocxqdm8ux0ay3","previousOperationId":"wmilsnysdtp0nng"}
{"type":"operationEnd","operationId":"wmilsnysdtp0nng","timestamp":1731247402952,"id":"lehp1m9hlcrruk5","previousEventId":"iz3qukuqjlevl31","previousOperationId":"wmilsnysdtp0nng"}
{"type":"operationStart","subtype":"recipe","name":"html-to-xlsx","timestamp":1731247402954,"id":"68ea1i3jvwyamff","previousEventId":"lehp1m9hlcrruk5","operationId":"bkz7l7vtj1kbwjl","previousOperationId":"wmilsnysdtp0nng"}
{"type":"log","timestamp":1731247402954,"level":"debug","message":"Executing recipe html-to-xlsx","meta":{"rootId":"so5hjzzenk4h38b","id":"so5hjzzenk4h38b"},"id":"o8h7gkmess7arei","previousOperationId":"bkz7l7vtj1kbwjl"}
{"type":"log","timestamp":1731247402954,"level":"info","message":"html-to-xlsx generation is starting","meta":{"rootId":"so5hjzzenk4h38b","id":"so5hjzzenk4h38b"},"id":"t3muq75u3451qp7","previousOperationId":"bkz7l7vtj1kbwjl"}
{"type":"log","timestamp":1731247403604,"level":"info","message":"html-to-xlsx generation was finished","meta":{"rootId":"so5hjzzenk4h38b","id":"so5hjzzenk4h38b"},"id":"o0shndwu7x8ecgd","previousOperationId":"bkz7l7vtj1kbwjl"}
{"type":"log","timestamp":1731247403604,"level":"debug","message":"preparing office preview","meta":{"rootId":"so5hjzzenk4h38b","id":"so5hjzzenk4h38b"},"id":"kakvh3i66xf94ww","previousOperationId":"bkz7l7vtj1kbwjl"}
{"type":"operationEnd","operationId":"bkz7l7vtj1kbwjl","timestamp":1731247404112,"id":"hh9otwz1buo4j0v","previousEventId":"68ea1i3jvwyamff","previousOperationId":"bkz7l7vtj1kbwjl"}
{"type":"log","timestamp":1731247404112,"level":"debug","message":"Skipping storing report.","meta":{"rootId":"so5hjzzenk4h38b","id":"so5hjzzenk4h38b"},"id":"3lr816wt4jgu4a2","previousOperationId":"bkz7l7vtj1kbwjl"}
{"type":"log","timestamp":1731247404112,"level":"info","message":"Rendering request 96 finished in 1194 ms","meta":{"rootId":"so5hjzzenk4h38b","id":"so5hjzzenk4h38b"},"id":"jpj1lw6equbfvwr","previousOperationId":"bkz7l7vtj1kbwjl"}
{"type":"operationEnd","subtype":"render","operationId":"p8uoaxjrqdm77vt","timestamp":1731247404112,"id":"qizxzg6ll4ppl4o","previousEventId":"hh9otwz1buo4j0v","previousOperationId":"bkz7l7vtj1kbwjl"}
{"type":"operationEnd","doDiffs":false,"previousEventId":"aq5k46wg0w09swk","previousOperationId":"tvt9wqtejkn6h4f","operationId":"tvt9wqtejkn6h4f","timestamp":1731247404115,"id":"vpx3jiwmmqs2y2t"}
