{"type":"operationStart","subtype":"profile","data":{"_id":"qv7wARbDozYwUZCr","timestamp":"2024-11-10T14:18:22.253Z","state":"queued","mode":"standard","creationDate":"2024-11-10T14:18:22.256Z","modificationDate":"2024-11-10T14:18:22.256Z","shortid":"lParlcF","inheritedReadPermissions":[],"inheritedEditPermissions":[],"$entitySet":"profiles"},"doDiffs":false,"timestamp":1731248302255,"id":"86g64wkrwzzarkl","previousOperationId":null,"operationId":"1dydwxbax4omvx3"}
{"type":"log","level":"info","message":"Render request 132 queued for execution and waiting for available worker","previousOperationId":"1dydwxbax4omvx3","timestamp":1731248302255,"id":"roxsdur91pd6or0"}
{"type":"operationStart","subtype":"render","name":"new-excl-template","previousOperationId":"1dydwxbax4omvx3","timestamp":1731248302263,"id":"cj6ynkq41ier3zm","previousEventId":"86g64wkrwzzarkl","operationId":"htxz8vywu2ou1fl"}
{"type":"log","timestamp":1731248302263,"level":"info","message":"Starting rendering request 132 (user: admin)","meta":{"rootId":"soppm3jepj4gstk","id":"soppm3jepj4gstk"},"id":"5kgwe1x7o5yrq3g","previousOperationId":"htxz8vywu2ou1fl"}
{"type":"log","timestamp":1731248302263,"level":"info","message":"Rendering template { name: new-excl-template, recipe: html-to-xlsx, engine: handlebars, preview: true }","meta":{"rootId":"soppm3jepj4gstk","id":"soppm3jepj4gstk"},"id":"uyj5m0ds95v8tw9","previousOperationId":"htxz8vywu2ou1fl"}
{"type":"log","timestamp":1731248302264,"level":"debug","message":"Inline data specified.","meta":{"rootId":"soppm3jepj4gstk","id":"soppm3jepj4gstk"},"id":"lyap5j500lpi5e9","previousOperationId":"htxz8vywu2ou1fl"}
{"type":"log","timestamp":1731248302265,"level":"debug","message":"Base url not specified, skipping its injection.","meta":{"rootId":"soppm3jepj4gstk","id":"soppm3jepj4gstk"},"id":"rs5f9zzq5jr5e1v","previousOperationId":"htxz8vywu2ou1fl"}
{"type":"log","timestamp":1731248302268,"level":"debug","message":"Replaced assets [\"KhmerOSSiemreapRegular.ttf\"]","meta":{"rootId":"soppm3jepj4gstk","id":"soppm3jepj4gstk"},"id":"2gqddfsn8pieqzt","previousOperationId":"htxz8vywu2ou1fl"}
{"type":"operationStart","subtype":"engine","name":"handlebars","timestamp":1731248302268,"id":"8h3ed3wg3zb132l","previousEventId":"cj6ynkq41ier3zm","operationId":"dv3pgp2hfyoz0aq","previousOperationId":"htxz8vywu2ou1fl"}
{"type":"log","timestamp":1731248302268,"level":"debug","message":"Rendering engine handlebars","meta":{"rootId":"soppm3jepj4gstk","id":"soppm3jepj4gstk"},"id":"5ufn0d1u2so9665","previousOperationId":"dv3pgp2hfyoz0aq"}
{"type":"operationEnd","operationId":"dv3pgp2hfyoz0aq","timestamp":1731248302285,"id":"o1cekj95gumemzx","previousEventId":"8h3ed3wg3zb132l","previousOperationId":"dv3pgp2hfyoz0aq"}
{"type":"operationStart","subtype":"recipe","name":"html-to-xlsx","timestamp":1731248302287,"id":"2jgvwxzy65ulwf2","previousEventId":"o1cekj95gumemzx","operationId":"d6tg6l314wxza7g","previousOperationId":"dv3pgp2hfyoz0aq"}
{"type":"log","timestamp":1731248302287,"level":"debug","message":"Executing recipe html-to-xlsx","meta":{"rootId":"soppm3jepj4gstk","id":"soppm3jepj4gstk"},"id":"rvdutgchpa106vk","previousOperationId":"d6tg6l314wxza7g"}
{"type":"log","timestamp":1731248302287,"level":"info","message":"html-to-xlsx generation is starting","meta":{"rootId":"soppm3jepj4gstk","id":"soppm3jepj4gstk"},"id":"l63anl0od2tndol","previousOperationId":"d6tg6l314wxza7g"}
{"type":"log","timestamp":1731248302987,"level":"info","message":"html-to-xlsx generation was finished","meta":{"rootId":"soppm3jepj4gstk","id":"soppm3jepj4gstk"},"id":"0lmrxh8okjmwgsp","previousOperationId":"d6tg6l314wxza7g"}
{"type":"log","timestamp":1731248302988,"level":"debug","message":"preparing office preview","meta":{"rootId":"soppm3jepj4gstk","id":"soppm3jepj4gstk"},"id":"ytf8xfj1isnmlmg","previousOperationId":"d6tg6l314wxza7g"}
{"type":"operationEnd","operationId":"d6tg6l314wxza7g","timestamp":1731248303480,"id":"kqsgs0yijv3qd5u","previousEventId":"2jgvwxzy65ulwf2","previousOperationId":"d6tg6l314wxza7g"}
{"type":"log","timestamp":1731248303480,"level":"debug","message":"Skipping storing report.","meta":{"rootId":"soppm3jepj4gstk","id":"soppm3jepj4gstk"},"id":"8vs59o667vuuown","previousOperationId":"d6tg6l314wxza7g"}
{"type":"log","timestamp":1731248303480,"level":"info","message":"Rendering request 132 finished in 1227 ms","meta":{"rootId":"soppm3jepj4gstk","id":"soppm3jepj4gstk"},"id":"nwo81ywczs1dfov","previousOperationId":"d6tg6l314wxza7g"}
{"type":"operationEnd","subtype":"render","operationId":"htxz8vywu2ou1fl","timestamp":1731248303480,"id":"9cz48e8rt7n1815","previousEventId":"kqsgs0yijv3qd5u","previousOperationId":"d6tg6l314wxza7g"}
{"type":"operationEnd","doDiffs":false,"previousEventId":"86g64wkrwzzarkl","previousOperationId":"1dydwxbax4omvx3","operationId":"1dydwxbax4omvx3","timestamp":1731248303482,"id":"amlt9ocfgkhcivh"}
