{"type":"operationStart","subtype":"profile","data":{"_id":"CW9GPTWZFVSxQNyM","timestamp":"2024-11-10T09:24:05.353Z","state":"queued","mode":"standard","creationDate":"2024-11-10T09:24:05.355Z","modificationDate":"2024-11-10T09:24:05.355Z","shortid":"OiOD8TC","inheritedReadPermissions":[],"inheritedEditPermissions":[],"$entitySet":"profiles"},"doDiffs":false,"timestamp":1731230645354,"id":"x0mtknaldzjqqzg","previousOperationId":null,"operationId":"x3eopax5witvtf1"}
{"type":"log","level":"info","message":"Render request 210 queued for execution and waiting for available worker","previousOperationId":"x3eopax5witvtf1","timestamp":1731230645354,"id":"1u01jay5qxk41g6"}
{"type":"operationStart","subtype":"render","name":"new-excl-template","previousOperationId":"x3eopax5witvtf1","timestamp":1731230645361,"id":"cqg05lzih8vd6dv","previousEventId":"x0mtknaldzjqqzg","operationId":"yzeeltwnm3v5li4"}
{"type":"log","timestamp":1731230645361,"level":"info","message":"Starting rendering request 210 (user: admin)","meta":{"rootId":"sopwz5zaavpha0o","id":"sopwz5zaavpha0o"},"id":"k3iibfa5o8sqadu","previousOperationId":"yzeeltwnm3v5li4"}
{"type":"log","timestamp":1731230645361,"level":"info","message":"Rendering template { name: new-excl-template, recipe: html-to-xlsx, engine: handlebars, preview: true }","meta":{"rootId":"sopwz5zaavpha0o","id":"sopwz5zaavpha0o"},"id":"tve0400viddudm2","previousOperationId":"yzeeltwnm3v5li4"}
{"type":"log","timestamp":1731230645362,"level":"debug","message":"Inline data specified.","meta":{"rootId":"sopwz5zaavpha0o","id":"sopwz5zaavpha0o"},"id":"1d4ddsxnvg8dwgv","previousOperationId":"yzeeltwnm3v5li4"}
{"type":"log","timestamp":1731230645363,"level":"debug","message":"Base url not specified, skipping its injection.","meta":{"rootId":"sopwz5zaavpha0o","id":"sopwz5zaavpha0o"},"id":"xrsv3r2stcf3f0u","previousOperationId":"yzeeltwnm3v5li4"}
{"type":"operationStart","subtype":"engine","name":"handlebars","timestamp":1731230645363,"id":"rgofpv9e1jz5mp1","previousEventId":"cqg05lzih8vd6dv","operationId":"s5inqoqu623k3be","previousOperationId":"yzeeltwnm3v5li4"}
{"type":"log","timestamp":1731230645363,"level":"debug","message":"Rendering engine handlebars","meta":{"rootId":"sopwz5zaavpha0o","id":"sopwz5zaavpha0o"},"id":"6026o30fcb33xmt","previousOperationId":"s5inqoqu623k3be"}
{"type":"operationEnd","operationId":"s5inqoqu623k3be","timestamp":1731230645374,"id":"z7pneo5895yc385","previousEventId":"rgofpv9e1jz5mp1","previousOperationId":"s5inqoqu623k3be"}
{"type":"operationStart","subtype":"recipe","name":"html-to-xlsx","timestamp":1731230645374,"id":"ndszf53uueqt4yn","previousEventId":"z7pneo5895yc385","operationId":"zldfcpzpedtpflw","previousOperationId":"s5inqoqu623k3be"}
{"type":"log","timestamp":1731230645374,"level":"debug","message":"Executing recipe html-to-xlsx","meta":{"rootId":"sopwz5zaavpha0o","id":"sopwz5zaavpha0o"},"id":"xvxjhr6gne3m692","previousOperationId":"zldfcpzpedtpflw"}
{"type":"log","timestamp":1731230645374,"level":"info","message":"html-to-xlsx generation is starting","meta":{"rootId":"sopwz5zaavpha0o","id":"sopwz5zaavpha0o"},"id":"m6lufqfg3j06y0n","previousOperationId":"zldfcpzpedtpflw"}
{"type":"log","timestamp":1731230646270,"level":"info","message":"html-to-xlsx generation was finished","meta":{"rootId":"sopwz5zaavpha0o","id":"sopwz5zaavpha0o"},"id":"5byzcad4wgjsr2v","previousOperationId":"zldfcpzpedtpflw"}
{"type":"log","timestamp":1731230646271,"level":"debug","message":"preparing office preview","meta":{"rootId":"sopwz5zaavpha0o","id":"sopwz5zaavpha0o"},"id":"53nuse3dugm6k2m","previousOperationId":"zldfcpzpedtpflw"}
{"type":"operationEnd","operationId":"zldfcpzpedtpflw","timestamp":1731230646718,"id":"zrhe7cm2mvw7g4j","previousEventId":"ndszf53uueqt4yn","previousOperationId":"zldfcpzpedtpflw"}
{"type":"log","timestamp":1731230646718,"level":"debug","message":"Skipping storing report.","meta":{"rootId":"sopwz5zaavpha0o","id":"sopwz5zaavpha0o"},"id":"lud3rcizc9jzsgp","previousOperationId":"zldfcpzpedtpflw"}
{"type":"log","timestamp":1731230646718,"level":"info","message":"Rendering request 210 finished in 1365 ms","meta":{"rootId":"sopwz5zaavpha0o","id":"sopwz5zaavpha0o"},"id":"vkp0pz0a1h5qs59","previousOperationId":"zldfcpzpedtpflw"}
{"type":"operationEnd","subtype":"render","operationId":"yzeeltwnm3v5li4","timestamp":1731230646718,"id":"pw4c2ap7lyl17hg","previousEventId":"zrhe7cm2mvw7g4j","previousOperationId":"zldfcpzpedtpflw"}
{"type":"operationEnd","doDiffs":false,"previousEventId":"x0mtknaldzjqqzg","previousOperationId":"x3eopax5witvtf1","operationId":"x3eopax5witvtf1","timestamp":1731230646720,"id":"cqethpznw7ck4js"}
