{"type":"operationStart","subtype":"profile","data":{"_id":"TsdmtizmtIEEaklC","timestamp":"2024-11-10T14:06:16.512Z","state":"queued","mode":"standard","creationDate":"2024-11-10T14:06:16.513Z","modificationDate":"2024-11-10T14:06:16.513Z","shortid":"KmDylPO","inheritedReadPermissions":[],"inheritedEditPermissions":[],"$entitySet":"profiles"},"doDiffs":false,"timestamp":1731247576513,"id":"8kc62p4dmfmmked","previousOperationId":null,"operationId":"430c0y6lagz0j2z"}
{"type":"log","level":"info","message":"Render request 102 queued for execution and waiting for available worker","previousOperationId":"430c0y6lagz0j2z","timestamp":1731247576513,"id":"pl230cni03clejw"}
{"type":"operationStart","subtype":"render","name":"new-excl-template","previousOperationId":"430c0y6lagz0j2z","timestamp":1731247576521,"id":"iix69a5k338do7m","previousEventId":"8kc62p4dmfmmked","operationId":"fsjia691gofhrcm"}
{"type":"log","timestamp":1731247576521,"level":"info","message":"Starting rendering request 102 (user: admin)","meta":{"rootId":"sphvr9te26w0cp6","id":"sphvr9te26w0cp6"},"id":"541lmrh5y02uwke","previousOperationId":"fsjia691gofhrcm"}
{"type":"log","timestamp":1731247576521,"level":"info","message":"Rendering template { name: new-excl-template, recipe: html-to-xlsx, engine: handlebars, preview: true }","meta":{"rootId":"sphvr9te26w0cp6","id":"sphvr9te26w0cp6"},"id":"w80lj9562hbhs6q","previousOperationId":"fsjia691gofhrcm"}
{"type":"log","timestamp":1731247576522,"level":"debug","message":"Inline data specified.","meta":{"rootId":"sphvr9te26w0cp6","id":"sphvr9te26w0cp6"},"id":"uen9rt0k0a2ie86","previousOperationId":"fsjia691gofhrcm"}
{"type":"log","timestamp":1731247576523,"level":"debug","message":"Base url not specified, skipping its injection.","meta":{"rootId":"sphvr9te26w0cp6","id":"sphvr9te26w0cp6"},"id":"9plm3y09c1n3wy6","previousOperationId":"fsjia691gofhrcm"}
{"type":"log","timestamp":1731247576525,"level":"debug","message":"Replaced assets [\"KhmerOSSiemreapRegular.ttf\"]","meta":{"rootId":"sphvr9te26w0cp6","id":"sphvr9te26w0cp6"},"id":"eakd4kgt3rdubze","previousOperationId":"fsjia691gofhrcm"}
{"type":"operationStart","subtype":"engine","name":"handlebars","timestamp":1731247576525,"id":"sf4d8f5d8elqb1x","previousEventId":"iix69a5k338do7m","operationId":"zuye2mhlgaa978k","previousOperationId":"fsjia691gofhrcm"}
{"type":"log","timestamp":1731247576525,"level":"debug","message":"Rendering engine handlebars","meta":{"rootId":"sphvr9te26w0cp6","id":"sphvr9te26w0cp6"},"id":"khtz2bm1m5rzc4q","previousOperationId":"zuye2mhlgaa978k"}
{"type":"operationEnd","operationId":"zuye2mhlgaa978k","timestamp":1731247576538,"id":"t8cl5ofkaxhm2od","previousEventId":"sf4d8f5d8elqb1x","previousOperationId":"zuye2mhlgaa978k"}
{"type":"operationStart","subtype":"recipe","name":"html-to-xlsx","timestamp":1731247576539,"id":"2uepqxuhpre2cz4","previousEventId":"t8cl5ofkaxhm2od","operationId":"ilpm8swohou9yrk","previousOperationId":"zuye2mhlgaa978k"}
{"type":"log","timestamp":1731247576539,"level":"debug","message":"Executing recipe html-to-xlsx","meta":{"rootId":"sphvr9te26w0cp6","id":"sphvr9te26w0cp6"},"id":"bgdk1fqz5beklbj","previousOperationId":"ilpm8swohou9yrk"}
{"type":"log","timestamp":1731247576539,"level":"info","message":"html-to-xlsx generation is starting","meta":{"rootId":"sphvr9te26w0cp6","id":"sphvr9te26w0cp6"},"id":"6cmkfn51kryadv2","previousOperationId":"ilpm8swohou9yrk"}
{"type":"log","timestamp":1731247577179,"level":"info","message":"html-to-xlsx generation was finished","meta":{"rootId":"sphvr9te26w0cp6","id":"sphvr9te26w0cp6"},"id":"yma8yfo44hpklje","previousOperationId":"ilpm8swohou9yrk"}
{"type":"log","timestamp":1731247577179,"level":"debug","message":"preparing office preview","meta":{"rootId":"sphvr9te26w0cp6","id":"sphvr9te26w0cp6"},"id":"6cjh4b1ybzjp1xr","previousOperationId":"ilpm8swohou9yrk"}
{"type":"operationEnd","operationId":"ilpm8swohou9yrk","timestamp":1731247577658,"id":"7o6bj1rglsttcbw","previousEventId":"2uepqxuhpre2cz4","previousOperationId":"ilpm8swohou9yrk"}
{"type":"log","timestamp":1731247577658,"level":"debug","message":"Skipping storing report.","meta":{"rootId":"sphvr9te26w0cp6","id":"sphvr9te26w0cp6"},"id":"aq3ei4pb74znyl0","previousOperationId":"ilpm8swohou9yrk"}
{"type":"log","timestamp":1731247577658,"level":"info","message":"Rendering request 102 finished in 1146 ms","meta":{"rootId":"sphvr9te26w0cp6","id":"sphvr9te26w0cp6"},"id":"zkik3icue2g57ea","previousOperationId":"ilpm8swohou9yrk"}
{"type":"operationEnd","subtype":"render","operationId":"fsjia691gofhrcm","timestamp":1731247577658,"id":"s61anzdkvs0qqts","previousEventId":"7o6bj1rglsttcbw","previousOperationId":"ilpm8swohou9yrk"}
{"type":"operationEnd","doDiffs":false,"previousEventId":"8kc62p4dmfmmked","previousOperationId":"430c0y6lagz0j2z","operationId":"430c0y6lagz0j2z","timestamp":1731247577661,"id":"bjnkacz67bm7v4r"}
