{"type":"operationStart","subtype":"profile","data":{"_id":"mp5rKTDZyYPCrSZg","timestamp":"2024-11-10T15:40:19.404Z","state":"queued","mode":"standard","creationDate":"2024-11-10T15:40:19.405Z","modificationDate":"2024-11-10T15:40:19.405Z","shortid":"TlZb6Dk","inheritedReadPermissions":[],"inheritedEditPermissions":[],"$entitySet":"profiles"},"doDiffs":false,"timestamp":1731253219405,"id":"3ycwhc3iuc5t1t1","previousOperationId":null,"operationId":"gtf9ldhqqz6cxb2"}
{"type":"log","level":"info","message":"Render request 206 queued for execution and waiting for available worker","previousOperationId":"gtf9ldhqqz6cxb2","timestamp":1731253219405,"id":"q1akx99wx8lso0a"}
{"type":"operationStart","subtype":"render","name":"new-excl-template","previousOperationId":"gtf9ldhqqz6cxb2","timestamp":1731253219413,"id":"2a26m7ndl1sds7x","previousEventId":"3ycwhc3iuc5t1t1","operationId":"ueff5kttaruqjhd"}
{"type":"log","timestamp":1731253219413,"level":"info","message":"Starting rendering request 206 (user: admin)","meta":{"rootId":"sxjr012z3doawjt","id":"sxjr012z3doawjt"},"id":"xe95oxn2lxvq0ro","previousOperationId":"ueff5kttaruqjhd"}
{"type":"log","timestamp":1731253219413,"level":"info","message":"Rendering template { name: new-excl-template, recipe: html-to-xlsx, engine: handlebars, preview: true }","meta":{"rootId":"sxjr012z3doawjt","id":"sxjr012z3doawjt"},"id":"zf4blihkv0oshpg","previousOperationId":"ueff5kttaruqjhd"}
{"type":"log","timestamp":1731253219413,"level":"debug","message":"Inline data specified.","meta":{"rootId":"sxjr012z3doawjt","id":"sxjr012z3doawjt"},"id":"yr7yt35qar4qfhp","previousOperationId":"ueff5kttaruqjhd"}
{"type":"log","timestamp":1731253219415,"level":"debug","message":"Base url not specified, skipping its injection.","meta":{"rootId":"sxjr012z3doawjt","id":"sxjr012z3doawjt"},"id":"n2bhavfkjg0h12b","previousOperationId":"ueff5kttaruqjhd"}
{"type":"log","timestamp":1731253219417,"level":"debug","message":"Replaced assets [\"KhmerOSSiemreapRegular.ttf\"]","meta":{"rootId":"sxjr012z3doawjt","id":"sxjr012z3doawjt"},"id":"lxm4awggyqd0jui","previousOperationId":"ueff5kttaruqjhd"}
{"type":"operationStart","subtype":"engine","name":"handlebars","timestamp":1731253219417,"id":"xto0cvnm95wt4xd","previousEventId":"2a26m7ndl1sds7x","operationId":"dbjo4mmn7qufkry","previousOperationId":"ueff5kttaruqjhd"}
{"type":"log","timestamp":1731253219417,"level":"debug","message":"Rendering engine handlebars","meta":{"rootId":"sxjr012z3doawjt","id":"sxjr012z3doawjt"},"id":"0n1x0tvhjfjey8m","previousOperationId":"dbjo4mmn7qufkry"}
{"type":"operationEnd","operationId":"dbjo4mmn7qufkry","timestamp":1731253219431,"id":"7z29gv0wua2e368","previousEventId":"xto0cvnm95wt4xd","previousOperationId":"dbjo4mmn7qufkry"}
{"type":"operationStart","subtype":"recipe","name":"html-to-xlsx","timestamp":1731253219432,"id":"u5pkqp5psxo5ck8","previousEventId":"7z29gv0wua2e368","operationId":"lc3rxn7t80hk003","previousOperationId":"dbjo4mmn7qufkry"}
{"type":"log","timestamp":1731253219432,"level":"debug","message":"Executing recipe html-to-xlsx","meta":{"rootId":"sxjr012z3doawjt","id":"sxjr012z3doawjt"},"id":"badffzqevpobvz1","previousOperationId":"lc3rxn7t80hk003"}
{"type":"log","timestamp":1731253219432,"level":"info","message":"html-to-xlsx generation is starting","meta":{"rootId":"sxjr012z3doawjt","id":"sxjr012z3doawjt"},"id":"36qc6oxm9mf2vnm","previousOperationId":"lc3rxn7t80hk003"}
{"type":"log","timestamp":1731253220103,"level":"info","message":"html-to-xlsx generation was finished","meta":{"rootId":"sxjr012z3doawjt","id":"sxjr012z3doawjt"},"id":"tscvvvxj7goobmm","previousOperationId":"lc3rxn7t80hk003"}
{"type":"log","timestamp":1731253220103,"level":"debug","message":"preparing office preview","meta":{"rootId":"sxjr012z3doawjt","id":"sxjr012z3doawjt"},"id":"k08r815hx31iaiy","previousOperationId":"lc3rxn7t80hk003"}
{"type":"operationEnd","operationId":"lc3rxn7t80hk003","timestamp":1731253220561,"id":"3gqekfedt7fo3s8","previousEventId":"u5pkqp5psxo5ck8","previousOperationId":"lc3rxn7t80hk003"}
{"type":"log","timestamp":1731253220562,"level":"debug","message":"Skipping storing report.","meta":{"rootId":"sxjr012z3doawjt","id":"sxjr012z3doawjt"},"id":"1czdec4rdsnhddu","previousOperationId":"lc3rxn7t80hk003"}
{"type":"log","timestamp":1731253220562,"level":"info","message":"Rendering request 206 finished in 1158 ms","meta":{"rootId":"sxjr012z3doawjt","id":"sxjr012z3doawjt"},"id":"cfm0w95sqqlibrk","previousOperationId":"lc3rxn7t80hk003"}
{"type":"operationEnd","subtype":"render","operationId":"ueff5kttaruqjhd","timestamp":1731253220562,"id":"w22ottf1aj2lv02","previousEventId":"3gqekfedt7fo3s8","previousOperationId":"lc3rxn7t80hk003"}
{"type":"operationEnd","doDiffs":false,"previousEventId":"3ycwhc3iuc5t1t1","previousOperationId":"gtf9ldhqqz6cxb2","operationId":"gtf9ldhqqz6cxb2","timestamp":1731253220563,"id":"krfoi5luyj23i9h"}
