{"type":"operationStart","subtype":"profile","data":{"_id":"R2IYOfeQOrJJAfzz","timestamp":"2024-11-10T09:17:20.462Z","state":"queued","mode":"standard","creationDate":"2024-11-10T09:17:20.464Z","modificationDate":"2024-11-10T09:17:20.464Z","shortid":"NQFyH-9","inheritedReadPermissions":[],"inheritedEditPermissions":[],"$entitySet":"profiles"},"doDiffs":false,"timestamp":1731230240463,"id":"3vj3mnpj9my4q1h","previousOperationId":null,"operationId":"j1g3jyetpxtg6yp"}
{"type":"log","level":"info","message":"Render request 194 queued for execution and waiting for available worker","previousOperationId":"j1g3jyetpxtg6yp","timestamp":1731230240464,"id":"xkmehuwifo700mq"}
{"type":"operationStart","subtype":"render","name":"new-excl-template","previousOperationId":"j1g3jyetpxtg6yp","timestamp":1731230240476,"id":"mn5qu9b6s0naz0r","previousEventId":"3vj3mnpj9my4q1h","operationId":"b4d4p6gv7m47lh0"}
{"type":"log","timestamp":1731230240476,"level":"info","message":"Starting rendering request 194 (user: admin)","meta":{"rootId":"t2ueqwkij0jk5uh","id":"t2ueqwkij0jk5uh"},"id":"a2rakmaq3zurukz","previousOperationId":"b4d4p6gv7m47lh0"}
{"type":"log","timestamp":1731230240476,"level":"info","message":"Rendering template { name: new-excl-template, recipe: html-to-xlsx, engine: handlebars, preview: true }","meta":{"rootId":"t2ueqwkij0jk5uh","id":"t2ueqwkij0jk5uh"},"id":"a3zcbdo6jaqnufc","previousOperationId":"b4d4p6gv7m47lh0"}
{"type":"log","timestamp":1731230240476,"level":"debug","message":"Inline data specified.","meta":{"rootId":"t2ueqwkij0jk5uh","id":"t2ueqwkij0jk5uh"},"id":"s04cfq5llmiwre2","previousOperationId":"b4d4p6gv7m47lh0"}
{"type":"log","timestamp":1731230240477,"level":"debug","message":"Base url not specified, skipping its injection.","meta":{"rootId":"t2ueqwkij0jk5uh","id":"t2ueqwkij0jk5uh"},"id":"5y58ym5vsabcwl6","previousOperationId":"b4d4p6gv7m47lh0"}
{"type":"operationStart","subtype":"engine","name":"handlebars","timestamp":1731230240477,"id":"vhd3evfiomkpgzk","previousEventId":"mn5qu9b6s0naz0r","operationId":"f3yk2iffs4ngcew","previousOperationId":"b4d4p6gv7m47lh0"}
{"type":"log","timestamp":1731230240477,"level":"debug","message":"Rendering engine handlebars","meta":{"rootId":"t2ueqwkij0jk5uh","id":"t2ueqwkij0jk5uh"},"id":"ucz7ym5fz60w9gj","previousOperationId":"f3yk2iffs4ngcew"}
{"type":"operationEnd","operationId":"f3yk2iffs4ngcew","timestamp":1731230240490,"id":"sxqv3dr1cs1xxd9","previousEventId":"vhd3evfiomkpgzk","previousOperationId":"f3yk2iffs4ngcew"}
{"type":"operationStart","subtype":"recipe","name":"html-to-xlsx","timestamp":1731230240492,"id":"akq5teb1vrou4m6","previousEventId":"sxqv3dr1cs1xxd9","operationId":"c0kllcasv1optke","previousOperationId":"f3yk2iffs4ngcew"}
{"type":"log","timestamp":1731230240492,"level":"debug","message":"Executing recipe html-to-xlsx","meta":{"rootId":"t2ueqwkij0jk5uh","id":"t2ueqwkij0jk5uh"},"id":"h9gg1anr2zlhwwh","previousOperationId":"c0kllcasv1optke"}
{"type":"log","timestamp":1731230240492,"level":"info","message":"html-to-xlsx generation is starting","meta":{"rootId":"t2ueqwkij0jk5uh","id":"t2ueqwkij0jk5uh"},"id":"hh4v6v2mtuyumko","previousOperationId":"c0kllcasv1optke"}
{"type":"log","timestamp":1731230242040,"level":"info","message":"html-to-xlsx generation was finished","meta":{"rootId":"t2ueqwkij0jk5uh","id":"t2ueqwkij0jk5uh"},"id":"gen8wddx1xzixpt","previousOperationId":"c0kllcasv1optke"}
{"type":"log","timestamp":1731230242041,"level":"debug","message":"preparing office preview","meta":{"rootId":"t2ueqwkij0jk5uh","id":"t2ueqwkij0jk5uh"},"id":"10leh47r8mvm0oq","previousOperationId":"c0kllcasv1optke"}
{"type":"operationEnd","operationId":"c0kllcasv1optke","timestamp":1731230242839,"id":"savlp909iqurau5","previousEventId":"akq5teb1vrou4m6","previousOperationId":"c0kllcasv1optke"}
{"type":"log","timestamp":1731230242839,"level":"debug","message":"Skipping storing report.","meta":{"rootId":"t2ueqwkij0jk5uh","id":"t2ueqwkij0jk5uh"},"id":"nupn9431e15cr4p","previousOperationId":"c0kllcasv1optke"}
{"type":"log","timestamp":1731230242839,"level":"info","message":"Rendering request 194 finished in 2377 ms","meta":{"rootId":"t2ueqwkij0jk5uh","id":"t2ueqwkij0jk5uh"},"id":"xz48nwtu4e6kd73","previousOperationId":"c0kllcasv1optke"}
{"type":"operationEnd","subtype":"render","operationId":"b4d4p6gv7m47lh0","timestamp":1731230242839,"id":"rk8gbyad6xxws3q","previousEventId":"savlp909iqurau5","previousOperationId":"c0kllcasv1optke"}
{"type":"operationEnd","doDiffs":false,"previousEventId":"3vj3mnpj9my4q1h","previousOperationId":"j1g3jyetpxtg6yp","operationId":"j1g3jyetpxtg6yp","timestamp":1731230242841,"id":"vh9s67kalas7nzk"}
