{"type":"operationStart","subtype":"profile","data":{"_id":"TGIpEOGCV0cRXzZ8","timestamp":"2024-11-10T14:20:58.333Z","state":"queued","mode":"standard","creationDate":"2024-11-10T14:20:58.334Z","modificationDate":"2024-11-10T14:20:58.334Z","shortid":"Ihq-Cma","inheritedReadPermissions":[],"inheritedEditPermissions":[],"$entitySet":"profiles"},"doDiffs":false,"timestamp":1731248458333,"id":"8p2whzi0rcvkg0y","previousOperationId":null,"operationId":"ve17t74mciby4gl"}
{"type":"log","level":"info","message":"Render request 138 queued for execution and waiting for available worker","previousOperationId":"ve17t74mciby4gl","timestamp":1731248458334,"id":"9403tkl8s386k3n"}
{"type":"operationStart","subtype":"render","name":"new-excl-template","previousOperationId":"ve17t74mciby4gl","timestamp":1731248458342,"id":"jcfql486yvay7vf","previousEventId":"8p2whzi0rcvkg0y","operationId":"nt1rsiiif8zvyxe"}
{"type":"log","timestamp":1731248458342,"level":"info","message":"Starting rendering request 138 (user: admin)","meta":{"rootId":"t77vku5qopypsjq","id":"t77vku5qopypsjq"},"id":"m5wn9edv5pzum3m","previousOperationId":"nt1rsiiif8zvyxe"}
{"type":"log","timestamp":1731248458343,"level":"info","message":"Rendering template { name: new-excl-template, recipe: html-to-xlsx, engine: handlebars, preview: true }","meta":{"rootId":"t77vku5qopypsjq","id":"t77vku5qopypsjq"},"id":"5a1hyg39vwmxj8k","previousOperationId":"nt1rsiiif8zvyxe"}
{"type":"log","timestamp":1731248458343,"level":"debug","message":"Inline data specified.","meta":{"rootId":"t77vku5qopypsjq","id":"t77vku5qopypsjq"},"id":"d8htux7njze1y86","previousOperationId":"nt1rsiiif8zvyxe"}
{"type":"log","timestamp":1731248458345,"level":"debug","message":"Base url not specified, skipping its injection.","meta":{"rootId":"t77vku5qopypsjq","id":"t77vku5qopypsjq"},"id":"xa1fdcnaapwgj24","previousOperationId":"nt1rsiiif8zvyxe"}
{"type":"log","timestamp":1731248458346,"level":"debug","message":"Replaced assets [\"KhmerOSSiemreapRegular.ttf\"]","meta":{"rootId":"t77vku5qopypsjq","id":"t77vku5qopypsjq"},"id":"l1cay8n3xroevok","previousOperationId":"nt1rsiiif8zvyxe"}
{"type":"operationStart","subtype":"engine","name":"handlebars","timestamp":1731248458347,"id":"i4grdolht02gauh","previousEventId":"jcfql486yvay7vf","operationId":"0l1157fqa8v5lna","previousOperationId":"nt1rsiiif8zvyxe"}
{"type":"log","timestamp":1731248458347,"level":"debug","message":"Rendering engine handlebars","meta":{"rootId":"t77vku5qopypsjq","id":"t77vku5qopypsjq"},"id":"29nuib1k42sy4g2","previousOperationId":"0l1157fqa8v5lna"}
{"type":"operationEnd","operationId":"0l1157fqa8v5lna","timestamp":1731248458363,"id":"i3e9onu35wko05w","previousEventId":"i4grdolht02gauh","previousOperationId":"0l1157fqa8v5lna"}
{"type":"operationStart","subtype":"recipe","name":"html-to-xlsx","timestamp":1731248458364,"id":"si86ozl8y8ktd9i","previousEventId":"i3e9onu35wko05w","operationId":"ixy4usdy52dm0c9","previousOperationId":"0l1157fqa8v5lna"}
{"type":"log","timestamp":1731248458364,"level":"debug","message":"Executing recipe html-to-xlsx","meta":{"rootId":"t77vku5qopypsjq","id":"t77vku5qopypsjq"},"id":"aubcrle3waoewmu","previousOperationId":"ixy4usdy52dm0c9"}
{"type":"log","timestamp":1731248458365,"level":"info","message":"html-to-xlsx generation is starting","meta":{"rootId":"t77vku5qopypsjq","id":"t77vku5qopypsjq"},"id":"ejub6343gft69g7","previousOperationId":"ixy4usdy52dm0c9"}
{"type":"log","timestamp":1731248458921,"level":"info","message":"html-to-xlsx generation was finished","meta":{"rootId":"t77vku5qopypsjq","id":"t77vku5qopypsjq"},"id":"3z69yf3miqcej51","previousOperationId":"ixy4usdy52dm0c9"}
{"type":"log","timestamp":1731248458921,"level":"debug","message":"preparing office preview","meta":{"rootId":"t77vku5qopypsjq","id":"t77vku5qopypsjq"},"id":"z0scfpu6cxtk8oh","previousOperationId":"ixy4usdy52dm0c9"}
{"type":"operationEnd","operationId":"ixy4usdy52dm0c9","timestamp":1731248459384,"id":"4qjeb67e83gnvzu","previousEventId":"si86ozl8y8ktd9i","previousOperationId":"ixy4usdy52dm0c9"}
{"type":"log","timestamp":1731248459384,"level":"debug","message":"Skipping storing report.","meta":{"rootId":"t77vku5qopypsjq","id":"t77vku5qopypsjq"},"id":"1rmce2pr0pvet0t","previousOperationId":"ixy4usdy52dm0c9"}
{"type":"log","timestamp":1731248459384,"level":"info","message":"Rendering request 138 finished in 1052 ms","meta":{"rootId":"t77vku5qopypsjq","id":"t77vku5qopypsjq"},"id":"q6xv87yi1m4aejd","previousOperationId":"ixy4usdy52dm0c9"}
{"type":"operationEnd","subtype":"render","operationId":"nt1rsiiif8zvyxe","timestamp":1731248459384,"id":"l88k4pywno2lry3","previousEventId":"4qjeb67e83gnvzu","previousOperationId":"ixy4usdy52dm0c9"}
{"type":"operationEnd","doDiffs":false,"previousEventId":"8p2whzi0rcvkg0y","previousOperationId":"ve17t74mciby4gl","operationId":"ve17t74mciby4gl","timestamp":1731248459387,"id":"l7qgpug1k8zp1yx"}
