{"type":"operationStart","subtype":"profile","data":{"_id":"VeE7jTeNqzrPeN6e","timestamp":"2024-11-10T13:30:49.251Z","state":"queued","mode":"standard","creationDate":"2024-11-10T13:30:49.253Z","modificationDate":"2024-11-10T13:30:49.253Z","shortid":"2X1YGlx","inheritedReadPermissions":[],"inheritedEditPermissions":[],"$entitySet":"profiles"},"doDiffs":false,"timestamp":1731245449252,"id":"6ib1hct0syv81n6","previousOperationId":null,"operationId":"hwrs23l888colvj"}
{"type":"log","level":"info","message":"Render request 70 queued for execution and waiting for available worker","previousOperationId":"hwrs23l888colvj","timestamp":1731245449252,"id":"3mjgrvjj6ket5ao"}
{"type":"operationStart","subtype":"render","name":"new-excl-template","previousOperationId":"hwrs23l888colvj","timestamp":1731245449259,"id":"z30yigrzc2tfz3x","previousEventId":"6ib1hct0syv81n6","operationId":"myvuqb0q3h3gho8"}
{"type":"log","timestamp":1731245449259,"level":"info","message":"Starting rendering request 70 (user: admin)","meta":{"rootId":"t79pdgjafk9hsy6","id":"t79pdgjafk9hsy6"},"id":"6hpijyk8mh7y1vr","previousOperationId":"myvuqb0q3h3gho8"}
{"type":"log","timestamp":1731245449259,"level":"info","message":"Rendering template { name: new-excl-template, recipe: html-to-xlsx, engine: handlebars, preview: true }","meta":{"rootId":"t79pdgjafk9hsy6","id":"t79pdgjafk9hsy6"},"id":"mbuwmos9lexq94r","previousOperationId":"myvuqb0q3h3gho8"}
{"type":"log","timestamp":1731245449260,"level":"debug","message":"Inline data specified.","meta":{"rootId":"t79pdgjafk9hsy6","id":"t79pdgjafk9hsy6"},"id":"151m9mlpzcwgy1y","previousOperationId":"myvuqb0q3h3gho8"}
{"type":"log","timestamp":1731245449262,"level":"debug","message":"Base url not specified, skipping its injection.","meta":{"rootId":"t79pdgjafk9hsy6","id":"t79pdgjafk9hsy6"},"id":"avrzg37lag8h3au","previousOperationId":"myvuqb0q3h3gho8"}
{"type":"log","timestamp":1731245449265,"level":"debug","message":"Replaced assets [\"KhmerOSSiemreapRegular.ttf\"]","meta":{"rootId":"t79pdgjafk9hsy6","id":"t79pdgjafk9hsy6"},"id":"a6upnar9f4rqsbc","previousOperationId":"myvuqb0q3h3gho8"}
{"type":"operationStart","subtype":"engine","name":"handlebars","timestamp":1731245449265,"id":"h1afbe0co0nq1x4","previousEventId":"z30yigrzc2tfz3x","operationId":"k3psbdhy65g5546","previousOperationId":"myvuqb0q3h3gho8"}
{"type":"log","timestamp":1731245449265,"level":"debug","message":"Rendering engine handlebars","meta":{"rootId":"t79pdgjafk9hsy6","id":"t79pdgjafk9hsy6"},"id":"96lw7xnbyov8iae","previousOperationId":"k3psbdhy65g5546"}
{"type":"operationEnd","operationId":"k3psbdhy65g5546","timestamp":1731245449291,"id":"t2dxuw4ubg6msu6","previousEventId":"h1afbe0co0nq1x4","previousOperationId":"k3psbdhy65g5546"}
{"type":"operationStart","subtype":"recipe","name":"html-to-xlsx","timestamp":1731245449294,"id":"4khs8gs1jhi2tp9","previousEventId":"t2dxuw4ubg6msu6","operationId":"2un3th1inju01u1","previousOperationId":"k3psbdhy65g5546"}
{"type":"log","timestamp":1731245449294,"level":"debug","message":"Executing recipe html-to-xlsx","meta":{"rootId":"t79pdgjafk9hsy6","id":"t79pdgjafk9hsy6"},"id":"as88q7uk0jv53xr","previousOperationId":"2un3th1inju01u1"}
{"type":"log","timestamp":1731245449294,"level":"info","message":"html-to-xlsx generation is starting","meta":{"rootId":"t79pdgjafk9hsy6","id":"t79pdgjafk9hsy6"},"id":"hc0cgnvpjjsetjx","previousOperationId":"2un3th1inju01u1"}
{"type":"log","timestamp":1731245450059,"level":"info","message":"html-to-xlsx generation was finished","meta":{"rootId":"t79pdgjafk9hsy6","id":"t79pdgjafk9hsy6"},"id":"x2ubdfzqmwkkv35","previousOperationId":"2un3th1inju01u1"}
{"type":"log","timestamp":1731245450059,"level":"debug","message":"preparing office preview","meta":{"rootId":"t79pdgjafk9hsy6","id":"t79pdgjafk9hsy6"},"id":"8lfiiuy5u7bm6bw","previousOperationId":"2un3th1inju01u1"}
{"type":"operationEnd","operationId":"2un3th1inju01u1","timestamp":1731245450631,"id":"m9lx9sfxwlcttvq","previousEventId":"4khs8gs1jhi2tp9","previousOperationId":"2un3th1inju01u1"}
{"type":"log","timestamp":1731245450631,"level":"debug","message":"Skipping storing report.","meta":{"rootId":"t79pdgjafk9hsy6","id":"t79pdgjafk9hsy6"},"id":"ibwk71q7za9zqu7","previousOperationId":"2un3th1inju01u1"}
{"type":"log","timestamp":1731245450631,"level":"info","message":"Rendering request 70 finished in 1380 ms","meta":{"rootId":"t79pdgjafk9hsy6","id":"t79pdgjafk9hsy6"},"id":"003uutjv1xls5ow","previousOperationId":"2un3th1inju01u1"}
{"type":"operationEnd","subtype":"render","operationId":"myvuqb0q3h3gho8","timestamp":1731245450631,"id":"8yjz6k38d25cn50","previousEventId":"m9lx9sfxwlcttvq","previousOperationId":"2un3th1inju01u1"}
{"type":"operationEnd","doDiffs":false,"previousEventId":"6ib1hct0syv81n6","previousOperationId":"hwrs23l888colvj","operationId":"hwrs23l888colvj","timestamp":1731245450633,"id":"ecs6iilo0kro0g4"}
