{"type":"operationStart","subtype":"profile","data":{"_id":"M6PXOa1o4QqLfslr","timestamp":"2024-11-10T08:32:36.711Z","state":"queued","mode":"standard","creationDate":"2024-11-10T08:32:36.714Z","modificationDate":"2024-11-10T08:32:36.714Z","shortid":"Rnq0vHs","inheritedReadPermissions":[],"inheritedEditPermissions":[],"$entitySet":"profiles"},"doDiffs":false,"timestamp":1731227556713,"id":"cnkvrjs4jxyim1z","previousOperationId":null,"operationId":"ogiqi66jiyyh0yi"}
{"type":"log","level":"info","message":"Render request 128 queued for execution and waiting for available worker","previousOperationId":"ogiqi66jiyyh0yi","timestamp":1731227556713,"id":"r8zcaqisnipvnnl"}
{"type":"operationStart","subtype":"render","name":"new-excl-template","previousOperationId":"ogiqi66jiyyh0yi","timestamp":1731227556723,"id":"qsdirdn4bxd48ob","previousEventId":"cnkvrjs4jxyim1z","operationId":"pqqgusf2iohly0d"}
{"type":"log","timestamp":1731227556723,"level":"info","message":"Starting rendering request 128 (user: admin)","meta":{"rootId":"tghnomiq82qr2yz","id":"tghnomiq82qr2yz"},"id":"rqjqgiwlbzi3ab3","previousOperationId":"pqqgusf2iohly0d"}
{"type":"log","timestamp":1731227556723,"level":"info","message":"Rendering template { name: new-excl-template, recipe: html-to-xlsx, engine: handlebars, preview: true }","meta":{"rootId":"tghnomiq82qr2yz","id":"tghnomiq82qr2yz"},"id":"h0a1bnlspihrdk4","previousOperationId":"pqqgusf2iohly0d"}
{"type":"log","timestamp":1731227556724,"level":"debug","message":"Adding sample data pVkbCM7am","meta":{"rootId":"tghnomiq82qr2yz","id":"tghnomiq82qr2yz"},"id":"l33wdt28fl3tqa9","previousOperationId":"pqqgusf2iohly0d"}
{"type":"log","timestamp":1731227556726,"level":"debug","message":"Base url not specified, skipping its injection.","meta":{"rootId":"tghnomiq82qr2yz","id":"tghnomiq82qr2yz"},"id":"y83byz0ki67cpg2","previousOperationId":"pqqgusf2iohly0d"}
{"type":"log","timestamp":1731227556729,"level":"debug","message":"Replaced assets [\"/asset/font/KhmerOSSiemreapRegular.ttf\"]","meta":{"rootId":"tghnomiq82qr2yz","id":"tghnomiq82qr2yz"},"id":"v1x5vblm74hd3p9","previousOperationId":"pqqgusf2iohly0d"}
{"type":"operationStart","subtype":"engine","name":"handlebars","timestamp":1731227556729,"id":"1noh7cmpwvsgqyt","previousEventId":"qsdirdn4bxd48ob","operationId":"j8bz7a8ecrd1ewm","previousOperationId":"pqqgusf2iohly0d"}
{"type":"log","timestamp":1731227556729,"level":"debug","message":"Rendering engine handlebars","meta":{"rootId":"tghnomiq82qr2yz","id":"tghnomiq82qr2yz"},"id":"grxiz2c5elx24da","previousOperationId":"j8bz7a8ecrd1ewm"}
{"type":"operationEnd","operationId":"j8bz7a8ecrd1ewm","timestamp":1731227556747,"id":"xxsxtv4hg57qv0y","previousEventId":"1noh7cmpwvsgqyt","previousOperationId":"j8bz7a8ecrd1ewm"}
{"type":"operationStart","subtype":"recipe","name":"html-to-xlsx","timestamp":1731227556750,"id":"086hierbdjrywo2","previousEventId":"xxsxtv4hg57qv0y","operationId":"rrfm63rfg7f0328","previousOperationId":"j8bz7a8ecrd1ewm"}
{"type":"log","timestamp":1731227556750,"level":"debug","message":"Executing recipe html-to-xlsx","meta":{"rootId":"tghnomiq82qr2yz","id":"tghnomiq82qr2yz"},"id":"d0zz6q1fr1pxi5j","previousOperationId":"rrfm63rfg7f0328"}
{"type":"log","timestamp":1731227556750,"level":"info","message":"html-to-xlsx generation is starting","meta":{"rootId":"tghnomiq82qr2yz","id":"tghnomiq82qr2yz"},"id":"r67ghb10hvxd0au","previousOperationId":"rrfm63rfg7f0328"}
{"type":"log","timestamp":1731227557706,"level":"info","message":"html-to-xlsx generation was finished","meta":{"rootId":"tghnomiq82qr2yz","id":"tghnomiq82qr2yz"},"id":"d2fr9ugwlbz9fgd","previousOperationId":"rrfm63rfg7f0328"}
{"type":"log","timestamp":1731227557706,"level":"debug","message":"preparing office preview","meta":{"rootId":"tghnomiq82qr2yz","id":"tghnomiq82qr2yz"},"id":"y6mkmc53hb2ag99","previousOperationId":"rrfm63rfg7f0328"}
{"type":"operationEnd","operationId":"rrfm63rfg7f0328","timestamp":1731227558151,"id":"3uq6k9cn47csaig","previousEventId":"086hierbdjrywo2","previousOperationId":"rrfm63rfg7f0328"}
{"type":"log","timestamp":1731227558152,"level":"debug","message":"Skipping storing report.","meta":{"rootId":"tghnomiq82qr2yz","id":"tghnomiq82qr2yz"},"id":"vrm38odolks9bft","previousOperationId":"rrfm63rfg7f0328"}
{"type":"log","timestamp":1731227558152,"level":"info","message":"Rendering request 128 finished in 1441 ms","meta":{"rootId":"tghnomiq82qr2yz","id":"tghnomiq82qr2yz"},"id":"z9hktsvc3rwxqq5","previousOperationId":"rrfm63rfg7f0328"}
{"type":"operationEnd","subtype":"render","operationId":"pqqgusf2iohly0d","timestamp":1731227558152,"id":"t6ofy1wi4falyuk","previousEventId":"3uq6k9cn47csaig","previousOperationId":"rrfm63rfg7f0328"}
{"type":"operationEnd","doDiffs":false,"previousEventId":"cnkvrjs4jxyim1z","previousOperationId":"ogiqi66jiyyh0yi","operationId":"ogiqi66jiyyh0yi","timestamp":1731227558154,"id":"4v1s17ed9yw1ogl"}
