{"type":"operationStart","subtype":"profile","data":{"_id":"daNbnYkraWJJDAci","timestamp":"2024-11-10T10:01:05.047Z","state":"queued","mode":"standard","creationDate":"2024-11-10T10:01:05.049Z","modificationDate":"2024-11-10T10:01:05.049Z","shortid":"tW0CF30","inheritedReadPermissions":[],"inheritedEditPermissions":[],"$entitySet":"profiles"},"doDiffs":false,"timestamp":1731232865049,"id":"d0gwi2jtlhsvzdp","previousOperationId":null,"operationId":"sunyxup4jich5t9"}
{"type":"log","level":"info","message":"Render request 286 queued for execution and waiting for available worker","previousOperationId":"sunyxup4jich5t9","timestamp":1731232865049,"id":"3rmjbet92gfbj2m"}
{"type":"operationStart","subtype":"render","name":"new-excl-template","previousOperationId":"sunyxup4jich5t9","timestamp":1731232865056,"id":"1pq2ctl8px6maf8","previousEventId":"d0gwi2jtlhsvzdp","operationId":"yh6vdjthmdyv56t"}
{"type":"log","timestamp":1731232865056,"level":"info","message":"Starting rendering request 286 (user: admin)","meta":{"rootId":"tgs7iuguzi9f5vf","id":"tgs7iuguzi9f5vf"},"id":"kuibeihpt6fc4il","previousOperationId":"yh6vdjthmdyv56t"}
{"type":"log","timestamp":1731232865056,"level":"info","message":"Rendering template { name: new-excl-template, recipe: html-to-xlsx, engine: handlebars, preview: true }","meta":{"rootId":"tgs7iuguzi9f5vf","id":"tgs7iuguzi9f5vf"},"id":"kyy32yuztb1ij97","previousOperationId":"yh6vdjthmdyv56t"}
{"type":"log","timestamp":1731232865057,"level":"debug","message":"Adding sample data pVkbCM7am","meta":{"rootId":"tgs7iuguzi9f5vf","id":"tgs7iuguzi9f5vf"},"id":"fqlwdecbl7sropm","previousOperationId":"yh6vdjthmdyv56t"}
{"type":"log","timestamp":1731232865058,"level":"debug","message":"Base url not specified, skipping its injection.","meta":{"rootId":"tgs7iuguzi9f5vf","id":"tgs7iuguzi9f5vf"},"id":"lb4em3nqiy9p7g3","previousOperationId":"yh6vdjthmdyv56t"}
{"type":"log","timestamp":1731232865060,"level":"debug","message":"Replaced assets [\"KhmerOSSiemreapRegular.ttf\"]","meta":{"rootId":"tgs7iuguzi9f5vf","id":"tgs7iuguzi9f5vf"},"id":"o1q0l5mpxmqemrp","previousOperationId":"yh6vdjthmdyv56t"}
{"type":"operationStart","subtype":"engine","name":"handlebars","timestamp":1731232865060,"id":"syyam5svgjie545","previousEventId":"1pq2ctl8px6maf8","operationId":"g75hyqz6rc8u7fx","previousOperationId":"yh6vdjthmdyv56t"}
{"type":"log","timestamp":1731232865060,"level":"debug","message":"Rendering engine handlebars","meta":{"rootId":"tgs7iuguzi9f5vf","id":"tgs7iuguzi9f5vf"},"id":"2g7byl7x7gvsl9z","previousOperationId":"g75hyqz6rc8u7fx"}
{"type":"operationEnd","operationId":"g75hyqz6rc8u7fx","timestamp":1731232865073,"id":"d9xu0x34ls2kew5","previousEventId":"syyam5svgjie545","previousOperationId":"g75hyqz6rc8u7fx"}
{"type":"operationStart","subtype":"recipe","name":"html-to-xlsx","timestamp":1731232865074,"id":"g415o4ajovi5lqr","previousEventId":"d9xu0x34ls2kew5","operationId":"b5g7h2c4wddonzn","previousOperationId":"g75hyqz6rc8u7fx"}
{"type":"log","timestamp":1731232865074,"level":"debug","message":"Executing recipe html-to-xlsx","meta":{"rootId":"tgs7iuguzi9f5vf","id":"tgs7iuguzi9f5vf"},"id":"c2e0c6zfukpr7p4","previousOperationId":"b5g7h2c4wddonzn"}
{"type":"log","timestamp":1731232865074,"level":"info","message":"html-to-xlsx generation is starting","meta":{"rootId":"tgs7iuguzi9f5vf","id":"tgs7iuguzi9f5vf"},"id":"k0nm34l77iy9v6c","previousOperationId":"b5g7h2c4wddonzn"}
{"type":"log","timestamp":1731232865629,"level":"info","message":"html-to-xlsx generation was finished","meta":{"rootId":"tgs7iuguzi9f5vf","id":"tgs7iuguzi9f5vf"},"id":"wfe3vn6i1r3k6wm","previousOperationId":"b5g7h2c4wddonzn"}
{"type":"log","timestamp":1731232865629,"level":"debug","message":"preparing office preview","meta":{"rootId":"tgs7iuguzi9f5vf","id":"tgs7iuguzi9f5vf"},"id":"q027uyyl8zm3afw","previousOperationId":"b5g7h2c4wddonzn"}
{"type":"operationEnd","operationId":"b5g7h2c4wddonzn","timestamp":1731232866131,"id":"ydnobivrtwyugkx","previousEventId":"g415o4ajovi5lqr","previousOperationId":"b5g7h2c4wddonzn"}
{"type":"log","timestamp":1731232866131,"level":"debug","message":"Skipping storing report.","meta":{"rootId":"tgs7iuguzi9f5vf","id":"tgs7iuguzi9f5vf"},"id":"255g2vnqprgasab","previousOperationId":"b5g7h2c4wddonzn"}
{"type":"log","timestamp":1731232866131,"level":"info","message":"Rendering request 286 finished in 1084 ms","meta":{"rootId":"tgs7iuguzi9f5vf","id":"tgs7iuguzi9f5vf"},"id":"g8bzjs0185u1py9","previousOperationId":"b5g7h2c4wddonzn"}
{"type":"operationEnd","subtype":"render","operationId":"yh6vdjthmdyv56t","timestamp":1731232866131,"id":"y0unn9dvy9j02xj","previousEventId":"ydnobivrtwyugkx","previousOperationId":"b5g7h2c4wddonzn"}
{"type":"operationEnd","doDiffs":false,"previousEventId":"d0gwi2jtlhsvzdp","previousOperationId":"sunyxup4jich5t9","operationId":"sunyxup4jich5t9","timestamp":1731232866135,"id":"6ofya83vvz3km5u"}
