{"type":"operationStart","subtype":"profile","data":{"_id":"4rWEz2go2aWLh7fT","timestamp":"2024-11-10T08:40:13.689Z","state":"queued","mode":"standard","creationDate":"2024-11-10T08:40:13.691Z","modificationDate":"2024-11-10T08:40:13.691Z","shortid":"OIpgbAv","inheritedReadPermissions":[],"inheritedEditPermissions":[],"$entitySet":"profiles"},"doDiffs":false,"timestamp":1731228013690,"id":"xmpg8w4c2l83ils","previousOperationId":null,"operationId":"s8u93dsry7ysucw"}
{"type":"log","level":"info","message":"Render request 143 queued for execution and waiting for available worker","previousOperationId":"s8u93dsry7ysucw","timestamp":1731228013691,"id":"3em3txeds9opp4o"}
{"type":"operationStart","subtype":"render","name":"new-excl-template","previousOperationId":"s8u93dsry7ysucw","timestamp":1731228013701,"id":"6k83fb4hl6xws3p","previousEventId":"xmpg8w4c2l83ils","operationId":"ynaxytbltoj8nfu"}
{"type":"log","timestamp":1731228013701,"level":"info","message":"Starting rendering request 143 (user: admin)","meta":{"rootId":"tijcldj6z87fhds","id":"tijcldj6z87fhds"},"id":"06ajr12q6sr0j7e","previousOperationId":"ynaxytbltoj8nfu"}
{"type":"log","timestamp":1731228013701,"level":"info","message":"Rendering template { name: new-excl-template, recipe: html-to-xlsx, engine: handlebars, preview: true }","meta":{"rootId":"tijcldj6z87fhds","id":"tijcldj6z87fhds"},"id":"xp5qdorkek7w9o6","previousOperationId":"ynaxytbltoj8nfu"}
{"type":"log","timestamp":1731228013701,"level":"debug","message":"Inline data specified.","meta":{"rootId":"tijcldj6z87fhds","id":"tijcldj6z87fhds"},"id":"74mnitlupow6uqe","previousOperationId":"ynaxytbltoj8nfu"}
{"type":"log","timestamp":1731228013703,"level":"debug","message":"Base url not specified, skipping its injection.","meta":{"rootId":"tijcldj6z87fhds","id":"tijcldj6z87fhds"},"id":"obi57axtuy0d8vq","previousOperationId":"ynaxytbltoj8nfu"}
{"type":"log","timestamp":1731228013705,"level":"debug","message":"Replaced assets [\"/asset/font/KhmerOSSiemreapRegular.ttf\"]","meta":{"rootId":"tijcldj6z87fhds","id":"tijcldj6z87fhds"},"id":"20ea6f5bdi1zxl5","previousOperationId":"ynaxytbltoj8nfu"}
{"type":"operationStart","subtype":"engine","name":"handlebars","timestamp":1731228013705,"id":"4aaln8g1kvfo7rs","previousEventId":"6k83fb4hl6xws3p","operationId":"cxn00d8cxy7f7zq","previousOperationId":"ynaxytbltoj8nfu"}
{"type":"log","timestamp":1731228013705,"level":"debug","message":"Rendering engine handlebars","meta":{"rootId":"tijcldj6z87fhds","id":"tijcldj6z87fhds"},"id":"ryp0xgtqywue6hu","previousOperationId":"cxn00d8cxy7f7zq"}
{"type":"operationEnd","operationId":"cxn00d8cxy7f7zq","timestamp":1731228013719,"id":"n1supxxgn4196fy","previousEventId":"4aaln8g1kvfo7rs","previousOperationId":"cxn00d8cxy7f7zq"}
{"type":"operationStart","subtype":"recipe","name":"html-to-xlsx","timestamp":1731228013721,"id":"vj36nz30i3gwnk3","previousEventId":"n1supxxgn4196fy","operationId":"w797vy1wsorioql","previousOperationId":"cxn00d8cxy7f7zq"}
{"type":"log","timestamp":1731228013721,"level":"debug","message":"Executing recipe html-to-xlsx","meta":{"rootId":"tijcldj6z87fhds","id":"tijcldj6z87fhds"},"id":"1gke6ggvtu725zj","previousOperationId":"w797vy1wsorioql"}
{"type":"log","timestamp":1731228013721,"level":"info","message":"html-to-xlsx generation is starting","meta":{"rootId":"tijcldj6z87fhds","id":"tijcldj6z87fhds"},"id":"baf5chqnokgap6d","previousOperationId":"w797vy1wsorioql"}
{"type":"log","timestamp":1731228014556,"level":"info","message":"html-to-xlsx generation was finished","meta":{"rootId":"tijcldj6z87fhds","id":"tijcldj6z87fhds"},"id":"ujter8cxemmaitc","previousOperationId":"w797vy1wsorioql"}
{"type":"log","timestamp":1731228014556,"level":"debug","message":"preparing office preview","meta":{"rootId":"tijcldj6z87fhds","id":"tijcldj6z87fhds"},"id":"chucjii2fucqz3m","previousOperationId":"w797vy1wsorioql"}
{"type":"operationEnd","operationId":"w797vy1wsorioql","timestamp":1731228014998,"id":"5gk28m8pgilre48","previousEventId":"vj36nz30i3gwnk3","previousOperationId":"w797vy1wsorioql"}
{"type":"log","timestamp":1731228014998,"level":"debug","message":"Skipping storing report.","meta":{"rootId":"tijcldj6z87fhds","id":"tijcldj6z87fhds"},"id":"d1yblfee6llo827","previousOperationId":"w797vy1wsorioql"}
{"type":"log","timestamp":1731228014998,"level":"info","message":"Rendering request 143 finished in 1309 ms","meta":{"rootId":"tijcldj6z87fhds","id":"tijcldj6z87fhds"},"id":"163zqj7s56g8uol","previousOperationId":"w797vy1wsorioql"}
{"type":"operationEnd","subtype":"render","operationId":"ynaxytbltoj8nfu","timestamp":1731228014998,"id":"12oyupy2bwus9ww","previousEventId":"5gk28m8pgilre48","previousOperationId":"w797vy1wsorioql"}
{"type":"operationEnd","doDiffs":false,"previousEventId":"xmpg8w4c2l83ils","previousOperationId":"s8u93dsry7ysucw","operationId":"s8u93dsry7ysucw","timestamp":1731228015000,"id":"r5j7qzdlm6sn5wn"}
