{"type":"operationStart","subtype":"profile","data":{"_id":"uZ7Wq20gdoK2X2iH","timestamp":"2024-11-10T08:51:49.343Z","state":"queued","mode":"standard","creationDate":"2024-11-10T08:51:49.345Z","modificationDate":"2024-11-10T08:51:49.345Z","shortid":"GExNAFM","inheritedReadPermissions":[],"inheritedEditPermissions":[],"$entitySet":"profiles"},"doDiffs":false,"timestamp":1731228709344,"id":"cucbj4eaum06pl4","previousOperationId":null,"operationId":"c0oxx2lsthg9fgj"}
{"type":"log","level":"info","message":"Render request 157 queued for execution and waiting for available worker","previousOperationId":"c0oxx2lsthg9fgj","timestamp":1731228709344,"id":"y55sulzc9anqwjl"}
{"type":"operationStart","subtype":"render","name":"new-excl-template","previousOperationId":"c0oxx2lsthg9fgj","timestamp":1731228709353,"id":"ynndm5sf9ncjn6g","previousEventId":"cucbj4eaum06pl4","operationId":"nb10u319s08cnq8"}
{"type":"log","timestamp":1731228709353,"level":"info","message":"Starting rendering request 157 (user: admin)","meta":{"rootId":"tkh632z1754358j","id":"tkh632z1754358j"},"id":"zhlqlur4kuchv20","previousOperationId":"nb10u319s08cnq8"}
{"type":"log","timestamp":1731228709353,"level":"info","message":"Rendering template { name: new-excl-template, recipe: html-to-xlsx, engine: handlebars, preview: true }","meta":{"rootId":"tkh632z1754358j","id":"tkh632z1754358j"},"id":"tth5dqkfzn21v43","previousOperationId":"nb10u319s08cnq8"}
{"type":"log","timestamp":1731228709353,"level":"debug","message":"Inline data specified.","meta":{"rootId":"tkh632z1754358j","id":"tkh632z1754358j"},"id":"9sliz29v9ebyi6r","previousOperationId":"nb10u319s08cnq8"}
{"type":"log","timestamp":1731228709355,"level":"debug","message":"Base url not specified, skipping its injection.","meta":{"rootId":"tkh632z1754358j","id":"tkh632z1754358j"},"id":"1z7ghh0iesqqktj","previousOperationId":"nb10u319s08cnq8"}
{"type":"log","timestamp":1731228709357,"level":"debug","message":"Replaced assets [\"KhmerOSSiemreapRegular.ttf\"]","meta":{"rootId":"tkh632z1754358j","id":"tkh632z1754358j"},"id":"i9fhslcwj6pvde5","previousOperationId":"nb10u319s08cnq8"}
{"type":"operationStart","subtype":"engine","name":"handlebars","timestamp":1731228709357,"id":"cn0qd6jungjso8p","previousEventId":"ynndm5sf9ncjn6g","operationId":"muq6f30hoctybb8","previousOperationId":"nb10u319s08cnq8"}
{"type":"log","timestamp":1731228709357,"level":"debug","message":"Rendering engine handlebars","meta":{"rootId":"tkh632z1754358j","id":"tkh632z1754358j"},"id":"mtb85cmwc2qefo1","previousOperationId":"muq6f30hoctybb8"}
{"type":"operationEnd","operationId":"muq6f30hoctybb8","timestamp":1731228709380,"id":"c0komebfhmrro6s","previousEventId":"cn0qd6jungjso8p","previousOperationId":"muq6f30hoctybb8"}
{"type":"operationStart","subtype":"recipe","name":"html-to-xlsx","timestamp":1731228709385,"id":"6byqo42yba4l6fi","previousEventId":"c0komebfhmrro6s","operationId":"a3uughishjg02sn","previousOperationId":"muq6f30hoctybb8"}
{"type":"log","timestamp":1731228709385,"level":"debug","message":"Executing recipe html-to-xlsx","meta":{"rootId":"tkh632z1754358j","id":"tkh632z1754358j"},"id":"toku6kpy5dokots","previousOperationId":"a3uughishjg02sn"}
{"type":"log","timestamp":1731228709386,"level":"info","message":"html-to-xlsx generation is starting","meta":{"rootId":"tkh632z1754358j","id":"tkh632z1754358j"},"id":"4a698qmxr99warn","previousOperationId":"a3uughishjg02sn"}
{"type":"log","timestamp":1731228710258,"level":"info","message":"html-to-xlsx generation was finished","meta":{"rootId":"tkh632z1754358j","id":"tkh632z1754358j"},"id":"u1vqymis7dquvvj","previousOperationId":"a3uughishjg02sn"}
{"type":"log","timestamp":1731228710258,"level":"debug","message":"preparing office preview","meta":{"rootId":"tkh632z1754358j","id":"tkh632z1754358j"},"id":"w2ud8qfkven5kyc","previousOperationId":"a3uughishjg02sn"}
{"type":"operationEnd","operationId":"a3uughishjg02sn","timestamp":1731228710700,"id":"rj4gjxst93oz4vg","previousEventId":"6byqo42yba4l6fi","previousOperationId":"a3uughishjg02sn"}
{"type":"log","timestamp":1731228710700,"level":"debug","message":"Skipping storing report.","meta":{"rootId":"tkh632z1754358j","id":"tkh632z1754358j"},"id":"w6c5j1c6vdew5wo","previousOperationId":"a3uughishjg02sn"}
{"type":"log","timestamp":1731228710700,"level":"info","message":"Rendering request 157 finished in 1357 ms","meta":{"rootId":"tkh632z1754358j","id":"tkh632z1754358j"},"id":"ip813s59qmfekyr","previousOperationId":"a3uughishjg02sn"}
{"type":"operationEnd","subtype":"render","operationId":"nb10u319s08cnq8","timestamp":1731228710700,"id":"lubfbho0i1w4f20","previousEventId":"rj4gjxst93oz4vg","previousOperationId":"a3uughishjg02sn"}
{"type":"operationEnd","doDiffs":false,"previousEventId":"cucbj4eaum06pl4","previousOperationId":"c0oxx2lsthg9fgj","operationId":"c0oxx2lsthg9fgj","timestamp":1731228710703,"id":"m4ntstdh00wp6cl"}
