{"type":"operationStart","subtype":"profile","data":{"_id":"toUVFZSa3ovyyS0G","timestamp":"2024-11-10T15:40:42.969Z","state":"queued","mode":"standard","creationDate":"2024-11-10T15:40:42.970Z","modificationDate":"2024-11-10T15:40:42.970Z","shortid":"qoKSumj","inheritedReadPermissions":[],"inheritedEditPermissions":[],"$entitySet":"profiles"},"doDiffs":false,"timestamp":1731253242970,"id":"9dkfvec5itwf1wt","previousOperationId":null,"operationId":"v7rxximu0lze9as"}
{"type":"log","level":"info","message":"Render request 209 queued for execution and waiting for available worker","previousOperationId":"v7rxximu0lze9as","timestamp":1731253242970,"id":"wsazvsrtd4qgqez"}
{"type":"operationStart","subtype":"render","name":"new-excl-template","previousOperationId":"v7rxximu0lze9as","timestamp":1731253242977,"id":"6kmjzelbmsziv2g","previousEventId":"9dkfvec5itwf1wt","operationId":"dsuni6gvwiifzhp"}
{"type":"log","timestamp":1731253242977,"level":"info","message":"Starting rendering request 209 (user: admin)","meta":{"rootId":"tm4l28012b4v7qv","id":"tm4l28012b4v7qv"},"id":"fx47id9p7gfuafb","previousOperationId":"dsuni6gvwiifzhp"}
{"type":"log","timestamp":1731253242977,"level":"info","message":"Rendering template { name: new-excl-template, recipe: html-to-xlsx, engine: handlebars, preview: false }","meta":{"rootId":"tm4l28012b4v7qv","id":"tm4l28012b4v7qv"},"id":"5kxv3cn9w1cqb3u","previousOperationId":"dsuni6gvwiifzhp"}
{"type":"log","timestamp":1731253242978,"level":"debug","message":"Adding sample data pVkbCM7am","meta":{"rootId":"tm4l28012b4v7qv","id":"tm4l28012b4v7qv"},"id":"ujfxn09sbw0fcl8","previousOperationId":"dsuni6gvwiifzhp"}
{"type":"log","timestamp":1731253242980,"level":"debug","message":"Base url not specified, skipping its injection.","meta":{"rootId":"tm4l28012b4v7qv","id":"tm4l28012b4v7qv"},"id":"hxe71okn8fq7uyc","previousOperationId":"dsuni6gvwiifzhp"}
{"type":"log","timestamp":1731253242981,"level":"debug","message":"Replaced assets [\"KhmerOSSiemreapRegular.ttf\"]","meta":{"rootId":"tm4l28012b4v7qv","id":"tm4l28012b4v7qv"},"id":"wsc3wigrndgty1l","previousOperationId":"dsuni6gvwiifzhp"}
{"type":"operationStart","subtype":"engine","name":"handlebars","timestamp":1731253242981,"id":"4va4pzpavwn99ko","previousEventId":"6kmjzelbmsziv2g","operationId":"1530zlv28hbumpj","previousOperationId":"dsuni6gvwiifzhp"}
{"type":"log","timestamp":1731253242981,"level":"debug","message":"Rendering engine handlebars","meta":{"rootId":"tm4l28012b4v7qv","id":"tm4l28012b4v7qv"},"id":"fyhhjutye6hlvl4","previousOperationId":"1530zlv28hbumpj"}
{"type":"operationEnd","operationId":"1530zlv28hbumpj","timestamp":1731253242989,"id":"40uqya36n4dtql6","previousEventId":"4va4pzpavwn99ko","previousOperationId":"1530zlv28hbumpj"}
{"type":"operationStart","subtype":"recipe","name":"html-to-xlsx","timestamp":1731253242991,"id":"8221nfc3o0vm56i","previousEventId":"40uqya36n4dtql6","operationId":"nqpor4rv3piniqi","previousOperationId":"1530zlv28hbumpj"}
{"type":"log","timestamp":1731253242991,"level":"debug","message":"Executing recipe html-to-xlsx","meta":{"rootId":"tm4l28012b4v7qv","id":"tm4l28012b4v7qv"},"id":"sjjr3oet5oxff2p","previousOperationId":"nqpor4rv3piniqi"}
{"type":"log","timestamp":1731253242991,"level":"info","message":"html-to-xlsx generation is starting","meta":{"rootId":"tm4l28012b4v7qv","id":"tm4l28012b4v7qv"},"id":"wr4dwkytuduvsrn","previousOperationId":"nqpor4rv3piniqi"}
{"type":"log","timestamp":1731253243544,"level":"info","message":"html-to-xlsx generation was finished","meta":{"rootId":"tm4l28012b4v7qv","id":"tm4l28012b4v7qv"},"id":"3qs8ht8804hlhdq","previousOperationId":"nqpor4rv3piniqi"}
{"type":"operationEnd","operationId":"nqpor4rv3piniqi","timestamp":1731253243545,"id":"5cd72ff040sdrbr","previousEventId":"8221nfc3o0vm56i","previousOperationId":"nqpor4rv3piniqi"}
{"type":"log","timestamp":1731253243545,"level":"debug","message":"Skipping storing report.","meta":{"rootId":"tm4l28012b4v7qv","id":"tm4l28012b4v7qv"},"id":"jnipon4cn22wq21","previousOperationId":"nqpor4rv3piniqi"}
{"type":"log","timestamp":1731253243545,"level":"info","message":"Rendering request 209 finished in 576 ms","meta":{"rootId":"tm4l28012b4v7qv","id":"tm4l28012b4v7qv"},"id":"3luoib43rg6hw2j","previousOperationId":"nqpor4rv3piniqi"}
{"type":"operationEnd","subtype":"render","operationId":"dsuni6gvwiifzhp","timestamp":1731253243545,"id":"jndb5cfwsqp6or1","previousEventId":"5cd72ff040sdrbr","previousOperationId":"nqpor4rv3piniqi"}
{"type":"operationEnd","doDiffs":false,"previousEventId":"9dkfvec5itwf1wt","previousOperationId":"v7rxximu0lze9as","operationId":"v7rxximu0lze9as","timestamp":1731253243546,"id":"wi94mpiklyv2pjj"}
