{"type":"operationStart","subtype":"profile","data":{"_id":"fWx5SfLum2jsmQrm","timestamp":"2024-11-10T13:03:39.064Z","state":"queued","mode":"standard","creationDate":"2024-11-10T13:03:39.066Z","modificationDate":"2024-11-10T13:03:39.066Z","shortid":"n2hNEAu","inheritedReadPermissions":[],"inheritedEditPermissions":[],"$entitySet":"profiles"},"doDiffs":false,"timestamp":1731243819065,"id":"qvinodxu6e77bhx","previousOperationId":null,"operationId":"6yxk2p8ewce2zdv"}
{"type":"log","level":"info","message":"Render request 6 queued for execution and waiting for available worker","previousOperationId":"6yxk2p8ewce2zdv","timestamp":1731243819066,"id":"r8d8r9tf0eekvk0"}
{"type":"operationStart","subtype":"render","name":"new-excl-template","previousOperationId":"6yxk2p8ewce2zdv","timestamp":1731243819075,"id":"usansttvdrcwwby","previousEventId":"qvinodxu6e77bhx","operationId":"9iho3ufm4fi49tk"}
{"type":"log","timestamp":1731243819075,"level":"info","message":"Starting rendering request 6 (user: admin)","meta":{"rootId":"tptrifm1l9gwa5g","id":"tptrifm1l9gwa5g"},"id":"eudz19t11aoh16k","previousOperationId":"9iho3ufm4fi49tk"}
{"type":"log","timestamp":1731243819075,"level":"info","message":"Rendering template { name: new-excl-template, recipe: html-to-xlsx, engine: handlebars, preview: true }","meta":{"rootId":"tptrifm1l9gwa5g","id":"tptrifm1l9gwa5g"},"id":"ydkblh2ukj5slmh","previousOperationId":"9iho3ufm4fi49tk"}
{"type":"log","timestamp":1731243819076,"level":"debug","message":"Adding sample data pVkbCM7am","meta":{"rootId":"tptrifm1l9gwa5g","id":"tptrifm1l9gwa5g"},"id":"ubvctu6vtnkfzba","previousOperationId":"9iho3ufm4fi49tk"}
{"type":"log","timestamp":1731243819077,"level":"debug","message":"Base url not specified, skipping its injection.","meta":{"rootId":"tptrifm1l9gwa5g","id":"tptrifm1l9gwa5g"},"id":"1istykgep6d9pcu","previousOperationId":"9iho3ufm4fi49tk"}
{"type":"log","timestamp":1731243819079,"level":"debug","message":"Replaced assets [\"KhmerOSSiemreapRegular.ttf\"]","meta":{"rootId":"tptrifm1l9gwa5g","id":"tptrifm1l9gwa5g"},"id":"3sk6r3t0v9zngxm","previousOperationId":"9iho3ufm4fi49tk"}
{"type":"operationStart","subtype":"engine","name":"handlebars","timestamp":1731243819079,"id":"cimojvkmgirhntg","previousEventId":"usansttvdrcwwby","operationId":"hrdw0j19d6i147l","previousOperationId":"9iho3ufm4fi49tk"}
{"type":"log","timestamp":1731243819079,"level":"debug","message":"Rendering engine handlebars","meta":{"rootId":"tptrifm1l9gwa5g","id":"tptrifm1l9gwa5g"},"id":"swwf3ipv16ly523","previousOperationId":"hrdw0j19d6i147l"}
{"type":"operationEnd","operationId":"hrdw0j19d6i147l","timestamp":1731243819091,"id":"ldjmmu0vilcv2n5","previousEventId":"cimojvkmgirhntg","previousOperationId":"hrdw0j19d6i147l"}
{"type":"operationStart","subtype":"recipe","name":"html-to-xlsx","timestamp":1731243819093,"id":"48o9k0b7eqslnlf","previousEventId":"ldjmmu0vilcv2n5","operationId":"8kjhlkgtsj38js0","previousOperationId":"hrdw0j19d6i147l"}
{"type":"log","timestamp":1731243819093,"level":"debug","message":"Executing recipe html-to-xlsx","meta":{"rootId":"tptrifm1l9gwa5g","id":"tptrifm1l9gwa5g"},"id":"aeh6qbof1hpz960","previousOperationId":"8kjhlkgtsj38js0"}
{"type":"log","timestamp":1731243819093,"level":"info","message":"html-to-xlsx generation is starting","meta":{"rootId":"tptrifm1l9gwa5g","id":"tptrifm1l9gwa5g"},"id":"6nsl5pmp7vmbtls","previousOperationId":"8kjhlkgtsj38js0"}
{"type":"log","timestamp":1731243819798,"level":"info","message":"html-to-xlsx generation was finished","meta":{"rootId":"tptrifm1l9gwa5g","id":"tptrifm1l9gwa5g"},"id":"s5d96uqgqe4c4yo","previousOperationId":"8kjhlkgtsj38js0"}
{"type":"log","timestamp":1731243819798,"level":"debug","message":"preparing office preview","meta":{"rootId":"tptrifm1l9gwa5g","id":"tptrifm1l9gwa5g"},"id":"24yd16wpd3d1okh","previousOperationId":"8kjhlkgtsj38js0"}
{"type":"operationEnd","operationId":"8kjhlkgtsj38js0","timestamp":1731243820243,"id":"5vr7x05ol1q5guy","previousEventId":"48o9k0b7eqslnlf","previousOperationId":"8kjhlkgtsj38js0"}
{"type":"log","timestamp":1731243820243,"level":"debug","message":"Skipping storing report.","meta":{"rootId":"tptrifm1l9gwa5g","id":"tptrifm1l9gwa5g"},"id":"kwuspqlteewd95i","previousOperationId":"8kjhlkgtsj38js0"}
{"type":"log","timestamp":1731243820243,"level":"info","message":"Rendering request 6 finished in 1179 ms","meta":{"rootId":"tptrifm1l9gwa5g","id":"tptrifm1l9gwa5g"},"id":"5rh92uutmdhv500","previousOperationId":"8kjhlkgtsj38js0"}
{"type":"operationEnd","subtype":"render","operationId":"9iho3ufm4fi49tk","timestamp":1731243820243,"id":"7lihzy6w82qf0ma","previousEventId":"5vr7x05ol1q5guy","previousOperationId":"8kjhlkgtsj38js0"}
{"type":"operationEnd","doDiffs":false,"previousEventId":"qvinodxu6e77bhx","previousOperationId":"6yxk2p8ewce2zdv","operationId":"6yxk2p8ewce2zdv","timestamp":1731243820246,"id":"gl450qj6u9sii48"}
