{"type":"operationStart","subtype":"profile","data":{"_id":"qXMwgFdmOJ7SG56F","timestamp":"2024-11-10T13:18:36.520Z","state":"queued","mode":"standard","creationDate":"2024-11-10T13:18:36.522Z","modificationDate":"2024-11-10T13:18:36.522Z","shortid":"lX94rNY","inheritedReadPermissions":[],"inheritedEditPermissions":[],"$entitySet":"profiles"},"doDiffs":false,"timestamp":1731244716522,"id":"i6n5zacbvkagdfj","previousOperationId":null,"operationId":"e2hl9vawyxgnxi4"}
{"type":"log","level":"info","message":"Render request 40 queued for execution and waiting for available worker","previousOperationId":"e2hl9vawyxgnxi4","timestamp":1731244716522,"id":"8kfg7i9eobri0si"}
{"type":"operationStart","subtype":"render","name":"new-excl-template","previousOperationId":"e2hl9vawyxgnxi4","timestamp":1731244716530,"id":"3p80ek8rqnh0lh4","previousEventId":"i6n5zacbvkagdfj","operationId":"t2wvatoi58jrfxn"}
{"type":"log","timestamp":1731244716530,"level":"info","message":"Starting rendering request 40 (user: admin)","meta":{"rootId":"tuf4ic7kkfrf625","id":"tuf4ic7kkfrf625"},"id":"8n7e5wnd5mcei3g","previousOperationId":"t2wvatoi58jrfxn"}
{"type":"log","timestamp":1731244716530,"level":"info","message":"Rendering template { name: new-excl-template, recipe: html-to-xlsx, engine: handlebars, preview: true }","meta":{"rootId":"tuf4ic7kkfrf625","id":"tuf4ic7kkfrf625"},"id":"oarq2vv2rt4l4ue","previousOperationId":"t2wvatoi58jrfxn"}
{"type":"log","timestamp":1731244716530,"level":"debug","message":"Inline data specified.","meta":{"rootId":"tuf4ic7kkfrf625","id":"tuf4ic7kkfrf625"},"id":"t5ij520bvzwtn7t","previousOperationId":"t2wvatoi58jrfxn"}
{"type":"log","timestamp":1731244716531,"level":"debug","message":"Base url not specified, skipping its injection.","meta":{"rootId":"tuf4ic7kkfrf625","id":"tuf4ic7kkfrf625"},"id":"b70bs14jqiiyn59","previousOperationId":"t2wvatoi58jrfxn"}
{"type":"log","timestamp":1731244716533,"level":"debug","message":"Replaced assets [\"KhmerOSSiemreapRegular.ttf\"]","meta":{"rootId":"tuf4ic7kkfrf625","id":"tuf4ic7kkfrf625"},"id":"8n4qezmfb2nbhm7","previousOperationId":"t2wvatoi58jrfxn"}
{"type":"operationStart","subtype":"engine","name":"handlebars","timestamp":1731244716533,"id":"83yag9kcba0ampu","previousEventId":"3p80ek8rqnh0lh4","operationId":"rp8bn51kkdp3dr0","previousOperationId":"t2wvatoi58jrfxn"}
{"type":"log","timestamp":1731244716533,"level":"debug","message":"Rendering engine handlebars","meta":{"rootId":"tuf4ic7kkfrf625","id":"tuf4ic7kkfrf625"},"id":"c2lo00kccf3ke9g","previousOperationId":"rp8bn51kkdp3dr0"}
{"type":"operationEnd","operationId":"rp8bn51kkdp3dr0","timestamp":1731244716542,"id":"vq53460678x06i3","previousEventId":"83yag9kcba0ampu","previousOperationId":"rp8bn51kkdp3dr0"}
{"type":"operationStart","subtype":"recipe","name":"html-to-xlsx","timestamp":1731244716543,"id":"ua2xtddqwbszxnf","previousEventId":"vq53460678x06i3","operationId":"mhkvo9a7t0kf0v6","previousOperationId":"rp8bn51kkdp3dr0"}
{"type":"log","timestamp":1731244716543,"level":"debug","message":"Executing recipe html-to-xlsx","meta":{"rootId":"tuf4ic7kkfrf625","id":"tuf4ic7kkfrf625"},"id":"959vg29v0b008h1","previousOperationId":"mhkvo9a7t0kf0v6"}
{"type":"log","timestamp":1731244716543,"level":"info","message":"html-to-xlsx generation is starting","meta":{"rootId":"tuf4ic7kkfrf625","id":"tuf4ic7kkfrf625"},"id":"qvh75v59rt1tc48","previousOperationId":"mhkvo9a7t0kf0v6"}
{"type":"log","timestamp":1731244717118,"level":"info","message":"html-to-xlsx generation was finished","meta":{"rootId":"tuf4ic7kkfrf625","id":"tuf4ic7kkfrf625"},"id":"ag6z3m7ot20yr01","previousOperationId":"mhkvo9a7t0kf0v6"}
{"type":"log","timestamp":1731244717118,"level":"debug","message":"preparing office preview","meta":{"rootId":"tuf4ic7kkfrf625","id":"tuf4ic7kkfrf625"},"id":"jemoezcmwawm2d5","previousOperationId":"mhkvo9a7t0kf0v6"}
{"type":"operationEnd","operationId":"mhkvo9a7t0kf0v6","timestamp":1731244717620,"id":"koauqgx7cm3g8ii","previousEventId":"ua2xtddqwbszxnf","previousOperationId":"mhkvo9a7t0kf0v6"}
{"type":"log","timestamp":1731244717621,"level":"debug","message":"Skipping storing report.","meta":{"rootId":"tuf4ic7kkfrf625","id":"tuf4ic7kkfrf625"},"id":"pggt3l4un2a3jgb","previousOperationId":"mhkvo9a7t0kf0v6"}
{"type":"log","timestamp":1731244717621,"level":"info","message":"Rendering request 40 finished in 1101 ms","meta":{"rootId":"tuf4ic7kkfrf625","id":"tuf4ic7kkfrf625"},"id":"apfuglxylyt3zct","previousOperationId":"mhkvo9a7t0kf0v6"}
{"type":"operationEnd","subtype":"render","operationId":"t2wvatoi58jrfxn","timestamp":1731244717621,"id":"5hpzw8xeculttbr","previousEventId":"koauqgx7cm3g8ii","previousOperationId":"mhkvo9a7t0kf0v6"}
{"type":"operationEnd","doDiffs":false,"previousEventId":"i6n5zacbvkagdfj","previousOperationId":"e2hl9vawyxgnxi4","operationId":"e2hl9vawyxgnxi4","timestamp":1731244717624,"id":"i2252284mo27cx5"}
