{"type":"operationStart","subtype":"profile","data":{"_id":"gDjuLHw0HCFEqO3L","timestamp":"2024-11-10T08:41:01.201Z","state":"queued","mode":"standard","creationDate":"2024-11-10T08:41:01.203Z","modificationDate":"2024-11-10T08:41:01.203Z","shortid":"7-75kSf","inheritedReadPermissions":[],"inheritedEditPermissions":[],"$entitySet":"profiles"},"doDiffs":false,"timestamp":1731228061203,"id":"20j8k3jbz47irgm","previousOperationId":null,"operationId":"s9qzoziggf1geiz"}
{"type":"log","level":"info","message":"Render request 146 queued for execution and waiting for available worker","previousOperationId":"s9qzoziggf1geiz","timestamp":1731228061203,"id":"0186ig4z03wi33k"}
{"type":"operationStart","subtype":"render","name":"new-excl-template","previousOperationId":"s9qzoziggf1geiz","timestamp":1731228061211,"id":"io42m24i34nf0cb","previousEventId":"20j8k3jbz47irgm","operationId":"hje7v8ddfia0nfr"}
{"type":"log","timestamp":1731228061211,"level":"info","message":"Starting rendering request 146 (user: admin)","meta":{"rootId":"twgcfoblknvc45g","id":"twgcfoblknvc45g"},"id":"vzv6wsq9sp5hwf3","previousOperationId":"hje7v8ddfia0nfr"}
{"type":"log","timestamp":1731228061211,"level":"info","message":"Rendering template { name: new-excl-template, recipe: html-to-xlsx, engine: handlebars, preview: true }","meta":{"rootId":"twgcfoblknvc45g","id":"twgcfoblknvc45g"},"id":"2hmc2g1ryz2oux7","previousOperationId":"hje7v8ddfia0nfr"}
{"type":"log","timestamp":1731228061211,"level":"debug","message":"Inline data specified.","meta":{"rootId":"twgcfoblknvc45g","id":"twgcfoblknvc45g"},"id":"17yku598uj7ldfe","previousOperationId":"hje7v8ddfia0nfr"}
{"type":"log","timestamp":1731228061213,"level":"debug","message":"Base url not specified, skipping its injection.","meta":{"rootId":"twgcfoblknvc45g","id":"twgcfoblknvc45g"},"id":"lc55b5aer8m0ogs","previousOperationId":"hje7v8ddfia0nfr"}
{"type":"log","timestamp":1731228061215,"level":"debug","message":"Replaced assets [\"/asset/font/KhmerOSSiemreapRegular.ttf\"]","meta":{"rootId":"twgcfoblknvc45g","id":"twgcfoblknvc45g"},"id":"5vrnebojwud97fr","previousOperationId":"hje7v8ddfia0nfr"}
{"type":"operationStart","subtype":"engine","name":"handlebars","timestamp":1731228061215,"id":"pavowi4499ccj75","previousEventId":"io42m24i34nf0cb","operationId":"0a5lz4jesk6u55g","previousOperationId":"hje7v8ddfia0nfr"}
{"type":"log","timestamp":1731228061215,"level":"debug","message":"Rendering engine handlebars","meta":{"rootId":"twgcfoblknvc45g","id":"twgcfoblknvc45g"},"id":"entuvozr50v0h0f","previousOperationId":"0a5lz4jesk6u55g"}
{"type":"operationEnd","operationId":"0a5lz4jesk6u55g","timestamp":1731228061233,"id":"32ym0jbur006q9n","previousEventId":"pavowi4499ccj75","previousOperationId":"0a5lz4jesk6u55g"}
{"type":"operationStart","subtype":"recipe","name":"html-to-xlsx","timestamp":1731228061235,"id":"mqxykmn9hx69cm6","previousEventId":"32ym0jbur006q9n","operationId":"sigu7hldpbn74tj","previousOperationId":"0a5lz4jesk6u55g"}
{"type":"log","timestamp":1731228061235,"level":"debug","message":"Executing recipe html-to-xlsx","meta":{"rootId":"twgcfoblknvc45g","id":"twgcfoblknvc45g"},"id":"w0rczizzecmfb7n","previousOperationId":"sigu7hldpbn74tj"}
{"type":"log","timestamp":1731228061235,"level":"info","message":"html-to-xlsx generation is starting","meta":{"rootId":"twgcfoblknvc45g","id":"twgcfoblknvc45g"},"id":"ahjei087653a9qf","previousOperationId":"sigu7hldpbn74tj"}
{"type":"log","timestamp":1731228062000,"level":"info","message":"html-to-xlsx generation was finished","meta":{"rootId":"twgcfoblknvc45g","id":"twgcfoblknvc45g"},"id":"77819u6ml5gynkh","previousOperationId":"sigu7hldpbn74tj"}
{"type":"log","timestamp":1731228062000,"level":"debug","message":"preparing office preview","meta":{"rootId":"twgcfoblknvc45g","id":"twgcfoblknvc45g"},"id":"waqs2fhbitk7ax0","previousOperationId":"sigu7hldpbn74tj"}
{"type":"operationEnd","operationId":"sigu7hldpbn74tj","timestamp":1731228062444,"id":"v7fyinz3ku9qg32","previousEventId":"mqxykmn9hx69cm6","previousOperationId":"sigu7hldpbn74tj"}
{"type":"log","timestamp":1731228062444,"level":"debug","message":"Skipping storing report.","meta":{"rootId":"twgcfoblknvc45g","id":"twgcfoblknvc45g"},"id":"9dc7tpllrpz8wyj","previousOperationId":"sigu7hldpbn74tj"}
{"type":"log","timestamp":1731228062444,"level":"info","message":"Rendering request 146 finished in 1243 ms","meta":{"rootId":"twgcfoblknvc45g","id":"twgcfoblknvc45g"},"id":"gcwfwazti5m19xk","previousOperationId":"sigu7hldpbn74tj"}
{"type":"operationEnd","subtype":"render","operationId":"hje7v8ddfia0nfr","timestamp":1731228062445,"id":"1rolc4h2jgvesvk","previousEventId":"v7fyinz3ku9qg32","previousOperationId":"sigu7hldpbn74tj"}
{"type":"operationEnd","doDiffs":false,"previousEventId":"20j8k3jbz47irgm","previousOperationId":"s9qzoziggf1geiz","operationId":"s9qzoziggf1geiz","timestamp":1731228062448,"id":"shxhaau5ewbs1nq"}
