{"type":"operationStart","subtype":"profile","data":{"_id":"mhUng9SACyuoI1XY","timestamp":"2024-11-10T08:37:28.277Z","state":"queued","mode":"standard","creationDate":"2024-11-10T08:37:28.279Z","modificationDate":"2024-11-10T08:37:28.279Z","shortid":"jp6sLBc","inheritedReadPermissions":[],"inheritedEditPermissions":[],"$entitySet":"profiles"},"doDiffs":false,"timestamp":1731227848278,"id":"y98na5ykhz5de8i","previousOperationId":null,"operationId":"uq9e3x4o7764ty9"}
{"type":"log","level":"info","message":"Render request 139 queued for execution and waiting for available worker","previousOperationId":"uq9e3x4o7764ty9","timestamp":1731227848278,"id":"1pl9kl3c765xb67"}
{"type":"operationStart","subtype":"render","name":"new-excl-template","previousOperationId":"uq9e3x4o7764ty9","timestamp":1731227848289,"id":"nzkm2t7nlfdaci0","previousEventId":"y98na5ykhz5de8i","operationId":"b28a26ki8ihyaf5"}
{"type":"log","timestamp":1731227848289,"level":"info","message":"Starting rendering request 139 (user: admin)","meta":{"rootId":"txjuxpof7bws51i","id":"txjuxpof7bws51i"},"id":"wxyy0pzvmxiygx9","previousOperationId":"b28a26ki8ihyaf5"}
{"type":"log","timestamp":1731227848289,"level":"info","message":"Rendering template { name: new-excl-template, recipe: html-to-xlsx, engine: handlebars, preview: true }","meta":{"rootId":"txjuxpof7bws51i","id":"txjuxpof7bws51i"},"id":"ua0quzewgr5dc09","previousOperationId":"b28a26ki8ihyaf5"}
{"type":"log","timestamp":1731227848289,"level":"debug","message":"Inline data specified.","meta":{"rootId":"txjuxpof7bws51i","id":"txjuxpof7bws51i"},"id":"127xl797101w3fq","previousOperationId":"b28a26ki8ihyaf5"}
{"type":"log","timestamp":1731227848290,"level":"debug","message":"Base url not specified, skipping its injection.","meta":{"rootId":"txjuxpof7bws51i","id":"txjuxpof7bws51i"},"id":"cvn7ptnvoetqmt1","previousOperationId":"b28a26ki8ihyaf5"}
{"type":"log","timestamp":1731227848292,"level":"debug","message":"Replaced assets [\"/asset/font/KhmerOSSiemreapRegular.ttf\"]","meta":{"rootId":"txjuxpof7bws51i","id":"txjuxpof7bws51i"},"id":"uq81q25nkmeeyq5","previousOperationId":"b28a26ki8ihyaf5"}
{"type":"operationStart","subtype":"engine","name":"handlebars","timestamp":1731227848292,"id":"cutusd6tvo2y9u7","previousEventId":"nzkm2t7nlfdaci0","operationId":"18yup7jil7y1y4c","previousOperationId":"b28a26ki8ihyaf5"}
{"type":"log","timestamp":1731227848292,"level":"debug","message":"Rendering engine handlebars","meta":{"rootId":"txjuxpof7bws51i","id":"txjuxpof7bws51i"},"id":"l1q5mdp05a35yeb","previousOperationId":"18yup7jil7y1y4c"}
{"type":"operationEnd","operationId":"18yup7jil7y1y4c","timestamp":1731227848313,"id":"wtz4s2r5cy9ge4v","previousEventId":"cutusd6tvo2y9u7","previousOperationId":"18yup7jil7y1y4c"}
{"type":"operationStart","subtype":"recipe","name":"html-to-xlsx","timestamp":1731227848319,"id":"9z1m5u5b4bdoeqz","previousEventId":"wtz4s2r5cy9ge4v","operationId":"8lyiyv2xuntm8n3","previousOperationId":"18yup7jil7y1y4c"}
{"type":"log","timestamp":1731227848319,"level":"debug","message":"Executing recipe html-to-xlsx","meta":{"rootId":"txjuxpof7bws51i","id":"txjuxpof7bws51i"},"id":"md5pftsqgh80s9o","previousOperationId":"8lyiyv2xuntm8n3"}
{"type":"log","timestamp":1731227848319,"level":"info","message":"html-to-xlsx generation is starting","meta":{"rootId":"txjuxpof7bws51i","id":"txjuxpof7bws51i"},"id":"shly23qtlb0wz5q","previousOperationId":"8lyiyv2xuntm8n3"}
{"type":"log","timestamp":1731227849486,"level":"info","message":"html-to-xlsx generation was finished","meta":{"rootId":"txjuxpof7bws51i","id":"txjuxpof7bws51i"},"id":"eoa40iqmgj4rv29","previousOperationId":"8lyiyv2xuntm8n3"}
{"type":"log","timestamp":1731227849486,"level":"debug","message":"preparing office preview","meta":{"rootId":"txjuxpof7bws51i","id":"txjuxpof7bws51i"},"id":"pwhyu9ti0r463y9","previousOperationId":"8lyiyv2xuntm8n3"}
{"type":"operationEnd","operationId":"8lyiyv2xuntm8n3","timestamp":1731227850152,"id":"fpyi9kkoxc5eqdt","previousEventId":"9z1m5u5b4bdoeqz","previousOperationId":"8lyiyv2xuntm8n3"}
{"type":"log","timestamp":1731227850152,"level":"debug","message":"Skipping storing report.","meta":{"rootId":"txjuxpof7bws51i","id":"txjuxpof7bws51i"},"id":"i20f0z1qu9v5tbd","previousOperationId":"8lyiyv2xuntm8n3"}
{"type":"log","timestamp":1731227850152,"level":"info","message":"Rendering request 139 finished in 1875 ms","meta":{"rootId":"txjuxpof7bws51i","id":"txjuxpof7bws51i"},"id":"mwhrosmx2j3t53y","previousOperationId":"8lyiyv2xuntm8n3"}
{"type":"operationEnd","subtype":"render","operationId":"b28a26ki8ihyaf5","timestamp":1731227850152,"id":"41vkj9j1sx0pdsv","previousEventId":"fpyi9kkoxc5eqdt","previousOperationId":"8lyiyv2xuntm8n3"}
{"type":"operationEnd","doDiffs":false,"previousEventId":"y98na5ykhz5de8i","previousOperationId":"uq9e3x4o7764ty9","operationId":"uq9e3x4o7764ty9","timestamp":1731227850153,"id":"mnb8ap4chvhkicc"}
