{"type":"operationStart","subtype":"profile","data":{"_id":"OYvM0AQ6haCRi0aZ","timestamp":"2024-11-10T13:21:42.420Z","state":"queued","mode":"standard","creationDate":"2024-11-10T13:21:42.422Z","modificationDate":"2024-11-10T13:21:42.422Z","shortid":"pXKlWdX","inheritedReadPermissions":[],"inheritedEditPermissions":[],"$entitySet":"profiles"},"doDiffs":false,"timestamp":1731244902421,"id":"wa3msvpb6bnp5pe","previousOperationId":null,"operationId":"aa6f3uoeotlsv94"}
{"type":"log","level":"info","message":"Render request 51 queued for execution and waiting for available worker","previousOperationId":"aa6f3uoeotlsv94","timestamp":1731244902421,"id":"jjb2wcmu8ueo6th"}
{"type":"operationStart","subtype":"render","name":"new-excl-template","previousOperationId":"aa6f3uoeotlsv94","timestamp":1731244902430,"id":"tg3yrga9n06t8p0","previousEventId":"wa3msvpb6bnp5pe","operationId":"3vdzdakthhjyras"}
{"type":"log","timestamp":1731244902430,"level":"info","message":"Starting rendering request 51 (user: admin)","meta":{"rootId":"tymlaip1j52bhmh","id":"tymlaip1j52bhmh"},"id":"mcn0oz57f2ymunx","previousOperationId":"3vdzdakthhjyras"}
{"type":"log","timestamp":1731244902430,"level":"info","message":"Rendering template { name: new-excl-template, recipe: html-to-xlsx, engine: handlebars, preview: true }","meta":{"rootId":"tymlaip1j52bhmh","id":"tymlaip1j52bhmh"},"id":"9493513zfnjaqc7","previousOperationId":"3vdzdakthhjyras"}
{"type":"log","timestamp":1731244902431,"level":"debug","message":"Inline data specified.","meta":{"rootId":"tymlaip1j52bhmh","id":"tymlaip1j52bhmh"},"id":"ycfwyscvrau0oam","previousOperationId":"3vdzdakthhjyras"}
{"type":"log","timestamp":1731244902434,"level":"debug","message":"Base url not specified, skipping its injection.","meta":{"rootId":"tymlaip1j52bhmh","id":"tymlaip1j52bhmh"},"id":"0afgstsc9w03qst","previousOperationId":"3vdzdakthhjyras"}
{"type":"log","timestamp":1731244902439,"level":"debug","message":"Replaced assets [\"KhmerOSSiemreapRegular.ttf\"]","meta":{"rootId":"tymlaip1j52bhmh","id":"tymlaip1j52bhmh"},"id":"voxsjm0cd1i1epw","previousOperationId":"3vdzdakthhjyras"}
{"type":"operationStart","subtype":"engine","name":"handlebars","timestamp":1731244902439,"id":"3t63d8yyifmn4gm","previousEventId":"tg3yrga9n06t8p0","operationId":"h5u8auc55ozbyzg","previousOperationId":"3vdzdakthhjyras"}
{"type":"log","timestamp":1731244902439,"level":"debug","message":"Rendering engine handlebars","meta":{"rootId":"tymlaip1j52bhmh","id":"tymlaip1j52bhmh"},"id":"mbf5dq1878qb23j","previousOperationId":"h5u8auc55ozbyzg"}
{"type":"operationEnd","operationId":"h5u8auc55ozbyzg","timestamp":1731244902462,"id":"yyicefcustpznqp","previousEventId":"3t63d8yyifmn4gm","previousOperationId":"h5u8auc55ozbyzg"}
{"type":"operationStart","subtype":"recipe","name":"html-to-xlsx","timestamp":1731244902464,"id":"ye8w0erby81x8g1","previousEventId":"yyicefcustpznqp","operationId":"vr03duekvz4q42g","previousOperationId":"h5u8auc55ozbyzg"}
{"type":"log","timestamp":1731244902464,"level":"debug","message":"Executing recipe html-to-xlsx","meta":{"rootId":"tymlaip1j52bhmh","id":"tymlaip1j52bhmh"},"id":"03ggqr617jjxg65","previousOperationId":"vr03duekvz4q42g"}
{"type":"log","timestamp":1731244902464,"level":"info","message":"html-to-xlsx generation is starting","meta":{"rootId":"tymlaip1j52bhmh","id":"tymlaip1j52bhmh"},"id":"wi75q9tdl0zro8o","previousOperationId":"vr03duekvz4q42g"}
{"type":"log","timestamp":1731244903151,"level":"info","message":"html-to-xlsx generation was finished","meta":{"rootId":"tymlaip1j52bhmh","id":"tymlaip1j52bhmh"},"id":"1wy1e5w1z5q5uge","previousOperationId":"vr03duekvz4q42g"}
{"type":"log","timestamp":1731244903151,"level":"debug","message":"preparing office preview","meta":{"rootId":"tymlaip1j52bhmh","id":"tymlaip1j52bhmh"},"id":"fobsg3pcim82img","previousOperationId":"vr03duekvz4q42g"}
{"type":"operationEnd","operationId":"vr03duekvz4q42g","timestamp":1731244903609,"id":"173o236sobkel5g","previousEventId":"ye8w0erby81x8g1","previousOperationId":"vr03duekvz4q42g"}
{"type":"log","timestamp":1731244903609,"level":"debug","message":"Skipping storing report.","meta":{"rootId":"tymlaip1j52bhmh","id":"tymlaip1j52bhmh"},"id":"x5s5etqwh5dojhd","previousOperationId":"vr03duekvz4q42g"}
{"type":"log","timestamp":1731244903609,"level":"info","message":"Rendering request 51 finished in 1189 ms","meta":{"rootId":"tymlaip1j52bhmh","id":"tymlaip1j52bhmh"},"id":"217ceuj6j6lercn","previousOperationId":"vr03duekvz4q42g"}
{"type":"operationEnd","subtype":"render","operationId":"3vdzdakthhjyras","timestamp":1731244903609,"id":"n2630mh74inwm0x","previousEventId":"173o236sobkel5g","previousOperationId":"vr03duekvz4q42g"}
{"type":"operationEnd","doDiffs":false,"previousEventId":"wa3msvpb6bnp5pe","previousOperationId":"aa6f3uoeotlsv94","operationId":"aa6f3uoeotlsv94","timestamp":1731244903611,"id":"8r0fgc1eqdie30p"}
