{"type":"operationStart","subtype":"profile","data":{"_id":"kgXWDryNLbLDGVoh","timestamp":"2024-11-10T14:22:13.882Z","state":"queued","mode":"standard","creationDate":"2024-11-10T14:22:13.884Z","modificationDate":"2024-11-10T14:22:13.884Z","shortid":"ewU7frp","inheritedReadPermissions":[],"inheritedEditPermissions":[],"$entitySet":"profiles"},"doDiffs":false,"timestamp":1731248533883,"id":"65nlepbm80t3y9p","previousOperationId":null,"operationId":"pgdf8ognct2uezz"}
{"type":"log","level":"info","message":"Render request 142 queued for execution and waiting for available worker","previousOperationId":"pgdf8ognct2uezz","timestamp":1731248533883,"id":"erqcym9hz30un4x"}
{"type":"operationStart","subtype":"render","name":"new-excl-template","previousOperationId":"pgdf8ognct2uezz","timestamp":1731248533895,"id":"69ahacmj3c7k8ah","previousEventId":"65nlepbm80t3y9p","operationId":"tnboq85rfvj3p2p"}
{"type":"log","timestamp":1731248533895,"level":"info","message":"Starting rendering request 142 (user: admin)","meta":{"rootId":"tzpmciizinddvg9","id":"tzpmciizinddvg9"},"id":"t8sl9r1qa0vhygw","previousOperationId":"tnboq85rfvj3p2p"}
{"type":"log","timestamp":1731248533895,"level":"info","message":"Rendering template { name: new-excl-template, recipe: html-to-xlsx, engine: handlebars, preview: true }","meta":{"rootId":"tzpmciizinddvg9","id":"tzpmciizinddvg9"},"id":"mqxayw2xh2nncp3","previousOperationId":"tnboq85rfvj3p2p"}
{"type":"log","timestamp":1731248533895,"level":"debug","message":"Inline data specified.","meta":{"rootId":"tzpmciizinddvg9","id":"tzpmciizinddvg9"},"id":"ylxlmdvpxhta7tw","previousOperationId":"tnboq85rfvj3p2p"}
{"type":"log","timestamp":1731248533897,"level":"debug","message":"Base url not specified, skipping its injection.","meta":{"rootId":"tzpmciizinddvg9","id":"tzpmciizinddvg9"},"id":"ur93npt3783jeqw","previousOperationId":"tnboq85rfvj3p2p"}
{"type":"log","timestamp":1731248533898,"level":"debug","message":"Replaced assets [\"KhmerOSSiemreapRegular.ttf\"]","meta":{"rootId":"tzpmciizinddvg9","id":"tzpmciizinddvg9"},"id":"73ono6ihzwtrfun","previousOperationId":"tnboq85rfvj3p2p"}
{"type":"operationStart","subtype":"engine","name":"handlebars","timestamp":1731248533899,"id":"nf9a6u12bjn2ca2","previousEventId":"69ahacmj3c7k8ah","operationId":"jtxwg472o6cd8tn","previousOperationId":"tnboq85rfvj3p2p"}
{"type":"log","timestamp":1731248533899,"level":"debug","message":"Rendering engine handlebars","meta":{"rootId":"tzpmciizinddvg9","id":"tzpmciizinddvg9"},"id":"yfi0jj4yse7dsbh","previousOperationId":"jtxwg472o6cd8tn"}
{"type":"operationEnd","operationId":"jtxwg472o6cd8tn","timestamp":1731248533911,"id":"tvnruwhh48rbsvo","previousEventId":"nf9a6u12bjn2ca2","previousOperationId":"jtxwg472o6cd8tn"}
{"type":"operationStart","subtype":"recipe","name":"html-to-xlsx","timestamp":1731248533913,"id":"pyspbiu3x5hu3sa","previousEventId":"tvnruwhh48rbsvo","operationId":"fgfk9x8mtsw687n","previousOperationId":"jtxwg472o6cd8tn"}
{"type":"log","timestamp":1731248533913,"level":"debug","message":"Executing recipe html-to-xlsx","meta":{"rootId":"tzpmciizinddvg9","id":"tzpmciizinddvg9"},"id":"wevt5fjft5jcahf","previousOperationId":"fgfk9x8mtsw687n"}
{"type":"log","timestamp":1731248533913,"level":"info","message":"html-to-xlsx generation is starting","meta":{"rootId":"tzpmciizinddvg9","id":"tzpmciizinddvg9"},"id":"ggd9gif6bez57e0","previousOperationId":"fgfk9x8mtsw687n"}
{"type":"log","timestamp":1731248534516,"level":"info","message":"html-to-xlsx generation was finished","meta":{"rootId":"tzpmciizinddvg9","id":"tzpmciizinddvg9"},"id":"i40lnd8lgeajn5v","previousOperationId":"fgfk9x8mtsw687n"}
{"type":"log","timestamp":1731248534516,"level":"debug","message":"preparing office preview","meta":{"rootId":"tzpmciizinddvg9","id":"tzpmciizinddvg9"},"id":"y9gvac2a6d5xwjs","previousOperationId":"fgfk9x8mtsw687n"}
{"type":"operationEnd","operationId":"fgfk9x8mtsw687n","timestamp":1731248534961,"id":"jgqpsnnz7g9pk8o","previousEventId":"pyspbiu3x5hu3sa","previousOperationId":"fgfk9x8mtsw687n"}
{"type":"log","timestamp":1731248534961,"level":"debug","message":"Skipping storing report.","meta":{"rootId":"tzpmciizinddvg9","id":"tzpmciizinddvg9"},"id":"sbnaov41bpxmwbr","previousOperationId":"fgfk9x8mtsw687n"}
{"type":"log","timestamp":1731248534961,"level":"info","message":"Rendering request 142 finished in 1079 ms","meta":{"rootId":"tzpmciizinddvg9","id":"tzpmciizinddvg9"},"id":"9eezhcwwebld4is","previousOperationId":"fgfk9x8mtsw687n"}
{"type":"operationEnd","subtype":"render","operationId":"tnboq85rfvj3p2p","timestamp":1731248534961,"id":"q8r7jqsmpvqdup9","previousEventId":"jgqpsnnz7g9pk8o","previousOperationId":"fgfk9x8mtsw687n"}
{"type":"operationEnd","doDiffs":false,"previousEventId":"65nlepbm80t3y9p","previousOperationId":"pgdf8ognct2uezz","operationId":"pgdf8ognct2uezz","timestamp":1731248534963,"id":"4x0cfuzasgh406j"}
