{"type":"operationStart","subtype":"profile","data":{"_id":"0iZSOEgGeLhcn4UP","timestamp":"2024-11-10T14:25:46.497Z","state":"queued","mode":"standard","creationDate":"2024-11-10T14:25:46.498Z","modificationDate":"2024-11-10T14:25:46.498Z","shortid":"-PvNXDI","inheritedReadPermissions":[],"inheritedEditPermissions":[],"$entitySet":"profiles"},"doDiffs":false,"timestamp":1731248746497,"id":"yzd59uvnorbmuj9","previousOperationId":null,"operationId":"uxscu9pl7cxmpkj"}
{"type":"log","level":"info","message":"Render request 147 queued for execution and waiting for available worker","previousOperationId":"uxscu9pl7cxmpkj","timestamp":1731248746498,"id":"jyrnixadhzxf0g1"}
{"type":"operationStart","subtype":"render","name":"new-excl-template","previousOperationId":"uxscu9pl7cxmpkj","timestamp":1731248746507,"id":"21r3ww9o5nlxnrm","previousEventId":"yzd59uvnorbmuj9","operationId":"w2yg9jl6dop7h93"}
{"type":"log","timestamp":1731248746507,"level":"info","message":"Starting rendering request 147 (user: admin)","meta":{"rootId":"u7m9cqwm3t62ztr","id":"u7m9cqwm3t62ztr"},"id":"0g8sz704gpwqfbi","previousOperationId":"w2yg9jl6dop7h93"}
{"type":"log","timestamp":1731248746508,"level":"info","message":"Rendering template { name: new-excl-template, recipe: html-to-xlsx, engine: handlebars, preview: true }","meta":{"rootId":"u7m9cqwm3t62ztr","id":"u7m9cqwm3t62ztr"},"id":"4zegye54rulzp6a","previousOperationId":"w2yg9jl6dop7h93"}
{"type":"log","timestamp":1731248746508,"level":"debug","message":"Inline data specified.","meta":{"rootId":"u7m9cqwm3t62ztr","id":"u7m9cqwm3t62ztr"},"id":"pg1fsxuwmsqogx3","previousOperationId":"w2yg9jl6dop7h93"}
{"type":"log","timestamp":1731248746510,"level":"debug","message":"Base url not specified, skipping its injection.","meta":{"rootId":"u7m9cqwm3t62ztr","id":"u7m9cqwm3t62ztr"},"id":"0i0920c7wh5nztv","previousOperationId":"w2yg9jl6dop7h93"}
{"type":"log","timestamp":1731248746511,"level":"debug","message":"Replaced assets [\"KhmerOSSiemreapRegular.ttf\"]","meta":{"rootId":"u7m9cqwm3t62ztr","id":"u7m9cqwm3t62ztr"},"id":"iw55wimof5wpzom","previousOperationId":"w2yg9jl6dop7h93"}
{"type":"operationStart","subtype":"engine","name":"handlebars","timestamp":1731248746511,"id":"btnc10qcj9nigwi","previousEventId":"21r3ww9o5nlxnrm","operationId":"4ad8di06fxen233","previousOperationId":"w2yg9jl6dop7h93"}
{"type":"log","timestamp":1731248746511,"level":"debug","message":"Rendering engine handlebars","meta":{"rootId":"u7m9cqwm3t62ztr","id":"u7m9cqwm3t62ztr"},"id":"f7mcvxwqtvodqn5","previousOperationId":"4ad8di06fxen233"}
{"type":"operationEnd","operationId":"4ad8di06fxen233","timestamp":1731248746521,"id":"w9rkxxh88plh2h1","previousEventId":"btnc10qcj9nigwi","previousOperationId":"4ad8di06fxen233"}
{"type":"operationStart","subtype":"recipe","name":"html-to-xlsx","timestamp":1731248746522,"id":"row4v79o78389pz","previousEventId":"w9rkxxh88plh2h1","operationId":"trq3cxmbk3btvt8","previousOperationId":"4ad8di06fxen233"}
{"type":"log","timestamp":1731248746522,"level":"debug","message":"Executing recipe html-to-xlsx","meta":{"rootId":"u7m9cqwm3t62ztr","id":"u7m9cqwm3t62ztr"},"id":"zm6h5rbvxiqwdno","previousOperationId":"trq3cxmbk3btvt8"}
{"type":"log","timestamp":1731248746522,"level":"info","message":"html-to-xlsx generation is starting","meta":{"rootId":"u7m9cqwm3t62ztr","id":"u7m9cqwm3t62ztr"},"id":"a07xewkmeat2una","previousOperationId":"trq3cxmbk3btvt8"}
{"type":"log","timestamp":1731248747111,"level":"info","message":"html-to-xlsx generation was finished","meta":{"rootId":"u7m9cqwm3t62ztr","id":"u7m9cqwm3t62ztr"},"id":"adt1f4t50ao9hpj","previousOperationId":"trq3cxmbk3btvt8"}
{"type":"log","timestamp":1731248747111,"level":"debug","message":"preparing office preview","meta":{"rootId":"u7m9cqwm3t62ztr","id":"u7m9cqwm3t62ztr"},"id":"b7cponprbtr7dup","previousOperationId":"trq3cxmbk3btvt8"}
{"type":"operationEnd","operationId":"trq3cxmbk3btvt8","timestamp":1731248747558,"id":"jbtnyfy9ec4o0ww","previousEventId":"row4v79o78389pz","previousOperationId":"trq3cxmbk3btvt8"}
{"type":"log","timestamp":1731248747558,"level":"debug","message":"Skipping storing report.","meta":{"rootId":"u7m9cqwm3t62ztr","id":"u7m9cqwm3t62ztr"},"id":"fmx2onbwb0hs9pa","previousOperationId":"trq3cxmbk3btvt8"}
{"type":"log","timestamp":1731248747558,"level":"info","message":"Rendering request 147 finished in 1061 ms","meta":{"rootId":"u7m9cqwm3t62ztr","id":"u7m9cqwm3t62ztr"},"id":"d5hxqnlvelszm9l","previousOperationId":"trq3cxmbk3btvt8"}
{"type":"operationEnd","subtype":"render","operationId":"w2yg9jl6dop7h93","timestamp":1731248747558,"id":"29mztx6sr3qiqcp","previousEventId":"jbtnyfy9ec4o0ww","previousOperationId":"trq3cxmbk3btvt8"}
{"type":"operationEnd","doDiffs":false,"previousEventId":"yzd59uvnorbmuj9","previousOperationId":"uxscu9pl7cxmpkj","operationId":"uxscu9pl7cxmpkj","timestamp":1731248747560,"id":"xbyn1ibmxxda9m9"}
