{"type":"operationStart","subtype":"profile","data":{"_id":"axLQ1ApzrcgpDS5g","timestamp":"2024-11-10T08:33:07.950Z","state":"queued","mode":"standard","creationDate":"2024-11-10T08:33:07.952Z","modificationDate":"2024-11-10T08:33:07.952Z","shortid":"_m2sLIX","inheritedReadPermissions":[],"inheritedEditPermissions":[],"$entitySet":"profiles"},"doDiffs":false,"timestamp":1731227587951,"id":"664jorn14im8wo2","previousOperationId":null,"operationId":"u92u8b0orpff9va"}
{"type":"log","level":"info","message":"Render request 130 queued for execution and waiting for available worker","previousOperationId":"u92u8b0orpff9va","timestamp":1731227587951,"id":"iyczhycgi9q2ote"}
{"type":"operationStart","subtype":"render","name":"new-excl-template","previousOperationId":"u92u8b0orpff9va","timestamp":1731227587962,"id":"7zew1895565jnlt","previousEventId":"664jorn14im8wo2","operationId":"duff8nsmhm7ot8a"}
{"type":"log","timestamp":1731227587963,"level":"info","message":"Starting rendering request 130 (user: admin)","meta":{"rootId":"u7p9dgnefrwrzh4","id":"u7p9dgnefrwrzh4"},"id":"k5w0qnkvcn3lpzd","previousOperationId":"duff8nsmhm7ot8a"}
{"type":"log","timestamp":1731227587963,"level":"info","message":"Rendering template { name: new-excl-template, recipe: html-to-xlsx, engine: handlebars, preview: true }","meta":{"rootId":"u7p9dgnefrwrzh4","id":"u7p9dgnefrwrzh4"},"id":"z6ioyuaxpts7unh","previousOperationId":"duff8nsmhm7ot8a"}
{"type":"log","timestamp":1731227587964,"level":"debug","message":"Adding sample data pVkbCM7am","meta":{"rootId":"u7p9dgnefrwrzh4","id":"u7p9dgnefrwrzh4"},"id":"iejp8grlrl022nf","previousOperationId":"duff8nsmhm7ot8a"}
{"type":"log","timestamp":1731227587966,"level":"debug","message":"Base url not specified, skipping its injection.","meta":{"rootId":"u7p9dgnefrwrzh4","id":"u7p9dgnefrwrzh4"},"id":"91c991j8o6qtxss","previousOperationId":"duff8nsmhm7ot8a"}
{"type":"log","timestamp":1731227587968,"level":"debug","message":"Replaced assets [\"/asset/font/KhmerOSSiemreapRegular.ttf\"]","meta":{"rootId":"u7p9dgnefrwrzh4","id":"u7p9dgnefrwrzh4"},"id":"3it2zaszo3iumei","previousOperationId":"duff8nsmhm7ot8a"}
{"type":"operationStart","subtype":"engine","name":"handlebars","timestamp":1731227587969,"id":"v4ombcct8j9vf08","previousEventId":"7zew1895565jnlt","operationId":"6hbs7wocgophck5","previousOperationId":"duff8nsmhm7ot8a"}
{"type":"log","timestamp":1731227587969,"level":"debug","message":"Rendering engine handlebars","meta":{"rootId":"u7p9dgnefrwrzh4","id":"u7p9dgnefrwrzh4"},"id":"vngqxc82js6rof6","previousOperationId":"6hbs7wocgophck5"}
{"type":"operationEnd","operationId":"6hbs7wocgophck5","timestamp":1731227587980,"id":"4viy1ffis1px7am","previousEventId":"v4ombcct8j9vf08","previousOperationId":"6hbs7wocgophck5"}
{"type":"operationStart","subtype":"recipe","name":"html-to-xlsx","timestamp":1731227587984,"id":"adjcwai8rt4ewoj","previousEventId":"4viy1ffis1px7am","operationId":"rhd5iyjuo1o587p","previousOperationId":"6hbs7wocgophck5"}
{"type":"log","timestamp":1731227587984,"level":"debug","message":"Executing recipe html-to-xlsx","meta":{"rootId":"u7p9dgnefrwrzh4","id":"u7p9dgnefrwrzh4"},"id":"zw7vg6pma4z69hb","previousOperationId":"rhd5iyjuo1o587p"}
{"type":"log","timestamp":1731227587984,"level":"info","message":"html-to-xlsx generation is starting","meta":{"rootId":"u7p9dgnefrwrzh4","id":"u7p9dgnefrwrzh4"},"id":"kun6bsfsx5nxia0","previousOperationId":"rhd5iyjuo1o587p"}
{"type":"log","timestamp":1731227588819,"level":"info","message":"html-to-xlsx generation was finished","meta":{"rootId":"u7p9dgnefrwrzh4","id":"u7p9dgnefrwrzh4"},"id":"y6p322hlwmaa2iq","previousOperationId":"rhd5iyjuo1o587p"}
{"type":"log","timestamp":1731227588819,"level":"debug","message":"preparing office preview","meta":{"rootId":"u7p9dgnefrwrzh4","id":"u7p9dgnefrwrzh4"},"id":"qd4pgpots1wihrr","previousOperationId":"rhd5iyjuo1o587p"}
{"type":"operationEnd","operationId":"rhd5iyjuo1o587p","timestamp":1731227589265,"id":"ms2j52yqw9rrgz5","previousEventId":"adjcwai8rt4ewoj","previousOperationId":"rhd5iyjuo1o587p"}
{"type":"log","timestamp":1731227589265,"level":"debug","message":"Skipping storing report.","meta":{"rootId":"u7p9dgnefrwrzh4","id":"u7p9dgnefrwrzh4"},"id":"1mo1ct9vz5shr8b","previousOperationId":"rhd5iyjuo1o587p"}
{"type":"log","timestamp":1731227589265,"level":"info","message":"Rendering request 130 finished in 1315 ms","meta":{"rootId":"u7p9dgnefrwrzh4","id":"u7p9dgnefrwrzh4"},"id":"pm2ld066rpqfe4u","previousOperationId":"rhd5iyjuo1o587p"}
{"type":"operationEnd","subtype":"render","operationId":"duff8nsmhm7ot8a","timestamp":1731227589265,"id":"3f5b5h2niq143uz","previousEventId":"ms2j52yqw9rrgz5","previousOperationId":"rhd5iyjuo1o587p"}
{"type":"operationEnd","doDiffs":false,"previousEventId":"664jorn14im8wo2","previousOperationId":"u92u8b0orpff9va","operationId":"u92u8b0orpff9va","timestamp":1731227589269,"id":"st9q441hcvbgwi2"}
