{"type":"operationStart","subtype":"profile","data":{"_id":"lPzjkFWyYFhIYKdA","timestamp":"2024-11-10T08:36:14.129Z","state":"queued","mode":"standard","creationDate":"2024-11-10T08:36:14.131Z","modificationDate":"2024-11-10T08:36:14.131Z","shortid":"eheFWeO","inheritedReadPermissions":[],"inheritedEditPermissions":[],"$entitySet":"profiles"},"doDiffs":false,"timestamp":1731227774131,"id":"3roavj1ms4myqva","previousOperationId":null,"operationId":"87whtidlc4du9rv"}
{"type":"log","level":"info","message":"Render request 136 queued for execution and waiting for available worker","previousOperationId":"87whtidlc4du9rv","timestamp":1731227774131,"id":"zy9zjd70iqq5a9x"}
{"type":"operationStart","subtype":"render","name":"new-excl-template","previousOperationId":"87whtidlc4du9rv","timestamp":1731227774140,"id":"xpvqvnt7af1464u","previousEventId":"3roavj1ms4myqva","operationId":"2obn1k3dvh813l4"}
{"type":"log","timestamp":1731227774140,"level":"info","message":"Starting rendering request 136 (user: admin)","meta":{"rootId":"ukf7beetiig5d62","id":"ukf7beetiig5d62"},"id":"jth68vl9naxywt1","previousOperationId":"2obn1k3dvh813l4"}
{"type":"log","timestamp":1731227774140,"level":"info","message":"Rendering template { name: new-excl-template, recipe: html-to-xlsx, engine: handlebars, preview: true }","meta":{"rootId":"ukf7beetiig5d62","id":"ukf7beetiig5d62"},"id":"mk0zozfxh6q7u46","previousOperationId":"2obn1k3dvh813l4"}
{"type":"log","timestamp":1731227774141,"level":"debug","message":"Inline data specified.","meta":{"rootId":"ukf7beetiig5d62","id":"ukf7beetiig5d62"},"id":"a1s3k92kdhomt65","previousOperationId":"2obn1k3dvh813l4"}
{"type":"log","timestamp":1731227774143,"level":"debug","message":"Base url not specified, skipping its injection.","meta":{"rootId":"ukf7beetiig5d62","id":"ukf7beetiig5d62"},"id":"hrmzc7lmhwdpao9","previousOperationId":"2obn1k3dvh813l4"}
{"type":"log","timestamp":1731227774146,"level":"debug","message":"Replaced assets [\"/asset/font/KhmerOSSiemreapRegular.ttf\"]","meta":{"rootId":"ukf7beetiig5d62","id":"ukf7beetiig5d62"},"id":"qew8i5781gr1nvu","previousOperationId":"2obn1k3dvh813l4"}
{"type":"operationStart","subtype":"engine","name":"handlebars","timestamp":1731227774146,"id":"p577kc4lzuixmr5","previousEventId":"xpvqvnt7af1464u","operationId":"4v1xonvab8v8zpa","previousOperationId":"2obn1k3dvh813l4"}
{"type":"log","timestamp":1731227774146,"level":"debug","message":"Rendering engine handlebars","meta":{"rootId":"ukf7beetiig5d62","id":"ukf7beetiig5d62"},"id":"60axb91sm7uoax1","previousOperationId":"4v1xonvab8v8zpa"}
{"type":"operationEnd","operationId":"4v1xonvab8v8zpa","timestamp":1731227774160,"id":"3hykrfvoe7vqmce","previousEventId":"p577kc4lzuixmr5","previousOperationId":"4v1xonvab8v8zpa"}
{"type":"operationStart","subtype":"recipe","name":"html-to-xlsx","timestamp":1731227774162,"id":"lg7b13j8ft6pts6","previousEventId":"3hykrfvoe7vqmce","operationId":"jmnx1emf675njfn","previousOperationId":"4v1xonvab8v8zpa"}
{"type":"log","timestamp":1731227774162,"level":"debug","message":"Executing recipe html-to-xlsx","meta":{"rootId":"ukf7beetiig5d62","id":"ukf7beetiig5d62"},"id":"cc3uno69kskxwcj","previousOperationId":"jmnx1emf675njfn"}
{"type":"log","timestamp":1731227774163,"level":"info","message":"html-to-xlsx generation is starting","meta":{"rootId":"ukf7beetiig5d62","id":"ukf7beetiig5d62"},"id":"m99jsp266i47voc","previousOperationId":"jmnx1emf675njfn"}
{"type":"log","timestamp":1731227774951,"level":"info","message":"html-to-xlsx generation was finished","meta":{"rootId":"ukf7beetiig5d62","id":"ukf7beetiig5d62"},"id":"cw25c5g1b08oixt","previousOperationId":"jmnx1emf675njfn"}
{"type":"log","timestamp":1731227774951,"level":"debug","message":"preparing office preview","meta":{"rootId":"ukf7beetiig5d62","id":"ukf7beetiig5d62"},"id":"wxfmuxnids2zy5o","previousOperationId":"jmnx1emf675njfn"}
{"type":"operationEnd","operationId":"jmnx1emf675njfn","timestamp":1731227775397,"id":"eh0pn0i32fbr60x","previousEventId":"lg7b13j8ft6pts6","previousOperationId":"jmnx1emf675njfn"}
{"type":"log","timestamp":1731227775397,"level":"debug","message":"Skipping storing report.","meta":{"rootId":"ukf7beetiig5d62","id":"ukf7beetiig5d62"},"id":"3kxqekpa16njaow","previousOperationId":"jmnx1emf675njfn"}
{"type":"log","timestamp":1731227775397,"level":"info","message":"Rendering request 136 finished in 1268 ms","meta":{"rootId":"ukf7beetiig5d62","id":"ukf7beetiig5d62"},"id":"2sk6itjtdv6jlef","previousOperationId":"jmnx1emf675njfn"}
{"type":"operationEnd","subtype":"render","operationId":"2obn1k3dvh813l4","timestamp":1731227775397,"id":"madyizlxt7x0o9c","previousEventId":"eh0pn0i32fbr60x","previousOperationId":"jmnx1emf675njfn"}
{"type":"operationEnd","doDiffs":false,"previousEventId":"3roavj1ms4myqva","previousOperationId":"87whtidlc4du9rv","operationId":"87whtidlc4du9rv","timestamp":1731227775399,"id":"78kx4s3x2rruhbh"}
