{"type":"operationStart","subtype":"profile","data":{"_id":"tmSf9kHFxn1GpCFl","timestamp":"2024-11-10T13:14:32.888Z","state":"queued","mode":"standard","creationDate":"2024-11-10T13:14:32.890Z","modificationDate":"2024-11-10T13:14:32.890Z","shortid":"kuf46GV","inheritedReadPermissions":[],"inheritedEditPermissions":[],"$entitySet":"profiles"},"doDiffs":false,"timestamp":1731244472889,"id":"qcr2yvu9dnnr2gh","previousOperationId":null,"operationId":"ysb73p9gkonkt4f"}
{"type":"log","level":"info","message":"Render request 31 queued for execution and waiting for available worker","previousOperationId":"ysb73p9gkonkt4f","timestamp":1731244472889,"id":"0gjvlrsxe589x5v"}
{"type":"operationStart","subtype":"render","name":"new-excl-template","previousOperationId":"ysb73p9gkonkt4f","timestamp":1731244472897,"id":"6zc1farm88xwiht","previousEventId":"qcr2yvu9dnnr2gh","operationId":"fddsg8cziw1czko"}
{"type":"log","timestamp":1731244472897,"level":"info","message":"Starting rendering request 31 (user: admin)","meta":{"rootId":"ukk81yldnq5wdrd","id":"ukk81yldnq5wdrd"},"id":"sq49vkg86t6vwi0","previousOperationId":"fddsg8cziw1czko"}
{"type":"log","timestamp":1731244472897,"level":"info","message":"Rendering template { name: new-excl-template, recipe: html-to-xlsx, engine: handlebars, preview: true }","meta":{"rootId":"ukk81yldnq5wdrd","id":"ukk81yldnq5wdrd"},"id":"hgxablbb4v4axc7","previousOperationId":"fddsg8cziw1czko"}
{"type":"log","timestamp":1731244472898,"level":"debug","message":"Inline data specified.","meta":{"rootId":"ukk81yldnq5wdrd","id":"ukk81yldnq5wdrd"},"id":"j4avlq4r8kkqebi","previousOperationId":"fddsg8cziw1czko"}
{"type":"log","timestamp":1731244472899,"level":"debug","message":"Base url not specified, skipping its injection.","meta":{"rootId":"ukk81yldnq5wdrd","id":"ukk81yldnq5wdrd"},"id":"cigfwzrp9061q9i","previousOperationId":"fddsg8cziw1czko"}
{"type":"log","timestamp":1731244472900,"level":"debug","message":"Replaced assets [\"KhmerOSSiemreapRegular.ttf\"]","meta":{"rootId":"ukk81yldnq5wdrd","id":"ukk81yldnq5wdrd"},"id":"cq3d8rpg18dyh1i","previousOperationId":"fddsg8cziw1czko"}
{"type":"operationStart","subtype":"engine","name":"handlebars","timestamp":1731244472900,"id":"21hajia2y3687w0","previousEventId":"6zc1farm88xwiht","operationId":"lbulr86lpe8t6rc","previousOperationId":"fddsg8cziw1czko"}
{"type":"log","timestamp":1731244472900,"level":"debug","message":"Rendering engine handlebars","meta":{"rootId":"ukk81yldnq5wdrd","id":"ukk81yldnq5wdrd"},"id":"kii6t7o7eyq3h3r","previousOperationId":"lbulr86lpe8t6rc"}
{"type":"operationEnd","operationId":"lbulr86lpe8t6rc","timestamp":1731244472910,"id":"7v4glx7sni4im4b","previousEventId":"21hajia2y3687w0","previousOperationId":"lbulr86lpe8t6rc"}
{"type":"operationStart","subtype":"recipe","name":"html-to-xlsx","timestamp":1731244472911,"id":"aat8itzputjxv0f","previousEventId":"7v4glx7sni4im4b","operationId":"5x9jdmsi2365kyb","previousOperationId":"lbulr86lpe8t6rc"}
{"type":"log","timestamp":1731244472911,"level":"debug","message":"Executing recipe html-to-xlsx","meta":{"rootId":"ukk81yldnq5wdrd","id":"ukk81yldnq5wdrd"},"id":"p9ldv76o71b3kxt","previousOperationId":"5x9jdmsi2365kyb"}
{"type":"log","timestamp":1731244472911,"level":"info","message":"html-to-xlsx generation is starting","meta":{"rootId":"ukk81yldnq5wdrd","id":"ukk81yldnq5wdrd"},"id":"s1b41rbcmn8yy86","previousOperationId":"5x9jdmsi2365kyb"}
{"type":"log","timestamp":1731244473460,"level":"info","message":"html-to-xlsx generation was finished","meta":{"rootId":"ukk81yldnq5wdrd","id":"ukk81yldnq5wdrd"},"id":"b1pr8hvt2zh77u8","previousOperationId":"5x9jdmsi2365kyb"}
{"type":"log","timestamp":1731244473460,"level":"debug","message":"preparing office preview","meta":{"rootId":"ukk81yldnq5wdrd","id":"ukk81yldnq5wdrd"},"id":"384rztm1cj0e121","previousOperationId":"5x9jdmsi2365kyb"}
{"type":"operationEnd","operationId":"5x9jdmsi2365kyb","timestamp":1731244473911,"id":"3l4jde92yu71o4d","previousEventId":"aat8itzputjxv0f","previousOperationId":"5x9jdmsi2365kyb"}
{"type":"log","timestamp":1731244473911,"level":"debug","message":"Skipping storing report.","meta":{"rootId":"ukk81yldnq5wdrd","id":"ukk81yldnq5wdrd"},"id":"a7b91v1gpdbg0dk","previousOperationId":"5x9jdmsi2365kyb"}
{"type":"log","timestamp":1731244473911,"level":"info","message":"Rendering request 31 finished in 1023 ms","meta":{"rootId":"ukk81yldnq5wdrd","id":"ukk81yldnq5wdrd"},"id":"9e2dv0onzewy5hs","previousOperationId":"5x9jdmsi2365kyb"}
{"type":"operationEnd","subtype":"render","operationId":"fddsg8cziw1czko","timestamp":1731244473911,"id":"qdd827hsp5hma21","previousEventId":"3l4jde92yu71o4d","previousOperationId":"5x9jdmsi2365kyb"}
{"type":"operationEnd","doDiffs":false,"previousEventId":"qcr2yvu9dnnr2gh","previousOperationId":"ysb73p9gkonkt4f","operationId":"ysb73p9gkonkt4f","timestamp":1731244473914,"id":"1p8kvrlgvosmy4o"}
