{"type":"operationStart","subtype":"profile","data":{"_id":"qdbHEd1JnzF3W8lf","timestamp":"2024-11-10T09:00:09.163Z","state":"queued","mode":"standard","creationDate":"2024-11-10T09:00:09.165Z","modificationDate":"2024-11-10T09:00:09.165Z","shortid":"vGrXUMs","inheritedReadPermissions":[],"inheritedEditPermissions":[],"$entitySet":"profiles"},"doDiffs":false,"timestamp":1731229209164,"id":"vpahtrh11p0ciqq","previousOperationId":null,"operationId":"p0gu6il7zgl0jqm"}
{"type":"log","level":"info","message":"Render request 173 queued for execution and waiting for available worker","previousOperationId":"p0gu6il7zgl0jqm","timestamp":1731229209164,"id":"alsekn119c6otrq"}
{"type":"operationStart","subtype":"render","name":"new-excl-template","previousOperationId":"p0gu6il7zgl0jqm","timestamp":1731229209171,"id":"u2xs0w4ms6w3e0l","previousEventId":"vpahtrh11p0ciqq","operationId":"4upbc04r2p47bxd"}
{"type":"log","timestamp":1731229209171,"level":"info","message":"Starting rendering request 173 (user: admin)","meta":{"rootId":"umsy0d6fy5fjya7","id":"umsy0d6fy5fjya7"},"id":"bqoij11sudhcmgt","previousOperationId":"4upbc04r2p47bxd"}
{"type":"log","timestamp":1731229209171,"level":"info","message":"Rendering template { name: new-excl-template, recipe: html-to-xlsx, engine: handlebars, preview: true }","meta":{"rootId":"umsy0d6fy5fjya7","id":"umsy0d6fy5fjya7"},"id":"y8lbd2i4zzrzveu","previousOperationId":"4upbc04r2p47bxd"}
{"type":"log","timestamp":1731229209172,"level":"debug","message":"Adding sample data pVkbCM7am","meta":{"rootId":"umsy0d6fy5fjya7","id":"umsy0d6fy5fjya7"},"id":"wfr327kr8xswow7","previousOperationId":"4upbc04r2p47bxd"}
{"type":"log","timestamp":1731229209174,"level":"debug","message":"Base url not specified, skipping its injection.","meta":{"rootId":"umsy0d6fy5fjya7","id":"umsy0d6fy5fjya7"},"id":"lk2tlbqh8lswfg7","previousOperationId":"4upbc04r2p47bxd"}
{"type":"log","timestamp":1731229209176,"level":"debug","message":"Replaced assets [\"KhmerOSSiemreapRegular.ttf\"]","meta":{"rootId":"umsy0d6fy5fjya7","id":"umsy0d6fy5fjya7"},"id":"afqhfvy41kmphi6","previousOperationId":"4upbc04r2p47bxd"}
{"type":"operationStart","subtype":"engine","name":"handlebars","timestamp":1731229209176,"id":"f4f336qbosg9h39","previousEventId":"u2xs0w4ms6w3e0l","operationId":"kenv49g66qhrub0","previousOperationId":"4upbc04r2p47bxd"}
{"type":"log","timestamp":1731229209176,"level":"debug","message":"Rendering engine handlebars","meta":{"rootId":"umsy0d6fy5fjya7","id":"umsy0d6fy5fjya7"},"id":"l9y4cv2sc66o52l","previousOperationId":"kenv49g66qhrub0"}
{"type":"operationEnd","operationId":"kenv49g66qhrub0","timestamp":1731229209194,"id":"8i9q3rcwmc23hz0","previousEventId":"f4f336qbosg9h39","previousOperationId":"kenv49g66qhrub0"}
{"type":"operationStart","subtype":"recipe","name":"html-to-xlsx","timestamp":1731229209197,"id":"s1i0gh34muqmphn","previousEventId":"8i9q3rcwmc23hz0","operationId":"kp2i1yy7p4a99ps","previousOperationId":"kenv49g66qhrub0"}
{"type":"log","timestamp":1731229209197,"level":"debug","message":"Executing recipe html-to-xlsx","meta":{"rootId":"umsy0d6fy5fjya7","id":"umsy0d6fy5fjya7"},"id":"4mgg13zrcakktdl","previousOperationId":"kp2i1yy7p4a99ps"}
{"type":"log","timestamp":1731229209197,"level":"info","message":"html-to-xlsx generation is starting","meta":{"rootId":"umsy0d6fy5fjya7","id":"umsy0d6fy5fjya7"},"id":"hbogemwh8hwvvvi","previousOperationId":"kp2i1yy7p4a99ps"}
{"type":"log","timestamp":1731229210000,"level":"info","message":"html-to-xlsx generation was finished","meta":{"rootId":"umsy0d6fy5fjya7","id":"umsy0d6fy5fjya7"},"id":"vv6jd068eo7jo1h","previousOperationId":"kp2i1yy7p4a99ps"}
{"type":"log","timestamp":1731229210001,"level":"debug","message":"preparing office preview","meta":{"rootId":"umsy0d6fy5fjya7","id":"umsy0d6fy5fjya7"},"id":"7lqddmk5qxi0ebx","previousOperationId":"kp2i1yy7p4a99ps"}
{"type":"operationEnd","operationId":"kp2i1yy7p4a99ps","timestamp":1731229210443,"id":"mfep0vjnrg5im46","previousEventId":"s1i0gh34muqmphn","previousOperationId":"kp2i1yy7p4a99ps"}
{"type":"log","timestamp":1731229210443,"level":"debug","message":"Skipping storing report.","meta":{"rootId":"umsy0d6fy5fjya7","id":"umsy0d6fy5fjya7"},"id":"rb8zdblo48583qn","previousOperationId":"kp2i1yy7p4a99ps"}
{"type":"log","timestamp":1731229210443,"level":"info","message":"Rendering request 173 finished in 1280 ms","meta":{"rootId":"umsy0d6fy5fjya7","id":"umsy0d6fy5fjya7"},"id":"67ivrfl38r0n9w8","previousOperationId":"kp2i1yy7p4a99ps"}
{"type":"operationEnd","subtype":"render","operationId":"4upbc04r2p47bxd","timestamp":1731229210443,"id":"i1wlvqi4qbx3f21","previousEventId":"mfep0vjnrg5im46","previousOperationId":"kp2i1yy7p4a99ps"}
{"type":"operationEnd","doDiffs":false,"previousEventId":"vpahtrh11p0ciqq","previousOperationId":"p0gu6il7zgl0jqm","operationId":"p0gu6il7zgl0jqm","timestamp":1731229210445,"id":"fewzyq8f615vwxj"}
