{"type":"operationStart","subtype":"profile","data":{"_id":"wG65c5ZJjCrUlb5U","timestamp":"2024-11-10T14:25:59.018Z","state":"queued","mode":"standard","creationDate":"2024-11-10T14:25:59.020Z","modificationDate":"2024-11-10T14:25:59.020Z","shortid":"QMa1SDe","inheritedReadPermissions":[],"inheritedEditPermissions":[],"$entitySet":"profiles"},"doDiffs":false,"timestamp":1731248759019,"id":"9eh8o9gdj1007io","previousOperationId":null,"operationId":"3smojzgr3s16coo"}
{"type":"log","level":"info","message":"Render request 148 queued for execution and waiting for available worker","previousOperationId":"3smojzgr3s16coo","timestamp":1731248759019,"id":"fufd3o2iwgd8m76"}
{"type":"operationStart","subtype":"render","name":"new-excl-template","previousOperationId":"3smojzgr3s16coo","timestamp":1731248759026,"id":"0ao8zcfm79ocqg6","previousEventId":"9eh8o9gdj1007io","operationId":"4uk4rrd053a81nr"}
{"type":"log","timestamp":1731248759026,"level":"info","message":"Starting rendering request 148 (user: admin)","meta":{"rootId":"uqqxwuume5py8j4","id":"uqqxwuume5py8j4"},"id":"0h24f6nyx0l8tor","previousOperationId":"4uk4rrd053a81nr"}
{"type":"log","timestamp":1731248759026,"level":"info","message":"Rendering template { name: new-excl-template, recipe: html-to-xlsx, engine: handlebars, preview: true }","meta":{"rootId":"uqqxwuume5py8j4","id":"uqqxwuume5py8j4"},"id":"vszzrxenizp8f1i","previousOperationId":"4uk4rrd053a81nr"}
{"type":"log","timestamp":1731248759027,"level":"debug","message":"Inline data specified.","meta":{"rootId":"uqqxwuume5py8j4","id":"uqqxwuume5py8j4"},"id":"1d5ooj1arubutgz","previousOperationId":"4uk4rrd053a81nr"}
{"type":"log","timestamp":1731248759028,"level":"debug","message":"Base url not specified, skipping its injection.","meta":{"rootId":"uqqxwuume5py8j4","id":"uqqxwuume5py8j4"},"id":"wgs48giza3u54ll","previousOperationId":"4uk4rrd053a81nr"}
{"type":"log","timestamp":1731248759029,"level":"debug","message":"Replaced assets [\"KhmerOSSiemreapRegular.ttf\"]","meta":{"rootId":"uqqxwuume5py8j4","id":"uqqxwuume5py8j4"},"id":"4hhf1qipj2j32yp","previousOperationId":"4uk4rrd053a81nr"}
{"type":"operationStart","subtype":"engine","name":"handlebars","timestamp":1731248759029,"id":"6bq52y72drpt1kc","previousEventId":"0ao8zcfm79ocqg6","operationId":"dzmcx8g6kxua36g","previousOperationId":"4uk4rrd053a81nr"}
{"type":"log","timestamp":1731248759029,"level":"debug","message":"Rendering engine handlebars","meta":{"rootId":"uqqxwuume5py8j4","id":"uqqxwuume5py8j4"},"id":"j3dbh7b01jsekp5","previousOperationId":"dzmcx8g6kxua36g"}
{"type":"operationEnd","operationId":"dzmcx8g6kxua36g","timestamp":1731248759039,"id":"69wl0to2tbq32gh","previousEventId":"6bq52y72drpt1kc","previousOperationId":"dzmcx8g6kxua36g"}
{"type":"operationStart","subtype":"recipe","name":"html-to-xlsx","timestamp":1731248759040,"id":"nt6hb7ky9jktar3","previousEventId":"69wl0to2tbq32gh","operationId":"0y93bjup5u3lqyy","previousOperationId":"dzmcx8g6kxua36g"}
{"type":"log","timestamp":1731248759040,"level":"debug","message":"Executing recipe html-to-xlsx","meta":{"rootId":"uqqxwuume5py8j4","id":"uqqxwuume5py8j4"},"id":"1qlb0c9kn95jyf6","previousOperationId":"0y93bjup5u3lqyy"}
{"type":"log","timestamp":1731248759040,"level":"info","message":"html-to-xlsx generation is starting","meta":{"rootId":"uqqxwuume5py8j4","id":"uqqxwuume5py8j4"},"id":"5z2puzb4611g977","previousOperationId":"0y93bjup5u3lqyy"}
{"type":"log","timestamp":1731248759640,"level":"info","message":"html-to-xlsx generation was finished","meta":{"rootId":"uqqxwuume5py8j4","id":"uqqxwuume5py8j4"},"id":"m7u2hevo53w3lg5","previousOperationId":"0y93bjup5u3lqyy"}
{"type":"log","timestamp":1731248759640,"level":"debug","message":"preparing office preview","meta":{"rootId":"uqqxwuume5py8j4","id":"uqqxwuume5py8j4"},"id":"sclwbgl97636u8t","previousOperationId":"0y93bjup5u3lqyy"}
{"type":"operationEnd","operationId":"0y93bjup5u3lqyy","timestamp":1731248760086,"id":"d6v0oeqb2kxis4x","previousEventId":"nt6hb7ky9jktar3","previousOperationId":"0y93bjup5u3lqyy"}
{"type":"log","timestamp":1731248760086,"level":"debug","message":"Skipping storing report.","meta":{"rootId":"uqqxwuume5py8j4","id":"uqqxwuume5py8j4"},"id":"hekez7zufj2icd5","previousOperationId":"0y93bjup5u3lqyy"}
{"type":"log","timestamp":1731248760086,"level":"info","message":"Rendering request 148 finished in 1068 ms","meta":{"rootId":"uqqxwuume5py8j4","id":"uqqxwuume5py8j4"},"id":"v9sou9jqhjx9ri7","previousOperationId":"0y93bjup5u3lqyy"}
{"type":"operationEnd","subtype":"render","operationId":"4uk4rrd053a81nr","timestamp":1731248760086,"id":"nz67m75y1i1k8db","previousEventId":"d6v0oeqb2kxis4x","previousOperationId":"0y93bjup5u3lqyy"}
{"type":"operationEnd","doDiffs":false,"previousEventId":"9eh8o9gdj1007io","previousOperationId":"3smojzgr3s16coo","operationId":"3smojzgr3s16coo","timestamp":1731248760088,"id":"smp6574wxp6qpvh"}
