{"type":"operationStart","subtype":"profile","data":{"_id":"Kq7Htun3zEbzjtqk","timestamp":"2024-11-10T13:50:59.160Z","state":"queued","mode":"standard","creationDate":"2024-11-10T13:50:59.162Z","modificationDate":"2024-11-10T13:50:59.162Z","shortid":"JMUg5SW","inheritedReadPermissions":[],"inheritedEditPermissions":[],"$entitySet":"profiles"},"doDiffs":false,"timestamp":1731246659161,"id":"ssmkei1vq7gswjh","previousOperationId":null,"operationId":"irtymjqgb6bwxrc"}
{"type":"log","level":"info","message":"Render request 84 queued for execution and waiting for available worker","previousOperationId":"irtymjqgb6bwxrc","timestamp":1731246659161,"id":"b41ux0rldoma52u"}
{"type":"operationStart","subtype":"render","name":"new-excl-template","previousOperationId":"irtymjqgb6bwxrc","timestamp":1731246659170,"id":"45xzj42dghxye1f","previousEventId":"ssmkei1vq7gswjh","operationId":"u2qf02spvl9bw62"}
{"type":"log","timestamp":1731246659170,"level":"info","message":"Starting rendering request 84 (user: admin)","meta":{"rootId":"vcjyerdialdpon2","id":"vcjyerdialdpon2"},"id":"godvv5h9hvfzeij","previousOperationId":"u2qf02spvl9bw62"}
{"type":"log","timestamp":1731246659170,"level":"info","message":"Rendering template { name: new-excl-template, recipe: html-to-xlsx, engine: handlebars, preview: true }","meta":{"rootId":"vcjyerdialdpon2","id":"vcjyerdialdpon2"},"id":"3303sckse1c1e0e","previousOperationId":"u2qf02spvl9bw62"}
{"type":"log","timestamp":1731246659171,"level":"debug","message":"Inline data specified.","meta":{"rootId":"vcjyerdialdpon2","id":"vcjyerdialdpon2"},"id":"utlpljxlfmu7e13","previousOperationId":"u2qf02spvl9bw62"}
{"type":"log","timestamp":1731246659172,"level":"debug","message":"Base url not specified, skipping its injection.","meta":{"rootId":"vcjyerdialdpon2","id":"vcjyerdialdpon2"},"id":"mp0wry4twk9sxgs","previousOperationId":"u2qf02spvl9bw62"}
{"type":"log","timestamp":1731246659173,"level":"debug","message":"Replaced assets [\"KhmerOSSiemreapRegular.ttf\"]","meta":{"rootId":"vcjyerdialdpon2","id":"vcjyerdialdpon2"},"id":"dt9m8qcrt4wb3h6","previousOperationId":"u2qf02spvl9bw62"}
{"type":"operationStart","subtype":"engine","name":"handlebars","timestamp":1731246659173,"id":"2yt8sqwovdlsllg","previousEventId":"45xzj42dghxye1f","operationId":"djdw26sobp7l44a","previousOperationId":"u2qf02spvl9bw62"}
{"type":"log","timestamp":1731246659173,"level":"debug","message":"Rendering engine handlebars","meta":{"rootId":"vcjyerdialdpon2","id":"vcjyerdialdpon2"},"id":"urhqj1apks1ezrb","previousOperationId":"djdw26sobp7l44a"}
{"type":"operationEnd","operationId":"djdw26sobp7l44a","timestamp":1731246659189,"id":"tzc9hutv7zcsxdf","previousEventId":"2yt8sqwovdlsllg","previousOperationId":"djdw26sobp7l44a"}
{"type":"operationStart","subtype":"recipe","name":"html-to-xlsx","timestamp":1731246659190,"id":"lv8hhjn12bzz7xg","previousEventId":"tzc9hutv7zcsxdf","operationId":"fxg76i1cxaull0m","previousOperationId":"djdw26sobp7l44a"}
{"type":"log","timestamp":1731246659190,"level":"debug","message":"Executing recipe html-to-xlsx","meta":{"rootId":"vcjyerdialdpon2","id":"vcjyerdialdpon2"},"id":"vkn45otp4sc849a","previousOperationId":"fxg76i1cxaull0m"}
{"type":"log","timestamp":1731246659191,"level":"info","message":"html-to-xlsx generation is starting","meta":{"rootId":"vcjyerdialdpon2","id":"vcjyerdialdpon2"},"id":"4si72ef33xgxna2","previousOperationId":"fxg76i1cxaull0m"}
{"type":"log","timestamp":1731246659859,"level":"info","message":"html-to-xlsx generation was finished","meta":{"rootId":"vcjyerdialdpon2","id":"vcjyerdialdpon2"},"id":"skfc5t2hjdiu6m5","previousOperationId":"fxg76i1cxaull0m"}
{"type":"log","timestamp":1731246659859,"level":"debug","message":"preparing office preview","meta":{"rootId":"vcjyerdialdpon2","id":"vcjyerdialdpon2"},"id":"scy8h2cmg91smyo","previousOperationId":"fxg76i1cxaull0m"}
{"type":"operationEnd","operationId":"fxg76i1cxaull0m","timestamp":1731246660306,"id":"i78si6xloj9ki5c","previousEventId":"lv8hhjn12bzz7xg","previousOperationId":"fxg76i1cxaull0m"}
{"type":"log","timestamp":1731246660307,"level":"debug","message":"Skipping storing report.","meta":{"rootId":"vcjyerdialdpon2","id":"vcjyerdialdpon2"},"id":"ijje3dfpyy3w949","previousOperationId":"fxg76i1cxaull0m"}
{"type":"log","timestamp":1731246660307,"level":"info","message":"Rendering request 84 finished in 1148 ms","meta":{"rootId":"vcjyerdialdpon2","id":"vcjyerdialdpon2"},"id":"tru58xyli22k3t1","previousOperationId":"fxg76i1cxaull0m"}
{"type":"operationEnd","subtype":"render","operationId":"u2qf02spvl9bw62","timestamp":1731246660307,"id":"6yjq95wjyfk23p3","previousEventId":"i78si6xloj9ki5c","previousOperationId":"fxg76i1cxaull0m"}
{"type":"operationEnd","doDiffs":false,"previousEventId":"ssmkei1vq7gswjh","previousOperationId":"irtymjqgb6bwxrc","operationId":"irtymjqgb6bwxrc","timestamp":1731246660309,"id":"jp6g73xldotlk2u"}
