{"type":"operationStart","subtype":"profile","data":{"_id":"0cTulBs7y0sxS8Ic","timestamp":"2024-11-10T14:12:06.996Z","state":"queued","mode":"standard","creationDate":"2024-11-10T14:12:06.999Z","modificationDate":"2024-11-10T14:12:06.999Z","shortid":"4BYimy9","inheritedReadPermissions":[],"inheritedEditPermissions":[],"$entitySet":"profiles"},"doDiffs":false,"timestamp":1731247926998,"id":"14lekdy9x5d3y78","previousOperationId":null,"operationId":"i61uvh2un4w85se"}
{"type":"log","level":"info","message":"Render request 116 queued for execution and waiting for available worker","previousOperationId":"i61uvh2un4w85se","timestamp":1731247926998,"id":"0mxadzb6v2t6gg2"}
{"type":"operationStart","subtype":"render","name":"new-excl-template","previousOperationId":"i61uvh2un4w85se","timestamp":1731247927007,"id":"9sku69dgg5jd9zf","previousEventId":"14lekdy9x5d3y78","operationId":"5yl9xgwsg13jt6u"}
{"type":"log","timestamp":1731247927007,"level":"info","message":"Starting rendering request 116 (user: admin)","meta":{"rootId":"vdb454pdkt5lut3","id":"vdb454pdkt5lut3"},"id":"o9rt567psybhgm3","previousOperationId":"5yl9xgwsg13jt6u"}
{"type":"log","timestamp":1731247927007,"level":"info","message":"Rendering template { name: new-excl-template, recipe: html-to-xlsx, engine: handlebars, preview: true }","meta":{"rootId":"vdb454pdkt5lut3","id":"vdb454pdkt5lut3"},"id":"odzjlbpsju8luzh","previousOperationId":"5yl9xgwsg13jt6u"}
{"type":"log","timestamp":1731247927008,"level":"debug","message":"Inline data specified.","meta":{"rootId":"vdb454pdkt5lut3","id":"vdb454pdkt5lut3"},"id":"ge0em148pmfv64k","previousOperationId":"5yl9xgwsg13jt6u"}
{"type":"log","timestamp":1731247927009,"level":"debug","message":"Base url not specified, skipping its injection.","meta":{"rootId":"vdb454pdkt5lut3","id":"vdb454pdkt5lut3"},"id":"a5yzn49ddnsyr2m","previousOperationId":"5yl9xgwsg13jt6u"}
{"type":"log","timestamp":1731247927010,"level":"debug","message":"Replaced assets [\"KhmerOSSiemreapRegular.ttf\"]","meta":{"rootId":"vdb454pdkt5lut3","id":"vdb454pdkt5lut3"},"id":"4i8hcun87rg3pjv","previousOperationId":"5yl9xgwsg13jt6u"}
{"type":"operationStart","subtype":"engine","name":"handlebars","timestamp":1731247927010,"id":"5jt1axxpp4aqf6v","previousEventId":"9sku69dgg5jd9zf","operationId":"m4hv0hjdp7sjwkv","previousOperationId":"5yl9xgwsg13jt6u"}
{"type":"log","timestamp":1731247927010,"level":"debug","message":"Rendering engine handlebars","meta":{"rootId":"vdb454pdkt5lut3","id":"vdb454pdkt5lut3"},"id":"b9tmfpim6du8gns","previousOperationId":"m4hv0hjdp7sjwkv"}
{"type":"operationEnd","operationId":"m4hv0hjdp7sjwkv","timestamp":1731247927021,"id":"7whudjsjx6402hi","previousEventId":"5jt1axxpp4aqf6v","previousOperationId":"m4hv0hjdp7sjwkv"}
{"type":"operationStart","subtype":"recipe","name":"html-to-xlsx","timestamp":1731247927022,"id":"4rvou4zm6zl2ajq","previousEventId":"7whudjsjx6402hi","operationId":"izn9hryzapp9x5y","previousOperationId":"m4hv0hjdp7sjwkv"}
{"type":"log","timestamp":1731247927022,"level":"debug","message":"Executing recipe html-to-xlsx","meta":{"rootId":"vdb454pdkt5lut3","id":"vdb454pdkt5lut3"},"id":"yk5jd1j0ksgvakk","previousOperationId":"izn9hryzapp9x5y"}
{"type":"log","timestamp":1731247927022,"level":"info","message":"html-to-xlsx generation is starting","meta":{"rootId":"vdb454pdkt5lut3","id":"vdb454pdkt5lut3"},"id":"1tzq9j5tdyjnpz2","previousOperationId":"izn9hryzapp9x5y"}
{"type":"log","timestamp":1731247927612,"level":"info","message":"html-to-xlsx generation was finished","meta":{"rootId":"vdb454pdkt5lut3","id":"vdb454pdkt5lut3"},"id":"iogtx5zd0dt125v","previousOperationId":"izn9hryzapp9x5y"}
{"type":"log","timestamp":1731247927612,"level":"debug","message":"preparing office preview","meta":{"rootId":"vdb454pdkt5lut3","id":"vdb454pdkt5lut3"},"id":"keaym8eqje0klhv","previousOperationId":"izn9hryzapp9x5y"}
{"type":"operationEnd","operationId":"izn9hryzapp9x5y","timestamp":1731247928107,"id":"ka2tr3ouzoid568","previousEventId":"4rvou4zm6zl2ajq","previousOperationId":"izn9hryzapp9x5y"}
{"type":"log","timestamp":1731247928107,"level":"debug","message":"Skipping storing report.","meta":{"rootId":"vdb454pdkt5lut3","id":"vdb454pdkt5lut3"},"id":"74u4874mlb6j9xe","previousOperationId":"izn9hryzapp9x5y"}
{"type":"log","timestamp":1731247928107,"level":"info","message":"Rendering request 116 finished in 1111 ms","meta":{"rootId":"vdb454pdkt5lut3","id":"vdb454pdkt5lut3"},"id":"4i7ng51gyb165xn","previousOperationId":"izn9hryzapp9x5y"}
{"type":"operationEnd","subtype":"render","operationId":"5yl9xgwsg13jt6u","timestamp":1731247928107,"id":"sqvfhazypmbniv6","previousEventId":"ka2tr3ouzoid568","previousOperationId":"izn9hryzapp9x5y"}
{"type":"operationEnd","doDiffs":false,"previousEventId":"14lekdy9x5d3y78","previousOperationId":"i61uvh2un4w85se","operationId":"i61uvh2un4w85se","timestamp":1731247928109,"id":"86j2pls4l46fm80"}
