{"type":"operationStart","subtype":"profile","data":{"_id":"2Erwi6pruZshO92U","timestamp":"2024-11-10T13:06:03.759Z","state":"queued","mode":"standard","creationDate":"2024-11-10T13:06:03.760Z","modificationDate":"2024-11-10T13:06:03.760Z","shortid":"6PDhd9r","inheritedReadPermissions":[],"inheritedEditPermissions":[],"$entitySet":"profiles"},"doDiffs":false,"timestamp":1731243963760,"id":"mz5f8lc9dzai103","previousOperationId":null,"operationId":"smbrp6u325wzzpj"}
{"type":"log","level":"info","message":"Render request 10 queued for execution and waiting for available worker","previousOperationId":"smbrp6u325wzzpj","timestamp":1731243963760,"id":"jr349witchis73y"}
{"type":"operationStart","subtype":"render","name":"new-excl-template","previousOperationId":"smbrp6u325wzzpj","timestamp":1731243963769,"id":"ldp3e92jphx1g98","previousEventId":"mz5f8lc9dzai103","operationId":"iv6371vvbkac853"}
{"type":"log","timestamp":1731243963769,"level":"info","message":"Starting rendering request 10 (user: admin)","meta":{"rootId":"vghjss9te8xuw33","id":"vghjss9te8xuw33"},"id":"v5hq04o0lwy8wns","previousOperationId":"iv6371vvbkac853"}
{"type":"log","timestamp":1731243963769,"level":"info","message":"Rendering template { name: new-excl-template, recipe: html-to-xlsx, engine: handlebars, preview: true }","meta":{"rootId":"vghjss9te8xuw33","id":"vghjss9te8xuw33"},"id":"3mib5763bin17xg","previousOperationId":"iv6371vvbkac853"}
{"type":"log","timestamp":1731243963769,"level":"debug","message":"Adding sample data pVkbCM7am","meta":{"rootId":"vghjss9te8xuw33","id":"vghjss9te8xuw33"},"id":"g2nzsadk4lgepuy","previousOperationId":"iv6371vvbkac853"}
{"type":"log","timestamp":1731243963770,"level":"debug","message":"Base url not specified, skipping its injection.","meta":{"rootId":"vghjss9te8xuw33","id":"vghjss9te8xuw33"},"id":"izxvfjpqspy6wuf","previousOperationId":"iv6371vvbkac853"}
{"type":"log","timestamp":1731243963772,"level":"debug","message":"Replaced assets [\"KhmerOSSiemreapRegular.ttf\"]","meta":{"rootId":"vghjss9te8xuw33","id":"vghjss9te8xuw33"},"id":"ii1t5azzzauf5ob","previousOperationId":"iv6371vvbkac853"}
{"type":"operationStart","subtype":"engine","name":"handlebars","timestamp":1731243963772,"id":"p291jcmn4h8gz8o","previousEventId":"ldp3e92jphx1g98","operationId":"45pf2vqe3ityk0y","previousOperationId":"iv6371vvbkac853"}
{"type":"log","timestamp":1731243963772,"level":"debug","message":"Rendering engine handlebars","meta":{"rootId":"vghjss9te8xuw33","id":"vghjss9te8xuw33"},"id":"m8v4tj3rp7rgzhe","previousOperationId":"45pf2vqe3ityk0y"}
{"type":"operationEnd","operationId":"45pf2vqe3ityk0y","timestamp":1731243963784,"id":"k9100488m6ple5w","previousEventId":"p291jcmn4h8gz8o","previousOperationId":"45pf2vqe3ityk0y"}
{"type":"operationStart","subtype":"recipe","name":"html-to-xlsx","timestamp":1731243963786,"id":"53k2wiob0v9s8am","previousEventId":"k9100488m6ple5w","operationId":"zx3af3hcuroo3tm","previousOperationId":"45pf2vqe3ityk0y"}
{"type":"log","timestamp":1731243963786,"level":"debug","message":"Executing recipe html-to-xlsx","meta":{"rootId":"vghjss9te8xuw33","id":"vghjss9te8xuw33"},"id":"pqtoitjsii24dvo","previousOperationId":"zx3af3hcuroo3tm"}
{"type":"log","timestamp":1731243963786,"level":"info","message":"html-to-xlsx generation is starting","meta":{"rootId":"vghjss9te8xuw33","id":"vghjss9te8xuw33"},"id":"7urdyxlyi0eenjw","previousOperationId":"zx3af3hcuroo3tm"}
{"type":"log","timestamp":1731243964390,"level":"info","message":"html-to-xlsx generation was finished","meta":{"rootId":"vghjss9te8xuw33","id":"vghjss9te8xuw33"},"id":"jzrmvip97qdwgys","previousOperationId":"zx3af3hcuroo3tm"}
{"type":"log","timestamp":1731243964390,"level":"debug","message":"preparing office preview","meta":{"rootId":"vghjss9te8xuw33","id":"vghjss9te8xuw33"},"id":"ppmhgou5kat7ly3","previousOperationId":"zx3af3hcuroo3tm"}
{"type":"operationEnd","operationId":"zx3af3hcuroo3tm","timestamp":1731243964841,"id":"yroof4d629plqsy","previousEventId":"53k2wiob0v9s8am","previousOperationId":"zx3af3hcuroo3tm"}
{"type":"log","timestamp":1731243964841,"level":"debug","message":"Skipping storing report.","meta":{"rootId":"vghjss9te8xuw33","id":"vghjss9te8xuw33"},"id":"u1eaksnbiqg66kv","previousOperationId":"zx3af3hcuroo3tm"}
{"type":"log","timestamp":1731243964841,"level":"info","message":"Rendering request 10 finished in 1082 ms","meta":{"rootId":"vghjss9te8xuw33","id":"vghjss9te8xuw33"},"id":"mexfeex83vvz359","previousOperationId":"zx3af3hcuroo3tm"}
{"type":"operationEnd","subtype":"render","operationId":"iv6371vvbkac853","timestamp":1731243964841,"id":"3r2hp9j7bw3iyo7","previousEventId":"yroof4d629plqsy","previousOperationId":"zx3af3hcuroo3tm"}
{"type":"operationEnd","doDiffs":false,"previousEventId":"mz5f8lc9dzai103","previousOperationId":"smbrp6u325wzzpj","operationId":"smbrp6u325wzzpj","timestamp":1731243964843,"id":"06pgt6od7l92460"}
