{"type":"operationStart","subtype":"profile","data":{"_id":"HTLuzmpYP1rw3Qvi","timestamp":"2024-11-10T09:12:28.223Z","state":"queued","mode":"standard","creationDate":"2024-11-10T09:12:28.226Z","modificationDate":"2024-11-10T09:12:28.226Z","shortid":"s0qWX-P","inheritedReadPermissions":[],"inheritedEditPermissions":[],"$entitySet":"profiles"},"doDiffs":false,"timestamp":1731229948225,"id":"cf3d96bzl3ufcmi","previousOperationId":null,"operationId":"flvqpzqdi1t0uxl"}
{"type":"log","level":"info","message":"Render request 187 queued for execution and waiting for available worker","previousOperationId":"flvqpzqdi1t0uxl","timestamp":1731229948225,"id":"dbr4rwa282nuqby"}
{"type":"operationStart","subtype":"render","name":"new-excl-template","previousOperationId":"flvqpzqdi1t0uxl","timestamp":1731229948234,"id":"tuqz1d2qv3ypgu3","previousEventId":"cf3d96bzl3ufcmi","operationId":"z6p6ffz3wshrh1w"}
{"type":"log","timestamp":1731229948234,"level":"info","message":"Starting rendering request 187 (user: admin)","meta":{"rootId":"vguokwhlzp3tl81","id":"vguokwhlzp3tl81"},"id":"40ccmd4ae9nthfb","previousOperationId":"z6p6ffz3wshrh1w"}
{"type":"log","timestamp":1731229948234,"level":"info","message":"Rendering template { name: new-excl-template, recipe: html-to-xlsx, engine: handlebars, preview: true }","meta":{"rootId":"vguokwhlzp3tl81","id":"vguokwhlzp3tl81"},"id":"f2rkez3j452415u","previousOperationId":"z6p6ffz3wshrh1w"}
{"type":"log","timestamp":1731229948235,"level":"debug","message":"Adding sample data pVkbCM7am","meta":{"rootId":"vguokwhlzp3tl81","id":"vguokwhlzp3tl81"},"id":"j4wp5rrfwdfsv2j","previousOperationId":"z6p6ffz3wshrh1w"}
{"type":"log","timestamp":1731229948236,"level":"debug","message":"Base url not specified, skipping its injection.","meta":{"rootId":"vguokwhlzp3tl81","id":"vguokwhlzp3tl81"},"id":"ddhvq717xdf0kiq","previousOperationId":"z6p6ffz3wshrh1w"}
{"type":"log","timestamp":1731229948238,"level":"debug","message":"Replaced assets [\"KhmerOSSiemreapRegular.ttf\"]","meta":{"rootId":"vguokwhlzp3tl81","id":"vguokwhlzp3tl81"},"id":"i3ok9dgvjtaoypd","previousOperationId":"z6p6ffz3wshrh1w"}
{"type":"operationStart","subtype":"engine","name":"handlebars","timestamp":1731229948238,"id":"uzkopg1j2112t0c","previousEventId":"tuqz1d2qv3ypgu3","operationId":"5ju1d9bpmg1jcfx","previousOperationId":"z6p6ffz3wshrh1w"}
{"type":"log","timestamp":1731229948238,"level":"debug","message":"Rendering engine handlebars","meta":{"rootId":"vguokwhlzp3tl81","id":"vguokwhlzp3tl81"},"id":"co1mnhut9wjlsmp","previousOperationId":"5ju1d9bpmg1jcfx"}
{"type":"operationEnd","operationId":"5ju1d9bpmg1jcfx","timestamp":1731229948254,"id":"iu4vwyfn49d56gt","previousEventId":"uzkopg1j2112t0c","previousOperationId":"5ju1d9bpmg1jcfx"}
{"type":"operationStart","subtype":"recipe","name":"html-to-xlsx","timestamp":1731229948255,"id":"hx8fddvedtisf13","previousEventId":"iu4vwyfn49d56gt","operationId":"fn1xzm7yd1w8t70","previousOperationId":"5ju1d9bpmg1jcfx"}
{"type":"log","timestamp":1731229948255,"level":"debug","message":"Executing recipe html-to-xlsx","meta":{"rootId":"vguokwhlzp3tl81","id":"vguokwhlzp3tl81"},"id":"ma5jggrg72vn8hl","previousOperationId":"fn1xzm7yd1w8t70"}
{"type":"log","timestamp":1731229948255,"level":"info","message":"html-to-xlsx generation is starting","meta":{"rootId":"vguokwhlzp3tl81","id":"vguokwhlzp3tl81"},"id":"ymkgqdxy0kuf7mh","previousOperationId":"fn1xzm7yd1w8t70"}
{"type":"log","timestamp":1731229949383,"level":"info","message":"html-to-xlsx generation was finished","meta":{"rootId":"vguokwhlzp3tl81","id":"vguokwhlzp3tl81"},"id":"5m6y66ki3ee1ae3","previousOperationId":"fn1xzm7yd1w8t70"}
{"type":"log","timestamp":1731229949383,"level":"debug","message":"preparing office preview","meta":{"rootId":"vguokwhlzp3tl81","id":"vguokwhlzp3tl81"},"id":"5qisw262xxezhu8","previousOperationId":"fn1xzm7yd1w8t70"}
{"type":"operationEnd","operationId":"fn1xzm7yd1w8t70","timestamp":1731229950048,"id":"xba2xye5idy8t62","previousEventId":"hx8fddvedtisf13","previousOperationId":"fn1xzm7yd1w8t70"}
{"type":"log","timestamp":1731229950048,"level":"debug","message":"Skipping storing report.","meta":{"rootId":"vguokwhlzp3tl81","id":"vguokwhlzp3tl81"},"id":"54csl1s9wvkxv67","previousOperationId":"fn1xzm7yd1w8t70"}
{"type":"log","timestamp":1731229950048,"level":"info","message":"Rendering request 187 finished in 1825 ms","meta":{"rootId":"vguokwhlzp3tl81","id":"vguokwhlzp3tl81"},"id":"lib68iwm7um0lde","previousOperationId":"fn1xzm7yd1w8t70"}
{"type":"operationEnd","subtype":"render","operationId":"z6p6ffz3wshrh1w","timestamp":1731229950048,"id":"qvg42xvk1yo5q81","previousEventId":"xba2xye5idy8t62","previousOperationId":"fn1xzm7yd1w8t70"}
{"type":"operationEnd","doDiffs":false,"previousEventId":"cf3d96bzl3ufcmi","previousOperationId":"flvqpzqdi1t0uxl","operationId":"flvqpzqdi1t0uxl","timestamp":1731229950050,"id":"yicuw1sysaiqb7n"}
