{"type":"operationStart","subtype":"profile","data":{"_id":"keoyDEvVhKyM9xYc","timestamp":"2024-11-10T10:19:35.048Z","state":"queued","mode":"standard","creationDate":"2024-11-10T10:19:35.050Z","modificationDate":"2024-11-10T10:19:35.050Z","shortid":"01VJiyD","inheritedReadPermissions":[],"inheritedEditPermissions":[],"$entitySet":"profiles"},"doDiffs":false,"timestamp":1731233975049,"id":"06wpkytqm0as8b3","previousOperationId":null,"operationId":"arjk2z08n3xvla0"}
{"type":"log","level":"info","message":"Render request 317 queued for execution and waiting for available worker","previousOperationId":"arjk2z08n3xvla0","timestamp":1731233975049,"id":"yjnew6asnjet8zt"}
{"type":"operationStart","subtype":"render","name":"new-excl-template","previousOperationId":"arjk2z08n3xvla0","timestamp":1731233975056,"id":"dbmkjzve0lkccj4","previousEventId":"06wpkytqm0as8b3","operationId":"vo7b4mppjmyrad6"}
{"type":"log","timestamp":1731233975056,"level":"info","message":"Starting rendering request 317 (user: admin)","meta":{"rootId":"vmwokd7jgjp8h0q","id":"vmwokd7jgjp8h0q"},"id":"jwf0cikg926ofsm","previousOperationId":"vo7b4mppjmyrad6"}
{"type":"log","timestamp":1731233975057,"level":"info","message":"Rendering template { name: new-excl-template, recipe: html-to-xlsx, engine: handlebars, preview: true }","meta":{"rootId":"vmwokd7jgjp8h0q","id":"vmwokd7jgjp8h0q"},"id":"fohxytu028mfyhf","previousOperationId":"vo7b4mppjmyrad6"}
{"type":"log","timestamp":1731233975057,"level":"debug","message":"Adding sample data pVkbCM7am","meta":{"rootId":"vmwokd7jgjp8h0q","id":"vmwokd7jgjp8h0q"},"id":"xda4jhsgnjrag9a","previousOperationId":"vo7b4mppjmyrad6"}
{"type":"log","timestamp":1731233975059,"level":"debug","message":"Base url not specified, skipping its injection.","meta":{"rootId":"vmwokd7jgjp8h0q","id":"vmwokd7jgjp8h0q"},"id":"n4c686tr5tonc8e","previousOperationId":"vo7b4mppjmyrad6"}
{"type":"log","timestamp":1731233975061,"level":"debug","message":"Replaced assets [\"KhmerOSSiemreapRegular.ttf\"]","meta":{"rootId":"vmwokd7jgjp8h0q","id":"vmwokd7jgjp8h0q"},"id":"fuw2i2lokwoexpr","previousOperationId":"vo7b4mppjmyrad6"}
{"type":"operationStart","subtype":"engine","name":"handlebars","timestamp":1731233975061,"id":"8w7pe7o91u35vto","previousEventId":"dbmkjzve0lkccj4","operationId":"0pc1bclblcdtemb","previousOperationId":"vo7b4mppjmyrad6"}
{"type":"log","timestamp":1731233975061,"level":"debug","message":"Rendering engine handlebars","meta":{"rootId":"vmwokd7jgjp8h0q","id":"vmwokd7jgjp8h0q"},"id":"t9900oezuuo7gux","previousOperationId":"0pc1bclblcdtemb"}
{"type":"operationEnd","operationId":"0pc1bclblcdtemb","timestamp":1731233975069,"id":"7jyz9efsh5wn99d","previousEventId":"8w7pe7o91u35vto","previousOperationId":"0pc1bclblcdtemb"}
{"type":"operationStart","subtype":"recipe","name":"html-to-xlsx","timestamp":1731233975071,"id":"jf4yu5kyzkucskh","previousEventId":"7jyz9efsh5wn99d","operationId":"gob8jktjebliiv7","previousOperationId":"0pc1bclblcdtemb"}
{"type":"log","timestamp":1731233975071,"level":"debug","message":"Executing recipe html-to-xlsx","meta":{"rootId":"vmwokd7jgjp8h0q","id":"vmwokd7jgjp8h0q"},"id":"w6sbb0codqc5v6r","previousOperationId":"gob8jktjebliiv7"}
{"type":"log","timestamp":1731233975071,"level":"info","message":"html-to-xlsx generation is starting","meta":{"rootId":"vmwokd7jgjp8h0q","id":"vmwokd7jgjp8h0q"},"id":"2zeoah2vpztqq56","previousOperationId":"gob8jktjebliiv7"}
{"type":"log","timestamp":1731233975688,"level":"info","message":"html-to-xlsx generation was finished","meta":{"rootId":"vmwokd7jgjp8h0q","id":"vmwokd7jgjp8h0q"},"id":"fnyyvv05fes080x","previousOperationId":"gob8jktjebliiv7"}
{"type":"log","timestamp":1731233975688,"level":"debug","message":"preparing office preview","meta":{"rootId":"vmwokd7jgjp8h0q","id":"vmwokd7jgjp8h0q"},"id":"gd6aorzn20w6z16","previousOperationId":"gob8jktjebliiv7"}
{"type":"operationEnd","operationId":"gob8jktjebliiv7","timestamp":1731233976134,"id":"qui9t20nzgez43s","previousEventId":"jf4yu5kyzkucskh","previousOperationId":"gob8jktjebliiv7"}
{"type":"log","timestamp":1731233976134,"level":"debug","message":"Skipping storing report.","meta":{"rootId":"vmwokd7jgjp8h0q","id":"vmwokd7jgjp8h0q"},"id":"rfc2h5eetqmnnhk","previousOperationId":"gob8jktjebliiv7"}
{"type":"log","timestamp":1731233976134,"level":"info","message":"Rendering request 317 finished in 1086 ms","meta":{"rootId":"vmwokd7jgjp8h0q","id":"vmwokd7jgjp8h0q"},"id":"fmxuc62vb3l3rgd","previousOperationId":"gob8jktjebliiv7"}
{"type":"operationEnd","subtype":"render","operationId":"vo7b4mppjmyrad6","timestamp":1731233976134,"id":"foed1zianidch4c","previousEventId":"qui9t20nzgez43s","previousOperationId":"gob8jktjebliiv7"}
{"type":"operationEnd","doDiffs":false,"previousEventId":"06wpkytqm0as8b3","previousOperationId":"arjk2z08n3xvla0","operationId":"arjk2z08n3xvla0","timestamp":1731233976136,"id":"d2dns5itos6jej6"}
