{"type":"operationStart","subtype":"profile","data":{"_id":"XFzBwUIWrr89T8Wu","timestamp":"2024-11-10T13:49:39.370Z","state":"queued","mode":"standard","creationDate":"2024-11-10T13:49:39.371Z","modificationDate":"2024-11-10T13:49:39.371Z","shortid":"CwUItpD","inheritedReadPermissions":[],"inheritedEditPermissions":[],"$entitySet":"profiles"},"doDiffs":false,"timestamp":1731246579371,"id":"c2ceo9i5clvk48k","previousOperationId":null,"operationId":"bx8j26m35hoedij"}
{"type":"log","level":"info","message":"Render request 80 queued for execution and waiting for available worker","previousOperationId":"bx8j26m35hoedij","timestamp":1731246579371,"id":"wtq5lpjx4pojrxy"}
{"type":"operationStart","subtype":"render","name":"new-excl-template","previousOperationId":"bx8j26m35hoedij","timestamp":1731246579379,"id":"tcjw9rxpyzo9yzs","previousEventId":"c2ceo9i5clvk48k","operationId":"zdmc6cu6uyc98ji"}
{"type":"log","timestamp":1731246579380,"level":"info","message":"Starting rendering request 80 (user: admin)","meta":{"rootId":"vn8omc5r5styb3k","id":"vn8omc5r5styb3k"},"id":"lswqids42y05x17","previousOperationId":"zdmc6cu6uyc98ji"}
{"type":"log","timestamp":1731246579380,"level":"info","message":"Rendering template { name: new-excl-template, recipe: html-to-xlsx, engine: handlebars, preview: true }","meta":{"rootId":"vn8omc5r5styb3k","id":"vn8omc5r5styb3k"},"id":"coy7p9zm4mppv9f","previousOperationId":"zdmc6cu6uyc98ji"}
{"type":"log","timestamp":1731246579381,"level":"debug","message":"Inline data specified.","meta":{"rootId":"vn8omc5r5styb3k","id":"vn8omc5r5styb3k"},"id":"34mad1jr0g36kvd","previousOperationId":"zdmc6cu6uyc98ji"}
{"type":"log","timestamp":1731246579382,"level":"debug","message":"Base url not specified, skipping its injection.","meta":{"rootId":"vn8omc5r5styb3k","id":"vn8omc5r5styb3k"},"id":"p5z9lj4293oi8h8","previousOperationId":"zdmc6cu6uyc98ji"}
{"type":"log","timestamp":1731246579385,"level":"debug","message":"Replaced assets [\"KhmerOSSiemreapRegular.ttf\"]","meta":{"rootId":"vn8omc5r5styb3k","id":"vn8omc5r5styb3k"},"id":"pl3kz28ilvj3ys4","previousOperationId":"zdmc6cu6uyc98ji"}
{"type":"operationStart","subtype":"engine","name":"handlebars","timestamp":1731246579385,"id":"7nu3pxwd5jz1gba","previousEventId":"tcjw9rxpyzo9yzs","operationId":"0s8ujdlxcmwgy1y","previousOperationId":"zdmc6cu6uyc98ji"}
{"type":"log","timestamp":1731246579385,"level":"debug","message":"Rendering engine handlebars","meta":{"rootId":"vn8omc5r5styb3k","id":"vn8omc5r5styb3k"},"id":"et4yp7kjajwh21b","previousOperationId":"0s8ujdlxcmwgy1y"}
{"type":"operationEnd","operationId":"0s8ujdlxcmwgy1y","timestamp":1731246579725,"id":"e1h94a0zoqldqzm","previousEventId":"7nu3pxwd5jz1gba","previousOperationId":"0s8ujdlxcmwgy1y"}
{"type":"operationStart","subtype":"recipe","name":"html-to-xlsx","timestamp":1731246579727,"id":"dgg6bs39ascfxhi","previousEventId":"e1h94a0zoqldqzm","operationId":"to2llabrf6tu7wv","previousOperationId":"0s8ujdlxcmwgy1y"}
{"type":"log","timestamp":1731246579727,"level":"debug","message":"Executing recipe html-to-xlsx","meta":{"rootId":"vn8omc5r5styb3k","id":"vn8omc5r5styb3k"},"id":"wxydiekirrjg6th","previousOperationId":"to2llabrf6tu7wv"}
{"type":"log","timestamp":1731246580413,"level":"info","message":"html-to-xlsx generation is starting","meta":{"rootId":"vn8omc5r5styb3k","id":"vn8omc5r5styb3k"},"id":"rohyah00sa3eh66","previousOperationId":"to2llabrf6tu7wv"}
{"type":"log","timestamp":1731246581074,"level":"info","message":"html-to-xlsx generation was finished","meta":{"rootId":"vn8omc5r5styb3k","id":"vn8omc5r5styb3k"},"id":"t2vfkqeug5nm23x","previousOperationId":"to2llabrf6tu7wv"}
{"type":"log","timestamp":1731246581097,"level":"debug","message":"preparing office preview","meta":{"rootId":"vn8omc5r5styb3k","id":"vn8omc5r5styb3k"},"id":"kyq8w0l7tnpc97h","previousOperationId":"to2llabrf6tu7wv"}
{"type":"operationEnd","operationId":"to2llabrf6tu7wv","timestamp":1731246581602,"id":"7go2hsugvo0ptq7","previousEventId":"dgg6bs39ascfxhi","previousOperationId":"to2llabrf6tu7wv"}
{"type":"log","timestamp":1731246581602,"level":"debug","message":"Skipping storing report.","meta":{"rootId":"vn8omc5r5styb3k","id":"vn8omc5r5styb3k"},"id":"nrz4rzxodclyd9i","previousOperationId":"to2llabrf6tu7wv"}
{"type":"log","timestamp":1731246581602,"level":"info","message":"Rendering request 80 finished in 2232 ms","meta":{"rootId":"vn8omc5r5styb3k","id":"vn8omc5r5styb3k"},"id":"hx4k5mqvg1wzar2","previousOperationId":"to2llabrf6tu7wv"}
{"type":"operationEnd","subtype":"render","operationId":"zdmc6cu6uyc98ji","timestamp":1731246581602,"id":"noz6i1yib35mi2g","previousEventId":"7go2hsugvo0ptq7","previousOperationId":"to2llabrf6tu7wv"}
{"type":"operationEnd","doDiffs":false,"previousEventId":"c2ceo9i5clvk48k","previousOperationId":"bx8j26m35hoedij","operationId":"bx8j26m35hoedij","timestamp":1731246581605,"id":"il4trla0rs1g394"}
