{"type":"operationStart","subtype":"profile","data":{"_id":"zmb4AV1BU6KgLB7l","timestamp":"2024-11-10T13:14:22.273Z","state":"queued","mode":"standard","creationDate":"2024-11-10T13:14:22.275Z","modificationDate":"2024-11-10T13:14:22.275Z","shortid":"7sYZu8a","inheritedReadPermissions":[],"inheritedEditPermissions":[],"$entitySet":"profiles"},"doDiffs":false,"timestamp":1731244462274,"id":"35iikrrmq3ewyv7","previousOperationId":null,"operationId":"otdn4y6ljb6fyph"}
{"type":"log","level":"info","message":"Render request 30 queued for execution and waiting for available worker","previousOperationId":"otdn4y6ljb6fyph","timestamp":1731244462275,"id":"467tklh8uoouclg"}
{"type":"operationStart","subtype":"render","name":"new-excl-template","previousOperationId":"otdn4y6ljb6fyph","timestamp":1731244462283,"id":"ueayr5peopyceqd","previousEventId":"35iikrrmq3ewyv7","operationId":"4jgv4o736kxp23h"}
{"type":"log","timestamp":1731244462283,"level":"info","message":"Starting rendering request 30 (user: admin)","meta":{"rootId":"vok32i7ifyl0078","id":"vok32i7ifyl0078"},"id":"zkugbemdpfbcybt","previousOperationId":"4jgv4o736kxp23h"}
{"type":"log","timestamp":1731244462283,"level":"info","message":"Rendering template { name: new-excl-template, recipe: html-to-xlsx, engine: handlebars, preview: true }","meta":{"rootId":"vok32i7ifyl0078","id":"vok32i7ifyl0078"},"id":"letjwipo6p36bmq","previousOperationId":"4jgv4o736kxp23h"}
{"type":"log","timestamp":1731244462284,"level":"debug","message":"Inline data specified.","meta":{"rootId":"vok32i7ifyl0078","id":"vok32i7ifyl0078"},"id":"uvt607xwafjtthk","previousOperationId":"4jgv4o736kxp23h"}
{"type":"log","timestamp":1731244462286,"level":"debug","message":"Base url not specified, skipping its injection.","meta":{"rootId":"vok32i7ifyl0078","id":"vok32i7ifyl0078"},"id":"6nj0s0aeys6kocn","previousOperationId":"4jgv4o736kxp23h"}
{"type":"log","timestamp":1731244462287,"level":"debug","message":"Replaced assets [\"KhmerOSSiemreapRegular.ttf\"]","meta":{"rootId":"vok32i7ifyl0078","id":"vok32i7ifyl0078"},"id":"l0ot2zg8tlmjzgv","previousOperationId":"4jgv4o736kxp23h"}
{"type":"operationStart","subtype":"engine","name":"handlebars","timestamp":1731244462288,"id":"19af1m6wqjl8ix3","previousEventId":"ueayr5peopyceqd","operationId":"cvi20j5wmnjx29w","previousOperationId":"4jgv4o736kxp23h"}
{"type":"log","timestamp":1731244462288,"level":"debug","message":"Rendering engine handlebars","meta":{"rootId":"vok32i7ifyl0078","id":"vok32i7ifyl0078"},"id":"o44gk7j7jpv6l8r","previousOperationId":"cvi20j5wmnjx29w"}
{"type":"operationEnd","operationId":"cvi20j5wmnjx29w","timestamp":1731244462299,"id":"2tx2jfb41rul41h","previousEventId":"19af1m6wqjl8ix3","previousOperationId":"cvi20j5wmnjx29w"}
{"type":"operationStart","subtype":"recipe","name":"html-to-xlsx","timestamp":1731244462301,"id":"o7n4ohosz7r1lk0","previousEventId":"2tx2jfb41rul41h","operationId":"sfgvgflnn5eesfj","previousOperationId":"cvi20j5wmnjx29w"}
{"type":"log","timestamp":1731244462301,"level":"debug","message":"Executing recipe html-to-xlsx","meta":{"rootId":"vok32i7ifyl0078","id":"vok32i7ifyl0078"},"id":"7y3pzyx0udo6xt4","previousOperationId":"sfgvgflnn5eesfj"}
{"type":"log","timestamp":1731244462301,"level":"info","message":"html-to-xlsx generation is starting","meta":{"rootId":"vok32i7ifyl0078","id":"vok32i7ifyl0078"},"id":"9ci3dndsoy0c7tw","previousOperationId":"sfgvgflnn5eesfj"}
{"type":"log","timestamp":1731244462917,"level":"info","message":"html-to-xlsx generation was finished","meta":{"rootId":"vok32i7ifyl0078","id":"vok32i7ifyl0078"},"id":"h9qg0ctxttf8xqc","previousOperationId":"sfgvgflnn5eesfj"}
{"type":"log","timestamp":1731244462917,"level":"debug","message":"preparing office preview","meta":{"rootId":"vok32i7ifyl0078","id":"vok32i7ifyl0078"},"id":"cx5mi763siow6qz","previousOperationId":"sfgvgflnn5eesfj"}
{"type":"operationEnd","operationId":"sfgvgflnn5eesfj","timestamp":1731244463416,"id":"nzp8draahofu3fj","previousEventId":"o7n4ohosz7r1lk0","previousOperationId":"sfgvgflnn5eesfj"}
{"type":"log","timestamp":1731244463416,"level":"debug","message":"Skipping storing report.","meta":{"rootId":"vok32i7ifyl0078","id":"vok32i7ifyl0078"},"id":"w6wy4bcskah8cnt","previousOperationId":"sfgvgflnn5eesfj"}
{"type":"log","timestamp":1731244463416,"level":"info","message":"Rendering request 30 finished in 1143 ms","meta":{"rootId":"vok32i7ifyl0078","id":"vok32i7ifyl0078"},"id":"6r5rzpf2ptpx5vx","previousOperationId":"sfgvgflnn5eesfj"}
{"type":"operationEnd","subtype":"render","operationId":"4jgv4o736kxp23h","timestamp":1731244463416,"id":"01vn4zfl84stos6","previousEventId":"nzp8draahofu3fj","previousOperationId":"sfgvgflnn5eesfj"}
{"type":"operationEnd","doDiffs":false,"previousEventId":"35iikrrmq3ewyv7","previousOperationId":"otdn4y6ljb6fyph","operationId":"otdn4y6ljb6fyph","timestamp":1731244463419,"id":"kqwsk82flwl9hqb"}
