{"type":"operationStart","subtype":"profile","data":{"_id":"GZUVkLTblftxfX5f","timestamp":"2024-11-10T13:11:09.452Z","state":"queued","mode":"standard","creationDate":"2024-11-10T13:11:09.454Z","modificationDate":"2024-11-10T13:11:09.454Z","shortid":"eF2JYKd","inheritedReadPermissions":[],"inheritedEditPermissions":[],"$entitySet":"profiles"},"doDiffs":false,"timestamp":1731244269453,"id":"40kq1n0du6ngvb6","previousOperationId":null,"operationId":"pwl1ybfjnx1m594"}
{"type":"log","level":"info","message":"Render request 19 queued for execution and waiting for available worker","previousOperationId":"pwl1ybfjnx1m594","timestamp":1731244269453,"id":"09k0fxhsfostrfp"}
{"type":"operationStart","subtype":"render","name":"new-excl-template","previousOperationId":"pwl1ybfjnx1m594","timestamp":1731244269463,"id":"plfm6k13izagqcm","previousEventId":"40kq1n0du6ngvb6","operationId":"xbja0usag4gn7c5"}
{"type":"log","timestamp":1731244269463,"level":"info","message":"Starting rendering request 19 (user: admin)","meta":{"rootId":"vr90d33yr8srr9w","id":"vr90d33yr8srr9w"},"id":"qyjujyoyalf7qyc","previousOperationId":"xbja0usag4gn7c5"}
{"type":"log","timestamp":1731244269463,"level":"info","message":"Rendering template { name: new-excl-template, recipe: html-to-xlsx, engine: handlebars, preview: true }","meta":{"rootId":"vr90d33yr8srr9w","id":"vr90d33yr8srr9w"},"id":"2quptvrhuwizzvt","previousOperationId":"xbja0usag4gn7c5"}
{"type":"log","timestamp":1731244269464,"level":"debug","message":"Inline data specified.","meta":{"rootId":"vr90d33yr8srr9w","id":"vr90d33yr8srr9w"},"id":"tum85qz19mbad29","previousOperationId":"xbja0usag4gn7c5"}
{"type":"log","timestamp":1731244269465,"level":"debug","message":"Base url not specified, skipping its injection.","meta":{"rootId":"vr90d33yr8srr9w","id":"vr90d33yr8srr9w"},"id":"j4n0oqhh1cml3cz","previousOperationId":"xbja0usag4gn7c5"}
{"type":"log","timestamp":1731244269467,"level":"debug","message":"Replaced assets [\"KhmerOSSiemreapRegular.ttf\"]","meta":{"rootId":"vr90d33yr8srr9w","id":"vr90d33yr8srr9w"},"id":"8fqcghv0wgvrojt","previousOperationId":"xbja0usag4gn7c5"}
{"type":"operationStart","subtype":"engine","name":"handlebars","timestamp":1731244269467,"id":"8uwj2umo8glx9p9","previousEventId":"plfm6k13izagqcm","operationId":"mlq0kvogwdkmmsw","previousOperationId":"xbja0usag4gn7c5"}
{"type":"log","timestamp":1731244269467,"level":"debug","message":"Rendering engine handlebars","meta":{"rootId":"vr90d33yr8srr9w","id":"vr90d33yr8srr9w"},"id":"x50oni4yoq6c1n3","previousOperationId":"mlq0kvogwdkmmsw"}
{"type":"operationEnd","operationId":"mlq0kvogwdkmmsw","timestamp":1731244269477,"id":"213oeo8g2vsnz56","previousEventId":"8uwj2umo8glx9p9","previousOperationId":"mlq0kvogwdkmmsw"}
{"type":"operationStart","subtype":"recipe","name":"html-to-xlsx","timestamp":1731244269478,"id":"7w1tel1pzuznhg8","previousEventId":"213oeo8g2vsnz56","operationId":"krrj2zltukplwg8","previousOperationId":"mlq0kvogwdkmmsw"}
{"type":"log","timestamp":1731244269478,"level":"debug","message":"Executing recipe html-to-xlsx","meta":{"rootId":"vr90d33yr8srr9w","id":"vr90d33yr8srr9w"},"id":"z9ns929bg338wth","previousOperationId":"krrj2zltukplwg8"}
{"type":"log","timestamp":1731244269478,"level":"info","message":"html-to-xlsx generation is starting","meta":{"rootId":"vr90d33yr8srr9w","id":"vr90d33yr8srr9w"},"id":"yg41ngqq6i5szsk","previousOperationId":"krrj2zltukplwg8"}
{"type":"log","timestamp":1731244270058,"level":"info","message":"html-to-xlsx generation was finished","meta":{"rootId":"vr90d33yr8srr9w","id":"vr90d33yr8srr9w"},"id":"br8oakcg03gnhew","previousOperationId":"krrj2zltukplwg8"}
{"type":"log","timestamp":1731244270058,"level":"debug","message":"preparing office preview","meta":{"rootId":"vr90d33yr8srr9w","id":"vr90d33yr8srr9w"},"id":"qzf0zcjcnwqtdtm","previousOperationId":"krrj2zltukplwg8"}
{"type":"operationEnd","operationId":"krrj2zltukplwg8","timestamp":1731244271808,"id":"a4agqy5710pwx41","previousEventId":"7w1tel1pzuznhg8","previousOperationId":"krrj2zltukplwg8"}
{"type":"log","timestamp":1731244271808,"level":"debug","message":"Skipping storing report.","meta":{"rootId":"vr90d33yr8srr9w","id":"vr90d33yr8srr9w"},"id":"loph8gg3kc8uxcv","previousOperationId":"krrj2zltukplwg8"}
{"type":"log","timestamp":1731244271808,"level":"info","message":"Rendering request 19 finished in 2356 ms","meta":{"rootId":"vr90d33yr8srr9w","id":"vr90d33yr8srr9w"},"id":"sij7q83tjk1yqcq","previousOperationId":"krrj2zltukplwg8"}
{"type":"operationEnd","subtype":"render","operationId":"xbja0usag4gn7c5","timestamp":1731244271808,"id":"bzi39w5rfj9qwc2","previousEventId":"a4agqy5710pwx41","previousOperationId":"krrj2zltukplwg8"}
{"type":"operationEnd","doDiffs":false,"previousEventId":"40kq1n0du6ngvb6","previousOperationId":"pwl1ybfjnx1m594","operationId":"pwl1ybfjnx1m594","timestamp":1731244271811,"id":"r7sb4jq29zdkywc"}
