{"type":"operationStart","subtype":"profile","data":{"_id":"z2spXDhLCEkkdx67","timestamp":"2024-11-10T13:20:58.871Z","state":"queued","mode":"standard","creationDate":"2024-11-10T13:20:58.873Z","modificationDate":"2024-11-10T13:20:58.873Z","shortid":"r7oxsXb","inheritedReadPermissions":[],"inheritedEditPermissions":[],"$entitySet":"profiles"},"doDiffs":false,"timestamp":1731244858872,"id":"8ykfq5hj66j5k4d","previousOperationId":null,"operationId":"ebnhwjo1wcrfy61"}
{"type":"log","level":"info","message":"Render request 49 queued for execution and waiting for available worker","previousOperationId":"ebnhwjo1wcrfy61","timestamp":1731244858872,"id":"e35mqr7zj2iqyzf"}
{"type":"operationStart","subtype":"render","name":"new-excl-template","previousOperationId":"ebnhwjo1wcrfy61","timestamp":1731244858881,"id":"szqzox5ic7avg83","previousEventId":"8ykfq5hj66j5k4d","operationId":"frquj772a801n5r"}
{"type":"log","timestamp":1731244858882,"level":"info","message":"Starting rendering request 49 (user: admin)","meta":{"rootId":"vtokxp7ico6mcaf","id":"vtokxp7ico6mcaf"},"id":"pcdsqbd870oi53g","previousOperationId":"frquj772a801n5r"}
{"type":"log","timestamp":1731244858882,"level":"info","message":"Rendering template { name: new-excl-template, recipe: html-to-xlsx, engine: handlebars, preview: true }","meta":{"rootId":"vtokxp7ico6mcaf","id":"vtokxp7ico6mcaf"},"id":"b2qzn3dm2dju085","previousOperationId":"frquj772a801n5r"}
{"type":"log","timestamp":1731244858882,"level":"debug","message":"Inline data specified.","meta":{"rootId":"vtokxp7ico6mcaf","id":"vtokxp7ico6mcaf"},"id":"wthcg6mpzh0hgs9","previousOperationId":"frquj772a801n5r"}
{"type":"log","timestamp":1731244858884,"level":"debug","message":"Base url not specified, skipping its injection.","meta":{"rootId":"vtokxp7ico6mcaf","id":"vtokxp7ico6mcaf"},"id":"8chfdlf9351d2oc","previousOperationId":"frquj772a801n5r"}
{"type":"log","timestamp":1731244858885,"level":"debug","message":"Replaced assets [\"KhmerOSSiemreapRegular.ttf\"]","meta":{"rootId":"vtokxp7ico6mcaf","id":"vtokxp7ico6mcaf"},"id":"mra1rdnhugq369k","previousOperationId":"frquj772a801n5r"}
{"type":"operationStart","subtype":"engine","name":"handlebars","timestamp":1731244858885,"id":"dhwqnhyzcchpsx0","previousEventId":"szqzox5ic7avg83","operationId":"kki2sk4ddw5ez4t","previousOperationId":"frquj772a801n5r"}
{"type":"log","timestamp":1731244858885,"level":"debug","message":"Rendering engine handlebars","meta":{"rootId":"vtokxp7ico6mcaf","id":"vtokxp7ico6mcaf"},"id":"ry6vx6n3lmbkcin","previousOperationId":"kki2sk4ddw5ez4t"}
{"type":"operationEnd","operationId":"kki2sk4ddw5ez4t","timestamp":1731244858896,"id":"2qmybeg7d9q8wf0","previousEventId":"dhwqnhyzcchpsx0","previousOperationId":"kki2sk4ddw5ez4t"}
{"type":"operationStart","subtype":"recipe","name":"html-to-xlsx","timestamp":1731244858899,"id":"q25d6n1v53w2lxz","previousEventId":"2qmybeg7d9q8wf0","operationId":"uwghuybb47pzfqh","previousOperationId":"kki2sk4ddw5ez4t"}
{"type":"log","timestamp":1731244858899,"level":"debug","message":"Executing recipe html-to-xlsx","meta":{"rootId":"vtokxp7ico6mcaf","id":"vtokxp7ico6mcaf"},"id":"y1a5pkqq0ddshw1","previousOperationId":"uwghuybb47pzfqh"}
{"type":"log","timestamp":1731244858899,"level":"info","message":"html-to-xlsx generation is starting","meta":{"rootId":"vtokxp7ico6mcaf","id":"vtokxp7ico6mcaf"},"id":"nss8qk8atg67a4u","previousOperationId":"uwghuybb47pzfqh"}
{"type":"log","timestamp":1731244859499,"level":"info","message":"html-to-xlsx generation was finished","meta":{"rootId":"vtokxp7ico6mcaf","id":"vtokxp7ico6mcaf"},"id":"xg7crlwf3y96zjm","previousOperationId":"uwghuybb47pzfqh"}
{"type":"log","timestamp":1731244859499,"level":"debug","message":"preparing office preview","meta":{"rootId":"vtokxp7ico6mcaf","id":"vtokxp7ico6mcaf"},"id":"htkxhvcaj8633an","previousOperationId":"uwghuybb47pzfqh"}
{"type":"operationEnd","operationId":"uwghuybb47pzfqh","timestamp":1731244859948,"id":"061lv2kbqx7uwce","previousEventId":"q25d6n1v53w2lxz","previousOperationId":"uwghuybb47pzfqh"}
{"type":"log","timestamp":1731244859948,"level":"debug","message":"Skipping storing report.","meta":{"rootId":"vtokxp7ico6mcaf","id":"vtokxp7ico6mcaf"},"id":"5sdesdrqoh65p3t","previousOperationId":"uwghuybb47pzfqh"}
{"type":"log","timestamp":1731244859948,"level":"info","message":"Rendering request 49 finished in 1077 ms","meta":{"rootId":"vtokxp7ico6mcaf","id":"vtokxp7ico6mcaf"},"id":"jwc7wgwd9gcng1l","previousOperationId":"uwghuybb47pzfqh"}
{"type":"operationEnd","subtype":"render","operationId":"frquj772a801n5r","timestamp":1731244859949,"id":"eqggx1lqweosm2x","previousEventId":"061lv2kbqx7uwce","previousOperationId":"uwghuybb47pzfqh"}
{"type":"operationEnd","doDiffs":false,"previousEventId":"8ykfq5hj66j5k4d","previousOperationId":"ebnhwjo1wcrfy61","operationId":"ebnhwjo1wcrfy61","timestamp":1731244859951,"id":"ykd9sp4h0r6wsyh"}
