{"type":"operationStart","subtype":"profile","data":{"_id":"EkJMJwoqh9FF8Nml","timestamp":"2024-11-10T08:35:19.601Z","state":"queued","mode":"standard","creationDate":"2024-11-10T08:35:19.603Z","modificationDate":"2024-11-10T08:35:19.603Z","shortid":"OBtO646","inheritedReadPermissions":[],"inheritedEditPermissions":[],"$entitySet":"profiles"},"doDiffs":false,"timestamp":1731227719602,"id":"y7p0cnmmi5ji5o0","previousOperationId":null,"operationId":"bn025eas7g62oxy"}
{"type":"log","level":"info","message":"Render request 133 queued for execution and waiting for available worker","previousOperationId":"bn025eas7g62oxy","timestamp":1731227719603,"id":"e5yhdljqn48tsxm"}
{"type":"operationStart","subtype":"render","name":"new-excl-template","previousOperationId":"bn025eas7g62oxy","timestamp":1731227719613,"id":"mjqt08jd5snnj55","previousEventId":"y7p0cnmmi5ji5o0","operationId":"om94caxt6peanw4"}
{"type":"log","timestamp":1731227719613,"level":"info","message":"Starting rendering request 133 (user: admin)","meta":{"rootId":"w0mjdu405jf5ttf","id":"w0mjdu405jf5ttf"},"id":"sqv403bre2ofach","previousOperationId":"om94caxt6peanw4"}
{"type":"log","timestamp":1731227719613,"level":"info","message":"Rendering template { name: new-excl-template, recipe: html-to-xlsx, engine: handlebars, preview: true }","meta":{"rootId":"w0mjdu405jf5ttf","id":"w0mjdu405jf5ttf"},"id":"v86p68nultq4q81","previousOperationId":"om94caxt6peanw4"}
{"type":"log","timestamp":1731227719614,"level":"debug","message":"Inline data specified.","meta":{"rootId":"w0mjdu405jf5ttf","id":"w0mjdu405jf5ttf"},"id":"an6nohqed6g25ju","previousOperationId":"om94caxt6peanw4"}
{"type":"log","timestamp":1731227719615,"level":"debug","message":"Base url not specified, skipping its injection.","meta":{"rootId":"w0mjdu405jf5ttf","id":"w0mjdu405jf5ttf"},"id":"jpu8zdufr4hikfs","previousOperationId":"om94caxt6peanw4"}
{"type":"log","timestamp":1731227719618,"level":"debug","message":"Replaced assets [\"/asset/font/KhmerOSSiemreapRegular.ttf\"]","meta":{"rootId":"w0mjdu405jf5ttf","id":"w0mjdu405jf5ttf"},"id":"8g4ngnqpbga1cna","previousOperationId":"om94caxt6peanw4"}
{"type":"operationStart","subtype":"engine","name":"handlebars","timestamp":1731227719618,"id":"0o578sth0ozw52m","previousEventId":"mjqt08jd5snnj55","operationId":"jp6csoqwijjeg56","previousOperationId":"om94caxt6peanw4"}
{"type":"log","timestamp":1731227719618,"level":"debug","message":"Rendering engine handlebars","meta":{"rootId":"w0mjdu405jf5ttf","id":"w0mjdu405jf5ttf"},"id":"3141d9sqno17okh","previousOperationId":"jp6csoqwijjeg56"}
{"type":"operationEnd","operationId":"jp6csoqwijjeg56","timestamp":1731227719638,"id":"kxj33y99kbde80q","previousEventId":"0o578sth0ozw52m","previousOperationId":"jp6csoqwijjeg56"}
{"type":"operationStart","subtype":"recipe","name":"html-to-xlsx","timestamp":1731227719643,"id":"m39ye6t4hg361vn","previousEventId":"kxj33y99kbde80q","operationId":"cj5lkpwcb030bkx","previousOperationId":"jp6csoqwijjeg56"}
{"type":"log","timestamp":1731227719643,"level":"debug","message":"Executing recipe html-to-xlsx","meta":{"rootId":"w0mjdu405jf5ttf","id":"w0mjdu405jf5ttf"},"id":"486dda0aekzc68x","previousOperationId":"cj5lkpwcb030bkx"}
{"type":"log","timestamp":1731227719643,"level":"info","message":"html-to-xlsx generation is starting","meta":{"rootId":"w0mjdu405jf5ttf","id":"w0mjdu405jf5ttf"},"id":"iqqftucw36i0cli","previousOperationId":"cj5lkpwcb030bkx"}
{"type":"log","timestamp":1731227720840,"level":"info","message":"html-to-xlsx generation was finished","meta":{"rootId":"w0mjdu405jf5ttf","id":"w0mjdu405jf5ttf"},"id":"ae36moibcf03gs2","previousOperationId":"cj5lkpwcb030bkx"}
{"type":"log","timestamp":1731227720840,"level":"debug","message":"preparing office preview","meta":{"rootId":"w0mjdu405jf5ttf","id":"w0mjdu405jf5ttf"},"id":"s3t5m8zrq9w6w1q","previousOperationId":"cj5lkpwcb030bkx"}
{"type":"operationEnd","operationId":"cj5lkpwcb030bkx","timestamp":1731227721501,"id":"gr5ghorpmwq5pjs","previousEventId":"m39ye6t4hg361vn","previousOperationId":"cj5lkpwcb030bkx"}
{"type":"log","timestamp":1731227721501,"level":"debug","message":"Skipping storing report.","meta":{"rootId":"w0mjdu405jf5ttf","id":"w0mjdu405jf5ttf"},"id":"fdhcbfff9w21qh6","previousOperationId":"cj5lkpwcb030bkx"}
{"type":"log","timestamp":1731227721501,"level":"info","message":"Rendering request 133 finished in 1900 ms","meta":{"rootId":"w0mjdu405jf5ttf","id":"w0mjdu405jf5ttf"},"id":"tzi8kthnio0vcz9","previousOperationId":"cj5lkpwcb030bkx"}
{"type":"operationEnd","subtype":"render","operationId":"om94caxt6peanw4","timestamp":1731227721501,"id":"dgaylukeel5pmcy","previousEventId":"gr5ghorpmwq5pjs","previousOperationId":"cj5lkpwcb030bkx"}
{"type":"operationEnd","doDiffs":false,"previousEventId":"y7p0cnmmi5ji5o0","previousOperationId":"bn025eas7g62oxy","operationId":"bn025eas7g62oxy","timestamp":1731227721506,"id":"nkpdanx0s0qp98g"}
