{"type":"operationStart","subtype":"profile","data":{"_id":"Mk4szaD97eZI586t","timestamp":"2024-11-10T14:16:12.879Z","state":"queued","mode":"standard","creationDate":"2024-11-10T14:16:12.881Z","modificationDate":"2024-11-10T14:16:12.881Z","shortid":"__KTI2J","inheritedReadPermissions":[],"inheritedEditPermissions":[],"$entitySet":"profiles"},"doDiffs":false,"timestamp":1731248172880,"id":"nw4cuif9ko0z5ih","previousOperationId":null,"operationId":"gp3yd11m4anjh3d"}
{"type":"log","level":"info","message":"Render request 127 queued for execution and waiting for available worker","previousOperationId":"gp3yd11m4anjh3d","timestamp":1731248172880,"id":"ksr25m1l47a6rij"}
{"type":"operationStart","subtype":"render","name":"new-excl-template","previousOperationId":"gp3yd11m4anjh3d","timestamp":1731248172888,"id":"x1oplm7iueixbrd","previousEventId":"nw4cuif9ko0z5ih","operationId":"0veiz9t41j1277f"}
{"type":"log","timestamp":1731248172888,"level":"info","message":"Starting rendering request 127 (user: admin)","meta":{"rootId":"w6008snmr1z9alz","id":"w6008snmr1z9alz"},"id":"dxhdiiw1sx9nq0a","previousOperationId":"0veiz9t41j1277f"}
{"type":"log","timestamp":1731248172888,"level":"info","message":"Rendering template { name: new-excl-template, recipe: html-to-xlsx, engine: handlebars, preview: true }","meta":{"rootId":"w6008snmr1z9alz","id":"w6008snmr1z9alz"},"id":"hashhbt7j79xco5","previousOperationId":"0veiz9t41j1277f"}
{"type":"log","timestamp":1731248172889,"level":"debug","message":"Inline data specified.","meta":{"rootId":"w6008snmr1z9alz","id":"w6008snmr1z9alz"},"id":"75os2orub9obaq6","previousOperationId":"0veiz9t41j1277f"}
{"type":"log","timestamp":1731248172890,"level":"debug","message":"Base url not specified, skipping its injection.","meta":{"rootId":"w6008snmr1z9alz","id":"w6008snmr1z9alz"},"id":"dvkpe2dxrtgu49m","previousOperationId":"0veiz9t41j1277f"}
{"type":"log","timestamp":1731248172891,"level":"debug","message":"Replaced assets [\"KhmerOSSiemreapRegular.ttf\"]","meta":{"rootId":"w6008snmr1z9alz","id":"w6008snmr1z9alz"},"id":"7ap78oyvzrcajoc","previousOperationId":"0veiz9t41j1277f"}
{"type":"operationStart","subtype":"engine","name":"handlebars","timestamp":1731248172891,"id":"tselrj9sb2hsxq1","previousEventId":"x1oplm7iueixbrd","operationId":"38gbu3au3gt5h3m","previousOperationId":"0veiz9t41j1277f"}
{"type":"log","timestamp":1731248172891,"level":"debug","message":"Rendering engine handlebars","meta":{"rootId":"w6008snmr1z9alz","id":"w6008snmr1z9alz"},"id":"b59w474ohtpdi0b","previousOperationId":"38gbu3au3gt5h3m"}
{"type":"operationEnd","operationId":"38gbu3au3gt5h3m","timestamp":1731248172903,"id":"2xv5yjrb4215mwx","previousEventId":"tselrj9sb2hsxq1","previousOperationId":"38gbu3au3gt5h3m"}
{"type":"operationStart","subtype":"recipe","name":"html-to-xlsx","timestamp":1731248172904,"id":"tkm9bc30fr9e7h5","previousEventId":"2xv5yjrb4215mwx","operationId":"xrinete1t5ljuxh","previousOperationId":"38gbu3au3gt5h3m"}
{"type":"log","timestamp":1731248172904,"level":"debug","message":"Executing recipe html-to-xlsx","meta":{"rootId":"w6008snmr1z9alz","id":"w6008snmr1z9alz"},"id":"9mktucl21ovlerb","previousOperationId":"xrinete1t5ljuxh"}
{"type":"log","timestamp":1731248172904,"level":"info","message":"html-to-xlsx generation is starting","meta":{"rootId":"w6008snmr1z9alz","id":"w6008snmr1z9alz"},"id":"v1wmm6p6ls744hp","previousOperationId":"xrinete1t5ljuxh"}
{"type":"log","timestamp":1731248173437,"level":"info","message":"html-to-xlsx generation was finished","meta":{"rootId":"w6008snmr1z9alz","id":"w6008snmr1z9alz"},"id":"jzbm6veroow4lpa","previousOperationId":"xrinete1t5ljuxh"}
{"type":"log","timestamp":1731248173437,"level":"debug","message":"preparing office preview","meta":{"rootId":"w6008snmr1z9alz","id":"w6008snmr1z9alz"},"id":"ciiwhdnkk4vrild","previousOperationId":"xrinete1t5ljuxh"}
{"type":"operationEnd","operationId":"xrinete1t5ljuxh","timestamp":1731248173887,"id":"3q6w2smxk2hxzkw","previousEventId":"tkm9bc30fr9e7h5","previousOperationId":"xrinete1t5ljuxh"}
{"type":"log","timestamp":1731248173887,"level":"debug","message":"Skipping storing report.","meta":{"rootId":"w6008snmr1z9alz","id":"w6008snmr1z9alz"},"id":"kocutps8j9r3hr8","previousOperationId":"xrinete1t5ljuxh"}
{"type":"log","timestamp":1731248173887,"level":"info","message":"Rendering request 127 finished in 1008 ms","meta":{"rootId":"w6008snmr1z9alz","id":"w6008snmr1z9alz"},"id":"d4n4vfwrxechari","previousOperationId":"xrinete1t5ljuxh"}
{"type":"operationEnd","subtype":"render","operationId":"0veiz9t41j1277f","timestamp":1731248173887,"id":"ruayyaz3tgtqjwv","previousEventId":"3q6w2smxk2hxzkw","previousOperationId":"xrinete1t5ljuxh"}
{"type":"operationEnd","doDiffs":false,"previousEventId":"nw4cuif9ko0z5ih","previousOperationId":"gp3yd11m4anjh3d","operationId":"gp3yd11m4anjh3d","timestamp":1731248173890,"id":"e1v2hd8c0m0llrn"}
