{"type":"operationStart","subtype":"profile","data":{"_id":"ytaSNuOM9ZYUUQx2","timestamp":"2024-11-10T09:19:21.773Z","state":"queued","mode":"standard","creationDate":"2024-11-10T09:19:21.775Z","modificationDate":"2024-11-10T09:19:21.775Z","shortid":"fqBL-ha","inheritedReadPermissions":[],"inheritedEditPermissions":[],"$entitySet":"profiles"},"doDiffs":false,"timestamp":1731230361774,"id":"4fymsu5nev2sw60","previousOperationId":null,"operationId":"bn7mt1j99iul883"}
{"type":"log","level":"info","message":"Render request 201 queued for execution and waiting for available worker","previousOperationId":"bn7mt1j99iul883","timestamp":1731230361774,"id":"e1l7wf3evsih5ab"}
{"type":"operationStart","subtype":"render","name":"new-excl-template","previousOperationId":"bn7mt1j99iul883","timestamp":1731230361784,"id":"7ot670bu5ml3g9n","previousEventId":"4fymsu5nev2sw60","operationId":"2e893vq50zwo7zr"}
{"type":"log","timestamp":1731230361784,"level":"info","message":"Starting rendering request 201 (user: admin)","meta":{"rootId":"wdj9w52tfp1os0x","id":"wdj9w52tfp1os0x"},"id":"eoh3d4a8lo43tww","previousOperationId":"2e893vq50zwo7zr"}
{"type":"log","timestamp":1731230361784,"level":"info","message":"Rendering template { name: new-excl-template, recipe: html-to-xlsx, engine: handlebars, preview: true }","meta":{"rootId":"wdj9w52tfp1os0x","id":"wdj9w52tfp1os0x"},"id":"ysxk1sbfbkcsnyp","previousOperationId":"2e893vq50zwo7zr"}
{"type":"log","timestamp":1731230361784,"level":"debug","message":"Inline data specified.","meta":{"rootId":"wdj9w52tfp1os0x","id":"wdj9w52tfp1os0x"},"id":"klasy8zobb0uc7d","previousOperationId":"2e893vq50zwo7zr"}
{"type":"log","timestamp":1731230361786,"level":"debug","message":"Base url not specified, skipping its injection.","meta":{"rootId":"wdj9w52tfp1os0x","id":"wdj9w52tfp1os0x"},"id":"u4koypyh79f6hah","previousOperationId":"2e893vq50zwo7zr"}
{"type":"operationStart","subtype":"engine","name":"handlebars","timestamp":1731230361786,"id":"aj108fhm9x2ycu0","previousEventId":"7ot670bu5ml3g9n","operationId":"pf8unfoc0crpu0s","previousOperationId":"2e893vq50zwo7zr"}
{"type":"log","timestamp":1731230361786,"level":"debug","message":"Rendering engine handlebars","meta":{"rootId":"wdj9w52tfp1os0x","id":"wdj9w52tfp1os0x"},"id":"vndopb35jr79sq9","previousOperationId":"pf8unfoc0crpu0s"}
{"type":"operationEnd","operationId":"pf8unfoc0crpu0s","timestamp":1731230361799,"id":"g15a7arjraob0lt","previousEventId":"aj108fhm9x2ycu0","previousOperationId":"pf8unfoc0crpu0s"}
{"type":"operationStart","subtype":"recipe","name":"html-to-xlsx","timestamp":1731230361801,"id":"lxq4gnvrykfhfy3","previousEventId":"g15a7arjraob0lt","operationId":"nkgi1mc78jbzkmq","previousOperationId":"pf8unfoc0crpu0s"}
{"type":"log","timestamp":1731230361801,"level":"debug","message":"Executing recipe html-to-xlsx","meta":{"rootId":"wdj9w52tfp1os0x","id":"wdj9w52tfp1os0x"},"id":"f1g9zd5p46whg6k","previousOperationId":"nkgi1mc78jbzkmq"}
{"type":"log","timestamp":1731230361801,"level":"info","message":"html-to-xlsx generation is starting","meta":{"rootId":"wdj9w52tfp1os0x","id":"wdj9w52tfp1os0x"},"id":"uict3zzuyo093aw","previousOperationId":"nkgi1mc78jbzkmq"}
{"type":"log","timestamp":1731230363013,"level":"info","message":"html-to-xlsx generation was finished","meta":{"rootId":"wdj9w52tfp1os0x","id":"wdj9w52tfp1os0x"},"id":"0q7q8kbtjwoxyy5","previousOperationId":"nkgi1mc78jbzkmq"}
{"type":"log","timestamp":1731230363013,"level":"debug","message":"preparing office preview","meta":{"rootId":"wdj9w52tfp1os0x","id":"wdj9w52tfp1os0x"},"id":"h72nv1i0rtctp0j","previousOperationId":"nkgi1mc78jbzkmq"}
{"type":"operationEnd","operationId":"nkgi1mc78jbzkmq","timestamp":1731230363673,"id":"4tawiywowcn751z","previousEventId":"lxq4gnvrykfhfy3","previousOperationId":"nkgi1mc78jbzkmq"}
{"type":"log","timestamp":1731230363673,"level":"debug","message":"Skipping storing report.","meta":{"rootId":"wdj9w52tfp1os0x","id":"wdj9w52tfp1os0x"},"id":"u9aghzwq67kwh78","previousOperationId":"nkgi1mc78jbzkmq"}
{"type":"log","timestamp":1731230363673,"level":"info","message":"Rendering request 201 finished in 1900 ms","meta":{"rootId":"wdj9w52tfp1os0x","id":"wdj9w52tfp1os0x"},"id":"53rowifji063q49","previousOperationId":"nkgi1mc78jbzkmq"}
{"type":"operationEnd","subtype":"render","operationId":"2e893vq50zwo7zr","timestamp":1731230363673,"id":"w4wydrn894vickw","previousEventId":"4tawiywowcn751z","previousOperationId":"nkgi1mc78jbzkmq"}
{"type":"operationEnd","doDiffs":false,"previousEventId":"4fymsu5nev2sw60","previousOperationId":"bn7mt1j99iul883","operationId":"bn7mt1j99iul883","timestamp":1731230363675,"id":"djl90lpexibxcoj"}
