{"type":"operationStart","subtype":"profile","data":{"_id":"myV63EQbAc74xSMd","timestamp":"2024-11-10T08:12:20.687Z","state":"queued","mode":"standard","creationDate":"2024-11-10T08:12:20.689Z","modificationDate":"2024-11-10T08:12:20.689Z","shortid":"TFvpUxh","inheritedReadPermissions":[],"inheritedEditPermissions":[],"$entitySet":"profiles"},"doDiffs":false,"timestamp":1731226340688,"id":"ejvdnhcrj2qu317","previousOperationId":null,"operationId":"qggoss6z2vd5whv"}
{"type":"log","level":"info","message":"Render request 96 queued for execution and waiting for available worker","previousOperationId":"qggoss6z2vd5whv","timestamp":1731226340688,"id":"wz7zsilspzat2u5"}
{"type":"operationStart","subtype":"render","name":"new-excl-template","previousOperationId":"qggoss6z2vd5whv","timestamp":1731226340697,"id":"9rlaail71rvg054","previousEventId":"ejvdnhcrj2qu317","operationId":"y5bukvnveg3mylv"}
{"type":"log","timestamp":1731226340697,"level":"info","message":"Starting rendering request 96 (user: admin)","meta":{"rootId":"wkpu8re5q5itzgv","id":"wkpu8re5q5itzgv"},"id":"87wmy51hl774zlu","previousOperationId":"y5bukvnveg3mylv"}
{"type":"log","timestamp":1731226340697,"level":"info","message":"Rendering template { name: new-excl-template, recipe: html-to-xlsx, engine: handlebars, preview: true }","meta":{"rootId":"wkpu8re5q5itzgv","id":"wkpu8re5q5itzgv"},"id":"dgd53epr7tvtdno","previousOperationId":"y5bukvnveg3mylv"}
{"type":"log","timestamp":1731226340698,"level":"debug","message":"Inline data specified.","meta":{"rootId":"wkpu8re5q5itzgv","id":"wkpu8re5q5itzgv"},"id":"q4cxkkrvkwtjhx1","previousOperationId":"y5bukvnveg3mylv"}
{"type":"log","timestamp":1731226340700,"level":"debug","message":"Base url not specified, skipping its injection.","meta":{"rootId":"wkpu8re5q5itzgv","id":"wkpu8re5q5itzgv"},"id":"x0brln1rjnckvlk","previousOperationId":"y5bukvnveg3mylv"}
{"type":"operationStart","subtype":"engine","name":"handlebars","timestamp":1731226340700,"id":"6mdjf4jszfoj82g","previousEventId":"9rlaail71rvg054","operationId":"a09ucyjqk0qbb5q","previousOperationId":"y5bukvnveg3mylv"}
{"type":"log","timestamp":1731226340700,"level":"debug","message":"Rendering engine handlebars","meta":{"rootId":"wkpu8re5q5itzgv","id":"wkpu8re5q5itzgv"},"id":"loe3aaemwxoh6ul","previousOperationId":"a09ucyjqk0qbb5q"}
{"type":"operationEnd","operationId":"a09ucyjqk0qbb5q","timestamp":1731226340711,"id":"8cphhjeb3ugr5d9","previousEventId":"6mdjf4jszfoj82g","previousOperationId":"a09ucyjqk0qbb5q"}
{"type":"operationStart","subtype":"recipe","name":"html-to-xlsx","timestamp":1731226340711,"id":"5zaspxfgmz4s11n","previousEventId":"8cphhjeb3ugr5d9","operationId":"oyfp1habjmt6b3e","previousOperationId":"a09ucyjqk0qbb5q"}
{"type":"log","timestamp":1731226340711,"level":"debug","message":"Executing recipe html-to-xlsx","meta":{"rootId":"wkpu8re5q5itzgv","id":"wkpu8re5q5itzgv"},"id":"0jbwrflpnf2y1s8","previousOperationId":"oyfp1habjmt6b3e"}
{"type":"log","timestamp":1731226340711,"level":"info","message":"html-to-xlsx generation is starting","meta":{"rootId":"wkpu8re5q5itzgv","id":"wkpu8re5q5itzgv"},"id":"gtt3ee9fk5u0d5x","previousOperationId":"oyfp1habjmt6b3e"}
{"type":"log","timestamp":1731226341329,"level":"info","message":"html-to-xlsx generation was finished","meta":{"rootId":"wkpu8re5q5itzgv","id":"wkpu8re5q5itzgv"},"id":"uiq1e9vdy6ctxx5","previousOperationId":"oyfp1habjmt6b3e"}
{"type":"log","timestamp":1731226341329,"level":"debug","message":"preparing office preview","meta":{"rootId":"wkpu8re5q5itzgv","id":"wkpu8re5q5itzgv"},"id":"lrv22x4u9ysnwhf","previousOperationId":"oyfp1habjmt6b3e"}
{"type":"operationEnd","operationId":"oyfp1habjmt6b3e","timestamp":1731226341776,"id":"ytsxs3ao9vgghm0","previousEventId":"5zaspxfgmz4s11n","previousOperationId":"oyfp1habjmt6b3e"}
{"type":"log","timestamp":1731226341776,"level":"debug","message":"Skipping storing report.","meta":{"rootId":"wkpu8re5q5itzgv","id":"wkpu8re5q5itzgv"},"id":"ujyu4wlsa0l8aet","previousOperationId":"oyfp1habjmt6b3e"}
{"type":"log","timestamp":1731226341776,"level":"info","message":"Rendering request 96 finished in 1089 ms","meta":{"rootId":"wkpu8re5q5itzgv","id":"wkpu8re5q5itzgv"},"id":"x4s600wip8b43s0","previousOperationId":"oyfp1habjmt6b3e"}
{"type":"operationEnd","subtype":"render","operationId":"y5bukvnveg3mylv","timestamp":1731226341776,"id":"wozme0u573e43b3","previousEventId":"ytsxs3ao9vgghm0","previousOperationId":"oyfp1habjmt6b3e"}
{"type":"operationEnd","doDiffs":false,"previousEventId":"ejvdnhcrj2qu317","previousOperationId":"qggoss6z2vd5whv","operationId":"qggoss6z2vd5whv","timestamp":1731226341778,"id":"ub4ekaivyv1p6vc"}
