{"type":"operationStart","subtype":"profile","data":{"_id":"7gxear8cI9q4WZhW","timestamp":"2024-11-10T13:10:21.388Z","state":"queued","mode":"standard","creationDate":"2024-11-10T13:10:21.390Z","modificationDate":"2024-11-10T13:10:21.390Z","shortid":"CIL0XAq","inheritedReadPermissions":[],"inheritedEditPermissions":[],"$entitySet":"profiles"},"doDiffs":false,"timestamp":1731244221389,"id":"oql9fektpd15g8m","previousOperationId":null,"operationId":"mpm3vpkuvjfdm15"}
{"type":"log","level":"info","message":"Render request 16 queued for execution and waiting for available worker","previousOperationId":"mpm3vpkuvjfdm15","timestamp":1731244221389,"id":"qsyzy07pevyflfh"}
{"type":"operationStart","subtype":"render","name":"new-excl-template","previousOperationId":"mpm3vpkuvjfdm15","timestamp":1731244221398,"id":"mkr9pq3b8ha4g3e","previousEventId":"oql9fektpd15g8m","operationId":"owwxutduezxmz36"}
{"type":"log","timestamp":1731244221398,"level":"info","message":"Starting rendering request 16 (user: admin)","meta":{"rootId":"wsg68kgnyzkgl14","id":"wsg68kgnyzkgl14"},"id":"xff3gydocxd6ge9","previousOperationId":"owwxutduezxmz36"}
{"type":"log","timestamp":1731244221398,"level":"info","message":"Rendering template { name: new-excl-template, recipe: html-to-xlsx, engine: handlebars, preview: true }","meta":{"rootId":"wsg68kgnyzkgl14","id":"wsg68kgnyzkgl14"},"id":"h63vpt5j69onbbl","previousOperationId":"owwxutduezxmz36"}
{"type":"log","timestamp":1731244221398,"level":"debug","message":"Inline data specified.","meta":{"rootId":"wsg68kgnyzkgl14","id":"wsg68kgnyzkgl14"},"id":"f97zqntfk34s6lj","previousOperationId":"owwxutduezxmz36"}
{"type":"log","timestamp":1731244221399,"level":"debug","message":"Base url not specified, skipping its injection.","meta":{"rootId":"wsg68kgnyzkgl14","id":"wsg68kgnyzkgl14"},"id":"c87qhib2gxk9wyh","previousOperationId":"owwxutduezxmz36"}
{"type":"log","timestamp":1731244221401,"level":"debug","message":"Replaced assets [\"KhmerOSSiemreapRegular.ttf\"]","meta":{"rootId":"wsg68kgnyzkgl14","id":"wsg68kgnyzkgl14"},"id":"nc5w9bvjny429e7","previousOperationId":"owwxutduezxmz36"}
{"type":"operationStart","subtype":"engine","name":"handlebars","timestamp":1731244221401,"id":"wx84hk0u8zrnu0t","previousEventId":"mkr9pq3b8ha4g3e","operationId":"qzad2fqgoa94lx4","previousOperationId":"owwxutduezxmz36"}
{"type":"log","timestamp":1731244221401,"level":"debug","message":"Rendering engine handlebars","meta":{"rootId":"wsg68kgnyzkgl14","id":"wsg68kgnyzkgl14"},"id":"gk42kt8pz19aznt","previousOperationId":"qzad2fqgoa94lx4"}
{"type":"operationEnd","operationId":"qzad2fqgoa94lx4","timestamp":1731244221416,"id":"2l3pqj6ahf7bin0","previousEventId":"wx84hk0u8zrnu0t","previousOperationId":"qzad2fqgoa94lx4"}
{"type":"operationStart","subtype":"recipe","name":"html-to-xlsx","timestamp":1731244221417,"id":"s47lpbictw4y4tn","previousEventId":"2l3pqj6ahf7bin0","operationId":"dup905s15upv1mt","previousOperationId":"qzad2fqgoa94lx4"}
{"type":"log","timestamp":1731244221417,"level":"debug","message":"Executing recipe html-to-xlsx","meta":{"rootId":"wsg68kgnyzkgl14","id":"wsg68kgnyzkgl14"},"id":"nfy7d9fglxjk3qk","previousOperationId":"dup905s15upv1mt"}
{"type":"log","timestamp":1731244221417,"level":"info","message":"html-to-xlsx generation is starting","meta":{"rootId":"wsg68kgnyzkgl14","id":"wsg68kgnyzkgl14"},"id":"09vlqm0bz2tgive","previousOperationId":"dup905s15upv1mt"}
{"type":"log","timestamp":1731244222137,"level":"info","message":"html-to-xlsx generation was finished","meta":{"rootId":"wsg68kgnyzkgl14","id":"wsg68kgnyzkgl14"},"id":"ydt0995ebb7ubv8","previousOperationId":"dup905s15upv1mt"}
{"type":"log","timestamp":1731244222137,"level":"debug","message":"preparing office preview","meta":{"rootId":"wsg68kgnyzkgl14","id":"wsg68kgnyzkgl14"},"id":"4n3tdgx929zhz78","previousOperationId":"dup905s15upv1mt"}
{"type":"operationEnd","operationId":"dup905s15upv1mt","timestamp":1731244222595,"id":"kkgf2ox8tzppkql","previousEventId":"s47lpbictw4y4tn","previousOperationId":"dup905s15upv1mt"}
{"type":"log","timestamp":1731244222595,"level":"debug","message":"Skipping storing report.","meta":{"rootId":"wsg68kgnyzkgl14","id":"wsg68kgnyzkgl14"},"id":"g55y5fweemidhxk","previousOperationId":"dup905s15upv1mt"}
{"type":"log","timestamp":1731244222595,"level":"info","message":"Rendering request 16 finished in 1207 ms","meta":{"rootId":"wsg68kgnyzkgl14","id":"wsg68kgnyzkgl14"},"id":"2emptn3kn96xt59","previousOperationId":"dup905s15upv1mt"}
{"type":"operationEnd","subtype":"render","operationId":"owwxutduezxmz36","timestamp":1731244222595,"id":"y2krd6wa7nie622","previousEventId":"kkgf2ox8tzppkql","previousOperationId":"dup905s15upv1mt"}
{"type":"operationEnd","doDiffs":false,"previousEventId":"oql9fektpd15g8m","previousOperationId":"mpm3vpkuvjfdm15","operationId":"mpm3vpkuvjfdm15","timestamp":1731244222598,"id":"8rqkrlxnpui0hef"}
