{"type":"operationStart","subtype":"profile","data":{"_id":"WoUtWjzCsMEsdlLQ","timestamp":"2024-11-10T08:59:29.146Z","state":"queued","mode":"standard","creationDate":"2024-11-10T08:59:29.148Z","modificationDate":"2024-11-10T08:59:29.148Z","shortid":"sWV3guv","inheritedReadPermissions":[],"inheritedEditPermissions":[],"$entitySet":"profiles"},"doDiffs":false,"timestamp":1731229169147,"id":"959djv9x6ib2bgm","previousOperationId":null,"operationId":"92pta2tcof0yri1"}
{"type":"log","level":"info","message":"Render request 172 queued for execution and waiting for available worker","previousOperationId":"92pta2tcof0yri1","timestamp":1731229169147,"id":"lpot20ohqugg1qp"}
{"type":"operationStart","subtype":"render","name":"new-excl-template","previousOperationId":"92pta2tcof0yri1","timestamp":1731229169156,"id":"xqmfjv3zbj186k2","previousEventId":"959djv9x6ib2bgm","operationId":"39kbq142lrzow7s"}
{"type":"log","timestamp":1731229169156,"level":"info","message":"Starting rendering request 172 (user: admin)","meta":{"rootId":"wtq0cndrg4g97bj","id":"wtq0cndrg4g97bj"},"id":"7x9fdjraove5q8v","previousOperationId":"39kbq142lrzow7s"}
{"type":"log","timestamp":1731229169156,"level":"info","message":"Rendering template { name: new-excl-template, recipe: html-to-xlsx, engine: handlebars, preview: true }","meta":{"rootId":"wtq0cndrg4g97bj","id":"wtq0cndrg4g97bj"},"id":"oie20ahsbk7gbhf","previousOperationId":"39kbq142lrzow7s"}
{"type":"log","timestamp":1731229169157,"level":"debug","message":"Adding sample data pVkbCM7am","meta":{"rootId":"wtq0cndrg4g97bj","id":"wtq0cndrg4g97bj"},"id":"27uci3ayyd13wzn","previousOperationId":"39kbq142lrzow7s"}
{"type":"log","timestamp":1731229169159,"level":"debug","message":"Base url not specified, skipping its injection.","meta":{"rootId":"wtq0cndrg4g97bj","id":"wtq0cndrg4g97bj"},"id":"43lfhh4bftighnn","previousOperationId":"39kbq142lrzow7s"}
{"type":"log","timestamp":1731229169161,"level":"debug","message":"Replaced assets [\"KhmerOSSiemreapRegular.ttf\"]","meta":{"rootId":"wtq0cndrg4g97bj","id":"wtq0cndrg4g97bj"},"id":"ilr71z1b7ym9l1n","previousOperationId":"39kbq142lrzow7s"}
{"type":"operationStart","subtype":"engine","name":"handlebars","timestamp":1731229169161,"id":"k23ozofx1y7s0tk","previousEventId":"xqmfjv3zbj186k2","operationId":"uffvaanblit1w1d","previousOperationId":"39kbq142lrzow7s"}
{"type":"log","timestamp":1731229169161,"level":"debug","message":"Rendering engine handlebars","meta":{"rootId":"wtq0cndrg4g97bj","id":"wtq0cndrg4g97bj"},"id":"65fasgz25paatpi","previousOperationId":"uffvaanblit1w1d"}
{"type":"operationEnd","operationId":"uffvaanblit1w1d","timestamp":1731229169180,"id":"5asz9b8c9yacjl5","previousEventId":"k23ozofx1y7s0tk","previousOperationId":"uffvaanblit1w1d"}
{"type":"operationStart","subtype":"recipe","name":"html-to-xlsx","timestamp":1731229169183,"id":"cm3cvtny9o1bezr","previousEventId":"5asz9b8c9yacjl5","operationId":"0e96u5se5yl1t9m","previousOperationId":"uffvaanblit1w1d"}
{"type":"log","timestamp":1731229169184,"level":"debug","message":"Executing recipe html-to-xlsx","meta":{"rootId":"wtq0cndrg4g97bj","id":"wtq0cndrg4g97bj"},"id":"m8qq259poqoh1c9","previousOperationId":"0e96u5se5yl1t9m"}
{"type":"log","timestamp":1731229169184,"level":"info","message":"html-to-xlsx generation is starting","meta":{"rootId":"wtq0cndrg4g97bj","id":"wtq0cndrg4g97bj"},"id":"vt83ctnj32v8on5","previousOperationId":"0e96u5se5yl1t9m"}
{"type":"log","timestamp":1731229170093,"level":"info","message":"html-to-xlsx generation was finished","meta":{"rootId":"wtq0cndrg4g97bj","id":"wtq0cndrg4g97bj"},"id":"aw7zs5d6hyqtcyu","previousOperationId":"0e96u5se5yl1t9m"}
{"type":"log","timestamp":1731229170093,"level":"debug","message":"preparing office preview","meta":{"rootId":"wtq0cndrg4g97bj","id":"wtq0cndrg4g97bj"},"id":"i0dwkdisi84fx8j","previousOperationId":"0e96u5se5yl1t9m"}
{"type":"operationEnd","operationId":"0e96u5se5yl1t9m","timestamp":1731229170538,"id":"q81jsp1jk6zyffj","previousEventId":"cm3cvtny9o1bezr","previousOperationId":"0e96u5se5yl1t9m"}
{"type":"log","timestamp":1731229170538,"level":"debug","message":"Skipping storing report.","meta":{"rootId":"wtq0cndrg4g97bj","id":"wtq0cndrg4g97bj"},"id":"n7kld2fwa13izxy","previousOperationId":"0e96u5se5yl1t9m"}
{"type":"log","timestamp":1731229170538,"level":"info","message":"Rendering request 172 finished in 1392 ms","meta":{"rootId":"wtq0cndrg4g97bj","id":"wtq0cndrg4g97bj"},"id":"igjw9d50b9u7xum","previousOperationId":"0e96u5se5yl1t9m"}
{"type":"operationEnd","subtype":"render","operationId":"39kbq142lrzow7s","timestamp":1731229170538,"id":"dq5i1w387n5abvx","previousEventId":"q81jsp1jk6zyffj","previousOperationId":"0e96u5se5yl1t9m"}
{"type":"operationEnd","doDiffs":false,"previousEventId":"959djv9x6ib2bgm","previousOperationId":"92pta2tcof0yri1","operationId":"92pta2tcof0yri1","timestamp":1731229170541,"id":"v31vz5bxjg6uk8c"}
