{"type":"operationStart","subtype":"profile","data":{"_id":"b3aT0k4F9NHIFfyY","timestamp":"2024-11-10T14:50:57.742Z","state":"queued","mode":"standard","creationDate":"2024-11-10T14:50:57.743Z","modificationDate":"2024-11-10T14:50:57.743Z","shortid":"BHr_GAn","inheritedReadPermissions":[],"inheritedEditPermissions":[],"$entitySet":"profiles"},"doDiffs":false,"timestamp":1731250257743,"id":"olr94x9wbe46nrr","previousOperationId":null,"operationId":"0adb1vtiliqee4a"}
{"type":"log","level":"info","message":"Render request 177 queued for execution and waiting for available worker","previousOperationId":"0adb1vtiliqee4a","timestamp":1731250257743,"id":"mlbyei8kc1aelbe"}
{"type":"operationStart","subtype":"render","name":"new-excl-template","previousOperationId":"0adb1vtiliqee4a","timestamp":1731250257748,"id":"fmsrsewc07q8qfc","previousEventId":"olr94x9wbe46nrr","operationId":"lipa9aknew065od"}
{"type":"log","timestamp":1731250257748,"level":"info","message":"Starting rendering request 177 (user: admin)","meta":{"rootId":"wzbw6gb5vjdfc8t","id":"wzbw6gb5vjdfc8t"},"id":"4bd5m4nb58vn796","previousOperationId":"lipa9aknew065od"}
{"type":"log","timestamp":1731250257748,"level":"info","message":"Rendering template { name: new-excl-template, recipe: html-to-xlsx, engine: handlebars, preview: false }","meta":{"rootId":"wzbw6gb5vjdfc8t","id":"wzbw6gb5vjdfc8t"},"id":"cyvy1dlzl80bxpu","previousOperationId":"lipa9aknew065od"}
{"type":"log","timestamp":1731250257749,"level":"debug","message":"Adding sample data pVkbCM7am","meta":{"rootId":"wzbw6gb5vjdfc8t","id":"wzbw6gb5vjdfc8t"},"id":"7qvwvin87y8o0ot","previousOperationId":"lipa9aknew065od"}
{"type":"log","timestamp":1731250257750,"level":"debug","message":"Base url not specified, skipping its injection.","meta":{"rootId":"wzbw6gb5vjdfc8t","id":"wzbw6gb5vjdfc8t"},"id":"8lues0uw5hjueln","previousOperationId":"lipa9aknew065od"}
{"type":"log","timestamp":1731250257752,"level":"debug","message":"Replaced assets [\"KhmerOSSiemreapRegular.ttf\"]","meta":{"rootId":"wzbw6gb5vjdfc8t","id":"wzbw6gb5vjdfc8t"},"id":"r5r339eij8wrl68","previousOperationId":"lipa9aknew065od"}
{"type":"operationStart","subtype":"engine","name":"handlebars","timestamp":1731250257752,"id":"u90tkuobcsjr7uc","previousEventId":"fmsrsewc07q8qfc","operationId":"b0d9x7rbs3gw9ci","previousOperationId":"lipa9aknew065od"}
{"type":"log","timestamp":1731250257752,"level":"debug","message":"Rendering engine handlebars","meta":{"rootId":"wzbw6gb5vjdfc8t","id":"wzbw6gb5vjdfc8t"},"id":"t3bj2xvw5rn364g","previousOperationId":"b0d9x7rbs3gw9ci"}
{"type":"operationEnd","operationId":"b0d9x7rbs3gw9ci","timestamp":1731250257766,"id":"v52l2nry4wgyrjb","previousEventId":"u90tkuobcsjr7uc","previousOperationId":"b0d9x7rbs3gw9ci"}
{"type":"operationStart","subtype":"recipe","name":"html-to-xlsx","timestamp":1731250257768,"id":"jsb5hbypoastz46","previousEventId":"v52l2nry4wgyrjb","operationId":"ue92ea3p8qt055c","previousOperationId":"b0d9x7rbs3gw9ci"}
{"type":"log","timestamp":1731250257768,"level":"debug","message":"Executing recipe html-to-xlsx","meta":{"rootId":"wzbw6gb5vjdfc8t","id":"wzbw6gb5vjdfc8t"},"id":"b1engu9vcs5zbjw","previousOperationId":"ue92ea3p8qt055c"}
{"type":"log","timestamp":1731250257768,"level":"info","message":"html-to-xlsx generation is starting","meta":{"rootId":"wzbw6gb5vjdfc8t","id":"wzbw6gb5vjdfc8t"},"id":"chrldh6b2yudmx2","previousOperationId":"ue92ea3p8qt055c"}
{"type":"log","timestamp":1731250258333,"level":"info","message":"html-to-xlsx generation was finished","meta":{"rootId":"wzbw6gb5vjdfc8t","id":"wzbw6gb5vjdfc8t"},"id":"r9fmv4kymdxlcze","previousOperationId":"ue92ea3p8qt055c"}
{"type":"operationEnd","operationId":"ue92ea3p8qt055c","timestamp":1731250258334,"id":"jp3r1fnqnffwuv6","previousEventId":"jsb5hbypoastz46","previousOperationId":"ue92ea3p8qt055c"}
{"type":"log","timestamp":1731250258334,"level":"debug","message":"Skipping storing report.","meta":{"rootId":"wzbw6gb5vjdfc8t","id":"wzbw6gb5vjdfc8t"},"id":"exzugl0iah1bji0","previousOperationId":"ue92ea3p8qt055c"}
{"type":"log","timestamp":1731250258334,"level":"info","message":"Rendering request 177 finished in 592 ms","meta":{"rootId":"wzbw6gb5vjdfc8t","id":"wzbw6gb5vjdfc8t"},"id":"o1e32n44sul1n9n","previousOperationId":"ue92ea3p8qt055c"}
{"type":"operationEnd","subtype":"render","operationId":"lipa9aknew065od","timestamp":1731250258334,"id":"ej89awg2x4491qu","previousEventId":"jp3r1fnqnffwuv6","previousOperationId":"ue92ea3p8qt055c"}
{"type":"operationEnd","doDiffs":false,"previousEventId":"olr94x9wbe46nrr","previousOperationId":"0adb1vtiliqee4a","operationId":"0adb1vtiliqee4a","timestamp":1731250258336,"id":"rwpumei759mmx52"}
