{"type":"operationStart","subtype":"profile","data":{"_id":"BfhD61fakNDHl0An","timestamp":"2024-11-10T13:50:29.564Z","state":"queued","mode":"standard","creationDate":"2024-11-10T13:50:29.566Z","modificationDate":"2024-11-10T13:50:29.566Z","shortid":"TPWojji","inheritedReadPermissions":[],"inheritedEditPermissions":[],"$entitySet":"profiles"},"doDiffs":false,"timestamp":1731246629565,"id":"hliags7ty6t0jy6","previousOperationId":null,"operationId":"adceb02jph49m1m"}
{"type":"log","level":"info","message":"Render request 83 queued for execution and waiting for available worker","previousOperationId":"adceb02jph49m1m","timestamp":1731246629565,"id":"d3z5scg840um1gz"}
{"type":"operationStart","subtype":"render","name":"new-excl-template","previousOperationId":"adceb02jph49m1m","timestamp":1731246629575,"id":"pbampa524jeycyt","previousEventId":"hliags7ty6t0jy6","operationId":"ibyruptgna7qzpd"}
{"type":"log","timestamp":1731246629575,"level":"info","message":"Starting rendering request 83 (user: admin)","meta":{"rootId":"wzn3odwf9bgncdf","id":"wzn3odwf9bgncdf"},"id":"qon9u99oqpsqwig","previousOperationId":"ibyruptgna7qzpd"}
{"type":"log","timestamp":1731246629575,"level":"info","message":"Rendering template { name: new-excl-template, recipe: html-to-xlsx, engine: handlebars, preview: true }","meta":{"rootId":"wzn3odwf9bgncdf","id":"wzn3odwf9bgncdf"},"id":"3ctlb6uagi8s85n","previousOperationId":"ibyruptgna7qzpd"}
{"type":"log","timestamp":1731246629576,"level":"debug","message":"Inline data specified.","meta":{"rootId":"wzn3odwf9bgncdf","id":"wzn3odwf9bgncdf"},"id":"ury9kowb95yotxa","previousOperationId":"ibyruptgna7qzpd"}
{"type":"log","timestamp":1731246629577,"level":"debug","message":"Base url not specified, skipping its injection.","meta":{"rootId":"wzn3odwf9bgncdf","id":"wzn3odwf9bgncdf"},"id":"ujj3tznhjah5wmk","previousOperationId":"ibyruptgna7qzpd"}
{"type":"log","timestamp":1731246629578,"level":"debug","message":"Replaced assets [\"KhmerOSSiemreapRegular.ttf\"]","meta":{"rootId":"wzn3odwf9bgncdf","id":"wzn3odwf9bgncdf"},"id":"w1ri3fj0h95y19r","previousOperationId":"ibyruptgna7qzpd"}
{"type":"operationStart","subtype":"engine","name":"handlebars","timestamp":1731246629578,"id":"9ozvao8xrs9ia0o","previousEventId":"pbampa524jeycyt","operationId":"i6bkbajq4yxm63y","previousOperationId":"ibyruptgna7qzpd"}
{"type":"log","timestamp":1731246629578,"level":"debug","message":"Rendering engine handlebars","meta":{"rootId":"wzn3odwf9bgncdf","id":"wzn3odwf9bgncdf"},"id":"a4x1yj9qegprce6","previousOperationId":"i6bkbajq4yxm63y"}
{"type":"operationEnd","operationId":"i6bkbajq4yxm63y","timestamp":1731246629593,"id":"1owxdr6ycyad9d8","previousEventId":"9ozvao8xrs9ia0o","previousOperationId":"i6bkbajq4yxm63y"}
{"type":"operationStart","subtype":"recipe","name":"html-to-xlsx","timestamp":1731246629595,"id":"9n3l78480h3aclm","previousEventId":"1owxdr6ycyad9d8","operationId":"f4dpsiz76d9d2m3","previousOperationId":"i6bkbajq4yxm63y"}
{"type":"log","timestamp":1731246629595,"level":"debug","message":"Executing recipe html-to-xlsx","meta":{"rootId":"wzn3odwf9bgncdf","id":"wzn3odwf9bgncdf"},"id":"q5ph16x53ynwgqx","previousOperationId":"f4dpsiz76d9d2m3"}
{"type":"log","timestamp":1731246629595,"level":"info","message":"html-to-xlsx generation is starting","meta":{"rootId":"wzn3odwf9bgncdf","id":"wzn3odwf9bgncdf"},"id":"ps205jxibohgu04","previousOperationId":"f4dpsiz76d9d2m3"}
{"type":"log","timestamp":1731246630263,"level":"info","message":"html-to-xlsx generation was finished","meta":{"rootId":"wzn3odwf9bgncdf","id":"wzn3odwf9bgncdf"},"id":"qanti276hw8otj3","previousOperationId":"f4dpsiz76d9d2m3"}
{"type":"log","timestamp":1731246630263,"level":"debug","message":"preparing office preview","meta":{"rootId":"wzn3odwf9bgncdf","id":"wzn3odwf9bgncdf"},"id":"r9tprtud9lsm3as","previousOperationId":"f4dpsiz76d9d2m3"}
{"type":"operationEnd","operationId":"f4dpsiz76d9d2m3","timestamp":1731246630711,"id":"46hv4xnt9rm0rid","previousEventId":"9n3l78480h3aclm","previousOperationId":"f4dpsiz76d9d2m3"}
{"type":"log","timestamp":1731246630711,"level":"debug","message":"Skipping storing report.","meta":{"rootId":"wzn3odwf9bgncdf","id":"wzn3odwf9bgncdf"},"id":"5mlw4ll8i2uychm","previousOperationId":"f4dpsiz76d9d2m3"}
{"type":"log","timestamp":1731246630711,"level":"info","message":"Rendering request 83 finished in 1147 ms","meta":{"rootId":"wzn3odwf9bgncdf","id":"wzn3odwf9bgncdf"},"id":"r8ixd2quhp0qv6n","previousOperationId":"f4dpsiz76d9d2m3"}
{"type":"operationEnd","subtype":"render","operationId":"ibyruptgna7qzpd","timestamp":1731246630711,"id":"t9vieokwier7js9","previousEventId":"46hv4xnt9rm0rid","previousOperationId":"f4dpsiz76d9d2m3"}
{"type":"operationEnd","doDiffs":false,"previousEventId":"hliags7ty6t0jy6","previousOperationId":"adceb02jph49m1m","operationId":"adceb02jph49m1m","timestamp":1731246630712,"id":"vrwnpf7azh39q84"}
