{"type":"operationStart","subtype":"profile","data":{"_id":"8BaxqOprRWQFGzAi","timestamp":"2024-11-10T14:08:09.901Z","state":"queued","mode":"standard","creationDate":"2024-11-10T14:08:09.902Z","modificationDate":"2024-11-10T14:08:09.902Z","shortid":"zrgK3-t","inheritedReadPermissions":[],"inheritedEditPermissions":[],"$entitySet":"profiles"},"doDiffs":false,"timestamp":1731247689902,"id":"2g04xdwsgreubju","previousOperationId":null,"operationId":"9b40nmvdka8wv5n"}
{"type":"log","level":"info","message":"Render request 108 queued for execution and waiting for available worker","previousOperationId":"9b40nmvdka8wv5n","timestamp":1731247689902,"id":"dw44loy67jxf2db"}
{"type":"operationStart","subtype":"render","name":"new-excl-template","previousOperationId":"9b40nmvdka8wv5n","timestamp":1731247689909,"id":"d9frl44kzihl2l8","previousEventId":"2g04xdwsgreubju","operationId":"o9r15w1l3dvdgwh"}
{"type":"log","timestamp":1731247689909,"level":"info","message":"Starting rendering request 108 (user: admin)","meta":{"rootId":"wzrcb4z0fvkaexm","id":"wzrcb4z0fvkaexm"},"id":"aki8nmt2xfvgxok","previousOperationId":"o9r15w1l3dvdgwh"}
{"type":"log","timestamp":1731247689909,"level":"info","message":"Rendering template { name: new-excl-template, recipe: html-to-xlsx, engine: handlebars, preview: true }","meta":{"rootId":"wzrcb4z0fvkaexm","id":"wzrcb4z0fvkaexm"},"id":"vipie7be2rqiznh","previousOperationId":"o9r15w1l3dvdgwh"}
{"type":"log","timestamp":1731247689910,"level":"debug","message":"Inline data specified.","meta":{"rootId":"wzrcb4z0fvkaexm","id":"wzrcb4z0fvkaexm"},"id":"de2lkg3rdm8e1bj","previousOperationId":"o9r15w1l3dvdgwh"}
{"type":"log","timestamp":1731247689911,"level":"debug","message":"Base url not specified, skipping its injection.","meta":{"rootId":"wzrcb4z0fvkaexm","id":"wzrcb4z0fvkaexm"},"id":"pvmvhd5pg2sd386","previousOperationId":"o9r15w1l3dvdgwh"}
{"type":"log","timestamp":1731247689912,"level":"debug","message":"Replaced assets [\"KhmerOSSiemreapRegular.ttf\"]","meta":{"rootId":"wzrcb4z0fvkaexm","id":"wzrcb4z0fvkaexm"},"id":"lobfpmqix7yfgjs","previousOperationId":"o9r15w1l3dvdgwh"}
{"type":"operationStart","subtype":"engine","name":"handlebars","timestamp":1731247689912,"id":"famxl10uforax1u","previousEventId":"d9frl44kzihl2l8","operationId":"gdzuspgge0934v7","previousOperationId":"o9r15w1l3dvdgwh"}
{"type":"log","timestamp":1731247689912,"level":"debug","message":"Rendering engine handlebars","meta":{"rootId":"wzrcb4z0fvkaexm","id":"wzrcb4z0fvkaexm"},"id":"s5txxenv021p5md","previousOperationId":"gdzuspgge0934v7"}
{"type":"operationEnd","operationId":"gdzuspgge0934v7","timestamp":1731247689922,"id":"jad1vy9grb5hv9a","previousEventId":"famxl10uforax1u","previousOperationId":"gdzuspgge0934v7"}
{"type":"operationStart","subtype":"recipe","name":"html-to-xlsx","timestamp":1731247689923,"id":"cai1ytr4b9018ki","previousEventId":"jad1vy9grb5hv9a","operationId":"53hu6uy2g9eocfc","previousOperationId":"gdzuspgge0934v7"}
{"type":"log","timestamp":1731247689923,"level":"debug","message":"Executing recipe html-to-xlsx","meta":{"rootId":"wzrcb4z0fvkaexm","id":"wzrcb4z0fvkaexm"},"id":"bexsu29xuf5vlzv","previousOperationId":"53hu6uy2g9eocfc"}
{"type":"log","timestamp":1731247689923,"level":"info","message":"html-to-xlsx generation is starting","meta":{"rootId":"wzrcb4z0fvkaexm","id":"wzrcb4z0fvkaexm"},"id":"cgcm6hcuhjnnz2a","previousOperationId":"53hu6uy2g9eocfc"}
{"type":"log","timestamp":1731247690657,"level":"info","message":"html-to-xlsx generation was finished","meta":{"rootId":"wzrcb4z0fvkaexm","id":"wzrcb4z0fvkaexm"},"id":"ri0r3w8gfxy3p4g","previousOperationId":"53hu6uy2g9eocfc"}
{"type":"log","timestamp":1731247690657,"level":"debug","message":"preparing office preview","meta":{"rootId":"wzrcb4z0fvkaexm","id":"wzrcb4z0fvkaexm"},"id":"pt54rn1mn3p2ajf","previousOperationId":"53hu6uy2g9eocfc"}
{"type":"operationEnd","operationId":"53hu6uy2g9eocfc","timestamp":1731247691102,"id":"jz9kuvpy7h79upa","previousEventId":"cai1ytr4b9018ki","previousOperationId":"53hu6uy2g9eocfc"}
{"type":"log","timestamp":1731247691102,"level":"debug","message":"Skipping storing report.","meta":{"rootId":"wzrcb4z0fvkaexm","id":"wzrcb4z0fvkaexm"},"id":"r6ta3s63qqccuh3","previousOperationId":"53hu6uy2g9eocfc"}
{"type":"log","timestamp":1731247691102,"level":"info","message":"Rendering request 108 finished in 1201 ms","meta":{"rootId":"wzrcb4z0fvkaexm","id":"wzrcb4z0fvkaexm"},"id":"ema8h3ad3dhzwej","previousOperationId":"53hu6uy2g9eocfc"}
{"type":"operationEnd","subtype":"render","operationId":"o9r15w1l3dvdgwh","timestamp":1731247691102,"id":"epqikccs0gi8q9o","previousEventId":"jz9kuvpy7h79upa","previousOperationId":"53hu6uy2g9eocfc"}
{"type":"operationEnd","doDiffs":false,"previousEventId":"2g04xdwsgreubju","previousOperationId":"9b40nmvdka8wv5n","operationId":"9b40nmvdka8wv5n","timestamp":1731247691104,"id":"3ocu7koubi873jx"}
