{"type":"operationStart","subtype":"profile","data":{"_id":"VWXvTlZJaVFGIB5p","timestamp":"2024-11-10T09:23:25.251Z","state":"queued","mode":"standard","creationDate":"2024-11-10T09:23:25.253Z","modificationDate":"2024-11-10T09:23:25.253Z","shortid":"RlJSynF","inheritedReadPermissions":[],"inheritedEditPermissions":[],"$entitySet":"profiles"},"doDiffs":false,"timestamp":1731230605253,"id":"2z7is03v1998gjq","previousOperationId":null,"operationId":"ohx9cafo7iwlzvn"}
{"type":"log","level":"info","message":"Render request 207 queued for execution and waiting for available worker","previousOperationId":"ohx9cafo7iwlzvn","timestamp":1731230605253,"id":"gwt6w5lmz8dyh5d"}
{"type":"operationStart","subtype":"render","name":"new-excl-template","previousOperationId":"ohx9cafo7iwlzvn","timestamp":1731230605260,"id":"19ju4ff21ufo73y","previousEventId":"2z7is03v1998gjq","operationId":"df4aelnaoyrrqwa"}
{"type":"log","timestamp":1731230605260,"level":"info","message":"Starting rendering request 207 (user: admin)","meta":{"rootId":"x574d9fdqxr6c24","id":"x574d9fdqxr6c24"},"id":"21kify506sa1ql7","previousOperationId":"df4aelnaoyrrqwa"}
{"type":"log","timestamp":1731230605261,"level":"info","message":"Rendering template { name: new-excl-template, recipe: html-to-xlsx, engine: handlebars, preview: true }","meta":{"rootId":"x574d9fdqxr6c24","id":"x574d9fdqxr6c24"},"id":"8jm4i3hc7vybu6i","previousOperationId":"df4aelnaoyrrqwa"}
{"type":"log","timestamp":1731230605261,"level":"debug","message":"Inline data specified.","meta":{"rootId":"x574d9fdqxr6c24","id":"x574d9fdqxr6c24"},"id":"v59vd0ub15n30q3","previousOperationId":"df4aelnaoyrrqwa"}
{"type":"log","timestamp":1731230605262,"level":"debug","message":"Base url not specified, skipping its injection.","meta":{"rootId":"x574d9fdqxr6c24","id":"x574d9fdqxr6c24"},"id":"cqrzhmtzt2pxz20","previousOperationId":"df4aelnaoyrrqwa"}
{"type":"operationStart","subtype":"engine","name":"handlebars","timestamp":1731230605263,"id":"wzhfno6csvnky20","previousEventId":"19ju4ff21ufo73y","operationId":"gq17j1q2xn3u1rn","previousOperationId":"df4aelnaoyrrqwa"}
{"type":"log","timestamp":1731230605263,"level":"debug","message":"Rendering engine handlebars","meta":{"rootId":"x574d9fdqxr6c24","id":"x574d9fdqxr6c24"},"id":"xc3kdtg0i118x2w","previousOperationId":"gq17j1q2xn3u1rn"}
{"type":"operationEnd","operationId":"gq17j1q2xn3u1rn","timestamp":1731230605274,"id":"oq6lvqbb7u7zmc9","previousEventId":"wzhfno6csvnky20","previousOperationId":"gq17j1q2xn3u1rn"}
{"type":"operationStart","subtype":"recipe","name":"html-to-xlsx","timestamp":1731230605274,"id":"pe8b9e51a39p87t","previousEventId":"oq6lvqbb7u7zmc9","operationId":"8jwd0d3wwkbxqkk","previousOperationId":"gq17j1q2xn3u1rn"}
{"type":"log","timestamp":1731230605274,"level":"debug","message":"Executing recipe html-to-xlsx","meta":{"rootId":"x574d9fdqxr6c24","id":"x574d9fdqxr6c24"},"id":"mp137pcxcitiq9b","previousOperationId":"8jwd0d3wwkbxqkk"}
{"type":"log","timestamp":1731230605274,"level":"info","message":"html-to-xlsx generation is starting","meta":{"rootId":"x574d9fdqxr6c24","id":"x574d9fdqxr6c24"},"id":"u7uh8jrx2rf1op0","previousOperationId":"8jwd0d3wwkbxqkk"}
{"type":"log","timestamp":1731230606295,"level":"info","message":"html-to-xlsx generation was finished","meta":{"rootId":"x574d9fdqxr6c24","id":"x574d9fdqxr6c24"},"id":"8e5v6xn2h3dcg04","previousOperationId":"8jwd0d3wwkbxqkk"}
{"type":"log","timestamp":1731230606295,"level":"debug","message":"preparing office preview","meta":{"rootId":"x574d9fdqxr6c24","id":"x574d9fdqxr6c24"},"id":"0l1g8w3x8hdue1e","previousOperationId":"8jwd0d3wwkbxqkk"}
{"type":"operationEnd","operationId":"8jwd0d3wwkbxqkk","timestamp":1731230606737,"id":"7ndwtmiec8139vs","previousEventId":"pe8b9e51a39p87t","previousOperationId":"8jwd0d3wwkbxqkk"}
{"type":"log","timestamp":1731230606737,"level":"debug","message":"Skipping storing report.","meta":{"rootId":"x574d9fdqxr6c24","id":"x574d9fdqxr6c24"},"id":"mcxjg3nofym1ohu","previousOperationId":"8jwd0d3wwkbxqkk"}
{"type":"log","timestamp":1731230606737,"level":"info","message":"Rendering request 207 finished in 1486 ms","meta":{"rootId":"x574d9fdqxr6c24","id":"x574d9fdqxr6c24"},"id":"uua6kx9gawg0i8m","previousOperationId":"8jwd0d3wwkbxqkk"}
{"type":"operationEnd","subtype":"render","operationId":"df4aelnaoyrrqwa","timestamp":1731230606737,"id":"wi1zahk3ckyyno4","previousEventId":"7ndwtmiec8139vs","previousOperationId":"8jwd0d3wwkbxqkk"}
{"type":"operationEnd","doDiffs":false,"previousEventId":"2z7is03v1998gjq","previousOperationId":"ohx9cafo7iwlzvn","operationId":"ohx9cafo7iwlzvn","timestamp":1731230606739,"id":"a33w9exmg88x2dl"}
