{"type":"operationStart","subtype":"profile","data":{"_id":"RSJkyURWK5ZeA52W","timestamp":"2024-11-10T08:41:27.753Z","state":"queued","mode":"standard","creationDate":"2024-11-10T08:41:27.755Z","modificationDate":"2024-11-10T08:41:27.755Z","shortid":"6UzMo1P","inheritedReadPermissions":[],"inheritedEditPermissions":[],"$entitySet":"profiles"},"doDiffs":false,"timestamp":1731228087754,"id":"qhjir18mgs6ctv7","previousOperationId":null,"operationId":"5c3ahwzm7gwwmrf"}
{"type":"log","level":"info","message":"Render request 147 queued for execution and waiting for available worker","previousOperationId":"5c3ahwzm7gwwmrf","timestamp":1731228087755,"id":"c97t4cud5z4n7of"}
{"type":"operationStart","subtype":"render","name":"new-excl-template","previousOperationId":"5c3ahwzm7gwwmrf","timestamp":1731228087766,"id":"3eaegfy42bmk99y","previousEventId":"qhjir18mgs6ctv7","operationId":"llw3xx6udxz6pdp"}
{"type":"log","timestamp":1731228087766,"level":"info","message":"Starting rendering request 147 (user: admin)","meta":{"rootId":"xa9hvc51am43u5o","id":"xa9hvc51am43u5o"},"id":"xjke3jd7axjpl9i","previousOperationId":"llw3xx6udxz6pdp"}
{"type":"log","timestamp":1731228087766,"level":"info","message":"Rendering template { name: new-excl-template, recipe: html-to-xlsx, engine: handlebars, preview: true }","meta":{"rootId":"xa9hvc51am43u5o","id":"xa9hvc51am43u5o"},"id":"ikf9qonp2e8su86","previousOperationId":"llw3xx6udxz6pdp"}
{"type":"log","timestamp":1731228087767,"level":"debug","message":"Inline data specified.","meta":{"rootId":"xa9hvc51am43u5o","id":"xa9hvc51am43u5o"},"id":"gnux6r59iu4ev6d","previousOperationId":"llw3xx6udxz6pdp"}
{"type":"log","timestamp":1731228087768,"level":"debug","message":"Base url not specified, skipping its injection.","meta":{"rootId":"xa9hvc51am43u5o","id":"xa9hvc51am43u5o"},"id":"0l1xpng61n9ydun","previousOperationId":"llw3xx6udxz6pdp"}
{"type":"log","timestamp":1731228087770,"level":"debug","message":"Replaced assets [\"/asset/font/KhmerOSSiemreapRegular.ttf\"]","meta":{"rootId":"xa9hvc51am43u5o","id":"xa9hvc51am43u5o"},"id":"4s6rwwb835npo0t","previousOperationId":"llw3xx6udxz6pdp"}
{"type":"operationStart","subtype":"engine","name":"handlebars","timestamp":1731228087770,"id":"qaajlfaiiw5uect","previousEventId":"3eaegfy42bmk99y","operationId":"a1aomywpkqsg3h2","previousOperationId":"llw3xx6udxz6pdp"}
{"type":"log","timestamp":1731228087770,"level":"debug","message":"Rendering engine handlebars","meta":{"rootId":"xa9hvc51am43u5o","id":"xa9hvc51am43u5o"},"id":"jqeuqusb6u9rosd","previousOperationId":"a1aomywpkqsg3h2"}
{"type":"operationEnd","operationId":"a1aomywpkqsg3h2","timestamp":1731228087784,"id":"ttxx44ywhhbsp52","previousEventId":"qaajlfaiiw5uect","previousOperationId":"a1aomywpkqsg3h2"}
{"type":"operationStart","subtype":"recipe","name":"html-to-xlsx","timestamp":1731228087787,"id":"oaehry0ednta6fc","previousEventId":"ttxx44ywhhbsp52","operationId":"rt69t8s6jgt9tfr","previousOperationId":"a1aomywpkqsg3h2"}
{"type":"log","timestamp":1731228087787,"level":"debug","message":"Executing recipe html-to-xlsx","meta":{"rootId":"xa9hvc51am43u5o","id":"xa9hvc51am43u5o"},"id":"assp6gdh6ssqae6","previousOperationId":"rt69t8s6jgt9tfr"}
{"type":"log","timestamp":1731228087787,"level":"info","message":"html-to-xlsx generation is starting","meta":{"rootId":"xa9hvc51am43u5o","id":"xa9hvc51am43u5o"},"id":"0qyczrhiwtu0vou","previousOperationId":"rt69t8s6jgt9tfr"}
{"type":"log","timestamp":1731228088640,"level":"info","message":"html-to-xlsx generation was finished","meta":{"rootId":"xa9hvc51am43u5o","id":"xa9hvc51am43u5o"},"id":"qplyctnp7hmtyic","previousOperationId":"rt69t8s6jgt9tfr"}
{"type":"log","timestamp":1731228088640,"level":"debug","message":"preparing office preview","meta":{"rootId":"xa9hvc51am43u5o","id":"xa9hvc51am43u5o"},"id":"ffag97wu0qb0lt1","previousOperationId":"rt69t8s6jgt9tfr"}
{"type":"operationEnd","operationId":"rt69t8s6jgt9tfr","timestamp":1731228089097,"id":"blljb5owotopq3z","previousEventId":"oaehry0ednta6fc","previousOperationId":"rt69t8s6jgt9tfr"}
{"type":"log","timestamp":1731228089097,"level":"debug","message":"Skipping storing report.","meta":{"rootId":"xa9hvc51am43u5o","id":"xa9hvc51am43u5o"},"id":"uxb1yr0z3taqdsw","previousOperationId":"rt69t8s6jgt9tfr"}
{"type":"log","timestamp":1731228089097,"level":"info","message":"Rendering request 147 finished in 1345 ms","meta":{"rootId":"xa9hvc51am43u5o","id":"xa9hvc51am43u5o"},"id":"uxyar5m3jp6y6yq","previousOperationId":"rt69t8s6jgt9tfr"}
{"type":"operationEnd","subtype":"render","operationId":"llw3xx6udxz6pdp","timestamp":1731228089097,"id":"rbirm3qxm5wl2pj","previousEventId":"blljb5owotopq3z","previousOperationId":"rt69t8s6jgt9tfr"}
{"type":"operationEnd","doDiffs":false,"previousEventId":"qhjir18mgs6ctv7","previousOperationId":"5c3ahwzm7gwwmrf","operationId":"5c3ahwzm7gwwmrf","timestamp":1731228089099,"id":"23ix67pxzoq8bm0"}
