{"type":"operationStart","subtype":"profile","data":{"_id":"Yl5KziN0oTNRzthp","timestamp":"2024-11-10T09:00:22.486Z","state":"queued","mode":"standard","creationDate":"2024-11-10T09:00:22.488Z","modificationDate":"2024-11-10T09:00:22.488Z","shortid":"HroYhY7","inheritedReadPermissions":[],"inheritedEditPermissions":[],"$entitySet":"profiles"},"doDiffs":false,"timestamp":1731229222487,"id":"rynwg4oljln1xsf","previousOperationId":null,"operationId":"zx347yv66dkbtz6"}
{"type":"log","level":"info","message":"Render request 174 queued for execution and waiting for available worker","previousOperationId":"zx347yv66dkbtz6","timestamp":1731229222488,"id":"5dd0esixr2v1hz3"}
{"type":"operationStart","subtype":"render","name":"new-excl-template","previousOperationId":"zx347yv66dkbtz6","timestamp":1731229222496,"id":"lqpoo74o6le5vlo","previousEventId":"rynwg4oljln1xsf","operationId":"i26uysiq08v0sq6"}
{"type":"log","timestamp":1731229222496,"level":"info","message":"Starting rendering request 174 (user: admin)","meta":{"rootId":"xbbhtnjpd58b702","id":"xbbhtnjpd58b702"},"id":"ja82t9dhbp7s8lf","previousOperationId":"i26uysiq08v0sq6"}
{"type":"log","timestamp":1731229222496,"level":"info","message":"Rendering template { name: new-excl-template, recipe: html-to-xlsx, engine: handlebars, preview: true }","meta":{"rootId":"xbbhtnjpd58b702","id":"xbbhtnjpd58b702"},"id":"3der3u5uu3gf1pq","previousOperationId":"i26uysiq08v0sq6"}
{"type":"log","timestamp":1731229222497,"level":"debug","message":"Adding sample data pVkbCM7am","meta":{"rootId":"xbbhtnjpd58b702","id":"xbbhtnjpd58b702"},"id":"h308jv66p3g76ji","previousOperationId":"i26uysiq08v0sq6"}
{"type":"log","timestamp":1731229222500,"level":"debug","message":"Base url not specified, skipping its injection.","meta":{"rootId":"xbbhtnjpd58b702","id":"xbbhtnjpd58b702"},"id":"qwf7xf241cgyfol","previousOperationId":"i26uysiq08v0sq6"}
{"type":"log","timestamp":1731229222501,"level":"debug","message":"Replaced assets [\"KhmerOSSiemreapRegular.ttf\"]","meta":{"rootId":"xbbhtnjpd58b702","id":"xbbhtnjpd58b702"},"id":"ccfea5b2xq11wnq","previousOperationId":"i26uysiq08v0sq6"}
{"type":"operationStart","subtype":"engine","name":"handlebars","timestamp":1731229222502,"id":"8pdhbefjrg9in8w","previousEventId":"lqpoo74o6le5vlo","operationId":"z9zq6hh25f3aru9","previousOperationId":"i26uysiq08v0sq6"}
{"type":"log","timestamp":1731229222502,"level":"debug","message":"Rendering engine handlebars","meta":{"rootId":"xbbhtnjpd58b702","id":"xbbhtnjpd58b702"},"id":"5zmvijlb4ixmiy9","previousOperationId":"z9zq6hh25f3aru9"}
{"type":"operationEnd","operationId":"z9zq6hh25f3aru9","timestamp":1731229222524,"id":"m99zykw09pmjpnk","previousEventId":"8pdhbefjrg9in8w","previousOperationId":"z9zq6hh25f3aru9"}
{"type":"operationStart","subtype":"recipe","name":"html-to-xlsx","timestamp":1731229222529,"id":"zeg4smxzxbn3c0l","previousEventId":"m99zykw09pmjpnk","operationId":"yo534sl1dfyee0g","previousOperationId":"z9zq6hh25f3aru9"}
{"type":"log","timestamp":1731229222529,"level":"debug","message":"Executing recipe html-to-xlsx","meta":{"rootId":"xbbhtnjpd58b702","id":"xbbhtnjpd58b702"},"id":"dem8iplb27orw52","previousOperationId":"yo534sl1dfyee0g"}
{"type":"log","timestamp":1731229222529,"level":"info","message":"html-to-xlsx generation is starting","meta":{"rootId":"xbbhtnjpd58b702","id":"xbbhtnjpd58b702"},"id":"1byjapbsrm0tdl1","previousOperationId":"yo534sl1dfyee0g"}
{"type":"log","timestamp":1731229223275,"level":"info","message":"html-to-xlsx generation was finished","meta":{"rootId":"xbbhtnjpd58b702","id":"xbbhtnjpd58b702"},"id":"0ueb7zu9s7xmx8f","previousOperationId":"yo534sl1dfyee0g"}
{"type":"log","timestamp":1731229223275,"level":"debug","message":"preparing office preview","meta":{"rootId":"xbbhtnjpd58b702","id":"xbbhtnjpd58b702"},"id":"txnb79y4i6nnb6q","previousOperationId":"yo534sl1dfyee0g"}
{"type":"operationEnd","operationId":"yo534sl1dfyee0g","timestamp":1731229223719,"id":"tc5yzna86ttdfar","previousEventId":"zeg4smxzxbn3c0l","previousOperationId":"yo534sl1dfyee0g"}
{"type":"log","timestamp":1731229223720,"level":"debug","message":"Skipping storing report.","meta":{"rootId":"xbbhtnjpd58b702","id":"xbbhtnjpd58b702"},"id":"b552fn1w8laxpq4","previousOperationId":"yo534sl1dfyee0g"}
{"type":"log","timestamp":1731229223720,"level":"info","message":"Rendering request 174 finished in 1234 ms","meta":{"rootId":"xbbhtnjpd58b702","id":"xbbhtnjpd58b702"},"id":"qhscxtnsen632wf","previousOperationId":"yo534sl1dfyee0g"}
{"type":"operationEnd","subtype":"render","operationId":"i26uysiq08v0sq6","timestamp":1731229223720,"id":"vktkpf1ga6oqlpk","previousEventId":"tc5yzna86ttdfar","previousOperationId":"yo534sl1dfyee0g"}
{"type":"operationEnd","doDiffs":false,"previousEventId":"rynwg4oljln1xsf","previousOperationId":"zx347yv66dkbtz6","operationId":"zx347yv66dkbtz6","timestamp":1731229223722,"id":"fkxaz05f32xpllj"}
