{"type":"operationStart","subtype":"profile","data":{"_id":"2BcQAhR4TDXNyg2W","timestamp":"2024-11-10T08:18:22.235Z","state":"queued","mode":"standard","creationDate":"2024-11-10T08:18:22.237Z","modificationDate":"2024-11-10T08:18:22.237Z","shortid":"_nYCde9","inheritedReadPermissions":[],"inheritedEditPermissions":[],"$entitySet":"profiles"},"doDiffs":false,"timestamp":1731226702236,"id":"zdssjuowrgbfql2","previousOperationId":null,"operationId":"ttdq2iq4ceszxdp"}
{"type":"log","level":"info","message":"Render request 103 queued for execution and waiting for available worker","previousOperationId":"ttdq2iq4ceszxdp","timestamp":1731226702236,"id":"ag52g7xxjmsqtvw"}
{"type":"operationStart","subtype":"render","name":"new-excl-template","previousOperationId":"ttdq2iq4ceszxdp","timestamp":1731226702246,"id":"jh47ktxwd8kcfms","previousEventId":"zdssjuowrgbfql2","operationId":"y1o4krwg5ilgcid"}
{"type":"log","timestamp":1731226702246,"level":"info","message":"Starting rendering request 103 (user: admin)","meta":{"rootId":"xcd7onlpny6caaf","id":"xcd7onlpny6caaf"},"id":"4f3pcz0o0bg2hp3","previousOperationId":"y1o4krwg5ilgcid"}
{"type":"log","timestamp":1731226702246,"level":"info","message":"Rendering template { name: new-excl-template, recipe: html-to-xlsx, engine: handlebars, preview: true }","meta":{"rootId":"xcd7onlpny6caaf","id":"xcd7onlpny6caaf"},"id":"o8jdak8hhbwyz8j","previousOperationId":"y1o4krwg5ilgcid"}
{"type":"log","timestamp":1731226702246,"level":"debug","message":"Inline data specified.","meta":{"rootId":"xcd7onlpny6caaf","id":"xcd7onlpny6caaf"},"id":"yhj610itwjklucb","previousOperationId":"y1o4krwg5ilgcid"}
{"type":"log","timestamp":1731226702251,"level":"debug","message":"Base url not specified, skipping its injection.","meta":{"rootId":"xcd7onlpny6caaf","id":"xcd7onlpny6caaf"},"id":"uy79pd3pn0mexkg","previousOperationId":"y1o4krwg5ilgcid"}
{"type":"operationStart","subtype":"engine","name":"handlebars","timestamp":1731226702251,"id":"e33qctlyqfz4g2x","previousEventId":"jh47ktxwd8kcfms","operationId":"ji5wjj32wzig10d","previousOperationId":"y1o4krwg5ilgcid"}
{"type":"log","timestamp":1731226702251,"level":"debug","message":"Rendering engine handlebars","meta":{"rootId":"xcd7onlpny6caaf","id":"xcd7onlpny6caaf"},"id":"uind9y9yp716lfk","previousOperationId":"ji5wjj32wzig10d"}
{"type":"operationEnd","operationId":"ji5wjj32wzig10d","timestamp":1731226702261,"id":"rgr8apq4gxzf8oy","previousEventId":"e33qctlyqfz4g2x","previousOperationId":"ji5wjj32wzig10d"}
{"type":"operationStart","subtype":"recipe","name":"html-to-xlsx","timestamp":1731226702261,"id":"i8aeywbmbfodkdh","previousEventId":"rgr8apq4gxzf8oy","operationId":"yyce76n5gy1s57q","previousOperationId":"ji5wjj32wzig10d"}
{"type":"log","timestamp":1731226702261,"level":"debug","message":"Executing recipe html-to-xlsx","meta":{"rootId":"xcd7onlpny6caaf","id":"xcd7onlpny6caaf"},"id":"tafojbp9h7tpd11","previousOperationId":"yyce76n5gy1s57q"}
{"type":"log","timestamp":1731226702261,"level":"info","message":"html-to-xlsx generation is starting","meta":{"rootId":"xcd7onlpny6caaf","id":"xcd7onlpny6caaf"},"id":"bgp15kuub68zel1","previousOperationId":"yyce76n5gy1s57q"}
{"type":"log","timestamp":1731226702843,"level":"info","message":"html-to-xlsx generation was finished","meta":{"rootId":"xcd7onlpny6caaf","id":"xcd7onlpny6caaf"},"id":"j8sb6zwzpo9pqz3","previousOperationId":"yyce76n5gy1s57q"}
{"type":"log","timestamp":1731226702843,"level":"debug","message":"preparing office preview","meta":{"rootId":"xcd7onlpny6caaf","id":"xcd7onlpny6caaf"},"id":"9whybhmv9g3tb4e","previousOperationId":"yyce76n5gy1s57q"}
{"type":"operationEnd","operationId":"yyce76n5gy1s57q","timestamp":1731226703286,"id":"1lnvnkj6whhfm4z","previousEventId":"i8aeywbmbfodkdh","previousOperationId":"yyce76n5gy1s57q"}
{"type":"log","timestamp":1731226703286,"level":"debug","message":"Skipping storing report.","meta":{"rootId":"xcd7onlpny6caaf","id":"xcd7onlpny6caaf"},"id":"ofwk98v0zsv7yrg","previousOperationId":"yyce76n5gy1s57q"}
{"type":"log","timestamp":1731226703286,"level":"info","message":"Rendering request 103 finished in 1051 ms","meta":{"rootId":"xcd7onlpny6caaf","id":"xcd7onlpny6caaf"},"id":"lktbwif4pjrbm3p","previousOperationId":"yyce76n5gy1s57q"}
{"type":"operationEnd","subtype":"render","operationId":"y1o4krwg5ilgcid","timestamp":1731226703286,"id":"wx70l5gh8vn7l1q","previousEventId":"1lnvnkj6whhfm4z","previousOperationId":"yyce76n5gy1s57q"}
{"type":"operationEnd","doDiffs":false,"previousEventId":"zdssjuowrgbfql2","previousOperationId":"ttdq2iq4ceszxdp","operationId":"ttdq2iq4ceszxdp","timestamp":1731226703288,"id":"nuzlj03fanyy1me"}
