{"type":"operationStart","subtype":"profile","data":{"_id":"yEqfi1dHv5QPyTAI","timestamp":"2024-11-10T10:07:12.382Z","state":"queued","mode":"standard","creationDate":"2024-11-10T10:07:12.383Z","modificationDate":"2024-11-10T10:07:12.383Z","shortid":"KwwA4d2","inheritedReadPermissions":[],"inheritedEditPermissions":[],"$entitySet":"profiles"},"doDiffs":false,"timestamp":1731233232383,"id":"n3ccfcm1n2lv9qs","previousOperationId":null,"operationId":"uxr92czws6g6qab"}
{"type":"log","level":"info","message":"Render request 295 queued for execution and waiting for available worker","previousOperationId":"uxr92czws6g6qab","timestamp":1731233232383,"id":"jipnfdi470e8zyn"}
{"type":"operationStart","subtype":"render","name":"new-excl-template","previousOperationId":"uxr92czws6g6qab","timestamp":1731233232390,"id":"xgiy8g0yeopxz4d","previousEventId":"n3ccfcm1n2lv9qs","operationId":"4qokjprzvv5axyz"}
{"type":"log","timestamp":1731233232391,"level":"info","message":"Starting rendering request 295 (user: admin)","meta":{"rootId":"xkntcahnlrkch9h","id":"xkntcahnlrkch9h"},"id":"fbsok76zzrhkxch","previousOperationId":"4qokjprzvv5axyz"}
{"type":"log","timestamp":1731233232391,"level":"info","message":"Rendering template { name: new-excl-template, recipe: html-to-xlsx, engine: handlebars, preview: true }","meta":{"rootId":"xkntcahnlrkch9h","id":"xkntcahnlrkch9h"},"id":"yw3nvjrgy4md2hu","previousOperationId":"4qokjprzvv5axyz"}
{"type":"log","timestamp":1731233232394,"level":"debug","message":"Adding sample data pVkbCM7am","meta":{"rootId":"xkntcahnlrkch9h","id":"xkntcahnlrkch9h"},"id":"6t7t8wi6r7nv0o6","previousOperationId":"4qokjprzvv5axyz"}
{"type":"log","timestamp":1731233232395,"level":"debug","message":"Base url not specified, skipping its injection.","meta":{"rootId":"xkntcahnlrkch9h","id":"xkntcahnlrkch9h"},"id":"cmrwdn9rs5j0s3b","previousOperationId":"4qokjprzvv5axyz"}
{"type":"log","timestamp":1731233232397,"level":"debug","message":"Replaced assets [\"KhmerOSSiemreapRegular.ttf\"]","meta":{"rootId":"xkntcahnlrkch9h","id":"xkntcahnlrkch9h"},"id":"09fzd8jpkvhky79","previousOperationId":"4qokjprzvv5axyz"}
{"type":"operationStart","subtype":"engine","name":"handlebars","timestamp":1731233232397,"id":"tgv71lvon34ehrq","previousEventId":"xgiy8g0yeopxz4d","operationId":"xm1220m5pav8t3b","previousOperationId":"4qokjprzvv5axyz"}
{"type":"log","timestamp":1731233232397,"level":"debug","message":"Rendering engine handlebars","meta":{"rootId":"xkntcahnlrkch9h","id":"xkntcahnlrkch9h"},"id":"qw9eqlbwnc1fnbq","previousOperationId":"xm1220m5pav8t3b"}
{"type":"operationEnd","operationId":"xm1220m5pav8t3b","timestamp":1731233232416,"id":"1660j0chjqniqsl","previousEventId":"tgv71lvon34ehrq","previousOperationId":"xm1220m5pav8t3b"}
{"type":"operationStart","subtype":"recipe","name":"html-to-xlsx","timestamp":1731233232418,"id":"uj88xcmwnfmyxip","previousEventId":"1660j0chjqniqsl","operationId":"q6wozuc9a5s0pb1","previousOperationId":"xm1220m5pav8t3b"}
{"type":"log","timestamp":1731233232418,"level":"debug","message":"Executing recipe html-to-xlsx","meta":{"rootId":"xkntcahnlrkch9h","id":"xkntcahnlrkch9h"},"id":"plmk3yfmg8l2l24","previousOperationId":"q6wozuc9a5s0pb1"}
{"type":"log","timestamp":1731233232418,"level":"info","message":"html-to-xlsx generation is starting","meta":{"rootId":"xkntcahnlrkch9h","id":"xkntcahnlrkch9h"},"id":"apj760btc3yaujh","previousOperationId":"q6wozuc9a5s0pb1"}
{"type":"log","timestamp":1731233232971,"level":"info","message":"html-to-xlsx generation was finished","meta":{"rootId":"xkntcahnlrkch9h","id":"xkntcahnlrkch9h"},"id":"easp5mqoxr6g3tt","previousOperationId":"q6wozuc9a5s0pb1"}
{"type":"log","timestamp":1731233232971,"level":"debug","message":"preparing office preview","meta":{"rootId":"xkntcahnlrkch9h","id":"xkntcahnlrkch9h"},"id":"jo56pdhmbruuq8m","previousOperationId":"q6wozuc9a5s0pb1"}
{"type":"operationEnd","operationId":"q6wozuc9a5s0pb1","timestamp":1731233233492,"id":"4658lia14yqzvkv","previousEventId":"uj88xcmwnfmyxip","previousOperationId":"q6wozuc9a5s0pb1"}
{"type":"log","timestamp":1731233233492,"level":"debug","message":"Skipping storing report.","meta":{"rootId":"xkntcahnlrkch9h","id":"xkntcahnlrkch9h"},"id":"ivkltyauacs7cgr","previousOperationId":"q6wozuc9a5s0pb1"}
{"type":"log","timestamp":1731233233492,"level":"info","message":"Rendering request 295 finished in 1110 ms","meta":{"rootId":"xkntcahnlrkch9h","id":"xkntcahnlrkch9h"},"id":"qjjcexxz4ffdho3","previousOperationId":"q6wozuc9a5s0pb1"}
{"type":"operationEnd","subtype":"render","operationId":"4qokjprzvv5axyz","timestamp":1731233233492,"id":"46hyq3svbp7g9xm","previousEventId":"4658lia14yqzvkv","previousOperationId":"q6wozuc9a5s0pb1"}
{"type":"operationEnd","doDiffs":false,"previousEventId":"n3ccfcm1n2lv9qs","previousOperationId":"uxr92czws6g6qab","operationId":"uxr92czws6g6qab","timestamp":1731233233495,"id":"fdbt87l3r9hzuzk"}
