{"type":"operationStart","subtype":"profile","data":{"_id":"4gBpvcYsIJyAbpqB","timestamp":"2024-11-10T15:37:20.134Z","state":"queued","mode":"standard","creationDate":"2024-11-10T15:37:20.136Z","modificationDate":"2024-11-10T15:37:20.136Z","shortid":"jkdFvWX","inheritedReadPermissions":[],"inheritedEditPermissions":[],"$entitySet":"profiles"},"doDiffs":false,"timestamp":1731253040135,"id":"cdge2rt037gcf73","previousOperationId":null,"operationId":"jw8cf9g85l7a42e"}
{"type":"log","level":"info","message":"Render request 203 queued for execution and waiting for available worker","previousOperationId":"jw8cf9g85l7a42e","timestamp":1731253040135,"id":"shlxkfcaxjtqsro"}
{"type":"operationStart","subtype":"render","name":"new-excl-template","previousOperationId":"jw8cf9g85l7a42e","timestamp":1731253040142,"id":"ux3pchambzb2t1n","previousEventId":"cdge2rt037gcf73","operationId":"e0hyiudz3vnoutp"}
{"type":"log","timestamp":1731253040142,"level":"info","message":"Starting rendering request 203 (user: admin)","meta":{"rootId":"xnte82visw7rghu","id":"xnte82visw7rghu"},"id":"jlsr3glea03jf98","previousOperationId":"e0hyiudz3vnoutp"}
{"type":"log","timestamp":1731253040142,"level":"info","message":"Rendering template { name: new-excl-template, recipe: html-to-xlsx, engine: handlebars, preview: true }","meta":{"rootId":"xnte82visw7rghu","id":"xnte82visw7rghu"},"id":"gxj1v2y8ic1sfam","previousOperationId":"e0hyiudz3vnoutp"}
{"type":"log","timestamp":1731253040143,"level":"debug","message":"Inline data specified.","meta":{"rootId":"xnte82visw7rghu","id":"xnte82visw7rghu"},"id":"lj2rv9cehqewpjb","previousOperationId":"e0hyiudz3vnoutp"}
{"type":"log","timestamp":1731253040144,"level":"debug","message":"Base url not specified, skipping its injection.","meta":{"rootId":"xnte82visw7rghu","id":"xnte82visw7rghu"},"id":"rno0cf0d2r1xybt","previousOperationId":"e0hyiudz3vnoutp"}
{"type":"log","timestamp":1731253040146,"level":"debug","message":"Replaced assets [\"KhmerOSSiemreapRegular.ttf\"]","meta":{"rootId":"xnte82visw7rghu","id":"xnte82visw7rghu"},"id":"xt2ml4p8bjepv9i","previousOperationId":"e0hyiudz3vnoutp"}
{"type":"operationStart","subtype":"engine","name":"handlebars","timestamp":1731253040146,"id":"uvxoyr3qbj3x48m","previousEventId":"ux3pchambzb2t1n","operationId":"2c4hl9qsncm57qw","previousOperationId":"e0hyiudz3vnoutp"}
{"type":"log","timestamp":1731253040146,"level":"debug","message":"Rendering engine handlebars","meta":{"rootId":"xnte82visw7rghu","id":"xnte82visw7rghu"},"id":"8x92hl8ifyckehk","previousOperationId":"2c4hl9qsncm57qw"}
{"type":"operationEnd","operationId":"2c4hl9qsncm57qw","timestamp":1731253040162,"id":"0mj2wjuqsn6obyr","previousEventId":"uvxoyr3qbj3x48m","previousOperationId":"2c4hl9qsncm57qw"}
{"type":"operationStart","subtype":"recipe","name":"html-to-xlsx","timestamp":1731253040163,"id":"6dmdodjr8zsv133","previousEventId":"0mj2wjuqsn6obyr","operationId":"qjz0wkg9qls40hh","previousOperationId":"2c4hl9qsncm57qw"}
{"type":"log","timestamp":1731253040163,"level":"debug","message":"Executing recipe html-to-xlsx","meta":{"rootId":"xnte82visw7rghu","id":"xnte82visw7rghu"},"id":"sra4iyz3qwvdhnl","previousOperationId":"qjz0wkg9qls40hh"}
{"type":"log","timestamp":1731253040163,"level":"info","message":"html-to-xlsx generation is starting","meta":{"rootId":"xnte82visw7rghu","id":"xnte82visw7rghu"},"id":"dl38d3anvt20dll","previousOperationId":"qjz0wkg9qls40hh"}
{"type":"log","timestamp":1731253040944,"level":"info","message":"html-to-xlsx generation was finished","meta":{"rootId":"xnte82visw7rghu","id":"xnte82visw7rghu"},"id":"16y4l7bbil6stdr","previousOperationId":"qjz0wkg9qls40hh"}
{"type":"log","timestamp":1731253040944,"level":"debug","message":"preparing office preview","meta":{"rootId":"xnte82visw7rghu","id":"xnte82visw7rghu"},"id":"j85xc12xidsrhgh","previousOperationId":"qjz0wkg9qls40hh"}
{"type":"operationEnd","operationId":"qjz0wkg9qls40hh","timestamp":1731253041395,"id":"wl1xrfxgi1lto9w","previousEventId":"6dmdodjr8zsv133","previousOperationId":"qjz0wkg9qls40hh"}
{"type":"log","timestamp":1731253041396,"level":"debug","message":"Skipping storing report.","meta":{"rootId":"xnte82visw7rghu","id":"xnte82visw7rghu"},"id":"hixxriu3p68ijb5","previousOperationId":"qjz0wkg9qls40hh"}
{"type":"log","timestamp":1731253041396,"level":"info","message":"Rendering request 203 finished in 1262 ms","meta":{"rootId":"xnte82visw7rghu","id":"xnte82visw7rghu"},"id":"tjloake3jf9ucw3","previousOperationId":"qjz0wkg9qls40hh"}
{"type":"operationEnd","subtype":"render","operationId":"e0hyiudz3vnoutp","timestamp":1731253041396,"id":"fewsw2a4alnc1uq","previousEventId":"wl1xrfxgi1lto9w","previousOperationId":"qjz0wkg9qls40hh"}
{"type":"operationEnd","doDiffs":false,"previousEventId":"cdge2rt037gcf73","previousOperationId":"jw8cf9g85l7a42e","operationId":"jw8cf9g85l7a42e","timestamp":1731253041398,"id":"tu7k4x0atjlnwbg"}
