{"type":"operationStart","subtype":"profile","data":{"_id":"TwUcQVfEz4sQqj0w","timestamp":"2024-11-10T14:15:07.051Z","state":"queued","mode":"standard","creationDate":"2024-11-10T14:15:07.052Z","modificationDate":"2024-11-10T14:15:07.052Z","shortid":"4I0tkzU","inheritedReadPermissions":[],"inheritedEditPermissions":[],"$entitySet":"profiles"},"doDiffs":false,"timestamp":1731248107052,"id":"xpeo5tzp9mcxfga","previousOperationId":null,"operationId":"nl7gqg0yre0ubva"}
{"type":"log","level":"info","message":"Render request 124 queued for execution and waiting for available worker","previousOperationId":"nl7gqg0yre0ubva","timestamp":1731248107052,"id":"0wlpi7ztrxyw5ct"}
{"type":"operationStart","subtype":"render","name":"new-excl-template","previousOperationId":"nl7gqg0yre0ubva","timestamp":1731248107059,"id":"qsfw4mlykufsivf","previousEventId":"xpeo5tzp9mcxfga","operationId":"f38fujfbu2j7iam"}
{"type":"log","timestamp":1731248107059,"level":"info","message":"Starting rendering request 124 (user: admin)","meta":{"rootId":"xnvnpm80nclqjna","id":"xnvnpm80nclqjna"},"id":"eq6suggvega7b6y","previousOperationId":"f38fujfbu2j7iam"}
{"type":"log","timestamp":1731248107059,"level":"info","message":"Rendering template { name: new-excl-template, recipe: html-to-xlsx, engine: handlebars, preview: true }","meta":{"rootId":"xnvnpm80nclqjna","id":"xnvnpm80nclqjna"},"id":"d71dz5o07ccmx60","previousOperationId":"f38fujfbu2j7iam"}
{"type":"log","timestamp":1731248107060,"level":"debug","message":"Inline data specified.","meta":{"rootId":"xnvnpm80nclqjna","id":"xnvnpm80nclqjna"},"id":"cbf0my0nyup7zx6","previousOperationId":"f38fujfbu2j7iam"}
{"type":"log","timestamp":1731248107064,"level":"debug","message":"Base url not specified, skipping its injection.","meta":{"rootId":"xnvnpm80nclqjna","id":"xnvnpm80nclqjna"},"id":"cy2rzuuhazma632","previousOperationId":"f38fujfbu2j7iam"}
{"type":"log","timestamp":1731248107066,"level":"debug","message":"Replaced assets [\"KhmerOSSiemreapRegular.ttf\"]","meta":{"rootId":"xnvnpm80nclqjna","id":"xnvnpm80nclqjna"},"id":"yke2c1v1atqi5tc","previousOperationId":"f38fujfbu2j7iam"}
{"type":"operationStart","subtype":"engine","name":"handlebars","timestamp":1731248107066,"id":"dgg1u5et0qdcamv","previousEventId":"qsfw4mlykufsivf","operationId":"1tva7mc4vpfyyyg","previousOperationId":"f38fujfbu2j7iam"}
{"type":"log","timestamp":1731248107066,"level":"debug","message":"Rendering engine handlebars","meta":{"rootId":"xnvnpm80nclqjna","id":"xnvnpm80nclqjna"},"id":"u0dhxz3rm8dixcm","previousOperationId":"1tva7mc4vpfyyyg"}
{"type":"operationEnd","operationId":"1tva7mc4vpfyyyg","timestamp":1731248107076,"id":"l0zkjvou7vx8htr","previousEventId":"dgg1u5et0qdcamv","previousOperationId":"1tva7mc4vpfyyyg"}
{"type":"operationStart","subtype":"recipe","name":"html-to-xlsx","timestamp":1731248107077,"id":"57o54lwuii8ki1w","previousEventId":"l0zkjvou7vx8htr","operationId":"ab7rz6ce9l7tqal","previousOperationId":"1tva7mc4vpfyyyg"}
{"type":"log","timestamp":1731248107077,"level":"debug","message":"Executing recipe html-to-xlsx","meta":{"rootId":"xnvnpm80nclqjna","id":"xnvnpm80nclqjna"},"id":"af8m6l1ho5u1kq6","previousOperationId":"ab7rz6ce9l7tqal"}
{"type":"log","timestamp":1731248107077,"level":"info","message":"html-to-xlsx generation is starting","meta":{"rootId":"xnvnpm80nclqjna","id":"xnvnpm80nclqjna"},"id":"91aehg7q1sk5dyk","previousOperationId":"ab7rz6ce9l7tqal"}
{"type":"log","timestamp":1731248107649,"level":"info","message":"html-to-xlsx generation was finished","meta":{"rootId":"xnvnpm80nclqjna","id":"xnvnpm80nclqjna"},"id":"c3927ou5ywysvyf","previousOperationId":"ab7rz6ce9l7tqal"}
{"type":"log","timestamp":1731248107649,"level":"debug","message":"preparing office preview","meta":{"rootId":"xnvnpm80nclqjna","id":"xnvnpm80nclqjna"},"id":"kx65sr9u80sb48s","previousOperationId":"ab7rz6ce9l7tqal"}
{"type":"operationEnd","operationId":"ab7rz6ce9l7tqal","timestamp":1731248108097,"id":"gf6ywy1oakhah52","previousEventId":"57o54lwuii8ki1w","previousOperationId":"ab7rz6ce9l7tqal"}
{"type":"log","timestamp":1731248108097,"level":"debug","message":"Skipping storing report.","meta":{"rootId":"xnvnpm80nclqjna","id":"xnvnpm80nclqjna"},"id":"wjn4s2l21f8sg9n","previousOperationId":"ab7rz6ce9l7tqal"}
{"type":"log","timestamp":1731248108097,"level":"info","message":"Rendering request 124 finished in 1046 ms","meta":{"rootId":"xnvnpm80nclqjna","id":"xnvnpm80nclqjna"},"id":"9hvt7eflhb79by6","previousOperationId":"ab7rz6ce9l7tqal"}
{"type":"operationEnd","subtype":"render","operationId":"f38fujfbu2j7iam","timestamp":1731248108097,"id":"k7qvbtg931gn56l","previousEventId":"gf6ywy1oakhah52","previousOperationId":"ab7rz6ce9l7tqal"}
{"type":"operationEnd","doDiffs":false,"previousEventId":"xpeo5tzp9mcxfga","previousOperationId":"nl7gqg0yre0ubva","operationId":"nl7gqg0yre0ubva","timestamp":1731248108099,"id":"0mgvpslvmyxguef"}
