{"type":"operationStart","subtype":"profile","data":{"_id":"bA1lp2s5EJOSbYO1","timestamp":"2024-11-10T09:17:07.186Z","state":"queued","mode":"standard","creationDate":"2024-11-10T09:17:07.188Z","modificationDate":"2024-11-10T09:17:07.188Z","shortid":"ZwzRjyY","inheritedReadPermissions":[],"inheritedEditPermissions":[],"$entitySet":"profiles"},"doDiffs":false,"timestamp":1731230227187,"id":"5rh251m5wq73eai","previousOperationId":null,"operationId":"ewbsifluhonu1gp"}
{"type":"log","level":"info","message":"Render request 193 queued for execution and waiting for available worker","previousOperationId":"ewbsifluhonu1gp","timestamp":1731230227187,"id":"ooqevji83427b0k"}
{"type":"operationStart","subtype":"render","name":"new-excl-template","previousOperationId":"ewbsifluhonu1gp","timestamp":1731230227197,"id":"s5yre1q0ww8ft7i","previousEventId":"5rh251m5wq73eai","operationId":"yi59uvrfth1htmz"}
{"type":"log","timestamp":1731230227197,"level":"info","message":"Starting rendering request 193 (user: admin)","meta":{"rootId":"xo4q162nmsl7frf","id":"xo4q162nmsl7frf"},"id":"i35roflvqxk0epz","previousOperationId":"yi59uvrfth1htmz"}
{"type":"log","timestamp":1731230227197,"level":"info","message":"Rendering template { name: new-excl-template, recipe: html-to-xlsx, engine: handlebars, preview: true }","meta":{"rootId":"xo4q162nmsl7frf","id":"xo4q162nmsl7frf"},"id":"4sfl4w2k48kbbwa","previousOperationId":"yi59uvrfth1htmz"}
{"type":"log","timestamp":1731230227197,"level":"debug","message":"Inline data specified.","meta":{"rootId":"xo4q162nmsl7frf","id":"xo4q162nmsl7frf"},"id":"1yvap6n4hztjzrr","previousOperationId":"yi59uvrfth1htmz"}
{"type":"log","timestamp":1731230227198,"level":"debug","message":"Base url not specified, skipping its injection.","meta":{"rootId":"xo4q162nmsl7frf","id":"xo4q162nmsl7frf"},"id":"h3vrxj8vbgiunn0","previousOperationId":"yi59uvrfth1htmz"}
{"type":"operationStart","subtype":"engine","name":"handlebars","timestamp":1731230227199,"id":"kxmrzc3mq5d8o2r","previousEventId":"s5yre1q0ww8ft7i","operationId":"sem0lst44ee9bj8","previousOperationId":"yi59uvrfth1htmz"}
{"type":"log","timestamp":1731230227199,"level":"debug","message":"Rendering engine handlebars","meta":{"rootId":"xo4q162nmsl7frf","id":"xo4q162nmsl7frf"},"id":"xg94ru77l3zn3q9","previousOperationId":"sem0lst44ee9bj8"}
{"type":"operationEnd","operationId":"sem0lst44ee9bj8","timestamp":1731230227211,"id":"a5ysyui69ozns2g","previousEventId":"kxmrzc3mq5d8o2r","previousOperationId":"sem0lst44ee9bj8"}
{"type":"operationStart","subtype":"recipe","name":"html-to-xlsx","timestamp":1731230227213,"id":"eadavg5yvj8tjz6","previousEventId":"a5ysyui69ozns2g","operationId":"ibvuvudtwkp6rrm","previousOperationId":"sem0lst44ee9bj8"}
{"type":"log","timestamp":1731230227213,"level":"debug","message":"Executing recipe html-to-xlsx","meta":{"rootId":"xo4q162nmsl7frf","id":"xo4q162nmsl7frf"},"id":"qt1sll8c63ldjeq","previousOperationId":"ibvuvudtwkp6rrm"}
{"type":"log","timestamp":1731230227213,"level":"info","message":"html-to-xlsx generation is starting","meta":{"rootId":"xo4q162nmsl7frf","id":"xo4q162nmsl7frf"},"id":"6j90m38nn0stl96","previousOperationId":"ibvuvudtwkp6rrm"}
{"type":"log","timestamp":1731230228557,"level":"info","message":"html-to-xlsx generation was finished","meta":{"rootId":"xo4q162nmsl7frf","id":"xo4q162nmsl7frf"},"id":"vicwlzhwxyqpj2l","previousOperationId":"ibvuvudtwkp6rrm"}
{"type":"log","timestamp":1731230228557,"level":"debug","message":"preparing office preview","meta":{"rootId":"xo4q162nmsl7frf","id":"xo4q162nmsl7frf"},"id":"au79ycibyd9qjv3","previousOperationId":"ibvuvudtwkp6rrm"}
{"type":"operationEnd","operationId":"ibvuvudtwkp6rrm","timestamp":1731230229240,"id":"sdcwj6i2v0ufk90","previousEventId":"eadavg5yvj8tjz6","previousOperationId":"ibvuvudtwkp6rrm"}
{"type":"log","timestamp":1731230229240,"level":"debug","message":"Skipping storing report.","meta":{"rootId":"xo4q162nmsl7frf","id":"xo4q162nmsl7frf"},"id":"upyqcyrg3dd66r7","previousOperationId":"ibvuvudtwkp6rrm"}
{"type":"log","timestamp":1731230229240,"level":"info","message":"Rendering request 193 finished in 2054 ms","meta":{"rootId":"xo4q162nmsl7frf","id":"xo4q162nmsl7frf"},"id":"vpapnkxbroty384","previousOperationId":"ibvuvudtwkp6rrm"}
{"type":"operationEnd","subtype":"render","operationId":"yi59uvrfth1htmz","timestamp":1731230229240,"id":"9rkj6wfywab2a3y","previousEventId":"sdcwj6i2v0ufk90","previousOperationId":"ibvuvudtwkp6rrm"}
{"type":"operationEnd","doDiffs":false,"previousEventId":"5rh251m5wq73eai","previousOperationId":"ewbsifluhonu1gp","operationId":"ewbsifluhonu1gp","timestamp":1731230229242,"id":"3mv0s8z2cdta1gx"}
