{"type":"operationStart","subtype":"profile","data":{"_id":"E0PUdDocbZiQd96m","timestamp":"2024-11-10T15:05:59.183Z","state":"queued","mode":"standard","creationDate":"2024-11-10T15:05:59.184Z","modificationDate":"2024-11-10T15:05:59.184Z","shortid":"f_B0RA9","inheritedReadPermissions":[],"inheritedEditPermissions":[],"$entitySet":"profiles"},"doDiffs":false,"timestamp":1731251159184,"id":"66v06982bvd6vyv","previousOperationId":null,"operationId":"bhbhecit08cts8s"}
{"type":"log","level":"info","message":"Render request 184 queued for execution and waiting for available worker","previousOperationId":"bhbhecit08cts8s","timestamp":1731251159184,"id":"a6td5hia46xv6ph"}
{"type":"operationStart","subtype":"render","name":"new-excl-template","previousOperationId":"bhbhecit08cts8s","timestamp":1731251159189,"id":"oe8l8vkw46noqa1","previousEventId":"66v06982bvd6vyv","operationId":"5rsyzmj9f5aolkj"}
{"type":"log","timestamp":1731251159189,"level":"info","message":"Starting rendering request 184 (user: admin)","meta":{"rootId":"xorucuosb38qd98","id":"xorucuosb38qd98"},"id":"qfb5i9305hvleq2","previousOperationId":"5rsyzmj9f5aolkj"}
{"type":"log","timestamp":1731251159189,"level":"info","message":"Rendering template { name: new-excl-template, recipe: html-to-xlsx, engine: handlebars, preview: true }","meta":{"rootId":"xorucuosb38qd98","id":"xorucuosb38qd98"},"id":"6deo9iq4v791ybu","previousOperationId":"5rsyzmj9f5aolkj"}
{"type":"log","timestamp":1731251159189,"level":"debug","message":"Inline data specified.","meta":{"rootId":"xorucuosb38qd98","id":"xorucuosb38qd98"},"id":"6jvhwzllbr678ib","previousOperationId":"5rsyzmj9f5aolkj"}
{"type":"log","timestamp":1731251159190,"level":"debug","message":"Base url not specified, skipping its injection.","meta":{"rootId":"xorucuosb38qd98","id":"xorucuosb38qd98"},"id":"2imclnkugc6ot83","previousOperationId":"5rsyzmj9f5aolkj"}
{"type":"log","timestamp":1731251159192,"level":"debug","message":"Replaced assets [\"KhmerOSSiemreapRegular.ttf\"]","meta":{"rootId":"xorucuosb38qd98","id":"xorucuosb38qd98"},"id":"ek85am0ox8yoch2","previousOperationId":"5rsyzmj9f5aolkj"}
{"type":"operationStart","subtype":"engine","name":"handlebars","timestamp":1731251159192,"id":"hyj8pqxw6sh827k","previousEventId":"oe8l8vkw46noqa1","operationId":"8yqsnae9gnjh418","previousOperationId":"5rsyzmj9f5aolkj"}
{"type":"log","timestamp":1731251159192,"level":"debug","message":"Rendering engine handlebars","meta":{"rootId":"xorucuosb38qd98","id":"xorucuosb38qd98"},"id":"gahbjpwgqkoyk8g","previousOperationId":"8yqsnae9gnjh418"}
{"type":"operationEnd","operationId":"8yqsnae9gnjh418","timestamp":1731251159198,"id":"a1402atedst0p25","previousEventId":"hyj8pqxw6sh827k","previousOperationId":"8yqsnae9gnjh418"}
{"type":"operationStart","subtype":"recipe","name":"html-to-xlsx","timestamp":1731251159200,"id":"lxfcfokxqoao6s7","previousEventId":"a1402atedst0p25","operationId":"lpxv0ahnzz0vr7c","previousOperationId":"8yqsnae9gnjh418"}
{"type":"log","timestamp":1731251159200,"level":"debug","message":"Executing recipe html-to-xlsx","meta":{"rootId":"xorucuosb38qd98","id":"xorucuosb38qd98"},"id":"lxd8cwxmncuw03y","previousOperationId":"lpxv0ahnzz0vr7c"}
{"type":"log","timestamp":1731251159200,"level":"info","message":"html-to-xlsx generation is starting","meta":{"rootId":"xorucuosb38qd98","id":"xorucuosb38qd98"},"id":"4w9ppqgreer6d6a","previousOperationId":"lpxv0ahnzz0vr7c"}
{"type":"log","timestamp":1731251159800,"level":"info","message":"html-to-xlsx generation was finished","meta":{"rootId":"xorucuosb38qd98","id":"xorucuosb38qd98"},"id":"75wki8tztl6yfcd","previousOperationId":"lpxv0ahnzz0vr7c"}
{"type":"log","timestamp":1731251159800,"level":"debug","message":"preparing office preview","meta":{"rootId":"xorucuosb38qd98","id":"xorucuosb38qd98"},"id":"2z9rt90fnz9eaxz","previousOperationId":"lpxv0ahnzz0vr7c"}
{"type":"operationEnd","operationId":"lpxv0ahnzz0vr7c","timestamp":1731251160247,"id":"0rszvmdqq060vzw","previousEventId":"lxfcfokxqoao6s7","previousOperationId":"lpxv0ahnzz0vr7c"}
{"type":"log","timestamp":1731251160247,"level":"debug","message":"Skipping storing report.","meta":{"rootId":"xorucuosb38qd98","id":"xorucuosb38qd98"},"id":"3xykpub0x6tpwgy","previousOperationId":"lpxv0ahnzz0vr7c"}
{"type":"log","timestamp":1731251160247,"level":"info","message":"Rendering request 184 finished in 1064 ms","meta":{"rootId":"xorucuosb38qd98","id":"xorucuosb38qd98"},"id":"ftr0p6tw74r8wjl","previousOperationId":"lpxv0ahnzz0vr7c"}
{"type":"operationEnd","subtype":"render","operationId":"5rsyzmj9f5aolkj","timestamp":1731251160247,"id":"x5e46mg1k6kumq5","previousEventId":"0rszvmdqq060vzw","previousOperationId":"lpxv0ahnzz0vr7c"}
{"type":"operationEnd","doDiffs":false,"previousEventId":"66v06982bvd6vyv","previousOperationId":"bhbhecit08cts8s","operationId":"bhbhecit08cts8s","timestamp":1731251160250,"id":"z3lsj66llw438k1"}
