{"type":"operationStart","subtype":"profile","data":{"_id":"FoGO8oJqJS1Mu9eJ","timestamp":"2024-11-10T08:21:39.073Z","state":"queued","mode":"standard","creationDate":"2024-11-10T08:21:39.075Z","modificationDate":"2024-11-10T08:21:39.075Z","shortid":"puV3KAs","inheritedReadPermissions":[],"inheritedEditPermissions":[],"$entitySet":"profiles"},"doDiffs":false,"timestamp":1731226899074,"id":"0h9drwomb097suc","previousOperationId":null,"operationId":"bgujd9y42u89y38"}
{"type":"log","level":"info","message":"Render request 108 queued for execution and waiting for available worker","previousOperationId":"bgujd9y42u89y38","timestamp":1731226899074,"id":"4ukuftwrjhtbx98"}
{"type":"operationStart","subtype":"render","name":"new-excl-template","previousOperationId":"bgujd9y42u89y38","timestamp":1731226899083,"id":"0tm4afy21pexnq4","previousEventId":"0h9drwomb097suc","operationId":"vhzdd9zrk2hyfwy"}
{"type":"log","timestamp":1731226899083,"level":"info","message":"Starting rendering request 108 (user: admin)","meta":{"rootId":"xrt89yylnid9i8n","id":"xrt89yylnid9i8n"},"id":"7y1fisx33yxl2mj","previousOperationId":"vhzdd9zrk2hyfwy"}
{"type":"log","timestamp":1731226899083,"level":"info","message":"Rendering template { name: new-excl-template, recipe: html-to-xlsx, engine: handlebars, preview: true }","meta":{"rootId":"xrt89yylnid9i8n","id":"xrt89yylnid9i8n"},"id":"acb9jo7pozqpent","previousOperationId":"vhzdd9zrk2hyfwy"}
{"type":"log","timestamp":1731226899084,"level":"debug","message":"Inline data specified.","meta":{"rootId":"xrt89yylnid9i8n","id":"xrt89yylnid9i8n"},"id":"jdvblp7asii9m7i","previousOperationId":"vhzdd9zrk2hyfwy"}
{"type":"log","timestamp":1731226899085,"level":"debug","message":"Base url not specified, skipping its injection.","meta":{"rootId":"xrt89yylnid9i8n","id":"xrt89yylnid9i8n"},"id":"sa8bgnbix548xyp","previousOperationId":"vhzdd9zrk2hyfwy"}
{"type":"operationStart","subtype":"engine","name":"handlebars","timestamp":1731226899085,"id":"iu2lkfmcsl4vpg3","previousEventId":"0tm4afy21pexnq4","operationId":"k3ti8kvsx14t2s0","previousOperationId":"vhzdd9zrk2hyfwy"}
{"type":"log","timestamp":1731226899085,"level":"debug","message":"Rendering engine handlebars","meta":{"rootId":"xrt89yylnid9i8n","id":"xrt89yylnid9i8n"},"id":"glbhnsfcdc191el","previousOperationId":"k3ti8kvsx14t2s0"}
{"type":"operationEnd","operationId":"k3ti8kvsx14t2s0","timestamp":1731226899094,"id":"ikbr098j98dl4mc","previousEventId":"iu2lkfmcsl4vpg3","previousOperationId":"k3ti8kvsx14t2s0"}
{"type":"operationStart","subtype":"recipe","name":"html-to-xlsx","timestamp":1731226899094,"id":"ifh15qv5x81684v","previousEventId":"ikbr098j98dl4mc","operationId":"86jmsoh8wx96nco","previousOperationId":"k3ti8kvsx14t2s0"}
{"type":"log","timestamp":1731226899094,"level":"debug","message":"Executing recipe html-to-xlsx","meta":{"rootId":"xrt89yylnid9i8n","id":"xrt89yylnid9i8n"},"id":"zcwb9i29v3argzn","previousOperationId":"86jmsoh8wx96nco"}
{"type":"log","timestamp":1731226899094,"level":"info","message":"html-to-xlsx generation is starting","meta":{"rootId":"xrt89yylnid9i8n","id":"xrt89yylnid9i8n"},"id":"dz21ggha1g3y5gu","previousOperationId":"86jmsoh8wx96nco"}
{"type":"log","timestamp":1731226899831,"level":"info","message":"html-to-xlsx generation was finished","meta":{"rootId":"xrt89yylnid9i8n","id":"xrt89yylnid9i8n"},"id":"z8g4dnt74yfe7dn","previousOperationId":"86jmsoh8wx96nco"}
{"type":"log","timestamp":1731226899831,"level":"debug","message":"preparing office preview","meta":{"rootId":"xrt89yylnid9i8n","id":"xrt89yylnid9i8n"},"id":"2vn0xrhuwnkcqak","previousOperationId":"86jmsoh8wx96nco"}
{"type":"operationEnd","operationId":"86jmsoh8wx96nco","timestamp":1731226900274,"id":"744dm15gfn15c3x","previousEventId":"ifh15qv5x81684v","previousOperationId":"86jmsoh8wx96nco"}
{"type":"log","timestamp":1731226900275,"level":"debug","message":"Skipping storing report.","meta":{"rootId":"xrt89yylnid9i8n","id":"xrt89yylnid9i8n"},"id":"tmnp7wyq0mwj9re","previousOperationId":"86jmsoh8wx96nco"}
{"type":"log","timestamp":1731226900275,"level":"info","message":"Rendering request 108 finished in 1203 ms","meta":{"rootId":"xrt89yylnid9i8n","id":"xrt89yylnid9i8n"},"id":"5y8s241omffp8v9","previousOperationId":"86jmsoh8wx96nco"}
{"type":"operationEnd","subtype":"render","operationId":"vhzdd9zrk2hyfwy","timestamp":1731226900275,"id":"tu9coj4b41xuqi2","previousEventId":"744dm15gfn15c3x","previousOperationId":"86jmsoh8wx96nco"}
{"type":"operationEnd","doDiffs":false,"previousEventId":"0h9drwomb097suc","previousOperationId":"bgujd9y42u89y38","operationId":"bgujd9y42u89y38","timestamp":1731226900276,"id":"c344v61ets6o78z"}
