{"type":"operationStart","subtype":"profile","data":{"_id":"vSbMMDh8AxrV1GC5","timestamp":"2024-11-10T09:20:53.014Z","state":"queued","mode":"standard","creationDate":"2024-11-10T09:20:53.016Z","modificationDate":"2024-11-10T09:20:53.016Z","shortid":"HEVjzBg","inheritedReadPermissions":[],"inheritedEditPermissions":[],"$entitySet":"profiles"},"doDiffs":false,"timestamp":1731230453015,"id":"6wns3xj8tosagzf","previousOperationId":null,"operationId":"kcchxwtxpqvx4mg"}
{"type":"log","level":"info","message":"Render request 205 queued for execution and waiting for available worker","previousOperationId":"kcchxwtxpqvx4mg","timestamp":1731230453015,"id":"o7klnzzxmgivl2n"}
{"type":"operationStart","subtype":"render","name":"new-excl-template","previousOperationId":"kcchxwtxpqvx4mg","timestamp":1731230453024,"id":"g6to7w88av9knqz","previousEventId":"6wns3xj8tosagzf","operationId":"r1b7n81rpukgjsk"}
{"type":"log","timestamp":1731230453024,"level":"info","message":"Starting rendering request 205 (user: admin)","meta":{"rootId":"y07o5p1vb7j2txd","id":"y07o5p1vb7j2txd"},"id":"8q5yo5ezvjwamtx","previousOperationId":"r1b7n81rpukgjsk"}
{"type":"log","timestamp":1731230453024,"level":"info","message":"Rendering template { name: new-excl-template, recipe: html-to-xlsx, engine: handlebars, preview: true }","meta":{"rootId":"y07o5p1vb7j2txd","id":"y07o5p1vb7j2txd"},"id":"bxdcwrz2gmssl1t","previousOperationId":"r1b7n81rpukgjsk"}
{"type":"log","timestamp":1731230453024,"level":"debug","message":"Inline data specified.","meta":{"rootId":"y07o5p1vb7j2txd","id":"y07o5p1vb7j2txd"},"id":"uvkc32qxns3cbmy","previousOperationId":"r1b7n81rpukgjsk"}
{"type":"log","timestamp":1731230453026,"level":"debug","message":"Base url not specified, skipping its injection.","meta":{"rootId":"y07o5p1vb7j2txd","id":"y07o5p1vb7j2txd"},"id":"qtyh3jfmuud0kbc","previousOperationId":"r1b7n81rpukgjsk"}
{"type":"operationStart","subtype":"engine","name":"handlebars","timestamp":1731230453026,"id":"jfzmh09hy9b3m9i","previousEventId":"g6to7w88av9knqz","operationId":"p10ohjyjjujygmw","previousOperationId":"r1b7n81rpukgjsk"}
{"type":"log","timestamp":1731230453026,"level":"debug","message":"Rendering engine handlebars","meta":{"rootId":"y07o5p1vb7j2txd","id":"y07o5p1vb7j2txd"},"id":"47nbf4h5hh6mcfu","previousOperationId":"p10ohjyjjujygmw"}
{"type":"operationEnd","operationId":"p10ohjyjjujygmw","timestamp":1731230453040,"id":"s4ivj7lb6azb8sl","previousEventId":"jfzmh09hy9b3m9i","previousOperationId":"p10ohjyjjujygmw"}
{"type":"operationStart","subtype":"recipe","name":"html-to-xlsx","timestamp":1731230453042,"id":"5mlt8lc093p1ytj","previousEventId":"s4ivj7lb6azb8sl","operationId":"ie8g44w4pzabfpc","previousOperationId":"p10ohjyjjujygmw"}
{"type":"log","timestamp":1731230453042,"level":"debug","message":"Executing recipe html-to-xlsx","meta":{"rootId":"y07o5p1vb7j2txd","id":"y07o5p1vb7j2txd"},"id":"xarqpgsay64jnfc","previousOperationId":"ie8g44w4pzabfpc"}
{"type":"log","timestamp":1731230453042,"level":"info","message":"html-to-xlsx generation is starting","meta":{"rootId":"y07o5p1vb7j2txd","id":"y07o5p1vb7j2txd"},"id":"86ysn4vr4z27phl","previousOperationId":"ie8g44w4pzabfpc"}
{"type":"log","timestamp":1731230454273,"level":"info","message":"html-to-xlsx generation was finished","meta":{"rootId":"y07o5p1vb7j2txd","id":"y07o5p1vb7j2txd"},"id":"0ts04sifviaulj2","previousOperationId":"ie8g44w4pzabfpc"}
{"type":"log","timestamp":1731230454273,"level":"debug","message":"preparing office preview","meta":{"rootId":"y07o5p1vb7j2txd","id":"y07o5p1vb7j2txd"},"id":"5p9u7si4870vcks","previousOperationId":"ie8g44w4pzabfpc"}
{"type":"operationEnd","operationId":"ie8g44w4pzabfpc","timestamp":1731230455003,"id":"7fw519bb3kjuf7c","previousEventId":"5mlt8lc093p1ytj","previousOperationId":"ie8g44w4pzabfpc"}
{"type":"log","timestamp":1731230455003,"level":"debug","message":"Skipping storing report.","meta":{"rootId":"y07o5p1vb7j2txd","id":"y07o5p1vb7j2txd"},"id":"undm6qs376i77wb","previousOperationId":"ie8g44w4pzabfpc"}
{"type":"log","timestamp":1731230455003,"level":"info","message":"Rendering request 205 finished in 1989 ms","meta":{"rootId":"y07o5p1vb7j2txd","id":"y07o5p1vb7j2txd"},"id":"yun3iy91psivo2v","previousOperationId":"ie8g44w4pzabfpc"}
{"type":"operationEnd","subtype":"render","operationId":"r1b7n81rpukgjsk","timestamp":1731230455003,"id":"zyo4a0zricwsy75","previousEventId":"7fw519bb3kjuf7c","previousOperationId":"ie8g44w4pzabfpc"}
{"type":"operationEnd","doDiffs":false,"previousEventId":"6wns3xj8tosagzf","previousOperationId":"kcchxwtxpqvx4mg","operationId":"kcchxwtxpqvx4mg","timestamp":1731230455006,"id":"z7trk28t47h0lue"}
