{"type":"operationStart","subtype":"profile","data":{"_id":"CBPueju9K1zMRLzb","timestamp":"2024-11-10T13:22:20.525Z","state":"queued","mode":"standard","creationDate":"2024-11-10T13:22:20.527Z","modificationDate":"2024-11-10T13:22:20.527Z","shortid":"dQqIpA-","inheritedReadPermissions":[],"inheritedEditPermissions":[],"$entitySet":"profiles"},"doDiffs":false,"timestamp":1731244940526,"id":"228yc9aal9dhnwa","previousOperationId":null,"operationId":"3tkvu3l94ibpntk"}
{"type":"log","level":"info","message":"Render request 54 queued for execution and waiting for available worker","previousOperationId":"3tkvu3l94ibpntk","timestamp":1731244940526,"id":"ohyr737mii66ts7"}
{"type":"operationStart","subtype":"render","name":"new-excl-template","previousOperationId":"3tkvu3l94ibpntk","timestamp":1731244940536,"id":"lz9p9777xtuhhoq","previousEventId":"228yc9aal9dhnwa","operationId":"m7gf5w86y7fe5qa"}
{"type":"log","timestamp":1731244940536,"level":"info","message":"Starting rendering request 54 (user: admin)","meta":{"rootId":"y0d3dlegtld9ejn","id":"y0d3dlegtld9ejn"},"id":"2uuha50e3d7x4jr","previousOperationId":"m7gf5w86y7fe5qa"}
{"type":"log","timestamp":1731244940536,"level":"info","message":"Rendering template { name: new-excl-template, recipe: html-to-xlsx, engine: handlebars, preview: true }","meta":{"rootId":"y0d3dlegtld9ejn","id":"y0d3dlegtld9ejn"},"id":"qw4cl1h0e5llhwq","previousOperationId":"m7gf5w86y7fe5qa"}
{"type":"log","timestamp":1731244940538,"level":"debug","message":"Inline data specified.","meta":{"rootId":"y0d3dlegtld9ejn","id":"y0d3dlegtld9ejn"},"id":"v1t7npgllce42sc","previousOperationId":"m7gf5w86y7fe5qa"}
{"type":"log","timestamp":1731244940539,"level":"debug","message":"Base url not specified, skipping its injection.","meta":{"rootId":"y0d3dlegtld9ejn","id":"y0d3dlegtld9ejn"},"id":"c9z6hjxkendqr3e","previousOperationId":"m7gf5w86y7fe5qa"}
{"type":"log","timestamp":1731244940541,"level":"debug","message":"Replaced assets [\"KhmerOSSiemreapRegular.ttf\"]","meta":{"rootId":"y0d3dlegtld9ejn","id":"y0d3dlegtld9ejn"},"id":"so0jw5qbrjdezae","previousOperationId":"m7gf5w86y7fe5qa"}
{"type":"operationStart","subtype":"engine","name":"handlebars","timestamp":1731244940541,"id":"75oranmrogrcobz","previousEventId":"lz9p9777xtuhhoq","operationId":"f5zlje1qfsuxt7u","previousOperationId":"m7gf5w86y7fe5qa"}
{"type":"log","timestamp":1731244940541,"level":"debug","message":"Rendering engine handlebars","meta":{"rootId":"y0d3dlegtld9ejn","id":"y0d3dlegtld9ejn"},"id":"9sqtgvp6un6zay5","previousOperationId":"f5zlje1qfsuxt7u"}
{"type":"operationEnd","operationId":"f5zlje1qfsuxt7u","timestamp":1731244940556,"id":"fq3p67opmfegvlu","previousEventId":"75oranmrogrcobz","previousOperationId":"f5zlje1qfsuxt7u"}
{"type":"operationStart","subtype":"recipe","name":"html-to-xlsx","timestamp":1731244940559,"id":"6ni7mdwbqicwqk2","previousEventId":"fq3p67opmfegvlu","operationId":"n5691tsku5beivz","previousOperationId":"f5zlje1qfsuxt7u"}
{"type":"log","timestamp":1731244940559,"level":"debug","message":"Executing recipe html-to-xlsx","meta":{"rootId":"y0d3dlegtld9ejn","id":"y0d3dlegtld9ejn"},"id":"jibfo9ubf1ts46g","previousOperationId":"n5691tsku5beivz"}
{"type":"log","timestamp":1731244940559,"level":"info","message":"html-to-xlsx generation is starting","meta":{"rootId":"y0d3dlegtld9ejn","id":"y0d3dlegtld9ejn"},"id":"w91vqvovh59jq0h","previousOperationId":"n5691tsku5beivz"}
{"type":"log","timestamp":1731244941178,"level":"info","message":"html-to-xlsx generation was finished","meta":{"rootId":"y0d3dlegtld9ejn","id":"y0d3dlegtld9ejn"},"id":"z1992zondboo9nk","previousOperationId":"n5691tsku5beivz"}
{"type":"log","timestamp":1731244941178,"level":"debug","message":"preparing office preview","meta":{"rootId":"y0d3dlegtld9ejn","id":"y0d3dlegtld9ejn"},"id":"fwrzytcktkqmu6i","previousOperationId":"n5691tsku5beivz"}
{"type":"operationEnd","operationId":"n5691tsku5beivz","timestamp":1731244941639,"id":"lv4z94q4d2u1kgp","previousEventId":"6ni7mdwbqicwqk2","previousOperationId":"n5691tsku5beivz"}
{"type":"log","timestamp":1731244941639,"level":"debug","message":"Skipping storing report.","meta":{"rootId":"y0d3dlegtld9ejn","id":"y0d3dlegtld9ejn"},"id":"dhw8lxubdxjstm9","previousOperationId":"n5691tsku5beivz"}
{"type":"log","timestamp":1731244941639,"level":"info","message":"Rendering request 54 finished in 1114 ms","meta":{"rootId":"y0d3dlegtld9ejn","id":"y0d3dlegtld9ejn"},"id":"piybe5rub27c89w","previousOperationId":"n5691tsku5beivz"}
{"type":"operationEnd","subtype":"render","operationId":"m7gf5w86y7fe5qa","timestamp":1731244941639,"id":"w3e40v47x9rzmb0","previousEventId":"lv4z94q4d2u1kgp","previousOperationId":"n5691tsku5beivz"}
{"type":"operationEnd","doDiffs":false,"previousEventId":"228yc9aal9dhnwa","previousOperationId":"3tkvu3l94ibpntk","operationId":"3tkvu3l94ibpntk","timestamp":1731244941640,"id":"g0jbi4w524uwi09"}
