{"type":"operationStart","subtype":"profile","data":{"_id":"L5ewvN53KmTM6Zcq","timestamp":"2024-11-10T14:47:06.921Z","state":"queued","mode":"standard","creationDate":"2024-11-10T14:47:06.922Z","modificationDate":"2024-11-10T14:47:06.922Z","shortid":"jsGKNY9","inheritedReadPermissions":[],"inheritedEditPermissions":[],"$entitySet":"profiles"},"doDiffs":false,"timestamp":1731250026921,"id":"ysaycjx6he3ts25","previousOperationId":null,"operationId":"73f068ddxlfzref"}
{"type":"log","level":"info","message":"Render request 169 queued for execution and waiting for available worker","previousOperationId":"73f068ddxlfzref","timestamp":1731250026922,"id":"56ai4xd4gvpm6m2"}
{"type":"operationStart","subtype":"render","name":"new-excl-template","previousOperationId":"73f068ddxlfzref","timestamp":1731250026930,"id":"nibs960ik2zv6p6","previousEventId":"ysaycjx6he3ts25","operationId":"xtvkfdqwmlfzb3o"}
{"type":"log","timestamp":1731250026930,"level":"info","message":"Starting rendering request 169 (user: admin)","meta":{"rootId":"y5kqmmqy8eys50p","id":"y5kqmmqy8eys50p"},"id":"i89y3cjouy8b1tq","previousOperationId":"xtvkfdqwmlfzb3o"}
{"type":"log","timestamp":1731250026930,"level":"info","message":"Rendering template { name: new-excl-template, recipe: html-to-xlsx, engine: handlebars, preview: true }","meta":{"rootId":"y5kqmmqy8eys50p","id":"y5kqmmqy8eys50p"},"id":"51pnlv68kha5f7m","previousOperationId":"xtvkfdqwmlfzb3o"}
{"type":"log","timestamp":1731250026931,"level":"debug","message":"Inline data specified.","meta":{"rootId":"y5kqmmqy8eys50p","id":"y5kqmmqy8eys50p"},"id":"bf9aukgmsf0hbh0","previousOperationId":"xtvkfdqwmlfzb3o"}
{"type":"log","timestamp":1731250026932,"level":"debug","message":"Base url not specified, skipping its injection.","meta":{"rootId":"y5kqmmqy8eys50p","id":"y5kqmmqy8eys50p"},"id":"eezfpf2xw94elqr","previousOperationId":"xtvkfdqwmlfzb3o"}
{"type":"log","timestamp":1731250026934,"level":"debug","message":"Replaced assets [\"KhmerOSSiemreapRegular.ttf\"]","meta":{"rootId":"y5kqmmqy8eys50p","id":"y5kqmmqy8eys50p"},"id":"v7s70mbbpt14les","previousOperationId":"xtvkfdqwmlfzb3o"}
{"type":"operationStart","subtype":"engine","name":"handlebars","timestamp":1731250026934,"id":"v0cn4lhyl0k17jq","previousEventId":"nibs960ik2zv6p6","operationId":"n7vl89aod3mcqtc","previousOperationId":"xtvkfdqwmlfzb3o"}
{"type":"log","timestamp":1731250026934,"level":"debug","message":"Rendering engine handlebars","meta":{"rootId":"y5kqmmqy8eys50p","id":"y5kqmmqy8eys50p"},"id":"vbe93f8bxltrn0j","previousOperationId":"n7vl89aod3mcqtc"}
{"type":"operationEnd","operationId":"n7vl89aod3mcqtc","timestamp":1731250026949,"id":"x897k1302ckouub","previousEventId":"v0cn4lhyl0k17jq","previousOperationId":"n7vl89aod3mcqtc"}
{"type":"operationStart","subtype":"recipe","name":"html-to-xlsx","timestamp":1731250026951,"id":"twbw0gh7iq1zkd4","previousEventId":"x897k1302ckouub","operationId":"bdq8j4c8uo7d9nb","previousOperationId":"n7vl89aod3mcqtc"}
{"type":"log","timestamp":1731250026951,"level":"debug","message":"Executing recipe html-to-xlsx","meta":{"rootId":"y5kqmmqy8eys50p","id":"y5kqmmqy8eys50p"},"id":"4gmgesj9fpd5mpj","previousOperationId":"bdq8j4c8uo7d9nb"}
{"type":"log","timestamp":1731250026951,"level":"info","message":"html-to-xlsx generation is starting","meta":{"rootId":"y5kqmmqy8eys50p","id":"y5kqmmqy8eys50p"},"id":"64v3p9n9rh3xr6j","previousOperationId":"bdq8j4c8uo7d9nb"}
{"type":"log","timestamp":1731250027674,"level":"info","message":"html-to-xlsx generation was finished","meta":{"rootId":"y5kqmmqy8eys50p","id":"y5kqmmqy8eys50p"},"id":"84ak890hvjycjhc","previousOperationId":"bdq8j4c8uo7d9nb"}
{"type":"log","timestamp":1731250027675,"level":"debug","message":"preparing office preview","meta":{"rootId":"y5kqmmqy8eys50p","id":"y5kqmmqy8eys50p"},"id":"8tf7evgwcyf7omg","previousOperationId":"bdq8j4c8uo7d9nb"}
{"type":"operationEnd","operationId":"bdq8j4c8uo7d9nb","timestamp":1731250028129,"id":"t52dwlvfrwi4y60","previousEventId":"twbw0gh7iq1zkd4","previousOperationId":"bdq8j4c8uo7d9nb"}
{"type":"log","timestamp":1731250028129,"level":"debug","message":"Skipping storing report.","meta":{"rootId":"y5kqmmqy8eys50p","id":"y5kqmmqy8eys50p"},"id":"wdo0z0snymmh8gf","previousOperationId":"bdq8j4c8uo7d9nb"}
{"type":"log","timestamp":1731250028129,"level":"info","message":"Rendering request 169 finished in 1208 ms","meta":{"rootId":"y5kqmmqy8eys50p","id":"y5kqmmqy8eys50p"},"id":"pz7rgjrkve5zf3t","previousOperationId":"bdq8j4c8uo7d9nb"}
{"type":"operationEnd","subtype":"render","operationId":"xtvkfdqwmlfzb3o","timestamp":1731250028129,"id":"y2rdjowz6awj99i","previousEventId":"t52dwlvfrwi4y60","previousOperationId":"bdq8j4c8uo7d9nb"}
{"type":"operationEnd","doDiffs":false,"previousEventId":"ysaycjx6he3ts25","previousOperationId":"73f068ddxlfzref","operationId":"73f068ddxlfzref","timestamp":1731250028130,"id":"qjuqfiqzqt5m8pz"}
