{"type":"operationStart","subtype":"profile","data":{"_id":"QmbHZlo944oiwXXl","timestamp":"2024-11-10T13:05:14.283Z","state":"queued","mode":"standard","creationDate":"2024-11-10T13:05:14.285Z","modificationDate":"2024-11-10T13:05:14.285Z","shortid":"U2iZBTt","inheritedReadPermissions":[],"inheritedEditPermissions":[],"$entitySet":"profiles"},"doDiffs":false,"timestamp":1731243914284,"id":"5w2cju0703zun4u","previousOperationId":null,"operationId":"1snmu4vefrk16xl"}
{"type":"log","level":"info","message":"Render request 8 queued for execution and waiting for available worker","previousOperationId":"1snmu4vefrk16xl","timestamp":1731243914285,"id":"jranxh31onql88z"}
{"type":"operationStart","subtype":"render","name":"new-excl-template","previousOperationId":"1snmu4vefrk16xl","timestamp":1731243914293,"id":"8twwdlr5gxrlygr","previousEventId":"5w2cju0703zun4u","operationId":"4wd9sjgsyjsvmkw"}
{"type":"log","timestamp":1731243914293,"level":"info","message":"Starting rendering request 8 (user: admin)","meta":{"rootId":"y8i30ix3adfzzof","id":"y8i30ix3adfzzof"},"id":"0du43fgsakjn7wt","previousOperationId":"4wd9sjgsyjsvmkw"}
{"type":"log","timestamp":1731243914294,"level":"info","message":"Rendering template { name: new-excl-template, recipe: html-to-xlsx, engine: handlebars, preview: true }","meta":{"rootId":"y8i30ix3adfzzof","id":"y8i30ix3adfzzof"},"id":"zg3imlum521x8bw","previousOperationId":"4wd9sjgsyjsvmkw"}
{"type":"log","timestamp":1731243914295,"level":"debug","message":"Adding sample data pVkbCM7am","meta":{"rootId":"y8i30ix3adfzzof","id":"y8i30ix3adfzzof"},"id":"qf4mcv8l455aid0","previousOperationId":"4wd9sjgsyjsvmkw"}
{"type":"log","timestamp":1731243914297,"level":"debug","message":"Base url not specified, skipping its injection.","meta":{"rootId":"y8i30ix3adfzzof","id":"y8i30ix3adfzzof"},"id":"fcccj94ab7kq1ik","previousOperationId":"4wd9sjgsyjsvmkw"}
{"type":"log","timestamp":1731243914298,"level":"debug","message":"Replaced assets [\"KhmerOSSiemreapRegular.ttf\"]","meta":{"rootId":"y8i30ix3adfzzof","id":"y8i30ix3adfzzof"},"id":"95qaxx99djq3aiv","previousOperationId":"4wd9sjgsyjsvmkw"}
{"type":"operationStart","subtype":"engine","name":"handlebars","timestamp":1731243914299,"id":"jojd7h0tz4i22ia","previousEventId":"8twwdlr5gxrlygr","operationId":"251c18j3h5ilgs1","previousOperationId":"4wd9sjgsyjsvmkw"}
{"type":"log","timestamp":1731243914299,"level":"debug","message":"Rendering engine handlebars","meta":{"rootId":"y8i30ix3adfzzof","id":"y8i30ix3adfzzof"},"id":"db3lkdk5yiiggw5","previousOperationId":"251c18j3h5ilgs1"}
{"type":"operationEnd","operationId":"251c18j3h5ilgs1","timestamp":1731243914315,"id":"r1m812soo64j0tt","previousEventId":"jojd7h0tz4i22ia","previousOperationId":"251c18j3h5ilgs1"}
{"type":"operationStart","subtype":"recipe","name":"html-to-xlsx","timestamp":1731243914317,"id":"eb01vb0ebfxkomm","previousEventId":"r1m812soo64j0tt","operationId":"bv4buqgdhkt1a7q","previousOperationId":"251c18j3h5ilgs1"}
{"type":"log","timestamp":1731243914317,"level":"debug","message":"Executing recipe html-to-xlsx","meta":{"rootId":"y8i30ix3adfzzof","id":"y8i30ix3adfzzof"},"id":"dilimzhjw69tj26","previousOperationId":"bv4buqgdhkt1a7q"}
{"type":"log","timestamp":1731243914317,"level":"info","message":"html-to-xlsx generation is starting","meta":{"rootId":"y8i30ix3adfzzof","id":"y8i30ix3adfzzof"},"id":"x88rgd34xnq5x0i","previousOperationId":"bv4buqgdhkt1a7q"}
{"type":"log","timestamp":1731243914914,"level":"info","message":"html-to-xlsx generation was finished","meta":{"rootId":"y8i30ix3adfzzof","id":"y8i30ix3adfzzof"},"id":"swst1ouxzcwbq9t","previousOperationId":"bv4buqgdhkt1a7q"}
{"type":"log","timestamp":1731243914914,"level":"debug","message":"preparing office preview","meta":{"rootId":"y8i30ix3adfzzof","id":"y8i30ix3adfzzof"},"id":"gpwki8bnon99o7j","previousOperationId":"bv4buqgdhkt1a7q"}
{"type":"operationEnd","operationId":"bv4buqgdhkt1a7q","timestamp":1731243915360,"id":"y8q5w489634ufa0","previousEventId":"eb01vb0ebfxkomm","previousOperationId":"bv4buqgdhkt1a7q"}
{"type":"log","timestamp":1731243915360,"level":"debug","message":"Skipping storing report.","meta":{"rootId":"y8i30ix3adfzzof","id":"y8i30ix3adfzzof"},"id":"nkb048gn0x8x0s8","previousOperationId":"bv4buqgdhkt1a7q"}
{"type":"log","timestamp":1731243915360,"level":"info","message":"Rendering request 8 finished in 1077 ms","meta":{"rootId":"y8i30ix3adfzzof","id":"y8i30ix3adfzzof"},"id":"jwauuj0rb0dybne","previousOperationId":"bv4buqgdhkt1a7q"}
{"type":"operationEnd","subtype":"render","operationId":"4wd9sjgsyjsvmkw","timestamp":1731243915360,"id":"vaiy7i4x4jlt7o3","previousEventId":"y8q5w489634ufa0","previousOperationId":"bv4buqgdhkt1a7q"}
{"type":"operationEnd","doDiffs":false,"previousEventId":"5w2cju0703zun4u","previousOperationId":"1snmu4vefrk16xl","operationId":"1snmu4vefrk16xl","timestamp":1731243915362,"id":"inr74bl18x4fhl1"}
