{"type":"operationStart","subtype":"profile","data":{"_id":"eqOvoD9eb7kmYASm","timestamp":"2024-11-10T13:30:06.117Z","state":"queued","mode":"standard","creationDate":"2024-11-10T13:30:06.119Z","modificationDate":"2024-11-10T13:30:06.119Z","shortid":"EOzZYx2","inheritedReadPermissions":[],"inheritedEditPermissions":[],"$entitySet":"profiles"},"doDiffs":false,"timestamp":1731245406118,"id":"n3mr32u5dj8o2p3","previousOperationId":null,"operationId":"nlbp6nbk6dqjfrq"}
{"type":"log","level":"info","message":"Render request 68 queued for execution and waiting for available worker","previousOperationId":"nlbp6nbk6dqjfrq","timestamp":1731245406118,"id":"vk1txpwkbc4qeme"}
{"type":"operationStart","subtype":"render","name":"new-excl-template","previousOperationId":"nlbp6nbk6dqjfrq","timestamp":1731245406127,"id":"vg4p473sjmtfgcu","previousEventId":"n3mr32u5dj8o2p3","operationId":"f5motb6f1c0mzbk"}
{"type":"log","timestamp":1731245406127,"level":"info","message":"Starting rendering request 68 (user: admin)","meta":{"rootId":"y96ddazgntxq4vm","id":"y96ddazgntxq4vm"},"id":"fckn9lpkbsi6z87","previousOperationId":"f5motb6f1c0mzbk"}
{"type":"log","timestamp":1731245406127,"level":"info","message":"Rendering template { name: new-excl-template, recipe: html-to-xlsx, engine: handlebars, preview: true }","meta":{"rootId":"y96ddazgntxq4vm","id":"y96ddazgntxq4vm"},"id":"cozyfr3qs7a1757","previousOperationId":"f5motb6f1c0mzbk"}
{"type":"log","timestamp":1731245406128,"level":"debug","message":"Inline data specified.","meta":{"rootId":"y96ddazgntxq4vm","id":"y96ddazgntxq4vm"},"id":"xb8vbp7s8xqizq1","previousOperationId":"f5motb6f1c0mzbk"}
{"type":"log","timestamp":1731245406129,"level":"debug","message":"Base url not specified, skipping its injection.","meta":{"rootId":"y96ddazgntxq4vm","id":"y96ddazgntxq4vm"},"id":"1xbwz2uciq5fs24","previousOperationId":"f5motb6f1c0mzbk"}
{"type":"log","timestamp":1731245406130,"level":"debug","message":"Replaced assets [\"KhmerOSSiemreapRegular.ttf\"]","meta":{"rootId":"y96ddazgntxq4vm","id":"y96ddazgntxq4vm"},"id":"c7bcoij1l6o0jvf","previousOperationId":"f5motb6f1c0mzbk"}
{"type":"operationStart","subtype":"engine","name":"handlebars","timestamp":1731245406130,"id":"gfcrzg0cbl75o6l","previousEventId":"vg4p473sjmtfgcu","operationId":"lvkhk97oz52013c","previousOperationId":"f5motb6f1c0mzbk"}
{"type":"log","timestamp":1731245406131,"level":"debug","message":"Rendering engine handlebars","meta":{"rootId":"y96ddazgntxq4vm","id":"y96ddazgntxq4vm"},"id":"14of2eoww8re4mf","previousOperationId":"lvkhk97oz52013c"}
{"type":"operationEnd","operationId":"lvkhk97oz52013c","timestamp":1731245406142,"id":"k4n4ypxfhqqz5oe","previousEventId":"gfcrzg0cbl75o6l","previousOperationId":"lvkhk97oz52013c"}
{"type":"operationStart","subtype":"recipe","name":"html-to-xlsx","timestamp":1731245406144,"id":"u8ny35hcsf0misg","previousEventId":"k4n4ypxfhqqz5oe","operationId":"qprp8xrtp5uczl7","previousOperationId":"lvkhk97oz52013c"}
{"type":"log","timestamp":1731245406144,"level":"debug","message":"Executing recipe html-to-xlsx","meta":{"rootId":"y96ddazgntxq4vm","id":"y96ddazgntxq4vm"},"id":"pz7kkpmgfa3prq8","previousOperationId":"qprp8xrtp5uczl7"}
{"type":"log","timestamp":1731245406144,"level":"info","message":"html-to-xlsx generation is starting","meta":{"rootId":"y96ddazgntxq4vm","id":"y96ddazgntxq4vm"},"id":"nd05c9tscr30rq7","previousOperationId":"qprp8xrtp5uczl7"}
{"type":"log","timestamp":1731245406714,"level":"info","message":"html-to-xlsx generation was finished","meta":{"rootId":"y96ddazgntxq4vm","id":"y96ddazgntxq4vm"},"id":"nb7pbaxd3qbvayr","previousOperationId":"qprp8xrtp5uczl7"}
{"type":"log","timestamp":1731245406714,"level":"debug","message":"preparing office preview","meta":{"rootId":"y96ddazgntxq4vm","id":"y96ddazgntxq4vm"},"id":"1pxrycbludut793","previousOperationId":"qprp8xrtp5uczl7"}
{"type":"operationEnd","operationId":"qprp8xrtp5uczl7","timestamp":1731245407223,"id":"oq6aolagcpam5bp","previousEventId":"u8ny35hcsf0misg","previousOperationId":"qprp8xrtp5uczl7"}
{"type":"log","timestamp":1731245407223,"level":"debug","message":"Skipping storing report.","meta":{"rootId":"y96ddazgntxq4vm","id":"y96ddazgntxq4vm"},"id":"5gchcjngfp32sy6","previousOperationId":"qprp8xrtp5uczl7"}
{"type":"log","timestamp":1731245407223,"level":"info","message":"Rendering request 68 finished in 1106 ms","meta":{"rootId":"y96ddazgntxq4vm","id":"y96ddazgntxq4vm"},"id":"nd9fmu6z39rhb32","previousOperationId":"qprp8xrtp5uczl7"}
{"type":"operationEnd","subtype":"render","operationId":"f5motb6f1c0mzbk","timestamp":1731245407223,"id":"x42kmfkt56iax3q","previousEventId":"oq6aolagcpam5bp","previousOperationId":"qprp8xrtp5uczl7"}
{"type":"operationEnd","doDiffs":false,"previousEventId":"n3mr32u5dj8o2p3","previousOperationId":"nlbp6nbk6dqjfrq","operationId":"nlbp6nbk6dqjfrq","timestamp":1731245407228,"id":"ov0agofeir0q7n7"}
