{"type":"operationStart","subtype":"profile","data":{"_id":"7q5eCNDftLew6iow","timestamp":"2024-11-10T10:18:37.800Z","state":"queued","mode":"standard","creationDate":"2024-11-10T10:18:37.801Z","modificationDate":"2024-11-10T10:18:37.801Z","shortid":"Yw2TQRd","inheritedReadPermissions":[],"inheritedEditPermissions":[],"$entitySet":"profiles"},"doDiffs":false,"timestamp":1731233917801,"id":"eavh9bcxqm0chvt","previousOperationId":null,"operationId":"ty9ug7nkg2p1gdw"}
{"type":"log","level":"info","message":"Render request 314 queued for execution and waiting for available worker","previousOperationId":"ty9ug7nkg2p1gdw","timestamp":1731233917801,"id":"frta1kyi5imazxh"}
{"type":"operationStart","subtype":"render","name":"new-excl-template","previousOperationId":"ty9ug7nkg2p1gdw","timestamp":1731233917809,"id":"pcy7vqou1e62ybs","previousEventId":"eavh9bcxqm0chvt","operationId":"7a55qkqlup0kfgd"}
{"type":"log","timestamp":1731233917809,"level":"info","message":"Starting rendering request 314 (user: admin)","meta":{"rootId":"y9ury8nl799yjiq","id":"y9ury8nl799yjiq"},"id":"1wfsox2vy9gpsee","previousOperationId":"7a55qkqlup0kfgd"}
{"type":"log","timestamp":1731233917809,"level":"info","message":"Rendering template { name: new-excl-template, recipe: html-to-xlsx, engine: handlebars, preview: true }","meta":{"rootId":"y9ury8nl799yjiq","id":"y9ury8nl799yjiq"},"id":"lq97xpbayn8adua","previousOperationId":"7a55qkqlup0kfgd"}
{"type":"log","timestamp":1731233917810,"level":"debug","message":"Adding sample data pVkbCM7am","meta":{"rootId":"y9ury8nl799yjiq","id":"y9ury8nl799yjiq"},"id":"9v4kf3dympup9gk","previousOperationId":"7a55qkqlup0kfgd"}
{"type":"log","timestamp":1731233917811,"level":"debug","message":"Base url not specified, skipping its injection.","meta":{"rootId":"y9ury8nl799yjiq","id":"y9ury8nl799yjiq"},"id":"bi0s4ao9z03c9sx","previousOperationId":"7a55qkqlup0kfgd"}
{"type":"log","timestamp":1731233917813,"level":"debug","message":"Replaced assets [\"KhmerOSSiemreapRegular.ttf\"]","meta":{"rootId":"y9ury8nl799yjiq","id":"y9ury8nl799yjiq"},"id":"1hk0s0k6tn3oibz","previousOperationId":"7a55qkqlup0kfgd"}
{"type":"operationStart","subtype":"engine","name":"handlebars","timestamp":1731233917813,"id":"keobomzlbgn4dnm","previousEventId":"pcy7vqou1e62ybs","operationId":"wh825m6n825kh1b","previousOperationId":"7a55qkqlup0kfgd"}
{"type":"log","timestamp":1731233917813,"level":"debug","message":"Rendering engine handlebars","meta":{"rootId":"y9ury8nl799yjiq","id":"y9ury8nl799yjiq"},"id":"t543buvgx7m55rc","previousOperationId":"wh825m6n825kh1b"}
{"type":"operationEnd","operationId":"wh825m6n825kh1b","timestamp":1731233917830,"id":"ut24jcjmivl8q1z","previousEventId":"keobomzlbgn4dnm","previousOperationId":"wh825m6n825kh1b"}
{"type":"operationStart","subtype":"recipe","name":"html-to-xlsx","timestamp":1731233917832,"id":"4ieze3cpna15z42","previousEventId":"ut24jcjmivl8q1z","operationId":"pubx7fp160cp3t4","previousOperationId":"wh825m6n825kh1b"}
{"type":"log","timestamp":1731233917832,"level":"debug","message":"Executing recipe html-to-xlsx","meta":{"rootId":"y9ury8nl799yjiq","id":"y9ury8nl799yjiq"},"id":"dk96loeamawfq60","previousOperationId":"pubx7fp160cp3t4"}
{"type":"log","timestamp":1731233917832,"level":"info","message":"html-to-xlsx generation is starting","meta":{"rootId":"y9ury8nl799yjiq","id":"y9ury8nl799yjiq"},"id":"t9wb5jd8hq1t47v","previousOperationId":"pubx7fp160cp3t4"}
{"type":"log","timestamp":1731233918344,"level":"info","message":"html-to-xlsx generation was finished","meta":{"rootId":"y9ury8nl799yjiq","id":"y9ury8nl799yjiq"},"id":"o0setrrt2jntw3v","previousOperationId":"pubx7fp160cp3t4"}
{"type":"log","timestamp":1731233918344,"level":"debug","message":"preparing office preview","meta":{"rootId":"y9ury8nl799yjiq","id":"y9ury8nl799yjiq"},"id":"q2jy3ujrelu48mb","previousOperationId":"pubx7fp160cp3t4"}
{"type":"operationEnd","operationId":"pubx7fp160cp3t4","timestamp":1731233918788,"id":"273jk8t1jdq9tp4","previousEventId":"4ieze3cpna15z42","previousOperationId":"pubx7fp160cp3t4"}
{"type":"log","timestamp":1731233918788,"level":"debug","message":"Skipping storing report.","meta":{"rootId":"y9ury8nl799yjiq","id":"y9ury8nl799yjiq"},"id":"s33jb0tc08u23rz","previousOperationId":"pubx7fp160cp3t4"}
{"type":"log","timestamp":1731233918788,"level":"info","message":"Rendering request 314 finished in 989 ms","meta":{"rootId":"y9ury8nl799yjiq","id":"y9ury8nl799yjiq"},"id":"202m6wyrofbj1us","previousOperationId":"pubx7fp160cp3t4"}
{"type":"operationEnd","subtype":"render","operationId":"7a55qkqlup0kfgd","timestamp":1731233918788,"id":"mbwbhhkgq8rna7n","previousEventId":"273jk8t1jdq9tp4","previousOperationId":"pubx7fp160cp3t4"}
{"type":"operationEnd","doDiffs":false,"previousEventId":"eavh9bcxqm0chvt","previousOperationId":"ty9ug7nkg2p1gdw","operationId":"ty9ug7nkg2p1gdw","timestamp":1731233918789,"id":"z62anr2bxo3p73q"}
