{"type":"operationStart","subtype":"profile","data":{"_id":"7D1mwbMQN3vgETve","timestamp":"2024-11-10T13:03:23.261Z","state":"queued","mode":"standard","creationDate":"2024-11-10T13:03:23.262Z","modificationDate":"2024-11-10T13:03:23.262Z","shortid":"XX5YY0q","inheritedReadPermissions":[],"inheritedEditPermissions":[],"$entitySet":"profiles"},"doDiffs":false,"timestamp":1731243803261,"id":"xpid84ssrfb0xzp","previousOperationId":null,"operationId":"g30fok4yyctgkpl"}
{"type":"log","level":"info","message":"Render request 5 queued for execution and waiting for available worker","previousOperationId":"g30fok4yyctgkpl","timestamp":1731243803261,"id":"3m4ynzqjdf469of"}
{"type":"operationStart","subtype":"render","name":"new-excl-template","previousOperationId":"g30fok4yyctgkpl","timestamp":1731243803275,"id":"8c1j99gk4357s46","previousEventId":"xpid84ssrfb0xzp","operationId":"r2u62m5nayik9dj"}
{"type":"log","timestamp":1731243803275,"level":"info","message":"Starting rendering request 5 (user: admin)","meta":{"rootId":"yc93y3ak7e2yhbe","id":"yc93y3ak7e2yhbe"},"id":"rzt55qurclcu2ay","previousOperationId":"r2u62m5nayik9dj"}
{"type":"log","timestamp":1731243803276,"level":"info","message":"Rendering template { name: new-excl-template, recipe: html-to-xlsx, engine: handlebars, preview: true }","meta":{"rootId":"yc93y3ak7e2yhbe","id":"yc93y3ak7e2yhbe"},"id":"ywkn5gffglve8hw","previousOperationId":"r2u62m5nayik9dj"}
{"type":"log","timestamp":1731243803277,"level":"debug","message":"Adding sample data pVkbCM7am","meta":{"rootId":"yc93y3ak7e2yhbe","id":"yc93y3ak7e2yhbe"},"id":"h5gxoyj1hyd392g","previousOperationId":"r2u62m5nayik9dj"}
{"type":"log","timestamp":1731243803278,"level":"debug","message":"Base url not specified, skipping its injection.","meta":{"rootId":"yc93y3ak7e2yhbe","id":"yc93y3ak7e2yhbe"},"id":"zaepje848agen8w","previousOperationId":"r2u62m5nayik9dj"}
{"type":"log","timestamp":1731243803281,"level":"debug","message":"Replaced assets [\"KhmerOSSiemreapRegular.ttf\"]","meta":{"rootId":"yc93y3ak7e2yhbe","id":"yc93y3ak7e2yhbe"},"id":"56f9g1ktgr9qkz9","previousOperationId":"r2u62m5nayik9dj"}
{"type":"operationStart","subtype":"engine","name":"handlebars","timestamp":1731243803282,"id":"2bi89qjlh18bvzi","previousEventId":"8c1j99gk4357s46","operationId":"wl6cv2kj29vn589","previousOperationId":"r2u62m5nayik9dj"}
{"type":"log","timestamp":1731243803282,"level":"debug","message":"Rendering engine handlebars","meta":{"rootId":"yc93y3ak7e2yhbe","id":"yc93y3ak7e2yhbe"},"id":"srfw5d6flkgx3y4","previousOperationId":"wl6cv2kj29vn589"}
{"type":"operationEnd","operationId":"wl6cv2kj29vn589","timestamp":1731243803301,"id":"uben7sg0x8279c6","previousEventId":"2bi89qjlh18bvzi","previousOperationId":"wl6cv2kj29vn589"}
{"type":"operationStart","subtype":"recipe","name":"html-to-xlsx","timestamp":1731243803303,"id":"j8tmyb27ki5cdtg","previousEventId":"uben7sg0x8279c6","operationId":"45fyjl2hskqlzdk","previousOperationId":"wl6cv2kj29vn589"}
{"type":"log","timestamp":1731243803303,"level":"debug","message":"Executing recipe html-to-xlsx","meta":{"rootId":"yc93y3ak7e2yhbe","id":"yc93y3ak7e2yhbe"},"id":"42ikpog8ocvvn7n","previousOperationId":"45fyjl2hskqlzdk"}
{"type":"log","timestamp":1731243803303,"level":"info","message":"html-to-xlsx generation is starting","meta":{"rootId":"yc93y3ak7e2yhbe","id":"yc93y3ak7e2yhbe"},"id":"wbcmh7vq41acukt","previousOperationId":"45fyjl2hskqlzdk"}
{"type":"log","timestamp":1731243803940,"level":"info","message":"html-to-xlsx generation was finished","meta":{"rootId":"yc93y3ak7e2yhbe","id":"yc93y3ak7e2yhbe"},"id":"gbguw6tcam4opfo","previousOperationId":"45fyjl2hskqlzdk"}
{"type":"log","timestamp":1731243803940,"level":"debug","message":"preparing office preview","meta":{"rootId":"yc93y3ak7e2yhbe","id":"yc93y3ak7e2yhbe"},"id":"ki84qotws439js5","previousOperationId":"45fyjl2hskqlzdk"}
{"type":"operationEnd","operationId":"45fyjl2hskqlzdk","timestamp":1731243804394,"id":"pxh3rp35369fau7","previousEventId":"j8tmyb27ki5cdtg","previousOperationId":"45fyjl2hskqlzdk"}
{"type":"log","timestamp":1731243804394,"level":"debug","message":"Skipping storing report.","meta":{"rootId":"yc93y3ak7e2yhbe","id":"yc93y3ak7e2yhbe"},"id":"rvacg9t01fxry91","previousOperationId":"45fyjl2hskqlzdk"}
{"type":"log","timestamp":1731243804394,"level":"info","message":"Rendering request 5 finished in 1133 ms","meta":{"rootId":"yc93y3ak7e2yhbe","id":"yc93y3ak7e2yhbe"},"id":"d7dj1cetviolvf0","previousOperationId":"45fyjl2hskqlzdk"}
{"type":"operationEnd","subtype":"render","operationId":"r2u62m5nayik9dj","timestamp":1731243804394,"id":"p677t5ya1o54eyg","previousEventId":"pxh3rp35369fau7","previousOperationId":"45fyjl2hskqlzdk"}
{"type":"operationEnd","doDiffs":false,"previousEventId":"xpid84ssrfb0xzp","previousOperationId":"g30fok4yyctgkpl","operationId":"g30fok4yyctgkpl","timestamp":1731243804398,"id":"kcbrkfcosovqrlw"}
