{"type":"operationStart","subtype":"profile","data":{"_id":"q3CiuvGXADzyz7NA","timestamp":"2024-11-10T13:08:13.665Z","state":"queued","mode":"standard","creationDate":"2024-11-10T13:08:13.667Z","modificationDate":"2024-11-10T13:08:13.667Z","shortid":"9rOsMk6","inheritedReadPermissions":[],"inheritedEditPermissions":[],"$entitySet":"profiles"},"doDiffs":false,"timestamp":1731244093666,"id":"1kqblzm1w8qwq12","previousOperationId":null,"operationId":"yrw40zh9jzegyed"}
{"type":"log","level":"info","message":"Render request 14 queued for execution and waiting for available worker","previousOperationId":"yrw40zh9jzegyed","timestamp":1731244093666,"id":"6eqtcqkedzdevcy"}
{"type":"operationStart","subtype":"render","name":"new-excl-template","previousOperationId":"yrw40zh9jzegyed","timestamp":1731244093673,"id":"f4fvnlgp30q95c4","previousEventId":"1kqblzm1w8qwq12","operationId":"sjhmv3wetcd64cy"}
{"type":"log","timestamp":1731244093673,"level":"info","message":"Starting rendering request 14 (user: admin)","meta":{"rootId":"ydes07db0tzya5c","id":"ydes07db0tzya5c"},"id":"hnqnjcdn95c32c8","previousOperationId":"sjhmv3wetcd64cy"}
{"type":"log","timestamp":1731244093673,"level":"info","message":"Rendering template { name: new-excl-template, recipe: html-to-xlsx, engine: handlebars, preview: true }","meta":{"rootId":"ydes07db0tzya5c","id":"ydes07db0tzya5c"},"id":"bldpktikgjq9sz6","previousOperationId":"sjhmv3wetcd64cy"}
{"type":"log","timestamp":1731244093674,"level":"debug","message":"Adding sample data pVkbCM7am","meta":{"rootId":"ydes07db0tzya5c","id":"ydes07db0tzya5c"},"id":"rnc0u5vhsrwd338","previousOperationId":"sjhmv3wetcd64cy"}
{"type":"log","timestamp":1731244093675,"level":"debug","message":"Base url not specified, skipping its injection.","meta":{"rootId":"ydes07db0tzya5c","id":"ydes07db0tzya5c"},"id":"bpmz4sh0vr9uybs","previousOperationId":"sjhmv3wetcd64cy"}
{"type":"log","timestamp":1731244093677,"level":"debug","message":"Replaced assets [\"KhmerOSSiemreapRegular.ttf\"]","meta":{"rootId":"ydes07db0tzya5c","id":"ydes07db0tzya5c"},"id":"nf3xp8fkbi7etwr","previousOperationId":"sjhmv3wetcd64cy"}
{"type":"operationStart","subtype":"engine","name":"handlebars","timestamp":1731244093677,"id":"sxdmw9wa2ih0ynf","previousEventId":"f4fvnlgp30q95c4","operationId":"o1sgykq0b7vb8sx","previousOperationId":"sjhmv3wetcd64cy"}
{"type":"log","timestamp":1731244093677,"level":"debug","message":"Rendering engine handlebars","meta":{"rootId":"ydes07db0tzya5c","id":"ydes07db0tzya5c"},"id":"i82befdu4rqhpmp","previousOperationId":"o1sgykq0b7vb8sx"}
{"type":"operationEnd","operationId":"o1sgykq0b7vb8sx","timestamp":1731244093691,"id":"evzg77gapuqv24a","previousEventId":"sxdmw9wa2ih0ynf","previousOperationId":"o1sgykq0b7vb8sx"}
{"type":"operationStart","subtype":"recipe","name":"html-to-xlsx","timestamp":1731244093692,"id":"bq3oza6vmgzf12i","previousEventId":"evzg77gapuqv24a","operationId":"vyw0fvx64djw0r6","previousOperationId":"o1sgykq0b7vb8sx"}
{"type":"log","timestamp":1731244093693,"level":"debug","message":"Executing recipe html-to-xlsx","meta":{"rootId":"ydes07db0tzya5c","id":"ydes07db0tzya5c"},"id":"iclbjsrodbpv04g","previousOperationId":"vyw0fvx64djw0r6"}
{"type":"log","timestamp":1731244093693,"level":"info","message":"html-to-xlsx generation is starting","meta":{"rootId":"ydes07db0tzya5c","id":"ydes07db0tzya5c"},"id":"6lxl7pelk67oqch","previousOperationId":"vyw0fvx64djw0r6"}
{"type":"log","timestamp":1731244094317,"level":"info","message":"html-to-xlsx generation was finished","meta":{"rootId":"ydes07db0tzya5c","id":"ydes07db0tzya5c"},"id":"nysxjoy7vh2eizi","previousOperationId":"vyw0fvx64djw0r6"}
{"type":"log","timestamp":1731244094317,"level":"debug","message":"preparing office preview","meta":{"rootId":"ydes07db0tzya5c","id":"ydes07db0tzya5c"},"id":"ozwj12el1c2v5ag","previousOperationId":"vyw0fvx64djw0r6"}
{"type":"operationEnd","operationId":"vyw0fvx64djw0r6","timestamp":1731244094874,"id":"363ue3u9wq8z5k0","previousEventId":"bq3oza6vmgzf12i","previousOperationId":"vyw0fvx64djw0r6"}
{"type":"log","timestamp":1731244094874,"level":"debug","message":"Skipping storing report.","meta":{"rootId":"ydes07db0tzya5c","id":"ydes07db0tzya5c"},"id":"lnbv0l7n5ro7be1","previousOperationId":"vyw0fvx64djw0r6"}
{"type":"log","timestamp":1731244094875,"level":"info","message":"Rendering request 14 finished in 1210 ms","meta":{"rootId":"ydes07db0tzya5c","id":"ydes07db0tzya5c"},"id":"dvu39jjg7eflza3","previousOperationId":"vyw0fvx64djw0r6"}
{"type":"operationEnd","subtype":"render","operationId":"sjhmv3wetcd64cy","timestamp":1731244094875,"id":"b6nlgpbjw6xapxu","previousEventId":"363ue3u9wq8z5k0","previousOperationId":"vyw0fvx64djw0r6"}
{"type":"operationEnd","doDiffs":false,"previousEventId":"1kqblzm1w8qwq12","previousOperationId":"yrw40zh9jzegyed","operationId":"yrw40zh9jzegyed","timestamp":1731244094877,"id":"cxz5dl2or5qyq10"}
