{"type":"operationStart","subtype":"profile","data":{"_id":"4fdIwaSbf9uedGtl","timestamp":"2024-11-10T14:23:25.157Z","state":"queued","mode":"standard","creationDate":"2024-11-10T14:23:25.158Z","modificationDate":"2024-11-10T14:23:25.158Z","shortid":"cvWOMz5","inheritedReadPermissions":[],"inheritedEditPermissions":[],"$entitySet":"profiles"},"doDiffs":false,"timestamp":1731248605158,"id":"99tsp21evnybu5x","previousOperationId":null,"operationId":"tqsruzs08q63pe2"}
{"type":"log","level":"info","message":"Render request 143 queued for execution and waiting for available worker","previousOperationId":"tqsruzs08q63pe2","timestamp":1731248605158,"id":"fkltrn6msb2v7ez"}
{"type":"operationStart","subtype":"render","name":"new-excl-template","previousOperationId":"tqsruzs08q63pe2","timestamp":1731248605165,"id":"gug4oviuf2n2nnx","previousEventId":"99tsp21evnybu5x","operationId":"tdeuic0g3t62l1q"}
{"type":"log","timestamp":1731248605165,"level":"info","message":"Starting rendering request 143 (user: admin)","meta":{"rootId":"ydk61pv04dljhdb","id":"ydk61pv04dljhdb"},"id":"j054k19ho1hoam9","previousOperationId":"tdeuic0g3t62l1q"}
{"type":"log","timestamp":1731248605165,"level":"info","message":"Rendering template { name: new-excl-template, recipe: html-to-xlsx, engine: handlebars, preview: true }","meta":{"rootId":"ydk61pv04dljhdb","id":"ydk61pv04dljhdb"},"id":"9u5xygq1z2cjtfn","previousOperationId":"tdeuic0g3t62l1q"}
{"type":"log","timestamp":1731248605165,"level":"debug","message":"Inline data specified.","meta":{"rootId":"ydk61pv04dljhdb","id":"ydk61pv04dljhdb"},"id":"yziifdpsudpewql","previousOperationId":"tdeuic0g3t62l1q"}
{"type":"log","timestamp":1731248605167,"level":"debug","message":"Base url not specified, skipping its injection.","meta":{"rootId":"ydk61pv04dljhdb","id":"ydk61pv04dljhdb"},"id":"34jfzloqa4x0uim","previousOperationId":"tdeuic0g3t62l1q"}
{"type":"log","timestamp":1731248605169,"level":"debug","message":"Replaced assets [\"KhmerOSSiemreapRegular.ttf\"]","meta":{"rootId":"ydk61pv04dljhdb","id":"ydk61pv04dljhdb"},"id":"2efp4kp1qp61gj7","previousOperationId":"tdeuic0g3t62l1q"}
{"type":"operationStart","subtype":"engine","name":"handlebars","timestamp":1731248605169,"id":"i30621t8thyfqke","previousEventId":"gug4oviuf2n2nnx","operationId":"vomvfxmmaiovwwe","previousOperationId":"tdeuic0g3t62l1q"}
{"type":"log","timestamp":1731248605169,"level":"debug","message":"Rendering engine handlebars","meta":{"rootId":"ydk61pv04dljhdb","id":"ydk61pv04dljhdb"},"id":"dl3pc6f0ql6cziz","previousOperationId":"vomvfxmmaiovwwe"}
{"type":"operationEnd","operationId":"vomvfxmmaiovwwe","timestamp":1731248605181,"id":"o91x8x2pwsm4vmz","previousEventId":"i30621t8thyfqke","previousOperationId":"vomvfxmmaiovwwe"}
{"type":"operationStart","subtype":"recipe","name":"html-to-xlsx","timestamp":1731248605183,"id":"pna21389gjmfjdg","previousEventId":"o91x8x2pwsm4vmz","operationId":"69nxs3qn986urhi","previousOperationId":"vomvfxmmaiovwwe"}
{"type":"log","timestamp":1731248605183,"level":"debug","message":"Executing recipe html-to-xlsx","meta":{"rootId":"ydk61pv04dljhdb","id":"ydk61pv04dljhdb"},"id":"nxet9b38aqgqc6q","previousOperationId":"69nxs3qn986urhi"}
{"type":"log","timestamp":1731248605183,"level":"info","message":"html-to-xlsx generation is starting","meta":{"rootId":"ydk61pv04dljhdb","id":"ydk61pv04dljhdb"},"id":"1iof9a8315nl8br","previousOperationId":"69nxs3qn986urhi"}
{"type":"log","timestamp":1731248605923,"level":"info","message":"html-to-xlsx generation was finished","meta":{"rootId":"ydk61pv04dljhdb","id":"ydk61pv04dljhdb"},"id":"ejhsmawlb32tr98","previousOperationId":"69nxs3qn986urhi"}
{"type":"log","timestamp":1731248605923,"level":"debug","message":"preparing office preview","meta":{"rootId":"ydk61pv04dljhdb","id":"ydk61pv04dljhdb"},"id":"izd1p4er70690h0","previousOperationId":"69nxs3qn986urhi"}
{"type":"operationEnd","operationId":"69nxs3qn986urhi","timestamp":1731248606365,"id":"fwu74ttch36km2e","previousEventId":"pna21389gjmfjdg","previousOperationId":"69nxs3qn986urhi"}
{"type":"log","timestamp":1731248606365,"level":"debug","message":"Skipping storing report.","meta":{"rootId":"ydk61pv04dljhdb","id":"ydk61pv04dljhdb"},"id":"9jnwzll20r5shsp","previousOperationId":"69nxs3qn986urhi"}
{"type":"log","timestamp":1731248606365,"level":"info","message":"Rendering request 143 finished in 1208 ms","meta":{"rootId":"ydk61pv04dljhdb","id":"ydk61pv04dljhdb"},"id":"qrzrxc9e0xikhqd","previousOperationId":"69nxs3qn986urhi"}
{"type":"operationEnd","subtype":"render","operationId":"tdeuic0g3t62l1q","timestamp":1731248606365,"id":"f4b745f2mynm0uv","previousEventId":"fwu74ttch36km2e","previousOperationId":"69nxs3qn986urhi"}
{"type":"operationEnd","doDiffs":false,"previousEventId":"99tsp21evnybu5x","previousOperationId":"tqsruzs08q63pe2","operationId":"tqsruzs08q63pe2","timestamp":1731248606367,"id":"5f44kx51k9d096q"}
