{"type":"operationStart","subtype":"profile","data":{"_id":"nB7ZPbNSoZVFSci2","timestamp":"2024-11-10T14:21:04.554Z","state":"queued","mode":"standard","creationDate":"2024-11-10T14:21:04.556Z","modificationDate":"2024-11-10T14:21:04.556Z","shortid":"qckpIXa","inheritedReadPermissions":[],"inheritedEditPermissions":[],"$entitySet":"profiles"},"doDiffs":false,"timestamp":1731248464555,"id":"ig0z8t2ck3c001v","previousOperationId":null,"operationId":"2uwr5swbduwqn63"}
{"type":"log","level":"info","message":"Render request 139 queued for execution and waiting for available worker","previousOperationId":"2uwr5swbduwqn63","timestamp":1731248464555,"id":"ogippr32lma63i9"}
{"type":"operationStart","subtype":"render","name":"new-excl-template","previousOperationId":"2uwr5swbduwqn63","timestamp":1731248464565,"id":"8y9rk8hvzdy3nmy","previousEventId":"ig0z8t2ck3c001v","operationId":"7teivs3ban9briv"}
{"type":"log","timestamp":1731248464565,"level":"info","message":"Starting rendering request 139 (user: admin)","meta":{"rootId":"ye1serylsvzqkfi","id":"ye1serylsvzqkfi"},"id":"cumhwk8g6gzydal","previousOperationId":"7teivs3ban9briv"}
{"type":"log","timestamp":1731248464565,"level":"info","message":"Rendering template { name: new-excl-template, recipe: html-to-xlsx, engine: handlebars, preview: true }","meta":{"rootId":"ye1serylsvzqkfi","id":"ye1serylsvzqkfi"},"id":"uoj2680i8hz271o","previousOperationId":"7teivs3ban9briv"}
{"type":"log","timestamp":1731248464566,"level":"debug","message":"Inline data specified.","meta":{"rootId":"ye1serylsvzqkfi","id":"ye1serylsvzqkfi"},"id":"nt22tuwqei7puy9","previousOperationId":"7teivs3ban9briv"}
{"type":"log","timestamp":1731248464569,"level":"debug","message":"Base url not specified, skipping its injection.","meta":{"rootId":"ye1serylsvzqkfi","id":"ye1serylsvzqkfi"},"id":"gsymd8xckvnmcj4","previousOperationId":"7teivs3ban9briv"}
{"type":"log","timestamp":1731248464571,"level":"debug","message":"Replaced assets [\"KhmerOSSiemreapRegular.ttf\"]","meta":{"rootId":"ye1serylsvzqkfi","id":"ye1serylsvzqkfi"},"id":"lylu00kcakutxcx","previousOperationId":"7teivs3ban9briv"}
{"type":"operationStart","subtype":"engine","name":"handlebars","timestamp":1731248464571,"id":"n9ts0cb4l9smzi0","previousEventId":"8y9rk8hvzdy3nmy","operationId":"rzd1rwvx6572tlz","previousOperationId":"7teivs3ban9briv"}
{"type":"log","timestamp":1731248464571,"level":"debug","message":"Rendering engine handlebars","meta":{"rootId":"ye1serylsvzqkfi","id":"ye1serylsvzqkfi"},"id":"6lhbzo59auos7bu","previousOperationId":"rzd1rwvx6572tlz"}
{"type":"operationEnd","operationId":"rzd1rwvx6572tlz","timestamp":1731248464585,"id":"agjk8ll96zvsack","previousEventId":"n9ts0cb4l9smzi0","previousOperationId":"rzd1rwvx6572tlz"}
{"type":"operationStart","subtype":"recipe","name":"html-to-xlsx","timestamp":1731248464586,"id":"cs0yjqk0tx8iwcl","previousEventId":"agjk8ll96zvsack","operationId":"3opp4en102s5k71","previousOperationId":"rzd1rwvx6572tlz"}
{"type":"log","timestamp":1731248464586,"level":"debug","message":"Executing recipe html-to-xlsx","meta":{"rootId":"ye1serylsvzqkfi","id":"ye1serylsvzqkfi"},"id":"dysnhs7elrjm0om","previousOperationId":"3opp4en102s5k71"}
{"type":"log","timestamp":1731248464586,"level":"info","message":"html-to-xlsx generation is starting","meta":{"rootId":"ye1serylsvzqkfi","id":"ye1serylsvzqkfi"},"id":"80p1edjch0bsxho","previousOperationId":"3opp4en102s5k71"}
{"type":"log","timestamp":1731248465212,"level":"info","message":"html-to-xlsx generation was finished","meta":{"rootId":"ye1serylsvzqkfi","id":"ye1serylsvzqkfi"},"id":"9dk09a8n4hbxa5i","previousOperationId":"3opp4en102s5k71"}
{"type":"log","timestamp":1731248465212,"level":"debug","message":"preparing office preview","meta":{"rootId":"ye1serylsvzqkfi","id":"ye1serylsvzqkfi"},"id":"lg5xasi8qxeecgo","previousOperationId":"3opp4en102s5k71"}
{"type":"operationEnd","operationId":"3opp4en102s5k71","timestamp":1731248465675,"id":"pwd99698pibkqyq","previousEventId":"cs0yjqk0tx8iwcl","previousOperationId":"3opp4en102s5k71"}
{"type":"log","timestamp":1731248465675,"level":"debug","message":"Skipping storing report.","meta":{"rootId":"ye1serylsvzqkfi","id":"ye1serylsvzqkfi"},"id":"k6ljge6qctio75t","previousOperationId":"3opp4en102s5k71"}
{"type":"log","timestamp":1731248465675,"level":"info","message":"Rendering request 139 finished in 1121 ms","meta":{"rootId":"ye1serylsvzqkfi","id":"ye1serylsvzqkfi"},"id":"el2l2zioazmyyud","previousOperationId":"3opp4en102s5k71"}
{"type":"operationEnd","subtype":"render","operationId":"7teivs3ban9briv","timestamp":1731248465675,"id":"etz9jb4mubfv96o","previousEventId":"pwd99698pibkqyq","previousOperationId":"3opp4en102s5k71"}
{"type":"operationEnd","doDiffs":false,"previousEventId":"ig0z8t2ck3c001v","previousOperationId":"2uwr5swbduwqn63","operationId":"2uwr5swbduwqn63","timestamp":1731248465677,"id":"evte39ft7fcenc6"}
