{"type":"operationStart","subtype":"profile","data":{"_id":"8dq6T4ZbWzfCna0k","timestamp":"2024-11-10T09:03:31.287Z","state":"queued","mode":"standard","creationDate":"2024-11-10T09:03:31.289Z","modificationDate":"2024-11-10T09:03:31.289Z","shortid":"90WWuj9","inheritedReadPermissions":[],"inheritedEditPermissions":[],"$entitySet":"profiles"},"doDiffs":false,"timestamp":1731229411288,"id":"rl0mtlbf45mj4av","previousOperationId":null,"operationId":"sl2gyvkar0n3mdy"}
{"type":"log","level":"info","message":"Render request 184 queued for execution and waiting for available worker","previousOperationId":"sl2gyvkar0n3mdy","timestamp":1731229411288,"id":"zwncmup36ffm3fc"}
{"type":"operationStart","subtype":"render","name":"new-excl-template","previousOperationId":"sl2gyvkar0n3mdy","timestamp":1731229411297,"id":"c8rqzkivqtgz5ew","previousEventId":"rl0mtlbf45mj4av","operationId":"xyr1f2gj3yy9ejt"}
{"type":"log","timestamp":1731229411297,"level":"info","message":"Starting rendering request 184 (user: admin)","meta":{"rootId":"yfqumis6bl5mr5u","id":"yfqumis6bl5mr5u"},"id":"guaox31d8m04khi","previousOperationId":"xyr1f2gj3yy9ejt"}
{"type":"log","timestamp":1731229411297,"level":"info","message":"Rendering template { name: new-excl-template, recipe: html-to-xlsx, engine: handlebars, preview: true }","meta":{"rootId":"yfqumis6bl5mr5u","id":"yfqumis6bl5mr5u"},"id":"bto39u01lu7491u","previousOperationId":"xyr1f2gj3yy9ejt"}
{"type":"log","timestamp":1731229411298,"level":"debug","message":"Adding sample data pVkbCM7am","meta":{"rootId":"yfqumis6bl5mr5u","id":"yfqumis6bl5mr5u"},"id":"85jrd49g7c2l5dr","previousOperationId":"xyr1f2gj3yy9ejt"}
{"type":"log","timestamp":1731229411300,"level":"debug","message":"Base url not specified, skipping its injection.","meta":{"rootId":"yfqumis6bl5mr5u","id":"yfqumis6bl5mr5u"},"id":"120och2c7huud2r","previousOperationId":"xyr1f2gj3yy9ejt"}
{"type":"log","timestamp":1731229411302,"level":"debug","message":"Replaced assets [\"KhmerOSSiemreapRegular.ttf\"]","meta":{"rootId":"yfqumis6bl5mr5u","id":"yfqumis6bl5mr5u"},"id":"ewnq9v3ziawjvrf","previousOperationId":"xyr1f2gj3yy9ejt"}
{"type":"operationStart","subtype":"engine","name":"handlebars","timestamp":1731229411302,"id":"shr5af1ajyxvlas","previousEventId":"c8rqzkivqtgz5ew","operationId":"0mgmnlc6ule21ok","previousOperationId":"xyr1f2gj3yy9ejt"}
{"type":"log","timestamp":1731229411302,"level":"debug","message":"Rendering engine handlebars","meta":{"rootId":"yfqumis6bl5mr5u","id":"yfqumis6bl5mr5u"},"id":"vppmc2m6c72tdug","previousOperationId":"0mgmnlc6ule21ok"}
{"type":"operationEnd","operationId":"0mgmnlc6ule21ok","timestamp":1731229411322,"id":"stxs3j6q9dylw37","previousEventId":"shr5af1ajyxvlas","previousOperationId":"0mgmnlc6ule21ok"}
{"type":"operationStart","subtype":"recipe","name":"html-to-xlsx","timestamp":1731229411325,"id":"0psuqfpmaaula6v","previousEventId":"stxs3j6q9dylw37","operationId":"2nwbgoz6qne7rc8","previousOperationId":"0mgmnlc6ule21ok"}
{"type":"log","timestamp":1731229411325,"level":"debug","message":"Executing recipe html-to-xlsx","meta":{"rootId":"yfqumis6bl5mr5u","id":"yfqumis6bl5mr5u"},"id":"3wimu7vm55lp7j8","previousOperationId":"2nwbgoz6qne7rc8"}
{"type":"log","timestamp":1731229411325,"level":"info","message":"html-to-xlsx generation is starting","meta":{"rootId":"yfqumis6bl5mr5u","id":"yfqumis6bl5mr5u"},"id":"9h0ni8sh89naac3","previousOperationId":"2nwbgoz6qne7rc8"}
{"type":"log","timestamp":1731229412155,"level":"info","message":"html-to-xlsx generation was finished","meta":{"rootId":"yfqumis6bl5mr5u","id":"yfqumis6bl5mr5u"},"id":"4r0ejdp4sewthy7","previousOperationId":"2nwbgoz6qne7rc8"}
{"type":"log","timestamp":1731229412155,"level":"debug","message":"preparing office preview","meta":{"rootId":"yfqumis6bl5mr5u","id":"yfqumis6bl5mr5u"},"id":"gh6jqnzl94aafwf","previousOperationId":"2nwbgoz6qne7rc8"}
{"type":"operationEnd","operationId":"2nwbgoz6qne7rc8","timestamp":1731229412604,"id":"a3c01wo4my4v0t6","previousEventId":"0psuqfpmaaula6v","previousOperationId":"2nwbgoz6qne7rc8"}
{"type":"log","timestamp":1731229412604,"level":"debug","message":"Skipping storing report.","meta":{"rootId":"yfqumis6bl5mr5u","id":"yfqumis6bl5mr5u"},"id":"fa6kxcwr76jl1g7","previousOperationId":"2nwbgoz6qne7rc8"}
{"type":"log","timestamp":1731229412604,"level":"info","message":"Rendering request 184 finished in 1317 ms","meta":{"rootId":"yfqumis6bl5mr5u","id":"yfqumis6bl5mr5u"},"id":"shs589802skgwpl","previousOperationId":"2nwbgoz6qne7rc8"}
{"type":"operationEnd","subtype":"render","operationId":"xyr1f2gj3yy9ejt","timestamp":1731229412604,"id":"nix6t22x466omwq","previousEventId":"a3c01wo4my4v0t6","previousOperationId":"2nwbgoz6qne7rc8"}
{"type":"operationEnd","doDiffs":false,"previousEventId":"rl0mtlbf45mj4av","previousOperationId":"sl2gyvkar0n3mdy","operationId":"sl2gyvkar0n3mdy","timestamp":1731229412606,"id":"5fvcg5hcsaotk72"}
