{"type":"operationStart","subtype":"profile","data":{"_id":"mc7qpyBlUcmV1vPu","timestamp":"2024-11-10T13:05:50.715Z","state":"queued","mode":"standard","creationDate":"2024-11-10T13:05:50.716Z","modificationDate":"2024-11-10T13:05:50.716Z","shortid":"XNRaxKy","inheritedReadPermissions":[],"inheritedEditPermissions":[],"$entitySet":"profiles"},"doDiffs":false,"timestamp":1731243950716,"id":"mee37pilsbj9d91","previousOperationId":null,"operationId":"bj9nvwugyfhb1br"}
{"type":"log","level":"info","message":"Render request 9 queued for execution and waiting for available worker","previousOperationId":"bj9nvwugyfhb1br","timestamp":1731243950716,"id":"zz5ugq6dedpfozy"}
{"type":"operationStart","subtype":"render","name":"new-excl-template","previousOperationId":"bj9nvwugyfhb1br","timestamp":1731243950728,"id":"7vcmx7ha6rl0d97","previousEventId":"mee37pilsbj9d91","operationId":"ygf66j19tlk31f4"}
{"type":"log","timestamp":1731243950728,"level":"info","message":"Starting rendering request 9 (user: admin)","meta":{"rootId":"yjcfyjogbxisk9r","id":"yjcfyjogbxisk9r"},"id":"s1ljhwyo9mxppgm","previousOperationId":"ygf66j19tlk31f4"}
{"type":"log","timestamp":1731243950728,"level":"info","message":"Rendering template { name: new-excl-template, recipe: html-to-xlsx, engine: handlebars, preview: true }","meta":{"rootId":"yjcfyjogbxisk9r","id":"yjcfyjogbxisk9r"},"id":"hitaukx1otvvv0w","previousOperationId":"ygf66j19tlk31f4"}
{"type":"log","timestamp":1731243950729,"level":"debug","message":"Adding sample data pVkbCM7am","meta":{"rootId":"yjcfyjogbxisk9r","id":"yjcfyjogbxisk9r"},"id":"e5c9vj12l12g65n","previousOperationId":"ygf66j19tlk31f4"}
{"type":"log","timestamp":1731243950731,"level":"debug","message":"Base url not specified, skipping its injection.","meta":{"rootId":"yjcfyjogbxisk9r","id":"yjcfyjogbxisk9r"},"id":"ep1drklm109izzo","previousOperationId":"ygf66j19tlk31f4"}
{"type":"log","timestamp":1731243950734,"level":"debug","message":"Replaced assets [\"KhmerOSSiemreapRegular.ttf\"]","meta":{"rootId":"yjcfyjogbxisk9r","id":"yjcfyjogbxisk9r"},"id":"cq84vrj8d2uphf8","previousOperationId":"ygf66j19tlk31f4"}
{"type":"operationStart","subtype":"engine","name":"handlebars","timestamp":1731243950734,"id":"peuoapozi9keoyi","previousEventId":"7vcmx7ha6rl0d97","operationId":"jv4esrlg7aafd8t","previousOperationId":"ygf66j19tlk31f4"}
{"type":"log","timestamp":1731243950734,"level":"debug","message":"Rendering engine handlebars","meta":{"rootId":"yjcfyjogbxisk9r","id":"yjcfyjogbxisk9r"},"id":"pakbxw2b45k8hj3","previousOperationId":"jv4esrlg7aafd8t"}
{"type":"operationEnd","operationId":"jv4esrlg7aafd8t","timestamp":1731243950747,"id":"rgvs1umiuw9y581","previousEventId":"peuoapozi9keoyi","previousOperationId":"jv4esrlg7aafd8t"}
{"type":"operationStart","subtype":"recipe","name":"html-to-xlsx","timestamp":1731243950750,"id":"6apfemkutc4xxj7","previousEventId":"rgvs1umiuw9y581","operationId":"1ofz79qb63xci39","previousOperationId":"jv4esrlg7aafd8t"}
{"type":"log","timestamp":1731243950750,"level":"debug","message":"Executing recipe html-to-xlsx","meta":{"rootId":"yjcfyjogbxisk9r","id":"yjcfyjogbxisk9r"},"id":"bhood92ppvqfahl","previousOperationId":"1ofz79qb63xci39"}
{"type":"log","timestamp":1731243950750,"level":"info","message":"html-to-xlsx generation is starting","meta":{"rootId":"yjcfyjogbxisk9r","id":"yjcfyjogbxisk9r"},"id":"ji45rjmjxofayc3","previousOperationId":"1ofz79qb63xci39"}
{"type":"log","timestamp":1731243951360,"level":"info","message":"html-to-xlsx generation was finished","meta":{"rootId":"yjcfyjogbxisk9r","id":"yjcfyjogbxisk9r"},"id":"ad6in8iou1fsu4c","previousOperationId":"1ofz79qb63xci39"}
{"type":"log","timestamp":1731243951360,"level":"debug","message":"preparing office preview","meta":{"rootId":"yjcfyjogbxisk9r","id":"yjcfyjogbxisk9r"},"id":"k9bt00ik3k6oh0k","previousOperationId":"1ofz79qb63xci39"}
{"type":"operationEnd","operationId":"1ofz79qb63xci39","timestamp":1731243951814,"id":"iebfp5zylc7xa6z","previousEventId":"6apfemkutc4xxj7","previousOperationId":"1ofz79qb63xci39"}
{"type":"log","timestamp":1731243951814,"level":"debug","message":"Skipping storing report.","meta":{"rootId":"yjcfyjogbxisk9r","id":"yjcfyjogbxisk9r"},"id":"648bfx2ds67aczj","previousOperationId":"1ofz79qb63xci39"}
{"type":"log","timestamp":1731243951814,"level":"info","message":"Rendering request 9 finished in 1099 ms","meta":{"rootId":"yjcfyjogbxisk9r","id":"yjcfyjogbxisk9r"},"id":"hcz4l49j8d963fo","previousOperationId":"1ofz79qb63xci39"}
{"type":"operationEnd","subtype":"render","operationId":"ygf66j19tlk31f4","timestamp":1731243951814,"id":"egvulx8eeaf3jqo","previousEventId":"iebfp5zylc7xa6z","previousOperationId":"1ofz79qb63xci39"}
{"type":"operationEnd","doDiffs":false,"previousEventId":"mee37pilsbj9d91","previousOperationId":"bj9nvwugyfhb1br","operationId":"bj9nvwugyfhb1br","timestamp":1731243951816,"id":"0o64grf4dwuqlse"}
