{"type":"operationStart","subtype":"profile","data":{"_id":"Sy1oFLPwFJwsnKJB","timestamp":"2024-11-10T13:24:30.953Z","state":"queued","mode":"standard","creationDate":"2024-11-10T13:24:30.955Z","modificationDate":"2024-11-10T13:24:30.955Z","shortid":"y6X0Xd_","inheritedReadPermissions":[],"inheritedEditPermissions":[],"$entitySet":"profiles"},"doDiffs":false,"timestamp":1731245070954,"id":"5r9crb5wjr96bpp","previousOperationId":null,"operationId":"5es95ftzs9zrwn0"}
{"type":"log","level":"info","message":"Render request 62 queued for execution and waiting for available worker","previousOperationId":"5es95ftzs9zrwn0","timestamp":1731245070955,"id":"3yozve1e0i2o9l7"}
{"type":"operationStart","subtype":"render","name":"new-excl-template","previousOperationId":"5es95ftzs9zrwn0","timestamp":1731245070961,"id":"5fia92t4k5oxotq","previousEventId":"5r9crb5wjr96bpp","operationId":"6pyxagzmrmjck2j"}
{"type":"log","timestamp":1731245070961,"level":"info","message":"Starting rendering request 62 (user: admin)","meta":{"rootId":"ylf3fq34t1zg7ze","id":"ylf3fq34t1zg7ze"},"id":"0p3ckwwgehv3qi8","previousOperationId":"6pyxagzmrmjck2j"}
{"type":"log","timestamp":1731245070961,"level":"info","message":"Rendering template { name: new-excl-template, recipe: html-to-xlsx, engine: handlebars, preview: true }","meta":{"rootId":"ylf3fq34t1zg7ze","id":"ylf3fq34t1zg7ze"},"id":"y6dkorc4izef6x0","previousOperationId":"6pyxagzmrmjck2j"}
{"type":"log","timestamp":1731245070961,"level":"debug","message":"Inline data specified.","meta":{"rootId":"ylf3fq34t1zg7ze","id":"ylf3fq34t1zg7ze"},"id":"gwskg6te49v0d11","previousOperationId":"6pyxagzmrmjck2j"}
{"type":"log","timestamp":1731245070963,"level":"debug","message":"Base url not specified, skipping its injection.","meta":{"rootId":"ylf3fq34t1zg7ze","id":"ylf3fq34t1zg7ze"},"id":"g608hweymm9n99f","previousOperationId":"6pyxagzmrmjck2j"}
{"type":"log","timestamp":1731245070964,"level":"debug","message":"Replaced assets [\"KhmerOSSiemreapRegular.ttf\"]","meta":{"rootId":"ylf3fq34t1zg7ze","id":"ylf3fq34t1zg7ze"},"id":"csm1ml7579fuzmf","previousOperationId":"6pyxagzmrmjck2j"}
{"type":"operationStart","subtype":"engine","name":"handlebars","timestamp":1731245070964,"id":"5a399dzme6nl1vt","previousEventId":"5fia92t4k5oxotq","operationId":"mu2x4ayskf4p8yk","previousOperationId":"6pyxagzmrmjck2j"}
{"type":"log","timestamp":1731245070964,"level":"debug","message":"Rendering engine handlebars","meta":{"rootId":"ylf3fq34t1zg7ze","id":"ylf3fq34t1zg7ze"},"id":"pb77ulj2o95e72k","previousOperationId":"mu2x4ayskf4p8yk"}
{"type":"operationEnd","operationId":"mu2x4ayskf4p8yk","timestamp":1731245070979,"id":"9top2n5x7iirh89","previousEventId":"5a399dzme6nl1vt","previousOperationId":"mu2x4ayskf4p8yk"}
{"type":"operationStart","subtype":"recipe","name":"html-to-xlsx","timestamp":1731245070981,"id":"7rn5rfs1yuk0ywn","previousEventId":"9top2n5x7iirh89","operationId":"l6hme62vzg3e2xl","previousOperationId":"mu2x4ayskf4p8yk"}
{"type":"log","timestamp":1731245070981,"level":"debug","message":"Executing recipe html-to-xlsx","meta":{"rootId":"ylf3fq34t1zg7ze","id":"ylf3fq34t1zg7ze"},"id":"kc9qdswegoogeco","previousOperationId":"l6hme62vzg3e2xl"}
{"type":"log","timestamp":1731245070981,"level":"info","message":"html-to-xlsx generation is starting","meta":{"rootId":"ylf3fq34t1zg7ze","id":"ylf3fq34t1zg7ze"},"id":"l224l1al55fwhac","previousOperationId":"l6hme62vzg3e2xl"}
{"type":"log","timestamp":1731245071550,"level":"info","message":"html-to-xlsx generation was finished","meta":{"rootId":"ylf3fq34t1zg7ze","id":"ylf3fq34t1zg7ze"},"id":"fb4wpksiai0hdsv","previousOperationId":"l6hme62vzg3e2xl"}
{"type":"log","timestamp":1731245071550,"level":"debug","message":"preparing office preview","meta":{"rootId":"ylf3fq34t1zg7ze","id":"ylf3fq34t1zg7ze"},"id":"e0905m8ctp6cf11","previousOperationId":"l6hme62vzg3e2xl"}
{"type":"operationEnd","operationId":"l6hme62vzg3e2xl","timestamp":1731245072057,"id":"vm7legu12gtx0in","previousEventId":"7rn5rfs1yuk0ywn","previousOperationId":"l6hme62vzg3e2xl"}
{"type":"log","timestamp":1731245072057,"level":"debug","message":"Skipping storing report.","meta":{"rootId":"ylf3fq34t1zg7ze","id":"ylf3fq34t1zg7ze"},"id":"r6q5gxyvhv2cm85","previousOperationId":"l6hme62vzg3e2xl"}
{"type":"log","timestamp":1731245072057,"level":"info","message":"Rendering request 62 finished in 1104 ms","meta":{"rootId":"ylf3fq34t1zg7ze","id":"ylf3fq34t1zg7ze"},"id":"n10b60o42k5qb5w","previousOperationId":"l6hme62vzg3e2xl"}
{"type":"operationEnd","subtype":"render","operationId":"6pyxagzmrmjck2j","timestamp":1731245072057,"id":"fr1hivil47o6tq2","previousEventId":"vm7legu12gtx0in","previousOperationId":"l6hme62vzg3e2xl"}
{"type":"operationEnd","doDiffs":false,"previousEventId":"5r9crb5wjr96bpp","previousOperationId":"5es95ftzs9zrwn0","operationId":"5es95ftzs9zrwn0","timestamp":1731245072059,"id":"k0kp30kltqh5a73"}
