{"type":"operationStart","subtype":"profile","data":{"_id":"w4RdFzYnxbSVksfY","timestamp":"2024-11-10T14:13:52.080Z","state":"queued","mode":"standard","creationDate":"2024-11-10T14:13:52.081Z","modificationDate":"2024-11-10T14:13:52.081Z","shortid":"Gojgo-f","inheritedReadPermissions":[],"inheritedEditPermissions":[],"$entitySet":"profiles"},"doDiffs":false,"timestamp":1731248032081,"id":"ac72kq8wv5p66oo","previousOperationId":null,"operationId":"i2jb1n9e9ircgr1"}
{"type":"log","level":"info","message":"Render request 121 queued for execution and waiting for available worker","previousOperationId":"i2jb1n9e9ircgr1","timestamp":1731248032081,"id":"tpevnpy0rkvpgoi"}
{"type":"operationStart","subtype":"render","name":"new-excl-template","previousOperationId":"i2jb1n9e9ircgr1","timestamp":1731248032088,"id":"ui1a5wyqkwapssk","previousEventId":"ac72kq8wv5p66oo","operationId":"m6ib9vz0wjzjzwb"}
{"type":"log","timestamp":1731248032089,"level":"info","message":"Starting rendering request 121 (user: admin)","meta":{"rootId":"yp12ectr8k4svw4","id":"yp12ectr8k4svw4"},"id":"2vl9cyjibvv462v","previousOperationId":"m6ib9vz0wjzjzwb"}
{"type":"log","timestamp":1731248032089,"level":"info","message":"Rendering template { name: new-excl-template, recipe: html-to-xlsx, engine: handlebars, preview: true }","meta":{"rootId":"yp12ectr8k4svw4","id":"yp12ectr8k4svw4"},"id":"4fgo5wbdnk6ltaw","previousOperationId":"m6ib9vz0wjzjzwb"}
{"type":"log","timestamp":1731248032089,"level":"debug","message":"Inline data specified.","meta":{"rootId":"yp12ectr8k4svw4","id":"yp12ectr8k4svw4"},"id":"hvm5x8sgdhsymkk","previousOperationId":"m6ib9vz0wjzjzwb"}
{"type":"log","timestamp":1731248032091,"level":"debug","message":"Base url not specified, skipping its injection.","meta":{"rootId":"yp12ectr8k4svw4","id":"yp12ectr8k4svw4"},"id":"7ggytih6cb1xjx3","previousOperationId":"m6ib9vz0wjzjzwb"}
{"type":"log","timestamp":1731248032093,"level":"debug","message":"Replaced assets [\"KhmerOSSiemreapRegular.ttf\"]","meta":{"rootId":"yp12ectr8k4svw4","id":"yp12ectr8k4svw4"},"id":"id3swe36z1416hm","previousOperationId":"m6ib9vz0wjzjzwb"}
{"type":"operationStart","subtype":"engine","name":"handlebars","timestamp":1731248032093,"id":"67sf92zyjherqhn","previousEventId":"ui1a5wyqkwapssk","operationId":"37y3itj9571vva2","previousOperationId":"m6ib9vz0wjzjzwb"}
{"type":"log","timestamp":1731248032093,"level":"debug","message":"Rendering engine handlebars","meta":{"rootId":"yp12ectr8k4svw4","id":"yp12ectr8k4svw4"},"id":"gewqvp2pyzn3oac","previousOperationId":"37y3itj9571vva2"}
{"type":"operationEnd","operationId":"37y3itj9571vva2","timestamp":1731248032105,"id":"foqffn9regq64qu","previousEventId":"67sf92zyjherqhn","previousOperationId":"37y3itj9571vva2"}
{"type":"operationStart","subtype":"recipe","name":"html-to-xlsx","timestamp":1731248032106,"id":"dk8vz60l7tzz10c","previousEventId":"foqffn9regq64qu","operationId":"k7wpp2xblml7tob","previousOperationId":"37y3itj9571vva2"}
{"type":"log","timestamp":1731248032106,"level":"debug","message":"Executing recipe html-to-xlsx","meta":{"rootId":"yp12ectr8k4svw4","id":"yp12ectr8k4svw4"},"id":"ek3kmxg08355apy","previousOperationId":"k7wpp2xblml7tob"}
{"type":"log","timestamp":1731248032106,"level":"info","message":"html-to-xlsx generation is starting","meta":{"rootId":"yp12ectr8k4svw4","id":"yp12ectr8k4svw4"},"id":"bjgn7m9wjyvl2d4","previousOperationId":"k7wpp2xblml7tob"}
{"type":"log","timestamp":1731248032625,"level":"info","message":"html-to-xlsx generation was finished","meta":{"rootId":"yp12ectr8k4svw4","id":"yp12ectr8k4svw4"},"id":"ekwhanawxenuhz4","previousOperationId":"k7wpp2xblml7tob"}
{"type":"log","timestamp":1731248032625,"level":"debug","message":"preparing office preview","meta":{"rootId":"yp12ectr8k4svw4","id":"yp12ectr8k4svw4"},"id":"53xrdp99rgoqlsw","previousOperationId":"k7wpp2xblml7tob"}
{"type":"operationEnd","operationId":"k7wpp2xblml7tob","timestamp":1731248033137,"id":"6zzuzc34pxo7n54","previousEventId":"dk8vz60l7tzz10c","previousOperationId":"k7wpp2xblml7tob"}
{"type":"log","timestamp":1731248033137,"level":"debug","message":"Skipping storing report.","meta":{"rootId":"yp12ectr8k4svw4","id":"yp12ectr8k4svw4"},"id":"zqhg7qyv7w5l4eu","previousOperationId":"k7wpp2xblml7tob"}
{"type":"log","timestamp":1731248033137,"level":"info","message":"Rendering request 121 finished in 1057 ms","meta":{"rootId":"yp12ectr8k4svw4","id":"yp12ectr8k4svw4"},"id":"pmiugncr2gvh07z","previousOperationId":"k7wpp2xblml7tob"}
{"type":"operationEnd","subtype":"render","operationId":"m6ib9vz0wjzjzwb","timestamp":1731248033137,"id":"42l6zsnb3q59dcv","previousEventId":"6zzuzc34pxo7n54","previousOperationId":"k7wpp2xblml7tob"}
{"type":"operationEnd","doDiffs":false,"previousEventId":"ac72kq8wv5p66oo","previousOperationId":"i2jb1n9e9ircgr1","operationId":"i2jb1n9e9ircgr1","timestamp":1731248033139,"id":"ntbboxji7eqg651"}
