{"type":"operationStart","subtype":"profile","data":{"_id":"OACw2dDbLalfeF1A","timestamp":"2024-11-10T14:43:20.677Z","state":"queued","mode":"standard","creationDate":"2024-11-10T14:43:20.678Z","modificationDate":"2024-11-10T14:43:20.678Z","shortid":"S947jGc","inheritedReadPermissions":[],"inheritedEditPermissions":[],"$entitySet":"profiles"},"doDiffs":false,"timestamp":1731249800677,"id":"eulcpo5my1oih99","previousOperationId":null,"operationId":"aqlnzzh56s7xmjb"}
{"type":"log","level":"info","message":"Render request 163 queued for execution and waiting for available worker","previousOperationId":"aqlnzzh56s7xmjb","timestamp":1731249800678,"id":"dnf705zsq9s0b8j"}
{"type":"operationStart","subtype":"render","name":"new-excl-template","previousOperationId":"aqlnzzh56s7xmjb","timestamp":1731249800687,"id":"mkr4b4za3sgme6p","previousEventId":"eulcpo5my1oih99","operationId":"os20rugfehl6t3o"}
{"type":"log","timestamp":1731249800687,"level":"info","message":"Starting rendering request 163 (user: admin)","meta":{"rootId":"yqjra1vcovcjuir","id":"yqjra1vcovcjuir"},"id":"adqmgir04wacg7s","previousOperationId":"os20rugfehl6t3o"}
{"type":"log","timestamp":1731249800687,"level":"info","message":"Rendering template { name: new-excl-template, recipe: html-to-xlsx, engine: handlebars, preview: true }","meta":{"rootId":"yqjra1vcovcjuir","id":"yqjra1vcovcjuir"},"id":"itryyj0mi22t83f","previousOperationId":"os20rugfehl6t3o"}
{"type":"log","timestamp":1731249800688,"level":"debug","message":"Inline data specified.","meta":{"rootId":"yqjra1vcovcjuir","id":"yqjra1vcovcjuir"},"id":"8oqv1ydfodhvfi3","previousOperationId":"os20rugfehl6t3o"}
{"type":"log","timestamp":1731249800689,"level":"debug","message":"Base url not specified, skipping its injection.","meta":{"rootId":"yqjra1vcovcjuir","id":"yqjra1vcovcjuir"},"id":"6s4z7kzwbv9ks3l","previousOperationId":"os20rugfehl6t3o"}
{"type":"log","timestamp":1731249800691,"level":"debug","message":"Replaced assets [\"KhmerOSSiemreapRegular.ttf\"]","meta":{"rootId":"yqjra1vcovcjuir","id":"yqjra1vcovcjuir"},"id":"jq2crpr60xngh0l","previousOperationId":"os20rugfehl6t3o"}
{"type":"operationStart","subtype":"engine","name":"handlebars","timestamp":1731249800691,"id":"mfowg7rraqtv09j","previousEventId":"mkr4b4za3sgme6p","operationId":"5dvxguhnqr4gb5l","previousOperationId":"os20rugfehl6t3o"}
{"type":"log","timestamp":1731249800691,"level":"debug","message":"Rendering engine handlebars","meta":{"rootId":"yqjra1vcovcjuir","id":"yqjra1vcovcjuir"},"id":"ky9bzw412su7ex9","previousOperationId":"5dvxguhnqr4gb5l"}
{"type":"operationEnd","operationId":"5dvxguhnqr4gb5l","timestamp":1731249800703,"id":"abmw0dv9pr6p6a0","previousEventId":"mfowg7rraqtv09j","previousOperationId":"5dvxguhnqr4gb5l"}
{"type":"operationStart","subtype":"recipe","name":"html-to-xlsx","timestamp":1731249800705,"id":"e72r712ku1a9cys","previousEventId":"abmw0dv9pr6p6a0","operationId":"ub0f3p0c1wbks9l","previousOperationId":"5dvxguhnqr4gb5l"}
{"type":"log","timestamp":1731249800705,"level":"debug","message":"Executing recipe html-to-xlsx","meta":{"rootId":"yqjra1vcovcjuir","id":"yqjra1vcovcjuir"},"id":"gwttw78rd5xbjl9","previousOperationId":"ub0f3p0c1wbks9l"}
{"type":"log","timestamp":1731249800705,"level":"info","message":"html-to-xlsx generation is starting","meta":{"rootId":"yqjra1vcovcjuir","id":"yqjra1vcovcjuir"},"id":"5ygq2vxjiw60w5b","previousOperationId":"ub0f3p0c1wbks9l"}
{"type":"log","timestamp":1731249801349,"level":"info","message":"html-to-xlsx generation was finished","meta":{"rootId":"yqjra1vcovcjuir","id":"yqjra1vcovcjuir"},"id":"5dc9zpcmeu01111","previousOperationId":"ub0f3p0c1wbks9l"}
{"type":"log","timestamp":1731249801349,"level":"debug","message":"preparing office preview","meta":{"rootId":"yqjra1vcovcjuir","id":"yqjra1vcovcjuir"},"id":"zw83mxx022sn9hd","previousOperationId":"ub0f3p0c1wbks9l"}
{"type":"operationEnd","operationId":"ub0f3p0c1wbks9l","timestamp":1731249801797,"id":"bag1ug4s3m5vzvf","previousEventId":"e72r712ku1a9cys","previousOperationId":"ub0f3p0c1wbks9l"}
{"type":"log","timestamp":1731249801797,"level":"debug","message":"Skipping storing report.","meta":{"rootId":"yqjra1vcovcjuir","id":"yqjra1vcovcjuir"},"id":"qldjx5u6a9g9wsr","previousOperationId":"ub0f3p0c1wbks9l"}
{"type":"log","timestamp":1731249801797,"level":"info","message":"Rendering request 163 finished in 1121 ms","meta":{"rootId":"yqjra1vcovcjuir","id":"yqjra1vcovcjuir"},"id":"gjryh19eb2rsfbg","previousOperationId":"ub0f3p0c1wbks9l"}
{"type":"operationEnd","subtype":"render","operationId":"os20rugfehl6t3o","timestamp":1731249801797,"id":"xvts39rksk6ttnw","previousEventId":"bag1ug4s3m5vzvf","previousOperationId":"ub0f3p0c1wbks9l"}
{"type":"operationEnd","doDiffs":false,"previousEventId":"eulcpo5my1oih99","previousOperationId":"aqlnzzh56s7xmjb","operationId":"aqlnzzh56s7xmjb","timestamp":1731249801800,"id":"cec384whf94kcfv"}
