{"type":"operationStart","subtype":"profile","data":{"_id":"6PK0w9LhUsidCTdp","timestamp":"2024-11-10T14:01:42.418Z","state":"queued","mode":"standard","creationDate":"2024-11-10T14:01:42.420Z","modificationDate":"2024-11-10T14:01:42.420Z","shortid":"oJz-klG","inheritedReadPermissions":[],"inheritedEditPermissions":[],"$entitySet":"profiles"},"doDiffs":false,"timestamp":1731247302419,"id":"jdxh1vy6ilrurs3","previousOperationId":null,"operationId":"j3ap50pymsqp58b"}
{"type":"log","level":"info","message":"Render request 95 queued for execution and waiting for available worker","previousOperationId":"j3ap50pymsqp58b","timestamp":1731247302419,"id":"xdv29x24oadeeeq"}
{"type":"operationStart","subtype":"render","name":"new-excl-template","previousOperationId":"j3ap50pymsqp58b","timestamp":1731247302430,"id":"ysyxlbfc2t83o6x","previousEventId":"jdxh1vy6ilrurs3","operationId":"skyc1mwi7r6fite"}
{"type":"log","timestamp":1731247302430,"level":"info","message":"Starting rendering request 95 (user: admin)","meta":{"rootId":"ysz9ja013z3isad","id":"ysz9ja013z3isad"},"id":"cp0s3ahvosr207w","previousOperationId":"skyc1mwi7r6fite"}
{"type":"log","timestamp":1731247302430,"level":"info","message":"Rendering template { name: new-excl-template, recipe: html-to-xlsx, engine: handlebars, preview: true }","meta":{"rootId":"ysz9ja013z3isad","id":"ysz9ja013z3isad"},"id":"9qczuxa8r38rrs0","previousOperationId":"skyc1mwi7r6fite"}
{"type":"log","timestamp":1731247302430,"level":"debug","message":"Inline data specified.","meta":{"rootId":"ysz9ja013z3isad","id":"ysz9ja013z3isad"},"id":"iwxtp0rwmbugfnx","previousOperationId":"skyc1mwi7r6fite"}
{"type":"log","timestamp":1731247302432,"level":"debug","message":"Base url not specified, skipping its injection.","meta":{"rootId":"ysz9ja013z3isad","id":"ysz9ja013z3isad"},"id":"gmc2zzi6e2rff3w","previousOperationId":"skyc1mwi7r6fite"}
{"type":"log","timestamp":1731247302435,"level":"debug","message":"Replaced assets [\"KhmerOSSiemreapRegular.ttf\"]","meta":{"rootId":"ysz9ja013z3isad","id":"ysz9ja013z3isad"},"id":"s0jqodke6gkgtou","previousOperationId":"skyc1mwi7r6fite"}
{"type":"operationStart","subtype":"engine","name":"handlebars","timestamp":1731247302435,"id":"q7k4ptivkjgyy5h","previousEventId":"ysyxlbfc2t83o6x","operationId":"8ujzbj4a4w6lw2w","previousOperationId":"skyc1mwi7r6fite"}
{"type":"log","timestamp":1731247302435,"level":"debug","message":"Rendering engine handlebars","meta":{"rootId":"ysz9ja013z3isad","id":"ysz9ja013z3isad"},"id":"6jqbh0xct87e49j","previousOperationId":"8ujzbj4a4w6lw2w"}
{"type":"operationEnd","operationId":"8ujzbj4a4w6lw2w","timestamp":1731247302452,"id":"s0sw31cgkl0w99z","previousEventId":"q7k4ptivkjgyy5h","previousOperationId":"8ujzbj4a4w6lw2w"}
{"type":"operationStart","subtype":"recipe","name":"html-to-xlsx","timestamp":1731247302453,"id":"w5hup6qx23fh4i7","previousEventId":"s0sw31cgkl0w99z","operationId":"3lbzwa2l7muy0xy","previousOperationId":"8ujzbj4a4w6lw2w"}
{"type":"log","timestamp":1731247302453,"level":"debug","message":"Executing recipe html-to-xlsx","meta":{"rootId":"ysz9ja013z3isad","id":"ysz9ja013z3isad"},"id":"56gy20pcpbbnkuv","previousOperationId":"3lbzwa2l7muy0xy"}
{"type":"log","timestamp":1731247302453,"level":"info","message":"html-to-xlsx generation is starting","meta":{"rootId":"ysz9ja013z3isad","id":"ysz9ja013z3isad"},"id":"bqm4kiopz6wzon5","previousOperationId":"3lbzwa2l7muy0xy"}
{"type":"log","timestamp":1731247303140,"level":"info","message":"html-to-xlsx generation was finished","meta":{"rootId":"ysz9ja013z3isad","id":"ysz9ja013z3isad"},"id":"ny8hnrhctppdhb9","previousOperationId":"3lbzwa2l7muy0xy"}
{"type":"log","timestamp":1731247303140,"level":"debug","message":"preparing office preview","meta":{"rootId":"ysz9ja013z3isad","id":"ysz9ja013z3isad"},"id":"223j573v7oll6u9","previousOperationId":"3lbzwa2l7muy0xy"}
{"type":"operationEnd","operationId":"3lbzwa2l7muy0xy","timestamp":1731247303668,"id":"yklzsk69zm7rj2k","previousEventId":"w5hup6qx23fh4i7","previousOperationId":"3lbzwa2l7muy0xy"}
{"type":"log","timestamp":1731247303668,"level":"debug","message":"Skipping storing report.","meta":{"rootId":"ysz9ja013z3isad","id":"ysz9ja013z3isad"},"id":"n7mssu24fze6ayz","previousOperationId":"3lbzwa2l7muy0xy"}
{"type":"log","timestamp":1731247303668,"level":"info","message":"Rendering request 95 finished in 1250 ms","meta":{"rootId":"ysz9ja013z3isad","id":"ysz9ja013z3isad"},"id":"8bqerydd59vznj3","previousOperationId":"3lbzwa2l7muy0xy"}
{"type":"operationEnd","subtype":"render","operationId":"skyc1mwi7r6fite","timestamp":1731247303669,"id":"a42g5lztec5986s","previousEventId":"yklzsk69zm7rj2k","previousOperationId":"3lbzwa2l7muy0xy"}
{"type":"operationEnd","doDiffs":false,"previousEventId":"jdxh1vy6ilrurs3","previousOperationId":"j3ap50pymsqp58b","operationId":"j3ap50pymsqp58b","timestamp":1731247303672,"id":"dmeuutwux84wqib"}
