{"type":"operationStart","subtype":"profile","data":{"_id":"nhZswgPTmCV7lLRU","timestamp":"2024-11-10T09:16:49.494Z","state":"queued","mode":"standard","creationDate":"2024-11-10T09:16:49.496Z","modificationDate":"2024-11-10T09:16:49.496Z","shortid":"HPSdg_7","inheritedReadPermissions":[],"inheritedEditPermissions":[],"$entitySet":"profiles"},"doDiffs":false,"timestamp":1731230209496,"id":"cd8poli9r3ct00t","previousOperationId":null,"operationId":"nrtdajiu7x6m1ae"}
{"type":"log","level":"info","message":"Render request 192 queued for execution and waiting for available worker","previousOperationId":"nrtdajiu7x6m1ae","timestamp":1731230209496,"id":"m7hsc9oimprqo9f"}
{"type":"operationStart","subtype":"render","name":"new-excl-template","previousOperationId":"nrtdajiu7x6m1ae","timestamp":1731230209504,"id":"tbq0iz4x4bod44a","previousEventId":"cd8poli9r3ct00t","operationId":"uc7g08zw6gttjcv"}
{"type":"log","timestamp":1731230209504,"level":"info","message":"Starting rendering request 192 (user: admin)","meta":{"rootId":"ywlswjsos41vw01","id":"ywlswjsos41vw01"},"id":"9ys2hi601r72sxj","previousOperationId":"uc7g08zw6gttjcv"}
{"type":"log","timestamp":1731230209505,"level":"info","message":"Rendering template { name: new-excl-template, recipe: html-to-xlsx, engine: handlebars, preview: true }","meta":{"rootId":"ywlswjsos41vw01","id":"ywlswjsos41vw01"},"id":"1dc9acsj0ob950y","previousOperationId":"uc7g08zw6gttjcv"}
{"type":"log","timestamp":1731230209505,"level":"debug","message":"Inline data specified.","meta":{"rootId":"ywlswjsos41vw01","id":"ywlswjsos41vw01"},"id":"ja0sk2wsqutirr7","previousOperationId":"uc7g08zw6gttjcv"}
{"type":"log","timestamp":1731230209506,"level":"debug","message":"Base url not specified, skipping its injection.","meta":{"rootId":"ywlswjsos41vw01","id":"ywlswjsos41vw01"},"id":"gwrk258zt5smbja","previousOperationId":"uc7g08zw6gttjcv"}
{"type":"operationStart","subtype":"engine","name":"handlebars","timestamp":1731230209507,"id":"msq7m9iirry2wat","previousEventId":"tbq0iz4x4bod44a","operationId":"ttuilckb25cm4o0","previousOperationId":"uc7g08zw6gttjcv"}
{"type":"log","timestamp":1731230209507,"level":"debug","message":"Rendering engine handlebars","meta":{"rootId":"ywlswjsos41vw01","id":"ywlswjsos41vw01"},"id":"wcl50uo5m0tcs1z","previousOperationId":"ttuilckb25cm4o0"}
{"type":"operationEnd","operationId":"ttuilckb25cm4o0","timestamp":1731230209520,"id":"qzmuhebm30djrt9","previousEventId":"msq7m9iirry2wat","previousOperationId":"ttuilckb25cm4o0"}
{"type":"operationStart","subtype":"recipe","name":"html-to-xlsx","timestamp":1731230209522,"id":"lqkmpjyw3qqy4e4","previousEventId":"qzmuhebm30djrt9","operationId":"vrjfcl4ezg29wvo","previousOperationId":"ttuilckb25cm4o0"}
{"type":"log","timestamp":1731230209522,"level":"debug","message":"Executing recipe html-to-xlsx","meta":{"rootId":"ywlswjsos41vw01","id":"ywlswjsos41vw01"},"id":"24jtgjx805lo5xf","previousOperationId":"vrjfcl4ezg29wvo"}
{"type":"log","timestamp":1731230209522,"level":"info","message":"html-to-xlsx generation is starting","meta":{"rootId":"ywlswjsos41vw01","id":"ywlswjsos41vw01"},"id":"0mx9xb9r1n61su8","previousOperationId":"vrjfcl4ezg29wvo"}
{"type":"log","timestamp":1731230210774,"level":"info","message":"html-to-xlsx generation was finished","meta":{"rootId":"ywlswjsos41vw01","id":"ywlswjsos41vw01"},"id":"7az1nlcsgdghj9c","previousOperationId":"vrjfcl4ezg29wvo"}
{"type":"log","timestamp":1731230210774,"level":"debug","message":"preparing office preview","meta":{"rootId":"ywlswjsos41vw01","id":"ywlswjsos41vw01"},"id":"xrr5qlvuvcd3qxs","previousOperationId":"vrjfcl4ezg29wvo"}
{"type":"operationEnd","operationId":"vrjfcl4ezg29wvo","timestamp":1731230211440,"id":"1rlztzg4ae3m8q1","previousEventId":"lqkmpjyw3qqy4e4","previousOperationId":"vrjfcl4ezg29wvo"}
{"type":"log","timestamp":1731230211440,"level":"debug","message":"Skipping storing report.","meta":{"rootId":"ywlswjsos41vw01","id":"ywlswjsos41vw01"},"id":"haksxpg6to24u17","previousOperationId":"vrjfcl4ezg29wvo"}
{"type":"log","timestamp":1731230211440,"level":"info","message":"Rendering request 192 finished in 1946 ms","meta":{"rootId":"ywlswjsos41vw01","id":"ywlswjsos41vw01"},"id":"n2eu9739xya0hsi","previousOperationId":"vrjfcl4ezg29wvo"}
{"type":"operationEnd","subtype":"render","operationId":"uc7g08zw6gttjcv","timestamp":1731230211440,"id":"bof1uao3tr8ny1b","previousEventId":"1rlztzg4ae3m8q1","previousOperationId":"vrjfcl4ezg29wvo"}
{"type":"operationEnd","doDiffs":false,"previousEventId":"cd8poli9r3ct00t","previousOperationId":"nrtdajiu7x6m1ae","operationId":"nrtdajiu7x6m1ae","timestamp":1731230211441,"id":"yz0dcp3zl5osvuf"}
