{"type":"operationStart","subtype":"profile","data":{"_id":"i0YPPFEY8VJPL828","timestamp":"2024-11-10T13:18:47.567Z","state":"queued","mode":"standard","creationDate":"2024-11-10T13:18:47.569Z","modificationDate":"2024-11-10T13:18:47.569Z","shortid":"0RMRwkz","inheritedReadPermissions":[],"inheritedEditPermissions":[],"$entitySet":"profiles"},"doDiffs":false,"timestamp":1731244727569,"id":"9n41tdym15h3yb9","previousOperationId":null,"operationId":"1k3vjljge7jhdhm"}
{"type":"log","level":"info","message":"Render request 41 queued for execution and waiting for available worker","previousOperationId":"1k3vjljge7jhdhm","timestamp":1731244727569,"id":"q2zvf1088n693xy"}
{"type":"operationStart","subtype":"render","name":"new-excl-template","previousOperationId":"1k3vjljge7jhdhm","timestamp":1731244727577,"id":"dxt7fqtyco0kb6m","previousEventId":"9n41tdym15h3yb9","operationId":"wd1csha2pydi4sa"}
{"type":"log","timestamp":1731244727577,"level":"info","message":"Starting rendering request 41 (user: admin)","meta":{"rootId":"z06ulzdzy9qm0ro","id":"z06ulzdzy9qm0ro"},"id":"oj5n93uw43gle2m","previousOperationId":"wd1csha2pydi4sa"}
{"type":"log","timestamp":1731244727577,"level":"info","message":"Rendering template { name: new-excl-template, recipe: html-to-xlsx, engine: handlebars, preview: true }","meta":{"rootId":"z06ulzdzy9qm0ro","id":"z06ulzdzy9qm0ro"},"id":"tagwlmiftrg0aqr","previousOperationId":"wd1csha2pydi4sa"}
{"type":"log","timestamp":1731244727577,"level":"debug","message":"Inline data specified.","meta":{"rootId":"z06ulzdzy9qm0ro","id":"z06ulzdzy9qm0ro"},"id":"8u6evgymsh1fl1p","previousOperationId":"wd1csha2pydi4sa"}
{"type":"log","timestamp":1731244727578,"level":"debug","message":"Base url not specified, skipping its injection.","meta":{"rootId":"z06ulzdzy9qm0ro","id":"z06ulzdzy9qm0ro"},"id":"knzsopnzmcy3tgw","previousOperationId":"wd1csha2pydi4sa"}
{"type":"log","timestamp":1731244727580,"level":"debug","message":"Replaced assets [\"KhmerOSSiemreapRegular.ttf\"]","meta":{"rootId":"z06ulzdzy9qm0ro","id":"z06ulzdzy9qm0ro"},"id":"bdvkdnwosvj7r7f","previousOperationId":"wd1csha2pydi4sa"}
{"type":"operationStart","subtype":"engine","name":"handlebars","timestamp":1731244727580,"id":"r4i4pzgvv3u5fvm","previousEventId":"dxt7fqtyco0kb6m","operationId":"g6whcwwgyl7p61s","previousOperationId":"wd1csha2pydi4sa"}
{"type":"log","timestamp":1731244727580,"level":"debug","message":"Rendering engine handlebars","meta":{"rootId":"z06ulzdzy9qm0ro","id":"z06ulzdzy9qm0ro"},"id":"duk8vwjqvmdau0a","previousOperationId":"g6whcwwgyl7p61s"}
{"type":"operationEnd","operationId":"g6whcwwgyl7p61s","timestamp":1731244727592,"id":"f7pnlnn3a8j3ugy","previousEventId":"r4i4pzgvv3u5fvm","previousOperationId":"g6whcwwgyl7p61s"}
{"type":"operationStart","subtype":"recipe","name":"html-to-xlsx","timestamp":1731244727595,"id":"6864729e87im165","previousEventId":"f7pnlnn3a8j3ugy","operationId":"gk7o04bakj6qr0l","previousOperationId":"g6whcwwgyl7p61s"}
{"type":"log","timestamp":1731244727595,"level":"debug","message":"Executing recipe html-to-xlsx","meta":{"rootId":"z06ulzdzy9qm0ro","id":"z06ulzdzy9qm0ro"},"id":"pjch9rzcdu0i3g0","previousOperationId":"gk7o04bakj6qr0l"}
{"type":"log","timestamp":1731244727595,"level":"info","message":"html-to-xlsx generation is starting","meta":{"rootId":"z06ulzdzy9qm0ro","id":"z06ulzdzy9qm0ro"},"id":"h4ryk9n72kb0s6k","previousOperationId":"gk7o04bakj6qr0l"}
{"type":"log","timestamp":1731244728246,"level":"info","message":"html-to-xlsx generation was finished","meta":{"rootId":"z06ulzdzy9qm0ro","id":"z06ulzdzy9qm0ro"},"id":"mzncrzgo1bf3y0l","previousOperationId":"gk7o04bakj6qr0l"}
{"type":"log","timestamp":1731244728246,"level":"debug","message":"preparing office preview","meta":{"rootId":"z06ulzdzy9qm0ro","id":"z06ulzdzy9qm0ro"},"id":"g3rbqlep72vclq7","previousOperationId":"gk7o04bakj6qr0l"}
{"type":"operationEnd","operationId":"gk7o04bakj6qr0l","timestamp":1731244728688,"id":"3i94f0m8ojg3wj9","previousEventId":"6864729e87im165","previousOperationId":"gk7o04bakj6qr0l"}
{"type":"log","timestamp":1731244728688,"level":"debug","message":"Skipping storing report.","meta":{"rootId":"z06ulzdzy9qm0ro","id":"z06ulzdzy9qm0ro"},"id":"ze0kuz85qpa2sm4","previousOperationId":"gk7o04bakj6qr0l"}
{"type":"log","timestamp":1731244728688,"level":"info","message":"Rendering request 41 finished in 1121 ms","meta":{"rootId":"z06ulzdzy9qm0ro","id":"z06ulzdzy9qm0ro"},"id":"o34b1tnq2ok58ma","previousOperationId":"gk7o04bakj6qr0l"}
{"type":"operationEnd","subtype":"render","operationId":"wd1csha2pydi4sa","timestamp":1731244728688,"id":"4kbx5lzeexh2bum","previousEventId":"3i94f0m8ojg3wj9","previousOperationId":"gk7o04bakj6qr0l"}
{"type":"operationEnd","doDiffs":false,"previousEventId":"9n41tdym15h3yb9","previousOperationId":"1k3vjljge7jhdhm","operationId":"1k3vjljge7jhdhm","timestamp":1731244728690,"id":"7i5mm0csgklbcyq"}
