{"type":"operationStart","subtype":"profile","data":{"_id":"lz4chHEcgvNDaSMG","timestamp":"2024-11-10T08:49:50.821Z","state":"queued","mode":"standard","creationDate":"2024-11-10T08:49:50.823Z","modificationDate":"2024-11-10T08:49:50.823Z","shortid":"vTWzA8Q","inheritedReadPermissions":[],"inheritedEditPermissions":[],"$entitySet":"profiles"},"doDiffs":false,"timestamp":1731228590822,"id":"fodv0h0b80x4gv4","previousOperationId":null,"operationId":"vgwqdi5nq22exct"}
{"type":"log","level":"info","message":"Render request 154 queued for execution and waiting for available worker","previousOperationId":"vgwqdi5nq22exct","timestamp":1731228590822,"id":"edqafo4ygrzeg04"}
{"type":"operationStart","subtype":"render","name":"new-excl-template","previousOperationId":"vgwqdi5nq22exct","timestamp":1731228590835,"id":"823gjr7zm5xd5qm","previousEventId":"fodv0h0b80x4gv4","operationId":"fovj7ejpag95egu"}
{"type":"log","timestamp":1731228590835,"level":"info","message":"Starting rendering request 154 (user: admin)","meta":{"rootId":"z09hhe88p9hguot","id":"z09hhe88p9hguot"},"id":"x9hbuti7gqp8t6e","previousOperationId":"fovj7ejpag95egu"}
{"type":"log","timestamp":1731228590836,"level":"info","message":"Rendering template { name: new-excl-template, recipe: html-to-xlsx, engine: handlebars, preview: true }","meta":{"rootId":"z09hhe88p9hguot","id":"z09hhe88p9hguot"},"id":"1x71r19sp6rcmi8","previousOperationId":"fovj7ejpag95egu"}
{"type":"log","timestamp":1731228590837,"level":"debug","message":"Inline data specified.","meta":{"rootId":"z09hhe88p9hguot","id":"z09hhe88p9hguot"},"id":"7bz6g8ekk2xqpsj","previousOperationId":"fovj7ejpag95egu"}
{"type":"log","timestamp":1731228590844,"level":"debug","message":"Base url not specified, skipping its injection.","meta":{"rootId":"z09hhe88p9hguot","id":"z09hhe88p9hguot"},"id":"foeoj2fp9kx4k9t","previousOperationId":"fovj7ejpag95egu"}
{"type":"log","timestamp":1731228590846,"level":"debug","message":"Replaced assets [\"KhmerOSSiemreapRegular.ttf\"]","meta":{"rootId":"z09hhe88p9hguot","id":"z09hhe88p9hguot"},"id":"u731ktxkixkw1uz","previousOperationId":"fovj7ejpag95egu"}
{"type":"operationStart","subtype":"engine","name":"handlebars","timestamp":1731228590847,"id":"7kykoj6qsc2sqwq","previousEventId":"823gjr7zm5xd5qm","operationId":"r1p8elw0glce7nh","previousOperationId":"fovj7ejpag95egu"}
{"type":"log","timestamp":1731228590847,"level":"debug","message":"Rendering engine handlebars","meta":{"rootId":"z09hhe88p9hguot","id":"z09hhe88p9hguot"},"id":"wkxnd3rmoku1ypa","previousOperationId":"r1p8elw0glce7nh"}
{"type":"operationEnd","operationId":"r1p8elw0glce7nh","timestamp":1731228590868,"id":"qia8hc3wunmsf9w","previousEventId":"7kykoj6qsc2sqwq","previousOperationId":"r1p8elw0glce7nh"}
{"type":"operationStart","subtype":"recipe","name":"html-to-xlsx","timestamp":1731228590872,"id":"syw2mp3r89b58mn","previousEventId":"qia8hc3wunmsf9w","operationId":"c57insettn7ofs7","previousOperationId":"r1p8elw0glce7nh"}
{"type":"log","timestamp":1731228590872,"level":"debug","message":"Executing recipe html-to-xlsx","meta":{"rootId":"z09hhe88p9hguot","id":"z09hhe88p9hguot"},"id":"eclghe51krxhw0r","previousOperationId":"c57insettn7ofs7"}
{"type":"log","timestamp":1731228590872,"level":"info","message":"html-to-xlsx generation is starting","meta":{"rootId":"z09hhe88p9hguot","id":"z09hhe88p9hguot"},"id":"vd1vebn9wownnz5","previousOperationId":"c57insettn7ofs7"}
{"type":"log","timestamp":1731228591750,"level":"info","message":"html-to-xlsx generation was finished","meta":{"rootId":"z09hhe88p9hguot","id":"z09hhe88p9hguot"},"id":"aw9zbpvbivz2kmd","previousOperationId":"c57insettn7ofs7"}
{"type":"log","timestamp":1731228591750,"level":"debug","message":"preparing office preview","meta":{"rootId":"z09hhe88p9hguot","id":"z09hhe88p9hguot"},"id":"4a9yfpiywkfjs1r","previousOperationId":"c57insettn7ofs7"}
{"type":"operationEnd","operationId":"c57insettn7ofs7","timestamp":1731228592196,"id":"1vna6suyzsxgitk","previousEventId":"syw2mp3r89b58mn","previousOperationId":"c57insettn7ofs7"}
{"type":"log","timestamp":1731228592196,"level":"debug","message":"Skipping storing report.","meta":{"rootId":"z09hhe88p9hguot","id":"z09hhe88p9hguot"},"id":"r0w0gwa16ic5l5d","previousOperationId":"c57insettn7ofs7"}
{"type":"log","timestamp":1731228592196,"level":"info","message":"Rendering request 154 finished in 1375 ms","meta":{"rootId":"z09hhe88p9hguot","id":"z09hhe88p9hguot"},"id":"ao2c3hn2nc2uuvx","previousOperationId":"c57insettn7ofs7"}
{"type":"operationEnd","subtype":"render","operationId":"fovj7ejpag95egu","timestamp":1731228592196,"id":"rq0u96yqnbtqpmn","previousEventId":"1vna6suyzsxgitk","previousOperationId":"c57insettn7ofs7"}
{"type":"operationEnd","doDiffs":false,"previousEventId":"fodv0h0b80x4gv4","previousOperationId":"vgwqdi5nq22exct","operationId":"vgwqdi5nq22exct","timestamp":1731228592198,"id":"hqn8bjd7giecjd9"}
