{"type":"operationStart","subtype":"profile","data":{"_id":"iOsYoG2lS4wz9bF2","timestamp":"2024-11-10T13:48:04.045Z","state":"queued","mode":"standard","creationDate":"2024-11-10T13:48:04.047Z","modificationDate":"2024-11-10T13:48:04.047Z","shortid":"As0z4OE","inheritedReadPermissions":[],"inheritedEditPermissions":[],"$entitySet":"profiles"},"doDiffs":false,"timestamp":1731246484046,"id":"1amjlb758phidcp","previousOperationId":null,"operationId":"mwpq1m8agsg2y2j"}
{"type":"log","level":"info","message":"Render request 77 queued for execution and waiting for available worker","previousOperationId":"mwpq1m8agsg2y2j","timestamp":1731246484046,"id":"b7umg2wdwpvlona"}
{"type":"operationStart","subtype":"render","name":"new-excl-template","previousOperationId":"mwpq1m8agsg2y2j","timestamp":1731246484056,"id":"jxhn97bmmc1hbm2","previousEventId":"1amjlb758phidcp","operationId":"mao1xf587mwo41x"}
{"type":"log","timestamp":1731246484056,"level":"info","message":"Starting rendering request 77 (user: admin)","meta":{"rootId":"z0c84yqphzq6935","id":"z0c84yqphzq6935"},"id":"wk5w2k6wgoq1nqu","previousOperationId":"mao1xf587mwo41x"}
{"type":"log","timestamp":1731246484056,"level":"info","message":"Rendering template { name: new-excl-template, recipe: html-to-xlsx, engine: handlebars, preview: true }","meta":{"rootId":"z0c84yqphzq6935","id":"z0c84yqphzq6935"},"id":"9j0bjqr1a5q8zmo","previousOperationId":"mao1xf587mwo41x"}
{"type":"log","timestamp":1731246484057,"level":"debug","message":"Inline data specified.","meta":{"rootId":"z0c84yqphzq6935","id":"z0c84yqphzq6935"},"id":"k3k951orp0jwup6","previousOperationId":"mao1xf587mwo41x"}
{"type":"log","timestamp":1731246484058,"level":"debug","message":"Base url not specified, skipping its injection.","meta":{"rootId":"z0c84yqphzq6935","id":"z0c84yqphzq6935"},"id":"9l0p0nt0hj4vxdg","previousOperationId":"mao1xf587mwo41x"}
{"type":"log","timestamp":1731246484059,"level":"debug","message":"Replaced assets [\"KhmerOSSiemreapRegular.ttf\"]","meta":{"rootId":"z0c84yqphzq6935","id":"z0c84yqphzq6935"},"id":"u7kpyogyawo4g47","previousOperationId":"mao1xf587mwo41x"}
{"type":"operationStart","subtype":"engine","name":"handlebars","timestamp":1731246484060,"id":"ci3v9bgwn5588u0","previousEventId":"jxhn97bmmc1hbm2","operationId":"0i3mgbvvqwq2yvh","previousOperationId":"mao1xf587mwo41x"}
{"type":"log","timestamp":1731246484060,"level":"debug","message":"Rendering engine handlebars","meta":{"rootId":"z0c84yqphzq6935","id":"z0c84yqphzq6935"},"id":"pq0gygij1q3xeni","previousOperationId":"0i3mgbvvqwq2yvh"}
{"type":"operationEnd","operationId":"0i3mgbvvqwq2yvh","timestamp":1731246484078,"id":"0qdiawkkbzae71a","previousEventId":"ci3v9bgwn5588u0","previousOperationId":"0i3mgbvvqwq2yvh"}
{"type":"operationStart","subtype":"recipe","name":"html-to-xlsx","timestamp":1731246484080,"id":"ahd3or1tulqhz9j","previousEventId":"0qdiawkkbzae71a","operationId":"rclhv6licdx9hsv","previousOperationId":"0i3mgbvvqwq2yvh"}
{"type":"log","timestamp":1731246484080,"level":"debug","message":"Executing recipe html-to-xlsx","meta":{"rootId":"z0c84yqphzq6935","id":"z0c84yqphzq6935"},"id":"zy0gmqzy995xord","previousOperationId":"rclhv6licdx9hsv"}
{"type":"log","timestamp":1731246484080,"level":"info","message":"html-to-xlsx generation is starting","meta":{"rootId":"z0c84yqphzq6935","id":"z0c84yqphzq6935"},"id":"ocuhcbpikvs6ror","previousOperationId":"rclhv6licdx9hsv"}
{"type":"log","timestamp":1731246484698,"level":"info","message":"html-to-xlsx generation was finished","meta":{"rootId":"z0c84yqphzq6935","id":"z0c84yqphzq6935"},"id":"2aa1v5hjko11kdm","previousOperationId":"rclhv6licdx9hsv"}
{"type":"log","timestamp":1731246484698,"level":"debug","message":"preparing office preview","meta":{"rootId":"z0c84yqphzq6935","id":"z0c84yqphzq6935"},"id":"apxnw6ubn7pelzo","previousOperationId":"rclhv6licdx9hsv"}
{"type":"operationEnd","operationId":"rclhv6licdx9hsv","timestamp":1731246485155,"id":"3fucdp22860sp8p","previousEventId":"ahd3or1tulqhz9j","previousOperationId":"rclhv6licdx9hsv"}
{"type":"log","timestamp":1731246485155,"level":"debug","message":"Skipping storing report.","meta":{"rootId":"z0c84yqphzq6935","id":"z0c84yqphzq6935"},"id":"t2e7zpz89zotrtf","previousOperationId":"rclhv6licdx9hsv"}
{"type":"log","timestamp":1731246485155,"level":"info","message":"Rendering request 77 finished in 1110 ms","meta":{"rootId":"z0c84yqphzq6935","id":"z0c84yqphzq6935"},"id":"ltsrct5ux0foe3h","previousOperationId":"rclhv6licdx9hsv"}
{"type":"operationEnd","subtype":"render","operationId":"mao1xf587mwo41x","timestamp":1731246485155,"id":"3x1bzpvxb28a6nj","previousEventId":"3fucdp22860sp8p","previousOperationId":"rclhv6licdx9hsv"}
{"type":"operationEnd","doDiffs":false,"previousEventId":"1amjlb758phidcp","previousOperationId":"mwpq1m8agsg2y2j","operationId":"mwpq1m8agsg2y2j","timestamp":1731246485157,"id":"70zivgsna7d18tp"}
