{"type":"operationStart","subtype":"profile","data":{"_id":"14PY66Uhc01PPoIA","timestamp":"2024-11-10T15:38:09.391Z","state":"queued","mode":"standard","creationDate":"2024-11-10T15:38:09.392Z","modificationDate":"2024-11-10T15:38:09.392Z","shortid":"ISGyIJc","inheritedReadPermissions":[],"inheritedEditPermissions":[],"$entitySet":"profiles"},"doDiffs":false,"timestamp":1731253089392,"id":"41p3diuyfnar0dk","previousOperationId":null,"operationId":"tb7qk3cdx9920tn"}
{"type":"log","level":"info","message":"Render request 204 queued for execution and waiting for available worker","previousOperationId":"tb7qk3cdx9920tn","timestamp":1731253089392,"id":"ufsjd0fbuzab2im"}
{"type":"operationStart","subtype":"render","name":"new-excl-template","previousOperationId":"tb7qk3cdx9920tn","timestamp":1731253089397,"id":"o2pn6o9bgzmvppo","previousEventId":"41p3diuyfnar0dk","operationId":"3kqpa93n4bg0ah8"}
{"type":"log","timestamp":1731253089397,"level":"info","message":"Starting rendering request 204 (user: admin)","meta":{"rootId":"z0o5c5j41udresi","id":"z0o5c5j41udresi"},"id":"wd3w093slfv8te8","previousOperationId":"3kqpa93n4bg0ah8"}
{"type":"log","timestamp":1731253089397,"level":"info","message":"Rendering template { name: new-excl-template, recipe: html-to-xlsx, engine: handlebars, preview: false }","meta":{"rootId":"z0o5c5j41udresi","id":"z0o5c5j41udresi"},"id":"e8x7qek2ap9th1z","previousOperationId":"3kqpa93n4bg0ah8"}
{"type":"log","timestamp":1731253089398,"level":"debug","message":"Adding sample data pVkbCM7am","meta":{"rootId":"z0o5c5j41udresi","id":"z0o5c5j41udresi"},"id":"u89tupfoa8fylyv","previousOperationId":"3kqpa93n4bg0ah8"}
{"type":"log","timestamp":1731253089399,"level":"debug","message":"Base url not specified, skipping its injection.","meta":{"rootId":"z0o5c5j41udresi","id":"z0o5c5j41udresi"},"id":"o3qkn9g9tv0vgj9","previousOperationId":"3kqpa93n4bg0ah8"}
{"type":"log","timestamp":1731253089400,"level":"debug","message":"Replaced assets [\"KhmerOSSiemreapRegular.ttf\"]","meta":{"rootId":"z0o5c5j41udresi","id":"z0o5c5j41udresi"},"id":"2l1thig69gudrwu","previousOperationId":"3kqpa93n4bg0ah8"}
{"type":"operationStart","subtype":"engine","name":"handlebars","timestamp":1731253089400,"id":"xyyix31sf6xdhdt","previousEventId":"o2pn6o9bgzmvppo","operationId":"ys5d17hrpnkqahw","previousOperationId":"3kqpa93n4bg0ah8"}
{"type":"log","timestamp":1731253089400,"level":"debug","message":"Rendering engine handlebars","meta":{"rootId":"z0o5c5j41udresi","id":"z0o5c5j41udresi"},"id":"9cy72w50k0650lo","previousOperationId":"ys5d17hrpnkqahw"}
{"type":"operationEnd","operationId":"ys5d17hrpnkqahw","timestamp":1731253089411,"id":"ltsi8faws21opxu","previousEventId":"xyyix31sf6xdhdt","previousOperationId":"ys5d17hrpnkqahw"}
{"type":"operationStart","subtype":"recipe","name":"html-to-xlsx","timestamp":1731253089412,"id":"gpgtxm0pp350dax","previousEventId":"ltsi8faws21opxu","operationId":"nw7g3cz9atli1as","previousOperationId":"ys5d17hrpnkqahw"}
{"type":"log","timestamp":1731253089412,"level":"debug","message":"Executing recipe html-to-xlsx","meta":{"rootId":"z0o5c5j41udresi","id":"z0o5c5j41udresi"},"id":"c5spw7j2lcj7dqg","previousOperationId":"nw7g3cz9atli1as"}
{"type":"log","timestamp":1731253089412,"level":"info","message":"html-to-xlsx generation is starting","meta":{"rootId":"z0o5c5j41udresi","id":"z0o5c5j41udresi"},"id":"pquojg5l7yr6zgt","previousOperationId":"nw7g3cz9atli1as"}
{"type":"log","timestamp":1731253089961,"level":"info","message":"html-to-xlsx generation was finished","meta":{"rootId":"z0o5c5j41udresi","id":"z0o5c5j41udresi"},"id":"3q44zu4hq84j1em","previousOperationId":"nw7g3cz9atli1as"}
{"type":"operationEnd","operationId":"nw7g3cz9atli1as","timestamp":1731253089962,"id":"ffnifqwskqzracl","previousEventId":"gpgtxm0pp350dax","previousOperationId":"nw7g3cz9atli1as"}
{"type":"log","timestamp":1731253089962,"level":"debug","message":"Skipping storing report.","meta":{"rootId":"z0o5c5j41udresi","id":"z0o5c5j41udresi"},"id":"s0rh4bypv6dvgxw","previousOperationId":"nw7g3cz9atli1as"}
{"type":"log","timestamp":1731253089962,"level":"info","message":"Rendering request 204 finished in 571 ms","meta":{"rootId":"z0o5c5j41udresi","id":"z0o5c5j41udresi"},"id":"1xhn8gndcf3fz3k","previousOperationId":"nw7g3cz9atli1as"}
{"type":"operationEnd","subtype":"render","operationId":"3kqpa93n4bg0ah8","timestamp":1731253089962,"id":"ctp06cg8e0atycf","previousEventId":"ffnifqwskqzracl","previousOperationId":"nw7g3cz9atli1as"}
{"type":"operationEnd","doDiffs":false,"previousEventId":"41p3diuyfnar0dk","previousOperationId":"tb7qk3cdx9920tn","operationId":"tb7qk3cdx9920tn","timestamp":1731253089963,"id":"x9esxuyjuv4atzw"}
