{"type":"operationStart","subtype":"profile","data":{"_id":"I6zg7ObO4IvxqLGr","timestamp":"2024-11-10T15:10:48.597Z","state":"queued","mode":"standard","creationDate":"2024-11-10T15:10:48.599Z","modificationDate":"2024-11-10T15:10:48.599Z","shortid":"syvoL8E","inheritedReadPermissions":[],"inheritedEditPermissions":[],"$entitySet":"profiles"},"doDiffs":false,"timestamp":1731251448598,"id":"kyh2plikv9waqxb","previousOperationId":null,"operationId":"zrn9emzlz8kcxck"}
{"type":"log","level":"info","message":"Render request 189 queued for execution and waiting for available worker","previousOperationId":"zrn9emzlz8kcxck","timestamp":1731251448598,"id":"mhkzjyayj3in7iq"}
{"type":"operationStart","subtype":"render","name":"new-excl-template","previousOperationId":"zrn9emzlz8kcxck","timestamp":1731251448608,"id":"l8ak0n2xsy8kgze","previousEventId":"kyh2plikv9waqxb","operationId":"fwwt5sl5jn5kvoa"}
{"type":"log","timestamp":1731251448608,"level":"info","message":"Starting rendering request 189 (user: admin)","meta":{"rootId":"z1q49iolndv712b","id":"z1q49iolndv712b"},"id":"daehftmw6ttpkgt","previousOperationId":"fwwt5sl5jn5kvoa"}
{"type":"log","timestamp":1731251448608,"level":"info","message":"Rendering template { name: new-excl-template, recipe: html-to-xlsx, engine: handlebars, preview: true }","meta":{"rootId":"z1q49iolndv712b","id":"z1q49iolndv712b"},"id":"kezs1xshb978309","previousOperationId":"fwwt5sl5jn5kvoa"}
{"type":"log","timestamp":1731251448609,"level":"debug","message":"Inline data specified.","meta":{"rootId":"z1q49iolndv712b","id":"z1q49iolndv712b"},"id":"jgati4e3wct58ow","previousOperationId":"fwwt5sl5jn5kvoa"}
{"type":"log","timestamp":1731251448611,"level":"debug","message":"Base url not specified, skipping its injection.","meta":{"rootId":"z1q49iolndv712b","id":"z1q49iolndv712b"},"id":"91sj4wae2r3hbp7","previousOperationId":"fwwt5sl5jn5kvoa"}
{"type":"log","timestamp":1731251448614,"level":"debug","message":"Replaced assets [\"KhmerOSSiemreapRegular.ttf\"]","meta":{"rootId":"z1q49iolndv712b","id":"z1q49iolndv712b"},"id":"ex6sqpc6neat386","previousOperationId":"fwwt5sl5jn5kvoa"}
{"type":"operationStart","subtype":"engine","name":"handlebars","timestamp":1731251448614,"id":"adque4mhj44c93c","previousEventId":"l8ak0n2xsy8kgze","operationId":"f72q68pqm5aacp3","previousOperationId":"fwwt5sl5jn5kvoa"}
{"type":"log","timestamp":1731251448614,"level":"debug","message":"Rendering engine handlebars","meta":{"rootId":"z1q49iolndv712b","id":"z1q49iolndv712b"},"id":"c0twrmiwqist3oy","previousOperationId":"f72q68pqm5aacp3"}
{"type":"operationEnd","operationId":"f72q68pqm5aacp3","timestamp":1731251448623,"id":"gvlcsuhieifqaku","previousEventId":"adque4mhj44c93c","previousOperationId":"f72q68pqm5aacp3"}
{"type":"operationStart","subtype":"recipe","name":"html-to-xlsx","timestamp":1731251448625,"id":"bh4dma9voeck4nm","previousEventId":"gvlcsuhieifqaku","operationId":"kqivoxhxbr9ujhw","previousOperationId":"f72q68pqm5aacp3"}
{"type":"log","timestamp":1731251448625,"level":"debug","message":"Executing recipe html-to-xlsx","meta":{"rootId":"z1q49iolndv712b","id":"z1q49iolndv712b"},"id":"s3c0ykae1o89r54","previousOperationId":"kqivoxhxbr9ujhw"}
{"type":"log","timestamp":1731251448625,"level":"info","message":"html-to-xlsx generation is starting","meta":{"rootId":"z1q49iolndv712b","id":"z1q49iolndv712b"},"id":"7aatfma99mnf0zq","previousOperationId":"kqivoxhxbr9ujhw"}
{"type":"log","timestamp":1731251449232,"level":"info","message":"html-to-xlsx generation was finished","meta":{"rootId":"z1q49iolndv712b","id":"z1q49iolndv712b"},"id":"zhfe25hrf57obil","previousOperationId":"kqivoxhxbr9ujhw"}
{"type":"log","timestamp":1731251449232,"level":"debug","message":"preparing office preview","meta":{"rootId":"z1q49iolndv712b","id":"z1q49iolndv712b"},"id":"78t5og3x2av25au","previousOperationId":"kqivoxhxbr9ujhw"}
{"type":"operationEnd","operationId":"kqivoxhxbr9ujhw","timestamp":1731251449730,"id":"8awyix3r9zkkzp5","previousEventId":"bh4dma9voeck4nm","previousOperationId":"kqivoxhxbr9ujhw"}
{"type":"log","timestamp":1731251449730,"level":"debug","message":"Skipping storing report.","meta":{"rootId":"z1q49iolndv712b","id":"z1q49iolndv712b"},"id":"yzb5smu9r1enf6f","previousOperationId":"kqivoxhxbr9ujhw"}
{"type":"log","timestamp":1731251449730,"level":"info","message":"Rendering request 189 finished in 1133 ms","meta":{"rootId":"z1q49iolndv712b","id":"z1q49iolndv712b"},"id":"51ksmp28ko131bx","previousOperationId":"kqivoxhxbr9ujhw"}
{"type":"operationEnd","subtype":"render","operationId":"fwwt5sl5jn5kvoa","timestamp":1731251449730,"id":"qm1vk4cwotxztc8","previousEventId":"8awyix3r9zkkzp5","previousOperationId":"kqivoxhxbr9ujhw"}
{"type":"operationEnd","doDiffs":false,"previousEventId":"kyh2plikv9waqxb","previousOperationId":"zrn9emzlz8kcxck","operationId":"zrn9emzlz8kcxck","timestamp":1731251449732,"id":"sb0s9h1a3d9e4dx"}
