{"type":"operationStart","subtype":"profile","data":{"_id":"8FMDa2Tn2roh03iU","timestamp":"2024-11-10T08:43:28.105Z","state":"queued","mode":"standard","creationDate":"2024-11-10T08:43:28.108Z","modificationDate":"2024-11-10T08:43:28.108Z","shortid":"CYxG9X2","inheritedReadPermissions":[],"inheritedEditPermissions":[],"$entitySet":"profiles"},"doDiffs":false,"timestamp":1731228208107,"id":"dd1rpavci46wrfx","previousOperationId":null,"operationId":"q948i0blnzow3f1"}
{"type":"log","level":"info","message":"Render request 148 queued for execution and waiting for available worker","previousOperationId":"q948i0blnzow3f1","timestamp":1731228208107,"id":"b6c3mbuluh6lulm"}
{"type":"operationStart","subtype":"render","name":"new-excl-template","previousOperationId":"q948i0blnzow3f1","timestamp":1731228208116,"id":"mpdgzg2nqv381hy","previousEventId":"dd1rpavci46wrfx","operationId":"0ftfqs1v89mm696"}
{"type":"log","timestamp":1731228208116,"level":"info","message":"Starting rendering request 148 (user: admin)","meta":{"rootId":"z2afucs75g36rn6","id":"z2afucs75g36rn6"},"id":"9cxaqdod249t0rd","previousOperationId":"0ftfqs1v89mm696"}
{"type":"log","timestamp":1731228208116,"level":"info","message":"Rendering template { name: new-excl-template, recipe: html-to-xlsx, engine: handlebars, preview: true }","meta":{"rootId":"z2afucs75g36rn6","id":"z2afucs75g36rn6"},"id":"5f6uycj6jbz5vfb","previousOperationId":"0ftfqs1v89mm696"}
{"type":"log","timestamp":1731228208117,"level":"debug","message":"Inline data specified.","meta":{"rootId":"z2afucs75g36rn6","id":"z2afucs75g36rn6"},"id":"1tcj7gsu0yyvifz","previousOperationId":"0ftfqs1v89mm696"}
{"type":"log","timestamp":1731228208118,"level":"debug","message":"Base url not specified, skipping its injection.","meta":{"rootId":"z2afucs75g36rn6","id":"z2afucs75g36rn6"},"id":"6tpkdbuiisrbbi2","previousOperationId":"0ftfqs1v89mm696"}
{"type":"log","timestamp":1731228208119,"level":"debug","message":"Replaced assets [\"/asset/font/KhmerOSSiemreapRegular.ttf\"]","meta":{"rootId":"z2afucs75g36rn6","id":"z2afucs75g36rn6"},"id":"llpnelhks7ddqvb","previousOperationId":"0ftfqs1v89mm696"}
{"type":"operationStart","subtype":"engine","name":"handlebars","timestamp":1731228208120,"id":"nuw3f4bnrj0jzjg","previousEventId":"mpdgzg2nqv381hy","operationId":"nomn1wm3rgxaasy","previousOperationId":"0ftfqs1v89mm696"}
{"type":"log","timestamp":1731228208120,"level":"debug","message":"Rendering engine handlebars","meta":{"rootId":"z2afucs75g36rn6","id":"z2afucs75g36rn6"},"id":"hiknxind8m7ivtv","previousOperationId":"nomn1wm3rgxaasy"}
{"type":"operationEnd","operationId":"nomn1wm3rgxaasy","timestamp":1731228208133,"id":"3ky6b8c7w8s5o6c","previousEventId":"nuw3f4bnrj0jzjg","previousOperationId":"nomn1wm3rgxaasy"}
{"type":"operationStart","subtype":"recipe","name":"html-to-xlsx","timestamp":1731228208135,"id":"u9sp5xgav7xylzm","previousEventId":"3ky6b8c7w8s5o6c","operationId":"abxs8jti5d08993","previousOperationId":"nomn1wm3rgxaasy"}
{"type":"log","timestamp":1731228208135,"level":"debug","message":"Executing recipe html-to-xlsx","meta":{"rootId":"z2afucs75g36rn6","id":"z2afucs75g36rn6"},"id":"w0a84ttu2co2amp","previousOperationId":"abxs8jti5d08993"}
{"type":"log","timestamp":1731228208135,"level":"info","message":"html-to-xlsx generation is starting","meta":{"rootId":"z2afucs75g36rn6","id":"z2afucs75g36rn6"},"id":"xeih3vgx4p7a46q","previousOperationId":"abxs8jti5d08993"}
{"type":"log","timestamp":1731228209115,"level":"info","message":"html-to-xlsx generation was finished","meta":{"rootId":"z2afucs75g36rn6","id":"z2afucs75g36rn6"},"id":"ue1wjhml6sdexsb","previousOperationId":"abxs8jti5d08993"}
{"type":"log","timestamp":1731228209115,"level":"debug","message":"preparing office preview","meta":{"rootId":"z2afucs75g36rn6","id":"z2afucs75g36rn6"},"id":"j7uw9lqw1bh6zjn","previousOperationId":"abxs8jti5d08993"}
{"type":"operationEnd","operationId":"abxs8jti5d08993","timestamp":1731228209559,"id":"fyp7b1ourwhus7j","previousEventId":"u9sp5xgav7xylzm","previousOperationId":"abxs8jti5d08993"}
{"type":"log","timestamp":1731228209559,"level":"debug","message":"Skipping storing report.","meta":{"rootId":"z2afucs75g36rn6","id":"z2afucs75g36rn6"},"id":"sc4cldsn8jpnat9","previousOperationId":"abxs8jti5d08993"}
{"type":"log","timestamp":1731228209559,"level":"info","message":"Rendering request 148 finished in 1454 ms","meta":{"rootId":"z2afucs75g36rn6","id":"z2afucs75g36rn6"},"id":"oixwiq925ln3n0h","previousOperationId":"abxs8jti5d08993"}
{"type":"operationEnd","subtype":"render","operationId":"0ftfqs1v89mm696","timestamp":1731228209559,"id":"8is9xg5f2iuwfw9","previousEventId":"fyp7b1ourwhus7j","previousOperationId":"abxs8jti5d08993"}
{"type":"operationEnd","doDiffs":false,"previousEventId":"dd1rpavci46wrfx","previousOperationId":"q948i0blnzow3f1","operationId":"q948i0blnzow3f1","timestamp":1731228209561,"id":"wvtra1ky8dc2wwp"}
