{"type":"operationStart","subtype":"profile","data":{"_id":"v9FMvuBHfBhhvEwi","timestamp":"2024-11-10T13:20:15.938Z","state":"queued","mode":"standard","creationDate":"2024-11-10T13:20:15.940Z","modificationDate":"2024-11-10T13:20:15.940Z","shortid":"n2eHZVf","inheritedReadPermissions":[],"inheritedEditPermissions":[],"$entitySet":"profiles"},"doDiffs":false,"timestamp":1731244815939,"id":"pmtt8p8xitcu0za","previousOperationId":null,"operationId":"xebeyhewpd4vffw"}
{"type":"log","level":"info","message":"Render request 45 queued for execution and waiting for available worker","previousOperationId":"xebeyhewpd4vffw","timestamp":1731244815939,"id":"3w2c2u41insrak3"}
{"type":"operationStart","subtype":"render","name":"new-excl-template","previousOperationId":"xebeyhewpd4vffw","timestamp":1731244815949,"id":"96rlrlutfxhritg","previousEventId":"pmtt8p8xitcu0za","operationId":"ywdghcg6yd44vuy"}
{"type":"log","timestamp":1731244815949,"level":"info","message":"Starting rendering request 45 (user: admin)","meta":{"rootId":"z8d8ue6ueyp2rhb","id":"z8d8ue6ueyp2rhb"},"id":"eae96icjcljqc30","previousOperationId":"ywdghcg6yd44vuy"}
{"type":"log","timestamp":1731244815949,"level":"info","message":"Rendering template { name: new-excl-template, recipe: html-to-xlsx, engine: handlebars, preview: true }","meta":{"rootId":"z8d8ue6ueyp2rhb","id":"z8d8ue6ueyp2rhb"},"id":"5z3owgrhqu1p3wh","previousOperationId":"ywdghcg6yd44vuy"}
{"type":"log","timestamp":1731244815950,"level":"debug","message":"Inline data specified.","meta":{"rootId":"z8d8ue6ueyp2rhb","id":"z8d8ue6ueyp2rhb"},"id":"7bl5t0rqt4s4iz4","previousOperationId":"ywdghcg6yd44vuy"}
{"type":"log","timestamp":1731244815951,"level":"debug","message":"Base url not specified, skipping its injection.","meta":{"rootId":"z8d8ue6ueyp2rhb","id":"z8d8ue6ueyp2rhb"},"id":"l759jutqwvfpuu5","previousOperationId":"ywdghcg6yd44vuy"}
{"type":"log","timestamp":1731244815953,"level":"debug","message":"Replaced assets [\"KhmerOSSiemreapRegular.ttf\"]","meta":{"rootId":"z8d8ue6ueyp2rhb","id":"z8d8ue6ueyp2rhb"},"id":"wz44aia93o3c90u","previousOperationId":"ywdghcg6yd44vuy"}
{"type":"operationStart","subtype":"engine","name":"handlebars","timestamp":1731244815953,"id":"4e2i1sr6ddtukn1","previousEventId":"96rlrlutfxhritg","operationId":"kiewxn0tig80nex","previousOperationId":"ywdghcg6yd44vuy"}
{"type":"log","timestamp":1731244815953,"level":"debug","message":"Rendering engine handlebars","meta":{"rootId":"z8d8ue6ueyp2rhb","id":"z8d8ue6ueyp2rhb"},"id":"6zan01a2uwbbdae","previousOperationId":"kiewxn0tig80nex"}
{"type":"operationEnd","operationId":"kiewxn0tig80nex","timestamp":1731244815975,"id":"xgrug12rn8413l3","previousEventId":"4e2i1sr6ddtukn1","previousOperationId":"kiewxn0tig80nex"}
{"type":"operationStart","subtype":"recipe","name":"html-to-xlsx","timestamp":1731244815977,"id":"uzfn0qrx2zwuw84","previousEventId":"xgrug12rn8413l3","operationId":"neitw4ti400m375","previousOperationId":"kiewxn0tig80nex"}
{"type":"log","timestamp":1731244815977,"level":"debug","message":"Executing recipe html-to-xlsx","meta":{"rootId":"z8d8ue6ueyp2rhb","id":"z8d8ue6ueyp2rhb"},"id":"hp3z4orbzd4xlmh","previousOperationId":"neitw4ti400m375"}
{"type":"log","timestamp":1731244815977,"level":"info","message":"html-to-xlsx generation is starting","meta":{"rootId":"z8d8ue6ueyp2rhb","id":"z8d8ue6ueyp2rhb"},"id":"dzjd7e4z9nuya2d","previousOperationId":"neitw4ti400m375"}
{"type":"log","timestamp":1731244816552,"level":"info","message":"html-to-xlsx generation was finished","meta":{"rootId":"z8d8ue6ueyp2rhb","id":"z8d8ue6ueyp2rhb"},"id":"s53x5ntj4r9n7nj","previousOperationId":"neitw4ti400m375"}
{"type":"log","timestamp":1731244816552,"level":"debug","message":"preparing office preview","meta":{"rootId":"z8d8ue6ueyp2rhb","id":"z8d8ue6ueyp2rhb"},"id":"ln30bgxlacba66b","previousOperationId":"neitw4ti400m375"}
{"type":"operationEnd","operationId":"neitw4ti400m375","timestamp":1731244817561,"id":"7rp9srfeys8ovvb","previousEventId":"uzfn0qrx2zwuw84","previousOperationId":"neitw4ti400m375"}
{"type":"log","timestamp":1731244817561,"level":"debug","message":"Skipping storing report.","meta":{"rootId":"z8d8ue6ueyp2rhb","id":"z8d8ue6ueyp2rhb"},"id":"81zsiy4ygr06wip","previousOperationId":"neitw4ti400m375"}
{"type":"log","timestamp":1731244817561,"level":"info","message":"Rendering request 45 finished in 1624 ms","meta":{"rootId":"z8d8ue6ueyp2rhb","id":"z8d8ue6ueyp2rhb"},"id":"1usxxrgdq6amy77","previousOperationId":"neitw4ti400m375"}
{"type":"operationEnd","subtype":"render","operationId":"ywdghcg6yd44vuy","timestamp":1731244817561,"id":"u9nxp11lsab8nyc","previousEventId":"7rp9srfeys8ovvb","previousOperationId":"neitw4ti400m375"}
{"type":"operationEnd","doDiffs":false,"previousEventId":"pmtt8p8xitcu0za","previousOperationId":"xebeyhewpd4vffw","operationId":"xebeyhewpd4vffw","timestamp":1731244817564,"id":"d16rxb8pfzqb3ir"}
