{"type":"operationStart","subtype":"profile","data":{"_id":"OMlXSkbL3R1vXbGl","timestamp":"2024-11-10T14:12:44.935Z","state":"queued","mode":"standard","creationDate":"2024-11-10T14:12:44.936Z","modificationDate":"2024-11-10T14:12:44.936Z","shortid":"JyJEurE","inheritedReadPermissions":[],"inheritedEditPermissions":[],"$entitySet":"profiles"},"doDiffs":false,"timestamp":1731247964936,"id":"g9v0tdy3fqfnzf8","previousOperationId":null,"operationId":"yh21gorce17v3ng"}
{"type":"log","level":"info","message":"Render request 119 queued for execution and waiting for available worker","previousOperationId":"yh21gorce17v3ng","timestamp":1731247964936,"id":"aobww2tw5ygetzn"}
{"type":"operationStart","subtype":"render","name":"new-excl-template","previousOperationId":"yh21gorce17v3ng","timestamp":1731247964943,"id":"5bvkut6bge3w5lc","previousEventId":"g9v0tdy3fqfnzf8","operationId":"kavzuisfvym4rzg"}
{"type":"log","timestamp":1731247964943,"level":"info","message":"Starting rendering request 119 (user: admin)","meta":{"rootId":"z8msgplx21yw5a1","id":"z8msgplx21yw5a1"},"id":"ksb403x69k4bfjf","previousOperationId":"kavzuisfvym4rzg"}
{"type":"log","timestamp":1731247964943,"level":"info","message":"Rendering template { name: new-excl-template, recipe: html-to-xlsx, engine: handlebars, preview: true }","meta":{"rootId":"z8msgplx21yw5a1","id":"z8msgplx21yw5a1"},"id":"59gho0psnd0wed7","previousOperationId":"kavzuisfvym4rzg"}
{"type":"log","timestamp":1731247964944,"level":"debug","message":"Inline data specified.","meta":{"rootId":"z8msgplx21yw5a1","id":"z8msgplx21yw5a1"},"id":"sptybfpwxqxntyb","previousOperationId":"kavzuisfvym4rzg"}
{"type":"log","timestamp":1731247964945,"level":"debug","message":"Base url not specified, skipping its injection.","meta":{"rootId":"z8msgplx21yw5a1","id":"z8msgplx21yw5a1"},"id":"tz2nvwf1t8n3931","previousOperationId":"kavzuisfvym4rzg"}
{"type":"log","timestamp":1731247964946,"level":"debug","message":"Replaced assets [\"KhmerOSSiemreapRegular.ttf\"]","meta":{"rootId":"z8msgplx21yw5a1","id":"z8msgplx21yw5a1"},"id":"i5hn4c1empag6di","previousOperationId":"kavzuisfvym4rzg"}
{"type":"operationStart","subtype":"engine","name":"handlebars","timestamp":1731247964946,"id":"dhot7mcue2qaofb","previousEventId":"5bvkut6bge3w5lc","operationId":"u7bwhdu71i1qoto","previousOperationId":"kavzuisfvym4rzg"}
{"type":"log","timestamp":1731247964946,"level":"debug","message":"Rendering engine handlebars","meta":{"rootId":"z8msgplx21yw5a1","id":"z8msgplx21yw5a1"},"id":"963vcdsga5ghozt","previousOperationId":"u7bwhdu71i1qoto"}
{"type":"operationEnd","operationId":"u7bwhdu71i1qoto","timestamp":1731247964959,"id":"7mf29v31ioe7h18","previousEventId":"dhot7mcue2qaofb","previousOperationId":"u7bwhdu71i1qoto"}
{"type":"operationStart","subtype":"recipe","name":"html-to-xlsx","timestamp":1731247964960,"id":"tmp6yld6g2spcyr","previousEventId":"7mf29v31ioe7h18","operationId":"k3df4wqs30dgs0w","previousOperationId":"u7bwhdu71i1qoto"}
{"type":"log","timestamp":1731247964960,"level":"debug","message":"Executing recipe html-to-xlsx","meta":{"rootId":"z8msgplx21yw5a1","id":"z8msgplx21yw5a1"},"id":"660ujwwbhpgglm7","previousOperationId":"k3df4wqs30dgs0w"}
{"type":"log","timestamp":1731247964960,"level":"info","message":"html-to-xlsx generation is starting","meta":{"rootId":"z8msgplx21yw5a1","id":"z8msgplx21yw5a1"},"id":"s0avgt91wix09tp","previousOperationId":"k3df4wqs30dgs0w"}
{"type":"log","timestamp":1731247965581,"level":"info","message":"html-to-xlsx generation was finished","meta":{"rootId":"z8msgplx21yw5a1","id":"z8msgplx21yw5a1"},"id":"bna3yd1y7vflw0n","previousOperationId":"k3df4wqs30dgs0w"}
{"type":"log","timestamp":1731247965581,"level":"debug","message":"preparing office preview","meta":{"rootId":"z8msgplx21yw5a1","id":"z8msgplx21yw5a1"},"id":"8mzblkdgaoiux9c","previousOperationId":"k3df4wqs30dgs0w"}
{"type":"operationEnd","operationId":"k3df4wqs30dgs0w","timestamp":1731247966034,"id":"381tizd1mhxnkqe","previousEventId":"tmp6yld6g2spcyr","previousOperationId":"k3df4wqs30dgs0w"}
{"type":"log","timestamp":1731247966034,"level":"debug","message":"Skipping storing report.","meta":{"rootId":"z8msgplx21yw5a1","id":"z8msgplx21yw5a1"},"id":"oqzj7okwlpfinu5","previousOperationId":"k3df4wqs30dgs0w"}
{"type":"log","timestamp":1731247966034,"level":"info","message":"Rendering request 119 finished in 1099 ms","meta":{"rootId":"z8msgplx21yw5a1","id":"z8msgplx21yw5a1"},"id":"zmcgn5v80479lv5","previousOperationId":"k3df4wqs30dgs0w"}
{"type":"operationEnd","subtype":"render","operationId":"kavzuisfvym4rzg","timestamp":1731247966034,"id":"hw3y7qr5nlwsrhj","previousEventId":"381tizd1mhxnkqe","previousOperationId":"k3df4wqs30dgs0w"}
{"type":"operationEnd","doDiffs":false,"previousEventId":"g9v0tdy3fqfnzf8","previousOperationId":"yh21gorce17v3ng","operationId":"yh21gorce17v3ng","timestamp":1731247966036,"id":"tdiii7a63vrg7lh"}
