{"type":"operationStart","subtype":"profile","data":{"_id":"p5cP80qFaKk55g2b","timestamp":"2024-11-10T09:16:20.254Z","state":"queued","mode":"standard","creationDate":"2024-11-10T09:16:20.256Z","modificationDate":"2024-11-10T09:16:20.256Z","shortid":"5Olx1Sw","inheritedReadPermissions":[],"inheritedEditPermissions":[],"$entitySet":"profiles"},"doDiffs":false,"timestamp":1731230180255,"id":"ul8lhvtmob4t767","previousOperationId":null,"operationId":"q8enzchyen5zuwd"}
{"type":"log","level":"info","message":"Render request 190 queued for execution and waiting for available worker","previousOperationId":"q8enzchyen5zuwd","timestamp":1731230180255,"id":"ri96zsol5hsbx9r"}
{"type":"operationStart","subtype":"render","name":"new-excl-template","previousOperationId":"q8enzchyen5zuwd","timestamp":1731230180265,"id":"snt81jguq30ivx4","previousEventId":"ul8lhvtmob4t767","operationId":"ckx07xe4wloaxva"}
{"type":"log","timestamp":1731230180265,"level":"info","message":"Starting rendering request 190 (user: admin)","meta":{"rootId":"zav87akbjauqyef","id":"zav87akbjauqyef"},"id":"qobwvm0nm9jm7mb","previousOperationId":"ckx07xe4wloaxva"}
{"type":"log","timestamp":1731230180265,"level":"info","message":"Rendering template { name: new-excl-template, recipe: html-to-xlsx, engine: handlebars, preview: true }","meta":{"rootId":"zav87akbjauqyef","id":"zav87akbjauqyef"},"id":"yfczheyx1g919ky","previousOperationId":"ckx07xe4wloaxva"}
{"type":"log","timestamp":1731230180265,"level":"debug","message":"Inline data specified.","meta":{"rootId":"zav87akbjauqyef","id":"zav87akbjauqyef"},"id":"94jecjzw3eenr6t","previousOperationId":"ckx07xe4wloaxva"}
{"type":"log","timestamp":1731230180266,"level":"debug","message":"Base url not specified, skipping its injection.","meta":{"rootId":"zav87akbjauqyef","id":"zav87akbjauqyef"},"id":"8z1qcucttb2p1k3","previousOperationId":"ckx07xe4wloaxva"}
{"type":"operationStart","subtype":"engine","name":"handlebars","timestamp":1731230180266,"id":"9q7sk3jwh8fg58b","previousEventId":"snt81jguq30ivx4","operationId":"ue49wpj0qtziiqk","previousOperationId":"ckx07xe4wloaxva"}
{"type":"log","timestamp":1731230180266,"level":"debug","message":"Rendering engine handlebars","meta":{"rootId":"zav87akbjauqyef","id":"zav87akbjauqyef"},"id":"2ys4al2013xfque","previousOperationId":"ue49wpj0qtziiqk"}
{"type":"operationEnd","operationId":"ue49wpj0qtziiqk","timestamp":1731230180277,"id":"vekv0w8vgs55sii","previousEventId":"9q7sk3jwh8fg58b","previousOperationId":"ue49wpj0qtziiqk"}
{"type":"operationStart","subtype":"recipe","name":"html-to-xlsx","timestamp":1731230180278,"id":"lyiq6qk5v0zxedj","previousEventId":"vekv0w8vgs55sii","operationId":"ozttn48hckinhm6","previousOperationId":"ue49wpj0qtziiqk"}
{"type":"log","timestamp":1731230180278,"level":"debug","message":"Executing recipe html-to-xlsx","meta":{"rootId":"zav87akbjauqyef","id":"zav87akbjauqyef"},"id":"9gohhqj2kjzowfm","previousOperationId":"ozttn48hckinhm6"}
{"type":"log","timestamp":1731230180279,"level":"info","message":"html-to-xlsx generation is starting","meta":{"rootId":"zav87akbjauqyef","id":"zav87akbjauqyef"},"id":"h3czu72vu5b5mhb","previousOperationId":"ozttn48hckinhm6"}
{"type":"log","timestamp":1731230181511,"level":"info","message":"html-to-xlsx generation was finished","meta":{"rootId":"zav87akbjauqyef","id":"zav87akbjauqyef"},"id":"cei0w46rzhb5ywb","previousOperationId":"ozttn48hckinhm6"}
{"type":"log","timestamp":1731230181511,"level":"debug","message":"preparing office preview","meta":{"rootId":"zav87akbjauqyef","id":"zav87akbjauqyef"},"id":"265rffjmvor3vj8","previousOperationId":"ozttn48hckinhm6"}
{"type":"operationEnd","operationId":"ozttn48hckinhm6","timestamp":1731230182172,"id":"sk9bk9omq6jdqi8","previousEventId":"lyiq6qk5v0zxedj","previousOperationId":"ozttn48hckinhm6"}
{"type":"log","timestamp":1731230182172,"level":"debug","message":"Skipping storing report.","meta":{"rootId":"zav87akbjauqyef","id":"zav87akbjauqyef"},"id":"ear4ovqufueetiz","previousOperationId":"ozttn48hckinhm6"}
{"type":"log","timestamp":1731230182172,"level":"info","message":"Rendering request 190 finished in 1918 ms","meta":{"rootId":"zav87akbjauqyef","id":"zav87akbjauqyef"},"id":"n810oc3y27e2p1q","previousOperationId":"ozttn48hckinhm6"}
{"type":"operationEnd","subtype":"render","operationId":"ckx07xe4wloaxva","timestamp":1731230182172,"id":"d417mlwlt8mhepd","previousEventId":"sk9bk9omq6jdqi8","previousOperationId":"ozttn48hckinhm6"}
{"type":"operationEnd","doDiffs":false,"previousEventId":"ul8lhvtmob4t767","previousOperationId":"q8enzchyen5zuwd","operationId":"q8enzchyen5zuwd","timestamp":1731230182174,"id":"716fycmy9crkyvh"}
