{"type":"operationStart","subtype":"profile","data":{"_id":"uVzBJQPN7a5EXxxa","timestamp":"2024-11-10T08:20:34.538Z","state":"queued","mode":"standard","creationDate":"2024-11-10T08:20:34.540Z","modificationDate":"2024-11-10T08:20:34.540Z","shortid":"nSsscSx","inheritedReadPermissions":[],"inheritedEditPermissions":[],"$entitySet":"profiles"},"doDiffs":false,"timestamp":1731226834539,"id":"je3ps3nvh49qphf","previousOperationId":null,"operationId":"btgeqjk1e5mbeo8"}
{"type":"log","level":"info","message":"Render request 106 queued for execution and waiting for available worker","previousOperationId":"btgeqjk1e5mbeo8","timestamp":1731226834539,"id":"ltneae5rea6czwc"}
{"type":"operationStart","subtype":"render","name":"new-excl-template","previousOperationId":"btgeqjk1e5mbeo8","timestamp":1731226834550,"id":"fcgaib1g6vrpuqd","previousEventId":"je3ps3nvh49qphf","operationId":"a3minzavyakygqh"}
{"type":"log","timestamp":1731226834550,"level":"info","message":"Starting rendering request 106 (user: admin)","meta":{"rootId":"zaw2ag6qi5h2iu0","id":"zaw2ag6qi5h2iu0"},"id":"8akr4q9p3utjkrx","previousOperationId":"a3minzavyakygqh"}
{"type":"log","timestamp":1731226834550,"level":"info","message":"Rendering template { name: new-excl-template, recipe: html-to-xlsx, engine: handlebars, preview: true }","meta":{"rootId":"zaw2ag6qi5h2iu0","id":"zaw2ag6qi5h2iu0"},"id":"gyzm0bchienk4ic","previousOperationId":"a3minzavyakygqh"}
{"type":"log","timestamp":1731226834551,"level":"debug","message":"Inline data specified.","meta":{"rootId":"zaw2ag6qi5h2iu0","id":"zaw2ag6qi5h2iu0"},"id":"qm6z48es4p9idjb","previousOperationId":"a3minzavyakygqh"}
{"type":"log","timestamp":1731226834552,"level":"debug","message":"Base url not specified, skipping its injection.","meta":{"rootId":"zaw2ag6qi5h2iu0","id":"zaw2ag6qi5h2iu0"},"id":"zek57oz39ebr7x3","previousOperationId":"a3minzavyakygqh"}
{"type":"operationStart","subtype":"engine","name":"handlebars","timestamp":1731226834552,"id":"wddcmh9ltcpp0qf","previousEventId":"fcgaib1g6vrpuqd","operationId":"mdpqa55qtra0juu","previousOperationId":"a3minzavyakygqh"}
{"type":"log","timestamp":1731226834552,"level":"debug","message":"Rendering engine handlebars","meta":{"rootId":"zaw2ag6qi5h2iu0","id":"zaw2ag6qi5h2iu0"},"id":"y3llv1zadaiuygy","previousOperationId":"mdpqa55qtra0juu"}
{"type":"operationEnd","operationId":"mdpqa55qtra0juu","timestamp":1731226834562,"id":"n4wqx0b7oleiog0","previousEventId":"wddcmh9ltcpp0qf","previousOperationId":"mdpqa55qtra0juu"}
{"type":"operationStart","subtype":"recipe","name":"html-to-xlsx","timestamp":1731226834563,"id":"qdklcikxuwrcndh","previousEventId":"n4wqx0b7oleiog0","operationId":"fucrmwrmvlig4ox","previousOperationId":"mdpqa55qtra0juu"}
{"type":"log","timestamp":1731226834563,"level":"debug","message":"Executing recipe html-to-xlsx","meta":{"rootId":"zaw2ag6qi5h2iu0","id":"zaw2ag6qi5h2iu0"},"id":"9sov7r71n2m94nn","previousOperationId":"fucrmwrmvlig4ox"}
{"type":"log","timestamp":1731226834563,"level":"info","message":"html-to-xlsx generation is starting","meta":{"rootId":"zaw2ag6qi5h2iu0","id":"zaw2ag6qi5h2iu0"},"id":"vje4ksues88za8i","previousOperationId":"fucrmwrmvlig4ox"}
{"type":"log","timestamp":1731226835178,"level":"info","message":"html-to-xlsx generation was finished","meta":{"rootId":"zaw2ag6qi5h2iu0","id":"zaw2ag6qi5h2iu0"},"id":"fb44f2u9csv1ca5","previousOperationId":"fucrmwrmvlig4ox"}
{"type":"log","timestamp":1731226835178,"level":"debug","message":"preparing office preview","meta":{"rootId":"zaw2ag6qi5h2iu0","id":"zaw2ag6qi5h2iu0"},"id":"bgfcqqb22s28784","previousOperationId":"fucrmwrmvlig4ox"}
{"type":"operationEnd","operationId":"fucrmwrmvlig4ox","timestamp":1731226835622,"id":"bnvizcoipegaliy","previousEventId":"qdklcikxuwrcndh","previousOperationId":"fucrmwrmvlig4ox"}
{"type":"log","timestamp":1731226835622,"level":"debug","message":"Skipping storing report.","meta":{"rootId":"zaw2ag6qi5h2iu0","id":"zaw2ag6qi5h2iu0"},"id":"11n7yr903p6s46a","previousOperationId":"fucrmwrmvlig4ox"}
{"type":"log","timestamp":1731226835622,"level":"info","message":"Rendering request 106 finished in 1084 ms","meta":{"rootId":"zaw2ag6qi5h2iu0","id":"zaw2ag6qi5h2iu0"},"id":"jeivqznd15omkkw","previousOperationId":"fucrmwrmvlig4ox"}
{"type":"operationEnd","subtype":"render","operationId":"a3minzavyakygqh","timestamp":1731226835622,"id":"3y1wnqkp20nl98k","previousEventId":"bnvizcoipegaliy","previousOperationId":"fucrmwrmvlig4ox"}
{"type":"operationEnd","doDiffs":false,"previousEventId":"je3ps3nvh49qphf","previousOperationId":"btgeqjk1e5mbeo8","operationId":"btgeqjk1e5mbeo8","timestamp":1731226835624,"id":"7yy9vtuhzjtf7vj"}
