{"type":"operationStart","subtype":"profile","data":{"_id":"nVWmbWAviGCFHFWV","timestamp":"2024-11-10T14:24:41.002Z","state":"queued","mode":"standard","creationDate":"2024-11-10T14:24:41.004Z","modificationDate":"2024-11-10T14:24:41.004Z","shortid":"DE8DwBd","inheritedReadPermissions":[],"inheritedEditPermissions":[],"$entitySet":"profiles"},"doDiffs":false,"timestamp":1731248681003,"id":"nnly60h9y3xjx3h","previousOperationId":null,"operationId":"46cavoy5gzfoit0"}
{"type":"log","level":"info","message":"Render request 146 queued for execution and waiting for available worker","previousOperationId":"46cavoy5gzfoit0","timestamp":1731248681004,"id":"luh6bqp2kdbdz4g"}
{"type":"operationStart","subtype":"render","name":"new-excl-template","previousOperationId":"46cavoy5gzfoit0","timestamp":1731248681013,"id":"nze0riiux38swb5","previousEventId":"nnly60h9y3xjx3h","operationId":"6ntqxbhz37rbz4j"}
{"type":"log","timestamp":1731248681013,"level":"info","message":"Starting rendering request 146 (user: admin)","meta":{"rootId":"zbb9enym2ly75t5","id":"zbb9enym2ly75t5"},"id":"bwkjejh4m89kung","previousOperationId":"6ntqxbhz37rbz4j"}
{"type":"log","timestamp":1731248681013,"level":"info","message":"Rendering template { name: new-excl-template, recipe: html-to-xlsx, engine: handlebars, preview: true }","meta":{"rootId":"zbb9enym2ly75t5","id":"zbb9enym2ly75t5"},"id":"g0qajd0h8hk04is","previousOperationId":"6ntqxbhz37rbz4j"}
{"type":"log","timestamp":1731248681013,"level":"debug","message":"Inline data specified.","meta":{"rootId":"zbb9enym2ly75t5","id":"zbb9enym2ly75t5"},"id":"aejl01k4d7jl1bi","previousOperationId":"6ntqxbhz37rbz4j"}
{"type":"log","timestamp":1731248681014,"level":"debug","message":"Base url not specified, skipping its injection.","meta":{"rootId":"zbb9enym2ly75t5","id":"zbb9enym2ly75t5"},"id":"6y048b51bwpwng3","previousOperationId":"6ntqxbhz37rbz4j"}
{"type":"log","timestamp":1731248681016,"level":"debug","message":"Replaced assets [\"KhmerOSSiemreapRegular.ttf\"]","meta":{"rootId":"zbb9enym2ly75t5","id":"zbb9enym2ly75t5"},"id":"p615wi3v2mi1x2d","previousOperationId":"6ntqxbhz37rbz4j"}
{"type":"operationStart","subtype":"engine","name":"handlebars","timestamp":1731248681016,"id":"z1sugktpdu3knpy","previousEventId":"nze0riiux38swb5","operationId":"37widz8z8mce1y2","previousOperationId":"6ntqxbhz37rbz4j"}
{"type":"log","timestamp":1731248681016,"level":"debug","message":"Rendering engine handlebars","meta":{"rootId":"zbb9enym2ly75t5","id":"zbb9enym2ly75t5"},"id":"jgblucxj1ic1c7s","previousOperationId":"37widz8z8mce1y2"}
{"type":"operationEnd","operationId":"37widz8z8mce1y2","timestamp":1731248681029,"id":"mcruiukcerx6yyv","previousEventId":"z1sugktpdu3knpy","previousOperationId":"37widz8z8mce1y2"}
{"type":"operationStart","subtype":"recipe","name":"html-to-xlsx","timestamp":1731248681030,"id":"7vnzctgnn7clxl0","previousEventId":"mcruiukcerx6yyv","operationId":"xr5y6hf3u0amdvt","previousOperationId":"37widz8z8mce1y2"}
{"type":"log","timestamp":1731248681030,"level":"debug","message":"Executing recipe html-to-xlsx","meta":{"rootId":"zbb9enym2ly75t5","id":"zbb9enym2ly75t5"},"id":"w4edkb68d9mz49w","previousOperationId":"xr5y6hf3u0amdvt"}
{"type":"log","timestamp":1731248681030,"level":"info","message":"html-to-xlsx generation is starting","meta":{"rootId":"zbb9enym2ly75t5","id":"zbb9enym2ly75t5"},"id":"chga86r14dpcg26","previousOperationId":"xr5y6hf3u0amdvt"}
{"type":"log","timestamp":1731248681654,"level":"info","message":"html-to-xlsx generation was finished","meta":{"rootId":"zbb9enym2ly75t5","id":"zbb9enym2ly75t5"},"id":"2eut17y4vj9jub1","previousOperationId":"xr5y6hf3u0amdvt"}
{"type":"log","timestamp":1731248681654,"level":"debug","message":"preparing office preview","meta":{"rootId":"zbb9enym2ly75t5","id":"zbb9enym2ly75t5"},"id":"320hiua0av2yjjb","previousOperationId":"xr5y6hf3u0amdvt"}
{"type":"operationEnd","operationId":"xr5y6hf3u0amdvt","timestamp":1731248682208,"id":"x85k8j7zj8mkl0i","previousEventId":"7vnzctgnn7clxl0","previousOperationId":"xr5y6hf3u0amdvt"}
{"type":"log","timestamp":1731248682208,"level":"debug","message":"Skipping storing report.","meta":{"rootId":"zbb9enym2ly75t5","id":"zbb9enym2ly75t5"},"id":"05srno33tifpk3w","previousOperationId":"xr5y6hf3u0amdvt"}
{"type":"log","timestamp":1731248682208,"level":"info","message":"Rendering request 146 finished in 1206 ms","meta":{"rootId":"zbb9enym2ly75t5","id":"zbb9enym2ly75t5"},"id":"4zk1m8ihmeymii8","previousOperationId":"xr5y6hf3u0amdvt"}
{"type":"operationEnd","subtype":"render","operationId":"6ntqxbhz37rbz4j","timestamp":1731248682208,"id":"tvp58rt8e5vc30d","previousEventId":"x85k8j7zj8mkl0i","previousOperationId":"xr5y6hf3u0amdvt"}
{"type":"operationEnd","doDiffs":false,"previousEventId":"nnly60h9y3xjx3h","previousOperationId":"46cavoy5gzfoit0","operationId":"46cavoy5gzfoit0","timestamp":1731248682210,"id":"9ftu8l4ko17a8rq"}
