{"type":"operationStart","subtype":"profile","data":{"_id":"gCUvypHvtbp9Hvdq","timestamp":"2024-11-10T08:19:02.214Z","state":"queued","mode":"standard","creationDate":"2024-11-10T08:19:02.216Z","modificationDate":"2024-11-10T08:19:02.216Z","shortid":"KKqB_aO","inheritedReadPermissions":[],"inheritedEditPermissions":[],"$entitySet":"profiles"},"doDiffs":false,"timestamp":1731226742215,"id":"kpl6s0fjbfobg86","previousOperationId":null,"operationId":"xvmc8nw4pri42ke"}
{"type":"log","level":"info","message":"Render request 105 queued for execution and waiting for available worker","previousOperationId":"xvmc8nw4pri42ke","timestamp":1731226742215,"id":"wn4fmq5d9qqtmu0"}
{"type":"operationStart","subtype":"render","name":"new-excl-template","previousOperationId":"xvmc8nw4pri42ke","timestamp":1731226742225,"id":"93426uia7b6oiyz","previousEventId":"kpl6s0fjbfobg86","operationId":"dyz698rn53ry3c7"}
{"type":"log","timestamp":1731226742225,"level":"info","message":"Starting rendering request 105 (user: admin)","meta":{"rootId":"zd0o17f1ov5m811","id":"zd0o17f1ov5m811"},"id":"ie7i91zxf2blpnv","previousOperationId":"dyz698rn53ry3c7"}
{"type":"log","timestamp":1731226742225,"level":"info","message":"Rendering template { name: new-excl-template, recipe: html-to-xlsx, engine: handlebars, preview: true }","meta":{"rootId":"zd0o17f1ov5m811","id":"zd0o17f1ov5m811"},"id":"dmzodbcqrbaw14h","previousOperationId":"dyz698rn53ry3c7"}
{"type":"log","timestamp":1731226742226,"level":"debug","message":"Inline data specified.","meta":{"rootId":"zd0o17f1ov5m811","id":"zd0o17f1ov5m811"},"id":"rg0u8hrcfhecd3c","previousOperationId":"dyz698rn53ry3c7"}
{"type":"log","timestamp":1731226742227,"level":"debug","message":"Base url not specified, skipping its injection.","meta":{"rootId":"zd0o17f1ov5m811","id":"zd0o17f1ov5m811"},"id":"cvpyntg6fcztn2q","previousOperationId":"dyz698rn53ry3c7"}
{"type":"operationStart","subtype":"engine","name":"handlebars","timestamp":1731226742227,"id":"i54lb2i1b9n3trn","previousEventId":"93426uia7b6oiyz","operationId":"ngcn1ndwufl5rfa","previousOperationId":"dyz698rn53ry3c7"}
{"type":"log","timestamp":1731226742227,"level":"debug","message":"Rendering engine handlebars","meta":{"rootId":"zd0o17f1ov5m811","id":"zd0o17f1ov5m811"},"id":"2r53mq1t7o96car","previousOperationId":"ngcn1ndwufl5rfa"}
{"type":"operationEnd","operationId":"ngcn1ndwufl5rfa","timestamp":1731226742236,"id":"uzniq1eu0utzu67","previousEventId":"i54lb2i1b9n3trn","previousOperationId":"ngcn1ndwufl5rfa"}
{"type":"operationStart","subtype":"recipe","name":"html-to-xlsx","timestamp":1731226742236,"id":"n90prnmbts3ihzn","previousEventId":"uzniq1eu0utzu67","operationId":"wv75ow1b62qeq93","previousOperationId":"ngcn1ndwufl5rfa"}
{"type":"log","timestamp":1731226742236,"level":"debug","message":"Executing recipe html-to-xlsx","meta":{"rootId":"zd0o17f1ov5m811","id":"zd0o17f1ov5m811"},"id":"htaqo9xfrt62x0z","previousOperationId":"wv75ow1b62qeq93"}
{"type":"log","timestamp":1731226742236,"level":"info","message":"html-to-xlsx generation is starting","meta":{"rootId":"zd0o17f1ov5m811","id":"zd0o17f1ov5m811"},"id":"zahots7qlcv982m","previousOperationId":"wv75ow1b62qeq93"}
{"type":"log","timestamp":1731226742876,"level":"info","message":"html-to-xlsx generation was finished","meta":{"rootId":"zd0o17f1ov5m811","id":"zd0o17f1ov5m811"},"id":"chgh4nqfcbsk9d2","previousOperationId":"wv75ow1b62qeq93"}
{"type":"log","timestamp":1731226742876,"level":"debug","message":"preparing office preview","meta":{"rootId":"zd0o17f1ov5m811","id":"zd0o17f1ov5m811"},"id":"9ejnii3t6sedl84","previousOperationId":"wv75ow1b62qeq93"}
{"type":"operationEnd","operationId":"wv75ow1b62qeq93","timestamp":1731226743321,"id":"bilj06uvu48wl7c","previousEventId":"n90prnmbts3ihzn","previousOperationId":"wv75ow1b62qeq93"}
{"type":"log","timestamp":1731226743321,"level":"debug","message":"Skipping storing report.","meta":{"rootId":"zd0o17f1ov5m811","id":"zd0o17f1ov5m811"},"id":"s2nioj03amqq47d","previousOperationId":"wv75ow1b62qeq93"}
{"type":"log","timestamp":1731226743321,"level":"info","message":"Rendering request 105 finished in 1107 ms","meta":{"rootId":"zd0o17f1ov5m811","id":"zd0o17f1ov5m811"},"id":"rup8syhcpw2xlbv","previousOperationId":"wv75ow1b62qeq93"}
{"type":"operationEnd","subtype":"render","operationId":"dyz698rn53ry3c7","timestamp":1731226743321,"id":"7r0kze7q8ryxk3u","previousEventId":"bilj06uvu48wl7c","previousOperationId":"wv75ow1b62qeq93"}
{"type":"operationEnd","doDiffs":false,"previousEventId":"kpl6s0fjbfobg86","previousOperationId":"xvmc8nw4pri42ke","operationId":"xvmc8nw4pri42ke","timestamp":1731226743324,"id":"hk2i8kubfx8p4qf"}
