{"type":"operationStart","subtype":"profile","data":{"_id":"zLcRGUBZIIn9Nja2","timestamp":"2024-11-10T14:14:40.716Z","state":"queued","mode":"standard","creationDate":"2024-11-10T14:14:40.717Z","modificationDate":"2024-11-10T14:14:40.717Z","shortid":"riHc6YB","inheritedReadPermissions":[],"inheritedEditPermissions":[],"$entitySet":"profiles"},"doDiffs":false,"timestamp":1731248080717,"id":"ls8azhpmnr6y0lo","previousOperationId":null,"operationId":"tsldvw8ik8o7sm2"}
{"type":"log","level":"info","message":"Render request 123 queued for execution and waiting for available worker","previousOperationId":"tsldvw8ik8o7sm2","timestamp":1731248080717,"id":"iy2tga4saiagksc"}
{"type":"operationStart","subtype":"render","name":"new-excl-template","previousOperationId":"tsldvw8ik8o7sm2","timestamp":1731248080723,"id":"643hss9v4q492h7","previousEventId":"ls8azhpmnr6y0lo","operationId":"9c1937vv3xi7h7e"}
{"type":"log","timestamp":1731248080723,"level":"info","message":"Starting rendering request 123 (user: admin)","meta":{"rootId":"zkx522chtcydpb7","id":"zkx522chtcydpb7"},"id":"u68iyys4aw8pl6q","previousOperationId":"9c1937vv3xi7h7e"}
{"type":"log","timestamp":1731248080724,"level":"info","message":"Rendering template { name: new-excl-template, recipe: html-to-xlsx, engine: handlebars, preview: true }","meta":{"rootId":"zkx522chtcydpb7","id":"zkx522chtcydpb7"},"id":"joka6zkqkcdznpp","previousOperationId":"9c1937vv3xi7h7e"}
{"type":"log","timestamp":1731248080724,"level":"debug","message":"Inline data specified.","meta":{"rootId":"zkx522chtcydpb7","id":"zkx522chtcydpb7"},"id":"8vhu7b846gsshrs","previousOperationId":"9c1937vv3xi7h7e"}
{"type":"log","timestamp":1731248080725,"level":"debug","message":"Base url not specified, skipping its injection.","meta":{"rootId":"zkx522chtcydpb7","id":"zkx522chtcydpb7"},"id":"gfc57srlyeoa31c","previousOperationId":"9c1937vv3xi7h7e"}
{"type":"log","timestamp":1731248080726,"level":"debug","message":"Replaced assets [\"KhmerOSSiemreapRegular.ttf\"]","meta":{"rootId":"zkx522chtcydpb7","id":"zkx522chtcydpb7"},"id":"smmmwm2h5j8idu8","previousOperationId":"9c1937vv3xi7h7e"}
{"type":"operationStart","subtype":"engine","name":"handlebars","timestamp":1731248080726,"id":"bhg8ww2ubdesbvn","previousEventId":"643hss9v4q492h7","operationId":"d87niia38d2k1uy","previousOperationId":"9c1937vv3xi7h7e"}
{"type":"log","timestamp":1731248080726,"level":"debug","message":"Rendering engine handlebars","meta":{"rootId":"zkx522chtcydpb7","id":"zkx522chtcydpb7"},"id":"lc2wqhdvjgtfl9n","previousOperationId":"d87niia38d2k1uy"}
{"type":"operationEnd","operationId":"d87niia38d2k1uy","timestamp":1731248080736,"id":"hytdul7gs2b2do9","previousEventId":"bhg8ww2ubdesbvn","previousOperationId":"d87niia38d2k1uy"}
{"type":"operationStart","subtype":"recipe","name":"html-to-xlsx","timestamp":1731248080737,"id":"nn8g1nh3djcwy1p","previousEventId":"hytdul7gs2b2do9","operationId":"y8f22am1ggn9d4d","previousOperationId":"d87niia38d2k1uy"}
{"type":"log","timestamp":1731248080737,"level":"debug","message":"Executing recipe html-to-xlsx","meta":{"rootId":"zkx522chtcydpb7","id":"zkx522chtcydpb7"},"id":"lacpfaf4h4fpsnu","previousOperationId":"y8f22am1ggn9d4d"}
{"type":"log","timestamp":1731248080737,"level":"info","message":"html-to-xlsx generation is starting","meta":{"rootId":"zkx522chtcydpb7","id":"zkx522chtcydpb7"},"id":"1rhgvbrkzo6atjg","previousOperationId":"y8f22am1ggn9d4d"}
{"type":"log","timestamp":1731248081290,"level":"info","message":"html-to-xlsx generation was finished","meta":{"rootId":"zkx522chtcydpb7","id":"zkx522chtcydpb7"},"id":"htg9txh6l1j5zwe","previousOperationId":"y8f22am1ggn9d4d"}
{"type":"log","timestamp":1731248081290,"level":"debug","message":"preparing office preview","meta":{"rootId":"zkx522chtcydpb7","id":"zkx522chtcydpb7"},"id":"i8vz2ckfgryhno4","previousOperationId":"y8f22am1ggn9d4d"}
{"type":"operationEnd","operationId":"y8f22am1ggn9d4d","timestamp":1731248081744,"id":"2ys1wx7zp7vxg0y","previousEventId":"nn8g1nh3djcwy1p","previousOperationId":"y8f22am1ggn9d4d"}
{"type":"log","timestamp":1731248081744,"level":"debug","message":"Skipping storing report.","meta":{"rootId":"zkx522chtcydpb7","id":"zkx522chtcydpb7"},"id":"ng8vzpnfyubmvjx","previousOperationId":"y8f22am1ggn9d4d"}
{"type":"log","timestamp":1731248081744,"level":"info","message":"Rendering request 123 finished in 1028 ms","meta":{"rootId":"zkx522chtcydpb7","id":"zkx522chtcydpb7"},"id":"rkqll2fw5mnmdm9","previousOperationId":"y8f22am1ggn9d4d"}
{"type":"operationEnd","subtype":"render","operationId":"9c1937vv3xi7h7e","timestamp":1731248081744,"id":"n0v777c2s88ynr6","previousEventId":"2ys1wx7zp7vxg0y","previousOperationId":"y8f22am1ggn9d4d"}
{"type":"operationEnd","doDiffs":false,"previousEventId":"ls8azhpmnr6y0lo","previousOperationId":"tsldvw8ik8o7sm2","operationId":"tsldvw8ik8o7sm2","timestamp":1731248081746,"id":"3z7802n177wm5ws"}
