{"type":"operationStart","subtype":"profile","data":{"_id":"bg2ndQxO5kZT14jK","timestamp":"2024-11-10T09:04:28.146Z","state":"queued","mode":"standard","creationDate":"2024-11-10T09:04:28.148Z","modificationDate":"2024-11-10T09:04:28.148Z","shortid":"vVi0A24","inheritedReadPermissions":[],"inheritedEditPermissions":[],"$entitySet":"profiles"},"doDiffs":false,"timestamp":1731229468147,"id":"fqev7zxkwb063b3","previousOperationId":null,"operationId":"05aohuaoiisur88"}
{"type":"log","level":"info","message":"Render request 185 queued for execution and waiting for available worker","previousOperationId":"05aohuaoiisur88","timestamp":1731229468147,"id":"0v23zkh5xhi2xkg"}
{"type":"operationStart","subtype":"render","name":"new-excl-template","previousOperationId":"05aohuaoiisur88","timestamp":1731229468156,"id":"xbm0jxu1nr5hjzo","previousEventId":"fqev7zxkwb063b3","operationId":"qeuoj09a6u316yq"}
{"type":"log","timestamp":1731229468156,"level":"info","message":"Starting rendering request 185 (user: admin)","meta":{"rootId":"zoblb38nxyd9xm1","id":"zoblb38nxyd9xm1"},"id":"2x9ecu73w1w1693","previousOperationId":"qeuoj09a6u316yq"}
{"type":"log","timestamp":1731229468156,"level":"info","message":"Rendering template { name: new-excl-template, recipe: html-to-xlsx, engine: handlebars, preview: true }","meta":{"rootId":"zoblb38nxyd9xm1","id":"zoblb38nxyd9xm1"},"id":"fyr3peas11ik9p4","previousOperationId":"qeuoj09a6u316yq"}
{"type":"log","timestamp":1731229468157,"level":"debug","message":"Adding sample data pVkbCM7am","meta":{"rootId":"zoblb38nxyd9xm1","id":"zoblb38nxyd9xm1"},"id":"wpctmjm0f6l24be","previousOperationId":"qeuoj09a6u316yq"}
{"type":"log","timestamp":1731229468159,"level":"debug","message":"Base url not specified, skipping its injection.","meta":{"rootId":"zoblb38nxyd9xm1","id":"zoblb38nxyd9xm1"},"id":"a52ex53hqs4ojy5","previousOperationId":"qeuoj09a6u316yq"}
{"type":"log","timestamp":1731229468161,"level":"debug","message":"Replaced assets [\"KhmerOSSiemreapRegular.ttf\"]","meta":{"rootId":"zoblb38nxyd9xm1","id":"zoblb38nxyd9xm1"},"id":"iqnitliz8ynjlfq","previousOperationId":"qeuoj09a6u316yq"}
{"type":"operationStart","subtype":"engine","name":"handlebars","timestamp":1731229468161,"id":"8hv6p0ag3jub0as","previousEventId":"xbm0jxu1nr5hjzo","operationId":"wndd2lljcpw2c27","previousOperationId":"qeuoj09a6u316yq"}
{"type":"log","timestamp":1731229468161,"level":"debug","message":"Rendering engine handlebars","meta":{"rootId":"zoblb38nxyd9xm1","id":"zoblb38nxyd9xm1"},"id":"g0rxz0t3sp1b9wi","previousOperationId":"wndd2lljcpw2c27"}
{"type":"operationEnd","operationId":"wndd2lljcpw2c27","timestamp":1731229468179,"id":"025u365iddgq1ny","previousEventId":"8hv6p0ag3jub0as","previousOperationId":"wndd2lljcpw2c27"}
{"type":"operationStart","subtype":"recipe","name":"html-to-xlsx","timestamp":1731229468182,"id":"56po1gdlz0yia8p","previousEventId":"025u365iddgq1ny","operationId":"p55dzqwycjmpehp","previousOperationId":"wndd2lljcpw2c27"}
{"type":"log","timestamp":1731229468182,"level":"debug","message":"Executing recipe html-to-xlsx","meta":{"rootId":"zoblb38nxyd9xm1","id":"zoblb38nxyd9xm1"},"id":"82wm9szhstr9yoe","previousOperationId":"p55dzqwycjmpehp"}
{"type":"log","timestamp":1731229468182,"level":"info","message":"html-to-xlsx generation is starting","meta":{"rootId":"zoblb38nxyd9xm1","id":"zoblb38nxyd9xm1"},"id":"8l43709ejvl7ozk","previousOperationId":"p55dzqwycjmpehp"}
{"type":"log","timestamp":1731229469123,"level":"info","message":"html-to-xlsx generation was finished","meta":{"rootId":"zoblb38nxyd9xm1","id":"zoblb38nxyd9xm1"},"id":"xb89d4ud6lt7pz0","previousOperationId":"p55dzqwycjmpehp"}
{"type":"log","timestamp":1731229469123,"level":"debug","message":"preparing office preview","meta":{"rootId":"zoblb38nxyd9xm1","id":"zoblb38nxyd9xm1"},"id":"japwk2fubzcrtku","previousOperationId":"p55dzqwycjmpehp"}
{"type":"operationEnd","operationId":"p55dzqwycjmpehp","timestamp":1731229469568,"id":"h44cz8mjaeg02cp","previousEventId":"56po1gdlz0yia8p","previousOperationId":"p55dzqwycjmpehp"}
{"type":"log","timestamp":1731229469568,"level":"debug","message":"Skipping storing report.","meta":{"rootId":"zoblb38nxyd9xm1","id":"zoblb38nxyd9xm1"},"id":"vssy42ktbb14znp","previousOperationId":"p55dzqwycjmpehp"}
{"type":"log","timestamp":1731229469568,"level":"info","message":"Rendering request 185 finished in 1423 ms","meta":{"rootId":"zoblb38nxyd9xm1","id":"zoblb38nxyd9xm1"},"id":"y4c6vf1d5k4xo9q","previousOperationId":"p55dzqwycjmpehp"}
{"type":"operationEnd","subtype":"render","operationId":"qeuoj09a6u316yq","timestamp":1731229469568,"id":"h2uqmgr8sgbgedn","previousEventId":"h44cz8mjaeg02cp","previousOperationId":"p55dzqwycjmpehp"}
{"type":"operationEnd","doDiffs":false,"previousEventId":"fqev7zxkwb063b3","previousOperationId":"05aohuaoiisur88","operationId":"05aohuaoiisur88","timestamp":1731229469570,"id":"rcrq03qj2bmrc55"}
