{"type":"operationStart","subtype":"profile","data":{"_id":"VludW13cNmae6gDo","timestamp":"2024-11-10T13:13:04.430Z","state":"queued","mode":"standard","creationDate":"2024-11-10T13:13:04.432Z","modificationDate":"2024-11-10T13:13:04.432Z","shortid":"mEGv_GN","inheritedReadPermissions":[],"inheritedEditPermissions":[],"$entitySet":"profiles"},"doDiffs":false,"timestamp":1731244384431,"id":"kyq1wah5dvqrja5","previousOperationId":null,"operationId":"ts3qy1le095od5x"}
{"type":"log","level":"info","message":"Render request 24 queued for execution and waiting for available worker","previousOperationId":"ts3qy1le095od5x","timestamp":1731244384431,"id":"itxtclzkhtg08ct"}
{"type":"operationStart","subtype":"render","name":"new-excl-template","previousOperationId":"ts3qy1le095od5x","timestamp":1731244384438,"id":"10k97rucf1jmf3k","previousEventId":"kyq1wah5dvqrja5","operationId":"l32llgnjxfhwc1k"}
{"type":"log","timestamp":1731244384438,"level":"info","message":"Starting rendering request 24 (user: admin)","meta":{"rootId":"zxf59d6y4e7nls5","id":"zxf59d6y4e7nls5"},"id":"8g74f9x97z3kkqf","previousOperationId":"l32llgnjxfhwc1k"}
{"type":"log","timestamp":1731244384438,"level":"info","message":"Rendering template { name: new-excl-template, recipe: html-to-xlsx, engine: handlebars, preview: true }","meta":{"rootId":"zxf59d6y4e7nls5","id":"zxf59d6y4e7nls5"},"id":"umwlrzjn2amdtjl","previousOperationId":"l32llgnjxfhwc1k"}
{"type":"log","timestamp":1731244384439,"level":"debug","message":"Inline data specified.","meta":{"rootId":"zxf59d6y4e7nls5","id":"zxf59d6y4e7nls5"},"id":"nrlbnvp2gem1rrv","previousOperationId":"l32llgnjxfhwc1k"}
{"type":"log","timestamp":1731244384440,"level":"debug","message":"Base url not specified, skipping its injection.","meta":{"rootId":"zxf59d6y4e7nls5","id":"zxf59d6y4e7nls5"},"id":"xobl71o7uwv1lr2","previousOperationId":"l32llgnjxfhwc1k"}
{"type":"log","timestamp":1731244384442,"level":"debug","message":"Replaced assets [\"KhmerOSSiemreapRegular.ttf\"]","meta":{"rootId":"zxf59d6y4e7nls5","id":"zxf59d6y4e7nls5"},"id":"bea5gbuwib7sy1b","previousOperationId":"l32llgnjxfhwc1k"}
{"type":"operationStart","subtype":"engine","name":"handlebars","timestamp":1731244384442,"id":"f04lprb78rmi19g","previousEventId":"10k97rucf1jmf3k","operationId":"u0arxvy5o8bsd0o","previousOperationId":"l32llgnjxfhwc1k"}
{"type":"log","timestamp":1731244384442,"level":"debug","message":"Rendering engine handlebars","meta":{"rootId":"zxf59d6y4e7nls5","id":"zxf59d6y4e7nls5"},"id":"wlqk2u3jbtb0j5h","previousOperationId":"u0arxvy5o8bsd0o"}
{"type":"operationEnd","operationId":"u0arxvy5o8bsd0o","timestamp":1731244384451,"id":"vylou32kna3rfkf","previousEventId":"f04lprb78rmi19g","previousOperationId":"u0arxvy5o8bsd0o"}
{"type":"operationStart","subtype":"recipe","name":"html-to-xlsx","timestamp":1731244384452,"id":"zb22kl9gxui9u87","previousEventId":"vylou32kna3rfkf","operationId":"pxlqrn8odk0af64","previousOperationId":"u0arxvy5o8bsd0o"}
{"type":"log","timestamp":1731244384452,"level":"debug","message":"Executing recipe html-to-xlsx","meta":{"rootId":"zxf59d6y4e7nls5","id":"zxf59d6y4e7nls5"},"id":"nwra072ahh9wizk","previousOperationId":"pxlqrn8odk0af64"}
{"type":"log","timestamp":1731244384452,"level":"info","message":"html-to-xlsx generation is starting","meta":{"rootId":"zxf59d6y4e7nls5","id":"zxf59d6y4e7nls5"},"id":"6tz4pp1vwl62le8","previousOperationId":"pxlqrn8odk0af64"}
{"type":"log","timestamp":1731244385032,"level":"info","message":"html-to-xlsx generation was finished","meta":{"rootId":"zxf59d6y4e7nls5","id":"zxf59d6y4e7nls5"},"id":"wesay9yxzknbrsc","previousOperationId":"pxlqrn8odk0af64"}
{"type":"log","timestamp":1731244385032,"level":"debug","message":"preparing office preview","meta":{"rootId":"zxf59d6y4e7nls5","id":"zxf59d6y4e7nls5"},"id":"61tvb1bx9a6zqr5","previousOperationId":"pxlqrn8odk0af64"}
{"type":"operationEnd","operationId":"pxlqrn8odk0af64","timestamp":1731244385499,"id":"m3fsxhny29oqc4e","previousEventId":"zb22kl9gxui9u87","previousOperationId":"pxlqrn8odk0af64"}
{"type":"log","timestamp":1731244385499,"level":"debug","message":"Skipping storing report.","meta":{"rootId":"zxf59d6y4e7nls5","id":"zxf59d6y4e7nls5"},"id":"9u9gca7wv7apwl8","previousOperationId":"pxlqrn8odk0af64"}
{"type":"log","timestamp":1731244385500,"level":"info","message":"Rendering request 24 finished in 1070 ms","meta":{"rootId":"zxf59d6y4e7nls5","id":"zxf59d6y4e7nls5"},"id":"5aoy9qdbrmc0mam","previousOperationId":"pxlqrn8odk0af64"}
{"type":"operationEnd","subtype":"render","operationId":"l32llgnjxfhwc1k","timestamp":1731244385500,"id":"hzgjudozy4huqfa","previousEventId":"m3fsxhny29oqc4e","previousOperationId":"pxlqrn8odk0af64"}
{"type":"operationEnd","doDiffs":false,"previousEventId":"kyq1wah5dvqrja5","previousOperationId":"ts3qy1le095od5x","operationId":"ts3qy1le095od5x","timestamp":1731244385502,"id":"v1vubq2rg4wj08t"}
