{"type":"operationStart","subtype":"profile","data":{"_id":"X6b6qtNorU1cCy3S","timestamp":"2024-11-10T08:58:34.894Z","state":"queued","mode":"standard","creationDate":"2024-11-10T08:58:34.897Z","modificationDate":"2024-11-10T08:58:34.897Z","shortid":"ix4Bs1O","inheritedReadPermissions":[],"inheritedEditPermissions":[],"$entitySet":"profiles"},"doDiffs":false,"timestamp":1731229114896,"id":"dot7ztx3yhmi9z4","previousOperationId":null,"operationId":"jknlz93zrv9tg28"}
{"type":"log","level":"info","message":"Render request 169 queued for execution and waiting for available worker","previousOperationId":"jknlz93zrv9tg28","timestamp":1731229114896,"id":"jd5p476rrzq10mv"}
{"type":"operationStart","subtype":"render","name":"new-excl-template","previousOperationId":"jknlz93zrv9tg28","timestamp":1731229114904,"id":"m1oyugmvkryn0hl","previousEventId":"dot7ztx3yhmi9z4","operationId":"4zaxp6r103kpdas"}
{"type":"log","timestamp":1731229114904,"level":"info","message":"Starting rendering request 169 (user: admin)","meta":{"rootId":"zzxzap7mslpg836","id":"zzxzap7mslpg836"},"id":"m0w6qyg9tp48jew","previousOperationId":"4zaxp6r103kpdas"}
{"type":"log","timestamp":1731229114905,"level":"info","message":"Rendering template { name: new-excl-template, recipe: html-to-xlsx, engine: handlebars, preview: true }","meta":{"rootId":"zzxzap7mslpg836","id":"zzxzap7mslpg836"},"id":"9ymkbxi52rcloft","previousOperationId":"4zaxp6r103kpdas"}
{"type":"log","timestamp":1731229114908,"level":"debug","message":"Adding sample data pVkbCM7am","meta":{"rootId":"zzxzap7mslpg836","id":"zzxzap7mslpg836"},"id":"q0a0ai0d7fagqzh","previousOperationId":"4zaxp6r103kpdas"}
{"type":"log","timestamp":1731229114909,"level":"debug","message":"Base url not specified, skipping its injection.","meta":{"rootId":"zzxzap7mslpg836","id":"zzxzap7mslpg836"},"id":"9rzb2qrqgn9uacx","previousOperationId":"4zaxp6r103kpdas"}
{"type":"log","timestamp":1731229114911,"level":"debug","message":"Replaced assets [\"KhmerOSSiemreapRegular.ttf\"]","meta":{"rootId":"zzxzap7mslpg836","id":"zzxzap7mslpg836"},"id":"9djantfkbeiqdt5","previousOperationId":"4zaxp6r103kpdas"}
{"type":"operationStart","subtype":"engine","name":"handlebars","timestamp":1731229114911,"id":"7euxwvx0elmhcby","previousEventId":"m1oyugmvkryn0hl","operationId":"sltq72fsoru8469","previousOperationId":"4zaxp6r103kpdas"}
{"type":"log","timestamp":1731229114911,"level":"debug","message":"Rendering engine handlebars","meta":{"rootId":"zzxzap7mslpg836","id":"zzxzap7mslpg836"},"id":"mf1k1jjjcpxbsdn","previousOperationId":"sltq72fsoru8469"}
{"type":"operationEnd","operationId":"sltq72fsoru8469","timestamp":1731229114927,"id":"7rb0la30wy9nq55","previousEventId":"7euxwvx0elmhcby","previousOperationId":"sltq72fsoru8469"}
{"type":"operationStart","subtype":"recipe","name":"html-to-xlsx","timestamp":1731229114930,"id":"m00xkk0x3yy56vc","previousEventId":"7rb0la30wy9nq55","operationId":"1jcn75feqxppxq0","previousOperationId":"sltq72fsoru8469"}
{"type":"log","timestamp":1731229114930,"level":"debug","message":"Executing recipe html-to-xlsx","meta":{"rootId":"zzxzap7mslpg836","id":"zzxzap7mslpg836"},"id":"1cb6sw7in8pzj48","previousOperationId":"1jcn75feqxppxq0"}
{"type":"log","timestamp":1731229114930,"level":"info","message":"html-to-xlsx generation is starting","meta":{"rootId":"zzxzap7mslpg836","id":"zzxzap7mslpg836"},"id":"w47ia3iu72rnr7z","previousOperationId":"1jcn75feqxppxq0"}
{"type":"log","timestamp":1731229115802,"level":"info","message":"html-to-xlsx generation was finished","meta":{"rootId":"zzxzap7mslpg836","id":"zzxzap7mslpg836"},"id":"spkwxzfyindxi9z","previousOperationId":"1jcn75feqxppxq0"}
{"type":"log","timestamp":1731229115802,"level":"debug","message":"preparing office preview","meta":{"rootId":"zzxzap7mslpg836","id":"zzxzap7mslpg836"},"id":"00r92xgq6h9sws9","previousOperationId":"1jcn75feqxppxq0"}
{"type":"operationEnd","operationId":"1jcn75feqxppxq0","timestamp":1731229116249,"id":"arqn91k09n416m8","previousEventId":"m00xkk0x3yy56vc","previousOperationId":"1jcn75feqxppxq0"}
{"type":"log","timestamp":1731229116249,"level":"debug","message":"Skipping storing report.","meta":{"rootId":"zzxzap7mslpg836","id":"zzxzap7mslpg836"},"id":"0b6egv7xli9wpkq","previousOperationId":"1jcn75feqxppxq0"}
{"type":"log","timestamp":1731229116249,"level":"info","message":"Rendering request 169 finished in 1355 ms","meta":{"rootId":"zzxzap7mslpg836","id":"zzxzap7mslpg836"},"id":"qcczw49nx24r0af","previousOperationId":"1jcn75feqxppxq0"}
{"type":"operationEnd","subtype":"render","operationId":"4zaxp6r103kpdas","timestamp":1731229116249,"id":"2pd4k59g7j8k1lu","previousEventId":"arqn91k09n416m8","previousOperationId":"1jcn75feqxppxq0"}
{"type":"operationEnd","doDiffs":false,"previousEventId":"dot7ztx3yhmi9z4","previousOperationId":"jknlz93zrv9tg28","operationId":"jknlz93zrv9tg28","timestamp":1731229116250,"id":"tzkc7zvqt1e3mfe"}
