{"type":"operationStart","subtype":"profile","data":{"_id":"ONVDzmc90onztyKk","timestamp":"2024-09-09T11:11:24.746Z","state":"queued","mode":"standard","creationDate":"2024-09-09T11:11:24.747Z","modificationDate":"2024-09-09T11:11:24.747Z","shortid":"bfK5KV8","inheritedReadPermissions":[],"inheritedEditPermissions":[],"$entitySet":"profiles"},"doDiffs":false,"timestamp":1725880284747,"id":"27x5pn7ihs2h2gz","previousOperationId":null,"operationId":"ph1itd9s4eguvwl"}
{"type":"log","level":"info","message":"Render request 603 queued for execution and waiting for available worker","previousOperationId":"ph1itd9s4eguvwl","timestamp":1725880284747,"id":"zbsi9y0jxd9u3lr"}
{"type":"operationStart","subtype":"render","name":"prouduction_outputs_xlsx","previousOperationId":"ph1itd9s4eguvwl","timestamp":1725880284755,"id":"yeoy7hi3kl8kqb6","previousEventId":"27x5pn7ihs2h2gz","operationId":"j9tlnkd1nkoy6xy"}
{"type":"log","timestamp":1725880284755,"level":"info","message":"Starting rendering request 603 (user: admin)","meta":{"rootId":"bxzdz1ggkks25rs","id":"bxzdz1ggkks25rs"},"id":"n51h05c78tde2sa","previousOperationId":"j9tlnkd1nkoy6xy"}
{"type":"log","timestamp":1725880284755,"level":"info","message":"Rendering template { name: prouduction_outputs_xlsx, recipe: xlsx, engine: handlebars, preview: true }","meta":{"rootId":"bxzdz1ggkks25rs","id":"bxzdz1ggkks25rs"},"id":"1zc9wja3smg09ak","previousOperationId":"j9tlnkd1nkoy6xy"}
{"type":"log","timestamp":1725880284756,"level":"debug","message":"Adding sample data 9YS9nCTeO","meta":{"rootId":"bxzdz1ggkks25rs","id":"bxzdz1ggkks25rs"},"id":"xocx357a33kvui2","previousOperationId":"j9tlnkd1nkoy6xy"}
{"type":"log","timestamp":1725880284757,"level":"debug","message":"Base url not specified, skipping its injection.","meta":{"rootId":"bxzdz1ggkks25rs","id":"bxzdz1ggkks25rs"},"id":"194ntkl9spahj17","previousOperationId":"j9tlnkd1nkoy6xy"}
{"type":"operationStart","subtype":"engine","name":"handlebars","timestamp":1725880284757,"id":"i18020i7u0zqdjk","previousEventId":"yeoy7hi3kl8kqb6","operationId":"tb5zwucumt55l6z","previousOperationId":"j9tlnkd1nkoy6xy"}
{"type":"log","timestamp":1725880284758,"level":"debug","message":"Rendering engine handlebars","meta":{"rootId":"bxzdz1ggkks25rs","id":"bxzdz1ggkks25rs"},"id":"19pr02c1blibgp5","previousOperationId":"tb5zwucumt55l6z"}
{"type":"operationEnd","operationId":"tb5zwucumt55l6z","timestamp":1725880284764,"id":"qvnobgwaacbit7n","previousEventId":"i18020i7u0zqdjk","previousOperationId":"tb5zwucumt55l6z"}
{"type":"operationStart","subtype":"recipe","name":"xlsx","timestamp":1725880284764,"id":"qpv8b4jkr3cz36v","previousEventId":"qvnobgwaacbit7n","operationId":"xdnb9yq3g6du8k3","previousOperationId":"tb5zwucumt55l6z"}
{"type":"log","timestamp":1725880284764,"level":"debug","message":"Executing recipe xlsx","meta":{"rootId":"bxzdz1ggkks25rs","id":"bxzdz1ggkks25rs"},"id":"5t6ejypgrd32v4u","previousOperationId":"xdnb9yq3g6du8k3"}
{"type":"log","timestamp":1725880284824,"level":"info","message":"xlsx generation is starting","meta":{"rootId":"bxzdz1ggkks25rs","id":"bxzdz1ggkks25rs"},"id":"bh4y7tos9zypkwg","previousOperationId":"xdnb9yq3g6du8k3"}
{"type":"log","timestamp":1725880284866,"level":"debug","message":"Starting child request to render xlsx dynamic parts for generation step","meta":{"rootId":"bxzdz1ggkks25rs","id":"bxzdz1ggkks25rs"},"id":"l49ykeejchko6sy","previousOperationId":"xdnb9yq3g6du8k3"}
{"type":"operationStart","subtype":"render","name":"anonymous","previousOperationId":"xdnb9yq3g6du8k3","timestamp":1725880284866,"id":"9ko73kxhuxzt7b6","previousEventId":"qpv8b4jkr3cz36v","operationId":"95878ky5vl0rkdk"}
{"type":"log","timestamp":1725880284866,"level":"info","message":"Starting rendering (child) request (user: admin)","meta":{"rootId":"bxzdz1ggkks25rs","id":"hk5uwuqdgv7ub8i"},"id":"7zglaignhvo95so","previousOperationId":"95878ky5vl0rkdk"}
{"type":"log","timestamp":1725880284866,"level":"info","message":"Rendering anonymous template { recipe: html, engine: handlebars }","meta":{"rootId":"bxzdz1ggkks25rs","id":"hk5uwuqdgv7ub8i"},"id":"893r93j9hyzfx0a","previousOperationId":"95878ky5vl0rkdk"}
{"type":"log","timestamp":1725880284866,"level":"debug","message":"Inline data specified.","meta":{"rootId":"bxzdz1ggkks25rs","id":"hk5uwuqdgv7ub8i"},"id":"d34f8g9qioscq6x","previousOperationId":"95878ky5vl0rkdk"}
{"type":"log","timestamp":1725880284867,"level":"debug","message":"Base url not specified, skipping its injection.","meta":{"rootId":"bxzdz1ggkks25rs","id":"hk5uwuqdgv7ub8i"},"id":"4mi7xrbsip48niv","previousOperationId":"95878ky5vl0rkdk"}
{"type":"operationStart","subtype":"engine","name":"handlebars","timestamp":1725880284867,"id":"dxcmqf42fakb12y","previousEventId":"9ko73kxhuxzt7b6","operationId":"e434vfx7tkomebf","previousOperationId":"95878ky5vl0rkdk"}
{"type":"log","timestamp":1725880284867,"level":"debug","message":"Rendering engine handlebars","meta":{"rootId":"bxzdz1ggkks25rs","id":"hk5uwuqdgv7ub8i"},"id":"n2n7g6bwn52q6co","previousOperationId":"e434vfx7tkomebf"}
{"type":"operationEnd","operationId":"e434vfx7tkomebf","timestamp":1725880284885,"id":"99v88j1nvc71nzh","previousEventId":"dxcmqf42fakb12y","previousOperationId":"e434vfx7tkomebf"}
{"type":"operationStart","subtype":"recipe","name":"html","timestamp":1725880284885,"id":"7b3jj9h3cqmjre5","previousEventId":"99v88j1nvc71nzh","operationId":"5ggq63do3naa31u","previousOperationId":"e434vfx7tkomebf"}
{"type":"log","timestamp":1725880284885,"level":"debug","message":"Executing recipe html","meta":{"rootId":"bxzdz1ggkks25rs","id":"hk5uwuqdgv7ub8i"},"id":"oef0ppfm31jnh7o","previousOperationId":"5ggq63do3naa31u"}
{"type":"operationEnd","operationId":"5ggq63do3naa31u","timestamp":1725880284885,"id":"twfudtqc0bst6qw","previousEventId":"7b3jj9h3cqmjre5","previousOperationId":"5ggq63do3naa31u"}
{"type":"log","timestamp":1725880284885,"level":"debug","message":"Skipping storing report.","meta":{"rootId":"bxzdz1ggkks25rs","id":"hk5uwuqdgv7ub8i"},"id":"irv3dnyt820uzxx","previousOperationId":"5ggq63do3naa31u"}
{"type":"log","timestamp":1725880284885,"level":"info","message":"Rendering (child) request finished in 139 ms","meta":{"rootId":"bxzdz1ggkks25rs","id":"hk5uwuqdgv7ub8i"},"id":"nso5bbj0gk8rwbi","previousOperationId":"5ggq63do3naa31u"}
{"type":"operationEnd","subtype":"render","operationId":"95878ky5vl0rkdk","timestamp":1725880284885,"id":"0e6ptf2zkzvdbpn","previousEventId":"twfudtqc0bst6qw","previousOperationId":"5ggq63do3naa31u"}
{"type":"log","timestamp":1725880285038,"level":"debug","message":"xlsx successfully zipped","meta":{"rootId":"bxzdz1ggkks25rs","id":"bxzdz1ggkks25rs"},"id":"vhhgr5x2dsg5ww0","previousOperationId":"xdnb9yq3g6du8k3"}
{"type":"log","timestamp":1725880285038,"level":"info","message":"xlsx generation was finished","meta":{"rootId":"bxzdz1ggkks25rs","id":"bxzdz1ggkks25rs"},"id":"fm5gc820bkdxas2","previousOperationId":"xdnb9yq3g6du8k3"}
{"type":"log","timestamp":1725880285065,"level":"debug","message":"preparing office preview","meta":{"rootId":"bxzdz1ggkks25rs","id":"bxzdz1ggkks25rs"},"id":"l0cqy1zxwijwb5e","previousOperationId":"xdnb9yq3g6du8k3"}
{"type":"operationEnd","operationId":"xdnb9yq3g6du8k3","timestamp":1725880285519,"id":"ikk41w0zwljx2rt","previousEventId":"qpv8b4jkr3cz36v","previousOperationId":"xdnb9yq3g6du8k3"}
{"type":"log","timestamp":1725880285519,"level":"debug","message":"Skipping storing report.","meta":{"rootId":"bxzdz1ggkks25rs","id":"bxzdz1ggkks25rs"},"id":"2zqyko285qweu7z","previousOperationId":"xdnb9yq3g6du8k3"}
{"type":"log","timestamp":1725880285520,"level":"info","message":"Rendering request 603 finished in 774 ms","meta":{"rootId":"bxzdz1ggkks25rs","id":"bxzdz1ggkks25rs"},"id":"qt8gatyqgcf4aas","previousOperationId":"xdnb9yq3g6du8k3"}
{"type":"operationEnd","subtype":"render","operationId":"j9tlnkd1nkoy6xy","timestamp":1725880285520,"id":"fr7k6livhvy6c1g","previousEventId":"ikk41w0zwljx2rt","previousOperationId":"xdnb9yq3g6du8k3"}
{"type":"operationEnd","doDiffs":false,"previousEventId":"27x5pn7ihs2h2gz","previousOperationId":"ph1itd9s4eguvwl","operationId":"ph1itd9s4eguvwl","timestamp":1725880285521,"id":"f7f3u07kmafv4di"}
