{"type":"operationStart","subtype":"profile","data":{"_id":"YVxmodI1aRcjRaVv","timestamp":"2024-11-12T09:02:19.562Z","state":"queued","mode":"standard","creationDate":"2024-11-12T09:02:19.564Z","modificationDate":"2024-11-12T09:02:19.564Z","shortid":"1QEETiv","inheritedReadPermissions":[],"inheritedEditPermissions":[],"$entitySet":"profiles"},"doDiffs":false,"timestamp":1731402139563,"id":"vpwt269v5uf07o7","previousOperationId":null,"operationId":"z9qcdwho4oq1i3c"}
{"type":"log","level":"info","message":"Render request 145 queued for execution and waiting for available worker","previousOperationId":"z9qcdwho4oq1i3c","timestamp":1731402139563,"id":"yy6ftxdgmq4k7m2"}
{"type":"operationStart","subtype":"render","name":"header-footer","previousOperationId":"z9qcdwho4oq1i3c","timestamp":1731402139573,"id":"d27ys5uga2jxpvg","previousEventId":"vpwt269v5uf07o7","operationId":"8qyp0p1305mhoa2"}
{"type":"log","timestamp":1731402139573,"level":"info","message":"Starting rendering request 145 (user: admin)","meta":{"rootId":"3nmk8nib8cgrhd5","id":"3nmk8nib8cgrhd5"},"id":"748mrft82iej9oh","previousOperationId":"8qyp0p1305mhoa2"}
{"type":"log","timestamp":1731402139573,"level":"info","message":"Rendering template { name: header-footer, recipe: chrome-pdf, engine: handlebars, preview: true }","meta":{"rootId":"3nmk8nib8cgrhd5","id":"3nmk8nib8cgrhd5"},"id":"f2vmgv29jwxikkt","previousOperationId":"8qyp0p1305mhoa2"}
{"type":"log","timestamp":1731402139573,"level":"debug","message":"Data item not defined for this template.","meta":{"rootId":"3nmk8nib8cgrhd5","id":"3nmk8nib8cgrhd5"},"id":"m1au0eyq564h582","previousOperationId":"8qyp0p1305mhoa2"}
{"type":"log","timestamp":1731402139575,"level":"debug","message":"Base url not specified, skipping its injection.","meta":{"rootId":"3nmk8nib8cgrhd5","id":"3nmk8nib8cgrhd5"},"id":"ohg4p5q5866h4td","previousOperationId":"8qyp0p1305mhoa2"}
{"type":"log","timestamp":1731402139580,"level":"debug","message":"Replaced assets [\"KhmerOSSiemreapRegular.ttf\",\"KhmerOSMuolLightRegular.ttf\",\"times_new_roman.ttf\",\"Tacteing.ttf\"]","meta":{"rootId":"3nmk8nib8cgrhd5","id":"3nmk8nib8cgrhd5"},"id":"bhhbpgtd6xuj3yz","previousOperationId":"8qyp0p1305mhoa2"}
{"type":"operationStart","subtype":"engine","name":"handlebars","timestamp":1731402139581,"id":"g99qleyqu6mmta6","previousEventId":"d27ys5uga2jxpvg","operationId":"euy6zkc7i7lzop5","previousOperationId":"8qyp0p1305mhoa2"}
{"type":"log","timestamp":1731402139581,"level":"debug","message":"Rendering engine handlebars","meta":{"rootId":"3nmk8nib8cgrhd5","id":"3nmk8nib8cgrhd5"},"id":"kk94pbeaeuvjr7o","previousOperationId":"euy6zkc7i7lzop5"}
{"type":"operationEnd","operationId":"euy6zkc7i7lzop5","timestamp":1731402139610,"id":"czdby2rlthjuaaj","previousEventId":"g99qleyqu6mmta6","previousOperationId":"euy6zkc7i7lzop5"}
{"type":"operationStart","subtype":"recipe","name":"chrome-pdf","timestamp":1731402139615,"id":"plx2d8ycorrz24v","previousEventId":"czdby2rlthjuaaj","operationId":"7w7t17k6ukjx0wh","previousOperationId":"euy6zkc7i7lzop5"}
{"type":"log","timestamp":1731402139615,"level":"debug","message":"Executing recipe chrome-pdf","meta":{"rootId":"3nmk8nib8cgrhd5","id":"3nmk8nib8cgrhd5"},"id":"6jxuewjsbje6aqn","previousOperationId":"7w7t17k6ukjx0wh"}
{"type":"log","timestamp":1731402139618,"level":"debug","message":"Converting with chrome Chrome/127.0.6533.99 using chrome-pool strategy","meta":{"rootId":"3nmk8nib8cgrhd5","id":"3nmk8nib8cgrhd5"},"id":"mizd1b1938l96c1","previousOperationId":"7w7t17k6ukjx0wh"}
{"type":"log","timestamp":1731402139674,"level":"debug","message":"Page request: GET (document) file:///C:/Users/shsmo/AppData/Local/Temp/jsreport/autocleanup/2518eda3-bc52-4cd0-b88a-f7ecc49be0a3-chrome-pdf.html","meta":{"rootId":"3nmk8nib8cgrhd5","id":"3nmk8nib8cgrhd5"},"id":"nw7vgeyvgu94q3g","previousOperationId":"7w7t17k6ukjx0wh"}
{"type":"log","timestamp":1731402139691,"level":"debug","message":"Page request finished: GET (document) 200 file:///C:/Users/shsmo/AppData/Local/Temp/jsreport/autocleanup/2518eda3-bc52-4cd0-b88a-f7ecc49be0a3-chrome-pdf.html","meta":{"rootId":"3nmk8nib8cgrhd5","id":"3nmk8nib8cgrhd5"},"id":"9zzaygvdxhw9uay","previousOperationId":"7w7t17k6ukjx0wh"}
{"type":"log","timestamp":1731402139691,"level":"debug","message":"Page request: GET (script) https://cdn.tailwindcss.com/","meta":{"rootId":"3nmk8nib8cgrhd5","id":"3nmk8nib8cgrhd5"},"id":"mq0p2xcyoyzfd9j","previousOperationId":"7w7t17k6ukjx0wh"}
{"type":"log","timestamp":1731402139701,"level":"warn","message":"Page request failed: GET (script) 302 https://cdn.tailwindcss.com/ (redirect to: /3.4.14)","meta":{"rootId":"3nmk8nib8cgrhd5","id":"3nmk8nib8cgrhd5"},"id":"wur2w1cx7webn00","previousOperationId":"7w7t17k6ukjx0wh"}
{"type":"log","timestamp":1731402139701,"level":"debug","message":"Page request: GET (script) https://cdn.tailwindcss.com/3.4.14 (redirect from: https://cdn.tailwindcss.com/)","meta":{"rootId":"3nmk8nib8cgrhd5","id":"3nmk8nib8cgrhd5"},"id":"kcmg11cff1kqfvo","previousOperationId":"7w7t17k6ukjx0wh"}
{"type":"log","timestamp":1731402139724,"level":"debug","message":"Page request finished: GET (script) 200 https://cdn.tailwindcss.com/3.4.14","meta":{"rootId":"3nmk8nib8cgrhd5","id":"3nmk8nib8cgrhd5"},"id":"mmgjanshzga2e0a","previousOperationId":"7w7t17k6ukjx0wh"}
{"type":"log","timestamp":1731402139772,"level":"debug","message":"(console:warn) cdn.tailwindcss.com should not be used in production. To use Tailwind CSS in production, install it as a PostCSS plugin or use the Tailwind CLI: https://tailwindcss.com/docs/installation","meta":{"userLevel":true,"rootId":"3nmk8nib8cgrhd5","id":"3nmk8nib8cgrhd5"},"id":"rifg02xbq1884n1","previousOperationId":"7w7t17k6ukjx0wh"}
{"type":"log","timestamp":1731402139855,"level":"debug","message":"Running chrome with params {\"format\":\"A4\",\"marginBottom\":\"\",\"marginRight\":\"1.5cm\",\"marginLeft\":\"1.5cm\",\"timeout\":599945,\"margin\":{\"right\":\"1.5cm\",\"bottom\":\"\",\"left\":\"1.5cm\"},\"printBackground\":true}","meta":{"rootId":"3nmk8nib8cgrhd5","id":"3nmk8nib8cgrhd5"},"id":"txuww6zzww7gi20","previousOperationId":"7w7t17k6ukjx0wh"}
{"type":"operationEnd","operationId":"7w7t17k6ukjx0wh","timestamp":1731402139905,"id":"6elyi4qw9swsk55","previousEventId":"plx2d8ycorrz24v","previousOperationId":"7w7t17k6ukjx0wh"}
{"type":"log","timestamp":1731402139905,"level":"debug","message":"Skipping storing report.","meta":{"rootId":"3nmk8nib8cgrhd5","id":"3nmk8nib8cgrhd5"},"id":"egse431bfzfj53g","previousOperationId":"7w7t17k6ukjx0wh"}
{"type":"log","timestamp":1731402139906,"level":"info","message":"Rendering request 145 finished in 344 ms","meta":{"rootId":"3nmk8nib8cgrhd5","id":"3nmk8nib8cgrhd5"},"id":"3fjs2sh2qf8sgaa","previousOperationId":"7w7t17k6ukjx0wh"}
{"type":"operationEnd","subtype":"render","operationId":"8qyp0p1305mhoa2","timestamp":1731402139906,"id":"140xfpqxparksgb","previousEventId":"6elyi4qw9swsk55","previousOperationId":"7w7t17k6ukjx0wh"}
{"type":"operationEnd","doDiffs":false,"previousEventId":"vpwt269v5uf07o7","previousOperationId":"z9qcdwho4oq1i3c","operationId":"z9qcdwho4oq1i3c","timestamp":1731402139908,"id":"fk4cg1pej3id8rm"}
