{"type":"operationStart","subtype":"profile","data":{"_id":"ooIxQZnuVV8AJ2DG","timestamp":"2024-11-12T08:23:54.438Z","state":"queued","mode":"standard","creationDate":"2024-11-12T08:23:54.440Z","modificationDate":"2024-11-12T08:23:54.440Z","shortid":"cBeYf6_","inheritedReadPermissions":[],"inheritedEditPermissions":[],"$entitySet":"profiles"},"doDiffs":false,"timestamp":1731399834439,"id":"4ml1ryz8nh2syv0","previousOperationId":null,"operationId":"t6jf45hkldktpcz"}
{"type":"log","level":"info","message":"Render request 88 queued for execution and waiting for available worker","previousOperationId":"t6jf45hkldktpcz","timestamp":1731399834439,"id":"z3n4swdbkm7ydy1"}
{"type":"operationStart","subtype":"render","name":"header-footer","previousOperationId":"t6jf45hkldktpcz","timestamp":1731399834445,"id":"3uo391b7uu49jis","previousEventId":"4ml1ryz8nh2syv0","operationId":"m859jddup2hr0pm"}
{"type":"log","timestamp":1731399834445,"level":"info","message":"Starting rendering request 88 (user: admin)","meta":{"rootId":"5ef5o08mr7cl1yl","id":"5ef5o08mr7cl1yl"},"id":"gtyojyuh6rsq01y","previousOperationId":"m859jddup2hr0pm"}
{"type":"log","timestamp":1731399834445,"level":"info","message":"Rendering template { name: header-footer, recipe: chrome-pdf, engine: handlebars, preview: true }","meta":{"rootId":"5ef5o08mr7cl1yl","id":"5ef5o08mr7cl1yl"},"id":"4te2023hfoxhnyc","previousOperationId":"m859jddup2hr0pm"}
{"type":"log","timestamp":1731399834446,"level":"debug","message":"Data item not defined for this template.","meta":{"rootId":"5ef5o08mr7cl1yl","id":"5ef5o08mr7cl1yl"},"id":"f2i39vyae6b79d5","previousOperationId":"m859jddup2hr0pm"}
{"type":"log","timestamp":1731399834447,"level":"debug","message":"Base url not specified, skipping its injection.","meta":{"rootId":"5ef5o08mr7cl1yl","id":"5ef5o08mr7cl1yl"},"id":"rjxptttrsyftiqi","previousOperationId":"m859jddup2hr0pm"}
{"type":"log","timestamp":1731399834450,"level":"debug","message":"Replaced assets [\"KhmerOSSiemreapRegular.ttf\",\"KhmerOSMuolLightRegular.ttf\",\"times_new_roman.ttf\",\"Tacteing.ttf\"]","meta":{"rootId":"5ef5o08mr7cl1yl","id":"5ef5o08mr7cl1yl"},"id":"e7wvqrzu74z0hmw","previousOperationId":"m859jddup2hr0pm"}
{"type":"operationStart","subtype":"engine","name":"handlebars","timestamp":1731399834450,"id":"eqd9ak6sdscomrn","previousEventId":"3uo391b7uu49jis","operationId":"rahfidu1mh5j0bt","previousOperationId":"m859jddup2hr0pm"}
{"type":"log","timestamp":1731399834450,"level":"debug","message":"Rendering engine handlebars","meta":{"rootId":"5ef5o08mr7cl1yl","id":"5ef5o08mr7cl1yl"},"id":"p0utpi9xwkx98xj","previousOperationId":"rahfidu1mh5j0bt"}
{"type":"operationEnd","operationId":"rahfidu1mh5j0bt","timestamp":1731399834469,"id":"9pjwre8spwimo8e","previousEventId":"eqd9ak6sdscomrn","previousOperationId":"rahfidu1mh5j0bt"}
{"type":"operationStart","subtype":"recipe","name":"chrome-pdf","timestamp":1731399834472,"id":"1dxw5nw02yqpubx","previousEventId":"9pjwre8spwimo8e","operationId":"vftkhic3sz2u78u","previousOperationId":"rahfidu1mh5j0bt"}
{"type":"log","timestamp":1731399834472,"level":"debug","message":"Executing recipe chrome-pdf","meta":{"rootId":"5ef5o08mr7cl1yl","id":"5ef5o08mr7cl1yl"},"id":"zt8d6xk3hbkhq8d","previousOperationId":"vftkhic3sz2u78u"}
{"type":"log","timestamp":1731399834475,"level":"debug","message":"Converting with chrome Chrome/127.0.6533.99 using chrome-pool strategy","meta":{"rootId":"5ef5o08mr7cl1yl","id":"5ef5o08mr7cl1yl"},"id":"ioqv9lne0u1gxp1","previousOperationId":"vftkhic3sz2u78u"}
{"type":"log","timestamp":1731399834540,"level":"debug","message":"Page request: GET (document) file:///C:/Users/shsmo/AppData/Local/Temp/jsreport/autocleanup/01bd8373-9483-486a-b5b3-dfc005c18957-chrome-pdf.html","meta":{"rootId":"5ef5o08mr7cl1yl","id":"5ef5o08mr7cl1yl"},"id":"uyu1eh0ozi8byht","previousOperationId":"vftkhic3sz2u78u"}
{"type":"log","timestamp":1731399834556,"level":"debug","message":"Page request finished: GET (document) 200 file:///C:/Users/shsmo/AppData/Local/Temp/jsreport/autocleanup/01bd8373-9483-486a-b5b3-dfc005c18957-chrome-pdf.html","meta":{"rootId":"5ef5o08mr7cl1yl","id":"5ef5o08mr7cl1yl"},"id":"mhn5nst5b5126gr","previousOperationId":"vftkhic3sz2u78u"}
{"type":"log","timestamp":1731399834561,"level":"debug","message":"Page request: GET (script) https://cdn.tailwindcss.com/","meta":{"rootId":"5ef5o08mr7cl1yl","id":"5ef5o08mr7cl1yl"},"id":"na37gw9bgsmafj7","previousOperationId":"vftkhic3sz2u78u"}
{"type":"log","timestamp":1731399834567,"level":"warn","message":"Page request failed: GET (script) 302 https://cdn.tailwindcss.com/ (redirect to: /3.4.14)","meta":{"rootId":"5ef5o08mr7cl1yl","id":"5ef5o08mr7cl1yl"},"id":"ttfgs2dqdzbqxok","previousOperationId":"vftkhic3sz2u78u"}
{"type":"log","timestamp":1731399834567,"level":"debug","message":"Page request: GET (script) https://cdn.tailwindcss.com/3.4.14 (redirect from: https://cdn.tailwindcss.com/)","meta":{"rootId":"5ef5o08mr7cl1yl","id":"5ef5o08mr7cl1yl"},"id":"ybtcb3n8fk8re8u","previousOperationId":"vftkhic3sz2u78u"}
{"type":"log","timestamp":1731399834585,"level":"debug","message":"Page request finished: GET (script) 200 https://cdn.tailwindcss.com/3.4.14","meta":{"rootId":"5ef5o08mr7cl1yl","id":"5ef5o08mr7cl1yl"},"id":"jmwpaf1uzb5v7qj","previousOperationId":"vftkhic3sz2u78u"}
{"type":"log","timestamp":1731399834626,"level":"debug","message":"(console:warn) cdn.tailwindcss.com should not be used in production. To use Tailwind CSS in production, install it as a PostCSS plugin or use the Tailwind CLI: https://tailwindcss.com/docs/installation","meta":{"userLevel":true,"rootId":"5ef5o08mr7cl1yl","id":"5ef5o08mr7cl1yl"},"id":"kl90o095zgjh242","previousOperationId":"vftkhic3sz2u78u"}
{"type":"log","timestamp":1731399834685,"level":"debug","message":"Running chrome with params {\"format\":\"A4\",\"marginBottom\":\"\",\"timeout\":599964,\"margin\":{\"bottom\":\"\"},\"printBackground\":true}","meta":{"rootId":"5ef5o08mr7cl1yl","id":"5ef5o08mr7cl1yl"},"id":"dm6d3f5p53stydc","previousOperationId":"vftkhic3sz2u78u"}
{"type":"operationEnd","operationId":"vftkhic3sz2u78u","timestamp":1731399834738,"id":"k464e4j071wtblx","previousEventId":"1dxw5nw02yqpubx","previousOperationId":"vftkhic3sz2u78u"}
{"type":"log","timestamp":1731399834738,"level":"debug","message":"Skipping storing report.","meta":{"rootId":"5ef5o08mr7cl1yl","id":"5ef5o08mr7cl1yl"},"id":"qfxu18f9dxyb7xx","previousOperationId":"vftkhic3sz2u78u"}
{"type":"log","timestamp":1731399834738,"level":"info","message":"Rendering request 88 finished in 300 ms","meta":{"rootId":"5ef5o08mr7cl1yl","id":"5ef5o08mr7cl1yl"},"id":"cvfao9rta64wcua","previousOperationId":"vftkhic3sz2u78u"}
{"type":"operationEnd","subtype":"render","operationId":"m859jddup2hr0pm","timestamp":1731399834738,"id":"flau8vpop944ysb","previousEventId":"k464e4j071wtblx","previousOperationId":"vftkhic3sz2u78u"}
{"type":"operationEnd","doDiffs":false,"previousEventId":"4ml1ryz8nh2syv0","previousOperationId":"t6jf45hkldktpcz","operationId":"t6jf45hkldktpcz","timestamp":1731399834740,"id":"rr3mgsxzvjstk08"}
