{"type":"operationStart","subtype":"profile","data":{"_id":"4rHEWXD4RAxFW5IK","timestamp":"2024-11-12T07:48:19.455Z","state":"queued","mode":"standard","creationDate":"2024-11-12T07:48:19.458Z","modificationDate":"2024-11-12T07:48:19.458Z","shortid":"jK3-c_D","inheritedReadPermissions":[],"inheritedEditPermissions":[],"$entitySet":"profiles"},"doDiffs":false,"timestamp":1731397699456,"id":"wbq455k8dhsidq7","previousOperationId":null,"operationId":"wa119alenq0bnf7"}
{"type":"log","level":"info","message":"Render request 4 queued for execution and waiting for available worker","previousOperationId":"wa119alenq0bnf7","timestamp":1731397699457,"id":"1qe5ki0h88gav3m"}
{"type":"operationStart","subtype":"render","name":"header-footer","previousOperationId":"wa119alenq0bnf7","timestamp":1731397699466,"id":"sl9gwkrbpjttrq4","previousEventId":"wbq455k8dhsidq7","operationId":"vuy0jhbwc65dr7p"}
{"type":"log","timestamp":1731397699466,"level":"info","message":"Starting rendering request 4 (user: admin)","meta":{"rootId":"67le8qbcf7bta0b","id":"67le8qbcf7bta0b"},"id":"yhcxlmyifs2iu14","previousOperationId":"vuy0jhbwc65dr7p"}
{"type":"log","timestamp":1731397699467,"level":"info","message":"Rendering template { name: header-footer, recipe: chrome-pdf, engine: handlebars, preview: true }","meta":{"rootId":"67le8qbcf7bta0b","id":"67le8qbcf7bta0b"},"id":"at9gjry92ur11xw","previousOperationId":"vuy0jhbwc65dr7p"}
{"type":"log","timestamp":1731397699467,"level":"debug","message":"Data item not defined for this template.","meta":{"rootId":"67le8qbcf7bta0b","id":"67le8qbcf7bta0b"},"id":"uxjtpsl1bz3x1tv","previousOperationId":"vuy0jhbwc65dr7p"}
{"type":"log","timestamp":1731397699469,"level":"debug","message":"Base url not specified, skipping its injection.","meta":{"rootId":"67le8qbcf7bta0b","id":"67le8qbcf7bta0b"},"id":"22odtksgoiahehx","previousOperationId":"vuy0jhbwc65dr7p"}
{"type":"operationStart","subtype":"engine","name":"handlebars","timestamp":1731397699470,"id":"kjjv2b5j7laujer","previousEventId":"sl9gwkrbpjttrq4","operationId":"g6y6l6ywca7kyfd","previousOperationId":"vuy0jhbwc65dr7p"}
{"type":"log","timestamp":1731397699470,"level":"debug","message":"Rendering engine handlebars","meta":{"rootId":"67le8qbcf7bta0b","id":"67le8qbcf7bta0b"},"id":"e13fhz2jvszvyyl","previousOperationId":"g6y6l6ywca7kyfd"}
{"type":"operationEnd","operationId":"g6y6l6ywca7kyfd","timestamp":1731397699478,"id":"beg28r9tzf7epxj","previousEventId":"kjjv2b5j7laujer","previousOperationId":"g6y6l6ywca7kyfd"}
{"type":"operationStart","subtype":"recipe","name":"chrome-pdf","timestamp":1731397699479,"id":"osew9cd6uglol4n","previousEventId":"beg28r9tzf7epxj","operationId":"wctyau6i17y0ui1","previousOperationId":"g6y6l6ywca7kyfd"}
{"type":"log","timestamp":1731397699479,"level":"debug","message":"Executing recipe chrome-pdf","meta":{"rootId":"67le8qbcf7bta0b","id":"67le8qbcf7bta0b"},"id":"rldjdw98o6swuhi","previousOperationId":"wctyau6i17y0ui1"}
{"type":"log","timestamp":1731397699481,"level":"debug","message":"Converting with chrome Chrome/127.0.6533.99 using chrome-pool strategy","meta":{"rootId":"67le8qbcf7bta0b","id":"67le8qbcf7bta0b"},"id":"auakqehq0tnek5e","previousOperationId":"wctyau6i17y0ui1"}
{"type":"log","timestamp":1731397699541,"level":"debug","message":"Page request: GET (document) file:///C:/Users/shsmo/AppData/Local/Temp/jsreport/autocleanup/95e01b41-ca72-4b26-95f4-190392556680-chrome-pdf.html","meta":{"rootId":"67le8qbcf7bta0b","id":"67le8qbcf7bta0b"},"id":"vupvg6gquf99qdy","previousOperationId":"wctyau6i17y0ui1"}
{"type":"log","timestamp":1731397699565,"level":"debug","message":"Page request finished: GET (document) 200 file:///C:/Users/shsmo/AppData/Local/Temp/jsreport/autocleanup/95e01b41-ca72-4b26-95f4-190392556680-chrome-pdf.html","meta":{"rootId":"67le8qbcf7bta0b","id":"67le8qbcf7bta0b"},"id":"8690nislxdh7mxk","previousOperationId":"wctyau6i17y0ui1"}
{"type":"log","timestamp":1731397699574,"level":"debug","message":"Running chrome with params {\"format\":\"A4\",\"timeout\":599975,\"margin\":{},\"printBackground\":true}","meta":{"rootId":"67le8qbcf7bta0b","id":"67le8qbcf7bta0b"},"id":"a15v0c1rt47c9lj","previousOperationId":"wctyau6i17y0ui1"}
{"type":"operationEnd","operationId":"wctyau6i17y0ui1","timestamp":1731397699665,"id":"v9tt8igpa8jrlcd","previousEventId":"osew9cd6uglol4n","previousOperationId":"wctyau6i17y0ui1"}
{"type":"log","timestamp":1731397699665,"level":"debug","message":"Skipping storing report.","meta":{"rootId":"67le8qbcf7bta0b","id":"67le8qbcf7bta0b"},"id":"apu7jnag17iv6l9","previousOperationId":"wctyau6i17y0ui1"}
{"type":"log","timestamp":1731397699666,"level":"info","message":"Rendering request 4 finished in 211 ms","meta":{"rootId":"67le8qbcf7bta0b","id":"67le8qbcf7bta0b"},"id":"ucus365boawb5ri","previousOperationId":"wctyau6i17y0ui1"}
{"type":"operationEnd","subtype":"render","operationId":"vuy0jhbwc65dr7p","timestamp":1731397699666,"id":"n284a75qakov68e","previousEventId":"v9tt8igpa8jrlcd","previousOperationId":"wctyau6i17y0ui1"}
{"type":"operationEnd","doDiffs":false,"previousEventId":"wbq455k8dhsidq7","previousOperationId":"wa119alenq0bnf7","operationId":"wa119alenq0bnf7","timestamp":1731397699670,"id":"o3vvvxxintqu0vv"}
