{"type":"operationStart","subtype":"profile","data":{"_id":"xpc1CE1ccQF1Qxe7","timestamp":"2024-11-12T08:51:29.348Z","state":"queued","mode":"standard","creationDate":"2024-11-12T08:51:29.350Z","modificationDate":"2024-11-12T08:51:29.350Z","shortid":"97AB3le","inheritedReadPermissions":[],"inheritedEditPermissions":[],"$entitySet":"profiles"},"doDiffs":false,"timestamp":1731401489350,"id":"92mbcnwzi2qd7ws","previousOperationId":null,"operationId":"k3vcza37pv5jsky"}
{"type":"log","level":"info","message":"Render request 120 queued for execution and waiting for available worker","previousOperationId":"k3vcza37pv5jsky","timestamp":1731401489350,"id":"71vwndew9wmx9ov"}
{"type":"operationStart","subtype":"render","name":"header-footer","previousOperationId":"k3vcza37pv5jsky","timestamp":1731401489360,"id":"fveqn7cgk1hekm7","previousEventId":"92mbcnwzi2qd7ws","operationId":"gjgika1c9fdjwer"}
{"type":"log","timestamp":1731401489360,"level":"info","message":"Starting rendering request 120 (user: admin)","meta":{"rootId":"69w69guaecp4f4u","id":"69w69guaecp4f4u"},"id":"urdfikzn1qfj6lp","previousOperationId":"gjgika1c9fdjwer"}
{"type":"log","timestamp":1731401489360,"level":"info","message":"Rendering template { name: header-footer, recipe: chrome-pdf, engine: handlebars, preview: true }","meta":{"rootId":"69w69guaecp4f4u","id":"69w69guaecp4f4u"},"id":"k1mk1egrbju4kdb","previousOperationId":"gjgika1c9fdjwer"}
{"type":"log","timestamp":1731401489360,"level":"debug","message":"Data item not defined for this template.","meta":{"rootId":"69w69guaecp4f4u","id":"69w69guaecp4f4u"},"id":"zeuzagitme3vmdv","previousOperationId":"gjgika1c9fdjwer"}
{"type":"log","timestamp":1731401489361,"level":"debug","message":"Base url not specified, skipping its injection.","meta":{"rootId":"69w69guaecp4f4u","id":"69w69guaecp4f4u"},"id":"2fz0eapdaewe7t8","previousOperationId":"gjgika1c9fdjwer"}
{"type":"log","timestamp":1731401489367,"level":"debug","message":"Replaced assets [\"KhmerOSSiemreapRegular.ttf\",\"KhmerOSMuolLightRegular.ttf\",\"times_new_roman.ttf\",\"Tacteing.ttf\"]","meta":{"rootId":"69w69guaecp4f4u","id":"69w69guaecp4f4u"},"id":"udvimmeu1rltdnz","previousOperationId":"gjgika1c9fdjwer"}
{"type":"operationStart","subtype":"engine","name":"handlebars","timestamp":1731401489368,"id":"bjthajd96gxw6c4","previousEventId":"fveqn7cgk1hekm7","operationId":"pwtdyrnnionqw08","previousOperationId":"gjgika1c9fdjwer"}
{"type":"log","timestamp":1731401489368,"level":"debug","message":"Rendering engine handlebars","meta":{"rootId":"69w69guaecp4f4u","id":"69w69guaecp4f4u"},"id":"4hiiblcpav33xyx","previousOperationId":"pwtdyrnnionqw08"}
{"type":"operationEnd","operationId":"pwtdyrnnionqw08","timestamp":1731401489390,"id":"7toidde2s9tgcb3","previousEventId":"bjthajd96gxw6c4","previousOperationId":"pwtdyrnnionqw08"}
{"type":"operationStart","subtype":"recipe","name":"chrome-pdf","timestamp":1731401489396,"id":"d8ighrremr9hcog","previousEventId":"7toidde2s9tgcb3","operationId":"u4eppqaojolobvz","previousOperationId":"pwtdyrnnionqw08"}
{"type":"log","timestamp":1731401489396,"level":"debug","message":"Executing recipe chrome-pdf","meta":{"rootId":"69w69guaecp4f4u","id":"69w69guaecp4f4u"},"id":"967abb946rfbq2t","previousOperationId":"u4eppqaojolobvz"}
{"type":"log","timestamp":1731401489399,"level":"debug","message":"Converting with chrome Chrome/127.0.6533.99 using chrome-pool strategy","meta":{"rootId":"69w69guaecp4f4u","id":"69w69guaecp4f4u"},"id":"vzpsyengx416ll6","previousOperationId":"u4eppqaojolobvz"}
{"type":"log","timestamp":1731401489463,"level":"debug","message":"Page request: GET (document) file:///C:/Users/shsmo/AppData/Local/Temp/jsreport/autocleanup/aab0c751-ecbc-463e-be2b-f70822b488ec-chrome-pdf.html","meta":{"rootId":"69w69guaecp4f4u","id":"69w69guaecp4f4u"},"id":"pdhzuwt8voy446n","previousOperationId":"u4eppqaojolobvz"}
{"type":"log","timestamp":1731401489487,"level":"debug","message":"Page request finished: GET (document) 200 file:///C:/Users/shsmo/AppData/Local/Temp/jsreport/autocleanup/aab0c751-ecbc-463e-be2b-f70822b488ec-chrome-pdf.html","meta":{"rootId":"69w69guaecp4f4u","id":"69w69guaecp4f4u"},"id":"1jldmk3thk4uxvb","previousOperationId":"u4eppqaojolobvz"}
{"type":"log","timestamp":1731401489488,"level":"debug","message":"Page request: GET (script) https://cdn.tailwindcss.com/","meta":{"rootId":"69w69guaecp4f4u","id":"69w69guaecp4f4u"},"id":"036jy3g0a88w20h","previousOperationId":"u4eppqaojolobvz"}
{"type":"log","timestamp":1731401489498,"level":"warn","message":"Page request failed: GET (script) 302 https://cdn.tailwindcss.com/ (redirect to: /3.4.14)","meta":{"rootId":"69w69guaecp4f4u","id":"69w69guaecp4f4u"},"id":"amj8nn0ofqiauqx","previousOperationId":"u4eppqaojolobvz"}
{"type":"log","timestamp":1731401489498,"level":"debug","message":"Page request: GET (script) https://cdn.tailwindcss.com/3.4.14 (redirect from: https://cdn.tailwindcss.com/)","meta":{"rootId":"69w69guaecp4f4u","id":"69w69guaecp4f4u"},"id":"kabswwjafnqmxcr","previousOperationId":"u4eppqaojolobvz"}
{"type":"log","timestamp":1731401489517,"level":"debug","message":"Page request finished: GET (script) 200 https://cdn.tailwindcss.com/3.4.14","meta":{"rootId":"69w69guaecp4f4u","id":"69w69guaecp4f4u"},"id":"s3ud95dpj4uqye6","previousOperationId":"u4eppqaojolobvz"}
{"type":"log","timestamp":1731401489577,"level":"debug","message":"(console:warn) cdn.tailwindcss.com should not be used in production. To use Tailwind CSS in production, install it as a PostCSS plugin or use the Tailwind CLI: https://tailwindcss.com/docs/installation","meta":{"userLevel":true,"rootId":"69w69guaecp4f4u","id":"69w69guaecp4f4u"},"id":"2n9p0nc83iex9i4","previousOperationId":"u4eppqaojolobvz"}
{"type":"log","timestamp":1731401489675,"level":"debug","message":"Running chrome with params {\"format\":\"A4\",\"marginBottom\":\"\",\"marginRight\":\"1.5cm\",\"marginLeft\":\"1.5cm\",\"timeout\":599950,\"margin\":{\"right\":\"1.5cm\",\"bottom\":\"\",\"left\":\"1.5cm\"},\"printBackground\":true}","meta":{"rootId":"69w69guaecp4f4u","id":"69w69guaecp4f4u"},"id":"v26zhbuvn61uxg5","previousOperationId":"u4eppqaojolobvz"}
{"type":"operationEnd","operationId":"u4eppqaojolobvz","timestamp":1731401489730,"id":"febgjpz3zsm47ul","previousEventId":"d8ighrremr9hcog","previousOperationId":"u4eppqaojolobvz"}
{"type":"log","timestamp":1731401489730,"level":"debug","message":"Skipping storing report.","meta":{"rootId":"69w69guaecp4f4u","id":"69w69guaecp4f4u"},"id":"5l96l0kpwj2g5w1","previousOperationId":"u4eppqaojolobvz"}
{"type":"log","timestamp":1731401489730,"level":"info","message":"Rendering request 120 finished in 382 ms","meta":{"rootId":"69w69guaecp4f4u","id":"69w69guaecp4f4u"},"id":"4wm0oj7uwydx7td","previousOperationId":"u4eppqaojolobvz"}
{"type":"operationEnd","subtype":"render","operationId":"gjgika1c9fdjwer","timestamp":1731401489730,"id":"594hn1368gqb0w8","previousEventId":"febgjpz3zsm47ul","previousOperationId":"u4eppqaojolobvz"}
{"type":"operationEnd","doDiffs":false,"previousEventId":"92mbcnwzi2qd7ws","previousOperationId":"k3vcza37pv5jsky","operationId":"k3vcza37pv5jsky","timestamp":1731401489732,"id":"f4i605m475qsc3i"}
