{"type":"operationStart","subtype":"profile","data":{"_id":"NUite56uhqKSUgNe","timestamp":"2024-11-12T08:51:09.277Z","state":"queued","mode":"standard","creationDate":"2024-11-12T08:51:09.279Z","modificationDate":"2024-11-12T08:51:09.279Z","shortid":"lGMy1jr","inheritedReadPermissions":[],"inheritedEditPermissions":[],"$entitySet":"profiles"},"doDiffs":false,"timestamp":1731401469278,"id":"e3ijohtoy3aj1oo","previousOperationId":null,"operationId":"1n57a5w03d23g8m"}
{"type":"log","level":"info","message":"Render request 118 queued for execution and waiting for available worker","previousOperationId":"1n57a5w03d23g8m","timestamp":1731401469278,"id":"5gyboc2qw9nl27d"}
{"type":"operationStart","subtype":"render","name":"header-footer","previousOperationId":"1n57a5w03d23g8m","timestamp":1731401469286,"id":"4tf2e6lubqynki9","previousEventId":"e3ijohtoy3aj1oo","operationId":"q4h5yhz7bi38yp3"}
{"type":"log","timestamp":1731401469286,"level":"info","message":"Starting rendering request 118 (user: admin)","meta":{"rootId":"6phg363ba43u4u8","id":"6phg363ba43u4u8"},"id":"tt54a91dhsnk0u8","previousOperationId":"q4h5yhz7bi38yp3"}
{"type":"log","timestamp":1731401469286,"level":"info","message":"Rendering template { name: header-footer, recipe: chrome-pdf, engine: handlebars, preview: true }","meta":{"rootId":"6phg363ba43u4u8","id":"6phg363ba43u4u8"},"id":"1hy0g9toe3iqolc","previousOperationId":"q4h5yhz7bi38yp3"}
{"type":"log","timestamp":1731401469286,"level":"debug","message":"Data item not defined for this template.","meta":{"rootId":"6phg363ba43u4u8","id":"6phg363ba43u4u8"},"id":"6xcaw4ylcuyv6fl","previousOperationId":"q4h5yhz7bi38yp3"}
{"type":"log","timestamp":1731401469289,"level":"debug","message":"Base url not specified, skipping its injection.","meta":{"rootId":"6phg363ba43u4u8","id":"6phg363ba43u4u8"},"id":"42rslfeh8rf7hx1","previousOperationId":"q4h5yhz7bi38yp3"}
{"type":"log","timestamp":1731401469294,"level":"debug","message":"Replaced assets [\"KhmerOSSiemreapRegular.ttf\",\"KhmerOSMuolLightRegular.ttf\",\"times_new_roman.ttf\",\"Tacteing.ttf\"]","meta":{"rootId":"6phg363ba43u4u8","id":"6phg363ba43u4u8"},"id":"maxekoevceb9etm","previousOperationId":"q4h5yhz7bi38yp3"}
{"type":"operationStart","subtype":"engine","name":"handlebars","timestamp":1731401469295,"id":"o35hq59610rkp6f","previousEventId":"4tf2e6lubqynki9","operationId":"gojh9pybkvkrm6a","previousOperationId":"q4h5yhz7bi38yp3"}
{"type":"log","timestamp":1731401469295,"level":"debug","message":"Rendering engine handlebars","meta":{"rootId":"6phg363ba43u4u8","id":"6phg363ba43u4u8"},"id":"k4jjheibqiszwzd","previousOperationId":"gojh9pybkvkrm6a"}
{"type":"operationEnd","operationId":"gojh9pybkvkrm6a","timestamp":1731401469307,"id":"nfzbaa9s764w64h","previousEventId":"o35hq59610rkp6f","previousOperationId":"gojh9pybkvkrm6a"}
{"type":"operationStart","subtype":"recipe","name":"chrome-pdf","timestamp":1731401469312,"id":"evtzfksasgtx2b6","previousEventId":"nfzbaa9s764w64h","operationId":"ckftxcwx4dg3qb9","previousOperationId":"gojh9pybkvkrm6a"}
{"type":"log","timestamp":1731401469312,"level":"debug","message":"Executing recipe chrome-pdf","meta":{"rootId":"6phg363ba43u4u8","id":"6phg363ba43u4u8"},"id":"muwhtsh1uc20chv","previousOperationId":"ckftxcwx4dg3qb9"}
{"type":"log","timestamp":1731401469315,"level":"debug","message":"Converting with chrome Chrome/127.0.6533.99 using chrome-pool strategy","meta":{"rootId":"6phg363ba43u4u8","id":"6phg363ba43u4u8"},"id":"zqunhn2laol8ljd","previousOperationId":"ckftxcwx4dg3qb9"}
{"type":"log","timestamp":1731401469370,"level":"debug","message":"Page request: GET (document) file:///C:/Users/shsmo/AppData/Local/Temp/jsreport/autocleanup/78088f30-5b90-49d9-8df1-b46e878d79c1-chrome-pdf.html","meta":{"rootId":"6phg363ba43u4u8","id":"6phg363ba43u4u8"},"id":"o6hbz3fpxrhtd7c","previousOperationId":"ckftxcwx4dg3qb9"}
{"type":"log","timestamp":1731401469390,"level":"debug","message":"Page request: GET (script) https://cdn.tailwindcss.com/","meta":{"rootId":"6phg363ba43u4u8","id":"6phg363ba43u4u8"},"id":"wil8rea5f73htno","previousOperationId":"ckftxcwx4dg3qb9"}
{"type":"log","timestamp":1731401469391,"level":"debug","message":"Page request finished: GET (document) 200 file:///C:/Users/shsmo/AppData/Local/Temp/jsreport/autocleanup/78088f30-5b90-49d9-8df1-b46e878d79c1-chrome-pdf.html","meta":{"rootId":"6phg363ba43u4u8","id":"6phg363ba43u4u8"},"id":"iwj2n19a4bv26x2","previousOperationId":"ckftxcwx4dg3qb9"}
{"type":"log","timestamp":1731401469399,"level":"warn","message":"Page request failed: GET (script) 302 https://cdn.tailwindcss.com/ (redirect to: /3.4.14)","meta":{"rootId":"6phg363ba43u4u8","id":"6phg363ba43u4u8"},"id":"b7menj8hvxcgf4j","previousOperationId":"ckftxcwx4dg3qb9"}
{"type":"log","timestamp":1731401469399,"level":"debug","message":"Page request: GET (script) https://cdn.tailwindcss.com/3.4.14 (redirect from: https://cdn.tailwindcss.com/)","meta":{"rootId":"6phg363ba43u4u8","id":"6phg363ba43u4u8"},"id":"46xy0xr95udfzpj","previousOperationId":"ckftxcwx4dg3qb9"}
{"type":"log","timestamp":1731401469424,"level":"debug","message":"Page request finished: GET (script) 200 https://cdn.tailwindcss.com/3.4.14","meta":{"rootId":"6phg363ba43u4u8","id":"6phg363ba43u4u8"},"id":"n25bdujbd1z809l","previousOperationId":"ckftxcwx4dg3qb9"}
{"type":"log","timestamp":1731401469479,"level":"debug","message":"(console:warn) cdn.tailwindcss.com should not be used in production. To use Tailwind CSS in production, install it as a PostCSS plugin or use the Tailwind CLI: https://tailwindcss.com/docs/installation","meta":{"userLevel":true,"rootId":"6phg363ba43u4u8","id":"6phg363ba43u4u8"},"id":"vlagofzastj90sj","previousOperationId":"ckftxcwx4dg3qb9"}
{"type":"log","timestamp":1731401469565,"level":"debug","message":"Running chrome with params {\"format\":\"A4\",\"marginBottom\":\"\",\"marginRight\":\"1.5cm\",\"marginLeft\":\"1.5cm\",\"timeout\":599963,\"margin\":{\"right\":\"1.5cm\",\"bottom\":\"\",\"left\":\"1.5cm\"},\"printBackground\":true}","meta":{"rootId":"6phg363ba43u4u8","id":"6phg363ba43u4u8"},"id":"n9heejh4acpl5p8","previousOperationId":"ckftxcwx4dg3qb9"}
{"type":"operationEnd","operationId":"ckftxcwx4dg3qb9","timestamp":1731401469623,"id":"773wkrpl2wyk5kz","previousEventId":"evtzfksasgtx2b6","previousOperationId":"ckftxcwx4dg3qb9"}
{"type":"log","timestamp":1731401469623,"level":"debug","message":"Skipping storing report.","meta":{"rootId":"6phg363ba43u4u8","id":"6phg363ba43u4u8"},"id":"z0x5usix64wnexy","previousOperationId":"ckftxcwx4dg3qb9"}
{"type":"log","timestamp":1731401469623,"level":"info","message":"Rendering request 118 finished in 346 ms","meta":{"rootId":"6phg363ba43u4u8","id":"6phg363ba43u4u8"},"id":"o9kiyivzi680ooy","previousOperationId":"ckftxcwx4dg3qb9"}
{"type":"operationEnd","subtype":"render","operationId":"q4h5yhz7bi38yp3","timestamp":1731401469623,"id":"vf1km9abqj8m30i","previousEventId":"773wkrpl2wyk5kz","previousOperationId":"ckftxcwx4dg3qb9"}
{"type":"operationEnd","doDiffs":false,"previousEventId":"e3ijohtoy3aj1oo","previousOperationId":"1n57a5w03d23g8m","operationId":"1n57a5w03d23g8m","timestamp":1731401469625,"id":"c53vssqwx1ctwex"}
