{"type":"operationStart","subtype":"profile","data":{"_id":"jcOhxy5lUlOxJItn","timestamp":"2024-11-12T07:57:44.904Z","state":"queued","mode":"standard","creationDate":"2024-11-12T07:57:44.907Z","modificationDate":"2024-11-12T07:57:44.907Z","shortid":"gSCwMEt","inheritedReadPermissions":[],"inheritedEditPermissions":[],"$entitySet":"profiles"},"doDiffs":false,"timestamp":1731398264906,"id":"h8la2y34ycd5ppj","previousOperationId":null,"operationId":"za5vi4629yuz4er"}
{"type":"log","level":"info","message":"Render request 25 queued for execution and waiting for available worker","previousOperationId":"za5vi4629yuz4er","timestamp":1731398264906,"id":"umjz38hwmdf3kwa"}
{"type":"operationStart","subtype":"render","name":"header-footer","previousOperationId":"za5vi4629yuz4er","timestamp":1731398264916,"id":"syyzonil68nsudw","previousEventId":"h8la2y34ycd5ppj","operationId":"rl6zy903k6u44bb"}
{"type":"log","timestamp":1731398264916,"level":"info","message":"Starting rendering request 25 (user: admin)","meta":{"rootId":"6wxglqo1oqjpmwj","id":"6wxglqo1oqjpmwj"},"id":"rrb1k8xsgh4u5qk","previousOperationId":"rl6zy903k6u44bb"}
{"type":"log","timestamp":1731398264916,"level":"info","message":"Rendering template { name: header-footer, recipe: chrome-pdf, engine: handlebars, preview: true }","meta":{"rootId":"6wxglqo1oqjpmwj","id":"6wxglqo1oqjpmwj"},"id":"m5qtw41noziiqfa","previousOperationId":"rl6zy903k6u44bb"}
{"type":"log","timestamp":1731398264917,"level":"debug","message":"Data item not defined for this template.","meta":{"rootId":"6wxglqo1oqjpmwj","id":"6wxglqo1oqjpmwj"},"id":"jfd0hl72ktm92c6","previousOperationId":"rl6zy903k6u44bb"}
{"type":"log","timestamp":1731398264918,"level":"debug","message":"Base url not specified, skipping its injection.","meta":{"rootId":"6wxglqo1oqjpmwj","id":"6wxglqo1oqjpmwj"},"id":"frbt8z7p0m6yvdp","previousOperationId":"rl6zy903k6u44bb"}
{"type":"operationStart","subtype":"engine","name":"handlebars","timestamp":1731398264918,"id":"49tbpjrg1gf4sie","previousEventId":"syyzonil68nsudw","operationId":"0hiszctai6yghld","previousOperationId":"rl6zy903k6u44bb"}
{"type":"log","timestamp":1731398264918,"level":"debug","message":"Rendering engine handlebars","meta":{"rootId":"6wxglqo1oqjpmwj","id":"6wxglqo1oqjpmwj"},"id":"80511sdjhm43zdq","previousOperationId":"0hiszctai6yghld"}
{"type":"operationEnd","operationId":"0hiszctai6yghld","timestamp":1731398264925,"id":"ra3k8ib2xghgqil","previousEventId":"49tbpjrg1gf4sie","previousOperationId":"0hiszctai6yghld"}
{"type":"operationStart","subtype":"recipe","name":"chrome-pdf","timestamp":1731398264926,"id":"05ckg4l0lukfm8i","previousEventId":"ra3k8ib2xghgqil","operationId":"nxnj88rhreya8f0","previousOperationId":"0hiszctai6yghld"}
{"type":"log","timestamp":1731398264926,"level":"debug","message":"Executing recipe chrome-pdf","meta":{"rootId":"6wxglqo1oqjpmwj","id":"6wxglqo1oqjpmwj"},"id":"6zywxt38o8qx3z6","previousOperationId":"nxnj88rhreya8f0"}
{"type":"log","timestamp":1731398264929,"level":"debug","message":"Converting with chrome Chrome/127.0.6533.99 using chrome-pool strategy","meta":{"rootId":"6wxglqo1oqjpmwj","id":"6wxglqo1oqjpmwj"},"id":"3l1pybp783xh4sm","previousOperationId":"nxnj88rhreya8f0"}
{"type":"log","timestamp":1731398265016,"level":"debug","message":"Page request: GET (document) file:///C:/Users/shsmo/AppData/Local/Temp/jsreport/autocleanup/d05a45ac-4d02-49a1-8442-81cbbd20bc4d-chrome-pdf.html","meta":{"rootId":"6wxglqo1oqjpmwj","id":"6wxglqo1oqjpmwj"},"id":"vhawj4mnr3985r1","previousOperationId":"nxnj88rhreya8f0"}
{"type":"log","timestamp":1731398265033,"level":"debug","message":"Page request finished: GET (document) 200 file:///C:/Users/shsmo/AppData/Local/Temp/jsreport/autocleanup/d05a45ac-4d02-49a1-8442-81cbbd20bc4d-chrome-pdf.html","meta":{"rootId":"6wxglqo1oqjpmwj","id":"6wxglqo1oqjpmwj"},"id":"rqybauvjqt6a15t","previousOperationId":"nxnj88rhreya8f0"}
{"type":"log","timestamp":1731398265038,"level":"debug","message":"Running chrome with params {\"format\":\"A4\",\"marginBottom\":\"\",\"timeout\":599977,\"margin\":{\"bottom\":\"\"},\"printBackground\":true}","meta":{"rootId":"6wxglqo1oqjpmwj","id":"6wxglqo1oqjpmwj"},"id":"33y8yz907pqjqh1","previousOperationId":"nxnj88rhreya8f0"}
{"type":"operationEnd","operationId":"nxnj88rhreya8f0","timestamp":1731398265090,"id":"rypdmmlg03y10w9","previousEventId":"05ckg4l0lukfm8i","previousOperationId":"nxnj88rhreya8f0"}
{"type":"log","timestamp":1731398265090,"level":"debug","message":"Skipping storing report.","meta":{"rootId":"6wxglqo1oqjpmwj","id":"6wxglqo1oqjpmwj"},"id":"xvfpm462vqndzhk","previousOperationId":"nxnj88rhreya8f0"}
{"type":"log","timestamp":1731398265090,"level":"info","message":"Rendering request 25 finished in 186 ms","meta":{"rootId":"6wxglqo1oqjpmwj","id":"6wxglqo1oqjpmwj"},"id":"wdy6e78i78gwc75","previousOperationId":"nxnj88rhreya8f0"}
{"type":"operationEnd","subtype":"render","operationId":"rl6zy903k6u44bb","timestamp":1731398265090,"id":"pupczuzefa9xjxo","previousEventId":"rypdmmlg03y10w9","previousOperationId":"nxnj88rhreya8f0"}
{"type":"operationEnd","doDiffs":false,"previousEventId":"h8la2y34ycd5ppj","previousOperationId":"za5vi4629yuz4er","operationId":"za5vi4629yuz4er","timestamp":1731398265093,"id":"3gu1aeq9d29lord"}
