{"type":"operationStart","subtype":"profile","data":{"_id":"ThtSYm29ZiLAO2AL","timestamp":"2024-11-12T08:55:43.870Z","state":"queued","mode":"standard","creationDate":"2024-11-12T08:55:43.872Z","modificationDate":"2024-11-12T08:55:43.872Z","shortid":"6Wvmrj9","inheritedReadPermissions":[],"inheritedEditPermissions":[],"$entitySet":"profiles"},"doDiffs":false,"timestamp":1731401743871,"id":"65vvht3os5s6bo8","previousOperationId":null,"operationId":"c7so43a07hjzjkt"}
{"type":"log","level":"info","message":"Render request 129 queued for execution and waiting for available worker","previousOperationId":"c7so43a07hjzjkt","timestamp":1731401743871,"id":"69x1tbbhv4zg35y"}
{"type":"operationStart","subtype":"render","name":"header-footer","previousOperationId":"c7so43a07hjzjkt","timestamp":1731401743881,"id":"hr2vk0hn7hxwdet","previousEventId":"65vvht3os5s6bo8","operationId":"nt4as7d1mxlvs5q"}
{"type":"log","timestamp":1731401743881,"level":"info","message":"Starting rendering request 129 (user: admin)","meta":{"rootId":"71eojisja8f4hvz","id":"71eojisja8f4hvz"},"id":"rs3qkkgx3zofq8b","previousOperationId":"nt4as7d1mxlvs5q"}
{"type":"log","timestamp":1731401743881,"level":"info","message":"Rendering template { name: header-footer, recipe: chrome-pdf, engine: handlebars, preview: true }","meta":{"rootId":"71eojisja8f4hvz","id":"71eojisja8f4hvz"},"id":"ub3xwj9aby31mz9","previousOperationId":"nt4as7d1mxlvs5q"}
{"type":"log","timestamp":1731401743882,"level":"debug","message":"Data item not defined for this template.","meta":{"rootId":"71eojisja8f4hvz","id":"71eojisja8f4hvz"},"id":"ufaqdiz4gj0lwnt","previousOperationId":"nt4as7d1mxlvs5q"}
{"type":"log","timestamp":1731401743883,"level":"debug","message":"Base url not specified, skipping its injection.","meta":{"rootId":"71eojisja8f4hvz","id":"71eojisja8f4hvz"},"id":"gxxivd9r83ln71o","previousOperationId":"nt4as7d1mxlvs5q"}
{"type":"log","timestamp":1731401743887,"level":"debug","message":"Replaced assets [\"KhmerOSSiemreapRegular.ttf\",\"KhmerOSMuolLightRegular.ttf\",\"times_new_roman.ttf\",\"Tacteing.ttf\"]","meta":{"rootId":"71eojisja8f4hvz","id":"71eojisja8f4hvz"},"id":"h1daghq5jo580y7","previousOperationId":"nt4as7d1mxlvs5q"}
{"type":"operationStart","subtype":"engine","name":"handlebars","timestamp":1731401743887,"id":"344qmzmi2i0vh9f","previousEventId":"hr2vk0hn7hxwdet","operationId":"kgq60jm5r73luaz","previousOperationId":"nt4as7d1mxlvs5q"}
{"type":"log","timestamp":1731401743887,"level":"debug","message":"Rendering engine handlebars","meta":{"rootId":"71eojisja8f4hvz","id":"71eojisja8f4hvz"},"id":"hdr1ogg3agaawad","previousOperationId":"kgq60jm5r73luaz"}
{"type":"operationEnd","operationId":"kgq60jm5r73luaz","timestamp":1731401743915,"id":"wenb53wbpnyu91m","previousEventId":"344qmzmi2i0vh9f","previousOperationId":"kgq60jm5r73luaz"}
{"type":"operationStart","subtype":"recipe","name":"chrome-pdf","timestamp":1731401743924,"id":"kjd5trhktkbshf6","previousEventId":"wenb53wbpnyu91m","operationId":"4nyfuwiaczikdgk","previousOperationId":"kgq60jm5r73luaz"}
{"type":"log","timestamp":1731401743924,"level":"debug","message":"Executing recipe chrome-pdf","meta":{"rootId":"71eojisja8f4hvz","id":"71eojisja8f4hvz"},"id":"zu4zsl8ahgqcmz4","previousOperationId":"4nyfuwiaczikdgk"}
{"type":"log","timestamp":1731401743927,"level":"debug","message":"Converting with chrome Chrome/127.0.6533.99 using chrome-pool strategy","meta":{"rootId":"71eojisja8f4hvz","id":"71eojisja8f4hvz"},"id":"lthxd4eq46rg3i7","previousOperationId":"4nyfuwiaczikdgk"}
{"type":"log","timestamp":1731401744008,"level":"debug","message":"Page request: GET (document) file:///C:/Users/shsmo/AppData/Local/Temp/jsreport/autocleanup/738ce3a3-c6bf-44b4-bf86-06100a08c0da-chrome-pdf.html","meta":{"rootId":"71eojisja8f4hvz","id":"71eojisja8f4hvz"},"id":"15u7emcrvshczf4","previousOperationId":"4nyfuwiaczikdgk"}
{"type":"log","timestamp":1731401744025,"level":"debug","message":"Page request finished: GET (document) 200 file:///C:/Users/shsmo/AppData/Local/Temp/jsreport/autocleanup/738ce3a3-c6bf-44b4-bf86-06100a08c0da-chrome-pdf.html","meta":{"rootId":"71eojisja8f4hvz","id":"71eojisja8f4hvz"},"id":"8ix7e3mpzrljbsv","previousOperationId":"4nyfuwiaczikdgk"}
{"type":"log","timestamp":1731401744025,"level":"debug","message":"Page request: GET (script) https://cdn.tailwindcss.com/","meta":{"rootId":"71eojisja8f4hvz","id":"71eojisja8f4hvz"},"id":"u4mx18cvbv21pty","previousOperationId":"4nyfuwiaczikdgk"}
{"type":"log","timestamp":1731401744035,"level":"warn","message":"Page request failed: GET (script) 302 https://cdn.tailwindcss.com/ (redirect to: /3.4.14)","meta":{"rootId":"71eojisja8f4hvz","id":"71eojisja8f4hvz"},"id":"cjvgvcf62kxzf5n","previousOperationId":"4nyfuwiaczikdgk"}
{"type":"log","timestamp":1731401744035,"level":"debug","message":"Page request: GET (script) https://cdn.tailwindcss.com/3.4.14 (redirect from: https://cdn.tailwindcss.com/)","meta":{"rootId":"71eojisja8f4hvz","id":"71eojisja8f4hvz"},"id":"hqbdetwnleiyfk1","previousOperationId":"4nyfuwiaczikdgk"}
{"type":"log","timestamp":1731401744057,"level":"debug","message":"Page request finished: GET (script) 200 https://cdn.tailwindcss.com/3.4.14","meta":{"rootId":"71eojisja8f4hvz","id":"71eojisja8f4hvz"},"id":"11yb6m4mceyxhai","previousOperationId":"4nyfuwiaczikdgk"}
{"type":"log","timestamp":1731401744115,"level":"debug","message":"(console:warn) cdn.tailwindcss.com should not be used in production. To use Tailwind CSS in production, install it as a PostCSS plugin or use the Tailwind CLI: https://tailwindcss.com/docs/installation","meta":{"userLevel":true,"rootId":"71eojisja8f4hvz","id":"71eojisja8f4hvz"},"id":"aiq5kjnywuahe5m","previousOperationId":"4nyfuwiaczikdgk"}
{"type":"log","timestamp":1731401744204,"level":"debug","message":"Running chrome with params {\"format\":\"A4\",\"marginBottom\":\"\",\"marginRight\":\"1.5cm\",\"marginLeft\":\"1.5cm\",\"timeout\":599944,\"margin\":{\"right\":\"1.5cm\",\"bottom\":\"\",\"left\":\"1.5cm\"},\"printBackground\":true}","meta":{"rootId":"71eojisja8f4hvz","id":"71eojisja8f4hvz"},"id":"dqkj3o998k5mntu","previousOperationId":"4nyfuwiaczikdgk"}
{"type":"operationEnd","operationId":"4nyfuwiaczikdgk","timestamp":1731401744253,"id":"lfzbwk753z477iz","previousEventId":"kjd5trhktkbshf6","previousOperationId":"4nyfuwiaczikdgk"}
{"type":"log","timestamp":1731401744253,"level":"debug","message":"Skipping storing report.","meta":{"rootId":"71eojisja8f4hvz","id":"71eojisja8f4hvz"},"id":"weczsp9r9a9thxb","previousOperationId":"4nyfuwiaczikdgk"}
{"type":"log","timestamp":1731401744253,"level":"info","message":"Rendering request 129 finished in 383 ms","meta":{"rootId":"71eojisja8f4hvz","id":"71eojisja8f4hvz"},"id":"lkvedcwcml75gvf","previousOperationId":"4nyfuwiaczikdgk"}
{"type":"operationEnd","subtype":"render","operationId":"nt4as7d1mxlvs5q","timestamp":1731401744253,"id":"lx39uj09y9noxkd","previousEventId":"lfzbwk753z477iz","previousOperationId":"4nyfuwiaczikdgk"}
{"type":"operationEnd","doDiffs":false,"previousEventId":"65vvht3os5s6bo8","previousOperationId":"c7so43a07hjzjkt","operationId":"c7so43a07hjzjkt","timestamp":1731401744255,"id":"tcxndkqbjtjv77y"}
