{"type":"operationStart","subtype":"profile","data":{"_id":"7SL2xZ35OcpJbuPL","timestamp":"2024-11-12T09:03:09.191Z","state":"queued","mode":"standard","creationDate":"2024-11-12T09:03:09.192Z","modificationDate":"2024-11-12T09:03:09.192Z","shortid":"N_EINti","inheritedReadPermissions":[],"inheritedEditPermissions":[],"$entitySet":"profiles"},"doDiffs":false,"timestamp":1731402189192,"id":"6a85ab58x1o5tbs","previousOperationId":null,"operationId":"yg59vga9roa3ntf"}
{"type":"log","level":"info","message":"Render request 149 queued for execution and waiting for available worker","previousOperationId":"yg59vga9roa3ntf","timestamp":1731402189192,"id":"an1w6y42cjmfpho"}
{"type":"operationStart","subtype":"render","name":"header-footer","previousOperationId":"yg59vga9roa3ntf","timestamp":1731402189199,"id":"jzn31oqfdy05141","previousEventId":"6a85ab58x1o5tbs","operationId":"tqce31m9fwto4v0"}
{"type":"log","timestamp":1731402189199,"level":"info","message":"Starting rendering request 149 (user: admin)","meta":{"rootId":"7mbr6chz42t74yt","id":"7mbr6chz42t74yt"},"id":"6f6sielip2ekto1","previousOperationId":"tqce31m9fwto4v0"}
{"type":"log","timestamp":1731402189199,"level":"info","message":"Rendering template { name: header-footer, recipe: chrome-pdf, engine: handlebars, preview: true }","meta":{"rootId":"7mbr6chz42t74yt","id":"7mbr6chz42t74yt"},"id":"rekx4mq0vpsa9l4","previousOperationId":"tqce31m9fwto4v0"}
{"type":"log","timestamp":1731402189200,"level":"debug","message":"Data item not defined for this template.","meta":{"rootId":"7mbr6chz42t74yt","id":"7mbr6chz42t74yt"},"id":"oyjg7iybcipoi7z","previousOperationId":"tqce31m9fwto4v0"}
{"type":"log","timestamp":1731402189203,"level":"debug","message":"Base url not specified, skipping its injection.","meta":{"rootId":"7mbr6chz42t74yt","id":"7mbr6chz42t74yt"},"id":"gs30llmzyxrt4xo","previousOperationId":"tqce31m9fwto4v0"}
{"type":"log","timestamp":1731402189209,"level":"debug","message":"Replaced assets [\"KhmerOSSiemreapRegular.ttf\",\"KhmerOSMuolLightRegular.ttf\",\"times_new_roman.ttf\",\"Tacteing.ttf\"]","meta":{"rootId":"7mbr6chz42t74yt","id":"7mbr6chz42t74yt"},"id":"tcsbkpz7kj8bmij","previousOperationId":"tqce31m9fwto4v0"}
{"type":"operationStart","subtype":"engine","name":"handlebars","timestamp":1731402189210,"id":"8jtucvhid76xpqr","previousEventId":"jzn31oqfdy05141","operationId":"xauujx5uiq4qgpo","previousOperationId":"tqce31m9fwto4v0"}
{"type":"log","timestamp":1731402189210,"level":"debug","message":"Rendering engine handlebars","meta":{"rootId":"7mbr6chz42t74yt","id":"7mbr6chz42t74yt"},"id":"4snprdbh76eh35j","previousOperationId":"xauujx5uiq4qgpo"}
{"type":"operationEnd","operationId":"xauujx5uiq4qgpo","timestamp":1731402189234,"id":"h30349ib708woeq","previousEventId":"8jtucvhid76xpqr","previousOperationId":"xauujx5uiq4qgpo"}
{"type":"operationStart","subtype":"recipe","name":"chrome-pdf","timestamp":1731402189240,"id":"rzky1apn7pgfple","previousEventId":"h30349ib708woeq","operationId":"mca7mjoaz8vm4zp","previousOperationId":"xauujx5uiq4qgpo"}
{"type":"log","timestamp":1731402189240,"level":"debug","message":"Executing recipe chrome-pdf","meta":{"rootId":"7mbr6chz42t74yt","id":"7mbr6chz42t74yt"},"id":"0da6ul2xxstmskx","previousOperationId":"mca7mjoaz8vm4zp"}
{"type":"log","timestamp":1731402189243,"level":"debug","message":"Converting with chrome Chrome/127.0.6533.99 using chrome-pool strategy","meta":{"rootId":"7mbr6chz42t74yt","id":"7mbr6chz42t74yt"},"id":"51w7hcfe6zaslyg","previousOperationId":"mca7mjoaz8vm4zp"}
{"type":"log","timestamp":1731402189297,"level":"debug","message":"Page request: GET (document) file:///C:/Users/shsmo/AppData/Local/Temp/jsreport/autocleanup/002d9432-ec86-4219-9790-44325fe291e1-chrome-pdf.html","meta":{"rootId":"7mbr6chz42t74yt","id":"7mbr6chz42t74yt"},"id":"fc0e6249wwq4ee5","previousOperationId":"mca7mjoaz8vm4zp"}
{"type":"log","timestamp":1731402189313,"level":"debug","message":"Page request finished: GET (document) 200 file:///C:/Users/shsmo/AppData/Local/Temp/jsreport/autocleanup/002d9432-ec86-4219-9790-44325fe291e1-chrome-pdf.html","meta":{"rootId":"7mbr6chz42t74yt","id":"7mbr6chz42t74yt"},"id":"0p052qx7bqgrhuc","previousOperationId":"mca7mjoaz8vm4zp"}
{"type":"log","timestamp":1731402189313,"level":"debug","message":"Page request: GET (script) https://cdn.tailwindcss.com/","meta":{"rootId":"7mbr6chz42t74yt","id":"7mbr6chz42t74yt"},"id":"l957ax7fmzblmf8","previousOperationId":"mca7mjoaz8vm4zp"}
{"type":"log","timestamp":1731402189323,"level":"warn","message":"Page request failed: GET (script) 302 https://cdn.tailwindcss.com/ (redirect to: /3.4.14)","meta":{"rootId":"7mbr6chz42t74yt","id":"7mbr6chz42t74yt"},"id":"ztbrqna425dkmhb","previousOperationId":"mca7mjoaz8vm4zp"}
{"type":"log","timestamp":1731402189323,"level":"debug","message":"Page request: GET (script) https://cdn.tailwindcss.com/3.4.14 (redirect from: https://cdn.tailwindcss.com/)","meta":{"rootId":"7mbr6chz42t74yt","id":"7mbr6chz42t74yt"},"id":"ddi87ebyzcfmfrh","previousOperationId":"mca7mjoaz8vm4zp"}
{"type":"log","timestamp":1731402189350,"level":"debug","message":"Page request finished: GET (script) 200 https://cdn.tailwindcss.com/3.4.14","meta":{"rootId":"7mbr6chz42t74yt","id":"7mbr6chz42t74yt"},"id":"fcunv18vukvltg1","previousOperationId":"mca7mjoaz8vm4zp"}
{"type":"log","timestamp":1731402189402,"level":"debug","message":"(console:warn) cdn.tailwindcss.com should not be used in production. To use Tailwind CSS in production, install it as a PostCSS plugin or use the Tailwind CLI: https://tailwindcss.com/docs/installation","meta":{"userLevel":true,"rootId":"7mbr6chz42t74yt","id":"7mbr6chz42t74yt"},"id":"877m1nhyaw9pngf","previousOperationId":"mca7mjoaz8vm4zp"}
{"type":"log","timestamp":1731402189481,"level":"debug","message":"Running chrome with params {\"format\":\"A4\",\"marginBottom\":\"\",\"marginRight\":\"1.5cm\",\"marginLeft\":\"1.5cm\",\"timeout\":599948,\"margin\":{\"right\":\"1.5cm\",\"bottom\":\"\",\"left\":\"1.5cm\"},\"printBackground\":true}","meta":{"rootId":"7mbr6chz42t74yt","id":"7mbr6chz42t74yt"},"id":"83vtlpsreyq79xp","previousOperationId":"mca7mjoaz8vm4zp"}
{"type":"operationEnd","operationId":"mca7mjoaz8vm4zp","timestamp":1731402189536,"id":"gtx96o5jwxlij85","previousEventId":"rzky1apn7pgfple","previousOperationId":"mca7mjoaz8vm4zp"}
{"type":"log","timestamp":1731402189536,"level":"debug","message":"Skipping storing report.","meta":{"rootId":"7mbr6chz42t74yt","id":"7mbr6chz42t74yt"},"id":"wofrexkce8o3wnu","previousOperationId":"mca7mjoaz8vm4zp"}
{"type":"log","timestamp":1731402189537,"level":"info","message":"Rendering request 149 finished in 347 ms","meta":{"rootId":"7mbr6chz42t74yt","id":"7mbr6chz42t74yt"},"id":"w73tpc8ysuxu8fj","previousOperationId":"mca7mjoaz8vm4zp"}
{"type":"operationEnd","subtype":"render","operationId":"tqce31m9fwto4v0","timestamp":1731402189537,"id":"niy07pskn5s6rby","previousEventId":"gtx96o5jwxlij85","previousOperationId":"mca7mjoaz8vm4zp"}
{"type":"operationEnd","doDiffs":false,"previousEventId":"6a85ab58x1o5tbs","previousOperationId":"yg59vga9roa3ntf","operationId":"yg59vga9roa3ntf","timestamp":1731402189538,"id":"r4e1sdpb2aeecvu"}
