{"type":"operationStart","subtype":"profile","data":{"_id":"DhqEg1apQFSfwiM2","timestamp":"2024-11-12T09:00:51.876Z","state":"queued","mode":"standard","creationDate":"2024-11-12T09:00:51.878Z","modificationDate":"2024-11-12T09:00:51.878Z","shortid":"PRP1bbb","inheritedReadPermissions":[],"inheritedEditPermissions":[],"$entitySet":"profiles"},"doDiffs":false,"timestamp":1731402051877,"id":"tojyh01gq0yzram","previousOperationId":null,"operationId":"6iexwtatd212rdb"}
{"type":"log","level":"info","message":"Render request 139 queued for execution and waiting for available worker","previousOperationId":"6iexwtatd212rdb","timestamp":1731402051877,"id":"srihc0n2fx0oczn"}
{"type":"operationStart","subtype":"render","name":"header-footer","previousOperationId":"6iexwtatd212rdb","timestamp":1731402051884,"id":"wze4zcq8p7c9l7c","previousEventId":"tojyh01gq0yzram","operationId":"9153v44c9qt04l0"}
{"type":"log","timestamp":1731402051884,"level":"info","message":"Starting rendering request 139 (user: admin)","meta":{"rootId":"7ykt8ngq5ehcts9","id":"7ykt8ngq5ehcts9"},"id":"hq75mu41nhs5nng","previousOperationId":"9153v44c9qt04l0"}
{"type":"log","timestamp":1731402051884,"level":"info","message":"Rendering template { name: header-footer, recipe: chrome-pdf, engine: handlebars, preview: true }","meta":{"rootId":"7ykt8ngq5ehcts9","id":"7ykt8ngq5ehcts9"},"id":"gapdr4lbe5xewvm","previousOperationId":"9153v44c9qt04l0"}
{"type":"log","timestamp":1731402051885,"level":"debug","message":"Data item not defined for this template.","meta":{"rootId":"7ykt8ngq5ehcts9","id":"7ykt8ngq5ehcts9"},"id":"efwg2k2hfegs37q","previousOperationId":"9153v44c9qt04l0"}
{"type":"log","timestamp":1731402051886,"level":"debug","message":"Base url not specified, skipping its injection.","meta":{"rootId":"7ykt8ngq5ehcts9","id":"7ykt8ngq5ehcts9"},"id":"sfia434btd56eb1","previousOperationId":"9153v44c9qt04l0"}
{"type":"log","timestamp":1731402051891,"level":"debug","message":"Replaced assets [\"KhmerOSSiemreapRegular.ttf\",\"KhmerOSMuolLightRegular.ttf\",\"times_new_roman.ttf\",\"Tacteing.ttf\"]","meta":{"rootId":"7ykt8ngq5ehcts9","id":"7ykt8ngq5ehcts9"},"id":"gaxqcsvv60e6u0x","previousOperationId":"9153v44c9qt04l0"}
{"type":"operationStart","subtype":"engine","name":"handlebars","timestamp":1731402051891,"id":"srweq28lc7xxhq1","previousEventId":"wze4zcq8p7c9l7c","operationId":"y4k86wdongb1of7","previousOperationId":"9153v44c9qt04l0"}
{"type":"log","timestamp":1731402051891,"level":"debug","message":"Rendering engine handlebars","meta":{"rootId":"7ykt8ngq5ehcts9","id":"7ykt8ngq5ehcts9"},"id":"blns8hl4cqlt75x","previousOperationId":"y4k86wdongb1of7"}
{"type":"operationEnd","operationId":"y4k86wdongb1of7","timestamp":1731402051916,"id":"dl0m0nmexvjcwy9","previousEventId":"srweq28lc7xxhq1","previousOperationId":"y4k86wdongb1of7"}
{"type":"operationStart","subtype":"recipe","name":"chrome-pdf","timestamp":1731402051921,"id":"sn6hgqacqh0tpce","previousEventId":"dl0m0nmexvjcwy9","operationId":"mzkmlp5a1d7k94x","previousOperationId":"y4k86wdongb1of7"}
{"type":"log","timestamp":1731402051921,"level":"debug","message":"Executing recipe chrome-pdf","meta":{"rootId":"7ykt8ngq5ehcts9","id":"7ykt8ngq5ehcts9"},"id":"g1svoujq4jq5eot","previousOperationId":"mzkmlp5a1d7k94x"}
{"type":"log","timestamp":1731402051923,"level":"debug","message":"Converting with chrome Chrome/127.0.6533.99 using chrome-pool strategy","meta":{"rootId":"7ykt8ngq5ehcts9","id":"7ykt8ngq5ehcts9"},"id":"qia9k7nefow2ius","previousOperationId":"mzkmlp5a1d7k94x"}
{"type":"log","timestamp":1731402051992,"level":"debug","message":"Page request: GET (document) file:///C:/Users/shsmo/AppData/Local/Temp/jsreport/autocleanup/6f1b08e6-df99-4329-b8f0-47db223d670a-chrome-pdf.html","meta":{"rootId":"7ykt8ngq5ehcts9","id":"7ykt8ngq5ehcts9"},"id":"nvmfu0nahd01hit","previousOperationId":"mzkmlp5a1d7k94x"}
{"type":"log","timestamp":1731402052019,"level":"debug","message":"Page request finished: GET (document) 200 file:///C:/Users/shsmo/AppData/Local/Temp/jsreport/autocleanup/6f1b08e6-df99-4329-b8f0-47db223d670a-chrome-pdf.html","meta":{"rootId":"7ykt8ngq5ehcts9","id":"7ykt8ngq5ehcts9"},"id":"036m8blsg8v4qly","previousOperationId":"mzkmlp5a1d7k94x"}
{"type":"log","timestamp":1731402052020,"level":"debug","message":"Page request: GET (script) https://cdn.tailwindcss.com/","meta":{"rootId":"7ykt8ngq5ehcts9","id":"7ykt8ngq5ehcts9"},"id":"obt163fxzqgcgpd","previousOperationId":"mzkmlp5a1d7k94x"}
{"type":"log","timestamp":1731402052030,"level":"warn","message":"Page request failed: GET (script) 302 https://cdn.tailwindcss.com/ (redirect to: /3.4.14)","meta":{"rootId":"7ykt8ngq5ehcts9","id":"7ykt8ngq5ehcts9"},"id":"0wqxknr1dqbw6x5","previousOperationId":"mzkmlp5a1d7k94x"}
{"type":"log","timestamp":1731402052030,"level":"debug","message":"Page request: GET (script) https://cdn.tailwindcss.com/3.4.14 (redirect from: https://cdn.tailwindcss.com/)","meta":{"rootId":"7ykt8ngq5ehcts9","id":"7ykt8ngq5ehcts9"},"id":"x6wlfi29rpx1vhq","previousOperationId":"mzkmlp5a1d7k94x"}
{"type":"log","timestamp":1731402052054,"level":"debug","message":"Page request finished: GET (script) 200 https://cdn.tailwindcss.com/3.4.14","meta":{"rootId":"7ykt8ngq5ehcts9","id":"7ykt8ngq5ehcts9"},"id":"wn4rvzs0bl5s12v","previousOperationId":"mzkmlp5a1d7k94x"}
{"type":"log","timestamp":1731402052108,"level":"debug","message":"(console:warn) cdn.tailwindcss.com should not be used in production. To use Tailwind CSS in production, install it as a PostCSS plugin or use the Tailwind CLI: https://tailwindcss.com/docs/installation","meta":{"userLevel":true,"rootId":"7ykt8ngq5ehcts9","id":"7ykt8ngq5ehcts9"},"id":"6u3e208xe2ih1je","previousOperationId":"mzkmlp5a1d7k94x"}
{"type":"log","timestamp":1731402052189,"level":"debug","message":"Running chrome with params {\"format\":\"A4\",\"marginBottom\":\"\",\"marginRight\":\"1.5cm\",\"marginLeft\":\"1.5cm\",\"timeout\":599954,\"margin\":{\"right\":\"1.5cm\",\"bottom\":\"\",\"left\":\"1.5cm\"},\"printBackground\":true}","meta":{"rootId":"7ykt8ngq5ehcts9","id":"7ykt8ngq5ehcts9"},"id":"uiuqfln65pmtkiw","previousOperationId":"mzkmlp5a1d7k94x"}
{"type":"operationEnd","operationId":"mzkmlp5a1d7k94x","timestamp":1731402052242,"id":"xfqayj6aqf7qw1q","previousEventId":"sn6hgqacqh0tpce","previousOperationId":"mzkmlp5a1d7k94x"}
{"type":"log","timestamp":1731402052243,"level":"debug","message":"Skipping storing report.","meta":{"rootId":"7ykt8ngq5ehcts9","id":"7ykt8ngq5ehcts9"},"id":"x18iebhh8tv7zh8","previousOperationId":"mzkmlp5a1d7k94x"}
{"type":"log","timestamp":1731402052243,"level":"info","message":"Rendering request 139 finished in 367 ms","meta":{"rootId":"7ykt8ngq5ehcts9","id":"7ykt8ngq5ehcts9"},"id":"h9da3s2ke4m18sd","previousOperationId":"mzkmlp5a1d7k94x"}
{"type":"operationEnd","subtype":"render","operationId":"9153v44c9qt04l0","timestamp":1731402052243,"id":"6rytqh75n0slnil","previousEventId":"xfqayj6aqf7qw1q","previousOperationId":"mzkmlp5a1d7k94x"}
{"type":"operationEnd","doDiffs":false,"previousEventId":"tojyh01gq0yzram","previousOperationId":"6iexwtatd212rdb","operationId":"6iexwtatd212rdb","timestamp":1731402052245,"id":"2ovwpn8pue5irl4"}
