{"type":"operationStart","subtype":"profile","data":{"_id":"jKqvVFYHaqOLFGxy","timestamp":"2024-11-12T07:48:53.437Z","state":"queued","mode":"standard","creationDate":"2024-11-12T07:48:53.439Z","modificationDate":"2024-11-12T07:48:53.439Z","shortid":"ikIMUJ3","inheritedReadPermissions":[],"inheritedEditPermissions":[],"$entitySet":"profiles"},"doDiffs":false,"timestamp":1731397733439,"id":"wctcjpf45jzfcyn","previousOperationId":null,"operationId":"dfz8ykjmaugqjul"}
{"type":"log","level":"info","message":"Render request 7 queued for execution and waiting for available worker","previousOperationId":"dfz8ykjmaugqjul","timestamp":1731397733439,"id":"6j781kkj9mamcmd"}
{"type":"operationStart","subtype":"render","name":"header-footer","previousOperationId":"dfz8ykjmaugqjul","timestamp":1731397733450,"id":"7ep50xsa6oubono","previousEventId":"wctcjpf45jzfcyn","operationId":"tbdt0wjh00w99e9"}
{"type":"log","timestamp":1731397733451,"level":"info","message":"Starting rendering request 7 (user: admin)","meta":{"rootId":"8ee3mn6n6s7xa6h","id":"8ee3mn6n6s7xa6h"},"id":"11zkv78m14b2jwk","previousOperationId":"tbdt0wjh00w99e9"}
{"type":"log","timestamp":1731397733451,"level":"info","message":"Rendering template { name: header-footer, recipe: chrome-pdf, engine: handlebars, preview: true }","meta":{"rootId":"8ee3mn6n6s7xa6h","id":"8ee3mn6n6s7xa6h"},"id":"r4iw9bs76cfabo6","previousOperationId":"tbdt0wjh00w99e9"}
{"type":"log","timestamp":1731397733452,"level":"debug","message":"Data item not defined for this template.","meta":{"rootId":"8ee3mn6n6s7xa6h","id":"8ee3mn6n6s7xa6h"},"id":"o2m7ev71rrdzj23","previousOperationId":"tbdt0wjh00w99e9"}
{"type":"log","timestamp":1731397733453,"level":"debug","message":"Base url not specified, skipping its injection.","meta":{"rootId":"8ee3mn6n6s7xa6h","id":"8ee3mn6n6s7xa6h"},"id":"fd15h7f9lwl4t3w","previousOperationId":"tbdt0wjh00w99e9"}
{"type":"operationStart","subtype":"engine","name":"handlebars","timestamp":1731397733453,"id":"zihze2fv362fbcf","previousEventId":"7ep50xsa6oubono","operationId":"j4odevhhbaj2qyz","previousOperationId":"tbdt0wjh00w99e9"}
{"type":"log","timestamp":1731397733453,"level":"debug","message":"Rendering engine handlebars","meta":{"rootId":"8ee3mn6n6s7xa6h","id":"8ee3mn6n6s7xa6h"},"id":"xnkvdtnpdaabn3u","previousOperationId":"j4odevhhbaj2qyz"}
{"type":"operationEnd","operationId":"j4odevhhbaj2qyz","timestamp":1731397733466,"id":"2pg0vyi3z709h9s","previousEventId":"zihze2fv362fbcf","previousOperationId":"j4odevhhbaj2qyz"}
{"type":"operationStart","subtype":"recipe","name":"chrome-pdf","timestamp":1731397733466,"id":"0tw6jwp0y4y0c4z","previousEventId":"2pg0vyi3z709h9s","operationId":"goqymn0r2w7nmcx","previousOperationId":"j4odevhhbaj2qyz"}
{"type":"log","timestamp":1731397733466,"level":"debug","message":"Executing recipe chrome-pdf","meta":{"rootId":"8ee3mn6n6s7xa6h","id":"8ee3mn6n6s7xa6h"},"id":"xjdx6hv5yuspjz7","previousOperationId":"goqymn0r2w7nmcx"}
{"type":"log","timestamp":1731397733469,"level":"debug","message":"Converting with chrome Chrome/127.0.6533.99 using chrome-pool strategy","meta":{"rootId":"8ee3mn6n6s7xa6h","id":"8ee3mn6n6s7xa6h"},"id":"h2hf4ptfg9csder","previousOperationId":"goqymn0r2w7nmcx"}
{"type":"log","timestamp":1731397733521,"level":"debug","message":"Page request: GET (document) file:///C:/Users/shsmo/AppData/Local/Temp/jsreport/autocleanup/3d87e86d-c44f-40c0-bb5b-73a2674d3b94-chrome-pdf.html","meta":{"rootId":"8ee3mn6n6s7xa6h","id":"8ee3mn6n6s7xa6h"},"id":"m2t3zruqqaww7o3","previousOperationId":"goqymn0r2w7nmcx"}
{"type":"log","timestamp":1731397733537,"level":"debug","message":"Page request finished: GET (document) 200 file:///C:/Users/shsmo/AppData/Local/Temp/jsreport/autocleanup/3d87e86d-c44f-40c0-bb5b-73a2674d3b94-chrome-pdf.html","meta":{"rootId":"8ee3mn6n6s7xa6h","id":"8ee3mn6n6s7xa6h"},"id":"sb9qq1pajec31hr","previousOperationId":"goqymn0r2w7nmcx"}
{"type":"log","timestamp":1731397733538,"level":"debug","message":"Running chrome with params {\"format\":\"A4\",\"timeout\":599969,\"margin\":{},\"printBackground\":true}","meta":{"rootId":"8ee3mn6n6s7xa6h","id":"8ee3mn6n6s7xa6h"},"id":"ae3sntpbwofxi7f","previousOperationId":"goqymn0r2w7nmcx"}
{"type":"operationEnd","operationId":"goqymn0r2w7nmcx","timestamp":1731397733597,"id":"r5grglbmk34cfzv","previousEventId":"0tw6jwp0y4y0c4z","previousOperationId":"goqymn0r2w7nmcx"}
{"type":"log","timestamp":1731397733597,"level":"debug","message":"Skipping storing report.","meta":{"rootId":"8ee3mn6n6s7xa6h","id":"8ee3mn6n6s7xa6h"},"id":"2abce9re04nr8f5","previousOperationId":"goqymn0r2w7nmcx"}
{"type":"log","timestamp":1731397733597,"level":"info","message":"Rendering request 7 finished in 160 ms","meta":{"rootId":"8ee3mn6n6s7xa6h","id":"8ee3mn6n6s7xa6h"},"id":"9nxzwb4vft9bbks","previousOperationId":"goqymn0r2w7nmcx"}
{"type":"operationEnd","subtype":"render","operationId":"tbdt0wjh00w99e9","timestamp":1731397733597,"id":"z58tx5wsh8gm1y3","previousEventId":"r5grglbmk34cfzv","previousOperationId":"goqymn0r2w7nmcx"}
{"type":"operationEnd","doDiffs":false,"previousEventId":"wctcjpf45jzfcyn","previousOperationId":"dfz8ykjmaugqjul","operationId":"dfz8ykjmaugqjul","timestamp":1731397733602,"id":"8jblnmh3p82ept7"}
