{"type":"operationStart","subtype":"profile","data":{"_id":"JiwiqvNM1Vlcy9nh","timestamp":"2024-11-12T08:21:16.298Z","state":"queued","mode":"standard","creationDate":"2024-11-12T08:21:16.300Z","modificationDate":"2024-11-12T08:21:16.300Z","shortid":"LxNhlFi","inheritedReadPermissions":[],"inheritedEditPermissions":[],"$entitySet":"profiles"},"doDiffs":false,"timestamp":1731399676299,"id":"v4311vjmwas7n41","previousOperationId":null,"operationId":"qieksu27mw6hxv2"}
{"type":"log","level":"info","message":"Render request 79 queued for execution and waiting for available worker","previousOperationId":"qieksu27mw6hxv2","timestamp":1731399676300,"id":"mfe5qoafcjmb1th"}
{"type":"operationStart","subtype":"render","name":"header-footer","previousOperationId":"qieksu27mw6hxv2","timestamp":1731399676308,"id":"s67pu6aku327kvj","previousEventId":"v4311vjmwas7n41","operationId":"iftar5p5oo37bva"}
{"type":"log","timestamp":1731399676308,"level":"info","message":"Starting rendering request 79 (user: admin)","meta":{"rootId":"95qsmfailymnli3","id":"95qsmfailymnli3"},"id":"ko8l69kemv7gkea","previousOperationId":"iftar5p5oo37bva"}
{"type":"log","timestamp":1731399676309,"level":"info","message":"Rendering template { name: header-footer, recipe: chrome-pdf, engine: handlebars, preview: true }","meta":{"rootId":"95qsmfailymnli3","id":"95qsmfailymnli3"},"id":"xfgvfckmsw3g2tl","previousOperationId":"iftar5p5oo37bva"}
{"type":"log","timestamp":1731399676309,"level":"debug","message":"Data item not defined for this template.","meta":{"rootId":"95qsmfailymnli3","id":"95qsmfailymnli3"},"id":"re1xl37hl934h2l","previousOperationId":"iftar5p5oo37bva"}
{"type":"log","timestamp":1731399676311,"level":"debug","message":"Base url not specified, skipping its injection.","meta":{"rootId":"95qsmfailymnli3","id":"95qsmfailymnli3"},"id":"sx1v84hb92jscm4","previousOperationId":"iftar5p5oo37bva"}
{"type":"log","timestamp":1731399676320,"level":"debug","message":"Replaced assets [\"KhmerOSSiemreapRegular.ttf\",\"KhmerOSMuolLightRegular.ttf\",\"times_new_roman.ttf\",\"Tacteing.ttf\"]","meta":{"rootId":"95qsmfailymnli3","id":"95qsmfailymnli3"},"id":"jghyxcglob8dlao","previousOperationId":"iftar5p5oo37bva"}
{"type":"operationStart","subtype":"engine","name":"handlebars","timestamp":1731399676320,"id":"mqgkqey1sa4gluj","previousEventId":"s67pu6aku327kvj","operationId":"k3i6778c11fmtiq","previousOperationId":"iftar5p5oo37bva"}
{"type":"log","timestamp":1731399676320,"level":"debug","message":"Rendering engine handlebars","meta":{"rootId":"95qsmfailymnli3","id":"95qsmfailymnli3"},"id":"5bjurowoff6fz5g","previousOperationId":"k3i6778c11fmtiq"}
{"type":"operationEnd","operationId":"k3i6778c11fmtiq","timestamp":1731399676335,"id":"h2bzv2rp7ng6m67","previousEventId":"mqgkqey1sa4gluj","previousOperationId":"k3i6778c11fmtiq"}
{"type":"operationStart","subtype":"recipe","name":"chrome-pdf","timestamp":1731399676340,"id":"r2z25fjywgynrie","previousEventId":"h2bzv2rp7ng6m67","operationId":"4bjpp7mobwxmo1v","previousOperationId":"k3i6778c11fmtiq"}
{"type":"log","timestamp":1731399676340,"level":"debug","message":"Executing recipe chrome-pdf","meta":{"rootId":"95qsmfailymnli3","id":"95qsmfailymnli3"},"id":"azel80e127til1s","previousOperationId":"4bjpp7mobwxmo1v"}
{"type":"log","timestamp":1731399676344,"level":"debug","message":"Converting with chrome Chrome/127.0.6533.99 using chrome-pool strategy","meta":{"rootId":"95qsmfailymnli3","id":"95qsmfailymnli3"},"id":"239yk84r0qvrkp7","previousOperationId":"4bjpp7mobwxmo1v"}
{"type":"log","timestamp":1731399676420,"level":"debug","message":"Page request: GET (document) file:///C:/Users/shsmo/AppData/Local/Temp/jsreport/autocleanup/f2075320-889d-4e96-8f0a-07d99b07f8ab-chrome-pdf.html","meta":{"rootId":"95qsmfailymnli3","id":"95qsmfailymnli3"},"id":"fd6bo1ewgiia2un","previousOperationId":"4bjpp7mobwxmo1v"}
{"type":"log","timestamp":1731399676440,"level":"debug","message":"Page request finished: GET (document) 200 file:///C:/Users/shsmo/AppData/Local/Temp/jsreport/autocleanup/f2075320-889d-4e96-8f0a-07d99b07f8ab-chrome-pdf.html","meta":{"rootId":"95qsmfailymnli3","id":"95qsmfailymnli3"},"id":"i7k7cpbs3z8wk4k","previousOperationId":"4bjpp7mobwxmo1v"}
{"type":"log","timestamp":1731399676440,"level":"debug","message":"Page request: GET (script) https://cdn.tailwindcss.com/","meta":{"rootId":"95qsmfailymnli3","id":"95qsmfailymnli3"},"id":"1fmpvebm0vlomy4","previousOperationId":"4bjpp7mobwxmo1v"}
{"type":"log","timestamp":1731399676448,"level":"warn","message":"Page request failed: GET (script) 302 https://cdn.tailwindcss.com/ (redirect to: /3.4.14)","meta":{"rootId":"95qsmfailymnli3","id":"95qsmfailymnli3"},"id":"tajh9y5w9n6oqnd","previousOperationId":"4bjpp7mobwxmo1v"}
{"type":"log","timestamp":1731399676448,"level":"debug","message":"Page request: GET (script) https://cdn.tailwindcss.com/3.4.14 (redirect from: https://cdn.tailwindcss.com/)","meta":{"rootId":"95qsmfailymnli3","id":"95qsmfailymnli3"},"id":"xpb5tuq1bexi9yl","previousOperationId":"4bjpp7mobwxmo1v"}
{"type":"log","timestamp":1731399676465,"level":"debug","message":"Page request finished: GET (script) 200 https://cdn.tailwindcss.com/3.4.14","meta":{"rootId":"95qsmfailymnli3","id":"95qsmfailymnli3"},"id":"6s8wl2vlj33otay","previousOperationId":"4bjpp7mobwxmo1v"}
{"type":"log","timestamp":1731399676509,"level":"debug","message":"(console:warn) cdn.tailwindcss.com should not be used in production. To use Tailwind CSS in production, install it as a PostCSS plugin or use the Tailwind CLI: https://tailwindcss.com/docs/installation","meta":{"userLevel":true,"rootId":"95qsmfailymnli3","id":"95qsmfailymnli3"},"id":"wnac2fuo3byy24z","previousOperationId":"4bjpp7mobwxmo1v"}
{"type":"log","timestamp":1731399676573,"level":"debug","message":"Running chrome with params {\"format\":\"A4\",\"marginBottom\":\"\",\"timeout\":599955,\"margin\":{\"bottom\":\"\"},\"printBackground\":true}","meta":{"rootId":"95qsmfailymnli3","id":"95qsmfailymnli3"},"id":"6q9lf6cmgqhxcwc","previousOperationId":"4bjpp7mobwxmo1v"}
{"type":"operationEnd","operationId":"4bjpp7mobwxmo1v","timestamp":1731399676622,"id":"qc4mplqekm8l54t","previousEventId":"r2z25fjywgynrie","previousOperationId":"4bjpp7mobwxmo1v"}
{"type":"log","timestamp":1731399676622,"level":"debug","message":"Skipping storing report.","meta":{"rootId":"95qsmfailymnli3","id":"95qsmfailymnli3"},"id":"yz5h5c9khz7x1xq","previousOperationId":"4bjpp7mobwxmo1v"}
{"type":"log","timestamp":1731399676622,"level":"info","message":"Rendering request 79 finished in 324 ms","meta":{"rootId":"95qsmfailymnli3","id":"95qsmfailymnli3"},"id":"ebef2wzm1avm45n","previousOperationId":"4bjpp7mobwxmo1v"}
{"type":"operationEnd","subtype":"render","operationId":"iftar5p5oo37bva","timestamp":1731399676622,"id":"tl2uxf0ycdc2qm7","previousEventId":"qc4mplqekm8l54t","previousOperationId":"4bjpp7mobwxmo1v"}
{"type":"operationEnd","doDiffs":false,"previousEventId":"v4311vjmwas7n41","previousOperationId":"qieksu27mw6hxv2","operationId":"qieksu27mw6hxv2","timestamp":1731399676624,"id":"majyvzcfndvko0z"}
