{"type":"operationStart","subtype":"profile","data":{"_id":"5cwWSgZ7m0iqcjZW","timestamp":"2024-11-12T09:04:50.495Z","state":"queued","mode":"standard","creationDate":"2024-11-12T09:04:50.496Z","modificationDate":"2024-11-12T09:04:50.496Z","shortid":"q9Ubihe","inheritedReadPermissions":[],"inheritedEditPermissions":[],"$entitySet":"profiles"},"doDiffs":false,"timestamp":1731402290495,"id":"yb3ueu04xh66ele","previousOperationId":null,"operationId":"ul81b1eouvr5esn"}
{"type":"log","level":"info","message":"Render request 157 queued for execution and waiting for available worker","previousOperationId":"ul81b1eouvr5esn","timestamp":1731402290496,"id":"t1zasayglx7joqz"}
{"type":"operationStart","subtype":"render","name":"header-footer","previousOperationId":"ul81b1eouvr5esn","timestamp":1731402290505,"id":"tecdskdkbuptm3a","previousEventId":"yb3ueu04xh66ele","operationId":"85cu7ucezox2tgs"}
{"type":"log","timestamp":1731402290505,"level":"info","message":"Starting rendering request 157 (user: admin)","meta":{"rootId":"9v5axp1mw9gst0a","id":"9v5axp1mw9gst0a"},"id":"9khybvu4kycn8pc","previousOperationId":"85cu7ucezox2tgs"}
{"type":"log","timestamp":1731402290505,"level":"info","message":"Rendering template { name: header-footer, recipe: chrome-pdf, engine: handlebars, preview: true }","meta":{"rootId":"9v5axp1mw9gst0a","id":"9v5axp1mw9gst0a"},"id":"h16ew1w9kf3r5sp","previousOperationId":"85cu7ucezox2tgs"}
{"type":"log","timestamp":1731402290506,"level":"debug","message":"Data item not defined for this template.","meta":{"rootId":"9v5axp1mw9gst0a","id":"9v5axp1mw9gst0a"},"id":"062w8d578l5mk5a","previousOperationId":"85cu7ucezox2tgs"}
{"type":"log","timestamp":1731402290507,"level":"debug","message":"Base url not specified, skipping its injection.","meta":{"rootId":"9v5axp1mw9gst0a","id":"9v5axp1mw9gst0a"},"id":"3v0o3o9ob7c2whq","previousOperationId":"85cu7ucezox2tgs"}
{"type":"log","timestamp":1731402290511,"level":"debug","message":"Replaced assets [\"KhmerOSSiemreapRegular.ttf\",\"KhmerOSMuolLightRegular.ttf\",\"times_new_roman.ttf\",\"Tacteing.ttf\"]","meta":{"rootId":"9v5axp1mw9gst0a","id":"9v5axp1mw9gst0a"},"id":"cq80vx7pa63pibu","previousOperationId":"85cu7ucezox2tgs"}
{"type":"operationStart","subtype":"engine","name":"handlebars","timestamp":1731402290512,"id":"osoioswl9yzx779","previousEventId":"tecdskdkbuptm3a","operationId":"6sf95av3knad7ul","previousOperationId":"85cu7ucezox2tgs"}
{"type":"log","timestamp":1731402290512,"level":"debug","message":"Rendering engine handlebars","meta":{"rootId":"9v5axp1mw9gst0a","id":"9v5axp1mw9gst0a"},"id":"gfc62vu2bsgjp2q","previousOperationId":"6sf95av3knad7ul"}
{"type":"operationEnd","operationId":"6sf95av3knad7ul","timestamp":1731402290535,"id":"hvsuvu66doay2ez","previousEventId":"osoioswl9yzx779","previousOperationId":"6sf95av3knad7ul"}
{"type":"operationStart","subtype":"recipe","name":"chrome-pdf","timestamp":1731402290540,"id":"9cvj4tisrksb46d","previousEventId":"hvsuvu66doay2ez","operationId":"klzun5f00cj7t50","previousOperationId":"6sf95av3knad7ul"}
{"type":"log","timestamp":1731402290541,"level":"debug","message":"Executing recipe chrome-pdf","meta":{"rootId":"9v5axp1mw9gst0a","id":"9v5axp1mw9gst0a"},"id":"xjfqz5a2b1416ml","previousOperationId":"klzun5f00cj7t50"}
{"type":"log","timestamp":1731402290543,"level":"debug","message":"Converting with chrome Chrome/127.0.6533.99 using chrome-pool strategy","meta":{"rootId":"9v5axp1mw9gst0a","id":"9v5axp1mw9gst0a"},"id":"da0d0m9ojuym5c9","previousOperationId":"klzun5f00cj7t50"}
{"type":"log","timestamp":1731402290598,"level":"debug","message":"Page request: GET (document) file:///C:/Users/shsmo/AppData/Local/Temp/jsreport/autocleanup/6a69d0c9-8bce-4c07-adab-7a037ca10be0-chrome-pdf.html","meta":{"rootId":"9v5axp1mw9gst0a","id":"9v5axp1mw9gst0a"},"id":"1mi2lfuth35r4d1","previousOperationId":"klzun5f00cj7t50"}
{"type":"log","timestamp":1731402290618,"level":"debug","message":"Page request: GET (script) https://cdn.tailwindcss.com/","meta":{"rootId":"9v5axp1mw9gst0a","id":"9v5axp1mw9gst0a"},"id":"tgv2bgrv1nrr0nb","previousOperationId":"klzun5f00cj7t50"}
{"type":"log","timestamp":1731402290619,"level":"debug","message":"Page request finished: GET (document) 200 file:///C:/Users/shsmo/AppData/Local/Temp/jsreport/autocleanup/6a69d0c9-8bce-4c07-adab-7a037ca10be0-chrome-pdf.html","meta":{"rootId":"9v5axp1mw9gst0a","id":"9v5axp1mw9gst0a"},"id":"2iy212onpfgu2sn","previousOperationId":"klzun5f00cj7t50"}
{"type":"log","timestamp":1731402290627,"level":"warn","message":"Page request failed: GET (script) 302 https://cdn.tailwindcss.com/ (redirect to: /3.4.14)","meta":{"rootId":"9v5axp1mw9gst0a","id":"9v5axp1mw9gst0a"},"id":"it3b7ikd1tqtjpm","previousOperationId":"klzun5f00cj7t50"}
{"type":"log","timestamp":1731402290627,"level":"debug","message":"Page request: GET (script) https://cdn.tailwindcss.com/3.4.14 (redirect from: https://cdn.tailwindcss.com/)","meta":{"rootId":"9v5axp1mw9gst0a","id":"9v5axp1mw9gst0a"},"id":"iyhzukfjgv0zn9s","previousOperationId":"klzun5f00cj7t50"}
{"type":"log","timestamp":1731402290649,"level":"debug","message":"Page request finished: GET (script) 200 https://cdn.tailwindcss.com/3.4.14","meta":{"rootId":"9v5axp1mw9gst0a","id":"9v5axp1mw9gst0a"},"id":"pbxj7vguiqs8ujh","previousOperationId":"klzun5f00cj7t50"}
{"type":"log","timestamp":1731402290702,"level":"debug","message":"(console:warn) cdn.tailwindcss.com should not be used in production. To use Tailwind CSS in production, install it as a PostCSS plugin or use the Tailwind CLI: https://tailwindcss.com/docs/installation","meta":{"userLevel":true,"rootId":"9v5axp1mw9gst0a","id":"9v5axp1mw9gst0a"},"id":"cu5v5nejl89jdv1","previousOperationId":"klzun5f00cj7t50"}
{"type":"log","timestamp":1731402290789,"level":"debug","message":"Running chrome with params {\"format\":\"A4\",\"marginBottom\":\"\",\"marginRight\":\"1.5cm\",\"marginLeft\":\"1.5cm\",\"timeout\":599952,\"margin\":{\"right\":\"1.5cm\",\"bottom\":\"\",\"left\":\"1.5cm\"},\"printBackground\":true}","meta":{"rootId":"9v5axp1mw9gst0a","id":"9v5axp1mw9gst0a"},"id":"tavqxqmr2zwg263","previousOperationId":"klzun5f00cj7t50"}
{"type":"operationEnd","operationId":"klzun5f00cj7t50","timestamp":1731402290858,"id":"c0vvjflrja2x8ne","previousEventId":"9cvj4tisrksb46d","previousOperationId":"klzun5f00cj7t50"}
{"type":"log","timestamp":1731402290858,"level":"debug","message":"Skipping storing report.","meta":{"rootId":"9v5axp1mw9gst0a","id":"9v5axp1mw9gst0a"},"id":"cn9xelbs6wjzhbp","previousOperationId":"klzun5f00cj7t50"}
{"type":"log","timestamp":1731402290858,"level":"info","message":"Rendering request 157 finished in 364 ms","meta":{"rootId":"9v5axp1mw9gst0a","id":"9v5axp1mw9gst0a"},"id":"kp6vy3473quli1r","previousOperationId":"klzun5f00cj7t50"}
{"type":"operationEnd","subtype":"render","operationId":"85cu7ucezox2tgs","timestamp":1731402290858,"id":"akkbv9sxqnoamjc","previousEventId":"c0vvjflrja2x8ne","previousOperationId":"klzun5f00cj7t50"}
{"type":"operationEnd","doDiffs":false,"previousEventId":"yb3ueu04xh66ele","previousOperationId":"ul81b1eouvr5esn","operationId":"ul81b1eouvr5esn","timestamp":1731402290860,"id":"rfwz734gxkrcf3o"}
