{"type":"operationStart","subtype":"profile","data":{"_id":"wU3VkcPpZ7CJQXRC","timestamp":"2024-11-12T09:02:42.155Z","state":"queued","mode":"standard","creationDate":"2024-11-12T09:02:42.157Z","modificationDate":"2024-11-12T09:02:42.157Z","shortid":"LeSqsNJ","inheritedReadPermissions":[],"inheritedEditPermissions":[],"$entitySet":"profiles"},"doDiffs":false,"timestamp":1731402162156,"id":"sg53ktlblrxy2w8","previousOperationId":null,"operationId":"rz77l9qew37jhwq"}
{"type":"log","level":"info","message":"Render request 147 queued for execution and waiting for available worker","previousOperationId":"rz77l9qew37jhwq","timestamp":1731402162156,"id":"1r3lkalfsha7ukm"}
{"type":"operationStart","subtype":"render","name":"header-footer","previousOperationId":"rz77l9qew37jhwq","timestamp":1731402162169,"id":"7p467ct265y3few","previousEventId":"sg53ktlblrxy2w8","operationId":"yyxp66cacic6dfk"}
{"type":"log","timestamp":1731402162169,"level":"info","message":"Starting rendering request 147 (user: admin)","meta":{"rootId":"afxgoeadrn9o2xs","id":"afxgoeadrn9o2xs"},"id":"g9i3ntc1l3xq21e","previousOperationId":"yyxp66cacic6dfk"}
{"type":"log","timestamp":1731402162169,"level":"info","message":"Rendering template { name: header-footer, recipe: chrome-pdf, engine: handlebars, preview: true }","meta":{"rootId":"afxgoeadrn9o2xs","id":"afxgoeadrn9o2xs"},"id":"q82odt6n1wawmna","previousOperationId":"yyxp66cacic6dfk"}
{"type":"log","timestamp":1731402162170,"level":"debug","message":"Data item not defined for this template.","meta":{"rootId":"afxgoeadrn9o2xs","id":"afxgoeadrn9o2xs"},"id":"tnlmv1i3ca3ye5h","previousOperationId":"yyxp66cacic6dfk"}
{"type":"log","timestamp":1731402162172,"level":"debug","message":"Base url not specified, skipping its injection.","meta":{"rootId":"afxgoeadrn9o2xs","id":"afxgoeadrn9o2xs"},"id":"0t1fd1c3j2rj8ng","previousOperationId":"yyxp66cacic6dfk"}
{"type":"log","timestamp":1731402162179,"level":"debug","message":"Replaced assets [\"KhmerOSSiemreapRegular.ttf\",\"KhmerOSMuolLightRegular.ttf\",\"times_new_roman.ttf\",\"Tacteing.ttf\"]","meta":{"rootId":"afxgoeadrn9o2xs","id":"afxgoeadrn9o2xs"},"id":"pp7ut9zl68fp2vq","previousOperationId":"yyxp66cacic6dfk"}
{"type":"operationStart","subtype":"engine","name":"handlebars","timestamp":1731402162180,"id":"m3swm5psd58vcov","previousEventId":"7p467ct265y3few","operationId":"r1mnqo5yox0c0ud","previousOperationId":"yyxp66cacic6dfk"}
{"type":"log","timestamp":1731402162180,"level":"debug","message":"Rendering engine handlebars","meta":{"rootId":"afxgoeadrn9o2xs","id":"afxgoeadrn9o2xs"},"id":"ty206xsc8vugt3p","previousOperationId":"r1mnqo5yox0c0ud"}
{"type":"operationEnd","operationId":"r1mnqo5yox0c0ud","timestamp":1731402162212,"id":"a4a71zo1dxmricd","previousEventId":"m3swm5psd58vcov","previousOperationId":"r1mnqo5yox0c0ud"}
{"type":"operationStart","subtype":"recipe","name":"chrome-pdf","timestamp":1731402162218,"id":"oebrhpx3fq4ygkb","previousEventId":"a4a71zo1dxmricd","operationId":"bhctjjic0w73ooo","previousOperationId":"r1mnqo5yox0c0ud"}
{"type":"log","timestamp":1731402162218,"level":"debug","message":"Executing recipe chrome-pdf","meta":{"rootId":"afxgoeadrn9o2xs","id":"afxgoeadrn9o2xs"},"id":"qz2yas6id2t8ih8","previousOperationId":"bhctjjic0w73ooo"}
{"type":"log","timestamp":1731402162221,"level":"debug","message":"Converting with chrome Chrome/127.0.6533.99 using chrome-pool strategy","meta":{"rootId":"afxgoeadrn9o2xs","id":"afxgoeadrn9o2xs"},"id":"gzgh8els8li2cuz","previousOperationId":"bhctjjic0w73ooo"}
{"type":"log","timestamp":1731402162287,"level":"debug","message":"Page request: GET (document) file:///C:/Users/shsmo/AppData/Local/Temp/jsreport/autocleanup/19b1ebaf-5d51-47c4-bdab-099027a0c24a-chrome-pdf.html","meta":{"rootId":"afxgoeadrn9o2xs","id":"afxgoeadrn9o2xs"},"id":"ngzels9xu1irzb6","previousOperationId":"bhctjjic0w73ooo"}
{"type":"log","timestamp":1731402162307,"level":"debug","message":"Page request: GET (script) https://cdn.tailwindcss.com/","meta":{"rootId":"afxgoeadrn9o2xs","id":"afxgoeadrn9o2xs"},"id":"2ff2t3bc3jcet5f","previousOperationId":"bhctjjic0w73ooo"}
{"type":"log","timestamp":1731402162307,"level":"debug","message":"Page request finished: GET (document) 200 file:///C:/Users/shsmo/AppData/Local/Temp/jsreport/autocleanup/19b1ebaf-5d51-47c4-bdab-099027a0c24a-chrome-pdf.html","meta":{"rootId":"afxgoeadrn9o2xs","id":"afxgoeadrn9o2xs"},"id":"ano8eqzjwiifa5r","previousOperationId":"bhctjjic0w73ooo"}
{"type":"log","timestamp":1731402162317,"level":"warn","message":"Page request failed: GET (script) 302 https://cdn.tailwindcss.com/ (redirect to: /3.4.14)","meta":{"rootId":"afxgoeadrn9o2xs","id":"afxgoeadrn9o2xs"},"id":"vnwsjqw5cghxgg5","previousOperationId":"bhctjjic0w73ooo"}
{"type":"log","timestamp":1731402162317,"level":"debug","message":"Page request: GET (script) https://cdn.tailwindcss.com/3.4.14 (redirect from: https://cdn.tailwindcss.com/)","meta":{"rootId":"afxgoeadrn9o2xs","id":"afxgoeadrn9o2xs"},"id":"h65nda510ttvcqf","previousOperationId":"bhctjjic0w73ooo"}
{"type":"log","timestamp":1731402162337,"level":"debug","message":"Page request finished: GET (script) 200 https://cdn.tailwindcss.com/3.4.14","meta":{"rootId":"afxgoeadrn9o2xs","id":"afxgoeadrn9o2xs"},"id":"nevy6lmx4jwr95t","previousOperationId":"bhctjjic0w73ooo"}
{"type":"log","timestamp":1731402162391,"level":"debug","message":"(console:warn) cdn.tailwindcss.com should not be used in production. To use Tailwind CSS in production, install it as a PostCSS plugin or use the Tailwind CLI: https://tailwindcss.com/docs/installation","meta":{"userLevel":true,"rootId":"afxgoeadrn9o2xs","id":"afxgoeadrn9o2xs"},"id":"gp9wj1lde0p072n","previousOperationId":"bhctjjic0w73ooo"}
{"type":"log","timestamp":1731402162479,"level":"debug","message":"Running chrome with params {\"format\":\"A4\",\"marginBottom\":\"\",\"marginRight\":\"1.5cm\",\"marginLeft\":\"1.5cm\",\"timeout\":599935,\"margin\":{\"right\":\"1.5cm\",\"bottom\":\"\",\"left\":\"1.5cm\"},\"printBackground\":true}","meta":{"rootId":"afxgoeadrn9o2xs","id":"afxgoeadrn9o2xs"},"id":"o8b5uudmn58g4oh","previousOperationId":"bhctjjic0w73ooo"}
{"type":"operationEnd","operationId":"bhctjjic0w73ooo","timestamp":1731402162537,"id":"j8kmrca1ky5kjyw","previousEventId":"oebrhpx3fq4ygkb","previousOperationId":"bhctjjic0w73ooo"}
{"type":"log","timestamp":1731402162537,"level":"debug","message":"Skipping storing report.","meta":{"rootId":"afxgoeadrn9o2xs","id":"afxgoeadrn9o2xs"},"id":"4tjcc371e0coh6j","previousOperationId":"bhctjjic0w73ooo"}
{"type":"log","timestamp":1731402162537,"level":"info","message":"Rendering request 147 finished in 382 ms","meta":{"rootId":"afxgoeadrn9o2xs","id":"afxgoeadrn9o2xs"},"id":"76sjal06jb9u4jq","previousOperationId":"bhctjjic0w73ooo"}
{"type":"operationEnd","subtype":"render","operationId":"yyxp66cacic6dfk","timestamp":1731402162537,"id":"vlnlpzjojngugl0","previousEventId":"j8kmrca1ky5kjyw","previousOperationId":"bhctjjic0w73ooo"}
{"type":"operationEnd","doDiffs":false,"previousEventId":"sg53ktlblrxy2w8","previousOperationId":"rz77l9qew37jhwq","operationId":"rz77l9qew37jhwq","timestamp":1731402162540,"id":"gq958525w8dofom"}
