{"type":"operationStart","subtype":"profile","data":{"_id":"Osd30iO7XdCbHYhX","timestamp":"2024-11-12T08:20:57.354Z","state":"queued","mode":"standard","creationDate":"2024-11-12T08:20:57.356Z","modificationDate":"2024-11-12T08:20:57.356Z","shortid":"47uEzUX","inheritedReadPermissions":[],"inheritedEditPermissions":[],"$entitySet":"profiles"},"doDiffs":false,"timestamp":1731399657355,"id":"sndi7v9empfiitt","previousOperationId":null,"operationId":"kf316cnejo6i57p"}
{"type":"log","level":"info","message":"Render request 77 queued for execution and waiting for available worker","previousOperationId":"kf316cnejo6i57p","timestamp":1731399657355,"id":"t46fhv3oxw3ix5x"}
{"type":"operationStart","subtype":"render","name":"header-footer","previousOperationId":"kf316cnejo6i57p","timestamp":1731399657362,"id":"9kwbmkzlh8nx57v","previousEventId":"sndi7v9empfiitt","operationId":"4tp5d8s1edwzqfi"}
{"type":"log","timestamp":1731399657362,"level":"info","message":"Starting rendering request 77 (user: admin)","meta":{"rootId":"aqb4hr69w58g8z3","id":"aqb4hr69w58g8z3"},"id":"uxbo7anokczv7v4","previousOperationId":"4tp5d8s1edwzqfi"}
{"type":"log","timestamp":1731399657362,"level":"info","message":"Rendering template { name: header-footer, recipe: chrome-pdf, engine: handlebars, preview: true }","meta":{"rootId":"aqb4hr69w58g8z3","id":"aqb4hr69w58g8z3"},"id":"3lz06vynr0slee2","previousOperationId":"4tp5d8s1edwzqfi"}
{"type":"log","timestamp":1731399657363,"level":"debug","message":"Data item not defined for this template.","meta":{"rootId":"aqb4hr69w58g8z3","id":"aqb4hr69w58g8z3"},"id":"fzqbn9a7v2swmcy","previousOperationId":"4tp5d8s1edwzqfi"}
{"type":"log","timestamp":1731399657363,"level":"debug","message":"Base url not specified, skipping its injection.","meta":{"rootId":"aqb4hr69w58g8z3","id":"aqb4hr69w58g8z3"},"id":"2ig9jaycbfx7b39","previousOperationId":"4tp5d8s1edwzqfi"}
{"type":"log","timestamp":1731399657368,"level":"debug","message":"Replaced assets [\"KhmerOSSiemreapRegular.ttf\",\"KhmerOSMuolLightRegular.ttf\",\"times_new_roman.ttf\",\"Tacteing.ttf\"]","meta":{"rootId":"aqb4hr69w58g8z3","id":"aqb4hr69w58g8z3"},"id":"cobvt9g500s7btj","previousOperationId":"4tp5d8s1edwzqfi"}
{"type":"operationStart","subtype":"engine","name":"handlebars","timestamp":1731399657368,"id":"un714m5uyg59uan","previousEventId":"9kwbmkzlh8nx57v","operationId":"rmhx5fqjwj8ma3e","previousOperationId":"4tp5d8s1edwzqfi"}
{"type":"log","timestamp":1731399657368,"level":"debug","message":"Rendering engine handlebars","meta":{"rootId":"aqb4hr69w58g8z3","id":"aqb4hr69w58g8z3"},"id":"ty0g0l3v3yaog35","previousOperationId":"rmhx5fqjwj8ma3e"}
{"type":"operationEnd","operationId":"rmhx5fqjwj8ma3e","timestamp":1731399657389,"id":"k8mh6iroyh979vo","previousEventId":"un714m5uyg59uan","previousOperationId":"rmhx5fqjwj8ma3e"}
{"type":"operationStart","subtype":"recipe","name":"chrome-pdf","timestamp":1731399657393,"id":"1oh8qyvw2idjspe","previousEventId":"k8mh6iroyh979vo","operationId":"310c9yh5sxujdec","previousOperationId":"rmhx5fqjwj8ma3e"}
{"type":"log","timestamp":1731399657393,"level":"debug","message":"Executing recipe chrome-pdf","meta":{"rootId":"aqb4hr69w58g8z3","id":"aqb4hr69w58g8z3"},"id":"v57m46i5v6cox4r","previousOperationId":"310c9yh5sxujdec"}
{"type":"log","timestamp":1731399657398,"level":"debug","message":"Converting with chrome Chrome/127.0.6533.99 using chrome-pool strategy","meta":{"rootId":"aqb4hr69w58g8z3","id":"aqb4hr69w58g8z3"},"id":"3mdbui9xyvzhzbv","previousOperationId":"310c9yh5sxujdec"}
{"type":"log","timestamp":1731399657497,"level":"debug","message":"Page request: GET (document) file:///C:/Users/shsmo/AppData/Local/Temp/jsreport/autocleanup/5a8ba7a4-11c5-4b3a-9faa-3a8642b22b80-chrome-pdf.html","meta":{"rootId":"aqb4hr69w58g8z3","id":"aqb4hr69w58g8z3"},"id":"1x81foutpu40iwb","previousOperationId":"310c9yh5sxujdec"}
{"type":"log","timestamp":1731399657514,"level":"debug","message":"Page request: GET (script) https://cdn.tailwindcss.com/","meta":{"rootId":"aqb4hr69w58g8z3","id":"aqb4hr69w58g8z3"},"id":"y73fdnbcu89tq21","previousOperationId":"310c9yh5sxujdec"}
{"type":"log","timestamp":1731399657515,"level":"debug","message":"Page request finished: GET (document) 200 file:///C:/Users/shsmo/AppData/Local/Temp/jsreport/autocleanup/5a8ba7a4-11c5-4b3a-9faa-3a8642b22b80-chrome-pdf.html","meta":{"rootId":"aqb4hr69w58g8z3","id":"aqb4hr69w58g8z3"},"id":"rysso1cojh50da5","previousOperationId":"310c9yh5sxujdec"}
{"type":"log","timestamp":1731399657756,"level":"warn","message":"Page request failed: GET (script) 302 https://cdn.tailwindcss.com/ (redirect to: /3.4.14)","meta":{"rootId":"aqb4hr69w58g8z3","id":"aqb4hr69w58g8z3"},"id":"jg6zte2223r64vo","previousOperationId":"310c9yh5sxujdec"}
{"type":"log","timestamp":1731399657757,"level":"debug","message":"Page request: GET (script) https://cdn.tailwindcss.com/3.4.14 (redirect from: https://cdn.tailwindcss.com/)","meta":{"rootId":"aqb4hr69w58g8z3","id":"aqb4hr69w58g8z3"},"id":"6dw41x8x4i4d888","previousOperationId":"310c9yh5sxujdec"}
{"type":"log","timestamp":1731399657893,"level":"debug","message":"Page request finished: GET (script) 200 https://cdn.tailwindcss.com/3.4.14","meta":{"rootId":"aqb4hr69w58g8z3","id":"aqb4hr69w58g8z3"},"id":"b9ns1w38wz99my9","previousOperationId":"310c9yh5sxujdec"}
{"type":"log","timestamp":1731399657934,"level":"debug","message":"(console:warn) cdn.tailwindcss.com should not be used in production. To use Tailwind CSS in production, install it as a PostCSS plugin or use the Tailwind CLI: https://tailwindcss.com/docs/installation","meta":{"userLevel":true,"rootId":"aqb4hr69w58g8z3","id":"aqb4hr69w58g8z3"},"id":"0pivsqmu2fiqxck","previousOperationId":"310c9yh5sxujdec"}
{"type":"log","timestamp":1731399657991,"level":"debug","message":"Running chrome with params {\"format\":\"A4\",\"marginBottom\":\"\",\"timeout\":599958,\"margin\":{\"bottom\":\"\"},\"printBackground\":true}","meta":{"rootId":"aqb4hr69w58g8z3","id":"aqb4hr69w58g8z3"},"id":"728kczi9w9ozmz7","previousOperationId":"310c9yh5sxujdec"}
{"type":"operationEnd","operationId":"310c9yh5sxujdec","timestamp":1731399658042,"id":"jpzdrpx9b1mpnmb","previousEventId":"1oh8qyvw2idjspe","previousOperationId":"310c9yh5sxujdec"}
{"type":"log","timestamp":1731399658042,"level":"debug","message":"Skipping storing report.","meta":{"rootId":"aqb4hr69w58g8z3","id":"aqb4hr69w58g8z3"},"id":"5ja1iktktu2k5gk","previousOperationId":"310c9yh5sxujdec"}
{"type":"log","timestamp":1731399658042,"level":"info","message":"Rendering request 77 finished in 688 ms","meta":{"rootId":"aqb4hr69w58g8z3","id":"aqb4hr69w58g8z3"},"id":"rewbya05fqoawvw","previousOperationId":"310c9yh5sxujdec"}
{"type":"operationEnd","subtype":"render","operationId":"4tp5d8s1edwzqfi","timestamp":1731399658042,"id":"pk7kdvqi3g97pqa","previousEventId":"jpzdrpx9b1mpnmb","previousOperationId":"310c9yh5sxujdec"}
{"type":"operationEnd","doDiffs":false,"previousEventId":"sndi7v9empfiitt","previousOperationId":"kf316cnejo6i57p","operationId":"kf316cnejo6i57p","timestamp":1731399658044,"id":"ha3qg0o6vvyac2j"}
