{"type":"operationStart","subtype":"profile","data":{"_id":"LHCom0ipo4dVElsH","timestamp":"2024-11-12T08:23:34.006Z","state":"queued","mode":"standard","creationDate":"2024-11-12T08:23:34.007Z","modificationDate":"2024-11-12T08:23:34.007Z","shortid":"-8NsJ10","inheritedReadPermissions":[],"inheritedEditPermissions":[],"$entitySet":"profiles"},"doDiffs":false,"timestamp":1731399814007,"id":"fq3f7iw913gdyc4","previousOperationId":null,"operationId":"d2udjnflhtb3p4z"}
{"type":"log","level":"info","message":"Render request 86 queued for execution and waiting for available worker","previousOperationId":"d2udjnflhtb3p4z","timestamp":1731399814007,"id":"oebtkbsj0ynpmtp"}
{"type":"operationStart","subtype":"render","name":"header-footer","previousOperationId":"d2udjnflhtb3p4z","timestamp":1731399814014,"id":"dope7zwf0ptl9gr","previousEventId":"fq3f7iw913gdyc4","operationId":"87llp9rerlve794"}
{"type":"log","timestamp":1731399814014,"level":"info","message":"Starting rendering request 86 (user: admin)","meta":{"rootId":"b5onh7gdt6fbnjc","id":"b5onh7gdt6fbnjc"},"id":"paucp0ictpwe005","previousOperationId":"87llp9rerlve794"}
{"type":"log","timestamp":1731399814014,"level":"info","message":"Rendering template { name: header-footer, recipe: chrome-pdf, engine: handlebars, preview: true }","meta":{"rootId":"b5onh7gdt6fbnjc","id":"b5onh7gdt6fbnjc"},"id":"rq66utgiekaxfxr","previousOperationId":"87llp9rerlve794"}
{"type":"log","timestamp":1731399814014,"level":"debug","message":"Data item not defined for this template.","meta":{"rootId":"b5onh7gdt6fbnjc","id":"b5onh7gdt6fbnjc"},"id":"5q4o9utng5fdlxt","previousOperationId":"87llp9rerlve794"}
{"type":"log","timestamp":1731399814015,"level":"debug","message":"Base url not specified, skipping its injection.","meta":{"rootId":"b5onh7gdt6fbnjc","id":"b5onh7gdt6fbnjc"},"id":"fdw7j1bgqwzfebb","previousOperationId":"87llp9rerlve794"}
{"type":"log","timestamp":1731399814023,"level":"debug","message":"Replaced assets [\"KhmerOSSiemreapRegular.ttf\",\"KhmerOSMuolLightRegular.ttf\",\"times_new_roman.ttf\",\"Tacteing.ttf\"]","meta":{"rootId":"b5onh7gdt6fbnjc","id":"b5onh7gdt6fbnjc"},"id":"hu9ohp6mttovchz","previousOperationId":"87llp9rerlve794"}
{"type":"operationStart","subtype":"engine","name":"handlebars","timestamp":1731399814024,"id":"au7dv8vxmow7k6y","previousEventId":"dope7zwf0ptl9gr","operationId":"0w14fc4svo958sd","previousOperationId":"87llp9rerlve794"}
{"type":"log","timestamp":1731399814024,"level":"debug","message":"Rendering engine handlebars","meta":{"rootId":"b5onh7gdt6fbnjc","id":"b5onh7gdt6fbnjc"},"id":"a5spd1yvgccnwyy","previousOperationId":"0w14fc4svo958sd"}
{"type":"operationEnd","operationId":"0w14fc4svo958sd","timestamp":1731399814042,"id":"br4z59o9jnzmll5","previousEventId":"au7dv8vxmow7k6y","previousOperationId":"0w14fc4svo958sd"}
{"type":"operationStart","subtype":"recipe","name":"chrome-pdf","timestamp":1731399814045,"id":"ksc4xzaqlrx151f","previousEventId":"br4z59o9jnzmll5","operationId":"mgl2w9tt871ziv2","previousOperationId":"0w14fc4svo958sd"}
{"type":"log","timestamp":1731399814045,"level":"debug","message":"Executing recipe chrome-pdf","meta":{"rootId":"b5onh7gdt6fbnjc","id":"b5onh7gdt6fbnjc"},"id":"q6whtst4gibke0y","previousOperationId":"mgl2w9tt871ziv2"}
{"type":"log","timestamp":1731399814047,"level":"debug","message":"Converting with chrome Chrome/127.0.6533.99 using chrome-pool strategy","meta":{"rootId":"b5onh7gdt6fbnjc","id":"b5onh7gdt6fbnjc"},"id":"iyuybqekbfj5vmf","previousOperationId":"mgl2w9tt871ziv2"}
{"type":"log","timestamp":1731399814092,"level":"debug","message":"Page request: GET (document) file:///C:/Users/shsmo/AppData/Local/Temp/jsreport/autocleanup/0b457546-16aa-4c68-b073-829fd4364fcc-chrome-pdf.html","meta":{"rootId":"b5onh7gdt6fbnjc","id":"b5onh7gdt6fbnjc"},"id":"c9zfw868toyku4a","previousOperationId":"mgl2w9tt871ziv2"}
{"type":"log","timestamp":1731399814107,"level":"debug","message":"Page request finished: GET (document) 200 file:///C:/Users/shsmo/AppData/Local/Temp/jsreport/autocleanup/0b457546-16aa-4c68-b073-829fd4364fcc-chrome-pdf.html","meta":{"rootId":"b5onh7gdt6fbnjc","id":"b5onh7gdt6fbnjc"},"id":"kbizu64vfxlvw8e","previousOperationId":"mgl2w9tt871ziv2"}
{"type":"log","timestamp":1731399814107,"level":"debug","message":"Page request: GET (script) https://cdn.tailwindcss.com/","meta":{"rootId":"b5onh7gdt6fbnjc","id":"b5onh7gdt6fbnjc"},"id":"e92g9jemixix99s","previousOperationId":"mgl2w9tt871ziv2"}
{"type":"log","timestamp":1731399814114,"level":"warn","message":"Page request failed: GET (script) 302 https://cdn.tailwindcss.com/ (redirect to: /3.4.14)","meta":{"rootId":"b5onh7gdt6fbnjc","id":"b5onh7gdt6fbnjc"},"id":"408o0i9mjx8wl1t","previousOperationId":"mgl2w9tt871ziv2"}
{"type":"log","timestamp":1731399814114,"level":"debug","message":"Page request: GET (script) https://cdn.tailwindcss.com/3.4.14 (redirect from: https://cdn.tailwindcss.com/)","meta":{"rootId":"b5onh7gdt6fbnjc","id":"b5onh7gdt6fbnjc"},"id":"pk3wc6nvf9wap1w","previousOperationId":"mgl2w9tt871ziv2"}
{"type":"log","timestamp":1731399814131,"level":"debug","message":"Page request finished: GET (script) 200 https://cdn.tailwindcss.com/3.4.14","meta":{"rootId":"b5onh7gdt6fbnjc","id":"b5onh7gdt6fbnjc"},"id":"9xvicvn0xxwfll1","previousOperationId":"mgl2w9tt871ziv2"}
{"type":"log","timestamp":1731399814172,"level":"debug","message":"(console:warn) cdn.tailwindcss.com should not be used in production. To use Tailwind CSS in production, install it as a PostCSS plugin or use the Tailwind CLI: https://tailwindcss.com/docs/installation","meta":{"userLevel":true,"rootId":"b5onh7gdt6fbnjc","id":"b5onh7gdt6fbnjc"},"id":"u2ma3f7wpkalsr4","previousOperationId":"mgl2w9tt871ziv2"}
{"type":"log","timestamp":1731399814232,"level":"debug","message":"Running chrome with params {\"format\":\"A4\",\"marginBottom\":\"\",\"timeout\":599959,\"margin\":{\"bottom\":\"\"},\"printBackground\":true}","meta":{"rootId":"b5onh7gdt6fbnjc","id":"b5onh7gdt6fbnjc"},"id":"f1ch5y2xgngjew7","previousOperationId":"mgl2w9tt871ziv2"}
{"type":"operationEnd","operationId":"mgl2w9tt871ziv2","timestamp":1731399814294,"id":"6764etc52k7zqfp","previousEventId":"ksc4xzaqlrx151f","previousOperationId":"mgl2w9tt871ziv2"}
{"type":"log","timestamp":1731399814294,"level":"debug","message":"Skipping storing report.","meta":{"rootId":"b5onh7gdt6fbnjc","id":"b5onh7gdt6fbnjc"},"id":"ape2mkynn6outx2","previousOperationId":"mgl2w9tt871ziv2"}
{"type":"log","timestamp":1731399814295,"level":"info","message":"Rendering request 86 finished in 289 ms","meta":{"rootId":"b5onh7gdt6fbnjc","id":"b5onh7gdt6fbnjc"},"id":"ini9w7ghp4a4jr7","previousOperationId":"mgl2w9tt871ziv2"}
{"type":"operationEnd","subtype":"render","operationId":"87llp9rerlve794","timestamp":1731399814295,"id":"vnik7e0ck27xoga","previousEventId":"6764etc52k7zqfp","previousOperationId":"mgl2w9tt871ziv2"}
{"type":"operationEnd","doDiffs":false,"previousEventId":"fq3f7iw913gdyc4","previousOperationId":"d2udjnflhtb3p4z","operationId":"d2udjnflhtb3p4z","timestamp":1731399814296,"id":"vjj3s4fbgth5jgn"}
