{"type":"operationStart","subtype":"profile","data":{"_id":"DLbve6zKidtXhOq4","timestamp":"2024-11-12T08:52:04.721Z","state":"queued","mode":"standard","creationDate":"2024-11-12T08:52:04.722Z","modificationDate":"2024-11-12T08:52:04.722Z","shortid":"Ms8tdj0","inheritedReadPermissions":[],"inheritedEditPermissions":[],"$entitySet":"profiles"},"doDiffs":false,"timestamp":1731401524722,"id":"7tbop7as581of66","previousOperationId":null,"operationId":"j7c4f7c1c5lfuhc"}
{"type":"log","level":"info","message":"Render request 122 queued for execution and waiting for available worker","previousOperationId":"j7c4f7c1c5lfuhc","timestamp":1731401524722,"id":"qk0l9zatgjachx3"}
{"type":"operationStart","subtype":"render","name":"header-footer","previousOperationId":"j7c4f7c1c5lfuhc","timestamp":1731401524731,"id":"4p4z8hctn3oyq1v","previousEventId":"7tbop7as581of66","operationId":"g5tkritced0chyw"}
{"type":"log","timestamp":1731401524731,"level":"info","message":"Starting rendering request 122 (user: admin)","meta":{"rootId":"bhqo5kr76td394v","id":"bhqo5kr76td394v"},"id":"92x2di1izw34qp6","previousOperationId":"g5tkritced0chyw"}
{"type":"log","timestamp":1731401524731,"level":"info","message":"Rendering template { name: header-footer, recipe: chrome-pdf, engine: handlebars, preview: true }","meta":{"rootId":"bhqo5kr76td394v","id":"bhqo5kr76td394v"},"id":"zw2muijidqu7tpe","previousOperationId":"g5tkritced0chyw"}
{"type":"log","timestamp":1731401524732,"level":"debug","message":"Data item not defined for this template.","meta":{"rootId":"bhqo5kr76td394v","id":"bhqo5kr76td394v"},"id":"bur87tfvl6cdyhl","previousOperationId":"g5tkritced0chyw"}
{"type":"log","timestamp":1731401524733,"level":"debug","message":"Base url not specified, skipping its injection.","meta":{"rootId":"bhqo5kr76td394v","id":"bhqo5kr76td394v"},"id":"mof8ojq0c7s77uz","previousOperationId":"g5tkritced0chyw"}
{"type":"log","timestamp":1731401524738,"level":"debug","message":"Replaced assets [\"KhmerOSSiemreapRegular.ttf\",\"KhmerOSMuolLightRegular.ttf\",\"times_new_roman.ttf\",\"Tacteing.ttf\"]","meta":{"rootId":"bhqo5kr76td394v","id":"bhqo5kr76td394v"},"id":"ft5ahv2wq1doyts","previousOperationId":"g5tkritced0chyw"}
{"type":"operationStart","subtype":"engine","name":"handlebars","timestamp":1731401524739,"id":"32pnqi8vjrc9ibt","previousEventId":"4p4z8hctn3oyq1v","operationId":"n8m849gssxc49zc","previousOperationId":"g5tkritced0chyw"}
{"type":"log","timestamp":1731401524739,"level":"debug","message":"Rendering engine handlebars","meta":{"rootId":"bhqo5kr76td394v","id":"bhqo5kr76td394v"},"id":"xhf31c92wzggnmu","previousOperationId":"n8m849gssxc49zc"}
{"type":"operationEnd","operationId":"n8m849gssxc49zc","timestamp":1731401524752,"id":"q4oe7whjsbkcdre","previousEventId":"32pnqi8vjrc9ibt","previousOperationId":"n8m849gssxc49zc"}
{"type":"operationStart","subtype":"recipe","name":"chrome-pdf","timestamp":1731401524757,"id":"m0sdztk1z3v0jjt","previousEventId":"q4oe7whjsbkcdre","operationId":"jq4518512ra7726","previousOperationId":"n8m849gssxc49zc"}
{"type":"log","timestamp":1731401524757,"level":"debug","message":"Executing recipe chrome-pdf","meta":{"rootId":"bhqo5kr76td394v","id":"bhqo5kr76td394v"},"id":"g7mp0klf5nj73rt","previousOperationId":"jq4518512ra7726"}
{"type":"log","timestamp":1731401524760,"level":"debug","message":"Converting with chrome Chrome/127.0.6533.99 using chrome-pool strategy","meta":{"rootId":"bhqo5kr76td394v","id":"bhqo5kr76td394v"},"id":"cznq31ncr60uq9i","previousOperationId":"jq4518512ra7726"}
{"type":"log","timestamp":1731401524819,"level":"debug","message":"Page request: GET (document) file:///C:/Users/shsmo/AppData/Local/Temp/jsreport/autocleanup/74d48c62-f88e-442b-b850-aa921a1abce7-chrome-pdf.html","meta":{"rootId":"bhqo5kr76td394v","id":"bhqo5kr76td394v"},"id":"xm6ljfhwb2ki32i","previousOperationId":"jq4518512ra7726"}
{"type":"log","timestamp":1731401524837,"level":"debug","message":"Page request finished: GET (document) 200 file:///C:/Users/shsmo/AppData/Local/Temp/jsreport/autocleanup/74d48c62-f88e-442b-b850-aa921a1abce7-chrome-pdf.html","meta":{"rootId":"bhqo5kr76td394v","id":"bhqo5kr76td394v"},"id":"42gro7elopd8vv2","previousOperationId":"jq4518512ra7726"}
{"type":"log","timestamp":1731401524838,"level":"debug","message":"Page request: GET (script) https://cdn.tailwindcss.com/","meta":{"rootId":"bhqo5kr76td394v","id":"bhqo5kr76td394v"},"id":"xsaitsx4350ml9e","previousOperationId":"jq4518512ra7726"}
{"type":"log","timestamp":1731401524851,"level":"warn","message":"Page request failed: GET (script) 302 https://cdn.tailwindcss.com/ (redirect to: /3.4.14)","meta":{"rootId":"bhqo5kr76td394v","id":"bhqo5kr76td394v"},"id":"p8omwgueal69l3s","previousOperationId":"jq4518512ra7726"}
{"type":"log","timestamp":1731401524851,"level":"debug","message":"Page request: GET (script) https://cdn.tailwindcss.com/3.4.14 (redirect from: https://cdn.tailwindcss.com/)","meta":{"rootId":"bhqo5kr76td394v","id":"bhqo5kr76td394v"},"id":"lq14n1bc4316nhk","previousOperationId":"jq4518512ra7726"}
{"type":"log","timestamp":1731401524873,"level":"debug","message":"Page request finished: GET (script) 200 https://cdn.tailwindcss.com/3.4.14","meta":{"rootId":"bhqo5kr76td394v","id":"bhqo5kr76td394v"},"id":"8av7rfkejjls8vb","previousOperationId":"jq4518512ra7726"}
{"type":"log","timestamp":1731401524929,"level":"debug","message":"(console:warn) cdn.tailwindcss.com should not be used in production. To use Tailwind CSS in production, install it as a PostCSS plugin or use the Tailwind CLI: https://tailwindcss.com/docs/installation","meta":{"userLevel":true,"rootId":"bhqo5kr76td394v","id":"bhqo5kr76td394v"},"id":"a4ja2vrq378dkpc","previousOperationId":"jq4518512ra7726"}
{"type":"log","timestamp":1731401525016,"level":"debug","message":"Running chrome with params {\"format\":\"A4\",\"marginBottom\":\"\",\"marginRight\":\"1.5cm\",\"marginLeft\":\"1.5cm\",\"timeout\":599961,\"margin\":{\"right\":\"1.5cm\",\"bottom\":\"\",\"left\":\"1.5cm\"},\"printBackground\":true}","meta":{"rootId":"bhqo5kr76td394v","id":"bhqo5kr76td394v"},"id":"oxi1ji0fl8q1w7j","previousOperationId":"jq4518512ra7726"}
{"type":"operationEnd","operationId":"jq4518512ra7726","timestamp":1731401525067,"id":"ma70v3ag4bmbxx4","previousEventId":"m0sdztk1z3v0jjt","previousOperationId":"jq4518512ra7726"}
{"type":"log","timestamp":1731401525067,"level":"debug","message":"Skipping storing report.","meta":{"rootId":"bhqo5kr76td394v","id":"bhqo5kr76td394v"},"id":"sqg30q7klsx3rlb","previousOperationId":"jq4518512ra7726"}
{"type":"log","timestamp":1731401525067,"level":"info","message":"Rendering request 122 finished in 347 ms","meta":{"rootId":"bhqo5kr76td394v","id":"bhqo5kr76td394v"},"id":"8garxssa8ywpgs4","previousOperationId":"jq4518512ra7726"}
{"type":"operationEnd","subtype":"render","operationId":"g5tkritced0chyw","timestamp":1731401525067,"id":"2bobuhr957t1bkm","previousEventId":"ma70v3ag4bmbxx4","previousOperationId":"jq4518512ra7726"}
{"type":"operationEnd","doDiffs":false,"previousEventId":"7tbop7as581of66","previousOperationId":"j7c4f7c1c5lfuhc","operationId":"j7c4f7c1c5lfuhc","timestamp":1731401525069,"id":"cqynqdbubeee4wx"}
