{"type":"operationStart","subtype":"profile","data":{"_id":"yLGMb1HQbTSM6kyq","timestamp":"2024-11-12T08:46:39.326Z","state":"queued","mode":"standard","creationDate":"2024-11-12T08:46:39.329Z","modificationDate":"2024-11-12T08:46:39.329Z","shortid":"wibeMW6","inheritedReadPermissions":[],"inheritedEditPermissions":[],"$entitySet":"profiles"},"doDiffs":false,"timestamp":1731401199328,"id":"6zy6bazzooyjs9g","previousOperationId":null,"operationId":"bg5q4m3qpnjtqdm"}
{"type":"log","level":"info","message":"Render request 110 queued for execution and waiting for available worker","previousOperationId":"bg5q4m3qpnjtqdm","timestamp":1731401199328,"id":"qt601g4ic63nbe8"}
{"type":"operationStart","subtype":"render","name":"header-footer","previousOperationId":"bg5q4m3qpnjtqdm","timestamp":1731401199335,"id":"6engk1j7d5zk4y8","previousEventId":"6zy6bazzooyjs9g","operationId":"3x9b4kjnr2mu0ak"}
{"type":"log","timestamp":1731401199335,"level":"info","message":"Starting rendering request 110 (user: admin)","meta":{"rootId":"bv0qusa7e5vdldk","id":"bv0qusa7e5vdldk"},"id":"rka19v9m3wdcq4x","previousOperationId":"3x9b4kjnr2mu0ak"}
{"type":"log","timestamp":1731401199335,"level":"info","message":"Rendering template { name: header-footer, recipe: chrome-pdf, engine: handlebars, preview: true }","meta":{"rootId":"bv0qusa7e5vdldk","id":"bv0qusa7e5vdldk"},"id":"n6mb9jlqtfhpqvo","previousOperationId":"3x9b4kjnr2mu0ak"}
{"type":"log","timestamp":1731401199336,"level":"debug","message":"Data item not defined for this template.","meta":{"rootId":"bv0qusa7e5vdldk","id":"bv0qusa7e5vdldk"},"id":"c30ermh19qwe358","previousOperationId":"3x9b4kjnr2mu0ak"}
{"type":"log","timestamp":1731401199337,"level":"debug","message":"Base url not specified, skipping its injection.","meta":{"rootId":"bv0qusa7e5vdldk","id":"bv0qusa7e5vdldk"},"id":"lw2bd4ong6i757h","previousOperationId":"3x9b4kjnr2mu0ak"}
{"type":"log","timestamp":1731401199342,"level":"debug","message":"Replaced assets [\"KhmerOSSiemreapRegular.ttf\",\"KhmerOSMuolLightRegular.ttf\",\"times_new_roman.ttf\",\"Tacteing.ttf\"]","meta":{"rootId":"bv0qusa7e5vdldk","id":"bv0qusa7e5vdldk"},"id":"6iohc0emz5di6z8","previousOperationId":"3x9b4kjnr2mu0ak"}
{"type":"operationStart","subtype":"engine","name":"handlebars","timestamp":1731401199343,"id":"hk1l9disewkhihd","previousEventId":"6engk1j7d5zk4y8","operationId":"ujihugpiucrduj1","previousOperationId":"3x9b4kjnr2mu0ak"}
{"type":"log","timestamp":1731401199343,"level":"debug","message":"Rendering engine handlebars","meta":{"rootId":"bv0qusa7e5vdldk","id":"bv0qusa7e5vdldk"},"id":"vtkzail1ofevgrg","previousOperationId":"ujihugpiucrduj1"}
{"type":"operationEnd","operationId":"ujihugpiucrduj1","timestamp":1731401199367,"id":"gs1qseuko269vsh","previousEventId":"hk1l9disewkhihd","previousOperationId":"ujihugpiucrduj1"}
{"type":"operationStart","subtype":"recipe","name":"chrome-pdf","timestamp":1731401199372,"id":"4mu2tqwiqm9khci","previousEventId":"gs1qseuko269vsh","operationId":"bglu1th5ekha25n","previousOperationId":"ujihugpiucrduj1"}
{"type":"log","timestamp":1731401199372,"level":"debug","message":"Executing recipe chrome-pdf","meta":{"rootId":"bv0qusa7e5vdldk","id":"bv0qusa7e5vdldk"},"id":"im7wr7elzo86w6r","previousOperationId":"bglu1th5ekha25n"}
{"type":"log","timestamp":1731401199376,"level":"debug","message":"Converting with chrome Chrome/127.0.6533.99 using chrome-pool strategy","meta":{"rootId":"bv0qusa7e5vdldk","id":"bv0qusa7e5vdldk"},"id":"2otdiqs4ednc22c","previousOperationId":"bglu1th5ekha25n"}
{"type":"log","timestamp":1731401199431,"level":"debug","message":"Page request: GET (document) file:///C:/Users/shsmo/AppData/Local/Temp/jsreport/autocleanup/bf056200-2c51-440f-866f-bebf28bc6920-chrome-pdf.html","meta":{"rootId":"bv0qusa7e5vdldk","id":"bv0qusa7e5vdldk"},"id":"4vwhx61kjyhpeo0","previousOperationId":"bglu1th5ekha25n"}
{"type":"log","timestamp":1731401199450,"level":"debug","message":"Page request finished: GET (document) 200 file:///C:/Users/shsmo/AppData/Local/Temp/jsreport/autocleanup/bf056200-2c51-440f-866f-bebf28bc6920-chrome-pdf.html","meta":{"rootId":"bv0qusa7e5vdldk","id":"bv0qusa7e5vdldk"},"id":"px35v3df3wcu68v","previousOperationId":"bglu1th5ekha25n"}
{"type":"log","timestamp":1731401199450,"level":"debug","message":"Page request: GET (script) https://cdn.tailwindcss.com/","meta":{"rootId":"bv0qusa7e5vdldk","id":"bv0qusa7e5vdldk"},"id":"i8o7up4hpubugtz","previousOperationId":"bglu1th5ekha25n"}
{"type":"log","timestamp":1731401199460,"level":"warn","message":"Page request failed: GET (script) 302 https://cdn.tailwindcss.com/ (redirect to: /3.4.14)","meta":{"rootId":"bv0qusa7e5vdldk","id":"bv0qusa7e5vdldk"},"id":"czhl1vd91x39yao","previousOperationId":"bglu1th5ekha25n"}
{"type":"log","timestamp":1731401199461,"level":"debug","message":"Page request: GET (script) https://cdn.tailwindcss.com/3.4.14 (redirect from: https://cdn.tailwindcss.com/)","meta":{"rootId":"bv0qusa7e5vdldk","id":"bv0qusa7e5vdldk"},"id":"0utxm6gvipfst9i","previousOperationId":"bglu1th5ekha25n"}
{"type":"log","timestamp":1731401199483,"level":"debug","message":"Page request finished: GET (script) 200 https://cdn.tailwindcss.com/3.4.14","meta":{"rootId":"bv0qusa7e5vdldk","id":"bv0qusa7e5vdldk"},"id":"3yk526b03d6uegk","previousOperationId":"bglu1th5ekha25n"}
{"type":"log","timestamp":1731401199536,"level":"debug","message":"(console:warn) cdn.tailwindcss.com should not be used in production. To use Tailwind CSS in production, install it as a PostCSS plugin or use the Tailwind CLI: https://tailwindcss.com/docs/installation","meta":{"userLevel":true,"rootId":"bv0qusa7e5vdldk","id":"bv0qusa7e5vdldk"},"id":"pylmf3t7c8sh9hn","previousOperationId":"bglu1th5ekha25n"}
{"type":"log","timestamp":1731401199614,"level":"debug","message":"Running chrome with params {\"format\":\"A4\",\"marginBottom\":\"\",\"marginRight\":\"1.5cm\",\"marginLeft\":\"1.5cm\",\"timeout\":599951,\"margin\":{\"right\":\"1.5cm\",\"bottom\":\"\",\"left\":\"1.5cm\"},\"printBackground\":true}","meta":{"rootId":"bv0qusa7e5vdldk","id":"bv0qusa7e5vdldk"},"id":"1m7e3oli30trlaj","previousOperationId":"bglu1th5ekha25n"}
{"type":"operationEnd","operationId":"bglu1th5ekha25n","timestamp":1731401199678,"id":"vxey25sdiu42200","previousEventId":"4mu2tqwiqm9khci","previousOperationId":"bglu1th5ekha25n"}
{"type":"log","timestamp":1731401199678,"level":"debug","message":"Skipping storing report.","meta":{"rootId":"bv0qusa7e5vdldk","id":"bv0qusa7e5vdldk"},"id":"8178wdogyfl4vu4","previousOperationId":"bglu1th5ekha25n"}
{"type":"log","timestamp":1731401199678,"level":"info","message":"Rendering request 110 finished in 352 ms","meta":{"rootId":"bv0qusa7e5vdldk","id":"bv0qusa7e5vdldk"},"id":"txoexywm1ep9zc0","previousOperationId":"bglu1th5ekha25n"}
{"type":"operationEnd","subtype":"render","operationId":"3x9b4kjnr2mu0ak","timestamp":1731401199678,"id":"cc22xji77nklcbt","previousEventId":"vxey25sdiu42200","previousOperationId":"bglu1th5ekha25n"}
{"type":"operationEnd","doDiffs":false,"previousEventId":"6zy6bazzooyjs9g","previousOperationId":"bg5q4m3qpnjtqdm","operationId":"bg5q4m3qpnjtqdm","timestamp":1731401199680,"id":"ne1v6cmv2ss0hx2"}
