{"type":"operationStart","subtype":"profile","data":{"_id":"gVrV9H0djslrYlSL","timestamp":"2024-11-12T08:54:22.452Z","state":"queued","mode":"standard","creationDate":"2024-11-12T08:54:22.453Z","modificationDate":"2024-11-12T08:54:22.453Z","shortid":"EELHmJ1","inheritedReadPermissions":[],"inheritedEditPermissions":[],"$entitySet":"profiles"},"doDiffs":false,"timestamp":1731401662453,"id":"u7szxbbte73gthp","previousOperationId":null,"operationId":"x5wswxvgg7i5zvw"}
{"type":"log","level":"info","message":"Render request 124 queued for execution and waiting for available worker","previousOperationId":"x5wswxvgg7i5zvw","timestamp":1731401662453,"id":"fpr0nw49lw1ysg8"}
{"type":"operationStart","subtype":"render","name":"header-footer","previousOperationId":"x5wswxvgg7i5zvw","timestamp":1731401662467,"id":"fqisq1qu2zkhugu","previousEventId":"u7szxbbte73gthp","operationId":"zqyn7vvuh49b4gp"}
{"type":"log","timestamp":1731401662467,"level":"info","message":"Starting rendering request 124 (user: admin)","meta":{"rootId":"ctmpccr23moulqd","id":"ctmpccr23moulqd"},"id":"q6akpt3sx54p5lt","previousOperationId":"zqyn7vvuh49b4gp"}
{"type":"log","timestamp":1731401662467,"level":"info","message":"Rendering template { name: header-footer, recipe: chrome-pdf, engine: handlebars, preview: true }","meta":{"rootId":"ctmpccr23moulqd","id":"ctmpccr23moulqd"},"id":"j5wlfaujbpnv7a9","previousOperationId":"zqyn7vvuh49b4gp"}
{"type":"log","timestamp":1731401662472,"level":"debug","message":"Data item not defined for this template.","meta":{"rootId":"ctmpccr23moulqd","id":"ctmpccr23moulqd"},"id":"sp57fj5tze05f1p","previousOperationId":"zqyn7vvuh49b4gp"}
{"type":"log","timestamp":1731401662481,"level":"debug","message":"Base url not specified, skipping its injection.","meta":{"rootId":"ctmpccr23moulqd","id":"ctmpccr23moulqd"},"id":"2dx3zsxbxgc1j64","previousOperationId":"zqyn7vvuh49b4gp"}
{"type":"log","timestamp":1731401662498,"level":"debug","message":"Replaced assets [\"KhmerOSSiemreapRegular.ttf\",\"KhmerOSMuolLightRegular.ttf\",\"times_new_roman.ttf\",\"Tacteing.ttf\"]","meta":{"rootId":"ctmpccr23moulqd","id":"ctmpccr23moulqd"},"id":"4f8t95eslefkqar","previousOperationId":"zqyn7vvuh49b4gp"}
{"type":"operationStart","subtype":"engine","name":"handlebars","timestamp":1731401662499,"id":"fwl3i6lkmzhs654","previousEventId":"fqisq1qu2zkhugu","operationId":"z0t0eney8yz526r","previousOperationId":"zqyn7vvuh49b4gp"}
{"type":"log","timestamp":1731401662499,"level":"debug","message":"Rendering engine handlebars","meta":{"rootId":"ctmpccr23moulqd","id":"ctmpccr23moulqd"},"id":"ltz2u7bhdl7fyoh","previousOperationId":"z0t0eney8yz526r"}
{"type":"operationEnd","operationId":"z0t0eney8yz526r","timestamp":1731401662533,"id":"y04ne8uyllp6iq4","previousEventId":"fwl3i6lkmzhs654","previousOperationId":"z0t0eney8yz526r"}
{"type":"operationStart","subtype":"recipe","name":"chrome-pdf","timestamp":1731401662538,"id":"klyy1bbg6egtlab","previousEventId":"y04ne8uyllp6iq4","operationId":"eq526gfm0e5yv2i","previousOperationId":"z0t0eney8yz526r"}
{"type":"log","timestamp":1731401662538,"level":"debug","message":"Executing recipe chrome-pdf","meta":{"rootId":"ctmpccr23moulqd","id":"ctmpccr23moulqd"},"id":"075342xkclu6afv","previousOperationId":"eq526gfm0e5yv2i"}
{"type":"log","timestamp":1731401662548,"level":"debug","message":"Converting with chrome Chrome/127.0.6533.99 using chrome-pool strategy","meta":{"rootId":"ctmpccr23moulqd","id":"ctmpccr23moulqd"},"id":"gt0ja32knajn2yf","previousOperationId":"eq526gfm0e5yv2i"}
{"type":"log","timestamp":1731401662616,"level":"debug","message":"Page request: GET (document) file:///C:/Users/shsmo/AppData/Local/Temp/jsreport/autocleanup/6003cb57-2336-4ed9-8ad6-bd2face6bbf8-chrome-pdf.html","meta":{"rootId":"ctmpccr23moulqd","id":"ctmpccr23moulqd"},"id":"molhk9lgn2c588f","previousOperationId":"eq526gfm0e5yv2i"}
{"type":"log","timestamp":1731401662632,"level":"debug","message":"Page request finished: GET (document) 200 file:///C:/Users/shsmo/AppData/Local/Temp/jsreport/autocleanup/6003cb57-2336-4ed9-8ad6-bd2face6bbf8-chrome-pdf.html","meta":{"rootId":"ctmpccr23moulqd","id":"ctmpccr23moulqd"},"id":"jxnvkvpfbz2q2z0","previousOperationId":"eq526gfm0e5yv2i"}
{"type":"log","timestamp":1731401662632,"level":"debug","message":"Page request: GET (script) https://cdn.tailwindcss.com/","meta":{"rootId":"ctmpccr23moulqd","id":"ctmpccr23moulqd"},"id":"94bs1lll1iok1vz","previousOperationId":"eq526gfm0e5yv2i"}
{"type":"log","timestamp":1731401662647,"level":"warn","message":"Page request failed: GET (script) 302 https://cdn.tailwindcss.com/ (redirect to: /3.4.14)","meta":{"rootId":"ctmpccr23moulqd","id":"ctmpccr23moulqd"},"id":"o9ql5w04lt820gj","previousOperationId":"eq526gfm0e5yv2i"}
{"type":"log","timestamp":1731401662647,"level":"debug","message":"Page request: GET (script) https://cdn.tailwindcss.com/3.4.14 (redirect from: https://cdn.tailwindcss.com/)","meta":{"rootId":"ctmpccr23moulqd","id":"ctmpccr23moulqd"},"id":"n5l9ja4jr8u2q74","previousOperationId":"eq526gfm0e5yv2i"}
{"type":"log","timestamp":1731401662672,"level":"debug","message":"Page request finished: GET (script) 200 https://cdn.tailwindcss.com/3.4.14","meta":{"rootId":"ctmpccr23moulqd","id":"ctmpccr23moulqd"},"id":"ibh2jjizatzya0c","previousOperationId":"eq526gfm0e5yv2i"}
{"type":"log","timestamp":1731401662734,"level":"debug","message":"(console:warn) cdn.tailwindcss.com should not be used in production. To use Tailwind CSS in production, install it as a PostCSS plugin or use the Tailwind CLI: https://tailwindcss.com/docs/installation","meta":{"userLevel":true,"rootId":"ctmpccr23moulqd","id":"ctmpccr23moulqd"},"id":"lpnajic6xfj0sgz","previousOperationId":"eq526gfm0e5yv2i"}
{"type":"log","timestamp":1731401662850,"level":"debug","message":"Running chrome with params {\"format\":\"A4\",\"marginBottom\":\"\",\"marginRight\":\"1.5cm\",\"marginLeft\":\"1.5cm\",\"timeout\":599912,\"margin\":{\"right\":\"1.5cm\",\"bottom\":\"\",\"left\":\"1.5cm\"},\"printBackground\":true}","meta":{"rootId":"ctmpccr23moulqd","id":"ctmpccr23moulqd"},"id":"bjedqw4of1x64mr","previousOperationId":"eq526gfm0e5yv2i"}
{"type":"operationEnd","operationId":"eq526gfm0e5yv2i","timestamp":1731401662947,"id":"zyvoi2eip6gtmrl","previousEventId":"klyy1bbg6egtlab","previousOperationId":"eq526gfm0e5yv2i"}
{"type":"log","timestamp":1731401662947,"level":"debug","message":"Skipping storing report.","meta":{"rootId":"ctmpccr23moulqd","id":"ctmpccr23moulqd"},"id":"byof9h9ypc82zu2","previousOperationId":"eq526gfm0e5yv2i"}
{"type":"log","timestamp":1731401662947,"level":"info","message":"Rendering request 124 finished in 495 ms","meta":{"rootId":"ctmpccr23moulqd","id":"ctmpccr23moulqd"},"id":"658m4gicyijuhpx","previousOperationId":"eq526gfm0e5yv2i"}
{"type":"operationEnd","subtype":"render","operationId":"zqyn7vvuh49b4gp","timestamp":1731401662947,"id":"dy2ovvutd1majj2","previousEventId":"zyvoi2eip6gtmrl","previousOperationId":"eq526gfm0e5yv2i"}
{"type":"operationEnd","doDiffs":false,"previousEventId":"u7szxbbte73gthp","previousOperationId":"x5wswxvgg7i5zvw","operationId":"x5wswxvgg7i5zvw","timestamp":1731401662950,"id":"rcj8g59b65vzvim"}
