{"type":"operationStart","subtype":"profile","data":{"_id":"g1ZnVtzq4vnEDZ29","timestamp":"2024-11-12T08:22:01.443Z","state":"queued","mode":"standard","creationDate":"2024-11-12T08:22:01.444Z","modificationDate":"2024-11-12T08:22:01.444Z","shortid":"jCw-hso","inheritedReadPermissions":[],"inheritedEditPermissions":[],"$entitySet":"profiles"},"doDiffs":false,"timestamp":1731399721444,"id":"haiipw1wevaae48","previousOperationId":null,"operationId":"55if4atr7w9s860"}
{"type":"log","level":"info","message":"Render request 81 queued for execution and waiting for available worker","previousOperationId":"55if4atr7w9s860","timestamp":1731399721444,"id":"jfjxgwlixnsdbu7"}
{"type":"operationStart","subtype":"render","name":"header-footer","previousOperationId":"55if4atr7w9s860","timestamp":1731399721450,"id":"o6g3wsgnr1ur17r","previousEventId":"haiipw1wevaae48","operationId":"mjmr7w03nugsk1m"}
{"type":"log","timestamp":1731399721450,"level":"info","message":"Starting rendering request 81 (user: admin)","meta":{"rootId":"hcyxeztrmg0vbf4","id":"hcyxeztrmg0vbf4"},"id":"9n0spilde4wbruv","previousOperationId":"mjmr7w03nugsk1m"}
{"type":"log","timestamp":1731399721450,"level":"info","message":"Rendering template { name: header-footer, recipe: chrome-pdf, engine: handlebars, preview: true }","meta":{"rootId":"hcyxeztrmg0vbf4","id":"hcyxeztrmg0vbf4"},"id":"tobjfzntt3wfjjz","previousOperationId":"mjmr7w03nugsk1m"}
{"type":"log","timestamp":1731399721451,"level":"debug","message":"Data item not defined for this template.","meta":{"rootId":"hcyxeztrmg0vbf4","id":"hcyxeztrmg0vbf4"},"id":"k50sttiv256cipy","previousOperationId":"mjmr7w03nugsk1m"}
{"type":"log","timestamp":1731399721452,"level":"debug","message":"Base url not specified, skipping its injection.","meta":{"rootId":"hcyxeztrmg0vbf4","id":"hcyxeztrmg0vbf4"},"id":"zn9a6sr5crfdh22","previousOperationId":"mjmr7w03nugsk1m"}
{"type":"log","timestamp":1731399721457,"level":"debug","message":"Replaced assets [\"KhmerOSSiemreapRegular.ttf\",\"KhmerOSMuolLightRegular.ttf\",\"times_new_roman.ttf\",\"Tacteing.ttf\"]","meta":{"rootId":"hcyxeztrmg0vbf4","id":"hcyxeztrmg0vbf4"},"id":"8cpljd28cs3bssq","previousOperationId":"mjmr7w03nugsk1m"}
{"type":"operationStart","subtype":"engine","name":"handlebars","timestamp":1731399721457,"id":"8gcw66o6wdpf3hs","previousEventId":"o6g3wsgnr1ur17r","operationId":"cf4erxsghbvj3ys","previousOperationId":"mjmr7w03nugsk1m"}
{"type":"log","timestamp":1731399721457,"level":"debug","message":"Rendering engine handlebars","meta":{"rootId":"hcyxeztrmg0vbf4","id":"hcyxeztrmg0vbf4"},"id":"3bro2vqz5boou5g","previousOperationId":"cf4erxsghbvj3ys"}
{"type":"operationEnd","operationId":"cf4erxsghbvj3ys","timestamp":1731399721475,"id":"6zvtzf5cfrulrdz","previousEventId":"8gcw66o6wdpf3hs","previousOperationId":"cf4erxsghbvj3ys"}
{"type":"operationStart","subtype":"recipe","name":"chrome-pdf","timestamp":1731399721479,"id":"iqgzdrckasih9rj","previousEventId":"6zvtzf5cfrulrdz","operationId":"yftk3rxzjxrbd5r","previousOperationId":"cf4erxsghbvj3ys"}
{"type":"log","timestamp":1731399721479,"level":"debug","message":"Executing recipe chrome-pdf","meta":{"rootId":"hcyxeztrmg0vbf4","id":"hcyxeztrmg0vbf4"},"id":"w5h78u5a5rqsinb","previousOperationId":"yftk3rxzjxrbd5r"}
{"type":"log","timestamp":1731399721481,"level":"debug","message":"Converting with chrome Chrome/127.0.6533.99 using chrome-pool strategy","meta":{"rootId":"hcyxeztrmg0vbf4","id":"hcyxeztrmg0vbf4"},"id":"hqhf52veykkdc7s","previousOperationId":"yftk3rxzjxrbd5r"}
{"type":"log","timestamp":1731399721574,"level":"debug","message":"Page request: GET (document) file:///C:/Users/shsmo/AppData/Local/Temp/jsreport/autocleanup/4dd8cc8b-a9bb-4805-9946-5db5488cec65-chrome-pdf.html","meta":{"rootId":"hcyxeztrmg0vbf4","id":"hcyxeztrmg0vbf4"},"id":"nxn8q47o7y9622h","previousOperationId":"yftk3rxzjxrbd5r"}
{"type":"log","timestamp":1731399721591,"level":"debug","message":"Page request finished: GET (document) 200 file:///C:/Users/shsmo/AppData/Local/Temp/jsreport/autocleanup/4dd8cc8b-a9bb-4805-9946-5db5488cec65-chrome-pdf.html","meta":{"rootId":"hcyxeztrmg0vbf4","id":"hcyxeztrmg0vbf4"},"id":"pbrabfhmcuuemec","previousOperationId":"yftk3rxzjxrbd5r"}
{"type":"log","timestamp":1731399721593,"level":"debug","message":"Page request: GET (script) https://cdn.tailwindcss.com/","meta":{"rootId":"hcyxeztrmg0vbf4","id":"hcyxeztrmg0vbf4"},"id":"z4zoj98qnatq8ey","previousOperationId":"yftk3rxzjxrbd5r"}
{"type":"log","timestamp":1731399721607,"level":"warn","message":"Page request failed: GET (script) 302 https://cdn.tailwindcss.com/ (redirect to: /3.4.14)","meta":{"rootId":"hcyxeztrmg0vbf4","id":"hcyxeztrmg0vbf4"},"id":"4zgqm346nynoa6e","previousOperationId":"yftk3rxzjxrbd5r"}
{"type":"log","timestamp":1731399721608,"level":"debug","message":"Page request: GET (script) https://cdn.tailwindcss.com/3.4.14 (redirect from: https://cdn.tailwindcss.com/)","meta":{"rootId":"hcyxeztrmg0vbf4","id":"hcyxeztrmg0vbf4"},"id":"wpj2eui6y8xag3b","previousOperationId":"yftk3rxzjxrbd5r"}
{"type":"log","timestamp":1731399721624,"level":"debug","message":"Page request finished: GET (script) 200 https://cdn.tailwindcss.com/3.4.14","meta":{"rootId":"hcyxeztrmg0vbf4","id":"hcyxeztrmg0vbf4"},"id":"rp4dimwcdm6kpwp","previousOperationId":"yftk3rxzjxrbd5r"}
{"type":"log","timestamp":1731399721666,"level":"debug","message":"(console:warn) cdn.tailwindcss.com should not be used in production. To use Tailwind CSS in production, install it as a PostCSS plugin or use the Tailwind CLI: https://tailwindcss.com/docs/installation","meta":{"userLevel":true,"rootId":"hcyxeztrmg0vbf4","id":"hcyxeztrmg0vbf4"},"id":"k6mk190o9z0p0nz","previousOperationId":"yftk3rxzjxrbd5r"}
{"type":"log","timestamp":1731399721728,"level":"debug","message":"Running chrome with params {\"format\":\"A4\",\"marginBottom\":\"\",\"timeout\":599963,\"margin\":{\"bottom\":\"\"},\"printBackground\":true}","meta":{"rootId":"hcyxeztrmg0vbf4","id":"hcyxeztrmg0vbf4"},"id":"n2tryo7l9zogeut","previousOperationId":"yftk3rxzjxrbd5r"}
{"type":"operationEnd","operationId":"yftk3rxzjxrbd5r","timestamp":1731399721778,"id":"arcs56fhqei5bra","previousEventId":"iqgzdrckasih9rj","previousOperationId":"yftk3rxzjxrbd5r"}
{"type":"log","timestamp":1731399721778,"level":"debug","message":"Skipping storing report.","meta":{"rootId":"hcyxeztrmg0vbf4","id":"hcyxeztrmg0vbf4"},"id":"fcxlqquyuiyhsk2","previousOperationId":"yftk3rxzjxrbd5r"}
{"type":"log","timestamp":1731399721778,"level":"info","message":"Rendering request 81 finished in 335 ms","meta":{"rootId":"hcyxeztrmg0vbf4","id":"hcyxeztrmg0vbf4"},"id":"nlidu59kegwfk3k","previousOperationId":"yftk3rxzjxrbd5r"}
{"type":"operationEnd","subtype":"render","operationId":"mjmr7w03nugsk1m","timestamp":1731399721778,"id":"m8rpwtwk5na2ku2","previousEventId":"arcs56fhqei5bra","previousOperationId":"yftk3rxzjxrbd5r"}
{"type":"operationEnd","doDiffs":false,"previousEventId":"haiipw1wevaae48","previousOperationId":"55if4atr7w9s860","operationId":"55if4atr7w9s860","timestamp":1731399721780,"id":"4minlh344y74k97"}
