{"type":"operationStart","subtype":"profile","data":{"_id":"iY8OYRhw9tryYL3X","timestamp":"2024-11-12T07:49:26.650Z","state":"queued","mode":"standard","creationDate":"2024-11-12T07:49:26.652Z","modificationDate":"2024-11-12T07:49:26.652Z","shortid":"VRTMyNi","inheritedReadPermissions":[],"inheritedEditPermissions":[],"$entitySet":"profiles"},"doDiffs":false,"timestamp":1731397766651,"id":"h45nv0xieauk8nq","previousOperationId":null,"operationId":"27yd95vz4r65q26"}
{"type":"log","level":"info","message":"Render request 10 queued for execution and waiting for available worker","previousOperationId":"27yd95vz4r65q26","timestamp":1731397766651,"id":"ed6yh9l97ekmgg8"}
{"type":"operationStart","subtype":"render","name":"header-footer","previousOperationId":"27yd95vz4r65q26","timestamp":1731397766659,"id":"1qq69cgtqqsbna6","previousEventId":"h45nv0xieauk8nq","operationId":"ncp4q04kvqse1ev"}
{"type":"log","timestamp":1731397766660,"level":"info","message":"Starting rendering request 10 (user: admin)","meta":{"rootId":"idnja12yyea5elq","id":"idnja12yyea5elq"},"id":"4d8bjg5ssrs3i5h","previousOperationId":"ncp4q04kvqse1ev"}
{"type":"log","timestamp":1731397766660,"level":"info","message":"Rendering template { name: header-footer, recipe: chrome-pdf, engine: handlebars, preview: true }","meta":{"rootId":"idnja12yyea5elq","id":"idnja12yyea5elq"},"id":"jxjivd3mhjcoo4l","previousOperationId":"ncp4q04kvqse1ev"}
{"type":"log","timestamp":1731397766660,"level":"debug","message":"Data item not defined for this template.","meta":{"rootId":"idnja12yyea5elq","id":"idnja12yyea5elq"},"id":"9ftcm3y26zy3d3o","previousOperationId":"ncp4q04kvqse1ev"}
{"type":"log","timestamp":1731397766661,"level":"debug","message":"Base url not specified, skipping its injection.","meta":{"rootId":"idnja12yyea5elq","id":"idnja12yyea5elq"},"id":"kjge9zwrtsv8xpi","previousOperationId":"ncp4q04kvqse1ev"}
{"type":"operationStart","subtype":"engine","name":"handlebars","timestamp":1731397766661,"id":"spnb4w63pjhtvsi","previousEventId":"1qq69cgtqqsbna6","operationId":"fpnmtw3zsfkia4h","previousOperationId":"ncp4q04kvqse1ev"}
{"type":"log","timestamp":1731397766662,"level":"debug","message":"Rendering engine handlebars","meta":{"rootId":"idnja12yyea5elq","id":"idnja12yyea5elq"},"id":"dwdakixo2s4k6kv","previousOperationId":"fpnmtw3zsfkia4h"}
{"type":"operationEnd","operationId":"fpnmtw3zsfkia4h","timestamp":1731397766672,"id":"v99fyy3nrzjc0v6","previousEventId":"spnb4w63pjhtvsi","previousOperationId":"fpnmtw3zsfkia4h"}
{"type":"operationStart","subtype":"recipe","name":"chrome-pdf","timestamp":1731397766672,"id":"zmkh5eehqa9sj0z","previousEventId":"v99fyy3nrzjc0v6","operationId":"58dy4dkhdeexk9w","previousOperationId":"fpnmtw3zsfkia4h"}
{"type":"log","timestamp":1731397766672,"level":"debug","message":"Executing recipe chrome-pdf","meta":{"rootId":"idnja12yyea5elq","id":"idnja12yyea5elq"},"id":"x2tmib1vw95cxas","previousOperationId":"58dy4dkhdeexk9w"}
{"type":"log","timestamp":1731397766676,"level":"debug","message":"Converting with chrome Chrome/127.0.6533.99 using chrome-pool strategy","meta":{"rootId":"idnja12yyea5elq","id":"idnja12yyea5elq"},"id":"7d4lal5t5m0jffe","previousOperationId":"58dy4dkhdeexk9w"}
{"type":"log","timestamp":1731397766739,"level":"debug","message":"Page request: GET (document) file:///C:/Users/shsmo/AppData/Local/Temp/jsreport/autocleanup/53d8247e-a31f-4f67-8409-0e9a7f027396-chrome-pdf.html","meta":{"rootId":"idnja12yyea5elq","id":"idnja12yyea5elq"},"id":"kq76weo6dqqb74j","previousOperationId":"58dy4dkhdeexk9w"}
{"type":"log","timestamp":1731397766753,"level":"debug","message":"Page request finished: GET (document) 200 file:///C:/Users/shsmo/AppData/Local/Temp/jsreport/autocleanup/53d8247e-a31f-4f67-8409-0e9a7f027396-chrome-pdf.html","meta":{"rootId":"idnja12yyea5elq","id":"idnja12yyea5elq"},"id":"i0ad0p7ncw5ikl6","previousOperationId":"58dy4dkhdeexk9w"}
{"type":"log","timestamp":1731397766759,"level":"debug","message":"Running chrome with params {\"format\":\"A4\",\"timeout\":599976,\"margin\":{},\"printBackground\":true}","meta":{"rootId":"idnja12yyea5elq","id":"idnja12yyea5elq"},"id":"tp06r5c88jrg3j0","previousOperationId":"58dy4dkhdeexk9w"}
{"type":"operationEnd","operationId":"58dy4dkhdeexk9w","timestamp":1731397766833,"id":"v0j8bpudr5ep0wj","previousEventId":"zmkh5eehqa9sj0z","previousOperationId":"58dy4dkhdeexk9w"}
{"type":"log","timestamp":1731397766833,"level":"debug","message":"Skipping storing report.","meta":{"rootId":"idnja12yyea5elq","id":"idnja12yyea5elq"},"id":"rxhk9hcor6fjs2s","previousOperationId":"58dy4dkhdeexk9w"}
{"type":"log","timestamp":1731397766833,"level":"info","message":"Rendering request 10 finished in 183 ms","meta":{"rootId":"idnja12yyea5elq","id":"idnja12yyea5elq"},"id":"zz6kid3gukynwup","previousOperationId":"58dy4dkhdeexk9w"}
{"type":"operationEnd","subtype":"render","operationId":"ncp4q04kvqse1ev","timestamp":1731397766833,"id":"blvmxi2jqwjcy63","previousEventId":"v0j8bpudr5ep0wj","previousOperationId":"58dy4dkhdeexk9w"}
{"type":"operationEnd","doDiffs":false,"previousEventId":"h45nv0xieauk8nq","previousOperationId":"27yd95vz4r65q26","operationId":"27yd95vz4r65q26","timestamp":1731397766839,"id":"k8ylnrfs5u9sbgr"}
