{"type":"operationStart","subtype":"profile","data":{"_id":"kYvjxjsHGBpvE0b8","timestamp":"2024-11-12T08:26:17.727Z","state":"queued","mode":"standard","creationDate":"2024-11-12T08:26:17.728Z","modificationDate":"2024-11-12T08:26:17.728Z","shortid":"UMBgMDt","inheritedReadPermissions":[],"inheritedEditPermissions":[],"$entitySet":"profiles"},"doDiffs":false,"timestamp":1731399977727,"id":"qsd56m0arb8fzt3","previousOperationId":null,"operationId":"653x5h3zaixzgz4"}
{"type":"log","level":"info","message":"Render request 94 queued for execution and waiting for available worker","previousOperationId":"653x5h3zaixzgz4","timestamp":1731399977727,"id":"lf3n2tpy9aai7co"}
{"type":"operationStart","subtype":"render","name":"header-footer","previousOperationId":"653x5h3zaixzgz4","timestamp":1731399977734,"id":"ft6hmbot3yqi97v","previousEventId":"qsd56m0arb8fzt3","operationId":"65h1njfjtyn4foz"}
{"type":"log","timestamp":1731399977734,"level":"info","message":"Starting rendering request 94 (user: admin)","meta":{"rootId":"idqxdzmmk77pc7q","id":"idqxdzmmk77pc7q"},"id":"ljfes1q2xor34cq","previousOperationId":"65h1njfjtyn4foz"}
{"type":"log","timestamp":1731399977735,"level":"info","message":"Rendering template { name: header-footer, recipe: chrome-pdf, engine: handlebars, preview: true }","meta":{"rootId":"idqxdzmmk77pc7q","id":"idqxdzmmk77pc7q"},"id":"4xlp84jdijc2jja","previousOperationId":"65h1njfjtyn4foz"}
{"type":"log","timestamp":1731399977736,"level":"debug","message":"Data item not defined for this template.","meta":{"rootId":"idqxdzmmk77pc7q","id":"idqxdzmmk77pc7q"},"id":"sscdi44ir3l9br1","previousOperationId":"65h1njfjtyn4foz"}
{"type":"log","timestamp":1731399977737,"level":"debug","message":"Base url not specified, skipping its injection.","meta":{"rootId":"idqxdzmmk77pc7q","id":"idqxdzmmk77pc7q"},"id":"lj1kgcgrlmej925","previousOperationId":"65h1njfjtyn4foz"}
{"type":"log","timestamp":1731399977740,"level":"debug","message":"Replaced assets [\"KhmerOSSiemreapRegular.ttf\",\"KhmerOSMuolLightRegular.ttf\",\"times_new_roman.ttf\",\"Tacteing.ttf\"]","meta":{"rootId":"idqxdzmmk77pc7q","id":"idqxdzmmk77pc7q"},"id":"dpuzfkw5vo1eu9f","previousOperationId":"65h1njfjtyn4foz"}
{"type":"operationStart","subtype":"engine","name":"handlebars","timestamp":1731399977741,"id":"g4r0huckxvkplu4","previousEventId":"ft6hmbot3yqi97v","operationId":"w5l5c56qcdlkqfx","previousOperationId":"65h1njfjtyn4foz"}
{"type":"log","timestamp":1731399977741,"level":"debug","message":"Rendering engine handlebars","meta":{"rootId":"idqxdzmmk77pc7q","id":"idqxdzmmk77pc7q"},"id":"kaufj3510pqq4ch","previousOperationId":"w5l5c56qcdlkqfx"}
{"type":"operationEnd","operationId":"w5l5c56qcdlkqfx","timestamp":1731399977749,"id":"wfjfh49p7v97cl8","previousEventId":"g4r0huckxvkplu4","previousOperationId":"w5l5c56qcdlkqfx"}
{"type":"operationStart","subtype":"recipe","name":"chrome-pdf","timestamp":1731399977753,"id":"l8f47vta2u2vmm4","previousEventId":"wfjfh49p7v97cl8","operationId":"17g0j6azqi4bxbv","previousOperationId":"w5l5c56qcdlkqfx"}
{"type":"log","timestamp":1731399977753,"level":"debug","message":"Executing recipe chrome-pdf","meta":{"rootId":"idqxdzmmk77pc7q","id":"idqxdzmmk77pc7q"},"id":"sfzzl4haczrthpa","previousOperationId":"17g0j6azqi4bxbv"}
{"type":"log","timestamp":1731399977755,"level":"debug","message":"Converting with chrome Chrome/127.0.6533.99 using chrome-pool strategy","meta":{"rootId":"idqxdzmmk77pc7q","id":"idqxdzmmk77pc7q"},"id":"ed66zojhyrxdhoc","previousOperationId":"17g0j6azqi4bxbv"}
{"type":"log","timestamp":1731399977819,"level":"debug","message":"Page request: GET (document) file:///C:/Users/shsmo/AppData/Local/Temp/jsreport/autocleanup/7c2969cc-003d-4175-bd7d-baeb65baee4d-chrome-pdf.html","meta":{"rootId":"idqxdzmmk77pc7q","id":"idqxdzmmk77pc7q"},"id":"tgtcs54y8tcdfvc","previousOperationId":"17g0j6azqi4bxbv"}
{"type":"log","timestamp":1731399977837,"level":"debug","message":"Page request: GET (script) https://cdn.tailwindcss.com/","meta":{"rootId":"idqxdzmmk77pc7q","id":"idqxdzmmk77pc7q"},"id":"ilz3ye12rglj715","previousOperationId":"17g0j6azqi4bxbv"}
{"type":"log","timestamp":1731399977838,"level":"debug","message":"Page request finished: GET (document) 200 file:///C:/Users/shsmo/AppData/Local/Temp/jsreport/autocleanup/7c2969cc-003d-4175-bd7d-baeb65baee4d-chrome-pdf.html","meta":{"rootId":"idqxdzmmk77pc7q","id":"idqxdzmmk77pc7q"},"id":"x2f7jd3lf8am6im","previousOperationId":"17g0j6azqi4bxbv"}
{"type":"log","timestamp":1731399977845,"level":"warn","message":"Page request failed: GET (script) 302 https://cdn.tailwindcss.com/ (redirect to: /3.4.14)","meta":{"rootId":"idqxdzmmk77pc7q","id":"idqxdzmmk77pc7q"},"id":"9joenqcg7xjyqd6","previousOperationId":"17g0j6azqi4bxbv"}
{"type":"log","timestamp":1731399977845,"level":"debug","message":"Page request: GET (script) https://cdn.tailwindcss.com/3.4.14 (redirect from: https://cdn.tailwindcss.com/)","meta":{"rootId":"idqxdzmmk77pc7q","id":"idqxdzmmk77pc7q"},"id":"10b81woll829q8r","previousOperationId":"17g0j6azqi4bxbv"}
{"type":"log","timestamp":1731399977864,"level":"debug","message":"Page request finished: GET (script) 200 https://cdn.tailwindcss.com/3.4.14","meta":{"rootId":"idqxdzmmk77pc7q","id":"idqxdzmmk77pc7q"},"id":"wyc8p4x56dsceze","previousOperationId":"17g0j6azqi4bxbv"}
{"type":"log","timestamp":1731399977906,"level":"debug","message":"(console:warn) cdn.tailwindcss.com should not be used in production. To use Tailwind CSS in production, install it as a PostCSS plugin or use the Tailwind CLI: https://tailwindcss.com/docs/installation","meta":{"userLevel":true,"rootId":"idqxdzmmk77pc7q","id":"idqxdzmmk77pc7q"},"id":"36phxl37300smiq","previousOperationId":"17g0j6azqi4bxbv"}
{"type":"log","timestamp":1731399977977,"level":"debug","message":"Running chrome with params {\"format\":\"A4\",\"marginBottom\":\"\",\"marginRight\":\"1.5cm\",\"marginLeft\":\"1.5cm\",\"timeout\":599973,\"margin\":{\"right\":\"1.5cm\",\"bottom\":\"\",\"left\":\"1.5cm\"},\"printBackground\":true}","meta":{"rootId":"idqxdzmmk77pc7q","id":"idqxdzmmk77pc7q"},"id":"f4jtalhg35eub4t","previousOperationId":"17g0j6azqi4bxbv"}
{"type":"operationEnd","operationId":"17g0j6azqi4bxbv","timestamp":1731399978030,"id":"0410rn0u48u7ox5","previousEventId":"l8f47vta2u2vmm4","previousOperationId":"17g0j6azqi4bxbv"}
{"type":"log","timestamp":1731399978030,"level":"debug","message":"Skipping storing report.","meta":{"rootId":"idqxdzmmk77pc7q","id":"idqxdzmmk77pc7q"},"id":"i3p6cdiyulad7ic","previousOperationId":"17g0j6azqi4bxbv"}
{"type":"log","timestamp":1731399978030,"level":"info","message":"Rendering request 94 finished in 303 ms","meta":{"rootId":"idqxdzmmk77pc7q","id":"idqxdzmmk77pc7q"},"id":"7k3lmeuef4bi97i","previousOperationId":"17g0j6azqi4bxbv"}
{"type":"operationEnd","subtype":"render","operationId":"65h1njfjtyn4foz","timestamp":1731399978030,"id":"vrqbtk5ozv1p7fk","previousEventId":"0410rn0u48u7ox5","previousOperationId":"17g0j6azqi4bxbv"}
{"type":"operationEnd","doDiffs":false,"previousEventId":"qsd56m0arb8fzt3","previousOperationId":"653x5h3zaixzgz4","operationId":"653x5h3zaixzgz4","timestamp":1731399978032,"id":"hersgfst8hhh4tq"}
