{"type":"operationStart","subtype":"profile","data":{"_id":"AYIsjn21pjIRp8hw","timestamp":"2024-11-12T08:24:59.806Z","state":"queued","mode":"standard","creationDate":"2024-11-12T08:24:59.808Z","modificationDate":"2024-11-12T08:24:59.808Z","shortid":"1hOpVZd","inheritedReadPermissions":[],"inheritedEditPermissions":[],"$entitySet":"profiles"},"doDiffs":false,"timestamp":1731399899807,"id":"k5j48o88xp736m8","previousOperationId":null,"operationId":"25h3hnj7x8rg34c"}
{"type":"log","level":"info","message":"Render request 90 queued for execution and waiting for available worker","previousOperationId":"25h3hnj7x8rg34c","timestamp":1731399899807,"id":"dg4rntpszp5sdgs"}
{"type":"operationStart","subtype":"render","name":"header-footer","previousOperationId":"25h3hnj7x8rg34c","timestamp":1731399899816,"id":"33m787ef8l9lmf0","previousEventId":"k5j48o88xp736m8","operationId":"dto2rtfmxsxqu2z"}
{"type":"log","timestamp":1731399899816,"level":"info","message":"Starting rendering request 90 (user: admin)","meta":{"rootId":"l97t6c2u9u5g43b","id":"l97t6c2u9u5g43b"},"id":"yrf8dm5ovpyqfos","previousOperationId":"dto2rtfmxsxqu2z"}
{"type":"log","timestamp":1731399899816,"level":"info","message":"Rendering template { name: header-footer, recipe: chrome-pdf, engine: handlebars, preview: true }","meta":{"rootId":"l97t6c2u9u5g43b","id":"l97t6c2u9u5g43b"},"id":"7bshhsfix3muvcu","previousOperationId":"dto2rtfmxsxqu2z"}
{"type":"log","timestamp":1731399899816,"level":"debug","message":"Data item not defined for this template.","meta":{"rootId":"l97t6c2u9u5g43b","id":"l97t6c2u9u5g43b"},"id":"r3pwkws8vecpr5z","previousOperationId":"dto2rtfmxsxqu2z"}
{"type":"log","timestamp":1731399899818,"level":"debug","message":"Base url not specified, skipping its injection.","meta":{"rootId":"l97t6c2u9u5g43b","id":"l97t6c2u9u5g43b"},"id":"b0abc93a4gtj6qm","previousOperationId":"dto2rtfmxsxqu2z"}
{"type":"log","timestamp":1731399899821,"level":"debug","message":"Replaced assets [\"KhmerOSSiemreapRegular.ttf\",\"KhmerOSMuolLightRegular.ttf\",\"times_new_roman.ttf\",\"Tacteing.ttf\"]","meta":{"rootId":"l97t6c2u9u5g43b","id":"l97t6c2u9u5g43b"},"id":"5me4gki5wks6xfj","previousOperationId":"dto2rtfmxsxqu2z"}
{"type":"operationStart","subtype":"engine","name":"handlebars","timestamp":1731399899822,"id":"ibrigblxiwhrrk7","previousEventId":"33m787ef8l9lmf0","operationId":"9nymbz2njy96vcs","previousOperationId":"dto2rtfmxsxqu2z"}
{"type":"log","timestamp":1731399899822,"level":"debug","message":"Rendering engine handlebars","meta":{"rootId":"l97t6c2u9u5g43b","id":"l97t6c2u9u5g43b"},"id":"6tpa05w9g9614k2","previousOperationId":"9nymbz2njy96vcs"}
{"type":"operationEnd","operationId":"9nymbz2njy96vcs","timestamp":1731399899839,"id":"enuqo6i2z1schlx","previousEventId":"ibrigblxiwhrrk7","previousOperationId":"9nymbz2njy96vcs"}
{"type":"operationStart","subtype":"recipe","name":"chrome-pdf","timestamp":1731399899844,"id":"w8rjsdq9r6u6ti5","previousEventId":"enuqo6i2z1schlx","operationId":"0n0rbw952ee0pya","previousOperationId":"9nymbz2njy96vcs"}
{"type":"log","timestamp":1731399899844,"level":"debug","message":"Executing recipe chrome-pdf","meta":{"rootId":"l97t6c2u9u5g43b","id":"l97t6c2u9u5g43b"},"id":"9cwb928b7ls4mej","previousOperationId":"0n0rbw952ee0pya"}
{"type":"log","timestamp":1731399899848,"level":"debug","message":"Converting with chrome Chrome/127.0.6533.99 using chrome-pool strategy","meta":{"rootId":"l97t6c2u9u5g43b","id":"l97t6c2u9u5g43b"},"id":"3n5tovdn5s5b6sh","previousOperationId":"0n0rbw952ee0pya"}
{"type":"log","timestamp":1731399899897,"level":"debug","message":"Page request: GET (document) file:///C:/Users/shsmo/AppData/Local/Temp/jsreport/autocleanup/0fc186d4-1e95-46a1-88b3-84938c920450-chrome-pdf.html","meta":{"rootId":"l97t6c2u9u5g43b","id":"l97t6c2u9u5g43b"},"id":"1r0zcjaoqtta6si","previousOperationId":"0n0rbw952ee0pya"}
{"type":"log","timestamp":1731399899909,"level":"debug","message":"Page request finished: GET (document) 200 file:///C:/Users/shsmo/AppData/Local/Temp/jsreport/autocleanup/0fc186d4-1e95-46a1-88b3-84938c920450-chrome-pdf.html","meta":{"rootId":"l97t6c2u9u5g43b","id":"l97t6c2u9u5g43b"},"id":"bdgbyzrl55a7xt0","previousOperationId":"0n0rbw952ee0pya"}
{"type":"log","timestamp":1731399899909,"level":"debug","message":"Page request: GET (script) https://cdn.tailwindcss.com/","meta":{"rootId":"l97t6c2u9u5g43b","id":"l97t6c2u9u5g43b"},"id":"h1qdgx5kra4byhy","previousOperationId":"0n0rbw952ee0pya"}
{"type":"log","timestamp":1731399899920,"level":"warn","message":"Page request failed: GET (script) 302 https://cdn.tailwindcss.com/ (redirect to: /3.4.14)","meta":{"rootId":"l97t6c2u9u5g43b","id":"l97t6c2u9u5g43b"},"id":"qdl5bld4n88mfa6","previousOperationId":"0n0rbw952ee0pya"}
{"type":"log","timestamp":1731399899920,"level":"debug","message":"Page request: GET (script) https://cdn.tailwindcss.com/3.4.14 (redirect from: https://cdn.tailwindcss.com/)","meta":{"rootId":"l97t6c2u9u5g43b","id":"l97t6c2u9u5g43b"},"id":"v4be2eu3s3avzxf","previousOperationId":"0n0rbw952ee0pya"}
{"type":"log","timestamp":1731399899938,"level":"debug","message":"Page request finished: GET (script) 200 https://cdn.tailwindcss.com/3.4.14","meta":{"rootId":"l97t6c2u9u5g43b","id":"l97t6c2u9u5g43b"},"id":"udqkz19yjxhl6gq","previousOperationId":"0n0rbw952ee0pya"}
{"type":"log","timestamp":1731399899994,"level":"debug","message":"(console:warn) cdn.tailwindcss.com should not be used in production. To use Tailwind CSS in production, install it as a PostCSS plugin or use the Tailwind CLI: https://tailwindcss.com/docs/installation","meta":{"userLevel":true,"rootId":"l97t6c2u9u5g43b","id":"l97t6c2u9u5g43b"},"id":"cbbpbxlnxe83l4m","previousOperationId":"0n0rbw952ee0pya"}
{"type":"log","timestamp":1731399900061,"level":"debug","message":"Running chrome with params {\"format\":\"A4\",\"marginBottom\":\"\",\"timeout\":599961,\"margin\":{\"bottom\":\"\"},\"printBackground\":true}","meta":{"rootId":"l97t6c2u9u5g43b","id":"l97t6c2u9u5g43b"},"id":"nuuybtdr8ejpios","previousOperationId":"0n0rbw952ee0pya"}
{"type":"operationEnd","operationId":"0n0rbw952ee0pya","timestamp":1731399900123,"id":"g5evv1q11z418mx","previousEventId":"w8rjsdq9r6u6ti5","previousOperationId":"0n0rbw952ee0pya"}
{"type":"log","timestamp":1731399900123,"level":"debug","message":"Skipping storing report.","meta":{"rootId":"l97t6c2u9u5g43b","id":"l97t6c2u9u5g43b"},"id":"rvdt7t12zol1qfd","previousOperationId":"0n0rbw952ee0pya"}
{"type":"log","timestamp":1731399900123,"level":"info","message":"Rendering request 90 finished in 317 ms","meta":{"rootId":"l97t6c2u9u5g43b","id":"l97t6c2u9u5g43b"},"id":"li12gtgs2wur0m7","previousOperationId":"0n0rbw952ee0pya"}
{"type":"operationEnd","subtype":"render","operationId":"dto2rtfmxsxqu2z","timestamp":1731399900123,"id":"kp3ht6ic52wy11m","previousEventId":"g5evv1q11z418mx","previousOperationId":"0n0rbw952ee0pya"}
{"type":"operationEnd","doDiffs":false,"previousEventId":"k5j48o88xp736m8","previousOperationId":"25h3hnj7x8rg34c","operationId":"25h3hnj7x8rg34c","timestamp":1731399900125,"id":"1mu2iinp6ex1tlc"}
