{"type":"operationStart","subtype":"profile","data":{"_id":"QgssBrqVxsxDnN4u","timestamp":"2024-11-12T08:48:24.687Z","state":"queued","mode":"standard","creationDate":"2024-11-12T08:48:24.689Z","modificationDate":"2024-11-12T08:48:24.689Z","shortid":"rHwSUlX","inheritedReadPermissions":[],"inheritedEditPermissions":[],"$entitySet":"profiles"},"doDiffs":false,"timestamp":1731401304688,"id":"5yl239yq5ixldty","previousOperationId":null,"operationId":"lbz0b0h26xh4t1x"}
{"type":"log","level":"info","message":"Render request 114 queued for execution and waiting for available worker","previousOperationId":"lbz0b0h26xh4t1x","timestamp":1731401304688,"id":"eijmsch7dtnib7d"}
{"type":"operationStart","subtype":"render","name":"header-footer","previousOperationId":"lbz0b0h26xh4t1x","timestamp":1731401304696,"id":"1vy478y6z7l7od3","previousEventId":"5yl239yq5ixldty","operationId":"4n6fkygjmnzyq55"}
{"type":"log","timestamp":1731401304696,"level":"info","message":"Starting rendering request 114 (user: admin)","meta":{"rootId":"lt8auk8i56hlfdl","id":"lt8auk8i56hlfdl"},"id":"agkbomvno6ndbve","previousOperationId":"4n6fkygjmnzyq55"}
{"type":"log","timestamp":1731401304696,"level":"info","message":"Rendering template { name: header-footer, recipe: chrome-pdf, engine: handlebars, preview: true }","meta":{"rootId":"lt8auk8i56hlfdl","id":"lt8auk8i56hlfdl"},"id":"a01zgmqj3nhzijd","previousOperationId":"4n6fkygjmnzyq55"}
{"type":"log","timestamp":1731401304696,"level":"debug","message":"Data item not defined for this template.","meta":{"rootId":"lt8auk8i56hlfdl","id":"lt8auk8i56hlfdl"},"id":"jpnquadrybmd497","previousOperationId":"4n6fkygjmnzyq55"}
{"type":"log","timestamp":1731401304698,"level":"debug","message":"Base url not specified, skipping its injection.","meta":{"rootId":"lt8auk8i56hlfdl","id":"lt8auk8i56hlfdl"},"id":"5u9uz0r0jvoj71b","previousOperationId":"4n6fkygjmnzyq55"}
{"type":"log","timestamp":1731401304704,"level":"debug","message":"Replaced assets [\"KhmerOSSiemreapRegular.ttf\",\"KhmerOSMuolLightRegular.ttf\",\"times_new_roman.ttf\",\"Tacteing.ttf\"]","meta":{"rootId":"lt8auk8i56hlfdl","id":"lt8auk8i56hlfdl"},"id":"q1yh9s8gvom1f9b","previousOperationId":"4n6fkygjmnzyq55"}
{"type":"operationStart","subtype":"engine","name":"handlebars","timestamp":1731401304705,"id":"63j2fact99yc8fe","previousEventId":"1vy478y6z7l7od3","operationId":"s7j2g99pkm63jb9","previousOperationId":"4n6fkygjmnzyq55"}
{"type":"log","timestamp":1731401304705,"level":"debug","message":"Rendering engine handlebars","meta":{"rootId":"lt8auk8i56hlfdl","id":"lt8auk8i56hlfdl"},"id":"5mlacosgjc0fhyk","previousOperationId":"s7j2g99pkm63jb9"}
{"type":"operationEnd","operationId":"s7j2g99pkm63jb9","timestamp":1731401304732,"id":"6grfxryetj3nlwo","previousEventId":"63j2fact99yc8fe","previousOperationId":"s7j2g99pkm63jb9"}
{"type":"operationStart","subtype":"recipe","name":"chrome-pdf","timestamp":1731401304739,"id":"oddjh6s7bxbf0gc","previousEventId":"6grfxryetj3nlwo","operationId":"sj1ag454ak0vmps","previousOperationId":"s7j2g99pkm63jb9"}
{"type":"log","timestamp":1731401304739,"level":"debug","message":"Executing recipe chrome-pdf","meta":{"rootId":"lt8auk8i56hlfdl","id":"lt8auk8i56hlfdl"},"id":"qv8fflvq37pu3wq","previousOperationId":"sj1ag454ak0vmps"}
{"type":"log","timestamp":1731401304742,"level":"debug","message":"Converting with chrome Chrome/127.0.6533.99 using chrome-pool strategy","meta":{"rootId":"lt8auk8i56hlfdl","id":"lt8auk8i56hlfdl"},"id":"i3t0n55tsqpb7q3","previousOperationId":"sj1ag454ak0vmps"}
{"type":"log","timestamp":1731401304805,"level":"debug","message":"Page request: GET (document) file:///C:/Users/shsmo/AppData/Local/Temp/jsreport/autocleanup/bca04868-6048-4c4d-8f2d-647909f618db-chrome-pdf.html","meta":{"rootId":"lt8auk8i56hlfdl","id":"lt8auk8i56hlfdl"},"id":"2v25572970zhxb1","previousOperationId":"sj1ag454ak0vmps"}
{"type":"log","timestamp":1731401304825,"level":"debug","message":"Page request finished: GET (document) 200 file:///C:/Users/shsmo/AppData/Local/Temp/jsreport/autocleanup/bca04868-6048-4c4d-8f2d-647909f618db-chrome-pdf.html","meta":{"rootId":"lt8auk8i56hlfdl","id":"lt8auk8i56hlfdl"},"id":"qri5e44q1tbdwcf","previousOperationId":"sj1ag454ak0vmps"}
{"type":"log","timestamp":1731401304826,"level":"debug","message":"Page request: GET (script) https://cdn.tailwindcss.com/","meta":{"rootId":"lt8auk8i56hlfdl","id":"lt8auk8i56hlfdl"},"id":"rgzr6rnutscp4h7","previousOperationId":"sj1ag454ak0vmps"}
{"type":"log","timestamp":1731401304836,"level":"warn","message":"Page request failed: GET (script) 302 https://cdn.tailwindcss.com/ (redirect to: /3.4.14)","meta":{"rootId":"lt8auk8i56hlfdl","id":"lt8auk8i56hlfdl"},"id":"j6wwc2p7hyqlu0p","previousOperationId":"sj1ag454ak0vmps"}
{"type":"log","timestamp":1731401304836,"level":"debug","message":"Page request: GET (script) https://cdn.tailwindcss.com/3.4.14 (redirect from: https://cdn.tailwindcss.com/)","meta":{"rootId":"lt8auk8i56hlfdl","id":"lt8auk8i56hlfdl"},"id":"uvpa7zbyr9lsfsf","previousOperationId":"sj1ag454ak0vmps"}
{"type":"log","timestamp":1731401304859,"level":"debug","message":"Page request finished: GET (script) 200 https://cdn.tailwindcss.com/3.4.14","meta":{"rootId":"lt8auk8i56hlfdl","id":"lt8auk8i56hlfdl"},"id":"9q6mmmrp9cowxho","previousOperationId":"sj1ag454ak0vmps"}
{"type":"log","timestamp":1731401304913,"level":"debug","message":"(console:warn) cdn.tailwindcss.com should not be used in production. To use Tailwind CSS in production, install it as a PostCSS plugin or use the Tailwind CLI: https://tailwindcss.com/docs/installation","meta":{"userLevel":true,"rootId":"lt8auk8i56hlfdl","id":"lt8auk8i56hlfdl"},"id":"i8xqsapf7n9a7qt","previousOperationId":"sj1ag454ak0vmps"}
{"type":"log","timestamp":1731401305003,"level":"debug","message":"Running chrome with params {\"format\":\"A4\",\"marginBottom\":\"\",\"marginRight\":\"1.5cm\",\"marginLeft\":\"1.5cm\",\"timeout\":599946,\"margin\":{\"right\":\"1.5cm\",\"bottom\":\"\",\"left\":\"1.5cm\"},\"printBackground\":true}","meta":{"rootId":"lt8auk8i56hlfdl","id":"lt8auk8i56hlfdl"},"id":"vfu47fsch5uaioo","previousOperationId":"sj1ag454ak0vmps"}
{"type":"operationEnd","operationId":"sj1ag454ak0vmps","timestamp":1731401305053,"id":"f0gtlt5i18dxct6","previousEventId":"oddjh6s7bxbf0gc","previousOperationId":"sj1ag454ak0vmps"}
{"type":"log","timestamp":1731401305053,"level":"debug","message":"Skipping storing report.","meta":{"rootId":"lt8auk8i56hlfdl","id":"lt8auk8i56hlfdl"},"id":"5yeu25jsl75m8s0","previousOperationId":"sj1ag454ak0vmps"}
{"type":"log","timestamp":1731401305053,"level":"info","message":"Rendering request 114 finished in 366 ms","meta":{"rootId":"lt8auk8i56hlfdl","id":"lt8auk8i56hlfdl"},"id":"bwur2rg9fh775ms","previousOperationId":"sj1ag454ak0vmps"}
{"type":"operationEnd","subtype":"render","operationId":"4n6fkygjmnzyq55","timestamp":1731401305053,"id":"vplyp08w6ywachw","previousEventId":"f0gtlt5i18dxct6","previousOperationId":"sj1ag454ak0vmps"}
{"type":"operationEnd","doDiffs":false,"previousEventId":"5yl239yq5ixldty","previousOperationId":"lbz0b0h26xh4t1x","operationId":"lbz0b0h26xh4t1x","timestamp":1731401305055,"id":"jmkm7dy6ol53sjn"}
