{"type":"operationStart","subtype":"profile","data":{"_id":"SpxQH6nNaRPdjml9","timestamp":"2024-11-12T08:47:08.363Z","state":"queued","mode":"standard","creationDate":"2024-11-12T08:47:08.365Z","modificationDate":"2024-11-12T08:47:08.365Z","shortid":"dN5x8HZ","inheritedReadPermissions":[],"inheritedEditPermissions":[],"$entitySet":"profiles"},"doDiffs":false,"timestamp":1731401228364,"id":"t28u5bqfwgs3xgc","previousOperationId":null,"operationId":"pxrka5x0aihgcnt"}
{"type":"log","level":"info","message":"Render request 112 queued for execution and waiting for available worker","previousOperationId":"pxrka5x0aihgcnt","timestamp":1731401228365,"id":"2nvt5bv83jx8pmu"}
{"type":"operationStart","subtype":"render","name":"header-footer","previousOperationId":"pxrka5x0aihgcnt","timestamp":1731401228373,"id":"gnablgm0iv5v8we","previousEventId":"t28u5bqfwgs3xgc","operationId":"s343nz846nx8hab"}
{"type":"log","timestamp":1731401228373,"level":"info","message":"Starting rendering request 112 (user: admin)","meta":{"rootId":"o1rdan19qs74g0a","id":"o1rdan19qs74g0a"},"id":"lk5yvlh2vki9s3o","previousOperationId":"s343nz846nx8hab"}
{"type":"log","timestamp":1731401228373,"level":"info","message":"Rendering template { name: header-footer, recipe: chrome-pdf, engine: handlebars, preview: true }","meta":{"rootId":"o1rdan19qs74g0a","id":"o1rdan19qs74g0a"},"id":"lmzpqvwzmkeem2w","previousOperationId":"s343nz846nx8hab"}
{"type":"log","timestamp":1731401228374,"level":"debug","message":"Data item not defined for this template.","meta":{"rootId":"o1rdan19qs74g0a","id":"o1rdan19qs74g0a"},"id":"e2u99bkld7wjn0f","previousOperationId":"s343nz846nx8hab"}
{"type":"log","timestamp":1731401228375,"level":"debug","message":"Base url not specified, skipping its injection.","meta":{"rootId":"o1rdan19qs74g0a","id":"o1rdan19qs74g0a"},"id":"78rvuxwea3fcfeu","previousOperationId":"s343nz846nx8hab"}
{"type":"log","timestamp":1731401228381,"level":"debug","message":"Replaced assets [\"KhmerOSSiemreapRegular.ttf\",\"KhmerOSMuolLightRegular.ttf\",\"times_new_roman.ttf\",\"Tacteing.ttf\"]","meta":{"rootId":"o1rdan19qs74g0a","id":"o1rdan19qs74g0a"},"id":"ewo7rji8ye5k09a","previousOperationId":"s343nz846nx8hab"}
{"type":"operationStart","subtype":"engine","name":"handlebars","timestamp":1731401228381,"id":"e5bgipt4sedtq77","previousEventId":"gnablgm0iv5v8we","operationId":"4gkj6rtftbdn3ye","previousOperationId":"s343nz846nx8hab"}
{"type":"log","timestamp":1731401228381,"level":"debug","message":"Rendering engine handlebars","meta":{"rootId":"o1rdan19qs74g0a","id":"o1rdan19qs74g0a"},"id":"glx9ql69ljjaxtf","previousOperationId":"4gkj6rtftbdn3ye"}
{"type":"operationEnd","operationId":"4gkj6rtftbdn3ye","timestamp":1731401228406,"id":"pi15qg6i8q17mbv","previousEventId":"e5bgipt4sedtq77","previousOperationId":"4gkj6rtftbdn3ye"}
{"type":"operationStart","subtype":"recipe","name":"chrome-pdf","timestamp":1731401228413,"id":"0o71rz5nsrnijoo","previousEventId":"pi15qg6i8q17mbv","operationId":"hedm0wmu7s731yd","previousOperationId":"4gkj6rtftbdn3ye"}
{"type":"log","timestamp":1731401228413,"level":"debug","message":"Executing recipe chrome-pdf","meta":{"rootId":"o1rdan19qs74g0a","id":"o1rdan19qs74g0a"},"id":"e5ip7vqzggovqex","previousOperationId":"hedm0wmu7s731yd"}
{"type":"log","timestamp":1731401228420,"level":"debug","message":"Converting with chrome Chrome/127.0.6533.99 using chrome-pool strategy","meta":{"rootId":"o1rdan19qs74g0a","id":"o1rdan19qs74g0a"},"id":"tir8jrz8mxpwumw","previousOperationId":"hedm0wmu7s731yd"}
{"type":"log","timestamp":1731401228501,"level":"debug","message":"Page request: GET (document) file:///C:/Users/shsmo/AppData/Local/Temp/jsreport/autocleanup/bb1d422b-b0e4-4965-ab5e-2d78424e2cdb-chrome-pdf.html","meta":{"rootId":"o1rdan19qs74g0a","id":"o1rdan19qs74g0a"},"id":"lliae4ls68uskul","previousOperationId":"hedm0wmu7s731yd"}
{"type":"log","timestamp":1731401228522,"level":"debug","message":"Page request: GET (script) https://cdn.tailwindcss.com/","meta":{"rootId":"o1rdan19qs74g0a","id":"o1rdan19qs74g0a"},"id":"qxatohm22awd1rn","previousOperationId":"hedm0wmu7s731yd"}
{"type":"log","timestamp":1731401228523,"level":"debug","message":"Page request finished: GET (document) 200 file:///C:/Users/shsmo/AppData/Local/Temp/jsreport/autocleanup/bb1d422b-b0e4-4965-ab5e-2d78424e2cdb-chrome-pdf.html","meta":{"rootId":"o1rdan19qs74g0a","id":"o1rdan19qs74g0a"},"id":"ajc8pvitofngpp5","previousOperationId":"hedm0wmu7s731yd"}
{"type":"log","timestamp":1731401228531,"level":"warn","message":"Page request failed: GET (script) 302 https://cdn.tailwindcss.com/ (redirect to: /3.4.14)","meta":{"rootId":"o1rdan19qs74g0a","id":"o1rdan19qs74g0a"},"id":"1jmgy0p8gp2gib8","previousOperationId":"hedm0wmu7s731yd"}
{"type":"log","timestamp":1731401228531,"level":"debug","message":"Page request: GET (script) https://cdn.tailwindcss.com/3.4.14 (redirect from: https://cdn.tailwindcss.com/)","meta":{"rootId":"o1rdan19qs74g0a","id":"o1rdan19qs74g0a"},"id":"qy910wxwsa5bwkm","previousOperationId":"hedm0wmu7s731yd"}
{"type":"log","timestamp":1731401228552,"level":"debug","message":"Page request finished: GET (script) 200 https://cdn.tailwindcss.com/3.4.14","meta":{"rootId":"o1rdan19qs74g0a","id":"o1rdan19qs74g0a"},"id":"7xcoyd6hwth85c7","previousOperationId":"hedm0wmu7s731yd"}
{"type":"log","timestamp":1731401228612,"level":"debug","message":"(console:warn) cdn.tailwindcss.com should not be used in production. To use Tailwind CSS in production, install it as a PostCSS plugin or use the Tailwind CLI: https://tailwindcss.com/docs/installation","meta":{"userLevel":true,"rootId":"o1rdan19qs74g0a","id":"o1rdan19qs74g0a"},"id":"y2kn2a92m6k5f32","previousOperationId":"hedm0wmu7s731yd"}
{"type":"log","timestamp":1731401228686,"level":"debug","message":"Running chrome with params {\"format\":\"A4\",\"marginBottom\":\"\",\"marginRight\":\"1.5cm\",\"marginLeft\":\"1.5cm\",\"timeout\":599944,\"margin\":{\"right\":\"1.5cm\",\"bottom\":\"\",\"left\":\"1.5cm\"},\"printBackground\":true}","meta":{"rootId":"o1rdan19qs74g0a","id":"o1rdan19qs74g0a"},"id":"2q26iacvrezw01b","previousOperationId":"hedm0wmu7s731yd"}
{"type":"operationEnd","operationId":"hedm0wmu7s731yd","timestamp":1731401228737,"id":"4fzijoanmictfw2","previousEventId":"0o71rz5nsrnijoo","previousOperationId":"hedm0wmu7s731yd"}
{"type":"log","timestamp":1731401228737,"level":"debug","message":"Skipping storing report.","meta":{"rootId":"o1rdan19qs74g0a","id":"o1rdan19qs74g0a"},"id":"l82ak3x3m2xbldz","previousOperationId":"hedm0wmu7s731yd"}
{"type":"log","timestamp":1731401228737,"level":"info","message":"Rendering request 112 finished in 374 ms","meta":{"rootId":"o1rdan19qs74g0a","id":"o1rdan19qs74g0a"},"id":"suakbimb67161h5","previousOperationId":"hedm0wmu7s731yd"}
{"type":"operationEnd","subtype":"render","operationId":"s343nz846nx8hab","timestamp":1731401228737,"id":"a3g6wqnvdnxn47h","previousEventId":"4fzijoanmictfw2","previousOperationId":"hedm0wmu7s731yd"}
{"type":"operationEnd","doDiffs":false,"previousEventId":"t28u5bqfwgs3xgc","previousOperationId":"pxrka5x0aihgcnt","operationId":"pxrka5x0aihgcnt","timestamp":1731401228739,"id":"zb3kly5rv3c1z29"}
