{"type":"operationStart","subtype":"profile","data":{"_id":"jDU2oqoUm7JrPrMz","timestamp":"2024-11-12T07:49:23.145Z","state":"queued","mode":"standard","creationDate":"2024-11-12T07:49:23.148Z","modificationDate":"2024-11-12T07:49:23.148Z","shortid":"hJdlYA7","inheritedReadPermissions":[],"inheritedEditPermissions":[],"$entitySet":"profiles"},"doDiffs":false,"timestamp":1731397763147,"id":"lmse28tnjly8fc6","previousOperationId":null,"operationId":"lbajdsssvb5jxz9"}
{"type":"log","level":"info","message":"Render request 9 queued for execution and waiting for available worker","previousOperationId":"lbajdsssvb5jxz9","timestamp":1731397763147,"id":"nmjqf6pwass88wo"}
{"type":"operationStart","subtype":"render","name":"header-footer","previousOperationId":"lbajdsssvb5jxz9","timestamp":1731397763156,"id":"u10zqvzejv38ow1","previousEventId":"lmse28tnjly8fc6","operationId":"ce7oq2966il9x41"}
{"type":"log","timestamp":1731397763156,"level":"info","message":"Starting rendering request 9 (user: admin)","meta":{"rootId":"occ9xqbgdh8hnwu","id":"occ9xqbgdh8hnwu"},"id":"e10fuo3u73a1hsq","previousOperationId":"ce7oq2966il9x41"}
{"type":"log","timestamp":1731397763156,"level":"info","message":"Rendering template { name: header-footer, recipe: chrome-pdf, engine: handlebars, preview: true }","meta":{"rootId":"occ9xqbgdh8hnwu","id":"occ9xqbgdh8hnwu"},"id":"mg4vjq12zq2m9ch","previousOperationId":"ce7oq2966il9x41"}
{"type":"log","timestamp":1731397763156,"level":"debug","message":"Data item not defined for this template.","meta":{"rootId":"occ9xqbgdh8hnwu","id":"occ9xqbgdh8hnwu"},"id":"y0srogtwz5876hh","previousOperationId":"ce7oq2966il9x41"}
{"type":"log","timestamp":1731397763158,"level":"debug","message":"Base url not specified, skipping its injection.","meta":{"rootId":"occ9xqbgdh8hnwu","id":"occ9xqbgdh8hnwu"},"id":"0i2wbji1g0leifj","previousOperationId":"ce7oq2966il9x41"}
{"type":"operationStart","subtype":"engine","name":"handlebars","timestamp":1731397763158,"id":"stqfjy0gq0n3tdc","previousEventId":"u10zqvzejv38ow1","operationId":"fn04z9n10a50800","previousOperationId":"ce7oq2966il9x41"}
{"type":"log","timestamp":1731397763158,"level":"debug","message":"Rendering engine handlebars","meta":{"rootId":"occ9xqbgdh8hnwu","id":"occ9xqbgdh8hnwu"},"id":"lc15g67kaay2ru3","previousOperationId":"fn04z9n10a50800"}
{"type":"operationEnd","operationId":"fn04z9n10a50800","timestamp":1731397763168,"id":"nt51p7iazt8g443","previousEventId":"stqfjy0gq0n3tdc","previousOperationId":"fn04z9n10a50800"}
{"type":"operationStart","subtype":"recipe","name":"chrome-pdf","timestamp":1731397763168,"id":"q7ism1bu0xvw3cl","previousEventId":"nt51p7iazt8g443","operationId":"d1dwm310sdz3eo2","previousOperationId":"fn04z9n10a50800"}
{"type":"log","timestamp":1731397763168,"level":"debug","message":"Executing recipe chrome-pdf","meta":{"rootId":"occ9xqbgdh8hnwu","id":"occ9xqbgdh8hnwu"},"id":"jd6cqo6wvec5xo7","previousOperationId":"d1dwm310sdz3eo2"}
{"type":"log","timestamp":1731397763171,"level":"debug","message":"Converting with chrome Chrome/127.0.6533.99 using chrome-pool strategy","meta":{"rootId":"occ9xqbgdh8hnwu","id":"occ9xqbgdh8hnwu"},"id":"kvzdlcm7y411j07","previousOperationId":"d1dwm310sdz3eo2"}
{"type":"log","timestamp":1731397763226,"level":"debug","message":"Page request: GET (document) file:///C:/Users/shsmo/AppData/Local/Temp/jsreport/autocleanup/b61099ad-74c4-4857-a4ae-60f2be7f316a-chrome-pdf.html","meta":{"rootId":"occ9xqbgdh8hnwu","id":"occ9xqbgdh8hnwu"},"id":"n9ezrtdcnq8fgp1","previousOperationId":"d1dwm310sdz3eo2"}
{"type":"log","timestamp":1731397763241,"level":"debug","message":"Page request finished: GET (document) 200 file:///C:/Users/shsmo/AppData/Local/Temp/jsreport/autocleanup/b61099ad-74c4-4857-a4ae-60f2be7f316a-chrome-pdf.html","meta":{"rootId":"occ9xqbgdh8hnwu","id":"occ9xqbgdh8hnwu"},"id":"s39fpvbzyusiih0","previousOperationId":"d1dwm310sdz3eo2"}
{"type":"log","timestamp":1731397763247,"level":"debug","message":"Running chrome with params {\"format\":\"A4\",\"timeout\":599975,\"margin\":{},\"printBackground\":true}","meta":{"rootId":"occ9xqbgdh8hnwu","id":"occ9xqbgdh8hnwu"},"id":"4wy64hmz5894988","previousOperationId":"d1dwm310sdz3eo2"}
{"type":"operationEnd","operationId":"d1dwm310sdz3eo2","timestamp":1731397763311,"id":"km6gxj619ofbvcc","previousEventId":"q7ism1bu0xvw3cl","previousOperationId":"d1dwm310sdz3eo2"}
{"type":"log","timestamp":1731397763311,"level":"debug","message":"Skipping storing report.","meta":{"rootId":"occ9xqbgdh8hnwu","id":"occ9xqbgdh8hnwu"},"id":"zwkogjm6v9g3qwa","previousOperationId":"d1dwm310sdz3eo2"}
{"type":"log","timestamp":1731397763312,"level":"info","message":"Rendering request 9 finished in 167 ms","meta":{"rootId":"occ9xqbgdh8hnwu","id":"occ9xqbgdh8hnwu"},"id":"i6bpdswg5ky0wi0","previousOperationId":"d1dwm310sdz3eo2"}
{"type":"operationEnd","subtype":"render","operationId":"ce7oq2966il9x41","timestamp":1731397763312,"id":"0iuce9757jv6ir1","previousEventId":"km6gxj619ofbvcc","previousOperationId":"d1dwm310sdz3eo2"}
{"type":"operationEnd","doDiffs":false,"previousEventId":"lmse28tnjly8fc6","previousOperationId":"lbajdsssvb5jxz9","operationId":"lbajdsssvb5jxz9","timestamp":1731397763314,"id":"4xuybjhhr4ll8ou"}
