{"type":"operationStart","subtype":"profile","data":{"_id":"KbGVwIarfyAmXBxf","timestamp":"2024-11-12T09:04:26.060Z","state":"queued","mode":"standard","creationDate":"2024-11-12T09:04:26.062Z","modificationDate":"2024-11-12T09:04:26.062Z","shortid":"z5JKfmS","inheritedReadPermissions":[],"inheritedEditPermissions":[],"$entitySet":"profiles"},"doDiffs":false,"timestamp":1731402266061,"id":"vqwcsdpw0skk8gw","previousOperationId":null,"operationId":"hv79sras8behjs6"}
{"type":"log","level":"info","message":"Render request 154 queued for execution and waiting for available worker","previousOperationId":"hv79sras8behjs6","timestamp":1731402266061,"id":"1jcye3u7krxo6d4"}
{"type":"operationStart","subtype":"render","name":"header-footer","previousOperationId":"hv79sras8behjs6","timestamp":1731402266069,"id":"5uuecz7zc2bb3c8","previousEventId":"vqwcsdpw0skk8gw","operationId":"rhlj2mrxnjt1uev"}
{"type":"log","timestamp":1731402266069,"level":"info","message":"Starting rendering request 154 (user: admin)","meta":{"rootId":"oxsbcr77u10ssae","id":"oxsbcr77u10ssae"},"id":"7r6xf7dn0o1d11f","previousOperationId":"rhlj2mrxnjt1uev"}
{"type":"log","timestamp":1731402266070,"level":"info","message":"Rendering template { name: header-footer, recipe: chrome-pdf, engine: handlebars, preview: true }","meta":{"rootId":"oxsbcr77u10ssae","id":"oxsbcr77u10ssae"},"id":"ovrc8ao0349mqt3","previousOperationId":"rhlj2mrxnjt1uev"}
{"type":"log","timestamp":1731402266070,"level":"debug","message":"Data item not defined for this template.","meta":{"rootId":"oxsbcr77u10ssae","id":"oxsbcr77u10ssae"},"id":"g0exwjeehcawplb","previousOperationId":"rhlj2mrxnjt1uev"}
{"type":"log","timestamp":1731402266071,"level":"debug","message":"Base url not specified, skipping its injection.","meta":{"rootId":"oxsbcr77u10ssae","id":"oxsbcr77u10ssae"},"id":"6v69ld4p4ws1x1u","previousOperationId":"rhlj2mrxnjt1uev"}
{"type":"log","timestamp":1731402266076,"level":"debug","message":"Replaced assets [\"KhmerOSSiemreapRegular.ttf\",\"KhmerOSMuolLightRegular.ttf\",\"times_new_roman.ttf\",\"Tacteing.ttf\"]","meta":{"rootId":"oxsbcr77u10ssae","id":"oxsbcr77u10ssae"},"id":"dhvsz0cqkkouc6x","previousOperationId":"rhlj2mrxnjt1uev"}
{"type":"operationStart","subtype":"engine","name":"handlebars","timestamp":1731402266077,"id":"znfcdo43m6irm6i","previousEventId":"5uuecz7zc2bb3c8","operationId":"ppl2nd2co7dhnxn","previousOperationId":"rhlj2mrxnjt1uev"}
{"type":"log","timestamp":1731402266077,"level":"debug","message":"Rendering engine handlebars","meta":{"rootId":"oxsbcr77u10ssae","id":"oxsbcr77u10ssae"},"id":"85mxgs17r7nrwke","previousOperationId":"ppl2nd2co7dhnxn"}
{"type":"operationEnd","operationId":"ppl2nd2co7dhnxn","timestamp":1731402266105,"id":"nnz44ili2eg0kqu","previousEventId":"znfcdo43m6irm6i","previousOperationId":"ppl2nd2co7dhnxn"}
{"type":"operationStart","subtype":"recipe","name":"chrome-pdf","timestamp":1731402266110,"id":"w48vwjih0mg9qga","previousEventId":"nnz44ili2eg0kqu","operationId":"6qruktfcts144dp","previousOperationId":"ppl2nd2co7dhnxn"}
{"type":"log","timestamp":1731402266110,"level":"debug","message":"Executing recipe chrome-pdf","meta":{"rootId":"oxsbcr77u10ssae","id":"oxsbcr77u10ssae"},"id":"pikfdni9rt4vsec","previousOperationId":"6qruktfcts144dp"}
{"type":"log","timestamp":1731402266113,"level":"debug","message":"Converting with chrome Chrome/127.0.6533.99 using chrome-pool strategy","meta":{"rootId":"oxsbcr77u10ssae","id":"oxsbcr77u10ssae"},"id":"snk06zynbf63vl6","previousOperationId":"6qruktfcts144dp"}
{"type":"log","timestamp":1731402266173,"level":"debug","message":"Page request: GET (document) file:///C:/Users/shsmo/AppData/Local/Temp/jsreport/autocleanup/260a404a-ddf0-47d6-b085-d4229dffc9e1-chrome-pdf.html","meta":{"rootId":"oxsbcr77u10ssae","id":"oxsbcr77u10ssae"},"id":"fdr9jhutuztgbvo","previousOperationId":"6qruktfcts144dp"}
{"type":"log","timestamp":1731402266195,"level":"debug","message":"Page request: GET (script) https://cdn.tailwindcss.com/","meta":{"rootId":"oxsbcr77u10ssae","id":"oxsbcr77u10ssae"},"id":"il39wy5w20uwfd2","previousOperationId":"6qruktfcts144dp"}
{"type":"log","timestamp":1731402266195,"level":"debug","message":"Page request finished: GET (document) 200 file:///C:/Users/shsmo/AppData/Local/Temp/jsreport/autocleanup/260a404a-ddf0-47d6-b085-d4229dffc9e1-chrome-pdf.html","meta":{"rootId":"oxsbcr77u10ssae","id":"oxsbcr77u10ssae"},"id":"jd5cqm9kryibnt5","previousOperationId":"6qruktfcts144dp"}
{"type":"log","timestamp":1731402266205,"level":"warn","message":"Page request failed: GET (script) 302 https://cdn.tailwindcss.com/ (redirect to: /3.4.14)","meta":{"rootId":"oxsbcr77u10ssae","id":"oxsbcr77u10ssae"},"id":"c21h3b95t02fizn","previousOperationId":"6qruktfcts144dp"}
{"type":"log","timestamp":1731402266205,"level":"debug","message":"Page request: GET (script) https://cdn.tailwindcss.com/3.4.14 (redirect from: https://cdn.tailwindcss.com/)","meta":{"rootId":"oxsbcr77u10ssae","id":"oxsbcr77u10ssae"},"id":"jhjwsi2pd74yxq0","previousOperationId":"6qruktfcts144dp"}
{"type":"log","timestamp":1731402266227,"level":"debug","message":"Page request finished: GET (script) 200 https://cdn.tailwindcss.com/3.4.14","meta":{"rootId":"oxsbcr77u10ssae","id":"oxsbcr77u10ssae"},"id":"8lptlghc8t69efy","previousOperationId":"6qruktfcts144dp"}
{"type":"log","timestamp":1731402266284,"level":"debug","message":"(console:warn) cdn.tailwindcss.com should not be used in production. To use Tailwind CSS in production, install it as a PostCSS plugin or use the Tailwind CLI: https://tailwindcss.com/docs/installation","meta":{"userLevel":true,"rootId":"oxsbcr77u10ssae","id":"oxsbcr77u10ssae"},"id":"bwr1qha5dc0fhsj","previousOperationId":"6qruktfcts144dp"}
{"type":"log","timestamp":1731402266381,"level":"debug","message":"Running chrome with params {\"format\":\"A4\",\"marginBottom\":\"\",\"marginRight\":\"1.5cm\",\"marginLeft\":\"1.5cm\",\"timeout\":599948,\"margin\":{\"right\":\"1.5cm\",\"bottom\":\"\",\"left\":\"1.5cm\"},\"printBackground\":true}","meta":{"rootId":"oxsbcr77u10ssae","id":"oxsbcr77u10ssae"},"id":"aoqals10ghhdcp6","previousOperationId":"6qruktfcts144dp"}
{"type":"operationEnd","operationId":"6qruktfcts144dp","timestamp":1731402266445,"id":"xomvhuxnztx22o9","previousEventId":"w48vwjih0mg9qga","previousOperationId":"6qruktfcts144dp"}
{"type":"log","timestamp":1731402266445,"level":"debug","message":"Skipping storing report.","meta":{"rootId":"oxsbcr77u10ssae","id":"oxsbcr77u10ssae"},"id":"js0zkc0nf2hg23b","previousOperationId":"6qruktfcts144dp"}
{"type":"log","timestamp":1731402266445,"level":"info","message":"Rendering request 154 finished in 385 ms","meta":{"rootId":"oxsbcr77u10ssae","id":"oxsbcr77u10ssae"},"id":"wmxrpvg8zzpwd9g","previousOperationId":"6qruktfcts144dp"}
{"type":"operationEnd","subtype":"render","operationId":"rhlj2mrxnjt1uev","timestamp":1731402266445,"id":"eq04y6f0lr4q4b1","previousEventId":"xomvhuxnztx22o9","previousOperationId":"6qruktfcts144dp"}
{"type":"operationEnd","doDiffs":false,"previousEventId":"vqwcsdpw0skk8gw","previousOperationId":"hv79sras8behjs6","operationId":"hv79sras8behjs6","timestamp":1731402266447,"id":"7qui9knqwthroni"}
