{"type":"operationStart","subtype":"profile","data":{"_id":"PJGhQEVD1ymbh5up","timestamp":"2024-11-12T08:46:13.762Z","state":"queued","mode":"standard","creationDate":"2024-11-12T08:46:13.764Z","modificationDate":"2024-11-12T08:46:13.764Z","shortid":"HRcYRQW","inheritedReadPermissions":[],"inheritedEditPermissions":[],"$entitySet":"profiles"},"doDiffs":false,"timestamp":1731401173763,"id":"opl5m1lmfy0pifc","previousOperationId":null,"operationId":"ofcal1jm45fvjuk"}
{"type":"log","level":"info","message":"Render request 108 queued for execution and waiting for available worker","previousOperationId":"ofcal1jm45fvjuk","timestamp":1731401173763,"id":"5ihlrovw86yxg5g"}
{"type":"operationStart","subtype":"render","name":"header-footer","previousOperationId":"ofcal1jm45fvjuk","timestamp":1731401173771,"id":"apg8ynhq2qcufox","previousEventId":"opl5m1lmfy0pifc","operationId":"zb4o1wa5421lmr7"}
{"type":"log","timestamp":1731401173771,"level":"info","message":"Starting rendering request 108 (user: admin)","meta":{"rootId":"oyaco9qm3sx0rrf","id":"oyaco9qm3sx0rrf"},"id":"nrgumhdhg7069jy","previousOperationId":"zb4o1wa5421lmr7"}
{"type":"log","timestamp":1731401173771,"level":"info","message":"Rendering template { name: header-footer, recipe: chrome-pdf, engine: handlebars, preview: true }","meta":{"rootId":"oyaco9qm3sx0rrf","id":"oyaco9qm3sx0rrf"},"id":"bxloq73mf5htbcz","previousOperationId":"zb4o1wa5421lmr7"}
{"type":"log","timestamp":1731401173772,"level":"debug","message":"Data item not defined for this template.","meta":{"rootId":"oyaco9qm3sx0rrf","id":"oyaco9qm3sx0rrf"},"id":"h7a770je0srny5h","previousOperationId":"zb4o1wa5421lmr7"}
{"type":"log","timestamp":1731401173772,"level":"debug","message":"Base url not specified, skipping its injection.","meta":{"rootId":"oyaco9qm3sx0rrf","id":"oyaco9qm3sx0rrf"},"id":"viwb0p0z55dhgot","previousOperationId":"zb4o1wa5421lmr7"}
{"type":"log","timestamp":1731401173778,"level":"debug","message":"Replaced assets [\"KhmerOSSiemreapRegular.ttf\",\"KhmerOSMuolLightRegular.ttf\",\"times_new_roman.ttf\",\"Tacteing.ttf\"]","meta":{"rootId":"oyaco9qm3sx0rrf","id":"oyaco9qm3sx0rrf"},"id":"kzio6nyi29fwjee","previousOperationId":"zb4o1wa5421lmr7"}
{"type":"operationStart","subtype":"engine","name":"handlebars","timestamp":1731401173779,"id":"rwplqq8nudr175h","previousEventId":"apg8ynhq2qcufox","operationId":"bbjhyuewgxh4e27","previousOperationId":"zb4o1wa5421lmr7"}
{"type":"log","timestamp":1731401173779,"level":"debug","message":"Rendering engine handlebars","meta":{"rootId":"oyaco9qm3sx0rrf","id":"oyaco9qm3sx0rrf"},"id":"i6mgmjbop83z758","previousOperationId":"bbjhyuewgxh4e27"}
{"type":"operationEnd","operationId":"bbjhyuewgxh4e27","timestamp":1731401173801,"id":"guzvmba7quoxe37","previousEventId":"rwplqq8nudr175h","previousOperationId":"bbjhyuewgxh4e27"}
{"type":"operationStart","subtype":"recipe","name":"chrome-pdf","timestamp":1731401173805,"id":"1lsub2f30uf54m8","previousEventId":"guzvmba7quoxe37","operationId":"7ulf8saqwyrjg2v","previousOperationId":"bbjhyuewgxh4e27"}
{"type":"log","timestamp":1731401173805,"level":"debug","message":"Executing recipe chrome-pdf","meta":{"rootId":"oyaco9qm3sx0rrf","id":"oyaco9qm3sx0rrf"},"id":"yrs5mmdb1b7f3vx","previousOperationId":"7ulf8saqwyrjg2v"}
{"type":"log","timestamp":1731401173807,"level":"debug","message":"Converting with chrome Chrome/127.0.6533.99 using chrome-pool strategy","meta":{"rootId":"oyaco9qm3sx0rrf","id":"oyaco9qm3sx0rrf"},"id":"8zit1mb9cakqahf","previousOperationId":"7ulf8saqwyrjg2v"}
{"type":"log","timestamp":1731401173860,"level":"debug","message":"Page request: GET (document) file:///C:/Users/shsmo/AppData/Local/Temp/jsreport/autocleanup/075f0f55-2e44-4c8d-a4f3-6fc7b7b5b89c-chrome-pdf.html","meta":{"rootId":"oyaco9qm3sx0rrf","id":"oyaco9qm3sx0rrf"},"id":"ljui6zc20ka83ld","previousOperationId":"7ulf8saqwyrjg2v"}
{"type":"log","timestamp":1731401173879,"level":"debug","message":"Page request finished: GET (document) 200 file:///C:/Users/shsmo/AppData/Local/Temp/jsreport/autocleanup/075f0f55-2e44-4c8d-a4f3-6fc7b7b5b89c-chrome-pdf.html","meta":{"rootId":"oyaco9qm3sx0rrf","id":"oyaco9qm3sx0rrf"},"id":"14dmricakbv9eec","previousOperationId":"7ulf8saqwyrjg2v"}
{"type":"log","timestamp":1731401173879,"level":"debug","message":"Page request: GET (script) https://cdn.tailwindcss.com/","meta":{"rootId":"oyaco9qm3sx0rrf","id":"oyaco9qm3sx0rrf"},"id":"1ox2onzdn2byhnf","previousOperationId":"7ulf8saqwyrjg2v"}
{"type":"log","timestamp":1731401173889,"level":"warn","message":"Page request failed: GET (script) 302 https://cdn.tailwindcss.com/ (redirect to: /3.4.14)","meta":{"rootId":"oyaco9qm3sx0rrf","id":"oyaco9qm3sx0rrf"},"id":"vzxru4bqrp1kxf4","previousOperationId":"7ulf8saqwyrjg2v"}
{"type":"log","timestamp":1731401173889,"level":"debug","message":"Page request: GET (script) https://cdn.tailwindcss.com/3.4.14 (redirect from: https://cdn.tailwindcss.com/)","meta":{"rootId":"oyaco9qm3sx0rrf","id":"oyaco9qm3sx0rrf"},"id":"vs4stj4tbujmv0v","previousOperationId":"7ulf8saqwyrjg2v"}
{"type":"log","timestamp":1731401173911,"level":"debug","message":"Page request finished: GET (script) 200 https://cdn.tailwindcss.com/3.4.14","meta":{"rootId":"oyaco9qm3sx0rrf","id":"oyaco9qm3sx0rrf"},"id":"q54k1yc7y7bzici","previousOperationId":"7ulf8saqwyrjg2v"}
{"type":"log","timestamp":1731401173962,"level":"debug","message":"(console:warn) cdn.tailwindcss.com should not be used in production. To use Tailwind CSS in production, install it as a PostCSS plugin or use the Tailwind CLI: https://tailwindcss.com/docs/installation","meta":{"userLevel":true,"rootId":"oyaco9qm3sx0rrf","id":"oyaco9qm3sx0rrf"},"id":"nd5x7utq3ixw5mp","previousOperationId":"7ulf8saqwyrjg2v"}
{"type":"log","timestamp":1731401174044,"level":"debug","message":"Running chrome with params {\"format\":\"A4\",\"marginBottom\":\"\",\"marginRight\":\"1.5cm\",\"marginLeft\":\"1.5cm\",\"timeout\":599955,\"margin\":{\"right\":\"1.5cm\",\"bottom\":\"\",\"left\":\"1.5cm\"},\"printBackground\":true}","meta":{"rootId":"oyaco9qm3sx0rrf","id":"oyaco9qm3sx0rrf"},"id":"4hvnqenc4fna8oj","previousOperationId":"7ulf8saqwyrjg2v"}
{"type":"operationEnd","operationId":"7ulf8saqwyrjg2v","timestamp":1731401174094,"id":"ntzx2nevmolydmx","previousEventId":"1lsub2f30uf54m8","previousOperationId":"7ulf8saqwyrjg2v"}
{"type":"log","timestamp":1731401174094,"level":"debug","message":"Skipping storing report.","meta":{"rootId":"oyaco9qm3sx0rrf","id":"oyaco9qm3sx0rrf"},"id":"yxt9ibzvhn1kzow","previousOperationId":"7ulf8saqwyrjg2v"}
{"type":"log","timestamp":1731401174094,"level":"info","message":"Rendering request 108 finished in 332 ms","meta":{"rootId":"oyaco9qm3sx0rrf","id":"oyaco9qm3sx0rrf"},"id":"b45rxwcbt8fb4im","previousOperationId":"7ulf8saqwyrjg2v"}
{"type":"operationEnd","subtype":"render","operationId":"zb4o1wa5421lmr7","timestamp":1731401174094,"id":"y2hpjjv8egzr5im","previousEventId":"ntzx2nevmolydmx","previousOperationId":"7ulf8saqwyrjg2v"}
{"type":"operationEnd","doDiffs":false,"previousEventId":"opl5m1lmfy0pifc","previousOperationId":"ofcal1jm45fvjuk","operationId":"ofcal1jm45fvjuk","timestamp":1731401174097,"id":"x57d36ko11vlzl6"}
