{"type":"operationStart","subtype":"profile","data":{"_id":"K6qZPHJnkq9easSn","timestamp":"2024-11-12T08:32:59.305Z","state":"queued","mode":"standard","creationDate":"2024-11-12T08:32:59.306Z","modificationDate":"2024-11-12T08:32:59.306Z","shortid":"mVONApL","inheritedReadPermissions":[],"inheritedEditPermissions":[],"$entitySet":"profiles"},"doDiffs":false,"timestamp":1731400379306,"id":"9kvbdf64fgp0whx","previousOperationId":null,"operationId":"a22lndffca1g6kx"}
{"type":"log","level":"info","message":"Render request 98 queued for execution and waiting for available worker","previousOperationId":"a22lndffca1g6kx","timestamp":1731400379306,"id":"erk0xkf8lgn08lw"}
{"type":"operationStart","subtype":"render","name":"header-footer","previousOperationId":"a22lndffca1g6kx","timestamp":1731400379314,"id":"qpsmh2o2sg0cz1f","previousEventId":"9kvbdf64fgp0whx","operationId":"dmli9c3kj04pd63"}
{"type":"log","timestamp":1731400379314,"level":"info","message":"Starting rendering request 98 (user: admin)","meta":{"rootId":"qmgcy4lzuths8mi","id":"qmgcy4lzuths8mi"},"id":"oz2t34gna1480hh","previousOperationId":"dmli9c3kj04pd63"}
{"type":"log","timestamp":1731400379314,"level":"info","message":"Rendering template { name: header-footer, recipe: chrome-pdf, engine: handlebars, preview: true }","meta":{"rootId":"qmgcy4lzuths8mi","id":"qmgcy4lzuths8mi"},"id":"j27kklnwzlllt31","previousOperationId":"dmli9c3kj04pd63"}
{"type":"log","timestamp":1731400379315,"level":"debug","message":"Data item not defined for this template.","meta":{"rootId":"qmgcy4lzuths8mi","id":"qmgcy4lzuths8mi"},"id":"wp0k0udtcy471hx","previousOperationId":"dmli9c3kj04pd63"}
{"type":"log","timestamp":1731400379317,"level":"debug","message":"Base url not specified, skipping its injection.","meta":{"rootId":"qmgcy4lzuths8mi","id":"qmgcy4lzuths8mi"},"id":"es89gotr9jxlpb1","previousOperationId":"dmli9c3kj04pd63"}
{"type":"log","timestamp":1731400379324,"level":"debug","message":"Replaced assets [\"KhmerOSSiemreapRegular.ttf\",\"KhmerOSMuolLightRegular.ttf\",\"times_new_roman.ttf\",\"Tacteing.ttf\"]","meta":{"rootId":"qmgcy4lzuths8mi","id":"qmgcy4lzuths8mi"},"id":"dp53p2p2y7hf507","previousOperationId":"dmli9c3kj04pd63"}
{"type":"operationStart","subtype":"engine","name":"handlebars","timestamp":1731400379325,"id":"zy744ksk9u8yt7f","previousEventId":"qpsmh2o2sg0cz1f","operationId":"r45lxytoildze1g","previousOperationId":"dmli9c3kj04pd63"}
{"type":"log","timestamp":1731400379325,"level":"debug","message":"Rendering engine handlebars","meta":{"rootId":"qmgcy4lzuths8mi","id":"qmgcy4lzuths8mi"},"id":"9re4knjbrc2r2zw","previousOperationId":"r45lxytoildze1g"}
{"type":"operationEnd","operationId":"r45lxytoildze1g","timestamp":1731400379346,"id":"44upula0a9hkxjw","previousEventId":"zy744ksk9u8yt7f","previousOperationId":"r45lxytoildze1g"}
{"type":"operationStart","subtype":"recipe","name":"chrome-pdf","timestamp":1731400379350,"id":"nh58w9giuft9dec","previousEventId":"44upula0a9hkxjw","operationId":"cyld3h5tlw7wwdr","previousOperationId":"r45lxytoildze1g"}
{"type":"log","timestamp":1731400379350,"level":"debug","message":"Executing recipe chrome-pdf","meta":{"rootId":"qmgcy4lzuths8mi","id":"qmgcy4lzuths8mi"},"id":"v8tr0emb02s40jl","previousOperationId":"cyld3h5tlw7wwdr"}
{"type":"log","timestamp":1731400379354,"level":"debug","message":"Converting with chrome Chrome/127.0.6533.99 using chrome-pool strategy","meta":{"rootId":"qmgcy4lzuths8mi","id":"qmgcy4lzuths8mi"},"id":"oibln31zntxw92l","previousOperationId":"cyld3h5tlw7wwdr"}
{"type":"log","timestamp":1731400379403,"level":"debug","message":"Page request: GET (document) file:///C:/Users/shsmo/AppData/Local/Temp/jsreport/autocleanup/caf0de45-c6b0-45df-b7ba-1231afef11a4-chrome-pdf.html","meta":{"rootId":"qmgcy4lzuths8mi","id":"qmgcy4lzuths8mi"},"id":"k48yoj02lgs00ae","previousOperationId":"cyld3h5tlw7wwdr"}
{"type":"log","timestamp":1731400379421,"level":"debug","message":"Page request: GET (script) https://cdn.tailwindcss.com/","meta":{"rootId":"qmgcy4lzuths8mi","id":"qmgcy4lzuths8mi"},"id":"jvouehdl3hbp7bk","previousOperationId":"cyld3h5tlw7wwdr"}
{"type":"log","timestamp":1731400379422,"level":"debug","message":"Page request finished: GET (document) 200 file:///C:/Users/shsmo/AppData/Local/Temp/jsreport/autocleanup/caf0de45-c6b0-45df-b7ba-1231afef11a4-chrome-pdf.html","meta":{"rootId":"qmgcy4lzuths8mi","id":"qmgcy4lzuths8mi"},"id":"5e4rzepzxvse2lk","previousOperationId":"cyld3h5tlw7wwdr"}
{"type":"log","timestamp":1731400379430,"level":"warn","message":"Page request failed: GET (script) 302 https://cdn.tailwindcss.com/ (redirect to: /3.4.14)","meta":{"rootId":"qmgcy4lzuths8mi","id":"qmgcy4lzuths8mi"},"id":"qcwqtlsqu76fboz","previousOperationId":"cyld3h5tlw7wwdr"}
{"type":"log","timestamp":1731400379431,"level":"debug","message":"Page request: GET (script) https://cdn.tailwindcss.com/3.4.14 (redirect from: https://cdn.tailwindcss.com/)","meta":{"rootId":"qmgcy4lzuths8mi","id":"qmgcy4lzuths8mi"},"id":"i2cn7qh3e8jpxo3","previousOperationId":"cyld3h5tlw7wwdr"}
{"type":"log","timestamp":1731400379452,"level":"debug","message":"Page request finished: GET (script) 200 https://cdn.tailwindcss.com/3.4.14","meta":{"rootId":"qmgcy4lzuths8mi","id":"qmgcy4lzuths8mi"},"id":"f6vob8p2b9e5rfl","previousOperationId":"cyld3h5tlw7wwdr"}
{"type":"log","timestamp":1731400379490,"level":"debug","message":"(console:warn) cdn.tailwindcss.com should not be used in production. To use Tailwind CSS in production, install it as a PostCSS plugin or use the Tailwind CLI: https://tailwindcss.com/docs/installation","meta":{"userLevel":true,"rootId":"qmgcy4lzuths8mi","id":"qmgcy4lzuths8mi"},"id":"auannoayhnoek97","previousOperationId":"cyld3h5tlw7wwdr"}
{"type":"log","timestamp":1731400379547,"level":"debug","message":"Running chrome with params {\"format\":\"A4\",\"marginBottom\":\"\",\"marginRight\":\"1.5cm\",\"marginLeft\":\"1.5cm\",\"timeout\":599953,\"margin\":{\"right\":\"1.5cm\",\"bottom\":\"\",\"left\":\"1.5cm\"},\"printBackground\":true}","meta":{"rootId":"qmgcy4lzuths8mi","id":"qmgcy4lzuths8mi"},"id":"wslzi9m59saocd0","previousOperationId":"cyld3h5tlw7wwdr"}
{"type":"operationEnd","operationId":"cyld3h5tlw7wwdr","timestamp":1731400379593,"id":"kcxlmdfj1a54c4q","previousEventId":"nh58w9giuft9dec","previousOperationId":"cyld3h5tlw7wwdr"}
{"type":"log","timestamp":1731400379593,"level":"debug","message":"Skipping storing report.","meta":{"rootId":"qmgcy4lzuths8mi","id":"qmgcy4lzuths8mi"},"id":"pkusqnwltczzwcp","previousOperationId":"cyld3h5tlw7wwdr"}
{"type":"log","timestamp":1731400379593,"level":"info","message":"Rendering request 98 finished in 288 ms","meta":{"rootId":"qmgcy4lzuths8mi","id":"qmgcy4lzuths8mi"},"id":"swhudgf9u0jhlzt","previousOperationId":"cyld3h5tlw7wwdr"}
{"type":"operationEnd","subtype":"render","operationId":"dmli9c3kj04pd63","timestamp":1731400379593,"id":"x1c5ft09kms7inf","previousEventId":"kcxlmdfj1a54c4q","previousOperationId":"cyld3h5tlw7wwdr"}
{"type":"operationEnd","doDiffs":false,"previousEventId":"9kvbdf64fgp0whx","previousOperationId":"a22lndffca1g6kx","operationId":"a22lndffca1g6kx","timestamp":1731400379596,"id":"j0c1pzjsv9un0cf"}
