{"type":"operationStart","subtype":"profile","data":{"_id":"NM3aDfEmKy1Cmyv6","timestamp":"2024-11-12T08:50:28.232Z","state":"queued","mode":"standard","creationDate":"2024-11-12T08:50:28.234Z","modificationDate":"2024-11-12T08:50:28.234Z","shortid":"VSv6d-V","inheritedReadPermissions":[],"inheritedEditPermissions":[],"$entitySet":"profiles"},"doDiffs":false,"timestamp":1731401428233,"id":"q4k8o65v3mu4r5w","previousOperationId":null,"operationId":"e9s6gazg3pwraoz"}
{"type":"log","level":"info","message":"Render request 116 queued for execution and waiting for available worker","previousOperationId":"e9s6gazg3pwraoz","timestamp":1731401428233,"id":"6wt6lcye1uq682o"}
{"type":"operationStart","subtype":"render","name":"header-footer","previousOperationId":"e9s6gazg3pwraoz","timestamp":1731401428240,"id":"nspekctofag4503","previousEventId":"q4k8o65v3mu4r5w","operationId":"nay3apitvx2gezv"}
{"type":"log","timestamp":1731401428240,"level":"info","message":"Starting rendering request 116 (user: admin)","meta":{"rootId":"rnwmzk2qnmblpe0","id":"rnwmzk2qnmblpe0"},"id":"123t1s0jwy3jmxq","previousOperationId":"nay3apitvx2gezv"}
{"type":"log","timestamp":1731401428240,"level":"info","message":"Rendering template { name: header-footer, recipe: chrome-pdf, engine: handlebars, preview: true }","meta":{"rootId":"rnwmzk2qnmblpe0","id":"rnwmzk2qnmblpe0"},"id":"gkd4jge1ful181i","previousOperationId":"nay3apitvx2gezv"}
{"type":"log","timestamp":1731401428241,"level":"debug","message":"Data item not defined for this template.","meta":{"rootId":"rnwmzk2qnmblpe0","id":"rnwmzk2qnmblpe0"},"id":"v41raomitrvxhvm","previousOperationId":"nay3apitvx2gezv"}
{"type":"log","timestamp":1731401428243,"level":"debug","message":"Base url not specified, skipping its injection.","meta":{"rootId":"rnwmzk2qnmblpe0","id":"rnwmzk2qnmblpe0"},"id":"q09rkzebdwr5ene","previousOperationId":"nay3apitvx2gezv"}
{"type":"log","timestamp":1731401428249,"level":"debug","message":"Replaced assets [\"KhmerOSSiemreapRegular.ttf\",\"KhmerOSMuolLightRegular.ttf\",\"times_new_roman.ttf\",\"Tacteing.ttf\"]","meta":{"rootId":"rnwmzk2qnmblpe0","id":"rnwmzk2qnmblpe0"},"id":"2cn5599plhzvitd","previousOperationId":"nay3apitvx2gezv"}
{"type":"operationStart","subtype":"engine","name":"handlebars","timestamp":1731401428249,"id":"yfewca6fwntulo6","previousEventId":"nspekctofag4503","operationId":"k4rvpavso76j7h3","previousOperationId":"nay3apitvx2gezv"}
{"type":"log","timestamp":1731401428249,"level":"debug","message":"Rendering engine handlebars","meta":{"rootId":"rnwmzk2qnmblpe0","id":"rnwmzk2qnmblpe0"},"id":"x99pes7n5g0n2x0","previousOperationId":"k4rvpavso76j7h3"}
{"type":"operationEnd","operationId":"k4rvpavso76j7h3","timestamp":1731401428277,"id":"rprisr6adqjvkx3","previousEventId":"yfewca6fwntulo6","previousOperationId":"k4rvpavso76j7h3"}
{"type":"operationStart","subtype":"recipe","name":"chrome-pdf","timestamp":1731401428283,"id":"zojeq8vehnvm5lk","previousEventId":"rprisr6adqjvkx3","operationId":"t25cuwm6vh7h3az","previousOperationId":"k4rvpavso76j7h3"}
{"type":"log","timestamp":1731401428283,"level":"debug","message":"Executing recipe chrome-pdf","meta":{"rootId":"rnwmzk2qnmblpe0","id":"rnwmzk2qnmblpe0"},"id":"t8oos8thxu6nnvh","previousOperationId":"t25cuwm6vh7h3az"}
{"type":"log","timestamp":1731401428286,"level":"debug","message":"Converting with chrome Chrome/127.0.6533.99 using chrome-pool strategy","meta":{"rootId":"rnwmzk2qnmblpe0","id":"rnwmzk2qnmblpe0"},"id":"axlve33fvkrcdh3","previousOperationId":"t25cuwm6vh7h3az"}
{"type":"log","timestamp":1731401428346,"level":"debug","message":"Page request: GET (document) file:///C:/Users/shsmo/AppData/Local/Temp/jsreport/autocleanup/565d166a-cb65-4bb1-be97-a9d34c659883-chrome-pdf.html","meta":{"rootId":"rnwmzk2qnmblpe0","id":"rnwmzk2qnmblpe0"},"id":"jfxhqssptkk10gl","previousOperationId":"t25cuwm6vh7h3az"}
{"type":"log","timestamp":1731401428361,"level":"debug","message":"Page request finished: GET (document) 200 file:///C:/Users/shsmo/AppData/Local/Temp/jsreport/autocleanup/565d166a-cb65-4bb1-be97-a9d34c659883-chrome-pdf.html","meta":{"rootId":"rnwmzk2qnmblpe0","id":"rnwmzk2qnmblpe0"},"id":"vt6t2yhc1wl0bgx","previousOperationId":"t25cuwm6vh7h3az"}
{"type":"log","timestamp":1731401428365,"level":"debug","message":"Page request: GET (script) https://cdn.tailwindcss.com/","meta":{"rootId":"rnwmzk2qnmblpe0","id":"rnwmzk2qnmblpe0"},"id":"7x80j0ub396lvw1","previousOperationId":"t25cuwm6vh7h3az"}
{"type":"log","timestamp":1731401428373,"level":"warn","message":"Page request failed: GET (script) 302 https://cdn.tailwindcss.com/ (redirect to: /3.4.14)","meta":{"rootId":"rnwmzk2qnmblpe0","id":"rnwmzk2qnmblpe0"},"id":"y36lwysfp9gwj34","previousOperationId":"t25cuwm6vh7h3az"}
{"type":"log","timestamp":1731401428374,"level":"debug","message":"Page request: GET (script) https://cdn.tailwindcss.com/3.4.14 (redirect from: https://cdn.tailwindcss.com/)","meta":{"rootId":"rnwmzk2qnmblpe0","id":"rnwmzk2qnmblpe0"},"id":"3gnu7a4fq1zmje9","previousOperationId":"t25cuwm6vh7h3az"}
{"type":"log","timestamp":1731401428396,"level":"debug","message":"Page request finished: GET (script) 200 https://cdn.tailwindcss.com/3.4.14","meta":{"rootId":"rnwmzk2qnmblpe0","id":"rnwmzk2qnmblpe0"},"id":"xojddiv3qedge1v","previousOperationId":"t25cuwm6vh7h3az"}
{"type":"log","timestamp":1731401428450,"level":"debug","message":"(console:warn) cdn.tailwindcss.com should not be used in production. To use Tailwind CSS in production, install it as a PostCSS plugin or use the Tailwind CLI: https://tailwindcss.com/docs/installation","meta":{"userLevel":true,"rootId":"rnwmzk2qnmblpe0","id":"rnwmzk2qnmblpe0"},"id":"aqp2h1o6skd4yct","previousOperationId":"t25cuwm6vh7h3az"}
{"type":"log","timestamp":1731401428538,"level":"debug","message":"Running chrome with params {\"format\":\"A4\",\"marginBottom\":\"\",\"marginRight\":\"1.5cm\",\"marginLeft\":\"1.5cm\",\"timeout\":599947,\"margin\":{\"right\":\"1.5cm\",\"bottom\":\"\",\"left\":\"1.5cm\"},\"printBackground\":true}","meta":{"rootId":"rnwmzk2qnmblpe0","id":"rnwmzk2qnmblpe0"},"id":"dxireeesiyj1ms5","previousOperationId":"t25cuwm6vh7h3az"}
{"type":"operationEnd","operationId":"t25cuwm6vh7h3az","timestamp":1731401428604,"id":"42ua5uxjdhtji3c","previousEventId":"zojeq8vehnvm5lk","previousOperationId":"t25cuwm6vh7h3az"}
{"type":"log","timestamp":1731401428604,"level":"debug","message":"Skipping storing report.","meta":{"rootId":"rnwmzk2qnmblpe0","id":"rnwmzk2qnmblpe0"},"id":"m83oj1iq5glp69u","previousOperationId":"t25cuwm6vh7h3az"}
{"type":"log","timestamp":1731401428604,"level":"info","message":"Rendering request 116 finished in 372 ms","meta":{"rootId":"rnwmzk2qnmblpe0","id":"rnwmzk2qnmblpe0"},"id":"v9n7z7rmy76z5lq","previousOperationId":"t25cuwm6vh7h3az"}
{"type":"operationEnd","subtype":"render","operationId":"nay3apitvx2gezv","timestamp":1731401428604,"id":"6dex5710j1ggrsx","previousEventId":"42ua5uxjdhtji3c","previousOperationId":"t25cuwm6vh7h3az"}
{"type":"operationEnd","doDiffs":false,"previousEventId":"q4k8o65v3mu4r5w","previousOperationId":"e9s6gazg3pwraoz","operationId":"e9s6gazg3pwraoz","timestamp":1731401428608,"id":"lxuy5jnl3tbk9ta"}
