{"type":"operationStart","subtype":"profile","data":{"_id":"VErgYwyrJVLDauGD","timestamp":"2024-11-12T08:23:21.960Z","state":"queued","mode":"standard","creationDate":"2024-11-12T08:23:21.962Z","modificationDate":"2024-11-12T08:23:21.962Z","shortid":"ApigTQC","inheritedReadPermissions":[],"inheritedEditPermissions":[],"$entitySet":"profiles"},"doDiffs":false,"timestamp":1731399801961,"id":"3kmkd7lu3o1vzcx","previousOperationId":null,"operationId":"o5a7miwrwuzmvt4"}
{"type":"log","level":"info","message":"Render request 84 queued for execution and waiting for available worker","previousOperationId":"o5a7miwrwuzmvt4","timestamp":1731399801961,"id":"qmm8y6maa0eehkg"}
{"type":"operationStart","subtype":"render","name":"header-footer","previousOperationId":"o5a7miwrwuzmvt4","timestamp":1731399801969,"id":"tt2mwzg0g3us0lm","previousEventId":"3kmkd7lu3o1vzcx","operationId":"qp70kxa9jc61zer"}
{"type":"log","timestamp":1731399801970,"level":"info","message":"Starting rendering request 84 (user: admin)","meta":{"rootId":"s1jzifnsnvk976y","id":"s1jzifnsnvk976y"},"id":"t96o2imvr82kmpb","previousOperationId":"qp70kxa9jc61zer"}
{"type":"log","timestamp":1731399801970,"level":"info","message":"Rendering template { name: header-footer, recipe: chrome-pdf, engine: handlebars, preview: true }","meta":{"rootId":"s1jzifnsnvk976y","id":"s1jzifnsnvk976y"},"id":"t2bdp1eg4fgmsln","previousOperationId":"qp70kxa9jc61zer"}
{"type":"log","timestamp":1731399801970,"level":"debug","message":"Data item not defined for this template.","meta":{"rootId":"s1jzifnsnvk976y","id":"s1jzifnsnvk976y"},"id":"zr5q2f86ax5tsh8","previousOperationId":"qp70kxa9jc61zer"}
{"type":"log","timestamp":1731399801971,"level":"debug","message":"Base url not specified, skipping its injection.","meta":{"rootId":"s1jzifnsnvk976y","id":"s1jzifnsnvk976y"},"id":"ym6wtr1wd0ylguq","previousOperationId":"qp70kxa9jc61zer"}
{"type":"log","timestamp":1731399801975,"level":"debug","message":"Replaced assets [\"KhmerOSSiemreapRegular.ttf\",\"KhmerOSMuolLightRegular.ttf\",\"times_new_roman.ttf\",\"Tacteing.ttf\"]","meta":{"rootId":"s1jzifnsnvk976y","id":"s1jzifnsnvk976y"},"id":"pbx5gv0lh1pbrl6","previousOperationId":"qp70kxa9jc61zer"}
{"type":"operationStart","subtype":"engine","name":"handlebars","timestamp":1731399801975,"id":"8qd8qjszzc260bs","previousEventId":"tt2mwzg0g3us0lm","operationId":"xot6b78iqc54mgh","previousOperationId":"qp70kxa9jc61zer"}
{"type":"log","timestamp":1731399801975,"level":"debug","message":"Rendering engine handlebars","meta":{"rootId":"s1jzifnsnvk976y","id":"s1jzifnsnvk976y"},"id":"gu4u2srri7qs4g3","previousOperationId":"xot6b78iqc54mgh"}
{"type":"operationEnd","operationId":"xot6b78iqc54mgh","timestamp":1731399801993,"id":"8oc86w7c3yl7l53","previousEventId":"8qd8qjszzc260bs","previousOperationId":"xot6b78iqc54mgh"}
{"type":"operationStart","subtype":"recipe","name":"chrome-pdf","timestamp":1731399801997,"id":"3ark52d2wtrswwj","previousEventId":"8oc86w7c3yl7l53","operationId":"knj6bhug455vjhh","previousOperationId":"xot6b78iqc54mgh"}
{"type":"log","timestamp":1731399801997,"level":"debug","message":"Executing recipe chrome-pdf","meta":{"rootId":"s1jzifnsnvk976y","id":"s1jzifnsnvk976y"},"id":"tpr50h0u0eqn8l0","previousOperationId":"knj6bhug455vjhh"}
{"type":"log","timestamp":1731399802001,"level":"debug","message":"Converting with chrome Chrome/127.0.6533.99 using chrome-pool strategy","meta":{"rootId":"s1jzifnsnvk976y","id":"s1jzifnsnvk976y"},"id":"kts0sk76c0dccpv","previousOperationId":"knj6bhug455vjhh"}
{"type":"log","timestamp":1731399802081,"level":"debug","message":"Page request: GET (document) file:///C:/Users/shsmo/AppData/Local/Temp/jsreport/autocleanup/7f48fd3a-acba-4354-a2d9-b9d7a9cb0f19-chrome-pdf.html","meta":{"rootId":"s1jzifnsnvk976y","id":"s1jzifnsnvk976y"},"id":"3tqr1p4mgqgy9vh","previousOperationId":"knj6bhug455vjhh"}
{"type":"log","timestamp":1731399802098,"level":"debug","message":"Page request finished: GET (document) 200 file:///C:/Users/shsmo/AppData/Local/Temp/jsreport/autocleanup/7f48fd3a-acba-4354-a2d9-b9d7a9cb0f19-chrome-pdf.html","meta":{"rootId":"s1jzifnsnvk976y","id":"s1jzifnsnvk976y"},"id":"gz1398y3tix8msx","previousOperationId":"knj6bhug455vjhh"}
{"type":"log","timestamp":1731399802106,"level":"debug","message":"Page request: GET (script) https://cdn.tailwindcss.com/","meta":{"rootId":"s1jzifnsnvk976y","id":"s1jzifnsnvk976y"},"id":"hzc1jbrx3bxonnu","previousOperationId":"knj6bhug455vjhh"}
{"type":"log","timestamp":1731399802112,"level":"warn","message":"Page request failed: GET (script) 302 https://cdn.tailwindcss.com/ (redirect to: /3.4.14)","meta":{"rootId":"s1jzifnsnvk976y","id":"s1jzifnsnvk976y"},"id":"m24k8oqw3dquhe0","previousOperationId":"knj6bhug455vjhh"}
{"type":"log","timestamp":1731399802112,"level":"debug","message":"Page request: GET (script) https://cdn.tailwindcss.com/3.4.14 (redirect from: https://cdn.tailwindcss.com/)","meta":{"rootId":"s1jzifnsnvk976y","id":"s1jzifnsnvk976y"},"id":"vc483uilok9crjo","previousOperationId":"knj6bhug455vjhh"}
{"type":"log","timestamp":1731399802129,"level":"debug","message":"Page request finished: GET (script) 200 https://cdn.tailwindcss.com/3.4.14","meta":{"rootId":"s1jzifnsnvk976y","id":"s1jzifnsnvk976y"},"id":"nn9re536nssnr05","previousOperationId":"knj6bhug455vjhh"}
{"type":"log","timestamp":1731399802173,"level":"debug","message":"(console:warn) cdn.tailwindcss.com should not be used in production. To use Tailwind CSS in production, install it as a PostCSS plugin or use the Tailwind CLI: https://tailwindcss.com/docs/installation","meta":{"userLevel":true,"rootId":"s1jzifnsnvk976y","id":"s1jzifnsnvk976y"},"id":"r5tgogqelrodmr5","previousOperationId":"knj6bhug455vjhh"}
{"type":"log","timestamp":1731399802236,"level":"debug","message":"Running chrome with params {\"format\":\"A4\",\"marginBottom\":\"\",\"timeout\":599961,\"margin\":{\"bottom\":\"\"},\"printBackground\":true}","meta":{"rootId":"s1jzifnsnvk976y","id":"s1jzifnsnvk976y"},"id":"i9yfunaqeq7prx5","previousOperationId":"knj6bhug455vjhh"}
{"type":"operationEnd","operationId":"knj6bhug455vjhh","timestamp":1731399802292,"id":"di416l8uo6ngvh2","previousEventId":"3ark52d2wtrswwj","previousOperationId":"knj6bhug455vjhh"}
{"type":"log","timestamp":1731399802292,"level":"debug","message":"Skipping storing report.","meta":{"rootId":"s1jzifnsnvk976y","id":"s1jzifnsnvk976y"},"id":"7lossghysps232s","previousOperationId":"knj6bhug455vjhh"}
{"type":"log","timestamp":1731399802292,"level":"info","message":"Rendering request 84 finished in 332 ms","meta":{"rootId":"s1jzifnsnvk976y","id":"s1jzifnsnvk976y"},"id":"wofxf4hcf4kzis9","previousOperationId":"knj6bhug455vjhh"}
{"type":"operationEnd","subtype":"render","operationId":"qp70kxa9jc61zer","timestamp":1731399802292,"id":"avu2so3z5duhfj1","previousEventId":"di416l8uo6ngvh2","previousOperationId":"knj6bhug455vjhh"}
{"type":"operationEnd","doDiffs":false,"previousEventId":"3kmkd7lu3o1vzcx","previousOperationId":"o5a7miwrwuzmvt4","operationId":"o5a7miwrwuzmvt4","timestamp":1731399802294,"id":"qdmhiu04bg12oyp"}
