{"type":"operationStart","subtype":"profile","data":{"_id":"1LLxguVVOZwVzXmH","timestamp":"2024-11-12T08:45:56.750Z","state":"queued","mode":"standard","creationDate":"2024-11-12T08:45:56.752Z","modificationDate":"2024-11-12T08:45:56.752Z","shortid":"KKFyhNL","inheritedReadPermissions":[],"inheritedEditPermissions":[],"$entitySet":"profiles"},"doDiffs":false,"timestamp":1731401156751,"id":"813jsmst1uksfrz","previousOperationId":null,"operationId":"vg21r0g4qpzjchy"}
{"type":"log","level":"info","message":"Render request 106 queued for execution and waiting for available worker","previousOperationId":"vg21r0g4qpzjchy","timestamp":1731401156751,"id":"cx4gtg76arysjkk"}
{"type":"operationStart","subtype":"render","name":"header-footer","previousOperationId":"vg21r0g4qpzjchy","timestamp":1731401156759,"id":"i7yqs9zjcombo72","previousEventId":"813jsmst1uksfrz","operationId":"cf830nkiw9uq88y"}
{"type":"log","timestamp":1731401156759,"level":"info","message":"Starting rendering request 106 (user: admin)","meta":{"rootId":"vc515ilbx9zyrs1","id":"vc515ilbx9zyrs1"},"id":"b5ncpl9z2xpgikh","previousOperationId":"cf830nkiw9uq88y"}
{"type":"log","timestamp":1731401156759,"level":"info","message":"Rendering template { name: header-footer, recipe: chrome-pdf, engine: handlebars, preview: true }","meta":{"rootId":"vc515ilbx9zyrs1","id":"vc515ilbx9zyrs1"},"id":"avawx3cf1zr22q2","previousOperationId":"cf830nkiw9uq88y"}
{"type":"log","timestamp":1731401156760,"level":"debug","message":"Data item not defined for this template.","meta":{"rootId":"vc515ilbx9zyrs1","id":"vc515ilbx9zyrs1"},"id":"e5sxmojw0pyjuld","previousOperationId":"cf830nkiw9uq88y"}
{"type":"log","timestamp":1731401156761,"level":"debug","message":"Base url not specified, skipping its injection.","meta":{"rootId":"vc515ilbx9zyrs1","id":"vc515ilbx9zyrs1"},"id":"72ejz3p04ronwtp","previousOperationId":"cf830nkiw9uq88y"}
{"type":"log","timestamp":1731401156767,"level":"debug","message":"Replaced assets [\"KhmerOSSiemreapRegular.ttf\",\"KhmerOSMuolLightRegular.ttf\",\"times_new_roman.ttf\",\"Tacteing.ttf\"]","meta":{"rootId":"vc515ilbx9zyrs1","id":"vc515ilbx9zyrs1"},"id":"st8hg8a3jq6ajz7","previousOperationId":"cf830nkiw9uq88y"}
{"type":"operationStart","subtype":"engine","name":"handlebars","timestamp":1731401156768,"id":"3rhhfrpvfy2s81v","previousEventId":"i7yqs9zjcombo72","operationId":"lo80rhy5pjblkih","previousOperationId":"cf830nkiw9uq88y"}
{"type":"log","timestamp":1731401156768,"level":"debug","message":"Rendering engine handlebars","meta":{"rootId":"vc515ilbx9zyrs1","id":"vc515ilbx9zyrs1"},"id":"zw2qdcduqedih6i","previousOperationId":"lo80rhy5pjblkih"}
{"type":"operationEnd","operationId":"lo80rhy5pjblkih","timestamp":1731401156795,"id":"0ucw8cz9n9ja63h","previousEventId":"3rhhfrpvfy2s81v","previousOperationId":"lo80rhy5pjblkih"}
{"type":"operationStart","subtype":"recipe","name":"chrome-pdf","timestamp":1731401156802,"id":"uvisyegchpg353c","previousEventId":"0ucw8cz9n9ja63h","operationId":"marz2om75k3uqka","previousOperationId":"lo80rhy5pjblkih"}
{"type":"log","timestamp":1731401156802,"level":"debug","message":"Executing recipe chrome-pdf","meta":{"rootId":"vc515ilbx9zyrs1","id":"vc515ilbx9zyrs1"},"id":"92bhc7tvq0hpyyh","previousOperationId":"marz2om75k3uqka"}
{"type":"log","timestamp":1731401156806,"level":"debug","message":"Converting with chrome Chrome/127.0.6533.99 using chrome-pool strategy","meta":{"rootId":"vc515ilbx9zyrs1","id":"vc515ilbx9zyrs1"},"id":"kalv9n85kdg1tyz","previousOperationId":"marz2om75k3uqka"}
{"type":"log","timestamp":1731401156878,"level":"debug","message":"Page request: GET (document) file:///C:/Users/shsmo/AppData/Local/Temp/jsreport/autocleanup/35d47a51-34ee-41bc-9dda-65ed5627e39e-chrome-pdf.html","meta":{"rootId":"vc515ilbx9zyrs1","id":"vc515ilbx9zyrs1"},"id":"s8l0kzvrca56ev1","previousOperationId":"marz2om75k3uqka"}
{"type":"log","timestamp":1731401156897,"level":"debug","message":"Page request finished: GET (document) 200 file:///C:/Users/shsmo/AppData/Local/Temp/jsreport/autocleanup/35d47a51-34ee-41bc-9dda-65ed5627e39e-chrome-pdf.html","meta":{"rootId":"vc515ilbx9zyrs1","id":"vc515ilbx9zyrs1"},"id":"3gwvlga8741jq3s","previousOperationId":"marz2om75k3uqka"}
{"type":"log","timestamp":1731401156897,"level":"debug","message":"Page request: GET (script) https://cdn.tailwindcss.com/","meta":{"rootId":"vc515ilbx9zyrs1","id":"vc515ilbx9zyrs1"},"id":"0t2s8xgybmqsm2t","previousOperationId":"marz2om75k3uqka"}
{"type":"log","timestamp":1731401156907,"level":"warn","message":"Page request failed: GET (script) 302 https://cdn.tailwindcss.com/ (redirect to: /3.4.14)","meta":{"rootId":"vc515ilbx9zyrs1","id":"vc515ilbx9zyrs1"},"id":"yv1hpvhrpanshve","previousOperationId":"marz2om75k3uqka"}
{"type":"log","timestamp":1731401156907,"level":"debug","message":"Page request: GET (script) https://cdn.tailwindcss.com/3.4.14 (redirect from: https://cdn.tailwindcss.com/)","meta":{"rootId":"vc515ilbx9zyrs1","id":"vc515ilbx9zyrs1"},"id":"19redbtrhk6og70","previousOperationId":"marz2om75k3uqka"}
{"type":"log","timestamp":1731401156929,"level":"debug","message":"Page request finished: GET (script) 200 https://cdn.tailwindcss.com/3.4.14","meta":{"rootId":"vc515ilbx9zyrs1","id":"vc515ilbx9zyrs1"},"id":"3kdhw786ga4jds6","previousOperationId":"marz2om75k3uqka"}
{"type":"log","timestamp":1731401156988,"level":"debug","message":"(console:warn) cdn.tailwindcss.com should not be used in production. To use Tailwind CSS in production, install it as a PostCSS plugin or use the Tailwind CLI: https://tailwindcss.com/docs/installation","meta":{"userLevel":true,"rootId":"vc515ilbx9zyrs1","id":"vc515ilbx9zyrs1"},"id":"idajwx80k89bp7f","previousOperationId":"marz2om75k3uqka"}
{"type":"log","timestamp":1731401157073,"level":"debug","message":"Running chrome with params {\"format\":\"A4\",\"marginBottom\":\"\",\"marginRight\":\"1.5cm\",\"marginLeft\":\"1.5cm\",\"timeout\":599945,\"margin\":{\"right\":\"1.5cm\",\"bottom\":\"\",\"left\":\"1.5cm\"},\"printBackground\":true}","meta":{"rootId":"vc515ilbx9zyrs1","id":"vc515ilbx9zyrs1"},"id":"89i88m6kdpfi5qa","previousOperationId":"marz2om75k3uqka"}
{"type":"operationEnd","operationId":"marz2om75k3uqka","timestamp":1731401157131,"id":"3ghi5697s2hll13","previousEventId":"uvisyegchpg353c","previousOperationId":"marz2om75k3uqka"}
{"type":"log","timestamp":1731401157131,"level":"debug","message":"Skipping storing report.","meta":{"rootId":"vc515ilbx9zyrs1","id":"vc515ilbx9zyrs1"},"id":"obnlri3t15yla6k","previousOperationId":"marz2om75k3uqka"}
{"type":"log","timestamp":1731401157131,"level":"info","message":"Rendering request 106 finished in 381 ms","meta":{"rootId":"vc515ilbx9zyrs1","id":"vc515ilbx9zyrs1"},"id":"xqsg3nyt2hmugya","previousOperationId":"marz2om75k3uqka"}
{"type":"operationEnd","subtype":"render","operationId":"cf830nkiw9uq88y","timestamp":1731401157131,"id":"1p7qpop5w99x36v","previousEventId":"3ghi5697s2hll13","previousOperationId":"marz2om75k3uqka"}
{"type":"operationEnd","doDiffs":false,"previousEventId":"813jsmst1uksfrz","previousOperationId":"vg21r0g4qpzjchy","operationId":"vg21r0g4qpzjchy","timestamp":1731401157133,"id":"1u3w383p2k44k9d"}
