{"type":"operationStart","subtype":"profile","data":{"_id":"KK3R8aVh7dKiLwsg","timestamp":"2024-11-12T08:35:08.257Z","state":"queued","mode":"standard","creationDate":"2024-11-12T08:35:08.258Z","modificationDate":"2024-11-12T08:35:08.258Z","shortid":"Eiuj2Ea","inheritedReadPermissions":[],"inheritedEditPermissions":[],"$entitySet":"profiles"},"doDiffs":false,"timestamp":1731400508258,"id":"ziz6f2dn9zc6bgu","previousOperationId":null,"operationId":"ss6s7jvhyn1rthw"}
{"type":"log","level":"info","message":"Render request 100 queued for execution and waiting for available worker","previousOperationId":"ss6s7jvhyn1rthw","timestamp":1731400508258,"id":"t26ti0p2hjf1zu8"}
{"type":"operationStart","subtype":"render","name":"header-footer","previousOperationId":"ss6s7jvhyn1rthw","timestamp":1731400508265,"id":"87594g8nghssnon","previousEventId":"ziz6f2dn9zc6bgu","operationId":"7zfjrud5e1qfeo9"}
{"type":"log","timestamp":1731400508265,"level":"info","message":"Starting rendering request 100 (user: admin)","meta":{"rootId":"w2ouvmfc2k9aavv","id":"w2ouvmfc2k9aavv"},"id":"b0xzmclpp6p4ddd","previousOperationId":"7zfjrud5e1qfeo9"}
{"type":"log","timestamp":1731400508265,"level":"info","message":"Rendering template { name: header-footer, recipe: chrome-pdf, engine: handlebars, preview: true }","meta":{"rootId":"w2ouvmfc2k9aavv","id":"w2ouvmfc2k9aavv"},"id":"n2vgpx0dxuqzrly","previousOperationId":"7zfjrud5e1qfeo9"}
{"type":"log","timestamp":1731400508265,"level":"debug","message":"Data item not defined for this template.","meta":{"rootId":"w2ouvmfc2k9aavv","id":"w2ouvmfc2k9aavv"},"id":"3qgfisvgle40b58","previousOperationId":"7zfjrud5e1qfeo9"}
{"type":"log","timestamp":1731400508266,"level":"debug","message":"Base url not specified, skipping its injection.","meta":{"rootId":"w2ouvmfc2k9aavv","id":"w2ouvmfc2k9aavv"},"id":"d0yrgwmy9p14fmx","previousOperationId":"7zfjrud5e1qfeo9"}
{"type":"log","timestamp":1731400508269,"level":"debug","message":"Replaced assets [\"KhmerOSSiemreapRegular.ttf\",\"KhmerOSMuolLightRegular.ttf\",\"times_new_roman.ttf\",\"Tacteing.ttf\"]","meta":{"rootId":"w2ouvmfc2k9aavv","id":"w2ouvmfc2k9aavv"},"id":"u3z64tvfnwr2lsk","previousOperationId":"7zfjrud5e1qfeo9"}
{"type":"operationStart","subtype":"engine","name":"handlebars","timestamp":1731400508270,"id":"qblohelxbyfc1lc","previousEventId":"87594g8nghssnon","operationId":"8ihvuc23iln73zh","previousOperationId":"7zfjrud5e1qfeo9"}
{"type":"log","timestamp":1731400508270,"level":"debug","message":"Rendering engine handlebars","meta":{"rootId":"w2ouvmfc2k9aavv","id":"w2ouvmfc2k9aavv"},"id":"yo9a348iuycl317","previousOperationId":"8ihvuc23iln73zh"}
{"type":"operationEnd","operationId":"8ihvuc23iln73zh","timestamp":1731400508289,"id":"0c44blhf5t9tpm6","previousEventId":"qblohelxbyfc1lc","previousOperationId":"8ihvuc23iln73zh"}
{"type":"operationStart","subtype":"recipe","name":"chrome-pdf","timestamp":1731400508293,"id":"jgj67v9onevwudp","previousEventId":"0c44blhf5t9tpm6","operationId":"akju3bn1yvv9q0h","previousOperationId":"8ihvuc23iln73zh"}
{"type":"log","timestamp":1731400508293,"level":"debug","message":"Executing recipe chrome-pdf","meta":{"rootId":"w2ouvmfc2k9aavv","id":"w2ouvmfc2k9aavv"},"id":"b5n7f9qco7book4","previousOperationId":"akju3bn1yvv9q0h"}
{"type":"log","timestamp":1731400508295,"level":"debug","message":"Converting with chrome Chrome/127.0.6533.99 using chrome-pool strategy","meta":{"rootId":"w2ouvmfc2k9aavv","id":"w2ouvmfc2k9aavv"},"id":"z342l0nv8o35f8y","previousOperationId":"akju3bn1yvv9q0h"}
{"type":"log","timestamp":1731400508334,"level":"debug","message":"Page request: GET (document) file:///C:/Users/shsmo/AppData/Local/Temp/jsreport/autocleanup/e6810e0d-c359-47b9-8e6f-fc77399c3ad1-chrome-pdf.html","meta":{"rootId":"w2ouvmfc2k9aavv","id":"w2ouvmfc2k9aavv"},"id":"xiypj5o3wpdvar4","previousOperationId":"akju3bn1yvv9q0h"}
{"type":"log","timestamp":1731400508346,"level":"debug","message":"Page request finished: GET (document) 200 file:///C:/Users/shsmo/AppData/Local/Temp/jsreport/autocleanup/e6810e0d-c359-47b9-8e6f-fc77399c3ad1-chrome-pdf.html","meta":{"rootId":"w2ouvmfc2k9aavv","id":"w2ouvmfc2k9aavv"},"id":"l8l27fa7mcnoqaq","previousOperationId":"akju3bn1yvv9q0h"}
{"type":"log","timestamp":1731400508346,"level":"debug","message":"Page request: GET (script) https://cdn.tailwindcss.com/","meta":{"rootId":"w2ouvmfc2k9aavv","id":"w2ouvmfc2k9aavv"},"id":"ccfvvs8pn8jqn84","previousOperationId":"akju3bn1yvv9q0h"}
{"type":"log","timestamp":1731400508356,"level":"warn","message":"Page request failed: GET (script) 302 https://cdn.tailwindcss.com/ (redirect to: /3.4.14)","meta":{"rootId":"w2ouvmfc2k9aavv","id":"w2ouvmfc2k9aavv"},"id":"kmfdd806k9v9jlj","previousOperationId":"akju3bn1yvv9q0h"}
{"type":"log","timestamp":1731400508357,"level":"debug","message":"Page request: GET (script) https://cdn.tailwindcss.com/3.4.14 (redirect from: https://cdn.tailwindcss.com/)","meta":{"rootId":"w2ouvmfc2k9aavv","id":"w2ouvmfc2k9aavv"},"id":"pd171vwf54pdiw7","previousOperationId":"akju3bn1yvv9q0h"}
{"type":"log","timestamp":1731400508373,"level":"debug","message":"Page request finished: GET (script) 200 https://cdn.tailwindcss.com/3.4.14","meta":{"rootId":"w2ouvmfc2k9aavv","id":"w2ouvmfc2k9aavv"},"id":"ns59hssiwd2a2tf","previousOperationId":"akju3bn1yvv9q0h"}
{"type":"log","timestamp":1731400508413,"level":"debug","message":"(console:warn) cdn.tailwindcss.com should not be used in production. To use Tailwind CSS in production, install it as a PostCSS plugin or use the Tailwind CLI: https://tailwindcss.com/docs/installation","meta":{"userLevel":true,"rootId":"w2ouvmfc2k9aavv","id":"w2ouvmfc2k9aavv"},"id":"o0gydthgpapymc3","previousOperationId":"akju3bn1yvv9q0h"}
{"type":"log","timestamp":1731400508473,"level":"debug","message":"Running chrome with params {\"format\":\"A4\",\"marginBottom\":\"\",\"marginRight\":\"1.5cm\",\"marginLeft\":\"1.5cm\",\"timeout\":599963,\"margin\":{\"right\":\"1.5cm\",\"bottom\":\"\",\"left\":\"1.5cm\"},\"printBackground\":true}","meta":{"rootId":"w2ouvmfc2k9aavv","id":"w2ouvmfc2k9aavv"},"id":"792cowsowvtabvq","previousOperationId":"akju3bn1yvv9q0h"}
{"type":"operationEnd","operationId":"akju3bn1yvv9q0h","timestamp":1731400508519,"id":"3wbhx6c4xbyt1sf","previousEventId":"jgj67v9onevwudp","previousOperationId":"akju3bn1yvv9q0h"}
{"type":"log","timestamp":1731400508519,"level":"debug","message":"Skipping storing report.","meta":{"rootId":"w2ouvmfc2k9aavv","id":"w2ouvmfc2k9aavv"},"id":"9tfvzxcmhn86ub7","previousOperationId":"akju3bn1yvv9q0h"}
{"type":"log","timestamp":1731400508519,"level":"info","message":"Rendering request 100 finished in 262 ms","meta":{"rootId":"w2ouvmfc2k9aavv","id":"w2ouvmfc2k9aavv"},"id":"8nm0em1i7kxghgi","previousOperationId":"akju3bn1yvv9q0h"}
{"type":"operationEnd","subtype":"render","operationId":"7zfjrud5e1qfeo9","timestamp":1731400508519,"id":"iswhhil601zpisf","previousEventId":"3wbhx6c4xbyt1sf","previousOperationId":"akju3bn1yvv9q0h"}
{"type":"operationEnd","doDiffs":false,"previousEventId":"ziz6f2dn9zc6bgu","previousOperationId":"ss6s7jvhyn1rthw","operationId":"ss6s7jvhyn1rthw","timestamp":1731400508522,"id":"p5n9vk2tfd1lrk4"}
