{"type":"operationStart","subtype":"profile","data":{"_id":"7YD8lpkq0X2QweTD","timestamp":"2024-11-12T09:01:20.151Z","state":"queued","mode":"standard","creationDate":"2024-11-12T09:01:20.152Z","modificationDate":"2024-11-12T09:01:20.152Z","shortid":"h-kXW-o","inheritedReadPermissions":[],"inheritedEditPermissions":[],"$entitySet":"profiles"},"doDiffs":false,"timestamp":1731402080152,"id":"xyzh997clg214a1","previousOperationId":null,"operationId":"oh39k73b6pi4lik"}
{"type":"log","level":"info","message":"Render request 141 queued for execution and waiting for available worker","previousOperationId":"oh39k73b6pi4lik","timestamp":1731402080152,"id":"ka9lp9eu7h39bep"}
{"type":"operationStart","subtype":"render","name":"header-footer","previousOperationId":"oh39k73b6pi4lik","timestamp":1731402080159,"id":"3zss33llagoq9fh","previousEventId":"xyzh997clg214a1","operationId":"huzknhzs2p9dps1"}
{"type":"log","timestamp":1731402080159,"level":"info","message":"Starting rendering request 141 (user: admin)","meta":{"rootId":"w7q75qk2hxfgwk4","id":"w7q75qk2hxfgwk4"},"id":"5ivvf5w9jqxd65b","previousOperationId":"huzknhzs2p9dps1"}
{"type":"log","timestamp":1731402080159,"level":"info","message":"Rendering template { name: header-footer, recipe: chrome-pdf, engine: handlebars, preview: true }","meta":{"rootId":"w7q75qk2hxfgwk4","id":"w7q75qk2hxfgwk4"},"id":"mk2nqt0d0kpqjpv","previousOperationId":"huzknhzs2p9dps1"}
{"type":"log","timestamp":1731402080160,"level":"debug","message":"Data item not defined for this template.","meta":{"rootId":"w7q75qk2hxfgwk4","id":"w7q75qk2hxfgwk4"},"id":"3qdkn0uw4qgni23","previousOperationId":"huzknhzs2p9dps1"}
{"type":"log","timestamp":1731402080161,"level":"debug","message":"Base url not specified, skipping its injection.","meta":{"rootId":"w7q75qk2hxfgwk4","id":"w7q75qk2hxfgwk4"},"id":"57q5uwicyc3bfum","previousOperationId":"huzknhzs2p9dps1"}
{"type":"log","timestamp":1731402080166,"level":"debug","message":"Replaced assets [\"KhmerOSSiemreapRegular.ttf\",\"KhmerOSMuolLightRegular.ttf\",\"times_new_roman.ttf\",\"Tacteing.ttf\"]","meta":{"rootId":"w7q75qk2hxfgwk4","id":"w7q75qk2hxfgwk4"},"id":"mk4u6gzp6vez56x","previousOperationId":"huzknhzs2p9dps1"}
{"type":"operationStart","subtype":"engine","name":"handlebars","timestamp":1731402080166,"id":"ppgfmwxicb8eg9f","previousEventId":"3zss33llagoq9fh","operationId":"oyixbxzw8lk0xug","previousOperationId":"huzknhzs2p9dps1"}
{"type":"log","timestamp":1731402080166,"level":"debug","message":"Rendering engine handlebars","meta":{"rootId":"w7q75qk2hxfgwk4","id":"w7q75qk2hxfgwk4"},"id":"l16aiuz7ggpemhy","previousOperationId":"oyixbxzw8lk0xug"}
{"type":"operationEnd","operationId":"oyixbxzw8lk0xug","timestamp":1731402080188,"id":"uypbng15xvb34ea","previousEventId":"ppgfmwxicb8eg9f","previousOperationId":"oyixbxzw8lk0xug"}
{"type":"operationStart","subtype":"recipe","name":"chrome-pdf","timestamp":1731402080194,"id":"52iupbzbcj6pssi","previousEventId":"uypbng15xvb34ea","operationId":"231qyy30wdpvt4r","previousOperationId":"oyixbxzw8lk0xug"}
{"type":"log","timestamp":1731402080194,"level":"debug","message":"Executing recipe chrome-pdf","meta":{"rootId":"w7q75qk2hxfgwk4","id":"w7q75qk2hxfgwk4"},"id":"y35rlbqj6i0k68k","previousOperationId":"231qyy30wdpvt4r"}
{"type":"log","timestamp":1731402080197,"level":"debug","message":"Converting with chrome Chrome/127.0.6533.99 using chrome-pool strategy","meta":{"rootId":"w7q75qk2hxfgwk4","id":"w7q75qk2hxfgwk4"},"id":"z52eb0svsp26mpq","previousOperationId":"231qyy30wdpvt4r"}
{"type":"log","timestamp":1731402080249,"level":"debug","message":"Page request: GET (document) file:///C:/Users/shsmo/AppData/Local/Temp/jsreport/autocleanup/c737e73f-92c2-407a-a4b9-a72f1ac66a23-chrome-pdf.html","meta":{"rootId":"w7q75qk2hxfgwk4","id":"w7q75qk2hxfgwk4"},"id":"lopxhcjdefathje","previousOperationId":"231qyy30wdpvt4r"}
{"type":"log","timestamp":1731402080271,"level":"debug","message":"Page request finished: GET (document) 200 file:///C:/Users/shsmo/AppData/Local/Temp/jsreport/autocleanup/c737e73f-92c2-407a-a4b9-a72f1ac66a23-chrome-pdf.html","meta":{"rootId":"w7q75qk2hxfgwk4","id":"w7q75qk2hxfgwk4"},"id":"8i8el0u73w1i22f","previousOperationId":"231qyy30wdpvt4r"}
{"type":"log","timestamp":1731402080271,"level":"debug","message":"Page request: GET (script) https://cdn.tailwindcss.com/","meta":{"rootId":"w7q75qk2hxfgwk4","id":"w7q75qk2hxfgwk4"},"id":"8spjp34hv7hzvam","previousOperationId":"231qyy30wdpvt4r"}
{"type":"log","timestamp":1731402080280,"level":"warn","message":"Page request failed: GET (script) 302 https://cdn.tailwindcss.com/ (redirect to: /3.4.14)","meta":{"rootId":"w7q75qk2hxfgwk4","id":"w7q75qk2hxfgwk4"},"id":"1gxiud0xt03uc1o","previousOperationId":"231qyy30wdpvt4r"}
{"type":"log","timestamp":1731402080280,"level":"debug","message":"Page request: GET (script) https://cdn.tailwindcss.com/3.4.14 (redirect from: https://cdn.tailwindcss.com/)","meta":{"rootId":"w7q75qk2hxfgwk4","id":"w7q75qk2hxfgwk4"},"id":"67eqw4gc5mskmij","previousOperationId":"231qyy30wdpvt4r"}
{"type":"log","timestamp":1731402080302,"level":"debug","message":"Page request finished: GET (script) 200 https://cdn.tailwindcss.com/3.4.14","meta":{"rootId":"w7q75qk2hxfgwk4","id":"w7q75qk2hxfgwk4"},"id":"4pby2y4iz8ddtpi","previousOperationId":"231qyy30wdpvt4r"}
{"type":"log","timestamp":1731402080355,"level":"debug","message":"(console:warn) cdn.tailwindcss.com should not be used in production. To use Tailwind CSS in production, install it as a PostCSS plugin or use the Tailwind CLI: https://tailwindcss.com/docs/installation","meta":{"userLevel":true,"rootId":"w7q75qk2hxfgwk4","id":"w7q75qk2hxfgwk4"},"id":"amttcyobpw1iv64","previousOperationId":"231qyy30wdpvt4r"}
{"type":"log","timestamp":1731402080444,"level":"debug","message":"Running chrome with params {\"format\":\"A4\",\"marginBottom\":\"\",\"marginRight\":\"1.5cm\",\"marginLeft\":\"1.5cm\",\"timeout\":599955,\"margin\":{\"right\":\"1.5cm\",\"bottom\":\"\",\"left\":\"1.5cm\"},\"printBackground\":true}","meta":{"rootId":"w7q75qk2hxfgwk4","id":"w7q75qk2hxfgwk4"},"id":"7t76nc09vn2fyzb","previousOperationId":"231qyy30wdpvt4r"}
{"type":"operationEnd","operationId":"231qyy30wdpvt4r","timestamp":1731402080510,"id":"fxwh4u6ml2t1so8","previousEventId":"52iupbzbcj6pssi","previousOperationId":"231qyy30wdpvt4r"}
{"type":"log","timestamp":1731402080510,"level":"debug","message":"Skipping storing report.","meta":{"rootId":"w7q75qk2hxfgwk4","id":"w7q75qk2hxfgwk4"},"id":"v4l6uyy878yuj23","previousOperationId":"231qyy30wdpvt4r"}
{"type":"log","timestamp":1731402080510,"level":"info","message":"Rendering request 141 finished in 359 ms","meta":{"rootId":"w7q75qk2hxfgwk4","id":"w7q75qk2hxfgwk4"},"id":"2l1ic5iz66t651r","previousOperationId":"231qyy30wdpvt4r"}
{"type":"operationEnd","subtype":"render","operationId":"huzknhzs2p9dps1","timestamp":1731402080510,"id":"9px6gzzvibqe24m","previousEventId":"fxwh4u6ml2t1so8","previousOperationId":"231qyy30wdpvt4r"}
{"type":"operationEnd","doDiffs":false,"previousEventId":"xyzh997clg214a1","previousOperationId":"oh39k73b6pi4lik","operationId":"oh39k73b6pi4lik","timestamp":1731402080512,"id":"prpwco8axx9yc0s"}
