{"type":"operationStart","subtype":"profile","data":{"_id":"dRmoWVh5vYKq8x2R","timestamp":"2024-11-12T07:48:26.099Z","state":"queued","mode":"standard","creationDate":"2024-11-12T07:48:26.102Z","modificationDate":"2024-11-12T07:48:26.102Z","shortid":"hFonQYu","inheritedReadPermissions":[],"inheritedEditPermissions":[],"$entitySet":"profiles"},"doDiffs":false,"timestamp":1731397706101,"id":"bgta6m9xqec83t1","previousOperationId":null,"operationId":"4i836zny2zoa5gr"}
{"type":"log","level":"info","message":"Render request 5 queued for execution and waiting for available worker","previousOperationId":"4i836zny2zoa5gr","timestamp":1731397706101,"id":"z4sxxuzhq898upv"}
{"type":"operationStart","subtype":"render","name":"header-footer","previousOperationId":"4i836zny2zoa5gr","timestamp":1731397706111,"id":"tp2x4p3141klhoj","previousEventId":"bgta6m9xqec83t1","operationId":"d7qfnwbeketmv2l"}
{"type":"log","timestamp":1731397706111,"level":"info","message":"Starting rendering request 5 (user: admin)","meta":{"rootId":"wjf1oulk0dobb4x","id":"wjf1oulk0dobb4x"},"id":"vum0br7fvxfb8v6","previousOperationId":"d7qfnwbeketmv2l"}
{"type":"log","timestamp":1731397706111,"level":"info","message":"Rendering template { name: header-footer, recipe: chrome-pdf, engine: handlebars, preview: true }","meta":{"rootId":"wjf1oulk0dobb4x","id":"wjf1oulk0dobb4x"},"id":"ut1280105x87in5","previousOperationId":"d7qfnwbeketmv2l"}
{"type":"log","timestamp":1731397706112,"level":"debug","message":"Data item not defined for this template.","meta":{"rootId":"wjf1oulk0dobb4x","id":"wjf1oulk0dobb4x"},"id":"51t1c95h1txmju6","previousOperationId":"d7qfnwbeketmv2l"}
{"type":"log","timestamp":1731397706114,"level":"debug","message":"Base url not specified, skipping its injection.","meta":{"rootId":"wjf1oulk0dobb4x","id":"wjf1oulk0dobb4x"},"id":"97k6kflai4dfukc","previousOperationId":"d7qfnwbeketmv2l"}
{"type":"operationStart","subtype":"engine","name":"handlebars","timestamp":1731397706114,"id":"jbga897vc35fo01","previousEventId":"tp2x4p3141klhoj","operationId":"kx5iqd9mr5i7mft","previousOperationId":"d7qfnwbeketmv2l"}
{"type":"log","timestamp":1731397706114,"level":"debug","message":"Rendering engine handlebars","meta":{"rootId":"wjf1oulk0dobb4x","id":"wjf1oulk0dobb4x"},"id":"62eqexkm0bp107q","previousOperationId":"kx5iqd9mr5i7mft"}
{"type":"operationEnd","operationId":"kx5iqd9mr5i7mft","timestamp":1731397706127,"id":"lcjyxu1kys02jn8","previousEventId":"jbga897vc35fo01","previousOperationId":"kx5iqd9mr5i7mft"}
{"type":"operationStart","subtype":"recipe","name":"chrome-pdf","timestamp":1731397706127,"id":"gvpyfm7ewyrqi3p","previousEventId":"lcjyxu1kys02jn8","operationId":"9mkocxihnok2z15","previousOperationId":"kx5iqd9mr5i7mft"}
{"type":"log","timestamp":1731397706127,"level":"debug","message":"Executing recipe chrome-pdf","meta":{"rootId":"wjf1oulk0dobb4x","id":"wjf1oulk0dobb4x"},"id":"romunr84yaqclrq","previousOperationId":"9mkocxihnok2z15"}
{"type":"log","timestamp":1731397706131,"level":"debug","message":"Converting with chrome Chrome/127.0.6533.99 using chrome-pool strategy","meta":{"rootId":"wjf1oulk0dobb4x","id":"wjf1oulk0dobb4x"},"id":"69qajqg8wwerqvc","previousOperationId":"9mkocxihnok2z15"}
{"type":"log","timestamp":1731397706196,"level":"debug","message":"Page request: GET (document) file:///C:/Users/shsmo/AppData/Local/Temp/jsreport/autocleanup/67068330-1c33-4f69-b28e-5f02a1025de3-chrome-pdf.html","meta":{"rootId":"wjf1oulk0dobb4x","id":"wjf1oulk0dobb4x"},"id":"3e0yi7z4a9f63vl","previousOperationId":"9mkocxihnok2z15"}
{"type":"log","timestamp":1731397706213,"level":"debug","message":"Page request finished: GET (document) 200 file:///C:/Users/shsmo/AppData/Local/Temp/jsreport/autocleanup/67068330-1c33-4f69-b28e-5f02a1025de3-chrome-pdf.html","meta":{"rootId":"wjf1oulk0dobb4x","id":"wjf1oulk0dobb4x"},"id":"brxvdxmx4tytru8","previousOperationId":"9mkocxihnok2z15"}
{"type":"log","timestamp":1731397706220,"level":"debug","message":"Running chrome with params {\"format\":\"A4\",\"timeout\":599970,\"margin\":{},\"printBackground\":true}","meta":{"rootId":"wjf1oulk0dobb4x","id":"wjf1oulk0dobb4x"},"id":"ce67uqcqud2i4f8","previousOperationId":"9mkocxihnok2z15"}
{"type":"operationEnd","operationId":"9mkocxihnok2z15","timestamp":1731397706274,"id":"bmj5gj4spnrfdhw","previousEventId":"gvpyfm7ewyrqi3p","previousOperationId":"9mkocxihnok2z15"}
{"type":"log","timestamp":1731397706274,"level":"debug","message":"Skipping storing report.","meta":{"rootId":"wjf1oulk0dobb4x","id":"wjf1oulk0dobb4x"},"id":"swjsuz6kdty32eo","previousOperationId":"9mkocxihnok2z15"}
{"type":"log","timestamp":1731397706274,"level":"info","message":"Rendering request 5 finished in 175 ms","meta":{"rootId":"wjf1oulk0dobb4x","id":"wjf1oulk0dobb4x"},"id":"a724gwo27qcpw1s","previousOperationId":"9mkocxihnok2z15"}
{"type":"operationEnd","subtype":"render","operationId":"d7qfnwbeketmv2l","timestamp":1731397706274,"id":"z2xsozqn03p4oej","previousEventId":"bmj5gj4spnrfdhw","previousOperationId":"9mkocxihnok2z15"}
{"type":"operationEnd","doDiffs":false,"previousEventId":"bgta6m9xqec83t1","previousOperationId":"4i836zny2zoa5gr","operationId":"4i836zny2zoa5gr","timestamp":1731397706278,"id":"z5ent3163kpr1nx"}
