{"type":"operationStart","subtype":"profile","data":{"_id":"p66IPHj8UQCKMf2w","timestamp":"2024-11-12T08:59:05.607Z","state":"queued","mode":"standard","creationDate":"2024-11-12T08:59:05.609Z","modificationDate":"2024-11-12T08:59:05.609Z","shortid":"74ZDSRH","inheritedReadPermissions":[],"inheritedEditPermissions":[],"$entitySet":"profiles"},"doDiffs":false,"timestamp":1731401945608,"id":"ih9pyb7as7xmo47","previousOperationId":null,"operationId":"pxahu4g31ihfmw8"}
{"type":"log","level":"info","message":"Render request 135 queued for execution and waiting for available worker","previousOperationId":"pxahu4g31ihfmw8","timestamp":1731401945609,"id":"vss06lygx8ig2j2"}
{"type":"operationStart","subtype":"render","name":"header-footer","previousOperationId":"pxahu4g31ihfmw8","timestamp":1731401945617,"id":"uunbw4hr5xps0eb","previousEventId":"ih9pyb7as7xmo47","operationId":"0gxceqvx19wj69w"}
{"type":"log","timestamp":1731401945617,"level":"info","message":"Starting rendering request 135 (user: admin)","meta":{"rootId":"ypva4rpsdxwb30u","id":"ypva4rpsdxwb30u"},"id":"04ykdk79aal41oy","previousOperationId":"0gxceqvx19wj69w"}
{"type":"log","timestamp":1731401945617,"level":"info","message":"Rendering template { name: header-footer, recipe: chrome-pdf, engine: handlebars, preview: true }","meta":{"rootId":"ypva4rpsdxwb30u","id":"ypva4rpsdxwb30u"},"id":"1dix0lkx7q1fnw0","previousOperationId":"0gxceqvx19wj69w"}
{"type":"log","timestamp":1731401945619,"level":"debug","message":"Data item not defined for this template.","meta":{"rootId":"ypva4rpsdxwb30u","id":"ypva4rpsdxwb30u"},"id":"tdcawmqnnc8b8zn","previousOperationId":"0gxceqvx19wj69w"}
{"type":"log","timestamp":1731401945621,"level":"debug","message":"Base url not specified, skipping its injection.","meta":{"rootId":"ypva4rpsdxwb30u","id":"ypva4rpsdxwb30u"},"id":"umcn3q1byay5d92","previousOperationId":"0gxceqvx19wj69w"}
{"type":"log","timestamp":1731401945625,"level":"debug","message":"Replaced assets [\"KhmerOSSiemreapRegular.ttf\",\"KhmerOSMuolLightRegular.ttf\",\"times_new_roman.ttf\",\"Tacteing.ttf\"]","meta":{"rootId":"ypva4rpsdxwb30u","id":"ypva4rpsdxwb30u"},"id":"ryufbpei0mgdvi6","previousOperationId":"0gxceqvx19wj69w"}
{"type":"operationStart","subtype":"engine","name":"handlebars","timestamp":1731401945626,"id":"gmszmw730v7page","previousEventId":"uunbw4hr5xps0eb","operationId":"t7q2hhamdvv20rn","previousOperationId":"0gxceqvx19wj69w"}
{"type":"log","timestamp":1731401945626,"level":"debug","message":"Rendering engine handlebars","meta":{"rootId":"ypva4rpsdxwb30u","id":"ypva4rpsdxwb30u"},"id":"u6eaznszxh0k1as","previousOperationId":"t7q2hhamdvv20rn"}
{"type":"operationEnd","operationId":"t7q2hhamdvv20rn","timestamp":1731401945656,"id":"v1uzodozo7mb4a0","previousEventId":"gmszmw730v7page","previousOperationId":"t7q2hhamdvv20rn"}
{"type":"operationStart","subtype":"recipe","name":"chrome-pdf","timestamp":1731401945662,"id":"guof73qf824pfwg","previousEventId":"v1uzodozo7mb4a0","operationId":"e57ifk17ubcemkc","previousOperationId":"t7q2hhamdvv20rn"}
{"type":"log","timestamp":1731401945662,"level":"debug","message":"Executing recipe chrome-pdf","meta":{"rootId":"ypva4rpsdxwb30u","id":"ypva4rpsdxwb30u"},"id":"9oxjyswaztkgc9h","previousOperationId":"e57ifk17ubcemkc"}
{"type":"log","timestamp":1731401945666,"level":"debug","message":"Converting with chrome Chrome/127.0.6533.99 using chrome-pool strategy","meta":{"rootId":"ypva4rpsdxwb30u","id":"ypva4rpsdxwb30u"},"id":"3olxlvklfs8v8b0","previousOperationId":"e57ifk17ubcemkc"}
{"type":"log","timestamp":1731401945730,"level":"debug","message":"Page request: GET (document) file:///C:/Users/shsmo/AppData/Local/Temp/jsreport/autocleanup/5cda43a5-d326-41cc-9c7e-5d770226ca3e-chrome-pdf.html","meta":{"rootId":"ypva4rpsdxwb30u","id":"ypva4rpsdxwb30u"},"id":"erqip6if6tg8fcy","previousOperationId":"e57ifk17ubcemkc"}
{"type":"log","timestamp":1731401945750,"level":"debug","message":"Page request: GET (script) https://cdn.tailwindcss.com/","meta":{"rootId":"ypva4rpsdxwb30u","id":"ypva4rpsdxwb30u"},"id":"x5zfsf74kqperu1","previousOperationId":"e57ifk17ubcemkc"}
{"type":"log","timestamp":1731401945750,"level":"debug","message":"Page request finished: GET (document) 200 file:///C:/Users/shsmo/AppData/Local/Temp/jsreport/autocleanup/5cda43a5-d326-41cc-9c7e-5d770226ca3e-chrome-pdf.html","meta":{"rootId":"ypva4rpsdxwb30u","id":"ypva4rpsdxwb30u"},"id":"m8qmdgmi6f754gd","previousOperationId":"e57ifk17ubcemkc"}
{"type":"log","timestamp":1731401945759,"level":"warn","message":"Page request failed: GET (script) 302 https://cdn.tailwindcss.com/ (redirect to: /3.4.14)","meta":{"rootId":"ypva4rpsdxwb30u","id":"ypva4rpsdxwb30u"},"id":"4w5irkuuo2y5wwd","previousOperationId":"e57ifk17ubcemkc"}
{"type":"log","timestamp":1731401945760,"level":"debug","message":"Page request: GET (script) https://cdn.tailwindcss.com/3.4.14 (redirect from: https://cdn.tailwindcss.com/)","meta":{"rootId":"ypva4rpsdxwb30u","id":"ypva4rpsdxwb30u"},"id":"ilfktzynswh5jhc","previousOperationId":"e57ifk17ubcemkc"}
{"type":"log","timestamp":1731401945781,"level":"debug","message":"Page request finished: GET (script) 200 https://cdn.tailwindcss.com/3.4.14","meta":{"rootId":"ypva4rpsdxwb30u","id":"ypva4rpsdxwb30u"},"id":"3u326i3adqcsqqw","previousOperationId":"e57ifk17ubcemkc"}
{"type":"log","timestamp":1731401945837,"level":"debug","message":"(console:warn) cdn.tailwindcss.com should not be used in production. To use Tailwind CSS in production, install it as a PostCSS plugin or use the Tailwind CLI: https://tailwindcss.com/docs/installation","meta":{"userLevel":true,"rootId":"ypva4rpsdxwb30u","id":"ypva4rpsdxwb30u"},"id":"4dzmi9vgywbmswe","previousOperationId":"e57ifk17ubcemkc"}
{"type":"log","timestamp":1731401945928,"level":"debug","message":"Running chrome with params {\"format\":\"A4\",\"marginBottom\":\"\",\"marginRight\":\"1.5cm\",\"marginLeft\":\"1.5cm\",\"timeout\":599942,\"margin\":{\"right\":\"1.5cm\",\"bottom\":\"\",\"left\":\"1.5cm\"},\"printBackground\":true}","meta":{"rootId":"ypva4rpsdxwb30u","id":"ypva4rpsdxwb30u"},"id":"q41osewls2fv50b","previousOperationId":"e57ifk17ubcemkc"}
{"type":"operationEnd","operationId":"e57ifk17ubcemkc","timestamp":1731401946012,"id":"2o0bzwjcpozxd5x","previousEventId":"guof73qf824pfwg","previousOperationId":"e57ifk17ubcemkc"}
{"type":"log","timestamp":1731401946012,"level":"debug","message":"Skipping storing report.","meta":{"rootId":"ypva4rpsdxwb30u","id":"ypva4rpsdxwb30u"},"id":"20803msqdrqq52m","previousOperationId":"e57ifk17ubcemkc"}
{"type":"log","timestamp":1731401946013,"level":"info","message":"Rendering request 135 finished in 406 ms","meta":{"rootId":"ypva4rpsdxwb30u","id":"ypva4rpsdxwb30u"},"id":"s54yzyna1r8whhi","previousOperationId":"e57ifk17ubcemkc"}
{"type":"operationEnd","subtype":"render","operationId":"0gxceqvx19wj69w","timestamp":1731401946013,"id":"dbug9jyod2jwk2l","previousEventId":"2o0bzwjcpozxd5x","previousOperationId":"e57ifk17ubcemkc"}
{"type":"operationEnd","doDiffs":false,"previousEventId":"ih9pyb7as7xmo47","previousOperationId":"pxahu4g31ihfmw8","operationId":"pxahu4g31ihfmw8","timestamp":1731401946015,"id":"qgjt0bls7pksuab"}
