{"type":"operationStart","subtype":"profile","data":{"_id":"4NNLWCvLmDUC7v9j","timestamp":"2024-11-12T09:03:45.272Z","state":"queued","mode":"standard","creationDate":"2024-11-12T09:03:45.274Z","modificationDate":"2024-11-12T09:03:45.274Z","shortid":"0H90c-t","inheritedReadPermissions":[],"inheritedEditPermissions":[],"$entitySet":"profiles"},"doDiffs":false,"timestamp":1731402225274,"id":"1wysym51htnll2k","previousOperationId":null,"operationId":"w2c69hz4zh49607"}
{"type":"log","level":"info","message":"Render request 152 queued for execution and waiting for available worker","previousOperationId":"w2c69hz4zh49607","timestamp":1731402225274,"id":"xla7jso4xvww6b5"}
{"type":"operationStart","subtype":"render","name":"header-footer","previousOperationId":"w2c69hz4zh49607","timestamp":1731402225284,"id":"reb1ia17toov505","previousEventId":"1wysym51htnll2k","operationId":"krol7qa9m02g20q"}
{"type":"log","timestamp":1731402225284,"level":"info","message":"Starting rendering request 152 (user: admin)","meta":{"rootId":"z2v3oohn4f60ak7","id":"z2v3oohn4f60ak7"},"id":"0eztgzez31xgu8t","previousOperationId":"krol7qa9m02g20q"}
{"type":"log","timestamp":1731402225284,"level":"info","message":"Rendering template { name: header-footer, recipe: chrome-pdf, engine: handlebars, preview: true }","meta":{"rootId":"z2v3oohn4f60ak7","id":"z2v3oohn4f60ak7"},"id":"x0qsyzad3j6qffb","previousOperationId":"krol7qa9m02g20q"}
{"type":"log","timestamp":1731402225285,"level":"debug","message":"Data item not defined for this template.","meta":{"rootId":"z2v3oohn4f60ak7","id":"z2v3oohn4f60ak7"},"id":"66yrqommszmmck8","previousOperationId":"krol7qa9m02g20q"}
{"type":"log","timestamp":1731402225286,"level":"debug","message":"Base url not specified, skipping its injection.","meta":{"rootId":"z2v3oohn4f60ak7","id":"z2v3oohn4f60ak7"},"id":"aycrd61spds400g","previousOperationId":"krol7qa9m02g20q"}
{"type":"log","timestamp":1731402225295,"level":"debug","message":"Replaced assets [\"KhmerOSSiemreapRegular.ttf\",\"KhmerOSMuolLightRegular.ttf\",\"times_new_roman.ttf\",\"Tacteing.ttf\"]","meta":{"rootId":"z2v3oohn4f60ak7","id":"z2v3oohn4f60ak7"},"id":"vv9lekwsa03nqcz","previousOperationId":"krol7qa9m02g20q"}
{"type":"operationStart","subtype":"engine","name":"handlebars","timestamp":1731402225295,"id":"qsahac11v1926aq","previousEventId":"reb1ia17toov505","operationId":"6vugtv5sgjhkki3","previousOperationId":"krol7qa9m02g20q"}
{"type":"log","timestamp":1731402225295,"level":"debug","message":"Rendering engine handlebars","meta":{"rootId":"z2v3oohn4f60ak7","id":"z2v3oohn4f60ak7"},"id":"26rkeobdi31agin","previousOperationId":"6vugtv5sgjhkki3"}
{"type":"operationEnd","operationId":"6vugtv5sgjhkki3","timestamp":1731402225320,"id":"76k7nh4r8l31nv7","previousEventId":"qsahac11v1926aq","previousOperationId":"6vugtv5sgjhkki3"}
{"type":"operationStart","subtype":"recipe","name":"chrome-pdf","timestamp":1731402225325,"id":"iuflp81zwqgvn20","previousEventId":"76k7nh4r8l31nv7","operationId":"3res96kb3pic34w","previousOperationId":"6vugtv5sgjhkki3"}
{"type":"log","timestamp":1731402225325,"level":"debug","message":"Executing recipe chrome-pdf","meta":{"rootId":"z2v3oohn4f60ak7","id":"z2v3oohn4f60ak7"},"id":"8zka7vpup5lt2f6","previousOperationId":"3res96kb3pic34w"}
{"type":"log","timestamp":1731402225329,"level":"debug","message":"Converting with chrome Chrome/127.0.6533.99 using chrome-pool strategy","meta":{"rootId":"z2v3oohn4f60ak7","id":"z2v3oohn4f60ak7"},"id":"x1ksjv1i3v03loa","previousOperationId":"3res96kb3pic34w"}
{"type":"log","timestamp":1731402225398,"level":"debug","message":"Page request: GET (document) file:///C:/Users/shsmo/AppData/Local/Temp/jsreport/autocleanup/c4b12da5-6c1b-4f81-a25a-fa388b2a5972-chrome-pdf.html","meta":{"rootId":"z2v3oohn4f60ak7","id":"z2v3oohn4f60ak7"},"id":"lmiveuu9kl6eoo1","previousOperationId":"3res96kb3pic34w"}
{"type":"log","timestamp":1731402225420,"level":"debug","message":"Page request: GET (script) https://cdn.tailwindcss.com/","meta":{"rootId":"z2v3oohn4f60ak7","id":"z2v3oohn4f60ak7"},"id":"sea6j31pr6wk8ls","previousOperationId":"3res96kb3pic34w"}
{"type":"log","timestamp":1731402225421,"level":"debug","message":"Page request finished: GET (document) 200 file:///C:/Users/shsmo/AppData/Local/Temp/jsreport/autocleanup/c4b12da5-6c1b-4f81-a25a-fa388b2a5972-chrome-pdf.html","meta":{"rootId":"z2v3oohn4f60ak7","id":"z2v3oohn4f60ak7"},"id":"wwflz4r5s31kdey","previousOperationId":"3res96kb3pic34w"}
{"type":"log","timestamp":1731402225430,"level":"warn","message":"Page request failed: GET (script) 302 https://cdn.tailwindcss.com/ (redirect to: /3.4.14)","meta":{"rootId":"z2v3oohn4f60ak7","id":"z2v3oohn4f60ak7"},"id":"uvi74bg2u9d26up","previousOperationId":"3res96kb3pic34w"}
{"type":"log","timestamp":1731402225431,"level":"debug","message":"Page request: GET (script) https://cdn.tailwindcss.com/3.4.14 (redirect from: https://cdn.tailwindcss.com/)","meta":{"rootId":"z2v3oohn4f60ak7","id":"z2v3oohn4f60ak7"},"id":"db5lzev14ncc0vh","previousOperationId":"3res96kb3pic34w"}
{"type":"log","timestamp":1731402225451,"level":"debug","message":"Page request finished: GET (script) 200 https://cdn.tailwindcss.com/3.4.14","meta":{"rootId":"z2v3oohn4f60ak7","id":"z2v3oohn4f60ak7"},"id":"8j6soqw4eti9znv","previousOperationId":"3res96kb3pic34w"}
{"type":"log","timestamp":1731402225502,"level":"debug","message":"(console:warn) cdn.tailwindcss.com should not be used in production. To use Tailwind CSS in production, install it as a PostCSS plugin or use the Tailwind CLI: https://tailwindcss.com/docs/installation","meta":{"userLevel":true,"rootId":"z2v3oohn4f60ak7","id":"z2v3oohn4f60ak7"},"id":"47fu8xw2wghnzwz","previousOperationId":"3res96kb3pic34w"}
{"type":"log","timestamp":1731402225595,"level":"debug","message":"Running chrome with params {\"format\":\"A4\",\"marginBottom\":\"\",\"marginRight\":\"1.5cm\",\"marginLeft\":\"1.5cm\",\"timeout\":599945,\"margin\":{\"right\":\"1.5cm\",\"bottom\":\"\",\"left\":\"1.5cm\"},\"printBackground\":true}","meta":{"rootId":"z2v3oohn4f60ak7","id":"z2v3oohn4f60ak7"},"id":"93zcqexp2v9ghjw","previousOperationId":"3res96kb3pic34w"}
{"type":"operationEnd","operationId":"3res96kb3pic34w","timestamp":1731402225646,"id":"8b3lkd32ptmq7ly","previousEventId":"iuflp81zwqgvn20","previousOperationId":"3res96kb3pic34w"}
{"type":"log","timestamp":1731402225646,"level":"debug","message":"Skipping storing report.","meta":{"rootId":"z2v3oohn4f60ak7","id":"z2v3oohn4f60ak7"},"id":"2si0hstuyfz14k9","previousOperationId":"3res96kb3pic34w"}
{"type":"log","timestamp":1731402225646,"level":"info","message":"Rendering request 152 finished in 374 ms","meta":{"rootId":"z2v3oohn4f60ak7","id":"z2v3oohn4f60ak7"},"id":"gn3fqba9y18grp7","previousOperationId":"3res96kb3pic34w"}
{"type":"operationEnd","subtype":"render","operationId":"krol7qa9m02g20q","timestamp":1731402225646,"id":"122na815tts9l9a","previousEventId":"8b3lkd32ptmq7ly","previousOperationId":"3res96kb3pic34w"}
{"type":"operationEnd","doDiffs":false,"previousEventId":"1wysym51htnll2k","previousOperationId":"w2c69hz4zh49607","operationId":"w2c69hz4zh49607","timestamp":1731402225648,"id":"yzb7sv3zpp05clh"}
