{"type":"operationStart","subtype":"profile","data":{"_id":"XvtfFfFK5sTbqNaf","timestamp":"2024-10-13T06:29:07.156Z","state":"queued","mode":"standard","creationDate":"2024-10-13T06:29:07.158Z","modificationDate":"2024-10-13T06:29:07.158Z","shortid":"7MsUiz-","inheritedReadPermissions":[],"inheritedEditPermissions":[],"$entitySet":"profiles"},"doDiffs":false,"timestamp":1728800947157,"id":"w4l1l69og9hqj6c","previousOperationId":null,"operationId":"mc3npim534i52zi"}
{"type":"log","level":"info","message":"Render request 101 queued for execution and waiting for available worker","previousOperationId":"mc3npim534i52zi","timestamp":1728800947157,"id":"ku0f1bb1m1lh2t8"}
{"type":"operationStart","subtype":"render","name":"page_number","previousOperationId":"mc3npim534i52zi","timestamp":1728800947172,"id":"g03qhqrbaumv8uk","previousEventId":"w4l1l69og9hqj6c","operationId":"nupy1nqjwl5wzea"}
{"type":"log","timestamp":1728800947172,"level":"info","message":"Starting rendering request 101 (user: admin)","meta":{"rootId":"0huvz5fxn0s66fh","id":"0huvz5fxn0s66fh"},"id":"v8wvc8jkuq2cf67","previousOperationId":"nupy1nqjwl5wzea"}
{"type":"log","timestamp":1728800947172,"level":"info","message":"Rendering template { name: page_number, recipe: chrome-pdf, engine: handlebars, preview: true }","meta":{"rootId":"0huvz5fxn0s66fh","id":"0huvz5fxn0s66fh"},"id":"fwks3c61tsqle3t","previousOperationId":"nupy1nqjwl5wzea"}
{"type":"log","timestamp":1728800947173,"level":"debug","message":"Data item not defined for this template.","meta":{"rootId":"0huvz5fxn0s66fh","id":"0huvz5fxn0s66fh"},"id":"lj8jd3o4yy5aa3m","previousOperationId":"nupy1nqjwl5wzea"}
{"type":"log","timestamp":1728800947174,"level":"debug","message":"Base url not specified, skipping its injection.","meta":{"rootId":"0huvz5fxn0s66fh","id":"0huvz5fxn0s66fh"},"id":"wjyvr4dyju18592","previousOperationId":"nupy1nqjwl5wzea"}
{"type":"log","timestamp":1728800947177,"level":"debug","message":"Replaced assets [\"KhmerOSSiemreapRegular.ttf\",\"KhmerOSMuolLightRegular.ttf\",\"times new roman.ttf\"]","meta":{"rootId":"0huvz5fxn0s66fh","id":"0huvz5fxn0s66fh"},"id":"n7iobxy8cit4a23","previousOperationId":"nupy1nqjwl5wzea"}
{"type":"operationStart","subtype":"engine","name":"handlebars","timestamp":1728800947177,"id":"8gueyubvnfdbe22","previousEventId":"g03qhqrbaumv8uk","operationId":"ui4y31yvcl69sav","previousOperationId":"nupy1nqjwl5wzea"}
{"type":"log","timestamp":1728800947177,"level":"debug","message":"Rendering engine handlebars","meta":{"rootId":"0huvz5fxn0s66fh","id":"0huvz5fxn0s66fh"},"id":"vd52wdjomucgbfp","previousOperationId":"ui4y31yvcl69sav"}
{"type":"operationEnd","operationId":"ui4y31yvcl69sav","timestamp":1728800947194,"id":"lxk34uexpcll28i","previousEventId":"8gueyubvnfdbe22","previousOperationId":"ui4y31yvcl69sav"}
{"type":"operationStart","subtype":"recipe","name":"chrome-pdf","timestamp":1728800947196,"id":"p20s88oozyfhofb","previousEventId":"lxk34uexpcll28i","operationId":"o5o0653a425x26n","previousOperationId":"ui4y31yvcl69sav"}
{"type":"log","timestamp":1728800947196,"level":"debug","message":"Executing recipe chrome-pdf","meta":{"rootId":"0huvz5fxn0s66fh","id":"0huvz5fxn0s66fh"},"id":"ai6jswhdexvs9nb","previousOperationId":"o5o0653a425x26n"}
{"type":"log","timestamp":1728800947200,"level":"debug","message":"Converting with chrome Chrome/127.0.6533.99 using chrome-pool strategy","meta":{"rootId":"0huvz5fxn0s66fh","id":"0huvz5fxn0s66fh"},"id":"vdgj121a6y853et","previousOperationId":"o5o0653a425x26n"}
{"type":"log","timestamp":1728800947239,"level":"debug","message":"Page request: GET (document) file:///C:/Users/shsmo/AppData/Local/Temp/jsreport/autocleanup/a3c73898-f2e1-4b03-81ec-d535c1e789ce-chrome-pdf.html","meta":{"rootId":"0huvz5fxn0s66fh","id":"0huvz5fxn0s66fh"},"id":"ckay5h9i4s9qdlu","previousOperationId":"o5o0653a425x26n"}
{"type":"log","timestamp":1728800947253,"level":"debug","message":"Page request finished: GET (document) 200 file:///C:/Users/shsmo/AppData/Local/Temp/jsreport/autocleanup/a3c73898-f2e1-4b03-81ec-d535c1e789ce-chrome-pdf.html","meta":{"rootId":"0huvz5fxn0s66fh","id":"0huvz5fxn0s66fh"},"id":"osw951c3d3neqcz","previousOperationId":"o5o0653a425x26n"}
{"type":"log","timestamp":1728800947253,"level":"debug","message":"Page request: GET (script) https://cdn.tailwindcss.com/","meta":{"rootId":"0huvz5fxn0s66fh","id":"0huvz5fxn0s66fh"},"id":"ipns3otnlw0c4tu","previousOperationId":"o5o0653a425x26n"}
{"type":"log","timestamp":1728800947258,"level":"warn","message":"Page request failed: GET (script) 302 https://cdn.tailwindcss.com/ (redirect to: /3.4.5)","meta":{"rootId":"0huvz5fxn0s66fh","id":"0huvz5fxn0s66fh"},"id":"xy535z6gzow6m65","previousOperationId":"o5o0653a425x26n"}
{"type":"log","timestamp":1728800947258,"level":"debug","message":"Page request: GET (script) https://cdn.tailwindcss.com/3.4.5 (redirect from: https://cdn.tailwindcss.com/)","meta":{"rootId":"0huvz5fxn0s66fh","id":"0huvz5fxn0s66fh"},"id":"f3yy6lgellkbsjj","previousOperationId":"o5o0653a425x26n"}
{"type":"log","timestamp":1728800947271,"level":"debug","message":"Page request finished: GET (script) 200 https://cdn.tailwindcss.com/3.4.5","meta":{"rootId":"0huvz5fxn0s66fh","id":"0huvz5fxn0s66fh"},"id":"offpg402zc4zpsv","previousOperationId":"o5o0653a425x26n"}
{"type":"log","timestamp":1728800947310,"level":"debug","message":"(console:warn) cdn.tailwindcss.com should not be used in production. To use Tailwind CSS in production, install it as a PostCSS plugin or use the Tailwind CLI: https://tailwindcss.com/docs/installation","meta":{"userLevel":true,"rootId":"0huvz5fxn0s66fh","id":"0huvz5fxn0s66fh"},"id":"sogfnsc8jnl1b7l","previousOperationId":"o5o0653a425x26n"}
{"type":"log","timestamp":1728800947365,"level":"debug","message":"Running chrome with params {\"marginRight\":\"1.5cm\",\"marginLeft\":\"1cm\",\"timeout\":599958,\"margin\":{\"right\":\"1.5cm\",\"left\":\"1cm\"},\"printBackground\":true}","meta":{"rootId":"0huvz5fxn0s66fh","id":"0huvz5fxn0s66fh"},"id":"53lkfm49whtnfwk","previousOperationId":"o5o0653a425x26n"}
{"type":"operationEnd","operationId":"o5o0653a425x26n","timestamp":1728800947403,"id":"y6tdyqid0j58r02","previousEventId":"p20s88oozyfhofb","previousOperationId":"o5o0653a425x26n"}
{"type":"log","timestamp":1728800947403,"level":"debug","message":"Skipping storing report.","meta":{"rootId":"0huvz5fxn0s66fh","id":"0huvz5fxn0s66fh"},"id":"yyr4yhau359wv2i","previousOperationId":"o5o0653a425x26n"}
{"type":"log","timestamp":1728800947403,"level":"info","message":"Rendering request 101 finished in 247 ms","meta":{"rootId":"0huvz5fxn0s66fh","id":"0huvz5fxn0s66fh"},"id":"bs9afu0549lnkzo","previousOperationId":"o5o0653a425x26n"}
{"type":"operationEnd","subtype":"render","operationId":"nupy1nqjwl5wzea","timestamp":1728800947403,"id":"5hc7n57bl357ysr","previousEventId":"y6tdyqid0j58r02","previousOperationId":"o5o0653a425x26n"}
{"type":"operationEnd","doDiffs":false,"previousEventId":"w4l1l69og9hqj6c","previousOperationId":"mc3npim534i52zi","operationId":"mc3npim534i52zi","timestamp":1728800947405,"id":"i12o0i4lyd1fk9l"}
