{"type":"operationStart","subtype":"profile","data":{"_id":"59mFwWzS0ROkEZmQ","timestamp":"2024-10-11T18:22:18.911Z","state":"queued","mode":"standard","creationDate":"2024-10-11T18:22:18.915Z","modificationDate":"2024-10-11T18:22:18.915Z","shortid":"xCVPPdj","inheritedReadPermissions":[],"inheritedEditPermissions":[],"$entitySet":"profiles"},"doDiffs":false,"timestamp":1728670938914,"id":"vvq43tfam98yn0m","previousOperationId":null,"operationId":"bxuhwfp812mathp"}
{"type":"log","level":"info","message":"Render request 176 queued for execution and waiting for available worker","previousOperationId":"bxuhwfp812mathp","timestamp":1728670938914,"id":"dyaqhlaqkef39fe"}
{"type":"operationStart","subtype":"render","name":"page_number","previousOperationId":"bxuhwfp812mathp","timestamp":1728670938928,"id":"lp142s3e7v0v8nx","previousEventId":"vvq43tfam98yn0m","operationId":"c2td2dth86os8tn"}
{"type":"log","timestamp":1728670938928,"level":"info","message":"Starting rendering request 176 (user: admin)","meta":{"rootId":"0ubstmp72yhiqfa","id":"0ubstmp72yhiqfa"},"id":"qh9oz7xngy09yex","previousOperationId":"c2td2dth86os8tn"}
{"type":"log","timestamp":1728670938928,"level":"info","message":"Rendering template { name: page_number, recipe: chrome-pdf, engine: handlebars, preview: true }","meta":{"rootId":"0ubstmp72yhiqfa","id":"0ubstmp72yhiqfa"},"id":"xyslmqv43iqhaqv","previousOperationId":"c2td2dth86os8tn"}
{"type":"log","timestamp":1728670938928,"level":"debug","message":"Data item not defined for this template.","meta":{"rootId":"0ubstmp72yhiqfa","id":"0ubstmp72yhiqfa"},"id":"dbvmkqbmplos0oq","previousOperationId":"c2td2dth86os8tn"}
{"type":"log","timestamp":1728670938929,"level":"debug","message":"Base url not specified, skipping its injection.","meta":{"rootId":"0ubstmp72yhiqfa","id":"0ubstmp72yhiqfa"},"id":"y5ylxz2a07nfpcp","previousOperationId":"c2td2dth86os8tn"}
{"type":"log","timestamp":1728670938933,"level":"debug","message":"Replaced assets [\"KhmerOSSiemreapRegular.ttf\",\"KhmerOSMuolLightRegular.ttf\",\"times new roman.ttf\"]","meta":{"rootId":"0ubstmp72yhiqfa","id":"0ubstmp72yhiqfa"},"id":"ut4thu2jlp6psxw","previousOperationId":"c2td2dth86os8tn"}
{"type":"operationStart","subtype":"engine","name":"handlebars","timestamp":1728670938933,"id":"rfano2jdwswg7er","previousEventId":"lp142s3e7v0v8nx","operationId":"5t3pdcksnzt0is7","previousOperationId":"c2td2dth86os8tn"}
{"type":"log","timestamp":1728670938933,"level":"debug","message":"Rendering engine handlebars","meta":{"rootId":"0ubstmp72yhiqfa","id":"0ubstmp72yhiqfa"},"id":"3jnn70jhv6ktl7n","previousOperationId":"5t3pdcksnzt0is7"}
{"type":"operationEnd","operationId":"5t3pdcksnzt0is7","timestamp":1728670938942,"id":"ye4g0qguk6x4au4","previousEventId":"rfano2jdwswg7er","previousOperationId":"5t3pdcksnzt0is7"}
{"type":"operationStart","subtype":"recipe","name":"chrome-pdf","timestamp":1728670938946,"id":"ixa35qqpl44v6rd","previousEventId":"ye4g0qguk6x4au4","operationId":"okgf9gh5rcun7hb","previousOperationId":"5t3pdcksnzt0is7"}
{"type":"log","timestamp":1728670938946,"level":"debug","message":"Executing recipe chrome-pdf","meta":{"rootId":"0ubstmp72yhiqfa","id":"0ubstmp72yhiqfa"},"id":"rq01huvgts98p03","previousOperationId":"okgf9gh5rcun7hb"}
{"type":"log","timestamp":1728670938949,"level":"debug","message":"Converting with chrome Chrome/127.0.6533.99 using chrome-pool strategy","meta":{"rootId":"0ubstmp72yhiqfa","id":"0ubstmp72yhiqfa"},"id":"svpootq0i5gv4w6","previousOperationId":"okgf9gh5rcun7hb"}
{"type":"log","timestamp":1728670939002,"level":"debug","message":"Page request: GET (document) file:///C:/Users/shsmo/AppData/Local/Temp/jsreport/autocleanup/f968fbff-2b18-402f-b5cd-6ef20ae5c21c-chrome-pdf.html","meta":{"rootId":"0ubstmp72yhiqfa","id":"0ubstmp72yhiqfa"},"id":"7g73x3bpidbcz2q","previousOperationId":"okgf9gh5rcun7hb"}
{"type":"log","timestamp":1728670939020,"level":"debug","message":"Page request finished: GET (document) 200 file:///C:/Users/shsmo/AppData/Local/Temp/jsreport/autocleanup/f968fbff-2b18-402f-b5cd-6ef20ae5c21c-chrome-pdf.html","meta":{"rootId":"0ubstmp72yhiqfa","id":"0ubstmp72yhiqfa"},"id":"csflr06w2h20lve","previousOperationId":"okgf9gh5rcun7hb"}
{"type":"log","timestamp":1728670939020,"level":"debug","message":"Page request: GET (script) https://cdn.tailwindcss.com/","meta":{"rootId":"0ubstmp72yhiqfa","id":"0ubstmp72yhiqfa"},"id":"smiegepz4gjh1cl","previousOperationId":"okgf9gh5rcun7hb"}
{"type":"log","timestamp":1728670939027,"level":"warn","message":"Page request failed: GET (script) 302 https://cdn.tailwindcss.com/ (redirect to: /3.4.5)","meta":{"rootId":"0ubstmp72yhiqfa","id":"0ubstmp72yhiqfa"},"id":"8fjeq7g6lhdhff4","previousOperationId":"okgf9gh5rcun7hb"}
{"type":"log","timestamp":1728670939027,"level":"debug","message":"Page request: GET (script) https://cdn.tailwindcss.com/3.4.5 (redirect from: https://cdn.tailwindcss.com/)","meta":{"rootId":"0ubstmp72yhiqfa","id":"0ubstmp72yhiqfa"},"id":"za2suq0nplsbiho","previousOperationId":"okgf9gh5rcun7hb"}
{"type":"log","timestamp":1728670939048,"level":"debug","message":"Page request finished: GET (script) 200 https://cdn.tailwindcss.com/3.4.5","meta":{"rootId":"0ubstmp72yhiqfa","id":"0ubstmp72yhiqfa"},"id":"06fkd1hnr4e82ss","previousOperationId":"okgf9gh5rcun7hb"}
{"type":"log","timestamp":1728670939100,"level":"debug","message":"(console:warn) cdn.tailwindcss.com should not be used in production. To use Tailwind CSS in production, install it as a PostCSS plugin or use the Tailwind CLI: https://tailwindcss.com/docs/installation","meta":{"userLevel":true,"rootId":"0ubstmp72yhiqfa","id":"0ubstmp72yhiqfa"},"id":"xyfy4vbz7r6swfe","previousOperationId":"okgf9gh5rcun7hb"}
{"type":"log","timestamp":1728670939172,"level":"debug","message":"Running chrome with params {\"marginRight\":\"2cm\",\"marginLeft\":\"1cm\",\"timeout\":599963,\"margin\":{\"right\":\"2cm\",\"left\":\"1cm\"},\"printBackground\":true}","meta":{"rootId":"0ubstmp72yhiqfa","id":"0ubstmp72yhiqfa"},"id":"g0l9lfkc9alofbz","previousOperationId":"okgf9gh5rcun7hb"}
{"type":"operationEnd","operationId":"okgf9gh5rcun7hb","timestamp":1728670939230,"id":"tht9my8kvr1ny3x","previousEventId":"ixa35qqpl44v6rd","previousOperationId":"okgf9gh5rcun7hb"}
{"type":"log","timestamp":1728670939230,"level":"debug","message":"Skipping storing report.","meta":{"rootId":"0ubstmp72yhiqfa","id":"0ubstmp72yhiqfa"},"id":"bvi2bbwtswy9wtm","previousOperationId":"okgf9gh5rcun7hb"}
{"type":"log","timestamp":1728670939231,"level":"info","message":"Rendering request 176 finished in 319 ms","meta":{"rootId":"0ubstmp72yhiqfa","id":"0ubstmp72yhiqfa"},"id":"mvc2ejijze24qgs","previousOperationId":"okgf9gh5rcun7hb"}
{"type":"operationEnd","subtype":"render","operationId":"c2td2dth86os8tn","timestamp":1728670939231,"id":"jriqycm12akgnf8","previousEventId":"tht9my8kvr1ny3x","previousOperationId":"okgf9gh5rcun7hb"}
{"type":"operationEnd","doDiffs":false,"previousEventId":"vvq43tfam98yn0m","previousOperationId":"bxuhwfp812mathp","operationId":"bxuhwfp812mathp","timestamp":1728670939233,"id":"d36z9dy5bp09tm6"}
