{"type":"operationStart","subtype":"profile","data":{"_id":"R70MTs03VfXC9jdU","timestamp":"2024-10-11T18:19:32.150Z","state":"queued","mode":"standard","creationDate":"2024-10-11T18:19:32.151Z","modificationDate":"2024-10-11T18:19:32.151Z","shortid":"O8gwz-Y","inheritedReadPermissions":[],"inheritedEditPermissions":[],"$entitySet":"profiles"},"doDiffs":false,"timestamp":1728670772151,"id":"6lkl04jcwoh36vi","previousOperationId":null,"operationId":"tlm1qw4ubo2yxgs"}
{"type":"log","level":"info","message":"Render request 165 queued for execution and waiting for available worker","previousOperationId":"tlm1qw4ubo2yxgs","timestamp":1728670772151,"id":"dqa2e84o84ab88j"}
{"type":"operationStart","subtype":"render","name":"page_number","previousOperationId":"tlm1qw4ubo2yxgs","timestamp":1728670772163,"id":"g4dvuyp3po2wqbj","previousEventId":"6lkl04jcwoh36vi","operationId":"3kqtdtr3a6du4ag"}
{"type":"log","timestamp":1728670772163,"level":"info","message":"Starting rendering request 165 (user: admin)","meta":{"rootId":"1krnf5ett8d7ciz","id":"1krnf5ett8d7ciz"},"id":"ijwvdfp25x35h12","previousOperationId":"3kqtdtr3a6du4ag"}
{"type":"log","timestamp":1728670772163,"level":"info","message":"Rendering template { name: page_number, recipe: chrome-pdf, engine: handlebars, preview: true }","meta":{"rootId":"1krnf5ett8d7ciz","id":"1krnf5ett8d7ciz"},"id":"v1ajt9mj9gypwfr","previousOperationId":"3kqtdtr3a6du4ag"}
{"type":"log","timestamp":1728670772164,"level":"debug","message":"Data item not defined for this template.","meta":{"rootId":"1krnf5ett8d7ciz","id":"1krnf5ett8d7ciz"},"id":"q1l4eq62ol8qrlj","previousOperationId":"3kqtdtr3a6du4ag"}
{"type":"log","timestamp":1728670772164,"level":"debug","message":"Base url not specified, skipping its injection.","meta":{"rootId":"1krnf5ett8d7ciz","id":"1krnf5ett8d7ciz"},"id":"ytswz99i5zudbkm","previousOperationId":"3kqtdtr3a6du4ag"}
{"type":"log","timestamp":1728670772167,"level":"debug","message":"Replaced assets [\"KhmerOSSiemreapRegular.ttf\",\"KhmerOSMuolLightRegular.ttf\",\"times new roman.ttf\"]","meta":{"rootId":"1krnf5ett8d7ciz","id":"1krnf5ett8d7ciz"},"id":"nst9kn57vr8ggo9","previousOperationId":"3kqtdtr3a6du4ag"}
{"type":"operationStart","subtype":"engine","name":"handlebars","timestamp":1728670772167,"id":"3aendhbpisx6j1f","previousEventId":"g4dvuyp3po2wqbj","operationId":"xemnxwxjbowt06p","previousOperationId":"3kqtdtr3a6du4ag"}
{"type":"log","timestamp":1728670772167,"level":"debug","message":"Rendering engine handlebars","meta":{"rootId":"1krnf5ett8d7ciz","id":"1krnf5ett8d7ciz"},"id":"la0b4brtt77lsls","previousOperationId":"xemnxwxjbowt06p"}
{"type":"operationEnd","operationId":"xemnxwxjbowt06p","timestamp":1728670772185,"id":"mgv0c0bvv67jzxd","previousEventId":"3aendhbpisx6j1f","previousOperationId":"xemnxwxjbowt06p"}
{"type":"operationStart","subtype":"recipe","name":"chrome-pdf","timestamp":1728670772188,"id":"f0bao780fsd5gpv","previousEventId":"mgv0c0bvv67jzxd","operationId":"uoms7qiop6lcez0","previousOperationId":"xemnxwxjbowt06p"}
{"type":"log","timestamp":1728670772188,"level":"debug","message":"Executing recipe chrome-pdf","meta":{"rootId":"1krnf5ett8d7ciz","id":"1krnf5ett8d7ciz"},"id":"s8ifrbi3mym1ccl","previousOperationId":"uoms7qiop6lcez0"}
{"type":"log","timestamp":1728670772192,"level":"debug","message":"Converting with chrome Chrome/127.0.6533.99 using chrome-pool strategy","meta":{"rootId":"1krnf5ett8d7ciz","id":"1krnf5ett8d7ciz"},"id":"h9jarxd4m67b8o9","previousOperationId":"uoms7qiop6lcez0"}
{"type":"log","timestamp":1728670772244,"level":"debug","message":"Page request: GET (document) file:///C:/Users/shsmo/AppData/Local/Temp/jsreport/autocleanup/10f44113-9051-4eea-8cd7-5f872b69680e-chrome-pdf.html","meta":{"rootId":"1krnf5ett8d7ciz","id":"1krnf5ett8d7ciz"},"id":"fnhlhbh3e06wmsq","previousOperationId":"uoms7qiop6lcez0"}
{"type":"log","timestamp":1728670772257,"level":"debug","message":"Page request finished: GET (document) 200 file:///C:/Users/shsmo/AppData/Local/Temp/jsreport/autocleanup/10f44113-9051-4eea-8cd7-5f872b69680e-chrome-pdf.html","meta":{"rootId":"1krnf5ett8d7ciz","id":"1krnf5ett8d7ciz"},"id":"17jfioq9o4ns7az","previousOperationId":"uoms7qiop6lcez0"}
{"type":"log","timestamp":1728670772262,"level":"debug","message":"Page request: GET (script) https://cdn.tailwindcss.com/","meta":{"rootId":"1krnf5ett8d7ciz","id":"1krnf5ett8d7ciz"},"id":"ghqmv4x5wpo80gu","previousOperationId":"uoms7qiop6lcez0"}
{"type":"log","timestamp":1728670772270,"level":"warn","message":"Page request failed: GET (script) 302 https://cdn.tailwindcss.com/ (redirect to: /3.4.5)","meta":{"rootId":"1krnf5ett8d7ciz","id":"1krnf5ett8d7ciz"},"id":"r6qj3eepw6t9ycf","previousOperationId":"uoms7qiop6lcez0"}
{"type":"log","timestamp":1728670772271,"level":"debug","message":"Page request: GET (script) https://cdn.tailwindcss.com/3.4.5 (redirect from: https://cdn.tailwindcss.com/)","meta":{"rootId":"1krnf5ett8d7ciz","id":"1krnf5ett8d7ciz"},"id":"lgqn7zlyl6i66i1","previousOperationId":"uoms7qiop6lcez0"}
{"type":"log","timestamp":1728670772291,"level":"debug","message":"Page request finished: GET (script) 200 https://cdn.tailwindcss.com/3.4.5","meta":{"rootId":"1krnf5ett8d7ciz","id":"1krnf5ett8d7ciz"},"id":"o7un8taeae0yti5","previousOperationId":"uoms7qiop6lcez0"}
{"type":"log","timestamp":1728670772334,"level":"debug","message":"(console:warn) cdn.tailwindcss.com should not be used in production. To use Tailwind CSS in production, install it as a PostCSS plugin or use the Tailwind CLI: https://tailwindcss.com/docs/installation","meta":{"userLevel":true,"rootId":"1krnf5ett8d7ciz","id":"1krnf5ett8d7ciz"},"id":"tw1ifu2ltzkbmfk","previousOperationId":"uoms7qiop6lcez0"}
{"type":"log","timestamp":1728670772415,"level":"debug","message":"Running chrome with params {\"marginRight\":\"2cm\",\"marginLeft\":\"2cm\",\"timeout\":599960,\"margin\":{\"right\":\"2cm\",\"left\":\"2cm\"},\"printBackground\":true}","meta":{"rootId":"1krnf5ett8d7ciz","id":"1krnf5ett8d7ciz"},"id":"ewwdguojp5bqh3k","previousOperationId":"uoms7qiop6lcez0"}
{"type":"operationEnd","operationId":"uoms7qiop6lcez0","timestamp":1728670772459,"id":"tts2pj3ekx8p0e7","previousEventId":"f0bao780fsd5gpv","previousOperationId":"uoms7qiop6lcez0"}
{"type":"log","timestamp":1728670772459,"level":"debug","message":"Skipping storing report.","meta":{"rootId":"1krnf5ett8d7ciz","id":"1krnf5ett8d7ciz"},"id":"3tn8gop6fqxa1m7","previousOperationId":"uoms7qiop6lcez0"}
{"type":"log","timestamp":1728670772459,"level":"info","message":"Rendering request 165 finished in 309 ms","meta":{"rootId":"1krnf5ett8d7ciz","id":"1krnf5ett8d7ciz"},"id":"3mpgcanx8x2slwb","previousOperationId":"uoms7qiop6lcez0"}
{"type":"operationEnd","subtype":"render","operationId":"3kqtdtr3a6du4ag","timestamp":1728670772460,"id":"fyt87vbw2o5dwc3","previousEventId":"tts2pj3ekx8p0e7","previousOperationId":"uoms7qiop6lcez0"}
{"type":"operationEnd","doDiffs":false,"previousEventId":"6lkl04jcwoh36vi","previousOperationId":"tlm1qw4ubo2yxgs","operationId":"tlm1qw4ubo2yxgs","timestamp":1728670772461,"id":"1o1h3gdze4bznxa"}
