{"type":"operationStart","subtype":"profile","data":{"_id":"AKIBYv790Vztpqzo","timestamp":"2024-10-13T06:26:49.478Z","state":"queued","mode":"standard","creationDate":"2024-10-13T06:26:49.479Z","modificationDate":"2024-10-13T06:26:49.479Z","shortid":"y1thyo0","inheritedReadPermissions":[],"inheritedEditPermissions":[],"$entitySet":"profiles"},"doDiffs":false,"timestamp":1728800809479,"id":"k2vczh4e1i01lrs","previousOperationId":null,"operationId":"7hyzwdq2ey58azp"}
{"type":"log","level":"info","message":"Render request 94 queued for execution and waiting for available worker","previousOperationId":"7hyzwdq2ey58azp","timestamp":1728800809479,"id":"kj63u9rfy1gft8q"}
{"type":"operationStart","subtype":"render","name":"page_number","previousOperationId":"7hyzwdq2ey58azp","timestamp":1728800809492,"id":"2ctrm685luiret1","previousEventId":"k2vczh4e1i01lrs","operationId":"l6vyo37mj0uzvbz"}
{"type":"log","timestamp":1728800809492,"level":"info","message":"Starting rendering request 94 (user: admin)","meta":{"rootId":"1rbaa9zx8t2fjz2","id":"1rbaa9zx8t2fjz2"},"id":"pf5gczycdt149jl","previousOperationId":"l6vyo37mj0uzvbz"}
{"type":"log","timestamp":1728800809492,"level":"info","message":"Rendering template { name: page_number, recipe: chrome-pdf, engine: handlebars, preview: true }","meta":{"rootId":"1rbaa9zx8t2fjz2","id":"1rbaa9zx8t2fjz2"},"id":"5yb4eh582c7bgyw","previousOperationId":"l6vyo37mj0uzvbz"}
{"type":"log","timestamp":1728800809493,"level":"debug","message":"Data item not defined for this template.","meta":{"rootId":"1rbaa9zx8t2fjz2","id":"1rbaa9zx8t2fjz2"},"id":"k45ii4xoh0qfopz","previousOperationId":"l6vyo37mj0uzvbz"}
{"type":"log","timestamp":1728800809494,"level":"debug","message":"Base url not specified, skipping its injection.","meta":{"rootId":"1rbaa9zx8t2fjz2","id":"1rbaa9zx8t2fjz2"},"id":"8x5f6sel4lbp5nh","previousOperationId":"l6vyo37mj0uzvbz"}
{"type":"log","timestamp":1728800809497,"level":"debug","message":"Replaced assets [\"KhmerOSSiemreapRegular.ttf\",\"KhmerOSMuolLightRegular.ttf\",\"times new roman.ttf\"]","meta":{"rootId":"1rbaa9zx8t2fjz2","id":"1rbaa9zx8t2fjz2"},"id":"y51xf0hvqo8zd11","previousOperationId":"l6vyo37mj0uzvbz"}
{"type":"operationStart","subtype":"engine","name":"handlebars","timestamp":1728800809498,"id":"wlzz4kvz3atj3fi","previousEventId":"2ctrm685luiret1","operationId":"795a9qzuny25sho","previousOperationId":"l6vyo37mj0uzvbz"}
{"type":"log","timestamp":1728800809498,"level":"debug","message":"Rendering engine handlebars","meta":{"rootId":"1rbaa9zx8t2fjz2","id":"1rbaa9zx8t2fjz2"},"id":"oku6kwmaf6xpvca","previousOperationId":"795a9qzuny25sho"}
{"type":"operationEnd","operationId":"795a9qzuny25sho","timestamp":1728800809515,"id":"ks5y6sae3vzcacp","previousEventId":"wlzz4kvz3atj3fi","previousOperationId":"795a9qzuny25sho"}
{"type":"operationStart","subtype":"recipe","name":"chrome-pdf","timestamp":1728800809518,"id":"hk1xkfhpca6snd7","previousEventId":"ks5y6sae3vzcacp","operationId":"h2tii05ea9cinoe","previousOperationId":"795a9qzuny25sho"}
{"type":"log","timestamp":1728800809518,"level":"debug","message":"Executing recipe chrome-pdf","meta":{"rootId":"1rbaa9zx8t2fjz2","id":"1rbaa9zx8t2fjz2"},"id":"0tpcjg4jw9f99uj","previousOperationId":"h2tii05ea9cinoe"}
{"type":"log","timestamp":1728800809521,"level":"debug","message":"Converting with chrome Chrome/127.0.6533.99 using chrome-pool strategy","meta":{"rootId":"1rbaa9zx8t2fjz2","id":"1rbaa9zx8t2fjz2"},"id":"7i6y0631l7kcr8e","previousOperationId":"h2tii05ea9cinoe"}
{"type":"log","timestamp":1728800809563,"level":"debug","message":"Page request: GET (document) file:///C:/Users/shsmo/AppData/Local/Temp/jsreport/autocleanup/4042faaf-a4cc-4ab5-b37c-2fc05c96250e-chrome-pdf.html","meta":{"rootId":"1rbaa9zx8t2fjz2","id":"1rbaa9zx8t2fjz2"},"id":"hffnj338vevy5zq","previousOperationId":"h2tii05ea9cinoe"}
{"type":"log","timestamp":1728800809575,"level":"debug","message":"Page request: GET (script) https://cdn.tailwindcss.com/","meta":{"rootId":"1rbaa9zx8t2fjz2","id":"1rbaa9zx8t2fjz2"},"id":"niw78d4cilz1eve","previousOperationId":"h2tii05ea9cinoe"}
{"type":"log","timestamp":1728800809575,"level":"debug","message":"Page request finished: GET (document) 200 file:///C:/Users/shsmo/AppData/Local/Temp/jsreport/autocleanup/4042faaf-a4cc-4ab5-b37c-2fc05c96250e-chrome-pdf.html","meta":{"rootId":"1rbaa9zx8t2fjz2","id":"1rbaa9zx8t2fjz2"},"id":"9ihzkrrn6w3ruwd","previousOperationId":"h2tii05ea9cinoe"}
{"type":"log","timestamp":1728800809584,"level":"warn","message":"Page request failed: GET (script) 302 https://cdn.tailwindcss.com/ (redirect to: /3.4.5)","meta":{"rootId":"1rbaa9zx8t2fjz2","id":"1rbaa9zx8t2fjz2"},"id":"83t5vtok605nsd4","previousOperationId":"h2tii05ea9cinoe"}
{"type":"log","timestamp":1728800809584,"level":"debug","message":"Page request: GET (script) https://cdn.tailwindcss.com/3.4.5 (redirect from: https://cdn.tailwindcss.com/)","meta":{"rootId":"1rbaa9zx8t2fjz2","id":"1rbaa9zx8t2fjz2"},"id":"56pq2rqc0all9tg","previousOperationId":"h2tii05ea9cinoe"}
{"type":"log","timestamp":1728800809597,"level":"debug","message":"Page request finished: GET (script) 200 https://cdn.tailwindcss.com/3.4.5","meta":{"rootId":"1rbaa9zx8t2fjz2","id":"1rbaa9zx8t2fjz2"},"id":"nlt4vawb03ffn9v","previousOperationId":"h2tii05ea9cinoe"}
{"type":"log","timestamp":1728800809629,"level":"debug","message":"(console:warn) cdn.tailwindcss.com should not be used in production. To use Tailwind CSS in production, install it as a PostCSS plugin or use the Tailwind CLI: https://tailwindcss.com/docs/installation","meta":{"userLevel":true,"rootId":"1rbaa9zx8t2fjz2","id":"1rbaa9zx8t2fjz2"},"id":"9lo9vo3doj6bosj","previousOperationId":"h2tii05ea9cinoe"}
{"type":"log","timestamp":1728800809691,"level":"debug","message":"Running chrome with params {\"marginRight\":\"1.5cm\",\"marginLeft\":\"1cm\",\"timeout\":599958,\"margin\":{\"right\":\"1.5cm\",\"left\":\"1cm\"},\"printBackground\":true}","meta":{"rootId":"1rbaa9zx8t2fjz2","id":"1rbaa9zx8t2fjz2"},"id":"h8b2ureze4qme65","previousOperationId":"h2tii05ea9cinoe"}
{"type":"operationEnd","operationId":"h2tii05ea9cinoe","timestamp":1728800809727,"id":"y79d63xl6hhxqit","previousEventId":"hk1xkfhpca6snd7","previousOperationId":"h2tii05ea9cinoe"}
{"type":"log","timestamp":1728800809727,"level":"debug","message":"Skipping storing report.","meta":{"rootId":"1rbaa9zx8t2fjz2","id":"1rbaa9zx8t2fjz2"},"id":"tppx6xvzk6izsyq","previousOperationId":"h2tii05ea9cinoe"}
{"type":"log","timestamp":1728800809727,"level":"info","message":"Rendering request 94 finished in 249 ms","meta":{"rootId":"1rbaa9zx8t2fjz2","id":"1rbaa9zx8t2fjz2"},"id":"bz9l27i1760sw94","previousOperationId":"h2tii05ea9cinoe"}
{"type":"operationEnd","subtype":"render","operationId":"l6vyo37mj0uzvbz","timestamp":1728800809727,"id":"rsdjh5b99saf2wd","previousEventId":"y79d63xl6hhxqit","previousOperationId":"h2tii05ea9cinoe"}
{"type":"operationEnd","doDiffs":false,"previousEventId":"k2vczh4e1i01lrs","previousOperationId":"7hyzwdq2ey58azp","operationId":"7hyzwdq2ey58azp","timestamp":1728800809729,"id":"1n3r1yxk77lgdhc"}
