{"type":"operationStart","subtype":"profile","data":{"_id":"lUdFCkHKdFzFTmDL","timestamp":"2024-10-13T05:31:05.746Z","state":"queued","mode":"standard","creationDate":"2024-10-13T05:31:05.748Z","modificationDate":"2024-10-13T05:31:05.748Z","shortid":"rB37Ygd","inheritedReadPermissions":[],"inheritedEditPermissions":[],"$entitySet":"profiles"},"doDiffs":false,"timestamp":1728797465747,"id":"e6cbw2h7cyrmflg","previousOperationId":null,"operationId":"ybkk7i3qcrft7qu"}
{"type":"log","level":"info","message":"Render request 26 queued for execution and waiting for available worker","previousOperationId":"ybkk7i3qcrft7qu","timestamp":1728797465747,"id":"6zbi9y0mej6gn8s"}
{"type":"operationStart","subtype":"render","name":"page_number","previousOperationId":"ybkk7i3qcrft7qu","timestamp":1728797465762,"id":"z2ljmvtxp862x37","previousEventId":"e6cbw2h7cyrmflg","operationId":"zpj8mcnq84mn6tz"}
{"type":"log","timestamp":1728797465762,"level":"info","message":"Starting rendering request 26 (user: admin)","meta":{"rootId":"2medsb5t1expn8j","id":"2medsb5t1expn8j"},"id":"kfsgl4jpoofe1cc","previousOperationId":"zpj8mcnq84mn6tz"}
{"type":"log","timestamp":1728797465762,"level":"info","message":"Rendering template { name: page_number, recipe: chrome-pdf, engine: handlebars, preview: true }","meta":{"rootId":"2medsb5t1expn8j","id":"2medsb5t1expn8j"},"id":"7r35yb9vmnu10x2","previousOperationId":"zpj8mcnq84mn6tz"}
{"type":"log","timestamp":1728797465763,"level":"debug","message":"Data item not defined for this template.","meta":{"rootId":"2medsb5t1expn8j","id":"2medsb5t1expn8j"},"id":"lnhp7q5vm6ovj23","previousOperationId":"zpj8mcnq84mn6tz"}
{"type":"log","timestamp":1728797465763,"level":"debug","message":"Base url not specified, skipping its injection.","meta":{"rootId":"2medsb5t1expn8j","id":"2medsb5t1expn8j"},"id":"5ifss7vt1mn14yq","previousOperationId":"zpj8mcnq84mn6tz"}
{"type":"log","timestamp":1728797465766,"level":"debug","message":"Replaced assets [\"KhmerOSSiemreapRegular.ttf\",\"KhmerOSMuolLightRegular.ttf\",\"times new roman.ttf\"]","meta":{"rootId":"2medsb5t1expn8j","id":"2medsb5t1expn8j"},"id":"an1o4nl0dspb3iq","previousOperationId":"zpj8mcnq84mn6tz"}
{"type":"operationStart","subtype":"engine","name":"handlebars","timestamp":1728797465767,"id":"ns6b5n5tyo1p3y9","previousEventId":"z2ljmvtxp862x37","operationId":"fpa2qw61bag2hoo","previousOperationId":"zpj8mcnq84mn6tz"}
{"type":"log","timestamp":1728797465767,"level":"debug","message":"Rendering engine handlebars","meta":{"rootId":"2medsb5t1expn8j","id":"2medsb5t1expn8j"},"id":"zmqjwb4rlzydyaq","previousOperationId":"fpa2qw61bag2hoo"}
{"type":"operationEnd","operationId":"fpa2qw61bag2hoo","timestamp":1728797465784,"id":"s83paxvwvtknsgi","previousEventId":"ns6b5n5tyo1p3y9","previousOperationId":"fpa2qw61bag2hoo"}
{"type":"operationStart","subtype":"recipe","name":"chrome-pdf","timestamp":1728797465787,"id":"ga7bkk8bx3dbp7j","previousEventId":"s83paxvwvtknsgi","operationId":"m7rqeqszpgemckv","previousOperationId":"fpa2qw61bag2hoo"}
{"type":"log","timestamp":1728797465787,"level":"debug","message":"Executing recipe chrome-pdf","meta":{"rootId":"2medsb5t1expn8j","id":"2medsb5t1expn8j"},"id":"f794u4ebtflk2g8","previousOperationId":"m7rqeqszpgemckv"}
{"type":"log","timestamp":1728797465790,"level":"debug","message":"Converting with chrome Chrome/127.0.6533.99 using chrome-pool strategy","meta":{"rootId":"2medsb5t1expn8j","id":"2medsb5t1expn8j"},"id":"2o9n9scz7zv33de","previousOperationId":"m7rqeqszpgemckv"}
{"type":"log","timestamp":1728797465833,"level":"debug","message":"Page request: GET (document) file:///C:/Users/shsmo/AppData/Local/Temp/jsreport/autocleanup/fb17541e-7f9e-4d07-ac0d-4dd54c92b3df-chrome-pdf.html","meta":{"rootId":"2medsb5t1expn8j","id":"2medsb5t1expn8j"},"id":"7017l8xu7znp0xw","previousOperationId":"m7rqeqszpgemckv"}
{"type":"log","timestamp":1728797465845,"level":"debug","message":"Page request finished: GET (document) 200 file:///C:/Users/shsmo/AppData/Local/Temp/jsreport/autocleanup/fb17541e-7f9e-4d07-ac0d-4dd54c92b3df-chrome-pdf.html","meta":{"rootId":"2medsb5t1expn8j","id":"2medsb5t1expn8j"},"id":"17sziqh3d6vvxb9","previousOperationId":"m7rqeqszpgemckv"}
{"type":"log","timestamp":1728797465845,"level":"debug","message":"Page request: GET (script) https://cdn.tailwindcss.com/","meta":{"rootId":"2medsb5t1expn8j","id":"2medsb5t1expn8j"},"id":"n8o4xxrdp947lud","previousOperationId":"m7rqeqszpgemckv"}
{"type":"log","timestamp":1728797465852,"level":"warn","message":"Page request failed: GET (script) 302 https://cdn.tailwindcss.com/ (redirect to: /3.4.5)","meta":{"rootId":"2medsb5t1expn8j","id":"2medsb5t1expn8j"},"id":"f18phjjnbmfgfty","previousOperationId":"m7rqeqszpgemckv"}
{"type":"log","timestamp":1728797465852,"level":"debug","message":"Page request: GET (script) https://cdn.tailwindcss.com/3.4.5 (redirect from: https://cdn.tailwindcss.com/)","meta":{"rootId":"2medsb5t1expn8j","id":"2medsb5t1expn8j"},"id":"5dp2kz7q8xvbpii","previousOperationId":"m7rqeqszpgemckv"}
{"type":"log","timestamp":1728797465865,"level":"debug","message":"Page request finished: GET (script) 200 https://cdn.tailwindcss.com/3.4.5","meta":{"rootId":"2medsb5t1expn8j","id":"2medsb5t1expn8j"},"id":"roeqc0vwnbfcryq","previousOperationId":"m7rqeqszpgemckv"}
{"type":"log","timestamp":1728797465896,"level":"debug","message":"(console:warn) cdn.tailwindcss.com should not be used in production. To use Tailwind CSS in production, install it as a PostCSS plugin or use the Tailwind CLI: https://tailwindcss.com/docs/installation","meta":{"userLevel":true,"rootId":"2medsb5t1expn8j","id":"2medsb5t1expn8j"},"id":"6hadnywvfnayx5l","previousOperationId":"m7rqeqszpgemckv"}
{"type":"log","timestamp":1728797465958,"level":"debug","message":"Running chrome with params {\"marginRight\":\"1.5cm\",\"marginLeft\":\"1cm\",\"timeout\":599957,\"margin\":{\"right\":\"1.5cm\",\"left\":\"1cm\"},\"printBackground\":true}","meta":{"rootId":"2medsb5t1expn8j","id":"2medsb5t1expn8j"},"id":"bdzk3cpgnw6m0xw","previousOperationId":"m7rqeqszpgemckv"}
{"type":"operationEnd","operationId":"m7rqeqszpgemckv","timestamp":1728797465998,"id":"6j6bhckeleoiwst","previousEventId":"ga7bkk8bx3dbp7j","previousOperationId":"m7rqeqszpgemckv"}
{"type":"log","timestamp":1728797465998,"level":"debug","message":"Skipping storing report.","meta":{"rootId":"2medsb5t1expn8j","id":"2medsb5t1expn8j"},"id":"nn2hfnbmx26b1jf","previousOperationId":"m7rqeqszpgemckv"}
{"type":"log","timestamp":1728797465998,"level":"info","message":"Rendering request 26 finished in 252 ms","meta":{"rootId":"2medsb5t1expn8j","id":"2medsb5t1expn8j"},"id":"7kyfqnwamzznqfz","previousOperationId":"m7rqeqszpgemckv"}
{"type":"operationEnd","subtype":"render","operationId":"zpj8mcnq84mn6tz","timestamp":1728797465998,"id":"zzvdvosxflgdnhn","previousEventId":"6j6bhckeleoiwst","previousOperationId":"m7rqeqszpgemckv"}
{"type":"operationEnd","doDiffs":false,"previousEventId":"e6cbw2h7cyrmflg","previousOperationId":"ybkk7i3qcrft7qu","operationId":"ybkk7i3qcrft7qu","timestamp":1728797466001,"id":"uylhanjvnabaccp"}
