{"type":"operationStart","subtype":"profile","data":{"_id":"5RPNLcpnpn92SIrY","timestamp":"2024-10-13T06:38:05.907Z","state":"queued","mode":"standard","creationDate":"2024-10-13T06:38:05.908Z","modificationDate":"2024-10-13T06:38:05.908Z","shortid":"vif5xzm","inheritedReadPermissions":[],"inheritedEditPermissions":[],"$entitySet":"profiles"},"doDiffs":false,"timestamp":1728801485908,"id":"14zjir9m8gz0mj0","previousOperationId":null,"operationId":"dnoez78zkvgq3ax"}
{"type":"log","level":"info","message":"Render request 118 queued for execution and waiting for available worker","previousOperationId":"dnoez78zkvgq3ax","timestamp":1728801485908,"id":"av0uknomwkbyhob"}
{"type":"operationStart","subtype":"render","name":"page_number","previousOperationId":"dnoez78zkvgq3ax","timestamp":1728801485923,"id":"jscxosfqa2qvcpb","previousEventId":"14zjir9m8gz0mj0","operationId":"uhtlpdmcudqtazs"}
{"type":"log","timestamp":1728801485923,"level":"info","message":"Starting rendering request 118 (user: admin)","meta":{"rootId":"3bm6as0l91v8fb7","id":"3bm6as0l91v8fb7"},"id":"9ktyysizh917t8w","previousOperationId":"uhtlpdmcudqtazs"}
{"type":"log","timestamp":1728801485923,"level":"info","message":"Rendering template { name: page_number, recipe: chrome-pdf, engine: handlebars, preview: true }","meta":{"rootId":"3bm6as0l91v8fb7","id":"3bm6as0l91v8fb7"},"id":"gdmyyfaxmm2syou","previousOperationId":"uhtlpdmcudqtazs"}
{"type":"log","timestamp":1728801485923,"level":"debug","message":"Data item not defined for this template.","meta":{"rootId":"3bm6as0l91v8fb7","id":"3bm6as0l91v8fb7"},"id":"i5ciye94qz9fluo","previousOperationId":"uhtlpdmcudqtazs"}
{"type":"log","timestamp":1728801485924,"level":"debug","message":"Base url not specified, skipping its injection.","meta":{"rootId":"3bm6as0l91v8fb7","id":"3bm6as0l91v8fb7"},"id":"kzpg0bxdgb79yc9","previousOperationId":"uhtlpdmcudqtazs"}
{"type":"log","timestamp":1728801485928,"level":"debug","message":"Replaced assets [\"KhmerOSSiemreapRegular.ttf\",\"KhmerOSMuolLightRegular.ttf\",\"times new roman.ttf\"]","meta":{"rootId":"3bm6as0l91v8fb7","id":"3bm6as0l91v8fb7"},"id":"igk4vi14c1gp9ah","previousOperationId":"uhtlpdmcudqtazs"}
{"type":"operationStart","subtype":"engine","name":"handlebars","timestamp":1728801485928,"id":"4e0srcqqi8milxf","previousEventId":"jscxosfqa2qvcpb","operationId":"iz22tt7bc7zzldw","previousOperationId":"uhtlpdmcudqtazs"}
{"type":"log","timestamp":1728801485928,"level":"debug","message":"Rendering engine handlebars","meta":{"rootId":"3bm6as0l91v8fb7","id":"3bm6as0l91v8fb7"},"id":"embenbe4a8dmgr8","previousOperationId":"iz22tt7bc7zzldw"}
{"type":"operationEnd","operationId":"iz22tt7bc7zzldw","timestamp":1728801485944,"id":"jmklyz8twn7np99","previousEventId":"4e0srcqqi8milxf","previousOperationId":"iz22tt7bc7zzldw"}
{"type":"operationStart","subtype":"recipe","name":"chrome-pdf","timestamp":1728801485947,"id":"5oybflddkkgen1r","previousEventId":"jmklyz8twn7np99","operationId":"ytr1fv32c8eggpg","previousOperationId":"iz22tt7bc7zzldw"}
{"type":"log","timestamp":1728801485947,"level":"debug","message":"Executing recipe chrome-pdf","meta":{"rootId":"3bm6as0l91v8fb7","id":"3bm6as0l91v8fb7"},"id":"efk67bofouoq6uu","previousOperationId":"ytr1fv32c8eggpg"}
{"type":"log","timestamp":1728801485950,"level":"debug","message":"Converting with chrome Chrome/127.0.6533.99 using chrome-pool strategy","meta":{"rootId":"3bm6as0l91v8fb7","id":"3bm6as0l91v8fb7"},"id":"dnmtxtg75abky4s","previousOperationId":"ytr1fv32c8eggpg"}
{"type":"log","timestamp":1728801485991,"level":"debug","message":"Page request: GET (document) file:///C:/Users/shsmo/AppData/Local/Temp/jsreport/autocleanup/f91c8459-7416-4ac7-9613-01159daffd5e-chrome-pdf.html","meta":{"rootId":"3bm6as0l91v8fb7","id":"3bm6as0l91v8fb7"},"id":"f9mseb4p6lwxjv4","previousOperationId":"ytr1fv32c8eggpg"}
{"type":"log","timestamp":1728801486005,"level":"debug","message":"Page request finished: GET (document) 200 file:///C:/Users/shsmo/AppData/Local/Temp/jsreport/autocleanup/f91c8459-7416-4ac7-9613-01159daffd5e-chrome-pdf.html","meta":{"rootId":"3bm6as0l91v8fb7","id":"3bm6as0l91v8fb7"},"id":"e5crqn7hfim1vfc","previousOperationId":"ytr1fv32c8eggpg"}
{"type":"log","timestamp":1728801486005,"level":"debug","message":"Page request: GET (script) https://cdn.tailwindcss.com/","meta":{"rootId":"3bm6as0l91v8fb7","id":"3bm6as0l91v8fb7"},"id":"epolzdw6h62glkq","previousOperationId":"ytr1fv32c8eggpg"}
{"type":"log","timestamp":1728801486012,"level":"warn","message":"Page request failed: GET (script) 302 https://cdn.tailwindcss.com/ (redirect to: /3.4.5)","meta":{"rootId":"3bm6as0l91v8fb7","id":"3bm6as0l91v8fb7"},"id":"30ufgujcrovpd1y","previousOperationId":"ytr1fv32c8eggpg"}
{"type":"log","timestamp":1728801486012,"level":"debug","message":"Page request: GET (script) https://cdn.tailwindcss.com/3.4.5 (redirect from: https://cdn.tailwindcss.com/)","meta":{"rootId":"3bm6as0l91v8fb7","id":"3bm6as0l91v8fb7"},"id":"itruwwb1oii25uj","previousOperationId":"ytr1fv32c8eggpg"}
{"type":"log","timestamp":1728801486025,"level":"debug","message":"Page request finished: GET (script) 200 https://cdn.tailwindcss.com/3.4.5","meta":{"rootId":"3bm6as0l91v8fb7","id":"3bm6as0l91v8fb7"},"id":"5elem7db4lg3y3o","previousOperationId":"ytr1fv32c8eggpg"}
{"type":"log","timestamp":1728801486057,"level":"debug","message":"(console:warn) cdn.tailwindcss.com should not be used in production. To use Tailwind CSS in production, install it as a PostCSS plugin or use the Tailwind CLI: https://tailwindcss.com/docs/installation","meta":{"userLevel":true,"rootId":"3bm6as0l91v8fb7","id":"3bm6as0l91v8fb7"},"id":"kol1ebs137x4f9d","previousOperationId":"ytr1fv32c8eggpg"}
{"type":"log","timestamp":1728801486113,"level":"debug","message":"Running chrome with params {\"marginRight\":\"1.5cm\",\"marginLeft\":\"1cm\",\"timeout\":599958,\"margin\":{\"right\":\"1.5cm\",\"left\":\"1cm\"},\"printBackground\":true}","meta":{"rootId":"3bm6as0l91v8fb7","id":"3bm6as0l91v8fb7"},"id":"wh3phha0ps0kc86","previousOperationId":"ytr1fv32c8eggpg"}
{"type":"operationEnd","operationId":"ytr1fv32c8eggpg","timestamp":1728801486152,"id":"uan5kte7vay0p2h","previousEventId":"5oybflddkkgen1r","previousOperationId":"ytr1fv32c8eggpg"}
{"type":"log","timestamp":1728801486152,"level":"debug","message":"Skipping storing report.","meta":{"rootId":"3bm6as0l91v8fb7","id":"3bm6as0l91v8fb7"},"id":"yqmy6c6afwno9hw","previousOperationId":"ytr1fv32c8eggpg"}
{"type":"log","timestamp":1728801486152,"level":"info","message":"Rendering request 118 finished in 245 ms","meta":{"rootId":"3bm6as0l91v8fb7","id":"3bm6as0l91v8fb7"},"id":"0beva0s4a8kj5yg","previousOperationId":"ytr1fv32c8eggpg"}
{"type":"operationEnd","subtype":"render","operationId":"uhtlpdmcudqtazs","timestamp":1728801486152,"id":"g08b9a3iddserqc","previousEventId":"uan5kte7vay0p2h","previousOperationId":"ytr1fv32c8eggpg"}
{"type":"operationEnd","doDiffs":false,"previousEventId":"14zjir9m8gz0mj0","previousOperationId":"dnoez78zkvgq3ax","operationId":"dnoez78zkvgq3ax","timestamp":1728801486154,"id":"ug75pcmfw8b4g8b"}
