{"type":"operationStart","subtype":"profile","data":{"_id":"5LH3BvKyUWGj1xNl","timestamp":"2024-10-13T06:21:20.361Z","state":"queued","mode":"standard","creationDate":"2024-10-13T06:21:20.363Z","modificationDate":"2024-10-13T06:21:20.363Z","shortid":"18DsCL9","inheritedReadPermissions":[],"inheritedEditPermissions":[],"$entitySet":"profiles"},"doDiffs":false,"timestamp":1728800480362,"id":"ajofgr12ncq8og5","previousOperationId":null,"operationId":"fk7zq5xqqv65zqg"}
{"type":"log","level":"info","message":"Render request 82 queued for execution and waiting for available worker","previousOperationId":"fk7zq5xqqv65zqg","timestamp":1728800480362,"id":"9yetg14ho5ijart"}
{"type":"operationStart","subtype":"render","name":"page_number","previousOperationId":"fk7zq5xqqv65zqg","timestamp":1728800480375,"id":"sml24riu7j8s6g8","previousEventId":"ajofgr12ncq8og5","operationId":"t3hfqiw79aw9uxc"}
{"type":"log","timestamp":1728800480375,"level":"info","message":"Starting rendering request 82 (user: admin)","meta":{"rootId":"3i930zhhienguzm","id":"3i930zhhienguzm"},"id":"25kav8qmt9db8rv","previousOperationId":"t3hfqiw79aw9uxc"}
{"type":"log","timestamp":1728800480375,"level":"info","message":"Rendering template { name: page_number, recipe: chrome-pdf, engine: handlebars, preview: true }","meta":{"rootId":"3i930zhhienguzm","id":"3i930zhhienguzm"},"id":"ymakyw2xsmmvgpb","previousOperationId":"t3hfqiw79aw9uxc"}
{"type":"log","timestamp":1728800480376,"level":"debug","message":"Data item not defined for this template.","meta":{"rootId":"3i930zhhienguzm","id":"3i930zhhienguzm"},"id":"esiclp0eumas8c1","previousOperationId":"t3hfqiw79aw9uxc"}
{"type":"log","timestamp":1728800480377,"level":"debug","message":"Base url not specified, skipping its injection.","meta":{"rootId":"3i930zhhienguzm","id":"3i930zhhienguzm"},"id":"k315u6gg0x3adnx","previousOperationId":"t3hfqiw79aw9uxc"}
{"type":"log","timestamp":1728800480380,"level":"debug","message":"Replaced assets [\"KhmerOSSiemreapRegular.ttf\",\"KhmerOSMuolLightRegular.ttf\",\"times new roman.ttf\"]","meta":{"rootId":"3i930zhhienguzm","id":"3i930zhhienguzm"},"id":"5hd1z2n88d47i63","previousOperationId":"t3hfqiw79aw9uxc"}
{"type":"operationStart","subtype":"engine","name":"handlebars","timestamp":1728800480381,"id":"4tzv5zoi28ui5nk","previousEventId":"sml24riu7j8s6g8","operationId":"icvq4u2r9fn3okx","previousOperationId":"t3hfqiw79aw9uxc"}
{"type":"log","timestamp":1728800480381,"level":"debug","message":"Rendering engine handlebars","meta":{"rootId":"3i930zhhienguzm","id":"3i930zhhienguzm"},"id":"3doxivuj71lb0t2","previousOperationId":"icvq4u2r9fn3okx"}
{"type":"operationEnd","operationId":"icvq4u2r9fn3okx","timestamp":1728800480397,"id":"cbcmfivlqay732b","previousEventId":"4tzv5zoi28ui5nk","previousOperationId":"icvq4u2r9fn3okx"}
{"type":"operationStart","subtype":"recipe","name":"chrome-pdf","timestamp":1728800480400,"id":"8x29rod7tbrmrd3","previousEventId":"cbcmfivlqay732b","operationId":"tk3vmsuj0891te4","previousOperationId":"icvq4u2r9fn3okx"}
{"type":"log","timestamp":1728800480400,"level":"debug","message":"Executing recipe chrome-pdf","meta":{"rootId":"3i930zhhienguzm","id":"3i930zhhienguzm"},"id":"cahnz2uat35pqbb","previousOperationId":"tk3vmsuj0891te4"}
{"type":"log","timestamp":1728800480403,"level":"debug","message":"Converting with chrome Chrome/127.0.6533.99 using chrome-pool strategy","meta":{"rootId":"3i930zhhienguzm","id":"3i930zhhienguzm"},"id":"zcpgrryltivoasp","previousOperationId":"tk3vmsuj0891te4"}
{"type":"log","timestamp":1728800480441,"level":"debug","message":"Page request: GET (document) file:///C:/Users/shsmo/AppData/Local/Temp/jsreport/autocleanup/8e3aad7b-5c28-4fcc-9c38-99419ad4f7bf-chrome-pdf.html","meta":{"rootId":"3i930zhhienguzm","id":"3i930zhhienguzm"},"id":"jp5fk630rugjz93","previousOperationId":"tk3vmsuj0891te4"}
{"type":"log","timestamp":1728800480452,"level":"debug","message":"Page request: GET (script) https://cdn.tailwindcss.com/","meta":{"rootId":"3i930zhhienguzm","id":"3i930zhhienguzm"},"id":"tkgrq3oe21bt942","previousOperationId":"tk3vmsuj0891te4"}
{"type":"log","timestamp":1728800480453,"level":"debug","message":"Page request finished: GET (document) 200 file:///C:/Users/shsmo/AppData/Local/Temp/jsreport/autocleanup/8e3aad7b-5c28-4fcc-9c38-99419ad4f7bf-chrome-pdf.html","meta":{"rootId":"3i930zhhienguzm","id":"3i930zhhienguzm"},"id":"p2ji73tvw3itcc3","previousOperationId":"tk3vmsuj0891te4"}
{"type":"log","timestamp":1728800480461,"level":"warn","message":"Page request failed: GET (script) 302 https://cdn.tailwindcss.com/ (redirect to: /3.4.5)","meta":{"rootId":"3i930zhhienguzm","id":"3i930zhhienguzm"},"id":"4kri8z83bjmia8w","previousOperationId":"tk3vmsuj0891te4"}
{"type":"log","timestamp":1728800480461,"level":"debug","message":"Page request: GET (script) https://cdn.tailwindcss.com/3.4.5 (redirect from: https://cdn.tailwindcss.com/)","meta":{"rootId":"3i930zhhienguzm","id":"3i930zhhienguzm"},"id":"m4wz1f4tzb2nwkp","previousOperationId":"tk3vmsuj0891te4"}
{"type":"log","timestamp":1728800480474,"level":"debug","message":"Page request finished: GET (script) 200 https://cdn.tailwindcss.com/3.4.5","meta":{"rootId":"3i930zhhienguzm","id":"3i930zhhienguzm"},"id":"0pq1xuhyiz0s3qe","previousOperationId":"tk3vmsuj0891te4"}
{"type":"log","timestamp":1728800480505,"level":"debug","message":"(console:warn) cdn.tailwindcss.com should not be used in production. To use Tailwind CSS in production, install it as a PostCSS plugin or use the Tailwind CLI: https://tailwindcss.com/docs/installation","meta":{"userLevel":true,"rootId":"3i930zhhienguzm","id":"3i930zhhienguzm"},"id":"v9ecefyyi4anqii","previousOperationId":"tk3vmsuj0891te4"}
{"type":"log","timestamp":1728800480561,"level":"debug","message":"Running chrome with params {\"marginRight\":\"1.5cm\",\"marginLeft\":\"1cm\",\"timeout\":599959,\"margin\":{\"right\":\"1.5cm\",\"left\":\"1cm\"},\"printBackground\":true}","meta":{"rootId":"3i930zhhienguzm","id":"3i930zhhienguzm"},"id":"77aoe92tdwj6tja","previousOperationId":"tk3vmsuj0891te4"}
{"type":"operationEnd","operationId":"tk3vmsuj0891te4","timestamp":1728800480596,"id":"8es0ug8y1a2fzlo","previousEventId":"8x29rod7tbrmrd3","previousOperationId":"tk3vmsuj0891te4"}
{"type":"log","timestamp":1728800480597,"level":"debug","message":"Skipping storing report.","meta":{"rootId":"3i930zhhienguzm","id":"3i930zhhienguzm"},"id":"emwijzjt7a93z1l","previousOperationId":"tk3vmsuj0891te4"}
{"type":"log","timestamp":1728800480597,"level":"info","message":"Rendering request 82 finished in 236 ms","meta":{"rootId":"3i930zhhienguzm","id":"3i930zhhienguzm"},"id":"8tn6i74j4g3iqq6","previousOperationId":"tk3vmsuj0891te4"}
{"type":"operationEnd","subtype":"render","operationId":"t3hfqiw79aw9uxc","timestamp":1728800480597,"id":"3pyf9n086ud8e4o","previousEventId":"8es0ug8y1a2fzlo","previousOperationId":"tk3vmsuj0891te4"}
{"type":"operationEnd","doDiffs":false,"previousEventId":"ajofgr12ncq8og5","previousOperationId":"fk7zq5xqqv65zqg","operationId":"fk7zq5xqqv65zqg","timestamp":1728800480598,"id":"u0nyy4sx2c8cm4w"}
