{"type":"operationStart","subtype":"profile","data":{"_id":"82UNfnh18S84VFvC","timestamp":"2024-10-11T16:40:07.261Z","state":"queued","mode":"standard","creationDate":"2024-10-11T16:40:07.263Z","modificationDate":"2024-10-11T16:40:07.263Z","shortid":"9RVlfVc","inheritedReadPermissions":[],"inheritedEditPermissions":[],"$entitySet":"profiles"},"doDiffs":false,"timestamp":1728664807262,"id":"a1aaigh9r7yjrgy","previousOperationId":null,"operationId":"206dyqmigj3juhx"}
{"type":"log","level":"info","message":"Render request 84 queued for execution and waiting for available worker","previousOperationId":"206dyqmigj3juhx","timestamp":1728664807262,"id":"93wijkdqmmvwzoq"}
{"type":"operationStart","subtype":"render","name":"page_number","previousOperationId":"206dyqmigj3juhx","timestamp":1728664807275,"id":"lnus2crdqjpocrg","previousEventId":"a1aaigh9r7yjrgy","operationId":"oya8qxhwasli4ai"}
{"type":"log","timestamp":1728664807275,"level":"info","message":"Starting rendering request 84 (user: admin)","meta":{"rootId":"444e2rjvy731n3u","id":"444e2rjvy731n3u"},"id":"lz6gjdfspzom7tq","previousOperationId":"oya8qxhwasli4ai"}
{"type":"log","timestamp":1728664807275,"level":"info","message":"Rendering template { name: page_number, recipe: chrome-pdf, engine: handlebars, preview: true }","meta":{"rootId":"444e2rjvy731n3u","id":"444e2rjvy731n3u"},"id":"zhf0w3qqkpyl1k2","previousOperationId":"oya8qxhwasli4ai"}
{"type":"log","timestamp":1728664807275,"level":"debug","message":"Data item not defined for this template.","meta":{"rootId":"444e2rjvy731n3u","id":"444e2rjvy731n3u"},"id":"mcws1n5w3wcshol","previousOperationId":"oya8qxhwasli4ai"}
{"type":"log","timestamp":1728664807276,"level":"debug","message":"Base url not specified, skipping its injection.","meta":{"rootId":"444e2rjvy731n3u","id":"444e2rjvy731n3u"},"id":"19jf4u8cix3mijw","previousOperationId":"oya8qxhwasli4ai"}
{"type":"log","timestamp":1728664807280,"level":"debug","message":"Replaced assets [\"KhmerOSSiemreapRegular.ttf\",\"times new roman.ttf\",\"tailwind-3.4.1.js\"]","meta":{"rootId":"444e2rjvy731n3u","id":"444e2rjvy731n3u"},"id":"96zxyam1nanvxy9","previousOperationId":"oya8qxhwasli4ai"}
{"type":"operationStart","subtype":"engine","name":"handlebars","timestamp":1728664807280,"id":"ahms37omk82461o","previousEventId":"lnus2crdqjpocrg","operationId":"maa3kryx79yxa8f","previousOperationId":"oya8qxhwasli4ai"}
{"type":"log","timestamp":1728664807280,"level":"debug","message":"Rendering engine handlebars","meta":{"rootId":"444e2rjvy731n3u","id":"444e2rjvy731n3u"},"id":"7dudubo4xpdzcwj","previousOperationId":"maa3kryx79yxa8f"}
{"type":"operationEnd","operationId":"maa3kryx79yxa8f","timestamp":1728664807304,"id":"hgdab923ouxvxj2","previousEventId":"ahms37omk82461o","previousOperationId":"maa3kryx79yxa8f"}
{"type":"operationStart","subtype":"recipe","name":"chrome-pdf","timestamp":1728664807306,"id":"oqi79w5uwne0jld","previousEventId":"hgdab923ouxvxj2","operationId":"uz4vgvd639ow4e3","previousOperationId":"maa3kryx79yxa8f"}
{"type":"log","timestamp":1728664807306,"level":"debug","message":"Executing recipe chrome-pdf","meta":{"rootId":"444e2rjvy731n3u","id":"444e2rjvy731n3u"},"id":"zv81l52t0qhcfkk","previousOperationId":"uz4vgvd639ow4e3"}
{"type":"log","timestamp":1728664807309,"level":"debug","message":"Converting with chrome Chrome/127.0.6533.99 using chrome-pool strategy","meta":{"rootId":"444e2rjvy731n3u","id":"444e2rjvy731n3u"},"id":"yr1f8gbcbunmu6h","previousOperationId":"uz4vgvd639ow4e3"}
{"type":"log","timestamp":1728664807349,"level":"debug","message":"Page request: GET (document) file:///C:/Users/shsmo/AppData/Local/Temp/jsreport/autocleanup/42f5cb07-8c35-4789-a84b-417c44faefdc-chrome-pdf.html","meta":{"rootId":"444e2rjvy731n3u","id":"444e2rjvy731n3u"},"id":"5mq4rtcxb0ax954","previousOperationId":"uz4vgvd639ow4e3"}
{"type":"log","timestamp":1728664807360,"level":"debug","message":"Page request finished: GET (document) 200 file:///C:/Users/shsmo/AppData/Local/Temp/jsreport/autocleanup/42f5cb07-8c35-4789-a84b-417c44faefdc-chrome-pdf.html","meta":{"rootId":"444e2rjvy731n3u","id":"444e2rjvy731n3u"},"id":"p147i5efllrtvz0","previousOperationId":"uz4vgvd639ow4e3"}
{"type":"log","timestamp":1728664807416,"level":"debug","message":"(console:warn) cdn.tailwindcss.com should not be used in production. To use Tailwind CSS in production, install it as a PostCSS plugin or use the Tailwind CLI: https://tailwindcss.com/docs/installation","meta":{"userLevel":true,"rootId":"444e2rjvy731n3u","id":"444e2rjvy731n3u"},"id":"s14uvikdmiyjcnd","previousOperationId":"uz4vgvd639ow4e3"}
{"type":"log","timestamp":1728664807485,"level":"debug","message":"Running chrome with params {\"timeout\":599953,\"margin\":{},\"printBackground\":true}","meta":{"rootId":"444e2rjvy731n3u","id":"444e2rjvy731n3u"},"id":"k4tk68bq700ymre","previousOperationId":"uz4vgvd639ow4e3"}
{"type":"operationEnd","operationId":"uz4vgvd639ow4e3","timestamp":1728664807530,"id":"xo183px8njwcykb","previousEventId":"oqi79w5uwne0jld","previousOperationId":"uz4vgvd639ow4e3"}
{"type":"log","timestamp":1728664807530,"level":"debug","message":"Skipping storing report.","meta":{"rootId":"444e2rjvy731n3u","id":"444e2rjvy731n3u"},"id":"2o4pd333wv66tpb","previousOperationId":"uz4vgvd639ow4e3"}
{"type":"log","timestamp":1728664807530,"level":"info","message":"Rendering request 84 finished in 269 ms","meta":{"rootId":"444e2rjvy731n3u","id":"444e2rjvy731n3u"},"id":"pd8qrwzfaavx7xn","previousOperationId":"uz4vgvd639ow4e3"}
{"type":"operationEnd","subtype":"render","operationId":"oya8qxhwasli4ai","timestamp":1728664807530,"id":"gxiqq38sdtowq6q","previousEventId":"xo183px8njwcykb","previousOperationId":"uz4vgvd639ow4e3"}
{"type":"operationEnd","doDiffs":false,"previousEventId":"a1aaigh9r7yjrgy","previousOperationId":"206dyqmigj3juhx","operationId":"206dyqmigj3juhx","timestamp":1728664807532,"id":"cw9jo7rmynh5meh"}
