{"type":"operationStart","subtype":"profile","data":{"_id":"7hwLWFkE2EPmwnKP","timestamp":"2024-10-11T18:18:36.203Z","state":"queued","mode":"standard","creationDate":"2024-10-11T18:18:36.204Z","modificationDate":"2024-10-11T18:18:36.204Z","shortid":"TYN5Vgy","inheritedReadPermissions":[],"inheritedEditPermissions":[],"$entitySet":"profiles"},"doDiffs":false,"timestamp":1728670716203,"id":"14bgkz2wogyaw5n","previousOperationId":null,"operationId":"8ooltdg2nu30o8j"}
{"type":"log","level":"info","message":"Render request 160 queued for execution and waiting for available worker","previousOperationId":"8ooltdg2nu30o8j","timestamp":1728670716203,"id":"wylgnhlblqkmxnw"}
{"type":"operationStart","subtype":"render","name":"page_number","previousOperationId":"8ooltdg2nu30o8j","timestamp":1728670716216,"id":"i75ppkgwpxr3tqt","previousEventId":"14bgkz2wogyaw5n","operationId":"nmdev4bzq5nbc9i"}
{"type":"log","timestamp":1728670716216,"level":"info","message":"Starting rendering request 160 (user: admin)","meta":{"rootId":"4dc8nentcel9mk5","id":"4dc8nentcel9mk5"},"id":"w54xzaz4ea4mvfy","previousOperationId":"nmdev4bzq5nbc9i"}
{"type":"log","timestamp":1728670716216,"level":"info","message":"Rendering template { name: page_number, recipe: chrome-pdf, engine: handlebars, preview: true }","meta":{"rootId":"4dc8nentcel9mk5","id":"4dc8nentcel9mk5"},"id":"bjvcq4pw40iuk0g","previousOperationId":"nmdev4bzq5nbc9i"}
{"type":"log","timestamp":1728670716216,"level":"debug","message":"Data item not defined for this template.","meta":{"rootId":"4dc8nentcel9mk5","id":"4dc8nentcel9mk5"},"id":"fmerkn540w2ya65","previousOperationId":"nmdev4bzq5nbc9i"}
{"type":"log","timestamp":1728670716218,"level":"debug","message":"Base url not specified, skipping its injection.","meta":{"rootId":"4dc8nentcel9mk5","id":"4dc8nentcel9mk5"},"id":"75fg26lgefzsptl","previousOperationId":"nmdev4bzq5nbc9i"}
{"type":"log","timestamp":1728670716224,"level":"debug","message":"Replaced assets [\"KhmerOSSiemreapRegular.ttf\",\"KhmerOSMuolLightRegular.ttf\",\"times new roman.ttf\"]","meta":{"rootId":"4dc8nentcel9mk5","id":"4dc8nentcel9mk5"},"id":"styg0rt5un5353q","previousOperationId":"nmdev4bzq5nbc9i"}
{"type":"operationStart","subtype":"engine","name":"handlebars","timestamp":1728670716224,"id":"eyoo12qygfcy90z","previousEventId":"i75ppkgwpxr3tqt","operationId":"3ubuuo15fjpom3m","previousOperationId":"nmdev4bzq5nbc9i"}
{"type":"log","timestamp":1728670716224,"level":"debug","message":"Rendering engine handlebars","meta":{"rootId":"4dc8nentcel9mk5","id":"4dc8nentcel9mk5"},"id":"s8x2a4a5e12ntbm","previousOperationId":"3ubuuo15fjpom3m"}
{"type":"operationEnd","operationId":"3ubuuo15fjpom3m","timestamp":1728670716245,"id":"wxtqkcgkm7j7h1t","previousEventId":"eyoo12qygfcy90z","previousOperationId":"3ubuuo15fjpom3m"}
{"type":"operationStart","subtype":"recipe","name":"chrome-pdf","timestamp":1728670716248,"id":"pjp88aimi8a4zfx","previousEventId":"wxtqkcgkm7j7h1t","operationId":"xraul5y31q2hekb","previousOperationId":"3ubuuo15fjpom3m"}
{"type":"log","timestamp":1728670716248,"level":"debug","message":"Executing recipe chrome-pdf","meta":{"rootId":"4dc8nentcel9mk5","id":"4dc8nentcel9mk5"},"id":"bgohr8lapr6eewq","previousOperationId":"xraul5y31q2hekb"}
{"type":"log","timestamp":1728670716251,"level":"debug","message":"Converting with chrome Chrome/127.0.6533.99 using chrome-pool strategy","meta":{"rootId":"4dc8nentcel9mk5","id":"4dc8nentcel9mk5"},"id":"mg0m45jzw9cffoo","previousOperationId":"xraul5y31q2hekb"}
{"type":"log","timestamp":1728670716345,"level":"debug","message":"Page request: GET (document) file:///C:/Users/shsmo/AppData/Local/Temp/jsreport/autocleanup/1470aa04-2d50-4452-9a3b-097519753667-chrome-pdf.html","meta":{"rootId":"4dc8nentcel9mk5","id":"4dc8nentcel9mk5"},"id":"f3xqiiryhyo0hg6","previousOperationId":"xraul5y31q2hekb"}
{"type":"log","timestamp":1728670716361,"level":"debug","message":"Page request finished: GET (document) 200 file:///C:/Users/shsmo/AppData/Local/Temp/jsreport/autocleanup/1470aa04-2d50-4452-9a3b-097519753667-chrome-pdf.html","meta":{"rootId":"4dc8nentcel9mk5","id":"4dc8nentcel9mk5"},"id":"0kndjt203o05hie","previousOperationId":"xraul5y31q2hekb"}
{"type":"log","timestamp":1728670716365,"level":"debug","message":"Page request: GET (script) https://cdn.tailwindcss.com/","meta":{"rootId":"4dc8nentcel9mk5","id":"4dc8nentcel9mk5"},"id":"2yg2idzo6rfid9o","previousOperationId":"xraul5y31q2hekb"}
{"type":"log","timestamp":1728670716372,"level":"warn","message":"Page request failed: GET (script) 302 https://cdn.tailwindcss.com/ (redirect to: /3.4.5)","meta":{"rootId":"4dc8nentcel9mk5","id":"4dc8nentcel9mk5"},"id":"o9e2sghtsl8vugu","previousOperationId":"xraul5y31q2hekb"}
{"type":"log","timestamp":1728670716372,"level":"debug","message":"Page request: GET (script) https://cdn.tailwindcss.com/3.4.5 (redirect from: https://cdn.tailwindcss.com/)","meta":{"rootId":"4dc8nentcel9mk5","id":"4dc8nentcel9mk5"},"id":"roiqypu29lv6inr","previousOperationId":"xraul5y31q2hekb"}
{"type":"log","timestamp":1728670716391,"level":"debug","message":"Page request finished: GET (script) 200 https://cdn.tailwindcss.com/3.4.5","meta":{"rootId":"4dc8nentcel9mk5","id":"4dc8nentcel9mk5"},"id":"wutofz7jkcrp9uc","previousOperationId":"xraul5y31q2hekb"}
{"type":"log","timestamp":1728670716435,"level":"debug","message":"(console:warn) cdn.tailwindcss.com should not be used in production. To use Tailwind CSS in production, install it as a PostCSS plugin or use the Tailwind CLI: https://tailwindcss.com/docs/installation","meta":{"userLevel":true,"rootId":"4dc8nentcel9mk5","id":"4dc8nentcel9mk5"},"id":"6vg88lfzbfj51er","previousOperationId":"xraul5y31q2hekb"}
{"type":"log","timestamp":1728670716525,"level":"debug","message":"Running chrome with params {\"marginRight\":\"2cm\",\"marginLeft\":\"2cm\",\"timeout\":599952,\"margin\":{\"right\":\"2cm\",\"left\":\"2cm\"},\"printBackground\":true}","meta":{"rootId":"4dc8nentcel9mk5","id":"4dc8nentcel9mk5"},"id":"jdqjlgwayo2kuaj","previousOperationId":"xraul5y31q2hekb"}
{"type":"operationEnd","operationId":"xraul5y31q2hekb","timestamp":1728670716567,"id":"dyc7zca9umsnfik","previousEventId":"pjp88aimi8a4zfx","previousOperationId":"xraul5y31q2hekb"}
{"type":"log","timestamp":1728670716567,"level":"debug","message":"Skipping storing report.","meta":{"rootId":"4dc8nentcel9mk5","id":"4dc8nentcel9mk5"},"id":"t7i24qxweqceyhp","previousOperationId":"xraul5y31q2hekb"}
{"type":"log","timestamp":1728670716567,"level":"info","message":"Rendering request 160 finished in 365 ms","meta":{"rootId":"4dc8nentcel9mk5","id":"4dc8nentcel9mk5"},"id":"7ujpkk0vxoe10ma","previousOperationId":"xraul5y31q2hekb"}
{"type":"operationEnd","subtype":"render","operationId":"nmdev4bzq5nbc9i","timestamp":1728670716567,"id":"832frwyjq539yzv","previousEventId":"dyc7zca9umsnfik","previousOperationId":"xraul5y31q2hekb"}
{"type":"operationEnd","doDiffs":false,"previousEventId":"14bgkz2wogyaw5n","previousOperationId":"8ooltdg2nu30o8j","operationId":"8ooltdg2nu30o8j","timestamp":1728670716569,"id":"v6i04l7xqyvlb6r"}
