{"type":"operationStart","subtype":"profile","data":{"_id":"qt8NXFzY1InSOvrq","timestamp":"2024-10-11T18:18:16.080Z","state":"queued","mode":"standard","creationDate":"2024-10-11T18:18:16.082Z","modificationDate":"2024-10-11T18:18:16.082Z","shortid":"9Su9FWH","inheritedReadPermissions":[],"inheritedEditPermissions":[],"$entitySet":"profiles"},"doDiffs":false,"timestamp":1728670696081,"id":"1tzodtbif3r403k","previousOperationId":null,"operationId":"u0ggcg8ubs0bw7k"}
{"type":"log","level":"info","message":"Render request 158 queued for execution and waiting for available worker","previousOperationId":"u0ggcg8ubs0bw7k","timestamp":1728670696081,"id":"z7l2miyh2sucsus"}
{"type":"operationStart","subtype":"render","name":"page_number","previousOperationId":"u0ggcg8ubs0bw7k","timestamp":1728670696095,"id":"tnicnli5lbpvd3e","previousEventId":"1tzodtbif3r403k","operationId":"01lj4j5py390wvt"}
{"type":"log","timestamp":1728670696095,"level":"info","message":"Starting rendering request 158 (user: admin)","meta":{"rootId":"7c5j0nj2si7sg4a","id":"7c5j0nj2si7sg4a"},"id":"83fg2qrjnxkke4x","previousOperationId":"01lj4j5py390wvt"}
{"type":"log","timestamp":1728670696095,"level":"info","message":"Rendering template { name: page_number, recipe: chrome-pdf, engine: handlebars, preview: true }","meta":{"rootId":"7c5j0nj2si7sg4a","id":"7c5j0nj2si7sg4a"},"id":"5htfwqp0282nl9q","previousOperationId":"01lj4j5py390wvt"}
{"type":"log","timestamp":1728670696096,"level":"debug","message":"Data item not defined for this template.","meta":{"rootId":"7c5j0nj2si7sg4a","id":"7c5j0nj2si7sg4a"},"id":"0cdf9e9rrvzq3f4","previousOperationId":"01lj4j5py390wvt"}
{"type":"log","timestamp":1728670696098,"level":"debug","message":"Base url not specified, skipping its injection.","meta":{"rootId":"7c5j0nj2si7sg4a","id":"7c5j0nj2si7sg4a"},"id":"33t2i1cw6w6ozx5","previousOperationId":"01lj4j5py390wvt"}
{"type":"log","timestamp":1728670696104,"level":"debug","message":"Replaced assets [\"KhmerOSSiemreapRegular.ttf\",\"KhmerOSMuolLightRegular.ttf\",\"times new roman.ttf\"]","meta":{"rootId":"7c5j0nj2si7sg4a","id":"7c5j0nj2si7sg4a"},"id":"4cwgmmelku23ngl","previousOperationId":"01lj4j5py390wvt"}
{"type":"operationStart","subtype":"engine","name":"handlebars","timestamp":1728670696104,"id":"8irvklblg6j7hne","previousEventId":"tnicnli5lbpvd3e","operationId":"m937fbvw4a303e2","previousOperationId":"01lj4j5py390wvt"}
{"type":"log","timestamp":1728670696104,"level":"debug","message":"Rendering engine handlebars","meta":{"rootId":"7c5j0nj2si7sg4a","id":"7c5j0nj2si7sg4a"},"id":"cvgmv616td9ilrt","previousOperationId":"m937fbvw4a303e2"}
{"type":"operationEnd","operationId":"m937fbvw4a303e2","timestamp":1728670696122,"id":"5031kfgg0x7h48p","previousEventId":"8irvklblg6j7hne","previousOperationId":"m937fbvw4a303e2"}
{"type":"operationStart","subtype":"recipe","name":"chrome-pdf","timestamp":1728670696125,"id":"wf4bludqmksyd6o","previousEventId":"5031kfgg0x7h48p","operationId":"p7lqzbjuch0qrfq","previousOperationId":"m937fbvw4a303e2"}
{"type":"log","timestamp":1728670696125,"level":"debug","message":"Executing recipe chrome-pdf","meta":{"rootId":"7c5j0nj2si7sg4a","id":"7c5j0nj2si7sg4a"},"id":"qz05p4eefucz5da","previousOperationId":"p7lqzbjuch0qrfq"}
{"type":"log","timestamp":1728670696128,"level":"debug","message":"Converting with chrome Chrome/127.0.6533.99 using chrome-pool strategy","meta":{"rootId":"7c5j0nj2si7sg4a","id":"7c5j0nj2si7sg4a"},"id":"ioqpir3h3sps4es","previousOperationId":"p7lqzbjuch0qrfq"}
{"type":"log","timestamp":1728670696278,"level":"debug","message":"Page request: GET (document) file:///C:/Users/shsmo/AppData/Local/Temp/jsreport/autocleanup/607d3ea6-3cf1-4b4c-9731-1902ec46ee71-chrome-pdf.html","meta":{"rootId":"7c5j0nj2si7sg4a","id":"7c5j0nj2si7sg4a"},"id":"dphfa5q0bci0p4r","previousOperationId":"p7lqzbjuch0qrfq"}
{"type":"log","timestamp":1728670696295,"level":"debug","message":"Page request finished: GET (document) 200 file:///C:/Users/shsmo/AppData/Local/Temp/jsreport/autocleanup/607d3ea6-3cf1-4b4c-9731-1902ec46ee71-chrome-pdf.html","meta":{"rootId":"7c5j0nj2si7sg4a","id":"7c5j0nj2si7sg4a"},"id":"zqiz6untdz3f7yk","previousOperationId":"p7lqzbjuch0qrfq"}
{"type":"log","timestamp":1728670696295,"level":"debug","message":"Page request: GET (script) https://cdn.tailwindcss.com/","meta":{"rootId":"7c5j0nj2si7sg4a","id":"7c5j0nj2si7sg4a"},"id":"fqjkr5gznzvl62a","previousOperationId":"p7lqzbjuch0qrfq"}
{"type":"log","timestamp":1728670696303,"level":"warn","message":"Page request failed: GET (script) 302 https://cdn.tailwindcss.com/ (redirect to: /3.4.5)","meta":{"rootId":"7c5j0nj2si7sg4a","id":"7c5j0nj2si7sg4a"},"id":"tkwfhvy3d9yksty","previousOperationId":"p7lqzbjuch0qrfq"}
{"type":"log","timestamp":1728670696304,"level":"debug","message":"Page request: GET (script) https://cdn.tailwindcss.com/3.4.5 (redirect from: https://cdn.tailwindcss.com/)","meta":{"rootId":"7c5j0nj2si7sg4a","id":"7c5j0nj2si7sg4a"},"id":"fwlpqg0cze7gwph","previousOperationId":"p7lqzbjuch0qrfq"}
{"type":"log","timestamp":1728670696324,"level":"debug","message":"Page request finished: GET (script) 200 https://cdn.tailwindcss.com/3.4.5","meta":{"rootId":"7c5j0nj2si7sg4a","id":"7c5j0nj2si7sg4a"},"id":"1bf4pumgzov4yxw","previousOperationId":"p7lqzbjuch0qrfq"}
{"type":"log","timestamp":1728670696372,"level":"debug","message":"(console:warn) cdn.tailwindcss.com should not be used in production. To use Tailwind CSS in production, install it as a PostCSS plugin or use the Tailwind CLI: https://tailwindcss.com/docs/installation","meta":{"userLevel":true,"rootId":"7c5j0nj2si7sg4a","id":"7c5j0nj2si7sg4a"},"id":"kld4pw1z4htu7d8","previousOperationId":"p7lqzbjuch0qrfq"}
{"type":"log","timestamp":1728670696442,"level":"debug","message":"Running chrome with params {\"marginRight\":\"2cm\",\"marginLeft\":\"2cm\",\"timeout\":599953,\"margin\":{\"right\":\"2cm\",\"left\":\"2cm\"},\"printBackground\":true}","meta":{"rootId":"7c5j0nj2si7sg4a","id":"7c5j0nj2si7sg4a"},"id":"olicdxhams0cwjp","previousOperationId":"p7lqzbjuch0qrfq"}
{"type":"operationEnd","operationId":"p7lqzbjuch0qrfq","timestamp":1728670696493,"id":"ca4wy64ubil6dsd","previousEventId":"wf4bludqmksyd6o","previousOperationId":"p7lqzbjuch0qrfq"}
{"type":"log","timestamp":1728670696493,"level":"debug","message":"Skipping storing report.","meta":{"rootId":"7c5j0nj2si7sg4a","id":"7c5j0nj2si7sg4a"},"id":"ne3od791yusujbj","previousOperationId":"p7lqzbjuch0qrfq"}
{"type":"log","timestamp":1728670696493,"level":"info","message":"Rendering request 158 finished in 413 ms","meta":{"rootId":"7c5j0nj2si7sg4a","id":"7c5j0nj2si7sg4a"},"id":"dsexk71z2552v40","previousOperationId":"p7lqzbjuch0qrfq"}
{"type":"operationEnd","subtype":"render","operationId":"01lj4j5py390wvt","timestamp":1728670696493,"id":"rdhx7ou2n1ce9h8","previousEventId":"ca4wy64ubil6dsd","previousOperationId":"p7lqzbjuch0qrfq"}
{"type":"operationEnd","doDiffs":false,"previousEventId":"1tzodtbif3r403k","previousOperationId":"u0ggcg8ubs0bw7k","operationId":"u0ggcg8ubs0bw7k","timestamp":1728670696495,"id":"12s81fvp9wl5nx9"}
