{"type":"operationStart","subtype":"profile","data":{"_id":"bs73Na3na97CzWoA","timestamp":"2024-10-11T18:25:28.796Z","state":"queued","mode":"standard","creationDate":"2024-10-11T18:25:28.797Z","modificationDate":"2024-10-11T18:25:28.797Z","shortid":"AzS2EVF","inheritedReadPermissions":[],"inheritedEditPermissions":[],"$entitySet":"profiles"},"doDiffs":false,"timestamp":1728671128797,"id":"5us4tpyxunihyz3","previousOperationId":null,"operationId":"jphec3i2wajktdr"}
{"type":"log","level":"info","message":"Render request 183 queued for execution and waiting for available worker","previousOperationId":"jphec3i2wajktdr","timestamp":1728671128797,"id":"emolyc89jcrp6uk"}
{"type":"operationStart","subtype":"render","name":"page_number","previousOperationId":"jphec3i2wajktdr","timestamp":1728671128810,"id":"j22rot1hqlbht78","previousEventId":"5us4tpyxunihyz3","operationId":"wzdiry2f0s8bjty"}
{"type":"log","timestamp":1728671128810,"level":"info","message":"Starting rendering request 183 (user: admin)","meta":{"rootId":"7gv84nqvb6kz9sb","id":"7gv84nqvb6kz9sb"},"id":"ot3526ey2cluhuh","previousOperationId":"wzdiry2f0s8bjty"}
{"type":"log","timestamp":1728671128810,"level":"info","message":"Rendering template { name: page_number, recipe: chrome-pdf, engine: handlebars, preview: true }","meta":{"rootId":"7gv84nqvb6kz9sb","id":"7gv84nqvb6kz9sb"},"id":"ywczdqaiternxsk","previousOperationId":"wzdiry2f0s8bjty"}
{"type":"log","timestamp":1728671128810,"level":"debug","message":"Data item not defined for this template.","meta":{"rootId":"7gv84nqvb6kz9sb","id":"7gv84nqvb6kz9sb"},"id":"amchw03fzyy3ytc","previousOperationId":"wzdiry2f0s8bjty"}
{"type":"log","timestamp":1728671128812,"level":"debug","message":"Base url not specified, skipping its injection.","meta":{"rootId":"7gv84nqvb6kz9sb","id":"7gv84nqvb6kz9sb"},"id":"4xmyxlvjh2xd8b2","previousOperationId":"wzdiry2f0s8bjty"}
{"type":"log","timestamp":1728671128815,"level":"debug","message":"Replaced assets [\"KhmerOSSiemreapRegular.ttf\",\"KhmerOSMuolLightRegular.ttf\",\"times new roman.ttf\"]","meta":{"rootId":"7gv84nqvb6kz9sb","id":"7gv84nqvb6kz9sb"},"id":"g9afd1qke14rmei","previousOperationId":"wzdiry2f0s8bjty"}
{"type":"operationStart","subtype":"engine","name":"handlebars","timestamp":1728671128815,"id":"nhdlfvnjg6vmdih","previousEventId":"j22rot1hqlbht78","operationId":"cyiotwtr3iqx507","previousOperationId":"wzdiry2f0s8bjty"}
{"type":"log","timestamp":1728671128815,"level":"debug","message":"Rendering engine handlebars","meta":{"rootId":"7gv84nqvb6kz9sb","id":"7gv84nqvb6kz9sb"},"id":"7zx2gdsly5fblmq","previousOperationId":"cyiotwtr3iqx507"}
{"type":"operationEnd","operationId":"cyiotwtr3iqx507","timestamp":1728671128836,"id":"sgl2uwrbpcgxdzq","previousEventId":"nhdlfvnjg6vmdih","previousOperationId":"cyiotwtr3iqx507"}
{"type":"operationStart","subtype":"recipe","name":"chrome-pdf","timestamp":1728671128840,"id":"ulqg0verxpjfoim","previousEventId":"sgl2uwrbpcgxdzq","operationId":"rdggcc97uv1x7od","previousOperationId":"cyiotwtr3iqx507"}
{"type":"log","timestamp":1728671128840,"level":"debug","message":"Executing recipe chrome-pdf","meta":{"rootId":"7gv84nqvb6kz9sb","id":"7gv84nqvb6kz9sb"},"id":"wnhgou6b6o8qikc","previousOperationId":"rdggcc97uv1x7od"}
{"type":"log","timestamp":1728671128844,"level":"debug","message":"Converting with chrome Chrome/127.0.6533.99 using chrome-pool strategy","meta":{"rootId":"7gv84nqvb6kz9sb","id":"7gv84nqvb6kz9sb"},"id":"a9eutq4zgqqu2m4","previousOperationId":"rdggcc97uv1x7od"}
{"type":"log","timestamp":1728671128908,"level":"debug","message":"Page request: GET (document) file:///C:/Users/shsmo/AppData/Local/Temp/jsreport/autocleanup/6bb4ccb1-ae33-4043-977a-750f21050fa1-chrome-pdf.html","meta":{"rootId":"7gv84nqvb6kz9sb","id":"7gv84nqvb6kz9sb"},"id":"8qs2wewkjz10osy","previousOperationId":"rdggcc97uv1x7od"}
{"type":"log","timestamp":1728671128923,"level":"debug","message":"Page request finished: GET (document) 200 file:///C:/Users/shsmo/AppData/Local/Temp/jsreport/autocleanup/6bb4ccb1-ae33-4043-977a-750f21050fa1-chrome-pdf.html","meta":{"rootId":"7gv84nqvb6kz9sb","id":"7gv84nqvb6kz9sb"},"id":"6gxl5gx1fmsjqs9","previousOperationId":"rdggcc97uv1x7od"}
{"type":"log","timestamp":1728671128924,"level":"debug","message":"Page request: GET (script) https://cdn.tailwindcss.com/","meta":{"rootId":"7gv84nqvb6kz9sb","id":"7gv84nqvb6kz9sb"},"id":"lojw2hh6rscel4c","previousOperationId":"rdggcc97uv1x7od"}
{"type":"log","timestamp":1728671128931,"level":"warn","message":"Page request failed: GET (script) 302 https://cdn.tailwindcss.com/ (redirect to: /3.4.5)","meta":{"rootId":"7gv84nqvb6kz9sb","id":"7gv84nqvb6kz9sb"},"id":"yxgcl5zh7ttuzcb","previousOperationId":"rdggcc97uv1x7od"}
{"type":"log","timestamp":1728671128931,"level":"debug","message":"Page request: GET (script) https://cdn.tailwindcss.com/3.4.5 (redirect from: https://cdn.tailwindcss.com/)","meta":{"rootId":"7gv84nqvb6kz9sb","id":"7gv84nqvb6kz9sb"},"id":"dfif9z5ib7lxqle","previousOperationId":"rdggcc97uv1x7od"}
{"type":"log","timestamp":1728671128952,"level":"debug","message":"Page request finished: GET (script) 200 https://cdn.tailwindcss.com/3.4.5","meta":{"rootId":"7gv84nqvb6kz9sb","id":"7gv84nqvb6kz9sb"},"id":"0pa51dkze5p7iga","previousOperationId":"rdggcc97uv1x7od"}
{"type":"log","timestamp":1728671128995,"level":"debug","message":"(console:warn) cdn.tailwindcss.com should not be used in production. To use Tailwind CSS in production, install it as a PostCSS plugin or use the Tailwind CLI: https://tailwindcss.com/docs/installation","meta":{"userLevel":true,"rootId":"7gv84nqvb6kz9sb","id":"7gv84nqvb6kz9sb"},"id":"auv3uszx457haem","previousOperationId":"rdggcc97uv1x7od"}
{"type":"log","timestamp":1728671129067,"level":"debug","message":"Running chrome with params {\"marginRight\":\"1.5cm\",\"marginLeft\":\"1cm\",\"timeout\":599953,\"margin\":{\"right\":\"1.5cm\",\"left\":\"1cm\"},\"printBackground\":true}","meta":{"rootId":"7gv84nqvb6kz9sb","id":"7gv84nqvb6kz9sb"},"id":"99csl1xz59y9qj7","previousOperationId":"rdggcc97uv1x7od"}
{"type":"operationEnd","operationId":"rdggcc97uv1x7od","timestamp":1728671129111,"id":"gxvcg6iwerfe7u7","previousEventId":"ulqg0verxpjfoim","previousOperationId":"rdggcc97uv1x7od"}
{"type":"log","timestamp":1728671129111,"level":"debug","message":"Skipping storing report.","meta":{"rootId":"7gv84nqvb6kz9sb","id":"7gv84nqvb6kz9sb"},"id":"2kt8hvtg0x5f0sn","previousOperationId":"rdggcc97uv1x7od"}
{"type":"log","timestamp":1728671129111,"level":"info","message":"Rendering request 183 finished in 315 ms","meta":{"rootId":"7gv84nqvb6kz9sb","id":"7gv84nqvb6kz9sb"},"id":"v1c27n67xvhzjlm","previousOperationId":"rdggcc97uv1x7od"}
{"type":"operationEnd","subtype":"render","operationId":"wzdiry2f0s8bjty","timestamp":1728671129111,"id":"jfjw8w01vg7mmq6","previousEventId":"gxvcg6iwerfe7u7","previousOperationId":"rdggcc97uv1x7od"}
{"type":"operationEnd","doDiffs":false,"previousEventId":"5us4tpyxunihyz3","previousOperationId":"jphec3i2wajktdr","operationId":"jphec3i2wajktdr","timestamp":1728671129113,"id":"3ydnrds2zaiwk07"}
