{"type":"operationStart","subtype":"profile","data":{"_id":"SkR5T8Gx6VmLP9tX","timestamp":"2024-10-13T06:19:49.723Z","state":"queued","mode":"standard","creationDate":"2024-10-13T06:19:49.724Z","modificationDate":"2024-10-13T06:19:49.724Z","shortid":"ptWHzBT","inheritedReadPermissions":[],"inheritedEditPermissions":[],"$entitySet":"profiles"},"doDiffs":false,"timestamp":1728800389724,"id":"9f52jbo1lfa49lm","previousOperationId":null,"operationId":"0qbp9vbpe7zmfla"}
{"type":"log","level":"info","message":"Render request 79 queued for execution and waiting for available worker","previousOperationId":"0qbp9vbpe7zmfla","timestamp":1728800389724,"id":"12nzglq7o1rl7m3"}
{"type":"operationStart","subtype":"render","name":"page_number","previousOperationId":"0qbp9vbpe7zmfla","timestamp":1728800389737,"id":"nd4vns9qsurh3fj","previousEventId":"9f52jbo1lfa49lm","operationId":"o87vlnnlbf3s3tc"}
{"type":"log","timestamp":1728800389737,"level":"info","message":"Starting rendering request 79 (user: admin)","meta":{"rootId":"870c0sze3o04yru","id":"870c0sze3o04yru"},"id":"b00uw8hqy5827mk","previousOperationId":"o87vlnnlbf3s3tc"}
{"type":"log","timestamp":1728800389737,"level":"info","message":"Rendering template { name: page_number, recipe: chrome-pdf, engine: handlebars, preview: true }","meta":{"rootId":"870c0sze3o04yru","id":"870c0sze3o04yru"},"id":"0jy3jap3rjvxpr1","previousOperationId":"o87vlnnlbf3s3tc"}
{"type":"log","timestamp":1728800389737,"level":"debug","message":"Data item not defined for this template.","meta":{"rootId":"870c0sze3o04yru","id":"870c0sze3o04yru"},"id":"3ajgjnbvj5oz01r","previousOperationId":"o87vlnnlbf3s3tc"}
{"type":"log","timestamp":1728800389739,"level":"debug","message":"Base url not specified, skipping its injection.","meta":{"rootId":"870c0sze3o04yru","id":"870c0sze3o04yru"},"id":"zzooftgvfdoql90","previousOperationId":"o87vlnnlbf3s3tc"}
{"type":"log","timestamp":1728800389742,"level":"debug","message":"Replaced assets [\"KhmerOSSiemreapRegular.ttf\",\"KhmerOSMuolLightRegular.ttf\",\"times new roman.ttf\"]","meta":{"rootId":"870c0sze3o04yru","id":"870c0sze3o04yru"},"id":"iakudzzduv336ae","previousOperationId":"o87vlnnlbf3s3tc"}
{"type":"operationStart","subtype":"engine","name":"handlebars","timestamp":1728800389743,"id":"4i78ixyt6uk18ux","previousEventId":"nd4vns9qsurh3fj","operationId":"4yf3o810dp2a7df","previousOperationId":"o87vlnnlbf3s3tc"}
{"type":"log","timestamp":1728800389743,"level":"debug","message":"Rendering engine handlebars","meta":{"rootId":"870c0sze3o04yru","id":"870c0sze3o04yru"},"id":"vncz8av7j7rva8s","previousOperationId":"4yf3o810dp2a7df"}
{"type":"operationEnd","operationId":"4yf3o810dp2a7df","timestamp":1728800389760,"id":"fz37z4njuwy8t8y","previousEventId":"4i78ixyt6uk18ux","previousOperationId":"4yf3o810dp2a7df"}
{"type":"operationStart","subtype":"recipe","name":"chrome-pdf","timestamp":1728800389764,"id":"vyeynn9toym8xrr","previousEventId":"fz37z4njuwy8t8y","operationId":"pd3x6t6lwbgvq7p","previousOperationId":"4yf3o810dp2a7df"}
{"type":"log","timestamp":1728800389764,"level":"debug","message":"Executing recipe chrome-pdf","meta":{"rootId":"870c0sze3o04yru","id":"870c0sze3o04yru"},"id":"dkzdvajrbh9x7jx","previousOperationId":"pd3x6t6lwbgvq7p"}
{"type":"log","timestamp":1728800389766,"level":"debug","message":"Converting with chrome Chrome/127.0.6533.99 using chrome-pool strategy","meta":{"rootId":"870c0sze3o04yru","id":"870c0sze3o04yru"},"id":"qd9zma2dzdbnmej","previousOperationId":"pd3x6t6lwbgvq7p"}
{"type":"log","timestamp":1728800389809,"level":"debug","message":"Page request: GET (document) file:///C:/Users/shsmo/AppData/Local/Temp/jsreport/autocleanup/111cade9-5940-4eaf-8a0f-c8b18ed4030f-chrome-pdf.html","meta":{"rootId":"870c0sze3o04yru","id":"870c0sze3o04yru"},"id":"ewea9kktpizhc2f","previousOperationId":"pd3x6t6lwbgvq7p"}
{"type":"log","timestamp":1728800389825,"level":"debug","message":"Page request finished: GET (document) 200 file:///C:/Users/shsmo/AppData/Local/Temp/jsreport/autocleanup/111cade9-5940-4eaf-8a0f-c8b18ed4030f-chrome-pdf.html","meta":{"rootId":"870c0sze3o04yru","id":"870c0sze3o04yru"},"id":"j7ff2me8oimjqd8","previousOperationId":"pd3x6t6lwbgvq7p"}
{"type":"log","timestamp":1728800389825,"level":"debug","message":"Page request: GET (script) https://cdn.tailwindcss.com/","meta":{"rootId":"870c0sze3o04yru","id":"870c0sze3o04yru"},"id":"g3na10yp9zpe114","previousOperationId":"pd3x6t6lwbgvq7p"}
{"type":"log","timestamp":1728800389830,"level":"warn","message":"Page request failed: GET (script) 302 https://cdn.tailwindcss.com/ (redirect to: /3.4.5)","meta":{"rootId":"870c0sze3o04yru","id":"870c0sze3o04yru"},"id":"efsk2r9wkizbfub","previousOperationId":"pd3x6t6lwbgvq7p"}
{"type":"log","timestamp":1728800389831,"level":"debug","message":"Page request: GET (script) https://cdn.tailwindcss.com/3.4.5 (redirect from: https://cdn.tailwindcss.com/)","meta":{"rootId":"870c0sze3o04yru","id":"870c0sze3o04yru"},"id":"7zkz759cs67ox50","previousOperationId":"pd3x6t6lwbgvq7p"}
{"type":"log","timestamp":1728800389843,"level":"debug","message":"Page request finished: GET (script) 200 https://cdn.tailwindcss.com/3.4.5","meta":{"rootId":"870c0sze3o04yru","id":"870c0sze3o04yru"},"id":"33zuzd93167radc","previousOperationId":"pd3x6t6lwbgvq7p"}
{"type":"log","timestamp":1728800389873,"level":"debug","message":"(console:warn) cdn.tailwindcss.com should not be used in production. To use Tailwind CSS in production, install it as a PostCSS plugin or use the Tailwind CLI: https://tailwindcss.com/docs/installation","meta":{"userLevel":true,"rootId":"870c0sze3o04yru","id":"870c0sze3o04yru"},"id":"bfab8fe61f9g31j","previousOperationId":"pd3x6t6lwbgvq7p"}
{"type":"log","timestamp":1728800389929,"level":"debug","message":"Running chrome with params {\"marginRight\":\"1.5cm\",\"marginLeft\":\"1cm\",\"timeout\":599958,\"margin\":{\"right\":\"1.5cm\",\"left\":\"1cm\"},\"printBackground\":true}","meta":{"rootId":"870c0sze3o04yru","id":"870c0sze3o04yru"},"id":"m26szfay8578h15","previousOperationId":"pd3x6t6lwbgvq7p"}
{"type":"operationEnd","operationId":"pd3x6t6lwbgvq7p","timestamp":1728800389968,"id":"tjc5oisr3crajti","previousEventId":"vyeynn9toym8xrr","previousOperationId":"pd3x6t6lwbgvq7p"}
{"type":"log","timestamp":1728800389968,"level":"debug","message":"Skipping storing report.","meta":{"rootId":"870c0sze3o04yru","id":"870c0sze3o04yru"},"id":"9q0fss0bonvbrbk","previousOperationId":"pd3x6t6lwbgvq7p"}
{"type":"log","timestamp":1728800389968,"level":"info","message":"Rendering request 79 finished in 245 ms","meta":{"rootId":"870c0sze3o04yru","id":"870c0sze3o04yru"},"id":"4nd5mofhn9bb9lu","previousOperationId":"pd3x6t6lwbgvq7p"}
{"type":"operationEnd","subtype":"render","operationId":"o87vlnnlbf3s3tc","timestamp":1728800389968,"id":"wqujgnt1pei363q","previousEventId":"tjc5oisr3crajti","previousOperationId":"pd3x6t6lwbgvq7p"}
{"type":"operationEnd","doDiffs":false,"previousEventId":"9f52jbo1lfa49lm","previousOperationId":"0qbp9vbpe7zmfla","operationId":"0qbp9vbpe7zmfla","timestamp":1728800389970,"id":"2nn5cmtg5sql352"}
