{"type":"operationStart","subtype":"profile","data":{"_id":"iJaLAQcP5S65PqaR","timestamp":"2024-10-14T14:36:36.458Z","state":"queued","mode":"standard","creationDate":"2024-10-14T14:36:36.462Z","modificationDate":"2024-10-14T14:36:36.462Z","shortid":"U8jDBKi","inheritedReadPermissions":[],"inheritedEditPermissions":[],"$entitySet":"profiles"},"doDiffs":false,"timestamp":1728916596461,"id":"mxkbcup0mhsguz4","previousOperationId":null,"operationId":"zykrvb8h5c6iy43"}
{"type":"log","level":"info","message":"Render request 15 queued for execution and waiting for available worker","previousOperationId":"zykrvb8h5c6iy43","timestamp":1728916596461,"id":"7a4u8pv7f6a5kif"}
{"type":"operationStart","subtype":"render","name":"page_number","previousOperationId":"zykrvb8h5c6iy43","timestamp":1728916596478,"id":"4nda7fecy5aw9lu","previousEventId":"mxkbcup0mhsguz4","operationId":"19r5622nq2n8pau"}
{"type":"log","timestamp":1728916596478,"level":"info","message":"Starting rendering request 15 (user: admin)","meta":{"rootId":"8fcf62903xc0szi","id":"8fcf62903xc0szi"},"id":"j4yypx4lkzlpnct","previousOperationId":"19r5622nq2n8pau"}
{"type":"log","timestamp":1728916596478,"level":"info","message":"Rendering template { name: page_number, recipe: chrome-pdf, engine: handlebars, preview: true }","meta":{"rootId":"8fcf62903xc0szi","id":"8fcf62903xc0szi"},"id":"yaph1tnc0kxlngt","previousOperationId":"19r5622nq2n8pau"}
{"type":"log","timestamp":1728916596479,"level":"debug","message":"Data item not defined for this template.","meta":{"rootId":"8fcf62903xc0szi","id":"8fcf62903xc0szi"},"id":"fnpgczj4hhufz01","previousOperationId":"19r5622nq2n8pau"}
{"type":"log","timestamp":1728916596482,"level":"debug","message":"Base url not specified, skipping its injection.","meta":{"rootId":"8fcf62903xc0szi","id":"8fcf62903xc0szi"},"id":"5grbrf40xhxtecf","previousOperationId":"19r5622nq2n8pau"}
{"type":"log","timestamp":1728916596487,"level":"debug","message":"Replaced assets [\"KhmerOSSiemreapRegular.ttf\",\"KhmerOSMuolLightRegular.ttf\",\"times new roman.ttf\"]","meta":{"rootId":"8fcf62903xc0szi","id":"8fcf62903xc0szi"},"id":"ofd17sazk20okrs","previousOperationId":"19r5622nq2n8pau"}
{"type":"operationStart","subtype":"engine","name":"handlebars","timestamp":1728916596488,"id":"8hqaysaiovq7xd9","previousEventId":"4nda7fecy5aw9lu","operationId":"qzzz0tyxxkjnkj5","previousOperationId":"19r5622nq2n8pau"}
{"type":"log","timestamp":1728916596488,"level":"debug","message":"Rendering engine handlebars","meta":{"rootId":"8fcf62903xc0szi","id":"8fcf62903xc0szi"},"id":"03his3ayxjfgvt7","previousOperationId":"qzzz0tyxxkjnkj5"}
{"type":"operationEnd","operationId":"qzzz0tyxxkjnkj5","timestamp":1728916596502,"id":"5oukgrqdzy6dtez","previousEventId":"8hqaysaiovq7xd9","previousOperationId":"qzzz0tyxxkjnkj5"}
{"type":"operationStart","subtype":"recipe","name":"chrome-pdf","timestamp":1728916596506,"id":"1dt0dw2cas559ni","previousEventId":"5oukgrqdzy6dtez","operationId":"h3okunol084yloz","previousOperationId":"qzzz0tyxxkjnkj5"}
{"type":"log","timestamp":1728916596506,"level":"debug","message":"Executing recipe chrome-pdf","meta":{"rootId":"8fcf62903xc0szi","id":"8fcf62903xc0szi"},"id":"ff3739urunw1iq5","previousOperationId":"h3okunol084yloz"}
{"type":"log","timestamp":1728916596512,"level":"debug","message":"Converting with chrome Chrome/127.0.6533.99 using chrome-pool strategy","meta":{"rootId":"8fcf62903xc0szi","id":"8fcf62903xc0szi"},"id":"mpb2xknq09rxsv1","previousOperationId":"h3okunol084yloz"}
{"type":"log","timestamp":1728916596563,"level":"debug","message":"Page request: GET (document) file:///C:/Users/shsmo/AppData/Local/Temp/jsreport/autocleanup/91847f87-aba7-4c4d-bf00-abb267f01009-chrome-pdf.html","meta":{"rootId":"8fcf62903xc0szi","id":"8fcf62903xc0szi"},"id":"d8x6pbe4d6otoaa","previousOperationId":"h3okunol084yloz"}
{"type":"log","timestamp":1728916596581,"level":"debug","message":"Page request finished: GET (document) 200 file:///C:/Users/shsmo/AppData/Local/Temp/jsreport/autocleanup/91847f87-aba7-4c4d-bf00-abb267f01009-chrome-pdf.html","meta":{"rootId":"8fcf62903xc0szi","id":"8fcf62903xc0szi"},"id":"ezjd7bxikdo8btl","previousOperationId":"h3okunol084yloz"}
{"type":"log","timestamp":1728916596581,"level":"debug","message":"Page request: GET (script) https://cdn.tailwindcss.com/","meta":{"rootId":"8fcf62903xc0szi","id":"8fcf62903xc0szi"},"id":"q4tgkswiy5h2jw0","previousOperationId":"h3okunol084yloz"}
{"type":"log","timestamp":1728916596589,"level":"warn","message":"Page request failed: GET (script) 302 https://cdn.tailwindcss.com/ (redirect to: /3.4.5)","meta":{"rootId":"8fcf62903xc0szi","id":"8fcf62903xc0szi"},"id":"yfir6qiltzwr7ak","previousOperationId":"h3okunol084yloz"}
{"type":"log","timestamp":1728916596590,"level":"debug","message":"Page request: GET (script) https://cdn.tailwindcss.com/3.4.5 (redirect from: https://cdn.tailwindcss.com/)","meta":{"rootId":"8fcf62903xc0szi","id":"8fcf62903xc0szi"},"id":"dz86eilz2c2jv7e","previousOperationId":"h3okunol084yloz"}
{"type":"log","timestamp":1728916596611,"level":"debug","message":"Page request finished: GET (script) 200 https://cdn.tailwindcss.com/3.4.5","meta":{"rootId":"8fcf62903xc0szi","id":"8fcf62903xc0szi"},"id":"b6k4o7ymzxhyb5g","previousOperationId":"h3okunol084yloz"}
{"type":"log","timestamp":1728916596655,"level":"debug","message":"(console:warn) cdn.tailwindcss.com should not be used in production. To use Tailwind CSS in production, install it as a PostCSS plugin or use the Tailwind CLI: https://tailwindcss.com/docs/installation","meta":{"userLevel":true,"rootId":"8fcf62903xc0szi","id":"8fcf62903xc0szi"},"id":"rz7kdbdogp9s4do","previousOperationId":"h3okunol084yloz"}
{"type":"log","timestamp":1728916596738,"level":"debug","message":"Running chrome with params {\"marginRight\":\"2cm\",\"marginLeft\":\"1cm\",\"timeout\":599947,\"margin\":{\"right\":\"2cm\",\"left\":\"1cm\"},\"printBackground\":true}","meta":{"rootId":"8fcf62903xc0szi","id":"8fcf62903xc0szi"},"id":"lmb9xgjvdmokuqp","previousOperationId":"h3okunol084yloz"}
{"type":"operationEnd","operationId":"h3okunol084yloz","timestamp":1728916596778,"id":"hjdal3l1xvkev12","previousEventId":"1dt0dw2cas559ni","previousOperationId":"h3okunol084yloz"}
{"type":"log","timestamp":1728916596778,"level":"debug","message":"Skipping storing report.","meta":{"rootId":"8fcf62903xc0szi","id":"8fcf62903xc0szi"},"id":"ifpk94zpw224w1f","previousOperationId":"h3okunol084yloz"}
{"type":"log","timestamp":1728916596778,"level":"info","message":"Rendering request 15 finished in 320 ms","meta":{"rootId":"8fcf62903xc0szi","id":"8fcf62903xc0szi"},"id":"u05jk5tnokbk7zj","previousOperationId":"h3okunol084yloz"}
{"type":"operationEnd","subtype":"render","operationId":"19r5622nq2n8pau","timestamp":1728916596778,"id":"vocbgkkvl50zrmw","previousEventId":"hjdal3l1xvkev12","previousOperationId":"h3okunol084yloz"}
{"type":"operationEnd","doDiffs":false,"previousEventId":"mxkbcup0mhsguz4","previousOperationId":"zykrvb8h5c6iy43","operationId":"zykrvb8h5c6iy43","timestamp":1728916596782,"id":"c42inss28pgx2o6"}
