{"type":"operationStart","subtype":"profile","data":{"_id":"3QACC4ZgLEMfuRe2","timestamp":"2024-10-11T18:19:48.429Z","state":"queued","mode":"standard","creationDate":"2024-10-11T18:19:48.430Z","modificationDate":"2024-10-11T18:19:48.430Z","shortid":"P-D2nGl","inheritedReadPermissions":[],"inheritedEditPermissions":[],"$entitySet":"profiles"},"doDiffs":false,"timestamp":1728670788430,"id":"xn4jq9r4dq0vk9k","previousOperationId":null,"operationId":"ys7p11rtpmms0k8"}
{"type":"log","level":"info","message":"Render request 167 queued for execution and waiting for available worker","previousOperationId":"ys7p11rtpmms0k8","timestamp":1728670788430,"id":"mlgdcrniuhmqslj"}
{"type":"operationStart","subtype":"render","name":"page_number","previousOperationId":"ys7p11rtpmms0k8","timestamp":1728670788442,"id":"oemo4lzmgk4z316","previousEventId":"xn4jq9r4dq0vk9k","operationId":"gtrbnp80fh3n3kd"}
{"type":"log","timestamp":1728670788442,"level":"info","message":"Starting rendering request 167 (user: admin)","meta":{"rootId":"91xho01luzjndxt","id":"91xho01luzjndxt"},"id":"w5h42z7rr7w5xai","previousOperationId":"gtrbnp80fh3n3kd"}
{"type":"log","timestamp":1728670788442,"level":"info","message":"Rendering template { name: page_number, recipe: chrome-pdf, engine: handlebars, preview: true }","meta":{"rootId":"91xho01luzjndxt","id":"91xho01luzjndxt"},"id":"ppzucmdv7vfgy6s","previousOperationId":"gtrbnp80fh3n3kd"}
{"type":"log","timestamp":1728670788443,"level":"debug","message":"Data item not defined for this template.","meta":{"rootId":"91xho01luzjndxt","id":"91xho01luzjndxt"},"id":"99v411rodpl8a78","previousOperationId":"gtrbnp80fh3n3kd"}
{"type":"log","timestamp":1728670788444,"level":"debug","message":"Base url not specified, skipping its injection.","meta":{"rootId":"91xho01luzjndxt","id":"91xho01luzjndxt"},"id":"1rk9z1azh0ye5ym","previousOperationId":"gtrbnp80fh3n3kd"}
{"type":"log","timestamp":1728670788449,"level":"debug","message":"Replaced assets [\"KhmerOSSiemreapRegular.ttf\",\"KhmerOSMuolLightRegular.ttf\",\"times new roman.ttf\"]","meta":{"rootId":"91xho01luzjndxt","id":"91xho01luzjndxt"},"id":"3nchoduo9izbc9g","previousOperationId":"gtrbnp80fh3n3kd"}
{"type":"operationStart","subtype":"engine","name":"handlebars","timestamp":1728670788449,"id":"gq92h54wwfuoxqt","previousEventId":"oemo4lzmgk4z316","operationId":"et7305x7qbmnxiu","previousOperationId":"gtrbnp80fh3n3kd"}
{"type":"log","timestamp":1728670788449,"level":"debug","message":"Rendering engine handlebars","meta":{"rootId":"91xho01luzjndxt","id":"91xho01luzjndxt"},"id":"v8h9qrfp0kv1q2y","previousOperationId":"et7305x7qbmnxiu"}
{"type":"operationEnd","operationId":"et7305x7qbmnxiu","timestamp":1728670788469,"id":"8orcmvnnl62gtzs","previousEventId":"gq92h54wwfuoxqt","previousOperationId":"et7305x7qbmnxiu"}
{"type":"operationStart","subtype":"recipe","name":"chrome-pdf","timestamp":1728670788472,"id":"v39i67494zl4ncr","previousEventId":"8orcmvnnl62gtzs","operationId":"4j81nbeq64vqxff","previousOperationId":"et7305x7qbmnxiu"}
{"type":"log","timestamp":1728670788472,"level":"debug","message":"Executing recipe chrome-pdf","meta":{"rootId":"91xho01luzjndxt","id":"91xho01luzjndxt"},"id":"n9ysm71j6r56aim","previousOperationId":"4j81nbeq64vqxff"}
{"type":"log","timestamp":1728670788475,"level":"debug","message":"Converting with chrome Chrome/127.0.6533.99 using chrome-pool strategy","meta":{"rootId":"91xho01luzjndxt","id":"91xho01luzjndxt"},"id":"fb68mkxsvc8n2a9","previousOperationId":"4j81nbeq64vqxff"}
{"type":"log","timestamp":1728670788529,"level":"debug","message":"Page request: GET (document) file:///C:/Users/shsmo/AppData/Local/Temp/jsreport/autocleanup/c0620965-3ef2-40d7-ab33-f0b183dfa4e1-chrome-pdf.html","meta":{"rootId":"91xho01luzjndxt","id":"91xho01luzjndxt"},"id":"17iyqdgtop860ha","previousOperationId":"4j81nbeq64vqxff"}
{"type":"log","timestamp":1728670788545,"level":"debug","message":"Page request: GET (script) https://cdn.tailwindcss.com/","meta":{"rootId":"91xho01luzjndxt","id":"91xho01luzjndxt"},"id":"v7h6wlceijgdcoh","previousOperationId":"4j81nbeq64vqxff"}
{"type":"log","timestamp":1728670788546,"level":"debug","message":"Page request finished: GET (document) 200 file:///C:/Users/shsmo/AppData/Local/Temp/jsreport/autocleanup/c0620965-3ef2-40d7-ab33-f0b183dfa4e1-chrome-pdf.html","meta":{"rootId":"91xho01luzjndxt","id":"91xho01luzjndxt"},"id":"ntogjjjks22kwlp","previousOperationId":"4j81nbeq64vqxff"}
{"type":"log","timestamp":1728670788554,"level":"warn","message":"Page request failed: GET (script) 302 https://cdn.tailwindcss.com/ (redirect to: /3.4.5)","meta":{"rootId":"91xho01luzjndxt","id":"91xho01luzjndxt"},"id":"zsxxjz1gz6l1l3p","previousOperationId":"4j81nbeq64vqxff"}
{"type":"log","timestamp":1728670788554,"level":"debug","message":"Page request: GET (script) https://cdn.tailwindcss.com/3.4.5 (redirect from: https://cdn.tailwindcss.com/)","meta":{"rootId":"91xho01luzjndxt","id":"91xho01luzjndxt"},"id":"snp0qkmc5oecuae","previousOperationId":"4j81nbeq64vqxff"}
{"type":"log","timestamp":1728670788574,"level":"debug","message":"Page request finished: GET (script) 200 https://cdn.tailwindcss.com/3.4.5","meta":{"rootId":"91xho01luzjndxt","id":"91xho01luzjndxt"},"id":"5of7tjn7cncb73h","previousOperationId":"4j81nbeq64vqxff"}
{"type":"log","timestamp":1728670788615,"level":"debug","message":"(console:warn) cdn.tailwindcss.com should not be used in production. To use Tailwind CSS in production, install it as a PostCSS plugin or use the Tailwind CLI: https://tailwindcss.com/docs/installation","meta":{"userLevel":true,"rootId":"91xho01luzjndxt","id":"91xho01luzjndxt"},"id":"05ltxdcmpu790su","previousOperationId":"4j81nbeq64vqxff"}
{"type":"log","timestamp":1728670788694,"level":"debug","message":"Running chrome with params {\"marginRight\":\"2cm\",\"marginLeft\":\"2cm\",\"timeout\":599955,\"margin\":{\"right\":\"2cm\",\"left\":\"2cm\"},\"printBackground\":true}","meta":{"rootId":"91xho01luzjndxt","id":"91xho01luzjndxt"},"id":"nm6m5jo7nsuyghk","previousOperationId":"4j81nbeq64vqxff"}
{"type":"operationEnd","operationId":"4j81nbeq64vqxff","timestamp":1728670788735,"id":"dbui6qktqthocql","previousEventId":"v39i67494zl4ncr","previousOperationId":"4j81nbeq64vqxff"}
{"type":"log","timestamp":1728670788735,"level":"debug","message":"Skipping storing report.","meta":{"rootId":"91xho01luzjndxt","id":"91xho01luzjndxt"},"id":"21nyqn21j5msclc","previousOperationId":"4j81nbeq64vqxff"}
{"type":"log","timestamp":1728670788735,"level":"info","message":"Rendering request 167 finished in 306 ms","meta":{"rootId":"91xho01luzjndxt","id":"91xho01luzjndxt"},"id":"pebeuem2c3ae7kc","previousOperationId":"4j81nbeq64vqxff"}
{"type":"operationEnd","subtype":"render","operationId":"gtrbnp80fh3n3kd","timestamp":1728670788735,"id":"s3yt564yarui1sn","previousEventId":"dbui6qktqthocql","previousOperationId":"4j81nbeq64vqxff"}
{"type":"operationEnd","doDiffs":false,"previousEventId":"xn4jq9r4dq0vk9k","previousOperationId":"ys7p11rtpmms0k8","operationId":"ys7p11rtpmms0k8","timestamp":1728670788736,"id":"qsxhvuqq9fg5g9l"}
