{"type":"operationStart","subtype":"profile","data":{"_id":"5vjLWhRk3hXKXakh","timestamp":"2024-10-13T06:33:39.866Z","state":"queued","mode":"standard","creationDate":"2024-10-13T06:33:39.867Z","modificationDate":"2024-10-13T06:33:39.867Z","shortid":"BVnqmpc","inheritedReadPermissions":[],"inheritedEditPermissions":[],"$entitySet":"profiles"},"doDiffs":false,"timestamp":1728801219866,"id":"0z02bmnb5snyfe0","previousOperationId":null,"operationId":"k61jsfmd9erw1jf"}
{"type":"log","level":"info","message":"Render request 109 queued for execution and waiting for available worker","previousOperationId":"k61jsfmd9erw1jf","timestamp":1728801219867,"id":"k2nllh1if7xv1ug"}
{"type":"operationStart","subtype":"render","name":"page_number","previousOperationId":"k61jsfmd9erw1jf","timestamp":1728801219881,"id":"tvvrqdpj1wigqr3","previousEventId":"0z02bmnb5snyfe0","operationId":"2xj5n760j1krv8v"}
{"type":"log","timestamp":1728801219881,"level":"info","message":"Starting rendering request 109 (user: admin)","meta":{"rootId":"bodvgyqhmxt6huo","id":"bodvgyqhmxt6huo"},"id":"ffy1pha25s7giej","previousOperationId":"2xj5n760j1krv8v"}
{"type":"log","timestamp":1728801219881,"level":"info","message":"Rendering template { name: page_number, recipe: chrome-pdf, engine: handlebars, preview: true }","meta":{"rootId":"bodvgyqhmxt6huo","id":"bodvgyqhmxt6huo"},"id":"a1xcguj2g63abqp","previousOperationId":"2xj5n760j1krv8v"}
{"type":"log","timestamp":1728801219882,"level":"debug","message":"Data item not defined for this template.","meta":{"rootId":"bodvgyqhmxt6huo","id":"bodvgyqhmxt6huo"},"id":"1q12695o8t3rgqb","previousOperationId":"2xj5n760j1krv8v"}
{"type":"log","timestamp":1728801219883,"level":"debug","message":"Base url not specified, skipping its injection.","meta":{"rootId":"bodvgyqhmxt6huo","id":"bodvgyqhmxt6huo"},"id":"t1cxc6un0g9wisw","previousOperationId":"2xj5n760j1krv8v"}
{"type":"log","timestamp":1728801219886,"level":"debug","message":"Replaced assets [\"KhmerOSSiemreapRegular.ttf\",\"KhmerOSMuolLightRegular.ttf\",\"times new roman.ttf\"]","meta":{"rootId":"bodvgyqhmxt6huo","id":"bodvgyqhmxt6huo"},"id":"g6tg502i1parlih","previousOperationId":"2xj5n760j1krv8v"}
{"type":"operationStart","subtype":"engine","name":"handlebars","timestamp":1728801219886,"id":"fa3b0sg64ogggex","previousEventId":"tvvrqdpj1wigqr3","operationId":"robxmpyla8lshim","previousOperationId":"2xj5n760j1krv8v"}
{"type":"log","timestamp":1728801219886,"level":"debug","message":"Rendering engine handlebars","meta":{"rootId":"bodvgyqhmxt6huo","id":"bodvgyqhmxt6huo"},"id":"359ovo0w7gqwkks","previousOperationId":"robxmpyla8lshim"}
{"type":"operationEnd","operationId":"robxmpyla8lshim","timestamp":1728801219900,"id":"7wshrdov1flic5o","previousEventId":"fa3b0sg64ogggex","previousOperationId":"robxmpyla8lshim"}
{"type":"operationStart","subtype":"recipe","name":"chrome-pdf","timestamp":1728801219904,"id":"0fp3rh18xij7fzc","previousEventId":"7wshrdov1flic5o","operationId":"509h5k5p2bchter","previousOperationId":"robxmpyla8lshim"}
{"type":"log","timestamp":1728801219904,"level":"debug","message":"Executing recipe chrome-pdf","meta":{"rootId":"bodvgyqhmxt6huo","id":"bodvgyqhmxt6huo"},"id":"rkxrzt1b8gmoxal","previousOperationId":"509h5k5p2bchter"}
{"type":"log","timestamp":1728801219907,"level":"debug","message":"Converting with chrome Chrome/127.0.6533.99 using chrome-pool strategy","meta":{"rootId":"bodvgyqhmxt6huo","id":"bodvgyqhmxt6huo"},"id":"91nk098zcqtxd9u","previousOperationId":"509h5k5p2bchter"}
{"type":"log","timestamp":1728801219957,"level":"debug","message":"Page request: GET (document) file:///C:/Users/shsmo/AppData/Local/Temp/jsreport/autocleanup/0c7a2ceb-0a02-484b-9557-2f5228dee829-chrome-pdf.html","meta":{"rootId":"bodvgyqhmxt6huo","id":"bodvgyqhmxt6huo"},"id":"y36fyedojm16s4b","previousOperationId":"509h5k5p2bchter"}
{"type":"log","timestamp":1728801219970,"level":"debug","message":"Page request finished: GET (document) 200 file:///C:/Users/shsmo/AppData/Local/Temp/jsreport/autocleanup/0c7a2ceb-0a02-484b-9557-2f5228dee829-chrome-pdf.html","meta":{"rootId":"bodvgyqhmxt6huo","id":"bodvgyqhmxt6huo"},"id":"jczurnftvhrvjr9","previousOperationId":"509h5k5p2bchter"}
{"type":"log","timestamp":1728801219970,"level":"debug","message":"Page request: GET (script) https://cdn.tailwindcss.com/","meta":{"rootId":"bodvgyqhmxt6huo","id":"bodvgyqhmxt6huo"},"id":"mazenqlj7sttj72","previousOperationId":"509h5k5p2bchter"}
{"type":"log","timestamp":1728801219977,"level":"warn","message":"Page request failed: GET (script) 302 https://cdn.tailwindcss.com/ (redirect to: /3.4.5)","meta":{"rootId":"bodvgyqhmxt6huo","id":"bodvgyqhmxt6huo"},"id":"rsj0tjnaltbydqu","previousOperationId":"509h5k5p2bchter"}
{"type":"log","timestamp":1728801219977,"level":"debug","message":"Page request: GET (script) https://cdn.tailwindcss.com/3.4.5 (redirect from: https://cdn.tailwindcss.com/)","meta":{"rootId":"bodvgyqhmxt6huo","id":"bodvgyqhmxt6huo"},"id":"1f2z2vmq5y6a2y4","previousOperationId":"509h5k5p2bchter"}
{"type":"log","timestamp":1728801219992,"level":"debug","message":"Page request finished: GET (script) 200 https://cdn.tailwindcss.com/3.4.5","meta":{"rootId":"bodvgyqhmxt6huo","id":"bodvgyqhmxt6huo"},"id":"wwoks743nnjubr0","previousOperationId":"509h5k5p2bchter"}
{"type":"log","timestamp":1728801220025,"level":"debug","message":"(console:warn) cdn.tailwindcss.com should not be used in production. To use Tailwind CSS in production, install it as a PostCSS plugin or use the Tailwind CLI: https://tailwindcss.com/docs/installation","meta":{"userLevel":true,"rootId":"bodvgyqhmxt6huo","id":"bodvgyqhmxt6huo"},"id":"badmif6hn9o4cav","previousOperationId":"509h5k5p2bchter"}
{"type":"log","timestamp":1728801220082,"level":"debug","message":"Running chrome with params {\"marginRight\":\"1.5cm\",\"marginLeft\":\"1cm\",\"timeout\":599960,\"margin\":{\"right\":\"1.5cm\",\"left\":\"1cm\"},\"printBackground\":true}","meta":{"rootId":"bodvgyqhmxt6huo","id":"bodvgyqhmxt6huo"},"id":"lhr21003nkduvp7","previousOperationId":"509h5k5p2bchter"}
{"type":"operationEnd","operationId":"509h5k5p2bchter","timestamp":1728801220119,"id":"85wv07q10bnthp9","previousEventId":"0fp3rh18xij7fzc","previousOperationId":"509h5k5p2bchter"}
{"type":"log","timestamp":1728801220119,"level":"debug","message":"Skipping storing report.","meta":{"rootId":"bodvgyqhmxt6huo","id":"bodvgyqhmxt6huo"},"id":"tat0u5jjmobl14y","previousOperationId":"509h5k5p2bchter"}
{"type":"log","timestamp":1728801220119,"level":"info","message":"Rendering request 109 finished in 253 ms","meta":{"rootId":"bodvgyqhmxt6huo","id":"bodvgyqhmxt6huo"},"id":"g0rxk4mcqg8si7w","previousOperationId":"509h5k5p2bchter"}
{"type":"operationEnd","subtype":"render","operationId":"2xj5n760j1krv8v","timestamp":1728801220119,"id":"h7dlyarvyu0gw81","previousEventId":"85wv07q10bnthp9","previousOperationId":"509h5k5p2bchter"}
{"type":"operationEnd","doDiffs":false,"previousEventId":"0z02bmnb5snyfe0","previousOperationId":"k61jsfmd9erw1jf","operationId":"k61jsfmd9erw1jf","timestamp":1728801220122,"id":"ho837wr64j6axw7"}
