{"type":"operationStart","subtype":"profile","data":{"_id":"HbpW28XIm3MGZR3Q","timestamp":"2024-10-11T18:17:26.678Z","state":"queued","mode":"standard","creationDate":"2024-10-11T18:17:26.679Z","modificationDate":"2024-10-11T18:17:26.679Z","shortid":"1fRdJYy","inheritedReadPermissions":[],"inheritedEditPermissions":[],"$entitySet":"profiles"},"doDiffs":false,"timestamp":1728670646679,"id":"unacmeptoup3su9","previousOperationId":null,"operationId":"wwljbf93ykq7s55"}
{"type":"log","level":"info","message":"Render request 156 queued for execution and waiting for available worker","previousOperationId":"wwljbf93ykq7s55","timestamp":1728670646679,"id":"ze9qxfn11pqbb7l"}
{"type":"operationStart","subtype":"render","name":"page_number","previousOperationId":"wwljbf93ykq7s55","timestamp":1728670646692,"id":"5qhqpyq7bs7crfr","previousEventId":"unacmeptoup3su9","operationId":"0dtxcs3mfw5ec6c"}
{"type":"log","timestamp":1728670646692,"level":"info","message":"Starting rendering request 156 (user: admin)","meta":{"rootId":"bskv9ervi3463y3","id":"bskv9ervi3463y3"},"id":"70ob89zll4e43uh","previousOperationId":"0dtxcs3mfw5ec6c"}
{"type":"log","timestamp":1728670646692,"level":"info","message":"Rendering template { name: page_number, recipe: chrome-pdf, engine: handlebars, preview: true }","meta":{"rootId":"bskv9ervi3463y3","id":"bskv9ervi3463y3"},"id":"j8gjr1jf51fsr0n","previousOperationId":"0dtxcs3mfw5ec6c"}
{"type":"log","timestamp":1728670646693,"level":"debug","message":"Data item not defined for this template.","meta":{"rootId":"bskv9ervi3463y3","id":"bskv9ervi3463y3"},"id":"mqv4y6m5pjk23dy","previousOperationId":"0dtxcs3mfw5ec6c"}
{"type":"log","timestamp":1728670646694,"level":"debug","message":"Base url not specified, skipping its injection.","meta":{"rootId":"bskv9ervi3463y3","id":"bskv9ervi3463y3"},"id":"6u5rihh4xkk3ys0","previousOperationId":"0dtxcs3mfw5ec6c"}
{"type":"log","timestamp":1728670646698,"level":"debug","message":"Replaced assets [\"KhmerOSSiemreapRegular.ttf\",\"KhmerOSMuolLightRegular.ttf\",\"times new roman.ttf\"]","meta":{"rootId":"bskv9ervi3463y3","id":"bskv9ervi3463y3"},"id":"bxv7f0y8c4b739g","previousOperationId":"0dtxcs3mfw5ec6c"}
{"type":"operationStart","subtype":"engine","name":"handlebars","timestamp":1728670646698,"id":"sj4zps51x0azf49","previousEventId":"5qhqpyq7bs7crfr","operationId":"n93y9r7rzng743e","previousOperationId":"0dtxcs3mfw5ec6c"}
{"type":"log","timestamp":1728670646698,"level":"debug","message":"Rendering engine handlebars","meta":{"rootId":"bskv9ervi3463y3","id":"bskv9ervi3463y3"},"id":"kvue2xn6spsody7","previousOperationId":"n93y9r7rzng743e"}
{"type":"operationEnd","operationId":"n93y9r7rzng743e","timestamp":1728670646722,"id":"itju1jqggp6cj30","previousEventId":"sj4zps51x0azf49","previousOperationId":"n93y9r7rzng743e"}
{"type":"operationStart","subtype":"recipe","name":"chrome-pdf","timestamp":1728670646725,"id":"a4tdhzimi83gjeh","previousEventId":"itju1jqggp6cj30","operationId":"qx7sy4utewnbi9q","previousOperationId":"n93y9r7rzng743e"}
{"type":"log","timestamp":1728670646725,"level":"debug","message":"Executing recipe chrome-pdf","meta":{"rootId":"bskv9ervi3463y3","id":"bskv9ervi3463y3"},"id":"ooorn55qg6vfxon","previousOperationId":"qx7sy4utewnbi9q"}
{"type":"log","timestamp":1728670646997,"level":"debug","message":"Converting with chrome Chrome/127.0.6533.99 using chrome-pool strategy","meta":{"rootId":"bskv9ervi3463y3","id":"bskv9ervi3463y3"},"id":"s7keanv3oegragp","previousOperationId":"qx7sy4utewnbi9q"}
{"type":"log","timestamp":1728670647038,"level":"debug","message":"Page request: GET (document) file:///C:/Users/shsmo/AppData/Local/Temp/jsreport/autocleanup/eecaef38-a4ae-40e5-8b16-b092cee34f00-chrome-pdf.html","meta":{"rootId":"bskv9ervi3463y3","id":"bskv9ervi3463y3"},"id":"4bea73qp2hmbdaz","previousOperationId":"qx7sy4utewnbi9q"}
{"type":"log","timestamp":1728670647053,"level":"debug","message":"Page request finished: GET (document) 200 file:///C:/Users/shsmo/AppData/Local/Temp/jsreport/autocleanup/eecaef38-a4ae-40e5-8b16-b092cee34f00-chrome-pdf.html","meta":{"rootId":"bskv9ervi3463y3","id":"bskv9ervi3463y3"},"id":"jfjb1yrpx0sen8q","previousOperationId":"qx7sy4utewnbi9q"}
{"type":"log","timestamp":1728670647057,"level":"debug","message":"Page request: GET (script) https://cdn.tailwindcss.com/","meta":{"rootId":"bskv9ervi3463y3","id":"bskv9ervi3463y3"},"id":"1hvy5crpq8m175h","previousOperationId":"qx7sy4utewnbi9q"}
{"type":"log","timestamp":1728670647119,"level":"warn","message":"Page request failed: GET (script) 302 https://cdn.tailwindcss.com/ (redirect to: /3.4.5)","meta":{"rootId":"bskv9ervi3463y3","id":"bskv9ervi3463y3"},"id":"zkbfimln34y25ml","previousOperationId":"qx7sy4utewnbi9q"}
{"type":"log","timestamp":1728670647119,"level":"debug","message":"Page request: GET (script) https://cdn.tailwindcss.com/3.4.5 (redirect from: https://cdn.tailwindcss.com/)","meta":{"rootId":"bskv9ervi3463y3","id":"bskv9ervi3463y3"},"id":"7q2e8gmbcfhio3q","previousOperationId":"qx7sy4utewnbi9q"}
{"type":"log","timestamp":1728670647174,"level":"debug","message":"Page request finished: GET (script) 200 https://cdn.tailwindcss.com/3.4.5","meta":{"rootId":"bskv9ervi3463y3","id":"bskv9ervi3463y3"},"id":"m5vfb4xxoj2pxs5","previousOperationId":"qx7sy4utewnbi9q"}
{"type":"log","timestamp":1728670647207,"level":"debug","message":"(console:warn) cdn.tailwindcss.com should not be used in production. To use Tailwind CSS in production, install it as a PostCSS plugin or use the Tailwind CLI: https://tailwindcss.com/docs/installation","meta":{"userLevel":true,"rootId":"bskv9ervi3463y3","id":"bskv9ervi3463y3"},"id":"zm49sc3ibrmidub","previousOperationId":"qx7sy4utewnbi9q"}
{"type":"log","timestamp":1728670647268,"level":"debug","message":"Running chrome with params {\"marginRight\":\"2cm\",\"marginLeft\":\"2cm\",\"timeout\":599950,\"margin\":{\"right\":\"2cm\",\"left\":\"2cm\"},\"printBackground\":true}","meta":{"rootId":"bskv9ervi3463y3","id":"bskv9ervi3463y3"},"id":"oo8o56g7qophw30","previousOperationId":"qx7sy4utewnbi9q"}
{"type":"operationEnd","operationId":"qx7sy4utewnbi9q","timestamp":1728670647320,"id":"l93e1pojlx0e4p2","previousEventId":"a4tdhzimi83gjeh","previousOperationId":"qx7sy4utewnbi9q"}
{"type":"log","timestamp":1728670647320,"level":"debug","message":"Skipping storing report.","meta":{"rootId":"bskv9ervi3463y3","id":"bskv9ervi3463y3"},"id":"0tl7fgmyrpzn3h8","previousOperationId":"qx7sy4utewnbi9q"}
{"type":"log","timestamp":1728670647320,"level":"info","message":"Rendering request 156 finished in 642 ms","meta":{"rootId":"bskv9ervi3463y3","id":"bskv9ervi3463y3"},"id":"czygmmfpf36r2w7","previousOperationId":"qx7sy4utewnbi9q"}
{"type":"operationEnd","subtype":"render","operationId":"0dtxcs3mfw5ec6c","timestamp":1728670647320,"id":"ao5f2r6fuulkm01","previousEventId":"l93e1pojlx0e4p2","previousOperationId":"qx7sy4utewnbi9q"}
{"type":"operationEnd","doDiffs":false,"previousEventId":"unacmeptoup3su9","previousOperationId":"wwljbf93ykq7s55","operationId":"wwljbf93ykq7s55","timestamp":1728670647322,"id":"0k3wcdjycxj43xt"}
