{"type":"operationStart","subtype":"profile","data":{"_id":"w5uqFwATt0QcqaCh","timestamp":"2024-10-14T14:58:02.105Z","state":"queued","mode":"standard","creationDate":"2024-10-14T14:58:02.106Z","modificationDate":"2024-10-14T14:58:02.106Z","shortid":"9lVGvAz","inheritedReadPermissions":[],"inheritedEditPermissions":[],"$entitySet":"profiles"},"doDiffs":false,"timestamp":1728917882106,"id":"3rlt8u0239f6f7x","previousOperationId":null,"operationId":"qnie21zjxde5x7u"}
{"type":"log","level":"info","message":"Render request 61 queued for execution and waiting for available worker","previousOperationId":"qnie21zjxde5x7u","timestamp":1728917882106,"id":"sdof9fyoswi1ox5"}
{"type":"operationStart","subtype":"render","name":"page_number","previousOperationId":"qnie21zjxde5x7u","timestamp":1728917882121,"id":"t4dvs5g4dlamzub","previousEventId":"3rlt8u0239f6f7x","operationId":"t88lckjt2xqvnes"}
{"type":"log","timestamp":1728917882121,"level":"info","message":"Starting rendering request 61 (user: admin)","meta":{"rootId":"c2hcbbbpont3tom","id":"c2hcbbbpont3tom"},"id":"jwyficocwi9s4wu","previousOperationId":"t88lckjt2xqvnes"}
{"type":"log","timestamp":1728917882121,"level":"info","message":"Rendering template { name: page_number, recipe: chrome-pdf, engine: handlebars, preview: true }","meta":{"rootId":"c2hcbbbpont3tom","id":"c2hcbbbpont3tom"},"id":"35582grdbqlbigf","previousOperationId":"t88lckjt2xqvnes"}
{"type":"log","timestamp":1728917882121,"level":"debug","message":"Data item not defined for this template.","meta":{"rootId":"c2hcbbbpont3tom","id":"c2hcbbbpont3tom"},"id":"c8him69yquvkpbe","previousOperationId":"t88lckjt2xqvnes"}
{"type":"log","timestamp":1728917882122,"level":"debug","message":"Base url not specified, skipping its injection.","meta":{"rootId":"c2hcbbbpont3tom","id":"c2hcbbbpont3tom"},"id":"2gi97w712x4eetg","previousOperationId":"t88lckjt2xqvnes"}
{"type":"log","timestamp":1728917882127,"level":"debug","message":"Replaced assets [\"KhmerOSSiemreapRegular.ttf\",\"KhmerOSMuolLightRegular.ttf\",\"times new roman.ttf\"]","meta":{"rootId":"c2hcbbbpont3tom","id":"c2hcbbbpont3tom"},"id":"h1n72i4jv2hn7qm","previousOperationId":"t88lckjt2xqvnes"}
{"type":"operationStart","subtype":"engine","name":"handlebars","timestamp":1728917882127,"id":"fir0dln5o3h9ggu","previousEventId":"t4dvs5g4dlamzub","operationId":"zpoxk281ewoc1tl","previousOperationId":"t88lckjt2xqvnes"}
{"type":"log","timestamp":1728917882127,"level":"debug","message":"Rendering engine handlebars","meta":{"rootId":"c2hcbbbpont3tom","id":"c2hcbbbpont3tom"},"id":"ruow3zgql0pr4rb","previousOperationId":"zpoxk281ewoc1tl"}
{"type":"operationEnd","operationId":"zpoxk281ewoc1tl","timestamp":1728917882149,"id":"qmj31sfqwar4i51","previousEventId":"fir0dln5o3h9ggu","previousOperationId":"zpoxk281ewoc1tl"}
{"type":"operationStart","subtype":"recipe","name":"chrome-pdf","timestamp":1728917882152,"id":"pz7mjqwhsfadd72","previousEventId":"qmj31sfqwar4i51","operationId":"zkqnm2l4g8pxqgd","previousOperationId":"zpoxk281ewoc1tl"}
{"type":"log","timestamp":1728917882152,"level":"debug","message":"Executing recipe chrome-pdf","meta":{"rootId":"c2hcbbbpont3tom","id":"c2hcbbbpont3tom"},"id":"pxbb8nxok1bziur","previousOperationId":"zkqnm2l4g8pxqgd"}
{"type":"log","timestamp":1728917882155,"level":"debug","message":"Converting with chrome Chrome/127.0.6533.99 using chrome-pool strategy","meta":{"rootId":"c2hcbbbpont3tom","id":"c2hcbbbpont3tom"},"id":"dlxm7gca9t0dl2e","previousOperationId":"zkqnm2l4g8pxqgd"}
{"type":"log","timestamp":1728917882207,"level":"debug","message":"Page request: GET (document) file:///C:/Users/shsmo/AppData/Local/Temp/jsreport/autocleanup/ea2556ae-b0ca-426c-a632-014e58dcee0f-chrome-pdf.html","meta":{"rootId":"c2hcbbbpont3tom","id":"c2hcbbbpont3tom"},"id":"7tlj4iisrxlbsfs","previousOperationId":"zkqnm2l4g8pxqgd"}
{"type":"log","timestamp":1728917882220,"level":"debug","message":"Page request finished: GET (document) 200 file:///C:/Users/shsmo/AppData/Local/Temp/jsreport/autocleanup/ea2556ae-b0ca-426c-a632-014e58dcee0f-chrome-pdf.html","meta":{"rootId":"c2hcbbbpont3tom","id":"c2hcbbbpont3tom"},"id":"38mqo60dchcoz4j","previousOperationId":"zkqnm2l4g8pxqgd"}
{"type":"log","timestamp":1728917882223,"level":"debug","message":"Page request: GET (script) https://cdn.tailwindcss.com/","meta":{"rootId":"c2hcbbbpont3tom","id":"c2hcbbbpont3tom"},"id":"on9kkfuzkj1hxcn","previousOperationId":"zkqnm2l4g8pxqgd"}
{"type":"log","timestamp":1728917882232,"level":"warn","message":"Page request failed: GET (script) 302 https://cdn.tailwindcss.com/ (redirect to: /3.4.5)","meta":{"rootId":"c2hcbbbpont3tom","id":"c2hcbbbpont3tom"},"id":"e90ghlcqpjxwmtw","previousOperationId":"zkqnm2l4g8pxqgd"}
{"type":"log","timestamp":1728917882233,"level":"debug","message":"Page request: GET (script) https://cdn.tailwindcss.com/3.4.5 (redirect from: https://cdn.tailwindcss.com/)","meta":{"rootId":"c2hcbbbpont3tom","id":"c2hcbbbpont3tom"},"id":"ssaxujze8yxqvcx","previousOperationId":"zkqnm2l4g8pxqgd"}
{"type":"log","timestamp":1728917882250,"level":"debug","message":"Page request finished: GET (script) 200 https://cdn.tailwindcss.com/3.4.5","meta":{"rootId":"c2hcbbbpont3tom","id":"c2hcbbbpont3tom"},"id":"l7htnk0ffwfb478","previousOperationId":"zkqnm2l4g8pxqgd"}
{"type":"log","timestamp":1728917882289,"level":"debug","message":"(console:warn) cdn.tailwindcss.com should not be used in production. To use Tailwind CSS in production, install it as a PostCSS plugin or use the Tailwind CLI: https://tailwindcss.com/docs/installation","meta":{"userLevel":true,"rootId":"c2hcbbbpont3tom","id":"c2hcbbbpont3tom"},"id":"4t4t8gbqgu70qh2","previousOperationId":"zkqnm2l4g8pxqgd"}
{"type":"log","timestamp":1728917882352,"level":"debug","message":"Running chrome with params {\"marginRight\":\"1.5cm\",\"marginLeft\":\"1.5cm\",\"timeout\":599951,\"margin\":{\"right\":\"1.5cm\",\"left\":\"1.5cm\"},\"printBackground\":true}","meta":{"rootId":"c2hcbbbpont3tom","id":"c2hcbbbpont3tom"},"id":"tmrr966ui2rzo6e","previousOperationId":"zkqnm2l4g8pxqgd"}
{"type":"operationEnd","operationId":"zkqnm2l4g8pxqgd","timestamp":1728917882394,"id":"6u3ijn1pusq50tv","previousEventId":"pz7mjqwhsfadd72","previousOperationId":"zkqnm2l4g8pxqgd"}
{"type":"log","timestamp":1728917882394,"level":"debug","message":"Skipping storing report.","meta":{"rootId":"c2hcbbbpont3tom","id":"c2hcbbbpont3tom"},"id":"n8d3umwrv6kcty4","previousOperationId":"zkqnm2l4g8pxqgd"}
{"type":"log","timestamp":1728917882394,"level":"info","message":"Rendering request 61 finished in 289 ms","meta":{"rootId":"c2hcbbbpont3tom","id":"c2hcbbbpont3tom"},"id":"71ut5bnarls45tj","previousOperationId":"zkqnm2l4g8pxqgd"}
{"type":"operationEnd","subtype":"render","operationId":"t88lckjt2xqvnes","timestamp":1728917882394,"id":"detx7838jmdnd2n","previousEventId":"6u3ijn1pusq50tv","previousOperationId":"zkqnm2l4g8pxqgd"}
{"type":"operationEnd","doDiffs":false,"previousEventId":"3rlt8u0239f6f7x","previousOperationId":"qnie21zjxde5x7u","operationId":"qnie21zjxde5x7u","timestamp":1728917882396,"id":"vpqs52pcqo4yex4"}
