{"type":"operationStart","subtype":"profile","data":{"_id":"CurzX3ZCIuth9pmf","timestamp":"2024-10-13T06:39:05.278Z","state":"queued","mode":"standard","creationDate":"2024-10-13T06:39:05.280Z","modificationDate":"2024-10-13T06:39:05.280Z","shortid":"MOgH0rG","inheritedReadPermissions":[],"inheritedEditPermissions":[],"$entitySet":"profiles"},"doDiffs":false,"timestamp":1728801545279,"id":"vzlg0hn2hswbqm1","previousOperationId":null,"operationId":"mmmxtcgdlt1f2vp"}
{"type":"log","level":"info","message":"Render request 122 queued for execution and waiting for available worker","previousOperationId":"mmmxtcgdlt1f2vp","timestamp":1728801545279,"id":"wojjcazdbqnqg1x"}
{"type":"operationStart","subtype":"render","name":"page_number","previousOperationId":"mmmxtcgdlt1f2vp","timestamp":1728801545292,"id":"as93e7va1let14v","previousEventId":"vzlg0hn2hswbqm1","operationId":"773mnxqj66a4irj"}
{"type":"log","timestamp":1728801545292,"level":"info","message":"Starting rendering request 122 (user: admin)","meta":{"rootId":"cq7qe368vhq2fkw","id":"cq7qe368vhq2fkw"},"id":"q9j47s6dzvgt2qf","previousOperationId":"773mnxqj66a4irj"}
{"type":"log","timestamp":1728801545292,"level":"info","message":"Rendering template { name: page_number, recipe: chrome-pdf, engine: handlebars, preview: true }","meta":{"rootId":"cq7qe368vhq2fkw","id":"cq7qe368vhq2fkw"},"id":"ile6tr5hgjqa6ow","previousOperationId":"773mnxqj66a4irj"}
{"type":"log","timestamp":1728801545293,"level":"debug","message":"Data item not defined for this template.","meta":{"rootId":"cq7qe368vhq2fkw","id":"cq7qe368vhq2fkw"},"id":"vb4t6b3ddt6e18a","previousOperationId":"773mnxqj66a4irj"}
{"type":"log","timestamp":1728801545294,"level":"debug","message":"Base url not specified, skipping its injection.","meta":{"rootId":"cq7qe368vhq2fkw","id":"cq7qe368vhq2fkw"},"id":"65m7lewzsjsw2il","previousOperationId":"773mnxqj66a4irj"}
{"type":"log","timestamp":1728801545297,"level":"debug","message":"Replaced assets [\"KhmerOSSiemreapRegular.ttf\",\"KhmerOSMuolLightRegular.ttf\",\"times new roman.ttf\"]","meta":{"rootId":"cq7qe368vhq2fkw","id":"cq7qe368vhq2fkw"},"id":"aq7rzuemiafqtpt","previousOperationId":"773mnxqj66a4irj"}
{"type":"operationStart","subtype":"engine","name":"handlebars","timestamp":1728801545298,"id":"lolhcbk8nipokfr","previousEventId":"as93e7va1let14v","operationId":"z4mvd2rrpud4qfv","previousOperationId":"773mnxqj66a4irj"}
{"type":"log","timestamp":1728801545298,"level":"debug","message":"Rendering engine handlebars","meta":{"rootId":"cq7qe368vhq2fkw","id":"cq7qe368vhq2fkw"},"id":"12ld4cqtqunwsmg","previousOperationId":"z4mvd2rrpud4qfv"}
{"type":"operationEnd","operationId":"z4mvd2rrpud4qfv","timestamp":1728801545314,"id":"tratjduja1puy7j","previousEventId":"lolhcbk8nipokfr","previousOperationId":"z4mvd2rrpud4qfv"}
{"type":"operationStart","subtype":"recipe","name":"chrome-pdf","timestamp":1728801545319,"id":"ouf6dk96igaijeo","previousEventId":"tratjduja1puy7j","operationId":"u3l0op1k8na2mg1","previousOperationId":"z4mvd2rrpud4qfv"}
{"type":"log","timestamp":1728801545319,"level":"debug","message":"Executing recipe chrome-pdf","meta":{"rootId":"cq7qe368vhq2fkw","id":"cq7qe368vhq2fkw"},"id":"p45zmuwdxk3xhvy","previousOperationId":"u3l0op1k8na2mg1"}
{"type":"log","timestamp":1728801545324,"level":"debug","message":"Converting with chrome Chrome/127.0.6533.99 using chrome-pool strategy","meta":{"rootId":"cq7qe368vhq2fkw","id":"cq7qe368vhq2fkw"},"id":"g2efwcriayim36f","previousOperationId":"u3l0op1k8na2mg1"}
{"type":"log","timestamp":1728801545366,"level":"debug","message":"Page request: GET (document) file:///C:/Users/shsmo/AppData/Local/Temp/jsreport/autocleanup/cecabf90-5f8b-4b79-ab91-df9c93e61da8-chrome-pdf.html","meta":{"rootId":"cq7qe368vhq2fkw","id":"cq7qe368vhq2fkw"},"id":"0bimsvk9w00uiwk","previousOperationId":"u3l0op1k8na2mg1"}
{"type":"log","timestamp":1728801545376,"level":"debug","message":"Page request: GET (script) https://cdn.tailwindcss.com/","meta":{"rootId":"cq7qe368vhq2fkw","id":"cq7qe368vhq2fkw"},"id":"ewmhit83m4g4lb2","previousOperationId":"u3l0op1k8na2mg1"}
{"type":"log","timestamp":1728801545377,"level":"debug","message":"Page request finished: GET (document) 200 file:///C:/Users/shsmo/AppData/Local/Temp/jsreport/autocleanup/cecabf90-5f8b-4b79-ab91-df9c93e61da8-chrome-pdf.html","meta":{"rootId":"cq7qe368vhq2fkw","id":"cq7qe368vhq2fkw"},"id":"uieqdm1352e3586","previousOperationId":"u3l0op1k8na2mg1"}
{"type":"log","timestamp":1728801545383,"level":"warn","message":"Page request failed: GET (script) 302 https://cdn.tailwindcss.com/ (redirect to: /3.4.5)","meta":{"rootId":"cq7qe368vhq2fkw","id":"cq7qe368vhq2fkw"},"id":"fmm159oq1uqm6v6","previousOperationId":"u3l0op1k8na2mg1"}
{"type":"log","timestamp":1728801545383,"level":"debug","message":"Page request: GET (script) https://cdn.tailwindcss.com/3.4.5 (redirect from: https://cdn.tailwindcss.com/)","meta":{"rootId":"cq7qe368vhq2fkw","id":"cq7qe368vhq2fkw"},"id":"ev3lv3eyxasdok9","previousOperationId":"u3l0op1k8na2mg1"}
{"type":"log","timestamp":1728801545399,"level":"debug","message":"Page request finished: GET (script) 200 https://cdn.tailwindcss.com/3.4.5","meta":{"rootId":"cq7qe368vhq2fkw","id":"cq7qe368vhq2fkw"},"id":"xqsmdp4223jvyte","previousOperationId":"u3l0op1k8na2mg1"}
{"type":"log","timestamp":1728801545433,"level":"debug","message":"(console:warn) cdn.tailwindcss.com should not be used in production. To use Tailwind CSS in production, install it as a PostCSS plugin or use the Tailwind CLI: https://tailwindcss.com/docs/installation","meta":{"userLevel":true,"rootId":"cq7qe368vhq2fkw","id":"cq7qe368vhq2fkw"},"id":"eipohnrahnqvq3o","previousOperationId":"u3l0op1k8na2mg1"}
{"type":"log","timestamp":1728801545494,"level":"debug","message":"Running chrome with params {\"marginRight\":\"1.5cm\",\"marginLeft\":\"1cm\",\"timeout\":599955,\"margin\":{\"right\":\"1.5cm\",\"left\":\"1cm\"},\"printBackground\":true}","meta":{"rootId":"cq7qe368vhq2fkw","id":"cq7qe368vhq2fkw"},"id":"nnssa30wjq7gy0j","previousOperationId":"u3l0op1k8na2mg1"}
{"type":"operationEnd","operationId":"u3l0op1k8na2mg1","timestamp":1728801545531,"id":"g2nnc88hyc5np0n","previousEventId":"ouf6dk96igaijeo","previousOperationId":"u3l0op1k8na2mg1"}
{"type":"log","timestamp":1728801545531,"level":"debug","message":"Skipping storing report.","meta":{"rootId":"cq7qe368vhq2fkw","id":"cq7qe368vhq2fkw"},"id":"6vgax3696fhzkna","previousOperationId":"u3l0op1k8na2mg1"}
{"type":"log","timestamp":1728801545531,"level":"info","message":"Rendering request 122 finished in 253 ms","meta":{"rootId":"cq7qe368vhq2fkw","id":"cq7qe368vhq2fkw"},"id":"f7ia3w15dhid2aq","previousOperationId":"u3l0op1k8na2mg1"}
{"type":"operationEnd","subtype":"render","operationId":"773mnxqj66a4irj","timestamp":1728801545531,"id":"v68v2aka57z5b8t","previousEventId":"g2nnc88hyc5np0n","previousOperationId":"u3l0op1k8na2mg1"}
{"type":"operationEnd","doDiffs":false,"previousEventId":"vzlg0hn2hswbqm1","previousOperationId":"mmmxtcgdlt1f2vp","operationId":"mmmxtcgdlt1f2vp","timestamp":1728801545533,"id":"z1b4pkiinu9sqdu"}
