{"type":"operationStart","subtype":"profile","data":{"_id":"JNtESFU6h7Cwb6Co","timestamp":"2024-10-13T06:22:59.746Z","state":"queued","mode":"standard","creationDate":"2024-10-13T06:22:59.748Z","modificationDate":"2024-10-13T06:22:59.748Z","shortid":"RSsCx7f","inheritedReadPermissions":[],"inheritedEditPermissions":[],"$entitySet":"profiles"},"doDiffs":false,"timestamp":1728800579747,"id":"zwv5yfd35bf887s","previousOperationId":null,"operationId":"3w7qxp8utajckrj"}
{"type":"log","level":"info","message":"Render request 86 queued for execution and waiting for available worker","previousOperationId":"3w7qxp8utajckrj","timestamp":1728800579747,"id":"m5f9h3lyx582e8w"}
{"type":"operationStart","subtype":"render","name":"page_number","previousOperationId":"3w7qxp8utajckrj","timestamp":1728800579761,"id":"jcm65u5t4f239h3","previousEventId":"zwv5yfd35bf887s","operationId":"r1bbqqgmxjeicgh"}
{"type":"log","timestamp":1728800579761,"level":"info","message":"Starting rendering request 86 (user: admin)","meta":{"rootId":"cxyn33ivzhjesa7","id":"cxyn33ivzhjesa7"},"id":"cfsz7p9c5ookt04","previousOperationId":"r1bbqqgmxjeicgh"}
{"type":"log","timestamp":1728800579761,"level":"info","message":"Rendering template { name: page_number, recipe: chrome-pdf, engine: handlebars, preview: true }","meta":{"rootId":"cxyn33ivzhjesa7","id":"cxyn33ivzhjesa7"},"id":"4hm9lcv8ppyw5xv","previousOperationId":"r1bbqqgmxjeicgh"}
{"type":"log","timestamp":1728800579761,"level":"debug","message":"Data item not defined for this template.","meta":{"rootId":"cxyn33ivzhjesa7","id":"cxyn33ivzhjesa7"},"id":"gjx6f34x1hjqi8i","previousOperationId":"r1bbqqgmxjeicgh"}
{"type":"log","timestamp":1728800579762,"level":"debug","message":"Base url not specified, skipping its injection.","meta":{"rootId":"cxyn33ivzhjesa7","id":"cxyn33ivzhjesa7"},"id":"8e7f4d5wxm3ps3n","previousOperationId":"r1bbqqgmxjeicgh"}
{"type":"log","timestamp":1728800579766,"level":"debug","message":"Replaced assets [\"KhmerOSSiemreapRegular.ttf\",\"KhmerOSMuolLightRegular.ttf\",\"times new roman.ttf\"]","meta":{"rootId":"cxyn33ivzhjesa7","id":"cxyn33ivzhjesa7"},"id":"qjv82g63ly904r0","previousOperationId":"r1bbqqgmxjeicgh"}
{"type":"operationStart","subtype":"engine","name":"handlebars","timestamp":1728800579766,"id":"6xb3lxwbwinku8i","previousEventId":"jcm65u5t4f239h3","operationId":"m86af6yj2snnf2t","previousOperationId":"r1bbqqgmxjeicgh"}
{"type":"log","timestamp":1728800579766,"level":"debug","message":"Rendering engine handlebars","meta":{"rootId":"cxyn33ivzhjesa7","id":"cxyn33ivzhjesa7"},"id":"zwac610rkebiwq7","previousOperationId":"m86af6yj2snnf2t"}
{"type":"operationEnd","operationId":"m86af6yj2snnf2t","timestamp":1728800579783,"id":"4ijpfbzynywrmxk","previousEventId":"6xb3lxwbwinku8i","previousOperationId":"m86af6yj2snnf2t"}
{"type":"operationStart","subtype":"recipe","name":"chrome-pdf","timestamp":1728800579787,"id":"cyj6lz4kkss53bg","previousEventId":"4ijpfbzynywrmxk","operationId":"rcrofud87r33j6v","previousOperationId":"m86af6yj2snnf2t"}
{"type":"log","timestamp":1728800579787,"level":"debug","message":"Executing recipe chrome-pdf","meta":{"rootId":"cxyn33ivzhjesa7","id":"cxyn33ivzhjesa7"},"id":"epderure9wipvi7","previousOperationId":"rcrofud87r33j6v"}
{"type":"log","timestamp":1728800579790,"level":"debug","message":"Converting with chrome Chrome/127.0.6533.99 using chrome-pool strategy","meta":{"rootId":"cxyn33ivzhjesa7","id":"cxyn33ivzhjesa7"},"id":"crl20aormmh8ujh","previousOperationId":"rcrofud87r33j6v"}
{"type":"log","timestamp":1728800579834,"level":"debug","message":"Page request: GET (document) file:///C:/Users/shsmo/AppData/Local/Temp/jsreport/autocleanup/f3e8b997-8c2d-4203-a75e-14ca5a1dc5ad-chrome-pdf.html","meta":{"rootId":"cxyn33ivzhjesa7","id":"cxyn33ivzhjesa7"},"id":"7q0u6gcyvdje8cb","previousOperationId":"rcrofud87r33j6v"}
{"type":"log","timestamp":1728800579847,"level":"debug","message":"Page request finished: GET (document) 200 file:///C:/Users/shsmo/AppData/Local/Temp/jsreport/autocleanup/f3e8b997-8c2d-4203-a75e-14ca5a1dc5ad-chrome-pdf.html","meta":{"rootId":"cxyn33ivzhjesa7","id":"cxyn33ivzhjesa7"},"id":"dy4jzj3yiw2oz60","previousOperationId":"rcrofud87r33j6v"}
{"type":"log","timestamp":1728800579847,"level":"debug","message":"Page request: GET (script) https://cdn.tailwindcss.com/","meta":{"rootId":"cxyn33ivzhjesa7","id":"cxyn33ivzhjesa7"},"id":"041ilo1qn0ra3cu","previousOperationId":"rcrofud87r33j6v"}
{"type":"log","timestamp":1728800579852,"level":"warn","message":"Page request failed: GET (script) 302 https://cdn.tailwindcss.com/ (redirect to: /3.4.5)","meta":{"rootId":"cxyn33ivzhjesa7","id":"cxyn33ivzhjesa7"},"id":"cp3fs9b9oocpqa1","previousOperationId":"rcrofud87r33j6v"}
{"type":"log","timestamp":1728800579852,"level":"debug","message":"Page request: GET (script) https://cdn.tailwindcss.com/3.4.5 (redirect from: https://cdn.tailwindcss.com/)","meta":{"rootId":"cxyn33ivzhjesa7","id":"cxyn33ivzhjesa7"},"id":"57hglsbukp1q3e0","previousOperationId":"rcrofud87r33j6v"}
{"type":"log","timestamp":1728800579865,"level":"debug","message":"Page request finished: GET (script) 200 https://cdn.tailwindcss.com/3.4.5","meta":{"rootId":"cxyn33ivzhjesa7","id":"cxyn33ivzhjesa7"},"id":"nfsrcvpallgilyd","previousOperationId":"rcrofud87r33j6v"}
{"type":"log","timestamp":1728800579896,"level":"debug","message":"(console:warn) cdn.tailwindcss.com should not be used in production. To use Tailwind CSS in production, install it as a PostCSS plugin or use the Tailwind CLI: https://tailwindcss.com/docs/installation","meta":{"userLevel":true,"rootId":"cxyn33ivzhjesa7","id":"cxyn33ivzhjesa7"},"id":"kci1d0ikbn6epif","previousOperationId":"rcrofud87r33j6v"}
{"type":"log","timestamp":1728800579953,"level":"debug","message":"Running chrome with params {\"marginRight\":\"1.5cm\",\"marginLeft\":\"1cm\",\"timeout\":599957,\"margin\":{\"right\":\"1.5cm\",\"left\":\"1cm\"},\"printBackground\":true}","meta":{"rootId":"cxyn33ivzhjesa7","id":"cxyn33ivzhjesa7"},"id":"ap4atjgag0sstgl","previousOperationId":"rcrofud87r33j6v"}
{"type":"operationEnd","operationId":"rcrofud87r33j6v","timestamp":1728800579990,"id":"flfxv2bx17emsa7","previousEventId":"cyj6lz4kkss53bg","previousOperationId":"rcrofud87r33j6v"}
{"type":"log","timestamp":1728800579990,"level":"debug","message":"Skipping storing report.","meta":{"rootId":"cxyn33ivzhjesa7","id":"cxyn33ivzhjesa7"},"id":"8yj43hqatjjm9v6","previousOperationId":"rcrofud87r33j6v"}
{"type":"log","timestamp":1728800579990,"level":"info","message":"Rendering request 86 finished in 244 ms","meta":{"rootId":"cxyn33ivzhjesa7","id":"cxyn33ivzhjesa7"},"id":"owu9ub7yrp99nhh","previousOperationId":"rcrofud87r33j6v"}
{"type":"operationEnd","subtype":"render","operationId":"r1bbqqgmxjeicgh","timestamp":1728800579990,"id":"0siygx697s0fcp6","previousEventId":"flfxv2bx17emsa7","previousOperationId":"rcrofud87r33j6v"}
{"type":"operationEnd","doDiffs":false,"previousEventId":"zwv5yfd35bf887s","previousOperationId":"3w7qxp8utajckrj","operationId":"3w7qxp8utajckrj","timestamp":1728800579992,"id":"hgofjca0mdebfkf"}
