{"type":"operationStart","subtype":"profile","data":{"_id":"M6KmDg2SphHSkgkY","timestamp":"2024-10-13T06:14:50.734Z","state":"queued","mode":"standard","creationDate":"2024-10-13T06:14:50.736Z","modificationDate":"2024-10-13T06:14:50.736Z","shortid":"sP_SdPB","inheritedReadPermissions":[],"inheritedEditPermissions":[],"$entitySet":"profiles"},"doDiffs":false,"timestamp":1728800090735,"id":"9n8n1hsddangovh","previousOperationId":null,"operationId":"baisi35aq75h3f6"}
{"type":"log","level":"info","message":"Render request 76 queued for execution and waiting for available worker","previousOperationId":"baisi35aq75h3f6","timestamp":1728800090735,"id":"ldom32l5nnn5yu8"}
{"type":"operationStart","subtype":"render","name":"page_number","previousOperationId":"baisi35aq75h3f6","timestamp":1728800090746,"id":"rxkfw2hmx3h0808","previousEventId":"9n8n1hsddangovh","operationId":"noqx0hwmm8znetz"}
{"type":"log","timestamp":1728800090746,"level":"info","message":"Starting rendering request 76 (user: admin)","meta":{"rootId":"d4i1pjzcsv577lu","id":"d4i1pjzcsv577lu"},"id":"fvjml1o1j49295f","previousOperationId":"noqx0hwmm8znetz"}
{"type":"log","timestamp":1728800090746,"level":"info","message":"Rendering template { name: page_number, recipe: chrome-pdf, engine: handlebars, preview: true }","meta":{"rootId":"d4i1pjzcsv577lu","id":"d4i1pjzcsv577lu"},"id":"f3gradst1xcvko3","previousOperationId":"noqx0hwmm8znetz"}
{"type":"log","timestamp":1728800090747,"level":"debug","message":"Data item not defined for this template.","meta":{"rootId":"d4i1pjzcsv577lu","id":"d4i1pjzcsv577lu"},"id":"pukrjw47jv3c88v","previousOperationId":"noqx0hwmm8znetz"}
{"type":"log","timestamp":1728800090748,"level":"debug","message":"Base url not specified, skipping its injection.","meta":{"rootId":"d4i1pjzcsv577lu","id":"d4i1pjzcsv577lu"},"id":"7x2hbrjqt4x0v59","previousOperationId":"noqx0hwmm8znetz"}
{"type":"log","timestamp":1728800090752,"level":"debug","message":"Replaced assets [\"KhmerOSSiemreapRegular.ttf\",\"KhmerOSMuolLightRegular.ttf\",\"times new roman.ttf\"]","meta":{"rootId":"d4i1pjzcsv577lu","id":"d4i1pjzcsv577lu"},"id":"7in9yx2u7m5wa61","previousOperationId":"noqx0hwmm8znetz"}
{"type":"operationStart","subtype":"engine","name":"handlebars","timestamp":1728800090752,"id":"6fdoj0rg99ayhnn","previousEventId":"rxkfw2hmx3h0808","operationId":"ave4j3h4tayf164","previousOperationId":"noqx0hwmm8znetz"}
{"type":"log","timestamp":1728800090752,"level":"debug","message":"Rendering engine handlebars","meta":{"rootId":"d4i1pjzcsv577lu","id":"d4i1pjzcsv577lu"},"id":"269f2xb8dl7wf6e","previousOperationId":"ave4j3h4tayf164"}
{"type":"operationEnd","operationId":"ave4j3h4tayf164","timestamp":1728800090762,"id":"b7zpk0akcy0f58k","previousEventId":"6fdoj0rg99ayhnn","previousOperationId":"ave4j3h4tayf164"}
{"type":"operationStart","subtype":"recipe","name":"chrome-pdf","timestamp":1728800090765,"id":"rr8g6ydu3kcu829","previousEventId":"b7zpk0akcy0f58k","operationId":"4jws5c3w0ntitaq","previousOperationId":"ave4j3h4tayf164"}
{"type":"log","timestamp":1728800090765,"level":"debug","message":"Executing recipe chrome-pdf","meta":{"rootId":"d4i1pjzcsv577lu","id":"d4i1pjzcsv577lu"},"id":"aaqensiur0zcaiy","previousOperationId":"4jws5c3w0ntitaq"}
{"type":"log","timestamp":1728800090768,"level":"debug","message":"Converting with chrome Chrome/127.0.6533.99 using chrome-pool strategy","meta":{"rootId":"d4i1pjzcsv577lu","id":"d4i1pjzcsv577lu"},"id":"t9fjgweq1ojg7xz","previousOperationId":"4jws5c3w0ntitaq"}
{"type":"log","timestamp":1728800090809,"level":"debug","message":"Page request: GET (document) file:///C:/Users/shsmo/AppData/Local/Temp/jsreport/autocleanup/df12e41a-441a-4b25-8fc3-dfb4d96c04a8-chrome-pdf.html","meta":{"rootId":"d4i1pjzcsv577lu","id":"d4i1pjzcsv577lu"},"id":"bimxayrdrv5jx8d","previousOperationId":"4jws5c3w0ntitaq"}
{"type":"log","timestamp":1728800090819,"level":"debug","message":"Page request: GET (script) https://cdn.tailwindcss.com/","meta":{"rootId":"d4i1pjzcsv577lu","id":"d4i1pjzcsv577lu"},"id":"b6v79z23boss46m","previousOperationId":"4jws5c3w0ntitaq"}
{"type":"log","timestamp":1728800090820,"level":"debug","message":"Page request finished: GET (document) 200 file:///C:/Users/shsmo/AppData/Local/Temp/jsreport/autocleanup/df12e41a-441a-4b25-8fc3-dfb4d96c04a8-chrome-pdf.html","meta":{"rootId":"d4i1pjzcsv577lu","id":"d4i1pjzcsv577lu"},"id":"p3j7hl24pyulesr","previousOperationId":"4jws5c3w0ntitaq"}
{"type":"log","timestamp":1728800090830,"level":"warn","message":"Page request failed: GET (script) 302 https://cdn.tailwindcss.com/ (redirect to: /3.4.5)","meta":{"rootId":"d4i1pjzcsv577lu","id":"d4i1pjzcsv577lu"},"id":"uf1q6t10nyp27kx","previousOperationId":"4jws5c3w0ntitaq"}
{"type":"log","timestamp":1728800090830,"level":"debug","message":"Page request: GET (script) https://cdn.tailwindcss.com/3.4.5 (redirect from: https://cdn.tailwindcss.com/)","meta":{"rootId":"d4i1pjzcsv577lu","id":"d4i1pjzcsv577lu"},"id":"9wg1asy2apgpxy4","previousOperationId":"4jws5c3w0ntitaq"}
{"type":"log","timestamp":1728800090843,"level":"debug","message":"Page request finished: GET (script) 200 https://cdn.tailwindcss.com/3.4.5","meta":{"rootId":"d4i1pjzcsv577lu","id":"d4i1pjzcsv577lu"},"id":"sm0nhxwcryqfp73","previousOperationId":"4jws5c3w0ntitaq"}
{"type":"log","timestamp":1728800090877,"level":"debug","message":"(console:warn) cdn.tailwindcss.com should not be used in production. To use Tailwind CSS in production, install it as a PostCSS plugin or use the Tailwind CLI: https://tailwindcss.com/docs/installation","meta":{"userLevel":true,"rootId":"d4i1pjzcsv577lu","id":"d4i1pjzcsv577lu"},"id":"6tbucogb3r1nwkj","previousOperationId":"4jws5c3w0ntitaq"}
{"type":"log","timestamp":1728800090928,"level":"debug","message":"Running chrome with params {\"marginRight\":\"1.5cm\",\"marginLeft\":\"1cm\",\"timeout\":599967,\"margin\":{\"right\":\"1.5cm\",\"left\":\"1cm\"},\"printBackground\":true}","meta":{"rootId":"d4i1pjzcsv577lu","id":"d4i1pjzcsv577lu"},"id":"gz9a81p9zcpx01w","previousOperationId":"4jws5c3w0ntitaq"}
{"type":"operationEnd","operationId":"4jws5c3w0ntitaq","timestamp":1728800090968,"id":"7iy0s6qs5gq9fdr","previousEventId":"rr8g6ydu3kcu829","previousOperationId":"4jws5c3w0ntitaq"}
{"type":"log","timestamp":1728800090968,"level":"debug","message":"Skipping storing report.","meta":{"rootId":"d4i1pjzcsv577lu","id":"d4i1pjzcsv577lu"},"id":"wfpgam7w1ie3j80","previousOperationId":"4jws5c3w0ntitaq"}
{"type":"log","timestamp":1728800090968,"level":"info","message":"Rendering request 76 finished in 234 ms","meta":{"rootId":"d4i1pjzcsv577lu","id":"d4i1pjzcsv577lu"},"id":"w502b4h26nsr507","previousOperationId":"4jws5c3w0ntitaq"}
{"type":"operationEnd","subtype":"render","operationId":"noqx0hwmm8znetz","timestamp":1728800090968,"id":"exicpoh8yi49ixc","previousEventId":"7iy0s6qs5gq9fdr","previousOperationId":"4jws5c3w0ntitaq"}
{"type":"operationEnd","doDiffs":false,"previousEventId":"9n8n1hsddangovh","previousOperationId":"baisi35aq75h3f6","operationId":"baisi35aq75h3f6","timestamp":1728800090970,"id":"rwalz4xljq6z8k2"}
