{"type":"operationStart","subtype":"profile","data":{"_id":"I4HD6dELIJbp80rq","timestamp":"2024-10-13T06:43:03.651Z","state":"queued","mode":"standard","creationDate":"2024-10-13T06:43:03.653Z","modificationDate":"2024-10-13T06:43:03.653Z","shortid":"OE_T1CN","inheritedReadPermissions":[],"inheritedEditPermissions":[],"$entitySet":"profiles"},"doDiffs":false,"timestamp":1728801783652,"id":"bixa2ctvm22d19u","previousOperationId":null,"operationId":"8p8g6plowz9l5he"}
{"type":"log","level":"info","message":"Render request 131 queued for execution and waiting for available worker","previousOperationId":"8p8g6plowz9l5he","timestamp":1728801783652,"id":"43qhukk18o6y5ss"}
{"type":"operationStart","subtype":"render","name":"page_number","previousOperationId":"8p8g6plowz9l5he","timestamp":1728801783663,"id":"8cciwlnazj97sn2","previousEventId":"bixa2ctvm22d19u","operationId":"n0vkucin4njz8g6"}
{"type":"log","timestamp":1728801783663,"level":"info","message":"Starting rendering request 131 (user: admin)","meta":{"rootId":"e4j5jh3t2bd9wui","id":"e4j5jh3t2bd9wui"},"id":"rb35qakvbna4xq5","previousOperationId":"n0vkucin4njz8g6"}
{"type":"log","timestamp":1728801783663,"level":"info","message":"Rendering template { name: page_number, recipe: chrome-pdf, engine: handlebars, preview: true }","meta":{"rootId":"e4j5jh3t2bd9wui","id":"e4j5jh3t2bd9wui"},"id":"co47pjia6f0p565","previousOperationId":"n0vkucin4njz8g6"}
{"type":"log","timestamp":1728801783664,"level":"debug","message":"Data item not defined for this template.","meta":{"rootId":"e4j5jh3t2bd9wui","id":"e4j5jh3t2bd9wui"},"id":"l6zk9qh4ap9oy30","previousOperationId":"n0vkucin4njz8g6"}
{"type":"log","timestamp":1728801783665,"level":"debug","message":"Base url not specified, skipping its injection.","meta":{"rootId":"e4j5jh3t2bd9wui","id":"e4j5jh3t2bd9wui"},"id":"rveoprovodfnjyu","previousOperationId":"n0vkucin4njz8g6"}
{"type":"log","timestamp":1728801783669,"level":"debug","message":"Replaced assets [\"KhmerOSSiemreapRegular.ttf\",\"KhmerOSMuolLightRegular.ttf\",\"times new roman.ttf\"]","meta":{"rootId":"e4j5jh3t2bd9wui","id":"e4j5jh3t2bd9wui"},"id":"kpaw0hm8tv13kac","previousOperationId":"n0vkucin4njz8g6"}
{"type":"operationStart","subtype":"engine","name":"handlebars","timestamp":1728801783669,"id":"uujcssd9a0kfs9x","previousEventId":"8cciwlnazj97sn2","operationId":"eo8jk1p2z7wjwyi","previousOperationId":"n0vkucin4njz8g6"}
{"type":"log","timestamp":1728801783669,"level":"debug","message":"Rendering engine handlebars","meta":{"rootId":"e4j5jh3t2bd9wui","id":"e4j5jh3t2bd9wui"},"id":"kz0rcsfev873ddu","previousOperationId":"eo8jk1p2z7wjwyi"}
{"type":"operationEnd","operationId":"eo8jk1p2z7wjwyi","timestamp":1728801783684,"id":"iuxbbcfk31bohg6","previousEventId":"uujcssd9a0kfs9x","previousOperationId":"eo8jk1p2z7wjwyi"}
{"type":"operationStart","subtype":"recipe","name":"chrome-pdf","timestamp":1728801783687,"id":"d6ltxehtd7b8j4z","previousEventId":"iuxbbcfk31bohg6","operationId":"km1jlv1hjm9zqkv","previousOperationId":"eo8jk1p2z7wjwyi"}
{"type":"log","timestamp":1728801783687,"level":"debug","message":"Executing recipe chrome-pdf","meta":{"rootId":"e4j5jh3t2bd9wui","id":"e4j5jh3t2bd9wui"},"id":"l2cr0x0vddrx3br","previousOperationId":"km1jlv1hjm9zqkv"}
{"type":"log","timestamp":1728801783690,"level":"debug","message":"Converting with chrome Chrome/127.0.6533.99 using chrome-pool strategy","meta":{"rootId":"e4j5jh3t2bd9wui","id":"e4j5jh3t2bd9wui"},"id":"orsfdnydx4j2es7","previousOperationId":"km1jlv1hjm9zqkv"}
{"type":"log","timestamp":1728801783737,"level":"debug","message":"Page request: GET (document) file:///C:/Users/shsmo/AppData/Local/Temp/jsreport/autocleanup/0d69826e-7d3c-4602-b347-8290e59d70eb-chrome-pdf.html","meta":{"rootId":"e4j5jh3t2bd9wui","id":"e4j5jh3t2bd9wui"},"id":"pdpfqkfota1vyq4","previousOperationId":"km1jlv1hjm9zqkv"}
{"type":"log","timestamp":1728801783748,"level":"debug","message":"Page request: GET (script) https://cdn.tailwindcss.com/","meta":{"rootId":"e4j5jh3t2bd9wui","id":"e4j5jh3t2bd9wui"},"id":"ezeqkkh6aa75tg2","previousOperationId":"km1jlv1hjm9zqkv"}
{"type":"log","timestamp":1728801783750,"level":"debug","message":"Page request finished: GET (document) 200 file:///C:/Users/shsmo/AppData/Local/Temp/jsreport/autocleanup/0d69826e-7d3c-4602-b347-8290e59d70eb-chrome-pdf.html","meta":{"rootId":"e4j5jh3t2bd9wui","id":"e4j5jh3t2bd9wui"},"id":"bdzlkv7427r3j46","previousOperationId":"km1jlv1hjm9zqkv"}
{"type":"log","timestamp":1728801783760,"level":"warn","message":"Page request failed: GET (script) 302 https://cdn.tailwindcss.com/ (redirect to: /3.4.5)","meta":{"rootId":"e4j5jh3t2bd9wui","id":"e4j5jh3t2bd9wui"},"id":"zq82a8h9uvlu00i","previousOperationId":"km1jlv1hjm9zqkv"}
{"type":"log","timestamp":1728801783760,"level":"debug","message":"Page request: GET (script) https://cdn.tailwindcss.com/3.4.5 (redirect from: https://cdn.tailwindcss.com/)","meta":{"rootId":"e4j5jh3t2bd9wui","id":"e4j5jh3t2bd9wui"},"id":"kxgckfqn4cvjow1","previousOperationId":"km1jlv1hjm9zqkv"}
{"type":"log","timestamp":1728801783773,"level":"debug","message":"Page request finished: GET (script) 200 https://cdn.tailwindcss.com/3.4.5","meta":{"rootId":"e4j5jh3t2bd9wui","id":"e4j5jh3t2bd9wui"},"id":"za89xzm3tg02kot","previousOperationId":"km1jlv1hjm9zqkv"}
{"type":"log","timestamp":1728801783805,"level":"debug","message":"(console:warn) cdn.tailwindcss.com should not be used in production. To use Tailwind CSS in production, install it as a PostCSS plugin or use the Tailwind CLI: https://tailwindcss.com/docs/installation","meta":{"userLevel":true,"rootId":"e4j5jh3t2bd9wui","id":"e4j5jh3t2bd9wui"},"id":"pnl6y5w8fv6572q","previousOperationId":"km1jlv1hjm9zqkv"}
{"type":"log","timestamp":1728801783861,"level":"debug","message":"Running chrome with params {\"marginRight\":\"1.5cm\",\"marginLeft\":\"1cm\",\"timeout\":599962,\"margin\":{\"right\":\"1.5cm\",\"left\":\"1cm\"},\"printBackground\":true}","meta":{"rootId":"e4j5jh3t2bd9wui","id":"e4j5jh3t2bd9wui"},"id":"4578p8cdr63osrt","previousOperationId":"km1jlv1hjm9zqkv"}
{"type":"operationEnd","operationId":"km1jlv1hjm9zqkv","timestamp":1728801783901,"id":"abq9w0leh7d1m2e","previousEventId":"d6ltxehtd7b8j4z","previousOperationId":"km1jlv1hjm9zqkv"}
{"type":"log","timestamp":1728801783901,"level":"debug","message":"Skipping storing report.","meta":{"rootId":"e4j5jh3t2bd9wui","id":"e4j5jh3t2bd9wui"},"id":"j3v7i23f2cw0ksz","previousOperationId":"km1jlv1hjm9zqkv"}
{"type":"log","timestamp":1728801783901,"level":"info","message":"Rendering request 131 finished in 250 ms","meta":{"rootId":"e4j5jh3t2bd9wui","id":"e4j5jh3t2bd9wui"},"id":"oowdfswhjssr4wx","previousOperationId":"km1jlv1hjm9zqkv"}
{"type":"operationEnd","subtype":"render","operationId":"n0vkucin4njz8g6","timestamp":1728801783901,"id":"lmodxtsvlfj2xf2","previousEventId":"abq9w0leh7d1m2e","previousOperationId":"km1jlv1hjm9zqkv"}
{"type":"operationEnd","doDiffs":false,"previousEventId":"bixa2ctvm22d19u","previousOperationId":"8p8g6plowz9l5he","operationId":"8p8g6plowz9l5he","timestamp":1728801783903,"id":"pk2cl3o7eqsgr50"}
