{"type":"operationStart","subtype":"profile","data":{"_id":"zFAd29Puj3Qnjf7A","timestamp":"2024-10-13T06:39:54.897Z","state":"queued","mode":"standard","creationDate":"2024-10-13T06:39:54.898Z","modificationDate":"2024-10-13T06:39:54.898Z","shortid":"NCaUNcT","inheritedReadPermissions":[],"inheritedEditPermissions":[],"$entitySet":"profiles"},"doDiffs":false,"timestamp":1728801594897,"id":"ad41u0d53rok0m7","previousOperationId":null,"operationId":"zppnlqfmhhf6xlz"}
{"type":"log","level":"info","message":"Render request 126 queued for execution and waiting for available worker","previousOperationId":"zppnlqfmhhf6xlz","timestamp":1728801594897,"id":"l87us0ard3213nb"}
{"type":"operationStart","subtype":"render","name":"page_number","previousOperationId":"zppnlqfmhhf6xlz","timestamp":1728801594911,"id":"tftdct3dlm6uncy","previousEventId":"ad41u0d53rok0m7","operationId":"puq9bvoyupl4fvh"}
{"type":"log","timestamp":1728801594911,"level":"info","message":"Starting rendering request 126 (user: admin)","meta":{"rootId":"g299fdu4rfq9hbs","id":"g299fdu4rfq9hbs"},"id":"smlwegeiovzlpz2","previousOperationId":"puq9bvoyupl4fvh"}
{"type":"log","timestamp":1728801594911,"level":"info","message":"Rendering template { name: page_number, recipe: chrome-pdf, engine: handlebars, preview: true }","meta":{"rootId":"g299fdu4rfq9hbs","id":"g299fdu4rfq9hbs"},"id":"58l9jbegvemxsi3","previousOperationId":"puq9bvoyupl4fvh"}
{"type":"log","timestamp":1728801594912,"level":"debug","message":"Data item not defined for this template.","meta":{"rootId":"g299fdu4rfq9hbs","id":"g299fdu4rfq9hbs"},"id":"j0bjfxqznqe4pju","previousOperationId":"puq9bvoyupl4fvh"}
{"type":"log","timestamp":1728801594913,"level":"debug","message":"Base url not specified, skipping its injection.","meta":{"rootId":"g299fdu4rfq9hbs","id":"g299fdu4rfq9hbs"},"id":"y3a1ky56j4emkkp","previousOperationId":"puq9bvoyupl4fvh"}
{"type":"log","timestamp":1728801594916,"level":"debug","message":"Replaced assets [\"KhmerOSSiemreapRegular.ttf\",\"KhmerOSMuolLightRegular.ttf\",\"times new roman.ttf\"]","meta":{"rootId":"g299fdu4rfq9hbs","id":"g299fdu4rfq9hbs"},"id":"rxzkxw58mena19p","previousOperationId":"puq9bvoyupl4fvh"}
{"type":"operationStart","subtype":"engine","name":"handlebars","timestamp":1728801594917,"id":"dhj1kqq8mewubxr","previousEventId":"tftdct3dlm6uncy","operationId":"tp6w6eqas09nwce","previousOperationId":"puq9bvoyupl4fvh"}
{"type":"log","timestamp":1728801594917,"level":"debug","message":"Rendering engine handlebars","meta":{"rootId":"g299fdu4rfq9hbs","id":"g299fdu4rfq9hbs"},"id":"bu2fs0agpfby03i","previousOperationId":"tp6w6eqas09nwce"}
{"type":"operationEnd","operationId":"tp6w6eqas09nwce","timestamp":1728801594932,"id":"bpc9ag8b6qxo0wz","previousEventId":"dhj1kqq8mewubxr","previousOperationId":"tp6w6eqas09nwce"}
{"type":"operationStart","subtype":"recipe","name":"chrome-pdf","timestamp":1728801594935,"id":"ldgqv4qikqxrdni","previousEventId":"bpc9ag8b6qxo0wz","operationId":"c05sa46xw7mvml3","previousOperationId":"tp6w6eqas09nwce"}
{"type":"log","timestamp":1728801594935,"level":"debug","message":"Executing recipe chrome-pdf","meta":{"rootId":"g299fdu4rfq9hbs","id":"g299fdu4rfq9hbs"},"id":"bbejbrw80s4wmfq","previousOperationId":"c05sa46xw7mvml3"}
{"type":"log","timestamp":1728801594938,"level":"debug","message":"Converting with chrome Chrome/127.0.6533.99 using chrome-pool strategy","meta":{"rootId":"g299fdu4rfq9hbs","id":"g299fdu4rfq9hbs"},"id":"thta5ejsaa8nl6u","previousOperationId":"c05sa46xw7mvml3"}
{"type":"log","timestamp":1728801594975,"level":"debug","message":"Page request: GET (document) file:///C:/Users/shsmo/AppData/Local/Temp/jsreport/autocleanup/0d0e2f44-7957-494c-ab02-e17d48ceb951-chrome-pdf.html","meta":{"rootId":"g299fdu4rfq9hbs","id":"g299fdu4rfq9hbs"},"id":"uvkup3hw4v648k8","previousOperationId":"c05sa46xw7mvml3"}
{"type":"log","timestamp":1728801594987,"level":"debug","message":"Page request finished: GET (document) 200 file:///C:/Users/shsmo/AppData/Local/Temp/jsreport/autocleanup/0d0e2f44-7957-494c-ab02-e17d48ceb951-chrome-pdf.html","meta":{"rootId":"g299fdu4rfq9hbs","id":"g299fdu4rfq9hbs"},"id":"2s1rjt6pg2vu2vf","previousOperationId":"c05sa46xw7mvml3"}
{"type":"log","timestamp":1728801594988,"level":"debug","message":"Page request: GET (script) https://cdn.tailwindcss.com/","meta":{"rootId":"g299fdu4rfq9hbs","id":"g299fdu4rfq9hbs"},"id":"vwh0yllvotqb245","previousOperationId":"c05sa46xw7mvml3"}
{"type":"log","timestamp":1728801594995,"level":"warn","message":"Page request failed: GET (script) 302 https://cdn.tailwindcss.com/ (redirect to: /3.4.5)","meta":{"rootId":"g299fdu4rfq9hbs","id":"g299fdu4rfq9hbs"},"id":"ajr85jwx2xymr0s","previousOperationId":"c05sa46xw7mvml3"}
{"type":"log","timestamp":1728801594995,"level":"debug","message":"Page request: GET (script) https://cdn.tailwindcss.com/3.4.5 (redirect from: https://cdn.tailwindcss.com/)","meta":{"rootId":"g299fdu4rfq9hbs","id":"g299fdu4rfq9hbs"},"id":"xruhzvoc49byfm1","previousOperationId":"c05sa46xw7mvml3"}
{"type":"log","timestamp":1728801595012,"level":"debug","message":"Page request finished: GET (script) 200 https://cdn.tailwindcss.com/3.4.5","meta":{"rootId":"g299fdu4rfq9hbs","id":"g299fdu4rfq9hbs"},"id":"7pj52gv05klvwzz","previousOperationId":"c05sa46xw7mvml3"}
{"type":"log","timestamp":1728801595046,"level":"debug","message":"(console:warn) cdn.tailwindcss.com should not be used in production. To use Tailwind CSS in production, install it as a PostCSS plugin or use the Tailwind CLI: https://tailwindcss.com/docs/installation","meta":{"userLevel":true,"rootId":"g299fdu4rfq9hbs","id":"g299fdu4rfq9hbs"},"id":"1g5idna998h4vv3","previousOperationId":"c05sa46xw7mvml3"}
{"type":"log","timestamp":1728801595099,"level":"debug","message":"Running chrome with params {\"marginRight\":\"1.5cm\",\"marginLeft\":\"1cm\",\"timeout\":599960,\"margin\":{\"right\":\"1.5cm\",\"left\":\"1cm\"},\"printBackground\":true}","meta":{"rootId":"g299fdu4rfq9hbs","id":"g299fdu4rfq9hbs"},"id":"t42o6eactohceq7","previousOperationId":"c05sa46xw7mvml3"}
{"type":"operationEnd","operationId":"c05sa46xw7mvml3","timestamp":1728801595141,"id":"2nhnwhriu41p01n","previousEventId":"ldgqv4qikqxrdni","previousOperationId":"c05sa46xw7mvml3"}
{"type":"log","timestamp":1728801595141,"level":"debug","message":"Skipping storing report.","meta":{"rootId":"g299fdu4rfq9hbs","id":"g299fdu4rfq9hbs"},"id":"m57oisrdwvykkgz","previousOperationId":"c05sa46xw7mvml3"}
{"type":"log","timestamp":1728801595141,"level":"info","message":"Rendering request 126 finished in 244 ms","meta":{"rootId":"g299fdu4rfq9hbs","id":"g299fdu4rfq9hbs"},"id":"x3x9hnqvrffktqv","previousOperationId":"c05sa46xw7mvml3"}
{"type":"operationEnd","subtype":"render","operationId":"puq9bvoyupl4fvh","timestamp":1728801595141,"id":"z8p6a7yvxvt88dq","previousEventId":"2nhnwhriu41p01n","previousOperationId":"c05sa46xw7mvml3"}
{"type":"operationEnd","doDiffs":false,"previousEventId":"ad41u0d53rok0m7","previousOperationId":"zppnlqfmhhf6xlz","operationId":"zppnlqfmhhf6xlz","timestamp":1728801595143,"id":"nuqkjojbjcv0p5s"}
