{"type":"operationStart","subtype":"profile","data":{"_id":"oD2SR6VbAen9SO3k","timestamp":"2024-10-13T06:29:59.085Z","state":"queued","mode":"standard","creationDate":"2024-10-13T06:29:59.086Z","modificationDate":"2024-10-13T06:29:59.086Z","shortid":"dBTpL6r","inheritedReadPermissions":[],"inheritedEditPermissions":[],"$entitySet":"profiles"},"doDiffs":false,"timestamp":1728800999085,"id":"okpcorngcumda08","previousOperationId":null,"operationId":"4d7uf9bch1et6l5"}
{"type":"log","level":"info","message":"Render request 103 queued for execution and waiting for available worker","previousOperationId":"4d7uf9bch1et6l5","timestamp":1728800999086,"id":"hheoshbgvpuhq93"}
{"type":"operationStart","subtype":"render","name":"page_number","previousOperationId":"4d7uf9bch1et6l5","timestamp":1728800999101,"id":"h3t04g0jyukr8l8","previousEventId":"okpcorngcumda08","operationId":"4iu1mvgxd1zd7gp"}
{"type":"log","timestamp":1728800999101,"level":"info","message":"Starting rendering request 103 (user: admin)","meta":{"rootId":"h9dyq6mz18xic2b","id":"h9dyq6mz18xic2b"},"id":"jex27vou4v87wiu","previousOperationId":"4iu1mvgxd1zd7gp"}
{"type":"log","timestamp":1728800999101,"level":"info","message":"Rendering template { name: page_number, recipe: chrome-pdf, engine: handlebars, preview: true }","meta":{"rootId":"h9dyq6mz18xic2b","id":"h9dyq6mz18xic2b"},"id":"h6lqdb3h88mbg0f","previousOperationId":"4iu1mvgxd1zd7gp"}
{"type":"log","timestamp":1728800999102,"level":"debug","message":"Data item not defined for this template.","meta":{"rootId":"h9dyq6mz18xic2b","id":"h9dyq6mz18xic2b"},"id":"a4bk2u0fu5nplxl","previousOperationId":"4iu1mvgxd1zd7gp"}
{"type":"log","timestamp":1728800999103,"level":"debug","message":"Base url not specified, skipping its injection.","meta":{"rootId":"h9dyq6mz18xic2b","id":"h9dyq6mz18xic2b"},"id":"a0w48o0foaz52il","previousOperationId":"4iu1mvgxd1zd7gp"}
{"type":"log","timestamp":1728800999107,"level":"debug","message":"Replaced assets [\"KhmerOSSiemreapRegular.ttf\",\"KhmerOSMuolLightRegular.ttf\",\"times new roman.ttf\"]","meta":{"rootId":"h9dyq6mz18xic2b","id":"h9dyq6mz18xic2b"},"id":"8kls1vos894qtme","previousOperationId":"4iu1mvgxd1zd7gp"}
{"type":"operationStart","subtype":"engine","name":"handlebars","timestamp":1728800999107,"id":"vn9blk4sfmbd3d5","previousEventId":"h3t04g0jyukr8l8","operationId":"35tzqu646nvd2fh","previousOperationId":"4iu1mvgxd1zd7gp"}
{"type":"log","timestamp":1728800999107,"level":"debug","message":"Rendering engine handlebars","meta":{"rootId":"h9dyq6mz18xic2b","id":"h9dyq6mz18xic2b"},"id":"811g5j61qhyazqb","previousOperationId":"35tzqu646nvd2fh"}
{"type":"operationEnd","operationId":"35tzqu646nvd2fh","timestamp":1728800999123,"id":"5027ewn9801t664","previousEventId":"vn9blk4sfmbd3d5","previousOperationId":"35tzqu646nvd2fh"}
{"type":"operationStart","subtype":"recipe","name":"chrome-pdf","timestamp":1728800999126,"id":"cfl1f63tm35867k","previousEventId":"5027ewn9801t664","operationId":"po94e2m0z4oj5pl","previousOperationId":"35tzqu646nvd2fh"}
{"type":"log","timestamp":1728800999127,"level":"debug","message":"Executing recipe chrome-pdf","meta":{"rootId":"h9dyq6mz18xic2b","id":"h9dyq6mz18xic2b"},"id":"0gsczq8wlgzy8s5","previousOperationId":"po94e2m0z4oj5pl"}
{"type":"log","timestamp":1728800999129,"level":"debug","message":"Converting with chrome Chrome/127.0.6533.99 using chrome-pool strategy","meta":{"rootId":"h9dyq6mz18xic2b","id":"h9dyq6mz18xic2b"},"id":"e68pzoykuikg978","previousOperationId":"po94e2m0z4oj5pl"}
{"type":"log","timestamp":1728800999168,"level":"debug","message":"Page request: GET (document) file:///C:/Users/shsmo/AppData/Local/Temp/jsreport/autocleanup/65a8bf86-8b00-479f-97c8-a42e265bb4f8-chrome-pdf.html","meta":{"rootId":"h9dyq6mz18xic2b","id":"h9dyq6mz18xic2b"},"id":"8wploudexie875o","previousOperationId":"po94e2m0z4oj5pl"}
{"type":"log","timestamp":1728800999179,"level":"debug","message":"Page request finished: GET (document) 200 file:///C:/Users/shsmo/AppData/Local/Temp/jsreport/autocleanup/65a8bf86-8b00-479f-97c8-a42e265bb4f8-chrome-pdf.html","meta":{"rootId":"h9dyq6mz18xic2b","id":"h9dyq6mz18xic2b"},"id":"18sfazzqcvyldu0","previousOperationId":"po94e2m0z4oj5pl"}
{"type":"log","timestamp":1728800999179,"level":"debug","message":"Page request: GET (script) https://cdn.tailwindcss.com/","meta":{"rootId":"h9dyq6mz18xic2b","id":"h9dyq6mz18xic2b"},"id":"0veioeclyi89qy8","previousOperationId":"po94e2m0z4oj5pl"}
{"type":"log","timestamp":1728800999187,"level":"warn","message":"Page request failed: GET (script) 302 https://cdn.tailwindcss.com/ (redirect to: /3.4.5)","meta":{"rootId":"h9dyq6mz18xic2b","id":"h9dyq6mz18xic2b"},"id":"m6j8rar8obr6a3t","previousOperationId":"po94e2m0z4oj5pl"}
{"type":"log","timestamp":1728800999187,"level":"debug","message":"Page request: GET (script) https://cdn.tailwindcss.com/3.4.5 (redirect from: https://cdn.tailwindcss.com/)","meta":{"rootId":"h9dyq6mz18xic2b","id":"h9dyq6mz18xic2b"},"id":"41m1duwag5go1bx","previousOperationId":"po94e2m0z4oj5pl"}
{"type":"log","timestamp":1728800999201,"level":"debug","message":"Page request finished: GET (script) 200 https://cdn.tailwindcss.com/3.4.5","meta":{"rootId":"h9dyq6mz18xic2b","id":"h9dyq6mz18xic2b"},"id":"f5mgj43y1bq335k","previousOperationId":"po94e2m0z4oj5pl"}
{"type":"log","timestamp":1728800999233,"level":"debug","message":"(console:warn) cdn.tailwindcss.com should not be used in production. To use Tailwind CSS in production, install it as a PostCSS plugin or use the Tailwind CLI: https://tailwindcss.com/docs/installation","meta":{"userLevel":true,"rootId":"h9dyq6mz18xic2b","id":"h9dyq6mz18xic2b"},"id":"ho15ilk9xpssr4w","previousOperationId":"po94e2m0z4oj5pl"}
{"type":"log","timestamp":1728800999292,"level":"debug","message":"Running chrome with params {\"marginRight\":\"1.5cm\",\"marginLeft\":\"1cm\",\"timeout\":599957,\"margin\":{\"right\":\"1.5cm\",\"left\":\"1cm\"},\"printBackground\":true}","meta":{"rootId":"h9dyq6mz18xic2b","id":"h9dyq6mz18xic2b"},"id":"j6vzo9wltd9en0n","previousOperationId":"po94e2m0z4oj5pl"}
{"type":"operationEnd","operationId":"po94e2m0z4oj5pl","timestamp":1728800999332,"id":"cbswsqxuiwvkgx3","previousEventId":"cfl1f63tm35867k","previousOperationId":"po94e2m0z4oj5pl"}
{"type":"log","timestamp":1728800999332,"level":"debug","message":"Skipping storing report.","meta":{"rootId":"h9dyq6mz18xic2b","id":"h9dyq6mz18xic2b"},"id":"vxiaei203ci1cyy","previousOperationId":"po94e2m0z4oj5pl"}
{"type":"log","timestamp":1728800999332,"level":"info","message":"Rendering request 103 finished in 247 ms","meta":{"rootId":"h9dyq6mz18xic2b","id":"h9dyq6mz18xic2b"},"id":"t1kzbksnl9hhpqe","previousOperationId":"po94e2m0z4oj5pl"}
{"type":"operationEnd","subtype":"render","operationId":"4iu1mvgxd1zd7gp","timestamp":1728800999332,"id":"ko5m9lqj41716sg","previousEventId":"cbswsqxuiwvkgx3","previousOperationId":"po94e2m0z4oj5pl"}
{"type":"operationEnd","doDiffs":false,"previousEventId":"okpcorngcumda08","previousOperationId":"4d7uf9bch1et6l5","operationId":"4d7uf9bch1et6l5","timestamp":1728800999334,"id":"2ycfxe8zxpa9cy5"}
