{"type":"operationStart","subtype":"profile","data":{"_id":"voKtM0EGcn3OMnKt","timestamp":"2024-10-14T14:35:42.710Z","state":"queued","mode":"standard","creationDate":"2024-10-14T14:35:42.712Z","modificationDate":"2024-10-14T14:35:42.712Z","shortid":"ARO_hLi","inheritedReadPermissions":[],"inheritedEditPermissions":[],"$entitySet":"profiles"},"doDiffs":false,"timestamp":1728916542712,"id":"8arjzk75m5we9iq","previousOperationId":null,"operationId":"op94l7lovyrj98b"}
{"type":"log","level":"info","message":"Render request 13 queued for execution and waiting for available worker","previousOperationId":"op94l7lovyrj98b","timestamp":1728916542712,"id":"ngn3llh9vnpcbzi"}
{"type":"operationStart","subtype":"render","name":"page_number","previousOperationId":"op94l7lovyrj98b","timestamp":1728916542727,"id":"fjioa5q7q2jp2wo","previousEventId":"8arjzk75m5we9iq","operationId":"go20w7z4ytsa3g7"}
{"type":"log","timestamp":1728916542727,"level":"info","message":"Starting rendering request 13 (user: admin)","meta":{"rootId":"i87pnhle2k4tznj","id":"i87pnhle2k4tznj"},"id":"khg9g27qs0u67kw","previousOperationId":"go20w7z4ytsa3g7"}
{"type":"log","timestamp":1728916542727,"level":"info","message":"Rendering template { name: page_number, recipe: chrome-pdf, engine: handlebars, preview: true }","meta":{"rootId":"i87pnhle2k4tznj","id":"i87pnhle2k4tznj"},"id":"ebnl0pl8tzfd51y","previousOperationId":"go20w7z4ytsa3g7"}
{"type":"log","timestamp":1728916542728,"level":"debug","message":"Data item not defined for this template.","meta":{"rootId":"i87pnhle2k4tznj","id":"i87pnhle2k4tznj"},"id":"zlmnwssjl83o2d4","previousOperationId":"go20w7z4ytsa3g7"}
{"type":"log","timestamp":1728916542729,"level":"debug","message":"Base url not specified, skipping its injection.","meta":{"rootId":"i87pnhle2k4tznj","id":"i87pnhle2k4tznj"},"id":"x6xutxecwmmzk78","previousOperationId":"go20w7z4ytsa3g7"}
{"type":"log","timestamp":1728916542734,"level":"debug","message":"Replaced assets [\"KhmerOSSiemreapRegular.ttf\",\"KhmerOSMuolLightRegular.ttf\",\"times new roman.ttf\"]","meta":{"rootId":"i87pnhle2k4tznj","id":"i87pnhle2k4tznj"},"id":"2kdd52y7swevzi4","previousOperationId":"go20w7z4ytsa3g7"}
{"type":"operationStart","subtype":"engine","name":"handlebars","timestamp":1728916542734,"id":"l6er9lb7mkbwsso","previousEventId":"fjioa5q7q2jp2wo","operationId":"caoipu0s1h9lk4p","previousOperationId":"go20w7z4ytsa3g7"}
{"type":"log","timestamp":1728916542734,"level":"debug","message":"Rendering engine handlebars","meta":{"rootId":"i87pnhle2k4tznj","id":"i87pnhle2k4tznj"},"id":"njnqrrn73g17ik0","previousOperationId":"caoipu0s1h9lk4p"}
{"type":"operationEnd","operationId":"caoipu0s1h9lk4p","timestamp":1728916542748,"id":"okdi215chehlyh5","previousEventId":"l6er9lb7mkbwsso","previousOperationId":"caoipu0s1h9lk4p"}
{"type":"operationStart","subtype":"recipe","name":"chrome-pdf","timestamp":1728916542751,"id":"f4i9dxfpmb68lee","previousEventId":"okdi215chehlyh5","operationId":"weadj37mm62ie03","previousOperationId":"caoipu0s1h9lk4p"}
{"type":"log","timestamp":1728916542751,"level":"debug","message":"Executing recipe chrome-pdf","meta":{"rootId":"i87pnhle2k4tznj","id":"i87pnhle2k4tznj"},"id":"f97by7x6o9nqtxv","previousOperationId":"weadj37mm62ie03"}
{"type":"log","timestamp":1728916542755,"level":"debug","message":"Converting with chrome Chrome/127.0.6533.99 using chrome-pool strategy","meta":{"rootId":"i87pnhle2k4tznj","id":"i87pnhle2k4tznj"},"id":"7wm2429cq247epx","previousOperationId":"weadj37mm62ie03"}
{"type":"log","timestamp":1728916542811,"level":"debug","message":"Page request: GET (document) file:///C:/Users/shsmo/AppData/Local/Temp/jsreport/autocleanup/86180286-3073-4cf0-98b0-61562387d62d-chrome-pdf.html","meta":{"rootId":"i87pnhle2k4tznj","id":"i87pnhle2k4tznj"},"id":"f9mhlc9qnvckxcp","previousOperationId":"weadj37mm62ie03"}
{"type":"log","timestamp":1728916542830,"level":"debug","message":"Page request finished: GET (document) 200 file:///C:/Users/shsmo/AppData/Local/Temp/jsreport/autocleanup/86180286-3073-4cf0-98b0-61562387d62d-chrome-pdf.html","meta":{"rootId":"i87pnhle2k4tznj","id":"i87pnhle2k4tznj"},"id":"raxckm0um4nvkaj","previousOperationId":"weadj37mm62ie03"}
{"type":"log","timestamp":1728916542830,"level":"debug","message":"Page request: GET (script) https://cdn.tailwindcss.com/","meta":{"rootId":"i87pnhle2k4tznj","id":"i87pnhle2k4tznj"},"id":"nwjupqccgieyn3m","previousOperationId":"weadj37mm62ie03"}
{"type":"log","timestamp":1728916542842,"level":"warn","message":"Page request failed: GET (script) 302 https://cdn.tailwindcss.com/ (redirect to: /3.4.5)","meta":{"rootId":"i87pnhle2k4tznj","id":"i87pnhle2k4tznj"},"id":"p9zu9wyc5o8odk9","previousOperationId":"weadj37mm62ie03"}
{"type":"log","timestamp":1728916542842,"level":"debug","message":"Page request: GET (script) https://cdn.tailwindcss.com/3.4.5 (redirect from: https://cdn.tailwindcss.com/)","meta":{"rootId":"i87pnhle2k4tznj","id":"i87pnhle2k4tznj"},"id":"t4ye2j40g3315nm","previousOperationId":"weadj37mm62ie03"}
{"type":"log","timestamp":1728916542863,"level":"debug","message":"Page request finished: GET (script) 200 https://cdn.tailwindcss.com/3.4.5","meta":{"rootId":"i87pnhle2k4tznj","id":"i87pnhle2k4tznj"},"id":"s5sgy0z4s88zysg","previousOperationId":"weadj37mm62ie03"}
{"type":"log","timestamp":1728916542904,"level":"debug","message":"(console:warn) cdn.tailwindcss.com should not be used in production. To use Tailwind CSS in production, install it as a PostCSS plugin or use the Tailwind CLI: https://tailwindcss.com/docs/installation","meta":{"userLevel":true,"rootId":"i87pnhle2k4tznj","id":"i87pnhle2k4tznj"},"id":"ktutxlssw00l56j","previousOperationId":"weadj37mm62ie03"}
{"type":"log","timestamp":1728916542980,"level":"debug","message":"Running chrome with params {\"marginRight\":\"2cm\",\"marginLeft\":\"2cm\",\"timeout\":599957,\"margin\":{\"right\":\"2cm\",\"left\":\"2cm\"},\"printBackground\":true}","meta":{"rootId":"i87pnhle2k4tznj","id":"i87pnhle2k4tznj"},"id":"qpgy36w1fpjcp0t","previousOperationId":"weadj37mm62ie03"}
{"type":"operationEnd","operationId":"weadj37mm62ie03","timestamp":1728916543022,"id":"k5zipvuhtqwrvgx","previousEventId":"f4i9dxfpmb68lee","previousOperationId":"weadj37mm62ie03"}
{"type":"log","timestamp":1728916543022,"level":"debug","message":"Skipping storing report.","meta":{"rootId":"i87pnhle2k4tznj","id":"i87pnhle2k4tznj"},"id":"za72k4yxzus3wcm","previousOperationId":"weadj37mm62ie03"}
{"type":"log","timestamp":1728916543022,"level":"info","message":"Rendering request 13 finished in 312 ms","meta":{"rootId":"i87pnhle2k4tznj","id":"i87pnhle2k4tznj"},"id":"kcn85qe3gmshoks","previousOperationId":"weadj37mm62ie03"}
{"type":"operationEnd","subtype":"render","operationId":"go20w7z4ytsa3g7","timestamp":1728916543022,"id":"2g2wzdyynl209y4","previousEventId":"k5zipvuhtqwrvgx","previousOperationId":"weadj37mm62ie03"}
{"type":"operationEnd","doDiffs":false,"previousEventId":"8arjzk75m5we9iq","previousOperationId":"op94l7lovyrj98b","operationId":"op94l7lovyrj98b","timestamp":1728916543025,"id":"9hxf94sy69tesuv"}
