{"type":"operationStart","subtype":"profile","data":{"_id":"eoZJpZOMNtQVlNpy","timestamp":"2024-10-11T18:20:15.638Z","state":"queued","mode":"standard","creationDate":"2024-10-11T18:20:15.640Z","modificationDate":"2024-10-11T18:20:15.640Z","shortid":"dFexx1Y","inheritedReadPermissions":[],"inheritedEditPermissions":[],"$entitySet":"profiles"},"doDiffs":false,"timestamp":1728670815639,"id":"emqmw1ttl92nly4","previousOperationId":null,"operationId":"52p5rbhn2qrd2yz"}
{"type":"log","level":"info","message":"Render request 169 queued for execution and waiting for available worker","previousOperationId":"52p5rbhn2qrd2yz","timestamp":1728670815639,"id":"ep3vcnqwkigukma"}
{"type":"operationStart","subtype":"render","name":"page_number","previousOperationId":"52p5rbhn2qrd2yz","timestamp":1728670815651,"id":"npf22bps231uvex","previousEventId":"emqmw1ttl92nly4","operationId":"4s3n8yqk76x8ual"}
{"type":"log","timestamp":1728670815652,"level":"info","message":"Starting rendering request 169 (user: admin)","meta":{"rootId":"inlviv7ibsqqpqu","id":"inlviv7ibsqqpqu"},"id":"bp84yznf24zk3cb","previousOperationId":"4s3n8yqk76x8ual"}
{"type":"log","timestamp":1728670815652,"level":"info","message":"Rendering template { name: page_number, recipe: chrome-pdf, engine: handlebars, preview: true }","meta":{"rootId":"inlviv7ibsqqpqu","id":"inlviv7ibsqqpqu"},"id":"v3sumb8wrf01tu4","previousOperationId":"4s3n8yqk76x8ual"}
{"type":"log","timestamp":1728670815652,"level":"debug","message":"Data item not defined for this template.","meta":{"rootId":"inlviv7ibsqqpqu","id":"inlviv7ibsqqpqu"},"id":"p6evn68eyuss5kz","previousOperationId":"4s3n8yqk76x8ual"}
{"type":"log","timestamp":1728670815653,"level":"debug","message":"Base url not specified, skipping its injection.","meta":{"rootId":"inlviv7ibsqqpqu","id":"inlviv7ibsqqpqu"},"id":"5yco3wsvy008w6w","previousOperationId":"4s3n8yqk76x8ual"}
{"type":"log","timestamp":1728670815657,"level":"debug","message":"Replaced assets [\"KhmerOSSiemreapRegular.ttf\",\"KhmerOSMuolLightRegular.ttf\",\"times new roman.ttf\"]","meta":{"rootId":"inlviv7ibsqqpqu","id":"inlviv7ibsqqpqu"},"id":"h7xa7n3q63154vp","previousOperationId":"4s3n8yqk76x8ual"}
{"type":"operationStart","subtype":"engine","name":"handlebars","timestamp":1728670815657,"id":"ws8y9z7vi7wrwor","previousEventId":"npf22bps231uvex","operationId":"9fde9yoivb1wzj2","previousOperationId":"4s3n8yqk76x8ual"}
{"type":"log","timestamp":1728670815657,"level":"debug","message":"Rendering engine handlebars","meta":{"rootId":"inlviv7ibsqqpqu","id":"inlviv7ibsqqpqu"},"id":"ewwdyylocsiv913","previousOperationId":"9fde9yoivb1wzj2"}
{"type":"operationEnd","operationId":"9fde9yoivb1wzj2","timestamp":1728670815676,"id":"3brjy2j42egvkgz","previousEventId":"ws8y9z7vi7wrwor","previousOperationId":"9fde9yoivb1wzj2"}
{"type":"operationStart","subtype":"recipe","name":"chrome-pdf","timestamp":1728670815679,"id":"jbtwq551usv7b8g","previousEventId":"3brjy2j42egvkgz","operationId":"epxe5dnsir2ju8d","previousOperationId":"9fde9yoivb1wzj2"}
{"type":"log","timestamp":1728670815679,"level":"debug","message":"Executing recipe chrome-pdf","meta":{"rootId":"inlviv7ibsqqpqu","id":"inlviv7ibsqqpqu"},"id":"enfznginggnkay3","previousOperationId":"epxe5dnsir2ju8d"}
{"type":"log","timestamp":1728670815682,"level":"debug","message":"Converting with chrome Chrome/127.0.6533.99 using chrome-pool strategy","meta":{"rootId":"inlviv7ibsqqpqu","id":"inlviv7ibsqqpqu"},"id":"54phxw1g9293voo","previousOperationId":"epxe5dnsir2ju8d"}
{"type":"log","timestamp":1728670815733,"level":"debug","message":"Page request: GET (document) file:///C:/Users/shsmo/AppData/Local/Temp/jsreport/autocleanup/7ef6d338-4ef5-48f3-9eab-fa11bfb647d1-chrome-pdf.html","meta":{"rootId":"inlviv7ibsqqpqu","id":"inlviv7ibsqqpqu"},"id":"9i5tf96goeq7wfs","previousOperationId":"epxe5dnsir2ju8d"}
{"type":"log","timestamp":1728670815745,"level":"debug","message":"Page request: GET (script) https://cdn.tailwindcss.com/","meta":{"rootId":"inlviv7ibsqqpqu","id":"inlviv7ibsqqpqu"},"id":"af7lo4wgsbinxlq","previousOperationId":"epxe5dnsir2ju8d"}
{"type":"log","timestamp":1728670815750,"level":"debug","message":"Page request finished: GET (document) 200 file:///C:/Users/shsmo/AppData/Local/Temp/jsreport/autocleanup/7ef6d338-4ef5-48f3-9eab-fa11bfb647d1-chrome-pdf.html","meta":{"rootId":"inlviv7ibsqqpqu","id":"inlviv7ibsqqpqu"},"id":"626po1le7i3i6kx","previousOperationId":"epxe5dnsir2ju8d"}
{"type":"log","timestamp":1728670815758,"level":"warn","message":"Page request failed: GET (script) 302 https://cdn.tailwindcss.com/ (redirect to: /3.4.5)","meta":{"rootId":"inlviv7ibsqqpqu","id":"inlviv7ibsqqpqu"},"id":"ylwcaol9jfcj24u","previousOperationId":"epxe5dnsir2ju8d"}
{"type":"log","timestamp":1728670815758,"level":"debug","message":"Page request: GET (script) https://cdn.tailwindcss.com/3.4.5 (redirect from: https://cdn.tailwindcss.com/)","meta":{"rootId":"inlviv7ibsqqpqu","id":"inlviv7ibsqqpqu"},"id":"ycd2ik6n8xvirno","previousOperationId":"epxe5dnsir2ju8d"}
{"type":"log","timestamp":1728670815776,"level":"debug","message":"Page request finished: GET (script) 200 https://cdn.tailwindcss.com/3.4.5","meta":{"rootId":"inlviv7ibsqqpqu","id":"inlviv7ibsqqpqu"},"id":"p76w1x7mtkjgmv4","previousOperationId":"epxe5dnsir2ju8d"}
{"type":"log","timestamp":1728670815818,"level":"debug","message":"(console:warn) cdn.tailwindcss.com should not be used in production. To use Tailwind CSS in production, install it as a PostCSS plugin or use the Tailwind CLI: https://tailwindcss.com/docs/installation","meta":{"userLevel":true,"rootId":"inlviv7ibsqqpqu","id":"inlviv7ibsqqpqu"},"id":"vlrlxdifg393hsn","previousOperationId":"epxe5dnsir2ju8d"}
{"type":"log","timestamp":1728670815892,"level":"debug","message":"Running chrome with params {\"marginRight\":\"2cm\",\"marginLeft\":\"2cm\",\"timeout\":599957,\"margin\":{\"right\":\"2cm\",\"left\":\"2cm\"},\"printBackground\":true}","meta":{"rootId":"inlviv7ibsqqpqu","id":"inlviv7ibsqqpqu"},"id":"lgdf27vy1n7xbdi","previousOperationId":"epxe5dnsir2ju8d"}
{"type":"operationEnd","operationId":"epxe5dnsir2ju8d","timestamp":1728670815944,"id":"vxzz9dt2a2rhu8h","previousEventId":"jbtwq551usv7b8g","previousOperationId":"epxe5dnsir2ju8d"}
{"type":"log","timestamp":1728670815944,"level":"debug","message":"Skipping storing report.","meta":{"rootId":"inlviv7ibsqqpqu","id":"inlviv7ibsqqpqu"},"id":"voh22ijqxlkq4mo","previousOperationId":"epxe5dnsir2ju8d"}
{"type":"log","timestamp":1728670815944,"level":"info","message":"Rendering request 169 finished in 306 ms","meta":{"rootId":"inlviv7ibsqqpqu","id":"inlviv7ibsqqpqu"},"id":"gzakavsuzftihwc","previousOperationId":"epxe5dnsir2ju8d"}
{"type":"operationEnd","subtype":"render","operationId":"4s3n8yqk76x8ual","timestamp":1728670815944,"id":"cdixf0h84a457qe","previousEventId":"vxzz9dt2a2rhu8h","previousOperationId":"epxe5dnsir2ju8d"}
{"type":"operationEnd","doDiffs":false,"previousEventId":"emqmw1ttl92nly4","previousOperationId":"52p5rbhn2qrd2yz","operationId":"52p5rbhn2qrd2yz","timestamp":1728670815946,"id":"0wv11a3ekm55pif"}
