{"type":"operationStart","subtype":"profile","data":{"_id":"sCLlEW8VSuFCRPOL","timestamp":"2024-10-14T14:39:37.089Z","state":"queued","mode":"standard","creationDate":"2024-10-14T14:39:37.091Z","modificationDate":"2024-10-14T14:39:37.091Z","shortid":"aTwj1bv","inheritedReadPermissions":[],"inheritedEditPermissions":[],"$entitySet":"profiles"},"doDiffs":false,"timestamp":1728916777090,"id":"bokkv8qqd6ohmxh","previousOperationId":null,"operationId":"0vpr08tr76ckpyj"}
{"type":"log","level":"info","message":"Render request 25 queued for execution and waiting for available worker","previousOperationId":"0vpr08tr76ckpyj","timestamp":1728916777090,"id":"42leguzek22wh4t"}
{"type":"operationStart","subtype":"render","name":"page_number","previousOperationId":"0vpr08tr76ckpyj","timestamp":1728916777104,"id":"jdh7wz77ah457pm","previousEventId":"bokkv8qqd6ohmxh","operationId":"a73df2g3k56wf30"}
{"type":"log","timestamp":1728916777104,"level":"info","message":"Starting rendering request 25 (user: admin)","meta":{"rootId":"inoj3icdfn4m5tr","id":"inoj3icdfn4m5tr"},"id":"bbr6ch78htvy729","previousOperationId":"a73df2g3k56wf30"}
{"type":"log","timestamp":1728916777104,"level":"info","message":"Rendering template { name: page_number, recipe: chrome-pdf, engine: handlebars, preview: true }","meta":{"rootId":"inoj3icdfn4m5tr","id":"inoj3icdfn4m5tr"},"id":"qsgkpdh2ow5bzpj","previousOperationId":"a73df2g3k56wf30"}
{"type":"log","timestamp":1728916777105,"level":"debug","message":"Data item not defined for this template.","meta":{"rootId":"inoj3icdfn4m5tr","id":"inoj3icdfn4m5tr"},"id":"vjohtoddhek34rx","previousOperationId":"a73df2g3k56wf30"}
{"type":"log","timestamp":1728916777106,"level":"debug","message":"Base url not specified, skipping its injection.","meta":{"rootId":"inoj3icdfn4m5tr","id":"inoj3icdfn4m5tr"},"id":"6lv3uku8ouirmjd","previousOperationId":"a73df2g3k56wf30"}
{"type":"log","timestamp":1728916777111,"level":"debug","message":"Replaced assets [\"KhmerOSSiemreapRegular.ttf\",\"KhmerOSMuolLightRegular.ttf\",\"times new roman.ttf\"]","meta":{"rootId":"inoj3icdfn4m5tr","id":"inoj3icdfn4m5tr"},"id":"w1jr0jx9o5zv2cn","previousOperationId":"a73df2g3k56wf30"}
{"type":"operationStart","subtype":"engine","name":"handlebars","timestamp":1728916777112,"id":"tx2il4vflub5rh0","previousEventId":"jdh7wz77ah457pm","operationId":"tvahvfeyrsh04hz","previousOperationId":"a73df2g3k56wf30"}
{"type":"log","timestamp":1728916777112,"level":"debug","message":"Rendering engine handlebars","meta":{"rootId":"inoj3icdfn4m5tr","id":"inoj3icdfn4m5tr"},"id":"gii1hr9ifhc99y0","previousOperationId":"tvahvfeyrsh04hz"}
{"type":"operationEnd","operationId":"tvahvfeyrsh04hz","timestamp":1728916777137,"id":"3oe78w597qobjwl","previousEventId":"tx2il4vflub5rh0","previousOperationId":"tvahvfeyrsh04hz"}
{"type":"operationStart","subtype":"recipe","name":"chrome-pdf","timestamp":1728916777141,"id":"ww61wdln0ryyo03","previousEventId":"3oe78w597qobjwl","operationId":"cvzftmjcbdfwvpd","previousOperationId":"tvahvfeyrsh04hz"}
{"type":"log","timestamp":1728916777141,"level":"debug","message":"Executing recipe chrome-pdf","meta":{"rootId":"inoj3icdfn4m5tr","id":"inoj3icdfn4m5tr"},"id":"cnya1tt1vkifedw","previousOperationId":"cvzftmjcbdfwvpd"}
{"type":"log","timestamp":1728916777145,"level":"debug","message":"Converting with chrome Chrome/127.0.6533.99 using chrome-pool strategy","meta":{"rootId":"inoj3icdfn4m5tr","id":"inoj3icdfn4m5tr"},"id":"2fg8uenht5v5fmm","previousOperationId":"cvzftmjcbdfwvpd"}
{"type":"log","timestamp":1728916777201,"level":"debug","message":"Page request: GET (document) file:///C:/Users/shsmo/AppData/Local/Temp/jsreport/autocleanup/7190087e-9613-415d-9d78-1bf7699c29a2-chrome-pdf.html","meta":{"rootId":"inoj3icdfn4m5tr","id":"inoj3icdfn4m5tr"},"id":"7l2dgdp8u4cte3k","previousOperationId":"cvzftmjcbdfwvpd"}
{"type":"log","timestamp":1728916777217,"level":"debug","message":"Page request: GET (script) https://cdn.tailwindcss.com/","meta":{"rootId":"inoj3icdfn4m5tr","id":"inoj3icdfn4m5tr"},"id":"gsuxm1j3719b7b5","previousOperationId":"cvzftmjcbdfwvpd"}
{"type":"log","timestamp":1728916777217,"level":"debug","message":"Page request finished: GET (document) 200 file:///C:/Users/shsmo/AppData/Local/Temp/jsreport/autocleanup/7190087e-9613-415d-9d78-1bf7699c29a2-chrome-pdf.html","meta":{"rootId":"inoj3icdfn4m5tr","id":"inoj3icdfn4m5tr"},"id":"56lbqh9ve2zyvfj","previousOperationId":"cvzftmjcbdfwvpd"}
{"type":"log","timestamp":1728916777227,"level":"warn","message":"Page request failed: GET (script) 302 https://cdn.tailwindcss.com/ (redirect to: /3.4.5)","meta":{"rootId":"inoj3icdfn4m5tr","id":"inoj3icdfn4m5tr"},"id":"mh5oq38qedpe1ng","previousOperationId":"cvzftmjcbdfwvpd"}
{"type":"log","timestamp":1728916777227,"level":"debug","message":"Page request: GET (script) https://cdn.tailwindcss.com/3.4.5 (redirect from: https://cdn.tailwindcss.com/)","meta":{"rootId":"inoj3icdfn4m5tr","id":"inoj3icdfn4m5tr"},"id":"jb02uu5mldf1vmh","previousOperationId":"cvzftmjcbdfwvpd"}
{"type":"log","timestamp":1728916777246,"level":"debug","message":"Page request finished: GET (script) 200 https://cdn.tailwindcss.com/3.4.5","meta":{"rootId":"inoj3icdfn4m5tr","id":"inoj3icdfn4m5tr"},"id":"esroi23nxrx73fz","previousOperationId":"cvzftmjcbdfwvpd"}
{"type":"log","timestamp":1728916777289,"level":"debug","message":"(console:warn) cdn.tailwindcss.com should not be used in production. To use Tailwind CSS in production, install it as a PostCSS plugin or use the Tailwind CLI: https://tailwindcss.com/docs/installation","meta":{"userLevel":true,"rootId":"inoj3icdfn4m5tr","id":"inoj3icdfn4m5tr"},"id":"0vgnsv9xs02axny","previousOperationId":"cvzftmjcbdfwvpd"}
{"type":"log","timestamp":1728916777378,"level":"debug","message":"Running chrome with params {\"marginRight\":\"1.5cm\",\"marginLeft\":\"1.5cm\",\"timeout\":599946,\"margin\":{\"right\":\"1.5cm\",\"left\":\"1.5cm\"},\"printBackground\":true}","meta":{"rootId":"inoj3icdfn4m5tr","id":"inoj3icdfn4m5tr"},"id":"6iw6nkbcno68gm7","previousOperationId":"cvzftmjcbdfwvpd"}
{"type":"operationEnd","operationId":"cvzftmjcbdfwvpd","timestamp":1728916777422,"id":"mked5ay58h6rqoz","previousEventId":"ww61wdln0ryyo03","previousOperationId":"cvzftmjcbdfwvpd"}
{"type":"log","timestamp":1728916777422,"level":"debug","message":"Skipping storing report.","meta":{"rootId":"inoj3icdfn4m5tr","id":"inoj3icdfn4m5tr"},"id":"i62fc2xgswq7uyt","previousOperationId":"cvzftmjcbdfwvpd"}
{"type":"log","timestamp":1728916777422,"level":"info","message":"Rendering request 25 finished in 333 ms","meta":{"rootId":"inoj3icdfn4m5tr","id":"inoj3icdfn4m5tr"},"id":"zblg69unkfdw5of","previousOperationId":"cvzftmjcbdfwvpd"}
{"type":"operationEnd","subtype":"render","operationId":"a73df2g3k56wf30","timestamp":1728916777422,"id":"s6wjsn68bioav2z","previousEventId":"mked5ay58h6rqoz","previousOperationId":"cvzftmjcbdfwvpd"}
{"type":"operationEnd","doDiffs":false,"previousEventId":"bokkv8qqd6ohmxh","previousOperationId":"0vpr08tr76ckpyj","operationId":"0vpr08tr76ckpyj","timestamp":1728916777424,"id":"3mv76w98rkijzjx"}
