{"type":"operationStart","subtype":"profile","data":{"_id":"5xGZU2LTKDu58ZVx","timestamp":"2024-10-13T06:40:50.155Z","state":"queued","mode":"standard","creationDate":"2024-10-13T06:40:50.157Z","modificationDate":"2024-10-13T06:40:50.157Z","shortid":"2odsfbN","inheritedReadPermissions":[],"inheritedEditPermissions":[],"$entitySet":"profiles"},"doDiffs":false,"timestamp":1728801650156,"id":"es4smit8r41lzfi","previousOperationId":null,"operationId":"h2rrcqmqb1b893x"}
{"type":"log","level":"info","message":"Render request 128 queued for execution and waiting for available worker","previousOperationId":"h2rrcqmqb1b893x","timestamp":1728801650156,"id":"8tdb709h24egbep"}
{"type":"operationStart","subtype":"render","name":"page_number","previousOperationId":"h2rrcqmqb1b893x","timestamp":1728801650170,"id":"3q1u9w7jexs5vdt","previousEventId":"es4smit8r41lzfi","operationId":"sie4gaig1vrh0rx"}
{"type":"log","timestamp":1728801650170,"level":"info","message":"Starting rendering request 128 (user: admin)","meta":{"rootId":"iovld6j3xntesqy","id":"iovld6j3xntesqy"},"id":"02uvhsz6vtwh8nv","previousOperationId":"sie4gaig1vrh0rx"}
{"type":"log","timestamp":1728801650170,"level":"info","message":"Rendering template { name: page_number, recipe: chrome-pdf, engine: handlebars, preview: true }","meta":{"rootId":"iovld6j3xntesqy","id":"iovld6j3xntesqy"},"id":"jyyvod5vo4krlqt","previousOperationId":"sie4gaig1vrh0rx"}
{"type":"log","timestamp":1728801650171,"level":"debug","message":"Data item not defined for this template.","meta":{"rootId":"iovld6j3xntesqy","id":"iovld6j3xntesqy"},"id":"dbc38u5w3rz31jn","previousOperationId":"sie4gaig1vrh0rx"}
{"type":"log","timestamp":1728801650172,"level":"debug","message":"Base url not specified, skipping its injection.","meta":{"rootId":"iovld6j3xntesqy","id":"iovld6j3xntesqy"},"id":"h18v0zfu109ewua","previousOperationId":"sie4gaig1vrh0rx"}
{"type":"log","timestamp":1728801650175,"level":"debug","message":"Replaced assets [\"KhmerOSSiemreapRegular.ttf\",\"KhmerOSMuolLightRegular.ttf\",\"times new roman.ttf\"]","meta":{"rootId":"iovld6j3xntesqy","id":"iovld6j3xntesqy"},"id":"kuokznpo0fd7a2f","previousOperationId":"sie4gaig1vrh0rx"}
{"type":"operationStart","subtype":"engine","name":"handlebars","timestamp":1728801650175,"id":"0gpofap86p2j5bj","previousEventId":"3q1u9w7jexs5vdt","operationId":"eqk6ha2216novb2","previousOperationId":"sie4gaig1vrh0rx"}
{"type":"log","timestamp":1728801650175,"level":"debug","message":"Rendering engine handlebars","meta":{"rootId":"iovld6j3xntesqy","id":"iovld6j3xntesqy"},"id":"blvz1q15ezz164o","previousOperationId":"eqk6ha2216novb2"}
{"type":"operationEnd","operationId":"eqk6ha2216novb2","timestamp":1728801650190,"id":"qnrh5wz2npn0oa0","previousEventId":"0gpofap86p2j5bj","previousOperationId":"eqk6ha2216novb2"}
{"type":"operationStart","subtype":"recipe","name":"chrome-pdf","timestamp":1728801650195,"id":"3gxwz9w7ee0phl5","previousEventId":"qnrh5wz2npn0oa0","operationId":"qey206cyuy6gdb8","previousOperationId":"eqk6ha2216novb2"}
{"type":"log","timestamp":1728801650195,"level":"debug","message":"Executing recipe chrome-pdf","meta":{"rootId":"iovld6j3xntesqy","id":"iovld6j3xntesqy"},"id":"55logjeg7fiykop","previousOperationId":"qey206cyuy6gdb8"}
{"type":"log","timestamp":1728801650197,"level":"debug","message":"Converting with chrome Chrome/127.0.6533.99 using chrome-pool strategy","meta":{"rootId":"iovld6j3xntesqy","id":"iovld6j3xntesqy"},"id":"0983abuh4iznf6x","previousOperationId":"qey206cyuy6gdb8"}
{"type":"log","timestamp":1728801650241,"level":"debug","message":"Page request: GET (document) file:///C:/Users/shsmo/AppData/Local/Temp/jsreport/autocleanup/ac830b6b-d1c4-4853-9677-fe4d76abf01a-chrome-pdf.html","meta":{"rootId":"iovld6j3xntesqy","id":"iovld6j3xntesqy"},"id":"yfnmoc1q27pn94g","previousOperationId":"qey206cyuy6gdb8"}
{"type":"log","timestamp":1728801650257,"level":"debug","message":"Page request: GET (script) https://cdn.tailwindcss.com/","meta":{"rootId":"iovld6j3xntesqy","id":"iovld6j3xntesqy"},"id":"1yxrtqn941f4fy7","previousOperationId":"qey206cyuy6gdb8"}
{"type":"log","timestamp":1728801650257,"level":"debug","message":"Page request finished: GET (document) 200 file:///C:/Users/shsmo/AppData/Local/Temp/jsreport/autocleanup/ac830b6b-d1c4-4853-9677-fe4d76abf01a-chrome-pdf.html","meta":{"rootId":"iovld6j3xntesqy","id":"iovld6j3xntesqy"},"id":"gu6bn1lqgdzfdzc","previousOperationId":"qey206cyuy6gdb8"}
{"type":"log","timestamp":1728801650263,"level":"warn","message":"Page request failed: GET (script) 302 https://cdn.tailwindcss.com/ (redirect to: /3.4.5)","meta":{"rootId":"iovld6j3xntesqy","id":"iovld6j3xntesqy"},"id":"swh7n7mquf5eqw5","previousOperationId":"qey206cyuy6gdb8"}
{"type":"log","timestamp":1728801650263,"level":"debug","message":"Page request: GET (script) https://cdn.tailwindcss.com/3.4.5 (redirect from: https://cdn.tailwindcss.com/)","meta":{"rootId":"iovld6j3xntesqy","id":"iovld6j3xntesqy"},"id":"c5vvah4pllksqah","previousOperationId":"qey206cyuy6gdb8"}
{"type":"log","timestamp":1728801650276,"level":"debug","message":"Page request finished: GET (script) 200 https://cdn.tailwindcss.com/3.4.5","meta":{"rootId":"iovld6j3xntesqy","id":"iovld6j3xntesqy"},"id":"jllrjv2yu2i7qh1","previousOperationId":"qey206cyuy6gdb8"}
{"type":"log","timestamp":1728801650309,"level":"debug","message":"(console:warn) cdn.tailwindcss.com should not be used in production. To use Tailwind CSS in production, install it as a PostCSS plugin or use the Tailwind CLI: https://tailwindcss.com/docs/installation","meta":{"userLevel":true,"rootId":"iovld6j3xntesqy","id":"iovld6j3xntesqy"},"id":"0s46nm14o22ugdc","previousOperationId":"qey206cyuy6gdb8"}
{"type":"log","timestamp":1728801650368,"level":"debug","message":"Running chrome with params {\"marginRight\":\"1.5cm\",\"marginLeft\":\"1cm\",\"timeout\":599959,\"margin\":{\"right\":\"1.5cm\",\"left\":\"1cm\"},\"printBackground\":true}","meta":{"rootId":"iovld6j3xntesqy","id":"iovld6j3xntesqy"},"id":"qjynh9ouan0nyud","previousOperationId":"qey206cyuy6gdb8"}
{"type":"operationEnd","operationId":"qey206cyuy6gdb8","timestamp":1728801650404,"id":"jo7sgv0w3euxszg","previousEventId":"3gxwz9w7ee0phl5","previousOperationId":"qey206cyuy6gdb8"}
{"type":"log","timestamp":1728801650404,"level":"debug","message":"Skipping storing report.","meta":{"rootId":"iovld6j3xntesqy","id":"iovld6j3xntesqy"},"id":"4mtq4wnxcudvo7b","previousOperationId":"qey206cyuy6gdb8"}
{"type":"log","timestamp":1728801650404,"level":"info","message":"Rendering request 128 finished in 249 ms","meta":{"rootId":"iovld6j3xntesqy","id":"iovld6j3xntesqy"},"id":"rn4u0ivolvztt2u","previousOperationId":"qey206cyuy6gdb8"}
{"type":"operationEnd","subtype":"render","operationId":"sie4gaig1vrh0rx","timestamp":1728801650404,"id":"z7g2ll8gls6wr60","previousEventId":"jo7sgv0w3euxszg","previousOperationId":"qey206cyuy6gdb8"}
{"type":"operationEnd","doDiffs":false,"previousEventId":"es4smit8r41lzfi","previousOperationId":"h2rrcqmqb1b893x","operationId":"h2rrcqmqb1b893x","timestamp":1728801650406,"id":"n9w5c1wh74l83h4"}
