{"type":"operationStart","subtype":"profile","data":{"_id":"m2LZBmT4H20WdIPY","timestamp":"2024-10-13T06:37:17.014Z","state":"queued","mode":"standard","creationDate":"2024-10-13T06:37:17.015Z","modificationDate":"2024-10-13T06:37:17.015Z","shortid":"K6ysDXk","inheritedReadPermissions":[],"inheritedEditPermissions":[],"$entitySet":"profiles"},"doDiffs":false,"timestamp":1728801437015,"id":"9y8mqb0oa338stg","previousOperationId":null,"operationId":"9otqzoaw1psxvxd"}
{"type":"log","level":"info","message":"Render request 116 queued for execution and waiting for available worker","previousOperationId":"9otqzoaw1psxvxd","timestamp":1728801437015,"id":"a8cgxqmm9g1cwdp"}
{"type":"operationStart","subtype":"render","name":"page_number","previousOperationId":"9otqzoaw1psxvxd","timestamp":1728801437030,"id":"2npn7jzcwphzky9","previousEventId":"9y8mqb0oa338stg","operationId":"999nwfv53jzmlj2"}
{"type":"log","timestamp":1728801437030,"level":"info","message":"Starting rendering request 116 (user: admin)","meta":{"rootId":"ivljlwwf6p52ftj","id":"ivljlwwf6p52ftj"},"id":"8hiq1rrios6d2f4","previousOperationId":"999nwfv53jzmlj2"}
{"type":"log","timestamp":1728801437030,"level":"info","message":"Rendering template { name: page_number, recipe: chrome-pdf, engine: handlebars, preview: true }","meta":{"rootId":"ivljlwwf6p52ftj","id":"ivljlwwf6p52ftj"},"id":"5kgzabbdjxh1ofy","previousOperationId":"999nwfv53jzmlj2"}
{"type":"log","timestamp":1728801437031,"level":"debug","message":"Data item not defined for this template.","meta":{"rootId":"ivljlwwf6p52ftj","id":"ivljlwwf6p52ftj"},"id":"bfxpk0o2nup2ey1","previousOperationId":"999nwfv53jzmlj2"}
{"type":"log","timestamp":1728801437031,"level":"debug","message":"Base url not specified, skipping its injection.","meta":{"rootId":"ivljlwwf6p52ftj","id":"ivljlwwf6p52ftj"},"id":"f94tfambzhn3u63","previousOperationId":"999nwfv53jzmlj2"}
{"type":"log","timestamp":1728801437035,"level":"debug","message":"Replaced assets [\"KhmerOSSiemreapRegular.ttf\",\"KhmerOSMuolLightRegular.ttf\",\"times new roman.ttf\"]","meta":{"rootId":"ivljlwwf6p52ftj","id":"ivljlwwf6p52ftj"},"id":"l5jreut5d34yq10","previousOperationId":"999nwfv53jzmlj2"}
{"type":"operationStart","subtype":"engine","name":"handlebars","timestamp":1728801437035,"id":"4eh82im5pw048og","previousEventId":"2npn7jzcwphzky9","operationId":"2icm33yrjovi784","previousOperationId":"999nwfv53jzmlj2"}
{"type":"log","timestamp":1728801437035,"level":"debug","message":"Rendering engine handlebars","meta":{"rootId":"ivljlwwf6p52ftj","id":"ivljlwwf6p52ftj"},"id":"nwgjsz7zsbzirj6","previousOperationId":"2icm33yrjovi784"}
{"type":"operationEnd","operationId":"2icm33yrjovi784","timestamp":1728801437051,"id":"mhkpyg8b1q2elqz","previousEventId":"4eh82im5pw048og","previousOperationId":"2icm33yrjovi784"}
{"type":"operationStart","subtype":"recipe","name":"chrome-pdf","timestamp":1728801437055,"id":"bwe3wuppp8qefvu","previousEventId":"mhkpyg8b1q2elqz","operationId":"j3tzxc43wk7gy9k","previousOperationId":"2icm33yrjovi784"}
{"type":"log","timestamp":1728801437055,"level":"debug","message":"Executing recipe chrome-pdf","meta":{"rootId":"ivljlwwf6p52ftj","id":"ivljlwwf6p52ftj"},"id":"5xxdkkzxulfi389","previousOperationId":"j3tzxc43wk7gy9k"}
{"type":"log","timestamp":1728801437057,"level":"debug","message":"Converting with chrome Chrome/127.0.6533.99 using chrome-pool strategy","meta":{"rootId":"ivljlwwf6p52ftj","id":"ivljlwwf6p52ftj"},"id":"2x1xfptb4gb2ra1","previousOperationId":"j3tzxc43wk7gy9k"}
{"type":"log","timestamp":1728801437098,"level":"debug","message":"Page request: GET (document) file:///C:/Users/shsmo/AppData/Local/Temp/jsreport/autocleanup/926b896d-fad7-4c46-bc81-4ea645c09c03-chrome-pdf.html","meta":{"rootId":"ivljlwwf6p52ftj","id":"ivljlwwf6p52ftj"},"id":"gapyqjnh1z9z1qo","previousOperationId":"j3tzxc43wk7gy9k"}
{"type":"log","timestamp":1728801437109,"level":"debug","message":"Page request finished: GET (document) 200 file:///C:/Users/shsmo/AppData/Local/Temp/jsreport/autocleanup/926b896d-fad7-4c46-bc81-4ea645c09c03-chrome-pdf.html","meta":{"rootId":"ivljlwwf6p52ftj","id":"ivljlwwf6p52ftj"},"id":"ogpcvi7gy7wbxjk","previousOperationId":"j3tzxc43wk7gy9k"}
{"type":"log","timestamp":1728801437109,"level":"debug","message":"Page request: GET (script) https://cdn.tailwindcss.com/","meta":{"rootId":"ivljlwwf6p52ftj","id":"ivljlwwf6p52ftj"},"id":"yu8qlzce4eocw11","previousOperationId":"j3tzxc43wk7gy9k"}
{"type":"log","timestamp":1728801437117,"level":"warn","message":"Page request failed: GET (script) 302 https://cdn.tailwindcss.com/ (redirect to: /3.4.5)","meta":{"rootId":"ivljlwwf6p52ftj","id":"ivljlwwf6p52ftj"},"id":"03xveo7urh06yzb","previousOperationId":"j3tzxc43wk7gy9k"}
{"type":"log","timestamp":1728801437117,"level":"debug","message":"Page request: GET (script) https://cdn.tailwindcss.com/3.4.5 (redirect from: https://cdn.tailwindcss.com/)","meta":{"rootId":"ivljlwwf6p52ftj","id":"ivljlwwf6p52ftj"},"id":"ogkvzh5d12ei3ai","previousOperationId":"j3tzxc43wk7gy9k"}
{"type":"log","timestamp":1728801437134,"level":"debug","message":"Page request finished: GET (script) 200 https://cdn.tailwindcss.com/3.4.5","meta":{"rootId":"ivljlwwf6p52ftj","id":"ivljlwwf6p52ftj"},"id":"zzk7qnzvb1jqsay","previousOperationId":"j3tzxc43wk7gy9k"}
{"type":"log","timestamp":1728801437167,"level":"debug","message":"(console:warn) cdn.tailwindcss.com should not be used in production. To use Tailwind CSS in production, install it as a PostCSS plugin or use the Tailwind CLI: https://tailwindcss.com/docs/installation","meta":{"userLevel":true,"rootId":"ivljlwwf6p52ftj","id":"ivljlwwf6p52ftj"},"id":"fd3qjtpz23syedc","previousOperationId":"j3tzxc43wk7gy9k"}
{"type":"log","timestamp":1728801437230,"level":"debug","message":"Running chrome with params {\"marginRight\":\"1.5cm\",\"marginLeft\":\"1cm\",\"timeout\":599958,\"margin\":{\"right\":\"1.5cm\",\"left\":\"1cm\"},\"printBackground\":true}","meta":{"rootId":"ivljlwwf6p52ftj","id":"ivljlwwf6p52ftj"},"id":"p796q34hjl1wmja","previousOperationId":"j3tzxc43wk7gy9k"}
{"type":"operationEnd","operationId":"j3tzxc43wk7gy9k","timestamp":1728801437267,"id":"5wzyvjo2wi7j2cg","previousEventId":"bwe3wuppp8qefvu","previousOperationId":"j3tzxc43wk7gy9k"}
{"type":"log","timestamp":1728801437267,"level":"debug","message":"Skipping storing report.","meta":{"rootId":"ivljlwwf6p52ftj","id":"ivljlwwf6p52ftj"},"id":"i373m72p0mlz8sn","previousOperationId":"j3tzxc43wk7gy9k"}
{"type":"log","timestamp":1728801437267,"level":"info","message":"Rendering request 116 finished in 253 ms","meta":{"rootId":"ivljlwwf6p52ftj","id":"ivljlwwf6p52ftj"},"id":"3mul4js60egagl0","previousOperationId":"j3tzxc43wk7gy9k"}
{"type":"operationEnd","subtype":"render","operationId":"999nwfv53jzmlj2","timestamp":1728801437267,"id":"6255vhkwsfktx1v","previousEventId":"5wzyvjo2wi7j2cg","previousOperationId":"j3tzxc43wk7gy9k"}
{"type":"operationEnd","doDiffs":false,"previousEventId":"9y8mqb0oa338stg","previousOperationId":"9otqzoaw1psxvxd","operationId":"9otqzoaw1psxvxd","timestamp":1728801437270,"id":"uds75cq3x93o1sf"}
