{"type":"operationStart","subtype":"profile","data":{"_id":"R0na6J0FsbTX36Rq","timestamp":"2024-10-11T18:21:32.759Z","state":"queued","mode":"standard","creationDate":"2024-10-11T18:21:32.762Z","modificationDate":"2024-10-11T18:21:32.762Z","shortid":"0OiGMeK","inheritedReadPermissions":[],"inheritedEditPermissions":[],"$entitySet":"profiles"},"doDiffs":false,"timestamp":1728670892761,"id":"ozts0hsc4f959lh","previousOperationId":null,"operationId":"e8ctui0s32ez0dd"}
{"type":"log","level":"info","message":"Render request 174 queued for execution and waiting for available worker","previousOperationId":"e8ctui0s32ez0dd","timestamp":1728670892761,"id":"fonzkcj5phh2njx"}
{"type":"operationStart","subtype":"render","name":"page_number","previousOperationId":"e8ctui0s32ez0dd","timestamp":1728670892775,"id":"wfqdmibbqtyw15g","previousEventId":"ozts0hsc4f959lh","operationId":"m0fmt8dytvaocjk"}
{"type":"log","timestamp":1728670892775,"level":"info","message":"Starting rendering request 174 (user: admin)","meta":{"rootId":"ivom2jjic9hlldz","id":"ivom2jjic9hlldz"},"id":"410ai7sizuic67y","previousOperationId":"m0fmt8dytvaocjk"}
{"type":"log","timestamp":1728670892775,"level":"info","message":"Rendering template { name: page_number, recipe: chrome-pdf, engine: handlebars, preview: true }","meta":{"rootId":"ivom2jjic9hlldz","id":"ivom2jjic9hlldz"},"id":"sa92b6lt8mnm5cw","previousOperationId":"m0fmt8dytvaocjk"}
{"type":"log","timestamp":1728670892775,"level":"debug","message":"Data item not defined for this template.","meta":{"rootId":"ivom2jjic9hlldz","id":"ivom2jjic9hlldz"},"id":"ex7j0gb77mojesv","previousOperationId":"m0fmt8dytvaocjk"}
{"type":"log","timestamp":1728670892777,"level":"debug","message":"Base url not specified, skipping its injection.","meta":{"rootId":"ivom2jjic9hlldz","id":"ivom2jjic9hlldz"},"id":"mvl7q23u4luvt1e","previousOperationId":"m0fmt8dytvaocjk"}
{"type":"log","timestamp":1728670892781,"level":"debug","message":"Replaced assets [\"KhmerOSSiemreapRegular.ttf\",\"KhmerOSMuolLightRegular.ttf\",\"times new roman.ttf\"]","meta":{"rootId":"ivom2jjic9hlldz","id":"ivom2jjic9hlldz"},"id":"zfckb7vgak253nu","previousOperationId":"m0fmt8dytvaocjk"}
{"type":"operationStart","subtype":"engine","name":"handlebars","timestamp":1728670892781,"id":"x5jfp3n1unbeki4","previousEventId":"wfqdmibbqtyw15g","operationId":"86af09sfvsxs5wq","previousOperationId":"m0fmt8dytvaocjk"}
{"type":"log","timestamp":1728670892781,"level":"debug","message":"Rendering engine handlebars","meta":{"rootId":"ivom2jjic9hlldz","id":"ivom2jjic9hlldz"},"id":"hbbxsy6uu98yx0a","previousOperationId":"86af09sfvsxs5wq"}
{"type":"operationEnd","operationId":"86af09sfvsxs5wq","timestamp":1728670892800,"id":"ol1tk02e5gsjiws","previousEventId":"x5jfp3n1unbeki4","previousOperationId":"86af09sfvsxs5wq"}
{"type":"operationStart","subtype":"recipe","name":"chrome-pdf","timestamp":1728670892805,"id":"a3iy9c1oy5p3qu4","previousEventId":"ol1tk02e5gsjiws","operationId":"b7fi15qipghhcha","previousOperationId":"86af09sfvsxs5wq"}
{"type":"log","timestamp":1728670892805,"level":"debug","message":"Executing recipe chrome-pdf","meta":{"rootId":"ivom2jjic9hlldz","id":"ivom2jjic9hlldz"},"id":"06zb9t6hxkalmk9","previousOperationId":"b7fi15qipghhcha"}
{"type":"log","timestamp":1728670892809,"level":"debug","message":"Converting with chrome Chrome/127.0.6533.99 using chrome-pool strategy","meta":{"rootId":"ivom2jjic9hlldz","id":"ivom2jjic9hlldz"},"id":"kbgtdl8g5w0ysew","previousOperationId":"b7fi15qipghhcha"}
{"type":"log","timestamp":1728670892860,"level":"debug","message":"Page request: GET (document) file:///C:/Users/shsmo/AppData/Local/Temp/jsreport/autocleanup/d0fdcf7d-72bc-4465-9cc2-3e81919d3a7b-chrome-pdf.html","meta":{"rootId":"ivom2jjic9hlldz","id":"ivom2jjic9hlldz"},"id":"yl7ud86gpy71jyw","previousOperationId":"b7fi15qipghhcha"}
{"type":"log","timestamp":1728670892877,"level":"debug","message":"Page request: GET (script) https://cdn.tailwindcss.com/","meta":{"rootId":"ivom2jjic9hlldz","id":"ivom2jjic9hlldz"},"id":"w3mxudt5kexelmw","previousOperationId":"b7fi15qipghhcha"}
{"type":"log","timestamp":1728670892878,"level":"debug","message":"Page request finished: GET (document) 200 file:///C:/Users/shsmo/AppData/Local/Temp/jsreport/autocleanup/d0fdcf7d-72bc-4465-9cc2-3e81919d3a7b-chrome-pdf.html","meta":{"rootId":"ivom2jjic9hlldz","id":"ivom2jjic9hlldz"},"id":"88xlostppl9ofiw","previousOperationId":"b7fi15qipghhcha"}
{"type":"log","timestamp":1728670892883,"level":"warn","message":"Page request failed: GET (script) 302 https://cdn.tailwindcss.com/ (redirect to: /3.4.5)","meta":{"rootId":"ivom2jjic9hlldz","id":"ivom2jjic9hlldz"},"id":"n9ww87a1f7wh84a","previousOperationId":"b7fi15qipghhcha"}
{"type":"log","timestamp":1728670892883,"level":"debug","message":"Page request: GET (script) https://cdn.tailwindcss.com/3.4.5 (redirect from: https://cdn.tailwindcss.com/)","meta":{"rootId":"ivom2jjic9hlldz","id":"ivom2jjic9hlldz"},"id":"oep7lkesybzej8i","previousOperationId":"b7fi15qipghhcha"}
{"type":"log","timestamp":1728670892905,"level":"debug","message":"Page request finished: GET (script) 200 https://cdn.tailwindcss.com/3.4.5","meta":{"rootId":"ivom2jjic9hlldz","id":"ivom2jjic9hlldz"},"id":"mo0it5hppfw2sah","previousOperationId":"b7fi15qipghhcha"}
{"type":"log","timestamp":1728670892959,"level":"debug","message":"(console:warn) cdn.tailwindcss.com should not be used in production. To use Tailwind CSS in production, install it as a PostCSS plugin or use the Tailwind CLI: https://tailwindcss.com/docs/installation","meta":{"userLevel":true,"rootId":"ivom2jjic9hlldz","id":"ivom2jjic9hlldz"},"id":"i15t2ewwsuz4keu","previousOperationId":"b7fi15qipghhcha"}
{"type":"log","timestamp":1728670893021,"level":"debug","message":"Running chrome with params {\"marginRight\":\"1cm\",\"marginLeft\":\"1cm\",\"timeout\":599951,\"margin\":{\"right\":\"1cm\",\"left\":\"1cm\"},\"printBackground\":true}","meta":{"rootId":"ivom2jjic9hlldz","id":"ivom2jjic9hlldz"},"id":"pr0gjij80cw21i4","previousOperationId":"b7fi15qipghhcha"}
{"type":"operationEnd","operationId":"b7fi15qipghhcha","timestamp":1728670893059,"id":"zu4wv15agdudadl","previousEventId":"a3iy9c1oy5p3qu4","previousOperationId":"b7fi15qipghhcha"}
{"type":"log","timestamp":1728670893059,"level":"debug","message":"Skipping storing report.","meta":{"rootId":"ivom2jjic9hlldz","id":"ivom2jjic9hlldz"},"id":"875usayq387i9ns","previousOperationId":"b7fi15qipghhcha"}
{"type":"log","timestamp":1728670893059,"level":"info","message":"Rendering request 174 finished in 300 ms","meta":{"rootId":"ivom2jjic9hlldz","id":"ivom2jjic9hlldz"},"id":"as62hi60oi1jk3b","previousOperationId":"b7fi15qipghhcha"}
{"type":"operationEnd","subtype":"render","operationId":"m0fmt8dytvaocjk","timestamp":1728670893059,"id":"v3jbdo2puastjr0","previousEventId":"zu4wv15agdudadl","previousOperationId":"b7fi15qipghhcha"}
{"type":"operationEnd","doDiffs":false,"previousEventId":"ozts0hsc4f959lh","previousOperationId":"e8ctui0s32ez0dd","operationId":"e8ctui0s32ez0dd","timestamp":1728670893061,"id":"3k5f21epj89ylky"}
