{"type":"operationStart","subtype":"profile","data":{"_id":"nu4m5Wr0PQ5kWUrz","timestamp":"2024-10-13T06:23:15.972Z","state":"queued","mode":"standard","creationDate":"2024-10-13T06:23:15.973Z","modificationDate":"2024-10-13T06:23:15.973Z","shortid":"WR2WRYd","inheritedReadPermissions":[],"inheritedEditPermissions":[],"$entitySet":"profiles"},"doDiffs":false,"timestamp":1728800595973,"id":"2c8xs1f1otten1p","previousOperationId":null,"operationId":"bvfm7af6ifoqz55"}
{"type":"log","level":"info","message":"Render request 88 queued for execution and waiting for available worker","previousOperationId":"bvfm7af6ifoqz55","timestamp":1728800595973,"id":"icsv9jsk4kvt6yv"}
{"type":"operationStart","subtype":"render","name":"page_number","previousOperationId":"bvfm7af6ifoqz55","timestamp":1728800595984,"id":"3lfkxngehy20lfi","previousEventId":"2c8xs1f1otten1p","operationId":"6xgy1o1gd28vxhs"}
{"type":"log","timestamp":1728800595984,"level":"info","message":"Starting rendering request 88 (user: admin)","meta":{"rootId":"ivxwkeb8zgjff67","id":"ivxwkeb8zgjff67"},"id":"bsw1p74z7s1sfar","previousOperationId":"6xgy1o1gd28vxhs"}
{"type":"log","timestamp":1728800595984,"level":"info","message":"Rendering template { name: page_number, recipe: chrome-pdf, engine: handlebars, preview: true }","meta":{"rootId":"ivxwkeb8zgjff67","id":"ivxwkeb8zgjff67"},"id":"0g7bvn8n175nfdc","previousOperationId":"6xgy1o1gd28vxhs"}
{"type":"log","timestamp":1728800595985,"level":"debug","message":"Data item not defined for this template.","meta":{"rootId":"ivxwkeb8zgjff67","id":"ivxwkeb8zgjff67"},"id":"y6rb1mlyakcxxln","previousOperationId":"6xgy1o1gd28vxhs"}
{"type":"log","timestamp":1728800595986,"level":"debug","message":"Base url not specified, skipping its injection.","meta":{"rootId":"ivxwkeb8zgjff67","id":"ivxwkeb8zgjff67"},"id":"mmnbig6u7mcjb9i","previousOperationId":"6xgy1o1gd28vxhs"}
{"type":"log","timestamp":1728800595989,"level":"debug","message":"Replaced assets [\"KhmerOSSiemreapRegular.ttf\",\"KhmerOSMuolLightRegular.ttf\",\"times new roman.ttf\"]","meta":{"rootId":"ivxwkeb8zgjff67","id":"ivxwkeb8zgjff67"},"id":"8rqg9u2b5xl3rq9","previousOperationId":"6xgy1o1gd28vxhs"}
{"type":"operationStart","subtype":"engine","name":"handlebars","timestamp":1728800595990,"id":"zck20lq44psd6ye","previousEventId":"3lfkxngehy20lfi","operationId":"zqgvw0bgec1r89a","previousOperationId":"6xgy1o1gd28vxhs"}
{"type":"log","timestamp":1728800595990,"level":"debug","message":"Rendering engine handlebars","meta":{"rootId":"ivxwkeb8zgjff67","id":"ivxwkeb8zgjff67"},"id":"w57s0w64anb0x3g","previousOperationId":"zqgvw0bgec1r89a"}
{"type":"operationEnd","operationId":"zqgvw0bgec1r89a","timestamp":1728800596006,"id":"krmq2tcozbs23n2","previousEventId":"zck20lq44psd6ye","previousOperationId":"zqgvw0bgec1r89a"}
{"type":"operationStart","subtype":"recipe","name":"chrome-pdf","timestamp":1728800596010,"id":"i4mj80bo66e2kle","previousEventId":"krmq2tcozbs23n2","operationId":"1ndve6o4kx8bz26","previousOperationId":"zqgvw0bgec1r89a"}
{"type":"log","timestamp":1728800596011,"level":"debug","message":"Executing recipe chrome-pdf","meta":{"rootId":"ivxwkeb8zgjff67","id":"ivxwkeb8zgjff67"},"id":"r03cktesmpapzsc","previousOperationId":"1ndve6o4kx8bz26"}
{"type":"log","timestamp":1728800596013,"level":"debug","message":"Converting with chrome Chrome/127.0.6533.99 using chrome-pool strategy","meta":{"rootId":"ivxwkeb8zgjff67","id":"ivxwkeb8zgjff67"},"id":"4tog5cxy1ndh1jb","previousOperationId":"1ndve6o4kx8bz26"}
{"type":"log","timestamp":1728800596056,"level":"debug","message":"Page request: GET (document) file:///C:/Users/shsmo/AppData/Local/Temp/jsreport/autocleanup/1d6ffec5-e537-4b85-9163-8de67f52667f-chrome-pdf.html","meta":{"rootId":"ivxwkeb8zgjff67","id":"ivxwkeb8zgjff67"},"id":"okl98k4wdta2gjp","previousOperationId":"1ndve6o4kx8bz26"}
{"type":"log","timestamp":1728800596065,"level":"debug","message":"Page request: GET (script) https://cdn.tailwindcss.com/","meta":{"rootId":"ivxwkeb8zgjff67","id":"ivxwkeb8zgjff67"},"id":"85x86ab1olyz2fb","previousOperationId":"1ndve6o4kx8bz26"}
{"type":"log","timestamp":1728800596066,"level":"debug","message":"Page request finished: GET (document) 200 file:///C:/Users/shsmo/AppData/Local/Temp/jsreport/autocleanup/1d6ffec5-e537-4b85-9163-8de67f52667f-chrome-pdf.html","meta":{"rootId":"ivxwkeb8zgjff67","id":"ivxwkeb8zgjff67"},"id":"whdkdgn6xb9iegk","previousOperationId":"1ndve6o4kx8bz26"}
{"type":"log","timestamp":1728800596073,"level":"warn","message":"Page request failed: GET (script) 302 https://cdn.tailwindcss.com/ (redirect to: /3.4.5)","meta":{"rootId":"ivxwkeb8zgjff67","id":"ivxwkeb8zgjff67"},"id":"o9kbw61cm7tibqc","previousOperationId":"1ndve6o4kx8bz26"}
{"type":"log","timestamp":1728800596073,"level":"debug","message":"Page request: GET (script) https://cdn.tailwindcss.com/3.4.5 (redirect from: https://cdn.tailwindcss.com/)","meta":{"rootId":"ivxwkeb8zgjff67","id":"ivxwkeb8zgjff67"},"id":"zowqc9syioznemg","previousOperationId":"1ndve6o4kx8bz26"}
{"type":"log","timestamp":1728800596087,"level":"debug","message":"Page request finished: GET (script) 200 https://cdn.tailwindcss.com/3.4.5","meta":{"rootId":"ivxwkeb8zgjff67","id":"ivxwkeb8zgjff67"},"id":"regrrr0q7jvio2c","previousOperationId":"1ndve6o4kx8bz26"}
{"type":"log","timestamp":1728800596119,"level":"debug","message":"(console:warn) cdn.tailwindcss.com should not be used in production. To use Tailwind CSS in production, install it as a PostCSS plugin or use the Tailwind CLI: https://tailwindcss.com/docs/installation","meta":{"userLevel":true,"rootId":"ivxwkeb8zgjff67","id":"ivxwkeb8zgjff67"},"id":"ycmwe976dpxfwvo","previousOperationId":"1ndve6o4kx8bz26"}
{"type":"log","timestamp":1728800596176,"level":"debug","message":"Running chrome with params {\"marginRight\":\"1.5cm\",\"marginLeft\":\"1cm\",\"timeout\":599960,\"margin\":{\"right\":\"1.5cm\",\"left\":\"1cm\"},\"printBackground\":true}","meta":{"rootId":"ivxwkeb8zgjff67","id":"ivxwkeb8zgjff67"},"id":"xbcph003hlczzb8","previousOperationId":"1ndve6o4kx8bz26"}
{"type":"operationEnd","operationId":"1ndve6o4kx8bz26","timestamp":1728800596215,"id":"7mr57txt4d2mchr","previousEventId":"i4mj80bo66e2kle","previousOperationId":"1ndve6o4kx8bz26"}
{"type":"log","timestamp":1728800596215,"level":"debug","message":"Skipping storing report.","meta":{"rootId":"ivxwkeb8zgjff67","id":"ivxwkeb8zgjff67"},"id":"a0tx7fgjtyiw64q","previousOperationId":"1ndve6o4kx8bz26"}
{"type":"log","timestamp":1728800596215,"level":"info","message":"Rendering request 88 finished in 243 ms","meta":{"rootId":"ivxwkeb8zgjff67","id":"ivxwkeb8zgjff67"},"id":"3cytr9azx2goe4a","previousOperationId":"1ndve6o4kx8bz26"}
{"type":"operationEnd","subtype":"render","operationId":"6xgy1o1gd28vxhs","timestamp":1728800596215,"id":"303k3pxh25c0gt9","previousEventId":"7mr57txt4d2mchr","previousOperationId":"1ndve6o4kx8bz26"}
{"type":"operationEnd","doDiffs":false,"previousEventId":"2c8xs1f1otten1p","previousOperationId":"bvfm7af6ifoqz55","operationId":"bvfm7af6ifoqz55","timestamp":1728800596217,"id":"967m74zfpiolsnr"}
