{"type":"operationStart","subtype":"profile","data":{"_id":"LosXtB2sywPZU7HN","timestamp":"2024-10-11T18:22:59.318Z","state":"queued","mode":"standard","creationDate":"2024-10-11T18:22:59.319Z","modificationDate":"2024-10-11T18:22:59.319Z","shortid":"QguRX1z","inheritedReadPermissions":[],"inheritedEditPermissions":[],"$entitySet":"profiles"},"doDiffs":false,"timestamp":1728670979319,"id":"ck2ooi4thr89oi8","previousOperationId":null,"operationId":"clmkw3h3kb4s6c4"}
{"type":"log","level":"info","message":"Render request 179 queued for execution and waiting for available worker","previousOperationId":"clmkw3h3kb4s6c4","timestamp":1728670979319,"id":"rvjl6y1soqjr3um"}
{"type":"operationStart","subtype":"render","name":"page_number","previousOperationId":"clmkw3h3kb4s6c4","timestamp":1728670979330,"id":"ajzb993kdvd33p1","previousEventId":"ck2ooi4thr89oi8","operationId":"c37hqggls5ut5t0"}
{"type":"log","timestamp":1728670979330,"level":"info","message":"Starting rendering request 179 (user: admin)","meta":{"rootId":"j4ihh9tcjr9fjsx","id":"j4ihh9tcjr9fjsx"},"id":"cm8ddud2o163si8","previousOperationId":"c37hqggls5ut5t0"}
{"type":"log","timestamp":1728670979330,"level":"info","message":"Rendering template { name: page_number, recipe: chrome-pdf, engine: handlebars, preview: true }","meta":{"rootId":"j4ihh9tcjr9fjsx","id":"j4ihh9tcjr9fjsx"},"id":"imlvedk0ncuc8vj","previousOperationId":"c37hqggls5ut5t0"}
{"type":"log","timestamp":1728670979330,"level":"debug","message":"Data item not defined for this template.","meta":{"rootId":"j4ihh9tcjr9fjsx","id":"j4ihh9tcjr9fjsx"},"id":"0kit83gzbbw4ag5","previousOperationId":"c37hqggls5ut5t0"}
{"type":"log","timestamp":1728670979331,"level":"debug","message":"Base url not specified, skipping its injection.","meta":{"rootId":"j4ihh9tcjr9fjsx","id":"j4ihh9tcjr9fjsx"},"id":"wzw3b75c4l01364","previousOperationId":"c37hqggls5ut5t0"}
{"type":"log","timestamp":1728670979335,"level":"debug","message":"Replaced assets [\"KhmerOSSiemreapRegular.ttf\",\"KhmerOSMuolLightRegular.ttf\",\"times new roman.ttf\"]","meta":{"rootId":"j4ihh9tcjr9fjsx","id":"j4ihh9tcjr9fjsx"},"id":"agj904qcfpff7se","previousOperationId":"c37hqggls5ut5t0"}
{"type":"operationStart","subtype":"engine","name":"handlebars","timestamp":1728670979335,"id":"v10fbpab0i79v5h","previousEventId":"ajzb993kdvd33p1","operationId":"xtwbpn8hgpukx1l","previousOperationId":"c37hqggls5ut5t0"}
{"type":"log","timestamp":1728670979335,"level":"debug","message":"Rendering engine handlebars","meta":{"rootId":"j4ihh9tcjr9fjsx","id":"j4ihh9tcjr9fjsx"},"id":"vpfemz6jyecbc40","previousOperationId":"xtwbpn8hgpukx1l"}
{"type":"operationEnd","operationId":"xtwbpn8hgpukx1l","timestamp":1728670979351,"id":"fxnyfiwxj9qq9tf","previousEventId":"v10fbpab0i79v5h","previousOperationId":"xtwbpn8hgpukx1l"}
{"type":"operationStart","subtype":"recipe","name":"chrome-pdf","timestamp":1728670979354,"id":"p55qwbtomoa3emn","previousEventId":"fxnyfiwxj9qq9tf","operationId":"4j29plqc31o2eyx","previousOperationId":"xtwbpn8hgpukx1l"}
{"type":"log","timestamp":1728670979354,"level":"debug","message":"Executing recipe chrome-pdf","meta":{"rootId":"j4ihh9tcjr9fjsx","id":"j4ihh9tcjr9fjsx"},"id":"hfrfgmqr423j562","previousOperationId":"4j29plqc31o2eyx"}
{"type":"log","timestamp":1728670979357,"level":"debug","message":"Converting with chrome Chrome/127.0.6533.99 using chrome-pool strategy","meta":{"rootId":"j4ihh9tcjr9fjsx","id":"j4ihh9tcjr9fjsx"},"id":"2az0jbs1gn9a6ri","previousOperationId":"4j29plqc31o2eyx"}
{"type":"log","timestamp":1728670979409,"level":"debug","message":"Page request: GET (document) file:///C:/Users/shsmo/AppData/Local/Temp/jsreport/autocleanup/f7f364cd-ec12-48ce-8ee4-14c3d4690b44-chrome-pdf.html","meta":{"rootId":"j4ihh9tcjr9fjsx","id":"j4ihh9tcjr9fjsx"},"id":"tyu0oa19l5a4i68","previousOperationId":"4j29plqc31o2eyx"}
{"type":"log","timestamp":1728670979425,"level":"debug","message":"Page request finished: GET (document) 200 file:///C:/Users/shsmo/AppData/Local/Temp/jsreport/autocleanup/f7f364cd-ec12-48ce-8ee4-14c3d4690b44-chrome-pdf.html","meta":{"rootId":"j4ihh9tcjr9fjsx","id":"j4ihh9tcjr9fjsx"},"id":"cffcsk1tuo6eefq","previousOperationId":"4j29plqc31o2eyx"}
{"type":"log","timestamp":1728670979425,"level":"debug","message":"Page request: GET (script) https://cdn.tailwindcss.com/","meta":{"rootId":"j4ihh9tcjr9fjsx","id":"j4ihh9tcjr9fjsx"},"id":"so7ohds87yj52vu","previousOperationId":"4j29plqc31o2eyx"}
{"type":"log","timestamp":1728670979434,"level":"warn","message":"Page request failed: GET (script) 302 https://cdn.tailwindcss.com/ (redirect to: /3.4.5)","meta":{"rootId":"j4ihh9tcjr9fjsx","id":"j4ihh9tcjr9fjsx"},"id":"th75qtn216d59lq","previousOperationId":"4j29plqc31o2eyx"}
{"type":"log","timestamp":1728670979434,"level":"debug","message":"Page request: GET (script) https://cdn.tailwindcss.com/3.4.5 (redirect from: https://cdn.tailwindcss.com/)","meta":{"rootId":"j4ihh9tcjr9fjsx","id":"j4ihh9tcjr9fjsx"},"id":"j1zeoln0sk8erhw","previousOperationId":"4j29plqc31o2eyx"}
{"type":"log","timestamp":1728670979453,"level":"debug","message":"Page request finished: GET (script) 200 https://cdn.tailwindcss.com/3.4.5","meta":{"rootId":"j4ihh9tcjr9fjsx","id":"j4ihh9tcjr9fjsx"},"id":"069kr6hsc0fxptn","previousOperationId":"4j29plqc31o2eyx"}
{"type":"log","timestamp":1728670979499,"level":"debug","message":"(console:warn) cdn.tailwindcss.com should not be used in production. To use Tailwind CSS in production, install it as a PostCSS plugin or use the Tailwind CLI: https://tailwindcss.com/docs/installation","meta":{"userLevel":true,"rootId":"j4ihh9tcjr9fjsx","id":"j4ihh9tcjr9fjsx"},"id":"i58n4ssy9uhj8ir","previousOperationId":"4j29plqc31o2eyx"}
{"type":"log","timestamp":1728670979582,"level":"debug","message":"Running chrome with params {\"marginRight\":\"1.5cm\",\"marginLeft\":\"1cm\",\"timeout\":599961,\"margin\":{\"right\":\"1.5cm\",\"left\":\"1cm\"},\"printBackground\":true}","meta":{"rootId":"j4ihh9tcjr9fjsx","id":"j4ihh9tcjr9fjsx"},"id":"exrvmlc9svhwt8f","previousOperationId":"4j29plqc31o2eyx"}
{"type":"operationEnd","operationId":"4j29plqc31o2eyx","timestamp":1728670979644,"id":"evs028kr2y88hnw","previousEventId":"p55qwbtomoa3emn","previousOperationId":"4j29plqc31o2eyx"}
{"type":"log","timestamp":1728670979644,"level":"debug","message":"Skipping storing report.","meta":{"rootId":"j4ihh9tcjr9fjsx","id":"j4ihh9tcjr9fjsx"},"id":"xqp6vdwu13i62zz","previousOperationId":"4j29plqc31o2eyx"}
{"type":"log","timestamp":1728670979644,"level":"info","message":"Rendering request 179 finished in 327 ms","meta":{"rootId":"j4ihh9tcjr9fjsx","id":"j4ihh9tcjr9fjsx"},"id":"28ey6xhb41eemt6","previousOperationId":"4j29plqc31o2eyx"}
{"type":"operationEnd","subtype":"render","operationId":"c37hqggls5ut5t0","timestamp":1728670979644,"id":"gxzkp05tyz837zx","previousEventId":"evs028kr2y88hnw","previousOperationId":"4j29plqc31o2eyx"}
{"type":"operationEnd","doDiffs":false,"previousEventId":"ck2ooi4thr89oi8","previousOperationId":"clmkw3h3kb4s6c4","operationId":"clmkw3h3kb4s6c4","timestamp":1728670979647,"id":"ltm132mbqps8ksr"}
