{"type":"operationStart","subtype":"profile","data":{"_id":"tUBKITQs8iN3QJqt","timestamp":"2024-10-13T06:38:38.766Z","state":"queued","mode":"standard","creationDate":"2024-10-13T06:38:38.769Z","modificationDate":"2024-10-13T06:38:38.769Z","shortid":"z40eryf","inheritedReadPermissions":[],"inheritedEditPermissions":[],"$entitySet":"profiles"},"doDiffs":false,"timestamp":1728801518768,"id":"ubgcerwgxlamz3n","previousOperationId":null,"operationId":"1wqg7va6lurttln"}
{"type":"log","level":"info","message":"Render request 120 queued for execution and waiting for available worker","previousOperationId":"1wqg7va6lurttln","timestamp":1728801518768,"id":"hswr5vzm8bshbwb"}
{"type":"operationStart","subtype":"render","name":"page_number","previousOperationId":"1wqg7va6lurttln","timestamp":1728801518780,"id":"7l4qo68o2svcwkp","previousEventId":"ubgcerwgxlamz3n","operationId":"44jm2fj5j8nm1dg"}
{"type":"log","timestamp":1728801518780,"level":"info","message":"Starting rendering request 120 (user: admin)","meta":{"rootId":"kzto06kk28xx79v","id":"kzto06kk28xx79v"},"id":"65b9bj4c2zqu0eq","previousOperationId":"44jm2fj5j8nm1dg"}
{"type":"log","timestamp":1728801518780,"level":"info","message":"Rendering template { name: page_number, recipe: chrome-pdf, engine: handlebars, preview: true }","meta":{"rootId":"kzto06kk28xx79v","id":"kzto06kk28xx79v"},"id":"zao8krpwz8u9tra","previousOperationId":"44jm2fj5j8nm1dg"}
{"type":"log","timestamp":1728801518781,"level":"debug","message":"Data item not defined for this template.","meta":{"rootId":"kzto06kk28xx79v","id":"kzto06kk28xx79v"},"id":"ioojpbgqpeiloyt","previousOperationId":"44jm2fj5j8nm1dg"}
{"type":"log","timestamp":1728801518782,"level":"debug","message":"Base url not specified, skipping its injection.","meta":{"rootId":"kzto06kk28xx79v","id":"kzto06kk28xx79v"},"id":"3g74wvyq10b7k0m","previousOperationId":"44jm2fj5j8nm1dg"}
{"type":"log","timestamp":1728801518787,"level":"debug","message":"Replaced assets [\"KhmerOSSiemreapRegular.ttf\",\"KhmerOSMuolLightRegular.ttf\",\"times new roman.ttf\"]","meta":{"rootId":"kzto06kk28xx79v","id":"kzto06kk28xx79v"},"id":"4b8wratwhuia75l","previousOperationId":"44jm2fj5j8nm1dg"}
{"type":"operationStart","subtype":"engine","name":"handlebars","timestamp":1728801518787,"id":"hxhx6jklpyvwtod","previousEventId":"7l4qo68o2svcwkp","operationId":"da8dqlsmjad9e23","previousOperationId":"44jm2fj5j8nm1dg"}
{"type":"log","timestamp":1728801518787,"level":"debug","message":"Rendering engine handlebars","meta":{"rootId":"kzto06kk28xx79v","id":"kzto06kk28xx79v"},"id":"dlxqc8u0fbgbfjz","previousOperationId":"da8dqlsmjad9e23"}
{"type":"operationEnd","operationId":"da8dqlsmjad9e23","timestamp":1728801518804,"id":"5333day4dukb121","previousEventId":"hxhx6jklpyvwtod","previousOperationId":"da8dqlsmjad9e23"}
{"type":"operationStart","subtype":"recipe","name":"chrome-pdf","timestamp":1728801518807,"id":"yp330zoms1nvd9k","previousEventId":"5333day4dukb121","operationId":"bfaxgy3z7abo92v","previousOperationId":"da8dqlsmjad9e23"}
{"type":"log","timestamp":1728801518807,"level":"debug","message":"Executing recipe chrome-pdf","meta":{"rootId":"kzto06kk28xx79v","id":"kzto06kk28xx79v"},"id":"8ei27okcoaog36y","previousOperationId":"bfaxgy3z7abo92v"}
{"type":"log","timestamp":1728801518809,"level":"debug","message":"Converting with chrome Chrome/127.0.6533.99 using chrome-pool strategy","meta":{"rootId":"kzto06kk28xx79v","id":"kzto06kk28xx79v"},"id":"c816nog3p4wokum","previousOperationId":"bfaxgy3z7abo92v"}
{"type":"log","timestamp":1728801518849,"level":"debug","message":"Page request: GET (document) file:///C:/Users/shsmo/AppData/Local/Temp/jsreport/autocleanup/3e8f21ee-ac10-472c-9419-18372861071f-chrome-pdf.html","meta":{"rootId":"kzto06kk28xx79v","id":"kzto06kk28xx79v"},"id":"fgul1ptezbw0ao3","previousOperationId":"bfaxgy3z7abo92v"}
{"type":"log","timestamp":1728801518861,"level":"debug","message":"Page request finished: GET (document) 200 file:///C:/Users/shsmo/AppData/Local/Temp/jsreport/autocleanup/3e8f21ee-ac10-472c-9419-18372861071f-chrome-pdf.html","meta":{"rootId":"kzto06kk28xx79v","id":"kzto06kk28xx79v"},"id":"cidyj1cc2ouyuct","previousOperationId":"bfaxgy3z7abo92v"}
{"type":"log","timestamp":1728801518864,"level":"debug","message":"Page request: GET (script) https://cdn.tailwindcss.com/","meta":{"rootId":"kzto06kk28xx79v","id":"kzto06kk28xx79v"},"id":"rhmrt6eqzzxlsom","previousOperationId":"bfaxgy3z7abo92v"}
{"type":"log","timestamp":1728801518869,"level":"warn","message":"Page request failed: GET (script) 302 https://cdn.tailwindcss.com/ (redirect to: /3.4.5)","meta":{"rootId":"kzto06kk28xx79v","id":"kzto06kk28xx79v"},"id":"0byfgajifizquto","previousOperationId":"bfaxgy3z7abo92v"}
{"type":"log","timestamp":1728801518869,"level":"debug","message":"Page request: GET (script) https://cdn.tailwindcss.com/3.4.5 (redirect from: https://cdn.tailwindcss.com/)","meta":{"rootId":"kzto06kk28xx79v","id":"kzto06kk28xx79v"},"id":"1n3lijxdcbqu64c","previousOperationId":"bfaxgy3z7abo92v"}
{"type":"log","timestamp":1728801518882,"level":"debug","message":"Page request finished: GET (script) 200 https://cdn.tailwindcss.com/3.4.5","meta":{"rootId":"kzto06kk28xx79v","id":"kzto06kk28xx79v"},"id":"z9ie32n2674cfpg","previousOperationId":"bfaxgy3z7abo92v"}
{"type":"log","timestamp":1728801518919,"level":"debug","message":"(console:warn) cdn.tailwindcss.com should not be used in production. To use Tailwind CSS in production, install it as a PostCSS plugin or use the Tailwind CLI: https://tailwindcss.com/docs/installation","meta":{"userLevel":true,"rootId":"kzto06kk28xx79v","id":"kzto06kk28xx79v"},"id":"4aq9odxd4ete5b4","previousOperationId":"bfaxgy3z7abo92v"}
{"type":"log","timestamp":1728801518995,"level":"debug","message":"Running chrome with params {\"marginRight\":\"1.5cm\",\"marginLeft\":\"1cm\",\"timeout\":599958,\"margin\":{\"right\":\"1.5cm\",\"left\":\"1cm\"},\"printBackground\":true}","meta":{"rootId":"kzto06kk28xx79v","id":"kzto06kk28xx79v"},"id":"ypp2u5n03pbonfi","previousOperationId":"bfaxgy3z7abo92v"}
{"type":"operationEnd","operationId":"bfaxgy3z7abo92v","timestamp":1728801519037,"id":"cczkmjicmfzfoso","previousEventId":"yp330zoms1nvd9k","previousOperationId":"bfaxgy3z7abo92v"}
{"type":"log","timestamp":1728801519037,"level":"debug","message":"Skipping storing report.","meta":{"rootId":"kzto06kk28xx79v","id":"kzto06kk28xx79v"},"id":"9idswxtboy9pa8p","previousOperationId":"bfaxgy3z7abo92v"}
{"type":"log","timestamp":1728801519037,"level":"info","message":"Rendering request 120 finished in 271 ms","meta":{"rootId":"kzto06kk28xx79v","id":"kzto06kk28xx79v"},"id":"28iz31xhjwakk23","previousOperationId":"bfaxgy3z7abo92v"}
{"type":"operationEnd","subtype":"render","operationId":"44jm2fj5j8nm1dg","timestamp":1728801519037,"id":"fq2zjb2azrpg0zy","previousEventId":"cczkmjicmfzfoso","previousOperationId":"bfaxgy3z7abo92v"}
{"type":"operationEnd","doDiffs":false,"previousEventId":"ubgcerwgxlamz3n","previousOperationId":"1wqg7va6lurttln","operationId":"1wqg7va6lurttln","timestamp":1728801519039,"id":"fe7mdsjgn8166a7"}
