{"type":"operationStart","subtype":"profile","data":{"_id":"oL6E1QcH8h8HUWA3","timestamp":"2024-10-11T18:19:05.790Z","state":"queued","mode":"standard","creationDate":"2024-10-11T18:19:05.792Z","modificationDate":"2024-10-11T18:19:05.792Z","shortid":"wSbUfti","inheritedReadPermissions":[],"inheritedEditPermissions":[],"$entitySet":"profiles"},"doDiffs":false,"timestamp":1728670745791,"id":"koeoi1ljte99y0r","previousOperationId":null,"operationId":"aoukv94mlqjj4xm"}
{"type":"log","level":"info","message":"Render request 163 queued for execution and waiting for available worker","previousOperationId":"aoukv94mlqjj4xm","timestamp":1728670745791,"id":"8o6plo2bpasmx4f"}
{"type":"operationStart","subtype":"render","name":"page_number","previousOperationId":"aoukv94mlqjj4xm","timestamp":1728670745802,"id":"i1j2smtms2ee85c","previousEventId":"koeoi1ljte99y0r","operationId":"z99dcba8l2zqpyl"}
{"type":"log","timestamp":1728670745802,"level":"info","message":"Starting rendering request 163 (user: admin)","meta":{"rootId":"lnptjp67tluvhy7","id":"lnptjp67tluvhy7"},"id":"hpgcg0rest5sp1g","previousOperationId":"z99dcba8l2zqpyl"}
{"type":"log","timestamp":1728670745802,"level":"info","message":"Rendering template { name: page_number, recipe: chrome-pdf, engine: handlebars, preview: true }","meta":{"rootId":"lnptjp67tluvhy7","id":"lnptjp67tluvhy7"},"id":"67i6w3axkxqndpl","previousOperationId":"z99dcba8l2zqpyl"}
{"type":"log","timestamp":1728670745803,"level":"debug","message":"Data item not defined for this template.","meta":{"rootId":"lnptjp67tluvhy7","id":"lnptjp67tluvhy7"},"id":"x9riv5nezo7gqog","previousOperationId":"z99dcba8l2zqpyl"}
{"type":"log","timestamp":1728670745804,"level":"debug","message":"Base url not specified, skipping its injection.","meta":{"rootId":"lnptjp67tluvhy7","id":"lnptjp67tluvhy7"},"id":"4u9lz3oj8e7xegb","previousOperationId":"z99dcba8l2zqpyl"}
{"type":"log","timestamp":1728670745808,"level":"debug","message":"Replaced assets [\"KhmerOSSiemreapRegular.ttf\",\"KhmerOSMuolLightRegular.ttf\",\"times new roman.ttf\"]","meta":{"rootId":"lnptjp67tluvhy7","id":"lnptjp67tluvhy7"},"id":"zy1zsn65kgr1byk","previousOperationId":"z99dcba8l2zqpyl"}
{"type":"operationStart","subtype":"engine","name":"handlebars","timestamp":1728670745808,"id":"p5exxizpi0msao1","previousEventId":"i1j2smtms2ee85c","operationId":"89xcfw7qt9epwa6","previousOperationId":"z99dcba8l2zqpyl"}
{"type":"log","timestamp":1728670745808,"level":"debug","message":"Rendering engine handlebars","meta":{"rootId":"lnptjp67tluvhy7","id":"lnptjp67tluvhy7"},"id":"sjht3b2xfri2vgz","previousOperationId":"89xcfw7qt9epwa6"}
{"type":"operationEnd","operationId":"89xcfw7qt9epwa6","timestamp":1728670745828,"id":"djo5xe22vrubsr8","previousEventId":"p5exxizpi0msao1","previousOperationId":"89xcfw7qt9epwa6"}
{"type":"operationStart","subtype":"recipe","name":"chrome-pdf","timestamp":1728670745832,"id":"oz778v77f4gwbf0","previousEventId":"djo5xe22vrubsr8","operationId":"q6m2x26aectbfv9","previousOperationId":"89xcfw7qt9epwa6"}
{"type":"log","timestamp":1728670745832,"level":"debug","message":"Executing recipe chrome-pdf","meta":{"rootId":"lnptjp67tluvhy7","id":"lnptjp67tluvhy7"},"id":"oz8x2fjrqtg5x0t","previousOperationId":"q6m2x26aectbfv9"}
{"type":"log","timestamp":1728670745834,"level":"debug","message":"Converting with chrome Chrome/127.0.6533.99 using chrome-pool strategy","meta":{"rootId":"lnptjp67tluvhy7","id":"lnptjp67tluvhy7"},"id":"ytb4syl2vunhl02","previousOperationId":"q6m2x26aectbfv9"}
{"type":"log","timestamp":1728670745903,"level":"debug","message":"Page request: GET (document) file:///C:/Users/shsmo/AppData/Local/Temp/jsreport/autocleanup/de9284a2-bd38-4b7d-a657-f2a8cebfab24-chrome-pdf.html","meta":{"rootId":"lnptjp67tluvhy7","id":"lnptjp67tluvhy7"},"id":"b00lxckvpwvqois","previousOperationId":"q6m2x26aectbfv9"}
{"type":"log","timestamp":1728670745919,"level":"debug","message":"Page request finished: GET (document) 200 file:///C:/Users/shsmo/AppData/Local/Temp/jsreport/autocleanup/de9284a2-bd38-4b7d-a657-f2a8cebfab24-chrome-pdf.html","meta":{"rootId":"lnptjp67tluvhy7","id":"lnptjp67tluvhy7"},"id":"igg2tsr6fw1y0hn","previousOperationId":"q6m2x26aectbfv9"}
{"type":"log","timestamp":1728670745920,"level":"debug","message":"Page request: GET (script) https://cdn.tailwindcss.com/","meta":{"rootId":"lnptjp67tluvhy7","id":"lnptjp67tluvhy7"},"id":"rkx5yg48l0noaxx","previousOperationId":"q6m2x26aectbfv9"}
{"type":"log","timestamp":1728670745928,"level":"warn","message":"Page request failed: GET (script) 302 https://cdn.tailwindcss.com/ (redirect to: /3.4.5)","meta":{"rootId":"lnptjp67tluvhy7","id":"lnptjp67tluvhy7"},"id":"bml2vghj6s8geh7","previousOperationId":"q6m2x26aectbfv9"}
{"type":"log","timestamp":1728670745928,"level":"debug","message":"Page request: GET (script) https://cdn.tailwindcss.com/3.4.5 (redirect from: https://cdn.tailwindcss.com/)","meta":{"rootId":"lnptjp67tluvhy7","id":"lnptjp67tluvhy7"},"id":"1wzu34e0dmuuslv","previousOperationId":"q6m2x26aectbfv9"}
{"type":"log","timestamp":1728670745949,"level":"debug","message":"Page request finished: GET (script) 200 https://cdn.tailwindcss.com/3.4.5","meta":{"rootId":"lnptjp67tluvhy7","id":"lnptjp67tluvhy7"},"id":"7ayvd1jbsy44phl","previousOperationId":"q6m2x26aectbfv9"}
{"type":"log","timestamp":1728670745990,"level":"debug","message":"(console:warn) cdn.tailwindcss.com should not be used in production. To use Tailwind CSS in production, install it as a PostCSS plugin or use the Tailwind CLI: https://tailwindcss.com/docs/installation","meta":{"userLevel":true,"rootId":"lnptjp67tluvhy7","id":"lnptjp67tluvhy7"},"id":"n0dez1xlyznthrt","previousOperationId":"q6m2x26aectbfv9"}
{"type":"log","timestamp":1728670746065,"level":"debug","message":"Running chrome with params {\"marginRight\":\"2cm\",\"marginLeft\":\"2cm\",\"timeout\":599957,\"margin\":{\"right\":\"2cm\",\"left\":\"2cm\"},\"printBackground\":true}","meta":{"rootId":"lnptjp67tluvhy7","id":"lnptjp67tluvhy7"},"id":"9nv3fm5kna4srtv","previousOperationId":"q6m2x26aectbfv9"}
{"type":"operationEnd","operationId":"q6m2x26aectbfv9","timestamp":1728670746108,"id":"3ywr0nnkya30d4j","previousEventId":"oz778v77f4gwbf0","previousOperationId":"q6m2x26aectbfv9"}
{"type":"log","timestamp":1728670746108,"level":"debug","message":"Skipping storing report.","meta":{"rootId":"lnptjp67tluvhy7","id":"lnptjp67tluvhy7"},"id":"cemj2b1v1roslqd","previousOperationId":"q6m2x26aectbfv9"}
{"type":"log","timestamp":1728670746108,"level":"info","message":"Rendering request 163 finished in 318 ms","meta":{"rootId":"lnptjp67tluvhy7","id":"lnptjp67tluvhy7"},"id":"dvdnqif9q60wiij","previousOperationId":"q6m2x26aectbfv9"}
{"type":"operationEnd","subtype":"render","operationId":"z99dcba8l2zqpyl","timestamp":1728670746108,"id":"dm1w42jfccd8rdm","previousEventId":"3ywr0nnkya30d4j","previousOperationId":"q6m2x26aectbfv9"}
{"type":"operationEnd","doDiffs":false,"previousEventId":"koeoi1ljte99y0r","previousOperationId":"aoukv94mlqjj4xm","operationId":"aoukv94mlqjj4xm","timestamp":1728670746109,"id":"kpuy2j17btb7q1p"}
