{"type":"operationStart","subtype":"profile","data":{"_id":"Ibh7TRZP2aPys1nd","timestamp":"2024-10-13T06:33:55.925Z","state":"queued","mode":"standard","creationDate":"2024-10-13T06:33:55.927Z","modificationDate":"2024-10-13T06:33:55.927Z","shortid":"2EjaFMx","inheritedReadPermissions":[],"inheritedEditPermissions":[],"$entitySet":"profiles"},"doDiffs":false,"timestamp":1728801235926,"id":"b6krhmhrygyncqe","previousOperationId":null,"operationId":"fid27ph2hn91348"}
{"type":"log","level":"info","message":"Render request 111 queued for execution and waiting for available worker","previousOperationId":"fid27ph2hn91348","timestamp":1728801235926,"id":"utp258a7kht17hw"}
{"type":"operationStart","subtype":"render","name":"page_number","previousOperationId":"fid27ph2hn91348","timestamp":1728801235939,"id":"wex3ppvu9szqgge","previousEventId":"b6krhmhrygyncqe","operationId":"v2xn1i6mvtvvwdz"}
{"type":"log","timestamp":1728801235939,"level":"info","message":"Starting rendering request 111 (user: admin)","meta":{"rootId":"nfrpzq5xoedwwg8","id":"nfrpzq5xoedwwg8"},"id":"bbvkvy059g7xxxd","previousOperationId":"v2xn1i6mvtvvwdz"}
{"type":"log","timestamp":1728801235939,"level":"info","message":"Rendering template { name: page_number, recipe: chrome-pdf, engine: handlebars, preview: true }","meta":{"rootId":"nfrpzq5xoedwwg8","id":"nfrpzq5xoedwwg8"},"id":"sejaikz4hqr6jae","previousOperationId":"v2xn1i6mvtvvwdz"}
{"type":"log","timestamp":1728801235940,"level":"debug","message":"Data item not defined for this template.","meta":{"rootId":"nfrpzq5xoedwwg8","id":"nfrpzq5xoedwwg8"},"id":"y0yz7tlthnn5eu4","previousOperationId":"v2xn1i6mvtvvwdz"}
{"type":"log","timestamp":1728801235941,"level":"debug","message":"Base url not specified, skipping its injection.","meta":{"rootId":"nfrpzq5xoedwwg8","id":"nfrpzq5xoedwwg8"},"id":"femmyx169ikewhe","previousOperationId":"v2xn1i6mvtvvwdz"}
{"type":"log","timestamp":1728801235945,"level":"debug","message":"Replaced assets [\"KhmerOSSiemreapRegular.ttf\",\"KhmerOSMuolLightRegular.ttf\",\"times new roman.ttf\"]","meta":{"rootId":"nfrpzq5xoedwwg8","id":"nfrpzq5xoedwwg8"},"id":"jxczjcst9ol6jnj","previousOperationId":"v2xn1i6mvtvvwdz"}
{"type":"operationStart","subtype":"engine","name":"handlebars","timestamp":1728801235945,"id":"yjxr421xdr2uu9a","previousEventId":"wex3ppvu9szqgge","operationId":"r6637c5q0a8zuiz","previousOperationId":"v2xn1i6mvtvvwdz"}
{"type":"log","timestamp":1728801235945,"level":"debug","message":"Rendering engine handlebars","meta":{"rootId":"nfrpzq5xoedwwg8","id":"nfrpzq5xoedwwg8"},"id":"pgj58jronxk38qb","previousOperationId":"r6637c5q0a8zuiz"}
{"type":"operationEnd","operationId":"r6637c5q0a8zuiz","timestamp":1728801235965,"id":"8nmzmi72ugdcn9w","previousEventId":"yjxr421xdr2uu9a","previousOperationId":"r6637c5q0a8zuiz"}
{"type":"operationStart","subtype":"recipe","name":"chrome-pdf","timestamp":1728801235969,"id":"drmsl8elsjw66qf","previousEventId":"8nmzmi72ugdcn9w","operationId":"lvj9bmmljrv9tbk","previousOperationId":"r6637c5q0a8zuiz"}
{"type":"log","timestamp":1728801235969,"level":"debug","message":"Executing recipe chrome-pdf","meta":{"rootId":"nfrpzq5xoedwwg8","id":"nfrpzq5xoedwwg8"},"id":"774vf93fj51g0mn","previousOperationId":"lvj9bmmljrv9tbk"}
{"type":"log","timestamp":1728801235974,"level":"debug","message":"Converting with chrome Chrome/127.0.6533.99 using chrome-pool strategy","meta":{"rootId":"nfrpzq5xoedwwg8","id":"nfrpzq5xoedwwg8"},"id":"k4yrjgxedvo1m5x","previousOperationId":"lvj9bmmljrv9tbk"}
{"type":"log","timestamp":1728801236014,"level":"debug","message":"Page request: GET (document) file:///C:/Users/shsmo/AppData/Local/Temp/jsreport/autocleanup/633f2e76-75ca-44c5-aa36-8a58f0e4913d-chrome-pdf.html","meta":{"rootId":"nfrpzq5xoedwwg8","id":"nfrpzq5xoedwwg8"},"id":"qmwab45e9wo2g88","previousOperationId":"lvj9bmmljrv9tbk"}
{"type":"log","timestamp":1728801236027,"level":"debug","message":"Page request: GET (script) https://cdn.tailwindcss.com/","meta":{"rootId":"nfrpzq5xoedwwg8","id":"nfrpzq5xoedwwg8"},"id":"h8b5dj7sxwaqhwg","previousOperationId":"lvj9bmmljrv9tbk"}
{"type":"log","timestamp":1728801236028,"level":"debug","message":"Page request finished: GET (document) 200 file:///C:/Users/shsmo/AppData/Local/Temp/jsreport/autocleanup/633f2e76-75ca-44c5-aa36-8a58f0e4913d-chrome-pdf.html","meta":{"rootId":"nfrpzq5xoedwwg8","id":"nfrpzq5xoedwwg8"},"id":"zbxaapjk9lnpeyi","previousOperationId":"lvj9bmmljrv9tbk"}
{"type":"log","timestamp":1728801236033,"level":"warn","message":"Page request failed: GET (script) 302 https://cdn.tailwindcss.com/ (redirect to: /3.4.5)","meta":{"rootId":"nfrpzq5xoedwwg8","id":"nfrpzq5xoedwwg8"},"id":"dryazi22buokrn4","previousOperationId":"lvj9bmmljrv9tbk"}
{"type":"log","timestamp":1728801236033,"level":"debug","message":"Page request: GET (script) https://cdn.tailwindcss.com/3.4.5 (redirect from: https://cdn.tailwindcss.com/)","meta":{"rootId":"nfrpzq5xoedwwg8","id":"nfrpzq5xoedwwg8"},"id":"hmeq7f5s1e3he4c","previousOperationId":"lvj9bmmljrv9tbk"}
{"type":"log","timestamp":1728801236047,"level":"debug","message":"Page request finished: GET (script) 200 https://cdn.tailwindcss.com/3.4.5","meta":{"rootId":"nfrpzq5xoedwwg8","id":"nfrpzq5xoedwwg8"},"id":"m6ukvqggjssqqx3","previousOperationId":"lvj9bmmljrv9tbk"}
{"type":"log","timestamp":1728801236080,"level":"debug","message":"(console:warn) cdn.tailwindcss.com should not be used in production. To use Tailwind CSS in production, install it as a PostCSS plugin or use the Tailwind CLI: https://tailwindcss.com/docs/installation","meta":{"userLevel":true,"rootId":"nfrpzq5xoedwwg8","id":"nfrpzq5xoedwwg8"},"id":"7rrh08b78zr8cob","previousOperationId":"lvj9bmmljrv9tbk"}
{"type":"log","timestamp":1728801236134,"level":"debug","message":"Running chrome with params {\"marginRight\":\"1.5cm\",\"marginLeft\":\"1cm\",\"timeout\":599952,\"margin\":{\"right\":\"1.5cm\",\"left\":\"1cm\"},\"printBackground\":true}","meta":{"rootId":"nfrpzq5xoedwwg8","id":"nfrpzq5xoedwwg8"},"id":"xr0r197m2zl0krg","previousOperationId":"lvj9bmmljrv9tbk"}
{"type":"operationEnd","operationId":"lvj9bmmljrv9tbk","timestamp":1728801236173,"id":"o5l6u9o80fee8ma","previousEventId":"drmsl8elsjw66qf","previousOperationId":"lvj9bmmljrv9tbk"}
{"type":"log","timestamp":1728801236173,"level":"debug","message":"Skipping storing report.","meta":{"rootId":"nfrpzq5xoedwwg8","id":"nfrpzq5xoedwwg8"},"id":"g36ie48ibdd9jk4","previousOperationId":"lvj9bmmljrv9tbk"}
{"type":"log","timestamp":1728801236173,"level":"info","message":"Rendering request 111 finished in 248 ms","meta":{"rootId":"nfrpzq5xoedwwg8","id":"nfrpzq5xoedwwg8"},"id":"o55g8p1hhffiine","previousOperationId":"lvj9bmmljrv9tbk"}
{"type":"operationEnd","subtype":"render","operationId":"v2xn1i6mvtvvwdz","timestamp":1728801236173,"id":"tpex0dqocwr3vom","previousEventId":"o5l6u9o80fee8ma","previousOperationId":"lvj9bmmljrv9tbk"}
{"type":"operationEnd","doDiffs":false,"previousEventId":"b6krhmhrygyncqe","previousOperationId":"fid27ph2hn91348","operationId":"fid27ph2hn91348","timestamp":1728801236175,"id":"jf6vvi6lxlps9f3"}
