{"type":"operationStart","subtype":"profile","data":{"_id":"0nykTl4qmDT4kOgW","timestamp":"2024-10-13T06:42:27.488Z","state":"queued","mode":"standard","creationDate":"2024-10-13T06:42:27.490Z","modificationDate":"2024-10-13T06:42:27.490Z","shortid":"9PisfpK","inheritedReadPermissions":[],"inheritedEditPermissions":[],"$entitySet":"profiles"},"doDiffs":false,"timestamp":1728801747489,"id":"0sux0wo0fs87ueg","previousOperationId":null,"operationId":"tni6zs8x11ezpyr"}
{"type":"log","level":"info","message":"Render request 130 queued for execution and waiting for available worker","previousOperationId":"tni6zs8x11ezpyr","timestamp":1728801747489,"id":"vztx8qwgoiw637k"}
{"type":"operationStart","subtype":"render","name":"page_number","previousOperationId":"tni6zs8x11ezpyr","timestamp":1728801747501,"id":"9mfs156z50fcl35","previousEventId":"0sux0wo0fs87ueg","operationId":"s3rahxrcfw9j0u6"}
{"type":"log","timestamp":1728801747501,"level":"info","message":"Starting rendering request 130 (user: admin)","meta":{"rootId":"o5fir4phzpr42qy","id":"o5fir4phzpr42qy"},"id":"s0q8ks1k7x13yt9","previousOperationId":"s3rahxrcfw9j0u6"}
{"type":"log","timestamp":1728801747501,"level":"info","message":"Rendering template { name: page_number, recipe: chrome-pdf, engine: handlebars, preview: true }","meta":{"rootId":"o5fir4phzpr42qy","id":"o5fir4phzpr42qy"},"id":"8ac1esqtyfbuf6u","previousOperationId":"s3rahxrcfw9j0u6"}
{"type":"log","timestamp":1728801747501,"level":"debug","message":"Data item not defined for this template.","meta":{"rootId":"o5fir4phzpr42qy","id":"o5fir4phzpr42qy"},"id":"6qkx8k6kzxrs2zh","previousOperationId":"s3rahxrcfw9j0u6"}
{"type":"log","timestamp":1728801747502,"level":"debug","message":"Base url not specified, skipping its injection.","meta":{"rootId":"o5fir4phzpr42qy","id":"o5fir4phzpr42qy"},"id":"j5c7u763foasizb","previousOperationId":"s3rahxrcfw9j0u6"}
{"type":"log","timestamp":1728801747504,"level":"debug","message":"Replaced assets [\"KhmerOSSiemreapRegular.ttf\",\"KhmerOSMuolLightRegular.ttf\",\"times new roman.ttf\"]","meta":{"rootId":"o5fir4phzpr42qy","id":"o5fir4phzpr42qy"},"id":"fevjuq451e70jc6","previousOperationId":"s3rahxrcfw9j0u6"}
{"type":"operationStart","subtype":"engine","name":"handlebars","timestamp":1728801747504,"id":"ph26ano6t8whsxo","previousEventId":"9mfs156z50fcl35","operationId":"texri39hn6nl3a7","previousOperationId":"s3rahxrcfw9j0u6"}
{"type":"log","timestamp":1728801747504,"level":"debug","message":"Rendering engine handlebars","meta":{"rootId":"o5fir4phzpr42qy","id":"o5fir4phzpr42qy"},"id":"yh546lrk27tdyb2","previousOperationId":"texri39hn6nl3a7"}
{"type":"operationEnd","operationId":"texri39hn6nl3a7","timestamp":1728801747519,"id":"7gdcyteidlebdcj","previousEventId":"ph26ano6t8whsxo","previousOperationId":"texri39hn6nl3a7"}
{"type":"operationStart","subtype":"recipe","name":"chrome-pdf","timestamp":1728801747522,"id":"9ndbeo80pd4vlba","previousEventId":"7gdcyteidlebdcj","operationId":"v3v8u8z89me8wi4","previousOperationId":"texri39hn6nl3a7"}
{"type":"log","timestamp":1728801747522,"level":"debug","message":"Executing recipe chrome-pdf","meta":{"rootId":"o5fir4phzpr42qy","id":"o5fir4phzpr42qy"},"id":"0c4ftz2v0tm56xv","previousOperationId":"v3v8u8z89me8wi4"}
{"type":"log","timestamp":1728801747526,"level":"debug","message":"Converting with chrome Chrome/127.0.6533.99 using chrome-pool strategy","meta":{"rootId":"o5fir4phzpr42qy","id":"o5fir4phzpr42qy"},"id":"n451fflxdvjn71a","previousOperationId":"v3v8u8z89me8wi4"}
{"type":"log","timestamp":1728801747563,"level":"debug","message":"Page request: GET (document) file:///C:/Users/shsmo/AppData/Local/Temp/jsreport/autocleanup/00605929-cbf5-4d5b-9365-9271606d32d5-chrome-pdf.html","meta":{"rootId":"o5fir4phzpr42qy","id":"o5fir4phzpr42qy"},"id":"9exvwjtdnry1rqg","previousOperationId":"v3v8u8z89me8wi4"}
{"type":"log","timestamp":1728801747573,"level":"debug","message":"Page request: GET (script) https://cdn.tailwindcss.com/","meta":{"rootId":"o5fir4phzpr42qy","id":"o5fir4phzpr42qy"},"id":"13350wj66voq07g","previousOperationId":"v3v8u8z89me8wi4"}
{"type":"log","timestamp":1728801747573,"level":"debug","message":"Page request finished: GET (document) 200 file:///C:/Users/shsmo/AppData/Local/Temp/jsreport/autocleanup/00605929-cbf5-4d5b-9365-9271606d32d5-chrome-pdf.html","meta":{"rootId":"o5fir4phzpr42qy","id":"o5fir4phzpr42qy"},"id":"ctd35u4t5qnw6on","previousOperationId":"v3v8u8z89me8wi4"}
{"type":"log","timestamp":1728801747582,"level":"warn","message":"Page request failed: GET (script) 302 https://cdn.tailwindcss.com/ (redirect to: /3.4.5)","meta":{"rootId":"o5fir4phzpr42qy","id":"o5fir4phzpr42qy"},"id":"54nkfki2yixxgup","previousOperationId":"v3v8u8z89me8wi4"}
{"type":"log","timestamp":1728801747582,"level":"debug","message":"Page request: GET (script) https://cdn.tailwindcss.com/3.4.5 (redirect from: https://cdn.tailwindcss.com/)","meta":{"rootId":"o5fir4phzpr42qy","id":"o5fir4phzpr42qy"},"id":"07l9vbevrm6kyih","previousOperationId":"v3v8u8z89me8wi4"}
{"type":"log","timestamp":1728801747595,"level":"debug","message":"Page request finished: GET (script) 200 https://cdn.tailwindcss.com/3.4.5","meta":{"rootId":"o5fir4phzpr42qy","id":"o5fir4phzpr42qy"},"id":"c3lhz4ddf0cx18n","previousOperationId":"v3v8u8z89me8wi4"}
{"type":"log","timestamp":1728801747634,"level":"debug","message":"(console:warn) cdn.tailwindcss.com should not be used in production. To use Tailwind CSS in production, install it as a PostCSS plugin or use the Tailwind CLI: https://tailwindcss.com/docs/installation","meta":{"userLevel":true,"rootId":"o5fir4phzpr42qy","id":"o5fir4phzpr42qy"},"id":"146rrnjnykvd9sf","previousOperationId":"v3v8u8z89me8wi4"}
{"type":"log","timestamp":1728801747690,"level":"debug","message":"Running chrome with params {\"marginRight\":\"1.5cm\",\"marginLeft\":\"1cm\",\"timeout\":599963,\"margin\":{\"right\":\"1.5cm\",\"left\":\"1cm\"},\"printBackground\":true}","meta":{"rootId":"o5fir4phzpr42qy","id":"o5fir4phzpr42qy"},"id":"ijpusl2typ1c056","previousOperationId":"v3v8u8z89me8wi4"}
{"type":"operationEnd","operationId":"v3v8u8z89me8wi4","timestamp":1728801747731,"id":"nizn35p0a5lg82p","previousEventId":"9ndbeo80pd4vlba","previousOperationId":"v3v8u8z89me8wi4"}
{"type":"log","timestamp":1728801747731,"level":"debug","message":"Skipping storing report.","meta":{"rootId":"o5fir4phzpr42qy","id":"o5fir4phzpr42qy"},"id":"179zkq7fhvd2v8r","previousOperationId":"v3v8u8z89me8wi4"}
{"type":"log","timestamp":1728801747731,"level":"info","message":"Rendering request 130 finished in 243 ms","meta":{"rootId":"o5fir4phzpr42qy","id":"o5fir4phzpr42qy"},"id":"3oxirjhxd3chmvh","previousOperationId":"v3v8u8z89me8wi4"}
{"type":"operationEnd","subtype":"render","operationId":"s3rahxrcfw9j0u6","timestamp":1728801747731,"id":"loulffn991xv840","previousEventId":"nizn35p0a5lg82p","previousOperationId":"v3v8u8z89me8wi4"}
{"type":"operationEnd","doDiffs":false,"previousEventId":"0sux0wo0fs87ueg","previousOperationId":"tni6zs8x11ezpyr","operationId":"tni6zs8x11ezpyr","timestamp":1728801747733,"id":"mxrmjssj6u6qlkc"}
