{"type":"operationStart","subtype":"profile","data":{"_id":"AvBWav0bZteMw9rD","timestamp":"2024-10-13T06:39:24.398Z","state":"queued","mode":"standard","creationDate":"2024-10-13T06:39:24.400Z","modificationDate":"2024-10-13T06:39:24.400Z","shortid":"QqLwL2-","inheritedReadPermissions":[],"inheritedEditPermissions":[],"$entitySet":"profiles"},"doDiffs":false,"timestamp":1728801564399,"id":"i52ncr82yl6xulo","previousOperationId":null,"operationId":"ggligae6ta8l2r1"}
{"type":"log","level":"info","message":"Render request 124 queued for execution and waiting for available worker","previousOperationId":"ggligae6ta8l2r1","timestamp":1728801564399,"id":"luijgbnk28prk74"}
{"type":"operationStart","subtype":"render","name":"page_number","previousOperationId":"ggligae6ta8l2r1","timestamp":1728801564412,"id":"gcdy90sm0g6cvh0","previousEventId":"i52ncr82yl6xulo","operationId":"qwbnodn33s7crvd"}
{"type":"log","timestamp":1728801564413,"level":"info","message":"Starting rendering request 124 (user: admin)","meta":{"rootId":"pj82w2bd72xyg1s","id":"pj82w2bd72xyg1s"},"id":"5y2rmg0la691ey4","previousOperationId":"qwbnodn33s7crvd"}
{"type":"log","timestamp":1728801564413,"level":"info","message":"Rendering template { name: page_number, recipe: chrome-pdf, engine: handlebars, preview: true }","meta":{"rootId":"pj82w2bd72xyg1s","id":"pj82w2bd72xyg1s"},"id":"esm04b1xezpc6yu","previousOperationId":"qwbnodn33s7crvd"}
{"type":"log","timestamp":1728801564413,"level":"debug","message":"Data item not defined for this template.","meta":{"rootId":"pj82w2bd72xyg1s","id":"pj82w2bd72xyg1s"},"id":"pmlq1ed6jiljh4k","previousOperationId":"qwbnodn33s7crvd"}
{"type":"log","timestamp":1728801564414,"level":"debug","message":"Base url not specified, skipping its injection.","meta":{"rootId":"pj82w2bd72xyg1s","id":"pj82w2bd72xyg1s"},"id":"iizw2apas0pkhlp","previousOperationId":"qwbnodn33s7crvd"}
{"type":"log","timestamp":1728801564417,"level":"debug","message":"Replaced assets [\"KhmerOSSiemreapRegular.ttf\",\"KhmerOSMuolLightRegular.ttf\",\"times new roman.ttf\"]","meta":{"rootId":"pj82w2bd72xyg1s","id":"pj82w2bd72xyg1s"},"id":"j2tz929ususj6py","previousOperationId":"qwbnodn33s7crvd"}
{"type":"operationStart","subtype":"engine","name":"handlebars","timestamp":1728801564417,"id":"yqifnq9gdislk47","previousEventId":"gcdy90sm0g6cvh0","operationId":"qca1tvjf50h7rve","previousOperationId":"qwbnodn33s7crvd"}
{"type":"log","timestamp":1728801564417,"level":"debug","message":"Rendering engine handlebars","meta":{"rootId":"pj82w2bd72xyg1s","id":"pj82w2bd72xyg1s"},"id":"2qgpvs9mjdymmx3","previousOperationId":"qca1tvjf50h7rve"}
{"type":"operationEnd","operationId":"qca1tvjf50h7rve","timestamp":1728801564433,"id":"24umrpwkok05y14","previousEventId":"yqifnq9gdislk47","previousOperationId":"qca1tvjf50h7rve"}
{"type":"operationStart","subtype":"recipe","name":"chrome-pdf","timestamp":1728801564436,"id":"mvwsmrz2r0mkw9b","previousEventId":"24umrpwkok05y14","operationId":"zshjxd9vjd8n0cw","previousOperationId":"qca1tvjf50h7rve"}
{"type":"log","timestamp":1728801564436,"level":"debug","message":"Executing recipe chrome-pdf","meta":{"rootId":"pj82w2bd72xyg1s","id":"pj82w2bd72xyg1s"},"id":"kk13afgtgq3kaxi","previousOperationId":"zshjxd9vjd8n0cw"}
{"type":"log","timestamp":1728801564439,"level":"debug","message":"Converting with chrome Chrome/127.0.6533.99 using chrome-pool strategy","meta":{"rootId":"pj82w2bd72xyg1s","id":"pj82w2bd72xyg1s"},"id":"oa4w0z5v25d5twg","previousOperationId":"zshjxd9vjd8n0cw"}
{"type":"log","timestamp":1728801564475,"level":"debug","message":"Page request: GET (document) file:///C:/Users/shsmo/AppData/Local/Temp/jsreport/autocleanup/07a40067-1533-4512-a88b-80501523cffd-chrome-pdf.html","meta":{"rootId":"pj82w2bd72xyg1s","id":"pj82w2bd72xyg1s"},"id":"qa3pnoji5qu4xb1","previousOperationId":"zshjxd9vjd8n0cw"}
{"type":"log","timestamp":1728801564490,"level":"debug","message":"Page request: GET (script) https://cdn.tailwindcss.com/","meta":{"rootId":"pj82w2bd72xyg1s","id":"pj82w2bd72xyg1s"},"id":"m6o12mh5vns53rh","previousOperationId":"zshjxd9vjd8n0cw"}
{"type":"log","timestamp":1728801564491,"level":"debug","message":"Page request finished: GET (document) 200 file:///C:/Users/shsmo/AppData/Local/Temp/jsreport/autocleanup/07a40067-1533-4512-a88b-80501523cffd-chrome-pdf.html","meta":{"rootId":"pj82w2bd72xyg1s","id":"pj82w2bd72xyg1s"},"id":"uvkpcgw5127l6bs","previousOperationId":"zshjxd9vjd8n0cw"}
{"type":"log","timestamp":1728801564497,"level":"warn","message":"Page request failed: GET (script) 302 https://cdn.tailwindcss.com/ (redirect to: /3.4.5)","meta":{"rootId":"pj82w2bd72xyg1s","id":"pj82w2bd72xyg1s"},"id":"makrb9c8hwix4nc","previousOperationId":"zshjxd9vjd8n0cw"}
{"type":"log","timestamp":1728801564497,"level":"debug","message":"Page request: GET (script) https://cdn.tailwindcss.com/3.4.5 (redirect from: https://cdn.tailwindcss.com/)","meta":{"rootId":"pj82w2bd72xyg1s","id":"pj82w2bd72xyg1s"},"id":"jmowzu7h4ygri8u","previousOperationId":"zshjxd9vjd8n0cw"}
{"type":"log","timestamp":1728801564511,"level":"debug","message":"Page request finished: GET (script) 200 https://cdn.tailwindcss.com/3.4.5","meta":{"rootId":"pj82w2bd72xyg1s","id":"pj82w2bd72xyg1s"},"id":"7o1l62zatf0zdpq","previousOperationId":"zshjxd9vjd8n0cw"}
{"type":"log","timestamp":1728801564548,"level":"debug","message":"(console:warn) cdn.tailwindcss.com should not be used in production. To use Tailwind CSS in production, install it as a PostCSS plugin or use the Tailwind CLI: https://tailwindcss.com/docs/installation","meta":{"userLevel":true,"rootId":"pj82w2bd72xyg1s","id":"pj82w2bd72xyg1s"},"id":"lrvi5gt6jp3gnve","previousOperationId":"zshjxd9vjd8n0cw"}
{"type":"log","timestamp":1728801564603,"level":"debug","message":"Running chrome with params {\"marginRight\":\"1.5cm\",\"marginLeft\":\"1cm\",\"timeout\":599960,\"margin\":{\"right\":\"1.5cm\",\"left\":\"1cm\"},\"printBackground\":true}","meta":{"rootId":"pj82w2bd72xyg1s","id":"pj82w2bd72xyg1s"},"id":"ryieok2y23zvc8n","previousOperationId":"zshjxd9vjd8n0cw"}
{"type":"operationEnd","operationId":"zshjxd9vjd8n0cw","timestamp":1728801564644,"id":"o5u9t5lbyrn3jfi","previousEventId":"mvwsmrz2r0mkw9b","previousOperationId":"zshjxd9vjd8n0cw"}
{"type":"log","timestamp":1728801564644,"level":"debug","message":"Skipping storing report.","meta":{"rootId":"pj82w2bd72xyg1s","id":"pj82w2bd72xyg1s"},"id":"6zswqi0cmrgsxk3","previousOperationId":"zshjxd9vjd8n0cw"}
{"type":"log","timestamp":1728801564644,"level":"info","message":"Rendering request 124 finished in 246 ms","meta":{"rootId":"pj82w2bd72xyg1s","id":"pj82w2bd72xyg1s"},"id":"vzaj8np6bu63idw","previousOperationId":"zshjxd9vjd8n0cw"}
{"type":"operationEnd","subtype":"render","operationId":"qwbnodn33s7crvd","timestamp":1728801564644,"id":"37s9eeo0relfwf6","previousEventId":"o5u9t5lbyrn3jfi","previousOperationId":"zshjxd9vjd8n0cw"}
{"type":"operationEnd","doDiffs":false,"previousEventId":"i52ncr82yl6xulo","previousOperationId":"ggligae6ta8l2r1","operationId":"ggligae6ta8l2r1","timestamp":1728801564646,"id":"3hioonm3lcwlbax"}
