{"type":"operationStart","subtype":"profile","data":{"_id":"KjmaP7UyuS8CJAwf","timestamp":"2024-10-11T18:20:46.840Z","state":"queued","mode":"standard","creationDate":"2024-10-11T18:20:46.841Z","modificationDate":"2024-10-11T18:20:46.841Z","shortid":"yGXAGMw","inheritedReadPermissions":[],"inheritedEditPermissions":[],"$entitySet":"profiles"},"doDiffs":false,"timestamp":1728670846841,"id":"rtgzfst2naiy2rz","previousOperationId":null,"operationId":"8itulu0sehe5k00"}
{"type":"log","level":"info","message":"Render request 171 queued for execution and waiting for available worker","previousOperationId":"8itulu0sehe5k00","timestamp":1728670846841,"id":"y2vu8walvyz9owc"}
{"type":"operationStart","subtype":"render","name":"page_number","previousOperationId":"8itulu0sehe5k00","timestamp":1728670846855,"id":"hjnuklo45qk5rm1","previousEventId":"rtgzfst2naiy2rz","operationId":"g7gg6ul4r0eb1p7"}
{"type":"log","timestamp":1728670846855,"level":"info","message":"Starting rendering request 171 (user: admin)","meta":{"rootId":"pk1g10u3q71mzak","id":"pk1g10u3q71mzak"},"id":"hwdecnvqnezw99k","previousOperationId":"g7gg6ul4r0eb1p7"}
{"type":"log","timestamp":1728670846855,"level":"info","message":"Rendering template { name: page_number, recipe: chrome-pdf, engine: handlebars, preview: true }","meta":{"rootId":"pk1g10u3q71mzak","id":"pk1g10u3q71mzak"},"id":"kecjwvhsbsvltr6","previousOperationId":"g7gg6ul4r0eb1p7"}
{"type":"log","timestamp":1728670846856,"level":"debug","message":"Data item not defined for this template.","meta":{"rootId":"pk1g10u3q71mzak","id":"pk1g10u3q71mzak"},"id":"au3omht82pkc9b9","previousOperationId":"g7gg6ul4r0eb1p7"}
{"type":"log","timestamp":1728670846858,"level":"debug","message":"Base url not specified, skipping its injection.","meta":{"rootId":"pk1g10u3q71mzak","id":"pk1g10u3q71mzak"},"id":"qbos8oek1v320vh","previousOperationId":"g7gg6ul4r0eb1p7"}
{"type":"log","timestamp":1728670846862,"level":"debug","message":"Replaced assets [\"KhmerOSSiemreapRegular.ttf\",\"KhmerOSMuolLightRegular.ttf\",\"times new roman.ttf\"]","meta":{"rootId":"pk1g10u3q71mzak","id":"pk1g10u3q71mzak"},"id":"qlqc215b6eg9mbe","previousOperationId":"g7gg6ul4r0eb1p7"}
{"type":"operationStart","subtype":"engine","name":"handlebars","timestamp":1728670846862,"id":"cf544krodaramfa","previousEventId":"hjnuklo45qk5rm1","operationId":"pdpiurfrf3nyeg6","previousOperationId":"g7gg6ul4r0eb1p7"}
{"type":"log","timestamp":1728670846862,"level":"debug","message":"Rendering engine handlebars","meta":{"rootId":"pk1g10u3q71mzak","id":"pk1g10u3q71mzak"},"id":"ruvl96s8n9igvt3","previousOperationId":"pdpiurfrf3nyeg6"}
{"type":"operationEnd","operationId":"pdpiurfrf3nyeg6","timestamp":1728670846884,"id":"p2ffce8do059nx1","previousEventId":"cf544krodaramfa","previousOperationId":"pdpiurfrf3nyeg6"}
{"type":"operationStart","subtype":"recipe","name":"chrome-pdf","timestamp":1728670846887,"id":"ulc5unp5mctatxz","previousEventId":"p2ffce8do059nx1","operationId":"s02ahhy4mirg0fn","previousOperationId":"pdpiurfrf3nyeg6"}
{"type":"log","timestamp":1728670846887,"level":"debug","message":"Executing recipe chrome-pdf","meta":{"rootId":"pk1g10u3q71mzak","id":"pk1g10u3q71mzak"},"id":"31b70je1anxgkwj","previousOperationId":"s02ahhy4mirg0fn"}
{"type":"log","timestamp":1728670846891,"level":"debug","message":"Converting with chrome Chrome/127.0.6533.99 using chrome-pool strategy","meta":{"rootId":"pk1g10u3q71mzak","id":"pk1g10u3q71mzak"},"id":"tnbwich937sbe09","previousOperationId":"s02ahhy4mirg0fn"}
{"type":"log","timestamp":1728670846943,"level":"debug","message":"Page request: GET (document) file:///C:/Users/shsmo/AppData/Local/Temp/jsreport/autocleanup/555f2adc-6055-47f0-9dca-7cd583c403a2-chrome-pdf.html","meta":{"rootId":"pk1g10u3q71mzak","id":"pk1g10u3q71mzak"},"id":"g85qp380k2el1ly","previousOperationId":"s02ahhy4mirg0fn"}
{"type":"log","timestamp":1728670846962,"level":"debug","message":"Page request finished: GET (document) 200 file:///C:/Users/shsmo/AppData/Local/Temp/jsreport/autocleanup/555f2adc-6055-47f0-9dca-7cd583c403a2-chrome-pdf.html","meta":{"rootId":"pk1g10u3q71mzak","id":"pk1g10u3q71mzak"},"id":"kjue4glekv48m5k","previousOperationId":"s02ahhy4mirg0fn"}
{"type":"log","timestamp":1728670846963,"level":"debug","message":"Page request: GET (script) https://cdn.tailwindcss.com/","meta":{"rootId":"pk1g10u3q71mzak","id":"pk1g10u3q71mzak"},"id":"qingsx98icj9i29","previousOperationId":"s02ahhy4mirg0fn"}
{"type":"log","timestamp":1728670846968,"level":"warn","message":"Page request failed: GET (script) 302 https://cdn.tailwindcss.com/ (redirect to: /3.4.5)","meta":{"rootId":"pk1g10u3q71mzak","id":"pk1g10u3q71mzak"},"id":"zg898y9bnczn5o1","previousOperationId":"s02ahhy4mirg0fn"}
{"type":"log","timestamp":1728670846968,"level":"debug","message":"Page request: GET (script) https://cdn.tailwindcss.com/3.4.5 (redirect from: https://cdn.tailwindcss.com/)","meta":{"rootId":"pk1g10u3q71mzak","id":"pk1g10u3q71mzak"},"id":"zmh3exupygjyrep","previousOperationId":"s02ahhy4mirg0fn"}
{"type":"log","timestamp":1728670846990,"level":"debug","message":"Page request finished: GET (script) 200 https://cdn.tailwindcss.com/3.4.5","meta":{"rootId":"pk1g10u3q71mzak","id":"pk1g10u3q71mzak"},"id":"qi1m0syn81e1yxl","previousOperationId":"s02ahhy4mirg0fn"}
{"type":"log","timestamp":1728670847040,"level":"debug","message":"(console:warn) cdn.tailwindcss.com should not be used in production. To use Tailwind CSS in production, install it as a PostCSS plugin or use the Tailwind CLI: https://tailwindcss.com/docs/installation","meta":{"userLevel":true,"rootId":"pk1g10u3q71mzak","id":"pk1g10u3q71mzak"},"id":"cm9e4odntbcmh3v","previousOperationId":"s02ahhy4mirg0fn"}
{"type":"log","timestamp":1728670847108,"level":"debug","message":"Running chrome with params {\"marginRight\":\"2cm\",\"marginLeft\":\"2cm\",\"timeout\":599950,\"margin\":{\"right\":\"2cm\",\"left\":\"2cm\"},\"printBackground\":true}","meta":{"rootId":"pk1g10u3q71mzak","id":"pk1g10u3q71mzak"},"id":"iywvorzpu6rg657","previousOperationId":"s02ahhy4mirg0fn"}
{"type":"operationEnd","operationId":"s02ahhy4mirg0fn","timestamp":1728670847148,"id":"bzt0lgh6teus8da","previousEventId":"ulc5unp5mctatxz","previousOperationId":"s02ahhy4mirg0fn"}
{"type":"log","timestamp":1728670847148,"level":"debug","message":"Skipping storing report.","meta":{"rootId":"pk1g10u3q71mzak","id":"pk1g10u3q71mzak"},"id":"7jnoyahd5ffkko0","previousOperationId":"s02ahhy4mirg0fn"}
{"type":"log","timestamp":1728670847148,"level":"info","message":"Rendering request 171 finished in 308 ms","meta":{"rootId":"pk1g10u3q71mzak","id":"pk1g10u3q71mzak"},"id":"mggm0adqp27vlq9","previousOperationId":"s02ahhy4mirg0fn"}
{"type":"operationEnd","subtype":"render","operationId":"g7gg6ul4r0eb1p7","timestamp":1728670847148,"id":"j9eny4lzpqznh7j","previousEventId":"bzt0lgh6teus8da","previousOperationId":"s02ahhy4mirg0fn"}
{"type":"operationEnd","doDiffs":false,"previousEventId":"rtgzfst2naiy2rz","previousOperationId":"8itulu0sehe5k00","operationId":"8itulu0sehe5k00","timestamp":1728670847150,"id":"9e6go4iq3ocdc61"}
