{"type":"operationStart","subtype":"profile","data":{"_id":"kK6775XDsJycOaqn","timestamp":"2024-10-14T14:37:03.983Z","state":"queued","mode":"standard","creationDate":"2024-10-14T14:37:03.985Z","modificationDate":"2024-10-14T14:37:03.985Z","shortid":"_Hw7Ya_","inheritedReadPermissions":[],"inheritedEditPermissions":[],"$entitySet":"profiles"},"doDiffs":false,"timestamp":1728916623984,"id":"ho4h08pdsetdcru","previousOperationId":null,"operationId":"kbtf3vk5djs3l0y"}
{"type":"log","level":"info","message":"Render request 17 queued for execution and waiting for available worker","previousOperationId":"kbtf3vk5djs3l0y","timestamp":1728916623985,"id":"css7qee0nuugm81"}
{"type":"operationStart","subtype":"render","name":"page_number","previousOperationId":"kbtf3vk5djs3l0y","timestamp":1728916623998,"id":"rapcwxl5dza2pm2","previousEventId":"ho4h08pdsetdcru","operationId":"lo4dirqz58fiu1w"}
{"type":"log","timestamp":1728916623998,"level":"info","message":"Starting rendering request 17 (user: admin)","meta":{"rootId":"qn61rbt8e7lnmrp","id":"qn61rbt8e7lnmrp"},"id":"9sd2tfb8jm64wwp","previousOperationId":"lo4dirqz58fiu1w"}
{"type":"log","timestamp":1728916623999,"level":"info","message":"Rendering template { name: page_number, recipe: chrome-pdf, engine: handlebars, preview: true }","meta":{"rootId":"qn61rbt8e7lnmrp","id":"qn61rbt8e7lnmrp"},"id":"pv1te6lec4kms18","previousOperationId":"lo4dirqz58fiu1w"}
{"type":"log","timestamp":1728916623999,"level":"debug","message":"Data item not defined for this template.","meta":{"rootId":"qn61rbt8e7lnmrp","id":"qn61rbt8e7lnmrp"},"id":"gv8ncwlf64a2u56","previousOperationId":"lo4dirqz58fiu1w"}
{"type":"log","timestamp":1728916624000,"level":"debug","message":"Base url not specified, skipping its injection.","meta":{"rootId":"qn61rbt8e7lnmrp","id":"qn61rbt8e7lnmrp"},"id":"0f8nmidgrjk0tah","previousOperationId":"lo4dirqz58fiu1w"}
{"type":"log","timestamp":1728916624004,"level":"debug","message":"Replaced assets [\"KhmerOSSiemreapRegular.ttf\",\"KhmerOSMuolLightRegular.ttf\",\"times new roman.ttf\"]","meta":{"rootId":"qn61rbt8e7lnmrp","id":"qn61rbt8e7lnmrp"},"id":"tyg19hmsb3cq6qg","previousOperationId":"lo4dirqz58fiu1w"}
{"type":"operationStart","subtype":"engine","name":"handlebars","timestamp":1728916624004,"id":"5azc0lug9u64hdz","previousEventId":"rapcwxl5dza2pm2","operationId":"e8f17hugns2nry9","previousOperationId":"lo4dirqz58fiu1w"}
{"type":"log","timestamp":1728916624004,"level":"debug","message":"Rendering engine handlebars","meta":{"rootId":"qn61rbt8e7lnmrp","id":"qn61rbt8e7lnmrp"},"id":"qrced7oxpkjlcmc","previousOperationId":"e8f17hugns2nry9"}
{"type":"operationEnd","operationId":"e8f17hugns2nry9","timestamp":1728916624014,"id":"5afki07htswr2l9","previousEventId":"5azc0lug9u64hdz","previousOperationId":"e8f17hugns2nry9"}
{"type":"operationStart","subtype":"recipe","name":"chrome-pdf","timestamp":1728916624017,"id":"wcwy4r1139ufi0z","previousEventId":"5afki07htswr2l9","operationId":"otlr8gr31zpzo4x","previousOperationId":"e8f17hugns2nry9"}
{"type":"log","timestamp":1728916624017,"level":"debug","message":"Executing recipe chrome-pdf","meta":{"rootId":"qn61rbt8e7lnmrp","id":"qn61rbt8e7lnmrp"},"id":"txvxccka6i6xdro","previousOperationId":"otlr8gr31zpzo4x"}
{"type":"log","timestamp":1728916624019,"level":"debug","message":"Converting with chrome Chrome/127.0.6533.99 using chrome-pool strategy","meta":{"rootId":"qn61rbt8e7lnmrp","id":"qn61rbt8e7lnmrp"},"id":"e08omn5ndx6fwd9","previousOperationId":"otlr8gr31zpzo4x"}
{"type":"log","timestamp":1728916624069,"level":"debug","message":"Page request: GET (document) file:///C:/Users/shsmo/AppData/Local/Temp/jsreport/autocleanup/3faaca7d-1f05-4699-a166-d92e172aedc6-chrome-pdf.html","meta":{"rootId":"qn61rbt8e7lnmrp","id":"qn61rbt8e7lnmrp"},"id":"ivfbscd109fnkzq","previousOperationId":"otlr8gr31zpzo4x"}
{"type":"log","timestamp":1728916624086,"level":"debug","message":"Page request finished: GET (document) 200 file:///C:/Users/shsmo/AppData/Local/Temp/jsreport/autocleanup/3faaca7d-1f05-4699-a166-d92e172aedc6-chrome-pdf.html","meta":{"rootId":"qn61rbt8e7lnmrp","id":"qn61rbt8e7lnmrp"},"id":"8ddl1j93vxrey5r","previousOperationId":"otlr8gr31zpzo4x"}
{"type":"log","timestamp":1728916624086,"level":"debug","message":"Page request: GET (script) https://cdn.tailwindcss.com/","meta":{"rootId":"qn61rbt8e7lnmrp","id":"qn61rbt8e7lnmrp"},"id":"kg591xzj2i0x8n1","previousOperationId":"otlr8gr31zpzo4x"}
{"type":"log","timestamp":1728916624095,"level":"warn","message":"Page request failed: GET (script) 302 https://cdn.tailwindcss.com/ (redirect to: /3.4.5)","meta":{"rootId":"qn61rbt8e7lnmrp","id":"qn61rbt8e7lnmrp"},"id":"lkp2leushvmzyu9","previousOperationId":"otlr8gr31zpzo4x"}
{"type":"log","timestamp":1728916624095,"level":"debug","message":"Page request: GET (script) https://cdn.tailwindcss.com/3.4.5 (redirect from: https://cdn.tailwindcss.com/)","meta":{"rootId":"qn61rbt8e7lnmrp","id":"qn61rbt8e7lnmrp"},"id":"gfvqn29fxxwxydk","previousOperationId":"otlr8gr31zpzo4x"}
{"type":"log","timestamp":1728916624114,"level":"debug","message":"Page request finished: GET (script) 200 https://cdn.tailwindcss.com/3.4.5","meta":{"rootId":"qn61rbt8e7lnmrp","id":"qn61rbt8e7lnmrp"},"id":"l85bk2hp34tm2p9","previousOperationId":"otlr8gr31zpzo4x"}
{"type":"log","timestamp":1728916624155,"level":"debug","message":"(console:warn) cdn.tailwindcss.com should not be used in production. To use Tailwind CSS in production, install it as a PostCSS plugin or use the Tailwind CLI: https://tailwindcss.com/docs/installation","meta":{"userLevel":true,"rootId":"qn61rbt8e7lnmrp","id":"qn61rbt8e7lnmrp"},"id":"57629pjh5h3di19","previousOperationId":"otlr8gr31zpzo4x"}
{"type":"log","timestamp":1728916624217,"level":"debug","message":"Running chrome with params {\"marginRight\":\"1.5cm\",\"marginLeft\":\"1cm\",\"timeout\":599965,\"margin\":{\"right\":\"1.5cm\",\"left\":\"1cm\"},\"printBackground\":true}","meta":{"rootId":"qn61rbt8e7lnmrp","id":"qn61rbt8e7lnmrp"},"id":"f7tvd0ty9263sgl","previousOperationId":"otlr8gr31zpzo4x"}
{"type":"operationEnd","operationId":"otlr8gr31zpzo4x","timestamp":1728916624261,"id":"sg1sboytx549f4g","previousEventId":"wcwy4r1139ufi0z","previousOperationId":"otlr8gr31zpzo4x"}
{"type":"log","timestamp":1728916624262,"level":"debug","message":"Skipping storing report.","meta":{"rootId":"qn61rbt8e7lnmrp","id":"qn61rbt8e7lnmrp"},"id":"q6a2ulmikuxv827","previousOperationId":"otlr8gr31zpzo4x"}
{"type":"log","timestamp":1728916624262,"level":"info","message":"Rendering request 17 finished in 279 ms","meta":{"rootId":"qn61rbt8e7lnmrp","id":"qn61rbt8e7lnmrp"},"id":"dgrmdr9y256fvrv","previousOperationId":"otlr8gr31zpzo4x"}
{"type":"operationEnd","subtype":"render","operationId":"lo4dirqz58fiu1w","timestamp":1728916624262,"id":"jonpk9vs2ixpwo3","previousEventId":"sg1sboytx549f4g","previousOperationId":"otlr8gr31zpzo4x"}
{"type":"operationEnd","doDiffs":false,"previousEventId":"ho4h08pdsetdcru","previousOperationId":"kbtf3vk5djs3l0y","operationId":"kbtf3vk5djs3l0y","timestamp":1728916624266,"id":"yjzwbaxuqia22bg"}
