{"type":"operationStart","subtype":"profile","data":{"_id":"yDiSvNSOPgLFAUjY","timestamp":"2024-10-13T06:32:17.193Z","state":"queued","mode":"standard","creationDate":"2024-10-13T06:32:17.195Z","modificationDate":"2024-10-13T06:32:17.195Z","shortid":"LWYNEuA","inheritedReadPermissions":[],"inheritedEditPermissions":[],"$entitySet":"profiles"},"doDiffs":false,"timestamp":1728801137194,"id":"tg59ta05rhiny3i","previousOperationId":null,"operationId":"lmnf9knkxq3klu2"}
{"type":"log","level":"info","message":"Render request 107 queued for execution and waiting for available worker","previousOperationId":"lmnf9knkxq3klu2","timestamp":1728801137194,"id":"kptoju3ez21izua"}
{"type":"operationStart","subtype":"render","name":"page_number","previousOperationId":"lmnf9knkxq3klu2","timestamp":1728801137209,"id":"pa844jqxrvrp4kp","previousEventId":"tg59ta05rhiny3i","operationId":"gfoquqvws0t1vlq"}
{"type":"log","timestamp":1728801137209,"level":"info","message":"Starting rendering request 107 (user: admin)","meta":{"rootId":"r9i5qiobpbqno3m","id":"r9i5qiobpbqno3m"},"id":"kjjsaw7udg7pdom","previousOperationId":"gfoquqvws0t1vlq"}
{"type":"log","timestamp":1728801137209,"level":"info","message":"Rendering template { name: page_number, recipe: chrome-pdf, engine: handlebars, preview: true }","meta":{"rootId":"r9i5qiobpbqno3m","id":"r9i5qiobpbqno3m"},"id":"sfrff9vw9ovn9ae","previousOperationId":"gfoquqvws0t1vlq"}
{"type":"log","timestamp":1728801137209,"level":"debug","message":"Data item not defined for this template.","meta":{"rootId":"r9i5qiobpbqno3m","id":"r9i5qiobpbqno3m"},"id":"syjlswu48rds1b1","previousOperationId":"gfoquqvws0t1vlq"}
{"type":"log","timestamp":1728801137210,"level":"debug","message":"Base url not specified, skipping its injection.","meta":{"rootId":"r9i5qiobpbqno3m","id":"r9i5qiobpbqno3m"},"id":"gobixqflql6jkzi","previousOperationId":"gfoquqvws0t1vlq"}
{"type":"log","timestamp":1728801137215,"level":"debug","message":"Replaced assets [\"KhmerOSSiemreapRegular.ttf\",\"KhmerOSMuolLightRegular.ttf\",\"times new roman.ttf\"]","meta":{"rootId":"r9i5qiobpbqno3m","id":"r9i5qiobpbqno3m"},"id":"uxk4er3gxhk9k5j","previousOperationId":"gfoquqvws0t1vlq"}
{"type":"operationStart","subtype":"engine","name":"handlebars","timestamp":1728801137215,"id":"knd5wh77lxuyqce","previousEventId":"pa844jqxrvrp4kp","operationId":"xzm6hy4ckbfadbb","previousOperationId":"gfoquqvws0t1vlq"}
{"type":"log","timestamp":1728801137215,"level":"debug","message":"Rendering engine handlebars","meta":{"rootId":"r9i5qiobpbqno3m","id":"r9i5qiobpbqno3m"},"id":"00xe06t82x125rn","previousOperationId":"xzm6hy4ckbfadbb"}
{"type":"operationEnd","operationId":"xzm6hy4ckbfadbb","timestamp":1728801137230,"id":"crixc52vwwimg80","previousEventId":"knd5wh77lxuyqce","previousOperationId":"xzm6hy4ckbfadbb"}
{"type":"operationStart","subtype":"recipe","name":"chrome-pdf","timestamp":1728801137233,"id":"c3vbvdrcrfkodwl","previousEventId":"crixc52vwwimg80","operationId":"q1qnzyki4t2c22l","previousOperationId":"xzm6hy4ckbfadbb"}
{"type":"log","timestamp":1728801137233,"level":"debug","message":"Executing recipe chrome-pdf","meta":{"rootId":"r9i5qiobpbqno3m","id":"r9i5qiobpbqno3m"},"id":"lx07jabiaht6hct","previousOperationId":"q1qnzyki4t2c22l"}
{"type":"log","timestamp":1728801137236,"level":"debug","message":"Converting with chrome Chrome/127.0.6533.99 using chrome-pool strategy","meta":{"rootId":"r9i5qiobpbqno3m","id":"r9i5qiobpbqno3m"},"id":"fufzk70vy53bx5m","previousOperationId":"q1qnzyki4t2c22l"}
{"type":"log","timestamp":1728801137276,"level":"debug","message":"Page request: GET (document) file:///C:/Users/shsmo/AppData/Local/Temp/jsreport/autocleanup/766023fd-8396-4d43-835d-2f827f9100e8-chrome-pdf.html","meta":{"rootId":"r9i5qiobpbqno3m","id":"r9i5qiobpbqno3m"},"id":"41b4scl7g4ye6ti","previousOperationId":"q1qnzyki4t2c22l"}
{"type":"log","timestamp":1728801137287,"level":"debug","message":"Page request finished: GET (document) 200 file:///C:/Users/shsmo/AppData/Local/Temp/jsreport/autocleanup/766023fd-8396-4d43-835d-2f827f9100e8-chrome-pdf.html","meta":{"rootId":"r9i5qiobpbqno3m","id":"r9i5qiobpbqno3m"},"id":"cirtkg2qxoxuhk6","previousOperationId":"q1qnzyki4t2c22l"}
{"type":"log","timestamp":1728801137287,"level":"debug","message":"Page request: GET (script) https://cdn.tailwindcss.com/","meta":{"rootId":"r9i5qiobpbqno3m","id":"r9i5qiobpbqno3m"},"id":"vnp92dg8vw52oi3","previousOperationId":"q1qnzyki4t2c22l"}
{"type":"log","timestamp":1728801137294,"level":"warn","message":"Page request failed: GET (script) 302 https://cdn.tailwindcss.com/ (redirect to: /3.4.5)","meta":{"rootId":"r9i5qiobpbqno3m","id":"r9i5qiobpbqno3m"},"id":"gohdui44o4zg1gd","previousOperationId":"q1qnzyki4t2c22l"}
{"type":"log","timestamp":1728801137294,"level":"debug","message":"Page request: GET (script) https://cdn.tailwindcss.com/3.4.5 (redirect from: https://cdn.tailwindcss.com/)","meta":{"rootId":"r9i5qiobpbqno3m","id":"r9i5qiobpbqno3m"},"id":"d28r97r1i614s7x","previousOperationId":"q1qnzyki4t2c22l"}
{"type":"log","timestamp":1728801137307,"level":"debug","message":"Page request finished: GET (script) 200 https://cdn.tailwindcss.com/3.4.5","meta":{"rootId":"r9i5qiobpbqno3m","id":"r9i5qiobpbqno3m"},"id":"wkmlw2o0ks4abld","previousOperationId":"q1qnzyki4t2c22l"}
{"type":"log","timestamp":1728801137339,"level":"debug","message":"(console:warn) cdn.tailwindcss.com should not be used in production. To use Tailwind CSS in production, install it as a PostCSS plugin or use the Tailwind CLI: https://tailwindcss.com/docs/installation","meta":{"userLevel":true,"rootId":"r9i5qiobpbqno3m","id":"r9i5qiobpbqno3m"},"id":"0je6klvu4r803jv","previousOperationId":"q1qnzyki4t2c22l"}
{"type":"log","timestamp":1728801137394,"level":"debug","message":"Running chrome with params {\"marginRight\":\"1.5cm\",\"marginLeft\":\"1cm\",\"timeout\":599958,\"margin\":{\"right\":\"1.5cm\",\"left\":\"1cm\"},\"printBackground\":true}","meta":{"rootId":"r9i5qiobpbqno3m","id":"r9i5qiobpbqno3m"},"id":"8rkq9mdlsj9pyn1","previousOperationId":"q1qnzyki4t2c22l"}
{"type":"operationEnd","operationId":"q1qnzyki4t2c22l","timestamp":1728801137431,"id":"wge2pfvi4x8vbz4","previousEventId":"c3vbvdrcrfkodwl","previousOperationId":"q1qnzyki4t2c22l"}
{"type":"log","timestamp":1728801137431,"level":"debug","message":"Skipping storing report.","meta":{"rootId":"r9i5qiobpbqno3m","id":"r9i5qiobpbqno3m"},"id":"zf88bic18jp6uj5","previousOperationId":"q1qnzyki4t2c22l"}
{"type":"log","timestamp":1728801137431,"level":"info","message":"Rendering request 107 finished in 238 ms","meta":{"rootId":"r9i5qiobpbqno3m","id":"r9i5qiobpbqno3m"},"id":"on3mazx80po8e0j","previousOperationId":"q1qnzyki4t2c22l"}
{"type":"operationEnd","subtype":"render","operationId":"gfoquqvws0t1vlq","timestamp":1728801137431,"id":"ym81j1idhr64jsp","previousEventId":"wge2pfvi4x8vbz4","previousOperationId":"q1qnzyki4t2c22l"}
{"type":"operationEnd","doDiffs":false,"previousEventId":"tg59ta05rhiny3i","previousOperationId":"lmnf9knkxq3klu2","operationId":"lmnf9knkxq3klu2","timestamp":1728801137433,"id":"3k2tqrshy1p9hos"}
