{"type":"operationStart","subtype":"profile","data":{"_id":"LBNeaXWeuUR03Dwj","timestamp":"2024-10-13T06:26:19.386Z","state":"queued","mode":"standard","creationDate":"2024-10-13T06:26:19.388Z","modificationDate":"2024-10-13T06:26:19.388Z","shortid":"TjCBjGA","inheritedReadPermissions":[],"inheritedEditPermissions":[],"$entitySet":"profiles"},"doDiffs":false,"timestamp":1728800779387,"id":"43fep4zublc667r","previousOperationId":null,"operationId":"0onvzqowoyz8fxp"}
{"type":"log","level":"info","message":"Render request 92 queued for execution and waiting for available worker","previousOperationId":"0onvzqowoyz8fxp","timestamp":1728800779387,"id":"rx0ckedhbh0oelp"}
{"type":"operationStart","subtype":"render","name":"page_number","previousOperationId":"0onvzqowoyz8fxp","timestamp":1728800779401,"id":"jmk3sqew23ypskb","previousEventId":"43fep4zublc667r","operationId":"ktj5dwi78ea9q3u"}
{"type":"log","timestamp":1728800779401,"level":"info","message":"Starting rendering request 92 (user: admin)","meta":{"rootId":"r9mx0asd09llneu","id":"r9mx0asd09llneu"},"id":"04pvhxv8axfphgs","previousOperationId":"ktj5dwi78ea9q3u"}
{"type":"log","timestamp":1728800779401,"level":"info","message":"Rendering template { name: page_number, recipe: chrome-pdf, engine: handlebars, preview: true }","meta":{"rootId":"r9mx0asd09llneu","id":"r9mx0asd09llneu"},"id":"h00tfbidf256gi9","previousOperationId":"ktj5dwi78ea9q3u"}
{"type":"log","timestamp":1728800779402,"level":"debug","message":"Data item not defined for this template.","meta":{"rootId":"r9mx0asd09llneu","id":"r9mx0asd09llneu"},"id":"ho08epi9cir3slg","previousOperationId":"ktj5dwi78ea9q3u"}
{"type":"log","timestamp":1728800779403,"level":"debug","message":"Base url not specified, skipping its injection.","meta":{"rootId":"r9mx0asd09llneu","id":"r9mx0asd09llneu"},"id":"ol6u8we5f83n4ss","previousOperationId":"ktj5dwi78ea9q3u"}
{"type":"log","timestamp":1728800779406,"level":"debug","message":"Replaced assets [\"KhmerOSSiemreapRegular.ttf\",\"KhmerOSMuolLightRegular.ttf\",\"times new roman.ttf\"]","meta":{"rootId":"r9mx0asd09llneu","id":"r9mx0asd09llneu"},"id":"xe7jr05wrjajvmw","previousOperationId":"ktj5dwi78ea9q3u"}
{"type":"operationStart","subtype":"engine","name":"handlebars","timestamp":1728800779407,"id":"jfuceckaiof8gl6","previousEventId":"jmk3sqew23ypskb","operationId":"ei8odmi8zrtd9my","previousOperationId":"ktj5dwi78ea9q3u"}
{"type":"log","timestamp":1728800779407,"level":"debug","message":"Rendering engine handlebars","meta":{"rootId":"r9mx0asd09llneu","id":"r9mx0asd09llneu"},"id":"pt07dfk5eawgmob","previousOperationId":"ei8odmi8zrtd9my"}
{"type":"operationEnd","operationId":"ei8odmi8zrtd9my","timestamp":1728800779424,"id":"di3coxel9kcs262","previousEventId":"jfuceckaiof8gl6","previousOperationId":"ei8odmi8zrtd9my"}
{"type":"operationStart","subtype":"recipe","name":"chrome-pdf","timestamp":1728800779427,"id":"7lwtpflesbudq46","previousEventId":"di3coxel9kcs262","operationId":"ll2qt1z6wf1uvp7","previousOperationId":"ei8odmi8zrtd9my"}
{"type":"log","timestamp":1728800779427,"level":"debug","message":"Executing recipe chrome-pdf","meta":{"rootId":"r9mx0asd09llneu","id":"r9mx0asd09llneu"},"id":"b09w6pj9swwbjnx","previousOperationId":"ll2qt1z6wf1uvp7"}
{"type":"log","timestamp":1728800779430,"level":"debug","message":"Converting with chrome Chrome/127.0.6533.99 using chrome-pool strategy","meta":{"rootId":"r9mx0asd09llneu","id":"r9mx0asd09llneu"},"id":"yusjqbjci5wonz8","previousOperationId":"ll2qt1z6wf1uvp7"}
{"type":"log","timestamp":1728800779468,"level":"debug","message":"Page request: GET (document) file:///C:/Users/shsmo/AppData/Local/Temp/jsreport/autocleanup/29f9985a-cea7-42a3-9f2e-71cfbacebc83-chrome-pdf.html","meta":{"rootId":"r9mx0asd09llneu","id":"r9mx0asd09llneu"},"id":"fa9rifw6nxpm4fk","previousOperationId":"ll2qt1z6wf1uvp7"}
{"type":"log","timestamp":1728800779480,"level":"debug","message":"Page request finished: GET (document) 200 file:///C:/Users/shsmo/AppData/Local/Temp/jsreport/autocleanup/29f9985a-cea7-42a3-9f2e-71cfbacebc83-chrome-pdf.html","meta":{"rootId":"r9mx0asd09llneu","id":"r9mx0asd09llneu"},"id":"1wvnsd542uopgu1","previousOperationId":"ll2qt1z6wf1uvp7"}
{"type":"log","timestamp":1728800779481,"level":"debug","message":"Page request: GET (script) https://cdn.tailwindcss.com/","meta":{"rootId":"r9mx0asd09llneu","id":"r9mx0asd09llneu"},"id":"atvvqu4npbjgelp","previousOperationId":"ll2qt1z6wf1uvp7"}
{"type":"log","timestamp":1728800779487,"level":"warn","message":"Page request failed: GET (script) 302 https://cdn.tailwindcss.com/ (redirect to: /3.4.5)","meta":{"rootId":"r9mx0asd09llneu","id":"r9mx0asd09llneu"},"id":"d27i9o925e2oztx","previousOperationId":"ll2qt1z6wf1uvp7"}
{"type":"log","timestamp":1728800779488,"level":"debug","message":"Page request: GET (script) https://cdn.tailwindcss.com/3.4.5 (redirect from: https://cdn.tailwindcss.com/)","meta":{"rootId":"r9mx0asd09llneu","id":"r9mx0asd09llneu"},"id":"x9l9oh3axs79vbw","previousOperationId":"ll2qt1z6wf1uvp7"}
{"type":"log","timestamp":1728800779503,"level":"debug","message":"Page request finished: GET (script) 200 https://cdn.tailwindcss.com/3.4.5","meta":{"rootId":"r9mx0asd09llneu","id":"r9mx0asd09llneu"},"id":"vigj2w321dg76ak","previousOperationId":"ll2qt1z6wf1uvp7"}
{"type":"log","timestamp":1728800779535,"level":"debug","message":"(console:warn) cdn.tailwindcss.com should not be used in production. To use Tailwind CSS in production, install it as a PostCSS plugin or use the Tailwind CLI: https://tailwindcss.com/docs/installation","meta":{"userLevel":true,"rootId":"r9mx0asd09llneu","id":"r9mx0asd09llneu"},"id":"zdv3r45w8om3hm1","previousOperationId":"ll2qt1z6wf1uvp7"}
{"type":"log","timestamp":1728800779587,"level":"debug","message":"Running chrome with params {\"marginRight\":\"1.5cm\",\"marginLeft\":\"1cm\",\"timeout\":599957,\"margin\":{\"right\":\"1.5cm\",\"left\":\"1cm\"},\"printBackground\":true}","meta":{"rootId":"r9mx0asd09llneu","id":"r9mx0asd09llneu"},"id":"npowpjzmg6t98no","previousOperationId":"ll2qt1z6wf1uvp7"}
{"type":"operationEnd","operationId":"ll2qt1z6wf1uvp7","timestamp":1728800779628,"id":"5csktlvs06chuld","previousEventId":"7lwtpflesbudq46","previousOperationId":"ll2qt1z6wf1uvp7"}
{"type":"log","timestamp":1728800779628,"level":"debug","message":"Skipping storing report.","meta":{"rootId":"r9mx0asd09llneu","id":"r9mx0asd09llneu"},"id":"1uxcwags6dbvk7o","previousOperationId":"ll2qt1z6wf1uvp7"}
{"type":"log","timestamp":1728800779628,"level":"info","message":"Rendering request 92 finished in 242 ms","meta":{"rootId":"r9mx0asd09llneu","id":"r9mx0asd09llneu"},"id":"uydugcmcnxz46cv","previousOperationId":"ll2qt1z6wf1uvp7"}
{"type":"operationEnd","subtype":"render","operationId":"ktj5dwi78ea9q3u","timestamp":1728800779628,"id":"639l9jz0ttk2o45","previousEventId":"5csktlvs06chuld","previousOperationId":"ll2qt1z6wf1uvp7"}
{"type":"operationEnd","doDiffs":false,"previousEventId":"43fep4zublc667r","previousOperationId":"0onvzqowoyz8fxp","operationId":"0onvzqowoyz8fxp","timestamp":1728800779630,"id":"yoyll1ryeuox6aq"}
