{"type":"operationStart","subtype":"profile","data":{"_id":"SKqOF4FrgFIto8vm","timestamp":"2024-10-13T06:01:11.631Z","state":"queued","mode":"standard","creationDate":"2024-10-13T06:01:11.633Z","modificationDate":"2024-10-13T06:01:11.633Z","shortid":"PZgmMau","inheritedReadPermissions":[],"inheritedEditPermissions":[],"$entitySet":"profiles"},"doDiffs":false,"timestamp":1728799271632,"id":"cuv7ladu5pm9nvb","previousOperationId":null,"operationId":"ifps68b6udi4a0q"}
{"type":"log","level":"info","message":"Render request 65 queued for execution and waiting for available worker","previousOperationId":"ifps68b6udi4a0q","timestamp":1728799271632,"id":"fmoqb8i286exrbt"}
{"type":"operationStart","subtype":"render","name":"page_number","previousOperationId":"ifps68b6udi4a0q","timestamp":1728799271646,"id":"giradwqmtppq8ny","previousEventId":"cuv7ladu5pm9nvb","operationId":"e2ectpup8k6dtt9"}
{"type":"log","timestamp":1728799271646,"level":"info","message":"Starting rendering request 65 (user: admin)","meta":{"rootId":"ruo7v3hzjls0k2j","id":"ruo7v3hzjls0k2j"},"id":"ajon7ovn8loky5g","previousOperationId":"e2ectpup8k6dtt9"}
{"type":"log","timestamp":1728799271646,"level":"info","message":"Rendering template { name: page_number, recipe: chrome-pdf, engine: handlebars, preview: true }","meta":{"rootId":"ruo7v3hzjls0k2j","id":"ruo7v3hzjls0k2j"},"id":"uadhjoolvax3ene","previousOperationId":"e2ectpup8k6dtt9"}
{"type":"log","timestamp":1728799271646,"level":"debug","message":"Data item not defined for this template.","meta":{"rootId":"ruo7v3hzjls0k2j","id":"ruo7v3hzjls0k2j"},"id":"zzpw3gd2s9mdb24","previousOperationId":"e2ectpup8k6dtt9"}
{"type":"log","timestamp":1728799271648,"level":"debug","message":"Base url not specified, skipping its injection.","meta":{"rootId":"ruo7v3hzjls0k2j","id":"ruo7v3hzjls0k2j"},"id":"ikwtpegunkngbj1","previousOperationId":"e2ectpup8k6dtt9"}
{"type":"log","timestamp":1728799271651,"level":"debug","message":"Replaced assets [\"KhmerOSSiemreapRegular.ttf\",\"KhmerOSMuolLightRegular.ttf\",\"times new roman.ttf\"]","meta":{"rootId":"ruo7v3hzjls0k2j","id":"ruo7v3hzjls0k2j"},"id":"3xk0ru0ajaour4k","previousOperationId":"e2ectpup8k6dtt9"}
{"type":"operationStart","subtype":"engine","name":"handlebars","timestamp":1728799271651,"id":"h85u3fuqlo40vd6","previousEventId":"giradwqmtppq8ny","operationId":"txs3nltht5mqbel","previousOperationId":"e2ectpup8k6dtt9"}
{"type":"log","timestamp":1728799271651,"level":"debug","message":"Rendering engine handlebars","meta":{"rootId":"ruo7v3hzjls0k2j","id":"ruo7v3hzjls0k2j"},"id":"87e73k0khrw20eg","previousOperationId":"txs3nltht5mqbel"}
{"type":"operationEnd","operationId":"txs3nltht5mqbel","timestamp":1728799271663,"id":"qxmwsr4knooup90","previousEventId":"h85u3fuqlo40vd6","previousOperationId":"txs3nltht5mqbel"}
{"type":"operationStart","subtype":"recipe","name":"chrome-pdf","timestamp":1728799271666,"id":"ej9xczi4iue4ju0","previousEventId":"qxmwsr4knooup90","operationId":"yo054fl7t070cui","previousOperationId":"txs3nltht5mqbel"}
{"type":"log","timestamp":1728799271666,"level":"debug","message":"Executing recipe chrome-pdf","meta":{"rootId":"ruo7v3hzjls0k2j","id":"ruo7v3hzjls0k2j"},"id":"vvwggy13agbpr4z","previousOperationId":"yo054fl7t070cui"}
{"type":"log","timestamp":1728799271670,"level":"debug","message":"Converting with chrome Chrome/127.0.6533.99 using chrome-pool strategy","meta":{"rootId":"ruo7v3hzjls0k2j","id":"ruo7v3hzjls0k2j"},"id":"w33p9glk2vpt0hf","previousOperationId":"yo054fl7t070cui"}
{"type":"log","timestamp":1728799271713,"level":"debug","message":"Page request: GET (document) file:///C:/Users/shsmo/AppData/Local/Temp/jsreport/autocleanup/a0f24fb5-c2b5-403d-a744-bf6f5cf7230a-chrome-pdf.html","meta":{"rootId":"ruo7v3hzjls0k2j","id":"ruo7v3hzjls0k2j"},"id":"j4v15441t6uk2mq","previousOperationId":"yo054fl7t070cui"}
{"type":"log","timestamp":1728799271726,"level":"debug","message":"Page request finished: GET (document) 200 file:///C:/Users/shsmo/AppData/Local/Temp/jsreport/autocleanup/a0f24fb5-c2b5-403d-a744-bf6f5cf7230a-chrome-pdf.html","meta":{"rootId":"ruo7v3hzjls0k2j","id":"ruo7v3hzjls0k2j"},"id":"zvfgng95jla7j9i","previousOperationId":"yo054fl7t070cui"}
{"type":"log","timestamp":1728799271726,"level":"debug","message":"Page request: GET (script) https://cdn.tailwindcss.com/","meta":{"rootId":"ruo7v3hzjls0k2j","id":"ruo7v3hzjls0k2j"},"id":"tnc2l67psckknl3","previousOperationId":"yo054fl7t070cui"}
{"type":"log","timestamp":1728799271733,"level":"warn","message":"Page request failed: GET (script) 302 https://cdn.tailwindcss.com/ (redirect to: /3.4.5)","meta":{"rootId":"ruo7v3hzjls0k2j","id":"ruo7v3hzjls0k2j"},"id":"i8bndsbj4kpivuf","previousOperationId":"yo054fl7t070cui"}
{"type":"log","timestamp":1728799271733,"level":"debug","message":"Page request: GET (script) https://cdn.tailwindcss.com/3.4.5 (redirect from: https://cdn.tailwindcss.com/)","meta":{"rootId":"ruo7v3hzjls0k2j","id":"ruo7v3hzjls0k2j"},"id":"308ucdg9p4l458y","previousOperationId":"yo054fl7t070cui"}
{"type":"log","timestamp":1728799271746,"level":"debug","message":"Page request finished: GET (script) 200 https://cdn.tailwindcss.com/3.4.5","meta":{"rootId":"ruo7v3hzjls0k2j","id":"ruo7v3hzjls0k2j"},"id":"jgyc32nxdt3ep1s","previousOperationId":"yo054fl7t070cui"}
{"type":"log","timestamp":1728799271782,"level":"debug","message":"(console:warn) cdn.tailwindcss.com should not be used in production. To use Tailwind CSS in production, install it as a PostCSS plugin or use the Tailwind CLI: https://tailwindcss.com/docs/installation","meta":{"userLevel":true,"rootId":"ruo7v3hzjls0k2j","id":"ruo7v3hzjls0k2j"},"id":"6aun5js4q9e7ye8","previousOperationId":"yo054fl7t070cui"}
{"type":"log","timestamp":1728799271839,"level":"debug","message":"Running chrome with params {\"marginRight\":\"1.5cm\",\"marginLeft\":\"1cm\",\"timeout\":599962,\"margin\":{\"right\":\"1.5cm\",\"left\":\"1cm\"},\"printBackground\":true}","meta":{"rootId":"ruo7v3hzjls0k2j","id":"ruo7v3hzjls0k2j"},"id":"y4cpe1gpkuxy2p0","previousOperationId":"yo054fl7t070cui"}
{"type":"operationEnd","operationId":"yo054fl7t070cui","timestamp":1728799271882,"id":"kytiiwvd2thc4z8","previousEventId":"ej9xczi4iue4ju0","previousOperationId":"yo054fl7t070cui"}
{"type":"log","timestamp":1728799271882,"level":"debug","message":"Skipping storing report.","meta":{"rootId":"ruo7v3hzjls0k2j","id":"ruo7v3hzjls0k2j"},"id":"uhpsnxieapdywj4","previousOperationId":"yo054fl7t070cui"}
{"type":"log","timestamp":1728799271882,"level":"info","message":"Rendering request 65 finished in 251 ms","meta":{"rootId":"ruo7v3hzjls0k2j","id":"ruo7v3hzjls0k2j"},"id":"wjo4rdqj0w2d7g3","previousOperationId":"yo054fl7t070cui"}
{"type":"operationEnd","subtype":"render","operationId":"e2ectpup8k6dtt9","timestamp":1728799271882,"id":"rfdkl2impw6jxx1","previousEventId":"kytiiwvd2thc4z8","previousOperationId":"yo054fl7t070cui"}
{"type":"operationEnd","doDiffs":false,"previousEventId":"cuv7ladu5pm9nvb","previousOperationId":"ifps68b6udi4a0q","operationId":"ifps68b6udi4a0q","timestamp":1728799271884,"id":"ih3gxj4w1gtbcp7"}
