{"type":"operationStart","subtype":"profile","data":{"_id":"Qv3zz2RbZULddfZ0","timestamp":"2024-10-13T06:27:14.932Z","state":"queued","mode":"standard","creationDate":"2024-10-13T06:27:14.934Z","modificationDate":"2024-10-13T06:27:14.934Z","shortid":"6d0qu2L","inheritedReadPermissions":[],"inheritedEditPermissions":[],"$entitySet":"profiles"},"doDiffs":false,"timestamp":1728800834933,"id":"fzxpuah55y5d703","previousOperationId":null,"operationId":"7phsjco241qo9bu"}
{"type":"log","level":"info","message":"Render request 95 queued for execution and waiting for available worker","previousOperationId":"7phsjco241qo9bu","timestamp":1728800834933,"id":"yht56473rgk3n79"}
{"type":"operationStart","subtype":"render","name":"page_number","previousOperationId":"7phsjco241qo9bu","timestamp":1728800834950,"id":"816xmwn56rfj74e","previousEventId":"fzxpuah55y5d703","operationId":"ueh7mznilzdz3gb"}
{"type":"log","timestamp":1728800834950,"level":"info","message":"Starting rendering request 95 (user: admin)","meta":{"rootId":"t6abznxqgdgkhot","id":"t6abznxqgdgkhot"},"id":"vnyn1xd71aczy9g","previousOperationId":"ueh7mznilzdz3gb"}
{"type":"log","timestamp":1728800834950,"level":"info","message":"Rendering template { name: page_number, recipe: chrome-pdf, engine: handlebars, preview: true }","meta":{"rootId":"t6abznxqgdgkhot","id":"t6abznxqgdgkhot"},"id":"7lhr9z71zq74xvw","previousOperationId":"ueh7mznilzdz3gb"}
{"type":"log","timestamp":1728800834951,"level":"debug","message":"Data item not defined for this template.","meta":{"rootId":"t6abznxqgdgkhot","id":"t6abznxqgdgkhot"},"id":"d8c9vdnfwy57bpc","previousOperationId":"ueh7mznilzdz3gb"}
{"type":"log","timestamp":1728800834951,"level":"debug","message":"Base url not specified, skipping its injection.","meta":{"rootId":"t6abznxqgdgkhot","id":"t6abznxqgdgkhot"},"id":"q3n4vmhcehgo8kf","previousOperationId":"ueh7mznilzdz3gb"}
{"type":"log","timestamp":1728800834955,"level":"debug","message":"Replaced assets [\"KhmerOSSiemreapRegular.ttf\",\"KhmerOSMuolLightRegular.ttf\",\"times new roman.ttf\"]","meta":{"rootId":"t6abznxqgdgkhot","id":"t6abznxqgdgkhot"},"id":"rn8yqy6adnrx80t","previousOperationId":"ueh7mznilzdz3gb"}
{"type":"operationStart","subtype":"engine","name":"handlebars","timestamp":1728800834955,"id":"r3az32185t1ivby","previousEventId":"816xmwn56rfj74e","operationId":"lkpbells05w9xi3","previousOperationId":"ueh7mznilzdz3gb"}
{"type":"log","timestamp":1728800834955,"level":"debug","message":"Rendering engine handlebars","meta":{"rootId":"t6abznxqgdgkhot","id":"t6abznxqgdgkhot"},"id":"0e7p5zrls5d0c5t","previousOperationId":"lkpbells05w9xi3"}
{"type":"operationEnd","operationId":"lkpbells05w9xi3","timestamp":1728800834971,"id":"fyeo7q0c4yqu6m5","previousEventId":"r3az32185t1ivby","previousOperationId":"lkpbells05w9xi3"}
{"type":"operationStart","subtype":"recipe","name":"chrome-pdf","timestamp":1728800834975,"id":"xh3hm6j9wd9kjdi","previousEventId":"fyeo7q0c4yqu6m5","operationId":"1iqrokun4urilnl","previousOperationId":"lkpbells05w9xi3"}
{"type":"log","timestamp":1728800834975,"level":"debug","message":"Executing recipe chrome-pdf","meta":{"rootId":"t6abznxqgdgkhot","id":"t6abznxqgdgkhot"},"id":"kcufxbvt9fimwtn","previousOperationId":"1iqrokun4urilnl"}
{"type":"log","timestamp":1728800834977,"level":"debug","message":"Converting with chrome Chrome/127.0.6533.99 using chrome-pool strategy","meta":{"rootId":"t6abznxqgdgkhot","id":"t6abznxqgdgkhot"},"id":"ob21vux4sl1kbdg","previousOperationId":"1iqrokun4urilnl"}
{"type":"log","timestamp":1728800835013,"level":"debug","message":"Page request: GET (document) file:///C:/Users/shsmo/AppData/Local/Temp/jsreport/autocleanup/047a9dd8-5353-481a-b3bc-a3cf22a1a730-chrome-pdf.html","meta":{"rootId":"t6abznxqgdgkhot","id":"t6abznxqgdgkhot"},"id":"451hpxx8bmqu7b9","previousOperationId":"1iqrokun4urilnl"}
{"type":"log","timestamp":1728800835027,"level":"debug","message":"Page request finished: GET (document) 200 file:///C:/Users/shsmo/AppData/Local/Temp/jsreport/autocleanup/047a9dd8-5353-481a-b3bc-a3cf22a1a730-chrome-pdf.html","meta":{"rootId":"t6abznxqgdgkhot","id":"t6abznxqgdgkhot"},"id":"gvjeulad1n6l0ih","previousOperationId":"1iqrokun4urilnl"}
{"type":"log","timestamp":1728800835027,"level":"debug","message":"Page request: GET (script) https://cdn.tailwindcss.com/","meta":{"rootId":"t6abznxqgdgkhot","id":"t6abznxqgdgkhot"},"id":"7xlmod72ty20j9d","previousOperationId":"1iqrokun4urilnl"}
{"type":"log","timestamp":1728800835033,"level":"warn","message":"Page request failed: GET (script) 302 https://cdn.tailwindcss.com/ (redirect to: /3.4.5)","meta":{"rootId":"t6abznxqgdgkhot","id":"t6abznxqgdgkhot"},"id":"zduc8ob1thw66qf","previousOperationId":"1iqrokun4urilnl"}
{"type":"log","timestamp":1728800835033,"level":"debug","message":"Page request: GET (script) https://cdn.tailwindcss.com/3.4.5 (redirect from: https://cdn.tailwindcss.com/)","meta":{"rootId":"t6abznxqgdgkhot","id":"t6abznxqgdgkhot"},"id":"45gjjanipswklpu","previousOperationId":"1iqrokun4urilnl"}
{"type":"log","timestamp":1728800835046,"level":"debug","message":"Page request finished: GET (script) 200 https://cdn.tailwindcss.com/3.4.5","meta":{"rootId":"t6abznxqgdgkhot","id":"t6abznxqgdgkhot"},"id":"al3nqxs9atqrft4","previousOperationId":"1iqrokun4urilnl"}
{"type":"log","timestamp":1728800835084,"level":"debug","message":"(console:warn) cdn.tailwindcss.com should not be used in production. To use Tailwind CSS in production, install it as a PostCSS plugin or use the Tailwind CLI: https://tailwindcss.com/docs/installation","meta":{"userLevel":true,"rootId":"t6abznxqgdgkhot","id":"t6abznxqgdgkhot"},"id":"6bgxp8sum55cknd","previousOperationId":"1iqrokun4urilnl"}
{"type":"log","timestamp":1728800835141,"level":"debug","message":"Running chrome with params {\"marginRight\":\"1.5cm\",\"marginLeft\":\"1cm\",\"timeout\":599956,\"margin\":{\"right\":\"1.5cm\",\"left\":\"1cm\"},\"printBackground\":true}","meta":{"rootId":"t6abznxqgdgkhot","id":"t6abznxqgdgkhot"},"id":"xfceoi2wz91oe4v","previousOperationId":"1iqrokun4urilnl"}
{"type":"operationEnd","operationId":"1iqrokun4urilnl","timestamp":1728800835184,"id":"e4klv03j3nkwz24","previousEventId":"xh3hm6j9wd9kjdi","previousOperationId":"1iqrokun4urilnl"}
{"type":"log","timestamp":1728800835184,"level":"debug","message":"Skipping storing report.","meta":{"rootId":"t6abznxqgdgkhot","id":"t6abznxqgdgkhot"},"id":"3zxqf1um7s3pazy","previousOperationId":"1iqrokun4urilnl"}
{"type":"log","timestamp":1728800835184,"level":"info","message":"Rendering request 95 finished in 252 ms","meta":{"rootId":"t6abznxqgdgkhot","id":"t6abznxqgdgkhot"},"id":"sca26c9hxklnvmx","previousOperationId":"1iqrokun4urilnl"}
{"type":"operationEnd","subtype":"render","operationId":"ueh7mznilzdz3gb","timestamp":1728800835184,"id":"ocnu114u36utg5a","previousEventId":"e4klv03j3nkwz24","previousOperationId":"1iqrokun4urilnl"}
{"type":"operationEnd","doDiffs":false,"previousEventId":"fzxpuah55y5d703","previousOperationId":"7phsjco241qo9bu","operationId":"7phsjco241qo9bu","timestamp":1728800835186,"id":"7kc17gq7h4hcen2"}
