{"type":"operationStart","subtype":"profile","data":{"_id":"ive9DNnyYblNKnwM","timestamp":"2024-10-11T18:18:44.200Z","state":"queued","mode":"standard","creationDate":"2024-10-11T18:18:44.201Z","modificationDate":"2024-10-11T18:18:44.201Z","shortid":"DcZbLwA","inheritedReadPermissions":[],"inheritedEditPermissions":[],"$entitySet":"profiles"},"doDiffs":false,"timestamp":1728670724201,"id":"h8rg7i3auok38jt","previousOperationId":null,"operationId":"bgeh9uzrd8kalpb"}
{"type":"log","level":"info","message":"Render request 161 queued for execution and waiting for available worker","previousOperationId":"bgeh9uzrd8kalpb","timestamp":1728670724201,"id":"3vzxhn492d8n48r"}
{"type":"operationStart","subtype":"render","name":"page_number","previousOperationId":"bgeh9uzrd8kalpb","timestamp":1728670724213,"id":"mlmnarvcrb4skoz","previousEventId":"h8rg7i3auok38jt","operationId":"aitfoarbzobfzw9"}
{"type":"log","timestamp":1728670724213,"level":"info","message":"Starting rendering request 161 (user: admin)","meta":{"rootId":"tpx39tomzvqmpn0","id":"tpx39tomzvqmpn0"},"id":"wyxoijlttlv4ntj","previousOperationId":"aitfoarbzobfzw9"}
{"type":"log","timestamp":1728670724213,"level":"info","message":"Rendering template { name: page_number, recipe: chrome-pdf, engine: handlebars, preview: true }","meta":{"rootId":"tpx39tomzvqmpn0","id":"tpx39tomzvqmpn0"},"id":"fepzw8u2blk7joq","previousOperationId":"aitfoarbzobfzw9"}
{"type":"log","timestamp":1728670724214,"level":"debug","message":"Data item not defined for this template.","meta":{"rootId":"tpx39tomzvqmpn0","id":"tpx39tomzvqmpn0"},"id":"jrsbviqrwemi4ul","previousOperationId":"aitfoarbzobfzw9"}
{"type":"log","timestamp":1728670724215,"level":"debug","message":"Base url not specified, skipping its injection.","meta":{"rootId":"tpx39tomzvqmpn0","id":"tpx39tomzvqmpn0"},"id":"mgbsuf2gnnnunzl","previousOperationId":"aitfoarbzobfzw9"}
{"type":"log","timestamp":1728670724220,"level":"debug","message":"Replaced assets [\"KhmerOSSiemreapRegular.ttf\",\"KhmerOSMuolLightRegular.ttf\",\"times new roman.ttf\"]","meta":{"rootId":"tpx39tomzvqmpn0","id":"tpx39tomzvqmpn0"},"id":"6b1jgrs57siz1y1","previousOperationId":"aitfoarbzobfzw9"}
{"type":"operationStart","subtype":"engine","name":"handlebars","timestamp":1728670724220,"id":"qv3dyvpb6vho3zt","previousEventId":"mlmnarvcrb4skoz","operationId":"z2yth96rkr1z5ob","previousOperationId":"aitfoarbzobfzw9"}
{"type":"log","timestamp":1728670724220,"level":"debug","message":"Rendering engine handlebars","meta":{"rootId":"tpx39tomzvqmpn0","id":"tpx39tomzvqmpn0"},"id":"6d2n2f1kcyg06hr","previousOperationId":"z2yth96rkr1z5ob"}
{"type":"operationEnd","operationId":"z2yth96rkr1z5ob","timestamp":1728670724237,"id":"6in46nzvy5nnmq8","previousEventId":"qv3dyvpb6vho3zt","previousOperationId":"z2yth96rkr1z5ob"}
{"type":"operationStart","subtype":"recipe","name":"chrome-pdf","timestamp":1728670724240,"id":"3d403a1ao5mu7k6","previousEventId":"6in46nzvy5nnmq8","operationId":"kqlpgwktf04qvys","previousOperationId":"z2yth96rkr1z5ob"}
{"type":"log","timestamp":1728670724240,"level":"debug","message":"Executing recipe chrome-pdf","meta":{"rootId":"tpx39tomzvqmpn0","id":"tpx39tomzvqmpn0"},"id":"856b5ceeguzl73c","previousOperationId":"kqlpgwktf04qvys"}
{"type":"log","timestamp":1728670724244,"level":"debug","message":"Converting with chrome Chrome/127.0.6533.99 using chrome-pool strategy","meta":{"rootId":"tpx39tomzvqmpn0","id":"tpx39tomzvqmpn0"},"id":"o3gip5knzbtbgqq","previousOperationId":"kqlpgwktf04qvys"}
{"type":"log","timestamp":1728670724301,"level":"debug","message":"Page request: GET (document) file:///C:/Users/shsmo/AppData/Local/Temp/jsreport/autocleanup/57456f81-2c42-4676-a926-a81b782b9257-chrome-pdf.html","meta":{"rootId":"tpx39tomzvqmpn0","id":"tpx39tomzvqmpn0"},"id":"b0op775rtaj703a","previousOperationId":"kqlpgwktf04qvys"}
{"type":"log","timestamp":1728670724314,"level":"debug","message":"Page request finished: GET (document) 200 file:///C:/Users/shsmo/AppData/Local/Temp/jsreport/autocleanup/57456f81-2c42-4676-a926-a81b782b9257-chrome-pdf.html","meta":{"rootId":"tpx39tomzvqmpn0","id":"tpx39tomzvqmpn0"},"id":"f60hqwx5nn66f9k","previousOperationId":"kqlpgwktf04qvys"}
{"type":"log","timestamp":1728670724315,"level":"debug","message":"Page request: GET (script) https://cdn.tailwindcss.com/","meta":{"rootId":"tpx39tomzvqmpn0","id":"tpx39tomzvqmpn0"},"id":"d8jzsv80y2nqwoc","previousOperationId":"kqlpgwktf04qvys"}
{"type":"log","timestamp":1728670724327,"level":"warn","message":"Page request failed: GET (script) 302 https://cdn.tailwindcss.com/ (redirect to: /3.4.5)","meta":{"rootId":"tpx39tomzvqmpn0","id":"tpx39tomzvqmpn0"},"id":"46oluvjkd9l3xpo","previousOperationId":"kqlpgwktf04qvys"}
{"type":"log","timestamp":1728670724327,"level":"debug","message":"Page request: GET (script) https://cdn.tailwindcss.com/3.4.5 (redirect from: https://cdn.tailwindcss.com/)","meta":{"rootId":"tpx39tomzvqmpn0","id":"tpx39tomzvqmpn0"},"id":"qv957ym4irtfonm","previousOperationId":"kqlpgwktf04qvys"}
{"type":"log","timestamp":1728670724349,"level":"debug","message":"Page request finished: GET (script) 200 https://cdn.tailwindcss.com/3.4.5","meta":{"rootId":"tpx39tomzvqmpn0","id":"tpx39tomzvqmpn0"},"id":"n4g7kfdmovs39lr","previousOperationId":"kqlpgwktf04qvys"}
{"type":"log","timestamp":1728670724389,"level":"debug","message":"(console:warn) cdn.tailwindcss.com should not be used in production. To use Tailwind CSS in production, install it as a PostCSS plugin or use the Tailwind CLI: https://tailwindcss.com/docs/installation","meta":{"userLevel":true,"rootId":"tpx39tomzvqmpn0","id":"tpx39tomzvqmpn0"},"id":"1dmabk0jvz9eept","previousOperationId":"kqlpgwktf04qvys"}
{"type":"log","timestamp":1728670724481,"level":"debug","message":"Running chrome with params {\"marginRight\":\"2cm\",\"marginLeft\":\"2cm\",\"timeout\":599958,\"margin\":{\"right\":\"2cm\",\"left\":\"2cm\"},\"printBackground\":true}","meta":{"rootId":"tpx39tomzvqmpn0","id":"tpx39tomzvqmpn0"},"id":"6kcl4s0z9qu28d5","previousOperationId":"kqlpgwktf04qvys"}
{"type":"operationEnd","operationId":"kqlpgwktf04qvys","timestamp":1728670724531,"id":"skyisdlpq7gml56","previousEventId":"3d403a1ao5mu7k6","previousOperationId":"kqlpgwktf04qvys"}
{"type":"log","timestamp":1728670724531,"level":"debug","message":"Skipping storing report.","meta":{"rootId":"tpx39tomzvqmpn0","id":"tpx39tomzvqmpn0"},"id":"c4xyve3oqeopfse","previousOperationId":"kqlpgwktf04qvys"}
{"type":"log","timestamp":1728670724531,"level":"info","message":"Rendering request 161 finished in 331 ms","meta":{"rootId":"tpx39tomzvqmpn0","id":"tpx39tomzvqmpn0"},"id":"tcnj9zcnlaxcktz","previousOperationId":"kqlpgwktf04qvys"}
{"type":"operationEnd","subtype":"render","operationId":"aitfoarbzobfzw9","timestamp":1728670724531,"id":"7br3qgw96f8jhpt","previousEventId":"skyisdlpq7gml56","previousOperationId":"kqlpgwktf04qvys"}
{"type":"operationEnd","doDiffs":false,"previousEventId":"h8rg7i3auok38jt","previousOperationId":"bgeh9uzrd8kalpb","operationId":"bgeh9uzrd8kalpb","timestamp":1728670724534,"id":"vpzmzjt4svrwnij"}
