{"type":"operationStart","subtype":"profile","data":{"_id":"MUxNezXeLM1BgBpm","timestamp":"2024-10-13T05:31:19.737Z","state":"queued","mode":"standard","creationDate":"2024-10-13T05:31:19.738Z","modificationDate":"2024-10-13T05:31:19.738Z","shortid":"JWHeCtX","inheritedReadPermissions":[],"inheritedEditPermissions":[],"$entitySet":"profiles"},"doDiffs":false,"timestamp":1728797479737,"id":"cc6l7gm32zj01uw","previousOperationId":null,"operationId":"elkb24fshfy8fp0"}
{"type":"log","level":"info","message":"Render request 27 queued for execution and waiting for available worker","previousOperationId":"elkb24fshfy8fp0","timestamp":1728797479737,"id":"8mwikvto2zrujq6"}
{"type":"operationStart","subtype":"render","name":"page_number","previousOperationId":"elkb24fshfy8fp0","timestamp":1728797479751,"id":"c18d3y855gcvsdi","previousEventId":"cc6l7gm32zj01uw","operationId":"fgt8gpb47pm54aw"}
{"type":"log","timestamp":1728797479751,"level":"info","message":"Starting rendering request 27 (user: admin)","meta":{"rootId":"ue34z0syslkyicg","id":"ue34z0syslkyicg"},"id":"21ti4a0wvqjwfgm","previousOperationId":"fgt8gpb47pm54aw"}
{"type":"log","timestamp":1728797479751,"level":"info","message":"Rendering template { name: page_number, recipe: chrome-pdf, engine: handlebars, preview: true }","meta":{"rootId":"ue34z0syslkyicg","id":"ue34z0syslkyicg"},"id":"4lbnzleiir9smlv","previousOperationId":"fgt8gpb47pm54aw"}
{"type":"log","timestamp":1728797479752,"level":"debug","message":"Data item not defined for this template.","meta":{"rootId":"ue34z0syslkyicg","id":"ue34z0syslkyicg"},"id":"vatagx3g3pjy29j","previousOperationId":"fgt8gpb47pm54aw"}
{"type":"log","timestamp":1728797479753,"level":"debug","message":"Base url not specified, skipping its injection.","meta":{"rootId":"ue34z0syslkyicg","id":"ue34z0syslkyicg"},"id":"5gwdj6o3vycv8y1","previousOperationId":"fgt8gpb47pm54aw"}
{"type":"log","timestamp":1728797479756,"level":"debug","message":"Replaced assets [\"KhmerOSSiemreapRegular.ttf\",\"KhmerOSMuolLightRegular.ttf\",\"times new roman.ttf\"]","meta":{"rootId":"ue34z0syslkyicg","id":"ue34z0syslkyicg"},"id":"a4tcn83fah74866","previousOperationId":"fgt8gpb47pm54aw"}
{"type":"operationStart","subtype":"engine","name":"handlebars","timestamp":1728797479757,"id":"21eg7ouyua70hl4","previousEventId":"c18d3y855gcvsdi","operationId":"0ty8ab9xyunhq1m","previousOperationId":"fgt8gpb47pm54aw"}
{"type":"log","timestamp":1728797479757,"level":"debug","message":"Rendering engine handlebars","meta":{"rootId":"ue34z0syslkyicg","id":"ue34z0syslkyicg"},"id":"3pybnjqyer5r1ny","previousOperationId":"0ty8ab9xyunhq1m"}
{"type":"operationEnd","operationId":"0ty8ab9xyunhq1m","timestamp":1728797479774,"id":"6d1v96gt0jyh77b","previousEventId":"21eg7ouyua70hl4","previousOperationId":"0ty8ab9xyunhq1m"}
{"type":"operationStart","subtype":"recipe","name":"chrome-pdf","timestamp":1728797479778,"id":"0kn7owxa7vii4ls","previousEventId":"6d1v96gt0jyh77b","operationId":"i04pmpmlyqkgeu7","previousOperationId":"0ty8ab9xyunhq1m"}
{"type":"log","timestamp":1728797479778,"level":"debug","message":"Executing recipe chrome-pdf","meta":{"rootId":"ue34z0syslkyicg","id":"ue34z0syslkyicg"},"id":"izbvoyk76ai5eqy","previousOperationId":"i04pmpmlyqkgeu7"}
{"type":"log","timestamp":1728797479781,"level":"debug","message":"Converting with chrome Chrome/127.0.6533.99 using chrome-pool strategy","meta":{"rootId":"ue34z0syslkyicg","id":"ue34z0syslkyicg"},"id":"wyk56eevtcvajrb","previousOperationId":"i04pmpmlyqkgeu7"}
{"type":"log","timestamp":1728797479823,"level":"debug","message":"Page request: GET (document) file:///C:/Users/shsmo/AppData/Local/Temp/jsreport/autocleanup/ffb6bd90-1c80-4f77-ba5f-8447a457ba7f-chrome-pdf.html","meta":{"rootId":"ue34z0syslkyicg","id":"ue34z0syslkyicg"},"id":"zp8e475eiys3ojv","previousOperationId":"i04pmpmlyqkgeu7"}
{"type":"log","timestamp":1728797479839,"level":"debug","message":"Page request finished: GET (document) 200 file:///C:/Users/shsmo/AppData/Local/Temp/jsreport/autocleanup/ffb6bd90-1c80-4f77-ba5f-8447a457ba7f-chrome-pdf.html","meta":{"rootId":"ue34z0syslkyicg","id":"ue34z0syslkyicg"},"id":"4p3wfs2erbcioeq","previousOperationId":"i04pmpmlyqkgeu7"}
{"type":"log","timestamp":1728797479840,"level":"debug","message":"Page request: GET (script) https://cdn.tailwindcss.com/","meta":{"rootId":"ue34z0syslkyicg","id":"ue34z0syslkyicg"},"id":"5y5a7dpy598pndp","previousOperationId":"i04pmpmlyqkgeu7"}
{"type":"log","timestamp":1728797479845,"level":"warn","message":"Page request failed: GET (script) 302 https://cdn.tailwindcss.com/ (redirect to: /3.4.5)","meta":{"rootId":"ue34z0syslkyicg","id":"ue34z0syslkyicg"},"id":"fh75a7jzg5xgka6","previousOperationId":"i04pmpmlyqkgeu7"}
{"type":"log","timestamp":1728797479845,"level":"debug","message":"Page request: GET (script) https://cdn.tailwindcss.com/3.4.5 (redirect from: https://cdn.tailwindcss.com/)","meta":{"rootId":"ue34z0syslkyicg","id":"ue34z0syslkyicg"},"id":"pn4uzjuhj8cpjm3","previousOperationId":"i04pmpmlyqkgeu7"}
{"type":"log","timestamp":1728797479858,"level":"debug","message":"Page request finished: GET (script) 200 https://cdn.tailwindcss.com/3.4.5","meta":{"rootId":"ue34z0syslkyicg","id":"ue34z0syslkyicg"},"id":"b5j17rcrkjvt67x","previousOperationId":"i04pmpmlyqkgeu7"}
{"type":"log","timestamp":1728797479889,"level":"debug","message":"(console:warn) cdn.tailwindcss.com should not be used in production. To use Tailwind CSS in production, install it as a PostCSS plugin or use the Tailwind CLI: https://tailwindcss.com/docs/installation","meta":{"userLevel":true,"rootId":"ue34z0syslkyicg","id":"ue34z0syslkyicg"},"id":"5g3v66lqzmlv0hl","previousOperationId":"i04pmpmlyqkgeu7"}
{"type":"log","timestamp":1728797479948,"level":"debug","message":"Running chrome with params {\"marginRight\":\"1.5cm\",\"marginLeft\":\"1cm\",\"timeout\":599958,\"margin\":{\"right\":\"1.5cm\",\"left\":\"1cm\"},\"printBackground\":true}","meta":{"rootId":"ue34z0syslkyicg","id":"ue34z0syslkyicg"},"id":"bcrvvayqv293k39","previousOperationId":"i04pmpmlyqkgeu7"}
{"type":"operationEnd","operationId":"i04pmpmlyqkgeu7","timestamp":1728797479985,"id":"mj0cmsf5wqhww57","previousEventId":"0kn7owxa7vii4ls","previousOperationId":"i04pmpmlyqkgeu7"}
{"type":"log","timestamp":1728797479985,"level":"debug","message":"Skipping storing report.","meta":{"rootId":"ue34z0syslkyicg","id":"ue34z0syslkyicg"},"id":"oje09bbpblinivt","previousOperationId":"i04pmpmlyqkgeu7"}
{"type":"log","timestamp":1728797479985,"level":"info","message":"Rendering request 27 finished in 248 ms","meta":{"rootId":"ue34z0syslkyicg","id":"ue34z0syslkyicg"},"id":"hh1ph6tu2n05t2t","previousOperationId":"i04pmpmlyqkgeu7"}
{"type":"operationEnd","subtype":"render","operationId":"fgt8gpb47pm54aw","timestamp":1728797479985,"id":"6cwqqvn7ekr4vpz","previousEventId":"mj0cmsf5wqhww57","previousOperationId":"i04pmpmlyqkgeu7"}
{"type":"operationEnd","doDiffs":false,"previousEventId":"cc6l7gm32zj01uw","previousOperationId":"elkb24fshfy8fp0","operationId":"elkb24fshfy8fp0","timestamp":1728797479988,"id":"5xkqrb9j022xpst"}
