{"type":"operationStart","subtype":"profile","data":{"_id":"JV9dw4dZ6zTP4Adt","timestamp":"2024-10-11T16:39:38.677Z","state":"queued","mode":"standard","creationDate":"2024-10-11T16:39:38.679Z","modificationDate":"2024-10-11T16:39:38.679Z","shortid":"mIt4EG2","inheritedReadPermissions":[],"inheritedEditPermissions":[],"$entitySet":"profiles"},"doDiffs":false,"timestamp":1728664778678,"id":"li0byusr4779hej","previousOperationId":null,"operationId":"uvd8oqqwsvw7tzt"}
{"type":"log","level":"info","message":"Render request 83 queued for execution and waiting for available worker","previousOperationId":"uvd8oqqwsvw7tzt","timestamp":1728664778678,"id":"ekqt9qzuny6lqt9"}
{"type":"operationStart","subtype":"render","name":"page_number","previousOperationId":"uvd8oqqwsvw7tzt","timestamp":1728664778691,"id":"91qajkj3kkreey6","previousEventId":"li0byusr4779hej","operationId":"ftyq0jj4ms6okih"}
{"type":"log","timestamp":1728664778691,"level":"info","message":"Starting rendering request 83 (user: admin)","meta":{"rootId":"ue72qcmpdrfzdce","id":"ue72qcmpdrfzdce"},"id":"5ak5esfqh39i8xl","previousOperationId":"ftyq0jj4ms6okih"}
{"type":"log","timestamp":1728664778691,"level":"info","message":"Rendering template { name: page_number, recipe: chrome-pdf, engine: handlebars, preview: true }","meta":{"rootId":"ue72qcmpdrfzdce","id":"ue72qcmpdrfzdce"},"id":"uevsnj8nfprxjfl","previousOperationId":"ftyq0jj4ms6okih"}
{"type":"log","timestamp":1728664778692,"level":"debug","message":"Data item not defined for this template.","meta":{"rootId":"ue72qcmpdrfzdce","id":"ue72qcmpdrfzdce"},"id":"dvntbonu4jp76ju","previousOperationId":"ftyq0jj4ms6okih"}
{"type":"log","timestamp":1728664778692,"level":"debug","message":"Base url not specified, skipping its injection.","meta":{"rootId":"ue72qcmpdrfzdce","id":"ue72qcmpdrfzdce"},"id":"kj9pa0ks1cudcue","previousOperationId":"ftyq0jj4ms6okih"}
{"type":"operationStart","subtype":"engine","name":"handlebars","timestamp":1728664778693,"id":"ov1mx14kldufg0g","previousEventId":"91qajkj3kkreey6","operationId":"idsqs3hkslum0e4","previousOperationId":"ftyq0jj4ms6okih"}
{"type":"log","timestamp":1728664778693,"level":"debug","message":"Rendering engine handlebars","meta":{"rootId":"ue72qcmpdrfzdce","id":"ue72qcmpdrfzdce"},"id":"nms4l9vxyerh71n","previousOperationId":"idsqs3hkslum0e4"}
{"type":"operationEnd","operationId":"idsqs3hkslum0e4","timestamp":1728664778704,"id":"0497wme94j915tt","previousEventId":"ov1mx14kldufg0g","previousOperationId":"idsqs3hkslum0e4"}
{"type":"operationStart","subtype":"recipe","name":"chrome-pdf","timestamp":1728664778705,"id":"5mumstz7kzpvmks","previousEventId":"0497wme94j915tt","operationId":"axh5qhfprrkgg6x","previousOperationId":"idsqs3hkslum0e4"}
{"type":"log","timestamp":1728664778705,"level":"debug","message":"Executing recipe chrome-pdf","meta":{"rootId":"ue72qcmpdrfzdce","id":"ue72qcmpdrfzdce"},"id":"8eogaqjzw8xjq4w","previousOperationId":"axh5qhfprrkgg6x"}
{"type":"log","timestamp":1728664778706,"level":"debug","message":"Converting with chrome Chrome/127.0.6533.99 using chrome-pool strategy","meta":{"rootId":"ue72qcmpdrfzdce","id":"ue72qcmpdrfzdce"},"id":"mevao0e1gdspbub","previousOperationId":"axh5qhfprrkgg6x"}
{"type":"log","timestamp":1728664778748,"level":"debug","message":"Page request: GET (document) file:///C:/Users/shsmo/AppData/Local/Temp/jsreport/autocleanup/69affa99-f61e-4e93-b08f-80ef79550f43-chrome-pdf.html","meta":{"rootId":"ue72qcmpdrfzdce","id":"ue72qcmpdrfzdce"},"id":"y1djgpb9hmljdb9","previousOperationId":"axh5qhfprrkgg6x"}
{"type":"log","timestamp":1728664778758,"level":"debug","message":"Page request finished: GET (document) 200 file:///C:/Users/shsmo/AppData/Local/Temp/jsreport/autocleanup/69affa99-f61e-4e93-b08f-80ef79550f43-chrome-pdf.html","meta":{"rootId":"ue72qcmpdrfzdce","id":"ue72qcmpdrfzdce"},"id":"yayxmtd5kmgijr7","previousOperationId":"axh5qhfprrkgg6x"}
{"type":"log","timestamp":1728664778762,"level":"debug","message":"Running chrome with params {\"timeout\":599972,\"margin\":{},\"printBackground\":true}","meta":{"rootId":"ue72qcmpdrfzdce","id":"ue72qcmpdrfzdce"},"id":"4fyi56cfrjc42rm","previousOperationId":"axh5qhfprrkgg6x"}
{"type":"operationEnd","operationId":"axh5qhfprrkgg6x","timestamp":1728664778819,"id":"r0qtil75b84kfeh","previousEventId":"5mumstz7kzpvmks","previousOperationId":"axh5qhfprrkgg6x"}
{"type":"log","timestamp":1728664778819,"level":"debug","message":"Skipping storing report.","meta":{"rootId":"ue72qcmpdrfzdce","id":"ue72qcmpdrfzdce"},"id":"slintj3yn0a4948","previousOperationId":"axh5qhfprrkgg6x"}
{"type":"log","timestamp":1728664778819,"level":"info","message":"Rendering request 83 finished in 142 ms","meta":{"rootId":"ue72qcmpdrfzdce","id":"ue72qcmpdrfzdce"},"id":"g4kx1tvr6ihj6x3","previousOperationId":"axh5qhfprrkgg6x"}
{"type":"operationEnd","subtype":"render","operationId":"ftyq0jj4ms6okih","timestamp":1728664778819,"id":"82yo8v9jf1a2u8s","previousEventId":"r0qtil75b84kfeh","previousOperationId":"axh5qhfprrkgg6x"}
{"type":"operationEnd","doDiffs":false,"previousEventId":"li0byusr4779hej","previousOperationId":"uvd8oqqwsvw7tzt","operationId":"uvd8oqqwsvw7tzt","timestamp":1728664778822,"id":"bhlkxmlopr58g9k"}
