{"type":"operationStart","subtype":"profile","data":{"_id":"9x3iUcffsVJmPgEh","timestamp":"2024-10-14T14:56:39.000Z","state":"queued","mode":"standard","creationDate":"2024-10-14T14:56:39.003Z","modificationDate":"2024-10-14T14:56:39.003Z","shortid":"rVvIkwD","inheritedReadPermissions":[],"inheritedEditPermissions":[],"$entitySet":"profiles"},"doDiffs":false,"timestamp":1728917799002,"id":"wttu7975fjhu2k8","previousOperationId":null,"operationId":"ljvzr7du323owym"}
{"type":"log","level":"info","message":"Render request 59 queued for execution and waiting for available worker","previousOperationId":"ljvzr7du323owym","timestamp":1728917799002,"id":"ki5ct93u5y1tzvt"}
{"type":"operationStart","subtype":"render","name":"page_number","previousOperationId":"ljvzr7du323owym","timestamp":1728917799016,"id":"3ck6dooiqgjbxdy","previousEventId":"wttu7975fjhu2k8","operationId":"3keqx9y7qnha8b9"}
{"type":"log","timestamp":1728917799016,"level":"info","message":"Starting rendering request 59 (user: admin)","meta":{"rootId":"ueekdd9jve2xxob","id":"ueekdd9jve2xxob"},"id":"8mx3n9epz4ihiwb","previousOperationId":"3keqx9y7qnha8b9"}
{"type":"log","timestamp":1728917799017,"level":"info","message":"Rendering template { name: page_number, recipe: chrome-pdf, engine: handlebars, preview: true }","meta":{"rootId":"ueekdd9jve2xxob","id":"ueekdd9jve2xxob"},"id":"qhn51ezy195lfo5","previousOperationId":"3keqx9y7qnha8b9"}
{"type":"log","timestamp":1728917799018,"level":"debug","message":"Data item not defined for this template.","meta":{"rootId":"ueekdd9jve2xxob","id":"ueekdd9jve2xxob"},"id":"mtyzp2k0clvjx9y","previousOperationId":"3keqx9y7qnha8b9"}
{"type":"log","timestamp":1728917799019,"level":"debug","message":"Base url not specified, skipping its injection.","meta":{"rootId":"ueekdd9jve2xxob","id":"ueekdd9jve2xxob"},"id":"hqwbug9ok9bjfhh","previousOperationId":"3keqx9y7qnha8b9"}
{"type":"log","timestamp":1728917799023,"level":"debug","message":"Replaced assets [\"KhmerOSSiemreapRegular.ttf\",\"KhmerOSMuolLightRegular.ttf\",\"times new roman.ttf\"]","meta":{"rootId":"ueekdd9jve2xxob","id":"ueekdd9jve2xxob"},"id":"1ytq59ghhvdh0lh","previousOperationId":"3keqx9y7qnha8b9"}
{"type":"operationStart","subtype":"engine","name":"handlebars","timestamp":1728917799024,"id":"7nbl9ihzzhlg8of","previousEventId":"3ck6dooiqgjbxdy","operationId":"0le71wynjqanyu5","previousOperationId":"3keqx9y7qnha8b9"}
{"type":"log","timestamp":1728917799024,"level":"debug","message":"Rendering engine handlebars","meta":{"rootId":"ueekdd9jve2xxob","id":"ueekdd9jve2xxob"},"id":"brmk3mfpvnld9wk","previousOperationId":"0le71wynjqanyu5"}
{"type":"operationEnd","operationId":"0le71wynjqanyu5","timestamp":1728917799048,"id":"6soxeitfz9hon5m","previousEventId":"7nbl9ihzzhlg8of","previousOperationId":"0le71wynjqanyu5"}
{"type":"operationStart","subtype":"recipe","name":"chrome-pdf","timestamp":1728917799051,"id":"jvklub7l6z0vni0","previousEventId":"6soxeitfz9hon5m","operationId":"s9y6so9q8fv6edx","previousOperationId":"0le71wynjqanyu5"}
{"type":"log","timestamp":1728917799051,"level":"debug","message":"Executing recipe chrome-pdf","meta":{"rootId":"ueekdd9jve2xxob","id":"ueekdd9jve2xxob"},"id":"y8ri2f3a8f0lwne","previousOperationId":"s9y6so9q8fv6edx"}
{"type":"log","timestamp":1728917799055,"level":"debug","message":"Converting with chrome Chrome/127.0.6533.99 using chrome-pool strategy","meta":{"rootId":"ueekdd9jve2xxob","id":"ueekdd9jve2xxob"},"id":"ohk1fcxtavjc8d1","previousOperationId":"s9y6so9q8fv6edx"}
{"type":"log","timestamp":1728917799108,"level":"debug","message":"Page request: GET (document) file:///C:/Users/shsmo/AppData/Local/Temp/jsreport/autocleanup/792c5927-946e-4e67-8bd3-332769f4bb69-chrome-pdf.html","meta":{"rootId":"ueekdd9jve2xxob","id":"ueekdd9jve2xxob"},"id":"j7rd4z4ias42qd3","previousOperationId":"s9y6so9q8fv6edx"}
{"type":"log","timestamp":1728917799128,"level":"debug","message":"Page request: GET (script) https://cdn.tailwindcss.com/","meta":{"rootId":"ueekdd9jve2xxob","id":"ueekdd9jve2xxob"},"id":"w68xx69fgn06aye","previousOperationId":"s9y6so9q8fv6edx"}
{"type":"log","timestamp":1728917799128,"level":"debug","message":"Page request finished: GET (document) 200 file:///C:/Users/shsmo/AppData/Local/Temp/jsreport/autocleanup/792c5927-946e-4e67-8bd3-332769f4bb69-chrome-pdf.html","meta":{"rootId":"ueekdd9jve2xxob","id":"ueekdd9jve2xxob"},"id":"5hne86dnllfup1i","previousOperationId":"s9y6so9q8fv6edx"}
{"type":"log","timestamp":1728917799137,"level":"warn","message":"Page request failed: GET (script) 302 https://cdn.tailwindcss.com/ (redirect to: /3.4.5)","meta":{"rootId":"ueekdd9jve2xxob","id":"ueekdd9jve2xxob"},"id":"lj830o6sf4k8zz2","previousOperationId":"s9y6so9q8fv6edx"}
{"type":"log","timestamp":1728917799137,"level":"debug","message":"Page request: GET (script) https://cdn.tailwindcss.com/3.4.5 (redirect from: https://cdn.tailwindcss.com/)","meta":{"rootId":"ueekdd9jve2xxob","id":"ueekdd9jve2xxob"},"id":"e39f73werddajao","previousOperationId":"s9y6so9q8fv6edx"}
{"type":"log","timestamp":1728917799155,"level":"debug","message":"Page request finished: GET (script) 200 https://cdn.tailwindcss.com/3.4.5","meta":{"rootId":"ueekdd9jve2xxob","id":"ueekdd9jve2xxob"},"id":"1ua3zopgr6txhtm","previousOperationId":"s9y6so9q8fv6edx"}
{"type":"log","timestamp":1728917799197,"level":"debug","message":"(console:warn) cdn.tailwindcss.com should not be used in production. To use Tailwind CSS in production, install it as a PostCSS plugin or use the Tailwind CLI: https://tailwindcss.com/docs/installation","meta":{"userLevel":true,"rootId":"ueekdd9jve2xxob","id":"ueekdd9jve2xxob"},"id":"w3koty11ujabbrt","previousOperationId":"s9y6so9q8fv6edx"}
{"type":"log","timestamp":1728917799283,"level":"debug","message":"Running chrome with params {\"marginRight\":\"1.5cm\",\"marginLeft\":\"1.5cm\",\"timeout\":599946,\"margin\":{\"right\":\"1.5cm\",\"left\":\"1.5cm\"},\"printBackground\":true}","meta":{"rootId":"ueekdd9jve2xxob","id":"ueekdd9jve2xxob"},"id":"om90b79yu2qf25w","previousOperationId":"s9y6so9q8fv6edx"}
{"type":"operationEnd","operationId":"s9y6so9q8fv6edx","timestamp":1728917799332,"id":"0tbulchotu6uweg","previousEventId":"jvklub7l6z0vni0","previousOperationId":"s9y6so9q8fv6edx"}
{"type":"log","timestamp":1728917799332,"level":"debug","message":"Skipping storing report.","meta":{"rootId":"ueekdd9jve2xxob","id":"ueekdd9jve2xxob"},"id":"xvtou35e81dd480","previousOperationId":"s9y6so9q8fv6edx"}
{"type":"log","timestamp":1728917799332,"level":"info","message":"Rendering request 59 finished in 332 ms","meta":{"rootId":"ueekdd9jve2xxob","id":"ueekdd9jve2xxob"},"id":"baqopzwiqvqzn62","previousOperationId":"s9y6so9q8fv6edx"}
{"type":"operationEnd","subtype":"render","operationId":"3keqx9y7qnha8b9","timestamp":1728917799332,"id":"el1h6ujhsx0lza2","previousEventId":"0tbulchotu6uweg","previousOperationId":"s9y6so9q8fv6edx"}
{"type":"operationEnd","doDiffs":false,"previousEventId":"wttu7975fjhu2k8","previousOperationId":"ljvzr7du323owym","operationId":"ljvzr7du323owym","timestamp":1728917799335,"id":"gete5bk732c9lb7"}
