{"type":"operationStart","subtype":"profile","data":{"_id":"st9KcqvpOb7cLWPg","timestamp":"2024-10-11T18:24:23.901Z","state":"queued","mode":"standard","creationDate":"2024-10-11T18:24:23.903Z","modificationDate":"2024-10-11T18:24:23.903Z","shortid":"Ig7SjyI","inheritedReadPermissions":[],"inheritedEditPermissions":[],"$entitySet":"profiles"},"doDiffs":false,"timestamp":1728671063902,"id":"0epfbgbtxql1wz5","previousOperationId":null,"operationId":"g3z8pev3n6y3gbq"}
{"type":"log","level":"info","message":"Render request 181 queued for execution and waiting for available worker","previousOperationId":"g3z8pev3n6y3gbq","timestamp":1728671063903,"id":"iwig548d83l27y9"}
{"type":"operationStart","subtype":"render","name":"page_number","previousOperationId":"g3z8pev3n6y3gbq","timestamp":1728671063917,"id":"ebv51rsuieyro1i","previousEventId":"0epfbgbtxql1wz5","operationId":"naszbepdi3qy0zf"}
{"type":"log","timestamp":1728671063917,"level":"info","message":"Starting rendering request 181 (user: admin)","meta":{"rootId":"v0i62kmlkdvzwpg","id":"v0i62kmlkdvzwpg"},"id":"ztgkvz2v5rlcsz7","previousOperationId":"naszbepdi3qy0zf"}
{"type":"log","timestamp":1728671063917,"level":"info","message":"Rendering template { name: page_number, recipe: chrome-pdf, engine: handlebars, preview: true }","meta":{"rootId":"v0i62kmlkdvzwpg","id":"v0i62kmlkdvzwpg"},"id":"5dn8gnn38e1yttk","previousOperationId":"naszbepdi3qy0zf"}
{"type":"log","timestamp":1728671063918,"level":"debug","message":"Data item not defined for this template.","meta":{"rootId":"v0i62kmlkdvzwpg","id":"v0i62kmlkdvzwpg"},"id":"r7slzvi3vpputtp","previousOperationId":"naszbepdi3qy0zf"}
{"type":"log","timestamp":1728671063919,"level":"debug","message":"Base url not specified, skipping its injection.","meta":{"rootId":"v0i62kmlkdvzwpg","id":"v0i62kmlkdvzwpg"},"id":"wtnimp52kmez38a","previousOperationId":"naszbepdi3qy0zf"}
{"type":"log","timestamp":1728671063926,"level":"debug","message":"Replaced assets [\"KhmerOSSiemreapRegular.ttf\",\"KhmerOSMuolLightRegular.ttf\",\"times new roman.ttf\"]","meta":{"rootId":"v0i62kmlkdvzwpg","id":"v0i62kmlkdvzwpg"},"id":"883k7qyy1th1mmk","previousOperationId":"naszbepdi3qy0zf"}
{"type":"operationStart","subtype":"engine","name":"handlebars","timestamp":1728671063926,"id":"c4fjkbjulyr4w8i","previousEventId":"ebv51rsuieyro1i","operationId":"tgijr5mteiqmdla","previousOperationId":"naszbepdi3qy0zf"}
{"type":"log","timestamp":1728671063926,"level":"debug","message":"Rendering engine handlebars","meta":{"rootId":"v0i62kmlkdvzwpg","id":"v0i62kmlkdvzwpg"},"id":"wcpzsz8mtb78jd1","previousOperationId":"tgijr5mteiqmdla"}
{"type":"operationEnd","operationId":"tgijr5mteiqmdla","timestamp":1728671063944,"id":"0wctb90xswe88ea","previousEventId":"c4fjkbjulyr4w8i","previousOperationId":"tgijr5mteiqmdla"}
{"type":"operationStart","subtype":"recipe","name":"chrome-pdf","timestamp":1728671063947,"id":"zmfzv49v1ucecn3","previousEventId":"0wctb90xswe88ea","operationId":"x8qe6e942t53wb3","previousOperationId":"tgijr5mteiqmdla"}
{"type":"log","timestamp":1728671063947,"level":"debug","message":"Executing recipe chrome-pdf","meta":{"rootId":"v0i62kmlkdvzwpg","id":"v0i62kmlkdvzwpg"},"id":"mhcvw7yuowem956","previousOperationId":"x8qe6e942t53wb3"}
{"type":"log","timestamp":1728671063950,"level":"debug","message":"Converting with chrome Chrome/127.0.6533.99 using chrome-pool strategy","meta":{"rootId":"v0i62kmlkdvzwpg","id":"v0i62kmlkdvzwpg"},"id":"uftnpeak5jj0eyu","previousOperationId":"x8qe6e942t53wb3"}
{"type":"log","timestamp":1728671064015,"level":"debug","message":"Page request: GET (document) file:///C:/Users/shsmo/AppData/Local/Temp/jsreport/autocleanup/ae87f89a-f449-4277-a4fe-08bb07900729-chrome-pdf.html","meta":{"rootId":"v0i62kmlkdvzwpg","id":"v0i62kmlkdvzwpg"},"id":"c04eebqqpxlkuwv","previousOperationId":"x8qe6e942t53wb3"}
{"type":"log","timestamp":1728671064030,"level":"debug","message":"Page request finished: GET (document) 200 file:///C:/Users/shsmo/AppData/Local/Temp/jsreport/autocleanup/ae87f89a-f449-4277-a4fe-08bb07900729-chrome-pdf.html","meta":{"rootId":"v0i62kmlkdvzwpg","id":"v0i62kmlkdvzwpg"},"id":"d7qvmxkp709gqnn","previousOperationId":"x8qe6e942t53wb3"}
{"type":"log","timestamp":1728671064031,"level":"debug","message":"Page request: GET (script) https://cdn.tailwindcss.com/","meta":{"rootId":"v0i62kmlkdvzwpg","id":"v0i62kmlkdvzwpg"},"id":"f6pb3fpunxwneqv","previousOperationId":"x8qe6e942t53wb3"}
{"type":"log","timestamp":1728671064042,"level":"warn","message":"Page request failed: GET (script) 302 https://cdn.tailwindcss.com/ (redirect to: /3.4.5)","meta":{"rootId":"v0i62kmlkdvzwpg","id":"v0i62kmlkdvzwpg"},"id":"13ycsjpv43jazhh","previousOperationId":"x8qe6e942t53wb3"}
{"type":"log","timestamp":1728671064042,"level":"debug","message":"Page request: GET (script) https://cdn.tailwindcss.com/3.4.5 (redirect from: https://cdn.tailwindcss.com/)","meta":{"rootId":"v0i62kmlkdvzwpg","id":"v0i62kmlkdvzwpg"},"id":"ajw902p98s8ho71","previousOperationId":"x8qe6e942t53wb3"}
{"type":"log","timestamp":1728671064061,"level":"debug","message":"Page request finished: GET (script) 200 https://cdn.tailwindcss.com/3.4.5","meta":{"rootId":"v0i62kmlkdvzwpg","id":"v0i62kmlkdvzwpg"},"id":"psos6aptq8wmxrl","previousOperationId":"x8qe6e942t53wb3"}
{"type":"log","timestamp":1728671064106,"level":"debug","message":"(console:warn) cdn.tailwindcss.com should not be used in production. To use Tailwind CSS in production, install it as a PostCSS plugin or use the Tailwind CLI: https://tailwindcss.com/docs/installation","meta":{"userLevel":true,"rootId":"v0i62kmlkdvzwpg","id":"v0i62kmlkdvzwpg"},"id":"y0eqqta14qt110w","previousOperationId":"x8qe6e942t53wb3"}
{"type":"log","timestamp":1728671064180,"level":"debug","message":"Running chrome with params {\"marginRight\":\"1.5cm\",\"marginLeft\":\"1cm\",\"timeout\":599952,\"margin\":{\"right\":\"1.5cm\",\"left\":\"1cm\"},\"printBackground\":true}","meta":{"rootId":"v0i62kmlkdvzwpg","id":"v0i62kmlkdvzwpg"},"id":"0w7xvp2f3ef6m2u","previousOperationId":"x8qe6e942t53wb3"}
{"type":"operationEnd","operationId":"x8qe6e942t53wb3","timestamp":1728671064220,"id":"on03bb359x6d3at","previousEventId":"zmfzv49v1ucecn3","previousOperationId":"x8qe6e942t53wb3"}
{"type":"log","timestamp":1728671064220,"level":"debug","message":"Skipping storing report.","meta":{"rootId":"v0i62kmlkdvzwpg","id":"v0i62kmlkdvzwpg"},"id":"k24dfk0ctezxwdb","previousOperationId":"x8qe6e942t53wb3"}
{"type":"log","timestamp":1728671064220,"level":"info","message":"Rendering request 181 finished in 319 ms","meta":{"rootId":"v0i62kmlkdvzwpg","id":"v0i62kmlkdvzwpg"},"id":"9tqpwajxm5r2pr8","previousOperationId":"x8qe6e942t53wb3"}
{"type":"operationEnd","subtype":"render","operationId":"naszbepdi3qy0zf","timestamp":1728671064220,"id":"satb1tk6ahuxfiy","previousEventId":"on03bb359x6d3at","previousOperationId":"x8qe6e942t53wb3"}
{"type":"operationEnd","doDiffs":false,"previousEventId":"0epfbgbtxql1wz5","previousOperationId":"g3z8pev3n6y3gbq","operationId":"g3z8pev3n6y3gbq","timestamp":1728671064221,"id":"3aktpajpcr438gr"}
