{"type":"operationStart","subtype":"profile","data":{"_id":"4BacbzdrBWitpnJN","timestamp":"2024-10-14T14:37:59.490Z","state":"queued","mode":"standard","creationDate":"2024-10-14T14:37:59.492Z","modificationDate":"2024-10-14T14:37:59.492Z","shortid":"U9VjQ7Z","inheritedReadPermissions":[],"inheritedEditPermissions":[],"$entitySet":"profiles"},"doDiffs":false,"timestamp":1728916679492,"id":"ei5qwoq0lreku4j","previousOperationId":null,"operationId":"65bx810n1gvgofz"}
{"type":"log","level":"info","message":"Render request 20 queued for execution and waiting for available worker","previousOperationId":"65bx810n1gvgofz","timestamp":1728916679492,"id":"g5gkyw0icuqbhcn"}
{"type":"operationStart","subtype":"render","name":"page_number","previousOperationId":"65bx810n1gvgofz","timestamp":1728916679507,"id":"wllufdtqy25u2si","previousEventId":"ei5qwoq0lreku4j","operationId":"7wca35ovj4t654d"}
{"type":"log","timestamp":1728916679507,"level":"info","message":"Starting rendering request 20 (user: admin)","meta":{"rootId":"vmrjzgb0e5ubzuj","id":"vmrjzgb0e5ubzuj"},"id":"tdz7liqsuhuf9jk","previousOperationId":"7wca35ovj4t654d"}
{"type":"log","timestamp":1728916679507,"level":"info","message":"Rendering template { name: page_number, recipe: chrome-pdf, engine: handlebars, preview: true }","meta":{"rootId":"vmrjzgb0e5ubzuj","id":"vmrjzgb0e5ubzuj"},"id":"bn13jv9n54tvat1","previousOperationId":"7wca35ovj4t654d"}
{"type":"log","timestamp":1728916679507,"level":"debug","message":"Data item not defined for this template.","meta":{"rootId":"vmrjzgb0e5ubzuj","id":"vmrjzgb0e5ubzuj"},"id":"1jkkq3xa3c0dk3s","previousOperationId":"7wca35ovj4t654d"}
{"type":"log","timestamp":1728916679508,"level":"debug","message":"Base url not specified, skipping its injection.","meta":{"rootId":"vmrjzgb0e5ubzuj","id":"vmrjzgb0e5ubzuj"},"id":"xmsgplohcpanr41","previousOperationId":"7wca35ovj4t654d"}
{"type":"log","timestamp":1728916679512,"level":"debug","message":"Replaced assets [\"KhmerOSSiemreapRegular.ttf\",\"KhmerOSMuolLightRegular.ttf\",\"times new roman.ttf\"]","meta":{"rootId":"vmrjzgb0e5ubzuj","id":"vmrjzgb0e5ubzuj"},"id":"u4ffle45qviaju0","previousOperationId":"7wca35ovj4t654d"}
{"type":"operationStart","subtype":"engine","name":"handlebars","timestamp":1728916679513,"id":"sq0ryfbzc6g2kmc","previousEventId":"wllufdtqy25u2si","operationId":"54fogziocvcy457","previousOperationId":"7wca35ovj4t654d"}
{"type":"log","timestamp":1728916679513,"level":"debug","message":"Rendering engine handlebars","meta":{"rootId":"vmrjzgb0e5ubzuj","id":"vmrjzgb0e5ubzuj"},"id":"7eafxs4okpwaoyq","previousOperationId":"54fogziocvcy457"}
{"type":"operationEnd","operationId":"54fogziocvcy457","timestamp":1728916679524,"id":"wgdyq04anoxx1j4","previousEventId":"sq0ryfbzc6g2kmc","previousOperationId":"54fogziocvcy457"}
{"type":"operationStart","subtype":"recipe","name":"chrome-pdf","timestamp":1728916679527,"id":"g0lk2mm7pbocqi0","previousEventId":"wgdyq04anoxx1j4","operationId":"wundn675mho5oq3","previousOperationId":"54fogziocvcy457"}
{"type":"log","timestamp":1728916679527,"level":"debug","message":"Executing recipe chrome-pdf","meta":{"rootId":"vmrjzgb0e5ubzuj","id":"vmrjzgb0e5ubzuj"},"id":"x5zhb7sitjjcdmy","previousOperationId":"wundn675mho5oq3"}
{"type":"log","timestamp":1728916679530,"level":"debug","message":"Converting with chrome Chrome/127.0.6533.99 using chrome-pool strategy","meta":{"rootId":"vmrjzgb0e5ubzuj","id":"vmrjzgb0e5ubzuj"},"id":"1jwr2iu36qvy2z0","previousOperationId":"wundn675mho5oq3"}
{"type":"log","timestamp":1728916679584,"level":"debug","message":"Page request: GET (document) file:///C:/Users/shsmo/AppData/Local/Temp/jsreport/autocleanup/19d22647-3907-45b2-a8bd-9a20dd05bd6c-chrome-pdf.html","meta":{"rootId":"vmrjzgb0e5ubzuj","id":"vmrjzgb0e5ubzuj"},"id":"pkjm7frht9idkfl","previousOperationId":"wundn675mho5oq3"}
{"type":"log","timestamp":1728916679603,"level":"debug","message":"Page request finished: GET (document) 200 file:///C:/Users/shsmo/AppData/Local/Temp/jsreport/autocleanup/19d22647-3907-45b2-a8bd-9a20dd05bd6c-chrome-pdf.html","meta":{"rootId":"vmrjzgb0e5ubzuj","id":"vmrjzgb0e5ubzuj"},"id":"irnhdqour6w8ums","previousOperationId":"wundn675mho5oq3"}
{"type":"log","timestamp":1728916679603,"level":"debug","message":"Page request: GET (script) https://cdn.tailwindcss.com/","meta":{"rootId":"vmrjzgb0e5ubzuj","id":"vmrjzgb0e5ubzuj"},"id":"bewvhlstywsz9ox","previousOperationId":"wundn675mho5oq3"}
{"type":"log","timestamp":1728916679614,"level":"warn","message":"Page request failed: GET (script) 302 https://cdn.tailwindcss.com/ (redirect to: /3.4.5)","meta":{"rootId":"vmrjzgb0e5ubzuj","id":"vmrjzgb0e5ubzuj"},"id":"87rm8pvd214t00j","previousOperationId":"wundn675mho5oq3"}
{"type":"log","timestamp":1728916679614,"level":"debug","message":"Page request: GET (script) https://cdn.tailwindcss.com/3.4.5 (redirect from: https://cdn.tailwindcss.com/)","meta":{"rootId":"vmrjzgb0e5ubzuj","id":"vmrjzgb0e5ubzuj"},"id":"os600rpzznx9et9","previousOperationId":"wundn675mho5oq3"}
{"type":"log","timestamp":1728916679631,"level":"debug","message":"Page request finished: GET (script) 200 https://cdn.tailwindcss.com/3.4.5","meta":{"rootId":"vmrjzgb0e5ubzuj","id":"vmrjzgb0e5ubzuj"},"id":"3gn2dwqh7ilpoec","previousOperationId":"wundn675mho5oq3"}
{"type":"log","timestamp":1728916679673,"level":"debug","message":"(console:warn) cdn.tailwindcss.com should not be used in production. To use Tailwind CSS in production, install it as a PostCSS plugin or use the Tailwind CLI: https://tailwindcss.com/docs/installation","meta":{"userLevel":true,"rootId":"vmrjzgb0e5ubzuj","id":"vmrjzgb0e5ubzuj"},"id":"myifu1c98w2vwlz","previousOperationId":"wundn675mho5oq3"}
{"type":"log","timestamp":1728916679738,"level":"debug","message":"Running chrome with params {\"marginRight\":\"1.5cm\",\"marginLeft\":\"1.5cm\",\"timeout\":599961,\"margin\":{\"right\":\"1.5cm\",\"left\":\"1.5cm\"},\"printBackground\":true}","meta":{"rootId":"vmrjzgb0e5ubzuj","id":"vmrjzgb0e5ubzuj"},"id":"xene999egneznhk","previousOperationId":"wundn675mho5oq3"}
{"type":"operationEnd","operationId":"wundn675mho5oq3","timestamp":1728916679779,"id":"v6wwm6y4zxly0is","previousEventId":"g0lk2mm7pbocqi0","previousOperationId":"wundn675mho5oq3"}
{"type":"log","timestamp":1728916679779,"level":"debug","message":"Skipping storing report.","meta":{"rootId":"vmrjzgb0e5ubzuj","id":"vmrjzgb0e5ubzuj"},"id":"vo8xwx1vhemlpd1","previousOperationId":"wundn675mho5oq3"}
{"type":"log","timestamp":1728916679779,"level":"info","message":"Rendering request 20 finished in 289 ms","meta":{"rootId":"vmrjzgb0e5ubzuj","id":"vmrjzgb0e5ubzuj"},"id":"cti52l7gcapcir9","previousOperationId":"wundn675mho5oq3"}
{"type":"operationEnd","subtype":"render","operationId":"7wca35ovj4t654d","timestamp":1728916679779,"id":"xc7gp53sc6svsjp","previousEventId":"v6wwm6y4zxly0is","previousOperationId":"wundn675mho5oq3"}
{"type":"operationEnd","doDiffs":false,"previousEventId":"ei5qwoq0lreku4j","previousOperationId":"65bx810n1gvgofz","operationId":"65bx810n1gvgofz","timestamp":1728916679782,"id":"hyk3l1icsfxb1bh"}
