{"type":"operationStart","subtype":"profile","data":{"_id":"kTKGFSDBDNI0ZvbO","timestamp":"2024-10-13T06:27:43.808Z","state":"queued","mode":"standard","creationDate":"2024-10-13T06:27:43.810Z","modificationDate":"2024-10-13T06:27:43.810Z","shortid":"6uqlJzf","inheritedReadPermissions":[],"inheritedEditPermissions":[],"$entitySet":"profiles"},"doDiffs":false,"timestamp":1728800863809,"id":"sxyghe6808z0w8o","previousOperationId":null,"operationId":"n0gsti5igvua5k1"}
{"type":"log","level":"info","message":"Render request 97 queued for execution and waiting for available worker","previousOperationId":"n0gsti5igvua5k1","timestamp":1728800863809,"id":"pa893tp9dhli7ui"}
{"type":"operationStart","subtype":"render","name":"page_number","previousOperationId":"n0gsti5igvua5k1","timestamp":1728800863822,"id":"nwowbwvq2q64r8c","previousEventId":"sxyghe6808z0w8o","operationId":"k385n9pa0jcplw3"}
{"type":"log","timestamp":1728800863822,"level":"info","message":"Starting rendering request 97 (user: admin)","meta":{"rootId":"wsytyw8ld10kfic","id":"wsytyw8ld10kfic"},"id":"wb04s0mn3k953p1","previousOperationId":"k385n9pa0jcplw3"}
{"type":"log","timestamp":1728800863822,"level":"info","message":"Rendering template { name: page_number, recipe: chrome-pdf, engine: handlebars, preview: true }","meta":{"rootId":"wsytyw8ld10kfic","id":"wsytyw8ld10kfic"},"id":"27mh1gze4jw61zs","previousOperationId":"k385n9pa0jcplw3"}
{"type":"log","timestamp":1728800863823,"level":"debug","message":"Data item not defined for this template.","meta":{"rootId":"wsytyw8ld10kfic","id":"wsytyw8ld10kfic"},"id":"ueqhv6w7r6rgsus","previousOperationId":"k385n9pa0jcplw3"}
{"type":"log","timestamp":1728800863824,"level":"debug","message":"Base url not specified, skipping its injection.","meta":{"rootId":"wsytyw8ld10kfic","id":"wsytyw8ld10kfic"},"id":"heaynixi6oggtfc","previousOperationId":"k385n9pa0jcplw3"}
{"type":"log","timestamp":1728800863826,"level":"debug","message":"Replaced assets [\"KhmerOSSiemreapRegular.ttf\",\"KhmerOSMuolLightRegular.ttf\",\"times new roman.ttf\"]","meta":{"rootId":"wsytyw8ld10kfic","id":"wsytyw8ld10kfic"},"id":"6kkbguim9wzoyqm","previousOperationId":"k385n9pa0jcplw3"}
{"type":"operationStart","subtype":"engine","name":"handlebars","timestamp":1728800863827,"id":"idxb73z2hbqayvr","previousEventId":"nwowbwvq2q64r8c","operationId":"23auxv0642ylv55","previousOperationId":"k385n9pa0jcplw3"}
{"type":"log","timestamp":1728800863827,"level":"debug","message":"Rendering engine handlebars","meta":{"rootId":"wsytyw8ld10kfic","id":"wsytyw8ld10kfic"},"id":"uy1cnngjxed8jcl","previousOperationId":"23auxv0642ylv55"}
{"type":"operationEnd","operationId":"23auxv0642ylv55","timestamp":1728800863842,"id":"6ndneik60ungk2e","previousEventId":"idxb73z2hbqayvr","previousOperationId":"23auxv0642ylv55"}
{"type":"operationStart","subtype":"recipe","name":"chrome-pdf","timestamp":1728800863845,"id":"l7v8qpgkzyoysl6","previousEventId":"6ndneik60ungk2e","operationId":"4ozqmolh6rzbevv","previousOperationId":"23auxv0642ylv55"}
{"type":"log","timestamp":1728800863845,"level":"debug","message":"Executing recipe chrome-pdf","meta":{"rootId":"wsytyw8ld10kfic","id":"wsytyw8ld10kfic"},"id":"bcntluoa1bnr33i","previousOperationId":"4ozqmolh6rzbevv"}
{"type":"log","timestamp":1728800863847,"level":"debug","message":"Converting with chrome Chrome/127.0.6533.99 using chrome-pool strategy","meta":{"rootId":"wsytyw8ld10kfic","id":"wsytyw8ld10kfic"},"id":"fmb9mgeayyl18m8","previousOperationId":"4ozqmolh6rzbevv"}
{"type":"log","timestamp":1728800863886,"level":"debug","message":"Page request: GET (document) file:///C:/Users/shsmo/AppData/Local/Temp/jsreport/autocleanup/bd89b480-dff4-4cba-9528-c09718ea4a47-chrome-pdf.html","meta":{"rootId":"wsytyw8ld10kfic","id":"wsytyw8ld10kfic"},"id":"4wcxr2o348vr4t5","previousOperationId":"4ozqmolh6rzbevv"}
{"type":"log","timestamp":1728800863896,"level":"debug","message":"Page request: GET (script) https://cdn.tailwindcss.com/","meta":{"rootId":"wsytyw8ld10kfic","id":"wsytyw8ld10kfic"},"id":"owgmfmi7ef5vfn9","previousOperationId":"4ozqmolh6rzbevv"}
{"type":"log","timestamp":1728800863896,"level":"debug","message":"Page request finished: GET (document) 200 file:///C:/Users/shsmo/AppData/Local/Temp/jsreport/autocleanup/bd89b480-dff4-4cba-9528-c09718ea4a47-chrome-pdf.html","meta":{"rootId":"wsytyw8ld10kfic","id":"wsytyw8ld10kfic"},"id":"eb7kcqiebuaxsqh","previousOperationId":"4ozqmolh6rzbevv"}
{"type":"log","timestamp":1728800863903,"level":"warn","message":"Page request failed: GET (script) 302 https://cdn.tailwindcss.com/ (redirect to: /3.4.5)","meta":{"rootId":"wsytyw8ld10kfic","id":"wsytyw8ld10kfic"},"id":"c704j0hyjda9ddi","previousOperationId":"4ozqmolh6rzbevv"}
{"type":"log","timestamp":1728800863903,"level":"debug","message":"Page request: GET (script) https://cdn.tailwindcss.com/3.4.5 (redirect from: https://cdn.tailwindcss.com/)","meta":{"rootId":"wsytyw8ld10kfic","id":"wsytyw8ld10kfic"},"id":"xlgovkt8itjp71y","previousOperationId":"4ozqmolh6rzbevv"}
{"type":"log","timestamp":1728800863916,"level":"debug","message":"Page request finished: GET (script) 200 https://cdn.tailwindcss.com/3.4.5","meta":{"rootId":"wsytyw8ld10kfic","id":"wsytyw8ld10kfic"},"id":"xuq9ufa5bebjcba","previousOperationId":"4ozqmolh6rzbevv"}
{"type":"log","timestamp":1728800863948,"level":"debug","message":"(console:warn) cdn.tailwindcss.com should not be used in production. To use Tailwind CSS in production, install it as a PostCSS plugin or use the Tailwind CLI: https://tailwindcss.com/docs/installation","meta":{"userLevel":true,"rootId":"wsytyw8ld10kfic","id":"wsytyw8ld10kfic"},"id":"axo59dazmiw7j86","previousOperationId":"4ozqmolh6rzbevv"}
{"type":"log","timestamp":1728800864003,"level":"debug","message":"Running chrome with params {\"marginRight\":\"1.5cm\",\"marginLeft\":\"1cm\",\"timeout\":599962,\"margin\":{\"right\":\"1.5cm\",\"left\":\"1cm\"},\"printBackground\":true}","meta":{"rootId":"wsytyw8ld10kfic","id":"wsytyw8ld10kfic"},"id":"zy9p899xsn7nuq8","previousOperationId":"4ozqmolh6rzbevv"}
{"type":"operationEnd","operationId":"4ozqmolh6rzbevv","timestamp":1728800864043,"id":"3umcioxvn1oi0u3","previousEventId":"l7v8qpgkzyoysl6","previousOperationId":"4ozqmolh6rzbevv"}
{"type":"log","timestamp":1728800864044,"level":"debug","message":"Skipping storing report.","meta":{"rootId":"wsytyw8ld10kfic","id":"wsytyw8ld10kfic"},"id":"ef7uwh7gx8767vg","previousOperationId":"4ozqmolh6rzbevv"}
{"type":"log","timestamp":1728800864044,"level":"info","message":"Rendering request 97 finished in 236 ms","meta":{"rootId":"wsytyw8ld10kfic","id":"wsytyw8ld10kfic"},"id":"rcx8a759esxvqvt","previousOperationId":"4ozqmolh6rzbevv"}
{"type":"operationEnd","subtype":"render","operationId":"k385n9pa0jcplw3","timestamp":1728800864044,"id":"lb2shk2scpxd07g","previousEventId":"3umcioxvn1oi0u3","previousOperationId":"4ozqmolh6rzbevv"}
{"type":"operationEnd","doDiffs":false,"previousEventId":"sxyghe6808z0w8o","previousOperationId":"n0gsti5igvua5k1","operationId":"n0gsti5igvua5k1","timestamp":1728800864045,"id":"mtvfer0blt41tit"}
