{"type":"operationStart","subtype":"profile","data":{"_id":"JWZkDSyGClSl5sFs","timestamp":"2024-10-11T18:31:48.375Z","state":"queued","mode":"standard","creationDate":"2024-10-11T18:31:48.377Z","modificationDate":"2024-10-11T18:31:48.377Z","shortid":"EaMhIgC","inheritedReadPermissions":[],"inheritedEditPermissions":[],"$entitySet":"profiles"},"doDiffs":false,"timestamp":1728671508376,"id":"1jcc9wznlqnbvkp","previousOperationId":null,"operationId":"cle2unvxisvzcjw"}
{"type":"log","level":"info","message":"Render request 185 queued for execution and waiting for available worker","previousOperationId":"cle2unvxisvzcjw","timestamp":1728671508376,"id":"xn6a5xlfwsmxb1e"}
{"type":"operationStart","subtype":"render","name":"page_number","previousOperationId":"cle2unvxisvzcjw","timestamp":1728671508393,"id":"5hm5c8qo5rz76kp","previousEventId":"1jcc9wznlqnbvkp","operationId":"mwwh0u2rehqu96s"}
{"type":"log","timestamp":1728671508393,"level":"info","message":"Starting rendering request 185 (user: admin)","meta":{"rootId":"wu5fymjwgvv1awt","id":"wu5fymjwgvv1awt"},"id":"mzdu8ceyo4tejxm","previousOperationId":"mwwh0u2rehqu96s"}
{"type":"log","timestamp":1728671508393,"level":"info","message":"Rendering template { name: page_number, recipe: chrome-pdf, engine: handlebars, preview: true }","meta":{"rootId":"wu5fymjwgvv1awt","id":"wu5fymjwgvv1awt"},"id":"7i0ec5j9i2qjtij","previousOperationId":"mwwh0u2rehqu96s"}
{"type":"log","timestamp":1728671508394,"level":"debug","message":"Data item not defined for this template.","meta":{"rootId":"wu5fymjwgvv1awt","id":"wu5fymjwgvv1awt"},"id":"1h5g182cr30tk1d","previousOperationId":"mwwh0u2rehqu96s"}
{"type":"log","timestamp":1728671508395,"level":"debug","message":"Base url not specified, skipping its injection.","meta":{"rootId":"wu5fymjwgvv1awt","id":"wu5fymjwgvv1awt"},"id":"zlw0p5gt06yv0qd","previousOperationId":"mwwh0u2rehqu96s"}
{"type":"log","timestamp":1728671508400,"level":"debug","message":"Replaced assets [\"KhmerOSSiemreapRegular.ttf\",\"KhmerOSMuolLightRegular.ttf\",\"times new roman.ttf\"]","meta":{"rootId":"wu5fymjwgvv1awt","id":"wu5fymjwgvv1awt"},"id":"okh7hikexbphuvg","previousOperationId":"mwwh0u2rehqu96s"}
{"type":"operationStart","subtype":"engine","name":"handlebars","timestamp":1728671508400,"id":"tlhtu08c6ojsnqj","previousEventId":"5hm5c8qo5rz76kp","operationId":"mj326qa8tep1t1h","previousOperationId":"mwwh0u2rehqu96s"}
{"type":"log","timestamp":1728671508400,"level":"debug","message":"Rendering engine handlebars","meta":{"rootId":"wu5fymjwgvv1awt","id":"wu5fymjwgvv1awt"},"id":"pwr2ru6ealtfoxb","previousOperationId":"mj326qa8tep1t1h"}
{"type":"operationEnd","operationId":"mj326qa8tep1t1h","timestamp":1728671508420,"id":"b12t9h4lh2go7vz","previousEventId":"tlhtu08c6ojsnqj","previousOperationId":"mj326qa8tep1t1h"}
{"type":"operationStart","subtype":"recipe","name":"chrome-pdf","timestamp":1728671508422,"id":"7c0mxism89jp6pr","previousEventId":"b12t9h4lh2go7vz","operationId":"x9235n37xoyungq","previousOperationId":"mj326qa8tep1t1h"}
{"type":"log","timestamp":1728671508422,"level":"debug","message":"Executing recipe chrome-pdf","meta":{"rootId":"wu5fymjwgvv1awt","id":"wu5fymjwgvv1awt"},"id":"rrai27ekotizh3s","previousOperationId":"x9235n37xoyungq"}
{"type":"log","timestamp":1728671508425,"level":"debug","message":"Converting with chrome Chrome/127.0.6533.99 using chrome-pool strategy","meta":{"rootId":"wu5fymjwgvv1awt","id":"wu5fymjwgvv1awt"},"id":"f68kb8qykkbutkq","previousOperationId":"x9235n37xoyungq"}
{"type":"log","timestamp":1728671508478,"level":"debug","message":"Page request: GET (document) file:///C:/Users/shsmo/AppData/Local/Temp/jsreport/autocleanup/2d0bd918-2c81-4702-a239-071b6ff2e54c-chrome-pdf.html","meta":{"rootId":"wu5fymjwgvv1awt","id":"wu5fymjwgvv1awt"},"id":"5vluh33kl9007x0","previousOperationId":"x9235n37xoyungq"}
{"type":"log","timestamp":1728671508490,"level":"debug","message":"Page request: GET (script) https://cdn.tailwindcss.com/","meta":{"rootId":"wu5fymjwgvv1awt","id":"wu5fymjwgvv1awt"},"id":"m57c5yz3kd786fi","previousOperationId":"x9235n37xoyungq"}
{"type":"log","timestamp":1728671508493,"level":"debug","message":"Page request finished: GET (document) 200 file:///C:/Users/shsmo/AppData/Local/Temp/jsreport/autocleanup/2d0bd918-2c81-4702-a239-071b6ff2e54c-chrome-pdf.html","meta":{"rootId":"wu5fymjwgvv1awt","id":"wu5fymjwgvv1awt"},"id":"ff5lwbemhlzk98u","previousOperationId":"x9235n37xoyungq"}
{"type":"log","timestamp":1728671508499,"level":"warn","message":"Page request failed: GET (script) 302 https://cdn.tailwindcss.com/ (redirect to: /3.4.5)","meta":{"rootId":"wu5fymjwgvv1awt","id":"wu5fymjwgvv1awt"},"id":"86t87tlft8ak4i1","previousOperationId":"x9235n37xoyungq"}
{"type":"log","timestamp":1728671508499,"level":"debug","message":"Page request: GET (script) https://cdn.tailwindcss.com/3.4.5 (redirect from: https://cdn.tailwindcss.com/)","meta":{"rootId":"wu5fymjwgvv1awt","id":"wu5fymjwgvv1awt"},"id":"khkgcix4cgnfqh9","previousOperationId":"x9235n37xoyungq"}
{"type":"log","timestamp":1728671508516,"level":"debug","message":"Page request finished: GET (script) 200 https://cdn.tailwindcss.com/3.4.5","meta":{"rootId":"wu5fymjwgvv1awt","id":"wu5fymjwgvv1awt"},"id":"nfhcfzxrxbh53l2","previousOperationId":"x9235n37xoyungq"}
{"type":"log","timestamp":1728671508557,"level":"debug","message":"(console:warn) cdn.tailwindcss.com should not be used in production. To use Tailwind CSS in production, install it as a PostCSS plugin or use the Tailwind CLI: https://tailwindcss.com/docs/installation","meta":{"userLevel":true,"rootId":"wu5fymjwgvv1awt","id":"wu5fymjwgvv1awt"},"id":"pwgrn4j0ng02t8c","previousOperationId":"x9235n37xoyungq"}
{"type":"log","timestamp":1728671508619,"level":"debug","message":"Running chrome with params {\"marginRight\":\"1.5cm\",\"marginLeft\":\"1cm\",\"timeout\":599951,\"margin\":{\"right\":\"1.5cm\",\"left\":\"1cm\"},\"printBackground\":true}","meta":{"rootId":"wu5fymjwgvv1awt","id":"wu5fymjwgvv1awt"},"id":"wa3w0kbr1o9lwc8","previousOperationId":"x9235n37xoyungq"}
{"type":"operationEnd","operationId":"x9235n37xoyungq","timestamp":1728671508662,"id":"wjcpxae2vlf5bkh","previousEventId":"7c0mxism89jp6pr","previousOperationId":"x9235n37xoyungq"}
{"type":"log","timestamp":1728671508662,"level":"debug","message":"Skipping storing report.","meta":{"rootId":"wu5fymjwgvv1awt","id":"wu5fymjwgvv1awt"},"id":"3zo41r5wdy2ozmf","previousOperationId":"x9235n37xoyungq"}
{"type":"log","timestamp":1728671508662,"level":"info","message":"Rendering request 185 finished in 287 ms","meta":{"rootId":"wu5fymjwgvv1awt","id":"wu5fymjwgvv1awt"},"id":"sh80z88t11w4nh1","previousOperationId":"x9235n37xoyungq"}
{"type":"operationEnd","subtype":"render","operationId":"mwwh0u2rehqu96s","timestamp":1728671508662,"id":"3m34v3tm6dgi9lt","previousEventId":"wjcpxae2vlf5bkh","previousOperationId":"x9235n37xoyungq"}
{"type":"operationEnd","doDiffs":false,"previousEventId":"1jcc9wznlqnbvkp","previousOperationId":"cle2unvxisvzcjw","operationId":"cle2unvxisvzcjw","timestamp":1728671508664,"id":"8onzofyeo63m48o"}
