{"type":"operationStart","subtype":"profile","data":{"_id":"jlAxC4Lon81uze3c","timestamp":"2024-10-13T06:22:16.206Z","state":"queued","mode":"standard","creationDate":"2024-10-13T06:22:16.207Z","modificationDate":"2024-10-13T06:22:16.207Z","shortid":"It8sciG","inheritedReadPermissions":[],"inheritedEditPermissions":[],"$entitySet":"profiles"},"doDiffs":false,"timestamp":1728800536206,"id":"k1fok1srv0z9w6z","previousOperationId":null,"operationId":"ydwp4r3cy0az38n"}
{"type":"log","level":"info","message":"Render request 84 queued for execution and waiting for available worker","previousOperationId":"ydwp4r3cy0az38n","timestamp":1728800536206,"id":"m59m8eze1a1k1e0"}
{"type":"operationStart","subtype":"render","name":"page_number","previousOperationId":"ydwp4r3cy0az38n","timestamp":1728800536220,"id":"5jlpcu08oyrz9be","previousEventId":"k1fok1srv0z9w6z","operationId":"lwslojp9f7ufnlu"}
{"type":"log","timestamp":1728800536220,"level":"info","message":"Starting rendering request 84 (user: admin)","meta":{"rootId":"xurheknca137pku","id":"xurheknca137pku"},"id":"ptmf4kt1rftpnkv","previousOperationId":"lwslojp9f7ufnlu"}
{"type":"log","timestamp":1728800536220,"level":"info","message":"Rendering template { name: page_number, recipe: chrome-pdf, engine: handlebars, preview: true }","meta":{"rootId":"xurheknca137pku","id":"xurheknca137pku"},"id":"8c11iysi4kz01bn","previousOperationId":"lwslojp9f7ufnlu"}
{"type":"log","timestamp":1728800536220,"level":"debug","message":"Data item not defined for this template.","meta":{"rootId":"xurheknca137pku","id":"xurheknca137pku"},"id":"bt9ki2a5j0go1s0","previousOperationId":"lwslojp9f7ufnlu"}
{"type":"log","timestamp":1728800536222,"level":"debug","message":"Base url not specified, skipping its injection.","meta":{"rootId":"xurheknca137pku","id":"xurheknca137pku"},"id":"esrv8qu3ffxwuq6","previousOperationId":"lwslojp9f7ufnlu"}
{"type":"log","timestamp":1728800536225,"level":"debug","message":"Replaced assets [\"KhmerOSSiemreapRegular.ttf\",\"KhmerOSMuolLightRegular.ttf\",\"times new roman.ttf\"]","meta":{"rootId":"xurheknca137pku","id":"xurheknca137pku"},"id":"ik3trjl3uwsob5m","previousOperationId":"lwslojp9f7ufnlu"}
{"type":"operationStart","subtype":"engine","name":"handlebars","timestamp":1728800536225,"id":"30n8xa21m3u864x","previousEventId":"5jlpcu08oyrz9be","operationId":"0g7ftpz2h46kfxh","previousOperationId":"lwslojp9f7ufnlu"}
{"type":"log","timestamp":1728800536225,"level":"debug","message":"Rendering engine handlebars","meta":{"rootId":"xurheknca137pku","id":"xurheknca137pku"},"id":"peoe56d1qkmaoqw","previousOperationId":"0g7ftpz2h46kfxh"}
{"type":"operationEnd","operationId":"0g7ftpz2h46kfxh","timestamp":1728800536242,"id":"0960lx6cup346gp","previousEventId":"30n8xa21m3u864x","previousOperationId":"0g7ftpz2h46kfxh"}
{"type":"operationStart","subtype":"recipe","name":"chrome-pdf","timestamp":1728800536245,"id":"sqr0oktd4o1ofa0","previousEventId":"0960lx6cup346gp","operationId":"fbqcw4fa8mbybpr","previousOperationId":"0g7ftpz2h46kfxh"}
{"type":"log","timestamp":1728800536245,"level":"debug","message":"Executing recipe chrome-pdf","meta":{"rootId":"xurheknca137pku","id":"xurheknca137pku"},"id":"la854cn12j6r0zr","previousOperationId":"fbqcw4fa8mbybpr"}
{"type":"log","timestamp":1728800536249,"level":"debug","message":"Converting with chrome Chrome/127.0.6533.99 using chrome-pool strategy","meta":{"rootId":"xurheknca137pku","id":"xurheknca137pku"},"id":"m9esdxbim291iwz","previousOperationId":"fbqcw4fa8mbybpr"}
{"type":"log","timestamp":1728800536290,"level":"debug","message":"Page request: GET (document) file:///C:/Users/shsmo/AppData/Local/Temp/jsreport/autocleanup/eb7fe4ec-1edb-498d-b6b1-30bf0fa3e116-chrome-pdf.html","meta":{"rootId":"xurheknca137pku","id":"xurheknca137pku"},"id":"6qwpqrbidc1x1ns","previousOperationId":"fbqcw4fa8mbybpr"}
{"type":"log","timestamp":1728800536304,"level":"debug","message":"Page request finished: GET (document) 200 file:///C:/Users/shsmo/AppData/Local/Temp/jsreport/autocleanup/eb7fe4ec-1edb-498d-b6b1-30bf0fa3e116-chrome-pdf.html","meta":{"rootId":"xurheknca137pku","id":"xurheknca137pku"},"id":"z46o1mhdfc4w42i","previousOperationId":"fbqcw4fa8mbybpr"}
{"type":"log","timestamp":1728800536304,"level":"debug","message":"Page request: GET (script) https://cdn.tailwindcss.com/","meta":{"rootId":"xurheknca137pku","id":"xurheknca137pku"},"id":"b9momy20gq8r4ok","previousOperationId":"fbqcw4fa8mbybpr"}
{"type":"log","timestamp":1728800536311,"level":"warn","message":"Page request failed: GET (script) 302 https://cdn.tailwindcss.com/ (redirect to: /3.4.5)","meta":{"rootId":"xurheknca137pku","id":"xurheknca137pku"},"id":"xf97lrit1pb4hrn","previousOperationId":"fbqcw4fa8mbybpr"}
{"type":"log","timestamp":1728800536311,"level":"debug","message":"Page request: GET (script) https://cdn.tailwindcss.com/3.4.5 (redirect from: https://cdn.tailwindcss.com/)","meta":{"rootId":"xurheknca137pku","id":"xurheknca137pku"},"id":"fnvu6d0ca52d3i8","previousOperationId":"fbqcw4fa8mbybpr"}
{"type":"log","timestamp":1728800536324,"level":"debug","message":"Page request finished: GET (script) 200 https://cdn.tailwindcss.com/3.4.5","meta":{"rootId":"xurheknca137pku","id":"xurheknca137pku"},"id":"addst2urwwzsjz8","previousOperationId":"fbqcw4fa8mbybpr"}
{"type":"log","timestamp":1728800536355,"level":"debug","message":"(console:warn) cdn.tailwindcss.com should not be used in production. To use Tailwind CSS in production, install it as a PostCSS plugin or use the Tailwind CLI: https://tailwindcss.com/docs/installation","meta":{"userLevel":true,"rootId":"xurheknca137pku","id":"xurheknca137pku"},"id":"gqa0oxttla12nms","previousOperationId":"fbqcw4fa8mbybpr"}
{"type":"log","timestamp":1728800536421,"level":"debug","message":"Running chrome with params {\"marginRight\":\"1.5cm\",\"marginLeft\":\"1cm\",\"timeout\":599958,\"margin\":{\"right\":\"1.5cm\",\"left\":\"1cm\"},\"printBackground\":true}","meta":{"rootId":"xurheknca137pku","id":"xurheknca137pku"},"id":"lq30qitjdpfile9","previousOperationId":"fbqcw4fa8mbybpr"}
{"type":"operationEnd","operationId":"fbqcw4fa8mbybpr","timestamp":1728800536457,"id":"1pc4jwl6h9exei3","previousEventId":"sqr0oktd4o1ofa0","previousOperationId":"fbqcw4fa8mbybpr"}
{"type":"log","timestamp":1728800536457,"level":"debug","message":"Skipping storing report.","meta":{"rootId":"xurheknca137pku","id":"xurheknca137pku"},"id":"x7tsuk9wiutyv83","previousOperationId":"fbqcw4fa8mbybpr"}
{"type":"log","timestamp":1728800536457,"level":"info","message":"Rendering request 84 finished in 251 ms","meta":{"rootId":"xurheknca137pku","id":"xurheknca137pku"},"id":"tjg3yn1x34tbyii","previousOperationId":"fbqcw4fa8mbybpr"}
{"type":"operationEnd","subtype":"render","operationId":"lwslojp9f7ufnlu","timestamp":1728800536457,"id":"5fvf1jdhgzh46hf","previousEventId":"1pc4jwl6h9exei3","previousOperationId":"fbqcw4fa8mbybpr"}
{"type":"operationEnd","doDiffs":false,"previousEventId":"k1fok1srv0z9w6z","previousOperationId":"ydwp4r3cy0az38n","operationId":"ydwp4r3cy0az38n","timestamp":1728800536460,"id":"pq9pd3tpuyesjbe"}
