{"type":"operationStart","subtype":"profile","data":{"_id":"cnJwGXZWKdiAwPHX","timestamp":"2024-10-14T14:38:26.659Z","state":"queued","mode":"standard","creationDate":"2024-10-14T14:38:26.662Z","modificationDate":"2024-10-14T14:38:26.662Z","shortid":"pvzxSJ3","inheritedReadPermissions":[],"inheritedEditPermissions":[],"$entitySet":"profiles"},"doDiffs":false,"timestamp":1728916706661,"id":"kqofxeja7dme8n7","previousOperationId":null,"operationId":"jmmiug35lgnxyor"}
{"type":"log","level":"info","message":"Render request 22 queued for execution and waiting for available worker","previousOperationId":"jmmiug35lgnxyor","timestamp":1728916706661,"id":"9187iqqw2psir1h"}
{"type":"operationStart","subtype":"render","name":"page_number","previousOperationId":"jmmiug35lgnxyor","timestamp":1728916706673,"id":"em81hsqpp1fz0s3","previousEventId":"kqofxeja7dme8n7","operationId":"nkzi6xskdcb271n"}
{"type":"log","timestamp":1728916706674,"level":"info","message":"Starting rendering request 22 (user: admin)","meta":{"rootId":"z8xul99lubp4iwu","id":"z8xul99lubp4iwu"},"id":"tdps3ajv2otnsnj","previousOperationId":"nkzi6xskdcb271n"}
{"type":"log","timestamp":1728916706674,"level":"info","message":"Rendering template { name: page_number, recipe: chrome-pdf, engine: handlebars, preview: true }","meta":{"rootId":"z8xul99lubp4iwu","id":"z8xul99lubp4iwu"},"id":"myyduzpb98xvv8v","previousOperationId":"nkzi6xskdcb271n"}
{"type":"log","timestamp":1728916706674,"level":"debug","message":"Data item not defined for this template.","meta":{"rootId":"z8xul99lubp4iwu","id":"z8xul99lubp4iwu"},"id":"wonactjplbmpnz3","previousOperationId":"nkzi6xskdcb271n"}
{"type":"log","timestamp":1728916706675,"level":"debug","message":"Base url not specified, skipping its injection.","meta":{"rootId":"z8xul99lubp4iwu","id":"z8xul99lubp4iwu"},"id":"6vegpx5g6rd9iao","previousOperationId":"nkzi6xskdcb271n"}
{"type":"log","timestamp":1728916706679,"level":"debug","message":"Replaced assets [\"KhmerOSSiemreapRegular.ttf\",\"KhmerOSMuolLightRegular.ttf\",\"times new roman.ttf\"]","meta":{"rootId":"z8xul99lubp4iwu","id":"z8xul99lubp4iwu"},"id":"a1vjxue04623bc6","previousOperationId":"nkzi6xskdcb271n"}
{"type":"operationStart","subtype":"engine","name":"handlebars","timestamp":1728916706679,"id":"9dh3d4uwkt1173i","previousEventId":"em81hsqpp1fz0s3","operationId":"bd5051xzse9wn4t","previousOperationId":"nkzi6xskdcb271n"}
{"type":"log","timestamp":1728916706679,"level":"debug","message":"Rendering engine handlebars","meta":{"rootId":"z8xul99lubp4iwu","id":"z8xul99lubp4iwu"},"id":"kgpjqput6zndbgd","previousOperationId":"bd5051xzse9wn4t"}
{"type":"operationEnd","operationId":"bd5051xzse9wn4t","timestamp":1728916706708,"id":"yh9nnplib81jt0s","previousEventId":"9dh3d4uwkt1173i","previousOperationId":"bd5051xzse9wn4t"}
{"type":"operationStart","subtype":"recipe","name":"chrome-pdf","timestamp":1728916706712,"id":"zy4prwyuvr5bhg9","previousEventId":"yh9nnplib81jt0s","operationId":"j5buzkchax8ja12","previousOperationId":"bd5051xzse9wn4t"}
{"type":"log","timestamp":1728916706712,"level":"debug","message":"Executing recipe chrome-pdf","meta":{"rootId":"z8xul99lubp4iwu","id":"z8xul99lubp4iwu"},"id":"vsk9q78lufhr6n6","previousOperationId":"j5buzkchax8ja12"}
{"type":"log","timestamp":1728916706716,"level":"debug","message":"Converting with chrome Chrome/127.0.6533.99 using chrome-pool strategy","meta":{"rootId":"z8xul99lubp4iwu","id":"z8xul99lubp4iwu"},"id":"y507l6zal6r8zr8","previousOperationId":"j5buzkchax8ja12"}
{"type":"log","timestamp":1728916706764,"level":"debug","message":"Page request: GET (document) file:///C:/Users/shsmo/AppData/Local/Temp/jsreport/autocleanup/432e7b99-352e-474b-a1f3-31554bbdcbac-chrome-pdf.html","meta":{"rootId":"z8xul99lubp4iwu","id":"z8xul99lubp4iwu"},"id":"hfdifomq52nuvym","previousOperationId":"j5buzkchax8ja12"}
{"type":"log","timestamp":1728916706783,"level":"debug","message":"Page request finished: GET (document) 200 file:///C:/Users/shsmo/AppData/Local/Temp/jsreport/autocleanup/432e7b99-352e-474b-a1f3-31554bbdcbac-chrome-pdf.html","meta":{"rootId":"z8xul99lubp4iwu","id":"z8xul99lubp4iwu"},"id":"e0i4qyquiyons8t","previousOperationId":"j5buzkchax8ja12"}
{"type":"log","timestamp":1728916706783,"level":"debug","message":"Page request: GET (script) https://cdn.tailwindcss.com/","meta":{"rootId":"z8xul99lubp4iwu","id":"z8xul99lubp4iwu"},"id":"4yxa1gfa5018zfa","previousOperationId":"j5buzkchax8ja12"}
{"type":"log","timestamp":1728916706792,"level":"warn","message":"Page request failed: GET (script) 302 https://cdn.tailwindcss.com/ (redirect to: /3.4.5)","meta":{"rootId":"z8xul99lubp4iwu","id":"z8xul99lubp4iwu"},"id":"6x3uk4yk55llhaz","previousOperationId":"j5buzkchax8ja12"}
{"type":"log","timestamp":1728916706792,"level":"debug","message":"Page request: GET (script) https://cdn.tailwindcss.com/3.4.5 (redirect from: https://cdn.tailwindcss.com/)","meta":{"rootId":"z8xul99lubp4iwu","id":"z8xul99lubp4iwu"},"id":"uuhlmyv2dxh2rgc","previousOperationId":"j5buzkchax8ja12"}
{"type":"log","timestamp":1728916706809,"level":"debug","message":"Page request finished: GET (script) 200 https://cdn.tailwindcss.com/3.4.5","meta":{"rootId":"z8xul99lubp4iwu","id":"z8xul99lubp4iwu"},"id":"65ac6mzv0q8q5uo","previousOperationId":"j5buzkchax8ja12"}
{"type":"log","timestamp":1728916706858,"level":"debug","message":"(console:warn) cdn.tailwindcss.com should not be used in production. To use Tailwind CSS in production, install it as a PostCSS plugin or use the Tailwind CLI: https://tailwindcss.com/docs/installation","meta":{"userLevel":true,"rootId":"z8xul99lubp4iwu","id":"z8xul99lubp4iwu"},"id":"0h02qhfqmxjm535","previousOperationId":"j5buzkchax8ja12"}
{"type":"log","timestamp":1728916706922,"level":"debug","message":"Running chrome with params {\"marginRight\":\"1.5cm\",\"marginLeft\":\"1.5cm\",\"timeout\":599944,\"margin\":{\"right\":\"1.5cm\",\"left\":\"1.5cm\"},\"printBackground\":true}","meta":{"rootId":"z8xul99lubp4iwu","id":"z8xul99lubp4iwu"},"id":"6dthe92mlv4ei4j","previousOperationId":"j5buzkchax8ja12"}
{"type":"operationEnd","operationId":"j5buzkchax8ja12","timestamp":1728916706966,"id":"w7181e02vgdcizq","previousEventId":"zy4prwyuvr5bhg9","previousOperationId":"j5buzkchax8ja12"}
{"type":"log","timestamp":1728916706966,"level":"debug","message":"Skipping storing report.","meta":{"rootId":"z8xul99lubp4iwu","id":"z8xul99lubp4iwu"},"id":"8bu0v0a9s30t58k","previousOperationId":"j5buzkchax8ja12"}
{"type":"log","timestamp":1728916706966,"level":"info","message":"Rendering request 22 finished in 307 ms","meta":{"rootId":"z8xul99lubp4iwu","id":"z8xul99lubp4iwu"},"id":"dvsgp2uxd6ok7ru","previousOperationId":"j5buzkchax8ja12"}
{"type":"operationEnd","subtype":"render","operationId":"nkzi6xskdcb271n","timestamp":1728916706966,"id":"dfltjc9pcx36nwv","previousEventId":"w7181e02vgdcizq","previousOperationId":"j5buzkchax8ja12"}
{"type":"operationEnd","doDiffs":false,"previousEventId":"kqofxeja7dme8n7","previousOperationId":"jmmiug35lgnxyor","operationId":"jmmiug35lgnxyor","timestamp":1728916706968,"id":"88kknjo5zhxokuv"}
