{"type":"operationStart","subtype":"profile","data":{"_id":"sATKDhPhTcMlPSgM","timestamp":"2024-10-13T06:28:10.051Z","state":"queued","mode":"standard","creationDate":"2024-10-13T06:28:10.052Z","modificationDate":"2024-10-13T06:28:10.052Z","shortid":"HLUmogA","inheritedReadPermissions":[],"inheritedEditPermissions":[],"$entitySet":"profiles"},"doDiffs":false,"timestamp":1728800890052,"id":"kp6hhz07mvf01sf","previousOperationId":null,"operationId":"dji81k8y8crrpwl"}
{"type":"log","level":"info","message":"Render request 99 queued for execution and waiting for available worker","previousOperationId":"dji81k8y8crrpwl","timestamp":1728800890052,"id":"3gr1mogsenu73kf"}
{"type":"operationStart","subtype":"render","name":"page_number","previousOperationId":"dji81k8y8crrpwl","timestamp":1728800890064,"id":"mb8umesmm2pxzqv","previousEventId":"kp6hhz07mvf01sf","operationId":"yh8ig3wf7mcx1cy"}
{"type":"log","timestamp":1728800890064,"level":"info","message":"Starting rendering request 99 (user: admin)","meta":{"rootId":"zai5qlf2fes9g2a","id":"zai5qlf2fes9g2a"},"id":"tqd2tdh5ia80t2m","previousOperationId":"yh8ig3wf7mcx1cy"}
{"type":"log","timestamp":1728800890064,"level":"info","message":"Rendering template { name: page_number, recipe: chrome-pdf, engine: handlebars, preview: true }","meta":{"rootId":"zai5qlf2fes9g2a","id":"zai5qlf2fes9g2a"},"id":"g8xien94dzed33c","previousOperationId":"yh8ig3wf7mcx1cy"}
{"type":"log","timestamp":1728800890065,"level":"debug","message":"Data item not defined for this template.","meta":{"rootId":"zai5qlf2fes9g2a","id":"zai5qlf2fes9g2a"},"id":"x96gelmtg72ynv8","previousOperationId":"yh8ig3wf7mcx1cy"}
{"type":"log","timestamp":1728800890067,"level":"debug","message":"Base url not specified, skipping its injection.","meta":{"rootId":"zai5qlf2fes9g2a","id":"zai5qlf2fes9g2a"},"id":"5tmo8kpc3nie0ib","previousOperationId":"yh8ig3wf7mcx1cy"}
{"type":"log","timestamp":1728800890070,"level":"debug","message":"Replaced assets [\"KhmerOSSiemreapRegular.ttf\",\"KhmerOSMuolLightRegular.ttf\",\"times new roman.ttf\"]","meta":{"rootId":"zai5qlf2fes9g2a","id":"zai5qlf2fes9g2a"},"id":"az03340wdr9lzzv","previousOperationId":"yh8ig3wf7mcx1cy"}
{"type":"operationStart","subtype":"engine","name":"handlebars","timestamp":1728800890070,"id":"go399hd5z6zxl62","previousEventId":"mb8umesmm2pxzqv","operationId":"jr8iva1wym9mq7k","previousOperationId":"yh8ig3wf7mcx1cy"}
{"type":"log","timestamp":1728800890070,"level":"debug","message":"Rendering engine handlebars","meta":{"rootId":"zai5qlf2fes9g2a","id":"zai5qlf2fes9g2a"},"id":"9fngo21nx8vuofa","previousOperationId":"jr8iva1wym9mq7k"}
{"type":"operationEnd","operationId":"jr8iva1wym9mq7k","timestamp":1728800890086,"id":"8rh414d3kdfqr0k","previousEventId":"go399hd5z6zxl62","previousOperationId":"jr8iva1wym9mq7k"}
{"type":"operationStart","subtype":"recipe","name":"chrome-pdf","timestamp":1728800890092,"id":"njtzofjv037iykw","previousEventId":"8rh414d3kdfqr0k","operationId":"fw824m9w3i6az64","previousOperationId":"jr8iva1wym9mq7k"}
{"type":"log","timestamp":1728800890092,"level":"debug","message":"Executing recipe chrome-pdf","meta":{"rootId":"zai5qlf2fes9g2a","id":"zai5qlf2fes9g2a"},"id":"m1lw3dmg9vfmq5g","previousOperationId":"fw824m9w3i6az64"}
{"type":"log","timestamp":1728800890096,"level":"debug","message":"Converting with chrome Chrome/127.0.6533.99 using chrome-pool strategy","meta":{"rootId":"zai5qlf2fes9g2a","id":"zai5qlf2fes9g2a"},"id":"qg68zc2cwp358hl","previousOperationId":"fw824m9w3i6az64"}
{"type":"log","timestamp":1728800890136,"level":"debug","message":"Page request: GET (document) file:///C:/Users/shsmo/AppData/Local/Temp/jsreport/autocleanup/44593f61-f6c7-4ed5-811b-ebb4a70950b4-chrome-pdf.html","meta":{"rootId":"zai5qlf2fes9g2a","id":"zai5qlf2fes9g2a"},"id":"7rvf8mt90bsnma7","previousOperationId":"fw824m9w3i6az64"}
{"type":"log","timestamp":1728800890148,"level":"debug","message":"Page request: GET (script) https://cdn.tailwindcss.com/","meta":{"rootId":"zai5qlf2fes9g2a","id":"zai5qlf2fes9g2a"},"id":"uqocqz2whudbpmx","previousOperationId":"fw824m9w3i6az64"}
{"type":"log","timestamp":1728800890148,"level":"debug","message":"Page request finished: GET (document) 200 file:///C:/Users/shsmo/AppData/Local/Temp/jsreport/autocleanup/44593f61-f6c7-4ed5-811b-ebb4a70950b4-chrome-pdf.html","meta":{"rootId":"zai5qlf2fes9g2a","id":"zai5qlf2fes9g2a"},"id":"o3vit0n045f5r4v","previousOperationId":"fw824m9w3i6az64"}
{"type":"log","timestamp":1728800890155,"level":"warn","message":"Page request failed: GET (script) 302 https://cdn.tailwindcss.com/ (redirect to: /3.4.5)","meta":{"rootId":"zai5qlf2fes9g2a","id":"zai5qlf2fes9g2a"},"id":"gd054ynnkdgvv3i","previousOperationId":"fw824m9w3i6az64"}
{"type":"log","timestamp":1728800890156,"level":"debug","message":"Page request: GET (script) https://cdn.tailwindcss.com/3.4.5 (redirect from: https://cdn.tailwindcss.com/)","meta":{"rootId":"zai5qlf2fes9g2a","id":"zai5qlf2fes9g2a"},"id":"oamxwa3xv1ucisi","previousOperationId":"fw824m9w3i6az64"}
{"type":"log","timestamp":1728800890169,"level":"debug","message":"Page request finished: GET (script) 200 https://cdn.tailwindcss.com/3.4.5","meta":{"rootId":"zai5qlf2fes9g2a","id":"zai5qlf2fes9g2a"},"id":"4s8pkk80mrh4w20","previousOperationId":"fw824m9w3i6az64"}
{"type":"log","timestamp":1728800890201,"level":"debug","message":"(console:warn) cdn.tailwindcss.com should not be used in production. To use Tailwind CSS in production, install it as a PostCSS plugin or use the Tailwind CLI: https://tailwindcss.com/docs/installation","meta":{"userLevel":true,"rootId":"zai5qlf2fes9g2a","id":"zai5qlf2fes9g2a"},"id":"scwwgn5favcxqo7","previousOperationId":"fw824m9w3i6az64"}
{"type":"log","timestamp":1728800890259,"level":"debug","message":"Running chrome with params {\"marginRight\":\"1.5cm\",\"marginLeft\":\"1cm\",\"timeout\":599956,\"margin\":{\"right\":\"1.5cm\",\"left\":\"1cm\"},\"printBackground\":true}","meta":{"rootId":"zai5qlf2fes9g2a","id":"zai5qlf2fes9g2a"},"id":"bfad0jmtmxyr8ip","previousOperationId":"fw824m9w3i6az64"}
{"type":"operationEnd","operationId":"fw824m9w3i6az64","timestamp":1728800890298,"id":"f8wscttv4ysg6bq","previousEventId":"njtzofjv037iykw","previousOperationId":"fw824m9w3i6az64"}
{"type":"log","timestamp":1728800890298,"level":"debug","message":"Skipping storing report.","meta":{"rootId":"zai5qlf2fes9g2a","id":"zai5qlf2fes9g2a"},"id":"9klr4ttpodv7uqj","previousOperationId":"fw824m9w3i6az64"}
{"type":"log","timestamp":1728800890298,"level":"info","message":"Rendering request 99 finished in 247 ms","meta":{"rootId":"zai5qlf2fes9g2a","id":"zai5qlf2fes9g2a"},"id":"fvlmoi3lg0mlg2m","previousOperationId":"fw824m9w3i6az64"}
{"type":"operationEnd","subtype":"render","operationId":"yh8ig3wf7mcx1cy","timestamp":1728800890298,"id":"stief0j3l15rzrq","previousEventId":"f8wscttv4ysg6bq","previousOperationId":"fw824m9w3i6az64"}
{"type":"operationEnd","doDiffs":false,"previousEventId":"kp6hhz07mvf01sf","previousOperationId":"dji81k8y8crrpwl","operationId":"dji81k8y8crrpwl","timestamp":1728800890300,"id":"43mbt6z4fj2b0ib"}
