{"type":"operationStart","subtype":"profile","data":{"_id":"EdI9zVi0vi9wLJXo","timestamp":"2024-09-09T12:21:34.776Z","state":"queued","mode":"standard","creationDate":"2024-09-09T12:21:34.778Z","modificationDate":"2024-09-09T12:21:34.778Z","shortid":"gIB_I2b","inheritedReadPermissions":[],"inheritedEditPermissions":[],"$entitySet":"profiles"},"doDiffs":false,"timestamp":1725884494777,"id":"e5eal8zm099v43b","previousOperationId":null,"operationId":"d13nlaia6fb14wt"}
{"type":"log","level":"info","message":"Render request 634 queued for execution and waiting for available worker","previousOperationId":"d13nlaia6fb14wt","timestamp":1725884494777,"id":"qjxiaaeecm5gpo7"}
{"type":"operationStart","subtype":"render","name":"xlsx invoice","previousOperationId":"d13nlaia6fb14wt","timestamp":1725884494785,"id":"p470e3tqa3ua13t","previousEventId":"e5eal8zm099v43b","operationId":"hvaq3gkh2qqskd3"}
{"type":"log","timestamp":1725884494785,"level":"info","message":"Starting rendering request 634 (user: admin)","meta":{"rootId":"1r7v3poet0gssi9","id":"1r7v3poet0gssi9"},"id":"vrzeuhhrookya8d","previousOperationId":"hvaq3gkh2qqskd3"}
{"type":"log","timestamp":1725884494785,"level":"info","message":"Rendering template { name: xlsx invoice, recipe: xlsx, engine: handlebars, preview: true }","meta":{"rootId":"1r7v3poet0gssi9","id":"1r7v3poet0gssi9"},"id":"sdj1t0l5fkdlcr1","previousOperationId":"hvaq3gkh2qqskd3"}
{"type":"log","timestamp":1725884494786,"level":"debug","message":"Inline data specified.","meta":{"rootId":"1r7v3poet0gssi9","id":"1r7v3poet0gssi9"},"id":"qw2vqvoucr3exwr","previousOperationId":"hvaq3gkh2qqskd3"}
{"type":"log","timestamp":1725884494787,"level":"debug","message":"Base url not specified, skipping its injection.","meta":{"rootId":"1r7v3poet0gssi9","id":"1r7v3poet0gssi9"},"id":"lws93m0d7s0cfbu","previousOperationId":"hvaq3gkh2qqskd3"}
{"type":"operationStart","subtype":"engine","name":"handlebars","timestamp":1725884494787,"id":"xn19nskgedm6i8m","previousEventId":"p470e3tqa3ua13t","operationId":"0v5tk97x3z9gt5b","previousOperationId":"hvaq3gkh2qqskd3"}
{"type":"log","timestamp":1725884494787,"level":"debug","message":"Rendering engine handlebars","meta":{"rootId":"1r7v3poet0gssi9","id":"1r7v3poet0gssi9"},"id":"0mgsjyl5tf8skbj","previousOperationId":"0v5tk97x3z9gt5b"}
{"type":"operationEnd","operationId":"0v5tk97x3z9gt5b","timestamp":1725884494794,"id":"s25khatuu6oacy5","previousEventId":"xn19nskgedm6i8m","previousOperationId":"0v5tk97x3z9gt5b"}
{"type":"operationStart","subtype":"recipe","name":"xlsx","timestamp":1725884494794,"id":"o7oxvyu9fte40go","previousEventId":"s25khatuu6oacy5","operationId":"0ubq8s7pvnn0jth","previousOperationId":"0v5tk97x3z9gt5b"}
{"type":"log","timestamp":1725884494794,"level":"debug","message":"Executing recipe xlsx","meta":{"rootId":"1r7v3poet0gssi9","id":"1r7v3poet0gssi9"},"id":"g8n1m2eshjlxu2v","previousOperationId":"0ubq8s7pvnn0jth"}
{"type":"log","timestamp":1725884494795,"level":"info","message":"xlsx generation is starting","meta":{"rootId":"1r7v3poet0gssi9","id":"1r7v3poet0gssi9"},"id":"qnv9mvpoce15b6c","previousOperationId":"0ubq8s7pvnn0jth"}
{"type":"log","timestamp":1725884494831,"level":"debug","message":"Starting child request to render xlsx dynamic parts for generation step","meta":{"rootId":"1r7v3poet0gssi9","id":"1r7v3poet0gssi9"},"id":"fi25iyu9f9wf2cn","previousOperationId":"0ubq8s7pvnn0jth"}
{"type":"operationStart","subtype":"render","name":"anonymous","previousOperationId":"0ubq8s7pvnn0jth","timestamp":1725884494831,"id":"tql7m0opy6x91kr","previousEventId":"o7oxvyu9fte40go","operationId":"c8qv8zwwfvqkk6x"}
{"type":"log","timestamp":1725884494831,"level":"info","message":"Starting rendering (child) request (user: admin)","meta":{"rootId":"1r7v3poet0gssi9","id":"l944tat3xmsdohe"},"id":"h4rpch7ubv8sznm","previousOperationId":"c8qv8zwwfvqkk6x"}
{"type":"log","timestamp":1725884494831,"level":"info","message":"Rendering anonymous template { recipe: html, engine: handlebars }","meta":{"rootId":"1r7v3poet0gssi9","id":"l944tat3xmsdohe"},"id":"tpmja3sgojl7pb0","previousOperationId":"c8qv8zwwfvqkk6x"}
{"type":"log","timestamp":1725884494831,"level":"debug","message":"Inline data specified.","meta":{"rootId":"1r7v3poet0gssi9","id":"l944tat3xmsdohe"},"id":"kfgu1717gucp66g","previousOperationId":"c8qv8zwwfvqkk6x"}
{"type":"log","timestamp":1725884494832,"level":"debug","message":"Base url not specified, skipping its injection.","meta":{"rootId":"1r7v3poet0gssi9","id":"l944tat3xmsdohe"},"id":"3j6gwmsai50smdw","previousOperationId":"c8qv8zwwfvqkk6x"}
{"type":"operationStart","subtype":"engine","name":"handlebars","timestamp":1725884494833,"id":"rgwwjfv5vtggvno","previousEventId":"tql7m0opy6x91kr","operationId":"czfm0i70vsgobas","previousOperationId":"c8qv8zwwfvqkk6x"}
{"type":"log","timestamp":1725884494833,"level":"debug","message":"Rendering engine handlebars","meta":{"rootId":"1r7v3poet0gssi9","id":"l944tat3xmsdohe"},"id":"in3zaq2y1dfuwji","previousOperationId":"czfm0i70vsgobas"}
{"type":"operationEnd","operationId":"czfm0i70vsgobas","timestamp":1725884494896,"id":"2uv1ph55bkpibp6","previousEventId":"rgwwjfv5vtggvno","previousOperationId":"czfm0i70vsgobas"}
{"type":"operationStart","subtype":"recipe","name":"html","timestamp":1725884494896,"id":"9yxjlxgfyv8yzbb","previousEventId":"2uv1ph55bkpibp6","operationId":"rhbug44ri63q31y","previousOperationId":"czfm0i70vsgobas"}
{"type":"log","timestamp":1725884494896,"level":"debug","message":"Executing recipe html","meta":{"rootId":"1r7v3poet0gssi9","id":"l944tat3xmsdohe"},"id":"wzzjq3s9kxhzzco","previousOperationId":"rhbug44ri63q31y"}
{"type":"operationEnd","operationId":"rhbug44ri63q31y","timestamp":1725884494896,"id":"sgyiss85pq3olff","previousEventId":"9yxjlxgfyv8yzbb","previousOperationId":"rhbug44ri63q31y"}
{"type":"log","timestamp":1725884494896,"level":"debug","message":"Skipping storing report.","meta":{"rootId":"1r7v3poet0gssi9","id":"l944tat3xmsdohe"},"id":"b6f31tb0s59uxin","previousOperationId":"rhbug44ri63q31y"}
{"type":"log","timestamp":1725884494896,"level":"info","message":"Rendering (child) request finished in 120 ms","meta":{"rootId":"1r7v3poet0gssi9","id":"l944tat3xmsdohe"},"id":"wbpik2oyco2tbvg","previousOperationId":"rhbug44ri63q31y"}
{"type":"operationEnd","subtype":"render","operationId":"c8qv8zwwfvqkk6x","timestamp":1725884494896,"id":"niqcwklxir9kscp","previousEventId":"sgyiss85pq3olff","previousOperationId":"rhbug44ri63q31y"}
{"type":"log","timestamp":1725884494924,"level":"debug","message":"xlsx successfully zipped","meta":{"rootId":"1r7v3poet0gssi9","id":"1r7v3poet0gssi9"},"id":"b6web2mc97sl80i","previousOperationId":"0ubq8s7pvnn0jth"}
{"type":"log","timestamp":1725884494924,"level":"info","message":"xlsx generation was finished","meta":{"rootId":"1r7v3poet0gssi9","id":"1r7v3poet0gssi9"},"id":"me7agpj3n6ux8an","previousOperationId":"0ubq8s7pvnn0jth"}
{"type":"log","timestamp":1725884494924,"level":"debug","message":"preparing office preview","meta":{"rootId":"1r7v3poet0gssi9","id":"1r7v3poet0gssi9"},"id":"o6vtdpb8sgym8iy","previousOperationId":"0ubq8s7pvnn0jth"}
{"type":"operationEnd","operationId":"0ubq8s7pvnn0jth","timestamp":1725884495323,"id":"kpgctzksluinudr","previousEventId":"o7oxvyu9fte40go","previousOperationId":"0ubq8s7pvnn0jth"}
{"type":"log","timestamp":1725884495323,"level":"debug","message":"Skipping storing report.","meta":{"rootId":"1r7v3poet0gssi9","id":"1r7v3poet0gssi9"},"id":"mkxbnb97mcdz9n8","previousOperationId":"0ubq8s7pvnn0jth"}
{"type":"log","timestamp":1725884495323,"level":"info","message":"Rendering request 634 finished in 547 ms","meta":{"rootId":"1r7v3poet0gssi9","id":"1r7v3poet0gssi9"},"id":"3jymjlzyw5jo2gl","previousOperationId":"0ubq8s7pvnn0jth"}
{"type":"operationEnd","subtype":"render","operationId":"hvaq3gkh2qqskd3","timestamp":1725884495323,"id":"c5v5kkb3rsz03t1","previousEventId":"kpgctzksluinudr","previousOperationId":"0ubq8s7pvnn0jth"}
{"type":"operationEnd","doDiffs":false,"previousEventId":"e5eal8zm099v43b","previousOperationId":"d13nlaia6fb14wt","operationId":"d13nlaia6fb14wt","timestamp":1725884495325,"id":"fzz4ohqeml2oo0y"}
