{"type":"operationStart","subtype":"profile","data":{"_id":"21XdrVN0j2lF86uH","timestamp":"2024-09-09T12:04:52.644Z","state":"queued","mode":"standard","creationDate":"2024-09-09T12:04:52.646Z","modificationDate":"2024-09-09T12:04:52.646Z","shortid":"BQqbtWx","inheritedReadPermissions":[],"inheritedEditPermissions":[],"$entitySet":"profiles"},"doDiffs":false,"timestamp":1725883492645,"id":"s0p4g2q7nlc14c0","previousOperationId":null,"operationId":"wme52jrecqbfdgf"}
{"type":"log","level":"info","message":"Render request 621 queued for execution and waiting for available worker","previousOperationId":"wme52jrecqbfdgf","timestamp":1725883492646,"id":"7lybnnvdr6trdah"}
{"type":"operationStart","subtype":"render","name":"xlsx invoice","previousOperationId":"wme52jrecqbfdgf","timestamp":1725883492654,"id":"7pigfncjfw1lm7h","previousEventId":"s0p4g2q7nlc14c0","operationId":"701jp0jg8f2pmpq"}
{"type":"log","timestamp":1725883492654,"level":"info","message":"Starting rendering request 621 (user: admin)","meta":{"rootId":"2302dyrv9uesybl","id":"2302dyrv9uesybl"},"id":"g9fje6t2ot0xzbe","previousOperationId":"701jp0jg8f2pmpq"}
{"type":"log","timestamp":1725883492654,"level":"info","message":"Rendering template { name: xlsx invoice, recipe: xlsx, engine: handlebars, preview: true }","meta":{"rootId":"2302dyrv9uesybl","id":"2302dyrv9uesybl"},"id":"pntkxx4hkyu8ln7","previousOperationId":"701jp0jg8f2pmpq"}
{"type":"log","timestamp":1725883492655,"level":"debug","message":"Adding sample data WZ580PjlR","meta":{"rootId":"2302dyrv9uesybl","id":"2302dyrv9uesybl"},"id":"dd0wre81bzw5dtr","previousOperationId":"701jp0jg8f2pmpq"}
{"type":"log","timestamp":1725883492656,"level":"debug","message":"Base url not specified, skipping its injection.","meta":{"rootId":"2302dyrv9uesybl","id":"2302dyrv9uesybl"},"id":"7w9ve8zya9ts4a6","previousOperationId":"701jp0jg8f2pmpq"}
{"type":"operationStart","subtype":"engine","name":"handlebars","timestamp":1725883492656,"id":"w6e6vbrhiebcl8h","previousEventId":"7pigfncjfw1lm7h","operationId":"h2bss4j0tfkhhah","previousOperationId":"701jp0jg8f2pmpq"}
{"type":"log","timestamp":1725883492656,"level":"debug","message":"Rendering engine handlebars","meta":{"rootId":"2302dyrv9uesybl","id":"2302dyrv9uesybl"},"id":"fgiihmgw4jg7qja","previousOperationId":"h2bss4j0tfkhhah"}
{"type":"operationEnd","operationId":"h2bss4j0tfkhhah","timestamp":1725883492663,"id":"ther4b2udg65sx6","previousEventId":"w6e6vbrhiebcl8h","previousOperationId":"h2bss4j0tfkhhah"}
{"type":"operationStart","subtype":"recipe","name":"xlsx","timestamp":1725883492663,"id":"lz6eokgrdc5usg2","previousEventId":"ther4b2udg65sx6","operationId":"zlvyd4ork5lcanb","previousOperationId":"h2bss4j0tfkhhah"}
{"type":"log","timestamp":1725883492663,"level":"debug","message":"Executing recipe xlsx","meta":{"rootId":"2302dyrv9uesybl","id":"2302dyrv9uesybl"},"id":"2984luawb12tfr7","previousOperationId":"zlvyd4ork5lcanb"}
{"type":"log","timestamp":1725883492664,"level":"info","message":"xlsx generation is starting","meta":{"rootId":"2302dyrv9uesybl","id":"2302dyrv9uesybl"},"id":"pcjc49qz9b8b88z","previousOperationId":"zlvyd4ork5lcanb"}
{"type":"log","timestamp":1725883492685,"level":"debug","message":"Starting child request to render xlsx dynamic parts for generation step","meta":{"rootId":"2302dyrv9uesybl","id":"2302dyrv9uesybl"},"id":"3ej6rg1yo8ypwej","previousOperationId":"zlvyd4ork5lcanb"}
{"type":"operationStart","subtype":"render","name":"anonymous","previousOperationId":"zlvyd4ork5lcanb","timestamp":1725883492685,"id":"4i5ab1nbeb575k1","previousEventId":"lz6eokgrdc5usg2","operationId":"f8lf1vdprhuix8o"}
{"type":"log","timestamp":1725883492685,"level":"info","message":"Starting rendering (child) request (user: admin)","meta":{"rootId":"2302dyrv9uesybl","id":"48hsvuhbst5n2b7"},"id":"vnbbmsqjnsoegrt","previousOperationId":"f8lf1vdprhuix8o"}
{"type":"log","timestamp":1725883492685,"level":"info","message":"Rendering anonymous template { recipe: html, engine: handlebars }","meta":{"rootId":"2302dyrv9uesybl","id":"48hsvuhbst5n2b7"},"id":"f3mbq0uzm4wt5b1","previousOperationId":"f8lf1vdprhuix8o"}
{"type":"log","timestamp":1725883492685,"level":"debug","message":"Inline data specified.","meta":{"rootId":"2302dyrv9uesybl","id":"48hsvuhbst5n2b7"},"id":"utvbpxvtonlz3gg","previousOperationId":"f8lf1vdprhuix8o"}
{"type":"log","timestamp":1725883492686,"level":"debug","message":"Base url not specified, skipping its injection.","meta":{"rootId":"2302dyrv9uesybl","id":"48hsvuhbst5n2b7"},"id":"w23tsy8q316au59","previousOperationId":"f8lf1vdprhuix8o"}
{"type":"operationStart","subtype":"engine","name":"handlebars","timestamp":1725883492686,"id":"ptwybla8lxlf4g0","previousEventId":"4i5ab1nbeb575k1","operationId":"t5rll9pvqnrnz1w","previousOperationId":"f8lf1vdprhuix8o"}
{"type":"log","timestamp":1725883492686,"level":"debug","message":"Rendering engine handlebars","meta":{"rootId":"2302dyrv9uesybl","id":"48hsvuhbst5n2b7"},"id":"imxw9dtiknwi7lo","previousOperationId":"t5rll9pvqnrnz1w"}
{"type":"operationEnd","operationId":"t5rll9pvqnrnz1w","timestamp":1725883492744,"id":"z5b7ro8xn4m5ood","previousEventId":"ptwybla8lxlf4g0","previousOperationId":"t5rll9pvqnrnz1w"}
{"type":"operationStart","subtype":"recipe","name":"html","timestamp":1725883492744,"id":"76icrz018k0qx9n","previousEventId":"z5b7ro8xn4m5ood","operationId":"q77v9xca53fa2hs","previousOperationId":"t5rll9pvqnrnz1w"}
{"type":"log","timestamp":1725883492744,"level":"debug","message":"Executing recipe html","meta":{"rootId":"2302dyrv9uesybl","id":"48hsvuhbst5n2b7"},"id":"9j8y3tdo0likj5k","previousOperationId":"q77v9xca53fa2hs"}
{"type":"operationEnd","operationId":"q77v9xca53fa2hs","timestamp":1725883492744,"id":"gmyymjv22gmn5rz","previousEventId":"76icrz018k0qx9n","previousOperationId":"q77v9xca53fa2hs"}
{"type":"log","timestamp":1725883492744,"level":"debug","message":"Skipping storing report.","meta":{"rootId":"2302dyrv9uesybl","id":"48hsvuhbst5n2b7"},"id":"ggf5dh8fejbmrpq","previousOperationId":"q77v9xca53fa2hs"}
{"type":"log","timestamp":1725883492745,"level":"info","message":"Rendering (child) request finished in 101 ms","meta":{"rootId":"2302dyrv9uesybl","id":"48hsvuhbst5n2b7"},"id":"cnidck9aglcum2m","previousOperationId":"q77v9xca53fa2hs"}
{"type":"operationEnd","subtype":"render","operationId":"f8lf1vdprhuix8o","timestamp":1725883492745,"id":"uqyjs6ie6aqkq2k","previousEventId":"gmyymjv22gmn5rz","previousOperationId":"q77v9xca53fa2hs"}
{"type":"log","timestamp":1725883492763,"level":"debug","message":"xlsx successfully zipped","meta":{"rootId":"2302dyrv9uesybl","id":"2302dyrv9uesybl"},"id":"tkha0zhyc8p4crc","previousOperationId":"zlvyd4ork5lcanb"}
{"type":"log","timestamp":1725883492763,"level":"info","message":"xlsx generation was finished","meta":{"rootId":"2302dyrv9uesybl","id":"2302dyrv9uesybl"},"id":"zne65zl89z9hdkc","previousOperationId":"zlvyd4ork5lcanb"}
{"type":"log","timestamp":1725883492763,"level":"debug","message":"preparing office preview","meta":{"rootId":"2302dyrv9uesybl","id":"2302dyrv9uesybl"},"id":"w5v78qi61crc8j1","previousOperationId":"zlvyd4ork5lcanb"}
{"type":"operationEnd","operationId":"zlvyd4ork5lcanb","timestamp":1725883493158,"id":"wmax2krqrwt6rdd","previousEventId":"lz6eokgrdc5usg2","previousOperationId":"zlvyd4ork5lcanb"}
{"type":"log","timestamp":1725883493158,"level":"debug","message":"Skipping storing report.","meta":{"rootId":"2302dyrv9uesybl","id":"2302dyrv9uesybl"},"id":"ofkfg16des54xwu","previousOperationId":"zlvyd4ork5lcanb"}
{"type":"log","timestamp":1725883493158,"level":"info","message":"Rendering request 621 finished in 514 ms","meta":{"rootId":"2302dyrv9uesybl","id":"2302dyrv9uesybl"},"id":"56eee4899ahriol","previousOperationId":"zlvyd4ork5lcanb"}
{"type":"operationEnd","subtype":"render","operationId":"701jp0jg8f2pmpq","timestamp":1725883493158,"id":"i2mb6gxbu3qoh6a","previousEventId":"wmax2krqrwt6rdd","previousOperationId":"zlvyd4ork5lcanb"}
{"type":"operationEnd","doDiffs":false,"previousEventId":"s0p4g2q7nlc14c0","previousOperationId":"wme52jrecqbfdgf","operationId":"wme52jrecqbfdgf","timestamp":1725883493160,"id":"td0b27zt3kmb34m"}
