{"type":"operationStart","subtype":"profile","data":{"_id":"eegdwKOpNQmdpNbS","timestamp":"2024-09-09T11:38:35.331Z","state":"queued","mode":"standard","creationDate":"2024-09-09T11:38:35.333Z","modificationDate":"2024-09-09T11:38:35.333Z","shortid":"tKdxnDw","inheritedReadPermissions":[],"inheritedEditPermissions":[],"$entitySet":"profiles"},"doDiffs":false,"timestamp":1725881915333,"id":"r5bwk0mr4d4uho9","previousOperationId":null,"operationId":"w567yhi4df3zhtc"}
{"type":"log","level":"info","message":"Render request 614 queued for execution and waiting for available worker","previousOperationId":"w567yhi4df3zhtc","timestamp":1725881915333,"id":"7twz0ejrt139kpd"}
{"type":"operationStart","subtype":"render","name":"xlsx invoice","previousOperationId":"w567yhi4df3zhtc","timestamp":1725881915342,"id":"abiqe3gyi5d0da1","previousEventId":"r5bwk0mr4d4uho9","operationId":"6yo5e3dfm0ejx6z"}
{"type":"log","timestamp":1725881915342,"level":"info","message":"Starting rendering request 614 (user: admin)","meta":{"rootId":"3ym5gflhreve5cz","id":"3ym5gflhreve5cz"},"id":"p91as1lrg4zh8pk","previousOperationId":"6yo5e3dfm0ejx6z"}
{"type":"log","timestamp":1725881915342,"level":"info","message":"Rendering template { name: xlsx invoice, recipe: xlsx, engine: handlebars, preview: true }","meta":{"rootId":"3ym5gflhreve5cz","id":"3ym5gflhreve5cz"},"id":"t5t87rkeytg27xt","previousOperationId":"6yo5e3dfm0ejx6z"}
{"type":"log","timestamp":1725881915343,"level":"debug","message":"Inline data specified.","meta":{"rootId":"3ym5gflhreve5cz","id":"3ym5gflhreve5cz"},"id":"f40xvsz3tq8q22g","previousOperationId":"6yo5e3dfm0ejx6z"}
{"type":"log","timestamp":1725881915344,"level":"debug","message":"Base url not specified, skipping its injection.","meta":{"rootId":"3ym5gflhreve5cz","id":"3ym5gflhreve5cz"},"id":"y3wj8vvj824zpcj","previousOperationId":"6yo5e3dfm0ejx6z"}
{"type":"operationStart","subtype":"engine","name":"handlebars","timestamp":1725881915344,"id":"zhtl8egf1xs8nvw","previousEventId":"abiqe3gyi5d0da1","operationId":"fitvwblkzt5b5h2","previousOperationId":"6yo5e3dfm0ejx6z"}
{"type":"log","timestamp":1725881915344,"level":"debug","message":"Rendering engine handlebars","meta":{"rootId":"3ym5gflhreve5cz","id":"3ym5gflhreve5cz"},"id":"v6q2ga9ah8duneb","previousOperationId":"fitvwblkzt5b5h2"}
{"type":"operationEnd","operationId":"fitvwblkzt5b5h2","timestamp":1725881915351,"id":"i5x0s6dyr7klkh8","previousEventId":"zhtl8egf1xs8nvw","previousOperationId":"fitvwblkzt5b5h2"}
{"type":"operationStart","subtype":"recipe","name":"xlsx","timestamp":1725881915351,"id":"a4fiefwned3smcz","previousEventId":"i5x0s6dyr7klkh8","operationId":"ey0whqeelwsra4t","previousOperationId":"fitvwblkzt5b5h2"}
{"type":"log","timestamp":1725881915351,"level":"debug","message":"Executing recipe xlsx","meta":{"rootId":"3ym5gflhreve5cz","id":"3ym5gflhreve5cz"},"id":"pg1y3qkdrr0t0p5","previousOperationId":"ey0whqeelwsra4t"}
{"type":"log","timestamp":1725881915352,"level":"info","message":"xlsx generation is starting","meta":{"rootId":"3ym5gflhreve5cz","id":"3ym5gflhreve5cz"},"id":"vu41y2gngyeb9qm","previousOperationId":"ey0whqeelwsra4t"}
{"type":"log","timestamp":1725881915377,"level":"debug","message":"Starting child request to render xlsx dynamic parts for generation step","meta":{"rootId":"3ym5gflhreve5cz","id":"3ym5gflhreve5cz"},"id":"oad7x0lv00kxcef","previousOperationId":"ey0whqeelwsra4t"}
{"type":"operationStart","subtype":"render","name":"anonymous","previousOperationId":"ey0whqeelwsra4t","timestamp":1725881915377,"id":"vy3as2d4yspxju7","previousEventId":"a4fiefwned3smcz","operationId":"4kuuxpj91bx5zr7"}
{"type":"log","timestamp":1725881915377,"level":"info","message":"Starting rendering (child) request (user: admin)","meta":{"rootId":"3ym5gflhreve5cz","id":"ko2y6qm2aitndij"},"id":"txyy5o7ww9nrvk6","previousOperationId":"4kuuxpj91bx5zr7"}
{"type":"log","timestamp":1725881915377,"level":"info","message":"Rendering anonymous template { recipe: html, engine: handlebars }","meta":{"rootId":"3ym5gflhreve5cz","id":"ko2y6qm2aitndij"},"id":"sj485atbee3z6vo","previousOperationId":"4kuuxpj91bx5zr7"}
{"type":"log","timestamp":1725881915377,"level":"debug","message":"Inline data specified.","meta":{"rootId":"3ym5gflhreve5cz","id":"ko2y6qm2aitndij"},"id":"sv7vh3uuh5misqz","previousOperationId":"4kuuxpj91bx5zr7"}
{"type":"log","timestamp":1725881915379,"level":"debug","message":"Base url not specified, skipping its injection.","meta":{"rootId":"3ym5gflhreve5cz","id":"ko2y6qm2aitndij"},"id":"4hdmig6ilnpjwv4","previousOperationId":"4kuuxpj91bx5zr7"}
{"type":"operationStart","subtype":"engine","name":"handlebars","timestamp":1725881915379,"id":"d16nlv80fjl8cvu","previousEventId":"vy3as2d4yspxju7","operationId":"fu49py6oaf0fj11","previousOperationId":"4kuuxpj91bx5zr7"}
{"type":"log","timestamp":1725881915379,"level":"debug","message":"Rendering engine handlebars","meta":{"rootId":"3ym5gflhreve5cz","id":"ko2y6qm2aitndij"},"id":"zwf7ht03quamdu1","previousOperationId":"fu49py6oaf0fj11"}
{"type":"operationEnd","operationId":"fu49py6oaf0fj11","timestamp":1725881915443,"id":"ednac1gm1q4k43d","previousEventId":"d16nlv80fjl8cvu","previousOperationId":"fu49py6oaf0fj11"}
{"type":"operationStart","subtype":"recipe","name":"html","timestamp":1725881915444,"id":"o6cppm5pma5uinn","previousEventId":"ednac1gm1q4k43d","operationId":"gvd1s23sfb1ug65","previousOperationId":"fu49py6oaf0fj11"}
{"type":"log","timestamp":1725881915444,"level":"debug","message":"Executing recipe html","meta":{"rootId":"3ym5gflhreve5cz","id":"ko2y6qm2aitndij"},"id":"11cpw63xiu3wvgv","previousOperationId":"gvd1s23sfb1ug65"}
{"type":"operationEnd","operationId":"gvd1s23sfb1ug65","timestamp":1725881915444,"id":"1x7pmgk1i5vq2q0","previousEventId":"o6cppm5pma5uinn","previousOperationId":"gvd1s23sfb1ug65"}
{"type":"log","timestamp":1725881915444,"level":"debug","message":"Skipping storing report.","meta":{"rootId":"3ym5gflhreve5cz","id":"ko2y6qm2aitndij"},"id":"7y8vhcq2gs6yfq0","previousOperationId":"gvd1s23sfb1ug65"}
{"type":"log","timestamp":1725881915444,"level":"info","message":"Rendering (child) request finished in 113 ms","meta":{"rootId":"3ym5gflhreve5cz","id":"ko2y6qm2aitndij"},"id":"bd76ueaj6f09scs","previousOperationId":"gvd1s23sfb1ug65"}
{"type":"operationEnd","subtype":"render","operationId":"4kuuxpj91bx5zr7","timestamp":1725881915444,"id":"y2feefszhl3iqdv","previousEventId":"1x7pmgk1i5vq2q0","previousOperationId":"gvd1s23sfb1ug65"}
{"type":"log","timestamp":1725881915461,"level":"debug","message":"xlsx successfully zipped","meta":{"rootId":"3ym5gflhreve5cz","id":"3ym5gflhreve5cz"},"id":"yhqsrseuqt3qrdk","previousOperationId":"ey0whqeelwsra4t"}
{"type":"log","timestamp":1725881915461,"level":"info","message":"xlsx generation was finished","meta":{"rootId":"3ym5gflhreve5cz","id":"3ym5gflhreve5cz"},"id":"irazhy6ekoqpnjw","previousOperationId":"ey0whqeelwsra4t"}
{"type":"log","timestamp":1725881915461,"level":"debug","message":"preparing office preview","meta":{"rootId":"3ym5gflhreve5cz","id":"3ym5gflhreve5cz"},"id":"f9l260bup81v0dc","previousOperationId":"ey0whqeelwsra4t"}
{"type":"operationEnd","operationId":"ey0whqeelwsra4t","timestamp":1725881915856,"id":"qz57kxdxehsdo96","previousEventId":"a4fiefwned3smcz","previousOperationId":"ey0whqeelwsra4t"}
{"type":"log","timestamp":1725881915856,"level":"debug","message":"Skipping storing report.","meta":{"rootId":"3ym5gflhreve5cz","id":"3ym5gflhreve5cz"},"id":"3wdu2xihu3xinzg","previousOperationId":"ey0whqeelwsra4t"}
{"type":"log","timestamp":1725881915856,"level":"info","message":"Rendering request 614 finished in 525 ms","meta":{"rootId":"3ym5gflhreve5cz","id":"3ym5gflhreve5cz"},"id":"sg7jiicmpxqx3wu","previousOperationId":"ey0whqeelwsra4t"}
{"type":"operationEnd","subtype":"render","operationId":"6yo5e3dfm0ejx6z","timestamp":1725881915856,"id":"iovireuk3dfvuod","previousEventId":"qz57kxdxehsdo96","previousOperationId":"ey0whqeelwsra4t"}
{"type":"operationEnd","doDiffs":false,"previousEventId":"r5bwk0mr4d4uho9","previousOperationId":"w567yhi4df3zhtc","operationId":"w567yhi4df3zhtc","timestamp":1725881915859,"id":"3jcy1oq2eoou9ev"}
