{"type":"operationStart","subtype":"profile","data":{"_id":"FkSjqG3ePlp295NR","timestamp":"2024-09-10T02:53:37.282Z","state":"queued","mode":"standard","creationDate":"2024-09-10T02:53:37.285Z","modificationDate":"2024-09-10T02:53:37.285Z","shortid":"4RFbhBF","inheritedReadPermissions":[],"inheritedEditPermissions":[],"$entitySet":"profiles"},"doDiffs":false,"timestamp":1725936817283,"id":"04ynndm6kv9yheo","previousOperationId":null,"operationId":"37ojfzo4uo7z53v"}
{"type":"log","level":"info","message":"Render request 2 queued for execution and waiting for available worker","previousOperationId":"37ojfzo4uo7z53v","timestamp":1725936817284,"id":"7cg1fd6uh3g84l6"}
{"type":"operationStart","subtype":"render","name":"xlsx invoice","previousOperationId":"37ojfzo4uo7z53v","timestamp":1725936817302,"id":"sx1thwgbsalb78s","previousEventId":"04ynndm6kv9yheo","operationId":"w7sojrgi5sd3uuc"}
{"type":"log","timestamp":1725936817303,"level":"info","message":"Starting rendering request 2 (user: admin)","meta":{"rootId":"793geroje3k47mj","id":"793geroje3k47mj"},"id":"3uk6lrwe03yj8w2","previousOperationId":"w7sojrgi5sd3uuc"}
{"type":"log","timestamp":1725936817304,"level":"info","message":"Rendering template { name: xlsx invoice, recipe: xlsx, engine: handlebars, preview: true }","meta":{"rootId":"793geroje3k47mj","id":"793geroje3k47mj"},"id":"hqlr2o7t2v6qovv","previousOperationId":"w7sojrgi5sd3uuc"}
{"type":"log","timestamp":1725936817308,"level":"debug","message":"Adding sample data WZ580PjlR","meta":{"rootId":"793geroje3k47mj","id":"793geroje3k47mj"},"id":"215rs6s5bdevne4","previousOperationId":"w7sojrgi5sd3uuc"}
{"type":"log","timestamp":1725936817310,"level":"debug","message":"Base url not specified, skipping its injection.","meta":{"rootId":"793geroje3k47mj","id":"793geroje3k47mj"},"id":"yqeg6sptq9nkd39","previousOperationId":"w7sojrgi5sd3uuc"}
{"type":"operationStart","subtype":"engine","name":"handlebars","timestamp":1725936817311,"id":"5kc4q5hrmas279e","previousEventId":"sx1thwgbsalb78s","operationId":"s9v7lrivaw6peng","previousOperationId":"w7sojrgi5sd3uuc"}
{"type":"log","timestamp":1725936817311,"level":"debug","message":"Rendering engine handlebars","meta":{"rootId":"793geroje3k47mj","id":"793geroje3k47mj"},"id":"gc1r1ewwe3pnujg","previousOperationId":"s9v7lrivaw6peng"}
{"type":"operationEnd","operationId":"s9v7lrivaw6peng","timestamp":1725936817725,"id":"pmrd3sv1yevxbq4","previousEventId":"5kc4q5hrmas279e","previousOperationId":"s9v7lrivaw6peng"}
{"type":"operationStart","subtype":"recipe","name":"xlsx","timestamp":1725936817726,"id":"9f3bq28gc40hgbx","previousEventId":"pmrd3sv1yevxbq4","operationId":"gepdd6fr9gbf5i0","previousOperationId":"s9v7lrivaw6peng"}
{"type":"log","timestamp":1725936817726,"level":"debug","message":"Executing recipe xlsx","meta":{"rootId":"793geroje3k47mj","id":"793geroje3k47mj"},"id":"8peknnynczmjblq","previousOperationId":"gepdd6fr9gbf5i0"}
{"type":"log","timestamp":1725936817774,"level":"info","message":"xlsx generation is starting","meta":{"rootId":"793geroje3k47mj","id":"793geroje3k47mj"},"id":"9cyuzlo1vubt6df","previousOperationId":"gepdd6fr9gbf5i0"}
{"type":"log","timestamp":1725936817823,"level":"debug","message":"Starting child request to render xlsx dynamic parts for generation step","meta":{"rootId":"793geroje3k47mj","id":"793geroje3k47mj"},"id":"jyyqoqiaorvtx33","previousOperationId":"gepdd6fr9gbf5i0"}
{"type":"operationStart","subtype":"render","name":"anonymous","previousOperationId":"gepdd6fr9gbf5i0","timestamp":1725936817823,"id":"rndrfy6vtz3tmlj","previousEventId":"9f3bq28gc40hgbx","operationId":"62zvd3nw9kogos6"}
{"type":"log","timestamp":1725936817823,"level":"info","message":"Starting rendering (child) request (user: admin)","meta":{"rootId":"793geroje3k47mj","id":"p6evgego2zkrr6x"},"id":"u37jpluronpws0i","previousOperationId":"62zvd3nw9kogos6"}
{"type":"log","timestamp":1725936817823,"level":"info","message":"Rendering anonymous template { recipe: html, engine: handlebars }","meta":{"rootId":"793geroje3k47mj","id":"p6evgego2zkrr6x"},"id":"17h92joveqxubzx","previousOperationId":"62zvd3nw9kogos6"}
{"type":"log","timestamp":1725936817823,"level":"debug","message":"Inline data specified.","meta":{"rootId":"793geroje3k47mj","id":"p6evgego2zkrr6x"},"id":"6o7o9unn2omyn3s","previousOperationId":"62zvd3nw9kogos6"}
{"type":"log","timestamp":1725936817824,"level":"debug","message":"Base url not specified, skipping its injection.","meta":{"rootId":"793geroje3k47mj","id":"p6evgego2zkrr6x"},"id":"q23mtd42nfngkii","previousOperationId":"62zvd3nw9kogos6"}
{"type":"operationStart","subtype":"engine","name":"handlebars","timestamp":1725936817824,"id":"p6bomr7hsy40egv","previousEventId":"rndrfy6vtz3tmlj","operationId":"8zsr2n4e53hu6gn","previousOperationId":"62zvd3nw9kogos6"}
{"type":"log","timestamp":1725936817825,"level":"debug","message":"Rendering engine handlebars","meta":{"rootId":"793geroje3k47mj","id":"p6evgego2zkrr6x"},"id":"2gwpvije385offe","previousOperationId":"8zsr2n4e53hu6gn"}
{"type":"operationEnd","operationId":"8zsr2n4e53hu6gn","timestamp":1725936817894,"id":"0b6504xsjohqsbq","previousEventId":"p6bomr7hsy40egv","previousOperationId":"8zsr2n4e53hu6gn"}
{"type":"operationStart","subtype":"recipe","name":"html","timestamp":1725936817895,"id":"9f6vt32at20ar5v","previousEventId":"0b6504xsjohqsbq","operationId":"orz2b7mmit3atxb","previousOperationId":"8zsr2n4e53hu6gn"}
{"type":"log","timestamp":1725936817895,"level":"debug","message":"Executing recipe html","meta":{"rootId":"793geroje3k47mj","id":"p6evgego2zkrr6x"},"id":"pwv2wifere6sr56","previousOperationId":"orz2b7mmit3atxb"}
{"type":"operationEnd","operationId":"orz2b7mmit3atxb","timestamp":1725936817895,"id":"u1qmjlr96w67g20","previousEventId":"9f6vt32at20ar5v","previousOperationId":"orz2b7mmit3atxb"}
{"type":"log","timestamp":1725936817896,"level":"debug","message":"Skipping storing report.","meta":{"rootId":"793geroje3k47mj","id":"p6evgego2zkrr6x"},"id":"44we8ybu68hmt7g","previousOperationId":"orz2b7mmit3atxb"}
{"type":"log","timestamp":1725936817896,"level":"info","message":"Rendering (child) request finished in 615 ms","meta":{"rootId":"793geroje3k47mj","id":"p6evgego2zkrr6x"},"id":"mtftdmeej7f22im","previousOperationId":"orz2b7mmit3atxb"}
{"type":"operationEnd","subtype":"render","operationId":"62zvd3nw9kogos6","timestamp":1725936817896,"id":"34j85rkc29d9buf","previousEventId":"u1qmjlr96w67g20","previousOperationId":"orz2b7mmit3atxb"}
{"type":"log","timestamp":1725936818038,"level":"debug","message":"xlsx successfully zipped","meta":{"rootId":"793geroje3k47mj","id":"793geroje3k47mj"},"id":"8qk1ke6tcan66s4","previousOperationId":"gepdd6fr9gbf5i0"}
{"type":"log","timestamp":1725936818039,"level":"info","message":"xlsx generation was finished","meta":{"rootId":"793geroje3k47mj","id":"793geroje3k47mj"},"id":"i6ai8aw49a54uuj","previousOperationId":"gepdd6fr9gbf5i0"}
{"type":"log","timestamp":1725936818071,"level":"debug","message":"preparing office preview","meta":{"rootId":"793geroje3k47mj","id":"793geroje3k47mj"},"id":"6uqwm84hwmkvajr","previousOperationId":"gepdd6fr9gbf5i0"}
{"type":"operationEnd","operationId":"gepdd6fr9gbf5i0","timestamp":1725936818550,"id":"ei3tb6ezuz6grks","previousEventId":"9f3bq28gc40hgbx","previousOperationId":"gepdd6fr9gbf5i0"}
{"type":"log","timestamp":1725936818550,"level":"debug","message":"Skipping storing report.","meta":{"rootId":"793geroje3k47mj","id":"793geroje3k47mj"},"id":"tnwzxyaye5lsm0x","previousOperationId":"gepdd6fr9gbf5i0"}
{"type":"log","timestamp":1725936818550,"level":"info","message":"Rendering request 2 finished in 1269 ms","meta":{"rootId":"793geroje3k47mj","id":"793geroje3k47mj"},"id":"hiv8mx294j0ang8","previousOperationId":"gepdd6fr9gbf5i0"}
{"type":"operationEnd","subtype":"render","operationId":"w7sojrgi5sd3uuc","timestamp":1725936818550,"id":"xsd9o4d72zptsig","previousEventId":"ei3tb6ezuz6grks","previousOperationId":"gepdd6fr9gbf5i0"}
{"type":"operationEnd","doDiffs":false,"previousEventId":"04ynndm6kv9yheo","previousOperationId":"37ojfzo4uo7z53v","operationId":"37ojfzo4uo7z53v","timestamp":1725936818555,"id":"jt747fzd9mydpso"}
