{"type":"operationStart","subtype":"profile","data":{"_id":"EOBCutc0zXMAcrm0","timestamp":"2024-09-09T12:06:17.302Z","state":"queued","mode":"standard","creationDate":"2024-09-09T12:06:17.304Z","modificationDate":"2024-09-09T12:06:17.304Z","shortid":"q28QQzn","inheritedReadPermissions":[],"inheritedEditPermissions":[],"$entitySet":"profiles"},"doDiffs":false,"timestamp":1725883577304,"id":"ndqxvk3a8i2fb9d","previousOperationId":null,"operationId":"ls5giirfqbsjpk3"}
{"type":"log","level":"info","message":"Render request 625 queued for execution and waiting for available worker","previousOperationId":"ls5giirfqbsjpk3","timestamp":1725883577304,"id":"xls3wwrdzz7nn8r"}
{"type":"operationStart","subtype":"render","name":"xlsx invoice","previousOperationId":"ls5giirfqbsjpk3","timestamp":1725883577312,"id":"xatms1cdaq4kms2","previousEventId":"ndqxvk3a8i2fb9d","operationId":"m5ml9zu2cwcv2zc"}
{"type":"log","timestamp":1725883577312,"level":"info","message":"Starting rendering request 625 (user: admin)","meta":{"rootId":"813n3egdjrkfyac","id":"813n3egdjrkfyac"},"id":"34kcacuwxq38j0n","previousOperationId":"m5ml9zu2cwcv2zc"}
{"type":"log","timestamp":1725883577313,"level":"info","message":"Rendering template { name: xlsx invoice, recipe: xlsx, engine: handlebars, preview: true }","meta":{"rootId":"813n3egdjrkfyac","id":"813n3egdjrkfyac"},"id":"0smdufi1awgtjwn","previousOperationId":"m5ml9zu2cwcv2zc"}
{"type":"log","timestamp":1725883577313,"level":"debug","message":"Inline data specified.","meta":{"rootId":"813n3egdjrkfyac","id":"813n3egdjrkfyac"},"id":"xnrg4d3lhoc611u","previousOperationId":"m5ml9zu2cwcv2zc"}
{"type":"log","timestamp":1725883577315,"level":"debug","message":"Base url not specified, skipping its injection.","meta":{"rootId":"813n3egdjrkfyac","id":"813n3egdjrkfyac"},"id":"9ofgb7jx230aoim","previousOperationId":"m5ml9zu2cwcv2zc"}
{"type":"operationStart","subtype":"engine","name":"handlebars","timestamp":1725883577315,"id":"cmsbazy5ql4gjgn","previousEventId":"xatms1cdaq4kms2","operationId":"hnagz3rlr912zzp","previousOperationId":"m5ml9zu2cwcv2zc"}
{"type":"log","timestamp":1725883577315,"level":"debug","message":"Rendering engine handlebars","meta":{"rootId":"813n3egdjrkfyac","id":"813n3egdjrkfyac"},"id":"ugq9dvavwn0ofho","previousOperationId":"hnagz3rlr912zzp"}
{"type":"operationEnd","operationId":"hnagz3rlr912zzp","timestamp":1725883577321,"id":"j2apde621xbl9bs","previousEventId":"cmsbazy5ql4gjgn","previousOperationId":"hnagz3rlr912zzp"}
{"type":"operationStart","subtype":"recipe","name":"xlsx","timestamp":1725883577321,"id":"oqv4l3uo02bk86f","previousEventId":"j2apde621xbl9bs","operationId":"i4t8t9tuvcxljxh","previousOperationId":"hnagz3rlr912zzp"}
{"type":"log","timestamp":1725883577321,"level":"debug","message":"Executing recipe xlsx","meta":{"rootId":"813n3egdjrkfyac","id":"813n3egdjrkfyac"},"id":"usiuptz24eamqmc","previousOperationId":"i4t8t9tuvcxljxh"}
{"type":"log","timestamp":1725883577322,"level":"info","message":"xlsx generation is starting","meta":{"rootId":"813n3egdjrkfyac","id":"813n3egdjrkfyac"},"id":"zb6tbp134qwe1s1","previousOperationId":"i4t8t9tuvcxljxh"}
{"type":"log","timestamp":1725883577342,"level":"debug","message":"Starting child request to render xlsx dynamic parts for generation step","meta":{"rootId":"813n3egdjrkfyac","id":"813n3egdjrkfyac"},"id":"oc04lohr76w9bfz","previousOperationId":"i4t8t9tuvcxljxh"}
{"type":"operationStart","subtype":"render","name":"anonymous","previousOperationId":"i4t8t9tuvcxljxh","timestamp":1725883577343,"id":"sx9e8t6tm7owqtx","previousEventId":"oqv4l3uo02bk86f","operationId":"1d3ta9dz9qf9si1"}
{"type":"log","timestamp":1725883577343,"level":"info","message":"Starting rendering (child) request (user: admin)","meta":{"rootId":"813n3egdjrkfyac","id":"gsq3bbyje0e98q0"},"id":"g8cuimp2s95535o","previousOperationId":"1d3ta9dz9qf9si1"}
{"type":"log","timestamp":1725883577343,"level":"info","message":"Rendering anonymous template { recipe: html, engine: handlebars }","meta":{"rootId":"813n3egdjrkfyac","id":"gsq3bbyje0e98q0"},"id":"qvc9prk65wgw40f","previousOperationId":"1d3ta9dz9qf9si1"}
{"type":"log","timestamp":1725883577343,"level":"debug","message":"Inline data specified.","meta":{"rootId":"813n3egdjrkfyac","id":"gsq3bbyje0e98q0"},"id":"288ksrz6xx579fc","previousOperationId":"1d3ta9dz9qf9si1"}
{"type":"log","timestamp":1725883577344,"level":"debug","message":"Base url not specified, skipping its injection.","meta":{"rootId":"813n3egdjrkfyac","id":"gsq3bbyje0e98q0"},"id":"ycan1abf49aexr6","previousOperationId":"1d3ta9dz9qf9si1"}
{"type":"operationStart","subtype":"engine","name":"handlebars","timestamp":1725883577344,"id":"pkepu6f6wjwexvj","previousEventId":"sx9e8t6tm7owqtx","operationId":"ixn68v2rntj3bxp","previousOperationId":"1d3ta9dz9qf9si1"}
{"type":"log","timestamp":1725883577344,"level":"debug","message":"Rendering engine handlebars","meta":{"rootId":"813n3egdjrkfyac","id":"gsq3bbyje0e98q0"},"id":"hhh2fcn79qwh64m","previousOperationId":"ixn68v2rntj3bxp"}
{"type":"operationEnd","operationId":"ixn68v2rntj3bxp","timestamp":1725883577401,"id":"iz156my9tnxmz5b","previousEventId":"pkepu6f6wjwexvj","previousOperationId":"ixn68v2rntj3bxp"}
{"type":"operationStart","subtype":"recipe","name":"html","timestamp":1725883577401,"id":"kj81lslgsfrzioa","previousEventId":"iz156my9tnxmz5b","operationId":"y56s5y8wo0ahpgl","previousOperationId":"ixn68v2rntj3bxp"}
{"type":"log","timestamp":1725883577401,"level":"debug","message":"Executing recipe html","meta":{"rootId":"813n3egdjrkfyac","id":"gsq3bbyje0e98q0"},"id":"bxv4ono3q4x6w9v","previousOperationId":"y56s5y8wo0ahpgl"}
{"type":"operationEnd","operationId":"y56s5y8wo0ahpgl","timestamp":1725883577401,"id":"ezwlhk69l0ern5o","previousEventId":"kj81lslgsfrzioa","previousOperationId":"y56s5y8wo0ahpgl"}
{"type":"log","timestamp":1725883577401,"level":"debug","message":"Skipping storing report.","meta":{"rootId":"813n3egdjrkfyac","id":"gsq3bbyje0e98q0"},"id":"0tsn8g3dyvpy2te","previousOperationId":"y56s5y8wo0ahpgl"}
{"type":"log","timestamp":1725883577401,"level":"info","message":"Rendering (child) request finished in 99 ms","meta":{"rootId":"813n3egdjrkfyac","id":"gsq3bbyje0e98q0"},"id":"s761p57jds5zjlr","previousOperationId":"y56s5y8wo0ahpgl"}
{"type":"operationEnd","subtype":"render","operationId":"1d3ta9dz9qf9si1","timestamp":1725883577401,"id":"w0ii8n00ixeyce5","previousEventId":"ezwlhk69l0ern5o","previousOperationId":"y56s5y8wo0ahpgl"}
{"type":"log","timestamp":1725883577420,"level":"debug","message":"xlsx successfully zipped","meta":{"rootId":"813n3egdjrkfyac","id":"813n3egdjrkfyac"},"id":"e9rvh6h1hr6r3sy","previousOperationId":"i4t8t9tuvcxljxh"}
{"type":"log","timestamp":1725883577420,"level":"info","message":"xlsx generation was finished","meta":{"rootId":"813n3egdjrkfyac","id":"813n3egdjrkfyac"},"id":"jriq2fe2uf0qj3h","previousOperationId":"i4t8t9tuvcxljxh"}
{"type":"log","timestamp":1725883577420,"level":"debug","message":"preparing office preview","meta":{"rootId":"813n3egdjrkfyac","id":"813n3egdjrkfyac"},"id":"874rvyq48yur2ef","previousOperationId":"i4t8t9tuvcxljxh"}
{"type":"operationEnd","operationId":"i4t8t9tuvcxljxh","timestamp":1725883577814,"id":"t1y02h0v3asdwdc","previousEventId":"oqv4l3uo02bk86f","previousOperationId":"i4t8t9tuvcxljxh"}
{"type":"log","timestamp":1725883577814,"level":"debug","message":"Skipping storing report.","meta":{"rootId":"813n3egdjrkfyac","id":"813n3egdjrkfyac"},"id":"zbznqhnazwzb5r4","previousOperationId":"i4t8t9tuvcxljxh"}
{"type":"log","timestamp":1725883577814,"level":"info","message":"Rendering request 625 finished in 512 ms","meta":{"rootId":"813n3egdjrkfyac","id":"813n3egdjrkfyac"},"id":"y7yo6jlrebpe1yl","previousOperationId":"i4t8t9tuvcxljxh"}
{"type":"operationEnd","subtype":"render","operationId":"m5ml9zu2cwcv2zc","timestamp":1725883577814,"id":"fmj466rn6w63qlt","previousEventId":"t1y02h0v3asdwdc","previousOperationId":"i4t8t9tuvcxljxh"}
{"type":"operationEnd","doDiffs":false,"previousEventId":"ndqxvk3a8i2fb9d","previousOperationId":"ls5giirfqbsjpk3","operationId":"ls5giirfqbsjpk3","timestamp":1725883577817,"id":"4cgi3fdeoy2dss5"}
