{"type":"operationStart","subtype":"profile","data":{"_id":"Hd31r283M4uskrVA","timestamp":"2024-09-10T03:35:59.308Z","state":"queued","mode":"standard","creationDate":"2024-09-10T03:35:59.311Z","modificationDate":"2024-09-10T03:35:59.311Z","shortid":"B3I3vjJ","inheritedReadPermissions":[],"inheritedEditPermissions":[],"$entitySet":"profiles"},"doDiffs":false,"timestamp":1725939359310,"id":"od1s6adx6wqm5yz","previousOperationId":null,"operationId":"0wexc3fdbj5sho6"}
{"type":"log","level":"info","message":"Render request 8 queued for execution and waiting for available worker","previousOperationId":"0wexc3fdbj5sho6","timestamp":1725939359310,"id":"6sfg3csvd5pc4os"}
{"type":"operationStart","subtype":"render","name":"xlsx invoice","previousOperationId":"0wexc3fdbj5sho6","timestamp":1725939359322,"id":"vy75se9pz2as15s","previousEventId":"od1s6adx6wqm5yz","operationId":"rsp22zlksc245fg"}
{"type":"log","timestamp":1725939359322,"level":"info","message":"Starting rendering request 8 (user: admin)","meta":{"rootId":"8xg1jet6xx4tu9n","id":"8xg1jet6xx4tu9n"},"id":"cmojah9dsmcb6xo","previousOperationId":"rsp22zlksc245fg"}
{"type":"log","timestamp":1725939359322,"level":"info","message":"Rendering template { name: xlsx invoice, recipe: xlsx, engine: handlebars, preview: true }","meta":{"rootId":"8xg1jet6xx4tu9n","id":"8xg1jet6xx4tu9n"},"id":"t6w61rfvo60i07s","previousOperationId":"rsp22zlksc245fg"}
{"type":"log","timestamp":1725939359322,"level":"debug","message":"Inline data specified.","meta":{"rootId":"8xg1jet6xx4tu9n","id":"8xg1jet6xx4tu9n"},"id":"wz1cr505lux6pfv","previousOperationId":"rsp22zlksc245fg"}
{"type":"log","timestamp":1725939359324,"level":"debug","message":"Base url not specified, skipping its injection.","meta":{"rootId":"8xg1jet6xx4tu9n","id":"8xg1jet6xx4tu9n"},"id":"k29q01bnzc5zuku","previousOperationId":"rsp22zlksc245fg"}
{"type":"operationStart","subtype":"engine","name":"handlebars","timestamp":1725939359324,"id":"rrpu9lq9n8qqzle","previousEventId":"vy75se9pz2as15s","operationId":"gy7k3n6zipxayuk","previousOperationId":"rsp22zlksc245fg"}
{"type":"log","timestamp":1725939359324,"level":"debug","message":"Rendering engine handlebars","meta":{"rootId":"8xg1jet6xx4tu9n","id":"8xg1jet6xx4tu9n"},"id":"ugy59koiiqrlogz","previousOperationId":"gy7k3n6zipxayuk"}
{"type":"operationEnd","operationId":"gy7k3n6zipxayuk","timestamp":1725939359331,"id":"qrgq2wgbgmw0onh","previousEventId":"rrpu9lq9n8qqzle","previousOperationId":"gy7k3n6zipxayuk"}
{"type":"operationStart","subtype":"recipe","name":"xlsx","timestamp":1725939359331,"id":"o2s1hv3nhm84bev","previousEventId":"qrgq2wgbgmw0onh","operationId":"zh2k0qwia96vi5g","previousOperationId":"gy7k3n6zipxayuk"}
{"type":"log","timestamp":1725939359331,"level":"debug","message":"Executing recipe xlsx","meta":{"rootId":"8xg1jet6xx4tu9n","id":"8xg1jet6xx4tu9n"},"id":"zlngb1ongyf5bp7","previousOperationId":"zh2k0qwia96vi5g"}
{"type":"log","timestamp":1725939359332,"level":"info","message":"xlsx generation is starting","meta":{"rootId":"8xg1jet6xx4tu9n","id":"8xg1jet6xx4tu9n"},"id":"40xctep97isej25","previousOperationId":"zh2k0qwia96vi5g"}
{"type":"log","timestamp":1725939359361,"level":"debug","message":"Starting child request to render xlsx dynamic parts for generation step","meta":{"rootId":"8xg1jet6xx4tu9n","id":"8xg1jet6xx4tu9n"},"id":"wpxp9cqkq9zctf2","previousOperationId":"zh2k0qwia96vi5g"}
{"type":"operationStart","subtype":"render","name":"anonymous","previousOperationId":"zh2k0qwia96vi5g","timestamp":1725939359361,"id":"t6wdxshig1fyao1","previousEventId":"o2s1hv3nhm84bev","operationId":"r19mhohczkftre8"}
{"type":"log","timestamp":1725939359361,"level":"info","message":"Starting rendering (child) request (user: admin)","meta":{"rootId":"8xg1jet6xx4tu9n","id":"7uh2an52o25p0xg"},"id":"f4yjz5yio0eqzdb","previousOperationId":"r19mhohczkftre8"}
{"type":"log","timestamp":1725939359361,"level":"info","message":"Rendering anonymous template { recipe: html, engine: handlebars }","meta":{"rootId":"8xg1jet6xx4tu9n","id":"7uh2an52o25p0xg"},"id":"pxas19dupvl97t0","previousOperationId":"r19mhohczkftre8"}
{"type":"log","timestamp":1725939359361,"level":"debug","message":"Inline data specified.","meta":{"rootId":"8xg1jet6xx4tu9n","id":"7uh2an52o25p0xg"},"id":"ja7avpsczw5v0ly","previousOperationId":"r19mhohczkftre8"}
{"type":"log","timestamp":1725939359363,"level":"debug","message":"Base url not specified, skipping its injection.","meta":{"rootId":"8xg1jet6xx4tu9n","id":"7uh2an52o25p0xg"},"id":"i97df3y59ix1fri","previousOperationId":"r19mhohczkftre8"}
{"type":"operationStart","subtype":"engine","name":"handlebars","timestamp":1725939359363,"id":"ev8ygok74x93rey","previousEventId":"t6wdxshig1fyao1","operationId":"oileifgaya94vva","previousOperationId":"r19mhohczkftre8"}
{"type":"log","timestamp":1725939359363,"level":"debug","message":"Rendering engine handlebars","meta":{"rootId":"8xg1jet6xx4tu9n","id":"7uh2an52o25p0xg"},"id":"4gcjgb5x1lspxs3","previousOperationId":"oileifgaya94vva"}
{"type":"operationEnd","operationId":"oileifgaya94vva","timestamp":1725939359410,"id":"2p5vyl7pzyssqf9","previousEventId":"ev8ygok74x93rey","previousOperationId":"oileifgaya94vva"}
{"type":"operationStart","subtype":"recipe","name":"html","timestamp":1725939359410,"id":"5902ycmfxth31sf","previousEventId":"2p5vyl7pzyssqf9","operationId":"k6irg6qvwikrrxv","previousOperationId":"oileifgaya94vva"}
{"type":"log","timestamp":1725939359410,"level":"debug","message":"Executing recipe html","meta":{"rootId":"8xg1jet6xx4tu9n","id":"7uh2an52o25p0xg"},"id":"ay9k9qwl8e00xog","previousOperationId":"k6irg6qvwikrrxv"}
{"type":"operationEnd","operationId":"k6irg6qvwikrrxv","timestamp":1725939359410,"id":"d1aqxyto288mx45","previousEventId":"5902ycmfxth31sf","previousOperationId":"k6irg6qvwikrrxv"}
{"type":"log","timestamp":1725939359410,"level":"debug","message":"Skipping storing report.","meta":{"rootId":"8xg1jet6xx4tu9n","id":"7uh2an52o25p0xg"},"id":"qvkrgfmtz5tds1r","previousOperationId":"k6irg6qvwikrrxv"}
{"type":"log","timestamp":1725939359410,"level":"info","message":"Rendering (child) request finished in 102 ms","meta":{"rootId":"8xg1jet6xx4tu9n","id":"7uh2an52o25p0xg"},"id":"kkms2j9ydmrvaj9","previousOperationId":"k6irg6qvwikrrxv"}
{"type":"operationEnd","subtype":"render","operationId":"r19mhohczkftre8","timestamp":1725939359410,"id":"gxrd1wf0y9ib153","previousEventId":"d1aqxyto288mx45","previousOperationId":"k6irg6qvwikrrxv"}
{"type":"log","timestamp":1725939359428,"level":"debug","message":"xlsx successfully zipped","meta":{"rootId":"8xg1jet6xx4tu9n","id":"8xg1jet6xx4tu9n"},"id":"9f4nan0o66l4c0j","previousOperationId":"zh2k0qwia96vi5g"}
{"type":"log","timestamp":1725939359428,"level":"info","message":"xlsx generation was finished","meta":{"rootId":"8xg1jet6xx4tu9n","id":"8xg1jet6xx4tu9n"},"id":"m1a4qdpqzd3dhuc","previousOperationId":"zh2k0qwia96vi5g"}
{"type":"log","timestamp":1725939359434,"level":"info","message":"xlsx transformation is starting","meta":{"rootId":"8xg1jet6xx4tu9n","id":"8xg1jet6xx4tu9n"},"id":"3dv957u0kfhoccb","previousOperationId":"zh2k0qwia96vi5g"}
{"type":"log","timestamp":1725939359475,"level":"debug","message":"Parsing xlsx content","meta":{"rootId":"8xg1jet6xx4tu9n","id":"8xg1jet6xx4tu9n"},"id":"2q3gwugquzdmu61","previousOperationId":"zh2k0qwia96vi5g"}
{"type":"log","timestamp":1725939359501,"level":"debug","message":"Successfully zipped now.","meta":{"rootId":"8xg1jet6xx4tu9n","id":"8xg1jet6xx4tu9n"},"id":"okimlgqlbspw659","previousOperationId":"zh2k0qwia96vi5g"}
{"type":"log","timestamp":1725939359501,"level":"info","message":"xlsx transformation was finished","meta":{"rootId":"8xg1jet6xx4tu9n","id":"8xg1jet6xx4tu9n"},"id":"hbzxrpgbtsyogna","previousOperationId":"zh2k0qwia96vi5g"}
{"type":"log","timestamp":1725939359501,"level":"debug","message":"preparing office preview","meta":{"rootId":"8xg1jet6xx4tu9n","id":"8xg1jet6xx4tu9n"},"id":"ts9lyumhazsofsh","previousOperationId":"zh2k0qwia96vi5g"}
{"type":"operationEnd","operationId":"zh2k0qwia96vi5g","timestamp":1725939360020,"id":"5rb0g2zp1o9gmd3","previousEventId":"o2s1hv3nhm84bev","previousOperationId":"zh2k0qwia96vi5g"}
{"type":"log","timestamp":1725939360020,"level":"debug","message":"Skipping storing report.","meta":{"rootId":"8xg1jet6xx4tu9n","id":"8xg1jet6xx4tu9n"},"id":"r1wdwd3o8vjx4v8","previousOperationId":"zh2k0qwia96vi5g"}
{"type":"log","timestamp":1725939360020,"level":"info","message":"Rendering request 8 finished in 712 ms","meta":{"rootId":"8xg1jet6xx4tu9n","id":"8xg1jet6xx4tu9n"},"id":"lqteglh06wbhl6d","previousOperationId":"zh2k0qwia96vi5g"}
{"type":"operationEnd","subtype":"render","operationId":"rsp22zlksc245fg","timestamp":1725939360020,"id":"43evptitxi7fu3q","previousEventId":"5rb0g2zp1o9gmd3","previousOperationId":"zh2k0qwia96vi5g"}
{"type":"operationEnd","doDiffs":false,"previousEventId":"od1s6adx6wqm5yz","previousOperationId":"0wexc3fdbj5sho6","operationId":"0wexc3fdbj5sho6","timestamp":1725939360023,"id":"cy47k2l0lg4g8cd"}
