{"type":"operationStart","subtype":"profile","data":{"_id":"ML3tPv7p5tPz85cp","timestamp":"2024-09-10T03:44:40.108Z","state":"queued","mode":"standard","creationDate":"2024-09-10T03:44:40.109Z","modificationDate":"2024-09-10T03:44:40.109Z","shortid":"zk6Xfvs","inheritedReadPermissions":[],"inheritedEditPermissions":[],"$entitySet":"profiles"},"doDiffs":false,"timestamp":1725939880109,"id":"favttr5cif33zc7","previousOperationId":null,"operationId":"f32k13vwgqpqfe6"}
{"type":"log","level":"info","message":"Render request 11 queued for execution and waiting for available worker","previousOperationId":"f32k13vwgqpqfe6","timestamp":1725939880109,"id":"wpe4by9jpo96dx9"}
{"type":"operationStart","subtype":"render","name":"xlsx invoice","previousOperationId":"f32k13vwgqpqfe6","timestamp":1725939880117,"id":"4nk68hfx3r9xa08","previousEventId":"favttr5cif33zc7","operationId":"9pduo918k1o3m8i"}
{"type":"log","timestamp":1725939880118,"level":"info","message":"Starting rendering request 11 (user: admin)","meta":{"rootId":"9w64y5qn8pqowms","id":"9w64y5qn8pqowms"},"id":"12tilzu5t57pkui","previousOperationId":"9pduo918k1o3m8i"}
{"type":"log","timestamp":1725939880118,"level":"info","message":"Rendering template { name: xlsx invoice, recipe: xlsx, engine: handlebars, preview: true }","meta":{"rootId":"9w64y5qn8pqowms","id":"9w64y5qn8pqowms"},"id":"eanql82x7tbzlq8","previousOperationId":"9pduo918k1o3m8i"}
{"type":"log","timestamp":1725939880118,"level":"debug","message":"Inline data specified.","meta":{"rootId":"9w64y5qn8pqowms","id":"9w64y5qn8pqowms"},"id":"vstztflwlxsqys7","previousOperationId":"9pduo918k1o3m8i"}
{"type":"log","timestamp":1725939880119,"level":"debug","message":"Base url not specified, skipping its injection.","meta":{"rootId":"9w64y5qn8pqowms","id":"9w64y5qn8pqowms"},"id":"bud7rjowkgmnkje","previousOperationId":"9pduo918k1o3m8i"}
{"type":"operationStart","subtype":"engine","name":"handlebars","timestamp":1725939880120,"id":"t3vt1eq7gzbx3tf","previousEventId":"4nk68hfx3r9xa08","operationId":"do4zq5mlhgr3zs2","previousOperationId":"9pduo918k1o3m8i"}
{"type":"log","timestamp":1725939880120,"level":"debug","message":"Rendering engine handlebars","meta":{"rootId":"9w64y5qn8pqowms","id":"9w64y5qn8pqowms"},"id":"60ywq3lt673erwq","previousOperationId":"do4zq5mlhgr3zs2"}
{"type":"operationEnd","operationId":"do4zq5mlhgr3zs2","timestamp":1725939880128,"id":"92dk61cu7adqp43","previousEventId":"t3vt1eq7gzbx3tf","previousOperationId":"do4zq5mlhgr3zs2"}
{"type":"operationStart","subtype":"recipe","name":"xlsx","timestamp":1725939880128,"id":"mbxveth7rgayw3x","previousEventId":"92dk61cu7adqp43","operationId":"f7p9s43ndzpbhip","previousOperationId":"do4zq5mlhgr3zs2"}
{"type":"log","timestamp":1725939880128,"level":"debug","message":"Executing recipe xlsx","meta":{"rootId":"9w64y5qn8pqowms","id":"9w64y5qn8pqowms"},"id":"qsvoqpb0cikxvmv","previousOperationId":"f7p9s43ndzpbhip"}
{"type":"log","timestamp":1725939880128,"level":"info","message":"xlsx generation is starting","meta":{"rootId":"9w64y5qn8pqowms","id":"9w64y5qn8pqowms"},"id":"hmrii3yqj9m4zbw","previousOperationId":"f7p9s43ndzpbhip"}
{"type":"log","timestamp":1725939880157,"level":"debug","message":"Starting child request to render xlsx dynamic parts for generation step","meta":{"rootId":"9w64y5qn8pqowms","id":"9w64y5qn8pqowms"},"id":"cr802vt0e7yquk5","previousOperationId":"f7p9s43ndzpbhip"}
{"type":"operationStart","subtype":"render","name":"anonymous","previousOperationId":"f7p9s43ndzpbhip","timestamp":1725939880158,"id":"nih946vkkzpinql","previousEventId":"mbxveth7rgayw3x","operationId":"ml456b1xhsydzhx"}
{"type":"log","timestamp":1725939880158,"level":"info","message":"Starting rendering (child) request (user: admin)","meta":{"rootId":"9w64y5qn8pqowms","id":"zprn7eb450hfvke"},"id":"rcdyx8wdh1lm3xv","previousOperationId":"ml456b1xhsydzhx"}
{"type":"log","timestamp":1725939880158,"level":"info","message":"Rendering anonymous template { recipe: html, engine: handlebars }","meta":{"rootId":"9w64y5qn8pqowms","id":"zprn7eb450hfvke"},"id":"9qd1pghin0bcvxe","previousOperationId":"ml456b1xhsydzhx"}
{"type":"log","timestamp":1725939880158,"level":"debug","message":"Inline data specified.","meta":{"rootId":"9w64y5qn8pqowms","id":"zprn7eb450hfvke"},"id":"u88eywmtareivy1","previousOperationId":"ml456b1xhsydzhx"}
{"type":"log","timestamp":1725939880163,"level":"debug","message":"Base url not specified, skipping its injection.","meta":{"rootId":"9w64y5qn8pqowms","id":"zprn7eb450hfvke"},"id":"ycup7p4vwi4su78","previousOperationId":"ml456b1xhsydzhx"}
{"type":"operationStart","subtype":"engine","name":"handlebars","timestamp":1725939880164,"id":"hjz4xbgymkt2rnj","previousEventId":"nih946vkkzpinql","operationId":"p3dt1i99mbnryjn","previousOperationId":"ml456b1xhsydzhx"}
{"type":"log","timestamp":1725939880164,"level":"debug","message":"Rendering engine handlebars","meta":{"rootId":"9w64y5qn8pqowms","id":"zprn7eb450hfvke"},"id":"hdll3l76v9kkosn","previousOperationId":"p3dt1i99mbnryjn"}
{"type":"operationEnd","operationId":"p3dt1i99mbnryjn","timestamp":1725939880238,"id":"8f3t8h2ttp764rr","previousEventId":"hjz4xbgymkt2rnj","previousOperationId":"p3dt1i99mbnryjn"}
{"type":"operationStart","subtype":"recipe","name":"html","timestamp":1725939880239,"id":"24re4v6xxmu0lkp","previousEventId":"8f3t8h2ttp764rr","operationId":"u2fwxhq1tjm69e0","previousOperationId":"p3dt1i99mbnryjn"}
{"type":"log","timestamp":1725939880239,"level":"debug","message":"Executing recipe html","meta":{"rootId":"9w64y5qn8pqowms","id":"zprn7eb450hfvke"},"id":"86bjcxz3rc1o7pg","previousOperationId":"u2fwxhq1tjm69e0"}
{"type":"operationEnd","operationId":"u2fwxhq1tjm69e0","timestamp":1725939880239,"id":"md26l3fha5nzx73","previousEventId":"24re4v6xxmu0lkp","previousOperationId":"u2fwxhq1tjm69e0"}
{"type":"log","timestamp":1725939880239,"level":"debug","message":"Skipping storing report.","meta":{"rootId":"9w64y5qn8pqowms","id":"zprn7eb450hfvke"},"id":"g2ldtfmnc6cdqrc","previousOperationId":"u2fwxhq1tjm69e0"}
{"type":"log","timestamp":1725939880239,"level":"info","message":"Rendering (child) request finished in 132 ms","meta":{"rootId":"9w64y5qn8pqowms","id":"zprn7eb450hfvke"},"id":"3g93gwlwbq13n6k","previousOperationId":"u2fwxhq1tjm69e0"}
{"type":"operationEnd","subtype":"render","operationId":"ml456b1xhsydzhx","timestamp":1725939880239,"id":"9wag50g6yuzqoq5","previousEventId":"md26l3fha5nzx73","previousOperationId":"u2fwxhq1tjm69e0"}
{"type":"log","timestamp":1725939880271,"level":"debug","message":"xlsx successfully zipped","meta":{"rootId":"9w64y5qn8pqowms","id":"9w64y5qn8pqowms"},"id":"qjzm6ywwkcf6mqd","previousOperationId":"f7p9s43ndzpbhip"}
{"type":"log","timestamp":1725939880271,"level":"info","message":"xlsx generation was finished","meta":{"rootId":"9w64y5qn8pqowms","id":"9w64y5qn8pqowms"},"id":"6qhktvt7tg2yi1t","previousOperationId":"f7p9s43ndzpbhip"}
{"type":"log","timestamp":1725939880271,"level":"info","message":"xlsx transformation is starting","meta":{"rootId":"9w64y5qn8pqowms","id":"9w64y5qn8pqowms"},"id":"2pe0vrhnw22pu5x","previousOperationId":"f7p9s43ndzpbhip"}
{"type":"log","timestamp":1725939880305,"level":"debug","message":"Parsing xlsx content","meta":{"rootId":"9w64y5qn8pqowms","id":"9w64y5qn8pqowms"},"id":"k50ucjwu75mapfn","previousOperationId":"f7p9s43ndzpbhip"}
{"type":"log","timestamp":1725939880332,"level":"debug","message":"Successfully zipped now.","meta":{"rootId":"9w64y5qn8pqowms","id":"9w64y5qn8pqowms"},"id":"5jowenx6d6fzw11","previousOperationId":"f7p9s43ndzpbhip"}
{"type":"log","timestamp":1725939880332,"level":"info","message":"xlsx transformation was finished","meta":{"rootId":"9w64y5qn8pqowms","id":"9w64y5qn8pqowms"},"id":"6je0b4c7oija0s5","previousOperationId":"f7p9s43ndzpbhip"}
{"type":"log","timestamp":1725939880332,"level":"debug","message":"preparing office preview","meta":{"rootId":"9w64y5qn8pqowms","id":"9w64y5qn8pqowms"},"id":"098mqxmqrtyvwbs","previousOperationId":"f7p9s43ndzpbhip"}
{"type":"operationEnd","operationId":"f7p9s43ndzpbhip","timestamp":1725939880764,"id":"ku2rkkdc8r4j00s","previousEventId":"mbxveth7rgayw3x","previousOperationId":"f7p9s43ndzpbhip"}
{"type":"log","timestamp":1725939880764,"level":"debug","message":"Skipping storing report.","meta":{"rootId":"9w64y5qn8pqowms","id":"9w64y5qn8pqowms"},"id":"18lgnvfvbluv8jf","previousOperationId":"f7p9s43ndzpbhip"}
{"type":"log","timestamp":1725939880764,"level":"info","message":"Rendering request 11 finished in 657 ms","meta":{"rootId":"9w64y5qn8pqowms","id":"9w64y5qn8pqowms"},"id":"qzbrxg9vrx3sl4w","previousOperationId":"f7p9s43ndzpbhip"}
{"type":"operationEnd","subtype":"render","operationId":"9pduo918k1o3m8i","timestamp":1725939880764,"id":"y9rmgepc3wqxbce","previousEventId":"ku2rkkdc8r4j00s","previousOperationId":"f7p9s43ndzpbhip"}
{"type":"operationEnd","doDiffs":false,"previousEventId":"favttr5cif33zc7","previousOperationId":"f32k13vwgqpqfe6","operationId":"f32k13vwgqpqfe6","timestamp":1725939880768,"id":"fkvmd3m3r2erelg"}
