{"type":"operationStart","subtype":"profile","data":{"_id":"luHaaX8gSrUbT80j","timestamp":"2024-09-09T12:07:03.449Z","state":"queued","mode":"standard","creationDate":"2024-09-09T12:07:03.450Z","modificationDate":"2024-09-09T12:07:03.450Z","shortid":"ZLOwCKi","inheritedReadPermissions":[],"inheritedEditPermissions":[],"$entitySet":"profiles"},"doDiffs":false,"timestamp":1725883623450,"id":"rmhrszz9f19ds9g","previousOperationId":null,"operationId":"iirj4mjax8x0t6n"}
{"type":"log","level":"info","message":"Render request 628 queued for execution and waiting for available worker","previousOperationId":"iirj4mjax8x0t6n","timestamp":1725883623450,"id":"27vtb9tpa9pj1zu"}
{"type":"operationStart","subtype":"render","name":"xlsx invoice","previousOperationId":"iirj4mjax8x0t6n","timestamp":1725883623459,"id":"sygwuiynr2mc9fy","previousEventId":"rmhrszz9f19ds9g","operationId":"e9m6ta0c687q6dr"}
{"type":"log","timestamp":1725883623459,"level":"info","message":"Starting rendering request 628 (user: admin)","meta":{"rootId":"blhi9cvwa9v4hgl","id":"blhi9cvwa9v4hgl"},"id":"5pry8xyhj333t8x","previousOperationId":"e9m6ta0c687q6dr"}
{"type":"log","timestamp":1725883623460,"level":"info","message":"Rendering template { name: xlsx invoice, recipe: xlsx, engine: handlebars, preview: true }","meta":{"rootId":"blhi9cvwa9v4hgl","id":"blhi9cvwa9v4hgl"},"id":"6pd56rjbjt4lmqw","previousOperationId":"e9m6ta0c687q6dr"}
{"type":"log","timestamp":1725883623460,"level":"debug","message":"Inline data specified.","meta":{"rootId":"blhi9cvwa9v4hgl","id":"blhi9cvwa9v4hgl"},"id":"ensnxpd20twuynu","previousOperationId":"e9m6ta0c687q6dr"}
{"type":"log","timestamp":1725883623462,"level":"debug","message":"Base url not specified, skipping its injection.","meta":{"rootId":"blhi9cvwa9v4hgl","id":"blhi9cvwa9v4hgl"},"id":"ck0httk3bawq3bl","previousOperationId":"e9m6ta0c687q6dr"}
{"type":"operationStart","subtype":"engine","name":"handlebars","timestamp":1725883623462,"id":"l5hxxcxup60l6ja","previousEventId":"sygwuiynr2mc9fy","operationId":"fhs3kz2wha5tvcv","previousOperationId":"e9m6ta0c687q6dr"}
{"type":"log","timestamp":1725883623462,"level":"debug","message":"Rendering engine handlebars","meta":{"rootId":"blhi9cvwa9v4hgl","id":"blhi9cvwa9v4hgl"},"id":"48rubgv1pjkco2t","previousOperationId":"fhs3kz2wha5tvcv"}
{"type":"operationEnd","operationId":"fhs3kz2wha5tvcv","timestamp":1725883623469,"id":"a9jhgqf3eqvxz3l","previousEventId":"l5hxxcxup60l6ja","previousOperationId":"fhs3kz2wha5tvcv"}
{"type":"operationStart","subtype":"recipe","name":"xlsx","timestamp":1725883623469,"id":"luuumtx0ap0z3x8","previousEventId":"a9jhgqf3eqvxz3l","operationId":"j2xibj45cvepyh3","previousOperationId":"fhs3kz2wha5tvcv"}
{"type":"log","timestamp":1725883623469,"level":"debug","message":"Executing recipe xlsx","meta":{"rootId":"blhi9cvwa9v4hgl","id":"blhi9cvwa9v4hgl"},"id":"ol7gmcovw813i15","previousOperationId":"j2xibj45cvepyh3"}
{"type":"log","timestamp":1725883623470,"level":"info","message":"xlsx generation is starting","meta":{"rootId":"blhi9cvwa9v4hgl","id":"blhi9cvwa9v4hgl"},"id":"gofzt5iquq0ojos","previousOperationId":"j2xibj45cvepyh3"}
{"type":"log","timestamp":1725883623496,"level":"debug","message":"Starting child request to render xlsx dynamic parts for generation step","meta":{"rootId":"blhi9cvwa9v4hgl","id":"blhi9cvwa9v4hgl"},"id":"9f3c9jm4sb5bnxb","previousOperationId":"j2xibj45cvepyh3"}
{"type":"operationStart","subtype":"render","name":"anonymous","previousOperationId":"j2xibj45cvepyh3","timestamp":1725883623496,"id":"lpo1xhmfqgi6gbr","previousEventId":"luuumtx0ap0z3x8","operationId":"nnkqbiwmu3to1ii"}
{"type":"log","timestamp":1725883623496,"level":"info","message":"Starting rendering (child) request (user: admin)","meta":{"rootId":"blhi9cvwa9v4hgl","id":"fbf0u6jx2clc9r0"},"id":"g20b19orgg61agz","previousOperationId":"nnkqbiwmu3to1ii"}
{"type":"log","timestamp":1725883623496,"level":"info","message":"Rendering anonymous template { recipe: html, engine: handlebars }","meta":{"rootId":"blhi9cvwa9v4hgl","id":"fbf0u6jx2clc9r0"},"id":"zs6mqthsaz4bijg","previousOperationId":"nnkqbiwmu3to1ii"}
{"type":"log","timestamp":1725883623496,"level":"debug","message":"Inline data specified.","meta":{"rootId":"blhi9cvwa9v4hgl","id":"fbf0u6jx2clc9r0"},"id":"ops8i7nl7ubjzmi","previousOperationId":"nnkqbiwmu3to1ii"}
{"type":"log","timestamp":1725883623503,"level":"debug","message":"Base url not specified, skipping its injection.","meta":{"rootId":"blhi9cvwa9v4hgl","id":"fbf0u6jx2clc9r0"},"id":"me1xikjn9bpto1y","previousOperationId":"nnkqbiwmu3to1ii"}
{"type":"operationStart","subtype":"engine","name":"handlebars","timestamp":1725883623504,"id":"0sa5a3q8vpyklf7","previousEventId":"lpo1xhmfqgi6gbr","operationId":"6du83rk1612w9z7","previousOperationId":"nnkqbiwmu3to1ii"}
{"type":"log","timestamp":1725883623504,"level":"debug","message":"Rendering engine handlebars","meta":{"rootId":"blhi9cvwa9v4hgl","id":"fbf0u6jx2clc9r0"},"id":"85p6ab6567z99uv","previousOperationId":"6du83rk1612w9z7"}
{"type":"operationEnd","operationId":"6du83rk1612w9z7","timestamp":1725883623566,"id":"u6j0qcrw1pvckty","previousEventId":"0sa5a3q8vpyklf7","previousOperationId":"6du83rk1612w9z7"}
{"type":"operationStart","subtype":"recipe","name":"html","timestamp":1725883623566,"id":"3d04qymn1fh3xdm","previousEventId":"u6j0qcrw1pvckty","operationId":"3higo5tafcm51mz","previousOperationId":"6du83rk1612w9z7"}
{"type":"log","timestamp":1725883623566,"level":"debug","message":"Executing recipe html","meta":{"rootId":"blhi9cvwa9v4hgl","id":"fbf0u6jx2clc9r0"},"id":"uop8q6djf70chso","previousOperationId":"3higo5tafcm51mz"}
{"type":"operationEnd","operationId":"3higo5tafcm51mz","timestamp":1725883623566,"id":"1vdlbhmvoa0lqai","previousEventId":"3d04qymn1fh3xdm","previousOperationId":"3higo5tafcm51mz"}
{"type":"log","timestamp":1725883623566,"level":"debug","message":"Skipping storing report.","meta":{"rootId":"blhi9cvwa9v4hgl","id":"fbf0u6jx2clc9r0"},"id":"bndfzq4f46v8zat","previousOperationId":"3higo5tafcm51mz"}
{"type":"log","timestamp":1725883623566,"level":"info","message":"Rendering (child) request finished in 117 ms","meta":{"rootId":"blhi9cvwa9v4hgl","id":"fbf0u6jx2clc9r0"},"id":"ldtw4uzwxkwz2dp","previousOperationId":"3higo5tafcm51mz"}
{"type":"operationEnd","subtype":"render","operationId":"nnkqbiwmu3to1ii","timestamp":1725883623566,"id":"hw5fscvm0g3e2m8","previousEventId":"1vdlbhmvoa0lqai","previousOperationId":"3higo5tafcm51mz"}
{"type":"log","timestamp":1725883623583,"level":"debug","message":"xlsx successfully zipped","meta":{"rootId":"blhi9cvwa9v4hgl","id":"blhi9cvwa9v4hgl"},"id":"plodpzld7wd77pf","previousOperationId":"j2xibj45cvepyh3"}
{"type":"log","timestamp":1725883623583,"level":"info","message":"xlsx generation was finished","meta":{"rootId":"blhi9cvwa9v4hgl","id":"blhi9cvwa9v4hgl"},"id":"7gye2gr61ogl3wo","previousOperationId":"j2xibj45cvepyh3"}
{"type":"log","timestamp":1725883623583,"level":"debug","message":"preparing office preview","meta":{"rootId":"blhi9cvwa9v4hgl","id":"blhi9cvwa9v4hgl"},"id":"x2ongjp29tjqm9v","previousOperationId":"j2xibj45cvepyh3"}
{"type":"operationEnd","operationId":"j2xibj45cvepyh3","timestamp":1725883623992,"id":"78n3u2744zs6rkt","previousEventId":"luuumtx0ap0z3x8","previousOperationId":"j2xibj45cvepyh3"}
{"type":"log","timestamp":1725883623992,"level":"debug","message":"Skipping storing report.","meta":{"rootId":"blhi9cvwa9v4hgl","id":"blhi9cvwa9v4hgl"},"id":"dx7d4niitfj7zbm","previousOperationId":"j2xibj45cvepyh3"}
{"type":"log","timestamp":1725883623992,"level":"info","message":"Rendering request 628 finished in 543 ms","meta":{"rootId":"blhi9cvwa9v4hgl","id":"blhi9cvwa9v4hgl"},"id":"msv41jlugysps5u","previousOperationId":"j2xibj45cvepyh3"}
{"type":"operationEnd","subtype":"render","operationId":"e9m6ta0c687q6dr","timestamp":1725883623992,"id":"2goizwnk0kxzlp6","previousEventId":"78n3u2744zs6rkt","previousOperationId":"j2xibj45cvepyh3"}
{"type":"operationEnd","doDiffs":false,"previousEventId":"rmhrszz9f19ds9g","previousOperationId":"iirj4mjax8x0t6n","operationId":"iirj4mjax8x0t6n","timestamp":1725883623994,"id":"vvfoyw69gd73gyu"}
