{"type":"operationStart","subtype":"profile","data":{"_id":"puUvwP9B1OWowcEU","timestamp":"2024-09-09T11:34:29.428Z","state":"queued","mode":"standard","creationDate":"2024-09-09T11:34:29.431Z","modificationDate":"2024-09-09T11:34:29.431Z","shortid":"EiqhBog","inheritedReadPermissions":[],"inheritedEditPermissions":[],"$entitySet":"profiles"},"doDiffs":false,"timestamp":1725881669430,"id":"vreg1917ugq5ohz","previousOperationId":null,"operationId":"j4ik6z2ffafznpm"}
{"type":"log","level":"info","message":"Render request 608 queued for execution and waiting for available worker","previousOperationId":"j4ik6z2ffafznpm","timestamp":1725881669430,"id":"7w001dg444v1cf6"}
{"type":"operationStart","subtype":"render","name":"xlsx invoice","previousOperationId":"j4ik6z2ffafznpm","timestamp":1725881669439,"id":"jrhvvkasu7lh7oy","previousEventId":"vreg1917ugq5ohz","operationId":"qurrrdvuyiac73c"}
{"type":"log","timestamp":1725881669439,"level":"info","message":"Starting rendering request 608 (user: admin)","meta":{"rootId":"c108xo6xdbzvp08","id":"c108xo6xdbzvp08"},"id":"yau3sb0pj01abhb","previousOperationId":"qurrrdvuyiac73c"}
{"type":"log","timestamp":1725881669440,"level":"info","message":"Rendering template { name: xlsx invoice, recipe: xlsx, engine: handlebars, preview: true }","meta":{"rootId":"c108xo6xdbzvp08","id":"c108xo6xdbzvp08"},"id":"hfaxhombvqgos2n","previousOperationId":"qurrrdvuyiac73c"}
{"type":"log","timestamp":1725881669440,"level":"debug","message":"Inline data specified.","meta":{"rootId":"c108xo6xdbzvp08","id":"c108xo6xdbzvp08"},"id":"afvdr7ho3fxzx88","previousOperationId":"qurrrdvuyiac73c"}
{"type":"log","timestamp":1725881669442,"level":"debug","message":"Base url not specified, skipping its injection.","meta":{"rootId":"c108xo6xdbzvp08","id":"c108xo6xdbzvp08"},"id":"gc3uvnvyhyqcqkb","previousOperationId":"qurrrdvuyiac73c"}
{"type":"operationStart","subtype":"engine","name":"handlebars","timestamp":1725881669442,"id":"6ef1sr25haspj5o","previousEventId":"jrhvvkasu7lh7oy","operationId":"rl0dw30gn13jd33","previousOperationId":"qurrrdvuyiac73c"}
{"type":"log","timestamp":1725881669442,"level":"debug","message":"Rendering engine handlebars","meta":{"rootId":"c108xo6xdbzvp08","id":"c108xo6xdbzvp08"},"id":"zv0poh6rel45v6a","previousOperationId":"rl0dw30gn13jd33"}
{"type":"operationEnd","operationId":"rl0dw30gn13jd33","timestamp":1725881669451,"id":"0nv22na5yx4eaz7","previousEventId":"6ef1sr25haspj5o","previousOperationId":"rl0dw30gn13jd33"}
{"type":"operationStart","subtype":"recipe","name":"xlsx","timestamp":1725881669451,"id":"pe5a20ahvz78sgl","previousEventId":"0nv22na5yx4eaz7","operationId":"jvcqc3kje8qbwuk","previousOperationId":"rl0dw30gn13jd33"}
{"type":"log","timestamp":1725881669451,"level":"debug","message":"Executing recipe xlsx","meta":{"rootId":"c108xo6xdbzvp08","id":"c108xo6xdbzvp08"},"id":"zevdnx24jdrdw1g","previousOperationId":"jvcqc3kje8qbwuk"}
{"type":"log","timestamp":1725881669452,"level":"info","message":"xlsx generation is starting","meta":{"rootId":"c108xo6xdbzvp08","id":"c108xo6xdbzvp08"},"id":"gm68bpsh2ooht6h","previousOperationId":"jvcqc3kje8qbwuk"}
{"type":"log","timestamp":1725881669499,"level":"debug","message":"Starting child request to render xlsx dynamic parts for generation step","meta":{"rootId":"c108xo6xdbzvp08","id":"c108xo6xdbzvp08"},"id":"ya6hl445qtg9tv7","previousOperationId":"jvcqc3kje8qbwuk"}
{"type":"operationStart","subtype":"render","name":"anonymous","previousOperationId":"jvcqc3kje8qbwuk","timestamp":1725881669499,"id":"nf0lw7elud43mkm","previousEventId":"pe5a20ahvz78sgl","operationId":"jttfggudk4nr6dq"}
{"type":"log","timestamp":1725881669499,"level":"info","message":"Starting rendering (child) request (user: admin)","meta":{"rootId":"c108xo6xdbzvp08","id":"7vw6jay7eknbq44"},"id":"ihku5bf5jw3yaj1","previousOperationId":"jttfggudk4nr6dq"}
{"type":"log","timestamp":1725881669499,"level":"info","message":"Rendering anonymous template { recipe: html, engine: handlebars }","meta":{"rootId":"c108xo6xdbzvp08","id":"7vw6jay7eknbq44"},"id":"7n9umpie62n4yf9","previousOperationId":"jttfggudk4nr6dq"}
{"type":"log","timestamp":1725881669499,"level":"debug","message":"Inline data specified.","meta":{"rootId":"c108xo6xdbzvp08","id":"7vw6jay7eknbq44"},"id":"c3ph9urmdd8voyr","previousOperationId":"jttfggudk4nr6dq"}
{"type":"log","timestamp":1725881669501,"level":"debug","message":"Base url not specified, skipping its injection.","meta":{"rootId":"c108xo6xdbzvp08","id":"7vw6jay7eknbq44"},"id":"2iv44rylrncj4aj","previousOperationId":"jttfggudk4nr6dq"}
{"type":"operationStart","subtype":"engine","name":"handlebars","timestamp":1725881669501,"id":"89pp7ir6okkzo48","previousEventId":"nf0lw7elud43mkm","operationId":"3kazx6g7i4ntppc","previousOperationId":"jttfggudk4nr6dq"}
{"type":"log","timestamp":1725881669501,"level":"debug","message":"Rendering engine handlebars","meta":{"rootId":"c108xo6xdbzvp08","id":"7vw6jay7eknbq44"},"id":"part86iz57q7zjb","previousOperationId":"3kazx6g7i4ntppc"}
{"type":"operationEnd","operationId":"3kazx6g7i4ntppc","timestamp":1725881669599,"id":"ryoclkeafhhjfy9","previousEventId":"89pp7ir6okkzo48","previousOperationId":"3kazx6g7i4ntppc"}
{"type":"operationStart","subtype":"recipe","name":"html","timestamp":1725881669601,"id":"70jtknwczdi03d3","previousEventId":"ryoclkeafhhjfy9","operationId":"a8t0s6kwcin5kfh","previousOperationId":"3kazx6g7i4ntppc"}
{"type":"log","timestamp":1725881669601,"level":"debug","message":"Executing recipe html","meta":{"rootId":"c108xo6xdbzvp08","id":"7vw6jay7eknbq44"},"id":"4n77t9ofody100c","previousOperationId":"a8t0s6kwcin5kfh"}
{"type":"operationEnd","operationId":"a8t0s6kwcin5kfh","timestamp":1725881669601,"id":"5wchnvxohr17cbb","previousEventId":"70jtknwczdi03d3","previousOperationId":"a8t0s6kwcin5kfh"}
{"type":"log","timestamp":1725881669601,"level":"debug","message":"Skipping storing report.","meta":{"rootId":"c108xo6xdbzvp08","id":"7vw6jay7eknbq44"},"id":"vansxqnpdph28cy","previousOperationId":"a8t0s6kwcin5kfh"}
{"type":"log","timestamp":1725881669601,"level":"info","message":"Rendering (child) request finished in 173 ms","meta":{"rootId":"c108xo6xdbzvp08","id":"7vw6jay7eknbq44"},"id":"gqs7idvnddhp2ng","previousOperationId":"a8t0s6kwcin5kfh"}
{"type":"operationEnd","subtype":"render","operationId":"jttfggudk4nr6dq","timestamp":1725881669601,"id":"uo1we1zwgvsbahm","previousEventId":"5wchnvxohr17cbb","previousOperationId":"a8t0s6kwcin5kfh"}
{"type":"log","timestamp":1725881669640,"level":"debug","message":"xlsx successfully zipped","meta":{"rootId":"c108xo6xdbzvp08","id":"c108xo6xdbzvp08"},"id":"4npo1xdczbuic4j","previousOperationId":"jvcqc3kje8qbwuk"}
{"type":"log","timestamp":1725881669640,"level":"info","message":"xlsx generation was finished","meta":{"rootId":"c108xo6xdbzvp08","id":"c108xo6xdbzvp08"},"id":"izg1vws7dcpusg2","previousOperationId":"jvcqc3kje8qbwuk"}
{"type":"log","timestamp":1725881669640,"level":"debug","message":"preparing office preview","meta":{"rootId":"c108xo6xdbzvp08","id":"c108xo6xdbzvp08"},"id":"z18ny7ruztggmnf","previousOperationId":"jvcqc3kje8qbwuk"}
{"type":"operationEnd","operationId":"jvcqc3kje8qbwuk","timestamp":1725881670045,"id":"hvrugidrelwhwif","previousEventId":"pe5a20ahvz78sgl","previousOperationId":"jvcqc3kje8qbwuk"}
{"type":"log","timestamp":1725881670045,"level":"debug","message":"Skipping storing report.","meta":{"rootId":"c108xo6xdbzvp08","id":"c108xo6xdbzvp08"},"id":"1w8ekd36avffh4j","previousOperationId":"jvcqc3kje8qbwuk"}
{"type":"log","timestamp":1725881670045,"level":"info","message":"Rendering request 608 finished in 617 ms","meta":{"rootId":"c108xo6xdbzvp08","id":"c108xo6xdbzvp08"},"id":"lbs7oy8lqt5nqzt","previousOperationId":"jvcqc3kje8qbwuk"}
{"type":"operationEnd","subtype":"render","operationId":"qurrrdvuyiac73c","timestamp":1725881670045,"id":"qt7kb3jbxwe82mx","previousEventId":"hvrugidrelwhwif","previousOperationId":"jvcqc3kje8qbwuk"}
{"type":"operationEnd","doDiffs":false,"previousEventId":"vreg1917ugq5ohz","previousOperationId":"j4ik6z2ffafznpm","operationId":"j4ik6z2ffafznpm","timestamp":1725881670047,"id":"wxbj5nl5ceg563w"}
