{"type":"operationStart","subtype":"profile","data":{"_id":"lvS4tqaHAYRuz9Ri","timestamp":"2024-09-09T12:17:05.172Z","state":"queued","mode":"standard","creationDate":"2024-09-09T12:17:05.174Z","modificationDate":"2024-09-09T12:17:05.174Z","shortid":"fRiEuIE","inheritedReadPermissions":[],"inheritedEditPermissions":[],"$entitySet":"profiles"},"doDiffs":false,"timestamp":1725884225173,"id":"4h8xjs6wt97a32i","previousOperationId":null,"operationId":"s57akzbq9q2dinc"}
{"type":"log","level":"info","message":"Render request 630 queued for execution and waiting for available worker","previousOperationId":"s57akzbq9q2dinc","timestamp":1725884225173,"id":"rlofkoxjrmntej8"}
{"type":"operationStart","subtype":"render","name":"xlsx invoice","previousOperationId":"s57akzbq9q2dinc","timestamp":1725884225182,"id":"s0vugwxfwiyuoyc","previousEventId":"4h8xjs6wt97a32i","operationId":"b9a45jc8q3rd5co"}
{"type":"log","timestamp":1725884225182,"level":"info","message":"Starting rendering request 630 (user: admin)","meta":{"rootId":"ckdwuwxmd6thz7s","id":"ckdwuwxmd6thz7s"},"id":"w7p00np7df8jl4y","previousOperationId":"b9a45jc8q3rd5co"}
{"type":"log","timestamp":1725884225182,"level":"info","message":"Rendering template { name: xlsx invoice, recipe: xlsx, engine: handlebars, preview: true }","meta":{"rootId":"ckdwuwxmd6thz7s","id":"ckdwuwxmd6thz7s"},"id":"ix93z6q9l9e4k1p","previousOperationId":"b9a45jc8q3rd5co"}
{"type":"log","timestamp":1725884225183,"level":"debug","message":"Inline data specified.","meta":{"rootId":"ckdwuwxmd6thz7s","id":"ckdwuwxmd6thz7s"},"id":"arz2ge9iy964o3n","previousOperationId":"b9a45jc8q3rd5co"}
{"type":"log","timestamp":1725884225184,"level":"debug","message":"Base url not specified, skipping its injection.","meta":{"rootId":"ckdwuwxmd6thz7s","id":"ckdwuwxmd6thz7s"},"id":"c80bxpatnglwua0","previousOperationId":"b9a45jc8q3rd5co"}
{"type":"operationStart","subtype":"engine","name":"handlebars","timestamp":1725884225184,"id":"tutct05he11hz3m","previousEventId":"s0vugwxfwiyuoyc","operationId":"ys7iq7x4li3kjgc","previousOperationId":"b9a45jc8q3rd5co"}
{"type":"log","timestamp":1725884225184,"level":"debug","message":"Rendering engine handlebars","meta":{"rootId":"ckdwuwxmd6thz7s","id":"ckdwuwxmd6thz7s"},"id":"3j25ocr4g4h69ad","previousOperationId":"ys7iq7x4li3kjgc"}
{"type":"operationEnd","operationId":"ys7iq7x4li3kjgc","timestamp":1725884225192,"id":"k0jikf9jlvecvoq","previousEventId":"tutct05he11hz3m","previousOperationId":"ys7iq7x4li3kjgc"}
{"type":"operationStart","subtype":"recipe","name":"xlsx","timestamp":1725884225192,"id":"w79wu3f9vngqz5y","previousEventId":"k0jikf9jlvecvoq","operationId":"aop83zn4ii5gzz7","previousOperationId":"ys7iq7x4li3kjgc"}
{"type":"log","timestamp":1725884225192,"level":"debug","message":"Executing recipe xlsx","meta":{"rootId":"ckdwuwxmd6thz7s","id":"ckdwuwxmd6thz7s"},"id":"x9ownhusdz6f3qu","previousOperationId":"aop83zn4ii5gzz7"}
{"type":"log","timestamp":1725884225192,"level":"info","message":"xlsx generation is starting","meta":{"rootId":"ckdwuwxmd6thz7s","id":"ckdwuwxmd6thz7s"},"id":"ibzah9rs6y2n60q","previousOperationId":"aop83zn4ii5gzz7"}
{"type":"log","timestamp":1725884225221,"level":"debug","message":"Starting child request to render xlsx dynamic parts for generation step","meta":{"rootId":"ckdwuwxmd6thz7s","id":"ckdwuwxmd6thz7s"},"id":"zgzk7m43fpu9oin","previousOperationId":"aop83zn4ii5gzz7"}
{"type":"operationStart","subtype":"render","name":"anonymous","previousOperationId":"aop83zn4ii5gzz7","timestamp":1725884225221,"id":"heanxqi7tcyr7d1","previousEventId":"w79wu3f9vngqz5y","operationId":"57ot5kka0phlb7f"}
{"type":"log","timestamp":1725884225221,"level":"info","message":"Starting rendering (child) request (user: admin)","meta":{"rootId":"ckdwuwxmd6thz7s","id":"tr6ws7bji670sem"},"id":"10b35f2vfuaoefi","previousOperationId":"57ot5kka0phlb7f"}
{"type":"log","timestamp":1725884225221,"level":"info","message":"Rendering anonymous template { recipe: html, engine: handlebars }","meta":{"rootId":"ckdwuwxmd6thz7s","id":"tr6ws7bji670sem"},"id":"qvbl06awttqqoc0","previousOperationId":"57ot5kka0phlb7f"}
{"type":"log","timestamp":1725884225221,"level":"debug","message":"Inline data specified.","meta":{"rootId":"ckdwuwxmd6thz7s","id":"tr6ws7bji670sem"},"id":"maksr24xyae3mqa","previousOperationId":"57ot5kka0phlb7f"}
{"type":"log","timestamp":1725884225227,"level":"debug","message":"Base url not specified, skipping its injection.","meta":{"rootId":"ckdwuwxmd6thz7s","id":"tr6ws7bji670sem"},"id":"qi7u6b1rr32vz3t","previousOperationId":"57ot5kka0phlb7f"}
{"type":"operationStart","subtype":"engine","name":"handlebars","timestamp":1725884225227,"id":"dnmd18j8am46tu7","previousEventId":"heanxqi7tcyr7d1","operationId":"9kzs6xlhywti0q6","previousOperationId":"57ot5kka0phlb7f"}
{"type":"log","timestamp":1725884225227,"level":"debug","message":"Rendering engine handlebars","meta":{"rootId":"ckdwuwxmd6thz7s","id":"tr6ws7bji670sem"},"id":"illzf3bpf4o4g6o","previousOperationId":"9kzs6xlhywti0q6"}
{"type":"operationEnd","operationId":"9kzs6xlhywti0q6","timestamp":1725884225298,"id":"jsaaakxx5a929dn","previousEventId":"dnmd18j8am46tu7","previousOperationId":"9kzs6xlhywti0q6"}
{"type":"operationStart","subtype":"recipe","name":"html","timestamp":1725884225298,"id":"7368h5zdhgfest2","previousEventId":"jsaaakxx5a929dn","operationId":"py0ao5odi712nf5","previousOperationId":"9kzs6xlhywti0q6"}
{"type":"log","timestamp":1725884225298,"level":"debug","message":"Executing recipe html","meta":{"rootId":"ckdwuwxmd6thz7s","id":"tr6ws7bji670sem"},"id":"awdcgjdblnyih5p","previousOperationId":"py0ao5odi712nf5"}
{"type":"operationEnd","operationId":"py0ao5odi712nf5","timestamp":1725884225298,"id":"ni22vp67f7s2zon","previousEventId":"7368h5zdhgfest2","previousOperationId":"py0ao5odi712nf5"}
{"type":"log","timestamp":1725884225298,"level":"debug","message":"Skipping storing report.","meta":{"rootId":"ckdwuwxmd6thz7s","id":"tr6ws7bji670sem"},"id":"e39tare6vx395gv","previousOperationId":"py0ao5odi712nf5"}
{"type":"log","timestamp":1725884225298,"level":"info","message":"Rendering (child) request finished in 126 ms","meta":{"rootId":"ckdwuwxmd6thz7s","id":"tr6ws7bji670sem"},"id":"axrn1hmaji4j132","previousOperationId":"py0ao5odi712nf5"}
{"type":"operationEnd","subtype":"render","operationId":"57ot5kka0phlb7f","timestamp":1725884225300,"id":"mptr2k9bndr6rha","previousEventId":"ni22vp67f7s2zon","previousOperationId":"py0ao5odi712nf5"}
{"type":"log","timestamp":1725884225320,"level":"debug","message":"xlsx successfully zipped","meta":{"rootId":"ckdwuwxmd6thz7s","id":"ckdwuwxmd6thz7s"},"id":"5mkmralzkih67ax","previousOperationId":"aop83zn4ii5gzz7"}
{"type":"log","timestamp":1725884225320,"level":"info","message":"xlsx generation was finished","meta":{"rootId":"ckdwuwxmd6thz7s","id":"ckdwuwxmd6thz7s"},"id":"y8m7nsggm3g50xf","previousOperationId":"aop83zn4ii5gzz7"}
{"type":"log","timestamp":1725884225320,"level":"debug","message":"preparing office preview","meta":{"rootId":"ckdwuwxmd6thz7s","id":"ckdwuwxmd6thz7s"},"id":"zncfh3yl7el1wdp","previousOperationId":"aop83zn4ii5gzz7"}
{"type":"operationEnd","operationId":"aop83zn4ii5gzz7","timestamp":1725884225743,"id":"q2qvtjrvmx4o64a","previousEventId":"w79wu3f9vngqz5y","previousOperationId":"aop83zn4ii5gzz7"}
{"type":"log","timestamp":1725884225743,"level":"debug","message":"Skipping storing report.","meta":{"rootId":"ckdwuwxmd6thz7s","id":"ckdwuwxmd6thz7s"},"id":"2myqbff5crjlm3z","previousOperationId":"aop83zn4ii5gzz7"}
{"type":"log","timestamp":1725884225743,"level":"info","message":"Rendering request 630 finished in 571 ms","meta":{"rootId":"ckdwuwxmd6thz7s","id":"ckdwuwxmd6thz7s"},"id":"5soke5ael7cokiz","previousOperationId":"aop83zn4ii5gzz7"}
{"type":"operationEnd","subtype":"render","operationId":"b9a45jc8q3rd5co","timestamp":1725884225743,"id":"gvi638r3ewmuttt","previousEventId":"q2qvtjrvmx4o64a","previousOperationId":"aop83zn4ii5gzz7"}
{"type":"operationEnd","doDiffs":false,"previousEventId":"4h8xjs6wt97a32i","previousOperationId":"s57akzbq9q2dinc","operationId":"s57akzbq9q2dinc","timestamp":1725884225746,"id":"fg4f7xchfv62dmc"}
