{"type":"operationStart","subtype":"profile","data":{"_id":"L2rvO2yAFsNZwHSY","timestamp":"2024-09-10T03:20:30.124Z","state":"queued","mode":"standard","creationDate":"2024-09-10T03:20:30.128Z","modificationDate":"2024-09-10T03:20:30.128Z","shortid":"b7ZE4pn","inheritedReadPermissions":[],"inheritedEditPermissions":[],"$entitySet":"profiles"},"doDiffs":false,"timestamp":1725938430126,"id":"hjl56rs7hjzmh8a","previousOperationId":null,"operationId":"60d152jkwwzwixz"}
{"type":"log","level":"info","message":"Render request 5 queued for execution and waiting for available worker","previousOperationId":"60d152jkwwzwixz","timestamp":1725938430126,"id":"mzk10lgghbk5d4w"}
{"type":"operationStart","subtype":"render","name":"xlsx invoice","previousOperationId":"60d152jkwwzwixz","timestamp":1725938430145,"id":"8ztqm0g1gnm8urg","previousEventId":"hjl56rs7hjzmh8a","operationId":"cnqpkyvv9osotpj"}
{"type":"log","timestamp":1725938430145,"level":"info","message":"Starting rendering request 5 (user: admin)","meta":{"rootId":"do6suvunmqfwl56","id":"do6suvunmqfwl56"},"id":"lbzqhhphf3uaeeb","previousOperationId":"cnqpkyvv9osotpj"}
{"type":"log","timestamp":1725938430146,"level":"info","message":"Rendering template { name: xlsx invoice, recipe: xlsx, engine: handlebars, preview: true }","meta":{"rootId":"do6suvunmqfwl56","id":"do6suvunmqfwl56"},"id":"cc1xm87slmfrckg","previousOperationId":"cnqpkyvv9osotpj"}
{"type":"log","timestamp":1725938430147,"level":"debug","message":"Adding sample data WZ580PjlR","meta":{"rootId":"do6suvunmqfwl56","id":"do6suvunmqfwl56"},"id":"ixw1kodnmxu53o9","previousOperationId":"cnqpkyvv9osotpj"}
{"type":"log","timestamp":1725938430148,"level":"debug","message":"Base url not specified, skipping its injection.","meta":{"rootId":"do6suvunmqfwl56","id":"do6suvunmqfwl56"},"id":"xtbxjsvp2rltlc2","previousOperationId":"cnqpkyvv9osotpj"}
{"type":"operationStart","subtype":"engine","name":"handlebars","timestamp":1725938430149,"id":"u8mkheqwroqx16y","previousEventId":"8ztqm0g1gnm8urg","operationId":"xdxiscj68ul47i7","previousOperationId":"cnqpkyvv9osotpj"}
{"type":"log","timestamp":1725938430149,"level":"debug","message":"Rendering engine handlebars","meta":{"rootId":"do6suvunmqfwl56","id":"do6suvunmqfwl56"},"id":"k3hdcvowszkt1ky","previousOperationId":"xdxiscj68ul47i7"}
{"type":"operationEnd","operationId":"xdxiscj68ul47i7","timestamp":1725938430156,"id":"y69tq034ooj0ig1","previousEventId":"u8mkheqwroqx16y","previousOperationId":"xdxiscj68ul47i7"}
{"type":"operationStart","subtype":"recipe","name":"xlsx","timestamp":1725938430157,"id":"n4a72kd2rihc8ef","previousEventId":"y69tq034ooj0ig1","operationId":"n824j3uzm15uavz","previousOperationId":"xdxiscj68ul47i7"}
{"type":"log","timestamp":1725938430157,"level":"debug","message":"Executing recipe xlsx","meta":{"rootId":"do6suvunmqfwl56","id":"do6suvunmqfwl56"},"id":"ztok9wmjt9l9d08","previousOperationId":"n824j3uzm15uavz"}
{"type":"log","timestamp":1725938430157,"level":"info","message":"xlsx generation is starting","meta":{"rootId":"do6suvunmqfwl56","id":"do6suvunmqfwl56"},"id":"j1je6e3j8avhnu1","previousOperationId":"n824j3uzm15uavz"}
{"type":"log","timestamp":1725938430190,"level":"debug","message":"Starting child request to render xlsx dynamic parts for generation step","meta":{"rootId":"do6suvunmqfwl56","id":"do6suvunmqfwl56"},"id":"tdfbgacpmhsw20b","previousOperationId":"n824j3uzm15uavz"}
{"type":"operationStart","subtype":"render","name":"anonymous","previousOperationId":"n824j3uzm15uavz","timestamp":1725938430190,"id":"lsnk5sodnqemtxm","previousEventId":"n4a72kd2rihc8ef","operationId":"nf7ckula5gygvzn"}
{"type":"log","timestamp":1725938430190,"level":"info","message":"Starting rendering (child) request (user: admin)","meta":{"rootId":"do6suvunmqfwl56","id":"hddkqx75ct0wlz9"},"id":"c5zedn3je2dchi2","previousOperationId":"nf7ckula5gygvzn"}
{"type":"log","timestamp":1725938430190,"level":"info","message":"Rendering anonymous template { recipe: html, engine: handlebars }","meta":{"rootId":"do6suvunmqfwl56","id":"hddkqx75ct0wlz9"},"id":"pq7tu0xxndrwlcr","previousOperationId":"nf7ckula5gygvzn"}
{"type":"log","timestamp":1725938430190,"level":"debug","message":"Inline data specified.","meta":{"rootId":"do6suvunmqfwl56","id":"hddkqx75ct0wlz9"},"id":"tk14oiy0kmrisd8","previousOperationId":"nf7ckula5gygvzn"}
{"type":"log","timestamp":1725938430192,"level":"debug","message":"Base url not specified, skipping its injection.","meta":{"rootId":"do6suvunmqfwl56","id":"hddkqx75ct0wlz9"},"id":"d3sw3pj392owzl6","previousOperationId":"nf7ckula5gygvzn"}
{"type":"operationStart","subtype":"engine","name":"handlebars","timestamp":1725938430192,"id":"lwif1em1z8us92x","previousEventId":"lsnk5sodnqemtxm","operationId":"296k8y55r2o5czy","previousOperationId":"nf7ckula5gygvzn"}
{"type":"log","timestamp":1725938430192,"level":"debug","message":"Rendering engine handlebars","meta":{"rootId":"do6suvunmqfwl56","id":"hddkqx75ct0wlz9"},"id":"k3p5s7lnvzw5y8h","previousOperationId":"296k8y55r2o5czy"}
{"type":"operationEnd","operationId":"296k8y55r2o5czy","timestamp":1725938430266,"id":"df4y48ytnviosrx","previousEventId":"lwif1em1z8us92x","previousOperationId":"296k8y55r2o5czy"}
{"type":"operationStart","subtype":"recipe","name":"html","timestamp":1725938430266,"id":"txeciesv50b7s1k","previousEventId":"df4y48ytnviosrx","operationId":"1qolighh9nn589k","previousOperationId":"296k8y55r2o5czy"}
{"type":"log","timestamp":1725938430266,"level":"debug","message":"Executing recipe html","meta":{"rootId":"do6suvunmqfwl56","id":"hddkqx75ct0wlz9"},"id":"7ga3787wznk5wfo","previousOperationId":"1qolighh9nn589k"}
{"type":"operationEnd","operationId":"1qolighh9nn589k","timestamp":1725938430266,"id":"cew4j6cbbtm47ds","previousEventId":"txeciesv50b7s1k","previousOperationId":"1qolighh9nn589k"}
{"type":"log","timestamp":1725938430266,"level":"debug","message":"Skipping storing report.","meta":{"rootId":"do6suvunmqfwl56","id":"hddkqx75ct0wlz9"},"id":"fvmig6wt0kr96rr","previousOperationId":"1qolighh9nn589k"}
{"type":"log","timestamp":1725938430266,"level":"info","message":"Rendering (child) request finished in 143 ms","meta":{"rootId":"do6suvunmqfwl56","id":"hddkqx75ct0wlz9"},"id":"ybcyfdtvoibadk8","previousOperationId":"1qolighh9nn589k"}
{"type":"operationEnd","subtype":"render","operationId":"nf7ckula5gygvzn","timestamp":1725938430266,"id":"rd7unzsi9c7tqwj","previousEventId":"cew4j6cbbtm47ds","previousOperationId":"1qolighh9nn589k"}
{"type":"log","timestamp":1725938430293,"level":"debug","message":"xlsx successfully zipped","meta":{"rootId":"do6suvunmqfwl56","id":"do6suvunmqfwl56"},"id":"eg6p5fpbh5m834f","previousOperationId":"n824j3uzm15uavz"}
{"type":"log","timestamp":1725938430293,"level":"info","message":"xlsx generation was finished","meta":{"rootId":"do6suvunmqfwl56","id":"do6suvunmqfwl56"},"id":"n0q15mwsc5n0whv","previousOperationId":"n824j3uzm15uavz"}
{"type":"log","timestamp":1725938430294,"level":"debug","message":"preparing office preview","meta":{"rootId":"do6suvunmqfwl56","id":"do6suvunmqfwl56"},"id":"ynwhxf4zm25z1h0","previousOperationId":"n824j3uzm15uavz"}
{"type":"operationEnd","operationId":"n824j3uzm15uavz","timestamp":1725938430733,"id":"31nrhy5gxan7wdr","previousEventId":"n4a72kd2rihc8ef","previousOperationId":"n824j3uzm15uavz"}
{"type":"log","timestamp":1725938430733,"level":"debug","message":"Skipping storing report.","meta":{"rootId":"do6suvunmqfwl56","id":"do6suvunmqfwl56"},"id":"gz72avqhxbdceye","previousOperationId":"n824j3uzm15uavz"}
{"type":"log","timestamp":1725938430733,"level":"info","message":"Rendering request 5 finished in 610 ms","meta":{"rootId":"do6suvunmqfwl56","id":"do6suvunmqfwl56"},"id":"1py55zjj5z666jt","previousOperationId":"n824j3uzm15uavz"}
{"type":"operationEnd","subtype":"render","operationId":"cnqpkyvv9osotpj","timestamp":1725938430733,"id":"yxzsn21xf8p22ee","previousEventId":"31nrhy5gxan7wdr","previousOperationId":"n824j3uzm15uavz"}
{"type":"operationEnd","doDiffs":false,"previousEventId":"hjl56rs7hjzmh8a","previousOperationId":"60d152jkwwzwixz","operationId":"60d152jkwwzwixz","timestamp":1725938430736,"id":"s6r6abothkude7m"}
