{"type":"operationStart","subtype":"profile","data":{"_id":"el6xEG9KzrClTLdE","timestamp":"2024-09-09T12:13:31.167Z","state":"queued","mode":"standard","creationDate":"2024-09-09T12:13:31.169Z","modificationDate":"2024-09-09T12:13:31.169Z","shortid":"P5cjsmB","inheritedReadPermissions":[],"inheritedEditPermissions":[],"$entitySet":"profiles"},"doDiffs":false,"timestamp":1725884011169,"id":"7qigm1c4wlv4kio","previousOperationId":null,"operationId":"ufaq2xj619cnn13"}
{"type":"log","level":"info","message":"Render request 629 queued for execution and waiting for available worker","previousOperationId":"ufaq2xj619cnn13","timestamp":1725884011169,"id":"uor8zbgmga7vcup"}
{"type":"operationStart","subtype":"render","name":"xlsx invoice","previousOperationId":"ufaq2xj619cnn13","timestamp":1725884011176,"id":"pkl2wm4waqw15j9","previousEventId":"7qigm1c4wlv4kio","operationId":"x6zcngmc6w28z7h"}
{"type":"log","timestamp":1725884011176,"level":"info","message":"Starting rendering request 629 (user: admin)","meta":{"rootId":"efzdosvh2ihnfqu","id":"efzdosvh2ihnfqu"},"id":"lh2f5z0jf5ij554","previousOperationId":"x6zcngmc6w28z7h"}
{"type":"log","timestamp":1725884011176,"level":"info","message":"Rendering template { name: xlsx invoice, recipe: xlsx, engine: handlebars, preview: true }","meta":{"rootId":"efzdosvh2ihnfqu","id":"efzdosvh2ihnfqu"},"id":"p6v5ff9pemnxl11","previousOperationId":"x6zcngmc6w28z7h"}
{"type":"log","timestamp":1725884011177,"level":"debug","message":"Inline data specified.","meta":{"rootId":"efzdosvh2ihnfqu","id":"efzdosvh2ihnfqu"},"id":"mke8txtk03kv9j4","previousOperationId":"x6zcngmc6w28z7h"}
{"type":"log","timestamp":1725884011178,"level":"debug","message":"Base url not specified, skipping its injection.","meta":{"rootId":"efzdosvh2ihnfqu","id":"efzdosvh2ihnfqu"},"id":"gjxg6n95oau3c1b","previousOperationId":"x6zcngmc6w28z7h"}
{"type":"operationStart","subtype":"engine","name":"handlebars","timestamp":1725884011178,"id":"2lbsancre1i4rbp","previousEventId":"pkl2wm4waqw15j9","operationId":"tosm1flxboz0eva","previousOperationId":"x6zcngmc6w28z7h"}
{"type":"log","timestamp":1725884011178,"level":"debug","message":"Rendering engine handlebars","meta":{"rootId":"efzdosvh2ihnfqu","id":"efzdosvh2ihnfqu"},"id":"7kaoqgg13uloto8","previousOperationId":"tosm1flxboz0eva"}
{"type":"operationEnd","operationId":"tosm1flxboz0eva","timestamp":1725884011185,"id":"iprohkmtkadte2w","previousEventId":"2lbsancre1i4rbp","previousOperationId":"tosm1flxboz0eva"}
{"type":"operationStart","subtype":"recipe","name":"xlsx","timestamp":1725884011185,"id":"kjvby7wp0ovl8z2","previousEventId":"iprohkmtkadte2w","operationId":"zdajk42nd6dg993","previousOperationId":"tosm1flxboz0eva"}
{"type":"log","timestamp":1725884011185,"level":"debug","message":"Executing recipe xlsx","meta":{"rootId":"efzdosvh2ihnfqu","id":"efzdosvh2ihnfqu"},"id":"pkfagy9tc3u00be","previousOperationId":"zdajk42nd6dg993"}
{"type":"log","timestamp":1725884011185,"level":"info","message":"xlsx generation is starting","meta":{"rootId":"efzdosvh2ihnfqu","id":"efzdosvh2ihnfqu"},"id":"5kb3kktlr17uznd","previousOperationId":"zdajk42nd6dg993"}
{"type":"log","timestamp":1725884011201,"level":"debug","message":"Starting child request to render xlsx dynamic parts for generation step","meta":{"rootId":"efzdosvh2ihnfqu","id":"efzdosvh2ihnfqu"},"id":"wl5uxyg76bimptk","previousOperationId":"zdajk42nd6dg993"}
{"type":"operationStart","subtype":"render","name":"anonymous","previousOperationId":"zdajk42nd6dg993","timestamp":1725884011202,"id":"h8ej0aazd9qcsm2","previousEventId":"kjvby7wp0ovl8z2","operationId":"5nkfab6t2v6zrwc"}
{"type":"log","timestamp":1725884011202,"level":"info","message":"Starting rendering (child) request (user: admin)","meta":{"rootId":"efzdosvh2ihnfqu","id":"r2jc82h0lscc9gt"},"id":"86zeywaktprkfad","previousOperationId":"5nkfab6t2v6zrwc"}
{"type":"log","timestamp":1725884011202,"level":"info","message":"Rendering anonymous template { recipe: html, engine: handlebars }","meta":{"rootId":"efzdosvh2ihnfqu","id":"r2jc82h0lscc9gt"},"id":"c668hyekyd27pgo","previousOperationId":"5nkfab6t2v6zrwc"}
{"type":"log","timestamp":1725884011202,"level":"debug","message":"Inline data specified.","meta":{"rootId":"efzdosvh2ihnfqu","id":"r2jc82h0lscc9gt"},"id":"u6xcmvh11t1t2pu","previousOperationId":"5nkfab6t2v6zrwc"}
{"type":"log","timestamp":1725884011203,"level":"debug","message":"Base url not specified, skipping its injection.","meta":{"rootId":"efzdosvh2ihnfqu","id":"r2jc82h0lscc9gt"},"id":"s8aux2tngbgr5jt","previousOperationId":"5nkfab6t2v6zrwc"}
{"type":"operationStart","subtype":"engine","name":"handlebars","timestamp":1725884011204,"id":"hoddn1myrpryg9j","previousEventId":"h8ej0aazd9qcsm2","operationId":"s2arqoq8c24c0nu","previousOperationId":"5nkfab6t2v6zrwc"}
{"type":"log","timestamp":1725884011204,"level":"debug","message":"Rendering engine handlebars","meta":{"rootId":"efzdosvh2ihnfqu","id":"r2jc82h0lscc9gt"},"id":"jvip8huwdt9ct46","previousOperationId":"s2arqoq8c24c0nu"}
{"type":"operationEnd","operationId":"s2arqoq8c24c0nu","timestamp":1725884011260,"id":"co8ic3ywoo1j0ai","previousEventId":"hoddn1myrpryg9j","previousOperationId":"s2arqoq8c24c0nu"}
{"type":"operationStart","subtype":"recipe","name":"html","timestamp":1725884011260,"id":"sa543g25b7yp12r","previousEventId":"co8ic3ywoo1j0ai","operationId":"7h9z03u3v7z3ra7","previousOperationId":"s2arqoq8c24c0nu"}
{"type":"log","timestamp":1725884011260,"level":"debug","message":"Executing recipe html","meta":{"rootId":"efzdosvh2ihnfqu","id":"r2jc82h0lscc9gt"},"id":"x8ejwwwpr3trtiv","previousOperationId":"7h9z03u3v7z3ra7"}
{"type":"operationEnd","operationId":"7h9z03u3v7z3ra7","timestamp":1725884011260,"id":"5c7bwz16k67dbzv","previousEventId":"sa543g25b7yp12r","previousOperationId":"7h9z03u3v7z3ra7"}
{"type":"log","timestamp":1725884011260,"level":"debug","message":"Skipping storing report.","meta":{"rootId":"efzdosvh2ihnfqu","id":"r2jc82h0lscc9gt"},"id":"afnt3n3ujx0bpjs","previousOperationId":"7h9z03u3v7z3ra7"}
{"type":"log","timestamp":1725884011260,"level":"info","message":"Rendering (child) request finished in 93 ms","meta":{"rootId":"efzdosvh2ihnfqu","id":"r2jc82h0lscc9gt"},"id":"3qzoblxw9jxb1kf","previousOperationId":"7h9z03u3v7z3ra7"}
{"type":"operationEnd","subtype":"render","operationId":"5nkfab6t2v6zrwc","timestamp":1725884011260,"id":"7pvr3jqo23j4ein","previousEventId":"5c7bwz16k67dbzv","previousOperationId":"7h9z03u3v7z3ra7"}
{"type":"log","timestamp":1725884011276,"level":"debug","message":"xlsx successfully zipped","meta":{"rootId":"efzdosvh2ihnfqu","id":"efzdosvh2ihnfqu"},"id":"es44anbb0m5ncwn","previousOperationId":"zdajk42nd6dg993"}
{"type":"log","timestamp":1725884011276,"level":"info","message":"xlsx generation was finished","meta":{"rootId":"efzdosvh2ihnfqu","id":"efzdosvh2ihnfqu"},"id":"1scvjev2em89dea","previousOperationId":"zdajk42nd6dg993"}
{"type":"log","timestamp":1725884011276,"level":"debug","message":"preparing office preview","meta":{"rootId":"efzdosvh2ihnfqu","id":"efzdosvh2ihnfqu"},"id":"rselxpj32cohci4","previousOperationId":"zdajk42nd6dg993"}
{"type":"operationEnd","operationId":"zdajk42nd6dg993","timestamp":1725884011698,"id":"r74zd3fycipjpjd","previousEventId":"kjvby7wp0ovl8z2","previousOperationId":"zdajk42nd6dg993"}
{"type":"log","timestamp":1725884011698,"level":"debug","message":"Skipping storing report.","meta":{"rootId":"efzdosvh2ihnfqu","id":"efzdosvh2ihnfqu"},"id":"el8qc5m5wbxkscs","previousOperationId":"zdajk42nd6dg993"}
{"type":"log","timestamp":1725884011698,"level":"info","message":"Rendering request 629 finished in 531 ms","meta":{"rootId":"efzdosvh2ihnfqu","id":"efzdosvh2ihnfqu"},"id":"7lclbn25rsps3sc","previousOperationId":"zdajk42nd6dg993"}
{"type":"operationEnd","subtype":"render","operationId":"x6zcngmc6w28z7h","timestamp":1725884011698,"id":"2h4gdvwx5oompt0","previousEventId":"r74zd3fycipjpjd","previousOperationId":"zdajk42nd6dg993"}
{"type":"operationEnd","doDiffs":false,"previousEventId":"7qigm1c4wlv4kio","previousOperationId":"ufaq2xj619cnn13","operationId":"ufaq2xj619cnn13","timestamp":1725884011700,"id":"u01dqlumv2chxep"}
