{"type":"operationStart","subtype":"profile","data":{"_id":"xcoBckvY1Sf80bkN","timestamp":"2024-09-09T12:06:04.666Z","state":"queued","mode":"standard","creationDate":"2024-09-09T12:06:04.668Z","modificationDate":"2024-09-09T12:06:04.668Z","shortid":"K-er_8A","inheritedReadPermissions":[],"inheritedEditPermissions":[],"$entitySet":"profiles"},"doDiffs":false,"timestamp":1725883564667,"id":"73ym7fi7ek6rfpc","previousOperationId":null,"operationId":"vywa7e58ggeuogh"}
{"type":"log","level":"info","message":"Render request 624 queued for execution and waiting for available worker","previousOperationId":"vywa7e58ggeuogh","timestamp":1725883564667,"id":"nydxvkv19jvxsj5"}
{"type":"operationStart","subtype":"render","name":"xlsx invoice","previousOperationId":"vywa7e58ggeuogh","timestamp":1725883564677,"id":"fjx1atkyri42wpd","previousEventId":"73ym7fi7ek6rfpc","operationId":"vujwfmc6mrd7wp7"}
{"type":"log","timestamp":1725883564677,"level":"info","message":"Starting rendering request 624 (user: admin)","meta":{"rootId":"etpqh8ko41wg1co","id":"etpqh8ko41wg1co"},"id":"m0pnwx2h3t9vtoz","previousOperationId":"vujwfmc6mrd7wp7"}
{"type":"log","timestamp":1725883564677,"level":"info","message":"Rendering template { name: xlsx invoice, recipe: xlsx, engine: handlebars, preview: true }","meta":{"rootId":"etpqh8ko41wg1co","id":"etpqh8ko41wg1co"},"id":"x5mj7l94i024uc7","previousOperationId":"vujwfmc6mrd7wp7"}
{"type":"log","timestamp":1725883564678,"level":"debug","message":"Inline data specified.","meta":{"rootId":"etpqh8ko41wg1co","id":"etpqh8ko41wg1co"},"id":"ctpeerjjzdjqf2i","previousOperationId":"vujwfmc6mrd7wp7"}
{"type":"log","timestamp":1725883564679,"level":"debug","message":"Base url not specified, skipping its injection.","meta":{"rootId":"etpqh8ko41wg1co","id":"etpqh8ko41wg1co"},"id":"aj5ve40bk995dzz","previousOperationId":"vujwfmc6mrd7wp7"}
{"type":"operationStart","subtype":"engine","name":"handlebars","timestamp":1725883564679,"id":"kc9m55fj2x3azro","previousEventId":"fjx1atkyri42wpd","operationId":"wwabsluh7t3p2h8","previousOperationId":"vujwfmc6mrd7wp7"}
{"type":"log","timestamp":1725883564679,"level":"debug","message":"Rendering engine handlebars","meta":{"rootId":"etpqh8ko41wg1co","id":"etpqh8ko41wg1co"},"id":"0objj0y67rlu2vt","previousOperationId":"wwabsluh7t3p2h8"}
{"type":"operationEnd","operationId":"wwabsluh7t3p2h8","timestamp":1725883564686,"id":"qrdjfwhq5muva3k","previousEventId":"kc9m55fj2x3azro","previousOperationId":"wwabsluh7t3p2h8"}
{"type":"operationStart","subtype":"recipe","name":"xlsx","timestamp":1725883564686,"id":"jx5bfpp4t2pw17a","previousEventId":"qrdjfwhq5muva3k","operationId":"oupq75jlt19ckeb","previousOperationId":"wwabsluh7t3p2h8"}
{"type":"log","timestamp":1725883564686,"level":"debug","message":"Executing recipe xlsx","meta":{"rootId":"etpqh8ko41wg1co","id":"etpqh8ko41wg1co"},"id":"euckuglyyl2vyk2","previousOperationId":"oupq75jlt19ckeb"}
{"type":"log","timestamp":1725883564687,"level":"info","message":"xlsx generation is starting","meta":{"rootId":"etpqh8ko41wg1co","id":"etpqh8ko41wg1co"},"id":"10ejkccl1n4umho","previousOperationId":"oupq75jlt19ckeb"}
{"type":"log","timestamp":1725883564717,"level":"debug","message":"Starting child request to render xlsx dynamic parts for generation step","meta":{"rootId":"etpqh8ko41wg1co","id":"etpqh8ko41wg1co"},"id":"87wnm89r2uu6p0m","previousOperationId":"oupq75jlt19ckeb"}
{"type":"operationStart","subtype":"render","name":"anonymous","previousOperationId":"oupq75jlt19ckeb","timestamp":1725883564718,"id":"cyh5flbi9mcl48m","previousEventId":"jx5bfpp4t2pw17a","operationId":"5wlaibhhky21uw2"}
{"type":"log","timestamp":1725883564718,"level":"info","message":"Starting rendering (child) request (user: admin)","meta":{"rootId":"etpqh8ko41wg1co","id":"ll3k2nsjpnmjl2u"},"id":"e8yohsmlozt4zia","previousOperationId":"5wlaibhhky21uw2"}
{"type":"log","timestamp":1725883564718,"level":"info","message":"Rendering anonymous template { recipe: html, engine: handlebars }","meta":{"rootId":"etpqh8ko41wg1co","id":"ll3k2nsjpnmjl2u"},"id":"e2grcz6xx13p05b","previousOperationId":"5wlaibhhky21uw2"}
{"type":"log","timestamp":1725883564718,"level":"debug","message":"Inline data specified.","meta":{"rootId":"etpqh8ko41wg1co","id":"ll3k2nsjpnmjl2u"},"id":"k11ujvvykcbrrc5","previousOperationId":"5wlaibhhky21uw2"}
{"type":"log","timestamp":1725883564719,"level":"debug","message":"Base url not specified, skipping its injection.","meta":{"rootId":"etpqh8ko41wg1co","id":"ll3k2nsjpnmjl2u"},"id":"dyh0gntfmeamy3w","previousOperationId":"5wlaibhhky21uw2"}
{"type":"operationStart","subtype":"engine","name":"handlebars","timestamp":1725883564720,"id":"sghwpyakgmpy7bz","previousEventId":"cyh5flbi9mcl48m","operationId":"b6f3nr767s0b52i","previousOperationId":"5wlaibhhky21uw2"}
{"type":"log","timestamp":1725883564720,"level":"debug","message":"Rendering engine handlebars","meta":{"rootId":"etpqh8ko41wg1co","id":"ll3k2nsjpnmjl2u"},"id":"r06hxpaf6vogol7","previousOperationId":"b6f3nr767s0b52i"}
{"type":"operationEnd","operationId":"b6f3nr767s0b52i","timestamp":1725883564808,"id":"qcx2uqlsjgtghy0","previousEventId":"sghwpyakgmpy7bz","previousOperationId":"b6f3nr767s0b52i"}
{"type":"operationStart","subtype":"recipe","name":"html","timestamp":1725883564809,"id":"m2ir5x3zt8vm8d3","previousEventId":"qcx2uqlsjgtghy0","operationId":"2ybti07dc25b5xk","previousOperationId":"b6f3nr767s0b52i"}
{"type":"log","timestamp":1725883564809,"level":"debug","message":"Executing recipe html","meta":{"rootId":"etpqh8ko41wg1co","id":"ll3k2nsjpnmjl2u"},"id":"kumzuc6tp79rh39","previousOperationId":"2ybti07dc25b5xk"}
{"type":"operationEnd","operationId":"2ybti07dc25b5xk","timestamp":1725883564809,"id":"42wboosz23mpqs4","previousEventId":"m2ir5x3zt8vm8d3","previousOperationId":"2ybti07dc25b5xk"}
{"type":"log","timestamp":1725883564809,"level":"debug","message":"Skipping storing report.","meta":{"rootId":"etpqh8ko41wg1co","id":"ll3k2nsjpnmjl2u"},"id":"f0sot0p4y5r1bqm","previousOperationId":"2ybti07dc25b5xk"}
{"type":"log","timestamp":1725883564809,"level":"info","message":"Rendering (child) request finished in 143 ms","meta":{"rootId":"etpqh8ko41wg1co","id":"ll3k2nsjpnmjl2u"},"id":"7x16w8bk1qxgtsk","previousOperationId":"2ybti07dc25b5xk"}
{"type":"operationEnd","subtype":"render","operationId":"5wlaibhhky21uw2","timestamp":1725883564809,"id":"lf2kp46ilhfg55g","previousEventId":"42wboosz23mpqs4","previousOperationId":"2ybti07dc25b5xk"}
{"type":"log","timestamp":1725883564836,"level":"debug","message":"xlsx successfully zipped","meta":{"rootId":"etpqh8ko41wg1co","id":"etpqh8ko41wg1co"},"id":"ise9bsm64w9wmhz","previousOperationId":"oupq75jlt19ckeb"}
{"type":"log","timestamp":1725883564836,"level":"info","message":"xlsx generation was finished","meta":{"rootId":"etpqh8ko41wg1co","id":"etpqh8ko41wg1co"},"id":"50nq9frovqf8uff","previousOperationId":"oupq75jlt19ckeb"}
{"type":"log","timestamp":1725883564836,"level":"debug","message":"preparing office preview","meta":{"rootId":"etpqh8ko41wg1co","id":"etpqh8ko41wg1co"},"id":"uenk38ebgt7ezvj","previousOperationId":"oupq75jlt19ckeb"}
{"type":"operationEnd","operationId":"oupq75jlt19ckeb","timestamp":1725883565239,"id":"akhium0ntv87anp","previousEventId":"jx5bfpp4t2pw17a","previousOperationId":"oupq75jlt19ckeb"}
{"type":"log","timestamp":1725883565239,"level":"debug","message":"Skipping storing report.","meta":{"rootId":"etpqh8ko41wg1co","id":"etpqh8ko41wg1co"},"id":"dnoj1zb36lmdpn2","previousOperationId":"oupq75jlt19ckeb"}
{"type":"log","timestamp":1725883565239,"level":"info","message":"Rendering request 624 finished in 573 ms","meta":{"rootId":"etpqh8ko41wg1co","id":"etpqh8ko41wg1co"},"id":"5f1ez60obeyoas9","previousOperationId":"oupq75jlt19ckeb"}
{"type":"operationEnd","subtype":"render","operationId":"vujwfmc6mrd7wp7","timestamp":1725883565239,"id":"ojr378zf24bozu9","previousEventId":"akhium0ntv87anp","previousOperationId":"oupq75jlt19ckeb"}
{"type":"operationEnd","doDiffs":false,"previousEventId":"73ym7fi7ek6rfpc","previousOperationId":"vywa7e58ggeuogh","operationId":"vywa7e58ggeuogh","timestamp":1725883565241,"id":"ji23v7wxnrsh409"}
