{"type":"operationStart","subtype":"profile","data":{"_id":"YYs1ijMkFPrbe372","timestamp":"2024-09-09T12:05:35.059Z","state":"queued","mode":"standard","creationDate":"2024-09-09T12:05:35.061Z","modificationDate":"2024-09-09T12:05:35.061Z","shortid":"srkutsB","inheritedReadPermissions":[],"inheritedEditPermissions":[],"$entitySet":"profiles"},"doDiffs":false,"timestamp":1725883535060,"id":"9yrq5j4u8ve812e","previousOperationId":null,"operationId":"zwuw8dmre1055mo"}
{"type":"log","level":"info","message":"Render request 622 queued for execution and waiting for available worker","previousOperationId":"zwuw8dmre1055mo","timestamp":1725883535060,"id":"dd91tcv3aydhm7t"}
{"type":"operationStart","subtype":"render","name":"xlsx invoice","previousOperationId":"zwuw8dmre1055mo","timestamp":1725883535070,"id":"hc2vhk89jsbc67c","previousEventId":"9yrq5j4u8ve812e","operationId":"odaswxg2xqb1oiw"}
{"type":"log","timestamp":1725883535070,"level":"info","message":"Starting rendering request 622 (user: admin)","meta":{"rootId":"fv71o4lki5wy21r","id":"fv71o4lki5wy21r"},"id":"lcab8c2j6mxnmda","previousOperationId":"odaswxg2xqb1oiw"}
{"type":"log","timestamp":1725883535070,"level":"info","message":"Rendering template { name: xlsx invoice, recipe: xlsx, engine: handlebars, preview: true }","meta":{"rootId":"fv71o4lki5wy21r","id":"fv71o4lki5wy21r"},"id":"kaj8gb7dn8hkcev","previousOperationId":"odaswxg2xqb1oiw"}
{"type":"log","timestamp":1725883535070,"level":"debug","message":"Inline data specified.","meta":{"rootId":"fv71o4lki5wy21r","id":"fv71o4lki5wy21r"},"id":"xyo36wa9b45nbmu","previousOperationId":"odaswxg2xqb1oiw"}
{"type":"log","timestamp":1725883535072,"level":"debug","message":"Base url not specified, skipping its injection.","meta":{"rootId":"fv71o4lki5wy21r","id":"fv71o4lki5wy21r"},"id":"asaycccc6n9krpv","previousOperationId":"odaswxg2xqb1oiw"}
{"type":"operationStart","subtype":"engine","name":"handlebars","timestamp":1725883535072,"id":"vxyqm86ttewcbxs","previousEventId":"hc2vhk89jsbc67c","operationId":"sz6kshbk74lnvkk","previousOperationId":"odaswxg2xqb1oiw"}
{"type":"log","timestamp":1725883535072,"level":"debug","message":"Rendering engine handlebars","meta":{"rootId":"fv71o4lki5wy21r","id":"fv71o4lki5wy21r"},"id":"01kycgg1s55vt97","previousOperationId":"sz6kshbk74lnvkk"}
{"type":"operationEnd","operationId":"sz6kshbk74lnvkk","timestamp":1725883535079,"id":"5jjjurug9q13nrs","previousEventId":"vxyqm86ttewcbxs","previousOperationId":"sz6kshbk74lnvkk"}
{"type":"operationStart","subtype":"recipe","name":"xlsx","timestamp":1725883535079,"id":"3w8p0z4gv77fmtw","previousEventId":"5jjjurug9q13nrs","operationId":"jev7fvpjsocvkpp","previousOperationId":"sz6kshbk74lnvkk"}
{"type":"log","timestamp":1725883535079,"level":"debug","message":"Executing recipe xlsx","meta":{"rootId":"fv71o4lki5wy21r","id":"fv71o4lki5wy21r"},"id":"3vlqns4y245hkem","previousOperationId":"jev7fvpjsocvkpp"}
{"type":"log","timestamp":1725883535079,"level":"info","message":"xlsx generation is starting","meta":{"rootId":"fv71o4lki5wy21r","id":"fv71o4lki5wy21r"},"id":"j0mni9c9je0aose","previousOperationId":"jev7fvpjsocvkpp"}
{"type":"log","timestamp":1725883535106,"level":"debug","message":"Starting child request to render xlsx dynamic parts for generation step","meta":{"rootId":"fv71o4lki5wy21r","id":"fv71o4lki5wy21r"},"id":"rltctrsg8erxwvl","previousOperationId":"jev7fvpjsocvkpp"}
{"type":"operationStart","subtype":"render","name":"anonymous","previousOperationId":"jev7fvpjsocvkpp","timestamp":1725883535106,"id":"k9w8r2ef33h0mie","previousEventId":"3w8p0z4gv77fmtw","operationId":"59m3vfw87wzoe6y"}
{"type":"log","timestamp":1725883535106,"level":"info","message":"Starting rendering (child) request (user: admin)","meta":{"rootId":"fv71o4lki5wy21r","id":"zqxd17vtlz8zt7d"},"id":"3e9eoqzjwsn3eez","previousOperationId":"59m3vfw87wzoe6y"}
{"type":"log","timestamp":1725883535106,"level":"info","message":"Rendering anonymous template { recipe: html, engine: handlebars }","meta":{"rootId":"fv71o4lki5wy21r","id":"zqxd17vtlz8zt7d"},"id":"nl35g90ua49ea5k","previousOperationId":"59m3vfw87wzoe6y"}
{"type":"log","timestamp":1725883535107,"level":"debug","message":"Inline data specified.","meta":{"rootId":"fv71o4lki5wy21r","id":"zqxd17vtlz8zt7d"},"id":"j3jzc6tnmriprjl","previousOperationId":"59m3vfw87wzoe6y"}
{"type":"log","timestamp":1725883535108,"level":"debug","message":"Base url not specified, skipping its injection.","meta":{"rootId":"fv71o4lki5wy21r","id":"zqxd17vtlz8zt7d"},"id":"87qs94k41gcfkp7","previousOperationId":"59m3vfw87wzoe6y"}
{"type":"operationStart","subtype":"engine","name":"handlebars","timestamp":1725883535108,"id":"fwhifwo63p1ve52","previousEventId":"k9w8r2ef33h0mie","operationId":"d77v4eo1gz2x5ca","previousOperationId":"59m3vfw87wzoe6y"}
{"type":"log","timestamp":1725883535108,"level":"debug","message":"Rendering engine handlebars","meta":{"rootId":"fv71o4lki5wy21r","id":"zqxd17vtlz8zt7d"},"id":"znaqo9f1go5tlok","previousOperationId":"d77v4eo1gz2x5ca"}
{"type":"operationEnd","operationId":"d77v4eo1gz2x5ca","timestamp":1725883535194,"id":"vym748wyrate18t","previousEventId":"fwhifwo63p1ve52","previousOperationId":"d77v4eo1gz2x5ca"}
{"type":"operationStart","subtype":"recipe","name":"html","timestamp":1725883535194,"id":"pxsc0z9jj9ssfn6","previousEventId":"vym748wyrate18t","operationId":"x72wtk8zgwbg9ox","previousOperationId":"d77v4eo1gz2x5ca"}
{"type":"log","timestamp":1725883535194,"level":"debug","message":"Executing recipe html","meta":{"rootId":"fv71o4lki5wy21r","id":"zqxd17vtlz8zt7d"},"id":"j5ie8iyi8y1ou1f","previousOperationId":"x72wtk8zgwbg9ox"}
{"type":"operationEnd","operationId":"x72wtk8zgwbg9ox","timestamp":1725883535194,"id":"rektv72vwd9moe9","previousEventId":"pxsc0z9jj9ssfn6","previousOperationId":"x72wtk8zgwbg9ox"}
{"type":"log","timestamp":1725883535194,"level":"debug","message":"Skipping storing report.","meta":{"rootId":"fv71o4lki5wy21r","id":"zqxd17vtlz8zt7d"},"id":"bd3s57ai6k52imh","previousOperationId":"x72wtk8zgwbg9ox"}
{"type":"log","timestamp":1725883535194,"level":"info","message":"Rendering (child) request finished in 135 ms","meta":{"rootId":"fv71o4lki5wy21r","id":"zqxd17vtlz8zt7d"},"id":"gx1m0mgyn5o7fpf","previousOperationId":"x72wtk8zgwbg9ox"}
{"type":"operationEnd","subtype":"render","operationId":"59m3vfw87wzoe6y","timestamp":1725883535194,"id":"qsguusldmtr9g73","previousEventId":"rektv72vwd9moe9","previousOperationId":"x72wtk8zgwbg9ox"}
{"type":"log","timestamp":1725883535217,"level":"debug","message":"xlsx successfully zipped","meta":{"rootId":"fv71o4lki5wy21r","id":"fv71o4lki5wy21r"},"id":"roxiatxyut4c3uz","previousOperationId":"jev7fvpjsocvkpp"}
{"type":"log","timestamp":1725883535217,"level":"info","message":"xlsx generation was finished","meta":{"rootId":"fv71o4lki5wy21r","id":"fv71o4lki5wy21r"},"id":"itdq42hcymkcra5","previousOperationId":"jev7fvpjsocvkpp"}
{"type":"log","timestamp":1725883535218,"level":"debug","message":"preparing office preview","meta":{"rootId":"fv71o4lki5wy21r","id":"fv71o4lki5wy21r"},"id":"5yxz4qmwwjlyxw6","previousOperationId":"jev7fvpjsocvkpp"}
{"type":"operationEnd","operationId":"jev7fvpjsocvkpp","timestamp":1725883535618,"id":"ptnd0mf9w667ada","previousEventId":"3w8p0z4gv77fmtw","previousOperationId":"jev7fvpjsocvkpp"}
{"type":"log","timestamp":1725883535618,"level":"debug","message":"Skipping storing report.","meta":{"rootId":"fv71o4lki5wy21r","id":"fv71o4lki5wy21r"},"id":"ttpb22ap5rx76tb","previousOperationId":"jev7fvpjsocvkpp"}
{"type":"log","timestamp":1725883535618,"level":"info","message":"Rendering request 622 finished in 559 ms","meta":{"rootId":"fv71o4lki5wy21r","id":"fv71o4lki5wy21r"},"id":"uonsh2p6p6jia5b","previousOperationId":"jev7fvpjsocvkpp"}
{"type":"operationEnd","subtype":"render","operationId":"odaswxg2xqb1oiw","timestamp":1725883535618,"id":"9r33rd0hlk46q41","previousEventId":"ptnd0mf9w667ada","previousOperationId":"jev7fvpjsocvkpp"}
{"type":"operationEnd","doDiffs":false,"previousEventId":"9yrq5j4u8ve812e","previousOperationId":"zwuw8dmre1055mo","operationId":"zwuw8dmre1055mo","timestamp":1725883535620,"id":"ttpi67aip7agu1z"}
