{"type":"operationStart","subtype":"profile","data":{"_id":"m2fcOkvlgFy6g8SE","timestamp":"2024-09-09T12:17:40.180Z","state":"queued","mode":"standard","creationDate":"2024-09-09T12:17:40.182Z","modificationDate":"2024-09-09T12:17:40.182Z","shortid":"t7q165W","inheritedReadPermissions":[],"inheritedEditPermissions":[],"$entitySet":"profiles"},"doDiffs":false,"timestamp":1725884260181,"id":"41kd45agyuku692","previousOperationId":null,"operationId":"1yo1ztzceqtvw1i"}
{"type":"log","level":"info","message":"Render request 632 queued for execution and waiting for available worker","previousOperationId":"1yo1ztzceqtvw1i","timestamp":1725884260182,"id":"6b9corgp4jmoe90"}
{"type":"operationStart","subtype":"render","name":"xlsx invoice","previousOperationId":"1yo1ztzceqtvw1i","timestamp":1725884260191,"id":"3zjekzwbtg1ukem","previousEventId":"41kd45agyuku692","operationId":"4vffs1u63obeu7g"}
{"type":"log","timestamp":1725884260191,"level":"info","message":"Starting rendering request 632 (user: admin)","meta":{"rootId":"g0r2m5pkh23761w","id":"g0r2m5pkh23761w"},"id":"ox0nei363chcwfo","previousOperationId":"4vffs1u63obeu7g"}
{"type":"log","timestamp":1725884260191,"level":"info","message":"Rendering template { name: xlsx invoice, recipe: xlsx, engine: handlebars, preview: true }","meta":{"rootId":"g0r2m5pkh23761w","id":"g0r2m5pkh23761w"},"id":"xengvhk9m87jv06","previousOperationId":"4vffs1u63obeu7g"}
{"type":"log","timestamp":1725884260192,"level":"debug","message":"Inline data specified.","meta":{"rootId":"g0r2m5pkh23761w","id":"g0r2m5pkh23761w"},"id":"jv9j86vxj27el1j","previousOperationId":"4vffs1u63obeu7g"}
{"type":"log","timestamp":1725884260194,"level":"debug","message":"Base url not specified, skipping its injection.","meta":{"rootId":"g0r2m5pkh23761w","id":"g0r2m5pkh23761w"},"id":"hz7a697a2c1n75p","previousOperationId":"4vffs1u63obeu7g"}
{"type":"operationStart","subtype":"engine","name":"handlebars","timestamp":1725884260194,"id":"cpcwzwavqdu74v8","previousEventId":"3zjekzwbtg1ukem","operationId":"v190w2ix6hh10tt","previousOperationId":"4vffs1u63obeu7g"}
{"type":"log","timestamp":1725884260194,"level":"debug","message":"Rendering engine handlebars","meta":{"rootId":"g0r2m5pkh23761w","id":"g0r2m5pkh23761w"},"id":"f378km7gvlktod6","previousOperationId":"v190w2ix6hh10tt"}
{"type":"operationEnd","operationId":"v190w2ix6hh10tt","timestamp":1725884260199,"id":"mog09h9nu92n2tm","previousEventId":"cpcwzwavqdu74v8","previousOperationId":"v190w2ix6hh10tt"}
{"type":"operationStart","subtype":"recipe","name":"xlsx","timestamp":1725884260199,"id":"6ctfctwe5y8l105","previousEventId":"mog09h9nu92n2tm","operationId":"o0pit3lghvy3efh","previousOperationId":"v190w2ix6hh10tt"}
{"type":"log","timestamp":1725884260199,"level":"debug","message":"Executing recipe xlsx","meta":{"rootId":"g0r2m5pkh23761w","id":"g0r2m5pkh23761w"},"id":"8j0o2t54lq4itbq","previousOperationId":"o0pit3lghvy3efh"}
{"type":"log","timestamp":1725884260199,"level":"info","message":"xlsx generation is starting","meta":{"rootId":"g0r2m5pkh23761w","id":"g0r2m5pkh23761w"},"id":"9kn7t0jbc6ascvl","previousOperationId":"o0pit3lghvy3efh"}
{"type":"log","timestamp":1725884260222,"level":"debug","message":"Starting child request to render xlsx dynamic parts for generation step","meta":{"rootId":"g0r2m5pkh23761w","id":"g0r2m5pkh23761w"},"id":"bemdlva6u3gvzkt","previousOperationId":"o0pit3lghvy3efh"}
{"type":"operationStart","subtype":"render","name":"anonymous","previousOperationId":"o0pit3lghvy3efh","timestamp":1725884260222,"id":"xtymc7wxmuns7sl","previousEventId":"6ctfctwe5y8l105","operationId":"is13dljfmek3j33"}
{"type":"log","timestamp":1725884260222,"level":"info","message":"Starting rendering (child) request (user: admin)","meta":{"rootId":"g0r2m5pkh23761w","id":"rphsr5dbsiu7dbz"},"id":"op4qaua6t1dc1zl","previousOperationId":"is13dljfmek3j33"}
{"type":"log","timestamp":1725884260222,"level":"info","message":"Rendering anonymous template { recipe: html, engine: handlebars }","meta":{"rootId":"g0r2m5pkh23761w","id":"rphsr5dbsiu7dbz"},"id":"xbqorb938ngyczy","previousOperationId":"is13dljfmek3j33"}
{"type":"log","timestamp":1725884260222,"level":"debug","message":"Inline data specified.","meta":{"rootId":"g0r2m5pkh23761w","id":"rphsr5dbsiu7dbz"},"id":"c4tm28iwbn59jap","previousOperationId":"is13dljfmek3j33"}
{"type":"log","timestamp":1725884260223,"level":"debug","message":"Base url not specified, skipping its injection.","meta":{"rootId":"g0r2m5pkh23761w","id":"rphsr5dbsiu7dbz"},"id":"ab0l9ajdukck1fl","previousOperationId":"is13dljfmek3j33"}
{"type":"operationStart","subtype":"engine","name":"handlebars","timestamp":1725884260224,"id":"qg5oiyfgzar884q","previousEventId":"xtymc7wxmuns7sl","operationId":"a9ocnp51d8ni3bo","previousOperationId":"is13dljfmek3j33"}
{"type":"log","timestamp":1725884260224,"level":"debug","message":"Rendering engine handlebars","meta":{"rootId":"g0r2m5pkh23761w","id":"rphsr5dbsiu7dbz"},"id":"behl1s09javc7dg","previousOperationId":"a9ocnp51d8ni3bo"}
{"type":"operationEnd","operationId":"a9ocnp51d8ni3bo","timestamp":1725884260277,"id":"31jev7dsxaxxs2a","previousEventId":"qg5oiyfgzar884q","previousOperationId":"a9ocnp51d8ni3bo"}
{"type":"operationStart","subtype":"recipe","name":"html","timestamp":1725884260278,"id":"oqvb0x2npecikfc","previousEventId":"31jev7dsxaxxs2a","operationId":"4rj1fka3ra6cvs3","previousOperationId":"a9ocnp51d8ni3bo"}
{"type":"log","timestamp":1725884260278,"level":"debug","message":"Executing recipe html","meta":{"rootId":"g0r2m5pkh23761w","id":"rphsr5dbsiu7dbz"},"id":"wk23z50aw88fdv9","previousOperationId":"4rj1fka3ra6cvs3"}
{"type":"operationEnd","operationId":"4rj1fka3ra6cvs3","timestamp":1725884260278,"id":"zcpkw6ek0h832rg","previousEventId":"oqvb0x2npecikfc","previousOperationId":"4rj1fka3ra6cvs3"}
{"type":"log","timestamp":1725884260278,"level":"debug","message":"Skipping storing report.","meta":{"rootId":"g0r2m5pkh23761w","id":"rphsr5dbsiu7dbz"},"id":"a1ueaymczuosgbe","previousOperationId":"4rj1fka3ra6cvs3"}
{"type":"log","timestamp":1725884260278,"level":"info","message":"Rendering (child) request finished in 98 ms","meta":{"rootId":"g0r2m5pkh23761w","id":"rphsr5dbsiu7dbz"},"id":"248cis6qdfakbwg","previousOperationId":"4rj1fka3ra6cvs3"}
{"type":"operationEnd","subtype":"render","operationId":"is13dljfmek3j33","timestamp":1725884260278,"id":"ievtmyvsza9spo7","previousEventId":"zcpkw6ek0h832rg","previousOperationId":"4rj1fka3ra6cvs3"}
{"type":"log","timestamp":1725884260292,"level":"debug","message":"xlsx successfully zipped","meta":{"rootId":"g0r2m5pkh23761w","id":"g0r2m5pkh23761w"},"id":"rr5no5s10i1h1kq","previousOperationId":"o0pit3lghvy3efh"}
{"type":"log","timestamp":1725884260292,"level":"info","message":"xlsx generation was finished","meta":{"rootId":"g0r2m5pkh23761w","id":"g0r2m5pkh23761w"},"id":"05a0s23k8eybmyy","previousOperationId":"o0pit3lghvy3efh"}
{"type":"log","timestamp":1725884260296,"level":"info","message":"xlsx transformation is starting","meta":{"rootId":"g0r2m5pkh23761w","id":"g0r2m5pkh23761w"},"id":"rqx3tainbq3on9h","previousOperationId":"o0pit3lghvy3efh"}
{"type":"log","timestamp":1725884260324,"level":"debug","message":"Parsing xlsx content","meta":{"rootId":"g0r2m5pkh23761w","id":"g0r2m5pkh23761w"},"id":"wzobup2xxr31vu1","previousOperationId":"o0pit3lghvy3efh"}
{"type":"log","timestamp":1725884260352,"level":"debug","message":"Successfully zipped now.","meta":{"rootId":"g0r2m5pkh23761w","id":"g0r2m5pkh23761w"},"id":"2cpo2wl8fdoeqbr","previousOperationId":"o0pit3lghvy3efh"}
{"type":"log","timestamp":1725884260352,"level":"info","message":"xlsx transformation was finished","meta":{"rootId":"g0r2m5pkh23761w","id":"g0r2m5pkh23761w"},"id":"1gcwzq8stmd0wcg","previousOperationId":"o0pit3lghvy3efh"}
{"type":"log","timestamp":1725884260352,"level":"debug","message":"preparing office preview","meta":{"rootId":"g0r2m5pkh23761w","id":"g0r2m5pkh23761w"},"id":"aehju4mpc0nv2x5","previousOperationId":"o0pit3lghvy3efh"}
{"type":"operationEnd","operationId":"o0pit3lghvy3efh","timestamp":1725884260754,"id":"wstrwu0c238lump","previousEventId":"6ctfctwe5y8l105","previousOperationId":"o0pit3lghvy3efh"}
{"type":"log","timestamp":1725884260754,"level":"debug","message":"Skipping storing report.","meta":{"rootId":"g0r2m5pkh23761w","id":"g0r2m5pkh23761w"},"id":"jfezm8up57y0mo0","previousOperationId":"o0pit3lghvy3efh"}
{"type":"log","timestamp":1725884260754,"level":"info","message":"Rendering request 632 finished in 574 ms","meta":{"rootId":"g0r2m5pkh23761w","id":"g0r2m5pkh23761w"},"id":"tpj6kgao9rxx2gw","previousOperationId":"o0pit3lghvy3efh"}
{"type":"operationEnd","subtype":"render","operationId":"4vffs1u63obeu7g","timestamp":1725884260754,"id":"6rek1r1fu5d9289","previousEventId":"wstrwu0c238lump","previousOperationId":"o0pit3lghvy3efh"}
{"type":"operationEnd","doDiffs":false,"previousEventId":"41kd45agyuku692","previousOperationId":"1yo1ztzceqtvw1i","operationId":"1yo1ztzceqtvw1i","timestamp":1725884260757,"id":"c2c3rsbvb30k36o"}
