{"type":"operationStart","subtype":"profile","data":{"_id":"d8mqpjtFe7ciBT1v","timestamp":"2024-09-09T12:06:30.579Z","state":"queued","mode":"standard","creationDate":"2024-09-09T12:06:30.581Z","modificationDate":"2024-09-09T12:06:30.581Z","shortid":"KS0_9dp","inheritedReadPermissions":[],"inheritedEditPermissions":[],"$entitySet":"profiles"},"doDiffs":false,"timestamp":1725883590581,"id":"xs4swvqv9bio38b","previousOperationId":null,"operationId":"l2jv1urx92gq1f2"}
{"type":"log","level":"info","message":"Render request 626 queued for execution and waiting for available worker","previousOperationId":"l2jv1urx92gq1f2","timestamp":1725883590581,"id":"302wkl15osknrxu"}
{"type":"operationStart","subtype":"render","name":"xlsx invoice","previousOperationId":"l2jv1urx92gq1f2","timestamp":1725883590592,"id":"r8s6rfohinfk59a","previousEventId":"xs4swvqv9bio38b","operationId":"hnkqlzymaz704pw"}
{"type":"log","timestamp":1725883590592,"level":"info","message":"Starting rendering request 626 (user: admin)","meta":{"rootId":"hm2eyjdces301cu","id":"hm2eyjdces301cu"},"id":"rq0j5oiyj7byg03","previousOperationId":"hnkqlzymaz704pw"}
{"type":"log","timestamp":1725883590592,"level":"info","message":"Rendering template { name: xlsx invoice, recipe: xlsx, engine: handlebars, preview: true }","meta":{"rootId":"hm2eyjdces301cu","id":"hm2eyjdces301cu"},"id":"eslq6lesan8flwz","previousOperationId":"hnkqlzymaz704pw"}
{"type":"log","timestamp":1725883590592,"level":"debug","message":"Inline data specified.","meta":{"rootId":"hm2eyjdces301cu","id":"hm2eyjdces301cu"},"id":"8uil38rhhxwltlo","previousOperationId":"hnkqlzymaz704pw"}
{"type":"log","timestamp":1725883590594,"level":"debug","message":"Base url not specified, skipping its injection.","meta":{"rootId":"hm2eyjdces301cu","id":"hm2eyjdces301cu"},"id":"ihyeq05mq49fmqz","previousOperationId":"hnkqlzymaz704pw"}
{"type":"operationStart","subtype":"engine","name":"handlebars","timestamp":1725883590594,"id":"9yvf1pdvr6pi2g2","previousEventId":"r8s6rfohinfk59a","operationId":"3oae11qr0h7tzbe","previousOperationId":"hnkqlzymaz704pw"}
{"type":"log","timestamp":1725883590594,"level":"debug","message":"Rendering engine handlebars","meta":{"rootId":"hm2eyjdces301cu","id":"hm2eyjdces301cu"},"id":"yxc444x0rlcwedk","previousOperationId":"3oae11qr0h7tzbe"}
{"type":"operationEnd","operationId":"3oae11qr0h7tzbe","timestamp":1725883590600,"id":"kl9fqm3r41b9nwa","previousEventId":"9yvf1pdvr6pi2g2","previousOperationId":"3oae11qr0h7tzbe"}
{"type":"operationStart","subtype":"recipe","name":"xlsx","timestamp":1725883590600,"id":"q9yws4az5p3n2dl","previousEventId":"kl9fqm3r41b9nwa","operationId":"lm8f2j723rtaxf2","previousOperationId":"3oae11qr0h7tzbe"}
{"type":"log","timestamp":1725883590600,"level":"debug","message":"Executing recipe xlsx","meta":{"rootId":"hm2eyjdces301cu","id":"hm2eyjdces301cu"},"id":"g4ivccluutypbqb","previousOperationId":"lm8f2j723rtaxf2"}
{"type":"log","timestamp":1725883590600,"level":"info","message":"xlsx generation is starting","meta":{"rootId":"hm2eyjdces301cu","id":"hm2eyjdces301cu"},"id":"lmtlrpti5f5j9a8","previousOperationId":"lm8f2j723rtaxf2"}
{"type":"log","timestamp":1725883590622,"level":"debug","message":"Starting child request to render xlsx dynamic parts for generation step","meta":{"rootId":"hm2eyjdces301cu","id":"hm2eyjdces301cu"},"id":"1quyj80d7zctuor","previousOperationId":"lm8f2j723rtaxf2"}
{"type":"operationStart","subtype":"render","name":"anonymous","previousOperationId":"lm8f2j723rtaxf2","timestamp":1725883590622,"id":"qixvmwxpzzt3lv8","previousEventId":"q9yws4az5p3n2dl","operationId":"fp5vjkvirzspl1t"}
{"type":"log","timestamp":1725883590623,"level":"info","message":"Starting rendering (child) request (user: admin)","meta":{"rootId":"hm2eyjdces301cu","id":"c8rkhn8434ddrtu"},"id":"5x2uva8urastj41","previousOperationId":"fp5vjkvirzspl1t"}
{"type":"log","timestamp":1725883590623,"level":"info","message":"Rendering anonymous template { recipe: html, engine: handlebars }","meta":{"rootId":"hm2eyjdces301cu","id":"c8rkhn8434ddrtu"},"id":"jsh7qiq0ltlc89n","previousOperationId":"fp5vjkvirzspl1t"}
{"type":"log","timestamp":1725883590623,"level":"debug","message":"Inline data specified.","meta":{"rootId":"hm2eyjdces301cu","id":"c8rkhn8434ddrtu"},"id":"qlloix34uuvoxm1","previousOperationId":"fp5vjkvirzspl1t"}
{"type":"log","timestamp":1725883590624,"level":"debug","message":"Base url not specified, skipping its injection.","meta":{"rootId":"hm2eyjdces301cu","id":"c8rkhn8434ddrtu"},"id":"hjjrwuxaipwchki","previousOperationId":"fp5vjkvirzspl1t"}
{"type":"operationStart","subtype":"engine","name":"handlebars","timestamp":1725883590624,"id":"9ygjinhvyico3ou","previousEventId":"qixvmwxpzzt3lv8","operationId":"o0msvksy0v7a0co","previousOperationId":"fp5vjkvirzspl1t"}
{"type":"log","timestamp":1725883590624,"level":"debug","message":"Rendering engine handlebars","meta":{"rootId":"hm2eyjdces301cu","id":"c8rkhn8434ddrtu"},"id":"q9b0kj3e7g858lz","previousOperationId":"o0msvksy0v7a0co"}
{"type":"operationEnd","operationId":"o0msvksy0v7a0co","timestamp":1725883590701,"id":"020fbi2p1kfdxaw","previousEventId":"9ygjinhvyico3ou","previousOperationId":"o0msvksy0v7a0co"}
{"type":"operationStart","subtype":"recipe","name":"html","timestamp":1725883590701,"id":"v4mdo04cf5sq7li","previousEventId":"020fbi2p1kfdxaw","operationId":"pminwi3odj90deo","previousOperationId":"o0msvksy0v7a0co"}
{"type":"log","timestamp":1725883590701,"level":"debug","message":"Executing recipe html","meta":{"rootId":"hm2eyjdces301cu","id":"c8rkhn8434ddrtu"},"id":"819lvfwsusfrc6w","previousOperationId":"pminwi3odj90deo"}
{"type":"operationEnd","operationId":"pminwi3odj90deo","timestamp":1725883590701,"id":"x6rr6b4xplyvf5e","previousEventId":"v4mdo04cf5sq7li","previousOperationId":"pminwi3odj90deo"}
{"type":"log","timestamp":1725883590701,"level":"debug","message":"Skipping storing report.","meta":{"rootId":"hm2eyjdces301cu","id":"c8rkhn8434ddrtu"},"id":"3mtiqejtuciuug9","previousOperationId":"pminwi3odj90deo"}
{"type":"log","timestamp":1725883590701,"level":"info","message":"Rendering (child) request finished in 122 ms","meta":{"rootId":"hm2eyjdces301cu","id":"c8rkhn8434ddrtu"},"id":"n06xhqaj9c4dh7g","previousOperationId":"pminwi3odj90deo"}
{"type":"operationEnd","subtype":"render","operationId":"fp5vjkvirzspl1t","timestamp":1725883590701,"id":"v49lojpjgy7ol2q","previousEventId":"x6rr6b4xplyvf5e","previousOperationId":"pminwi3odj90deo"}
{"type":"log","timestamp":1725883590718,"level":"debug","message":"xlsx successfully zipped","meta":{"rootId":"hm2eyjdces301cu","id":"hm2eyjdces301cu"},"id":"0fz0zmm4rimjrul","previousOperationId":"lm8f2j723rtaxf2"}
{"type":"log","timestamp":1725883590718,"level":"info","message":"xlsx generation was finished","meta":{"rootId":"hm2eyjdces301cu","id":"hm2eyjdces301cu"},"id":"6hq645t5ats3l90","previousOperationId":"lm8f2j723rtaxf2"}
{"type":"log","timestamp":1725883590718,"level":"debug","message":"preparing office preview","meta":{"rootId":"hm2eyjdces301cu","id":"hm2eyjdces301cu"},"id":"thrhy24fjgub2n0","previousOperationId":"lm8f2j723rtaxf2"}
{"type":"operationEnd","operationId":"lm8f2j723rtaxf2","timestamp":1725883591110,"id":"vj13rdjw1kvv165","previousEventId":"q9yws4az5p3n2dl","previousOperationId":"lm8f2j723rtaxf2"}
{"type":"log","timestamp":1725883591111,"level":"debug","message":"Skipping storing report.","meta":{"rootId":"hm2eyjdces301cu","id":"hm2eyjdces301cu"},"id":"17ovlpplohyxetp","previousOperationId":"lm8f2j723rtaxf2"}
{"type":"log","timestamp":1725883591111,"level":"info","message":"Rendering request 626 finished in 532 ms","meta":{"rootId":"hm2eyjdces301cu","id":"hm2eyjdces301cu"},"id":"h6yffejmpd9jp6o","previousOperationId":"lm8f2j723rtaxf2"}
{"type":"operationEnd","subtype":"render","operationId":"hnkqlzymaz704pw","timestamp":1725883591111,"id":"joq1cmvy6618dcc","previousEventId":"vj13rdjw1kvv165","previousOperationId":"lm8f2j723rtaxf2"}
{"type":"operationEnd","doDiffs":false,"previousEventId":"xs4swvqv9bio38b","previousOperationId":"l2jv1urx92gq1f2","operationId":"l2jv1urx92gq1f2","timestamp":1725883591113,"id":"zrguv28jqmipx85"}
