{"type":"operationStart","subtype":"profile","data":{"_id":"80ItfMPEya3tqQw8","timestamp":"2024-09-10T02:57:01.375Z","state":"queued","mode":"standard","creationDate":"2024-09-10T02:57:01.378Z","modificationDate":"2024-09-10T02:57:01.378Z","shortid":"1Rqjei2","inheritedReadPermissions":[],"inheritedEditPermissions":[],"$entitySet":"profiles"},"doDiffs":false,"timestamp":1725937021377,"id":"va6jz1rfjkf8hr6","previousOperationId":null,"operationId":"39218mlswvttp0o"}
{"type":"log","level":"info","message":"Render request 4 queued for execution and waiting for available worker","previousOperationId":"39218mlswvttp0o","timestamp":1725937021377,"id":"sx954smefkwlck8"}
{"type":"operationStart","subtype":"render","name":"xlsx invoice","previousOperationId":"39218mlswvttp0o","timestamp":1725937021389,"id":"ekq6yqt084mmkq0","previousEventId":"va6jz1rfjkf8hr6","operationId":"yq9cburt93sjygc"}
{"type":"log","timestamp":1725937021389,"level":"info","message":"Starting rendering request 4 (user: admin)","meta":{"rootId":"i41im300sgvpnuj","id":"i41im300sgvpnuj"},"id":"t4jmnb8p430obko","previousOperationId":"yq9cburt93sjygc"}
{"type":"log","timestamp":1725937021389,"level":"info","message":"Rendering template { name: xlsx invoice, recipe: xlsx, engine: handlebars, preview: true }","meta":{"rootId":"i41im300sgvpnuj","id":"i41im300sgvpnuj"},"id":"nnt1sfc6livun1e","previousOperationId":"yq9cburt93sjygc"}
{"type":"log","timestamp":1725937021390,"level":"debug","message":"Adding sample data WZ580PjlR","meta":{"rootId":"i41im300sgvpnuj","id":"i41im300sgvpnuj"},"id":"hmnidp8oasqtpo8","previousOperationId":"yq9cburt93sjygc"}
{"type":"log","timestamp":1725937021391,"level":"debug","message":"Base url not specified, skipping its injection.","meta":{"rootId":"i41im300sgvpnuj","id":"i41im300sgvpnuj"},"id":"zdw20zwgxgofue1","previousOperationId":"yq9cburt93sjygc"}
{"type":"operationStart","subtype":"engine","name":"handlebars","timestamp":1725937021392,"id":"m700qusqyy7edyy","previousEventId":"ekq6yqt084mmkq0","operationId":"javebw75n6adevx","previousOperationId":"yq9cburt93sjygc"}
{"type":"log","timestamp":1725937021392,"level":"debug","message":"Rendering engine handlebars","meta":{"rootId":"i41im300sgvpnuj","id":"i41im300sgvpnuj"},"id":"5gsro0zjsrlq97y","previousOperationId":"javebw75n6adevx"}
{"type":"operationEnd","operationId":"javebw75n6adevx","timestamp":1725937021401,"id":"nats38cw6a7wy41","previousEventId":"m700qusqyy7edyy","previousOperationId":"javebw75n6adevx"}
{"type":"operationStart","subtype":"recipe","name":"xlsx","timestamp":1725937021401,"id":"et3icpsknxxhl5f","previousEventId":"nats38cw6a7wy41","operationId":"od0vz22suxkcjts","previousOperationId":"javebw75n6adevx"}
{"type":"log","timestamp":1725937021401,"level":"debug","message":"Executing recipe xlsx","meta":{"rootId":"i41im300sgvpnuj","id":"i41im300sgvpnuj"},"id":"5jpti7hjm79gg2r","previousOperationId":"od0vz22suxkcjts"}
{"type":"log","timestamp":1725937021402,"level":"info","message":"xlsx generation is starting","meta":{"rootId":"i41im300sgvpnuj","id":"i41im300sgvpnuj"},"id":"oga21jdvmhd4rt3","previousOperationId":"od0vz22suxkcjts"}
{"type":"log","timestamp":1725937021436,"level":"debug","message":"Starting child request to render xlsx dynamic parts for generation step","meta":{"rootId":"i41im300sgvpnuj","id":"i41im300sgvpnuj"},"id":"vair8fyjmof9set","previousOperationId":"od0vz22suxkcjts"}
{"type":"operationStart","subtype":"render","name":"anonymous","previousOperationId":"od0vz22suxkcjts","timestamp":1725937021437,"id":"mikuveq1c0tge5v","previousEventId":"et3icpsknxxhl5f","operationId":"ljq9srdmjcf7owb"}
{"type":"log","timestamp":1725937021437,"level":"info","message":"Starting rendering (child) request (user: admin)","meta":{"rootId":"i41im300sgvpnuj","id":"gexogjue92qma6c"},"id":"v9rb3cp3nkb8dia","previousOperationId":"ljq9srdmjcf7owb"}
{"type":"log","timestamp":1725937021437,"level":"info","message":"Rendering anonymous template { recipe: html, engine: handlebars }","meta":{"rootId":"i41im300sgvpnuj","id":"gexogjue92qma6c"},"id":"vwyd4eh6n15v57x","previousOperationId":"ljq9srdmjcf7owb"}
{"type":"log","timestamp":1725937021437,"level":"debug","message":"Inline data specified.","meta":{"rootId":"i41im300sgvpnuj","id":"gexogjue92qma6c"},"id":"rhkqfy9furbo56z","previousOperationId":"ljq9srdmjcf7owb"}
{"type":"log","timestamp":1725937021438,"level":"debug","message":"Base url not specified, skipping its injection.","meta":{"rootId":"i41im300sgvpnuj","id":"gexogjue92qma6c"},"id":"iy2gv4qg83aauyo","previousOperationId":"ljq9srdmjcf7owb"}
{"type":"operationStart","subtype":"engine","name":"handlebars","timestamp":1725937021438,"id":"rpsrwyevc99elz2","previousEventId":"mikuveq1c0tge5v","operationId":"tfu7tkbrxwg5dmv","previousOperationId":"ljq9srdmjcf7owb"}
{"type":"log","timestamp":1725937021438,"level":"debug","message":"Rendering engine handlebars","meta":{"rootId":"i41im300sgvpnuj","id":"gexogjue92qma6c"},"id":"xgu3mbvl5t0yj85","previousOperationId":"tfu7tkbrxwg5dmv"}
{"type":"operationEnd","operationId":"tfu7tkbrxwg5dmv","timestamp":1725937021512,"id":"nl09wqt4i32n473","previousEventId":"rpsrwyevc99elz2","previousOperationId":"tfu7tkbrxwg5dmv"}
{"type":"operationStart","subtype":"recipe","name":"html","timestamp":1725937021512,"id":"ja2gsd6ly2md3gc","previousEventId":"nl09wqt4i32n473","operationId":"j9481f0ymst332i","previousOperationId":"tfu7tkbrxwg5dmv"}
{"type":"log","timestamp":1725937021512,"level":"debug","message":"Executing recipe html","meta":{"rootId":"i41im300sgvpnuj","id":"gexogjue92qma6c"},"id":"7511m4jwd5shfke","previousOperationId":"j9481f0ymst332i"}
{"type":"operationEnd","operationId":"j9481f0ymst332i","timestamp":1725937021512,"id":"cimoo0h7hv4vpv0","previousEventId":"ja2gsd6ly2md3gc","previousOperationId":"j9481f0ymst332i"}
{"type":"log","timestamp":1725937021513,"level":"debug","message":"Skipping storing report.","meta":{"rootId":"i41im300sgvpnuj","id":"gexogjue92qma6c"},"id":"i3xdsdamrh7hz58","previousOperationId":"j9481f0ymst332i"}
{"type":"log","timestamp":1725937021513,"level":"info","message":"Rendering (child) request finished in 138 ms","meta":{"rootId":"i41im300sgvpnuj","id":"gexogjue92qma6c"},"id":"9ih3wu2sal5i8m8","previousOperationId":"j9481f0ymst332i"}
{"type":"operationEnd","subtype":"render","operationId":"ljq9srdmjcf7owb","timestamp":1725937021513,"id":"ssew4v1i1v59dxr","previousEventId":"cimoo0h7hv4vpv0","previousOperationId":"j9481f0ymst332i"}
{"type":"log","timestamp":1725937021545,"level":"debug","message":"xlsx successfully zipped","meta":{"rootId":"i41im300sgvpnuj","id":"i41im300sgvpnuj"},"id":"qdhy9pud78j0v73","previousOperationId":"od0vz22suxkcjts"}
{"type":"log","timestamp":1725937021545,"level":"info","message":"xlsx generation was finished","meta":{"rootId":"i41im300sgvpnuj","id":"i41im300sgvpnuj"},"id":"g7qu5pvtcni5vyw","previousOperationId":"od0vz22suxkcjts"}
{"type":"log","timestamp":1725937021545,"level":"debug","message":"preparing office preview","meta":{"rootId":"i41im300sgvpnuj","id":"i41im300sgvpnuj"},"id":"ncqskuh8swc7h53","previousOperationId":"od0vz22suxkcjts"}
{"type":"operationEnd","operationId":"od0vz22suxkcjts","timestamp":1725937021941,"id":"b8dhoyv55kib0kx","previousEventId":"et3icpsknxxhl5f","previousOperationId":"od0vz22suxkcjts"}
{"type":"log","timestamp":1725937021941,"level":"debug","message":"Skipping storing report.","meta":{"rootId":"i41im300sgvpnuj","id":"i41im300sgvpnuj"},"id":"q3zehll30xd04yh","previousOperationId":"od0vz22suxkcjts"}
{"type":"log","timestamp":1725937021941,"level":"info","message":"Rendering request 4 finished in 566 ms","meta":{"rootId":"i41im300sgvpnuj","id":"i41im300sgvpnuj"},"id":"2shplj6w684t7i5","previousOperationId":"od0vz22suxkcjts"}
{"type":"operationEnd","subtype":"render","operationId":"yq9cburt93sjygc","timestamp":1725937021941,"id":"2fx2m8gqvuo79ux","previousEventId":"b8dhoyv55kib0kx","previousOperationId":"od0vz22suxkcjts"}
{"type":"operationEnd","doDiffs":false,"previousEventId":"va6jz1rfjkf8hr6","previousOperationId":"39218mlswvttp0o","operationId":"39218mlswvttp0o","timestamp":1725937021944,"id":"t1mf2i4qpykv090"}
