{"type":"operationStart","subtype":"profile","data":{"_id":"FOohNg8dCPaS3jK8","timestamp":"2024-09-10T03:43:56.370Z","state":"queued","mode":"standard","creationDate":"2024-09-10T03:43:56.372Z","modificationDate":"2024-09-10T03:43:56.372Z","shortid":"U0HZ0MV","inheritedReadPermissions":[],"inheritedEditPermissions":[],"$entitySet":"profiles"},"doDiffs":false,"timestamp":1725939836371,"id":"x1sy41ypm7cn29z","previousOperationId":null,"operationId":"wb26n70zlhat59j"}
{"type":"log","level":"info","message":"Render request 9 queued for execution and waiting for available worker","previousOperationId":"wb26n70zlhat59j","timestamp":1725939836371,"id":"i2klv7ms11gqmwy"}
{"type":"operationStart","subtype":"render","name":"xlsx invoice","previousOperationId":"wb26n70zlhat59j","timestamp":1725939836380,"id":"cd3nkgzosyn12ig","previousEventId":"x1sy41ypm7cn29z","operationId":"7vexu65wsm1a31y"}
{"type":"log","timestamp":1725939836381,"level":"info","message":"Starting rendering request 9 (user: admin)","meta":{"rootId":"k1itzrnxfw7piir","id":"k1itzrnxfw7piir"},"id":"j91lnk1mq097x8w","previousOperationId":"7vexu65wsm1a31y"}
{"type":"log","timestamp":1725939836381,"level":"info","message":"Rendering template { name: xlsx invoice, recipe: xlsx, engine: handlebars, preview: true }","meta":{"rootId":"k1itzrnxfw7piir","id":"k1itzrnxfw7piir"},"id":"hjy28re8g53zlnk","previousOperationId":"7vexu65wsm1a31y"}
{"type":"log","timestamp":1725939836381,"level":"debug","message":"Inline data specified.","meta":{"rootId":"k1itzrnxfw7piir","id":"k1itzrnxfw7piir"},"id":"lqgfh32geed9d94","previousOperationId":"7vexu65wsm1a31y"}
{"type":"log","timestamp":1725939836383,"level":"debug","message":"Base url not specified, skipping its injection.","meta":{"rootId":"k1itzrnxfw7piir","id":"k1itzrnxfw7piir"},"id":"z2nfb8lsi2cav03","previousOperationId":"7vexu65wsm1a31y"}
{"type":"operationStart","subtype":"engine","name":"handlebars","timestamp":1725939836383,"id":"gg8v4jdmdpyt3j4","previousEventId":"cd3nkgzosyn12ig","operationId":"nsb77nlxgmvjwv5","previousOperationId":"7vexu65wsm1a31y"}
{"type":"log","timestamp":1725939836383,"level":"debug","message":"Rendering engine handlebars","meta":{"rootId":"k1itzrnxfw7piir","id":"k1itzrnxfw7piir"},"id":"mde9gl7fyia4fmn","previousOperationId":"nsb77nlxgmvjwv5"}
{"type":"operationEnd","operationId":"nsb77nlxgmvjwv5","timestamp":1725939836395,"id":"svccjnklaa7pbsd","previousEventId":"gg8v4jdmdpyt3j4","previousOperationId":"nsb77nlxgmvjwv5"}
{"type":"operationStart","subtype":"recipe","name":"xlsx","timestamp":1725939836395,"id":"y93hz31y63y7rmy","previousEventId":"svccjnklaa7pbsd","operationId":"cbbyhbfqpeek7nd","previousOperationId":"nsb77nlxgmvjwv5"}
{"type":"log","timestamp":1725939836395,"level":"debug","message":"Executing recipe xlsx","meta":{"rootId":"k1itzrnxfw7piir","id":"k1itzrnxfw7piir"},"id":"shhs2m0hwtl9ywz","previousOperationId":"cbbyhbfqpeek7nd"}
{"type":"log","timestamp":1725939836396,"level":"info","message":"xlsx generation is starting","meta":{"rootId":"k1itzrnxfw7piir","id":"k1itzrnxfw7piir"},"id":"kyzzk98byrvj9kg","previousOperationId":"cbbyhbfqpeek7nd"}
{"type":"log","timestamp":1725939836428,"level":"debug","message":"Starting child request to render xlsx dynamic parts for generation step","meta":{"rootId":"k1itzrnxfw7piir","id":"k1itzrnxfw7piir"},"id":"wk1l7uiqvyc93wd","previousOperationId":"cbbyhbfqpeek7nd"}
{"type":"operationStart","subtype":"render","name":"anonymous","previousOperationId":"cbbyhbfqpeek7nd","timestamp":1725939836428,"id":"sbfh5g6ie0ihilo","previousEventId":"y93hz31y63y7rmy","operationId":"oagxwwgh2bfesdb"}
{"type":"log","timestamp":1725939836428,"level":"info","message":"Starting rendering (child) request (user: admin)","meta":{"rootId":"k1itzrnxfw7piir","id":"sjisy1r9vl5mvfv"},"id":"khyz83abvpqfg8d","previousOperationId":"oagxwwgh2bfesdb"}
{"type":"log","timestamp":1725939836428,"level":"info","message":"Rendering anonymous template { recipe: html, engine: handlebars }","meta":{"rootId":"k1itzrnxfw7piir","id":"sjisy1r9vl5mvfv"},"id":"suz2ycad82ivx5l","previousOperationId":"oagxwwgh2bfesdb"}
{"type":"log","timestamp":1725939836428,"level":"debug","message":"Inline data specified.","meta":{"rootId":"k1itzrnxfw7piir","id":"sjisy1r9vl5mvfv"},"id":"cjukeyuz514qjkr","previousOperationId":"oagxwwgh2bfesdb"}
{"type":"log","timestamp":1725939836429,"level":"debug","message":"Base url not specified, skipping its injection.","meta":{"rootId":"k1itzrnxfw7piir","id":"sjisy1r9vl5mvfv"},"id":"aj3qmpkv6osm8nt","previousOperationId":"oagxwwgh2bfesdb"}
{"type":"operationStart","subtype":"engine","name":"handlebars","timestamp":1725939836429,"id":"1rnjnhpyo4u9c7c","previousEventId":"sbfh5g6ie0ihilo","operationId":"b1lmiz2vtughpaf","previousOperationId":"oagxwwgh2bfesdb"}
{"type":"log","timestamp":1725939836429,"level":"debug","message":"Rendering engine handlebars","meta":{"rootId":"k1itzrnxfw7piir","id":"sjisy1r9vl5mvfv"},"id":"v9w4sc6hfuyrgp2","previousOperationId":"b1lmiz2vtughpaf"}
{"type":"operationEnd","operationId":"b1lmiz2vtughpaf","timestamp":1725939836489,"id":"un2gvdplxzbxxr4","previousEventId":"1rnjnhpyo4u9c7c","previousOperationId":"b1lmiz2vtughpaf"}
{"type":"operationStart","subtype":"recipe","name":"html","timestamp":1725939836490,"id":"3itfbtgevv1x9dx","previousEventId":"un2gvdplxzbxxr4","operationId":"wwbzqkpjn5k2a7h","previousOperationId":"b1lmiz2vtughpaf"}
{"type":"log","timestamp":1725939836490,"level":"debug","message":"Executing recipe html","meta":{"rootId":"k1itzrnxfw7piir","id":"sjisy1r9vl5mvfv"},"id":"s2dpy1apf4xlhri","previousOperationId":"wwbzqkpjn5k2a7h"}
{"type":"operationEnd","operationId":"wwbzqkpjn5k2a7h","timestamp":1725939836490,"id":"mhoey1f8fq2j80y","previousEventId":"3itfbtgevv1x9dx","previousOperationId":"wwbzqkpjn5k2a7h"}
{"type":"log","timestamp":1725939836490,"level":"debug","message":"Skipping storing report.","meta":{"rootId":"k1itzrnxfw7piir","id":"sjisy1r9vl5mvfv"},"id":"bfc4ipyf1fcfrla","previousOperationId":"wwbzqkpjn5k2a7h"}
{"type":"log","timestamp":1725939836490,"level":"info","message":"Rendering (child) request finished in 121 ms","meta":{"rootId":"k1itzrnxfw7piir","id":"sjisy1r9vl5mvfv"},"id":"0fhp1lcnxa3l7un","previousOperationId":"wwbzqkpjn5k2a7h"}
{"type":"operationEnd","subtype":"render","operationId":"oagxwwgh2bfesdb","timestamp":1725939836490,"id":"7f26y6reel9s98d","previousEventId":"mhoey1f8fq2j80y","previousOperationId":"wwbzqkpjn5k2a7h"}
{"type":"log","timestamp":1725939836512,"level":"debug","message":"xlsx successfully zipped","meta":{"rootId":"k1itzrnxfw7piir","id":"k1itzrnxfw7piir"},"id":"fzm21piwimidhnr","previousOperationId":"cbbyhbfqpeek7nd"}
{"type":"log","timestamp":1725939836512,"level":"info","message":"xlsx generation was finished","meta":{"rootId":"k1itzrnxfw7piir","id":"k1itzrnxfw7piir"},"id":"94i7szbq8avgs3c","previousOperationId":"cbbyhbfqpeek7nd"}
{"type":"log","timestamp":1725939836512,"level":"info","message":"xlsx transformation is starting","meta":{"rootId":"k1itzrnxfw7piir","id":"k1itzrnxfw7piir"},"id":"g1pgn0hzjwgrqgo","previousOperationId":"cbbyhbfqpeek7nd"}
{"type":"log","timestamp":1725939836527,"level":"debug","message":"Parsing xlsx content","meta":{"rootId":"k1itzrnxfw7piir","id":"k1itzrnxfw7piir"},"id":"4drbvhmcg8i9s3o","previousOperationId":"cbbyhbfqpeek7nd"}
{"type":"log","timestamp":1725939836564,"level":"debug","message":"Successfully zipped now.","meta":{"rootId":"k1itzrnxfw7piir","id":"k1itzrnxfw7piir"},"id":"r09eg4cdgp1wxnd","previousOperationId":"cbbyhbfqpeek7nd"}
{"type":"log","timestamp":1725939836564,"level":"info","message":"xlsx transformation was finished","meta":{"rootId":"k1itzrnxfw7piir","id":"k1itzrnxfw7piir"},"id":"ozhx23lnlgbi8a4","previousOperationId":"cbbyhbfqpeek7nd"}
{"type":"log","timestamp":1725939836564,"level":"debug","message":"preparing office preview","meta":{"rootId":"k1itzrnxfw7piir","id":"k1itzrnxfw7piir"},"id":"999p8rieb8ho7bo","previousOperationId":"cbbyhbfqpeek7nd"}
{"type":"operationEnd","operationId":"cbbyhbfqpeek7nd","timestamp":1725939837048,"id":"3zdbn30tc1mpg2u","previousEventId":"y93hz31y63y7rmy","previousOperationId":"cbbyhbfqpeek7nd"}
{"type":"log","timestamp":1725939837048,"level":"debug","message":"Skipping storing report.","meta":{"rootId":"k1itzrnxfw7piir","id":"k1itzrnxfw7piir"},"id":"n3gcucq4j7z6vbt","previousOperationId":"cbbyhbfqpeek7nd"}
{"type":"log","timestamp":1725939837048,"level":"info","message":"Rendering request 9 finished in 679 ms","meta":{"rootId":"k1itzrnxfw7piir","id":"k1itzrnxfw7piir"},"id":"8wh34opu1yph9c0","previousOperationId":"cbbyhbfqpeek7nd"}
{"type":"operationEnd","subtype":"render","operationId":"7vexu65wsm1a31y","timestamp":1725939837048,"id":"h7n2yqecy783rf7","previousEventId":"3zdbn30tc1mpg2u","previousOperationId":"cbbyhbfqpeek7nd"}
{"type":"operationEnd","doDiffs":false,"previousEventId":"x1sy41ypm7cn29z","previousOperationId":"wb26n70zlhat59j","operationId":"wb26n70zlhat59j","timestamp":1725939837053,"id":"8twggftz5uc0maf"}
