{"type":"operationStart","subtype":"profile","data":{"_id":"6IfVuuZjcSv3l3RI","timestamp":"2024-09-09T11:35:07.930Z","state":"queued","mode":"standard","creationDate":"2024-09-09T11:35:07.931Z","modificationDate":"2024-09-09T11:35:07.931Z","shortid":"yl7jJ7H","inheritedReadPermissions":[],"inheritedEditPermissions":[],"$entitySet":"profiles"},"doDiffs":false,"timestamp":1725881707931,"id":"nzazaz0qb5cnnih","previousOperationId":null,"operationId":"vol9nyds3el0ln6"}
{"type":"log","level":"info","message":"Render request 610 queued for execution and waiting for available worker","previousOperationId":"vol9nyds3el0ln6","timestamp":1725881707931,"id":"lfkqr4928xys7ji"}
{"type":"operationStart","subtype":"render","name":"xlsx invoice","previousOperationId":"vol9nyds3el0ln6","timestamp":1725881707937,"id":"iw5ukmjzue27k9j","previousEventId":"nzazaz0qb5cnnih","operationId":"2mas1qonlrg4ncf"}
{"type":"log","timestamp":1725881707937,"level":"info","message":"Starting rendering request 610 (user: admin)","meta":{"rootId":"l8bbgsb1bnebq2l","id":"l8bbgsb1bnebq2l"},"id":"1yto43sm7vdcg0d","previousOperationId":"2mas1qonlrg4ncf"}
{"type":"log","timestamp":1725881707937,"level":"info","message":"Rendering template { name: xlsx invoice, recipe: xlsx, engine: handlebars, preview: false }","meta":{"rootId":"l8bbgsb1bnebq2l","id":"l8bbgsb1bnebq2l"},"id":"lzoe83adq6ll9e1","previousOperationId":"2mas1qonlrg4ncf"}
{"type":"log","timestamp":1725881707938,"level":"debug","message":"Adding sample data WZ580PjlR","meta":{"rootId":"l8bbgsb1bnebq2l","id":"l8bbgsb1bnebq2l"},"id":"k0nu2t2hv4buujc","previousOperationId":"2mas1qonlrg4ncf"}
{"type":"log","timestamp":1725881707939,"level":"debug","message":"Base url not specified, skipping its injection.","meta":{"rootId":"l8bbgsb1bnebq2l","id":"l8bbgsb1bnebq2l"},"id":"brqxknp0afb9wl4","previousOperationId":"2mas1qonlrg4ncf"}
{"type":"operationStart","subtype":"engine","name":"handlebars","timestamp":1725881707939,"id":"72pzfan0dpvr1gf","previousEventId":"iw5ukmjzue27k9j","operationId":"yro9emfx3l2ecjz","previousOperationId":"2mas1qonlrg4ncf"}
{"type":"log","timestamp":1725881707939,"level":"debug","message":"Rendering engine handlebars","meta":{"rootId":"l8bbgsb1bnebq2l","id":"l8bbgsb1bnebq2l"},"id":"uh9q6v3b35umfmq","previousOperationId":"yro9emfx3l2ecjz"}
{"type":"operationEnd","operationId":"yro9emfx3l2ecjz","timestamp":1725881707943,"id":"iu2b3z81mau6ta3","previousEventId":"72pzfan0dpvr1gf","previousOperationId":"yro9emfx3l2ecjz"}
{"type":"operationStart","subtype":"recipe","name":"xlsx","timestamp":1725881707943,"id":"l8nebw5iipp45lq","previousEventId":"iu2b3z81mau6ta3","operationId":"8jmvljtx9ai6wy1","previousOperationId":"yro9emfx3l2ecjz"}
{"type":"log","timestamp":1725881707943,"level":"debug","message":"Executing recipe xlsx","meta":{"rootId":"l8bbgsb1bnebq2l","id":"l8bbgsb1bnebq2l"},"id":"2z69njzsemi7jqp","previousOperationId":"8jmvljtx9ai6wy1"}
{"type":"log","timestamp":1725881707944,"level":"info","message":"xlsx generation is starting","meta":{"rootId":"l8bbgsb1bnebq2l","id":"l8bbgsb1bnebq2l"},"id":"k74egxf0ikr4xus","previousOperationId":"8jmvljtx9ai6wy1"}
{"type":"log","timestamp":1725881707965,"level":"debug","message":"Starting child request to render xlsx dynamic parts for generation step","meta":{"rootId":"l8bbgsb1bnebq2l","id":"l8bbgsb1bnebq2l"},"id":"sz2r0zamhbntv4t","previousOperationId":"8jmvljtx9ai6wy1"}
{"type":"operationStart","subtype":"render","name":"anonymous","previousOperationId":"8jmvljtx9ai6wy1","timestamp":1725881707966,"id":"evrbpa7zstan116","previousEventId":"l8nebw5iipp45lq","operationId":"mo1noi2zdsvzgor"}
{"type":"log","timestamp":1725881707966,"level":"info","message":"Starting rendering (child) request (user: admin)","meta":{"rootId":"l8bbgsb1bnebq2l","id":"oiis8bcoxuz3a92"},"id":"1kltyv86jopsdfm","previousOperationId":"mo1noi2zdsvzgor"}
{"type":"log","timestamp":1725881707966,"level":"info","message":"Rendering anonymous template { recipe: html, engine: handlebars }","meta":{"rootId":"l8bbgsb1bnebq2l","id":"oiis8bcoxuz3a92"},"id":"r7g6idd8bs36afa","previousOperationId":"mo1noi2zdsvzgor"}
{"type":"log","timestamp":1725881707966,"level":"debug","message":"Inline data specified.","meta":{"rootId":"l8bbgsb1bnebq2l","id":"oiis8bcoxuz3a92"},"id":"jijz236jk7r57im","previousOperationId":"mo1noi2zdsvzgor"}
{"type":"log","timestamp":1725881707971,"level":"debug","message":"Base url not specified, skipping its injection.","meta":{"rootId":"l8bbgsb1bnebq2l","id":"oiis8bcoxuz3a92"},"id":"2ltry2cuaqp2asy","previousOperationId":"mo1noi2zdsvzgor"}
{"type":"operationStart","subtype":"engine","name":"handlebars","timestamp":1725881707971,"id":"pjt6i667w0qhqye","previousEventId":"evrbpa7zstan116","operationId":"x2maij583ip821q","previousOperationId":"mo1noi2zdsvzgor"}
{"type":"log","timestamp":1725881707971,"level":"debug","message":"Rendering engine handlebars","meta":{"rootId":"l8bbgsb1bnebq2l","id":"oiis8bcoxuz3a92"},"id":"2kcbnyoc46hj718","previousOperationId":"x2maij583ip821q"}
{"type":"operationEnd","operationId":"x2maij583ip821q","timestamp":1725881708038,"id":"49ldhtisay1h8yj","previousEventId":"pjt6i667w0qhqye","previousOperationId":"x2maij583ip821q"}
{"type":"operationStart","subtype":"recipe","name":"html","timestamp":1725881708038,"id":"z4sjp8qsmvv1dhb","previousEventId":"49ldhtisay1h8yj","operationId":"p7koyri70drnxch","previousOperationId":"x2maij583ip821q"}
{"type":"log","timestamp":1725881708038,"level":"debug","message":"Executing recipe html","meta":{"rootId":"l8bbgsb1bnebq2l","id":"oiis8bcoxuz3a92"},"id":"xf3j2pqoorgtjq7","previousOperationId":"p7koyri70drnxch"}
{"type":"operationEnd","operationId":"p7koyri70drnxch","timestamp":1725881708038,"id":"7yeivk8nlshs69q","previousEventId":"z4sjp8qsmvv1dhb","previousOperationId":"p7koyri70drnxch"}
{"type":"log","timestamp":1725881708038,"level":"debug","message":"Skipping storing report.","meta":{"rootId":"l8bbgsb1bnebq2l","id":"oiis8bcoxuz3a92"},"id":"bqrr9ta5tq1td5f","previousOperationId":"p7koyri70drnxch"}
{"type":"log","timestamp":1725881708038,"level":"info","message":"Rendering (child) request finished in 109 ms","meta":{"rootId":"l8bbgsb1bnebq2l","id":"oiis8bcoxuz3a92"},"id":"8tcbke1hk07i4n9","previousOperationId":"p7koyri70drnxch"}
{"type":"operationEnd","subtype":"render","operationId":"mo1noi2zdsvzgor","timestamp":1725881708038,"id":"d1t20tsg6vg8unl","previousEventId":"7yeivk8nlshs69q","previousOperationId":"p7koyri70drnxch"}
{"type":"log","timestamp":1725881708061,"level":"debug","message":"xlsx successfully zipped","meta":{"rootId":"l8bbgsb1bnebq2l","id":"l8bbgsb1bnebq2l"},"id":"eq6nqz27r3w9zjn","previousOperationId":"8jmvljtx9ai6wy1"}
{"type":"log","timestamp":1725881708061,"level":"info","message":"xlsx generation was finished","meta":{"rootId":"l8bbgsb1bnebq2l","id":"l8bbgsb1bnebq2l"},"id":"gegbf7pjkvpt4vn","previousOperationId":"8jmvljtx9ai6wy1"}
{"type":"operationEnd","operationId":"8jmvljtx9ai6wy1","timestamp":1725881708069,"id":"p3mpo5gflsc8ng8","previousEventId":"l8nebw5iipp45lq","previousOperationId":"8jmvljtx9ai6wy1"}
{"type":"log","timestamp":1725881708069,"level":"debug","message":"Skipping storing report.","meta":{"rootId":"l8bbgsb1bnebq2l","id":"l8bbgsb1bnebq2l"},"id":"ziuart6qykymtlv","previousOperationId":"8jmvljtx9ai6wy1"}
{"type":"log","timestamp":1725881708069,"level":"info","message":"Rendering request 610 finished in 140 ms","meta":{"rootId":"l8bbgsb1bnebq2l","id":"l8bbgsb1bnebq2l"},"id":"kv43t6x85ahzqju","previousOperationId":"8jmvljtx9ai6wy1"}
{"type":"operationEnd","subtype":"render","operationId":"2mas1qonlrg4ncf","timestamp":1725881708069,"id":"v7cl2jwe89w8nli","previousEventId":"p3mpo5gflsc8ng8","previousOperationId":"8jmvljtx9ai6wy1"}
{"type":"operationEnd","doDiffs":false,"previousEventId":"nzazaz0qb5cnnih","previousOperationId":"vol9nyds3el0ln6","operationId":"vol9nyds3el0ln6","timestamp":1725881708074,"id":"6kk367wtitsynll"}
