{"type":"operationStart","subtype":"profile","data":{"_id":"g4Hbh7TfHN8fGBhh","timestamp":"2024-09-09T11:30:59.963Z","state":"queued","mode":"standard","creationDate":"2024-09-09T11:30:59.965Z","modificationDate":"2024-09-09T11:30:59.965Z","shortid":"MhKQRDw","inheritedReadPermissions":[],"inheritedEditPermissions":[],"$entitySet":"profiles"},"doDiffs":false,"timestamp":1725881459964,"id":"je0eyybd1dzfbho","previousOperationId":null,"operationId":"ptn2vyegcui6981"}
{"type":"log","level":"info","message":"Render request 606 queued for execution and waiting for available worker","previousOperationId":"ptn2vyegcui6981","timestamp":1725881459964,"id":"7pzjge8xrz6ae4l"}
{"type":"operationStart","subtype":"render","name":"xlsx invoice","previousOperationId":"ptn2vyegcui6981","timestamp":1725881459973,"id":"p6u7upcqotycm36","previousEventId":"je0eyybd1dzfbho","operationId":"zxb0t2u89awfaqr"}
{"type":"log","timestamp":1725881459973,"level":"info","message":"Starting rendering request 606 (user: admin)","meta":{"rootId":"ls39nw54439auiu","id":"ls39nw54439auiu"},"id":"o1x5jv4y04mz7wt","previousOperationId":"zxb0t2u89awfaqr"}
{"type":"log","timestamp":1725881459973,"level":"info","message":"Rendering template { name: xlsx invoice, recipe: xlsx, engine: handlebars, preview: true }","meta":{"rootId":"ls39nw54439auiu","id":"ls39nw54439auiu"},"id":"i9h64gp6f94rsv0","previousOperationId":"zxb0t2u89awfaqr"}
{"type":"log","timestamp":1725881459976,"level":"debug","message":"Adding sample data WZ580PjlR","meta":{"rootId":"ls39nw54439auiu","id":"ls39nw54439auiu"},"id":"m52vyas7onzy9sw","previousOperationId":"zxb0t2u89awfaqr"}
{"type":"log","timestamp":1725881459977,"level":"debug","message":"Base url not specified, skipping its injection.","meta":{"rootId":"ls39nw54439auiu","id":"ls39nw54439auiu"},"id":"2sp4bn6s49w3c5r","previousOperationId":"zxb0t2u89awfaqr"}
{"type":"operationStart","subtype":"engine","name":"handlebars","timestamp":1725881459977,"id":"wxu0vx2svjq4taq","previousEventId":"p6u7upcqotycm36","operationId":"qcmr2c8qerrre9v","previousOperationId":"zxb0t2u89awfaqr"}
{"type":"log","timestamp":1725881459977,"level":"debug","message":"Rendering engine handlebars","meta":{"rootId":"ls39nw54439auiu","id":"ls39nw54439auiu"},"id":"ijtsth6kadr0qgd","previousOperationId":"qcmr2c8qerrre9v"}
{"type":"operationEnd","operationId":"qcmr2c8qerrre9v","timestamp":1725881459983,"id":"kedwijmadhsldhp","previousEventId":"wxu0vx2svjq4taq","previousOperationId":"qcmr2c8qerrre9v"}
{"type":"operationStart","subtype":"recipe","name":"xlsx","timestamp":1725881459983,"id":"8128nk4lla46p23","previousEventId":"kedwijmadhsldhp","operationId":"mkilx91qtliqs2o","previousOperationId":"qcmr2c8qerrre9v"}
{"type":"log","timestamp":1725881459983,"level":"debug","message":"Executing recipe xlsx","meta":{"rootId":"ls39nw54439auiu","id":"ls39nw54439auiu"},"id":"mik07xew3xha401","previousOperationId":"mkilx91qtliqs2o"}
{"type":"log","timestamp":1725881459984,"level":"info","message":"xlsx generation is starting","meta":{"rootId":"ls39nw54439auiu","id":"ls39nw54439auiu"},"id":"hpcz2sfugumtyq2","previousOperationId":"mkilx91qtliqs2o"}
{"type":"log","timestamp":1725881460017,"level":"debug","message":"Starting child request to render xlsx dynamic parts for generation step","meta":{"rootId":"ls39nw54439auiu","id":"ls39nw54439auiu"},"id":"0rum5vpc4jkw87e","previousOperationId":"mkilx91qtliqs2o"}
{"type":"operationStart","subtype":"render","name":"anonymous","previousOperationId":"mkilx91qtliqs2o","timestamp":1725881460017,"id":"fl7zwl2i0z53rqc","previousEventId":"8128nk4lla46p23","operationId":"7lnsytn7nm84nb2"}
{"type":"log","timestamp":1725881460017,"level":"info","message":"Starting rendering (child) request (user: admin)","meta":{"rootId":"ls39nw54439auiu","id":"lkowa9le26fe4dn"},"id":"a144peaz9i214i5","previousOperationId":"7lnsytn7nm84nb2"}
{"type":"log","timestamp":1725881460017,"level":"info","message":"Rendering anonymous template { recipe: html, engine: handlebars }","meta":{"rootId":"ls39nw54439auiu","id":"lkowa9le26fe4dn"},"id":"3s3fl0v3ycxioxu","previousOperationId":"7lnsytn7nm84nb2"}
{"type":"log","timestamp":1725881460017,"level":"debug","message":"Inline data specified.","meta":{"rootId":"ls39nw54439auiu","id":"lkowa9le26fe4dn"},"id":"8di1ua3d1zq8us4","previousOperationId":"7lnsytn7nm84nb2"}
{"type":"log","timestamp":1725881460018,"level":"debug","message":"Base url not specified, skipping its injection.","meta":{"rootId":"ls39nw54439auiu","id":"lkowa9le26fe4dn"},"id":"wm8jhlur4pzvrqd","previousOperationId":"7lnsytn7nm84nb2"}
{"type":"operationStart","subtype":"engine","name":"handlebars","timestamp":1725881460018,"id":"7anuc7ntrlctjak","previousEventId":"fl7zwl2i0z53rqc","operationId":"dyz0sj7l0i8i0nz","previousOperationId":"7lnsytn7nm84nb2"}
{"type":"log","timestamp":1725881460018,"level":"debug","message":"Rendering engine handlebars","meta":{"rootId":"ls39nw54439auiu","id":"lkowa9le26fe4dn"},"id":"r79mgq1pijnm4xp","previousOperationId":"dyz0sj7l0i8i0nz"}
{"type":"operationEnd","operationId":"dyz0sj7l0i8i0nz","timestamp":1725881460134,"id":"glryk1u1z82cn3r","previousEventId":"7anuc7ntrlctjak","previousOperationId":"dyz0sj7l0i8i0nz"}
{"type":"operationStart","subtype":"recipe","name":"html","timestamp":1725881460135,"id":"63lm4mtzv4opoum","previousEventId":"glryk1u1z82cn3r","operationId":"3apeebsiokuxecd","previousOperationId":"dyz0sj7l0i8i0nz"}
{"type":"log","timestamp":1725881460135,"level":"debug","message":"Executing recipe html","meta":{"rootId":"ls39nw54439auiu","id":"lkowa9le26fe4dn"},"id":"kbjrhkdc694yidk","previousOperationId":"3apeebsiokuxecd"}
{"type":"operationEnd","operationId":"3apeebsiokuxecd","timestamp":1725881460135,"id":"j5r9egx5o71sq22","previousEventId":"63lm4mtzv4opoum","previousOperationId":"3apeebsiokuxecd"}
{"type":"log","timestamp":1725881460135,"level":"debug","message":"Skipping storing report.","meta":{"rootId":"ls39nw54439auiu","id":"lkowa9le26fe4dn"},"id":"8mvp29yc5kvis7d","previousOperationId":"3apeebsiokuxecd"}
{"type":"log","timestamp":1725881460135,"level":"info","message":"Rendering (child) request finished in 172 ms","meta":{"rootId":"ls39nw54439auiu","id":"lkowa9le26fe4dn"},"id":"0z6e3zncail79td","previousOperationId":"3apeebsiokuxecd"}
{"type":"operationEnd","subtype":"render","operationId":"7lnsytn7nm84nb2","timestamp":1725881460135,"id":"ri6bkxkwcj0cmov","previousEventId":"j5r9egx5o71sq22","previousOperationId":"3apeebsiokuxecd"}
{"type":"log","timestamp":1725881460154,"level":"debug","message":"xlsx successfully zipped","meta":{"rootId":"ls39nw54439auiu","id":"ls39nw54439auiu"},"id":"wl8yb7v06v8ru01","previousOperationId":"mkilx91qtliqs2o"}
{"type":"log","timestamp":1725881460154,"level":"info","message":"xlsx generation was finished","meta":{"rootId":"ls39nw54439auiu","id":"ls39nw54439auiu"},"id":"lx8ih0tbujqbs01","previousOperationId":"mkilx91qtliqs2o"}
{"type":"log","timestamp":1725881460154,"level":"debug","message":"preparing office preview","meta":{"rootId":"ls39nw54439auiu","id":"ls39nw54439auiu"},"id":"aba3twrhsyscizv","previousOperationId":"mkilx91qtliqs2o"}
{"type":"operationEnd","operationId":"mkilx91qtliqs2o","timestamp":1725881460589,"id":"9gj40egti8crxwf","previousEventId":"8128nk4lla46p23","previousOperationId":"mkilx91qtliqs2o"}
{"type":"log","timestamp":1725881460589,"level":"debug","message":"Skipping storing report.","meta":{"rootId":"ls39nw54439auiu","id":"ls39nw54439auiu"},"id":"javni816ks1oy4y","previousOperationId":"mkilx91qtliqs2o"}
{"type":"log","timestamp":1725881460589,"level":"info","message":"Rendering request 606 finished in 626 ms","meta":{"rootId":"ls39nw54439auiu","id":"ls39nw54439auiu"},"id":"b0423qo5ka77x59","previousOperationId":"mkilx91qtliqs2o"}
{"type":"operationEnd","subtype":"render","operationId":"zxb0t2u89awfaqr","timestamp":1725881460589,"id":"u9zv93kyqopjyh2","previousEventId":"9gj40egti8crxwf","previousOperationId":"mkilx91qtliqs2o"}
{"type":"operationEnd","doDiffs":false,"previousEventId":"je0eyybd1dzfbho","previousOperationId":"ptn2vyegcui6981","operationId":"ptn2vyegcui6981","timestamp":1725881460594,"id":"a3f37rhyqk2fjyi"}
