{"type":"operationStart","subtype":"profile","data":{"_id":"1X7WQhS7cdb7B6EQ","timestamp":"2024-09-10T03:20:47.425Z","state":"queued","mode":"standard","creationDate":"2024-09-10T03:20:47.427Z","modificationDate":"2024-09-10T03:20:47.427Z","shortid":"tcxndm4","inheritedReadPermissions":[],"inheritedEditPermissions":[],"$entitySet":"profiles"},"doDiffs":false,"timestamp":1725938447426,"id":"ye6fp89gdvq4tt4","previousOperationId":null,"operationId":"lr8eqshqcikensv"}
{"type":"log","level":"info","message":"Render request 6 queued for execution and waiting for available worker","previousOperationId":"lr8eqshqcikensv","timestamp":1725938447426,"id":"jzh6j6kfv8h7gzh"}
{"type":"operationStart","subtype":"render","name":"xlsx invoice","previousOperationId":"lr8eqshqcikensv","timestamp":1725938447434,"id":"l1mvznpidi3eaei","previousEventId":"ye6fp89gdvq4tt4","operationId":"cqodg1c8zpmp6h2"}
{"type":"log","timestamp":1725938447434,"level":"info","message":"Starting rendering request 6 (user: admin)","meta":{"rootId":"mabz4kfw14ny2z5","id":"mabz4kfw14ny2z5"},"id":"gvrq3n5lh1mj2f2","previousOperationId":"cqodg1c8zpmp6h2"}
{"type":"log","timestamp":1725938447434,"level":"info","message":"Rendering template { name: xlsx invoice, recipe: xlsx, engine: handlebars, preview: true }","meta":{"rootId":"mabz4kfw14ny2z5","id":"mabz4kfw14ny2z5"},"id":"uwzylda8q3035t2","previousOperationId":"cqodg1c8zpmp6h2"}
{"type":"log","timestamp":1725938447435,"level":"debug","message":"Adding sample data WZ580PjlR","meta":{"rootId":"mabz4kfw14ny2z5","id":"mabz4kfw14ny2z5"},"id":"af5ynnzpsqdbrz4","previousOperationId":"cqodg1c8zpmp6h2"}
{"type":"log","timestamp":1725938447437,"level":"debug","message":"Base url not specified, skipping its injection.","meta":{"rootId":"mabz4kfw14ny2z5","id":"mabz4kfw14ny2z5"},"id":"m5bqbh9xve1r77x","previousOperationId":"cqodg1c8zpmp6h2"}
{"type":"operationStart","subtype":"engine","name":"handlebars","timestamp":1725938447437,"id":"5itd082bu3r0edl","previousEventId":"l1mvznpidi3eaei","operationId":"kr40lzmjfg56nj1","previousOperationId":"cqodg1c8zpmp6h2"}
{"type":"log","timestamp":1725938447437,"level":"debug","message":"Rendering engine handlebars","meta":{"rootId":"mabz4kfw14ny2z5","id":"mabz4kfw14ny2z5"},"id":"05ucmf1nqxfqy3u","previousOperationId":"kr40lzmjfg56nj1"}
{"type":"operationEnd","operationId":"kr40lzmjfg56nj1","timestamp":1725938447445,"id":"ly5su03sw05rhxb","previousEventId":"5itd082bu3r0edl","previousOperationId":"kr40lzmjfg56nj1"}
{"type":"operationStart","subtype":"recipe","name":"xlsx","timestamp":1725938447445,"id":"ufvzeq3nr98lsr7","previousEventId":"ly5su03sw05rhxb","operationId":"9fn4rzlp44miw8o","previousOperationId":"kr40lzmjfg56nj1"}
{"type":"log","timestamp":1725938447445,"level":"debug","message":"Executing recipe xlsx","meta":{"rootId":"mabz4kfw14ny2z5","id":"mabz4kfw14ny2z5"},"id":"g8uneokzvtfxdul","previousOperationId":"9fn4rzlp44miw8o"}
{"type":"log","timestamp":1725938447446,"level":"info","message":"xlsx generation is starting","meta":{"rootId":"mabz4kfw14ny2z5","id":"mabz4kfw14ny2z5"},"id":"tq2k0v1iili08ot","previousOperationId":"9fn4rzlp44miw8o"}
{"type":"log","timestamp":1725938447471,"level":"debug","message":"Starting child request to render xlsx dynamic parts for generation step","meta":{"rootId":"mabz4kfw14ny2z5","id":"mabz4kfw14ny2z5"},"id":"7pr31qkg8rdxvt0","previousOperationId":"9fn4rzlp44miw8o"}
{"type":"operationStart","subtype":"render","name":"anonymous","previousOperationId":"9fn4rzlp44miw8o","timestamp":1725938447472,"id":"6j746mlz2v3gubd","previousEventId":"ufvzeq3nr98lsr7","operationId":"ies37fnpjpkrdg0"}
{"type":"log","timestamp":1725938447472,"level":"info","message":"Starting rendering (child) request (user: admin)","meta":{"rootId":"mabz4kfw14ny2z5","id":"ff3hug8hojajgv5"},"id":"759ktk5e2m0hirg","previousOperationId":"ies37fnpjpkrdg0"}
{"type":"log","timestamp":1725938447472,"level":"info","message":"Rendering anonymous template { recipe: html, engine: handlebars }","meta":{"rootId":"mabz4kfw14ny2z5","id":"ff3hug8hojajgv5"},"id":"rvclucrkbvfrtzg","previousOperationId":"ies37fnpjpkrdg0"}
{"type":"log","timestamp":1725938447472,"level":"debug","message":"Inline data specified.","meta":{"rootId":"mabz4kfw14ny2z5","id":"ff3hug8hojajgv5"},"id":"rv1d5rnv34vrrod","previousOperationId":"ies37fnpjpkrdg0"}
{"type":"log","timestamp":1725938447473,"level":"debug","message":"Base url not specified, skipping its injection.","meta":{"rootId":"mabz4kfw14ny2z5","id":"ff3hug8hojajgv5"},"id":"08u9x8qrc1xatuk","previousOperationId":"ies37fnpjpkrdg0"}
{"type":"operationStart","subtype":"engine","name":"handlebars","timestamp":1725938447473,"id":"ry3sebapuhms1l6","previousEventId":"6j746mlz2v3gubd","operationId":"r39znpzx00gu97q","previousOperationId":"ies37fnpjpkrdg0"}
{"type":"log","timestamp":1725938447473,"level":"debug","message":"Rendering engine handlebars","meta":{"rootId":"mabz4kfw14ny2z5","id":"ff3hug8hojajgv5"},"id":"1dmdd4h1juwei3j","previousOperationId":"r39znpzx00gu97q"}
{"type":"operationEnd","operationId":"r39znpzx00gu97q","timestamp":1725938447544,"id":"2cll0kerm818yr6","previousEventId":"ry3sebapuhms1l6","previousOperationId":"r39znpzx00gu97q"}
{"type":"operationStart","subtype":"recipe","name":"html","timestamp":1725938447544,"id":"akrivgo9sk6k4c5","previousEventId":"2cll0kerm818yr6","operationId":"uhqhuj91v1wwinc","previousOperationId":"r39znpzx00gu97q"}
{"type":"log","timestamp":1725938447544,"level":"debug","message":"Executing recipe html","meta":{"rootId":"mabz4kfw14ny2z5","id":"ff3hug8hojajgv5"},"id":"dl7q1xl88jtvweh","previousOperationId":"uhqhuj91v1wwinc"}
{"type":"operationEnd","operationId":"uhqhuj91v1wwinc","timestamp":1725938447544,"id":"t43xz5diycyku2n","previousEventId":"akrivgo9sk6k4c5","previousOperationId":"uhqhuj91v1wwinc"}
{"type":"log","timestamp":1725938447544,"level":"debug","message":"Skipping storing report.","meta":{"rootId":"mabz4kfw14ny2z5","id":"ff3hug8hojajgv5"},"id":"kfq0w2bwhstsi63","previousOperationId":"uhqhuj91v1wwinc"}
{"type":"log","timestamp":1725938447544,"level":"info","message":"Rendering (child) request finished in 120 ms","meta":{"rootId":"mabz4kfw14ny2z5","id":"ff3hug8hojajgv5"},"id":"unmi0wzrg15a006","previousOperationId":"uhqhuj91v1wwinc"}
{"type":"operationEnd","subtype":"render","operationId":"ies37fnpjpkrdg0","timestamp":1725938447544,"id":"68xi4angzhnupx5","previousEventId":"t43xz5diycyku2n","previousOperationId":"uhqhuj91v1wwinc"}
{"type":"log","timestamp":1725938447567,"level":"debug","message":"xlsx successfully zipped","meta":{"rootId":"mabz4kfw14ny2z5","id":"mabz4kfw14ny2z5"},"id":"3d6tm8ezao99xbh","previousOperationId":"9fn4rzlp44miw8o"}
{"type":"log","timestamp":1725938447567,"level":"info","message":"xlsx generation was finished","meta":{"rootId":"mabz4kfw14ny2z5","id":"mabz4kfw14ny2z5"},"id":"7pjn8dmqqc613xh","previousOperationId":"9fn4rzlp44miw8o"}
{"type":"log","timestamp":1725938447567,"level":"debug","message":"preparing office preview","meta":{"rootId":"mabz4kfw14ny2z5","id":"mabz4kfw14ny2z5"},"id":"h4ze0uxyye3qkco","previousOperationId":"9fn4rzlp44miw8o"}
{"type":"operationEnd","operationId":"9fn4rzlp44miw8o","timestamp":1725938447962,"id":"tme30ut3hverfjt","previousEventId":"ufvzeq3nr98lsr7","previousOperationId":"9fn4rzlp44miw8o"}
{"type":"log","timestamp":1725938447962,"level":"debug","message":"Skipping storing report.","meta":{"rootId":"mabz4kfw14ny2z5","id":"mabz4kfw14ny2z5"},"id":"6zvs2k6jnhfnm8n","previousOperationId":"9fn4rzlp44miw8o"}
{"type":"log","timestamp":1725938447962,"level":"info","message":"Rendering request 6 finished in 538 ms","meta":{"rootId":"mabz4kfw14ny2z5","id":"mabz4kfw14ny2z5"},"id":"ylkikxldxuokiyr","previousOperationId":"9fn4rzlp44miw8o"}
{"type":"operationEnd","subtype":"render","operationId":"cqodg1c8zpmp6h2","timestamp":1725938447963,"id":"o0z8rgkki2tsztp","previousEventId":"tme30ut3hverfjt","previousOperationId":"9fn4rzlp44miw8o"}
{"type":"operationEnd","doDiffs":false,"previousEventId":"ye6fp89gdvq4tt4","previousOperationId":"lr8eqshqcikensv","operationId":"lr8eqshqcikensv","timestamp":1725938447966,"id":"5h48dhqux61mqu7"}
