{"type":"operationStart","subtype":"profile","data":{"_id":"UCBQdqKGhucfPwwY","timestamp":"2024-09-09T12:20:45.647Z","state":"queued","mode":"standard","creationDate":"2024-09-09T12:20:45.650Z","modificationDate":"2024-09-09T12:20:45.650Z","shortid":"GTnacLo","inheritedReadPermissions":[],"inheritedEditPermissions":[],"$entitySet":"profiles"},"doDiffs":false,"timestamp":1725884445649,"id":"z93ur44iwjmmj2n","previousOperationId":null,"operationId":"844sl1vkm67m9k4"}
{"type":"log","level":"info","message":"Render request 633 queued for execution and waiting for available worker","previousOperationId":"844sl1vkm67m9k4","timestamp":1725884445649,"id":"5e4socwzj1wv17z"}
{"type":"operationStart","subtype":"render","name":"xlsx invoice","previousOperationId":"844sl1vkm67m9k4","timestamp":1725884445663,"id":"ocnm19x5dy2f0ra","previousEventId":"z93ur44iwjmmj2n","operationId":"f2alah5rmzqqbj7"}
{"type":"log","timestamp":1725884445663,"level":"info","message":"Starting rendering request 633 (user: admin)","meta":{"rootId":"nz0j6qe2jfjz29q","id":"nz0j6qe2jfjz29q"},"id":"hf4y5yg0kdazyls","previousOperationId":"f2alah5rmzqqbj7"}
{"type":"log","timestamp":1725884445663,"level":"info","message":"Rendering template { name: xlsx invoice, recipe: xlsx, engine: handlebars, preview: true }","meta":{"rootId":"nz0j6qe2jfjz29q","id":"nz0j6qe2jfjz29q"},"id":"916ivuebhr8uwyi","previousOperationId":"f2alah5rmzqqbj7"}
{"type":"log","timestamp":1725884445664,"level":"debug","message":"Inline data specified.","meta":{"rootId":"nz0j6qe2jfjz29q","id":"nz0j6qe2jfjz29q"},"id":"2xmkj5xg2drb2so","previousOperationId":"f2alah5rmzqqbj7"}
{"type":"log","timestamp":1725884445667,"level":"debug","message":"Base url not specified, skipping its injection.","meta":{"rootId":"nz0j6qe2jfjz29q","id":"nz0j6qe2jfjz29q"},"id":"9xb8nv5d1q0tbl1","previousOperationId":"f2alah5rmzqqbj7"}
{"type":"operationStart","subtype":"engine","name":"handlebars","timestamp":1725884445667,"id":"1m1sxawq9zrjohg","previousEventId":"ocnm19x5dy2f0ra","operationId":"axq76ke62bxg1p0","previousOperationId":"f2alah5rmzqqbj7"}
{"type":"log","timestamp":1725884445667,"level":"debug","message":"Rendering engine handlebars","meta":{"rootId":"nz0j6qe2jfjz29q","id":"nz0j6qe2jfjz29q"},"id":"653ain44hdtc4er","previousOperationId":"axq76ke62bxg1p0"}
{"type":"operationEnd","operationId":"axq76ke62bxg1p0","timestamp":1725884445678,"id":"pkmncapuyyrgatg","previousEventId":"1m1sxawq9zrjohg","previousOperationId":"axq76ke62bxg1p0"}
{"type":"operationStart","subtype":"recipe","name":"xlsx","timestamp":1725884445678,"id":"9ktc6f8plvu6ib7","previousEventId":"pkmncapuyyrgatg","operationId":"9rryjen3wgxmh5g","previousOperationId":"axq76ke62bxg1p0"}
{"type":"log","timestamp":1725884445678,"level":"debug","message":"Executing recipe xlsx","meta":{"rootId":"nz0j6qe2jfjz29q","id":"nz0j6qe2jfjz29q"},"id":"bsbxbirhq7rhc4q","previousOperationId":"9rryjen3wgxmh5g"}
{"type":"log","timestamp":1725884445680,"level":"info","message":"xlsx generation is starting","meta":{"rootId":"nz0j6qe2jfjz29q","id":"nz0j6qe2jfjz29q"},"id":"j7g8khju2y5omfo","previousOperationId":"9rryjen3wgxmh5g"}
{"type":"log","timestamp":1725884445727,"level":"debug","message":"Starting child request to render xlsx dynamic parts for generation step","meta":{"rootId":"nz0j6qe2jfjz29q","id":"nz0j6qe2jfjz29q"},"id":"g5aswrmw5l0vntj","previousOperationId":"9rryjen3wgxmh5g"}
{"type":"operationStart","subtype":"render","name":"anonymous","previousOperationId":"9rryjen3wgxmh5g","timestamp":1725884445727,"id":"wbgu84hw4c4kwdm","previousEventId":"9ktc6f8plvu6ib7","operationId":"dd7ntkywli1wf5c"}
{"type":"log","timestamp":1725884445727,"level":"info","message":"Starting rendering (child) request (user: admin)","meta":{"rootId":"nz0j6qe2jfjz29q","id":"wljyakairgnxna8"},"id":"k4fjjuqyze5n9o7","previousOperationId":"dd7ntkywli1wf5c"}
{"type":"log","timestamp":1725884445728,"level":"info","message":"Rendering anonymous template { recipe: html, engine: handlebars }","meta":{"rootId":"nz0j6qe2jfjz29q","id":"wljyakairgnxna8"},"id":"6fjfev7qvoar6rz","previousOperationId":"dd7ntkywli1wf5c"}
{"type":"log","timestamp":1725884445728,"level":"debug","message":"Inline data specified.","meta":{"rootId":"nz0j6qe2jfjz29q","id":"wljyakairgnxna8"},"id":"jvl9176eqiwzbdg","previousOperationId":"dd7ntkywli1wf5c"}
{"type":"log","timestamp":1725884445729,"level":"debug","message":"Base url not specified, skipping its injection.","meta":{"rootId":"nz0j6qe2jfjz29q","id":"wljyakairgnxna8"},"id":"ae0gagygwqocbio","previousOperationId":"dd7ntkywli1wf5c"}
{"type":"operationStart","subtype":"engine","name":"handlebars","timestamp":1725884445729,"id":"duqs13qyyqv22x1","previousEventId":"wbgu84hw4c4kwdm","operationId":"dbxqp0a2cr5xmf0","previousOperationId":"dd7ntkywli1wf5c"}
{"type":"log","timestamp":1725884445729,"level":"debug","message":"Rendering engine handlebars","meta":{"rootId":"nz0j6qe2jfjz29q","id":"wljyakairgnxna8"},"id":"3ul5uhi9ig381va","previousOperationId":"dbxqp0a2cr5xmf0"}
{"type":"operationEnd","operationId":"dbxqp0a2cr5xmf0","timestamp":1725884445829,"id":"einycjl8tjy72hr","previousEventId":"duqs13qyyqv22x1","previousOperationId":"dbxqp0a2cr5xmf0"}
{"type":"operationStart","subtype":"recipe","name":"html","timestamp":1725884445832,"id":"qes4unsbfxopt3r","previousEventId":"einycjl8tjy72hr","operationId":"vgufjp3mymhkkz9","previousOperationId":"dbxqp0a2cr5xmf0"}
{"type":"log","timestamp":1725884445833,"level":"debug","message":"Executing recipe html","meta":{"rootId":"nz0j6qe2jfjz29q","id":"wljyakairgnxna8"},"id":"u6knnp1d1hn7lo1","previousOperationId":"vgufjp3mymhkkz9"}
{"type":"operationEnd","operationId":"vgufjp3mymhkkz9","timestamp":1725884445833,"id":"utbd7w53z7ymqz5","previousEventId":"qes4unsbfxopt3r","previousOperationId":"vgufjp3mymhkkz9"}
{"type":"log","timestamp":1725884445833,"level":"debug","message":"Skipping storing report.","meta":{"rootId":"nz0j6qe2jfjz29q","id":"wljyakairgnxna8"},"id":"jah7btgm8malno4","previousOperationId":"vgufjp3mymhkkz9"}
{"type":"log","timestamp":1725884445833,"level":"info","message":"Rendering (child) request finished in 186 ms","meta":{"rootId":"nz0j6qe2jfjz29q","id":"wljyakairgnxna8"},"id":"5j6ywbomam22gks","previousOperationId":"vgufjp3mymhkkz9"}
{"type":"operationEnd","subtype":"render","operationId":"dd7ntkywli1wf5c","timestamp":1725884445833,"id":"513dxnjjnu5qndo","previousEventId":"utbd7w53z7ymqz5","previousOperationId":"vgufjp3mymhkkz9"}
{"type":"log","timestamp":1725884445875,"level":"debug","message":"xlsx successfully zipped","meta":{"rootId":"nz0j6qe2jfjz29q","id":"nz0j6qe2jfjz29q"},"id":"3qa42xcufu2ub5e","previousOperationId":"9rryjen3wgxmh5g"}
{"type":"log","timestamp":1725884445875,"level":"info","message":"xlsx generation was finished","meta":{"rootId":"nz0j6qe2jfjz29q","id":"nz0j6qe2jfjz29q"},"id":"u1tl97u4qd6yik4","previousOperationId":"9rryjen3wgxmh5g"}
{"type":"log","timestamp":1725884445875,"level":"debug","message":"preparing office preview","meta":{"rootId":"nz0j6qe2jfjz29q","id":"nz0j6qe2jfjz29q"},"id":"mv0edl2yi3sfjf6","previousOperationId":"9rryjen3wgxmh5g"}
{"type":"operationEnd","operationId":"9rryjen3wgxmh5g","timestamp":1725884446278,"id":"o8dzas1vmprkke3","previousEventId":"9ktc6f8plvu6ib7","previousOperationId":"9rryjen3wgxmh5g"}
{"type":"log","timestamp":1725884446278,"level":"debug","message":"Skipping storing report.","meta":{"rootId":"nz0j6qe2jfjz29q","id":"nz0j6qe2jfjz29q"},"id":"chwezd6j132p8ak","previousOperationId":"9rryjen3wgxmh5g"}
{"type":"log","timestamp":1725884446278,"level":"info","message":"Rendering request 633 finished in 631 ms","meta":{"rootId":"nz0j6qe2jfjz29q","id":"nz0j6qe2jfjz29q"},"id":"sbsz3a55ssjw9fk","previousOperationId":"9rryjen3wgxmh5g"}
{"type":"operationEnd","subtype":"render","operationId":"f2alah5rmzqqbj7","timestamp":1725884446278,"id":"ps597urz03ahugd","previousEventId":"o8dzas1vmprkke3","previousOperationId":"9rryjen3wgxmh5g"}
{"type":"operationEnd","doDiffs":false,"previousEventId":"z93ur44iwjmmj2n","previousOperationId":"844sl1vkm67m9k4","operationId":"844sl1vkm67m9k4","timestamp":1725884446281,"id":"pp86gl9xlesv8bf"}
