{"type":"operationStart","subtype":"profile","data":{"_id":"5fCyaFOQFAjhWocd","timestamp":"2024-09-09T11:54:37.408Z","state":"queued","mode":"standard","creationDate":"2024-09-09T11:54:37.410Z","modificationDate":"2024-09-09T11:54:37.410Z","shortid":"5uREg5d","inheritedReadPermissions":[],"inheritedEditPermissions":[],"$entitySet":"profiles"},"doDiffs":false,"timestamp":1725882877409,"id":"hiem49cfzhjaduc","previousOperationId":null,"operationId":"a6ceotd7t5hbmy1"}
{"type":"log","level":"info","message":"Render request 616 queued for execution and waiting for available worker","previousOperationId":"a6ceotd7t5hbmy1","timestamp":1725882877409,"id":"iy36m8r49pk37bg"}
{"type":"operationStart","subtype":"render","name":"xlsx invoice","previousOperationId":"a6ceotd7t5hbmy1","timestamp":1725882877417,"id":"1q7onxhcbhkuqch","previousEventId":"hiem49cfzhjaduc","operationId":"69yxcfkj2bm0hs7"}
{"type":"log","timestamp":1725882877417,"level":"info","message":"Starting rendering request 616 (user: admin)","meta":{"rootId":"o4ssfbpcjee9oc0","id":"o4ssfbpcjee9oc0"},"id":"1vjacw0pqckber5","previousOperationId":"69yxcfkj2bm0hs7"}
{"type":"log","timestamp":1725882877417,"level":"info","message":"Rendering template { name: xlsx invoice, recipe: xlsx, engine: handlebars, preview: true }","meta":{"rootId":"o4ssfbpcjee9oc0","id":"o4ssfbpcjee9oc0"},"id":"f2le99bj2rmmgya","previousOperationId":"69yxcfkj2bm0hs7"}
{"type":"log","timestamp":1725882877419,"level":"debug","message":"Adding sample data WZ580PjlR","meta":{"rootId":"o4ssfbpcjee9oc0","id":"o4ssfbpcjee9oc0"},"id":"rfinztl7hyvqmhi","previousOperationId":"69yxcfkj2bm0hs7"}
{"type":"log","timestamp":1725882877421,"level":"debug","message":"Base url not specified, skipping its injection.","meta":{"rootId":"o4ssfbpcjee9oc0","id":"o4ssfbpcjee9oc0"},"id":"4vtu9bwpdpv70tt","previousOperationId":"69yxcfkj2bm0hs7"}
{"type":"operationStart","subtype":"engine","name":"handlebars","timestamp":1725882877421,"id":"x242a19uwfknyh6","previousEventId":"1q7onxhcbhkuqch","operationId":"1dcucquc3jnuy6f","previousOperationId":"69yxcfkj2bm0hs7"}
{"type":"log","timestamp":1725882877421,"level":"debug","message":"Rendering engine handlebars","meta":{"rootId":"o4ssfbpcjee9oc0","id":"o4ssfbpcjee9oc0"},"id":"f2hkao9w1bdmzib","previousOperationId":"1dcucquc3jnuy6f"}
{"type":"operationEnd","operationId":"1dcucquc3jnuy6f","timestamp":1725882877429,"id":"72fb00i4mnnc1fr","previousEventId":"x242a19uwfknyh6","previousOperationId":"1dcucquc3jnuy6f"}
{"type":"operationStart","subtype":"recipe","name":"xlsx","timestamp":1725882877429,"id":"cjc38y26r1rfqxl","previousEventId":"72fb00i4mnnc1fr","operationId":"exb694746g10q2x","previousOperationId":"1dcucquc3jnuy6f"}
{"type":"log","timestamp":1725882877429,"level":"debug","message":"Executing recipe xlsx","meta":{"rootId":"o4ssfbpcjee9oc0","id":"o4ssfbpcjee9oc0"},"id":"7sstenssx85s9fw","previousOperationId":"exb694746g10q2x"}
{"type":"log","timestamp":1725882877430,"level":"info","message":"xlsx generation is starting","meta":{"rootId":"o4ssfbpcjee9oc0","id":"o4ssfbpcjee9oc0"},"id":"g4s9kfhnh6ff4is","previousOperationId":"exb694746g10q2x"}
{"type":"log","timestamp":1725882877458,"level":"debug","message":"Starting child request to render xlsx dynamic parts for generation step","meta":{"rootId":"o4ssfbpcjee9oc0","id":"o4ssfbpcjee9oc0"},"id":"qnoyp46nxed5646","previousOperationId":"exb694746g10q2x"}
{"type":"operationStart","subtype":"render","name":"anonymous","previousOperationId":"exb694746g10q2x","timestamp":1725882877458,"id":"jn2ume2bf7addus","previousEventId":"cjc38y26r1rfqxl","operationId":"jdt3hit20619yps"}
{"type":"log","timestamp":1725882877458,"level":"info","message":"Starting rendering (child) request (user: admin)","meta":{"rootId":"o4ssfbpcjee9oc0","id":"ckfkgll4tou8p6f"},"id":"lgfttcuthqrrvbw","previousOperationId":"jdt3hit20619yps"}
{"type":"log","timestamp":1725882877458,"level":"info","message":"Rendering anonymous template { recipe: html, engine: handlebars }","meta":{"rootId":"o4ssfbpcjee9oc0","id":"ckfkgll4tou8p6f"},"id":"11clbiidkjfkup8","previousOperationId":"jdt3hit20619yps"}
{"type":"log","timestamp":1725882877459,"level":"debug","message":"Inline data specified.","meta":{"rootId":"o4ssfbpcjee9oc0","id":"ckfkgll4tou8p6f"},"id":"1nk6k6mcptk5a15","previousOperationId":"jdt3hit20619yps"}
{"type":"log","timestamp":1725882877460,"level":"debug","message":"Base url not specified, skipping its injection.","meta":{"rootId":"o4ssfbpcjee9oc0","id":"ckfkgll4tou8p6f"},"id":"59l477gzjfo9q9k","previousOperationId":"jdt3hit20619yps"}
{"type":"operationStart","subtype":"engine","name":"handlebars","timestamp":1725882877460,"id":"wciyuo3fspfe1uk","previousEventId":"jn2ume2bf7addus","operationId":"9p6kqygnnps8txg","previousOperationId":"jdt3hit20619yps"}
{"type":"log","timestamp":1725882877460,"level":"debug","message":"Rendering engine handlebars","meta":{"rootId":"o4ssfbpcjee9oc0","id":"ckfkgll4tou8p6f"},"id":"anou729ev6lfavi","previousOperationId":"9p6kqygnnps8txg"}
{"type":"operationEnd","operationId":"9p6kqygnnps8txg","timestamp":1725882877524,"id":"6g1a6u84ymxm5pv","previousEventId":"wciyuo3fspfe1uk","previousOperationId":"9p6kqygnnps8txg"}
{"type":"operationStart","subtype":"recipe","name":"html","timestamp":1725882877524,"id":"7rfvq72541i4pfn","previousEventId":"6g1a6u84ymxm5pv","operationId":"iotbsftqkzrtowj","previousOperationId":"9p6kqygnnps8txg"}
{"type":"log","timestamp":1725882877524,"level":"debug","message":"Executing recipe html","meta":{"rootId":"o4ssfbpcjee9oc0","id":"ckfkgll4tou8p6f"},"id":"9d6m9c48xyxl1xn","previousOperationId":"iotbsftqkzrtowj"}
{"type":"operationEnd","operationId":"iotbsftqkzrtowj","timestamp":1725882877524,"id":"edmcmb9qy9gvvhm","previousEventId":"7rfvq72541i4pfn","previousOperationId":"iotbsftqkzrtowj"}
{"type":"log","timestamp":1725882877524,"level":"debug","message":"Skipping storing report.","meta":{"rootId":"o4ssfbpcjee9oc0","id":"ckfkgll4tou8p6f"},"id":"55wqzhm1gpx77wb","previousOperationId":"iotbsftqkzrtowj"}
{"type":"log","timestamp":1725882877524,"level":"info","message":"Rendering (child) request finished in 116 ms","meta":{"rootId":"o4ssfbpcjee9oc0","id":"ckfkgll4tou8p6f"},"id":"ivxyy0vmco2bapo","previousOperationId":"iotbsftqkzrtowj"}
{"type":"operationEnd","subtype":"render","operationId":"jdt3hit20619yps","timestamp":1725882877524,"id":"y7mraw6n4g7q7ey","previousEventId":"edmcmb9qy9gvvhm","previousOperationId":"iotbsftqkzrtowj"}
{"type":"log","timestamp":1725882877552,"level":"debug","message":"xlsx successfully zipped","meta":{"rootId":"o4ssfbpcjee9oc0","id":"o4ssfbpcjee9oc0"},"id":"4ey9odxea1p0813","previousOperationId":"exb694746g10q2x"}
{"type":"log","timestamp":1725882877552,"level":"info","message":"xlsx generation was finished","meta":{"rootId":"o4ssfbpcjee9oc0","id":"o4ssfbpcjee9oc0"},"id":"9w9zc1gq8yx6dvz","previousOperationId":"exb694746g10q2x"}
{"type":"log","timestamp":1725882877552,"level":"debug","message":"preparing office preview","meta":{"rootId":"o4ssfbpcjee9oc0","id":"o4ssfbpcjee9oc0"},"id":"bweywk75u8dnrve","previousOperationId":"exb694746g10q2x"}
{"type":"operationEnd","operationId":"exb694746g10q2x","timestamp":1725882877947,"id":"tjzviah7o0vci6i","previousEventId":"cjc38y26r1rfqxl","previousOperationId":"exb694746g10q2x"}
{"type":"log","timestamp":1725882877947,"level":"debug","message":"Skipping storing report.","meta":{"rootId":"o4ssfbpcjee9oc0","id":"o4ssfbpcjee9oc0"},"id":"pjjpfvtutg9fovd","previousOperationId":"exb694746g10q2x"}
{"type":"log","timestamp":1725882877947,"level":"info","message":"Rendering request 616 finished in 539 ms","meta":{"rootId":"o4ssfbpcjee9oc0","id":"o4ssfbpcjee9oc0"},"id":"qmsnqw1wt0p5hko","previousOperationId":"exb694746g10q2x"}
{"type":"operationEnd","subtype":"render","operationId":"69yxcfkj2bm0hs7","timestamp":1725882877947,"id":"pcj7mwy78qxciv1","previousEventId":"tjzviah7o0vci6i","previousOperationId":"exb694746g10q2x"}
{"type":"operationEnd","doDiffs":false,"previousEventId":"hiem49cfzhjaduc","previousOperationId":"a6ceotd7t5hbmy1","operationId":"a6ceotd7t5hbmy1","timestamp":1725882877949,"id":"2lf26e9uaqvriym"}
