{"type":"operationStart","subtype":"profile","data":{"_id":"W4BG9pTpLAuMzZxl","timestamp":"2024-09-09T12:05:51.146Z","state":"queued","mode":"standard","creationDate":"2024-09-09T12:05:51.148Z","modificationDate":"2024-09-09T12:05:51.148Z","shortid":"y5Q7GKq","inheritedReadPermissions":[],"inheritedEditPermissions":[],"$entitySet":"profiles"},"doDiffs":false,"timestamp":1725883551148,"id":"jciaen6vogthfqi","previousOperationId":null,"operationId":"uihuu6s5orwmw26"}
{"type":"log","level":"info","message":"Render request 623 queued for execution and waiting for available worker","previousOperationId":"uihuu6s5orwmw26","timestamp":1725883551148,"id":"alxyvw2vas2gjf6"}
{"type":"operationStart","subtype":"render","name":"xlsx invoice","previousOperationId":"uihuu6s5orwmw26","timestamp":1725883551157,"id":"jt6gcdugxwp8ufv","previousEventId":"jciaen6vogthfqi","operationId":"6aaln7grycr4hfl"}
{"type":"log","timestamp":1725883551158,"level":"info","message":"Starting rendering request 623 (user: admin)","meta":{"rootId":"pik1r8gylat2g13","id":"pik1r8gylat2g13"},"id":"yrk2cnc71mqwhg8","previousOperationId":"6aaln7grycr4hfl"}
{"type":"log","timestamp":1725883551158,"level":"info","message":"Rendering template { name: xlsx invoice, recipe: xlsx, engine: handlebars, preview: true }","meta":{"rootId":"pik1r8gylat2g13","id":"pik1r8gylat2g13"},"id":"0x5lpvsbwovxqpi","previousOperationId":"6aaln7grycr4hfl"}
{"type":"log","timestamp":1725883551158,"level":"debug","message":"Inline data specified.","meta":{"rootId":"pik1r8gylat2g13","id":"pik1r8gylat2g13"},"id":"qa0x5yi48z8uw0u","previousOperationId":"6aaln7grycr4hfl"}
{"type":"log","timestamp":1725883551159,"level":"debug","message":"Base url not specified, skipping its injection.","meta":{"rootId":"pik1r8gylat2g13","id":"pik1r8gylat2g13"},"id":"04k3hfuvv24fnqd","previousOperationId":"6aaln7grycr4hfl"}
{"type":"operationStart","subtype":"engine","name":"handlebars","timestamp":1725883551160,"id":"8lq1wtgvd0lpl1n","previousEventId":"jt6gcdugxwp8ufv","operationId":"8q8lrsvjlczwq5c","previousOperationId":"6aaln7grycr4hfl"}
{"type":"log","timestamp":1725883551160,"level":"debug","message":"Rendering engine handlebars","meta":{"rootId":"pik1r8gylat2g13","id":"pik1r8gylat2g13"},"id":"mv8bez5zj2bbg8e","previousOperationId":"8q8lrsvjlczwq5c"}
{"type":"operationEnd","operationId":"8q8lrsvjlczwq5c","timestamp":1725883551169,"id":"g4s8ny8xda1c408","previousEventId":"8lq1wtgvd0lpl1n","previousOperationId":"8q8lrsvjlczwq5c"}
{"type":"operationStart","subtype":"recipe","name":"xlsx","timestamp":1725883551169,"id":"vf39av3k39r8s8b","previousEventId":"g4s8ny8xda1c408","operationId":"h4spzvtpu7kw9oo","previousOperationId":"8q8lrsvjlczwq5c"}
{"type":"log","timestamp":1725883551169,"level":"debug","message":"Executing recipe xlsx","meta":{"rootId":"pik1r8gylat2g13","id":"pik1r8gylat2g13"},"id":"b708qmxm89ve2q3","previousOperationId":"h4spzvtpu7kw9oo"}
{"type":"log","timestamp":1725883551170,"level":"info","message":"xlsx generation is starting","meta":{"rootId":"pik1r8gylat2g13","id":"pik1r8gylat2g13"},"id":"1wrluw0gaevtzlz","previousOperationId":"h4spzvtpu7kw9oo"}
{"type":"log","timestamp":1725883551205,"level":"debug","message":"Starting child request to render xlsx dynamic parts for generation step","meta":{"rootId":"pik1r8gylat2g13","id":"pik1r8gylat2g13"},"id":"vlo6pe65hbe1ec1","previousOperationId":"h4spzvtpu7kw9oo"}
{"type":"operationStart","subtype":"render","name":"anonymous","previousOperationId":"h4spzvtpu7kw9oo","timestamp":1725883551206,"id":"mvwxydcsnpkyjot","previousEventId":"vf39av3k39r8s8b","operationId":"2fiaasizonr2oa3"}
{"type":"log","timestamp":1725883551206,"level":"info","message":"Starting rendering (child) request (user: admin)","meta":{"rootId":"pik1r8gylat2g13","id":"ctv2ddqy0s3vwvv"},"id":"vh1vus1lfamv9qh","previousOperationId":"2fiaasizonr2oa3"}
{"type":"log","timestamp":1725883551206,"level":"info","message":"Rendering anonymous template { recipe: html, engine: handlebars }","meta":{"rootId":"pik1r8gylat2g13","id":"ctv2ddqy0s3vwvv"},"id":"7v6m4hxtitsd7k3","previousOperationId":"2fiaasizonr2oa3"}
{"type":"log","timestamp":1725883551206,"level":"debug","message":"Inline data specified.","meta":{"rootId":"pik1r8gylat2g13","id":"ctv2ddqy0s3vwvv"},"id":"87ka6d3pg5o8hcd","previousOperationId":"2fiaasizonr2oa3"}
{"type":"log","timestamp":1725883551215,"level":"debug","message":"Base url not specified, skipping its injection.","meta":{"rootId":"pik1r8gylat2g13","id":"ctv2ddqy0s3vwvv"},"id":"9ih9v3xufzevk74","previousOperationId":"2fiaasizonr2oa3"}
{"type":"operationStart","subtype":"engine","name":"handlebars","timestamp":1725883551215,"id":"xfxz7itq7oc3f6v","previousEventId":"mvwxydcsnpkyjot","operationId":"e0iqjj2glqdugt9","previousOperationId":"2fiaasizonr2oa3"}
{"type":"log","timestamp":1725883551215,"level":"debug","message":"Rendering engine handlebars","meta":{"rootId":"pik1r8gylat2g13","id":"ctv2ddqy0s3vwvv"},"id":"rra4mik6bjfik00","previousOperationId":"e0iqjj2glqdugt9"}
{"type":"operationEnd","operationId":"e0iqjj2glqdugt9","timestamp":1725883551282,"id":"q96z8phelb36eh3","previousEventId":"xfxz7itq7oc3f6v","previousOperationId":"e0iqjj2glqdugt9"}
{"type":"operationStart","subtype":"recipe","name":"html","timestamp":1725883551283,"id":"0t2v09eo1bvefjb","previousEventId":"q96z8phelb36eh3","operationId":"1gj5ercbumj1fhw","previousOperationId":"e0iqjj2glqdugt9"}
{"type":"log","timestamp":1725883551283,"level":"debug","message":"Executing recipe html","meta":{"rootId":"pik1r8gylat2g13","id":"ctv2ddqy0s3vwvv"},"id":"430stkqftlnceng","previousOperationId":"1gj5ercbumj1fhw"}
{"type":"operationEnd","operationId":"1gj5ercbumj1fhw","timestamp":1725883551283,"id":"9ziay0d06kkg3pk","previousEventId":"0t2v09eo1bvefjb","previousOperationId":"1gj5ercbumj1fhw"}
{"type":"log","timestamp":1725883551283,"level":"debug","message":"Skipping storing report.","meta":{"rootId":"pik1r8gylat2g13","id":"ctv2ddqy0s3vwvv"},"id":"w8nmim0zsaxc391","previousOperationId":"1gj5ercbumj1fhw"}
{"type":"log","timestamp":1725883551283,"level":"info","message":"Rendering (child) request finished in 137 ms","meta":{"rootId":"pik1r8gylat2g13","id":"ctv2ddqy0s3vwvv"},"id":"vasmw3fmva4uo6s","previousOperationId":"1gj5ercbumj1fhw"}
{"type":"operationEnd","subtype":"render","operationId":"2fiaasizonr2oa3","timestamp":1725883551283,"id":"e5v9a39b7mp6mtt","previousEventId":"9ziay0d06kkg3pk","previousOperationId":"1gj5ercbumj1fhw"}
{"type":"log","timestamp":1725883551305,"level":"debug","message":"xlsx successfully zipped","meta":{"rootId":"pik1r8gylat2g13","id":"pik1r8gylat2g13"},"id":"cowe9m85piky4x7","previousOperationId":"h4spzvtpu7kw9oo"}
{"type":"log","timestamp":1725883551305,"level":"info","message":"xlsx generation was finished","meta":{"rootId":"pik1r8gylat2g13","id":"pik1r8gylat2g13"},"id":"xkvyttuq3747y9w","previousOperationId":"h4spzvtpu7kw9oo"}
{"type":"log","timestamp":1725883551305,"level":"debug","message":"preparing office preview","meta":{"rootId":"pik1r8gylat2g13","id":"pik1r8gylat2g13"},"id":"3h5ox7oo7td1pg1","previousOperationId":"h4spzvtpu7kw9oo"}
{"type":"operationEnd","operationId":"h4spzvtpu7kw9oo","timestamp":1725883551701,"id":"8jb2mf5fvis96l7","previousEventId":"vf39av3k39r8s8b","previousOperationId":"h4spzvtpu7kw9oo"}
{"type":"log","timestamp":1725883551701,"level":"debug","message":"Skipping storing report.","meta":{"rootId":"pik1r8gylat2g13","id":"pik1r8gylat2g13"},"id":"qxou81jy61unqwi","previousOperationId":"h4spzvtpu7kw9oo"}
{"type":"log","timestamp":1725883551701,"level":"info","message":"Rendering request 623 finished in 555 ms","meta":{"rootId":"pik1r8gylat2g13","id":"pik1r8gylat2g13"},"id":"0gvr66ipxqhrkgo","previousOperationId":"h4spzvtpu7kw9oo"}
{"type":"operationEnd","subtype":"render","operationId":"6aaln7grycr4hfl","timestamp":1725883551701,"id":"h44fra643lghkq5","previousEventId":"8jb2mf5fvis96l7","previousOperationId":"h4spzvtpu7kw9oo"}
{"type":"operationEnd","doDiffs":false,"previousEventId":"jciaen6vogthfqi","previousOperationId":"uihuu6s5orwmw26","operationId":"uihuu6s5orwmw26","timestamp":1725883551705,"id":"dyg75k15xg0c3qu"}
