{"type":"operationStart","subtype":"profile","data":{"_id":"72bqOojSL6YsZhsH","timestamp":"2024-09-09T11:51:13.020Z","state":"queued","mode":"standard","creationDate":"2024-09-09T11:51:13.022Z","modificationDate":"2024-09-09T11:51:13.022Z","shortid":"nrRFcHx","inheritedReadPermissions":[],"inheritedEditPermissions":[],"$entitySet":"profiles"},"doDiffs":false,"timestamp":1725882673021,"id":"lxt3x3vq6cbhhc8","previousOperationId":null,"operationId":"5gd4eovprguo11y"}
{"type":"log","level":"info","message":"Render request 615 queued for execution and waiting for available worker","previousOperationId":"5gd4eovprguo11y","timestamp":1725882673021,"id":"2x3kbuvcosmvuwz"}
{"type":"operationStart","subtype":"render","name":"xlsx invoice","previousOperationId":"5gd4eovprguo11y","timestamp":1725882673030,"id":"6hl9rxhmzgamujd","previousEventId":"lxt3x3vq6cbhhc8","operationId":"oa9919j5ukl46cx"}
{"type":"log","timestamp":1725882673030,"level":"info","message":"Starting rendering request 615 (user: admin)","meta":{"rootId":"pj1qpm49sk8w2ut","id":"pj1qpm49sk8w2ut"},"id":"a2ll51uh2t9p9dq","previousOperationId":"oa9919j5ukl46cx"}
{"type":"log","timestamp":1725882673030,"level":"info","message":"Rendering template { name: xlsx invoice, recipe: xlsx, engine: handlebars, preview: true }","meta":{"rootId":"pj1qpm49sk8w2ut","id":"pj1qpm49sk8w2ut"},"id":"nelxzrwjbdfaux5","previousOperationId":"oa9919j5ukl46cx"}
{"type":"log","timestamp":1725882673031,"level":"debug","message":"Inline data specified.","meta":{"rootId":"pj1qpm49sk8w2ut","id":"pj1qpm49sk8w2ut"},"id":"24vv1gml5p9bnjg","previousOperationId":"oa9919j5ukl46cx"}
{"type":"log","timestamp":1725882673033,"level":"debug","message":"Base url not specified, skipping its injection.","meta":{"rootId":"pj1qpm49sk8w2ut","id":"pj1qpm49sk8w2ut"},"id":"ul63y64obro9552","previousOperationId":"oa9919j5ukl46cx"}
{"type":"operationStart","subtype":"engine","name":"handlebars","timestamp":1725882673033,"id":"kgmnwzpgyb72uyn","previousEventId":"6hl9rxhmzgamujd","operationId":"ca7auv0lnipbg3b","previousOperationId":"oa9919j5ukl46cx"}
{"type":"log","timestamp":1725882673033,"level":"debug","message":"Rendering engine handlebars","meta":{"rootId":"pj1qpm49sk8w2ut","id":"pj1qpm49sk8w2ut"},"id":"v3yzy9k1tn5zcp4","previousOperationId":"ca7auv0lnipbg3b"}
{"type":"operationEnd","operationId":"ca7auv0lnipbg3b","timestamp":1725882673039,"id":"qislhj2yp12vg1q","previousEventId":"kgmnwzpgyb72uyn","previousOperationId":"ca7auv0lnipbg3b"}
{"type":"operationStart","subtype":"recipe","name":"xlsx","timestamp":1725882673039,"id":"pkks6is5idiv8f6","previousEventId":"qislhj2yp12vg1q","operationId":"465ubsrxx6yeant","previousOperationId":"ca7auv0lnipbg3b"}
{"type":"log","timestamp":1725882673039,"level":"debug","message":"Executing recipe xlsx","meta":{"rootId":"pj1qpm49sk8w2ut","id":"pj1qpm49sk8w2ut"},"id":"arlg3ont7jzaait","previousOperationId":"465ubsrxx6yeant"}
{"type":"log","timestamp":1725882673040,"level":"info","message":"xlsx generation is starting","meta":{"rootId":"pj1qpm49sk8w2ut","id":"pj1qpm49sk8w2ut"},"id":"8im43pdhcscdg9k","previousOperationId":"465ubsrxx6yeant"}
{"type":"log","timestamp":1725882673061,"level":"debug","message":"Starting child request to render xlsx dynamic parts for generation step","meta":{"rootId":"pj1qpm49sk8w2ut","id":"pj1qpm49sk8w2ut"},"id":"yllll2b9a90fznu","previousOperationId":"465ubsrxx6yeant"}
{"type":"operationStart","subtype":"render","name":"anonymous","previousOperationId":"465ubsrxx6yeant","timestamp":1725882673061,"id":"cb72ezn9vs1b4fr","previousEventId":"pkks6is5idiv8f6","operationId":"nu9uzsfl8779lkz"}
{"type":"log","timestamp":1725882673061,"level":"info","message":"Starting rendering (child) request (user: admin)","meta":{"rootId":"pj1qpm49sk8w2ut","id":"h7v5wtgftd76whp"},"id":"o70yiw1bgbz39sm","previousOperationId":"nu9uzsfl8779lkz"}
{"type":"log","timestamp":1725882673061,"level":"info","message":"Rendering anonymous template { recipe: html, engine: handlebars }","meta":{"rootId":"pj1qpm49sk8w2ut","id":"h7v5wtgftd76whp"},"id":"lb20gdb2nxnlrij","previousOperationId":"nu9uzsfl8779lkz"}
{"type":"log","timestamp":1725882673061,"level":"debug","message":"Inline data specified.","meta":{"rootId":"pj1qpm49sk8w2ut","id":"h7v5wtgftd76whp"},"id":"a47ey8thk4x6kjt","previousOperationId":"nu9uzsfl8779lkz"}
{"type":"log","timestamp":1725882673067,"level":"debug","message":"Base url not specified, skipping its injection.","meta":{"rootId":"pj1qpm49sk8w2ut","id":"h7v5wtgftd76whp"},"id":"o0nt556wwwkr3dm","previousOperationId":"nu9uzsfl8779lkz"}
{"type":"operationStart","subtype":"engine","name":"handlebars","timestamp":1725882673068,"id":"0w3y7pd32pzgn8n","previousEventId":"cb72ezn9vs1b4fr","operationId":"pniio9j1j3owva6","previousOperationId":"nu9uzsfl8779lkz"}
{"type":"log","timestamp":1725882673068,"level":"debug","message":"Rendering engine handlebars","meta":{"rootId":"pj1qpm49sk8w2ut","id":"h7v5wtgftd76whp"},"id":"ncs1pywy8kttpgg","previousOperationId":"pniio9j1j3owva6"}
{"type":"operationEnd","operationId":"pniio9j1j3owva6","timestamp":1725882673121,"id":"obfjxe6mbpr7enx","previousEventId":"0w3y7pd32pzgn8n","previousOperationId":"pniio9j1j3owva6"}
{"type":"operationStart","subtype":"recipe","name":"html","timestamp":1725882673121,"id":"yxi1sgtg7qwt0vw","previousEventId":"obfjxe6mbpr7enx","operationId":"6t128y4pafjougk","previousOperationId":"pniio9j1j3owva6"}
{"type":"log","timestamp":1725882673121,"level":"debug","message":"Executing recipe html","meta":{"rootId":"pj1qpm49sk8w2ut","id":"h7v5wtgftd76whp"},"id":"8n9nzp7kjo3ujlp","previousOperationId":"6t128y4pafjougk"}
{"type":"operationEnd","operationId":"6t128y4pafjougk","timestamp":1725882673121,"id":"z9bh3l32ay342ti","previousEventId":"yxi1sgtg7qwt0vw","previousOperationId":"6t128y4pafjougk"}
{"type":"log","timestamp":1725882673121,"level":"debug","message":"Skipping storing report.","meta":{"rootId":"pj1qpm49sk8w2ut","id":"h7v5wtgftd76whp"},"id":"e8sor6u0prqj85e","previousOperationId":"6t128y4pafjougk"}
{"type":"log","timestamp":1725882673121,"level":"info","message":"Rendering (child) request finished in 101 ms","meta":{"rootId":"pj1qpm49sk8w2ut","id":"h7v5wtgftd76whp"},"id":"x0hxjc6f25zyz8p","previousOperationId":"6t128y4pafjougk"}
{"type":"operationEnd","subtype":"render","operationId":"nu9uzsfl8779lkz","timestamp":1725882673121,"id":"k07pfhzh9e3o85n","previousEventId":"z9bh3l32ay342ti","previousOperationId":"6t128y4pafjougk"}
{"type":"log","timestamp":1725882673145,"level":"debug","message":"xlsx successfully zipped","meta":{"rootId":"pj1qpm49sk8w2ut","id":"pj1qpm49sk8w2ut"},"id":"v88ckusy4cuame2","previousOperationId":"465ubsrxx6yeant"}
{"type":"log","timestamp":1725882673145,"level":"info","message":"xlsx generation was finished","meta":{"rootId":"pj1qpm49sk8w2ut","id":"pj1qpm49sk8w2ut"},"id":"b688slti21xd6ea","previousOperationId":"465ubsrxx6yeant"}
{"type":"log","timestamp":1725882673145,"level":"debug","message":"preparing office preview","meta":{"rootId":"pj1qpm49sk8w2ut","id":"pj1qpm49sk8w2ut"},"id":"a7llcmypw94ny0l","previousOperationId":"465ubsrxx6yeant"}
{"type":"operationEnd","operationId":"465ubsrxx6yeant","timestamp":1725882673581,"id":"q7nmrhkosg3gi8u","previousEventId":"pkks6is5idiv8f6","previousOperationId":"465ubsrxx6yeant"}
{"type":"log","timestamp":1725882673581,"level":"debug","message":"Skipping storing report.","meta":{"rootId":"pj1qpm49sk8w2ut","id":"pj1qpm49sk8w2ut"},"id":"ey3ysjv7eoam1sy","previousOperationId":"465ubsrxx6yeant"}
{"type":"log","timestamp":1725882673581,"level":"info","message":"Rendering request 615 finished in 561 ms","meta":{"rootId":"pj1qpm49sk8w2ut","id":"pj1qpm49sk8w2ut"},"id":"h1rvqrgi4605eax","previousOperationId":"465ubsrxx6yeant"}
{"type":"operationEnd","subtype":"render","operationId":"oa9919j5ukl46cx","timestamp":1725882673581,"id":"tih96j0l3ndhhcy","previousEventId":"q7nmrhkosg3gi8u","previousOperationId":"465ubsrxx6yeant"}
{"type":"operationEnd","doDiffs":false,"previousEventId":"lxt3x3vq6cbhhc8","previousOperationId":"5gd4eovprguo11y","operationId":"5gd4eovprguo11y","timestamp":1725882673585,"id":"n5yu53qcbh6jv0p"}
