{"type":"operationStart","subtype":"profile","data":{"_id":"BrHI1NV0iYieLCAP","timestamp":"2024-09-09T11:36:11.613Z","state":"queued","mode":"standard","creationDate":"2024-09-09T11:36:11.615Z","modificationDate":"2024-09-09T11:36:11.615Z","shortid":"r5npd0a","inheritedReadPermissions":[],"inheritedEditPermissions":[],"$entitySet":"profiles"},"doDiffs":false,"timestamp":1725881771614,"id":"24vvks4ws87ed4v","previousOperationId":null,"operationId":"yaupzot1m6ftjep"}
{"type":"log","level":"info","message":"Render request 612 queued for execution and waiting for available worker","previousOperationId":"yaupzot1m6ftjep","timestamp":1725881771614,"id":"utl0jztxmxbivpg"}
{"type":"operationStart","subtype":"render","name":"xlsx invoice","previousOperationId":"yaupzot1m6ftjep","timestamp":1725881771621,"id":"2dkc8t60fir0vv3","previousEventId":"24vvks4ws87ed4v","operationId":"tic2vgt9dquhis5"}
{"type":"log","timestamp":1725881771621,"level":"info","message":"Starting rendering request 612 (user: admin)","meta":{"rootId":"qmcs8n49ha2k5y9","id":"qmcs8n49ha2k5y9"},"id":"vb3htd9q3kkr0pf","previousOperationId":"tic2vgt9dquhis5"}
{"type":"log","timestamp":1725881771621,"level":"info","message":"Rendering template { name: xlsx invoice, recipe: xlsx, engine: handlebars, preview: false }","meta":{"rootId":"qmcs8n49ha2k5y9","id":"qmcs8n49ha2k5y9"},"id":"0n8njy7d4rfxi2s","previousOperationId":"tic2vgt9dquhis5"}
{"type":"log","timestamp":1725881771622,"level":"debug","message":"Adding sample data WZ580PjlR","meta":{"rootId":"qmcs8n49ha2k5y9","id":"qmcs8n49ha2k5y9"},"id":"rzy41oeqbl8poqh","previousOperationId":"tic2vgt9dquhis5"}
{"type":"log","timestamp":1725881771624,"level":"debug","message":"Base url not specified, skipping its injection.","meta":{"rootId":"qmcs8n49ha2k5y9","id":"qmcs8n49ha2k5y9"},"id":"78l1t1njocqxr2o","previousOperationId":"tic2vgt9dquhis5"}
{"type":"operationStart","subtype":"engine","name":"handlebars","timestamp":1725881771624,"id":"z01urchdnjipgl7","previousEventId":"2dkc8t60fir0vv3","operationId":"bjrkkyiiq50934y","previousOperationId":"tic2vgt9dquhis5"}
{"type":"log","timestamp":1725881771624,"level":"debug","message":"Rendering engine handlebars","meta":{"rootId":"qmcs8n49ha2k5y9","id":"qmcs8n49ha2k5y9"},"id":"o2q74vj28sb1ts5","previousOperationId":"bjrkkyiiq50934y"}
{"type":"operationEnd","operationId":"bjrkkyiiq50934y","timestamp":1725881771630,"id":"g3bp2p1uz6zsszu","previousEventId":"z01urchdnjipgl7","previousOperationId":"bjrkkyiiq50934y"}
{"type":"operationStart","subtype":"recipe","name":"xlsx","timestamp":1725881771630,"id":"983e2ocgq31r6e8","previousEventId":"g3bp2p1uz6zsszu","operationId":"w6595lhheftgfd0","previousOperationId":"bjrkkyiiq50934y"}
{"type":"log","timestamp":1725881771630,"level":"debug","message":"Executing recipe xlsx","meta":{"rootId":"qmcs8n49ha2k5y9","id":"qmcs8n49ha2k5y9"},"id":"sqc3c9qeqyxykdj","previousOperationId":"w6595lhheftgfd0"}
{"type":"log","timestamp":1725881771630,"level":"info","message":"xlsx generation is starting","meta":{"rootId":"qmcs8n49ha2k5y9","id":"qmcs8n49ha2k5y9"},"id":"saiu2lx99xj0nzs","previousOperationId":"w6595lhheftgfd0"}
{"type":"log","timestamp":1725881771649,"level":"debug","message":"Starting child request to render xlsx dynamic parts for generation step","meta":{"rootId":"qmcs8n49ha2k5y9","id":"qmcs8n49ha2k5y9"},"id":"zultz05xlw4ppg2","previousOperationId":"w6595lhheftgfd0"}
{"type":"operationStart","subtype":"render","name":"anonymous","previousOperationId":"w6595lhheftgfd0","timestamp":1725881771649,"id":"znzyydvc0186161","previousEventId":"983e2ocgq31r6e8","operationId":"w8gh1ofcx9re1f8"}
{"type":"log","timestamp":1725881771649,"level":"info","message":"Starting rendering (child) request (user: admin)","meta":{"rootId":"qmcs8n49ha2k5y9","id":"c7zd6vf1poxbnlx"},"id":"y4l8012zsrmqc2o","previousOperationId":"w8gh1ofcx9re1f8"}
{"type":"log","timestamp":1725881771649,"level":"info","message":"Rendering anonymous template { recipe: html, engine: handlebars }","meta":{"rootId":"qmcs8n49ha2k5y9","id":"c7zd6vf1poxbnlx"},"id":"gc43ojygn5zarfa","previousOperationId":"w8gh1ofcx9re1f8"}
{"type":"log","timestamp":1725881771649,"level":"debug","message":"Inline data specified.","meta":{"rootId":"qmcs8n49ha2k5y9","id":"c7zd6vf1poxbnlx"},"id":"hpyn5gqdia6hfeq","previousOperationId":"w8gh1ofcx9re1f8"}
{"type":"log","timestamp":1725881771651,"level":"debug","message":"Base url not specified, skipping its injection.","meta":{"rootId":"qmcs8n49ha2k5y9","id":"c7zd6vf1poxbnlx"},"id":"snc33hpxgpr0ib9","previousOperationId":"w8gh1ofcx9re1f8"}
{"type":"operationStart","subtype":"engine","name":"handlebars","timestamp":1725881771651,"id":"nz9vvznzz5cniim","previousEventId":"znzyydvc0186161","operationId":"bt21f0wlrbvg2w2","previousOperationId":"w8gh1ofcx9re1f8"}
{"type":"log","timestamp":1725881771651,"level":"debug","message":"Rendering engine handlebars","meta":{"rootId":"qmcs8n49ha2k5y9","id":"c7zd6vf1poxbnlx"},"id":"65lus7onqrq7v46","previousOperationId":"bt21f0wlrbvg2w2"}
{"type":"operationEnd","operationId":"bt21f0wlrbvg2w2","timestamp":1725881771713,"id":"re0byzeg7yoakos","previousEventId":"nz9vvznzz5cniim","previousOperationId":"bt21f0wlrbvg2w2"}
{"type":"operationStart","subtype":"recipe","name":"html","timestamp":1725881771714,"id":"ixn4z47tyt2diat","previousEventId":"re0byzeg7yoakos","operationId":"iicy16btuez1wu4","previousOperationId":"bt21f0wlrbvg2w2"}
{"type":"log","timestamp":1725881771714,"level":"debug","message":"Executing recipe html","meta":{"rootId":"qmcs8n49ha2k5y9","id":"c7zd6vf1poxbnlx"},"id":"bhoqce400qdm39y","previousOperationId":"iicy16btuez1wu4"}
{"type":"operationEnd","operationId":"iicy16btuez1wu4","timestamp":1725881771714,"id":"9sulb9twobbxlgb","previousEventId":"ixn4z47tyt2diat","previousOperationId":"iicy16btuez1wu4"}
{"type":"log","timestamp":1725881771714,"level":"debug","message":"Skipping storing report.","meta":{"rootId":"qmcs8n49ha2k5y9","id":"c7zd6vf1poxbnlx"},"id":"o74d2iyo4m6bx7s","previousOperationId":"iicy16btuez1wu4"}
{"type":"log","timestamp":1725881771714,"level":"info","message":"Rendering (child) request finished in 101 ms","meta":{"rootId":"qmcs8n49ha2k5y9","id":"c7zd6vf1poxbnlx"},"id":"n6ijwipqilp0p96","previousOperationId":"iicy16btuez1wu4"}
{"type":"operationEnd","subtype":"render","operationId":"w8gh1ofcx9re1f8","timestamp":1725881771714,"id":"z53vy5uz10lmi35","previousEventId":"9sulb9twobbxlgb","previousOperationId":"iicy16btuez1wu4"}
{"type":"log","timestamp":1725881771750,"level":"debug","message":"xlsx successfully zipped","meta":{"rootId":"qmcs8n49ha2k5y9","id":"qmcs8n49ha2k5y9"},"id":"r25rrvpmiz3pw96","previousOperationId":"w6595lhheftgfd0"}
{"type":"log","timestamp":1725881771750,"level":"info","message":"xlsx generation was finished","meta":{"rootId":"qmcs8n49ha2k5y9","id":"qmcs8n49ha2k5y9"},"id":"755wdm28wzco488","previousOperationId":"w6595lhheftgfd0"}
{"type":"operationEnd","operationId":"w6595lhheftgfd0","timestamp":1725881771752,"id":"ickygclxuvb8wuo","previousEventId":"983e2ocgq31r6e8","previousOperationId":"w6595lhheftgfd0"}
{"type":"log","timestamp":1725881771752,"level":"debug","message":"Skipping storing report.","meta":{"rootId":"qmcs8n49ha2k5y9","id":"qmcs8n49ha2k5y9"},"id":"npuck2pz1p6flax","previousOperationId":"w6595lhheftgfd0"}
{"type":"log","timestamp":1725881771752,"level":"info","message":"Rendering request 612 finished in 139 ms","meta":{"rootId":"qmcs8n49ha2k5y9","id":"qmcs8n49ha2k5y9"},"id":"lzux2ltmruef9x9","previousOperationId":"w6595lhheftgfd0"}
{"type":"operationEnd","subtype":"render","operationId":"tic2vgt9dquhis5","timestamp":1725881771752,"id":"7robrpimbmnlm0i","previousEventId":"ickygclxuvb8wuo","previousOperationId":"w6595lhheftgfd0"}
{"type":"operationEnd","doDiffs":false,"previousEventId":"24vvks4ws87ed4v","previousOperationId":"yaupzot1m6ftjep","operationId":"yaupzot1m6ftjep","timestamp":1725881771754,"id":"t64tace7undc3mm"}
