{"type":"operationStart","subtype":"profile","data":{"_id":"2uRndtgrHybsEBc7","timestamp":"2024-09-10T03:44:05.677Z","state":"queued","mode":"standard","creationDate":"2024-09-10T03:44:05.679Z","modificationDate":"2024-09-10T03:44:05.679Z","shortid":"DgRMYJ5","inheritedReadPermissions":[],"inheritedEditPermissions":[],"$entitySet":"profiles"},"doDiffs":false,"timestamp":1725939845679,"id":"nysq8shcimwp9bc","previousOperationId":null,"operationId":"1scmpj9r5mjmt8l"}
{"type":"log","level":"info","message":"Render request 10 queued for execution and waiting for available worker","previousOperationId":"1scmpj9r5mjmt8l","timestamp":1725939845679,"id":"661putitiyf9jgu"}
{"type":"operationStart","subtype":"render","name":"xlsx invoice","previousOperationId":"1scmpj9r5mjmt8l","timestamp":1725939845687,"id":"ljv1nv5zdsucw2f","previousEventId":"nysq8shcimwp9bc","operationId":"lvwhik1leb3tlo1"}
{"type":"log","timestamp":1725939845687,"level":"info","message":"Starting rendering request 10 (user: admin)","meta":{"rootId":"ttcpunym4e6sfti","id":"ttcpunym4e6sfti"},"id":"oymqk5lwrrwe7yx","previousOperationId":"lvwhik1leb3tlo1"}
{"type":"log","timestamp":1725939845687,"level":"info","message":"Rendering template { name: xlsx invoice, recipe: xlsx, engine: handlebars, preview: true }","meta":{"rootId":"ttcpunym4e6sfti","id":"ttcpunym4e6sfti"},"id":"6s7gwrr9aj1odnn","previousOperationId":"lvwhik1leb3tlo1"}
{"type":"log","timestamp":1725939845687,"level":"debug","message":"Inline data specified.","meta":{"rootId":"ttcpunym4e6sfti","id":"ttcpunym4e6sfti"},"id":"lsv0fr7rxidwd34","previousOperationId":"lvwhik1leb3tlo1"}
{"type":"log","timestamp":1725939845689,"level":"debug","message":"Base url not specified, skipping its injection.","meta":{"rootId":"ttcpunym4e6sfti","id":"ttcpunym4e6sfti"},"id":"8dnxsc7voz56kga","previousOperationId":"lvwhik1leb3tlo1"}
{"type":"operationStart","subtype":"engine","name":"handlebars","timestamp":1725939845689,"id":"59nbrdjk48sxzt7","previousEventId":"ljv1nv5zdsucw2f","operationId":"2nbf0bkaskxwe1u","previousOperationId":"lvwhik1leb3tlo1"}
{"type":"log","timestamp":1725939845689,"level":"debug","message":"Rendering engine handlebars","meta":{"rootId":"ttcpunym4e6sfti","id":"ttcpunym4e6sfti"},"id":"g00mxonlmqg6b9n","previousOperationId":"2nbf0bkaskxwe1u"}
{"type":"operationEnd","operationId":"2nbf0bkaskxwe1u","timestamp":1725939845697,"id":"azyzb04yf1ryuz6","previousEventId":"59nbrdjk48sxzt7","previousOperationId":"2nbf0bkaskxwe1u"}
{"type":"operationStart","subtype":"recipe","name":"xlsx","timestamp":1725939845697,"id":"4k72vy71j1xouh9","previousEventId":"azyzb04yf1ryuz6","operationId":"zezoz1we9sqed0d","previousOperationId":"2nbf0bkaskxwe1u"}
{"type":"log","timestamp":1725939845697,"level":"debug","message":"Executing recipe xlsx","meta":{"rootId":"ttcpunym4e6sfti","id":"ttcpunym4e6sfti"},"id":"p42s2dqlgxn2j6q","previousOperationId":"zezoz1we9sqed0d"}
{"type":"log","timestamp":1725939845698,"level":"info","message":"xlsx generation is starting","meta":{"rootId":"ttcpunym4e6sfti","id":"ttcpunym4e6sfti"},"id":"t30lmkl8ttmv2oh","previousOperationId":"zezoz1we9sqed0d"}
{"type":"log","timestamp":1725939845740,"level":"debug","message":"Starting child request to render xlsx dynamic parts for generation step","meta":{"rootId":"ttcpunym4e6sfti","id":"ttcpunym4e6sfti"},"id":"vbjyu6ucu5dm5e5","previousOperationId":"zezoz1we9sqed0d"}
{"type":"operationStart","subtype":"render","name":"anonymous","previousOperationId":"zezoz1we9sqed0d","timestamp":1725939845740,"id":"ns523asvmy08czy","previousEventId":"4k72vy71j1xouh9","operationId":"ej4tfat578iu2s5"}
{"type":"log","timestamp":1725939845740,"level":"info","message":"Starting rendering (child) request (user: admin)","meta":{"rootId":"ttcpunym4e6sfti","id":"rpiayxs2o1o60v7"},"id":"68dfkpi72q7gyrw","previousOperationId":"ej4tfat578iu2s5"}
{"type":"log","timestamp":1725939845740,"level":"info","message":"Rendering anonymous template { recipe: html, engine: handlebars }","meta":{"rootId":"ttcpunym4e6sfti","id":"rpiayxs2o1o60v7"},"id":"7a1yf32q4io3567","previousOperationId":"ej4tfat578iu2s5"}
{"type":"log","timestamp":1725939845740,"level":"debug","message":"Inline data specified.","meta":{"rootId":"ttcpunym4e6sfti","id":"rpiayxs2o1o60v7"},"id":"ym64smm7xlkwf7y","previousOperationId":"ej4tfat578iu2s5"}
{"type":"log","timestamp":1725939845741,"level":"debug","message":"Base url not specified, skipping its injection.","meta":{"rootId":"ttcpunym4e6sfti","id":"rpiayxs2o1o60v7"},"id":"b8xdz6al2eql99k","previousOperationId":"ej4tfat578iu2s5"}
{"type":"operationStart","subtype":"engine","name":"handlebars","timestamp":1725939845742,"id":"f16jaildbog43di","previousEventId":"ns523asvmy08czy","operationId":"b447veogjxwf5z4","previousOperationId":"ej4tfat578iu2s5"}
{"type":"log","timestamp":1725939845742,"level":"debug","message":"Rendering engine handlebars","meta":{"rootId":"ttcpunym4e6sfti","id":"rpiayxs2o1o60v7"},"id":"l5ba9o2cvjy8zya","previousOperationId":"b447veogjxwf5z4"}
{"type":"operationEnd","operationId":"b447veogjxwf5z4","timestamp":1725939845826,"id":"a8flk8nkfpp0txu","previousEventId":"f16jaildbog43di","previousOperationId":"b447veogjxwf5z4"}
{"type":"operationStart","subtype":"recipe","name":"html","timestamp":1725939845827,"id":"tlnwp8fxsbn9e1y","previousEventId":"a8flk8nkfpp0txu","operationId":"zvsbv8gvvf12qf9","previousOperationId":"b447veogjxwf5z4"}
{"type":"log","timestamp":1725939845827,"level":"debug","message":"Executing recipe html","meta":{"rootId":"ttcpunym4e6sfti","id":"rpiayxs2o1o60v7"},"id":"umeekdy5647tayc","previousOperationId":"zvsbv8gvvf12qf9"}
{"type":"operationEnd","operationId":"zvsbv8gvvf12qf9","timestamp":1725939845827,"id":"pigyxl3ubwdmg7p","previousEventId":"tlnwp8fxsbn9e1y","previousOperationId":"zvsbv8gvvf12qf9"}
{"type":"log","timestamp":1725939845827,"level":"debug","message":"Skipping storing report.","meta":{"rootId":"ttcpunym4e6sfti","id":"rpiayxs2o1o60v7"},"id":"ylwc7533pq3jhzc","previousOperationId":"zvsbv8gvvf12qf9"}
{"type":"log","timestamp":1725939845827,"level":"info","message":"Rendering (child) request finished in 150 ms","meta":{"rootId":"ttcpunym4e6sfti","id":"rpiayxs2o1o60v7"},"id":"ogsmwfil8e6nl2f","previousOperationId":"zvsbv8gvvf12qf9"}
{"type":"operationEnd","subtype":"render","operationId":"ej4tfat578iu2s5","timestamp":1725939845827,"id":"dwg52jfpgrkam8x","previousEventId":"pigyxl3ubwdmg7p","previousOperationId":"zvsbv8gvvf12qf9"}
{"type":"log","timestamp":1725939845860,"level":"debug","message":"xlsx successfully zipped","meta":{"rootId":"ttcpunym4e6sfti","id":"ttcpunym4e6sfti"},"id":"8ztojkn3os8imjp","previousOperationId":"zezoz1we9sqed0d"}
{"type":"log","timestamp":1725939845860,"level":"info","message":"xlsx generation was finished","meta":{"rootId":"ttcpunym4e6sfti","id":"ttcpunym4e6sfti"},"id":"0u12f7a3tw8skqe","previousOperationId":"zezoz1we9sqed0d"}
{"type":"log","timestamp":1725939845860,"level":"info","message":"xlsx transformation is starting","meta":{"rootId":"ttcpunym4e6sfti","id":"ttcpunym4e6sfti"},"id":"m683fiur8v12xrp","previousOperationId":"zezoz1we9sqed0d"}
{"type":"log","timestamp":1725939845897,"level":"debug","message":"Parsing xlsx content","meta":{"rootId":"ttcpunym4e6sfti","id":"ttcpunym4e6sfti"},"id":"p1zbphuql3hhvbb","previousOperationId":"zezoz1we9sqed0d"}
{"type":"log","timestamp":1725939845934,"level":"debug","message":"Successfully zipped now.","meta":{"rootId":"ttcpunym4e6sfti","id":"ttcpunym4e6sfti"},"id":"jikw9t7ayun3ewv","previousOperationId":"zezoz1we9sqed0d"}
{"type":"log","timestamp":1725939845934,"level":"info","message":"xlsx transformation was finished","meta":{"rootId":"ttcpunym4e6sfti","id":"ttcpunym4e6sfti"},"id":"0j3whwgfo99bauh","previousOperationId":"zezoz1we9sqed0d"}
{"type":"log","timestamp":1725939845934,"level":"debug","message":"preparing office preview","meta":{"rootId":"ttcpunym4e6sfti","id":"ttcpunym4e6sfti"},"id":"t1fquvnd8uqpiz1","previousOperationId":"zezoz1we9sqed0d"}
{"type":"operationEnd","operationId":"zezoz1we9sqed0d","timestamp":1725939846341,"id":"w80ncl0q3oo6z8u","previousEventId":"4k72vy71j1xouh9","previousOperationId":"zezoz1we9sqed0d"}
{"type":"log","timestamp":1725939846341,"level":"debug","message":"Skipping storing report.","meta":{"rootId":"ttcpunym4e6sfti","id":"ttcpunym4e6sfti"},"id":"6id76dahey2gqlv","previousOperationId":"zezoz1we9sqed0d"}
{"type":"log","timestamp":1725939846341,"level":"info","message":"Rendering request 10 finished in 664 ms","meta":{"rootId":"ttcpunym4e6sfti","id":"ttcpunym4e6sfti"},"id":"pknisuc9z48p322","previousOperationId":"zezoz1we9sqed0d"}
{"type":"operationEnd","subtype":"render","operationId":"lvwhik1leb3tlo1","timestamp":1725939846342,"id":"a0n4wkezf0x45g3","previousEventId":"w80ncl0q3oo6z8u","previousOperationId":"zezoz1we9sqed0d"}
{"type":"operationEnd","doDiffs":false,"previousEventId":"nysq8shcimwp9bc","previousOperationId":"1scmpj9r5mjmt8l","operationId":"1scmpj9r5mjmt8l","timestamp":1725939846345,"id":"hejesvxw0uqzspd"}
