{"type":"operationStart","subtype":"profile","data":{"_id":"NiTN0gwfS8GqcKpt","timestamp":"2024-09-10T02:35:08.102Z","state":"queued","mode":"standard","creationDate":"2024-09-10T02:35:08.107Z","modificationDate":"2024-09-10T02:35:08.107Z","shortid":"ZGlDx4J","inheritedReadPermissions":[],"inheritedEditPermissions":[],"$entitySet":"profiles"},"doDiffs":false,"timestamp":1725935708105,"id":"1v6dek52guubmuo","previousOperationId":null,"operationId":"4rwuwjhpnkuj92p"}
{"type":"log","level":"info","message":"Render request 1 queued for execution and waiting for available worker","previousOperationId":"4rwuwjhpnkuj92p","timestamp":1725935708106,"id":"ldyfusy84iquy6u"}
{"type":"operationStart","subtype":"render","name":"xlsx invoice","previousOperationId":"4rwuwjhpnkuj92p","timestamp":1725935708136,"id":"tsncws96e5mkrkv","previousEventId":"1v6dek52guubmuo","operationId":"jtee0wyf6hau55b"}
{"type":"log","timestamp":1725935708137,"level":"info","message":"Starting rendering request 1 (user: admin)","meta":{"rootId":"uk1uegkh259venz","id":"uk1uegkh259venz"},"id":"8kecs494sb2ulq1","previousOperationId":"jtee0wyf6hau55b"}
{"type":"log","timestamp":1725935708138,"level":"info","message":"Rendering template { name: xlsx invoice, recipe: xlsx, engine: handlebars, preview: true }","meta":{"rootId":"uk1uegkh259venz","id":"uk1uegkh259venz"},"id":"n4k8iet72lpqeo0","previousOperationId":"jtee0wyf6hau55b"}
{"type":"log","timestamp":1725935708140,"level":"debug","message":"Adding sample data WZ580PjlR","meta":{"rootId":"uk1uegkh259venz","id":"uk1uegkh259venz"},"id":"m456jwmpvqq4brh","previousOperationId":"jtee0wyf6hau55b"}
{"type":"log","timestamp":1725935708142,"level":"debug","message":"Base url not specified, skipping its injection.","meta":{"rootId":"uk1uegkh259venz","id":"uk1uegkh259venz"},"id":"d3xibkhpfa9pz3m","previousOperationId":"jtee0wyf6hau55b"}
{"type":"operationStart","subtype":"engine","name":"handlebars","timestamp":1725935708144,"id":"x54neoy0exkzemm","previousEventId":"tsncws96e5mkrkv","operationId":"8s321yrl7e2comx","previousOperationId":"jtee0wyf6hau55b"}
{"type":"log","timestamp":1725935708144,"level":"debug","message":"Rendering engine handlebars","meta":{"rootId":"uk1uegkh259venz","id":"uk1uegkh259venz"},"id":"i0piqfwew8ut0rb","previousOperationId":"8s321yrl7e2comx"}
{"type":"operationEnd","operationId":"8s321yrl7e2comx","timestamp":1725935708636,"id":"5xn5u4y83eoup9y","previousEventId":"x54neoy0exkzemm","previousOperationId":"8s321yrl7e2comx"}
{"type":"operationStart","subtype":"recipe","name":"xlsx","timestamp":1725935708636,"id":"itzqtb4q0ifrvuh","previousEventId":"5xn5u4y83eoup9y","operationId":"2pvnksi2amf27gb","previousOperationId":"8s321yrl7e2comx"}
{"type":"log","timestamp":1725935708636,"level":"debug","message":"Executing recipe xlsx","meta":{"rootId":"uk1uegkh259venz","id":"uk1uegkh259venz"},"id":"bxdc9h39tfvt4ag","previousOperationId":"2pvnksi2amf27gb"}
{"type":"log","timestamp":1725935708693,"level":"info","message":"xlsx generation is starting","meta":{"rootId":"uk1uegkh259venz","id":"uk1uegkh259venz"},"id":"wd30if0tu2zcv9q","previousOperationId":"2pvnksi2amf27gb"}
{"type":"log","timestamp":1725935708769,"level":"debug","message":"Starting child request to render xlsx dynamic parts for generation step","meta":{"rootId":"uk1uegkh259venz","id":"uk1uegkh259venz"},"id":"yzwvym11hqyhyyb","previousOperationId":"2pvnksi2amf27gb"}
{"type":"operationStart","subtype":"render","name":"anonymous","previousOperationId":"2pvnksi2amf27gb","timestamp":1725935708769,"id":"r6spyn3wayatce4","previousEventId":"itzqtb4q0ifrvuh","operationId":"7f4d0mf1ok3jg1s"}
{"type":"log","timestamp":1725935708769,"level":"info","message":"Starting rendering (child) request (user: admin)","meta":{"rootId":"uk1uegkh259venz","id":"43eueul196olfqy"},"id":"8rl4h07otw64mri","previousOperationId":"7f4d0mf1ok3jg1s"}
{"type":"log","timestamp":1725935708769,"level":"info","message":"Rendering anonymous template { recipe: html, engine: handlebars }","meta":{"rootId":"uk1uegkh259venz","id":"43eueul196olfqy"},"id":"u86bvgi12gmsg6y","previousOperationId":"7f4d0mf1ok3jg1s"}
{"type":"log","timestamp":1725935708770,"level":"debug","message":"Inline data specified.","meta":{"rootId":"uk1uegkh259venz","id":"43eueul196olfqy"},"id":"c6p5t361fyqvaff","previousOperationId":"7f4d0mf1ok3jg1s"}
{"type":"log","timestamp":1725935708771,"level":"debug","message":"Base url not specified, skipping its injection.","meta":{"rootId":"uk1uegkh259venz","id":"43eueul196olfqy"},"id":"sgru8ephc82qhtl","previousOperationId":"7f4d0mf1ok3jg1s"}
{"type":"operationStart","subtype":"engine","name":"handlebars","timestamp":1725935708772,"id":"icln3ji1rcq9yuy","previousEventId":"r6spyn3wayatce4","operationId":"l6gsm52lifkofg5","previousOperationId":"7f4d0mf1ok3jg1s"}
{"type":"log","timestamp":1725935708772,"level":"debug","message":"Rendering engine handlebars","meta":{"rootId":"uk1uegkh259venz","id":"43eueul196olfqy"},"id":"fled2luavz6vm0n","previousOperationId":"l6gsm52lifkofg5"}
{"type":"operationEnd","operationId":"l6gsm52lifkofg5","timestamp":1725935708860,"id":"y9ft5ktnfh179fh","previousEventId":"icln3ji1rcq9yuy","previousOperationId":"l6gsm52lifkofg5"}
{"type":"operationStart","subtype":"recipe","name":"html","timestamp":1725935708861,"id":"xqjyqrqby68u5ib","previousEventId":"y9ft5ktnfh179fh","operationId":"hbfcwqr9xdkiorw","previousOperationId":"l6gsm52lifkofg5"}
{"type":"log","timestamp":1725935708861,"level":"debug","message":"Executing recipe html","meta":{"rootId":"uk1uegkh259venz","id":"43eueul196olfqy"},"id":"tublu4i26px4ykn","previousOperationId":"hbfcwqr9xdkiorw"}
{"type":"operationEnd","operationId":"hbfcwqr9xdkiorw","timestamp":1725935708861,"id":"yqbiipc3rmaa643","previousEventId":"xqjyqrqby68u5ib","previousOperationId":"hbfcwqr9xdkiorw"}
{"type":"log","timestamp":1725935708862,"level":"debug","message":"Skipping storing report.","meta":{"rootId":"uk1uegkh259venz","id":"43eueul196olfqy"},"id":"ndtm5ka2mz90yd3","previousOperationId":"hbfcwqr9xdkiorw"}
{"type":"log","timestamp":1725935708862,"level":"info","message":"Rendering (child) request finished in 761 ms","meta":{"rootId":"uk1uegkh259venz","id":"43eueul196olfqy"},"id":"559w9pvzzusbx6g","previousOperationId":"hbfcwqr9xdkiorw"}
{"type":"operationEnd","subtype":"render","operationId":"7f4d0mf1ok3jg1s","timestamp":1725935708862,"id":"1o6dlvom8y7vo8f","previousEventId":"yqbiipc3rmaa643","previousOperationId":"hbfcwqr9xdkiorw"}
{"type":"log","timestamp":1725935709022,"level":"debug","message":"xlsx successfully zipped","meta":{"rootId":"uk1uegkh259venz","id":"uk1uegkh259venz"},"id":"2zivhiic6klzyvh","previousOperationId":"2pvnksi2amf27gb"}
{"type":"log","timestamp":1725935709022,"level":"info","message":"xlsx generation was finished","meta":{"rootId":"uk1uegkh259venz","id":"uk1uegkh259venz"},"id":"8ziwl0z0i9pblk5","previousOperationId":"2pvnksi2amf27gb"}
{"type":"log","timestamp":1725935709049,"level":"debug","message":"preparing office preview","meta":{"rootId":"uk1uegkh259venz","id":"uk1uegkh259venz"},"id":"j05ltgpnqb4lewu","previousOperationId":"2pvnksi2amf27gb"}
{"type":"operationEnd","operationId":"2pvnksi2amf27gb","timestamp":1725935709506,"id":"09thbdgvdza2mp9","previousEventId":"itzqtb4q0ifrvuh","previousOperationId":"2pvnksi2amf27gb"}
{"type":"log","timestamp":1725935709506,"level":"debug","message":"Skipping storing report.","meta":{"rootId":"uk1uegkh259venz","id":"uk1uegkh259venz"},"id":"ci5wirmejrjelg5","previousOperationId":"2pvnksi2amf27gb"}
{"type":"log","timestamp":1725935709506,"level":"info","message":"Rendering request 1 finished in 1405 ms","meta":{"rootId":"uk1uegkh259venz","id":"uk1uegkh259venz"},"id":"9d433deh747j7nx","previousOperationId":"2pvnksi2amf27gb"}
{"type":"operationEnd","subtype":"render","operationId":"jtee0wyf6hau55b","timestamp":1725935709506,"id":"feq7crk722zb0bx","previousEventId":"09thbdgvdza2mp9","previousOperationId":"2pvnksi2amf27gb"}
{"type":"operationEnd","doDiffs":false,"previousEventId":"1v6dek52guubmuo","previousOperationId":"4rwuwjhpnkuj92p","operationId":"4rwuwjhpnkuj92p","timestamp":1725935709509,"id":"uhbne1u6c7wk4h5"}
