{"type":"operationStart","subtype":"profile","data":{"_id":"IG2OUXjlGTyeNt22","timestamp":"2024-09-09T12:04:26.824Z","state":"queued","mode":"standard","creationDate":"2024-09-09T12:04:26.826Z","modificationDate":"2024-09-09T12:04:26.826Z","shortid":"Y9C8PQm","inheritedReadPermissions":[],"inheritedEditPermissions":[],"$entitySet":"profiles"},"doDiffs":false,"timestamp":1725883466826,"id":"yvaybtpifzxy9zj","previousOperationId":null,"operationId":"1jdnwtzayhsm1ls"}
{"type":"log","level":"info","message":"Render request 620 queued for execution and waiting for available worker","previousOperationId":"1jdnwtzayhsm1ls","timestamp":1725883466826,"id":"4zvlyoe25pu6s6e"}
{"type":"operationStart","subtype":"render","name":"xlsx invoice","previousOperationId":"1jdnwtzayhsm1ls","timestamp":1725883466832,"id":"5co23uk3pd5vbvc","previousEventId":"yvaybtpifzxy9zj","operationId":"jr8ufmf4hj4bzgz"}
{"type":"log","timestamp":1725883466832,"level":"info","message":"Starting rendering request 620 (user: admin)","meta":{"rootId":"wauf2kpjzaukvlt","id":"wauf2kpjzaukvlt"},"id":"kn4jsknjdy10j4v","previousOperationId":"jr8ufmf4hj4bzgz"}
{"type":"log","timestamp":1725883466832,"level":"info","message":"Rendering template { name: xlsx invoice, recipe: xlsx, engine: handlebars, preview: true }","meta":{"rootId":"wauf2kpjzaukvlt","id":"wauf2kpjzaukvlt"},"id":"384hwimdid4xegx","previousOperationId":"jr8ufmf4hj4bzgz"}
{"type":"log","timestamp":1725883466833,"level":"debug","message":"Adding sample data WZ580PjlR","meta":{"rootId":"wauf2kpjzaukvlt","id":"wauf2kpjzaukvlt"},"id":"ytzufz6e302czu2","previousOperationId":"jr8ufmf4hj4bzgz"}
{"type":"log","timestamp":1725883466834,"level":"debug","message":"Base url not specified, skipping its injection.","meta":{"rootId":"wauf2kpjzaukvlt","id":"wauf2kpjzaukvlt"},"id":"nkr7qy6c0cqof6n","previousOperationId":"jr8ufmf4hj4bzgz"}
{"type":"operationStart","subtype":"engine","name":"handlebars","timestamp":1725883466834,"id":"o63e9w0d5tkwbsr","previousEventId":"5co23uk3pd5vbvc","operationId":"ipahmgnmwiykclq","previousOperationId":"jr8ufmf4hj4bzgz"}
{"type":"log","timestamp":1725883466834,"level":"debug","message":"Rendering engine handlebars","meta":{"rootId":"wauf2kpjzaukvlt","id":"wauf2kpjzaukvlt"},"id":"x3p8cdvxu80egk2","previousOperationId":"ipahmgnmwiykclq"}
{"type":"operationEnd","operationId":"ipahmgnmwiykclq","timestamp":1725883466840,"id":"2yxa91sktb07wfp","previousEventId":"o63e9w0d5tkwbsr","previousOperationId":"ipahmgnmwiykclq"}
{"type":"operationStart","subtype":"recipe","name":"xlsx","timestamp":1725883466840,"id":"83odyazoov133e4","previousEventId":"2yxa91sktb07wfp","operationId":"y3u0qkijttm29p1","previousOperationId":"ipahmgnmwiykclq"}
{"type":"log","timestamp":1725883466840,"level":"debug","message":"Executing recipe xlsx","meta":{"rootId":"wauf2kpjzaukvlt","id":"wauf2kpjzaukvlt"},"id":"p494yh3ay2grqvz","previousOperationId":"y3u0qkijttm29p1"}
{"type":"log","timestamp":1725883466841,"level":"info","message":"xlsx generation is starting","meta":{"rootId":"wauf2kpjzaukvlt","id":"wauf2kpjzaukvlt"},"id":"re9ilz6gxw4fx48","previousOperationId":"y3u0qkijttm29p1"}
{"type":"log","timestamp":1725883466878,"level":"debug","message":"Starting child request to render xlsx dynamic parts for generation step","meta":{"rootId":"wauf2kpjzaukvlt","id":"wauf2kpjzaukvlt"},"id":"zybyamov7nxobmm","previousOperationId":"y3u0qkijttm29p1"}
{"type":"operationStart","subtype":"render","name":"anonymous","previousOperationId":"y3u0qkijttm29p1","timestamp":1725883466878,"id":"tfzxhfvh11hlosf","previousEventId":"83odyazoov133e4","operationId":"pouvm55you4f8yr"}
{"type":"log","timestamp":1725883466878,"level":"info","message":"Starting rendering (child) request (user: admin)","meta":{"rootId":"wauf2kpjzaukvlt","id":"slyzk7ro9qbpfaq"},"id":"mhb4h2ohbd4dm2x","previousOperationId":"pouvm55you4f8yr"}
{"type":"log","timestamp":1725883466878,"level":"info","message":"Rendering anonymous template { recipe: html, engine: handlebars }","meta":{"rootId":"wauf2kpjzaukvlt","id":"slyzk7ro9qbpfaq"},"id":"l2xy3p6wpji298l","previousOperationId":"pouvm55you4f8yr"}
{"type":"log","timestamp":1725883466878,"level":"debug","message":"Inline data specified.","meta":{"rootId":"wauf2kpjzaukvlt","id":"slyzk7ro9qbpfaq"},"id":"bay8uopb8q2ju52","previousOperationId":"pouvm55you4f8yr"}
{"type":"log","timestamp":1725883466884,"level":"debug","message":"Base url not specified, skipping its injection.","meta":{"rootId":"wauf2kpjzaukvlt","id":"slyzk7ro9qbpfaq"},"id":"g464qf8lji9b1oh","previousOperationId":"pouvm55you4f8yr"}
{"type":"operationStart","subtype":"engine","name":"handlebars","timestamp":1725883466884,"id":"8kffzgsmpns8vom","previousEventId":"tfzxhfvh11hlosf","operationId":"7axngr4ehgug8su","previousOperationId":"pouvm55you4f8yr"}
{"type":"log","timestamp":1725883466884,"level":"debug","message":"Rendering engine handlebars","meta":{"rootId":"wauf2kpjzaukvlt","id":"slyzk7ro9qbpfaq"},"id":"f1nzehwv2to6y1m","previousOperationId":"7axngr4ehgug8su"}
{"type":"operationEnd","operationId":"7axngr4ehgug8su","timestamp":1725883466954,"id":"g5mphtfhqwzhybp","previousEventId":"8kffzgsmpns8vom","previousOperationId":"7axngr4ehgug8su"}
{"type":"operationStart","subtype":"recipe","name":"html","timestamp":1725883466954,"id":"vmflcc50ndbd9m7","previousEventId":"g5mphtfhqwzhybp","operationId":"34ffmtx7jbrkoxw","previousOperationId":"7axngr4ehgug8su"}
{"type":"log","timestamp":1725883466954,"level":"debug","message":"Executing recipe html","meta":{"rootId":"wauf2kpjzaukvlt","id":"slyzk7ro9qbpfaq"},"id":"oooihwqfl6tcs6a","previousOperationId":"34ffmtx7jbrkoxw"}
{"type":"operationEnd","operationId":"34ffmtx7jbrkoxw","timestamp":1725883466954,"id":"hpohurhaqxxwwz9","previousEventId":"vmflcc50ndbd9m7","previousOperationId":"34ffmtx7jbrkoxw"}
{"type":"log","timestamp":1725883466954,"level":"debug","message":"Skipping storing report.","meta":{"rootId":"wauf2kpjzaukvlt","id":"slyzk7ro9qbpfaq"},"id":"j0gsjs01wmxwce6","previousOperationId":"34ffmtx7jbrkoxw"}
{"type":"log","timestamp":1725883466954,"level":"info","message":"Rendering (child) request finished in 130 ms","meta":{"rootId":"wauf2kpjzaukvlt","id":"slyzk7ro9qbpfaq"},"id":"fkxdq2dqekcl7zn","previousOperationId":"34ffmtx7jbrkoxw"}
{"type":"operationEnd","subtype":"render","operationId":"pouvm55you4f8yr","timestamp":1725883466954,"id":"0gv49vg5j7hdu4i","previousEventId":"hpohurhaqxxwwz9","previousOperationId":"34ffmtx7jbrkoxw"}
{"type":"log","timestamp":1725883466974,"level":"debug","message":"xlsx successfully zipped","meta":{"rootId":"wauf2kpjzaukvlt","id":"wauf2kpjzaukvlt"},"id":"7v0hf8s0gitkozb","previousOperationId":"y3u0qkijttm29p1"}
{"type":"log","timestamp":1725883466974,"level":"info","message":"xlsx generation was finished","meta":{"rootId":"wauf2kpjzaukvlt","id":"wauf2kpjzaukvlt"},"id":"blq631345y71nc7","previousOperationId":"y3u0qkijttm29p1"}
{"type":"log","timestamp":1725883466974,"level":"debug","message":"preparing office preview","meta":{"rootId":"wauf2kpjzaukvlt","id":"wauf2kpjzaukvlt"},"id":"rwuindrr8w3jz0z","previousOperationId":"y3u0qkijttm29p1"}
{"type":"operationEnd","operationId":"y3u0qkijttm29p1","timestamp":1725883467400,"id":"j7y1w3gaix9ni5u","previousEventId":"83odyazoov133e4","previousOperationId":"y3u0qkijttm29p1"}
{"type":"log","timestamp":1725883467400,"level":"debug","message":"Skipping storing report.","meta":{"rootId":"wauf2kpjzaukvlt","id":"wauf2kpjzaukvlt"},"id":"eilbphecmzuo59k","previousOperationId":"y3u0qkijttm29p1"}
{"type":"log","timestamp":1725883467400,"level":"info","message":"Rendering request 620 finished in 576 ms","meta":{"rootId":"wauf2kpjzaukvlt","id":"wauf2kpjzaukvlt"},"id":"2kd224i1j61il9v","previousOperationId":"y3u0qkijttm29p1"}
{"type":"operationEnd","subtype":"render","operationId":"jr8ufmf4hj4bzgz","timestamp":1725883467400,"id":"uynhw3zsn0e2cs3","previousEventId":"j7y1w3gaix9ni5u","previousOperationId":"y3u0qkijttm29p1"}
{"type":"operationEnd","doDiffs":false,"previousEventId":"yvaybtpifzxy9zj","previousOperationId":"1jdnwtzayhsm1ls","operationId":"1jdnwtzayhsm1ls","timestamp":1725883467403,"id":"y9111ae2cys7bp4"}
