{"type":"operationStart","subtype":"profile","data":{"_id":"VrP9gjn2x3zg0dBG","timestamp":"2024-09-09T12:00:54.690Z","state":"queued","mode":"standard","creationDate":"2024-09-09T12:00:54.692Z","modificationDate":"2024-09-09T12:00:54.692Z","shortid":"TO2zLeA","inheritedReadPermissions":[],"inheritedEditPermissions":[],"$entitySet":"profiles"},"doDiffs":false,"timestamp":1725883254691,"id":"79g64dy28s0k7of","previousOperationId":null,"operationId":"mv4jhpd674chwxr"}
{"type":"log","level":"info","message":"Render request 617 queued for execution and waiting for available worker","previousOperationId":"mv4jhpd674chwxr","timestamp":1725883254691,"id":"0eu66uxnjnnmrzo"}
{"type":"operationStart","subtype":"render","name":"xlsx invoice","previousOperationId":"mv4jhpd674chwxr","timestamp":1725883254699,"id":"uxqprqll6m4odp5","previousEventId":"79g64dy28s0k7of","operationId":"xklavvdruwrzmv4"}
{"type":"log","timestamp":1725883254699,"level":"info","message":"Starting rendering request 617 (user: admin)","meta":{"rootId":"xiv4vgwwtfmklw7","id":"xiv4vgwwtfmklw7"},"id":"sqb9ubqwin92mif","previousOperationId":"xklavvdruwrzmv4"}
{"type":"log","timestamp":1725883254699,"level":"info","message":"Rendering template { name: xlsx invoice, recipe: xlsx, engine: handlebars, preview: false }","meta":{"rootId":"xiv4vgwwtfmklw7","id":"xiv4vgwwtfmklw7"},"id":"6huiem86r7w2pb2","previousOperationId":"xklavvdruwrzmv4"}
{"type":"log","timestamp":1725883254700,"level":"debug","message":"Adding sample data WZ580PjlR","meta":{"rootId":"xiv4vgwwtfmklw7","id":"xiv4vgwwtfmklw7"},"id":"mf78gwsx3f3c0a6","previousOperationId":"xklavvdruwrzmv4"}
{"type":"log","timestamp":1725883254701,"level":"debug","message":"Base url not specified, skipping its injection.","meta":{"rootId":"xiv4vgwwtfmklw7","id":"xiv4vgwwtfmklw7"},"id":"td2a8w9th7o6lb7","previousOperationId":"xklavvdruwrzmv4"}
{"type":"operationStart","subtype":"engine","name":"handlebars","timestamp":1725883254701,"id":"116rojuzaiih5j7","previousEventId":"uxqprqll6m4odp5","operationId":"zu2aah4j7b4nc1o","previousOperationId":"xklavvdruwrzmv4"}
{"type":"log","timestamp":1725883254701,"level":"debug","message":"Rendering engine handlebars","meta":{"rootId":"xiv4vgwwtfmklw7","id":"xiv4vgwwtfmklw7"},"id":"j9kry60fjegpgmb","previousOperationId":"zu2aah4j7b4nc1o"}
{"type":"operationEnd","operationId":"zu2aah4j7b4nc1o","timestamp":1725883254707,"id":"xceqj3evxihoqu7","previousEventId":"116rojuzaiih5j7","previousOperationId":"zu2aah4j7b4nc1o"}
{"type":"operationStart","subtype":"recipe","name":"xlsx","timestamp":1725883254708,"id":"fojn8jnuhhg2841","previousEventId":"xceqj3evxihoqu7","operationId":"mdwu2n4i87b60q3","previousOperationId":"zu2aah4j7b4nc1o"}
{"type":"log","timestamp":1725883254708,"level":"debug","message":"Executing recipe xlsx","meta":{"rootId":"xiv4vgwwtfmklw7","id":"xiv4vgwwtfmklw7"},"id":"35kx63o94phxgja","previousOperationId":"mdwu2n4i87b60q3"}
{"type":"log","timestamp":1725883254708,"level":"info","message":"xlsx generation is starting","meta":{"rootId":"xiv4vgwwtfmklw7","id":"xiv4vgwwtfmklw7"},"id":"10ggmgvaptzzr20","previousOperationId":"mdwu2n4i87b60q3"}
{"type":"log","timestamp":1725883254729,"level":"debug","message":"Starting child request to render xlsx dynamic parts for generation step","meta":{"rootId":"xiv4vgwwtfmklw7","id":"xiv4vgwwtfmklw7"},"id":"iqh8ueqxy5rph9f","previousOperationId":"mdwu2n4i87b60q3"}
{"type":"operationStart","subtype":"render","name":"anonymous","previousOperationId":"mdwu2n4i87b60q3","timestamp":1725883254729,"id":"ht5ea7zbkzk74of","previousEventId":"fojn8jnuhhg2841","operationId":"t7qlz5zt2ti7ts4"}
{"type":"log","timestamp":1725883254729,"level":"info","message":"Starting rendering (child) request (user: admin)","meta":{"rootId":"xiv4vgwwtfmklw7","id":"btre459x3y9bv6v"},"id":"zjsoqg32nkbwvwd","previousOperationId":"t7qlz5zt2ti7ts4"}
{"type":"log","timestamp":1725883254729,"level":"info","message":"Rendering anonymous template { recipe: html, engine: handlebars }","meta":{"rootId":"xiv4vgwwtfmklw7","id":"btre459x3y9bv6v"},"id":"gm421hh0ke4fojm","previousOperationId":"t7qlz5zt2ti7ts4"}
{"type":"log","timestamp":1725883254729,"level":"debug","message":"Inline data specified.","meta":{"rootId":"xiv4vgwwtfmklw7","id":"btre459x3y9bv6v"},"id":"y4o9t9g7m14k1ah","previousOperationId":"t7qlz5zt2ti7ts4"}
{"type":"log","timestamp":1725883254731,"level":"debug","message":"Base url not specified, skipping its injection.","meta":{"rootId":"xiv4vgwwtfmklw7","id":"btre459x3y9bv6v"},"id":"up9mnumo9so7ex0","previousOperationId":"t7qlz5zt2ti7ts4"}
{"type":"operationStart","subtype":"engine","name":"handlebars","timestamp":1725883254731,"id":"7k4m03tglm9jy17","previousEventId":"ht5ea7zbkzk74of","operationId":"tp8g3r1k0jwvoyc","previousOperationId":"t7qlz5zt2ti7ts4"}
{"type":"log","timestamp":1725883254731,"level":"debug","message":"Rendering engine handlebars","meta":{"rootId":"xiv4vgwwtfmklw7","id":"btre459x3y9bv6v"},"id":"eqsuhsfqipd4q9i","previousOperationId":"tp8g3r1k0jwvoyc"}
{"type":"operationEnd","operationId":"tp8g3r1k0jwvoyc","timestamp":1725883254785,"id":"me1xewgdl1aac1s","previousEventId":"7k4m03tglm9jy17","previousOperationId":"tp8g3r1k0jwvoyc"}
{"type":"operationStart","subtype":"recipe","name":"html","timestamp":1725883254785,"id":"9eh5ul1ba9e0dun","previousEventId":"me1xewgdl1aac1s","operationId":"ns1gt5rki0cpies","previousOperationId":"tp8g3r1k0jwvoyc"}
{"type":"log","timestamp":1725883254785,"level":"debug","message":"Executing recipe html","meta":{"rootId":"xiv4vgwwtfmklw7","id":"btre459x3y9bv6v"},"id":"efnt0hybgcyhavy","previousOperationId":"ns1gt5rki0cpies"}
{"type":"operationEnd","operationId":"ns1gt5rki0cpies","timestamp":1725883254785,"id":"19f196glbzhvdtp","previousEventId":"9eh5ul1ba9e0dun","previousOperationId":"ns1gt5rki0cpies"}
{"type":"log","timestamp":1725883254785,"level":"debug","message":"Skipping storing report.","meta":{"rootId":"xiv4vgwwtfmklw7","id":"btre459x3y9bv6v"},"id":"g5moc0fa5qz6mmo","previousOperationId":"ns1gt5rki0cpies"}
{"type":"log","timestamp":1725883254785,"level":"info","message":"Rendering (child) request finished in 95 ms","meta":{"rootId":"xiv4vgwwtfmklw7","id":"btre459x3y9bv6v"},"id":"ssn9s58mm53ohto","previousOperationId":"ns1gt5rki0cpies"}
{"type":"operationEnd","subtype":"render","operationId":"t7qlz5zt2ti7ts4","timestamp":1725883254785,"id":"22t9zmpeo5q2une","previousEventId":"19f196glbzhvdtp","previousOperationId":"ns1gt5rki0cpies"}
{"type":"log","timestamp":1725883254801,"level":"debug","message":"xlsx successfully zipped","meta":{"rootId":"xiv4vgwwtfmklw7","id":"xiv4vgwwtfmklw7"},"id":"76aa5rq14wlvbpp","previousOperationId":"mdwu2n4i87b60q3"}
{"type":"log","timestamp":1725883254801,"level":"info","message":"xlsx generation was finished","meta":{"rootId":"xiv4vgwwtfmklw7","id":"xiv4vgwwtfmklw7"},"id":"o0qgapj1kh2o4vj","previousOperationId":"mdwu2n4i87b60q3"}
{"type":"operationEnd","operationId":"mdwu2n4i87b60q3","timestamp":1725883254802,"id":"v0cjpwyzq4shxf1","previousEventId":"fojn8jnuhhg2841","previousOperationId":"mdwu2n4i87b60q3"}
{"type":"log","timestamp":1725883254802,"level":"debug","message":"Skipping storing report.","meta":{"rootId":"xiv4vgwwtfmklw7","id":"xiv4vgwwtfmklw7"},"id":"7bgt37b6ryng7ec","previousOperationId":"mdwu2n4i87b60q3"}
{"type":"log","timestamp":1725883254802,"level":"info","message":"Rendering request 617 finished in 112 ms","meta":{"rootId":"xiv4vgwwtfmklw7","id":"xiv4vgwwtfmklw7"},"id":"f4gxt5tav53rf5n","previousOperationId":"mdwu2n4i87b60q3"}
{"type":"operationEnd","subtype":"render","operationId":"xklavvdruwrzmv4","timestamp":1725883254802,"id":"wdrq5s8en1u29vo","previousEventId":"v0cjpwyzq4shxf1","previousOperationId":"mdwu2n4i87b60q3"}
{"type":"operationEnd","doDiffs":false,"previousEventId":"79g64dy28s0k7of","previousOperationId":"mv4jhpd674chwxr","operationId":"mv4jhpd674chwxr","timestamp":1725883254804,"id":"3dpewqj7hqn52vt"}
