{"type":"operationStart","subtype":"profile","data":{"_id":"TM347AlPiiwNmXuo","timestamp":"2024-09-09T11:34:43.896Z","state":"queued","mode":"standard","creationDate":"2024-09-09T11:34:43.897Z","modificationDate":"2024-09-09T11:34:43.897Z","shortid":"PB9Y4xb","inheritedReadPermissions":[],"inheritedEditPermissions":[],"$entitySet":"profiles"},"doDiffs":false,"timestamp":1725881683897,"id":"hptppiot8gzjvtu","previousOperationId":null,"operationId":"lgnjckm5i6whnzc"}
{"type":"log","level":"info","message":"Render request 609 queued for execution and waiting for available worker","previousOperationId":"lgnjckm5i6whnzc","timestamp":1725881683897,"id":"2zky4alwdmfnaiz"}
{"type":"operationStart","subtype":"render","name":"xlsx invoice","previousOperationId":"lgnjckm5i6whnzc","timestamp":1725881683904,"id":"x2ai6bcb1e7bmgk","previousEventId":"hptppiot8gzjvtu","operationId":"ycgt2taiosrjxrj"}
{"type":"log","timestamp":1725881683904,"level":"info","message":"Starting rendering request 609 (user: admin)","meta":{"rootId":"y77jehcsahoehce","id":"y77jehcsahoehce"},"id":"tsen7mr9ft2ibim","previousOperationId":"ycgt2taiosrjxrj"}
{"type":"log","timestamp":1725881683904,"level":"info","message":"Rendering template { name: xlsx invoice, recipe: xlsx, engine: handlebars, preview: false }","meta":{"rootId":"y77jehcsahoehce","id":"y77jehcsahoehce"},"id":"k3791efcnnsmzft","previousOperationId":"ycgt2taiosrjxrj"}
{"type":"log","timestamp":1725881683905,"level":"debug","message":"Adding sample data WZ580PjlR","meta":{"rootId":"y77jehcsahoehce","id":"y77jehcsahoehce"},"id":"ogfixpvezm9paah","previousOperationId":"ycgt2taiosrjxrj"}
{"type":"log","timestamp":1725881683907,"level":"debug","message":"Base url not specified, skipping its injection.","meta":{"rootId":"y77jehcsahoehce","id":"y77jehcsahoehce"},"id":"sbnzvzl1wdg7rbp","previousOperationId":"ycgt2taiosrjxrj"}
{"type":"operationStart","subtype":"engine","name":"handlebars","timestamp":1725881683907,"id":"zc1zsfuykin9t0z","previousEventId":"x2ai6bcb1e7bmgk","operationId":"pk8fmed1fhir54j","previousOperationId":"ycgt2taiosrjxrj"}
{"type":"log","timestamp":1725881683907,"level":"debug","message":"Rendering engine handlebars","meta":{"rootId":"y77jehcsahoehce","id":"y77jehcsahoehce"},"id":"wlbsjgglurr8gwm","previousOperationId":"pk8fmed1fhir54j"}
{"type":"operationEnd","operationId":"pk8fmed1fhir54j","timestamp":1725881683914,"id":"su0mly4smdit34j","previousEventId":"zc1zsfuykin9t0z","previousOperationId":"pk8fmed1fhir54j"}
{"type":"operationStart","subtype":"recipe","name":"xlsx","timestamp":1725881683914,"id":"pvou9fvsopdfay3","previousEventId":"su0mly4smdit34j","operationId":"yxcjq2l9b6fxtme","previousOperationId":"pk8fmed1fhir54j"}
{"type":"log","timestamp":1725881683914,"level":"debug","message":"Executing recipe xlsx","meta":{"rootId":"y77jehcsahoehce","id":"y77jehcsahoehce"},"id":"okbme8u0o3by1sp","previousOperationId":"yxcjq2l9b6fxtme"}
{"type":"log","timestamp":1725881683915,"level":"info","message":"xlsx generation is starting","meta":{"rootId":"y77jehcsahoehce","id":"y77jehcsahoehce"},"id":"ghbb93y5pxsyqd2","previousOperationId":"yxcjq2l9b6fxtme"}
{"type":"log","timestamp":1725881683952,"level":"debug","message":"Starting child request to render xlsx dynamic parts for generation step","meta":{"rootId":"y77jehcsahoehce","id":"y77jehcsahoehce"},"id":"ykqeyrvpasimw1c","previousOperationId":"yxcjq2l9b6fxtme"}
{"type":"operationStart","subtype":"render","name":"anonymous","previousOperationId":"yxcjq2l9b6fxtme","timestamp":1725881683953,"id":"wutl4ij41ojflm4","previousEventId":"pvou9fvsopdfay3","operationId":"iujpuikmdcw7vqk"}
{"type":"log","timestamp":1725881683953,"level":"info","message":"Starting rendering (child) request (user: admin)","meta":{"rootId":"y77jehcsahoehce","id":"kdkh74b1roqja65"},"id":"zw0j8dvivne44ib","previousOperationId":"iujpuikmdcw7vqk"}
{"type":"log","timestamp":1725881683953,"level":"info","message":"Rendering anonymous template { recipe: html, engine: handlebars }","meta":{"rootId":"y77jehcsahoehce","id":"kdkh74b1roqja65"},"id":"yea6v699kpd9y43","previousOperationId":"iujpuikmdcw7vqk"}
{"type":"log","timestamp":1725881683953,"level":"debug","message":"Inline data specified.","meta":{"rootId":"y77jehcsahoehce","id":"kdkh74b1roqja65"},"id":"1jdlygw2q1f30bl","previousOperationId":"iujpuikmdcw7vqk"}
{"type":"log","timestamp":1725881683954,"level":"debug","message":"Base url not specified, skipping its injection.","meta":{"rootId":"y77jehcsahoehce","id":"kdkh74b1roqja65"},"id":"yzou8q0alqjq236","previousOperationId":"iujpuikmdcw7vqk"}
{"type":"operationStart","subtype":"engine","name":"handlebars","timestamp":1725881683954,"id":"4ne6h1vrcd7qjj7","previousEventId":"wutl4ij41ojflm4","operationId":"sla7m7am2jjureu","previousOperationId":"iujpuikmdcw7vqk"}
{"type":"log","timestamp":1725881683954,"level":"debug","message":"Rendering engine handlebars","meta":{"rootId":"y77jehcsahoehce","id":"kdkh74b1roqja65"},"id":"fq4q6xrcrr7ya5q","previousOperationId":"sla7m7am2jjureu"}
{"type":"operationEnd","operationId":"sla7m7am2jjureu","timestamp":1725881684039,"id":"8wbr2qk565rh9jn","previousEventId":"4ne6h1vrcd7qjj7","previousOperationId":"sla7m7am2jjureu"}
{"type":"operationStart","subtype":"recipe","name":"html","timestamp":1725881684040,"id":"ihcksctdix82q0p","previousEventId":"8wbr2qk565rh9jn","operationId":"8st16onyclnilyg","previousOperationId":"sla7m7am2jjureu"}
{"type":"log","timestamp":1725881684040,"level":"debug","message":"Executing recipe html","meta":{"rootId":"y77jehcsahoehce","id":"kdkh74b1roqja65"},"id":"zom38zflkc7fvaj","previousOperationId":"8st16onyclnilyg"}
{"type":"operationEnd","operationId":"8st16onyclnilyg","timestamp":1725881684040,"id":"09qsnu7ohfqb9u3","previousEventId":"ihcksctdix82q0p","previousOperationId":"8st16onyclnilyg"}
{"type":"log","timestamp":1725881684040,"level":"debug","message":"Skipping storing report.","meta":{"rootId":"y77jehcsahoehce","id":"kdkh74b1roqja65"},"id":"iztcylwaxwe0sph","previousOperationId":"8st16onyclnilyg"}
{"type":"log","timestamp":1725881684040,"level":"info","message":"Rendering (child) request finished in 144 ms","meta":{"rootId":"y77jehcsahoehce","id":"kdkh74b1roqja65"},"id":"yxveb174kcrqofa","previousOperationId":"8st16onyclnilyg"}
{"type":"operationEnd","subtype":"render","operationId":"iujpuikmdcw7vqk","timestamp":1725881684040,"id":"958mi0qoxx0u6j5","previousEventId":"09qsnu7ohfqb9u3","previousOperationId":"8st16onyclnilyg"}
{"type":"log","timestamp":1725881684068,"level":"debug","message":"xlsx successfully zipped","meta":{"rootId":"y77jehcsahoehce","id":"y77jehcsahoehce"},"id":"4hkhq70fy2nbomp","previousOperationId":"yxcjq2l9b6fxtme"}
{"type":"log","timestamp":1725881684068,"level":"info","message":"xlsx generation was finished","meta":{"rootId":"y77jehcsahoehce","id":"y77jehcsahoehce"},"id":"o7pkjiax47vnwwx","previousOperationId":"yxcjq2l9b6fxtme"}
{"type":"operationEnd","operationId":"yxcjq2l9b6fxtme","timestamp":1725881684072,"id":"khanp72g19tfqyk","previousEventId":"pvou9fvsopdfay3","previousOperationId":"yxcjq2l9b6fxtme"}
{"type":"log","timestamp":1725881684072,"level":"debug","message":"Skipping storing report.","meta":{"rootId":"y77jehcsahoehce","id":"y77jehcsahoehce"},"id":"kp85jln56chlee7","previousOperationId":"yxcjq2l9b6fxtme"}
{"type":"log","timestamp":1725881684072,"level":"info","message":"Rendering request 609 finished in 176 ms","meta":{"rootId":"y77jehcsahoehce","id":"y77jehcsahoehce"},"id":"phj2kf1xte1kise","previousOperationId":"yxcjq2l9b6fxtme"}
{"type":"operationEnd","subtype":"render","operationId":"ycgt2taiosrjxrj","timestamp":1725881684072,"id":"vle68da1jwkwa5d","previousEventId":"khanp72g19tfqyk","previousOperationId":"yxcjq2l9b6fxtme"}
{"type":"operationEnd","doDiffs":false,"previousEventId":"hptppiot8gzjvtu","previousOperationId":"lgnjckm5i6whnzc","operationId":"lgnjckm5i6whnzc","timestamp":1725881684075,"id":"6d1a67l75l714vk"}
