{"type":"operationStart","subtype":"profile","data":{"_id":"FerCe9RlnpqlGanp","timestamp":"2024-09-10T02:56:42.011Z","state":"queued","mode":"standard","creationDate":"2024-09-10T02:56:42.015Z","modificationDate":"2024-09-10T02:56:42.015Z","shortid":"K5te1K1","inheritedReadPermissions":[],"inheritedEditPermissions":[],"$entitySet":"profiles"},"doDiffs":false,"timestamp":1725937002013,"id":"6hoi7jjzbcpq7ih","previousOperationId":null,"operationId":"umg4ssy4muooduy"}
{"type":"log","level":"info","message":"Render request 3 queued for execution and waiting for available worker","previousOperationId":"umg4ssy4muooduy","timestamp":1725937002013,"id":"6vo2hsk8xz8ievf"}
{"type":"operationStart","subtype":"render","name":"xlsx invoice","previousOperationId":"umg4ssy4muooduy","timestamp":1725937002025,"id":"iond9t75fc7flpi","previousEventId":"6hoi7jjzbcpq7ih","operationId":"n0225cq53fc9xi6"}
{"type":"log","timestamp":1725937002025,"level":"info","message":"Starting rendering request 3 (user: admin)","meta":{"rootId":"yxssf11n2qcj07a","id":"yxssf11n2qcj07a"},"id":"bpbrw4wcpim4e9d","previousOperationId":"n0225cq53fc9xi6"}
{"type":"log","timestamp":1725937002025,"level":"info","message":"Rendering template { name: xlsx invoice, recipe: xlsx, engine: handlebars, preview: true }","meta":{"rootId":"yxssf11n2qcj07a","id":"yxssf11n2qcj07a"},"id":"qa5dsqjbj3xper5","previousOperationId":"n0225cq53fc9xi6"}
{"type":"log","timestamp":1725937002026,"level":"debug","message":"Adding sample data WZ580PjlR","meta":{"rootId":"yxssf11n2qcj07a","id":"yxssf11n2qcj07a"},"id":"lsfv2yj0novz1kk","previousOperationId":"n0225cq53fc9xi6"}
{"type":"log","timestamp":1725937002028,"level":"debug","message":"Base url not specified, skipping its injection.","meta":{"rootId":"yxssf11n2qcj07a","id":"yxssf11n2qcj07a"},"id":"ervgnuok5gl327r","previousOperationId":"n0225cq53fc9xi6"}
{"type":"operationStart","subtype":"engine","name":"handlebars","timestamp":1725937002028,"id":"1v19l3g12mv6a3l","previousEventId":"iond9t75fc7flpi","operationId":"y77s74q38a5ztbw","previousOperationId":"n0225cq53fc9xi6"}
{"type":"log","timestamp":1725937002028,"level":"debug","message":"Rendering engine handlebars","meta":{"rootId":"yxssf11n2qcj07a","id":"yxssf11n2qcj07a"},"id":"02lem3lcyb36im9","previousOperationId":"y77s74q38a5ztbw"}
{"type":"operationEnd","operationId":"y77s74q38a5ztbw","timestamp":1725937002037,"id":"i9kz7ioyc0q1p8b","previousEventId":"1v19l3g12mv6a3l","previousOperationId":"y77s74q38a5ztbw"}
{"type":"operationStart","subtype":"recipe","name":"xlsx","timestamp":1725937002037,"id":"iuxxp8a5265byfs","previousEventId":"i9kz7ioyc0q1p8b","operationId":"5f2sewm9fu7bqpq","previousOperationId":"y77s74q38a5ztbw"}
{"type":"log","timestamp":1725937002037,"level":"debug","message":"Executing recipe xlsx","meta":{"rootId":"yxssf11n2qcj07a","id":"yxssf11n2qcj07a"},"id":"tx6jhkekahgms1c","previousOperationId":"5f2sewm9fu7bqpq"}
{"type":"log","timestamp":1725937002037,"level":"info","message":"xlsx generation is starting","meta":{"rootId":"yxssf11n2qcj07a","id":"yxssf11n2qcj07a"},"id":"8zau092erg75kc0","previousOperationId":"5f2sewm9fu7bqpq"}
{"type":"log","timestamp":1725937002077,"level":"debug","message":"Starting child request to render xlsx dynamic parts for generation step","meta":{"rootId":"yxssf11n2qcj07a","id":"yxssf11n2qcj07a"},"id":"9cfs9gkrxessap2","previousOperationId":"5f2sewm9fu7bqpq"}
{"type":"operationStart","subtype":"render","name":"anonymous","previousOperationId":"5f2sewm9fu7bqpq","timestamp":1725937002077,"id":"bi52e72x2lq5xna","previousEventId":"iuxxp8a5265byfs","operationId":"o1e2m1itz5mugkb"}
{"type":"log","timestamp":1725937002077,"level":"info","message":"Starting rendering (child) request (user: admin)","meta":{"rootId":"yxssf11n2qcj07a","id":"3yyiesdwpcwsbhy"},"id":"g9yv8q060oiaczb","previousOperationId":"o1e2m1itz5mugkb"}
{"type":"log","timestamp":1725937002077,"level":"info","message":"Rendering anonymous template { recipe: html, engine: handlebars }","meta":{"rootId":"yxssf11n2qcj07a","id":"3yyiesdwpcwsbhy"},"id":"3i9kf3o5vcp7fh6","previousOperationId":"o1e2m1itz5mugkb"}
{"type":"log","timestamp":1725937002078,"level":"debug","message":"Inline data specified.","meta":{"rootId":"yxssf11n2qcj07a","id":"3yyiesdwpcwsbhy"},"id":"f95l40126ydjwtk","previousOperationId":"o1e2m1itz5mugkb"}
{"type":"log","timestamp":1725937002078,"level":"debug","message":"Base url not specified, skipping its injection.","meta":{"rootId":"yxssf11n2qcj07a","id":"3yyiesdwpcwsbhy"},"id":"qygylalj9oh3juz","previousOperationId":"o1e2m1itz5mugkb"}
{"type":"operationStart","subtype":"engine","name":"handlebars","timestamp":1725937002078,"id":"28xljdmv00wn077","previousEventId":"bi52e72x2lq5xna","operationId":"e4um1j9tbay7aaw","previousOperationId":"o1e2m1itz5mugkb"}
{"type":"log","timestamp":1725937002079,"level":"debug","message":"Rendering engine handlebars","meta":{"rootId":"yxssf11n2qcj07a","id":"3yyiesdwpcwsbhy"},"id":"od6pc71g7u2gm0s","previousOperationId":"e4um1j9tbay7aaw"}
{"type":"operationEnd","operationId":"e4um1j9tbay7aaw","timestamp":1725937002144,"id":"7njyz1rybi42xqt","previousEventId":"28xljdmv00wn077","previousOperationId":"e4um1j9tbay7aaw"}
{"type":"operationStart","subtype":"recipe","name":"html","timestamp":1725937002144,"id":"lkj11lfyh5n85j0","previousEventId":"7njyz1rybi42xqt","operationId":"0n33qd4g944bvai","previousOperationId":"e4um1j9tbay7aaw"}
{"type":"log","timestamp":1725937002144,"level":"debug","message":"Executing recipe html","meta":{"rootId":"yxssf11n2qcj07a","id":"3yyiesdwpcwsbhy"},"id":"16uly3qq99zmc1r","previousOperationId":"0n33qd4g944bvai"}
{"type":"operationEnd","operationId":"0n33qd4g944bvai","timestamp":1725937002144,"id":"ssyetv4gjgk9105","previousEventId":"lkj11lfyh5n85j0","previousOperationId":"0n33qd4g944bvai"}
{"type":"log","timestamp":1725937002144,"level":"debug","message":"Skipping storing report.","meta":{"rootId":"yxssf11n2qcj07a","id":"3yyiesdwpcwsbhy"},"id":"wi5guzhx5k213ie","previousOperationId":"0n33qd4g944bvai"}
{"type":"log","timestamp":1725937002144,"level":"info","message":"Rendering (child) request finished in 133 ms","meta":{"rootId":"yxssf11n2qcj07a","id":"3yyiesdwpcwsbhy"},"id":"w1i4qgz9zj6rc8t","previousOperationId":"0n33qd4g944bvai"}
{"type":"operationEnd","subtype":"render","operationId":"o1e2m1itz5mugkb","timestamp":1725937002144,"id":"y9atkrddv2nco2b","previousEventId":"ssyetv4gjgk9105","previousOperationId":"0n33qd4g944bvai"}
{"type":"log","timestamp":1725937002181,"level":"debug","message":"xlsx successfully zipped","meta":{"rootId":"yxssf11n2qcj07a","id":"yxssf11n2qcj07a"},"id":"32eoxyswl0273rb","previousOperationId":"5f2sewm9fu7bqpq"}
{"type":"log","timestamp":1725937002181,"level":"info","message":"xlsx generation was finished","meta":{"rootId":"yxssf11n2qcj07a","id":"yxssf11n2qcj07a"},"id":"yr5gf9zkux2edoj","previousOperationId":"5f2sewm9fu7bqpq"}
{"type":"log","timestamp":1725937002181,"level":"debug","message":"preparing office preview","meta":{"rootId":"yxssf11n2qcj07a","id":"yxssf11n2qcj07a"},"id":"i33iwijcr88v16y","previousOperationId":"5f2sewm9fu7bqpq"}
{"type":"operationEnd","operationId":"5f2sewm9fu7bqpq","timestamp":1725937002598,"id":"rzbm07qijhqiet6","previousEventId":"iuxxp8a5265byfs","previousOperationId":"5f2sewm9fu7bqpq"}
{"type":"log","timestamp":1725937002598,"level":"debug","message":"Skipping storing report.","meta":{"rootId":"yxssf11n2qcj07a","id":"yxssf11n2qcj07a"},"id":"o1s23g756llyb6q","previousOperationId":"5f2sewm9fu7bqpq"}
{"type":"log","timestamp":1725937002599,"level":"info","message":"Rendering request 3 finished in 588 ms","meta":{"rootId":"yxssf11n2qcj07a","id":"yxssf11n2qcj07a"},"id":"8jwhzmntp5zh11a","previousOperationId":"5f2sewm9fu7bqpq"}
{"type":"operationEnd","subtype":"render","operationId":"n0225cq53fc9xi6","timestamp":1725937002599,"id":"dmfbak63r4jbzvg","previousEventId":"rzbm07qijhqiet6","previousOperationId":"5f2sewm9fu7bqpq"}
{"type":"operationEnd","doDiffs":false,"previousEventId":"6hoi7jjzbcpq7ih","previousOperationId":"umg4ssy4muooduy","operationId":"umg4ssy4muooduy","timestamp":1725937002601,"id":"ijuv098z3yhwua5"}
