{"type":"operationStart","subtype":"profile","data":{"_id":"MJlUlRUIik5eAjqG","timestamp":"2024-09-09T11:38:20.578Z","state":"queued","mode":"standard","creationDate":"2024-09-09T11:38:20.580Z","modificationDate":"2024-09-09T11:38:20.580Z","shortid":"9OdshSO","inheritedReadPermissions":[],"inheritedEditPermissions":[],"$entitySet":"profiles"},"doDiffs":false,"timestamp":1725881900579,"id":"mf2mxq6unxt9kzd","previousOperationId":null,"operationId":"884kyaow47a4bqz"}
{"type":"log","level":"info","message":"Render request 613 queued for execution and waiting for available worker","previousOperationId":"884kyaow47a4bqz","timestamp":1725881900580,"id":"0ttlpvtb4i457zu"}
{"type":"operationStart","subtype":"render","name":"xlsx invoice","previousOperationId":"884kyaow47a4bqz","timestamp":1725881900587,"id":"cw3shxf2uggast3","previousEventId":"mf2mxq6unxt9kzd","operationId":"jzwaap2ioo7yodr"}
{"type":"log","timestamp":1725881900587,"level":"info","message":"Starting rendering request 613 (user: admin)","meta":{"rootId":"z577c1g30f9tesj","id":"z577c1g30f9tesj"},"id":"afwqao5qcz103un","previousOperationId":"jzwaap2ioo7yodr"}
{"type":"log","timestamp":1725881900587,"level":"info","message":"Rendering template { name: xlsx invoice, recipe: xlsx, engine: handlebars, preview: true }","meta":{"rootId":"z577c1g30f9tesj","id":"z577c1g30f9tesj"},"id":"owdv38op2yyqhza","previousOperationId":"jzwaap2ioo7yodr"}
{"type":"log","timestamp":1725881900588,"level":"debug","message":"Inline data specified.","meta":{"rootId":"z577c1g30f9tesj","id":"z577c1g30f9tesj"},"id":"jeyy6bog4b2y8nz","previousOperationId":"jzwaap2ioo7yodr"}
{"type":"log","timestamp":1725881900589,"level":"debug","message":"Base url not specified, skipping its injection.","meta":{"rootId":"z577c1g30f9tesj","id":"z577c1g30f9tesj"},"id":"w0li6mm81qp29qi","previousOperationId":"jzwaap2ioo7yodr"}
{"type":"operationStart","subtype":"engine","name":"handlebars","timestamp":1725881900589,"id":"h146ko4vp5869tw","previousEventId":"cw3shxf2uggast3","operationId":"pl5fb85efv7iepi","previousOperationId":"jzwaap2ioo7yodr"}
{"type":"log","timestamp":1725881900589,"level":"debug","message":"Rendering engine handlebars","meta":{"rootId":"z577c1g30f9tesj","id":"z577c1g30f9tesj"},"id":"vhbh4kxjjissika","previousOperationId":"pl5fb85efv7iepi"}
{"type":"operationEnd","operationId":"pl5fb85efv7iepi","timestamp":1725881900595,"id":"iffok9vsg36b743","previousEventId":"h146ko4vp5869tw","previousOperationId":"pl5fb85efv7iepi"}
{"type":"operationStart","subtype":"recipe","name":"xlsx","timestamp":1725881900595,"id":"n3ok74j78irdt9q","previousEventId":"iffok9vsg36b743","operationId":"in5mjw9tfiaklp8","previousOperationId":"pl5fb85efv7iepi"}
{"type":"log","timestamp":1725881900595,"level":"debug","message":"Executing recipe xlsx","meta":{"rootId":"z577c1g30f9tesj","id":"z577c1g30f9tesj"},"id":"zadlwwh9i8roym5","previousOperationId":"in5mjw9tfiaklp8"}
{"type":"log","timestamp":1725881900596,"level":"info","message":"xlsx generation is starting","meta":{"rootId":"z577c1g30f9tesj","id":"z577c1g30f9tesj"},"id":"s0tezzsq9t1ujy3","previousOperationId":"in5mjw9tfiaklp8"}
{"type":"log","timestamp":1725881900622,"level":"debug","message":"Starting child request to render xlsx dynamic parts for generation step","meta":{"rootId":"z577c1g30f9tesj","id":"z577c1g30f9tesj"},"id":"f8s5ncfrbqque14","previousOperationId":"in5mjw9tfiaklp8"}
{"type":"operationStart","subtype":"render","name":"anonymous","previousOperationId":"in5mjw9tfiaklp8","timestamp":1725881900622,"id":"wdijr0kfzdxupi9","previousEventId":"n3ok74j78irdt9q","operationId":"g199nmjenvg6h83"}
{"type":"log","timestamp":1725881900622,"level":"info","message":"Starting rendering (child) request (user: admin)","meta":{"rootId":"z577c1g30f9tesj","id":"n76z02zmgtvb2wv"},"id":"vageuetxbjeu6qy","previousOperationId":"g199nmjenvg6h83"}
{"type":"log","timestamp":1725881900622,"level":"info","message":"Rendering anonymous template { recipe: html, engine: handlebars }","meta":{"rootId":"z577c1g30f9tesj","id":"n76z02zmgtvb2wv"},"id":"8vjtbfi55myitiu","previousOperationId":"g199nmjenvg6h83"}
{"type":"log","timestamp":1725881900622,"level":"debug","message":"Inline data specified.","meta":{"rootId":"z577c1g30f9tesj","id":"n76z02zmgtvb2wv"},"id":"atp1vhu74bso4p7","previousOperationId":"g199nmjenvg6h83"}
{"type":"log","timestamp":1725881900624,"level":"debug","message":"Base url not specified, skipping its injection.","meta":{"rootId":"z577c1g30f9tesj","id":"n76z02zmgtvb2wv"},"id":"51r5rkdantlrkzr","previousOperationId":"g199nmjenvg6h83"}
{"type":"operationStart","subtype":"engine","name":"handlebars","timestamp":1725881900624,"id":"2kjjf697572dgu6","previousEventId":"wdijr0kfzdxupi9","operationId":"xnupm1643ud6jwh","previousOperationId":"g199nmjenvg6h83"}
{"type":"log","timestamp":1725881900624,"level":"debug","message":"Rendering engine handlebars","meta":{"rootId":"z577c1g30f9tesj","id":"n76z02zmgtvb2wv"},"id":"v1vh7qjhqwfw2rz","previousOperationId":"xnupm1643ud6jwh"}
{"type":"operationEnd","operationId":"xnupm1643ud6jwh","timestamp":1725881900691,"id":"p7ak9ml3q4bc166","previousEventId":"2kjjf697572dgu6","previousOperationId":"xnupm1643ud6jwh"}
{"type":"operationStart","subtype":"recipe","name":"html","timestamp":1725881900691,"id":"64v6hlhqcyn02f2","previousEventId":"p7ak9ml3q4bc166","operationId":"hmobybs4ybayoti","previousOperationId":"xnupm1643ud6jwh"}
{"type":"log","timestamp":1725881900691,"level":"debug","message":"Executing recipe html","meta":{"rootId":"z577c1g30f9tesj","id":"n76z02zmgtvb2wv"},"id":"2v3p1tfg55lay7h","previousOperationId":"hmobybs4ybayoti"}
{"type":"operationEnd","operationId":"hmobybs4ybayoti","timestamp":1725881900691,"id":"fh6fgjf1v0kgp43","previousEventId":"64v6hlhqcyn02f2","previousOperationId":"hmobybs4ybayoti"}
{"type":"log","timestamp":1725881900691,"level":"debug","message":"Skipping storing report.","meta":{"rootId":"z577c1g30f9tesj","id":"n76z02zmgtvb2wv"},"id":"apls5f1wosmy4cj","previousOperationId":"hmobybs4ybayoti"}
{"type":"log","timestamp":1725881900691,"level":"info","message":"Rendering (child) request finished in 113 ms","meta":{"rootId":"z577c1g30f9tesj","id":"n76z02zmgtvb2wv"},"id":"hfg98ac32a9xq86","previousOperationId":"hmobybs4ybayoti"}
{"type":"operationEnd","subtype":"render","operationId":"g199nmjenvg6h83","timestamp":1725881900692,"id":"8wb4gj86i669jfb","previousEventId":"fh6fgjf1v0kgp43","previousOperationId":"hmobybs4ybayoti"}
{"type":"log","timestamp":1725881900713,"level":"debug","message":"xlsx successfully zipped","meta":{"rootId":"z577c1g30f9tesj","id":"z577c1g30f9tesj"},"id":"8rxj319loz0gphh","previousOperationId":"in5mjw9tfiaklp8"}
{"type":"log","timestamp":1725881900713,"level":"info","message":"xlsx generation was finished","meta":{"rootId":"z577c1g30f9tesj","id":"z577c1g30f9tesj"},"id":"oxntgfddkbcoxk2","previousOperationId":"in5mjw9tfiaklp8"}
{"type":"log","timestamp":1725881900713,"level":"debug","message":"preparing office preview","meta":{"rootId":"z577c1g30f9tesj","id":"z577c1g30f9tesj"},"id":"azhwrinch1sbznx","previousOperationId":"in5mjw9tfiaklp8"}
{"type":"operationEnd","operationId":"in5mjw9tfiaklp8","timestamp":1725881901140,"id":"dhieqfb8k3cw2i3","previousEventId":"n3ok74j78irdt9q","previousOperationId":"in5mjw9tfiaklp8"}
{"type":"log","timestamp":1725881901140,"level":"debug","message":"Skipping storing report.","meta":{"rootId":"z577c1g30f9tesj","id":"z577c1g30f9tesj"},"id":"a0nn3ph3akjnak8","previousOperationId":"in5mjw9tfiaklp8"}
{"type":"log","timestamp":1725881901140,"level":"info","message":"Rendering request 613 finished in 562 ms","meta":{"rootId":"z577c1g30f9tesj","id":"z577c1g30f9tesj"},"id":"6wdss8etzn6585q","previousOperationId":"in5mjw9tfiaklp8"}
{"type":"operationEnd","subtype":"render","operationId":"jzwaap2ioo7yodr","timestamp":1725881901140,"id":"2sbolrvc52y0bva","previousEventId":"dhieqfb8k3cw2i3","previousOperationId":"in5mjw9tfiaklp8"}
{"type":"operationEnd","doDiffs":false,"previousEventId":"mf2mxq6unxt9kzd","previousOperationId":"884kyaow47a4bqz","operationId":"884kyaow47a4bqz","timestamp":1725881901145,"id":"8eoo0t6vbuio2z1"}
