{"type":"operationStart","subtype":"profile","data":{"_id":"MXyybg8xZBrMUrah","timestamp":"2024-09-09T12:06:55.202Z","state":"queued","mode":"standard","creationDate":"2024-09-09T12:06:55.204Z","modificationDate":"2024-09-09T12:06:55.204Z","shortid":"2tWaLzK","inheritedReadPermissions":[],"inheritedEditPermissions":[],"$entitySet":"profiles"},"doDiffs":false,"timestamp":1725883615203,"id":"ai8s8wxy6be9gvc","previousOperationId":null,"operationId":"syhblwgec71hdqv"}
{"type":"log","level":"info","message":"Render request 627 queued for execution and waiting for available worker","previousOperationId":"syhblwgec71hdqv","timestamp":1725883615204,"id":"zruu45hga3anvwm"}
{"type":"operationStart","subtype":"render","name":"xlsx invoice","previousOperationId":"syhblwgec71hdqv","timestamp":1725883615211,"id":"j38inn3wnhjw2xb","previousEventId":"ai8s8wxy6be9gvc","operationId":"ecouuvgmbt2zxef"}
{"type":"log","timestamp":1725883615211,"level":"info","message":"Starting rendering request 627 (user: admin)","meta":{"rootId":"zmus5uwzejbfuf1","id":"zmus5uwzejbfuf1"},"id":"px92wa6rr16ewhh","previousOperationId":"ecouuvgmbt2zxef"}
{"type":"log","timestamp":1725883615211,"level":"info","message":"Rendering template { name: xlsx invoice, recipe: xlsx, engine: handlebars, preview: true }","meta":{"rootId":"zmus5uwzejbfuf1","id":"zmus5uwzejbfuf1"},"id":"suxphzs0d41l51n","previousOperationId":"ecouuvgmbt2zxef"}
{"type":"log","timestamp":1725883615211,"level":"debug","message":"Inline data specified.","meta":{"rootId":"zmus5uwzejbfuf1","id":"zmus5uwzejbfuf1"},"id":"4ki1hq7k3d581ux","previousOperationId":"ecouuvgmbt2zxef"}
{"type":"log","timestamp":1725883615212,"level":"debug","message":"Base url not specified, skipping its injection.","meta":{"rootId":"zmus5uwzejbfuf1","id":"zmus5uwzejbfuf1"},"id":"7awriooc1txjfee","previousOperationId":"ecouuvgmbt2zxef"}
{"type":"operationStart","subtype":"engine","name":"handlebars","timestamp":1725883615213,"id":"7ebgei4ifwgjdb0","previousEventId":"j38inn3wnhjw2xb","operationId":"ke6mz37mv2xfq14","previousOperationId":"ecouuvgmbt2zxef"}
{"type":"log","timestamp":1725883615213,"level":"debug","message":"Rendering engine handlebars","meta":{"rootId":"zmus5uwzejbfuf1","id":"zmus5uwzejbfuf1"},"id":"mne2cu7gm4idldv","previousOperationId":"ke6mz37mv2xfq14"}
{"type":"operationEnd","operationId":"ke6mz37mv2xfq14","timestamp":1725883615217,"id":"ufem1xvdokzohh2","previousEventId":"7ebgei4ifwgjdb0","previousOperationId":"ke6mz37mv2xfq14"}
{"type":"operationStart","subtype":"recipe","name":"xlsx","timestamp":1725883615217,"id":"2fd5ri7phh8634k","previousEventId":"ufem1xvdokzohh2","operationId":"zodvnhudqqt94zv","previousOperationId":"ke6mz37mv2xfq14"}
{"type":"log","timestamp":1725883615217,"level":"debug","message":"Executing recipe xlsx","meta":{"rootId":"zmus5uwzejbfuf1","id":"zmus5uwzejbfuf1"},"id":"blj0sx9tu70xfbc","previousOperationId":"zodvnhudqqt94zv"}
{"type":"log","timestamp":1725883615218,"level":"info","message":"xlsx generation is starting","meta":{"rootId":"zmus5uwzejbfuf1","id":"zmus5uwzejbfuf1"},"id":"nbiajmtke0wfn4f","previousOperationId":"zodvnhudqqt94zv"}
{"type":"log","timestamp":1725883615235,"level":"debug","message":"Starting child request to render xlsx dynamic parts for generation step","meta":{"rootId":"zmus5uwzejbfuf1","id":"zmus5uwzejbfuf1"},"id":"cwj25uh0726mdgk","previousOperationId":"zodvnhudqqt94zv"}
{"type":"operationStart","subtype":"render","name":"anonymous","previousOperationId":"zodvnhudqqt94zv","timestamp":1725883615235,"id":"mnms6tbinzd826x","previousEventId":"2fd5ri7phh8634k","operationId":"drdibgj6i9kqr7z"}
{"type":"log","timestamp":1725883615235,"level":"info","message":"Starting rendering (child) request (user: admin)","meta":{"rootId":"zmus5uwzejbfuf1","id":"i548fhtml3pzdfb"},"id":"7p8xzivp5t752r9","previousOperationId":"drdibgj6i9kqr7z"}
{"type":"log","timestamp":1725883615235,"level":"info","message":"Rendering anonymous template { recipe: html, engine: handlebars }","meta":{"rootId":"zmus5uwzejbfuf1","id":"i548fhtml3pzdfb"},"id":"3230yilz1tgjr29","previousOperationId":"drdibgj6i9kqr7z"}
{"type":"log","timestamp":1725883615235,"level":"debug","message":"Inline data specified.","meta":{"rootId":"zmus5uwzejbfuf1","id":"i548fhtml3pzdfb"},"id":"6owpjqr21ng2qak","previousOperationId":"drdibgj6i9kqr7z"}
{"type":"log","timestamp":1725883615242,"level":"debug","message":"Base url not specified, skipping its injection.","meta":{"rootId":"zmus5uwzejbfuf1","id":"i548fhtml3pzdfb"},"id":"60rm4ko36pfjdkp","previousOperationId":"drdibgj6i9kqr7z"}
{"type":"operationStart","subtype":"engine","name":"handlebars","timestamp":1725883615242,"id":"mtpzhdayb53rsjf","previousEventId":"mnms6tbinzd826x","operationId":"lfl4shmcstmnyt4","previousOperationId":"drdibgj6i9kqr7z"}
{"type":"log","timestamp":1725883615242,"level":"debug","message":"Rendering engine handlebars","meta":{"rootId":"zmus5uwzejbfuf1","id":"i548fhtml3pzdfb"},"id":"sdju20cikwpe2zk","previousOperationId":"lfl4shmcstmnyt4"}
{"type":"operationEnd","operationId":"lfl4shmcstmnyt4","timestamp":1725883615287,"id":"ra573pere0j51o3","previousEventId":"mtpzhdayb53rsjf","previousOperationId":"lfl4shmcstmnyt4"}
{"type":"operationStart","subtype":"recipe","name":"html","timestamp":1725883615287,"id":"wm3xeejc83e2evn","previousEventId":"ra573pere0j51o3","operationId":"ysg884foj6mgncd","previousOperationId":"lfl4shmcstmnyt4"}
{"type":"log","timestamp":1725883615287,"level":"debug","message":"Executing recipe html","meta":{"rootId":"zmus5uwzejbfuf1","id":"i548fhtml3pzdfb"},"id":"ub07g8yioljx40f","previousOperationId":"ysg884foj6mgncd"}
{"type":"operationEnd","operationId":"ysg884foj6mgncd","timestamp":1725883615287,"id":"lhec1ebjqtel68f","previousEventId":"wm3xeejc83e2evn","previousOperationId":"ysg884foj6mgncd"}
{"type":"log","timestamp":1725883615287,"level":"debug","message":"Skipping storing report.","meta":{"rootId":"zmus5uwzejbfuf1","id":"i548fhtml3pzdfb"},"id":"l2a9vfzzpjy55t0","previousOperationId":"ysg884foj6mgncd"}
{"type":"log","timestamp":1725883615287,"level":"info","message":"Rendering (child) request finished in 85 ms","meta":{"rootId":"zmus5uwzejbfuf1","id":"i548fhtml3pzdfb"},"id":"0kgzvybrkcojxp9","previousOperationId":"ysg884foj6mgncd"}
{"type":"operationEnd","subtype":"render","operationId":"drdibgj6i9kqr7z","timestamp":1725883615287,"id":"0vcecfuv786ggb0","previousEventId":"lhec1ebjqtel68f","previousOperationId":"ysg884foj6mgncd"}
{"type":"log","timestamp":1725883615300,"level":"debug","message":"xlsx successfully zipped","meta":{"rootId":"zmus5uwzejbfuf1","id":"zmus5uwzejbfuf1"},"id":"bl6m22pqsb5f26r","previousOperationId":"zodvnhudqqt94zv"}
{"type":"log","timestamp":1725883615300,"level":"info","message":"xlsx generation was finished","meta":{"rootId":"zmus5uwzejbfuf1","id":"zmus5uwzejbfuf1"},"id":"uezzxauvqcitj16","previousOperationId":"zodvnhudqqt94zv"}
{"type":"log","timestamp":1725883615300,"level":"debug","message":"preparing office preview","meta":{"rootId":"zmus5uwzejbfuf1","id":"zmus5uwzejbfuf1"},"id":"w9knoonwlb4v6qi","previousOperationId":"zodvnhudqqt94zv"}
{"type":"operationEnd","operationId":"zodvnhudqqt94zv","timestamp":1725883615691,"id":"46vakhnu8wocd4l","previousEventId":"2fd5ri7phh8634k","previousOperationId":"zodvnhudqqt94zv"}
{"type":"log","timestamp":1725883615691,"level":"debug","message":"Skipping storing report.","meta":{"rootId":"zmus5uwzejbfuf1","id":"zmus5uwzejbfuf1"},"id":"sye5i8fvcyymsgd","previousOperationId":"zodvnhudqqt94zv"}
{"type":"log","timestamp":1725883615691,"level":"info","message":"Rendering request 627 finished in 489 ms","meta":{"rootId":"zmus5uwzejbfuf1","id":"zmus5uwzejbfuf1"},"id":"mas88gp4jx35jkq","previousOperationId":"zodvnhudqqt94zv"}
{"type":"operationEnd","subtype":"render","operationId":"ecouuvgmbt2zxef","timestamp":1725883615691,"id":"r39mdtucm0nhxq0","previousEventId":"46vakhnu8wocd4l","previousOperationId":"zodvnhudqqt94zv"}
{"type":"operationEnd","doDiffs":false,"previousEventId":"ai8s8wxy6be9gvc","previousOperationId":"syhblwgec71hdqv","operationId":"syhblwgec71hdqv","timestamp":1725883615693,"id":"a2oz9tesxy1hw3y"}
