{"type":"operationStart","subtype":"profile","data":{"_id":"iTs5xXQlEOMcorae","timestamp":"2024-09-09T11:15:01.120Z","state":"queued","mode":"standard","creationDate":"2024-09-09T11:15:01.123Z","modificationDate":"2024-09-09T11:15:01.123Z","shortid":"USy81NK","inheritedReadPermissions":[],"inheritedEditPermissions":[],"$entitySet":"profiles"},"doDiffs":false,"timestamp":1725880501122,"id":"n830wv5yz65q5yy","previousOperationId":null,"operationId":"xgl3r067uzzq6vn"}
{"type":"log","level":"info","message":"Render request 604 queued for execution and waiting for available worker","previousOperationId":"xgl3r067uzzq6vn","timestamp":1725880501122,"id":"pktn4gspjpxe1cs"}
{"type":"operationStart","subtype":"render","name":"production","previousOperationId":"xgl3r067uzzq6vn","timestamp":1725880501131,"id":"jmz8kw7ztfg4xdd","previousEventId":"n830wv5yz65q5yy","operationId":"fjveidd7enikqbc"}
{"type":"log","timestamp":1725880501131,"level":"info","message":"Starting rendering request 604 (user: admin)","meta":{"rootId":"fqqsgbk1jp49o60","id":"fqqsgbk1jp49o60"},"id":"xmq8nx1x3phk9t6","previousOperationId":"fjveidd7enikqbc"}
{"type":"log","timestamp":1725880501131,"level":"info","message":"Rendering template { name: production, recipe: xlsx, engine: handlebars, preview: true }","meta":{"rootId":"fqqsgbk1jp49o60","id":"fqqsgbk1jp49o60"},"id":"fhprjeo7lgakg16","previousOperationId":"fjveidd7enikqbc"}
{"type":"log","timestamp":1725880501131,"level":"debug","message":"Data item not defined for this template.","meta":{"rootId":"fqqsgbk1jp49o60","id":"fqqsgbk1jp49o60"},"id":"4ox68k3jv9xgkni","previousOperationId":"fjveidd7enikqbc"}
{"type":"log","timestamp":1725880501134,"level":"debug","message":"Base url not specified, skipping its injection.","meta":{"rootId":"fqqsgbk1jp49o60","id":"fqqsgbk1jp49o60"},"id":"d3uxq8wq1c69d6b","previousOperationId":"fjveidd7enikqbc"}
{"type":"operationStart","subtype":"engine","name":"handlebars","timestamp":1725880501134,"id":"c2bf47663wxf1m5","previousEventId":"jmz8kw7ztfg4xdd","operationId":"c7wakat5l384c10","previousOperationId":"fjveidd7enikqbc"}
{"type":"log","timestamp":1725880501134,"level":"debug","message":"Rendering engine handlebars","meta":{"rootId":"fqqsgbk1jp49o60","id":"fqqsgbk1jp49o60"},"id":"pltrg80ansttr7z","previousOperationId":"c7wakat5l384c10"}
{"type":"operationEnd","operationId":"c7wakat5l384c10","timestamp":1725880501140,"id":"ppfwb9tcmpgqqk4","previousEventId":"c2bf47663wxf1m5","previousOperationId":"c7wakat5l384c10"}
{"type":"operationStart","subtype":"recipe","name":"xlsx","timestamp":1725880501140,"id":"vw33h37jz13h9x0","previousEventId":"ppfwb9tcmpgqqk4","operationId":"gx3crojljx2fryh","previousOperationId":"c7wakat5l384c10"}
{"type":"log","timestamp":1725880501140,"level":"debug","message":"Executing recipe xlsx","meta":{"rootId":"fqqsgbk1jp49o60","id":"fqqsgbk1jp49o60"},"id":"kq66gnvi3wzf9j7","previousOperationId":"gx3crojljx2fryh"}
{"type":"log","timestamp":1725880501140,"level":"info","message":"xlsx generation is starting","meta":{"rootId":"fqqsgbk1jp49o60","id":"fqqsgbk1jp49o60"},"id":"x6sdibkpjm9ijsy","previousOperationId":"gx3crojljx2fryh"}
{"type":"log","timestamp":1725880501160,"level":"debug","message":"Starting child request to render xlsx dynamic parts for generation step","meta":{"rootId":"fqqsgbk1jp49o60","id":"fqqsgbk1jp49o60"},"id":"tq7bjcn9jwcurot","previousOperationId":"gx3crojljx2fryh"}
{"type":"operationStart","subtype":"render","name":"anonymous","previousOperationId":"gx3crojljx2fryh","timestamp":1725880501160,"id":"ad5yloek3nrlj4n","previousEventId":"vw33h37jz13h9x0","operationId":"czbis6htxv0i61r"}
{"type":"log","timestamp":1725880501160,"level":"info","message":"Starting rendering (child) request (user: admin)","meta":{"rootId":"fqqsgbk1jp49o60","id":"u8xh657lr23pcbz"},"id":"r62b3nt8k5prf4w","previousOperationId":"czbis6htxv0i61r"}
{"type":"log","timestamp":1725880501160,"level":"info","message":"Rendering anonymous template { recipe: html, engine: handlebars }","meta":{"rootId":"fqqsgbk1jp49o60","id":"u8xh657lr23pcbz"},"id":"m0xxnyw3gt9kxml","previousOperationId":"czbis6htxv0i61r"}
{"type":"log","timestamp":1725880501160,"level":"debug","message":"Data item not defined for this template.","meta":{"rootId":"fqqsgbk1jp49o60","id":"u8xh657lr23pcbz"},"id":"ohstswbsqn0915d","previousOperationId":"czbis6htxv0i61r"}
{"type":"log","timestamp":1725880501161,"level":"debug","message":"Base url not specified, skipping its injection.","meta":{"rootId":"fqqsgbk1jp49o60","id":"u8xh657lr23pcbz"},"id":"zmutgv3ack5kmhi","previousOperationId":"czbis6htxv0i61r"}
{"type":"operationStart","subtype":"engine","name":"handlebars","timestamp":1725880501161,"id":"cbfatfwqvz9af0x","previousEventId":"ad5yloek3nrlj4n","operationId":"9use0eg0am1dqdu","previousOperationId":"czbis6htxv0i61r"}
{"type":"log","timestamp":1725880501161,"level":"debug","message":"Rendering engine handlebars","meta":{"rootId":"fqqsgbk1jp49o60","id":"u8xh657lr23pcbz"},"id":"tmjroi14lz595ph","previousOperationId":"9use0eg0am1dqdu"}
{"type":"operationEnd","operationId":"9use0eg0am1dqdu","timestamp":1725880501170,"id":"1p6lennp3mczi26","previousEventId":"cbfatfwqvz9af0x","previousOperationId":"9use0eg0am1dqdu"}
{"type":"operationStart","subtype":"recipe","name":"html","timestamp":1725880501171,"id":"b6eek0u8xz1ouj3","previousEventId":"1p6lennp3mczi26","operationId":"1pa9d4nelhlgfro","previousOperationId":"9use0eg0am1dqdu"}
{"type":"log","timestamp":1725880501171,"level":"debug","message":"Executing recipe html","meta":{"rootId":"fqqsgbk1jp49o60","id":"u8xh657lr23pcbz"},"id":"nn0pm8n3711je6p","previousOperationId":"1pa9d4nelhlgfro"}
{"type":"operationEnd","operationId":"1pa9d4nelhlgfro","timestamp":1725880501171,"id":"uohsfi8oct8gdoh","previousEventId":"b6eek0u8xz1ouj3","previousOperationId":"1pa9d4nelhlgfro"}
{"type":"log","timestamp":1725880501171,"level":"debug","message":"Skipping storing report.","meta":{"rootId":"fqqsgbk1jp49o60","id":"u8xh657lr23pcbz"},"id":"b9hw9gj549csoky","previousOperationId":"1pa9d4nelhlgfro"}
{"type":"log","timestamp":1725880501171,"level":"info","message":"Rendering (child) request finished in 51 ms","meta":{"rootId":"fqqsgbk1jp49o60","id":"u8xh657lr23pcbz"},"id":"ox5olv2mvm0dce2","previousOperationId":"1pa9d4nelhlgfro"}
{"type":"operationEnd","subtype":"render","operationId":"czbis6htxv0i61r","timestamp":1725880501171,"id":"do4btr5z9r8fbn3","previousEventId":"uohsfi8oct8gdoh","previousOperationId":"1pa9d4nelhlgfro"}
{"type":"log","timestamp":1725880501191,"level":"debug","message":"xlsx successfully zipped","meta":{"rootId":"fqqsgbk1jp49o60","id":"fqqsgbk1jp49o60"},"id":"t9es3fpi7u0b5fg","previousOperationId":"gx3crojljx2fryh"}
{"type":"log","timestamp":1725880501191,"level":"info","message":"xlsx generation was finished","meta":{"rootId":"fqqsgbk1jp49o60","id":"fqqsgbk1jp49o60"},"id":"e9wtnakvz7zrj9r","previousOperationId":"gx3crojljx2fryh"}
{"type":"log","timestamp":1725880501191,"level":"debug","message":"preparing office preview","meta":{"rootId":"fqqsgbk1jp49o60","id":"fqqsgbk1jp49o60"},"id":"3ln8q4i6mk54gdk","previousOperationId":"gx3crojljx2fryh"}
{"type":"operationEnd","operationId":"gx3crojljx2fryh","timestamp":1725880501627,"id":"24wvc8uyl6hrhdl","previousEventId":"vw33h37jz13h9x0","previousOperationId":"gx3crojljx2fryh"}
{"type":"log","timestamp":1725880501628,"level":"debug","message":"Skipping storing report.","meta":{"rootId":"fqqsgbk1jp49o60","id":"fqqsgbk1jp49o60"},"id":"azqaylw1rlpnjrd","previousOperationId":"gx3crojljx2fryh"}
{"type":"log","timestamp":1725880501628,"level":"info","message":"Rendering request 604 finished in 508 ms","meta":{"rootId":"fqqsgbk1jp49o60","id":"fqqsgbk1jp49o60"},"id":"a0d00ct67flf8wd","previousOperationId":"gx3crojljx2fryh"}
{"type":"operationEnd","subtype":"render","operationId":"fjveidd7enikqbc","timestamp":1725880501628,"id":"tnnsrl1vipepnh5","previousEventId":"24wvc8uyl6hrhdl","previousOperationId":"gx3crojljx2fryh"}
{"type":"operationEnd","doDiffs":false,"previousEventId":"n830wv5yz65q5yy","previousOperationId":"xgl3r067uzzq6vn","operationId":"xgl3r067uzzq6vn","timestamp":1725880501629,"id":"qd5dohcpiukl1js"}
