{"type":"operationStart","subtype":"profile","data":{"_id":"EtgVqwaC0yZtod9a","timestamp":"2024-08-27T02:15:57.318Z","state":"queued","mode":"standard","creationDate":"2024-08-27T02:15:57.321Z","modificationDate":"2024-08-27T02:15:57.321Z","shortid":"ZktgGy5","inheritedReadPermissions":[],"inheritedEditPermissions":[],"$entitySet":"profiles"},"doDiffs":false,"timestamp":1724724957320,"id":"laj8vmn8a353gda","previousOperationId":null,"operationId":"ko4rkqvo0qs1fop"}
{"type":"log","level":"info","message":"Render request 6 queued for execution and waiting for available worker","previousOperationId":"ko4rkqvo0qs1fop","timestamp":1724724957320,"id":"sk0cem0qtxfpasu"}
{"type":"operationStart","subtype":"render","name":"header-footer","previousOperationId":"ko4rkqvo0qs1fop","timestamp":1724724957329,"id":"qgpfm15yovxow9j","previousEventId":"laj8vmn8a353gda","operationId":"kj3b2959k5d8o7u"}
{"type":"log","timestamp":1724724957329,"level":"info","message":"Starting rendering request 6 (user: admin)","meta":{"rootId":"6ec53v5pa3i1vmi","id":"6ec53v5pa3i1vmi"},"id":"ao557somj8hoffd","previousOperationId":"kj3b2959k5d8o7u"}
{"type":"log","timestamp":1724724957329,"level":"info","message":"Rendering template { name: header-footer, recipe: chrome-pdf, engine: handlebars, preview: true }","meta":{"rootId":"6ec53v5pa3i1vmi","id":"6ec53v5pa3i1vmi"},"id":"yommzgc79bc5a8h","previousOperationId":"kj3b2959k5d8o7u"}
{"type":"log","timestamp":1724724957330,"level":"debug","message":"Data item not defined for this template.","meta":{"rootId":"6ec53v5pa3i1vmi","id":"6ec53v5pa3i1vmi"},"id":"9upmywat8x0tvud","previousOperationId":"kj3b2959k5d8o7u"}
{"type":"log","timestamp":1724724957333,"level":"debug","message":"Base url not specified, skipping its injection.","meta":{"rootId":"6ec53v5pa3i1vmi","id":"6ec53v5pa3i1vmi"},"id":"8dpmqzk0hdaxycw","previousOperationId":"kj3b2959k5d8o7u"}
{"type":"operationStart","subtype":"engine","name":"handlebars","timestamp":1724724957333,"id":"2gz34b8eoe83ltx","previousEventId":"qgpfm15yovxow9j","operationId":"436ttfb18wh9q9y","previousOperationId":"kj3b2959k5d8o7u"}
{"type":"log","timestamp":1724724957333,"level":"debug","message":"Rendering engine handlebars","meta":{"rootId":"6ec53v5pa3i1vmi","id":"6ec53v5pa3i1vmi"},"id":"c64tuwpwv1g4xwh","previousOperationId":"436ttfb18wh9q9y"}
{"type":"operationEnd","operationId":"436ttfb18wh9q9y","timestamp":1724724957341,"id":"pyr4fkm0m8wuohd","previousEventId":"2gz34b8eoe83ltx","previousOperationId":"436ttfb18wh9q9y"}
{"type":"operationStart","subtype":"recipe","name":"chrome-pdf","timestamp":1724724957342,"id":"i5mjo9nkdi2dv44","previousEventId":"pyr4fkm0m8wuohd","operationId":"ueud9kor1fopm11","previousOperationId":"436ttfb18wh9q9y"}
{"type":"log","timestamp":1724724957342,"level":"debug","message":"Executing recipe chrome-pdf","meta":{"rootId":"6ec53v5pa3i1vmi","id":"6ec53v5pa3i1vmi"},"id":"o9nsttx6d0u50tg","previousOperationId":"ueud9kor1fopm11"}
{"type":"log","timestamp":1724724957345,"level":"debug","message":"Converting with chrome Chrome/127.0.6533.99 using chrome-pool strategy","meta":{"rootId":"6ec53v5pa3i1vmi","id":"6ec53v5pa3i1vmi"},"id":"eyx0okw9z9qozm3","previousOperationId":"ueud9kor1fopm11"}
{"type":"log","timestamp":1724724957401,"level":"debug","message":"Page request: GET (document) file:///C:/Users/shsmo/AppData/Local/Temp/jsreport/autocleanup/80249a4d-3270-45ea-aea8-a9cd71ee87d9-chrome-pdf.html","meta":{"rootId":"6ec53v5pa3i1vmi","id":"6ec53v5pa3i1vmi"},"id":"qa7swslwm1p35w3","previousOperationId":"ueud9kor1fopm11"}
{"type":"log","timestamp":1724724957417,"level":"debug","message":"Page request finished: GET (document) 200 file:///C:/Users/shsmo/AppData/Local/Temp/jsreport/autocleanup/80249a4d-3270-45ea-aea8-a9cd71ee87d9-chrome-pdf.html","meta":{"rootId":"6ec53v5pa3i1vmi","id":"6ec53v5pa3i1vmi"},"id":"oogdnxjylzlqpv6","previousOperationId":"ueud9kor1fopm11"}
{"type":"log","timestamp":1724724957421,"level":"debug","message":"Page request: GET (script) https://cdn.tailwindcss.com/","meta":{"rootId":"6ec53v5pa3i1vmi","id":"6ec53v5pa3i1vmi"},"id":"se2yap3ax137l54","previousOperationId":"ueud9kor1fopm11"}
{"type":"log","timestamp":1724724957431,"level":"warn","message":"Page request failed: GET (script) 302 https://cdn.tailwindcss.com/ (redirect to: /3.4.5)","meta":{"rootId":"6ec53v5pa3i1vmi","id":"6ec53v5pa3i1vmi"},"id":"wtyfjxc1i6fciog","previousOperationId":"ueud9kor1fopm11"}
{"type":"log","timestamp":1724724957432,"level":"debug","message":"Page request: GET (script) https://cdn.tailwindcss.com/3.4.5 (redirect from: https://cdn.tailwindcss.com/)","meta":{"rootId":"6ec53v5pa3i1vmi","id":"6ec53v5pa3i1vmi"},"id":"17qcge8dmqxbfdf","previousOperationId":"ueud9kor1fopm11"}
{"type":"log","timestamp":1724724957454,"level":"debug","message":"Page request finished: GET (script) 200 https://cdn.tailwindcss.com/3.4.5","meta":{"rootId":"6ec53v5pa3i1vmi","id":"6ec53v5pa3i1vmi"},"id":"19ih4yuecjho7iw","previousOperationId":"ueud9kor1fopm11"}
{"type":"log","timestamp":1724724957497,"level":"debug","message":"(console:warn) cdn.tailwindcss.com should not be used in production. To use Tailwind CSS in production, install it as a PostCSS plugin or use the Tailwind CLI: https://tailwindcss.com/docs/installation","meta":{"userLevel":true,"rootId":"6ec53v5pa3i1vmi","id":"6ec53v5pa3i1vmi"},"id":"zou132g0xmv7rtv","previousOperationId":"ueud9kor1fopm11"}
{"type":"log","timestamp":1724724957564,"level":"debug","message":"Running chrome with params {\"marginTop\":\"\",\"timeout\":59975,\"margin\":{\"top\":\"\"},\"printBackground\":true}","meta":{"rootId":"6ec53v5pa3i1vmi","id":"6ec53v5pa3i1vmi"},"id":"291vi6if870yp4u","previousOperationId":"ueud9kor1fopm11"}
{"type":"operationEnd","operationId":"ueud9kor1fopm11","timestamp":1724724957605,"id":"xpd1wjjqiyra8su","previousEventId":"i5mjo9nkdi2dv44","previousOperationId":"ueud9kor1fopm11"}
{"type":"log","timestamp":1724724957605,"level":"debug","message":"Skipping storing report.","meta":{"rootId":"6ec53v5pa3i1vmi","id":"6ec53v5pa3i1vmi"},"id":"rr7ue4f84ysgfwc","previousOperationId":"ueud9kor1fopm11"}
{"type":"log","timestamp":1724724957605,"level":"info","message":"Rendering request 6 finished in 287 ms","meta":{"rootId":"6ec53v5pa3i1vmi","id":"6ec53v5pa3i1vmi"},"id":"ofbn0bfut9r3yx5","previousOperationId":"ueud9kor1fopm11"}
{"type":"operationEnd","subtype":"render","operationId":"kj3b2959k5d8o7u","timestamp":1724724957605,"id":"yyfv7rd46k1vk2x","previousEventId":"xpd1wjjqiyra8su","previousOperationId":"ueud9kor1fopm11"}
{"type":"operationEnd","doDiffs":false,"previousEventId":"laj8vmn8a353gda","previousOperationId":"ko4rkqvo0qs1fop","operationId":"ko4rkqvo0qs1fop","timestamp":1724724957607,"id":"g8b0nn7sfl1hiq7"}
