{"type":"operationStart","subtype":"profile","data":{"_id":"wicZqItNHfctedlC","timestamp":"2024-08-27T02:15:08.006Z","state":"queued","mode":"standard","creationDate":"2024-08-27T02:15:08.009Z","modificationDate":"2024-08-27T02:15:08.009Z","shortid":"GU37AER","inheritedReadPermissions":[],"inheritedEditPermissions":[],"$entitySet":"profiles"},"doDiffs":false,"timestamp":1724724908008,"id":"eboc32gql2ge4s8","previousOperationId":null,"operationId":"nng73m8dc0i24zs"}
{"type":"log","level":"info","message":"Render request 3 queued for execution and waiting for available worker","previousOperationId":"nng73m8dc0i24zs","timestamp":1724724908008,"id":"k1h6g3231rtp53s"}
{"type":"operationStart","subtype":"render","name":"header-footer","previousOperationId":"nng73m8dc0i24zs","timestamp":1724724908021,"id":"54ds41k6zwcirwd","previousEventId":"eboc32gql2ge4s8","operationId":"q6269vtpyjurxsp"}
{"type":"log","timestamp":1724724908021,"level":"info","message":"Starting rendering request 3 (user: admin)","meta":{"rootId":"9dcd27jck9kn6ev","id":"9dcd27jck9kn6ev"},"id":"a0n0gesrsffj7wq","previousOperationId":"q6269vtpyjurxsp"}
{"type":"log","timestamp":1724724908021,"level":"info","message":"Rendering template { name: header-footer, recipe: chrome-pdf, engine: handlebars, preview: true }","meta":{"rootId":"9dcd27jck9kn6ev","id":"9dcd27jck9kn6ev"},"id":"xgh9u1y8ou7br4z","previousOperationId":"q6269vtpyjurxsp"}
{"type":"log","timestamp":1724724908022,"level":"debug","message":"Data item not defined for this template.","meta":{"rootId":"9dcd27jck9kn6ev","id":"9dcd27jck9kn6ev"},"id":"8uo80cbxoul07nl","previousOperationId":"q6269vtpyjurxsp"}
{"type":"log","timestamp":1724724908024,"level":"debug","message":"Base url not specified, skipping its injection.","meta":{"rootId":"9dcd27jck9kn6ev","id":"9dcd27jck9kn6ev"},"id":"bmw99z161c1qt5n","previousOperationId":"q6269vtpyjurxsp"}
{"type":"operationStart","subtype":"engine","name":"handlebars","timestamp":1724724908024,"id":"irdtkbp0leazyln","previousEventId":"54ds41k6zwcirwd","operationId":"cnygwe4n8aq2xlr","previousOperationId":"q6269vtpyjurxsp"}
{"type":"log","timestamp":1724724908024,"level":"debug","message":"Rendering engine handlebars","meta":{"rootId":"9dcd27jck9kn6ev","id":"9dcd27jck9kn6ev"},"id":"2vxw6sr0jnkmnlh","previousOperationId":"cnygwe4n8aq2xlr"}
{"type":"operationEnd","operationId":"cnygwe4n8aq2xlr","timestamp":1724724908039,"id":"p7hzsit3nlqrb32","previousEventId":"irdtkbp0leazyln","previousOperationId":"cnygwe4n8aq2xlr"}
{"type":"operationStart","subtype":"recipe","name":"chrome-pdf","timestamp":1724724908039,"id":"dwi797k84wbquwq","previousEventId":"p7hzsit3nlqrb32","operationId":"7rqlezhytac4s2m","previousOperationId":"cnygwe4n8aq2xlr"}
{"type":"log","timestamp":1724724908039,"level":"debug","message":"Executing recipe chrome-pdf","meta":{"rootId":"9dcd27jck9kn6ev","id":"9dcd27jck9kn6ev"},"id":"kpse6o2uo10ej4u","previousOperationId":"7rqlezhytac4s2m"}
{"type":"log","timestamp":1724724908043,"level":"debug","message":"Converting with chrome Chrome/127.0.6533.99 using chrome-pool strategy","meta":{"rootId":"9dcd27jck9kn6ev","id":"9dcd27jck9kn6ev"},"id":"dnw5w5f10y8i8yu","previousOperationId":"7rqlezhytac4s2m"}
{"type":"log","timestamp":1724724908102,"level":"debug","message":"Page request: GET (document) file:///C:/Users/shsmo/AppData/Local/Temp/jsreport/autocleanup/462f4204-892e-45f4-bad1-c35378f9e0f7-chrome-pdf.html","meta":{"rootId":"9dcd27jck9kn6ev","id":"9dcd27jck9kn6ev"},"id":"xe2c4auo8m464e7","previousOperationId":"7rqlezhytac4s2m"}
{"type":"log","timestamp":1724724908140,"level":"debug","message":"Page request finished: GET (document) 200 file:///C:/Users/shsmo/AppData/Local/Temp/jsreport/autocleanup/462f4204-892e-45f4-bad1-c35378f9e0f7-chrome-pdf.html","meta":{"rootId":"9dcd27jck9kn6ev","id":"9dcd27jck9kn6ev"},"id":"0p8sxnpbtnox677","previousOperationId":"7rqlezhytac4s2m"}
{"type":"log","timestamp":1724724908140,"level":"debug","message":"Page request: GET (script) https://cdn.tailwindcss.com/","meta":{"rootId":"9dcd27jck9kn6ev","id":"9dcd27jck9kn6ev"},"id":"2zlj4ul1tqjz6du","previousOperationId":"7rqlezhytac4s2m"}
{"type":"log","timestamp":1724724908152,"level":"warn","message":"Page request failed: GET (script) 302 https://cdn.tailwindcss.com/ (redirect to: /3.4.5)","meta":{"rootId":"9dcd27jck9kn6ev","id":"9dcd27jck9kn6ev"},"id":"kqjl7feufyzbpqv","previousOperationId":"7rqlezhytac4s2m"}
{"type":"log","timestamp":1724724908152,"level":"debug","message":"Page request: GET (script) https://cdn.tailwindcss.com/3.4.5 (redirect from: https://cdn.tailwindcss.com/)","meta":{"rootId":"9dcd27jck9kn6ev","id":"9dcd27jck9kn6ev"},"id":"35ln7m6gf2i85m5","previousOperationId":"7rqlezhytac4s2m"}
{"type":"log","timestamp":1724724908175,"level":"debug","message":"Page request finished: GET (script) 200 https://cdn.tailwindcss.com/3.4.5","meta":{"rootId":"9dcd27jck9kn6ev","id":"9dcd27jck9kn6ev"},"id":"d7qz7ozkoatbdpl","previousOperationId":"7rqlezhytac4s2m"}
{"type":"log","timestamp":1724724908215,"level":"debug","message":"(console:warn) cdn.tailwindcss.com should not be used in production. To use Tailwind CSS in production, install it as a PostCSS plugin or use the Tailwind CLI: https://tailwindcss.com/docs/installation","meta":{"userLevel":true,"rootId":"9dcd27jck9kn6ev","id":"9dcd27jck9kn6ev"},"id":"ik3t1ox8vu8pnjs","previousOperationId":"7rqlezhytac4s2m"}
{"type":"log","timestamp":1724724908305,"level":"debug","message":"Running chrome with params {\"timeout\":59964,\"margin\":{},\"printBackground\":true}","meta":{"rootId":"9dcd27jck9kn6ev","id":"9dcd27jck9kn6ev"},"id":"8hrkj3367j8hdvq","previousOperationId":"7rqlezhytac4s2m"}
{"type":"operationEnd","operationId":"7rqlezhytac4s2m","timestamp":1724724908360,"id":"wp8zrfknffhvw14","previousEventId":"dwi797k84wbquwq","previousOperationId":"7rqlezhytac4s2m"}
{"type":"log","timestamp":1724724908360,"level":"debug","message":"Skipping storing report.","meta":{"rootId":"9dcd27jck9kn6ev","id":"9dcd27jck9kn6ev"},"id":"imx4a3y7a94aikm","previousOperationId":"7rqlezhytac4s2m"}
{"type":"log","timestamp":1724724908360,"level":"info","message":"Rendering request 3 finished in 354 ms","meta":{"rootId":"9dcd27jck9kn6ev","id":"9dcd27jck9kn6ev"},"id":"re3qb4en82y56hh","previousOperationId":"7rqlezhytac4s2m"}
{"type":"operationEnd","subtype":"render","operationId":"q6269vtpyjurxsp","timestamp":1724724908360,"id":"3sfb05y7wfr7x4f","previousEventId":"wp8zrfknffhvw14","previousOperationId":"7rqlezhytac4s2m"}
{"type":"operationEnd","doDiffs":false,"previousEventId":"eboc32gql2ge4s8","previousOperationId":"nng73m8dc0i24zs","operationId":"nng73m8dc0i24zs","timestamp":1724724908364,"id":"4azg94s0o2zyi6q"}
