{"type":"operationStart","subtype":"profile","data":{"_id":"2CrVT4LHK40prDaU","timestamp":"2024-08-24T05:39:59.583Z","state":"queued","mode":"standard","creationDate":"2024-08-24T05:39:59.585Z","modificationDate":"2024-08-24T05:39:59.585Z","shortid":"QWYW0bm","inheritedReadPermissions":[],"inheritedEditPermissions":[],"$entitySet":"profiles"},"doDiffs":false,"timestamp":1724477999584,"id":"4x3jtk84x3xyh9x","previousOperationId":null,"operationId":"cdb36mf6isbp64e"}
{"type":"log","level":"info","message":"Render request 19 queued for execution and waiting for available worker","previousOperationId":"cdb36mf6isbp64e","timestamp":1724477999585,"id":"ea9ab81j1hzczfs"}
{"type":"operationStart","subtype":"render","name":"site_visit_report","previousOperationId":"cdb36mf6isbp64e","timestamp":1724477999593,"id":"7wj59qvab2v1dec","previousEventId":"4x3jtk84x3xyh9x","operationId":"uu1dwra11ggtuhy"}
{"type":"log","timestamp":1724477999593,"level":"info","message":"Starting rendering request 19 (user: admin)","meta":{"rootId":"0snrogpbzbxrz52","id":"0snrogpbzbxrz52"},"id":"0r5deciffipu1xq","previousOperationId":"uu1dwra11ggtuhy"}
{"type":"log","timestamp":1724477999593,"level":"info","message":"Rendering template { name: site_visit_report, recipe: chrome-pdf, engine: handlebars, preview: true }","meta":{"rootId":"0snrogpbzbxrz52","id":"0snrogpbzbxrz52"},"id":"yg35mlg6fc31r6o","previousOperationId":"uu1dwra11ggtuhy"}
{"type":"log","timestamp":1724477999594,"level":"debug","message":"Inline data specified.","meta":{"rootId":"0snrogpbzbxrz52","id":"0snrogpbzbxrz52"},"id":"ptk7wy1skicxmf0","previousOperationId":"uu1dwra11ggtuhy"}
{"type":"log","timestamp":1724477999595,"level":"debug","message":"Base url not specified, skipping its injection.","meta":{"rootId":"0snrogpbzbxrz52","id":"0snrogpbzbxrz52"},"id":"45x465h8r44217y","previousOperationId":"uu1dwra11ggtuhy"}
{"type":"log","timestamp":1724477999605,"level":"debug","message":"Replaced assets [\"KhmerOSSiemreapRegular.ttf\",\"KhmerOSMuolLightRegular.ttf\",\"times_new_roman.ttf\",\"Tacteing.ttf\",\"limons1l.ttf\",\"/asset/images/draft-km.png\"]","meta":{"rootId":"0snrogpbzbxrz52","id":"0snrogpbzbxrz52"},"id":"tzeo3pl4c2nzxz6","previousOperationId":"uu1dwra11ggtuhy"}
{"type":"operationStart","subtype":"engine","name":"handlebars","timestamp":1724477999606,"id":"7r9itcsp9w40vd0","previousEventId":"7wj59qvab2v1dec","operationId":"gfvvxy2i7tbcl6q","previousOperationId":"uu1dwra11ggtuhy"}
{"type":"log","timestamp":1724477999606,"level":"debug","message":"Rendering engine handlebars","meta":{"rootId":"0snrogpbzbxrz52","id":"0snrogpbzbxrz52"},"id":"ukc7l0uhbfh5tbh","previousOperationId":"gfvvxy2i7tbcl6q"}
{"type":"operationEnd","operationId":"gfvvxy2i7tbcl6q","timestamp":1724477999613,"id":"94kjh3mledkfl8j","previousEventId":"7r9itcsp9w40vd0","previousOperationId":"gfvvxy2i7tbcl6q"}
{"type":"operationStart","subtype":"recipe","name":"chrome-pdf","timestamp":1724477999614,"id":"q175y2c7db0d5el","previousEventId":"94kjh3mledkfl8j","operationId":"p8wv30fk8373ows","previousOperationId":"gfvvxy2i7tbcl6q"}
{"type":"log","timestamp":1724477999614,"level":"debug","message":"Executing recipe chrome-pdf","meta":{"rootId":"0snrogpbzbxrz52","id":"0snrogpbzbxrz52"},"id":"xz3gae7trfw1dfc","previousOperationId":"p8wv30fk8373ows"}
{"type":"log","timestamp":1724477999616,"level":"debug","message":"Converting with chrome Chrome/127.0.6533.99 using chrome-pool strategy","meta":{"rootId":"0snrogpbzbxrz52","id":"0snrogpbzbxrz52"},"id":"qi0yvwganvdbj8h","previousOperationId":"p8wv30fk8373ows"}
{"type":"log","timestamp":1724477999665,"level":"debug","message":"Page request: GET (document) file:///C:/Users/shsmo/AppData/Local/Temp/jsreport/autocleanup/95695b64-b686-4a33-93df-d8cd8dc3c68c-chrome-pdf.html","meta":{"rootId":"0snrogpbzbxrz52","id":"0snrogpbzbxrz52"},"id":"vizb93nx5wevcbj","previousOperationId":"p8wv30fk8373ows"}
{"type":"log","timestamp":1724477999680,"level":"debug","message":"Page request finished: GET (document) 200 file:///C:/Users/shsmo/AppData/Local/Temp/jsreport/autocleanup/95695b64-b686-4a33-93df-d8cd8dc3c68c-chrome-pdf.html","meta":{"rootId":"0snrogpbzbxrz52","id":"0snrogpbzbxrz52"},"id":"0vg47gkjwxomrkp","previousOperationId":"p8wv30fk8373ows"}
{"type":"log","timestamp":1724477999680,"level":"debug","message":"Page request: GET (stylesheet) file:///C:/asset/css/main-style.css","meta":{"rootId":"0snrogpbzbxrz52","id":"0snrogpbzbxrz52"},"id":"39tp5bl72bzkqz2","previousOperationId":"p8wv30fk8373ows"}
{"type":"log","timestamp":1724477999683,"level":"debug","message":"Page request: GET (script) https://cdn.tailwindcss.com/","meta":{"rootId":"0snrogpbzbxrz52","id":"0snrogpbzbxrz52"},"id":"7tpq94tp1xr4hpa","previousOperationId":"p8wv30fk8373ows"}
{"type":"log","timestamp":1724477999684,"level":"warn","message":"Page request failed: GET (stylesheet) file:///C:/asset/css/main-style.css, failure: net::ERR_FILE_NOT_FOUND","meta":{"rootId":"0snrogpbzbxrz52","id":"0snrogpbzbxrz52"},"id":"nadn54x0kdi3xvn","previousOperationId":"p8wv30fk8373ows"}
{"type":"log","timestamp":1724477999684,"level":"debug","message":"(console:error) Failed to load resource: net::ERR_FILE_NOT_FOUND","meta":{"userLevel":true,"rootId":"0snrogpbzbxrz52","id":"0snrogpbzbxrz52"},"id":"grqeegv9993ok29","previousOperationId":"p8wv30fk8373ows"}
{"type":"log","timestamp":1724477999690,"level":"warn","message":"Page request failed: GET (script) 302 https://cdn.tailwindcss.com/ (redirect to: /3.4.5)","meta":{"rootId":"0snrogpbzbxrz52","id":"0snrogpbzbxrz52"},"id":"ppzdz384afis77t","previousOperationId":"p8wv30fk8373ows"}
{"type":"log","timestamp":1724477999691,"level":"debug","message":"Page request: GET (script) https://cdn.tailwindcss.com/3.4.5 (redirect from: https://cdn.tailwindcss.com/)","meta":{"rootId":"0snrogpbzbxrz52","id":"0snrogpbzbxrz52"},"id":"6dbbifcjl1kthq1","previousOperationId":"p8wv30fk8373ows"}
{"type":"log","timestamp":1724477999708,"level":"debug","message":"Page request finished: GET (script) 200 https://cdn.tailwindcss.com/3.4.5","meta":{"rootId":"0snrogpbzbxrz52","id":"0snrogpbzbxrz52"},"id":"bafhfgmtc8wzw8t","previousOperationId":"p8wv30fk8373ows"}
{"type":"log","timestamp":1724477999750,"level":"debug","message":"(console:warn) cdn.tailwindcss.com should not be used in production. To use Tailwind CSS in production, install it as a PostCSS plugin or use the Tailwind CLI: https://tailwindcss.com/docs/installation","meta":{"userLevel":true,"rootId":"0snrogpbzbxrz52","id":"0snrogpbzbxrz52"},"id":"i7ijd8ndfygtigw","previousOperationId":"p8wv30fk8373ows"}
{"type":"log","timestamp":1724477999870,"level":"debug","message":"Running chrome with params {\"printBackground\":true,\"format\":\"A4\",\"marginTop\":\"1cm\",\"marginBottom\":\"2cm\",\"timeout\":59968,\"margin\":{\"top\":\"1cm\",\"bottom\":\"2cm\"}}","meta":{"rootId":"0snrogpbzbxrz52","id":"0snrogpbzbxrz52"},"id":"ca7c6z2pyz75uxa","previousOperationId":"p8wv30fk8373ows"}
{"type":"operationEnd","operationId":"p8wv30fk8373ows","timestamp":1724478000031,"id":"0oaf2pzvtfqjrqd","previousEventId":"q175y2c7db0d5el","previousOperationId":"p8wv30fk8373ows"}
{"type":"log","timestamp":1724478000031,"level":"debug","message":"Skipping storing report.","meta":{"rootId":"0snrogpbzbxrz52","id":"0snrogpbzbxrz52"},"id":"7sane6zm2nh9bja","previousOperationId":"p8wv30fk8373ows"}
{"type":"log","timestamp":1724478000031,"level":"info","message":"Rendering request 19 finished in 448 ms","meta":{"rootId":"0snrogpbzbxrz52","id":"0snrogpbzbxrz52"},"id":"cdmg24xonn1g9uq","previousOperationId":"p8wv30fk8373ows"}
{"type":"operationEnd","subtype":"render","operationId":"uu1dwra11ggtuhy","timestamp":1724478000031,"id":"rt21gjam65rq1mw","previousEventId":"0oaf2pzvtfqjrqd","previousOperationId":"p8wv30fk8373ows"}
{"type":"operationEnd","doDiffs":false,"previousEventId":"4x3jtk84x3xyh9x","previousOperationId":"cdb36mf6isbp64e","operationId":"cdb36mf6isbp64e","timestamp":1724478000034,"id":"86c6d8xul13tq5e"}
