{"type":"operationStart","subtype":"profile","data":{"_id":"SBOk7KRk9FXQxp2I","timestamp":"2024-08-24T05:47:45.451Z","state":"queued","mode":"standard","creationDate":"2024-08-24T05:47:45.453Z","modificationDate":"2024-08-24T05:47:45.453Z","shortid":"EoqUrcd","inheritedReadPermissions":[],"inheritedEditPermissions":[],"$entitySet":"profiles"},"doDiffs":false,"timestamp":1724478465452,"id":"dmlnv280vkgv0lt","previousOperationId":null,"operationId":"kc2bujov273i8p2"}
{"type":"log","level":"info","message":"Render request 25 queued for execution and waiting for available worker","previousOperationId":"kc2bujov273i8p2","timestamp":1724478465452,"id":"ab3t7ltnozwlwd4"}
{"type":"operationStart","subtype":"render","name":"site_visit_report","previousOperationId":"kc2bujov273i8p2","timestamp":1724478465460,"id":"6qkmiz18whaypyx","previousEventId":"dmlnv280vkgv0lt","operationId":"1mdf79x9zl4nt6l"}
{"type":"log","timestamp":1724478465460,"level":"info","message":"Starting rendering request 25 (user: admin)","meta":{"rootId":"2hlbouddlhy87tg","id":"2hlbouddlhy87tg"},"id":"4c4e82rn8gigdfk","previousOperationId":"1mdf79x9zl4nt6l"}
{"type":"log","timestamp":1724478465460,"level":"info","message":"Rendering template { name: site_visit_report, recipe: chrome-pdf, engine: handlebars, preview: true }","meta":{"rootId":"2hlbouddlhy87tg","id":"2hlbouddlhy87tg"},"id":"vc58r4y56c1ayap","previousOperationId":"1mdf79x9zl4nt6l"}
{"type":"log","timestamp":1724478465461,"level":"debug","message":"Inline data specified.","meta":{"rootId":"2hlbouddlhy87tg","id":"2hlbouddlhy87tg"},"id":"tqjlmdyomg7a1qr","previousOperationId":"1mdf79x9zl4nt6l"}
{"type":"log","timestamp":1724478465462,"level":"debug","message":"Base url not specified, skipping its injection.","meta":{"rootId":"2hlbouddlhy87tg","id":"2hlbouddlhy87tg"},"id":"h5blfyjtb2aota6","previousOperationId":"1mdf79x9zl4nt6l"}
{"type":"log","timestamp":1724478465471,"level":"debug","message":"Replaced assets [\"main-style.css\",\"KhmerOSSiemreapRegular.ttf\",\"KhmerOSMuolLightRegular.ttf\",\"times_new_roman.ttf\",\"Tacteing.ttf\",\"limons1l.ttf\",\"/asset/images/draft-km.png\"]","meta":{"rootId":"2hlbouddlhy87tg","id":"2hlbouddlhy87tg"},"id":"muyaoltc14pebn9","previousOperationId":"1mdf79x9zl4nt6l"}
{"type":"operationStart","subtype":"engine","name":"handlebars","timestamp":1724478465472,"id":"6jopm2fdq4lc1r1","previousEventId":"6qkmiz18whaypyx","operationId":"fxj54qnf6t76189","previousOperationId":"1mdf79x9zl4nt6l"}
{"type":"log","timestamp":1724478465472,"level":"debug","message":"Rendering engine handlebars","meta":{"rootId":"2hlbouddlhy87tg","id":"2hlbouddlhy87tg"},"id":"xntxae2w5ysdjy2","previousOperationId":"fxj54qnf6t76189"}
{"type":"operationEnd","operationId":"fxj54qnf6t76189","timestamp":1724478465511,"id":"6p6gjd0wbkxpi1a","previousEventId":"6jopm2fdq4lc1r1","previousOperationId":"fxj54qnf6t76189"}
{"type":"operationStart","subtype":"recipe","name":"chrome-pdf","timestamp":1724478465512,"id":"xf86c8km5clqpz0","previousEventId":"6p6gjd0wbkxpi1a","operationId":"wbiwx9c72259v3a","previousOperationId":"fxj54qnf6t76189"}
{"type":"log","timestamp":1724478465512,"level":"debug","message":"Executing recipe chrome-pdf","meta":{"rootId":"2hlbouddlhy87tg","id":"2hlbouddlhy87tg"},"id":"zadhazdjf8pnseu","previousOperationId":"wbiwx9c72259v3a"}
{"type":"log","timestamp":1724478465517,"level":"debug","message":"Converting with chrome Chrome/127.0.6533.99 using chrome-pool strategy","meta":{"rootId":"2hlbouddlhy87tg","id":"2hlbouddlhy87tg"},"id":"abjo0iddlz5zm13","previousOperationId":"wbiwx9c72259v3a"}
{"type":"log","timestamp":1724478465562,"level":"debug","message":"Page request: GET (document) file:///C:/Users/shsmo/AppData/Local/Temp/jsreport/autocleanup/5c574ff2-422d-4e7e-a8f2-451ec535b5d4-chrome-pdf.html","meta":{"rootId":"2hlbouddlhy87tg","id":"2hlbouddlhy87tg"},"id":"4o2k9h3cndo6rdc","previousOperationId":"wbiwx9c72259v3a"}
{"type":"log","timestamp":1724478465595,"level":"debug","message":"Page request finished: GET (document) 200 file:///C:/Users/shsmo/AppData/Local/Temp/jsreport/autocleanup/5c574ff2-422d-4e7e-a8f2-451ec535b5d4-chrome-pdf.html","meta":{"rootId":"2hlbouddlhy87tg","id":"2hlbouddlhy87tg"},"id":"rs2h6kfbfpk9xns","previousOperationId":"wbiwx9c72259v3a"}
{"type":"log","timestamp":1724478465598,"level":"debug","message":"Page request: GET (script) https://cdn.tailwindcss.com/","meta":{"rootId":"2hlbouddlhy87tg","id":"2hlbouddlhy87tg"},"id":"wipd8aio9yu5mbx","previousOperationId":"wbiwx9c72259v3a"}
{"type":"log","timestamp":1724478465607,"level":"warn","message":"Page request failed: GET (script) 302 https://cdn.tailwindcss.com/ (redirect to: /3.4.5)","meta":{"rootId":"2hlbouddlhy87tg","id":"2hlbouddlhy87tg"},"id":"bbkqjxu3qd9c3af","previousOperationId":"wbiwx9c72259v3a"}
{"type":"log","timestamp":1724478465607,"level":"debug","message":"Page request: GET (script) https://cdn.tailwindcss.com/3.4.5 (redirect from: https://cdn.tailwindcss.com/)","meta":{"rootId":"2hlbouddlhy87tg","id":"2hlbouddlhy87tg"},"id":"dztlmnnw5bfs62g","previousOperationId":"wbiwx9c72259v3a"}
{"type":"log","timestamp":1724478465627,"level":"debug","message":"Page request finished: GET (script) 200 https://cdn.tailwindcss.com/3.4.5","meta":{"rootId":"2hlbouddlhy87tg","id":"2hlbouddlhy87tg"},"id":"azklfggkzhmcgz7","previousOperationId":"wbiwx9c72259v3a"}
{"type":"log","timestamp":1724478465664,"level":"debug","message":"(console:warn) cdn.tailwindcss.com should not be used in production. To use Tailwind CSS in production, install it as a PostCSS plugin or use the Tailwind CLI: https://tailwindcss.com/docs/installation","meta":{"userLevel":true,"rootId":"2hlbouddlhy87tg","id":"2hlbouddlhy87tg"},"id":"qm1cfs08mo1vbwp","previousOperationId":"wbiwx9c72259v3a"}
{"type":"log","timestamp":1724478465774,"level":"debug","message":"Running chrome with params {\"printBackground\":true,\"format\":\"A4\",\"marginTop\":\"1cm\",\"marginBottom\":\"2cm\",\"timeout\":59935,\"margin\":{\"top\":\"1cm\",\"bottom\":\"2cm\"}}","meta":{"rootId":"2hlbouddlhy87tg","id":"2hlbouddlhy87tg"},"id":"doifkzy8h0tgfgq","previousOperationId":"wbiwx9c72259v3a"}
{"type":"operationEnd","operationId":"wbiwx9c72259v3a","timestamp":1724478465943,"id":"1g6aggf94o1s9f6","previousEventId":"xf86c8km5clqpz0","previousOperationId":"wbiwx9c72259v3a"}
{"type":"log","timestamp":1724478465943,"level":"debug","message":"Skipping storing report.","meta":{"rootId":"2hlbouddlhy87tg","id":"2hlbouddlhy87tg"},"id":"bsqg6w5gkn2i82d","previousOperationId":"wbiwx9c72259v3a"}
{"type":"log","timestamp":1724478465943,"level":"info","message":"Rendering request 25 finished in 492 ms","meta":{"rootId":"2hlbouddlhy87tg","id":"2hlbouddlhy87tg"},"id":"i6h2g1bp9zd2o88","previousOperationId":"wbiwx9c72259v3a"}
{"type":"operationEnd","subtype":"render","operationId":"1mdf79x9zl4nt6l","timestamp":1724478465943,"id":"89509n7r0anm9sq","previousEventId":"1g6aggf94o1s9f6","previousOperationId":"wbiwx9c72259v3a"}
{"type":"operationEnd","doDiffs":false,"previousEventId":"dmlnv280vkgv0lt","previousOperationId":"kc2bujov273i8p2","operationId":"kc2bujov273i8p2","timestamp":1724478465944,"id":"airyl9fsevre475"}
