{"type":"operationStart","subtype":"profile","data":{"_id":"S2HvLtfTzHbolrmd","timestamp":"2024-08-24T05:33:11.036Z","state":"queued","mode":"standard","creationDate":"2024-08-24T05:33:11.038Z","modificationDate":"2024-08-24T05:33:11.038Z","shortid":"--31J3b","inheritedReadPermissions":[],"inheritedEditPermissions":[],"$entitySet":"profiles"},"doDiffs":false,"timestamp":1724477591037,"id":"d2jem2ipzg1r0b6","previousOperationId":null,"operationId":"m0evq5hlu9p295y"}
{"type":"log","level":"info","message":"Render request 12 queued for execution and waiting for available worker","previousOperationId":"m0evq5hlu9p295y","timestamp":1724477591037,"id":"1g8es9zdmie71iz"}
{"type":"operationStart","subtype":"render","name":"site_visit_report","previousOperationId":"m0evq5hlu9p295y","timestamp":1724477591048,"id":"1i9aqp8ez3eat7b","previousEventId":"d2jem2ipzg1r0b6","operationId":"2mzxpphf3amd8xm"}
{"type":"log","timestamp":1724477591048,"level":"info","message":"Starting rendering request 12 (user: admin)","meta":{"rootId":"42ui6kfnhwiucih","id":"42ui6kfnhwiucih"},"id":"xkv4h6nhqwysjz0","previousOperationId":"2mzxpphf3amd8xm"}
{"type":"log","timestamp":1724477591049,"level":"info","message":"Rendering template { name: site_visit_report, recipe: chrome-pdf, engine: handlebars, preview: true }","meta":{"rootId":"42ui6kfnhwiucih","id":"42ui6kfnhwiucih"},"id":"kmynlqsepwd0g65","previousOperationId":"2mzxpphf3amd8xm"}
{"type":"log","timestamp":1724477591049,"level":"debug","message":"Inline data specified.","meta":{"rootId":"42ui6kfnhwiucih","id":"42ui6kfnhwiucih"},"id":"7do6nzt1nlwc7jg","previousOperationId":"2mzxpphf3amd8xm"}
{"type":"log","timestamp":1724477591051,"level":"debug","message":"Base url not specified, skipping its injection.","meta":{"rootId":"42ui6kfnhwiucih","id":"42ui6kfnhwiucih"},"id":"ll7ra4p4lobw8la","previousOperationId":"2mzxpphf3amd8xm"}
{"type":"log","timestamp":1724477591059,"level":"debug","message":"Replaced assets [\"KhmerOSSiemreapRegular.ttf\",\"KhmerOSMuolLightRegular.ttf\",\"times_new_roman.ttf\",\"Tacteing.ttf\",\"limons1l.ttf\",\"/asset/images/draft-km.png\"]","meta":{"rootId":"42ui6kfnhwiucih","id":"42ui6kfnhwiucih"},"id":"bb130td6g4hsvbk","previousOperationId":"2mzxpphf3amd8xm"}
{"type":"operationStart","subtype":"engine","name":"handlebars","timestamp":1724477591060,"id":"emqi2p3o0d2hg8u","previousEventId":"1i9aqp8ez3eat7b","operationId":"ef7hhthvfbx7iq7","previousOperationId":"2mzxpphf3amd8xm"}
{"type":"log","timestamp":1724477591060,"level":"debug","message":"Rendering engine handlebars","meta":{"rootId":"42ui6kfnhwiucih","id":"42ui6kfnhwiucih"},"id":"gp3eyz23757sokd","previousOperationId":"ef7hhthvfbx7iq7"}
{"type":"operationEnd","operationId":"ef7hhthvfbx7iq7","timestamp":1724477591075,"id":"pgutdhinu7b4ha2","previousEventId":"emqi2p3o0d2hg8u","previousOperationId":"ef7hhthvfbx7iq7"}
{"type":"operationStart","subtype":"recipe","name":"chrome-pdf","timestamp":1724477591075,"id":"mlrkwv85xxat35a","previousEventId":"pgutdhinu7b4ha2","operationId":"mp6c5m1vd3ydiyk","previousOperationId":"ef7hhthvfbx7iq7"}
{"type":"log","timestamp":1724477591075,"level":"debug","message":"Executing recipe chrome-pdf","meta":{"rootId":"42ui6kfnhwiucih","id":"42ui6kfnhwiucih"},"id":"bvotq24t87qwu1j","previousOperationId":"mp6c5m1vd3ydiyk"}
{"type":"log","timestamp":1724477591078,"level":"debug","message":"Converting with chrome Chrome/127.0.6533.99 using chrome-pool strategy","meta":{"rootId":"42ui6kfnhwiucih","id":"42ui6kfnhwiucih"},"id":"y4nwktnv73tyzol","previousOperationId":"mp6c5m1vd3ydiyk"}
{"type":"log","timestamp":1724477591143,"level":"debug","message":"Page request: GET (document) file:///C:/Users/shsmo/AppData/Local/Temp/jsreport/autocleanup/5b3545e1-a4d1-4afa-bfda-406a367f4dc1-chrome-pdf.html","meta":{"rootId":"42ui6kfnhwiucih","id":"42ui6kfnhwiucih"},"id":"l4senbwfycf1cf1","previousOperationId":"mp6c5m1vd3ydiyk"}
{"type":"log","timestamp":1724477591161,"level":"debug","message":"Page request finished: GET (document) 200 file:///C:/Users/shsmo/AppData/Local/Temp/jsreport/autocleanup/5b3545e1-a4d1-4afa-bfda-406a367f4dc1-chrome-pdf.html","meta":{"rootId":"42ui6kfnhwiucih","id":"42ui6kfnhwiucih"},"id":"7uh4ke8y9j80sgv","previousOperationId":"mp6c5m1vd3ydiyk"}
{"type":"log","timestamp":1724477591165,"level":"debug","message":"Page request: GET (script) https://cdn.tailwindcss.com/","meta":{"rootId":"42ui6kfnhwiucih","id":"42ui6kfnhwiucih"},"id":"prz0h8ltwp4zmbn","previousOperationId":"mp6c5m1vd3ydiyk"}
{"type":"log","timestamp":1724477591172,"level":"warn","message":"Page request failed: GET (script) 302 https://cdn.tailwindcss.com/ (redirect to: /3.4.5)","meta":{"rootId":"42ui6kfnhwiucih","id":"42ui6kfnhwiucih"},"id":"em5uwyal7d2yv7h","previousOperationId":"mp6c5m1vd3ydiyk"}
{"type":"log","timestamp":1724477591172,"level":"debug","message":"Page request: GET (script) https://cdn.tailwindcss.com/3.4.5 (redirect from: https://cdn.tailwindcss.com/)","meta":{"rootId":"42ui6kfnhwiucih","id":"42ui6kfnhwiucih"},"id":"5futiqckqx6s40p","previousOperationId":"mp6c5m1vd3ydiyk"}
{"type":"log","timestamp":1724477591193,"level":"debug","message":"Page request finished: GET (script) 200 https://cdn.tailwindcss.com/3.4.5","meta":{"rootId":"42ui6kfnhwiucih","id":"42ui6kfnhwiucih"},"id":"o0s9mgv0msp2u56","previousOperationId":"mp6c5m1vd3ydiyk"}
{"type":"log","timestamp":1724477591241,"level":"debug","message":"(console:warn) cdn.tailwindcss.com should not be used in production. To use Tailwind CSS in production, install it as a PostCSS plugin or use the Tailwind CLI: https://tailwindcss.com/docs/installation","meta":{"userLevel":true,"rootId":"42ui6kfnhwiucih","id":"42ui6kfnhwiucih"},"id":"y4hsfnoac946zk0","previousOperationId":"mp6c5m1vd3ydiyk"}
{"type":"log","timestamp":1724477591403,"level":"debug","message":"Running chrome with params {\"printBackground\":true,\"format\":\"A4\",\"marginTop\":\"1cm\",\"marginBottom\":\"2cm\",\"timeout\":59960,\"margin\":{\"top\":\"1cm\",\"bottom\":\"2cm\"}}","meta":{"rootId":"42ui6kfnhwiucih","id":"42ui6kfnhwiucih"},"id":"z164f42by47ns3w","previousOperationId":"mp6c5m1vd3ydiyk"}
{"type":"operationEnd","operationId":"mp6c5m1vd3ydiyk","timestamp":1724477591614,"id":"ubwaz1t88x0swp5","previousEventId":"mlrkwv85xxat35a","previousOperationId":"mp6c5m1vd3ydiyk"}
{"type":"log","timestamp":1724477591614,"level":"debug","message":"Skipping storing report.","meta":{"rootId":"42ui6kfnhwiucih","id":"42ui6kfnhwiucih"},"id":"3crwf3vg3fhxqn9","previousOperationId":"mp6c5m1vd3ydiyk"}
{"type":"log","timestamp":1724477591614,"level":"info","message":"Rendering request 12 finished in 578 ms","meta":{"rootId":"42ui6kfnhwiucih","id":"42ui6kfnhwiucih"},"id":"o2o1s5wzfuv2t26","previousOperationId":"mp6c5m1vd3ydiyk"}
{"type":"operationEnd","subtype":"render","operationId":"2mzxpphf3amd8xm","timestamp":1724477591614,"id":"f9jrlgx4hl43eq2","previousEventId":"ubwaz1t88x0swp5","previousOperationId":"mp6c5m1vd3ydiyk"}
{"type":"operationEnd","doDiffs":false,"previousEventId":"d2jem2ipzg1r0b6","previousOperationId":"m0evq5hlu9p295y","operationId":"m0evq5hlu9p295y","timestamp":1724477591617,"id":"tmczxa38f4rslcc"}
