{"type":"operationStart","subtype":"profile","data":{"_id":"E6jm3VXieFFS3o67","timestamp":"2024-08-24T05:32:13.413Z","state":"queued","mode":"standard","creationDate":"2024-08-24T05:32:13.416Z","modificationDate":"2024-08-24T05:32:13.416Z","shortid":"IUhmdaW","inheritedReadPermissions":[],"inheritedEditPermissions":[],"$entitySet":"profiles"},"doDiffs":false,"timestamp":1724477533415,"id":"zpaz6vzn47a9g46","previousOperationId":null,"operationId":"zje75l3wxc5libo"}
{"type":"log","level":"info","message":"Render request 9 queued for execution and waiting for available worker","previousOperationId":"zje75l3wxc5libo","timestamp":1724477533415,"id":"woxzv3o9fbotwm5"}
{"type":"operationStart","subtype":"render","name":"site_visit_report","previousOperationId":"zje75l3wxc5libo","timestamp":1724477533424,"id":"sldkkh8g3e9jx3l","previousEventId":"zpaz6vzn47a9g46","operationId":"5pgkbpkm4mddxd0"}
{"type":"log","timestamp":1724477533424,"level":"info","message":"Starting rendering request 9 (user: admin)","meta":{"rootId":"76llxz5fqyhor56","id":"76llxz5fqyhor56"},"id":"opzo7umfnghbk4k","previousOperationId":"5pgkbpkm4mddxd0"}
{"type":"log","timestamp":1724477533424,"level":"info","message":"Rendering template { name: site_visit_report, recipe: chrome-pdf, engine: handlebars, preview: true }","meta":{"rootId":"76llxz5fqyhor56","id":"76llxz5fqyhor56"},"id":"t9iac6muzhilqm3","previousOperationId":"5pgkbpkm4mddxd0"}
{"type":"log","timestamp":1724477533425,"level":"debug","message":"Inline data specified.","meta":{"rootId":"76llxz5fqyhor56","id":"76llxz5fqyhor56"},"id":"b3ehio35a5wke4p","previousOperationId":"5pgkbpkm4mddxd0"}
{"type":"log","timestamp":1724477533426,"level":"debug","message":"Base url not specified, skipping its injection.","meta":{"rootId":"76llxz5fqyhor56","id":"76llxz5fqyhor56"},"id":"mg87j9l0hjpo0dn","previousOperationId":"5pgkbpkm4mddxd0"}
{"type":"log","timestamp":1724477533435,"level":"debug","message":"Replaced assets [\"KhmerOSSiemreapRegular.ttf\",\"KhmerOSMuolLightRegular.ttf\",\"times_new_roman.ttf\",\"Tacteing.ttf\",\"limons1l.ttf\",\"/asset/images/draft-km.png\"]","meta":{"rootId":"76llxz5fqyhor56","id":"76llxz5fqyhor56"},"id":"uew6k3e4vtfuwf5","previousOperationId":"5pgkbpkm4mddxd0"}
{"type":"operationStart","subtype":"engine","name":"handlebars","timestamp":1724477533436,"id":"p3ppf36rxocj2kf","previousEventId":"sldkkh8g3e9jx3l","operationId":"9u5hbw3cd8l7r5d","previousOperationId":"5pgkbpkm4mddxd0"}
{"type":"log","timestamp":1724477533436,"level":"debug","message":"Rendering engine handlebars","meta":{"rootId":"76llxz5fqyhor56","id":"76llxz5fqyhor56"},"id":"2mi31ivl1ekjqqi","previousOperationId":"9u5hbw3cd8l7r5d"}
{"type":"operationEnd","operationId":"9u5hbw3cd8l7r5d","timestamp":1724477533450,"id":"emd1mgya769n0dm","previousEventId":"p3ppf36rxocj2kf","previousOperationId":"9u5hbw3cd8l7r5d"}
{"type":"operationStart","subtype":"recipe","name":"chrome-pdf","timestamp":1724477533450,"id":"cbabfugf3pqi23v","previousEventId":"emd1mgya769n0dm","operationId":"zqivqhm23edwau9","previousOperationId":"9u5hbw3cd8l7r5d"}
{"type":"log","timestamp":1724477533450,"level":"debug","message":"Executing recipe chrome-pdf","meta":{"rootId":"76llxz5fqyhor56","id":"76llxz5fqyhor56"},"id":"zwxokvc637o2cy6","previousOperationId":"zqivqhm23edwau9"}
{"type":"log","timestamp":1724477533453,"level":"debug","message":"Converting with chrome Chrome/127.0.6533.99 using chrome-pool strategy","meta":{"rootId":"76llxz5fqyhor56","id":"76llxz5fqyhor56"},"id":"urjgp0qs2dwp8gh","previousOperationId":"zqivqhm23edwau9"}
{"type":"log","timestamp":1724477533498,"level":"debug","message":"Page request: GET (document) file:///C:/Users/shsmo/AppData/Local/Temp/jsreport/autocleanup/1da1549c-7334-4439-a9a9-ef967d07f987-chrome-pdf.html","meta":{"rootId":"76llxz5fqyhor56","id":"76llxz5fqyhor56"},"id":"q5erz8dn70u3wg2","previousOperationId":"zqivqhm23edwau9"}
{"type":"log","timestamp":1724477533513,"level":"debug","message":"Page request finished: GET (document) 200 file:///C:/Users/shsmo/AppData/Local/Temp/jsreport/autocleanup/1da1549c-7334-4439-a9a9-ef967d07f987-chrome-pdf.html","meta":{"rootId":"76llxz5fqyhor56","id":"76llxz5fqyhor56"},"id":"kaxkf1up9cvgp33","previousOperationId":"zqivqhm23edwau9"}
{"type":"log","timestamp":1724477533516,"level":"debug","message":"Page request: GET (script) https://cdn.tailwindcss.com/","meta":{"rootId":"76llxz5fqyhor56","id":"76llxz5fqyhor56"},"id":"i9blakp2er1b0oz","previousOperationId":"zqivqhm23edwau9"}
{"type":"log","timestamp":1724477533525,"level":"warn","message":"Page request failed: GET (script) 302 https://cdn.tailwindcss.com/ (redirect to: /3.4.5)","meta":{"rootId":"76llxz5fqyhor56","id":"76llxz5fqyhor56"},"id":"q1daqny1jhphcq3","previousOperationId":"zqivqhm23edwau9"}
{"type":"log","timestamp":1724477533525,"level":"debug","message":"Page request: GET (script) https://cdn.tailwindcss.com/3.4.5 (redirect from: https://cdn.tailwindcss.com/)","meta":{"rootId":"76llxz5fqyhor56","id":"76llxz5fqyhor56"},"id":"z75rvkl4mjrucsj","previousOperationId":"zqivqhm23edwau9"}
{"type":"log","timestamp":1724477533544,"level":"debug","message":"Page request finished: GET (script) 200 https://cdn.tailwindcss.com/3.4.5","meta":{"rootId":"76llxz5fqyhor56","id":"76llxz5fqyhor56"},"id":"4awbtkw40ie063w","previousOperationId":"zqivqhm23edwau9"}
{"type":"log","timestamp":1724477533586,"level":"debug","message":"(console:warn) cdn.tailwindcss.com should not be used in production. To use Tailwind CSS in production, install it as a PostCSS plugin or use the Tailwind CLI: https://tailwindcss.com/docs/installation","meta":{"userLevel":true,"rootId":"76llxz5fqyhor56","id":"76llxz5fqyhor56"},"id":"o0tf69y7zcl9t9o","previousOperationId":"zqivqhm23edwau9"}
{"type":"log","timestamp":1724477533692,"level":"debug","message":"Running chrome with params {\"printBackground\":true,\"format\":\"A4\",\"marginTop\":\"1cm\",\"marginBottom\":\"2cm\",\"timeout\":59961,\"margin\":{\"top\":\"1cm\",\"bottom\":\"2cm\"}}","meta":{"rootId":"76llxz5fqyhor56","id":"76llxz5fqyhor56"},"id":"lpp2z82onance45","previousOperationId":"zqivqhm23edwau9"}
{"type":"operationEnd","operationId":"zqivqhm23edwau9","timestamp":1724477533865,"id":"s8r7ivbvi59y49l","previousEventId":"cbabfugf3pqi23v","previousOperationId":"zqivqhm23edwau9"}
{"type":"log","timestamp":1724477533865,"level":"debug","message":"Skipping storing report.","meta":{"rootId":"76llxz5fqyhor56","id":"76llxz5fqyhor56"},"id":"cs7zckcrxtew0g1","previousOperationId":"zqivqhm23edwau9"}
{"type":"log","timestamp":1724477533865,"level":"info","message":"Rendering request 9 finished in 452 ms","meta":{"rootId":"76llxz5fqyhor56","id":"76llxz5fqyhor56"},"id":"08ogcjsiha1w1z3","previousOperationId":"zqivqhm23edwau9"}
{"type":"operationEnd","subtype":"render","operationId":"5pgkbpkm4mddxd0","timestamp":1724477533865,"id":"8fd7j7ce2zpcmx8","previousEventId":"s8r7ivbvi59y49l","previousOperationId":"zqivqhm23edwau9"}
{"type":"operationEnd","doDiffs":false,"previousEventId":"zpaz6vzn47a9g46","previousOperationId":"zje75l3wxc5libo","operationId":"zje75l3wxc5libo","timestamp":1724477533869,"id":"w1r35h07lmru382"}
