{"type":"operationStart","subtype":"profile","data":{"_id":"5r831gSbYSgrpzt3","timestamp":"2024-08-24T05:39:49.406Z","state":"queued","mode":"standard","creationDate":"2024-08-24T05:39:49.408Z","modificationDate":"2024-08-24T05:39:49.408Z","shortid":"w_2yLoV","inheritedReadPermissions":[],"inheritedEditPermissions":[],"$entitySet":"profiles"},"doDiffs":false,"timestamp":1724477989407,"id":"mns11irldlsbah3","previousOperationId":null,"operationId":"sjhxmhcg0b305uw"}
{"type":"log","level":"info","message":"Render request 18 queued for execution and waiting for available worker","previousOperationId":"sjhxmhcg0b305uw","timestamp":1724477989408,"id":"d2rrxfj7sl5py68"}
{"type":"operationStart","subtype":"render","name":"site_visit_report","previousOperationId":"sjhxmhcg0b305uw","timestamp":1724477989417,"id":"deied9hcuruugu8","previousEventId":"mns11irldlsbah3","operationId":"m0zlpyidz6jmjzi"}
{"type":"log","timestamp":1724477989417,"level":"info","message":"Starting rendering request 18 (user: admin)","meta":{"rootId":"79hor75to7mlz8v","id":"79hor75to7mlz8v"},"id":"irqlmxcz1ytkj4e","previousOperationId":"m0zlpyidz6jmjzi"}
{"type":"log","timestamp":1724477989418,"level":"info","message":"Rendering template { name: site_visit_report, recipe: chrome-pdf, engine: handlebars, preview: true }","meta":{"rootId":"79hor75to7mlz8v","id":"79hor75to7mlz8v"},"id":"tjhft0i1u49mifp","previousOperationId":"m0zlpyidz6jmjzi"}
{"type":"log","timestamp":1724477989418,"level":"debug","message":"Inline data specified.","meta":{"rootId":"79hor75to7mlz8v","id":"79hor75to7mlz8v"},"id":"ztcoj2lt8ck27gy","previousOperationId":"m0zlpyidz6jmjzi"}
{"type":"log","timestamp":1724477989420,"level":"debug","message":"Base url not specified, skipping its injection.","meta":{"rootId":"79hor75to7mlz8v","id":"79hor75to7mlz8v"},"id":"jpwwu03qg1hgdkf","previousOperationId":"m0zlpyidz6jmjzi"}
{"type":"log","timestamp":1724477989424,"level":"debug","message":"Replaced assets [\"KhmerOSSiemreapRegular.ttf\",\"KhmerOSMuolLightRegular.ttf\",\"times_new_roman.ttf\",\"Tacteing.ttf\",\"limons1l.ttf\",\"/asset/images/draft-km.png\"]","meta":{"rootId":"79hor75to7mlz8v","id":"79hor75to7mlz8v"},"id":"oq5k4aalnnyjqit","previousOperationId":"m0zlpyidz6jmjzi"}
{"type":"operationStart","subtype":"engine","name":"handlebars","timestamp":1724477989424,"id":"xwzq568pp7tcsc3","previousEventId":"deied9hcuruugu8","operationId":"a13uoge8q8mklp2","previousOperationId":"m0zlpyidz6jmjzi"}
{"type":"log","timestamp":1724477989424,"level":"debug","message":"Rendering engine handlebars","meta":{"rootId":"79hor75to7mlz8v","id":"79hor75to7mlz8v"},"id":"pqa3t6seuif5o5i","previousOperationId":"a13uoge8q8mklp2"}
{"type":"operationEnd","operationId":"a13uoge8q8mklp2","timestamp":1724477989460,"id":"ppo6x0oljb397lf","previousEventId":"xwzq568pp7tcsc3","previousOperationId":"a13uoge8q8mklp2"}
{"type":"operationStart","subtype":"recipe","name":"chrome-pdf","timestamp":1724477989460,"id":"mvlt25n3gpq4m0y","previousEventId":"ppo6x0oljb397lf","operationId":"loqnuwk84cuya7h","previousOperationId":"a13uoge8q8mklp2"}
{"type":"log","timestamp":1724477989460,"level":"debug","message":"Executing recipe chrome-pdf","meta":{"rootId":"79hor75to7mlz8v","id":"79hor75to7mlz8v"},"id":"4yiykwa1wwvnru7","previousOperationId":"loqnuwk84cuya7h"}
{"type":"log","timestamp":1724477989464,"level":"debug","message":"Converting with chrome Chrome/127.0.6533.99 using chrome-pool strategy","meta":{"rootId":"79hor75to7mlz8v","id":"79hor75to7mlz8v"},"id":"3q91qzkgc4znplv","previousOperationId":"loqnuwk84cuya7h"}
{"type":"log","timestamp":1724477989512,"level":"debug","message":"Page request: GET (document) file:///C:/Users/shsmo/AppData/Local/Temp/jsreport/autocleanup/402d7705-5a9f-46a1-96a9-82b6c2c4ce48-chrome-pdf.html","meta":{"rootId":"79hor75to7mlz8v","id":"79hor75to7mlz8v"},"id":"dt8cdwr8to1khcy","previousOperationId":"loqnuwk84cuya7h"}
{"type":"log","timestamp":1724477989526,"level":"debug","message":"Page request finished: GET (document) 200 file:///C:/Users/shsmo/AppData/Local/Temp/jsreport/autocleanup/402d7705-5a9f-46a1-96a9-82b6c2c4ce48-chrome-pdf.html","meta":{"rootId":"79hor75to7mlz8v","id":"79hor75to7mlz8v"},"id":"oe6ulpjvnt2w0t2","previousOperationId":"loqnuwk84cuya7h"}
{"type":"log","timestamp":1724477989527,"level":"debug","message":"Page request: GET (stylesheet) file:///C:/asset/css/main-style.css","meta":{"rootId":"79hor75to7mlz8v","id":"79hor75to7mlz8v"},"id":"u5w9ikb04fnlx9m","previousOperationId":"loqnuwk84cuya7h"}
{"type":"log","timestamp":1724477989527,"level":"debug","message":"Page request: GET (script) https://cdn.tailwindcss.com/","meta":{"rootId":"79hor75to7mlz8v","id":"79hor75to7mlz8v"},"id":"p8j838x0mg28830","previousOperationId":"loqnuwk84cuya7h"}
{"type":"log","timestamp":1724477989529,"level":"warn","message":"Page request failed: GET (stylesheet) file:///C:/asset/css/main-style.css, failure: net::ERR_FILE_NOT_FOUND","meta":{"rootId":"79hor75to7mlz8v","id":"79hor75to7mlz8v"},"id":"pn36j2qm9weiser","previousOperationId":"loqnuwk84cuya7h"}
{"type":"log","timestamp":1724477989529,"level":"debug","message":"(console:error) Failed to load resource: net::ERR_FILE_NOT_FOUND","meta":{"userLevel":true,"rootId":"79hor75to7mlz8v","id":"79hor75to7mlz8v"},"id":"km6kxoyrhvwk59w","previousOperationId":"loqnuwk84cuya7h"}
{"type":"log","timestamp":1724477989535,"level":"warn","message":"Page request failed: GET (script) 302 https://cdn.tailwindcss.com/ (redirect to: /3.4.5)","meta":{"rootId":"79hor75to7mlz8v","id":"79hor75to7mlz8v"},"id":"is0anj5wr07jfyg","previousOperationId":"loqnuwk84cuya7h"}
{"type":"log","timestamp":1724477989536,"level":"debug","message":"Page request: GET (script) https://cdn.tailwindcss.com/3.4.5 (redirect from: https://cdn.tailwindcss.com/)","meta":{"rootId":"79hor75to7mlz8v","id":"79hor75to7mlz8v"},"id":"82nc9mrsv46r0xq","previousOperationId":"loqnuwk84cuya7h"}
{"type":"log","timestamp":1724477989552,"level":"debug","message":"Page request finished: GET (script) 200 https://cdn.tailwindcss.com/3.4.5","meta":{"rootId":"79hor75to7mlz8v","id":"79hor75to7mlz8v"},"id":"ydm7qcrt56bv7zo","previousOperationId":"loqnuwk84cuya7h"}
{"type":"log","timestamp":1724477989592,"level":"debug","message":"(console:warn) cdn.tailwindcss.com should not be used in production. To use Tailwind CSS in production, install it as a PostCSS plugin or use the Tailwind CLI: https://tailwindcss.com/docs/installation","meta":{"userLevel":true,"rootId":"79hor75to7mlz8v","id":"79hor75to7mlz8v"},"id":"n1dyhkuasbq93ko","previousOperationId":"loqnuwk84cuya7h"}
{"type":"log","timestamp":1724477989699,"level":"debug","message":"Running chrome with params {\"printBackground\":true,\"format\":\"A4\",\"marginTop\":\"1cm\",\"marginBottom\":\"2cm\",\"timeout\":59942,\"margin\":{\"top\":\"1cm\",\"bottom\":\"2cm\"}}","meta":{"rootId":"79hor75to7mlz8v","id":"79hor75to7mlz8v"},"id":"esbdeoum76ur49s","previousOperationId":"loqnuwk84cuya7h"}
{"type":"operationEnd","operationId":"loqnuwk84cuya7h","timestamp":1724477989848,"id":"6tu5nexxgu00y54","previousEventId":"mvlt25n3gpq4m0y","previousOperationId":"loqnuwk84cuya7h"}
{"type":"log","timestamp":1724477989848,"level":"debug","message":"Skipping storing report.","meta":{"rootId":"79hor75to7mlz8v","id":"79hor75to7mlz8v"},"id":"wkfungk5z2312ao","previousOperationId":"loqnuwk84cuya7h"}
{"type":"log","timestamp":1724477989848,"level":"info","message":"Rendering request 18 finished in 442 ms","meta":{"rootId":"79hor75to7mlz8v","id":"79hor75to7mlz8v"},"id":"pkh15u3hsacy6fk","previousOperationId":"loqnuwk84cuya7h"}
{"type":"operationEnd","subtype":"render","operationId":"m0zlpyidz6jmjzi","timestamp":1724477989848,"id":"4xc78rdhg6ghoxr","previousEventId":"6tu5nexxgu00y54","previousOperationId":"loqnuwk84cuya7h"}
{"type":"operationEnd","doDiffs":false,"previousEventId":"mns11irldlsbah3","previousOperationId":"sjhxmhcg0b305uw","operationId":"sjhxmhcg0b305uw","timestamp":1724477989850,"id":"ib5smt89k0qpclg"}
