{"type":"operationStart","subtype":"profile","data":{"_id":"iwx1ojqXIJvA2dgF","timestamp":"2024-08-24T05:32:07.392Z","state":"queued","mode":"standard","creationDate":"2024-08-24T05:32:07.394Z","modificationDate":"2024-08-24T05:32:07.394Z","shortid":"_PX_olS","inheritedReadPermissions":[],"inheritedEditPermissions":[],"$entitySet":"profiles"},"doDiffs":false,"timestamp":1724477527393,"id":"g3fsoutgkv8b871","previousOperationId":null,"operationId":"7ly5zs0c48n6eqs"}
{"type":"log","level":"info","message":"Render request 7 queued for execution and waiting for available worker","previousOperationId":"7ly5zs0c48n6eqs","timestamp":1724477527393,"id":"awsjh124zhki1cq"}
{"type":"operationStart","subtype":"render","name":"site_visit_report","previousOperationId":"7ly5zs0c48n6eqs","timestamp":1724477527402,"id":"w8guo2f31opb3kt","previousEventId":"g3fsoutgkv8b871","operationId":"nafu08ol4lt54zr"}
{"type":"log","timestamp":1724477527402,"level":"info","message":"Starting rendering request 7 (user: admin)","meta":{"rootId":"7fwcbpysl0n5hpn","id":"7fwcbpysl0n5hpn"},"id":"q6f6idpfkd9sxse","previousOperationId":"nafu08ol4lt54zr"}
{"type":"log","timestamp":1724477527402,"level":"info","message":"Rendering template { name: site_visit_report, recipe: chrome-pdf, engine: handlebars, preview: true }","meta":{"rootId":"7fwcbpysl0n5hpn","id":"7fwcbpysl0n5hpn"},"id":"z83cpx10x6khmko","previousOperationId":"nafu08ol4lt54zr"}
{"type":"log","timestamp":1724477527403,"level":"debug","message":"Inline data specified.","meta":{"rootId":"7fwcbpysl0n5hpn","id":"7fwcbpysl0n5hpn"},"id":"oksqmijs3v6e3h4","previousOperationId":"nafu08ol4lt54zr"}
{"type":"log","timestamp":1724477527405,"level":"debug","message":"Base url not specified, skipping its injection.","meta":{"rootId":"7fwcbpysl0n5hpn","id":"7fwcbpysl0n5hpn"},"id":"du2jqsz58rud7v6","previousOperationId":"nafu08ol4lt54zr"}
{"type":"log","timestamp":1724477527411,"level":"debug","message":"Replaced assets [\"KhmerOSSiemreapRegular.ttf\",\"KhmerOSMuolLightRegular.ttf\",\"times_new_roman.ttf\",\"Tacteing.ttf\",\"limons1l.ttf\",\"/asset/images/draft-km.png\"]","meta":{"rootId":"7fwcbpysl0n5hpn","id":"7fwcbpysl0n5hpn"},"id":"3kwodittvdh8k51","previousOperationId":"nafu08ol4lt54zr"}
{"type":"operationStart","subtype":"engine","name":"handlebars","timestamp":1724477527411,"id":"1t3ajlz2a9642jq","previousEventId":"w8guo2f31opb3kt","operationId":"c8a4vuhs5m855fz","previousOperationId":"nafu08ol4lt54zr"}
{"type":"log","timestamp":1724477527411,"level":"debug","message":"Rendering engine handlebars","meta":{"rootId":"7fwcbpysl0n5hpn","id":"7fwcbpysl0n5hpn"},"id":"k5mxsel5s0l5b37","previousOperationId":"c8a4vuhs5m855fz"}
{"type":"operationEnd","operationId":"c8a4vuhs5m855fz","timestamp":1724477527422,"id":"bzjsa8vl0vrsfmp","previousEventId":"1t3ajlz2a9642jq","previousOperationId":"c8a4vuhs5m855fz"}
{"type":"operationStart","subtype":"recipe","name":"chrome-pdf","timestamp":1724477527422,"id":"t6c1s9l2csq4thj","previousEventId":"bzjsa8vl0vrsfmp","operationId":"d1mo0ryhoeb6r2z","previousOperationId":"c8a4vuhs5m855fz"}
{"type":"log","timestamp":1724477527422,"level":"debug","message":"Executing recipe chrome-pdf","meta":{"rootId":"7fwcbpysl0n5hpn","id":"7fwcbpysl0n5hpn"},"id":"seqq3jgnkxjhid3","previousOperationId":"d1mo0ryhoeb6r2z"}
{"type":"log","timestamp":1724477527424,"level":"debug","message":"Converting with chrome Chrome/127.0.6533.99 using chrome-pool strategy","meta":{"rootId":"7fwcbpysl0n5hpn","id":"7fwcbpysl0n5hpn"},"id":"cyf7f50dia3r0ap","previousOperationId":"d1mo0ryhoeb6r2z"}
{"type":"log","timestamp":1724477527482,"level":"debug","message":"Page request: GET (document) file:///C:/Users/shsmo/AppData/Local/Temp/jsreport/autocleanup/eeb97452-8525-4622-9d0f-ae8066d484f4-chrome-pdf.html","meta":{"rootId":"7fwcbpysl0n5hpn","id":"7fwcbpysl0n5hpn"},"id":"cx0g8cgj2mnljoh","previousOperationId":"d1mo0ryhoeb6r2z"}
{"type":"log","timestamp":1724477527509,"level":"debug","message":"Page request finished: GET (document) 200 file:///C:/Users/shsmo/AppData/Local/Temp/jsreport/autocleanup/eeb97452-8525-4622-9d0f-ae8066d484f4-chrome-pdf.html","meta":{"rootId":"7fwcbpysl0n5hpn","id":"7fwcbpysl0n5hpn"},"id":"0qie83cn75uxdmg","previousOperationId":"d1mo0ryhoeb6r2z"}
{"type":"log","timestamp":1724477527511,"level":"debug","message":"Page request: GET (script) https://cdn.tailwindcss.com/","meta":{"rootId":"7fwcbpysl0n5hpn","id":"7fwcbpysl0n5hpn"},"id":"dlt2d63gkcl1s7q","previousOperationId":"d1mo0ryhoeb6r2z"}
{"type":"log","timestamp":1724477527518,"level":"warn","message":"Page request failed: GET (script) 302 https://cdn.tailwindcss.com/ (redirect to: /3.4.5)","meta":{"rootId":"7fwcbpysl0n5hpn","id":"7fwcbpysl0n5hpn"},"id":"30nxrwdxvlwmduw","previousOperationId":"d1mo0ryhoeb6r2z"}
{"type":"log","timestamp":1724477527518,"level":"debug","message":"Page request: GET (script) https://cdn.tailwindcss.com/3.4.5 (redirect from: https://cdn.tailwindcss.com/)","meta":{"rootId":"7fwcbpysl0n5hpn","id":"7fwcbpysl0n5hpn"},"id":"3zyqu3fmtjku6d8","previousOperationId":"d1mo0ryhoeb6r2z"}
{"type":"log","timestamp":1724477527537,"level":"debug","message":"Page request finished: GET (script) 200 https://cdn.tailwindcss.com/3.4.5","meta":{"rootId":"7fwcbpysl0n5hpn","id":"7fwcbpysl0n5hpn"},"id":"r9zw6oo4ka4yqho","previousOperationId":"d1mo0ryhoeb6r2z"}
{"type":"log","timestamp":1724477527584,"level":"debug","message":"(console:warn) cdn.tailwindcss.com should not be used in production. To use Tailwind CSS in production, install it as a PostCSS plugin or use the Tailwind CLI: https://tailwindcss.com/docs/installation","meta":{"userLevel":true,"rootId":"7fwcbpysl0n5hpn","id":"7fwcbpysl0n5hpn"},"id":"9uq8lfvejhaj8xm","previousOperationId":"d1mo0ryhoeb6r2z"}
{"type":"log","timestamp":1724477527690,"level":"debug","message":"Running chrome with params {\"printBackground\":true,\"format\":\"A4\",\"marginTop\":\"1cm\",\"marginBottom\":\"2cm\",\"timeout\":59968,\"margin\":{\"top\":\"1cm\",\"bottom\":\"2cm\"}}","meta":{"rootId":"7fwcbpysl0n5hpn","id":"7fwcbpysl0n5hpn"},"id":"ctigo1twh7vcj5p","previousOperationId":"d1mo0ryhoeb6r2z"}
{"type":"operationEnd","operationId":"d1mo0ryhoeb6r2z","timestamp":1724477527847,"id":"t1blkfq2nty90o5","previousEventId":"t6c1s9l2csq4thj","previousOperationId":"d1mo0ryhoeb6r2z"}
{"type":"log","timestamp":1724477527847,"level":"debug","message":"Skipping storing report.","meta":{"rootId":"7fwcbpysl0n5hpn","id":"7fwcbpysl0n5hpn"},"id":"maetr8h029d11eh","previousOperationId":"d1mo0ryhoeb6r2z"}
{"type":"log","timestamp":1724477527847,"level":"info","message":"Rendering request 7 finished in 455 ms","meta":{"rootId":"7fwcbpysl0n5hpn","id":"7fwcbpysl0n5hpn"},"id":"1jlvn1jb7ipemd2","previousOperationId":"d1mo0ryhoeb6r2z"}
{"type":"operationEnd","subtype":"render","operationId":"nafu08ol4lt54zr","timestamp":1724477527847,"id":"2s2mnb842i3syns","previousEventId":"t1blkfq2nty90o5","previousOperationId":"d1mo0ryhoeb6r2z"}
{"type":"operationEnd","doDiffs":false,"previousEventId":"g3fsoutgkv8b871","previousOperationId":"7ly5zs0c48n6eqs","operationId":"7ly5zs0c48n6eqs","timestamp":1724477527849,"id":"mmlpne7aohjpun7"}
