{"type":"operationStart","subtype":"profile","data":{"_id":"dvlvXo4IgvMdgyjY","timestamp":"2024-08-24T05:35:50.502Z","state":"queued","mode":"standard","creationDate":"2024-08-24T05:35:50.504Z","modificationDate":"2024-08-24T05:35:50.504Z","shortid":"QkQHJyq","inheritedReadPermissions":[],"inheritedEditPermissions":[],"$entitySet":"profiles"},"doDiffs":false,"timestamp":1724477750503,"id":"8gfuvyrzxyj26s1","previousOperationId":null,"operationId":"h047j3edy8zl8fz"}
{"type":"log","level":"info","message":"Render request 15 queued for execution and waiting for available worker","previousOperationId":"h047j3edy8zl8fz","timestamp":1724477750503,"id":"b4tkfn885o6od7k"}
{"type":"operationStart","subtype":"render","name":"site_visit_report","previousOperationId":"h047j3edy8zl8fz","timestamp":1724477750514,"id":"roqllqmcmrt9hn1","previousEventId":"8gfuvyrzxyj26s1","operationId":"5j9r844yww4gnz2"}
{"type":"log","timestamp":1724477750514,"level":"info","message":"Starting rendering request 15 (user: admin)","meta":{"rootId":"aabc98nqnmmw2nu","id":"aabc98nqnmmw2nu"},"id":"4bvgbtpiz5zn7cb","previousOperationId":"5j9r844yww4gnz2"}
{"type":"log","timestamp":1724477750514,"level":"info","message":"Rendering template { name: site_visit_report, recipe: chrome-pdf, engine: handlebars, preview: true }","meta":{"rootId":"aabc98nqnmmw2nu","id":"aabc98nqnmmw2nu"},"id":"j9rh3s22xm7tk37","previousOperationId":"5j9r844yww4gnz2"}
{"type":"log","timestamp":1724477750514,"level":"debug","message":"Inline data specified.","meta":{"rootId":"aabc98nqnmmw2nu","id":"aabc98nqnmmw2nu"},"id":"91b9u7lirltvk6c","previousOperationId":"5j9r844yww4gnz2"}
{"type":"log","timestamp":1724477750516,"level":"debug","message":"Base url not specified, skipping its injection.","meta":{"rootId":"aabc98nqnmmw2nu","id":"aabc98nqnmmw2nu"},"id":"kh6y4vd1zmw4baj","previousOperationId":"5j9r844yww4gnz2"}
{"type":"log","timestamp":1724477750523,"level":"debug","message":"Replaced assets [\"KhmerOSSiemreapRegular.ttf\",\"KhmerOSMuolLightRegular.ttf\",\"times_new_roman.ttf\",\"Tacteing.ttf\",\"limons1l.ttf\",\"/asset/images/draft-km.png\"]","meta":{"rootId":"aabc98nqnmmw2nu","id":"aabc98nqnmmw2nu"},"id":"q1njmuiqudqawwy","previousOperationId":"5j9r844yww4gnz2"}
{"type":"operationStart","subtype":"engine","name":"handlebars","timestamp":1724477750524,"id":"zsnyzk1nes01z9r","previousEventId":"roqllqmcmrt9hn1","operationId":"oey47zflq0qzgc2","previousOperationId":"5j9r844yww4gnz2"}
{"type":"log","timestamp":1724477750524,"level":"debug","message":"Rendering engine handlebars","meta":{"rootId":"aabc98nqnmmw2nu","id":"aabc98nqnmmw2nu"},"id":"aoeil2v99qivsl5","previousOperationId":"oey47zflq0qzgc2"}
{"type":"operationEnd","operationId":"oey47zflq0qzgc2","timestamp":1724477750566,"id":"487sq8x4lcyvewx","previousEventId":"zsnyzk1nes01z9r","previousOperationId":"oey47zflq0qzgc2"}
{"type":"operationStart","subtype":"recipe","name":"chrome-pdf","timestamp":1724477750566,"id":"83ml15qk8wwehq2","previousEventId":"487sq8x4lcyvewx","operationId":"vd1kj7xo8ksvjug","previousOperationId":"oey47zflq0qzgc2"}
{"type":"log","timestamp":1724477750566,"level":"debug","message":"Executing recipe chrome-pdf","meta":{"rootId":"aabc98nqnmmw2nu","id":"aabc98nqnmmw2nu"},"id":"le8ixyzb4hb8hhi","previousOperationId":"vd1kj7xo8ksvjug"}
{"type":"log","timestamp":1724477750571,"level":"debug","message":"Converting with chrome Chrome/127.0.6533.99 using chrome-pool strategy","meta":{"rootId":"aabc98nqnmmw2nu","id":"aabc98nqnmmw2nu"},"id":"yuh6635bzoon2vg","previousOperationId":"vd1kj7xo8ksvjug"}
{"type":"log","timestamp":1724477750626,"level":"debug","message":"Page request: GET (document) file:///C:/Users/shsmo/AppData/Local/Temp/jsreport/autocleanup/5f2f6bd8-1b70-4292-abec-dfea8eb35efc-chrome-pdf.html","meta":{"rootId":"aabc98nqnmmw2nu","id":"aabc98nqnmmw2nu"},"id":"jbb5l7o7h3do1h1","previousOperationId":"vd1kj7xo8ksvjug"}
{"type":"log","timestamp":1724477750655,"level":"debug","message":"Page request finished: GET (document) 200 file:///C:/Users/shsmo/AppData/Local/Temp/jsreport/autocleanup/5f2f6bd8-1b70-4292-abec-dfea8eb35efc-chrome-pdf.html","meta":{"rootId":"aabc98nqnmmw2nu","id":"aabc98nqnmmw2nu"},"id":"idbng7na8im1b3c","previousOperationId":"vd1kj7xo8ksvjug"}
{"type":"log","timestamp":1724477750655,"level":"debug","message":"Page request: GET (stylesheet) file:///C:/asset/css/main-style.css","meta":{"rootId":"aabc98nqnmmw2nu","id":"aabc98nqnmmw2nu"},"id":"7as3ohmlwilx33v","previousOperationId":"vd1kj7xo8ksvjug"}
{"type":"log","timestamp":1724477750655,"level":"debug","message":"Page request: GET (script) https://cdn.tailwindcss.com/","meta":{"rootId":"aabc98nqnmmw2nu","id":"aabc98nqnmmw2nu"},"id":"vn0o83d4o25sxld","previousOperationId":"vd1kj7xo8ksvjug"}
{"type":"log","timestamp":1724477750663,"level":"warn","message":"Page request failed: GET (stylesheet) file:///C:/asset/css/main-style.css, failure: net::ERR_FILE_NOT_FOUND","meta":{"rootId":"aabc98nqnmmw2nu","id":"aabc98nqnmmw2nu"},"id":"811lo03f0itq3ki","previousOperationId":"vd1kj7xo8ksvjug"}
{"type":"log","timestamp":1724477750663,"level":"debug","message":"(console:error) Failed to load resource: net::ERR_FILE_NOT_FOUND","meta":{"userLevel":true,"rootId":"aabc98nqnmmw2nu","id":"aabc98nqnmmw2nu"},"id":"ni0o68euwib1tju","previousOperationId":"vd1kj7xo8ksvjug"}
{"type":"log","timestamp":1724477750668,"level":"warn","message":"Page request failed: GET (script) 302 https://cdn.tailwindcss.com/ (redirect to: /3.4.5)","meta":{"rootId":"aabc98nqnmmw2nu","id":"aabc98nqnmmw2nu"},"id":"8hi8oj78vht8ld4","previousOperationId":"vd1kj7xo8ksvjug"}
{"type":"log","timestamp":1724477750668,"level":"debug","message":"Page request: GET (script) https://cdn.tailwindcss.com/3.4.5 (redirect from: https://cdn.tailwindcss.com/)","meta":{"rootId":"aabc98nqnmmw2nu","id":"aabc98nqnmmw2nu"},"id":"812ivdjlp0qnqf4","previousOperationId":"vd1kj7xo8ksvjug"}
{"type":"log","timestamp":1724477750686,"level":"debug","message":"Page request finished: GET (script) 200 https://cdn.tailwindcss.com/3.4.5","meta":{"rootId":"aabc98nqnmmw2nu","id":"aabc98nqnmmw2nu"},"id":"x12qfcget6mlyx3","previousOperationId":"vd1kj7xo8ksvjug"}
{"type":"log","timestamp":1724477750731,"level":"debug","message":"(console:warn) cdn.tailwindcss.com should not be used in production. To use Tailwind CSS in production, install it as a PostCSS plugin or use the Tailwind CLI: https://tailwindcss.com/docs/installation","meta":{"userLevel":true,"rootId":"aabc98nqnmmw2nu","id":"aabc98nqnmmw2nu"},"id":"b7mt6utzen0peh8","previousOperationId":"vd1kj7xo8ksvjug"}
{"type":"log","timestamp":1724477750843,"level":"debug","message":"Running chrome with params {\"printBackground\":true,\"format\":\"A4\",\"marginTop\":\"1cm\",\"marginBottom\":\"2cm\",\"timeout\":59931,\"margin\":{\"top\":\"1cm\",\"bottom\":\"2cm\"}}","meta":{"rootId":"aabc98nqnmmw2nu","id":"aabc98nqnmmw2nu"},"id":"wjefbkn8cxqg77s","previousOperationId":"vd1kj7xo8ksvjug"}
{"type":"operationEnd","operationId":"vd1kj7xo8ksvjug","timestamp":1724477751005,"id":"vuy58o702iuf43o","previousEventId":"83ml15qk8wwehq2","previousOperationId":"vd1kj7xo8ksvjug"}
{"type":"log","timestamp":1724477751005,"level":"debug","message":"Skipping storing report.","meta":{"rootId":"aabc98nqnmmw2nu","id":"aabc98nqnmmw2nu"},"id":"t5v2pcik6eeqfeo","previousOperationId":"vd1kj7xo8ksvjug"}
{"type":"log","timestamp":1724477751005,"level":"info","message":"Rendering request 15 finished in 503 ms","meta":{"rootId":"aabc98nqnmmw2nu","id":"aabc98nqnmmw2nu"},"id":"s9tfb8eh1on47zm","previousOperationId":"vd1kj7xo8ksvjug"}
{"type":"operationEnd","subtype":"render","operationId":"5j9r844yww4gnz2","timestamp":1724477751005,"id":"td317lwt2dj8ol9","previousEventId":"vuy58o702iuf43o","previousOperationId":"vd1kj7xo8ksvjug"}
{"type":"operationEnd","doDiffs":false,"previousEventId":"8gfuvyrzxyj26s1","previousOperationId":"h047j3edy8zl8fz","operationId":"h047j3edy8zl8fz","timestamp":1724477751007,"id":"6m0q9ok31gqlwdr"}
