{"type":"operationStart","subtype":"profile","data":{"_id":"jndIzGQKQ7NzHOvZ","timestamp":"2024-08-23T09:26:13.229Z","state":"queued","mode":"standard","creationDate":"2024-08-23T09:26:13.232Z","modificationDate":"2024-08-23T09:26:13.232Z","shortid":"6hyXH5y","inheritedReadPermissions":[],"inheritedEditPermissions":[],"$entitySet":"profiles"},"doDiffs":false,"timestamp":1724405173231,"id":"fv7y3bmu0hqq5zo","previousOperationId":null,"operationId":"9out27thwzar627"}
{"type":"log","level":"info","message":"Render request 271 queued for execution and waiting for available worker","previousOperationId":"9out27thwzar627","timestamp":1724405173231,"id":"5pjpe99bltsv0f6"}
{"type":"operationStart","subtype":"render","name":"site_visit_report","previousOperationId":"9out27thwzar627","timestamp":1724405173242,"id":"hudt4ahjapnwbcq","previousEventId":"fv7y3bmu0hqq5zo","operationId":"tz23o9c5jmdv91f"}
{"type":"log","timestamp":1724405173243,"level":"info","message":"Starting rendering request 271 (user: admin)","meta":{"rootId":"bxr3uehlqfe66yk","id":"bxr3uehlqfe66yk"},"id":"rhoj7p3oeyb0wr6","previousOperationId":"tz23o9c5jmdv91f"}
{"type":"log","timestamp":1724405173243,"level":"info","message":"Rendering template { name: site_visit_report, recipe: chrome-pdf, engine: handlebars, preview: true }","meta":{"rootId":"bxr3uehlqfe66yk","id":"bxr3uehlqfe66yk"},"id":"u3v1tgjigmt4sbp","previousOperationId":"tz23o9c5jmdv91f"}
{"type":"log","timestamp":1724405173243,"level":"debug","message":"Inline data specified.","meta":{"rootId":"bxr3uehlqfe66yk","id":"bxr3uehlqfe66yk"},"id":"ajfgvqykevc39uk","previousOperationId":"tz23o9c5jmdv91f"}
{"type":"log","timestamp":1724405173245,"level":"debug","message":"Base url not specified, skipping its injection.","meta":{"rootId":"bxr3uehlqfe66yk","id":"bxr3uehlqfe66yk"},"id":"rymjip6pzjsm7no","previousOperationId":"tz23o9c5jmdv91f"}
{"type":"log","timestamp":1724405173253,"level":"debug","message":"Replaced assets [\"KhmerOSSiemreapRegular.ttf\",\"KhmerOSMuolLightRegular.ttf\",\"times_new_roman.ttf\",\"Tacteing.ttf\",\"/asset/images/draft-km.png\"]","meta":{"rootId":"bxr3uehlqfe66yk","id":"bxr3uehlqfe66yk"},"id":"ahsplmxb47huvyb","previousOperationId":"tz23o9c5jmdv91f"}
{"type":"operationStart","subtype":"engine","name":"handlebars","timestamp":1724405173253,"id":"hcrbh9a1hbywhm8","previousEventId":"hudt4ahjapnwbcq","operationId":"bg4ml7oyhl1c7po","previousOperationId":"tz23o9c5jmdv91f"}
{"type":"log","timestamp":1724405173254,"level":"debug","message":"Rendering engine handlebars","meta":{"rootId":"bxr3uehlqfe66yk","id":"bxr3uehlqfe66yk"},"id":"vl0c1mw9ecfrtoi","previousOperationId":"bg4ml7oyhl1c7po"}
{"type":"operationEnd","operationId":"bg4ml7oyhl1c7po","timestamp":1724405173318,"id":"mr63gvn4on1u6t0","previousEventId":"hcrbh9a1hbywhm8","previousOperationId":"bg4ml7oyhl1c7po"}
{"type":"operationStart","subtype":"recipe","name":"chrome-pdf","timestamp":1724405173335,"id":"uwtg85y2kcecjtx","previousEventId":"mr63gvn4on1u6t0","operationId":"7f1zaj2g70d20wf","previousOperationId":"bg4ml7oyhl1c7po"}
{"type":"log","timestamp":1724405173335,"level":"debug","message":"Executing recipe chrome-pdf","meta":{"rootId":"bxr3uehlqfe66yk","id":"bxr3uehlqfe66yk"},"id":"gauxh0prqy9f9u4","previousOperationId":"7f1zaj2g70d20wf"}
{"type":"log","timestamp":1724405173339,"level":"debug","message":"Converting with chrome Chrome/127.0.6533.99 using chrome-pool strategy","meta":{"rootId":"bxr3uehlqfe66yk","id":"bxr3uehlqfe66yk"},"id":"ou6vse48t18iob7","previousOperationId":"7f1zaj2g70d20wf"}
{"type":"log","timestamp":1724405173398,"level":"debug","message":"Page request: GET (document) file:///C:/Users/shsmo/AppData/Local/Temp/jsreport/autocleanup/ede7083f-fd9d-456d-8d91-3e9cdc2774c2-chrome-pdf.html","meta":{"rootId":"bxr3uehlqfe66yk","id":"bxr3uehlqfe66yk"},"id":"jdna6fm3ls6zlal","previousOperationId":"7f1zaj2g70d20wf"}
{"type":"log","timestamp":1724405173536,"level":"debug","message":"Page request: GET (script) https://cdn.tailwindcss.com/","meta":{"rootId":"bxr3uehlqfe66yk","id":"bxr3uehlqfe66yk"},"id":"4xnig6qbfk8hfdp","previousOperationId":"7f1zaj2g70d20wf"}
{"type":"log","timestamp":1724405173539,"level":"debug","message":"Page request finished: GET (document) 200 file:///C:/Users/shsmo/AppData/Local/Temp/jsreport/autocleanup/ede7083f-fd9d-456d-8d91-3e9cdc2774c2-chrome-pdf.html","meta":{"rootId":"bxr3uehlqfe66yk","id":"bxr3uehlqfe66yk"},"id":"hdw726mtou9mu27","previousOperationId":"7f1zaj2g70d20wf"}
{"type":"log","timestamp":1724405173553,"level":"warn","message":"Page request failed: GET (script) 302 https://cdn.tailwindcss.com/ (redirect to: /3.4.5)","meta":{"rootId":"bxr3uehlqfe66yk","id":"bxr3uehlqfe66yk"},"id":"ardw998tnch8k5g","previousOperationId":"7f1zaj2g70d20wf"}
{"type":"log","timestamp":1724405173554,"level":"debug","message":"Page request: GET (script) https://cdn.tailwindcss.com/3.4.5 (redirect from: https://cdn.tailwindcss.com/)","meta":{"rootId":"bxr3uehlqfe66yk","id":"bxr3uehlqfe66yk"},"id":"ontmj7tvcbf87eq","previousOperationId":"7f1zaj2g70d20wf"}
{"type":"log","timestamp":1724405173567,"level":"debug","message":"Page request finished: GET (script) 200 https://cdn.tailwindcss.com/3.4.5","meta":{"rootId":"bxr3uehlqfe66yk","id":"bxr3uehlqfe66yk"},"id":"ynboysh494u209j","previousOperationId":"7f1zaj2g70d20wf"}
{"type":"log","timestamp":1724405173603,"level":"debug","message":"(console:warn) cdn.tailwindcss.com should not be used in production. To use Tailwind CSS in production, install it as a PostCSS plugin or use the Tailwind CLI: https://tailwindcss.com/docs/installation","meta":{"userLevel":true,"rootId":"bxr3uehlqfe66yk","id":"bxr3uehlqfe66yk"},"id":"6kuzd7n1bnzsyiy","previousOperationId":"7f1zaj2g70d20wf"}
{"type":"log","timestamp":1724405173721,"level":"debug","message":"Running chrome with params {\"printBackground\":true,\"format\":\"A4\",\"marginTop\":\"1cm\",\"marginBottom\":\"2cm\",\"timeout\":59891,\"margin\":{\"top\":\"1cm\",\"bottom\":\"2cm\"}}","meta":{"rootId":"bxr3uehlqfe66yk","id":"bxr3uehlqfe66yk"},"id":"4npxamb1hpevb6j","previousOperationId":"7f1zaj2g70d20wf"}
{"type":"operationEnd","operationId":"7f1zaj2g70d20wf","timestamp":1724405173907,"id":"sn20kgjkkuui7nb","previousEventId":"uwtg85y2kcecjtx","previousOperationId":"7f1zaj2g70d20wf"}
{"type":"log","timestamp":1724405173907,"level":"debug","message":"Skipping storing report.","meta":{"rootId":"bxr3uehlqfe66yk","id":"bxr3uehlqfe66yk"},"id":"wca9eqsgxw5dc0m","previousOperationId":"7f1zaj2g70d20wf"}
{"type":"log","timestamp":1724405173907,"level":"info","message":"Rendering request 271 finished in 678 ms","meta":{"rootId":"bxr3uehlqfe66yk","id":"bxr3uehlqfe66yk"},"id":"jovbuhxxer4dc0y","previousOperationId":"7f1zaj2g70d20wf"}
{"type":"operationEnd","subtype":"render","operationId":"tz23o9c5jmdv91f","timestamp":1724405173907,"id":"8mih9bii1cj764e","previousEventId":"sn20kgjkkuui7nb","previousOperationId":"7f1zaj2g70d20wf"}
{"type":"operationEnd","doDiffs":false,"previousEventId":"fv7y3bmu0hqq5zo","previousOperationId":"9out27thwzar627","operationId":"9out27thwzar627","timestamp":1724405173909,"id":"26m2528or09vl2z"}
