{"type":"operationStart","subtype":"profile","data":{"_id":"iSgKM9AsyembsFKA","timestamp":"2024-08-24T05:31:46.462Z","state":"queued","mode":"standard","creationDate":"2024-08-24T05:31:46.464Z","modificationDate":"2024-08-24T05:31:46.464Z","shortid":"AIsJ3OZ","inheritedReadPermissions":[],"inheritedEditPermissions":[],"$entitySet":"profiles"},"doDiffs":false,"timestamp":1724477506463,"id":"6ptlo60awnk0k90","previousOperationId":null,"operationId":"cd13kwphnt1hntz"}
{"type":"log","level":"info","message":"Render request 5 queued for execution and waiting for available worker","previousOperationId":"cd13kwphnt1hntz","timestamp":1724477506464,"id":"2fzcevdg38spt90"}
{"type":"operationStart","subtype":"render","name":"site_visit_report","previousOperationId":"cd13kwphnt1hntz","timestamp":1724477506472,"id":"yeki8q6suwjpi3a","previousEventId":"6ptlo60awnk0k90","operationId":"im11jur836aeipm"}
{"type":"log","timestamp":1724477506472,"level":"info","message":"Starting rendering request 5 (user: admin)","meta":{"rootId":"d5ncyr2ew1s6d30","id":"d5ncyr2ew1s6d30"},"id":"ub88exgyn5c8n2d","previousOperationId":"im11jur836aeipm"}
{"type":"log","timestamp":1724477506472,"level":"info","message":"Rendering template { name: site_visit_report, recipe: chrome-pdf, engine: handlebars, preview: true }","meta":{"rootId":"d5ncyr2ew1s6d30","id":"d5ncyr2ew1s6d30"},"id":"16r3d8u04kennkc","previousOperationId":"im11jur836aeipm"}
{"type":"log","timestamp":1724477506473,"level":"debug","message":"Inline data specified.","meta":{"rootId":"d5ncyr2ew1s6d30","id":"d5ncyr2ew1s6d30"},"id":"jhg7vgd3oucyqrn","previousOperationId":"im11jur836aeipm"}
{"type":"log","timestamp":1724477506474,"level":"debug","message":"Base url not specified, skipping its injection.","meta":{"rootId":"d5ncyr2ew1s6d30","id":"d5ncyr2ew1s6d30"},"id":"kn2b75iqvxixvta","previousOperationId":"im11jur836aeipm"}
{"type":"log","timestamp":1724477506482,"level":"debug","message":"Replaced assets [\"KhmerOSSiemreapRegular.ttf\",\"KhmerOSMuolLightRegular.ttf\",\"times_new_roman.ttf\",\"Tacteing.ttf\",\"limons1l.ttf\",\"/asset/images/draft-km.png\"]","meta":{"rootId":"d5ncyr2ew1s6d30","id":"d5ncyr2ew1s6d30"},"id":"2rag0kberpkm16n","previousOperationId":"im11jur836aeipm"}
{"type":"operationStart","subtype":"engine","name":"handlebars","timestamp":1724477506482,"id":"8fxefm9ol5zfn67","previousEventId":"yeki8q6suwjpi3a","operationId":"c0tac6dl8s6cg8b","previousOperationId":"im11jur836aeipm"}
{"type":"log","timestamp":1724477506482,"level":"debug","message":"Rendering engine handlebars","meta":{"rootId":"d5ncyr2ew1s6d30","id":"d5ncyr2ew1s6d30"},"id":"bmz516t9bav90v3","previousOperationId":"c0tac6dl8s6cg8b"}
{"type":"operationEnd","operationId":"c0tac6dl8s6cg8b","timestamp":1724477506494,"id":"d4t86atfyzbrggl","previousEventId":"8fxefm9ol5zfn67","previousOperationId":"c0tac6dl8s6cg8b"}
{"type":"operationStart","subtype":"recipe","name":"chrome-pdf","timestamp":1724477506494,"id":"uj1qmemd017by2p","previousEventId":"d4t86atfyzbrggl","operationId":"ko4wotf86rvmgy3","previousOperationId":"c0tac6dl8s6cg8b"}
{"type":"log","timestamp":1724477506494,"level":"debug","message":"Executing recipe chrome-pdf","meta":{"rootId":"d5ncyr2ew1s6d30","id":"d5ncyr2ew1s6d30"},"id":"2l7k2cjneqao8t9","previousOperationId":"ko4wotf86rvmgy3"}
{"type":"log","timestamp":1724477506497,"level":"debug","message":"Converting with chrome Chrome/127.0.6533.99 using chrome-pool strategy","meta":{"rootId":"d5ncyr2ew1s6d30","id":"d5ncyr2ew1s6d30"},"id":"2kdd0zmdqwksiaw","previousOperationId":"ko4wotf86rvmgy3"}
{"type":"log","timestamp":1724477506552,"level":"debug","message":"Page request: GET (document) file:///C:/Users/shsmo/AppData/Local/Temp/jsreport/autocleanup/6d314e8d-2d33-4fb8-98a3-04ae2f2121f3-chrome-pdf.html","meta":{"rootId":"d5ncyr2ew1s6d30","id":"d5ncyr2ew1s6d30"},"id":"2up157e79wodr6g","previousOperationId":"ko4wotf86rvmgy3"}
{"type":"log","timestamp":1724477506568,"level":"debug","message":"Page request finished: GET (document) 200 file:///C:/Users/shsmo/AppData/Local/Temp/jsreport/autocleanup/6d314e8d-2d33-4fb8-98a3-04ae2f2121f3-chrome-pdf.html","meta":{"rootId":"d5ncyr2ew1s6d30","id":"d5ncyr2ew1s6d30"},"id":"elfdx8orhvcel1s","previousOperationId":"ko4wotf86rvmgy3"}
{"type":"log","timestamp":1724477506571,"level":"debug","message":"Page request: GET (script) https://cdn.tailwindcss.com/","meta":{"rootId":"d5ncyr2ew1s6d30","id":"d5ncyr2ew1s6d30"},"id":"ziudph093h60l0b","previousOperationId":"ko4wotf86rvmgy3"}
{"type":"log","timestamp":1724477506580,"level":"warn","message":"Page request failed: GET (script) 302 https://cdn.tailwindcss.com/ (redirect to: /3.4.5)","meta":{"rootId":"d5ncyr2ew1s6d30","id":"d5ncyr2ew1s6d30"},"id":"x06im26o6nor09s","previousOperationId":"ko4wotf86rvmgy3"}
{"type":"log","timestamp":1724477506580,"level":"debug","message":"Page request: GET (script) https://cdn.tailwindcss.com/3.4.5 (redirect from: https://cdn.tailwindcss.com/)","meta":{"rootId":"d5ncyr2ew1s6d30","id":"d5ncyr2ew1s6d30"},"id":"0kmpl0u9lxxgin5","previousOperationId":"ko4wotf86rvmgy3"}
{"type":"log","timestamp":1724477506599,"level":"debug","message":"Page request finished: GET (script) 200 https://cdn.tailwindcss.com/3.4.5","meta":{"rootId":"d5ncyr2ew1s6d30","id":"d5ncyr2ew1s6d30"},"id":"p7u21bv5m32999g","previousOperationId":"ko4wotf86rvmgy3"}
{"type":"log","timestamp":1724477506637,"level":"debug","message":"(console:warn) cdn.tailwindcss.com should not be used in production. To use Tailwind CSS in production, install it as a PostCSS plugin or use the Tailwind CLI: https://tailwindcss.com/docs/installation","meta":{"userLevel":true,"rootId":"d5ncyr2ew1s6d30","id":"d5ncyr2ew1s6d30"},"id":"63dah420qa51bks","previousOperationId":"ko4wotf86rvmgy3"}
{"type":"log","timestamp":1724477506753,"level":"debug","message":"Running chrome with params {\"printBackground\":true,\"format\":\"A4\",\"marginTop\":\"1cm\",\"marginBottom\":\"2cm\",\"timeout\":59966,\"margin\":{\"top\":\"1cm\",\"bottom\":\"2cm\"}}","meta":{"rootId":"d5ncyr2ew1s6d30","id":"d5ncyr2ew1s6d30"},"id":"by14kfypu1m1c76","previousOperationId":"ko4wotf86rvmgy3"}
{"type":"operationEnd","operationId":"ko4wotf86rvmgy3","timestamp":1724477506918,"id":"qis6350b4gxrnk5","previousEventId":"uj1qmemd017by2p","previousOperationId":"ko4wotf86rvmgy3"}
{"type":"log","timestamp":1724477506918,"level":"debug","message":"Skipping storing report.","meta":{"rootId":"d5ncyr2ew1s6d30","id":"d5ncyr2ew1s6d30"},"id":"chhzyk6f0nua28i","previousOperationId":"ko4wotf86rvmgy3"}
{"type":"log","timestamp":1724477506918,"level":"info","message":"Rendering request 5 finished in 456 ms","meta":{"rootId":"d5ncyr2ew1s6d30","id":"d5ncyr2ew1s6d30"},"id":"jef8eu06zixx9kx","previousOperationId":"ko4wotf86rvmgy3"}
{"type":"operationEnd","subtype":"render","operationId":"im11jur836aeipm","timestamp":1724477506918,"id":"puvi7znhafgcycn","previousEventId":"qis6350b4gxrnk5","previousOperationId":"ko4wotf86rvmgy3"}
{"type":"operationEnd","doDiffs":false,"previousEventId":"6ptlo60awnk0k90","previousOperationId":"cd13kwphnt1hntz","operationId":"cd13kwphnt1hntz","timestamp":1724477506921,"id":"6rqnwjtf94512t0"}
