{"type":"operationStart","subtype":"profile","data":{"_id":"J0dshj5Zp4qgJogX","timestamp":"2024-08-24T05:46:58.103Z","state":"queued","mode":"standard","creationDate":"2024-08-24T05:46:58.104Z","modificationDate":"2024-08-24T05:46:58.104Z","shortid":"JA7mXCZ","inheritedReadPermissions":[],"inheritedEditPermissions":[],"$entitySet":"profiles"},"doDiffs":false,"timestamp":1724478418103,"id":"gs97pr0d5czxcop","previousOperationId":null,"operationId":"y8o4oxcyhdhpoaf"}
{"type":"log","level":"info","message":"Render request 24 queued for execution and waiting for available worker","previousOperationId":"y8o4oxcyhdhpoaf","timestamp":1724478418103,"id":"ro64s6d9j0dha66"}
{"type":"operationStart","subtype":"render","name":"site_visit_report","previousOperationId":"y8o4oxcyhdhpoaf","timestamp":1724478418111,"id":"9voguw7h90xrua5","previousEventId":"gs97pr0d5czxcop","operationId":"x8ue219ha9698vk"}
{"type":"log","timestamp":1724478418111,"level":"info","message":"Starting rendering request 24 (user: admin)","meta":{"rootId":"d70e84r149479y7","id":"d70e84r149479y7"},"id":"qni2o5zo4pb6yvt","previousOperationId":"x8ue219ha9698vk"}
{"type":"log","timestamp":1724478418111,"level":"info","message":"Rendering template { name: site_visit_report, recipe: chrome-pdf, engine: handlebars, preview: true }","meta":{"rootId":"d70e84r149479y7","id":"d70e84r149479y7"},"id":"v0s8qpdtj2ry41x","previousOperationId":"x8ue219ha9698vk"}
{"type":"log","timestamp":1724478418112,"level":"debug","message":"Inline data specified.","meta":{"rootId":"d70e84r149479y7","id":"d70e84r149479y7"},"id":"4zv1w85czdke9py","previousOperationId":"x8ue219ha9698vk"}
{"type":"log","timestamp":1724478418115,"level":"debug","message":"Base url not specified, skipping its injection.","meta":{"rootId":"d70e84r149479y7","id":"d70e84r149479y7"},"id":"xztlx0cxriecmo3","previousOperationId":"x8ue219ha9698vk"}
{"type":"log","timestamp":1724478418122,"level":"debug","message":"Replaced assets [\"KhmerOSSiemreapRegular.ttf\",\"KhmerOSMuolLightRegular.ttf\",\"times_new_roman.ttf\",\"Tacteing.ttf\",\"limons1l.ttf\",\"/asset/images/draft-km.png\"]","meta":{"rootId":"d70e84r149479y7","id":"d70e84r149479y7"},"id":"ezkw1ek7ef592tn","previousOperationId":"x8ue219ha9698vk"}
{"type":"operationStart","subtype":"engine","name":"handlebars","timestamp":1724478418122,"id":"0y77gpcgzshcn2l","previousEventId":"9voguw7h90xrua5","operationId":"6vh0joow085m437","previousOperationId":"x8ue219ha9698vk"}
{"type":"log","timestamp":1724478418122,"level":"debug","message":"Rendering engine handlebars","meta":{"rootId":"d70e84r149479y7","id":"d70e84r149479y7"},"id":"3y6hqretd2n4qfm","previousOperationId":"6vh0joow085m437"}
{"type":"operationEnd","operationId":"6vh0joow085m437","timestamp":1724478418152,"id":"0f1p8hix1o7ey4a","previousEventId":"0y77gpcgzshcn2l","previousOperationId":"6vh0joow085m437"}
{"type":"operationStart","subtype":"recipe","name":"chrome-pdf","timestamp":1724478418153,"id":"rb86bkem11wfvbc","previousEventId":"0f1p8hix1o7ey4a","operationId":"p4xscr4qdqzb974","previousOperationId":"6vh0joow085m437"}
{"type":"log","timestamp":1724478418153,"level":"debug","message":"Executing recipe chrome-pdf","meta":{"rootId":"d70e84r149479y7","id":"d70e84r149479y7"},"id":"qozhvzehpxlf266","previousOperationId":"p4xscr4qdqzb974"}
{"type":"log","timestamp":1724478418158,"level":"debug","message":"Converting with chrome Chrome/127.0.6533.99 using chrome-pool strategy","meta":{"rootId":"d70e84r149479y7","id":"d70e84r149479y7"},"id":"h0ir3n9zw2crttk","previousOperationId":"p4xscr4qdqzb974"}
{"type":"log","timestamp":1724478418203,"level":"debug","message":"Page request: GET (document) file:///C:/Users/shsmo/AppData/Local/Temp/jsreport/autocleanup/c104fe7b-121a-4fa1-b8cb-39b001dbc2a6-chrome-pdf.html","meta":{"rootId":"d70e84r149479y7","id":"d70e84r149479y7"},"id":"5o40u6b8yrlns5e","previousOperationId":"p4xscr4qdqzb974"}
{"type":"log","timestamp":1724478418217,"level":"debug","message":"Page request finished: GET (document) 200 file:///C:/Users/shsmo/AppData/Local/Temp/jsreport/autocleanup/c104fe7b-121a-4fa1-b8cb-39b001dbc2a6-chrome-pdf.html","meta":{"rootId":"d70e84r149479y7","id":"d70e84r149479y7"},"id":"i97rc9kblmvri75","previousOperationId":"p4xscr4qdqzb974"}
{"type":"log","timestamp":1724478418221,"level":"debug","message":"Page request: GET (script) https://cdn.tailwindcss.com/","meta":{"rootId":"d70e84r149479y7","id":"d70e84r149479y7"},"id":"8wx707wrgjl5rft","previousOperationId":"p4xscr4qdqzb974"}
{"type":"log","timestamp":1724478418229,"level":"warn","message":"Page request failed: GET (script) 302 https://cdn.tailwindcss.com/ (redirect to: /3.4.5)","meta":{"rootId":"d70e84r149479y7","id":"d70e84r149479y7"},"id":"qxzbw7uk2uunto7","previousOperationId":"p4xscr4qdqzb974"}
{"type":"log","timestamp":1724478418230,"level":"debug","message":"Page request: GET (script) https://cdn.tailwindcss.com/3.4.5 (redirect from: https://cdn.tailwindcss.com/)","meta":{"rootId":"d70e84r149479y7","id":"d70e84r149479y7"},"id":"i52dtinovg4ul7h","previousOperationId":"p4xscr4qdqzb974"}
{"type":"log","timestamp":1724478418250,"level":"debug","message":"Page request finished: GET (script) 200 https://cdn.tailwindcss.com/3.4.5","meta":{"rootId":"d70e84r149479y7","id":"d70e84r149479y7"},"id":"3ix5diy6hhs6zil","previousOperationId":"p4xscr4qdqzb974"}
{"type":"log","timestamp":1724478418296,"level":"debug","message":"(console:warn) cdn.tailwindcss.com should not be used in production. To use Tailwind CSS in production, install it as a PostCSS plugin or use the Tailwind CLI: https://tailwindcss.com/docs/installation","meta":{"userLevel":true,"rootId":"d70e84r149479y7","id":"d70e84r149479y7"},"id":"r34f4fz212qains","previousOperationId":"p4xscr4qdqzb974"}
{"type":"log","timestamp":1724478418423,"level":"debug","message":"Running chrome with params {\"printBackground\":true,\"format\":\"A4\",\"marginTop\":\"1cm\",\"marginBottom\":\"2cm\",\"timeout\":59946,\"margin\":{\"top\":\"1cm\",\"bottom\":\"2cm\"}}","meta":{"rootId":"d70e84r149479y7","id":"d70e84r149479y7"},"id":"oi0drit1m1lm19d","previousOperationId":"p4xscr4qdqzb974"}
{"type":"operationEnd","operationId":"p4xscr4qdqzb974","timestamp":1724478418568,"id":"9wkiyklcq3zjru5","previousEventId":"rb86bkem11wfvbc","previousOperationId":"p4xscr4qdqzb974"}
{"type":"log","timestamp":1724478418568,"level":"debug","message":"Skipping storing report.","meta":{"rootId":"d70e84r149479y7","id":"d70e84r149479y7"},"id":"dnbc0gc4bkrysz1","previousOperationId":"p4xscr4qdqzb974"}
{"type":"log","timestamp":1724478418568,"level":"info","message":"Rendering request 24 finished in 465 ms","meta":{"rootId":"d70e84r149479y7","id":"d70e84r149479y7"},"id":"bk1muqij3ls3diu","previousOperationId":"p4xscr4qdqzb974"}
{"type":"operationEnd","subtype":"render","operationId":"x8ue219ha9698vk","timestamp":1724478418568,"id":"vvprrklbv0lug1p","previousEventId":"9wkiyklcq3zjru5","previousOperationId":"p4xscr4qdqzb974"}
{"type":"operationEnd","doDiffs":false,"previousEventId":"gs97pr0d5czxcop","previousOperationId":"y8o4oxcyhdhpoaf","operationId":"y8o4oxcyhdhpoaf","timestamp":1724478418570,"id":"txja5hvk1dqos2i"}
