{"type":"operationStart","subtype":"profile","data":{"_id":"ABgmX3qHjvEf76bq","timestamp":"2024-08-23T11:02:48.673Z","state":"queued","mode":"standard","creationDate":"2024-08-23T11:02:48.676Z","modificationDate":"2024-08-23T11:02:48.676Z","shortid":"diTilIu","inheritedReadPermissions":[],"inheritedEditPermissions":[],"$entitySet":"profiles"},"doDiffs":false,"timestamp":1724410968675,"id":"s2fc62ynmzgdwy8","previousOperationId":null,"operationId":"pe10i1enlwoxmb5"}
{"type":"log","level":"info","message":"Render request 340 queued for execution and waiting for available worker","previousOperationId":"pe10i1enlwoxmb5","timestamp":1724410968675,"id":"ld125di3n3qcoqq"}
{"type":"operationStart","subtype":"render","name":"site_visit_report","previousOperationId":"pe10i1enlwoxmb5","timestamp":1724410968685,"id":"zgvjkr5ci8v3o7y","previousEventId":"s2fc62ynmzgdwy8","operationId":"0z5gyhyl1ybljxk"}
{"type":"log","timestamp":1724410968685,"level":"info","message":"Starting rendering request 340 (user: admin)","meta":{"rootId":"dxp6zqi4hm6tkg3","id":"dxp6zqi4hm6tkg3"},"id":"r9iyl1jxcdlhk0s","previousOperationId":"0z5gyhyl1ybljxk"}
{"type":"log","timestamp":1724410968685,"level":"info","message":"Rendering template { name: site_visit_report, recipe: chrome-pdf, engine: handlebars, preview: true }","meta":{"rootId":"dxp6zqi4hm6tkg3","id":"dxp6zqi4hm6tkg3"},"id":"3qs5mw3hyyberaz","previousOperationId":"0z5gyhyl1ybljxk"}
{"type":"log","timestamp":1724410968685,"level":"debug","message":"Inline data specified.","meta":{"rootId":"dxp6zqi4hm6tkg3","id":"dxp6zqi4hm6tkg3"},"id":"1z7q7qynzkj490g","previousOperationId":"0z5gyhyl1ybljxk"}
{"type":"log","timestamp":1724410968687,"level":"debug","message":"Base url not specified, skipping its injection.","meta":{"rootId":"dxp6zqi4hm6tkg3","id":"dxp6zqi4hm6tkg3"},"id":"18v2hcwzv4kmp7f","previousOperationId":"0z5gyhyl1ybljxk"}
{"type":"log","timestamp":1724410968692,"level":"debug","message":"Replaced assets [\"KhmerOSSiemreapRegular.ttf\",\"KhmerOSMuolLightRegular.ttf\",\"times_new_roman.ttf\",\"Tacteing.ttf\",\"/asset/images/draft-km.png\"]","meta":{"rootId":"dxp6zqi4hm6tkg3","id":"dxp6zqi4hm6tkg3"},"id":"jx06753sbayjzsm","previousOperationId":"0z5gyhyl1ybljxk"}
{"type":"operationStart","subtype":"engine","name":"handlebars","timestamp":1724410968693,"id":"3eom5rt6r3z98w7","previousEventId":"zgvjkr5ci8v3o7y","operationId":"uoqeid0xey0gjdd","previousOperationId":"0z5gyhyl1ybljxk"}
{"type":"log","timestamp":1724410968693,"level":"debug","message":"Rendering engine handlebars","meta":{"rootId":"dxp6zqi4hm6tkg3","id":"dxp6zqi4hm6tkg3"},"id":"eegg0tv6n0ahz79","previousOperationId":"uoqeid0xey0gjdd"}
{"type":"operationEnd","operationId":"uoqeid0xey0gjdd","timestamp":1724410968756,"id":"99tjzop7z1v5wpx","previousEventId":"3eom5rt6r3z98w7","previousOperationId":"uoqeid0xey0gjdd"}
{"type":"operationStart","subtype":"recipe","name":"chrome-pdf","timestamp":1724410968772,"id":"6cu7c8oxx2htjvo","previousEventId":"99tjzop7z1v5wpx","operationId":"hjof8o89x4gi1bs","previousOperationId":"uoqeid0xey0gjdd"}
{"type":"log","timestamp":1724410968772,"level":"debug","message":"Executing recipe chrome-pdf","meta":{"rootId":"dxp6zqi4hm6tkg3","id":"dxp6zqi4hm6tkg3"},"id":"2qesyldsbf2u5qk","previousOperationId":"hjof8o89x4gi1bs"}
{"type":"log","timestamp":1724410968775,"level":"debug","message":"Converting with chrome Chrome/127.0.6533.99 using chrome-pool strategy","meta":{"rootId":"dxp6zqi4hm6tkg3","id":"dxp6zqi4hm6tkg3"},"id":"3ruvngrds1ennfa","previousOperationId":"hjof8o89x4gi1bs"}
{"type":"log","timestamp":1724410968842,"level":"debug","message":"Page request: GET (document) file:///C:/Users/shsmo/AppData/Local/Temp/jsreport/autocleanup/0dc64029-deb5-42e1-9efb-55d094a5f9b0-chrome-pdf.html","meta":{"rootId":"dxp6zqi4hm6tkg3","id":"dxp6zqi4hm6tkg3"},"id":"30zgnn43abm1dax","previousOperationId":"hjof8o89x4gi1bs"}
{"type":"log","timestamp":1724410968991,"level":"debug","message":"Page request: GET (script) https://cdn.tailwindcss.com/","meta":{"rootId":"dxp6zqi4hm6tkg3","id":"dxp6zqi4hm6tkg3"},"id":"r7k8m100brke6oz","previousOperationId":"hjof8o89x4gi1bs"}
{"type":"log","timestamp":1724410968998,"level":"debug","message":"Page request finished: GET (document) 200 file:///C:/Users/shsmo/AppData/Local/Temp/jsreport/autocleanup/0dc64029-deb5-42e1-9efb-55d094a5f9b0-chrome-pdf.html","meta":{"rootId":"dxp6zqi4hm6tkg3","id":"dxp6zqi4hm6tkg3"},"id":"ntd2anjt5tq69hh","previousOperationId":"hjof8o89x4gi1bs"}
{"type":"log","timestamp":1724410969007,"level":"warn","message":"Page request failed: GET (script) 302 https://cdn.tailwindcss.com/ (redirect to: /3.4.5)","meta":{"rootId":"dxp6zqi4hm6tkg3","id":"dxp6zqi4hm6tkg3"},"id":"aasxvldoriadlw5","previousOperationId":"hjof8o89x4gi1bs"}
{"type":"log","timestamp":1724410969008,"level":"debug","message":"Page request: GET (script) https://cdn.tailwindcss.com/3.4.5 (redirect from: https://cdn.tailwindcss.com/)","meta":{"rootId":"dxp6zqi4hm6tkg3","id":"dxp6zqi4hm6tkg3"},"id":"vwp81iancpz32un","previousOperationId":"hjof8o89x4gi1bs"}
{"type":"log","timestamp":1724410969025,"level":"debug","message":"Page request finished: GET (script) 200 https://cdn.tailwindcss.com/3.4.5","meta":{"rootId":"dxp6zqi4hm6tkg3","id":"dxp6zqi4hm6tkg3"},"id":"2yro539t5uvwis3","previousOperationId":"hjof8o89x4gi1bs"}
{"type":"log","timestamp":1724410969075,"level":"debug","message":"(console:warn) cdn.tailwindcss.com should not be used in production. To use Tailwind CSS in production, install it as a PostCSS plugin or use the Tailwind CLI: https://tailwindcss.com/docs/installation","meta":{"userLevel":true,"rootId":"dxp6zqi4hm6tkg3","id":"dxp6zqi4hm6tkg3"},"id":"kyofi7m7esw54xe","previousOperationId":"hjof8o89x4gi1bs"}
{"type":"log","timestamp":1724410969233,"level":"debug","message":"Running chrome with params {\"printBackground\":true,\"format\":\"A4\",\"marginTop\":\"1cm\",\"marginBottom\":\"2cm\",\"timeout\":59899,\"margin\":{\"top\":\"1cm\",\"bottom\":\"2cm\"}}","meta":{"rootId":"dxp6zqi4hm6tkg3","id":"dxp6zqi4hm6tkg3"},"id":"kjgxsb5vio18jec","previousOperationId":"hjof8o89x4gi1bs"}
{"type":"operationEnd","operationId":"hjof8o89x4gi1bs","timestamp":1724410969443,"id":"m6mlzurv3myoi0r","previousEventId":"6cu7c8oxx2htjvo","previousOperationId":"hjof8o89x4gi1bs"}
{"type":"log","timestamp":1724410969444,"level":"debug","message":"Skipping storing report.","meta":{"rootId":"dxp6zqi4hm6tkg3","id":"dxp6zqi4hm6tkg3"},"id":"951t9ohqs43rxgi","previousOperationId":"hjof8o89x4gi1bs"}
{"type":"log","timestamp":1724410969444,"level":"info","message":"Rendering request 340 finished in 771 ms","meta":{"rootId":"dxp6zqi4hm6tkg3","id":"dxp6zqi4hm6tkg3"},"id":"fi5ue1ps5l6dvwm","previousOperationId":"hjof8o89x4gi1bs"}
{"type":"operationEnd","subtype":"render","operationId":"0z5gyhyl1ybljxk","timestamp":1724410969444,"id":"tq49zyu5jksqw01","previousEventId":"m6mlzurv3myoi0r","previousOperationId":"hjof8o89x4gi1bs"}
{"type":"operationEnd","doDiffs":false,"previousEventId":"s2fc62ynmzgdwy8","previousOperationId":"pe10i1enlwoxmb5","operationId":"pe10i1enlwoxmb5","timestamp":1724410969445,"id":"fuxbdje80282s1a"}
