{"type":"operationStart","subtype":"profile","data":{"_id":"RMB6MGnHKIrlVBij","timestamp":"2024-08-24T05:39:09.456Z","state":"queued","mode":"standard","creationDate":"2024-08-24T05:39:09.457Z","modificationDate":"2024-08-24T05:39:09.457Z","shortid":"_IuSZX4","inheritedReadPermissions":[],"inheritedEditPermissions":[],"$entitySet":"profiles"},"doDiffs":false,"timestamp":1724477949457,"id":"19gp574bmolu8eg","previousOperationId":null,"operationId":"ka2dynzu0osmcvl"}
{"type":"log","level":"info","message":"Render request 16 queued for execution and waiting for available worker","previousOperationId":"ka2dynzu0osmcvl","timestamp":1724477949457,"id":"s7v0sux5nzedp73"}
{"type":"operationStart","subtype":"render","name":"site_visit_report","previousOperationId":"ka2dynzu0osmcvl","timestamp":1724477949465,"id":"jo73ym1wt285x9u","previousEventId":"19gp574bmolu8eg","operationId":"krse169c278g8o1"}
{"type":"log","timestamp":1724477949465,"level":"info","message":"Starting rendering request 16 (user: admin)","meta":{"rootId":"hrjp76z0x4ffv9l","id":"hrjp76z0x4ffv9l"},"id":"pqq9y3guz3akrtk","previousOperationId":"krse169c278g8o1"}
{"type":"log","timestamp":1724477949466,"level":"info","message":"Rendering template { name: site_visit_report, recipe: chrome-pdf, engine: handlebars, preview: true }","meta":{"rootId":"hrjp76z0x4ffv9l","id":"hrjp76z0x4ffv9l"},"id":"ppur7e22lmhj51v","previousOperationId":"krse169c278g8o1"}
{"type":"log","timestamp":1724477949466,"level":"debug","message":"Inline data specified.","meta":{"rootId":"hrjp76z0x4ffv9l","id":"hrjp76z0x4ffv9l"},"id":"k7hhpf2dhoxz6hd","previousOperationId":"krse169c278g8o1"}
{"type":"log","timestamp":1724477949467,"level":"debug","message":"Base url not specified, skipping its injection.","meta":{"rootId":"hrjp76z0x4ffv9l","id":"hrjp76z0x4ffv9l"},"id":"hf7bjvruhqpl8vi","previousOperationId":"krse169c278g8o1"}
{"type":"log","timestamp":1724477949474,"level":"debug","message":"Replaced assets [\"KhmerOSSiemreapRegular.ttf\",\"KhmerOSMuolLightRegular.ttf\",\"times_new_roman.ttf\",\"Tacteing.ttf\",\"limons1l.ttf\",\"/asset/images/draft-km.png\"]","meta":{"rootId":"hrjp76z0x4ffv9l","id":"hrjp76z0x4ffv9l"},"id":"8snpl1yfjcyj8w6","previousOperationId":"krse169c278g8o1"}
{"type":"operationStart","subtype":"engine","name":"handlebars","timestamp":1724477949474,"id":"p20jjxpqi0vlwdt","previousEventId":"jo73ym1wt285x9u","operationId":"fwqgpzzz0b02o06","previousOperationId":"krse169c278g8o1"}
{"type":"log","timestamp":1724477949474,"level":"debug","message":"Rendering engine handlebars","meta":{"rootId":"hrjp76z0x4ffv9l","id":"hrjp76z0x4ffv9l"},"id":"x3o13dmhs0efpah","previousOperationId":"fwqgpzzz0b02o06"}
{"type":"operationEnd","operationId":"fwqgpzzz0b02o06","timestamp":1724477949508,"id":"ykwn895d77we3uv","previousEventId":"p20jjxpqi0vlwdt","previousOperationId":"fwqgpzzz0b02o06"}
{"type":"operationStart","subtype":"recipe","name":"chrome-pdf","timestamp":1724477949508,"id":"6yznd43s0kh3p46","previousEventId":"ykwn895d77we3uv","operationId":"9ha12su2x7bebun","previousOperationId":"fwqgpzzz0b02o06"}
{"type":"log","timestamp":1724477949508,"level":"debug","message":"Executing recipe chrome-pdf","meta":{"rootId":"hrjp76z0x4ffv9l","id":"hrjp76z0x4ffv9l"},"id":"1hqcvbiu0bbfv4r","previousOperationId":"9ha12su2x7bebun"}
{"type":"log","timestamp":1724477949513,"level":"debug","message":"Converting with chrome Chrome/127.0.6533.99 using chrome-pool strategy","meta":{"rootId":"hrjp76z0x4ffv9l","id":"hrjp76z0x4ffv9l"},"id":"uxdkd0us1n11g8f","previousOperationId":"9ha12su2x7bebun"}
{"type":"log","timestamp":1724477949563,"level":"debug","message":"Page request: GET (document) file:///C:/Users/shsmo/AppData/Local/Temp/jsreport/autocleanup/80693f78-c54b-4739-8299-a078198f132a-chrome-pdf.html","meta":{"rootId":"hrjp76z0x4ffv9l","id":"hrjp76z0x4ffv9l"},"id":"nko2jjglmhtbhxa","previousOperationId":"9ha12su2x7bebun"}
{"type":"log","timestamp":1724477949597,"level":"debug","message":"Page request finished: GET (document) 200 file:///C:/Users/shsmo/AppData/Local/Temp/jsreport/autocleanup/80693f78-c54b-4739-8299-a078198f132a-chrome-pdf.html","meta":{"rootId":"hrjp76z0x4ffv9l","id":"hrjp76z0x4ffv9l"},"id":"r9z961r1g6cs20u","previousOperationId":"9ha12su2x7bebun"}
{"type":"log","timestamp":1724477949600,"level":"debug","message":"Page request: GET (stylesheet) file:///C:/Users/shsmo/AppData/Local/Temp/jsreport/autocleanup/main-style.css","meta":{"rootId":"hrjp76z0x4ffv9l","id":"hrjp76z0x4ffv9l"},"id":"isq6p138se6eiar","previousOperationId":"9ha12su2x7bebun"}
{"type":"log","timestamp":1724477949600,"level":"debug","message":"Page request: GET (script) https://cdn.tailwindcss.com/","meta":{"rootId":"hrjp76z0x4ffv9l","id":"hrjp76z0x4ffv9l"},"id":"fd0sc853a8xrhwi","previousOperationId":"9ha12su2x7bebun"}
{"type":"log","timestamp":1724477949601,"level":"warn","message":"Page request failed: GET (stylesheet) file:///C:/Users/shsmo/AppData/Local/Temp/jsreport/autocleanup/main-style.css, failure: net::ERR_FILE_NOT_FOUND","meta":{"rootId":"hrjp76z0x4ffv9l","id":"hrjp76z0x4ffv9l"},"id":"vrqvlcpcmrs6qzb","previousOperationId":"9ha12su2x7bebun"}
{"type":"log","timestamp":1724477949601,"level":"debug","message":"(console:error) Failed to load resource: net::ERR_FILE_NOT_FOUND","meta":{"userLevel":true,"rootId":"hrjp76z0x4ffv9l","id":"hrjp76z0x4ffv9l"},"id":"xl53wypu8ih9ezb","previousOperationId":"9ha12su2x7bebun"}
{"type":"log","timestamp":1724477949607,"level":"warn","message":"Page request failed: GET (script) 302 https://cdn.tailwindcss.com/ (redirect to: /3.4.5)","meta":{"rootId":"hrjp76z0x4ffv9l","id":"hrjp76z0x4ffv9l"},"id":"4v6d8j56rrtgg2o","previousOperationId":"9ha12su2x7bebun"}
{"type":"log","timestamp":1724477949608,"level":"debug","message":"Page request: GET (script) https://cdn.tailwindcss.com/3.4.5 (redirect from: https://cdn.tailwindcss.com/)","meta":{"rootId":"hrjp76z0x4ffv9l","id":"hrjp76z0x4ffv9l"},"id":"tbfhegnikkt72sy","previousOperationId":"9ha12su2x7bebun"}
{"type":"log","timestamp":1724477949625,"level":"debug","message":"Page request finished: GET (script) 200 https://cdn.tailwindcss.com/3.4.5","meta":{"rootId":"hrjp76z0x4ffv9l","id":"hrjp76z0x4ffv9l"},"id":"0juf4hjh3ymq0yg","previousOperationId":"9ha12su2x7bebun"}
{"type":"log","timestamp":1724477949664,"level":"debug","message":"(console:warn) cdn.tailwindcss.com should not be used in production. To use Tailwind CSS in production, install it as a PostCSS plugin or use the Tailwind CLI: https://tailwindcss.com/docs/installation","meta":{"userLevel":true,"rootId":"hrjp76z0x4ffv9l","id":"hrjp76z0x4ffv9l"},"id":"po56butod3nw88f","previousOperationId":"9ha12su2x7bebun"}
{"type":"log","timestamp":1724477949757,"level":"debug","message":"Running chrome with params {\"printBackground\":true,\"format\":\"A4\",\"marginTop\":\"1cm\",\"marginBottom\":\"2cm\",\"timeout\":59944,\"margin\":{\"top\":\"1cm\",\"bottom\":\"2cm\"}}","meta":{"rootId":"hrjp76z0x4ffv9l","id":"hrjp76z0x4ffv9l"},"id":"kntwob787dw1an4","previousOperationId":"9ha12su2x7bebun"}
{"type":"operationEnd","operationId":"9ha12su2x7bebun","timestamp":1724477949912,"id":"8j7qf8ceh5w4nnj","previousEventId":"6yznd43s0kh3p46","previousOperationId":"9ha12su2x7bebun"}
{"type":"log","timestamp":1724477949912,"level":"debug","message":"Skipping storing report.","meta":{"rootId":"hrjp76z0x4ffv9l","id":"hrjp76z0x4ffv9l"},"id":"yi8b8sku9hu7xsf","previousOperationId":"9ha12su2x7bebun"}
{"type":"log","timestamp":1724477949912,"level":"info","message":"Rendering request 16 finished in 456 ms","meta":{"rootId":"hrjp76z0x4ffv9l","id":"hrjp76z0x4ffv9l"},"id":"6hzypdck3dchnc6","previousOperationId":"9ha12su2x7bebun"}
{"type":"operationEnd","subtype":"render","operationId":"krse169c278g8o1","timestamp":1724477949912,"id":"iqn0b589fq1m59i","previousEventId":"8j7qf8ceh5w4nnj","previousOperationId":"9ha12su2x7bebun"}
{"type":"operationEnd","doDiffs":false,"previousEventId":"19gp574bmolu8eg","previousOperationId":"ka2dynzu0osmcvl","operationId":"ka2dynzu0osmcvl","timestamp":1724477949914,"id":"lv35nw993p9c14d"}
