{"type":"operationStart","subtype":"profile","data":{"_id":"XSDvs5RziVPrf2HX","timestamp":"2024-08-24T05:32:20.794Z","state":"queued","mode":"standard","creationDate":"2024-08-24T05:32:20.796Z","modificationDate":"2024-08-24T05:32:20.796Z","shortid":"n6Ckfok","inheritedReadPermissions":[],"inheritedEditPermissions":[],"$entitySet":"profiles"},"doDiffs":false,"timestamp":1724477540795,"id":"pxof1okpgz0mu0z","previousOperationId":null,"operationId":"gxfeepymqejqbbc"}
{"type":"log","level":"info","message":"Render request 10 queued for execution and waiting for available worker","previousOperationId":"gxfeepymqejqbbc","timestamp":1724477540795,"id":"ehab4wkirx3b1qu"}
{"type":"operationStart","subtype":"render","name":"site_visit_report","previousOperationId":"gxfeepymqejqbbc","timestamp":1724477540807,"id":"dky88va4wmxs3y7","previousEventId":"pxof1okpgz0mu0z","operationId":"atva7tt4dub9hy7"}
{"type":"log","timestamp":1724477540807,"level":"info","message":"Starting rendering request 10 (user: admin)","meta":{"rootId":"ifmt1tlom9qosuz","id":"ifmt1tlom9qosuz"},"id":"7y9yx7z57fym0os","previousOperationId":"atva7tt4dub9hy7"}
{"type":"log","timestamp":1724477540807,"level":"info","message":"Rendering template { name: site_visit_report, recipe: chrome-pdf, engine: handlebars, preview: true }","meta":{"rootId":"ifmt1tlom9qosuz","id":"ifmt1tlom9qosuz"},"id":"7jcj0zcfsphn4ny","previousOperationId":"atva7tt4dub9hy7"}
{"type":"log","timestamp":1724477540807,"level":"debug","message":"Inline data specified.","meta":{"rootId":"ifmt1tlom9qosuz","id":"ifmt1tlom9qosuz"},"id":"bv80gvh7vdm8ro3","previousOperationId":"atva7tt4dub9hy7"}
{"type":"log","timestamp":1724477540808,"level":"debug","message":"Base url not specified, skipping its injection.","meta":{"rootId":"ifmt1tlom9qosuz","id":"ifmt1tlom9qosuz"},"id":"in16jqv9sb0iuay","previousOperationId":"atva7tt4dub9hy7"}
{"type":"log","timestamp":1724477540816,"level":"debug","message":"Replaced assets [\"KhmerOSSiemreapRegular.ttf\",\"KhmerOSMuolLightRegular.ttf\",\"times_new_roman.ttf\",\"Tacteing.ttf\",\"limons1l.ttf\",\"/asset/images/draft-km.png\"]","meta":{"rootId":"ifmt1tlom9qosuz","id":"ifmt1tlom9qosuz"},"id":"9upiiaz187wd563","previousOperationId":"atva7tt4dub9hy7"}
{"type":"operationStart","subtype":"engine","name":"handlebars","timestamp":1724477540817,"id":"jo9igi3t9xslaa6","previousEventId":"dky88va4wmxs3y7","operationId":"1dff0wak0t899p8","previousOperationId":"atva7tt4dub9hy7"}
{"type":"log","timestamp":1724477540817,"level":"debug","message":"Rendering engine handlebars","meta":{"rootId":"ifmt1tlom9qosuz","id":"ifmt1tlom9qosuz"},"id":"7y3l4stdukjnjan","previousOperationId":"1dff0wak0t899p8"}
{"type":"operationEnd","operationId":"1dff0wak0t899p8","timestamp":1724477540830,"id":"c7uy0z5z4eflb83","previousEventId":"jo9igi3t9xslaa6","previousOperationId":"1dff0wak0t899p8"}
{"type":"operationStart","subtype":"recipe","name":"chrome-pdf","timestamp":1724477540831,"id":"n3pv1e5aoq20pqq","previousEventId":"c7uy0z5z4eflb83","operationId":"qkmlyvn00bhdllq","previousOperationId":"1dff0wak0t899p8"}
{"type":"log","timestamp":1724477540831,"level":"debug","message":"Executing recipe chrome-pdf","meta":{"rootId":"ifmt1tlom9qosuz","id":"ifmt1tlom9qosuz"},"id":"tlqzyb11yw90zn3","previousOperationId":"qkmlyvn00bhdllq"}
{"type":"log","timestamp":1724477540834,"level":"debug","message":"Converting with chrome Chrome/127.0.6533.99 using chrome-pool strategy","meta":{"rootId":"ifmt1tlom9qosuz","id":"ifmt1tlom9qosuz"},"id":"zmfmx57tq1bq3bq","previousOperationId":"qkmlyvn00bhdllq"}
{"type":"log","timestamp":1724477540885,"level":"debug","message":"Page request: GET (document) file:///C:/Users/shsmo/AppData/Local/Temp/jsreport/autocleanup/a06735db-1add-4142-a345-ce6ddf9309db-chrome-pdf.html","meta":{"rootId":"ifmt1tlom9qosuz","id":"ifmt1tlom9qosuz"},"id":"glcqlqt43u29lxi","previousOperationId":"qkmlyvn00bhdllq"}
{"type":"log","timestamp":1724477540903,"level":"debug","message":"Page request finished: GET (document) 200 file:///C:/Users/shsmo/AppData/Local/Temp/jsreport/autocleanup/a06735db-1add-4142-a345-ce6ddf9309db-chrome-pdf.html","meta":{"rootId":"ifmt1tlom9qosuz","id":"ifmt1tlom9qosuz"},"id":"48rja6mkrqh12gi","previousOperationId":"qkmlyvn00bhdllq"}
{"type":"log","timestamp":1724477540906,"level":"debug","message":"Page request: GET (script) https://cdn.tailwindcss.com/","meta":{"rootId":"ifmt1tlom9qosuz","id":"ifmt1tlom9qosuz"},"id":"6zmyp9n9x3j6sgy","previousOperationId":"qkmlyvn00bhdllq"}
{"type":"log","timestamp":1724477540914,"level":"warn","message":"Page request failed: GET (script) 302 https://cdn.tailwindcss.com/ (redirect to: /3.4.5)","meta":{"rootId":"ifmt1tlom9qosuz","id":"ifmt1tlom9qosuz"},"id":"ftym9m01o6v63hi","previousOperationId":"qkmlyvn00bhdllq"}
{"type":"log","timestamp":1724477540914,"level":"debug","message":"Page request: GET (script) https://cdn.tailwindcss.com/3.4.5 (redirect from: https://cdn.tailwindcss.com/)","meta":{"rootId":"ifmt1tlom9qosuz","id":"ifmt1tlom9qosuz"},"id":"d19ih8ym8vhsu5s","previousOperationId":"qkmlyvn00bhdllq"}
{"type":"log","timestamp":1724477540932,"level":"debug","message":"Page request finished: GET (script) 200 https://cdn.tailwindcss.com/3.4.5","meta":{"rootId":"ifmt1tlom9qosuz","id":"ifmt1tlom9qosuz"},"id":"zs4b8b7n30265xv","previousOperationId":"qkmlyvn00bhdllq"}
{"type":"log","timestamp":1724477540975,"level":"debug","message":"(console:warn) cdn.tailwindcss.com should not be used in production. To use Tailwind CSS in production, install it as a PostCSS plugin or use the Tailwind CLI: https://tailwindcss.com/docs/installation","meta":{"userLevel":true,"rootId":"ifmt1tlom9qosuz","id":"ifmt1tlom9qosuz"},"id":"eqtkzw79e5we5y6","previousOperationId":"qkmlyvn00bhdllq"}
{"type":"log","timestamp":1724477541095,"level":"debug","message":"Running chrome with params {\"printBackground\":true,\"format\":\"A4\",\"marginTop\":\"1cm\",\"marginBottom\":\"2cm\",\"timeout\":59961,\"margin\":{\"top\":\"1cm\",\"bottom\":\"2cm\"}}","meta":{"rootId":"ifmt1tlom9qosuz","id":"ifmt1tlom9qosuz"},"id":"lv0uiduwhnli3tn","previousOperationId":"qkmlyvn00bhdllq"}
{"type":"operationEnd","operationId":"qkmlyvn00bhdllq","timestamp":1724477541269,"id":"j9ao552yrpmrmjo","previousEventId":"n3pv1e5aoq20pqq","previousOperationId":"qkmlyvn00bhdllq"}
{"type":"log","timestamp":1724477541269,"level":"debug","message":"Skipping storing report.","meta":{"rootId":"ifmt1tlom9qosuz","id":"ifmt1tlom9qosuz"},"id":"veaim59c51dr98e","previousOperationId":"qkmlyvn00bhdllq"}
{"type":"log","timestamp":1724477541269,"level":"info","message":"Rendering request 10 finished in 475 ms","meta":{"rootId":"ifmt1tlom9qosuz","id":"ifmt1tlom9qosuz"},"id":"e21omq1zg9piu03","previousOperationId":"qkmlyvn00bhdllq"}
{"type":"operationEnd","subtype":"render","operationId":"atva7tt4dub9hy7","timestamp":1724477541269,"id":"5b15kksfh4wjjuw","previousEventId":"j9ao552yrpmrmjo","previousOperationId":"qkmlyvn00bhdllq"}
{"type":"operationEnd","doDiffs":false,"previousEventId":"pxof1okpgz0mu0z","previousOperationId":"gxfeepymqejqbbc","operationId":"gxfeepymqejqbbc","timestamp":1724477541272,"id":"p8m6dfqles4o71o"}
