{"type":"operationStart","subtype":"profile","data":{"_id":"na7U1UNSV2WCE9bl","timestamp":"2024-08-24T05:32:10.419Z","state":"queued","mode":"standard","creationDate":"2024-08-24T05:32:10.421Z","modificationDate":"2024-08-24T05:32:10.421Z","shortid":"xciKMx5","inheritedReadPermissions":[],"inheritedEditPermissions":[],"$entitySet":"profiles"},"doDiffs":false,"timestamp":1724477530420,"id":"9hr7pcudqsuo4s7","previousOperationId":null,"operationId":"oolgoumoecfcgfu"}
{"type":"log","level":"info","message":"Render request 8 queued for execution and waiting for available worker","previousOperationId":"oolgoumoecfcgfu","timestamp":1724477530420,"id":"27plo20k7od940q"}
{"type":"operationStart","subtype":"render","name":"site_visit_report","previousOperationId":"oolgoumoecfcgfu","timestamp":1724477530429,"id":"4flfov8li8ytdvu","previousEventId":"9hr7pcudqsuo4s7","operationId":"atx7yg7hhwwfpg0"}
{"type":"log","timestamp":1724477530429,"level":"info","message":"Starting rendering request 8 (user: admin)","meta":{"rootId":"iw5gsg8dnz7yks7","id":"iw5gsg8dnz7yks7"},"id":"nnn3wgz9c8rxnug","previousOperationId":"atx7yg7hhwwfpg0"}
{"type":"log","timestamp":1724477530429,"level":"info","message":"Rendering template { name: site_visit_report, recipe: chrome-pdf, engine: handlebars, preview: true }","meta":{"rootId":"iw5gsg8dnz7yks7","id":"iw5gsg8dnz7yks7"},"id":"8y66olgcu4m0eex","previousOperationId":"atx7yg7hhwwfpg0"}
{"type":"log","timestamp":1724477530430,"level":"debug","message":"Inline data specified.","meta":{"rootId":"iw5gsg8dnz7yks7","id":"iw5gsg8dnz7yks7"},"id":"lhk7zem8hv2tdpg","previousOperationId":"atx7yg7hhwwfpg0"}
{"type":"log","timestamp":1724477530432,"level":"debug","message":"Base url not specified, skipping its injection.","meta":{"rootId":"iw5gsg8dnz7yks7","id":"iw5gsg8dnz7yks7"},"id":"ybv1d67km9i1hz5","previousOperationId":"atx7yg7hhwwfpg0"}
{"type":"log","timestamp":1724477530440,"level":"debug","message":"Replaced assets [\"KhmerOSSiemreapRegular.ttf\",\"KhmerOSMuolLightRegular.ttf\",\"times_new_roman.ttf\",\"Tacteing.ttf\",\"limons1l.ttf\",\"/asset/images/draft-km.png\"]","meta":{"rootId":"iw5gsg8dnz7yks7","id":"iw5gsg8dnz7yks7"},"id":"7fq9wuqyfpw6gl5","previousOperationId":"atx7yg7hhwwfpg0"}
{"type":"operationStart","subtype":"engine","name":"handlebars","timestamp":1724477530441,"id":"kopc2gbv02arkr2","previousEventId":"4flfov8li8ytdvu","operationId":"uw6zlk2svjbin6q","previousOperationId":"atx7yg7hhwwfpg0"}
{"type":"log","timestamp":1724477530441,"level":"debug","message":"Rendering engine handlebars","meta":{"rootId":"iw5gsg8dnz7yks7","id":"iw5gsg8dnz7yks7"},"id":"ol02mvieti2pguj","previousOperationId":"uw6zlk2svjbin6q"}
{"type":"operationEnd","operationId":"uw6zlk2svjbin6q","timestamp":1724477530455,"id":"bfjl7vcjw6suadf","previousEventId":"kopc2gbv02arkr2","previousOperationId":"uw6zlk2svjbin6q"}
{"type":"operationStart","subtype":"recipe","name":"chrome-pdf","timestamp":1724477530455,"id":"y3b9mmhj4sdo7dz","previousEventId":"bfjl7vcjw6suadf","operationId":"phvyj9oe0oykjpz","previousOperationId":"uw6zlk2svjbin6q"}
{"type":"log","timestamp":1724477530455,"level":"debug","message":"Executing recipe chrome-pdf","meta":{"rootId":"iw5gsg8dnz7yks7","id":"iw5gsg8dnz7yks7"},"id":"1ml3rvf2rq92ovs","previousOperationId":"phvyj9oe0oykjpz"}
{"type":"log","timestamp":1724477530458,"level":"debug","message":"Converting with chrome Chrome/127.0.6533.99 using chrome-pool strategy","meta":{"rootId":"iw5gsg8dnz7yks7","id":"iw5gsg8dnz7yks7"},"id":"rsde5xd8p1285f6","previousOperationId":"phvyj9oe0oykjpz"}
{"type":"log","timestamp":1724477530509,"level":"debug","message":"Page request: GET (document) file:///C:/Users/shsmo/AppData/Local/Temp/jsreport/autocleanup/d68be44d-ae9f-49d1-8c75-183c8e57f5bf-chrome-pdf.html","meta":{"rootId":"iw5gsg8dnz7yks7","id":"iw5gsg8dnz7yks7"},"id":"5sa3f7syiuftg9c","previousOperationId":"phvyj9oe0oykjpz"}
{"type":"log","timestamp":1724477530524,"level":"debug","message":"Page request finished: GET (document) 200 file:///C:/Users/shsmo/AppData/Local/Temp/jsreport/autocleanup/d68be44d-ae9f-49d1-8c75-183c8e57f5bf-chrome-pdf.html","meta":{"rootId":"iw5gsg8dnz7yks7","id":"iw5gsg8dnz7yks7"},"id":"vv46f505g1oqmph","previousOperationId":"phvyj9oe0oykjpz"}
{"type":"log","timestamp":1724477530528,"level":"debug","message":"Page request: GET (script) https://cdn.tailwindcss.com/","meta":{"rootId":"iw5gsg8dnz7yks7","id":"iw5gsg8dnz7yks7"},"id":"l5v9qlo5shoegek","previousOperationId":"phvyj9oe0oykjpz"}
{"type":"log","timestamp":1724477530536,"level":"warn","message":"Page request failed: GET (script) 302 https://cdn.tailwindcss.com/ (redirect to: /3.4.5)","meta":{"rootId":"iw5gsg8dnz7yks7","id":"iw5gsg8dnz7yks7"},"id":"cziyvxhtygmoxgn","previousOperationId":"phvyj9oe0oykjpz"}
{"type":"log","timestamp":1724477530536,"level":"debug","message":"Page request: GET (script) https://cdn.tailwindcss.com/3.4.5 (redirect from: https://cdn.tailwindcss.com/)","meta":{"rootId":"iw5gsg8dnz7yks7","id":"iw5gsg8dnz7yks7"},"id":"5h42jusbw4l9v87","previousOperationId":"phvyj9oe0oykjpz"}
{"type":"log","timestamp":1724477530555,"level":"debug","message":"Page request finished: GET (script) 200 https://cdn.tailwindcss.com/3.4.5","meta":{"rootId":"iw5gsg8dnz7yks7","id":"iw5gsg8dnz7yks7"},"id":"zgx3uxn4fsma2j1","previousOperationId":"phvyj9oe0oykjpz"}
{"type":"log","timestamp":1724477530599,"level":"debug","message":"(console:warn) cdn.tailwindcss.com should not be used in production. To use Tailwind CSS in production, install it as a PostCSS plugin or use the Tailwind CLI: https://tailwindcss.com/docs/installation","meta":{"userLevel":true,"rootId":"iw5gsg8dnz7yks7","id":"iw5gsg8dnz7yks7"},"id":"dj09rm4kwgcohs1","previousOperationId":"phvyj9oe0oykjpz"}
{"type":"log","timestamp":1724477530705,"level":"debug","message":"Running chrome with params {\"printBackground\":true,\"format\":\"A4\",\"marginTop\":\"1cm\",\"marginBottom\":\"2cm\",\"timeout\":59962,\"margin\":{\"top\":\"1cm\",\"bottom\":\"2cm\"}}","meta":{"rootId":"iw5gsg8dnz7yks7","id":"iw5gsg8dnz7yks7"},"id":"1ky8bhangmgyg8l","previousOperationId":"phvyj9oe0oykjpz"}
{"type":"operationEnd","operationId":"phvyj9oe0oykjpz","timestamp":1724477530867,"id":"n4dd8xjmwoewofs","previousEventId":"y3b9mmhj4sdo7dz","previousOperationId":"phvyj9oe0oykjpz"}
{"type":"log","timestamp":1724477530867,"level":"debug","message":"Skipping storing report.","meta":{"rootId":"iw5gsg8dnz7yks7","id":"iw5gsg8dnz7yks7"},"id":"gn84xxafynbh40c","previousOperationId":"phvyj9oe0oykjpz"}
{"type":"log","timestamp":1724477530867,"level":"info","message":"Rendering request 8 finished in 448 ms","meta":{"rootId":"iw5gsg8dnz7yks7","id":"iw5gsg8dnz7yks7"},"id":"lqcxajhnfyc0xjf","previousOperationId":"phvyj9oe0oykjpz"}
{"type":"operationEnd","subtype":"render","operationId":"atx7yg7hhwwfpg0","timestamp":1724477530867,"id":"6kiy3383nrm1f2e","previousEventId":"n4dd8xjmwoewofs","previousOperationId":"phvyj9oe0oykjpz"}
{"type":"operationEnd","doDiffs":false,"previousEventId":"9hr7pcudqsuo4s7","previousOperationId":"oolgoumoecfcgfu","operationId":"oolgoumoecfcgfu","timestamp":1724477530869,"id":"g76195hx9j0xvqw"}
