{"type":"operationStart","subtype":"profile","data":{"_id":"WC2nZSC62oJZlUBs","timestamp":"2024-08-24T05:46:31.634Z","state":"queued","mode":"standard","creationDate":"2024-08-24T05:46:31.636Z","modificationDate":"2024-08-24T05:46:31.636Z","shortid":"cDZ7FmM","inheritedReadPermissions":[],"inheritedEditPermissions":[],"$entitySet":"profiles"},"doDiffs":false,"timestamp":1724478391635,"id":"wfjmlnlm6wl774l","previousOperationId":null,"operationId":"2kbv70olli96j5t"}
{"type":"log","level":"info","message":"Render request 23 queued for execution and waiting for available worker","previousOperationId":"2kbv70olli96j5t","timestamp":1724478391635,"id":"jqg6vs587xu48e0"}
{"type":"operationStart","subtype":"render","name":"site_visit_report","previousOperationId":"2kbv70olli96j5t","timestamp":1724478391645,"id":"jz5cmigoq98ewld","previousEventId":"wfjmlnlm6wl774l","operationId":"kr4mwsqmiamqgze"}
{"type":"log","timestamp":1724478391645,"level":"info","message":"Starting rendering request 23 (user: admin)","meta":{"rootId":"j5wpqq9agbwvfn5","id":"j5wpqq9agbwvfn5"},"id":"wgcbmzxigiv19jj","previousOperationId":"kr4mwsqmiamqgze"}
{"type":"log","timestamp":1724478391645,"level":"info","message":"Rendering template { name: site_visit_report, recipe: chrome-pdf, engine: handlebars, preview: true }","meta":{"rootId":"j5wpqq9agbwvfn5","id":"j5wpqq9agbwvfn5"},"id":"j2ays61n8cu2fx1","previousOperationId":"kr4mwsqmiamqgze"}
{"type":"log","timestamp":1724478391646,"level":"debug","message":"Inline data specified.","meta":{"rootId":"j5wpqq9agbwvfn5","id":"j5wpqq9agbwvfn5"},"id":"o38csedvy2xjcy6","previousOperationId":"kr4mwsqmiamqgze"}
{"type":"log","timestamp":1724478391647,"level":"debug","message":"Base url not specified, skipping its injection.","meta":{"rootId":"j5wpqq9agbwvfn5","id":"j5wpqq9agbwvfn5"},"id":"0ffrkhzexpzf9qy","previousOperationId":"kr4mwsqmiamqgze"}
{"type":"log","timestamp":1724478391653,"level":"debug","message":"Replaced assets [\"KhmerOSSiemreapRegular.ttf\",\"KhmerOSMuolLightRegular.ttf\",\"times_new_roman.ttf\",\"Tacteing.ttf\",\"limons1l.ttf\",\"/asset/images/draft-km.png\"]","meta":{"rootId":"j5wpqq9agbwvfn5","id":"j5wpqq9agbwvfn5"},"id":"slhtilbghge6gcm","previousOperationId":"kr4mwsqmiamqgze"}
{"type":"operationStart","subtype":"engine","name":"handlebars","timestamp":1724478391653,"id":"bdncvni9fkfltck","previousEventId":"jz5cmigoq98ewld","operationId":"sp93xoulvsl4kcy","previousOperationId":"kr4mwsqmiamqgze"}
{"type":"log","timestamp":1724478391653,"level":"debug","message":"Rendering engine handlebars","meta":{"rootId":"j5wpqq9agbwvfn5","id":"j5wpqq9agbwvfn5"},"id":"khi6aunmvnmxl5e","previousOperationId":"sp93xoulvsl4kcy"}
{"type":"operationEnd","operationId":"sp93xoulvsl4kcy","timestamp":1724478391688,"id":"8e4fpaty5svvsdt","previousEventId":"bdncvni9fkfltck","previousOperationId":"sp93xoulvsl4kcy"}
{"type":"operationStart","subtype":"recipe","name":"chrome-pdf","timestamp":1724478391688,"id":"8tko4rwd738ct0n","previousEventId":"8e4fpaty5svvsdt","operationId":"y8fwd2u4a915m30","previousOperationId":"sp93xoulvsl4kcy"}
{"type":"log","timestamp":1724478391688,"level":"debug","message":"Executing recipe chrome-pdf","meta":{"rootId":"j5wpqq9agbwvfn5","id":"j5wpqq9agbwvfn5"},"id":"9578thtp9jpsk2o","previousOperationId":"y8fwd2u4a915m30"}
{"type":"log","timestamp":1724478391698,"level":"debug","message":"Converting with chrome Chrome/127.0.6533.99 using chrome-pool strategy","meta":{"rootId":"j5wpqq9agbwvfn5","id":"j5wpqq9agbwvfn5"},"id":"fpwf3u2mghvf010","previousOperationId":"y8fwd2u4a915m30"}
{"type":"log","timestamp":1724478391751,"level":"debug","message":"Page request: GET (document) file:///C:/Users/shsmo/AppData/Local/Temp/jsreport/autocleanup/c9ba3c84-84b0-4ce5-9b15-1d1c540eda62-chrome-pdf.html","meta":{"rootId":"j5wpqq9agbwvfn5","id":"j5wpqq9agbwvfn5"},"id":"2czc2vsdusej6sg","previousOperationId":"y8fwd2u4a915m30"}
{"type":"log","timestamp":1724478391781,"level":"debug","message":"Page request finished: GET (document) 200 file:///C:/Users/shsmo/AppData/Local/Temp/jsreport/autocleanup/c9ba3c84-84b0-4ce5-9b15-1d1c540eda62-chrome-pdf.html","meta":{"rootId":"j5wpqq9agbwvfn5","id":"j5wpqq9agbwvfn5"},"id":"x3ht2esa10vj6qb","previousOperationId":"y8fwd2u4a915m30"}
{"type":"log","timestamp":1724478391784,"level":"debug","message":"Page request: GET (script) https://cdn.tailwindcss.com/","meta":{"rootId":"j5wpqq9agbwvfn5","id":"j5wpqq9agbwvfn5"},"id":"8n5am4t3kbyicnc","previousOperationId":"y8fwd2u4a915m30"}
{"type":"log","timestamp":1724478391794,"level":"warn","message":"Page request failed: GET (script) 302 https://cdn.tailwindcss.com/ (redirect to: /3.4.5)","meta":{"rootId":"j5wpqq9agbwvfn5","id":"j5wpqq9agbwvfn5"},"id":"e95vwurf0ytorcq","previousOperationId":"y8fwd2u4a915m30"}
{"type":"log","timestamp":1724478391794,"level":"debug","message":"Page request: GET (script) https://cdn.tailwindcss.com/3.4.5 (redirect from: https://cdn.tailwindcss.com/)","meta":{"rootId":"j5wpqq9agbwvfn5","id":"j5wpqq9agbwvfn5"},"id":"8jehgjpcjiuu5se","previousOperationId":"y8fwd2u4a915m30"}
{"type":"log","timestamp":1724478391818,"level":"debug","message":"Page request finished: GET (script) 200 https://cdn.tailwindcss.com/3.4.5","meta":{"rootId":"j5wpqq9agbwvfn5","id":"j5wpqq9agbwvfn5"},"id":"q8exdgfjn62d606","previousOperationId":"y8fwd2u4a915m30"}
{"type":"log","timestamp":1724478391856,"level":"debug","message":"(console:warn) cdn.tailwindcss.com should not be used in production. To use Tailwind CSS in production, install it as a PostCSS plugin or use the Tailwind CLI: https://tailwindcss.com/docs/installation","meta":{"userLevel":true,"rootId":"j5wpqq9agbwvfn5","id":"j5wpqq9agbwvfn5"},"id":"hb1owsqa54y14o3","previousOperationId":"y8fwd2u4a915m30"}
{"type":"log","timestamp":1724478391954,"level":"debug","message":"Running chrome with params {\"printBackground\":true,\"format\":\"A4\",\"marginTop\":\"1cm\",\"marginBottom\":\"2cm\",\"timeout\":59937,\"margin\":{\"top\":\"1cm\",\"bottom\":\"2cm\"}}","meta":{"rootId":"j5wpqq9agbwvfn5","id":"j5wpqq9agbwvfn5"},"id":"vb74on18fmu6v4u","previousOperationId":"y8fwd2u4a915m30"}
{"type":"operationEnd","operationId":"y8fwd2u4a915m30","timestamp":1724478392100,"id":"klrbsq0nht5ii5s","previousEventId":"8tko4rwd738ct0n","previousOperationId":"y8fwd2u4a915m30"}
{"type":"log","timestamp":1724478392100,"level":"debug","message":"Skipping storing report.","meta":{"rootId":"j5wpqq9agbwvfn5","id":"j5wpqq9agbwvfn5"},"id":"e0ef5qeow7o8i83","previousOperationId":"y8fwd2u4a915m30"}
{"type":"log","timestamp":1724478392100,"level":"info","message":"Rendering request 23 finished in 466 ms","meta":{"rootId":"j5wpqq9agbwvfn5","id":"j5wpqq9agbwvfn5"},"id":"7bhuyz7s5y6lgt2","previousOperationId":"y8fwd2u4a915m30"}
{"type":"operationEnd","subtype":"render","operationId":"kr4mwsqmiamqgze","timestamp":1724478392100,"id":"8q7z6hp9735d4zh","previousEventId":"klrbsq0nht5ii5s","previousOperationId":"y8fwd2u4a915m30"}
{"type":"operationEnd","doDiffs":false,"previousEventId":"wfjmlnlm6wl774l","previousOperationId":"2kbv70olli96j5t","operationId":"2kbv70olli96j5t","timestamp":1724478392102,"id":"pe4gwpe33yridhy"}
