{"type":"operationStart","subtype":"profile","data":{"_id":"8Ji7YwaWFUKb1CPY","timestamp":"2024-08-24T05:33:17.560Z","state":"queued","mode":"standard","creationDate":"2024-08-24T05:33:17.561Z","modificationDate":"2024-08-24T05:33:17.561Z","shortid":"3UPJa0I","inheritedReadPermissions":[],"inheritedEditPermissions":[],"$entitySet":"profiles"},"doDiffs":false,"timestamp":1724477597561,"id":"yn89mb9lak10add","previousOperationId":null,"operationId":"gqw6u78x9zr2mu6"}
{"type":"log","level":"info","message":"Render request 13 queued for execution and waiting for available worker","previousOperationId":"gqw6u78x9zr2mu6","timestamp":1724477597561,"id":"a30gxhc61fcdkel"}
{"type":"operationStart","subtype":"render","name":"site_visit_report","previousOperationId":"gqw6u78x9zr2mu6","timestamp":1724477597569,"id":"gwoktkqx4z9mver","previousEventId":"yn89mb9lak10add","operationId":"i2xkzpuktyl2p9q"}
{"type":"log","timestamp":1724477597569,"level":"info","message":"Starting rendering request 13 (user: admin)","meta":{"rootId":"kl6dm02wv6mnj29","id":"kl6dm02wv6mnj29"},"id":"1pgc14k9ys8h2uc","previousOperationId":"i2xkzpuktyl2p9q"}
{"type":"log","timestamp":1724477597569,"level":"info","message":"Rendering template { name: site_visit_report, recipe: chrome-pdf, engine: handlebars, preview: true }","meta":{"rootId":"kl6dm02wv6mnj29","id":"kl6dm02wv6mnj29"},"id":"flnw88dk7c04bcy","previousOperationId":"i2xkzpuktyl2p9q"}
{"type":"log","timestamp":1724477597570,"level":"debug","message":"Inline data specified.","meta":{"rootId":"kl6dm02wv6mnj29","id":"kl6dm02wv6mnj29"},"id":"cqrx37m4z2n830j","previousOperationId":"i2xkzpuktyl2p9q"}
{"type":"log","timestamp":1724477597572,"level":"debug","message":"Base url not specified, skipping its injection.","meta":{"rootId":"kl6dm02wv6mnj29","id":"kl6dm02wv6mnj29"},"id":"3l4rjg432lupato","previousOperationId":"i2xkzpuktyl2p9q"}
{"type":"log","timestamp":1724477597579,"level":"debug","message":"Replaced assets [\"KhmerOSSiemreapRegular.ttf\",\"KhmerOSMuolLightRegular.ttf\",\"times_new_roman.ttf\",\"Tacteing.ttf\",\"limons1l.ttf\",\"/asset/images/draft-km.png\"]","meta":{"rootId":"kl6dm02wv6mnj29","id":"kl6dm02wv6mnj29"},"id":"190j117lwmkxw27","previousOperationId":"i2xkzpuktyl2p9q"}
{"type":"operationStart","subtype":"engine","name":"handlebars","timestamp":1724477597579,"id":"sxmnm8f405jkp93","previousEventId":"gwoktkqx4z9mver","operationId":"7srr7tbjb3qqs0x","previousOperationId":"i2xkzpuktyl2p9q"}
{"type":"log","timestamp":1724477597579,"level":"debug","message":"Rendering engine handlebars","meta":{"rootId":"kl6dm02wv6mnj29","id":"kl6dm02wv6mnj29"},"id":"xcynk8jadhn2bnf","previousOperationId":"7srr7tbjb3qqs0x"}
{"type":"operationEnd","operationId":"7srr7tbjb3qqs0x","timestamp":1724477597592,"id":"vfy5znb136z0qsl","previousEventId":"sxmnm8f405jkp93","previousOperationId":"7srr7tbjb3qqs0x"}
{"type":"operationStart","subtype":"recipe","name":"chrome-pdf","timestamp":1724477597592,"id":"25m7alywqx6mtud","previousEventId":"vfy5znb136z0qsl","operationId":"0w7vk4usrmn87az","previousOperationId":"7srr7tbjb3qqs0x"}
{"type":"log","timestamp":1724477597592,"level":"debug","message":"Executing recipe chrome-pdf","meta":{"rootId":"kl6dm02wv6mnj29","id":"kl6dm02wv6mnj29"},"id":"ac1y5gfg25m2kty","previousOperationId":"0w7vk4usrmn87az"}
{"type":"log","timestamp":1724477597595,"level":"debug","message":"Converting with chrome Chrome/127.0.6533.99 using chrome-pool strategy","meta":{"rootId":"kl6dm02wv6mnj29","id":"kl6dm02wv6mnj29"},"id":"yxw0awhiu6xz0y3","previousOperationId":"0w7vk4usrmn87az"}
{"type":"log","timestamp":1724477597645,"level":"debug","message":"Page request: GET (document) file:///C:/Users/shsmo/AppData/Local/Temp/jsreport/autocleanup/ae12b3ac-824c-478d-81c3-0e816c467f84-chrome-pdf.html","meta":{"rootId":"kl6dm02wv6mnj29","id":"kl6dm02wv6mnj29"},"id":"ykuf4dp4msym3nd","previousOperationId":"0w7vk4usrmn87az"}
{"type":"log","timestamp":1724477597659,"level":"debug","message":"Page request finished: GET (document) 200 file:///C:/Users/shsmo/AppData/Local/Temp/jsreport/autocleanup/ae12b3ac-824c-478d-81c3-0e816c467f84-chrome-pdf.html","meta":{"rootId":"kl6dm02wv6mnj29","id":"kl6dm02wv6mnj29"},"id":"r0qpobchjpjyf1a","previousOperationId":"0w7vk4usrmn87az"}
{"type":"log","timestamp":1724477597663,"level":"debug","message":"Page request: GET (script) https://cdn.tailwindcss.com/","meta":{"rootId":"kl6dm02wv6mnj29","id":"kl6dm02wv6mnj29"},"id":"2kr3r2xjukbr2mb","previousOperationId":"0w7vk4usrmn87az"}
{"type":"log","timestamp":1724477597668,"level":"warn","message":"Page request failed: GET (script) 302 https://cdn.tailwindcss.com/ (redirect to: /3.4.5)","meta":{"rootId":"kl6dm02wv6mnj29","id":"kl6dm02wv6mnj29"},"id":"jcl9mozf8dq60px","previousOperationId":"0w7vk4usrmn87az"}
{"type":"log","timestamp":1724477597669,"level":"debug","message":"Page request: GET (script) https://cdn.tailwindcss.com/3.4.5 (redirect from: https://cdn.tailwindcss.com/)","meta":{"rootId":"kl6dm02wv6mnj29","id":"kl6dm02wv6mnj29"},"id":"dttmcr77wdotmm6","previousOperationId":"0w7vk4usrmn87az"}
{"type":"log","timestamp":1724477597686,"level":"debug","message":"Page request finished: GET (script) 200 https://cdn.tailwindcss.com/3.4.5","meta":{"rootId":"kl6dm02wv6mnj29","id":"kl6dm02wv6mnj29"},"id":"cayerlyxq9i9n9h","previousOperationId":"0w7vk4usrmn87az"}
{"type":"log","timestamp":1724477597729,"level":"debug","message":"(console:warn) cdn.tailwindcss.com should not be used in production. To use Tailwind CSS in production, install it as a PostCSS plugin or use the Tailwind CLI: https://tailwindcss.com/docs/installation","meta":{"userLevel":true,"rootId":"kl6dm02wv6mnj29","id":"kl6dm02wv6mnj29"},"id":"k0uldjdu6nr4bcu","previousOperationId":"0w7vk4usrmn87az"}
{"type":"log","timestamp":1724477597856,"level":"debug","message":"Running chrome with params {\"printBackground\":true,\"format\":\"A4\",\"marginTop\":\"1cm\",\"marginBottom\":\"2cm\",\"timeout\":59966,\"margin\":{\"top\":\"1cm\",\"bottom\":\"2cm\"}}","meta":{"rootId":"kl6dm02wv6mnj29","id":"kl6dm02wv6mnj29"},"id":"lofjoeoj0dzh5ag","previousOperationId":"0w7vk4usrmn87az"}
{"type":"operationEnd","operationId":"0w7vk4usrmn87az","timestamp":1724477598017,"id":"uy269jx9zqrjbdg","previousEventId":"25m7alywqx6mtud","previousOperationId":"0w7vk4usrmn87az"}
{"type":"log","timestamp":1724477598017,"level":"debug","message":"Skipping storing report.","meta":{"rootId":"kl6dm02wv6mnj29","id":"kl6dm02wv6mnj29"},"id":"29b8opq4eyuj7vj","previousOperationId":"0w7vk4usrmn87az"}
{"type":"log","timestamp":1724477598017,"level":"info","message":"Rendering request 13 finished in 457 ms","meta":{"rootId":"kl6dm02wv6mnj29","id":"kl6dm02wv6mnj29"},"id":"h92bafls6aud0l5","previousOperationId":"0w7vk4usrmn87az"}
{"type":"operationEnd","subtype":"render","operationId":"i2xkzpuktyl2p9q","timestamp":1724477598017,"id":"9e64weqvy900ypg","previousEventId":"uy269jx9zqrjbdg","previousOperationId":"0w7vk4usrmn87az"}
{"type":"operationEnd","doDiffs":false,"previousEventId":"yn89mb9lak10add","previousOperationId":"gqw6u78x9zr2mu6","operationId":"gqw6u78x9zr2mu6","timestamp":1724477598019,"id":"g7xwqd7csnx2tts"}
