{"type":"operationStart","subtype":"profile","data":{"_id":"KeZIMH0nOM0XS02S","timestamp":"2024-08-24T05:33:36.512Z","state":"queued","mode":"standard","creationDate":"2024-08-24T05:33:36.515Z","modificationDate":"2024-08-24T05:33:36.515Z","shortid":"MLCPNB7","inheritedReadPermissions":[],"inheritedEditPermissions":[],"$entitySet":"profiles"},"doDiffs":false,"timestamp":1724477616514,"id":"uz1mcj14ve24ies","previousOperationId":null,"operationId":"8v3s8nr7zfix47p"}
{"type":"log","level":"info","message":"Render request 14 queued for execution and waiting for available worker","previousOperationId":"8v3s8nr7zfix47p","timestamp":1724477616514,"id":"f4phoat2e9waq1y"}
{"type":"operationStart","subtype":"render","name":"site_visit_report","previousOperationId":"8v3s8nr7zfix47p","timestamp":1724477616523,"id":"c3bnlr359uhjegv","previousEventId":"uz1mcj14ve24ies","operationId":"hs8cs9we9pmmx8c"}
{"type":"log","timestamp":1724477616523,"level":"info","message":"Starting rendering request 14 (user: admin)","meta":{"rootId":"lf51dninjnl81gs","id":"lf51dninjnl81gs"},"id":"5bu4z06wa38h5bq","previousOperationId":"hs8cs9we9pmmx8c"}
{"type":"log","timestamp":1724477616523,"level":"info","message":"Rendering template { name: site_visit_report, recipe: chrome-pdf, engine: handlebars, preview: true }","meta":{"rootId":"lf51dninjnl81gs","id":"lf51dninjnl81gs"},"id":"xlrboc9ny0ww0f6","previousOperationId":"hs8cs9we9pmmx8c"}
{"type":"log","timestamp":1724477616523,"level":"debug","message":"Inline data specified.","meta":{"rootId":"lf51dninjnl81gs","id":"lf51dninjnl81gs"},"id":"qfq69oz0ore667a","previousOperationId":"hs8cs9we9pmmx8c"}
{"type":"log","timestamp":1724477616525,"level":"debug","message":"Base url not specified, skipping its injection.","meta":{"rootId":"lf51dninjnl81gs","id":"lf51dninjnl81gs"},"id":"vjmwgxmf3wj8rgw","previousOperationId":"hs8cs9we9pmmx8c"}
{"type":"log","timestamp":1724477616533,"level":"debug","message":"Replaced assets [\"KhmerOSSiemreapRegular.ttf\",\"KhmerOSMuolLightRegular.ttf\",\"times_new_roman.ttf\",\"Tacteing.ttf\",\"limons1l.ttf\",\"/asset/images/draft-km.png\"]","meta":{"rootId":"lf51dninjnl81gs","id":"lf51dninjnl81gs"},"id":"k0ner5mokl9ik1j","previousOperationId":"hs8cs9we9pmmx8c"}
{"type":"operationStart","subtype":"engine","name":"handlebars","timestamp":1724477616533,"id":"ypomu5uztg8gpn2","previousEventId":"c3bnlr359uhjegv","operationId":"xp6isijruhsr4xj","previousOperationId":"hs8cs9we9pmmx8c"}
{"type":"log","timestamp":1724477616533,"level":"debug","message":"Rendering engine handlebars","meta":{"rootId":"lf51dninjnl81gs","id":"lf51dninjnl81gs"},"id":"6vsh6dtstiwtvv8","previousOperationId":"xp6isijruhsr4xj"}
{"type":"operationEnd","operationId":"xp6isijruhsr4xj","timestamp":1724477616546,"id":"brn041ecqle5k8d","previousEventId":"ypomu5uztg8gpn2","previousOperationId":"xp6isijruhsr4xj"}
{"type":"operationStart","subtype":"recipe","name":"chrome-pdf","timestamp":1724477616546,"id":"4qr3tkxchj98tu1","previousEventId":"brn041ecqle5k8d","operationId":"hvktamycnhiv4j0","previousOperationId":"xp6isijruhsr4xj"}
{"type":"log","timestamp":1724477616546,"level":"debug","message":"Executing recipe chrome-pdf","meta":{"rootId":"lf51dninjnl81gs","id":"lf51dninjnl81gs"},"id":"8h18znyjj1y0fp4","previousOperationId":"hvktamycnhiv4j0"}
{"type":"log","timestamp":1724477616550,"level":"debug","message":"Converting with chrome Chrome/127.0.6533.99 using chrome-pool strategy","meta":{"rootId":"lf51dninjnl81gs","id":"lf51dninjnl81gs"},"id":"m85h18r4c1tebqa","previousOperationId":"hvktamycnhiv4j0"}
{"type":"log","timestamp":1724477616602,"level":"debug","message":"Page request: GET (document) file:///C:/Users/shsmo/AppData/Local/Temp/jsreport/autocleanup/b19950ab-a749-4937-ba92-8c1c9bb20a98-chrome-pdf.html","meta":{"rootId":"lf51dninjnl81gs","id":"lf51dninjnl81gs"},"id":"kuzc2quuwg7llyg","previousOperationId":"hvktamycnhiv4j0"}
{"type":"log","timestamp":1724477616617,"level":"debug","message":"Page request finished: GET (document) 200 file:///C:/Users/shsmo/AppData/Local/Temp/jsreport/autocleanup/b19950ab-a749-4937-ba92-8c1c9bb20a98-chrome-pdf.html","meta":{"rootId":"lf51dninjnl81gs","id":"lf51dninjnl81gs"},"id":"r21j4gcm5cy9x18","previousOperationId":"hvktamycnhiv4j0"}
{"type":"log","timestamp":1724477616620,"level":"debug","message":"Page request: GET (script) https://cdn.tailwindcss.com/","meta":{"rootId":"lf51dninjnl81gs","id":"lf51dninjnl81gs"},"id":"u0lx8nuxq0faggo","previousOperationId":"hvktamycnhiv4j0"}
{"type":"log","timestamp":1724477616629,"level":"warn","message":"Page request failed: GET (script) 302 https://cdn.tailwindcss.com/ (redirect to: /3.4.5)","meta":{"rootId":"lf51dninjnl81gs","id":"lf51dninjnl81gs"},"id":"xchq0l4inqcpjyu","previousOperationId":"hvktamycnhiv4j0"}
{"type":"log","timestamp":1724477616629,"level":"debug","message":"Page request: GET (script) https://cdn.tailwindcss.com/3.4.5 (redirect from: https://cdn.tailwindcss.com/)","meta":{"rootId":"lf51dninjnl81gs","id":"lf51dninjnl81gs"},"id":"ek8azc928gnaj0d","previousOperationId":"hvktamycnhiv4j0"}
{"type":"log","timestamp":1724477616649,"level":"debug","message":"Page request finished: GET (script) 200 https://cdn.tailwindcss.com/3.4.5","meta":{"rootId":"lf51dninjnl81gs","id":"lf51dninjnl81gs"},"id":"7oemzpsh5nrv9nq","previousOperationId":"hvktamycnhiv4j0"}
{"type":"log","timestamp":1724477616693,"level":"debug","message":"(console:warn) cdn.tailwindcss.com should not be used in production. To use Tailwind CSS in production, install it as a PostCSS plugin or use the Tailwind CLI: https://tailwindcss.com/docs/installation","meta":{"userLevel":true,"rootId":"lf51dninjnl81gs","id":"lf51dninjnl81gs"},"id":"8aqkm3dty9bfmnq","previousOperationId":"hvktamycnhiv4j0"}
{"type":"log","timestamp":1724477616814,"level":"debug","message":"Running chrome with params {\"printBackground\":true,\"format\":\"A4\",\"marginTop\":\"1cm\",\"marginBottom\":\"2cm\",\"timeout\":59964,\"margin\":{\"top\":\"1cm\",\"bottom\":\"2cm\"}}","meta":{"rootId":"lf51dninjnl81gs","id":"lf51dninjnl81gs"},"id":"8nhyqn57wxvbz20","previousOperationId":"hvktamycnhiv4j0"}
{"type":"operationEnd","operationId":"hvktamycnhiv4j0","timestamp":1724477616984,"id":"qkkqqqh2oh6hoj7","previousEventId":"4qr3tkxchj98tu1","previousOperationId":"hvktamycnhiv4j0"}
{"type":"log","timestamp":1724477616985,"level":"debug","message":"Skipping storing report.","meta":{"rootId":"lf51dninjnl81gs","id":"lf51dninjnl81gs"},"id":"m3k7mtn3ogdvmny","previousOperationId":"hvktamycnhiv4j0"}
{"type":"log","timestamp":1724477616985,"level":"info","message":"Rendering request 14 finished in 473 ms","meta":{"rootId":"lf51dninjnl81gs","id":"lf51dninjnl81gs"},"id":"ni2s7botl2gykj3","previousOperationId":"hvktamycnhiv4j0"}
{"type":"operationEnd","subtype":"render","operationId":"hs8cs9we9pmmx8c","timestamp":1724477616985,"id":"40irc8vzu0o3yo3","previousEventId":"qkkqqqh2oh6hoj7","previousOperationId":"hvktamycnhiv4j0"}
{"type":"operationEnd","doDiffs":false,"previousEventId":"uz1mcj14ve24ies","previousOperationId":"8v3s8nr7zfix47p","operationId":"8v3s8nr7zfix47p","timestamp":1724477616987,"id":"px5e24owx6gqtxv"}
