{"type":"operationStart","subtype":"profile","data":{"_id":"D9dreVddbOLrHucN","timestamp":"2024-08-24T05:31:24.596Z","state":"queued","mode":"standard","creationDate":"2024-08-24T05:31:24.598Z","modificationDate":"2024-08-24T05:31:24.598Z","shortid":"Xe2uTfo","inheritedReadPermissions":[],"inheritedEditPermissions":[],"$entitySet":"profiles"},"doDiffs":false,"timestamp":1724477484597,"id":"9y7gss0ostovttd","previousOperationId":null,"operationId":"xts6oqgld027hbn"}
{"type":"log","level":"info","message":"Render request 4 queued for execution and waiting for available worker","previousOperationId":"xts6oqgld027hbn","timestamp":1724477484597,"id":"by8x005wy6up8kl"}
{"type":"operationStart","subtype":"render","name":"site_visit_report","previousOperationId":"xts6oqgld027hbn","timestamp":1724477484609,"id":"xxfk36m90ya1lch","previousEventId":"9y7gss0ostovttd","operationId":"ni8n1yaz982jzic"}
{"type":"log","timestamp":1724477484609,"level":"info","message":"Starting rendering request 4 (user: admin)","meta":{"rootId":"lqtq347uvtu7c3w","id":"lqtq347uvtu7c3w"},"id":"gizakoea6c41fi3","previousOperationId":"ni8n1yaz982jzic"}
{"type":"log","timestamp":1724477484609,"level":"info","message":"Rendering template { name: site_visit_report, recipe: chrome-pdf, engine: handlebars, preview: true }","meta":{"rootId":"lqtq347uvtu7c3w","id":"lqtq347uvtu7c3w"},"id":"fjlld1kd5kkfijh","previousOperationId":"ni8n1yaz982jzic"}
{"type":"log","timestamp":1724477484610,"level":"debug","message":"Inline data specified.","meta":{"rootId":"lqtq347uvtu7c3w","id":"lqtq347uvtu7c3w"},"id":"bvorglkbzhxeko9","previousOperationId":"ni8n1yaz982jzic"}
{"type":"log","timestamp":1724477484611,"level":"debug","message":"Base url not specified, skipping its injection.","meta":{"rootId":"lqtq347uvtu7c3w","id":"lqtq347uvtu7c3w"},"id":"pjc7ewd334vgow2","previousOperationId":"ni8n1yaz982jzic"}
{"type":"log","timestamp":1724477484618,"level":"debug","message":"Replaced assets [\"KhmerOSSiemreapRegular.ttf\",\"KhmerOSMuolLightRegular.ttf\",\"times_new_roman.ttf\",\"Tacteing.ttf\",\"limons1l.ttf\",\"/asset/images/draft-km.png\"]","meta":{"rootId":"lqtq347uvtu7c3w","id":"lqtq347uvtu7c3w"},"id":"ov0lad7i6rc92pa","previousOperationId":"ni8n1yaz982jzic"}
{"type":"operationStart","subtype":"engine","name":"handlebars","timestamp":1724477484618,"id":"damco6iji0r8j1p","previousEventId":"xxfk36m90ya1lch","operationId":"1z4ztln6y0h742g","previousOperationId":"ni8n1yaz982jzic"}
{"type":"log","timestamp":1724477484618,"level":"debug","message":"Rendering engine handlebars","meta":{"rootId":"lqtq347uvtu7c3w","id":"lqtq347uvtu7c3w"},"id":"th0pjrylj6g73p8","previousOperationId":"1z4ztln6y0h742g"}
{"type":"operationEnd","operationId":"1z4ztln6y0h742g","timestamp":1724477484631,"id":"hwvmxndmw0ptgc3","previousEventId":"damco6iji0r8j1p","previousOperationId":"1z4ztln6y0h742g"}
{"type":"operationStart","subtype":"recipe","name":"chrome-pdf","timestamp":1724477484632,"id":"u32hrlnwqtbr6pg","previousEventId":"hwvmxndmw0ptgc3","operationId":"1q5qwgxg441yych","previousOperationId":"1z4ztln6y0h742g"}
{"type":"log","timestamp":1724477484632,"level":"debug","message":"Executing recipe chrome-pdf","meta":{"rootId":"lqtq347uvtu7c3w","id":"lqtq347uvtu7c3w"},"id":"ok5sp2sljgx6ack","previousOperationId":"1q5qwgxg441yych"}
{"type":"log","timestamp":1724477484636,"level":"debug","message":"Converting with chrome Chrome/127.0.6533.99 using chrome-pool strategy","meta":{"rootId":"lqtq347uvtu7c3w","id":"lqtq347uvtu7c3w"},"id":"5u7yiez8ugzunv2","previousOperationId":"1q5qwgxg441yych"}
{"type":"log","timestamp":1724477484782,"level":"debug","message":"Page request: GET (document) file:///C:/Users/shsmo/AppData/Local/Temp/jsreport/autocleanup/4f77538c-4d3f-415a-afca-f48fe3448ac5-chrome-pdf.html","meta":{"rootId":"lqtq347uvtu7c3w","id":"lqtq347uvtu7c3w"},"id":"1h5zrsaj4nulot1","previousOperationId":"1q5qwgxg441yych"}
{"type":"log","timestamp":1724477484794,"level":"debug","message":"Page request finished: GET (document) 200 file:///C:/Users/shsmo/AppData/Local/Temp/jsreport/autocleanup/4f77538c-4d3f-415a-afca-f48fe3448ac5-chrome-pdf.html","meta":{"rootId":"lqtq347uvtu7c3w","id":"lqtq347uvtu7c3w"},"id":"qsm9aglbxkl4x6j","previousOperationId":"1q5qwgxg441yych"}
{"type":"log","timestamp":1724477484794,"level":"debug","message":"Page request: GET (script) https://cdn.tailwindcss.com/","meta":{"rootId":"lqtq347uvtu7c3w","id":"lqtq347uvtu7c3w"},"id":"uusz2gidqlbci5d","previousOperationId":"1q5qwgxg441yych"}
{"type":"log","timestamp":1724477484802,"level":"warn","message":"Page request failed: GET (script) 302 https://cdn.tailwindcss.com/ (redirect to: /3.4.5)","meta":{"rootId":"lqtq347uvtu7c3w","id":"lqtq347uvtu7c3w"},"id":"36193y8gio0dz75","previousOperationId":"1q5qwgxg441yych"}
{"type":"log","timestamp":1724477484802,"level":"debug","message":"Page request: GET (script) https://cdn.tailwindcss.com/3.4.5 (redirect from: https://cdn.tailwindcss.com/)","meta":{"rootId":"lqtq347uvtu7c3w","id":"lqtq347uvtu7c3w"},"id":"wotltoqqvftendx","previousOperationId":"1q5qwgxg441yych"}
{"type":"log","timestamp":1724477484820,"level":"debug","message":"Page request finished: GET (script) 200 https://cdn.tailwindcss.com/3.4.5","meta":{"rootId":"lqtq347uvtu7c3w","id":"lqtq347uvtu7c3w"},"id":"n0gf9kkrb85l4xw","previousOperationId":"1q5qwgxg441yych"}
{"type":"log","timestamp":1724477484862,"level":"debug","message":"(console:warn) cdn.tailwindcss.com should not be used in production. To use Tailwind CSS in production, install it as a PostCSS plugin or use the Tailwind CLI: https://tailwindcss.com/docs/installation","meta":{"userLevel":true,"rootId":"lqtq347uvtu7c3w","id":"lqtq347uvtu7c3w"},"id":"k4nj0xnqla9xi64","previousOperationId":"1q5qwgxg441yych"}
{"type":"log","timestamp":1724477484983,"level":"debug","message":"Running chrome with params {\"printBackground\":true,\"format\":\"A4\",\"marginTop\":\"1cm\",\"marginBottom\":\"2cm\",\"timeout\":59962,\"margin\":{\"top\":\"1cm\",\"bottom\":\"2cm\"}}","meta":{"rootId":"lqtq347uvtu7c3w","id":"lqtq347uvtu7c3w"},"id":"vmh8n2ezpnzhwjo","previousOperationId":"1q5qwgxg441yych"}
{"type":"operationEnd","operationId":"1q5qwgxg441yych","timestamp":1724477485156,"id":"z5oqq20l3wopbro","previousEventId":"u32hrlnwqtbr6pg","previousOperationId":"1q5qwgxg441yych"}
{"type":"log","timestamp":1724477485156,"level":"debug","message":"Skipping storing report.","meta":{"rootId":"lqtq347uvtu7c3w","id":"lqtq347uvtu7c3w"},"id":"5wnk7e57hshs1mv","previousOperationId":"1q5qwgxg441yych"}
{"type":"log","timestamp":1724477485156,"level":"info","message":"Rendering request 4 finished in 560 ms","meta":{"rootId":"lqtq347uvtu7c3w","id":"lqtq347uvtu7c3w"},"id":"9ne82wntogx1g27","previousOperationId":"1q5qwgxg441yych"}
{"type":"operationEnd","subtype":"render","operationId":"ni8n1yaz982jzic","timestamp":1724477485156,"id":"b8jf2jotviqqwf2","previousEventId":"z5oqq20l3wopbro","previousOperationId":"1q5qwgxg441yych"}
{"type":"operationEnd","doDiffs":false,"previousEventId":"9y7gss0ostovttd","previousOperationId":"xts6oqgld027hbn","operationId":"xts6oqgld027hbn","timestamp":1724477485159,"id":"tyf78osoadtxlbx"}
