{"type":"operationStart","subtype":"profile","data":{"_id":"D8Rk9ajzCUgQsPDQ","timestamp":"2024-08-24T05:39:24.298Z","state":"queued","mode":"standard","creationDate":"2024-08-24T05:39:24.301Z","modificationDate":"2024-08-24T05:39:24.301Z","shortid":"NJMFjNX","inheritedReadPermissions":[],"inheritedEditPermissions":[],"$entitySet":"profiles"},"doDiffs":false,"timestamp":1724477964299,"id":"g8elvvb1eptgw56","previousOperationId":null,"operationId":"lkgstk7dj9zinwk"}
{"type":"log","level":"info","message":"Render request 17 queued for execution and waiting for available worker","previousOperationId":"lkgstk7dj9zinwk","timestamp":1724477964299,"id":"0rqhr3wkbrzxbcx"}
{"type":"operationStart","subtype":"render","name":"site_visit_report","previousOperationId":"lkgstk7dj9zinwk","timestamp":1724477964309,"id":"r9s91zjv4kjxut0","previousEventId":"g8elvvb1eptgw56","operationId":"fb4yi7m20lq7gnl"}
{"type":"log","timestamp":1724477964310,"level":"info","message":"Starting rendering request 17 (user: admin)","meta":{"rootId":"oj6eei8itw2os7n","id":"oj6eei8itw2os7n"},"id":"4e6hzlj2vm4ecls","previousOperationId":"fb4yi7m20lq7gnl"}
{"type":"log","timestamp":1724477964310,"level":"info","message":"Rendering template { name: site_visit_report, recipe: chrome-pdf, engine: handlebars, preview: true }","meta":{"rootId":"oj6eei8itw2os7n","id":"oj6eei8itw2os7n"},"id":"mewk9a2rdqrgxq5","previousOperationId":"fb4yi7m20lq7gnl"}
{"type":"log","timestamp":1724477964310,"level":"debug","message":"Inline data specified.","meta":{"rootId":"oj6eei8itw2os7n","id":"oj6eei8itw2os7n"},"id":"yriegt0pwgfbvcl","previousOperationId":"fb4yi7m20lq7gnl"}
{"type":"log","timestamp":1724477964311,"level":"debug","message":"Base url not specified, skipping its injection.","meta":{"rootId":"oj6eei8itw2os7n","id":"oj6eei8itw2os7n"},"id":"t7h2msu4bl3a6b5","previousOperationId":"fb4yi7m20lq7gnl"}
{"type":"log","timestamp":1724477964318,"level":"debug","message":"Replaced assets [\"KhmerOSSiemreapRegular.ttf\",\"KhmerOSMuolLightRegular.ttf\",\"times_new_roman.ttf\",\"Tacteing.ttf\",\"limons1l.ttf\",\"/asset/images/draft-km.png\"]","meta":{"rootId":"oj6eei8itw2os7n","id":"oj6eei8itw2os7n"},"id":"m44peetbpsg1ug0","previousOperationId":"fb4yi7m20lq7gnl"}
{"type":"operationStart","subtype":"engine","name":"handlebars","timestamp":1724477964319,"id":"5sfmkwt69qdk3r5","previousEventId":"r9s91zjv4kjxut0","operationId":"0sqtzluk3776qwz","previousOperationId":"fb4yi7m20lq7gnl"}
{"type":"log","timestamp":1724477964319,"level":"debug","message":"Rendering engine handlebars","meta":{"rootId":"oj6eei8itw2os7n","id":"oj6eei8itw2os7n"},"id":"lj0uxgnt0xada85","previousOperationId":"0sqtzluk3776qwz"}
{"type":"operationEnd","operationId":"0sqtzluk3776qwz","timestamp":1724477964355,"id":"hui0b6gpdzb64nx","previousEventId":"5sfmkwt69qdk3r5","previousOperationId":"0sqtzluk3776qwz"}
{"type":"operationStart","subtype":"recipe","name":"chrome-pdf","timestamp":1724477964355,"id":"ishmthcgmd2wmxq","previousEventId":"hui0b6gpdzb64nx","operationId":"1ukath9ref57v5a","previousOperationId":"0sqtzluk3776qwz"}
{"type":"log","timestamp":1724477964355,"level":"debug","message":"Executing recipe chrome-pdf","meta":{"rootId":"oj6eei8itw2os7n","id":"oj6eei8itw2os7n"},"id":"5w9r7u2ri5o870r","previousOperationId":"1ukath9ref57v5a"}
{"type":"log","timestamp":1724477964361,"level":"debug","message":"Converting with chrome Chrome/127.0.6533.99 using chrome-pool strategy","meta":{"rootId":"oj6eei8itw2os7n","id":"oj6eei8itw2os7n"},"id":"6f1eqtbv1p1ffs7","previousOperationId":"1ukath9ref57v5a"}
{"type":"log","timestamp":1724477964406,"level":"debug","message":"Page request: GET (document) file:///C:/Users/shsmo/AppData/Local/Temp/jsreport/autocleanup/27ae1296-d456-41d8-92bc-fd6b691b6dc0-chrome-pdf.html","meta":{"rootId":"oj6eei8itw2os7n","id":"oj6eei8itw2os7n"},"id":"vw4uq9v7c9xnwld","previousOperationId":"1ukath9ref57v5a"}
{"type":"log","timestamp":1724477964421,"level":"debug","message":"Page request finished: GET (document) 200 file:///C:/Users/shsmo/AppData/Local/Temp/jsreport/autocleanup/27ae1296-d456-41d8-92bc-fd6b691b6dc0-chrome-pdf.html","meta":{"rootId":"oj6eei8itw2os7n","id":"oj6eei8itw2os7n"},"id":"64m5g5sk06g21k6","previousOperationId":"1ukath9ref57v5a"}
{"type":"log","timestamp":1724477964425,"level":"debug","message":"Page request: GET (stylesheet) file:///C:/asset/css/main-style.css","meta":{"rootId":"oj6eei8itw2os7n","id":"oj6eei8itw2os7n"},"id":"5n2g8opl021lo2f","previousOperationId":"1ukath9ref57v5a"}
{"type":"log","timestamp":1724477964425,"level":"debug","message":"Page request: GET (script) https://cdn.tailwindcss.com/","meta":{"rootId":"oj6eei8itw2os7n","id":"oj6eei8itw2os7n"},"id":"96qkbqqeawoy0zq","previousOperationId":"1ukath9ref57v5a"}
{"type":"log","timestamp":1724477964426,"level":"warn","message":"Page request failed: GET (stylesheet) file:///C:/asset/css/main-style.css, failure: net::ERR_FILE_NOT_FOUND","meta":{"rootId":"oj6eei8itw2os7n","id":"oj6eei8itw2os7n"},"id":"m7jlrvssxuwjfoo","previousOperationId":"1ukath9ref57v5a"}
{"type":"log","timestamp":1724477964427,"level":"debug","message":"(console:error) Failed to load resource: net::ERR_FILE_NOT_FOUND","meta":{"userLevel":true,"rootId":"oj6eei8itw2os7n","id":"oj6eei8itw2os7n"},"id":"3dvewnrieizuf1m","previousOperationId":"1ukath9ref57v5a"}
{"type":"log","timestamp":1724477964433,"level":"warn","message":"Page request failed: GET (script) 302 https://cdn.tailwindcss.com/ (redirect to: /3.4.5)","meta":{"rootId":"oj6eei8itw2os7n","id":"oj6eei8itw2os7n"},"id":"6bv2ndvniyeyoh4","previousOperationId":"1ukath9ref57v5a"}
{"type":"log","timestamp":1724477964433,"level":"debug","message":"Page request: GET (script) https://cdn.tailwindcss.com/3.4.5 (redirect from: https://cdn.tailwindcss.com/)","meta":{"rootId":"oj6eei8itw2os7n","id":"oj6eei8itw2os7n"},"id":"5dj94qlp65rfb37","previousOperationId":"1ukath9ref57v5a"}
{"type":"log","timestamp":1724477964450,"level":"debug","message":"Page request finished: GET (script) 200 https://cdn.tailwindcss.com/3.4.5","meta":{"rootId":"oj6eei8itw2os7n","id":"oj6eei8itw2os7n"},"id":"r287edx5c78lz20","previousOperationId":"1ukath9ref57v5a"}
{"type":"log","timestamp":1724477964491,"level":"debug","message":"(console:warn) cdn.tailwindcss.com should not be used in production. To use Tailwind CSS in production, install it as a PostCSS plugin or use the Tailwind CLI: https://tailwindcss.com/docs/installation","meta":{"userLevel":true,"rootId":"oj6eei8itw2os7n","id":"oj6eei8itw2os7n"},"id":"mt9249xgsiajqaq","previousOperationId":"1ukath9ref57v5a"}
{"type":"log","timestamp":1724477964594,"level":"debug","message":"Running chrome with params {\"printBackground\":true,\"format\":\"A4\",\"marginTop\":\"1cm\",\"marginBottom\":\"2cm\",\"timeout\":59938,\"margin\":{\"top\":\"1cm\",\"bottom\":\"2cm\"}}","meta":{"rootId":"oj6eei8itw2os7n","id":"oj6eei8itw2os7n"},"id":"wttatblfzsnfhzw","previousOperationId":"1ukath9ref57v5a"}
{"type":"operationEnd","operationId":"1ukath9ref57v5a","timestamp":1724477964748,"id":"rkdljcu4ldsfu7g","previousEventId":"ishmthcgmd2wmxq","previousOperationId":"1ukath9ref57v5a"}
{"type":"log","timestamp":1724477964748,"level":"debug","message":"Skipping storing report.","meta":{"rootId":"oj6eei8itw2os7n","id":"oj6eei8itw2os7n"},"id":"i6jcwbhyemx7eia","previousOperationId":"1ukath9ref57v5a"}
{"type":"log","timestamp":1724477964748,"level":"info","message":"Rendering request 17 finished in 450 ms","meta":{"rootId":"oj6eei8itw2os7n","id":"oj6eei8itw2os7n"},"id":"0sb96qp73msxza5","previousOperationId":"1ukath9ref57v5a"}
{"type":"operationEnd","subtype":"render","operationId":"fb4yi7m20lq7gnl","timestamp":1724477964748,"id":"bt20bxdh5ajqqiu","previousEventId":"rkdljcu4ldsfu7g","previousOperationId":"1ukath9ref57v5a"}
{"type":"operationEnd","doDiffs":false,"previousEventId":"g8elvvb1eptgw56","previousOperationId":"lkgstk7dj9zinwk","operationId":"lkgstk7dj9zinwk","timestamp":1724477964750,"id":"hecle9ik1acfpwv"}
