{"type":"operationStart","subtype":"profile","data":{"_id":"CEYo2REBEgg1jako","timestamp":"2024-08-24T05:40:28.059Z","state":"queued","mode":"standard","creationDate":"2024-08-24T05:40:28.061Z","modificationDate":"2024-08-24T05:40:28.061Z","shortid":"ByB0CLP","inheritedReadPermissions":[],"inheritedEditPermissions":[],"$entitySet":"profiles"},"doDiffs":false,"timestamp":1724478028060,"id":"7ggipjjxgwjq5eg","previousOperationId":null,"operationId":"tkdg1ja2im3g4a7"}
{"type":"log","level":"info","message":"Render request 20 queued for execution and waiting for available worker","previousOperationId":"tkdg1ja2im3g4a7","timestamp":1724478028061,"id":"7jox6xhyk4lwdh4"}
{"type":"operationStart","subtype":"render","name":"site_visit_report","previousOperationId":"tkdg1ja2im3g4a7","timestamp":1724478028070,"id":"zc62pbqaqvnrx8u","previousEventId":"7ggipjjxgwjq5eg","operationId":"y3rerwhuso9nt5t"}
{"type":"log","timestamp":1724478028070,"level":"info","message":"Starting rendering request 20 (user: admin)","meta":{"rootId":"qw5zvp1a3kv85k7","id":"qw5zvp1a3kv85k7"},"id":"5w9qvx8nx95l79h","previousOperationId":"y3rerwhuso9nt5t"}
{"type":"log","timestamp":1724478028070,"level":"info","message":"Rendering template { name: site_visit_report, recipe: chrome-pdf, engine: handlebars, preview: true }","meta":{"rootId":"qw5zvp1a3kv85k7","id":"qw5zvp1a3kv85k7"},"id":"t219kil3lt38phv","previousOperationId":"y3rerwhuso9nt5t"}
{"type":"log","timestamp":1724478028071,"level":"debug","message":"Inline data specified.","meta":{"rootId":"qw5zvp1a3kv85k7","id":"qw5zvp1a3kv85k7"},"id":"6usshdknrt5qoih","previousOperationId":"y3rerwhuso9nt5t"}
{"type":"log","timestamp":1724478028072,"level":"debug","message":"Base url not specified, skipping its injection.","meta":{"rootId":"qw5zvp1a3kv85k7","id":"qw5zvp1a3kv85k7"},"id":"mbvjem2wafqkzdi","previousOperationId":"y3rerwhuso9nt5t"}
{"type":"log","timestamp":1724478028079,"level":"debug","message":"Replaced assets [\"KhmerOSSiemreapRegular.ttf\",\"KhmerOSMuolLightRegular.ttf\",\"times_new_roman.ttf\",\"Tacteing.ttf\",\"limons1l.ttf\",\"/asset/images/draft-km.png\"]","meta":{"rootId":"qw5zvp1a3kv85k7","id":"qw5zvp1a3kv85k7"},"id":"ad397ihl6k3xayo","previousOperationId":"y3rerwhuso9nt5t"}
{"type":"operationStart","subtype":"engine","name":"handlebars","timestamp":1724478028079,"id":"kvl93rbkdf8u448","previousEventId":"zc62pbqaqvnrx8u","operationId":"c237ycad4t98hq7","previousOperationId":"y3rerwhuso9nt5t"}
{"type":"log","timestamp":1724478028079,"level":"debug","message":"Rendering engine handlebars","meta":{"rootId":"qw5zvp1a3kv85k7","id":"qw5zvp1a3kv85k7"},"id":"31j1wrw5r3qsgue","previousOperationId":"c237ycad4t98hq7"}
{"type":"operationEnd","operationId":"c237ycad4t98hq7","timestamp":1724478028089,"id":"3kydmqfs6pnlwes","previousEventId":"kvl93rbkdf8u448","previousOperationId":"c237ycad4t98hq7"}
{"type":"operationStart","subtype":"recipe","name":"chrome-pdf","timestamp":1724478028089,"id":"eyml1syguooqud4","previousEventId":"3kydmqfs6pnlwes","operationId":"652etkt7jz65fs9","previousOperationId":"c237ycad4t98hq7"}
{"type":"log","timestamp":1724478028089,"level":"debug","message":"Executing recipe chrome-pdf","meta":{"rootId":"qw5zvp1a3kv85k7","id":"qw5zvp1a3kv85k7"},"id":"62wwq9g2khqoa1r","previousOperationId":"652etkt7jz65fs9"}
{"type":"log","timestamp":1724478028092,"level":"debug","message":"Converting with chrome Chrome/127.0.6533.99 using chrome-pool strategy","meta":{"rootId":"qw5zvp1a3kv85k7","id":"qw5zvp1a3kv85k7"},"id":"p9mman5m18lmrvi","previousOperationId":"652etkt7jz65fs9"}
{"type":"log","timestamp":1724478028142,"level":"debug","message":"Page request: GET (document) file:///C:/Users/shsmo/AppData/Local/Temp/jsreport/autocleanup/e1b33b7b-9847-4834-80ff-f4e285ebb7ec-chrome-pdf.html","meta":{"rootId":"qw5zvp1a3kv85k7","id":"qw5zvp1a3kv85k7"},"id":"v2raiq0622zxgd0","previousOperationId":"652etkt7jz65fs9"}
{"type":"log","timestamp":1724478028157,"level":"debug","message":"Page request finished: GET (document) 200 file:///C:/Users/shsmo/AppData/Local/Temp/jsreport/autocleanup/e1b33b7b-9847-4834-80ff-f4e285ebb7ec-chrome-pdf.html","meta":{"rootId":"qw5zvp1a3kv85k7","id":"qw5zvp1a3kv85k7"},"id":"44nvnznacy5ecpg","previousOperationId":"652etkt7jz65fs9"}
{"type":"log","timestamp":1724478028161,"level":"debug","message":"Page request: GET (stylesheet) file:///C:/asset/css/main-style.css","meta":{"rootId":"qw5zvp1a3kv85k7","id":"qw5zvp1a3kv85k7"},"id":"opw53r1r0y7msdk","previousOperationId":"652etkt7jz65fs9"}
{"type":"log","timestamp":1724478028161,"level":"debug","message":"Page request: GET (script) https://cdn.tailwindcss.com/","meta":{"rootId":"qw5zvp1a3kv85k7","id":"qw5zvp1a3kv85k7"},"id":"q0pf1d4qtpefgqi","previousOperationId":"652etkt7jz65fs9"}
{"type":"log","timestamp":1724478028162,"level":"warn","message":"Page request failed: GET (stylesheet) file:///C:/asset/css/main-style.css, failure: net::ERR_FILE_NOT_FOUND","meta":{"rootId":"qw5zvp1a3kv85k7","id":"qw5zvp1a3kv85k7"},"id":"chpwoyehxjg0xpd","previousOperationId":"652etkt7jz65fs9"}
{"type":"log","timestamp":1724478028163,"level":"debug","message":"(console:error) Failed to load resource: net::ERR_FILE_NOT_FOUND","meta":{"userLevel":true,"rootId":"qw5zvp1a3kv85k7","id":"qw5zvp1a3kv85k7"},"id":"g8jpan82ndks8md","previousOperationId":"652etkt7jz65fs9"}
{"type":"log","timestamp":1724478028169,"level":"warn","message":"Page request failed: GET (script) 302 https://cdn.tailwindcss.com/ (redirect to: /3.4.5)","meta":{"rootId":"qw5zvp1a3kv85k7","id":"qw5zvp1a3kv85k7"},"id":"jrsht2y2c0tsk0h","previousOperationId":"652etkt7jz65fs9"}
{"type":"log","timestamp":1724478028169,"level":"debug","message":"Page request: GET (script) https://cdn.tailwindcss.com/3.4.5 (redirect from: https://cdn.tailwindcss.com/)","meta":{"rootId":"qw5zvp1a3kv85k7","id":"qw5zvp1a3kv85k7"},"id":"jtxbact8ifkngnd","previousOperationId":"652etkt7jz65fs9"}
{"type":"log","timestamp":1724478028189,"level":"debug","message":"Page request finished: GET (script) 200 https://cdn.tailwindcss.com/3.4.5","meta":{"rootId":"qw5zvp1a3kv85k7","id":"qw5zvp1a3kv85k7"},"id":"pbqrcimkd0l8hky","previousOperationId":"652etkt7jz65fs9"}
{"type":"log","timestamp":1724478028231,"level":"debug","message":"(console:warn) cdn.tailwindcss.com should not be used in production. To use Tailwind CSS in production, install it as a PostCSS plugin or use the Tailwind CLI: https://tailwindcss.com/docs/installation","meta":{"userLevel":true,"rootId":"qw5zvp1a3kv85k7","id":"qw5zvp1a3kv85k7"},"id":"wdn0nyk7bb0c7yd","previousOperationId":"652etkt7jz65fs9"}
{"type":"log","timestamp":1724478028346,"level":"debug","message":"Running chrome with params {\"printBackground\":true,\"format\":\"A4\",\"marginTop\":\"1cm\",\"marginBottom\":\"2cm\",\"timeout\":59968,\"margin\":{\"top\":\"1cm\",\"bottom\":\"2cm\"}}","meta":{"rootId":"qw5zvp1a3kv85k7","id":"qw5zvp1a3kv85k7"},"id":"w0vg9447tg9exj3","previousOperationId":"652etkt7jz65fs9"}
{"type":"operationEnd","operationId":"652etkt7jz65fs9","timestamp":1724478028492,"id":"mnxlnpd1z060p2p","previousEventId":"eyml1syguooqud4","previousOperationId":"652etkt7jz65fs9"}
{"type":"log","timestamp":1724478028492,"level":"debug","message":"Skipping storing report.","meta":{"rootId":"qw5zvp1a3kv85k7","id":"qw5zvp1a3kv85k7"},"id":"3tsn3pne41gz102","previousOperationId":"652etkt7jz65fs9"}
{"type":"log","timestamp":1724478028492,"level":"info","message":"Rendering request 20 finished in 433 ms","meta":{"rootId":"qw5zvp1a3kv85k7","id":"qw5zvp1a3kv85k7"},"id":"7hkrf9adzkrk7ob","previousOperationId":"652etkt7jz65fs9"}
{"type":"operationEnd","subtype":"render","operationId":"y3rerwhuso9nt5t","timestamp":1724478028492,"id":"ph1bbulc1r5k4t3","previousEventId":"mnxlnpd1z060p2p","previousOperationId":"652etkt7jz65fs9"}
{"type":"operationEnd","doDiffs":false,"previousEventId":"7ggipjjxgwjq5eg","previousOperationId":"tkdg1ja2im3g4a7","operationId":"tkdg1ja2im3g4a7","timestamp":1724478028494,"id":"kgovpp6vlrzlqk2"}
