{"type":"operationStart","subtype":"profile","data":{"_id":"RvnUWf9yUsmcSkTo","timestamp":"2024-08-24T05:44:05.132Z","state":"queued","mode":"standard","creationDate":"2024-08-24T05:44:05.134Z","modificationDate":"2024-08-24T05:44:05.134Z","shortid":"qrKvQag","inheritedReadPermissions":[],"inheritedEditPermissions":[],"$entitySet":"profiles"},"doDiffs":false,"timestamp":1724478245134,"id":"lhxu3ve6nwurmu2","previousOperationId":null,"operationId":"sc34hex61qb0g84"}
{"type":"log","level":"info","message":"Render request 21 queued for execution and waiting for available worker","previousOperationId":"sc34hex61qb0g84","timestamp":1724478245134,"id":"w8xn6wj0yof3o54"}
{"type":"operationStart","subtype":"render","name":"site_visit_report","previousOperationId":"sc34hex61qb0g84","timestamp":1724478245143,"id":"spq1wxnthajktih","previousEventId":"lhxu3ve6nwurmu2","operationId":"hvh0tgpgnoqm2uy"}
{"type":"log","timestamp":1724478245143,"level":"info","message":"Starting rendering request 21 (user: admin)","meta":{"rootId":"rnqaon6x7jc7yw1","id":"rnqaon6x7jc7yw1"},"id":"xonbeczpuowwtbn","previousOperationId":"hvh0tgpgnoqm2uy"}
{"type":"log","timestamp":1724478245143,"level":"info","message":"Rendering template { name: site_visit_report, recipe: chrome-pdf, engine: handlebars, preview: true }","meta":{"rootId":"rnqaon6x7jc7yw1","id":"rnqaon6x7jc7yw1"},"id":"s3h9y999feok0rw","previousOperationId":"hvh0tgpgnoqm2uy"}
{"type":"log","timestamp":1724478245144,"level":"debug","message":"Inline data specified.","meta":{"rootId":"rnqaon6x7jc7yw1","id":"rnqaon6x7jc7yw1"},"id":"bq11nddfqrb41d9","previousOperationId":"hvh0tgpgnoqm2uy"}
{"type":"log","timestamp":1724478245145,"level":"debug","message":"Base url not specified, skipping its injection.","meta":{"rootId":"rnqaon6x7jc7yw1","id":"rnqaon6x7jc7yw1"},"id":"durdzab1xbwdm4f","previousOperationId":"hvh0tgpgnoqm2uy"}
{"type":"log","timestamp":1724478245152,"level":"debug","message":"Replaced assets [\"KhmerOSSiemreapRegular.ttf\",\"KhmerOSMuolLightRegular.ttf\",\"times_new_roman.ttf\",\"Tacteing.ttf\",\"limons1l.ttf\",\"/asset/images/draft-km.png\"]","meta":{"rootId":"rnqaon6x7jc7yw1","id":"rnqaon6x7jc7yw1"},"id":"re0dn7cje4pklfm","previousOperationId":"hvh0tgpgnoqm2uy"}
{"type":"operationStart","subtype":"engine","name":"handlebars","timestamp":1724478245153,"id":"2vf0r90gmu8b4cy","previousEventId":"spq1wxnthajktih","operationId":"5lurc4xigjujeic","previousOperationId":"hvh0tgpgnoqm2uy"}
{"type":"log","timestamp":1724478245153,"level":"debug","message":"Rendering engine handlebars","meta":{"rootId":"rnqaon6x7jc7yw1","id":"rnqaon6x7jc7yw1"},"id":"541ybcui6zqxkec","previousOperationId":"5lurc4xigjujeic"}
{"type":"operationEnd","operationId":"5lurc4xigjujeic","timestamp":1724478245162,"id":"3nmawrtj6bpi2jz","previousEventId":"2vf0r90gmu8b4cy","previousOperationId":"5lurc4xigjujeic"}
{"type":"operationStart","subtype":"recipe","name":"chrome-pdf","timestamp":1724478245163,"id":"gxoqmt1f6gejw17","previousEventId":"3nmawrtj6bpi2jz","operationId":"fehe0xlocl918ff","previousOperationId":"5lurc4xigjujeic"}
{"type":"log","timestamp":1724478245163,"level":"debug","message":"Executing recipe chrome-pdf","meta":{"rootId":"rnqaon6x7jc7yw1","id":"rnqaon6x7jc7yw1"},"id":"o9p3yv799s1n1gl","previousOperationId":"fehe0xlocl918ff"}
{"type":"log","timestamp":1724478245166,"level":"debug","message":"Converting with chrome Chrome/127.0.6533.99 using chrome-pool strategy","meta":{"rootId":"rnqaon6x7jc7yw1","id":"rnqaon6x7jc7yw1"},"id":"vj6co6c8gv9alzr","previousOperationId":"fehe0xlocl918ff"}
{"type":"log","timestamp":1724478245227,"level":"debug","message":"Page request: GET (document) file:///C:/Users/shsmo/AppData/Local/Temp/jsreport/autocleanup/3f2ceda9-c5fc-4bad-b5f8-e0ed3e896bb1-chrome-pdf.html","meta":{"rootId":"rnqaon6x7jc7yw1","id":"rnqaon6x7jc7yw1"},"id":"1ofozunef0t03p8","previousOperationId":"fehe0xlocl918ff"}
{"type":"log","timestamp":1724478245244,"level":"debug","message":"Page request finished: GET (document) 200 file:///C:/Users/shsmo/AppData/Local/Temp/jsreport/autocleanup/3f2ceda9-c5fc-4bad-b5f8-e0ed3e896bb1-chrome-pdf.html","meta":{"rootId":"rnqaon6x7jc7yw1","id":"rnqaon6x7jc7yw1"},"id":"041jv4lqhtkvlw2","previousOperationId":"fehe0xlocl918ff"}
{"type":"log","timestamp":1724478245244,"level":"debug","message":"Page request: GET (stylesheet) file:///C:/asset/css/main-style.css","meta":{"rootId":"rnqaon6x7jc7yw1","id":"rnqaon6x7jc7yw1"},"id":"nz888uexv0pkeq8","previousOperationId":"fehe0xlocl918ff"}
{"type":"log","timestamp":1724478245245,"level":"debug","message":"Page request: GET (script) https://cdn.tailwindcss.com/","meta":{"rootId":"rnqaon6x7jc7yw1","id":"rnqaon6x7jc7yw1"},"id":"xez4wbs6cgz5hwc","previousOperationId":"fehe0xlocl918ff"}
{"type":"log","timestamp":1724478245246,"level":"warn","message":"Page request failed: GET (stylesheet) file:///C:/asset/css/main-style.css, failure: net::ERR_FILE_NOT_FOUND","meta":{"rootId":"rnqaon6x7jc7yw1","id":"rnqaon6x7jc7yw1"},"id":"h0lyepv1l49lmf1","previousOperationId":"fehe0xlocl918ff"}
{"type":"log","timestamp":1724478245246,"level":"debug","message":"(console:error) Failed to load resource: net::ERR_FILE_NOT_FOUND","meta":{"userLevel":true,"rootId":"rnqaon6x7jc7yw1","id":"rnqaon6x7jc7yw1"},"id":"h1rif1y7qlmqc85","previousOperationId":"fehe0xlocl918ff"}
{"type":"log","timestamp":1724478245254,"level":"warn","message":"Page request failed: GET (script) 302 https://cdn.tailwindcss.com/ (redirect to: /3.4.5)","meta":{"rootId":"rnqaon6x7jc7yw1","id":"rnqaon6x7jc7yw1"},"id":"xqip76xs8r5epkx","previousOperationId":"fehe0xlocl918ff"}
{"type":"log","timestamp":1724478245254,"level":"debug","message":"Page request: GET (script) https://cdn.tailwindcss.com/3.4.5 (redirect from: https://cdn.tailwindcss.com/)","meta":{"rootId":"rnqaon6x7jc7yw1","id":"rnqaon6x7jc7yw1"},"id":"7fbq1c8e79z19if","previousOperationId":"fehe0xlocl918ff"}
{"type":"log","timestamp":1724478245275,"level":"debug","message":"Page request finished: GET (script) 200 https://cdn.tailwindcss.com/3.4.5","meta":{"rootId":"rnqaon6x7jc7yw1","id":"rnqaon6x7jc7yw1"},"id":"6k1oytwu6l2exsh","previousOperationId":"fehe0xlocl918ff"}
{"type":"log","timestamp":1724478245311,"level":"debug","message":"(console:warn) cdn.tailwindcss.com should not be used in production. To use Tailwind CSS in production, install it as a PostCSS plugin or use the Tailwind CLI: https://tailwindcss.com/docs/installation","meta":{"userLevel":true,"rootId":"rnqaon6x7jc7yw1","id":"rnqaon6x7jc7yw1"},"id":"18lj7l7ajddixk9","previousOperationId":"fehe0xlocl918ff"}
{"type":"log","timestamp":1724478245417,"level":"debug","message":"Running chrome with params {\"printBackground\":true,\"format\":\"A4\",\"marginTop\":\"1cm\",\"marginBottom\":\"2cm\",\"timeout\":59967,\"margin\":{\"top\":\"1cm\",\"bottom\":\"2cm\"}}","meta":{"rootId":"rnqaon6x7jc7yw1","id":"rnqaon6x7jc7yw1"},"id":"vqknas4tf5uuyzz","previousOperationId":"fehe0xlocl918ff"}
{"type":"operationEnd","operationId":"fehe0xlocl918ff","timestamp":1724478245566,"id":"c0yehvqn0ajtu0z","previousEventId":"gxoqmt1f6gejw17","previousOperationId":"fehe0xlocl918ff"}
{"type":"log","timestamp":1724478245567,"level":"debug","message":"Skipping storing report.","meta":{"rootId":"rnqaon6x7jc7yw1","id":"rnqaon6x7jc7yw1"},"id":"z8emxrmpjr97wez","previousOperationId":"fehe0xlocl918ff"}
{"type":"log","timestamp":1724478245567,"level":"info","message":"Rendering request 21 finished in 435 ms","meta":{"rootId":"rnqaon6x7jc7yw1","id":"rnqaon6x7jc7yw1"},"id":"9maz14xo0ubdnos","previousOperationId":"fehe0xlocl918ff"}
{"type":"operationEnd","subtype":"render","operationId":"hvh0tgpgnoqm2uy","timestamp":1724478245567,"id":"gm373k7254m1ffk","previousEventId":"c0yehvqn0ajtu0z","previousOperationId":"fehe0xlocl918ff"}
{"type":"operationEnd","doDiffs":false,"previousEventId":"lhxu3ve6nwurmu2","previousOperationId":"sc34hex61qb0g84","operationId":"sc34hex61qb0g84","timestamp":1724478245569,"id":"95tdwghjkibk9f1"}
