{"type":"operationStart","subtype":"profile","data":{"_id":"IJ0m8dp9LWroqnEw","timestamp":"2024-08-24T05:29:49.953Z","state":"queued","mode":"standard","creationDate":"2024-08-24T05:29:49.955Z","modificationDate":"2024-08-24T05:29:49.955Z","shortid":"-ubCins","inheritedReadPermissions":[],"inheritedEditPermissions":[],"$entitySet":"profiles"},"doDiffs":false,"timestamp":1724477389954,"id":"s0xksfgqv6ua8t3","previousOperationId":null,"operationId":"2khctx15ogyeyc4"}
{"type":"log","level":"info","message":"Render request 2 queued for execution and waiting for available worker","previousOperationId":"2khctx15ogyeyc4","timestamp":1724477389954,"id":"yohw18ujwci5cf9"}
{"type":"operationStart","subtype":"render","name":"site_visit_report","previousOperationId":"2khctx15ogyeyc4","timestamp":1724477389966,"id":"y4dk1izkzuffkax","previousEventId":"s0xksfgqv6ua8t3","operationId":"xhxrz21usjohh28"}
{"type":"log","timestamp":1724477389967,"level":"info","message":"Starting rendering request 2 (user: admin)","meta":{"rootId":"s5e4vf6sd5ywem3","id":"s5e4vf6sd5ywem3"},"id":"yic2leigcycs77f","previousOperationId":"xhxrz21usjohh28"}
{"type":"log","timestamp":1724477389968,"level":"info","message":"Rendering template { name: site_visit_report, recipe: chrome-pdf, engine: handlebars, preview: true }","meta":{"rootId":"s5e4vf6sd5ywem3","id":"s5e4vf6sd5ywem3"},"id":"upp7z3slwjr8axz","previousOperationId":"xhxrz21usjohh28"}
{"type":"log","timestamp":1724477389969,"level":"debug","message":"Inline data specified.","meta":{"rootId":"s5e4vf6sd5ywem3","id":"s5e4vf6sd5ywem3"},"id":"agurh7op3bhi0s0","previousOperationId":"xhxrz21usjohh28"}
{"type":"log","timestamp":1724477389971,"level":"debug","message":"Base url not specified, skipping its injection.","meta":{"rootId":"s5e4vf6sd5ywem3","id":"s5e4vf6sd5ywem3"},"id":"hug3kfq9b8ax8nm","previousOperationId":"xhxrz21usjohh28"}
{"type":"log","timestamp":1724477389982,"level":"debug","message":"Replaced assets [\"KhmerOSSiemreapRegular.ttf\",\"KhmerOSMuolLightRegular.ttf\",\"times_new_roman.ttf\",\"Tacteing.ttf\",\"limons1l.ttf\",\"/asset/images/draft-km.png\"]","meta":{"rootId":"s5e4vf6sd5ywem3","id":"s5e4vf6sd5ywem3"},"id":"9gf4058pj8y1qin","previousOperationId":"xhxrz21usjohh28"}
{"type":"operationStart","subtype":"engine","name":"handlebars","timestamp":1724477389983,"id":"189vgcgbihx4b1b","previousEventId":"y4dk1izkzuffkax","operationId":"2znng19rsrdyrkd","previousOperationId":"xhxrz21usjohh28"}
{"type":"log","timestamp":1724477389983,"level":"debug","message":"Rendering engine handlebars","meta":{"rootId":"s5e4vf6sd5ywem3","id":"s5e4vf6sd5ywem3"},"id":"1l97w394ossh3q0","previousOperationId":"2znng19rsrdyrkd"}
{"type":"operationEnd","operationId":"2znng19rsrdyrkd","timestamp":1724477390416,"id":"hcgj8qv4ggg7qzf","previousEventId":"189vgcgbihx4b1b","previousOperationId":"2znng19rsrdyrkd"}
{"type":"operationStart","subtype":"recipe","name":"chrome-pdf","timestamp":1724477390417,"id":"bp404dp7lzg622i","previousEventId":"hcgj8qv4ggg7qzf","operationId":"zvb9lxkr7neih2h","previousOperationId":"2znng19rsrdyrkd"}
{"type":"log","timestamp":1724477390417,"level":"debug","message":"Executing recipe chrome-pdf","meta":{"rootId":"s5e4vf6sd5ywem3","id":"s5e4vf6sd5ywem3"},"id":"j177f0lmlztk28n","previousOperationId":"zvb9lxkr7neih2h"}
{"type":"log","timestamp":1724477391091,"level":"debug","message":"Converting with chrome Chrome/127.0.6533.99 using chrome-pool strategy","meta":{"rootId":"s5e4vf6sd5ywem3","id":"s5e4vf6sd5ywem3"},"id":"ysi822nfq7cfqgm","previousOperationId":"zvb9lxkr7neih2h"}
{"type":"log","timestamp":1724477391141,"level":"debug","message":"Page request: GET (document) file:///C:/Users/shsmo/AppData/Local/Temp/jsreport/autocleanup/f299a39e-ec23-4172-8da3-33b27ee30bc2-chrome-pdf.html","meta":{"rootId":"s5e4vf6sd5ywem3","id":"s5e4vf6sd5ywem3"},"id":"3jtkknjn160lp15","previousOperationId":"zvb9lxkr7neih2h"}
{"type":"log","timestamp":1724477391154,"level":"debug","message":"Page request finished: GET (document) 200 file:///C:/Users/shsmo/AppData/Local/Temp/jsreport/autocleanup/f299a39e-ec23-4172-8da3-33b27ee30bc2-chrome-pdf.html","meta":{"rootId":"s5e4vf6sd5ywem3","id":"s5e4vf6sd5ywem3"},"id":"m59c3h74c2v39gg","previousOperationId":"zvb9lxkr7neih2h"}
{"type":"log","timestamp":1724477391155,"level":"debug","message":"Page request: GET (script) https://cdn.tailwindcss.com/","meta":{"rootId":"s5e4vf6sd5ywem3","id":"s5e4vf6sd5ywem3"},"id":"h8eqyppmudbg0au","previousOperationId":"zvb9lxkr7neih2h"}
{"type":"log","timestamp":1724477391376,"level":"warn","message":"Page request failed: GET (script) 302 https://cdn.tailwindcss.com/ (redirect to: /3.4.5)","meta":{"rootId":"s5e4vf6sd5ywem3","id":"s5e4vf6sd5ywem3"},"id":"brqqv3jxsccucrz","previousOperationId":"zvb9lxkr7neih2h"}
{"type":"log","timestamp":1724477391377,"level":"debug","message":"Page request: GET (script) https://cdn.tailwindcss.com/3.4.5 (redirect from: https://cdn.tailwindcss.com/)","meta":{"rootId":"s5e4vf6sd5ywem3","id":"s5e4vf6sd5ywem3"},"id":"r7pkqdlfiws3u41","previousOperationId":"zvb9lxkr7neih2h"}
{"type":"log","timestamp":1724477391471,"level":"debug","message":"Page request finished: GET (script) 200 https://cdn.tailwindcss.com/3.4.5","meta":{"rootId":"s5e4vf6sd5ywem3","id":"s5e4vf6sd5ywem3"},"id":"ma3j3ql3cs1j2t3","previousOperationId":"zvb9lxkr7neih2h"}
{"type":"log","timestamp":1724477391503,"level":"debug","message":"(console:warn) cdn.tailwindcss.com should not be used in production. To use Tailwind CSS in production, install it as a PostCSS plugin or use the Tailwind CLI: https://tailwindcss.com/docs/installation","meta":{"userLevel":true,"rootId":"s5e4vf6sd5ywem3","id":"s5e4vf6sd5ywem3"},"id":"00ly9wwbuoxq9dx","previousOperationId":"zvb9lxkr7neih2h"}
{"type":"log","timestamp":1724477391606,"level":"debug","message":"Running chrome with params {\"printBackground\":true,\"format\":\"A4\",\"marginTop\":\"1cm\",\"marginBottom\":\"2cm\",\"timeout\":59156,\"margin\":{\"top\":\"1cm\",\"bottom\":\"2cm\"}}","meta":{"rootId":"s5e4vf6sd5ywem3","id":"s5e4vf6sd5ywem3"},"id":"8adhztath9p86xx","previousOperationId":"zvb9lxkr7neih2h"}
{"type":"operationEnd","operationId":"zvb9lxkr7neih2h","timestamp":1724477391787,"id":"v3c673crzlkmzsc","previousEventId":"bp404dp7lzg622i","previousOperationId":"zvb9lxkr7neih2h"}
{"type":"log","timestamp":1724477391788,"level":"debug","message":"Skipping storing report.","meta":{"rootId":"s5e4vf6sd5ywem3","id":"s5e4vf6sd5ywem3"},"id":"b3i1saa0d4c3d4m","previousOperationId":"zvb9lxkr7neih2h"}
{"type":"log","timestamp":1724477391788,"level":"info","message":"Rendering request 2 finished in 1836 ms","meta":{"rootId":"s5e4vf6sd5ywem3","id":"s5e4vf6sd5ywem3"},"id":"p1k71vwtnlnfrcu","previousOperationId":"zvb9lxkr7neih2h"}
{"type":"operationEnd","subtype":"render","operationId":"xhxrz21usjohh28","timestamp":1724477391788,"id":"w57sc563nen8q9k","previousEventId":"v3c673crzlkmzsc","previousOperationId":"zvb9lxkr7neih2h"}
{"type":"operationEnd","doDiffs":false,"previousEventId":"s0xksfgqv6ua8t3","previousOperationId":"2khctx15ogyeyc4","operationId":"2khctx15ogyeyc4","timestamp":1724477391791,"id":"xolnohrtxotdqo3"}
