{"type":"operationStart","subtype":"profile","data":{"_id":"wO5BjImdvggW9oz1","timestamp":"2024-08-24T05:29:29.811Z","state":"queued","mode":"standard","creationDate":"2024-08-24T05:29:29.815Z","modificationDate":"2024-08-24T05:29:29.815Z","shortid":"JNAkbpe","inheritedReadPermissions":[],"inheritedEditPermissions":[],"$entitySet":"profiles"},"doDiffs":false,"timestamp":1724477369813,"id":"ufoieftw1ospu04","previousOperationId":null,"operationId":"ml57lm832qdbp5c"}
{"type":"log","level":"info","message":"Render request 1 queued for execution and waiting for available worker","previousOperationId":"ml57lm832qdbp5c","timestamp":1724477369814,"id":"4lsen8myg5sdpm9"}
{"type":"operationStart","subtype":"render","name":"site_visit_report","previousOperationId":"ml57lm832qdbp5c","timestamp":1724477369829,"id":"yj0s02twhcfzkky","previousEventId":"ufoieftw1ospu04","operationId":"z7dtzj2i169rqth"}
{"type":"log","timestamp":1724477369830,"level":"info","message":"Starting rendering request 1 (user: admin)","meta":{"rootId":"u204obx88xvfofa","id":"u204obx88xvfofa"},"id":"gu7sr7j5or76o77","previousOperationId":"z7dtzj2i169rqth"}
{"type":"log","timestamp":1724477369831,"level":"info","message":"Rendering template { name: site_visit_report, recipe: chrome-pdf, engine: handlebars, preview: true }","meta":{"rootId":"u204obx88xvfofa","id":"u204obx88xvfofa"},"id":"7r9x5qngfbxhovr","previousOperationId":"z7dtzj2i169rqth"}
{"type":"log","timestamp":1724477369833,"level":"debug","message":"Inline data specified.","meta":{"rootId":"u204obx88xvfofa","id":"u204obx88xvfofa"},"id":"3zsbdqsts3smkl5","previousOperationId":"z7dtzj2i169rqth"}
{"type":"log","timestamp":1724477369836,"level":"debug","message":"Base url not specified, skipping its injection.","meta":{"rootId":"u204obx88xvfofa","id":"u204obx88xvfofa"},"id":"ubu94r3jut1zv2j","previousOperationId":"z7dtzj2i169rqth"}
{"type":"log","timestamp":1724477369847,"level":"debug","message":"Replaced assets [\"KhmerOSSiemreapRegular.ttf\",\"KhmerOSMuolLightRegular.ttf\",\"times_new_roman.ttf\",\"Tacteing.ttf\",\"limons1l.ttf\",\"/asset/images/draft-km.png\"]","meta":{"rootId":"u204obx88xvfofa","id":"u204obx88xvfofa"},"id":"x4rcc3ufsy8w1kx","previousOperationId":"z7dtzj2i169rqth"}
{"type":"operationStart","subtype":"engine","name":"handlebars","timestamp":1724477369847,"id":"s8lcetombzxzxw5","previousEventId":"yj0s02twhcfzkky","operationId":"8dqdl7cga626x03","previousOperationId":"z7dtzj2i169rqth"}
{"type":"log","timestamp":1724477369847,"level":"debug","message":"Rendering engine handlebars","meta":{"rootId":"u204obx88xvfofa","id":"u204obx88xvfofa"},"id":"cs9n8ygcx4xb6xv","previousOperationId":"8dqdl7cga626x03"}
{"type":"operationEnd","operationId":"8dqdl7cga626x03","timestamp":1724477370343,"id":"l8hi97k789kgytq","previousEventId":"s8lcetombzxzxw5","previousOperationId":"8dqdl7cga626x03"}
{"type":"operationStart","subtype":"recipe","name":"chrome-pdf","timestamp":1724477370344,"id":"up2o8liy8wb9rdy","previousEventId":"l8hi97k789kgytq","operationId":"ywld31ryin3xt4v","previousOperationId":"8dqdl7cga626x03"}
{"type":"log","timestamp":1724477370344,"level":"debug","message":"Executing recipe chrome-pdf","meta":{"rootId":"u204obx88xvfofa","id":"u204obx88xvfofa"},"id":"9x5851ooo57wjir","previousOperationId":"ywld31ryin3xt4v"}
{"type":"log","timestamp":1724477371396,"level":"debug","message":"Converting with chrome Chrome/127.0.6533.99 using chrome-pool strategy","meta":{"rootId":"u204obx88xvfofa","id":"u204obx88xvfofa"},"id":"8ve7hcveg5zsgb0","previousOperationId":"ywld31ryin3xt4v"}
{"type":"log","timestamp":1724477371449,"level":"debug","message":"Page request: GET (document) file:///C:/Users/shsmo/AppData/Local/Temp/jsreport/autocleanup/26170e6d-eaf2-46e7-8a03-81479c14876b-chrome-pdf.html","meta":{"rootId":"u204obx88xvfofa","id":"u204obx88xvfofa"},"id":"6sh21qw6is4vl9s","previousOperationId":"ywld31ryin3xt4v"}
{"type":"log","timestamp":1724477371480,"level":"debug","message":"Page request finished: GET (document) 200 file:///C:/Users/shsmo/AppData/Local/Temp/jsreport/autocleanup/26170e6d-eaf2-46e7-8a03-81479c14876b-chrome-pdf.html","meta":{"rootId":"u204obx88xvfofa","id":"u204obx88xvfofa"},"id":"bjp2r1clzbgx7d2","previousOperationId":"ywld31ryin3xt4v"}
{"type":"log","timestamp":1724477371481,"level":"debug","message":"Page request: GET (script) https://cdn.tailwindcss.com/","meta":{"rootId":"u204obx88xvfofa","id":"u204obx88xvfofa"},"id":"h7pl6oa5f0vmsa7","previousOperationId":"ywld31ryin3xt4v"}
{"type":"log","timestamp":1724477371664,"level":"warn","message":"Page request failed: GET (script) 302 https://cdn.tailwindcss.com/ (redirect to: /3.4.5)","meta":{"rootId":"u204obx88xvfofa","id":"u204obx88xvfofa"},"id":"w8x6blobnui21hm","previousOperationId":"ywld31ryin3xt4v"}
{"type":"log","timestamp":1724477371664,"level":"debug","message":"Page request: GET (script) https://cdn.tailwindcss.com/3.4.5 (redirect from: https://cdn.tailwindcss.com/)","meta":{"rootId":"u204obx88xvfofa","id":"u204obx88xvfofa"},"id":"ygkm2jjgx8qw2je","previousOperationId":"ywld31ryin3xt4v"}
{"type":"log","timestamp":1724477371764,"level":"debug","message":"Page request finished: GET (script) 200 https://cdn.tailwindcss.com/3.4.5","meta":{"rootId":"u204obx88xvfofa","id":"u204obx88xvfofa"},"id":"nqhwh8ggg24ynlh","previousOperationId":"ywld31ryin3xt4v"}
{"type":"log","timestamp":1724477371802,"level":"debug","message":"(console:warn) cdn.tailwindcss.com should not be used in production. To use Tailwind CSS in production, install it as a PostCSS plugin or use the Tailwind CLI: https://tailwindcss.com/docs/installation","meta":{"userLevel":true,"rootId":"u204obx88xvfofa","id":"u204obx88xvfofa"},"id":"r3nc38irqeduek8","previousOperationId":"ywld31ryin3xt4v"}
{"type":"log","timestamp":1724477371970,"level":"debug","message":"Running chrome with params {\"printBackground\":true,\"format\":\"A4\",\"marginTop\":\"1cm\",\"marginBottom\":\"2cm\",\"timeout\":59075,\"margin\":{\"top\":\"1cm\",\"bottom\":\"2cm\"}}","meta":{"rootId":"u204obx88xvfofa","id":"u204obx88xvfofa"},"id":"jqpzux7gwdn95e3","previousOperationId":"ywld31ryin3xt4v"}
{"type":"operationEnd","operationId":"ywld31ryin3xt4v","timestamp":1724477372172,"id":"u9sogagcxw4tz34","previousEventId":"up2o8liy8wb9rdy","previousOperationId":"ywld31ryin3xt4v"}
{"type":"log","timestamp":1724477372173,"level":"debug","message":"Skipping storing report.","meta":{"rootId":"u204obx88xvfofa","id":"u204obx88xvfofa"},"id":"2iqbtepuafchkeb","previousOperationId":"ywld31ryin3xt4v"}
{"type":"log","timestamp":1724477372173,"level":"info","message":"Rendering request 1 finished in 2363 ms","meta":{"rootId":"u204obx88xvfofa","id":"u204obx88xvfofa"},"id":"tjkpfkawa4ei9kt","previousOperationId":"ywld31ryin3xt4v"}
{"type":"operationEnd","subtype":"render","operationId":"z7dtzj2i169rqth","timestamp":1724477372173,"id":"tamyjjsmldy0qw2","previousEventId":"u9sogagcxw4tz34","previousOperationId":"ywld31ryin3xt4v"}
{"type":"operationEnd","doDiffs":false,"previousEventId":"ufoieftw1ospu04","previousOperationId":"ml57lm832qdbp5c","operationId":"ml57lm832qdbp5c","timestamp":1724477372178,"id":"youiomz5q8mzvgb"}
