{"type":"operationStart","subtype":"profile","data":{"_id":"PDO7oezjZDcG6HDp","timestamp":"2024-08-24T05:32:45.409Z","state":"queued","mode":"standard","creationDate":"2024-08-24T05:32:45.411Z","modificationDate":"2024-08-24T05:32:45.411Z","shortid":"vHePDC_","inheritedReadPermissions":[],"inheritedEditPermissions":[],"$entitySet":"profiles"},"doDiffs":false,"timestamp":1724477565410,"id":"poxmrmoccuiqvdx","previousOperationId":null,"operationId":"mihcyvs29rjeukg"}
{"type":"log","level":"info","message":"Render request 11 queued for execution and waiting for available worker","previousOperationId":"mihcyvs29rjeukg","timestamp":1724477565410,"id":"6mo7njopxjr8c6n"}
{"type":"operationStart","subtype":"render","name":"site_visit_report","previousOperationId":"mihcyvs29rjeukg","timestamp":1724477565420,"id":"r45v207wv0x8n9z","previousEventId":"poxmrmoccuiqvdx","operationId":"o4ne47qrcvpi5u9"}
{"type":"log","timestamp":1724477565420,"level":"info","message":"Starting rendering request 11 (user: admin)","meta":{"rootId":"w6io45dcw6c9q7a","id":"w6io45dcw6c9q7a"},"id":"ztx6lstkcsx7ojx","previousOperationId":"o4ne47qrcvpi5u9"}
{"type":"log","timestamp":1724477565420,"level":"info","message":"Rendering template { name: site_visit_report, recipe: chrome-pdf, engine: handlebars, preview: true }","meta":{"rootId":"w6io45dcw6c9q7a","id":"w6io45dcw6c9q7a"},"id":"a63j9vt3pbk4v03","previousOperationId":"o4ne47qrcvpi5u9"}
{"type":"log","timestamp":1724477565421,"level":"debug","message":"Inline data specified.","meta":{"rootId":"w6io45dcw6c9q7a","id":"w6io45dcw6c9q7a"},"id":"p8gvqij4cem4k3w","previousOperationId":"o4ne47qrcvpi5u9"}
{"type":"log","timestamp":1724477565423,"level":"debug","message":"Base url not specified, skipping its injection.","meta":{"rootId":"w6io45dcw6c9q7a","id":"w6io45dcw6c9q7a"},"id":"2bc535lf3rb7g19","previousOperationId":"o4ne47qrcvpi5u9"}
{"type":"log","timestamp":1724477565432,"level":"debug","message":"Replaced assets [\"KhmerOSSiemreapRegular.ttf\",\"KhmerOSMuolLightRegular.ttf\",\"times_new_roman.ttf\",\"Tacteing.ttf\",\"limons1l.ttf\",\"/asset/images/draft-km.png\"]","meta":{"rootId":"w6io45dcw6c9q7a","id":"w6io45dcw6c9q7a"},"id":"s0bk1iupkdkxmr2","previousOperationId":"o4ne47qrcvpi5u9"}
{"type":"operationStart","subtype":"engine","name":"handlebars","timestamp":1724477565432,"id":"lq1pkrrx1wek0em","previousEventId":"r45v207wv0x8n9z","operationId":"7n8chlix19e4m4r","previousOperationId":"o4ne47qrcvpi5u9"}
{"type":"log","timestamp":1724477565432,"level":"debug","message":"Rendering engine handlebars","meta":{"rootId":"w6io45dcw6c9q7a","id":"w6io45dcw6c9q7a"},"id":"g6wha5t1q811ghz","previousOperationId":"7n8chlix19e4m4r"}
{"type":"operationEnd","operationId":"7n8chlix19e4m4r","timestamp":1724477565442,"id":"e5n8r9cvupxs2rs","previousEventId":"lq1pkrrx1wek0em","previousOperationId":"7n8chlix19e4m4r"}
{"type":"operationStart","subtype":"recipe","name":"chrome-pdf","timestamp":1724477565442,"id":"tmubvrez98r5209","previousEventId":"e5n8r9cvupxs2rs","operationId":"ez7yfl95l1npkez","previousOperationId":"7n8chlix19e4m4r"}
{"type":"log","timestamp":1724477565442,"level":"debug","message":"Executing recipe chrome-pdf","meta":{"rootId":"w6io45dcw6c9q7a","id":"w6io45dcw6c9q7a"},"id":"eui7jv4eqjzz52v","previousOperationId":"ez7yfl95l1npkez"}
{"type":"log","timestamp":1724477565445,"level":"debug","message":"Converting with chrome Chrome/127.0.6533.99 using chrome-pool strategy","meta":{"rootId":"w6io45dcw6c9q7a","id":"w6io45dcw6c9q7a"},"id":"cmf8nytyjstvknn","previousOperationId":"ez7yfl95l1npkez"}
{"type":"log","timestamp":1724477565495,"level":"debug","message":"Page request: GET (document) file:///C:/Users/shsmo/AppData/Local/Temp/jsreport/autocleanup/38bcfabe-4ccf-4a17-adc3-769b4a202c1c-chrome-pdf.html","meta":{"rootId":"w6io45dcw6c9q7a","id":"w6io45dcw6c9q7a"},"id":"kocz8qgi3bpb4qn","previousOperationId":"ez7yfl95l1npkez"}
{"type":"log","timestamp":1724477565509,"level":"debug","message":"Page request finished: GET (document) 200 file:///C:/Users/shsmo/AppData/Local/Temp/jsreport/autocleanup/38bcfabe-4ccf-4a17-adc3-769b4a202c1c-chrome-pdf.html","meta":{"rootId":"w6io45dcw6c9q7a","id":"w6io45dcw6c9q7a"},"id":"wn4s4jia7l7h9vu","previousOperationId":"ez7yfl95l1npkez"}
{"type":"log","timestamp":1724477565513,"level":"debug","message":"Page request: GET (script) https://cdn.tailwindcss.com/","meta":{"rootId":"w6io45dcw6c9q7a","id":"w6io45dcw6c9q7a"},"id":"vgjzdmfhwhzcvav","previousOperationId":"ez7yfl95l1npkez"}
{"type":"log","timestamp":1724477565520,"level":"warn","message":"Page request failed: GET (script) 302 https://cdn.tailwindcss.com/ (redirect to: /3.4.5)","meta":{"rootId":"w6io45dcw6c9q7a","id":"w6io45dcw6c9q7a"},"id":"4taubrat8uq0zza","previousOperationId":"ez7yfl95l1npkez"}
{"type":"log","timestamp":1724477565520,"level":"debug","message":"Page request: GET (script) https://cdn.tailwindcss.com/3.4.5 (redirect from: https://cdn.tailwindcss.com/)","meta":{"rootId":"w6io45dcw6c9q7a","id":"w6io45dcw6c9q7a"},"id":"gn8b7aanc7ozqk3","previousOperationId":"ez7yfl95l1npkez"}
{"type":"log","timestamp":1724477565537,"level":"debug","message":"Page request finished: GET (script) 200 https://cdn.tailwindcss.com/3.4.5","meta":{"rootId":"w6io45dcw6c9q7a","id":"w6io45dcw6c9q7a"},"id":"jn7cyhmswnn3u3r","previousOperationId":"ez7yfl95l1npkez"}
{"type":"log","timestamp":1724477565576,"level":"debug","message":"(console:warn) cdn.tailwindcss.com should not be used in production. To use Tailwind CSS in production, install it as a PostCSS plugin or use the Tailwind CLI: https://tailwindcss.com/docs/installation","meta":{"userLevel":true,"rootId":"w6io45dcw6c9q7a","id":"w6io45dcw6c9q7a"},"id":"jmi8dgkf1pbaja4","previousOperationId":"ez7yfl95l1npkez"}
{"type":"log","timestamp":1724477565697,"level":"debug","message":"Running chrome with params {\"printBackground\":true,\"format\":\"A4\",\"marginTop\":\"1cm\",\"marginBottom\":\"2cm\",\"timeout\":59965,\"margin\":{\"top\":\"1cm\",\"bottom\":\"2cm\"}}","meta":{"rootId":"w6io45dcw6c9q7a","id":"w6io45dcw6c9q7a"},"id":"084n26rorkhrmze","previousOperationId":"ez7yfl95l1npkez"}
{"type":"operationEnd","operationId":"ez7yfl95l1npkez","timestamp":1724477565867,"id":"500w8bcp8zis1t7","previousEventId":"tmubvrez98r5209","previousOperationId":"ez7yfl95l1npkez"}
{"type":"log","timestamp":1724477565867,"level":"debug","message":"Skipping storing report.","meta":{"rootId":"w6io45dcw6c9q7a","id":"w6io45dcw6c9q7a"},"id":"1c29vakz8ckzs9d","previousOperationId":"ez7yfl95l1npkez"}
{"type":"log","timestamp":1724477565867,"level":"info","message":"Rendering request 11 finished in 458 ms","meta":{"rootId":"w6io45dcw6c9q7a","id":"w6io45dcw6c9q7a"},"id":"66ewsvm0rifuswl","previousOperationId":"ez7yfl95l1npkez"}
{"type":"operationEnd","subtype":"render","operationId":"o4ne47qrcvpi5u9","timestamp":1724477565867,"id":"jawmhlaqxkarfhq","previousEventId":"500w8bcp8zis1t7","previousOperationId":"ez7yfl95l1npkez"}
{"type":"operationEnd","doDiffs":false,"previousEventId":"poxmrmoccuiqvdx","previousOperationId":"mihcyvs29rjeukg","operationId":"mihcyvs29rjeukg","timestamp":1724477565871,"id":"t9chol7e5tvoabq"}
