{"type":"operationStart","subtype":"profile","data":{"_id":"ewVD0TsjXE8OjslH","timestamp":"2024-08-24T05:30:20.637Z","state":"queued","mode":"standard","creationDate":"2024-08-24T05:30:20.639Z","modificationDate":"2024-08-24T05:30:20.639Z","shortid":"KH_paSK","inheritedReadPermissions":[],"inheritedEditPermissions":[],"$entitySet":"profiles"},"doDiffs":false,"timestamp":1724477420638,"id":"7fkicozrujgr55f","previousOperationId":null,"operationId":"zb6zdxccs3gt2xv"}
{"type":"log","level":"info","message":"Render request 3 queued for execution and waiting for available worker","previousOperationId":"zb6zdxccs3gt2xv","timestamp":1724477420639,"id":"vq1z2naqafsld3j"}
{"type":"operationStart","subtype":"render","name":"site_visit_report","previousOperationId":"zb6zdxccs3gt2xv","timestamp":1724477420649,"id":"pwdot3gicq4rg27","previousEventId":"7fkicozrujgr55f","operationId":"ik367lnuf19evq1"}
{"type":"log","timestamp":1724477420649,"level":"info","message":"Starting rendering request 3 (user: admin)","meta":{"rootId":"wbobnbj07cwdz2n","id":"wbobnbj07cwdz2n"},"id":"jyyyorwhqnmahkh","previousOperationId":"ik367lnuf19evq1"}
{"type":"log","timestamp":1724477420649,"level":"info","message":"Rendering template { name: site_visit_report, recipe: chrome-pdf, engine: handlebars, preview: true }","meta":{"rootId":"wbobnbj07cwdz2n","id":"wbobnbj07cwdz2n"},"id":"9pumf2d2v3x1n1h","previousOperationId":"ik367lnuf19evq1"}
{"type":"log","timestamp":1724477420650,"level":"debug","message":"Inline data specified.","meta":{"rootId":"wbobnbj07cwdz2n","id":"wbobnbj07cwdz2n"},"id":"b6aqpy8tdq0c023","previousOperationId":"ik367lnuf19evq1"}
{"type":"log","timestamp":1724477420653,"level":"debug","message":"Base url not specified, skipping its injection.","meta":{"rootId":"wbobnbj07cwdz2n","id":"wbobnbj07cwdz2n"},"id":"b08pbeusoqxaq2q","previousOperationId":"ik367lnuf19evq1"}
{"type":"log","timestamp":1724477420662,"level":"debug","message":"Replaced assets [\"KhmerOSSiemreapRegular.ttf\",\"KhmerOSMuolLightRegular.ttf\",\"times_new_roman.ttf\",\"Tacteing.ttf\",\"limons1l.ttf\",\"/asset/images/draft-km.png\"]","meta":{"rootId":"wbobnbj07cwdz2n","id":"wbobnbj07cwdz2n"},"id":"onbhaf0ssuaptkf","previousOperationId":"ik367lnuf19evq1"}
{"type":"operationStart","subtype":"engine","name":"handlebars","timestamp":1724477420663,"id":"jq43psgnzc8umwm","previousEventId":"pwdot3gicq4rg27","operationId":"i3q5efg6esqnd6k","previousOperationId":"ik367lnuf19evq1"}
{"type":"log","timestamp":1724477420663,"level":"debug","message":"Rendering engine handlebars","meta":{"rootId":"wbobnbj07cwdz2n","id":"wbobnbj07cwdz2n"},"id":"k8rxibhkwmkshit","previousOperationId":"i3q5efg6esqnd6k"}
{"type":"operationEnd","operationId":"i3q5efg6esqnd6k","timestamp":1724477420706,"id":"q3x4y6fru2e5u35","previousEventId":"jq43psgnzc8umwm","previousOperationId":"i3q5efg6esqnd6k"}
{"type":"operationStart","subtype":"recipe","name":"chrome-pdf","timestamp":1724477420707,"id":"qw42aqrg98g6q9e","previousEventId":"q3x4y6fru2e5u35","operationId":"bj6gpuiqbcs4f61","previousOperationId":"i3q5efg6esqnd6k"}
{"type":"log","timestamp":1724477420707,"level":"debug","message":"Executing recipe chrome-pdf","meta":{"rootId":"wbobnbj07cwdz2n","id":"wbobnbj07cwdz2n"},"id":"gbwi24n6ldheppj","previousOperationId":"bj6gpuiqbcs4f61"}
{"type":"log","timestamp":1724477420710,"level":"debug","message":"Converting with chrome Chrome/127.0.6533.99 using chrome-pool strategy","meta":{"rootId":"wbobnbj07cwdz2n","id":"wbobnbj07cwdz2n"},"id":"4c03y7js1q7epn8","previousOperationId":"bj6gpuiqbcs4f61"}
{"type":"log","timestamp":1724477420852,"level":"debug","message":"Page request: GET (document) file:///C:/Users/shsmo/AppData/Local/Temp/jsreport/autocleanup/46d10ba5-ce49-435a-b78a-a6fdbce47609-chrome-pdf.html","meta":{"rootId":"wbobnbj07cwdz2n","id":"wbobnbj07cwdz2n"},"id":"es2hj6ifrc0l9bf","previousOperationId":"bj6gpuiqbcs4f61"}
{"type":"log","timestamp":1724477420865,"level":"debug","message":"Page request finished: GET (document) 200 file:///C:/Users/shsmo/AppData/Local/Temp/jsreport/autocleanup/46d10ba5-ce49-435a-b78a-a6fdbce47609-chrome-pdf.html","meta":{"rootId":"wbobnbj07cwdz2n","id":"wbobnbj07cwdz2n"},"id":"x5u82e14n6sccbv","previousOperationId":"bj6gpuiqbcs4f61"}
{"type":"log","timestamp":1724477420865,"level":"debug","message":"Page request: GET (script) https://cdn.tailwindcss.com/","meta":{"rootId":"wbobnbj07cwdz2n","id":"wbobnbj07cwdz2n"},"id":"1a6dq4bjx2ioakw","previousOperationId":"bj6gpuiqbcs4f61"}
{"type":"log","timestamp":1724477420872,"level":"warn","message":"Page request failed: GET (script) 302 https://cdn.tailwindcss.com/ (redirect to: /3.4.5)","meta":{"rootId":"wbobnbj07cwdz2n","id":"wbobnbj07cwdz2n"},"id":"zq9k0o6dx6dkqdp","previousOperationId":"bj6gpuiqbcs4f61"}
{"type":"log","timestamp":1724477420872,"level":"debug","message":"Page request: GET (script) https://cdn.tailwindcss.com/3.4.5 (redirect from: https://cdn.tailwindcss.com/)","meta":{"rootId":"wbobnbj07cwdz2n","id":"wbobnbj07cwdz2n"},"id":"foptyz3jqd2k7rv","previousOperationId":"bj6gpuiqbcs4f61"}
{"type":"log","timestamp":1724477420886,"level":"debug","message":"Page request finished: GET (script) 200 https://cdn.tailwindcss.com/3.4.5","meta":{"rootId":"wbobnbj07cwdz2n","id":"wbobnbj07cwdz2n"},"id":"m57fs52bt5vyado","previousOperationId":"bj6gpuiqbcs4f61"}
{"type":"log","timestamp":1724477420928,"level":"debug","message":"(console:warn) cdn.tailwindcss.com should not be used in production. To use Tailwind CSS in production, install it as a PostCSS plugin or use the Tailwind CLI: https://tailwindcss.com/docs/installation","meta":{"userLevel":true,"rootId":"wbobnbj07cwdz2n","id":"wbobnbj07cwdz2n"},"id":"vg415zdizupmlvw","previousOperationId":"bj6gpuiqbcs4f61"}
{"type":"log","timestamp":1724477421069,"level":"debug","message":"Running chrome with params {\"printBackground\":true,\"format\":\"A4\",\"marginTop\":\"1cm\",\"marginBottom\":\"2cm\",\"timeout\":59929,\"margin\":{\"top\":\"1cm\",\"bottom\":\"2cm\"}}","meta":{"rootId":"wbobnbj07cwdz2n","id":"wbobnbj07cwdz2n"},"id":"4cq3212gxf732bw","previousOperationId":"bj6gpuiqbcs4f61"}
{"type":"operationEnd","operationId":"bj6gpuiqbcs4f61","timestamp":1724477421241,"id":"hai5yn5wa9npdgo","previousEventId":"qw42aqrg98g6q9e","previousOperationId":"bj6gpuiqbcs4f61"}
{"type":"log","timestamp":1724477421241,"level":"debug","message":"Skipping storing report.","meta":{"rootId":"wbobnbj07cwdz2n","id":"wbobnbj07cwdz2n"},"id":"353zok2zgbulbgz","previousOperationId":"bj6gpuiqbcs4f61"}
{"type":"log","timestamp":1724477421241,"level":"info","message":"Rendering request 3 finished in 604 ms","meta":{"rootId":"wbobnbj07cwdz2n","id":"wbobnbj07cwdz2n"},"id":"fxxa66a9fxaf0hp","previousOperationId":"bj6gpuiqbcs4f61"}
{"type":"operationEnd","subtype":"render","operationId":"ik367lnuf19evq1","timestamp":1724477421241,"id":"wxg3xg21n90ye1e","previousEventId":"hai5yn5wa9npdgo","previousOperationId":"bj6gpuiqbcs4f61"}
{"type":"operationEnd","doDiffs":false,"previousEventId":"7fkicozrujgr55f","previousOperationId":"zb6zdxccs3gt2xv","operationId":"zb6zdxccs3gt2xv","timestamp":1724477421244,"id":"jhacy1d3bnfawxo"}
