{"type":"operationStart","subtype":"profile","data":{"_id":"dFj1wExJFfsZuapD","timestamp":"2024-08-24T05:46:12.761Z","state":"queued","mode":"standard","creationDate":"2024-08-24T05:46:12.764Z","modificationDate":"2024-08-24T05:46:12.764Z","shortid":"2py6A6p","inheritedReadPermissions":[],"inheritedEditPermissions":[],"$entitySet":"profiles"},"doDiffs":false,"timestamp":1724478372763,"id":"p0gttrp45zww7af","previousOperationId":null,"operationId":"i2oaz7m6rxkbmo5"}
{"type":"log","level":"info","message":"Render request 22 queued for execution and waiting for available worker","previousOperationId":"i2oaz7m6rxkbmo5","timestamp":1724478372763,"id":"cqtbyza7085fvdn"}
{"type":"operationStart","subtype":"render","name":"site_visit_report","previousOperationId":"i2oaz7m6rxkbmo5","timestamp":1724478372777,"id":"ay6kxctm6zdk87k","previousEventId":"p0gttrp45zww7af","operationId":"v27jnk6v5x8ax3e"}
{"type":"log","timestamp":1724478372777,"level":"info","message":"Starting rendering request 22 (user: admin)","meta":{"rootId":"yg76gzhfedefjjl","id":"yg76gzhfedefjjl"},"id":"o26ruuz5pffghxf","previousOperationId":"v27jnk6v5x8ax3e"}
{"type":"log","timestamp":1724478372778,"level":"info","message":"Rendering template { name: site_visit_report, recipe: chrome-pdf, engine: handlebars, preview: true }","meta":{"rootId":"yg76gzhfedefjjl","id":"yg76gzhfedefjjl"},"id":"r8kjhjepac6vfw3","previousOperationId":"v27jnk6v5x8ax3e"}
{"type":"log","timestamp":1724478372778,"level":"debug","message":"Inline data specified.","meta":{"rootId":"yg76gzhfedefjjl","id":"yg76gzhfedefjjl"},"id":"lowjx17t9c5jxfs","previousOperationId":"v27jnk6v5x8ax3e"}
{"type":"log","timestamp":1724478372780,"level":"debug","message":"Base url not specified, skipping its injection.","meta":{"rootId":"yg76gzhfedefjjl","id":"yg76gzhfedefjjl"},"id":"1js57az8mvc83h0","previousOperationId":"v27jnk6v5x8ax3e"}
{"type":"log","timestamp":1724478372788,"level":"debug","message":"Replaced assets [\"KhmerOSSiemreapRegular.ttf\",\"KhmerOSMuolLightRegular.ttf\",\"times_new_roman.ttf\",\"Tacteing.ttf\",\"limons1l.ttf\",\"/asset/images/draft-km.png\"]","meta":{"rootId":"yg76gzhfedefjjl","id":"yg76gzhfedefjjl"},"id":"xkma3r94puz53ff","previousOperationId":"v27jnk6v5x8ax3e"}
{"type":"operationStart","subtype":"engine","name":"handlebars","timestamp":1724478372789,"id":"cet5ezlinnnpb48","previousEventId":"ay6kxctm6zdk87k","operationId":"7y88nxpqzdx9psu","previousOperationId":"v27jnk6v5x8ax3e"}
{"type":"log","timestamp":1724478372789,"level":"debug","message":"Rendering engine handlebars","meta":{"rootId":"yg76gzhfedefjjl","id":"yg76gzhfedefjjl"},"id":"a3l3zd34pg6zg7z","previousOperationId":"7y88nxpqzdx9psu"}
{"type":"operationEnd","operationId":"7y88nxpqzdx9psu","timestamp":1724478372830,"id":"tmdd36owrkfova8","previousEventId":"cet5ezlinnnpb48","previousOperationId":"7y88nxpqzdx9psu"}
{"type":"operationStart","subtype":"recipe","name":"chrome-pdf","timestamp":1724478372830,"id":"ih8n8jru3ra5v0r","previousEventId":"tmdd36owrkfova8","operationId":"yx23x9p94dxc63k","previousOperationId":"7y88nxpqzdx9psu"}
{"type":"log","timestamp":1724478372830,"level":"debug","message":"Executing recipe chrome-pdf","meta":{"rootId":"yg76gzhfedefjjl","id":"yg76gzhfedefjjl"},"id":"hhsoex2m21dhjrl","previousOperationId":"yx23x9p94dxc63k"}
{"type":"log","timestamp":1724478372836,"level":"debug","message":"Converting with chrome Chrome/127.0.6533.99 using chrome-pool strategy","meta":{"rootId":"yg76gzhfedefjjl","id":"yg76gzhfedefjjl"},"id":"ze9ilb03gb816nz","previousOperationId":"yx23x9p94dxc63k"}
{"type":"log","timestamp":1724478372887,"level":"debug","message":"Page request: GET (document) file:///C:/Users/shsmo/AppData/Local/Temp/jsreport/autocleanup/a498e1d9-325d-4180-8914-34a303a33703-chrome-pdf.html","meta":{"rootId":"yg76gzhfedefjjl","id":"yg76gzhfedefjjl"},"id":"kne2eeaba54dskm","previousOperationId":"yx23x9p94dxc63k"}
{"type":"log","timestamp":1724478372923,"level":"debug","message":"Page request finished: GET (document) 200 file:///C:/Users/shsmo/AppData/Local/Temp/jsreport/autocleanup/a498e1d9-325d-4180-8914-34a303a33703-chrome-pdf.html","meta":{"rootId":"yg76gzhfedefjjl","id":"yg76gzhfedefjjl"},"id":"8g5km89lauedubn","previousOperationId":"yx23x9p94dxc63k"}
{"type":"log","timestamp":1724478372927,"level":"debug","message":"Page request: GET (script) https://cdn.tailwindcss.com/","meta":{"rootId":"yg76gzhfedefjjl","id":"yg76gzhfedefjjl"},"id":"ipsigab9sppnzkk","previousOperationId":"yx23x9p94dxc63k"}
{"type":"log","timestamp":1724478372937,"level":"warn","message":"Page request failed: GET (script) 302 https://cdn.tailwindcss.com/ (redirect to: /3.4.5)","meta":{"rootId":"yg76gzhfedefjjl","id":"yg76gzhfedefjjl"},"id":"0dg105iqp0oygqw","previousOperationId":"yx23x9p94dxc63k"}
{"type":"log","timestamp":1724478372937,"level":"debug","message":"Page request: GET (script) https://cdn.tailwindcss.com/3.4.5 (redirect from: https://cdn.tailwindcss.com/)","meta":{"rootId":"yg76gzhfedefjjl","id":"yg76gzhfedefjjl"},"id":"030kx3x6woltx35","previousOperationId":"yx23x9p94dxc63k"}
{"type":"log","timestamp":1724478372957,"level":"debug","message":"Page request finished: GET (script) 200 https://cdn.tailwindcss.com/3.4.5","meta":{"rootId":"yg76gzhfedefjjl","id":"yg76gzhfedefjjl"},"id":"0syapw26sqwtql3","previousOperationId":"yx23x9p94dxc63k"}
{"type":"log","timestamp":1724478372993,"level":"debug","message":"(console:warn) cdn.tailwindcss.com should not be used in production. To use Tailwind CSS in production, install it as a PostCSS plugin or use the Tailwind CLI: https://tailwindcss.com/docs/installation","meta":{"userLevel":true,"rootId":"yg76gzhfedefjjl","id":"yg76gzhfedefjjl"},"id":"19ajt5r9gs6703f","previousOperationId":"yx23x9p94dxc63k"}
{"type":"log","timestamp":1724478373098,"level":"debug","message":"Running chrome with params {\"printBackground\":true,\"format\":\"A4\",\"marginTop\":\"1cm\",\"marginBottom\":\"2cm\",\"timeout\":59926,\"margin\":{\"top\":\"1cm\",\"bottom\":\"2cm\"}}","meta":{"rootId":"yg76gzhfedefjjl","id":"yg76gzhfedefjjl"},"id":"0q1lbbmu1mcrgiq","previousOperationId":"yx23x9p94dxc63k"}
{"type":"operationEnd","operationId":"yx23x9p94dxc63k","timestamp":1724478373249,"id":"z2xkrmrt6wqisob","previousEventId":"ih8n8jru3ra5v0r","previousOperationId":"yx23x9p94dxc63k"}
{"type":"log","timestamp":1724478373249,"level":"debug","message":"Skipping storing report.","meta":{"rootId":"yg76gzhfedefjjl","id":"yg76gzhfedefjjl"},"id":"4tqu4crca5qq44l","previousOperationId":"yx23x9p94dxc63k"}
{"type":"log","timestamp":1724478373249,"level":"info","message":"Rendering request 22 finished in 488 ms","meta":{"rootId":"yg76gzhfedefjjl","id":"yg76gzhfedefjjl"},"id":"rjc73d8vsul0up3","previousOperationId":"yx23x9p94dxc63k"}
{"type":"operationEnd","subtype":"render","operationId":"v27jnk6v5x8ax3e","timestamp":1724478373249,"id":"rgzte6t6nltn8rs","previousEventId":"z2xkrmrt6wqisob","previousOperationId":"yx23x9p94dxc63k"}
{"type":"operationEnd","doDiffs":false,"previousEventId":"p0gttrp45zww7af","previousOperationId":"i2oaz7m6rxkbmo5","operationId":"i2oaz7m6rxkbmo5","timestamp":1724478373252,"id":"wsd6qo3tm106zty"}
