{"type":"operationStart","subtype":"profile","data":{"_id":"nfBvX7QuYcRoHTds","timestamp":"2024-11-10T15:53:27.013Z","state":"queued","mode":"standard","creationDate":"2024-11-10T15:53:27.014Z","modificationDate":"2024-11-10T15:53:27.014Z","shortid":"mwe9I49","inheritedReadPermissions":[],"inheritedEditPermissions":[],"$entitySet":"profiles"},"doDiffs":false,"timestamp":1731254007013,"id":"4mgz9vs6vomgpsh","previousOperationId":null,"operationId":"7q9exb6lxb031qw"}
{"type":"log","level":"info","message":"Render request 210 queued for execution and waiting for available worker","previousOperationId":"7q9exb6lxb031qw","timestamp":1731254007013,"id":"3aeazam9ba3nig1"}
{"type":"operationStart","subtype":"render","name":"invitation-template","previousOperationId":"7q9exb6lxb031qw","timestamp":1731254007020,"id":"1e7zjvtzh9dn7jh","previousEventId":"4mgz9vs6vomgpsh","operationId":"vucn05gpmgjazzc"}
{"type":"log","timestamp":1731254007020,"level":"info","message":"Starting rendering request 210 (user: admin)","meta":{"rootId":"dsjqolr4naws8a6","id":"dsjqolr4naws8a6"},"id":"9uj87srlwecyens","previousOperationId":"vucn05gpmgjazzc"}
{"type":"log","timestamp":1731254007020,"level":"info","message":"Rendering template { name: invitation-template, recipe: chrome-pdf, engine: handlebars, preview: true }","meta":{"rootId":"dsjqolr4naws8a6","id":"dsjqolr4naws8a6"},"id":"a0sot17i923k25n","previousOperationId":"vucn05gpmgjazzc"}
{"type":"log","timestamp":1731254007021,"level":"debug","message":"Data item not defined for this template.","meta":{"rootId":"dsjqolr4naws8a6","id":"dsjqolr4naws8a6"},"id":"pm8jie3o3jdakbv","previousOperationId":"vucn05gpmgjazzc"}
{"type":"log","timestamp":1731254007023,"level":"debug","message":"Base url not specified, skipping its injection.","meta":{"rootId":"dsjqolr4naws8a6","id":"dsjqolr4naws8a6"},"id":"t4v1ac111t1v4cq","previousOperationId":"vucn05gpmgjazzc"}
{"type":"operationStart","subtype":"engine","name":"handlebars","timestamp":1731254007023,"id":"vtobql08d5bl9m7","previousEventId":"1e7zjvtzh9dn7jh","operationId":"290qskvojzvx38l","previousOperationId":"vucn05gpmgjazzc"}
{"type":"log","timestamp":1731254007023,"level":"debug","message":"Rendering engine handlebars","meta":{"rootId":"dsjqolr4naws8a6","id":"dsjqolr4naws8a6"},"id":"o7ccudadhixarzw","previousOperationId":"290qskvojzvx38l"}
{"type":"operationEnd","operationId":"290qskvojzvx38l","timestamp":1731254007032,"id":"jxfez066yr2s3dl","previousEventId":"vtobql08d5bl9m7","previousOperationId":"290qskvojzvx38l"}
{"type":"operationStart","subtype":"recipe","name":"chrome-pdf","timestamp":1731254007033,"id":"mm80ze15ticp41r","previousEventId":"jxfez066yr2s3dl","operationId":"tqqujnjsx0qx4d9","previousOperationId":"290qskvojzvx38l"}
{"type":"log","timestamp":1731254007033,"level":"debug","message":"Executing recipe chrome-pdf","meta":{"rootId":"dsjqolr4naws8a6","id":"dsjqolr4naws8a6"},"id":"mp6rcofkin52rte","previousOperationId":"tqqujnjsx0qx4d9"}
{"type":"log","timestamp":1731254007330,"level":"debug","message":"Converting with chrome Chrome/127.0.6533.99 using chrome-pool strategy","meta":{"rootId":"dsjqolr4naws8a6","id":"dsjqolr4naws8a6"},"id":"bvxqyxt4cztdr9u","previousOperationId":"tqqujnjsx0qx4d9"}
{"type":"log","timestamp":1731254007373,"level":"debug","message":"Page request: GET (document) file:///C:/Users/shsmo/AppData/Local/Temp/jsreport/autocleanup/c37bb642-a020-44ee-a06e-e9f948adbb7f-chrome-pdf.html","meta":{"rootId":"dsjqolr4naws8a6","id":"dsjqolr4naws8a6"},"id":"bz25x0g59jzmr2g","previousOperationId":"tqqujnjsx0qx4d9"}
{"type":"log","timestamp":1731254007384,"level":"debug","message":"Page request finished: GET (document) 200 file:///C:/Users/shsmo/AppData/Local/Temp/jsreport/autocleanup/c37bb642-a020-44ee-a06e-e9f948adbb7f-chrome-pdf.html","meta":{"rootId":"dsjqolr4naws8a6","id":"dsjqolr4naws8a6"},"id":"4om5jhuulwu6m5x","previousOperationId":"tqqujnjsx0qx4d9"}
{"type":"log","timestamp":1731254007386,"level":"debug","message":"Running chrome with params {\"printBackground\":true,\"timeout\":599972,\"margin\":{}}","meta":{"rootId":"dsjqolr4naws8a6","id":"dsjqolr4naws8a6"},"id":"3alz4n5zmtw36oo","previousOperationId":"tqqujnjsx0qx4d9"}
{"type":"operationEnd","operationId":"tqqujnjsx0qx4d9","timestamp":1731254007449,"id":"tpy3owp4mspqy3i","previousEventId":"mm80ze15ticp41r","previousOperationId":"tqqujnjsx0qx4d9"}
{"type":"log","timestamp":1731254007449,"level":"debug","message":"Skipping storing report.","meta":{"rootId":"dsjqolr4naws8a6","id":"dsjqolr4naws8a6"},"id":"dr91qabqzijnvse","previousOperationId":"tqqujnjsx0qx4d9"}
{"type":"log","timestamp":1731254007449,"level":"info","message":"Rendering request 210 finished in 437 ms","meta":{"rootId":"dsjqolr4naws8a6","id":"dsjqolr4naws8a6"},"id":"moz6x5ztilpy342","previousOperationId":"tqqujnjsx0qx4d9"}
{"type":"operationEnd","subtype":"render","operationId":"vucn05gpmgjazzc","timestamp":1731254007449,"id":"obevvcxbkqmi8l0","previousEventId":"tpy3owp4mspqy3i","previousOperationId":"tqqujnjsx0qx4d9"}
{"type":"operationEnd","doDiffs":false,"previousEventId":"4mgz9vs6vomgpsh","previousOperationId":"7q9exb6lxb031qw","operationId":"7q9exb6lxb031qw","timestamp":1731254007451,"id":"03rf1wcydtk5tfg"}
