{"type":"operationStart","subtype":"profile","data":{"_id":"fMfP7fofROP9nkEA","timestamp":"2024-11-10T15:06:53.718Z","state":"queued","mode":"standard","creationDate":"2024-11-10T15:06:53.719Z","modificationDate":"2024-11-10T15:06:53.719Z","shortid":"VReihLd","inheritedReadPermissions":[],"inheritedEditPermissions":[],"$entitySet":"profiles"},"doDiffs":false,"timestamp":1731251213719,"id":"1rpymyqytzsaf97","previousOperationId":null,"operationId":"sfuwvj989oe0j4s"}
{"type":"log","level":"info","message":"Render request 185 queued for execution and waiting for available worker","previousOperationId":"sfuwvj989oe0j4s","timestamp":1731251213719,"id":"c0x85f4na54elzf"}
{"type":"operationStart","subtype":"render","name":"invitation-template","previousOperationId":"sfuwvj989oe0j4s","timestamp":1731251213728,"id":"yewvabjfotzwtcv","previousEventId":"1rpymyqytzsaf97","operationId":"lb9ey47xvzyu1bf"}
{"type":"log","timestamp":1731251213728,"level":"info","message":"Starting rendering request 185 (user: admin)","meta":{"rootId":"0ja15h36kp4djo5","id":"0ja15h36kp4djo5"},"id":"rfjjokqvme2600n","previousOperationId":"lb9ey47xvzyu1bf"}
{"type":"log","timestamp":1731251213728,"level":"info","message":"Rendering template { name: invitation-template, recipe: chrome-pdf, engine: handlebars, preview: true }","meta":{"rootId":"0ja15h36kp4djo5","id":"0ja15h36kp4djo5"},"id":"bx1sro882g24p5l","previousOperationId":"lb9ey47xvzyu1bf"}
{"type":"log","timestamp":1731251213728,"level":"debug","message":"Data item not defined for this template.","meta":{"rootId":"0ja15h36kp4djo5","id":"0ja15h36kp4djo5"},"id":"nell1g1cxn9hrlb","previousOperationId":"lb9ey47xvzyu1bf"}
{"type":"log","timestamp":1731251213730,"level":"debug","message":"Base url not specified, skipping its injection.","meta":{"rootId":"0ja15h36kp4djo5","id":"0ja15h36kp4djo5"},"id":"nryva63cg3arpe0","previousOperationId":"lb9ey47xvzyu1bf"}
{"type":"operationStart","subtype":"engine","name":"handlebars","timestamp":1731251213730,"id":"oezx5x6d3kvtz7r","previousEventId":"yewvabjfotzwtcv","operationId":"pioy45jmnrwhn59","previousOperationId":"lb9ey47xvzyu1bf"}
{"type":"log","timestamp":1731251213730,"level":"debug","message":"Rendering engine handlebars","meta":{"rootId":"0ja15h36kp4djo5","id":"0ja15h36kp4djo5"},"id":"g094oioi02k1v3u","previousOperationId":"pioy45jmnrwhn59"}
{"type":"operationEnd","operationId":"pioy45jmnrwhn59","timestamp":1731251213736,"id":"2s8y2v0vrylgaya","previousEventId":"oezx5x6d3kvtz7r","previousOperationId":"pioy45jmnrwhn59"}
{"type":"operationStart","subtype":"recipe","name":"chrome-pdf","timestamp":1731251213736,"id":"l3fz84llt801pyb","previousEventId":"2s8y2v0vrylgaya","operationId":"iximoifigoi0f9r","previousOperationId":"pioy45jmnrwhn59"}
{"type":"log","timestamp":1731251213736,"level":"debug","message":"Executing recipe chrome-pdf","meta":{"rootId":"0ja15h36kp4djo5","id":"0ja15h36kp4djo5"},"id":"os3jwp15nyjqvde","previousOperationId":"iximoifigoi0f9r"}
{"type":"log","timestamp":1731251213738,"level":"debug","message":"Converting with chrome Chrome/127.0.6533.99 using chrome-pool strategy","meta":{"rootId":"0ja15h36kp4djo5","id":"0ja15h36kp4djo5"},"id":"dwsxbiz3krxvein","previousOperationId":"iximoifigoi0f9r"}
{"type":"log","timestamp":1731251213859,"level":"debug","message":"Page request: GET (document) file:///C:/Users/shsmo/AppData/Local/Temp/jsreport/autocleanup/76649fa6-bdb1-44c3-9179-fc56ef96c3fd-chrome-pdf.html","meta":{"rootId":"0ja15h36kp4djo5","id":"0ja15h36kp4djo5"},"id":"yjy8nmrxyovrev8","previousOperationId":"iximoifigoi0f9r"}
{"type":"log","timestamp":1731251213871,"level":"debug","message":"Page request finished: GET (document) 200 file:///C:/Users/shsmo/AppData/Local/Temp/jsreport/autocleanup/76649fa6-bdb1-44c3-9179-fc56ef96c3fd-chrome-pdf.html","meta":{"rootId":"0ja15h36kp4djo5","id":"0ja15h36kp4djo5"},"id":"bidjar5cyi0e4r3","previousOperationId":"iximoifigoi0f9r"}
{"type":"log","timestamp":1731251213876,"level":"debug","message":"Running chrome with params {\"printBackground\":true,\"timeout\":599981,\"margin\":{}}","meta":{"rootId":"0ja15h36kp4djo5","id":"0ja15h36kp4djo5"},"id":"7w0mjugaqmvcqnx","previousOperationId":"iximoifigoi0f9r"}
{"type":"operationEnd","operationId":"iximoifigoi0f9r","timestamp":1731251213930,"id":"t3gxcyzyl0v5cnx","previousEventId":"l3fz84llt801pyb","previousOperationId":"iximoifigoi0f9r"}
{"type":"log","timestamp":1731251213931,"level":"debug","message":"Skipping storing report.","meta":{"rootId":"0ja15h36kp4djo5","id":"0ja15h36kp4djo5"},"id":"mmoca4tfsc1p1sr","previousOperationId":"iximoifigoi0f9r"}
{"type":"log","timestamp":1731251213931,"level":"info","message":"Rendering request 185 finished in 213 ms","meta":{"rootId":"0ja15h36kp4djo5","id":"0ja15h36kp4djo5"},"id":"uvvpxsfmduvywrm","previousOperationId":"iximoifigoi0f9r"}
{"type":"operationEnd","subtype":"render","operationId":"lb9ey47xvzyu1bf","timestamp":1731251213931,"id":"l6t3ydhhs0v4eo0","previousEventId":"t3gxcyzyl0v5cnx","previousOperationId":"iximoifigoi0f9r"}
{"type":"operationEnd","doDiffs":false,"previousEventId":"1rpymyqytzsaf97","previousOperationId":"sfuwvj989oe0j4s","operationId":"sfuwvj989oe0j4s","timestamp":1731251213934,"id":"u343xpn8ktrh9hh"}
