{"type":"operationStart","subtype":"profile","data":{"_id":"A1qHRM5Dz3i1uhmJ","timestamp":"2024-11-10T15:05:52.692Z","state":"queued","mode":"standard","creationDate":"2024-11-10T15:05:52.693Z","modificationDate":"2024-11-10T15:05:52.693Z","shortid":"wcGKLO-","inheritedReadPermissions":[],"inheritedEditPermissions":[],"$entitySet":"profiles"},"doDiffs":false,"timestamp":1731251152693,"id":"38dpgcf6svh11oi","previousOperationId":null,"operationId":"y8goyx83ug1lk1e"}
{"type":"log","level":"info","message":"Render request 183 queued for execution and waiting for available worker","previousOperationId":"y8goyx83ug1lk1e","timestamp":1731251152693,"id":"vmoobxf4iv4dtzb"}
{"type":"operationStart","subtype":"render","name":"invitation-template","previousOperationId":"y8goyx83ug1lk1e","timestamp":1731251152699,"id":"1khi94ww6kq6vcc","previousEventId":"38dpgcf6svh11oi","operationId":"2s2fbcsyxeyf666"}
{"type":"log","timestamp":1731251152699,"level":"info","message":"Starting rendering request 183 (user: admin)","meta":{"rootId":"h31qbufx1ki46va","id":"h31qbufx1ki46va"},"id":"fiwucwwlnmthcdc","previousOperationId":"2s2fbcsyxeyf666"}
{"type":"log","timestamp":1731251152699,"level":"info","message":"Rendering template { name: invitation-template, recipe: chrome-pdf, engine: handlebars, preview: true }","meta":{"rootId":"h31qbufx1ki46va","id":"h31qbufx1ki46va"},"id":"qvvnoqujoaq2hv2","previousOperationId":"2s2fbcsyxeyf666"}
{"type":"log","timestamp":1731251152700,"level":"debug","message":"Data item not defined for this template.","meta":{"rootId":"h31qbufx1ki46va","id":"h31qbufx1ki46va"},"id":"6u6vhm7coip9p4d","previousOperationId":"2s2fbcsyxeyf666"}
{"type":"log","timestamp":1731251152701,"level":"debug","message":"Base url not specified, skipping its injection.","meta":{"rootId":"h31qbufx1ki46va","id":"h31qbufx1ki46va"},"id":"i1rfc5143qk7dqx","previousOperationId":"2s2fbcsyxeyf666"}
{"type":"operationStart","subtype":"engine","name":"handlebars","timestamp":1731251152701,"id":"rii9b4rkoa7bu8b","previousEventId":"1khi94ww6kq6vcc","operationId":"6143v7mxdojswlv","previousOperationId":"2s2fbcsyxeyf666"}
{"type":"log","timestamp":1731251152701,"level":"debug","message":"Rendering engine handlebars","meta":{"rootId":"h31qbufx1ki46va","id":"h31qbufx1ki46va"},"id":"r6fm8ccrjb0lkpb","previousOperationId":"6143v7mxdojswlv"}
{"type":"operationEnd","operationId":"6143v7mxdojswlv","timestamp":1731251152708,"id":"obc9aeyapd2pg76","previousEventId":"rii9b4rkoa7bu8b","previousOperationId":"6143v7mxdojswlv"}
{"type":"operationStart","subtype":"recipe","name":"chrome-pdf","timestamp":1731251152709,"id":"ai3pe70rox6oe7b","previousEventId":"obc9aeyapd2pg76","operationId":"3dbqnvrl8sdq53v","previousOperationId":"6143v7mxdojswlv"}
{"type":"log","timestamp":1731251152709,"level":"debug","message":"Executing recipe chrome-pdf","meta":{"rootId":"h31qbufx1ki46va","id":"h31qbufx1ki46va"},"id":"ls120uohxygdtyj","previousOperationId":"3dbqnvrl8sdq53v"}
{"type":"log","timestamp":1731251153054,"level":"debug","message":"Converting with chrome Chrome/127.0.6533.99 using chrome-pool strategy","meta":{"rootId":"h31qbufx1ki46va","id":"h31qbufx1ki46va"},"id":"kog8138xi53rpui","previousOperationId":"3dbqnvrl8sdq53v"}
{"type":"log","timestamp":1731251153096,"level":"debug","message":"Page request: GET (document) file:///C:/Users/shsmo/AppData/Local/Temp/jsreport/autocleanup/8767fe94-ce1c-4c11-b576-77c2f57aa18e-chrome-pdf.html","meta":{"rootId":"h31qbufx1ki46va","id":"h31qbufx1ki46va"},"id":"c656qgdevv02syr","previousOperationId":"3dbqnvrl8sdq53v"}
{"type":"log","timestamp":1731251153108,"level":"debug","message":"Page request finished: GET (document) 200 file:///C:/Users/shsmo/AppData/Local/Temp/jsreport/autocleanup/8767fe94-ce1c-4c11-b576-77c2f57aa18e-chrome-pdf.html","meta":{"rootId":"h31qbufx1ki46va","id":"h31qbufx1ki46va"},"id":"rheyzalvn8wlegc","previousOperationId":"3dbqnvrl8sdq53v"}
{"type":"log","timestamp":1731251153109,"level":"debug","message":"Running chrome with params {\"printBackground\":true,\"timeout\":599977,\"margin\":{}}","meta":{"rootId":"h31qbufx1ki46va","id":"h31qbufx1ki46va"},"id":"nuu91ru0g8gkz4q","previousOperationId":"3dbqnvrl8sdq53v"}
{"type":"operationEnd","operationId":"3dbqnvrl8sdq53v","timestamp":1731251153167,"id":"clfvx8cnp4c75um","previousEventId":"ai3pe70rox6oe7b","previousOperationId":"3dbqnvrl8sdq53v"}
{"type":"log","timestamp":1731251153167,"level":"debug","message":"Skipping storing report.","meta":{"rootId":"h31qbufx1ki46va","id":"h31qbufx1ki46va"},"id":"lcleitcewf8p1kg","previousOperationId":"3dbqnvrl8sdq53v"}
{"type":"log","timestamp":1731251153167,"level":"info","message":"Rendering request 183 finished in 475 ms","meta":{"rootId":"h31qbufx1ki46va","id":"h31qbufx1ki46va"},"id":"6zh2r3xwgoonwua","previousOperationId":"3dbqnvrl8sdq53v"}
{"type":"operationEnd","subtype":"render","operationId":"2s2fbcsyxeyf666","timestamp":1731251153167,"id":"j5ny2e0h8znwkvc","previousEventId":"clfvx8cnp4c75um","previousOperationId":"3dbqnvrl8sdq53v"}
{"type":"operationEnd","doDiffs":false,"previousEventId":"38dpgcf6svh11oi","previousOperationId":"y8goyx83ug1lk1e","operationId":"y8goyx83ug1lk1e","timestamp":1731251153170,"id":"qxayxo37vych6nt"}
