{"type":"operationStart","subtype":"profile","data":{"_id":"3Ym2QuXBGzCvXNFJ","timestamp":"2024-09-03T03:33:00.513Z","state":"queued","mode":"standard","creationDate":"2024-09-03T03:33:00.516Z","modificationDate":"2024-09-03T03:33:00.516Z","shortid":"WnsrS-L","inheritedReadPermissions":[],"inheritedEditPermissions":[],"$entitySet":"profiles"},"doDiffs":false,"timestamp":1725334380515,"id":"aoibxazl6tcaad9","previousOperationId":null,"operationId":"ws2pwjvesavpfsd"}
{"type":"log","level":"info","message":"Render request 9 queued for execution and waiting for available worker","previousOperationId":"ws2pwjvesavpfsd","timestamp":1725334380515,"id":"2gw119gnjltyyht"}
{"type":"operationStart","subtype":"render","name":"incentive_report_footer","previousOperationId":"ws2pwjvesavpfsd","timestamp":1725334380524,"id":"x22hs8rrtl1w4x1","previousEventId":"aoibxazl6tcaad9","operationId":"6ozmbnn36ot2641"}
{"type":"log","timestamp":1725334380524,"level":"info","message":"Starting rendering request 9 (user: admin)","meta":{"rootId":"09rzijccxg0d7sl","id":"09rzijccxg0d7sl"},"id":"h6fjknxa78tzifv","previousOperationId":"6ozmbnn36ot2641"}
{"type":"log","timestamp":1725334380524,"level":"info","message":"Rendering template { name: incentive_report_footer, recipe: chrome-pdf, engine: handlebars, preview: true }","meta":{"rootId":"09rzijccxg0d7sl","id":"09rzijccxg0d7sl"},"id":"b4auis5l4xtzxdy","previousOperationId":"6ozmbnn36ot2641"}
{"type":"log","timestamp":1725334380525,"level":"debug","message":"Data item not defined for this template.","meta":{"rootId":"09rzijccxg0d7sl","id":"09rzijccxg0d7sl"},"id":"tgojceyee25sq08","previousOperationId":"6ozmbnn36ot2641"}
{"type":"log","timestamp":1725334380528,"level":"debug","message":"Base url not specified, skipping its injection.","meta":{"rootId":"09rzijccxg0d7sl","id":"09rzijccxg0d7sl"},"id":"tktog3i1nbsj7ul","previousOperationId":"6ozmbnn36ot2641"}
{"type":"log","timestamp":1725334380534,"level":"debug","message":"Replaced assets [\"KhmerOSSiemreapRegular.ttf\",\"KhmerOSMuolLightRegular.ttf\",\"times_new_roman.ttf\",\"Tacteing.ttf\"]","meta":{"rootId":"09rzijccxg0d7sl","id":"09rzijccxg0d7sl"},"id":"vwymaik42bmo0zr","previousOperationId":"6ozmbnn36ot2641"}
{"type":"operationStart","subtype":"engine","name":"handlebars","timestamp":1725334380535,"id":"qkqcnpydjec8dm1","previousEventId":"x22hs8rrtl1w4x1","operationId":"5xrt27or1b0z1bn","previousOperationId":"6ozmbnn36ot2641"}
{"type":"log","timestamp":1725334380535,"level":"debug","message":"Rendering engine handlebars","meta":{"rootId":"09rzijccxg0d7sl","id":"09rzijccxg0d7sl"},"id":"lyjhld03haajdnh","previousOperationId":"5xrt27or1b0z1bn"}
{"type":"operationEnd","operationId":"5xrt27or1b0z1bn","timestamp":1725334380580,"id":"hcgsf9py6zsr6h1","previousEventId":"qkqcnpydjec8dm1","previousOperationId":"5xrt27or1b0z1bn"}
{"type":"operationStart","subtype":"recipe","name":"chrome-pdf","timestamp":1725334380584,"id":"vdwmnkiwo5n4hlq","previousEventId":"hcgsf9py6zsr6h1","operationId":"zdz5tlhdepkcfz9","previousOperationId":"5xrt27or1b0z1bn"}
{"type":"log","timestamp":1725334380585,"level":"debug","message":"Executing recipe chrome-pdf","meta":{"rootId":"09rzijccxg0d7sl","id":"09rzijccxg0d7sl"},"id":"refbroftuq5zy9w","previousOperationId":"zdz5tlhdepkcfz9"}
{"type":"log","timestamp":1725334380589,"level":"debug","message":"Converting with chrome Chrome/127.0.6533.99 using chrome-pool strategy","meta":{"rootId":"09rzijccxg0d7sl","id":"09rzijccxg0d7sl"},"id":"wd6wesl99hfqrim","previousOperationId":"zdz5tlhdepkcfz9"}
{"type":"log","timestamp":1725334380638,"level":"debug","message":"Page request: GET (document) file:///C:/Users/shsmo/AppData/Local/Temp/jsreport/autocleanup/294b8ece-cbe3-44e2-9590-120f094a720f-chrome-pdf.html","meta":{"rootId":"09rzijccxg0d7sl","id":"09rzijccxg0d7sl"},"id":"vin5ie55hsqrwoy","previousOperationId":"zdz5tlhdepkcfz9"}
{"type":"log","timestamp":1725334380748,"level":"debug","message":"Page request: GET (script) https://cdn.tailwindcss.com/","meta":{"rootId":"09rzijccxg0d7sl","id":"09rzijccxg0d7sl"},"id":"cq55xvrzald2f1e","previousOperationId":"zdz5tlhdepkcfz9"}
{"type":"log","timestamp":1725334380748,"level":"debug","message":"Page request finished: GET (document) 200 file:///C:/Users/shsmo/AppData/Local/Temp/jsreport/autocleanup/294b8ece-cbe3-44e2-9590-120f094a720f-chrome-pdf.html","meta":{"rootId":"09rzijccxg0d7sl","id":"09rzijccxg0d7sl"},"id":"fjzvnl8mgny17vl","previousOperationId":"zdz5tlhdepkcfz9"}
{"type":"log","timestamp":1725334380755,"level":"warn","message":"Page request failed: GET (script) 302 https://cdn.tailwindcss.com/ (redirect to: /3.4.5)","meta":{"rootId":"09rzijccxg0d7sl","id":"09rzijccxg0d7sl"},"id":"ueoshl044n6k7q5","previousOperationId":"zdz5tlhdepkcfz9"}
{"type":"log","timestamp":1725334380755,"level":"debug","message":"Page request: GET (script) https://cdn.tailwindcss.com/3.4.5 (redirect from: https://cdn.tailwindcss.com/)","meta":{"rootId":"09rzijccxg0d7sl","id":"09rzijccxg0d7sl"},"id":"tj0gqooejt97w1n","previousOperationId":"zdz5tlhdepkcfz9"}
{"type":"log","timestamp":1725334380772,"level":"debug","message":"Page request finished: GET (script) 200 https://cdn.tailwindcss.com/3.4.5","meta":{"rootId":"09rzijccxg0d7sl","id":"09rzijccxg0d7sl"},"id":"aywq5zqfb88tt9c","previousOperationId":"zdz5tlhdepkcfz9"}
{"type":"log","timestamp":1725334380815,"level":"debug","message":"(console:warn) cdn.tailwindcss.com should not be used in production. To use Tailwind CSS in production, install it as a PostCSS plugin or use the Tailwind CLI: https://tailwindcss.com/docs/installation","meta":{"userLevel":true,"rootId":"09rzijccxg0d7sl","id":"09rzijccxg0d7sl"},"id":"jfwsayg78kg2y72","previousOperationId":"zdz5tlhdepkcfz9"}
{"type":"log","timestamp":1725334380900,"level":"debug","message":"Running chrome with params {\"marginTop\":\"\",\"marginLeft\":\"1.5cm\",\"marginBottom\":\"8\",\"marginRight\":\"1.5cm\",\"format\":\"a4\",\"timeout\":59925,\"margin\":{\"top\":\"\",\"right\":\"1.5cm\",\"bottom\":\"8\",\"left\":\"1.5cm\"},\"printBackground\":true}","meta":{"rootId":"09rzijccxg0d7sl","id":"09rzijccxg0d7sl"},"id":"ccqy2bjfcui2fsk","previousOperationId":"zdz5tlhdepkcfz9"}
{"type":"operationEnd","operationId":"zdz5tlhdepkcfz9","timestamp":1725334380942,"id":"t3mxmwgn50sris8","previousEventId":"vdwmnkiwo5n4hlq","previousOperationId":"zdz5tlhdepkcfz9"}
{"type":"log","timestamp":1725334380942,"level":"debug","message":"Skipping storing report.","meta":{"rootId":"09rzijccxg0d7sl","id":"09rzijccxg0d7sl"},"id":"joqoiyqzothpfdz","previousOperationId":"zdz5tlhdepkcfz9"}
{"type":"log","timestamp":1725334380942,"level":"info","message":"Rendering request 9 finished in 429 ms","meta":{"rootId":"09rzijccxg0d7sl","id":"09rzijccxg0d7sl"},"id":"0v0drgo2e6pvcqp","previousOperationId":"zdz5tlhdepkcfz9"}
{"type":"operationEnd","subtype":"render","operationId":"6ozmbnn36ot2641","timestamp":1725334380942,"id":"wq79yd4p1j7yf8e","previousEventId":"t3mxmwgn50sris8","previousOperationId":"zdz5tlhdepkcfz9"}
{"type":"operationEnd","doDiffs":false,"previousEventId":"aoibxazl6tcaad9","previousOperationId":"ws2pwjvesavpfsd","operationId":"ws2pwjvesavpfsd","timestamp":1725334380945,"id":"6u8ja6yioaxuxiv"}
