{"type":"operationStart","subtype":"profile","data":{"_id":"rg2H2Htm2H8UNtIj","timestamp":"2024-09-03T03:31:02.902Z","state":"queued","mode":"standard","creationDate":"2024-09-03T03:31:02.904Z","modificationDate":"2024-09-03T03:31:02.904Z","shortid":"4Jps9G1","inheritedReadPermissions":[],"inheritedEditPermissions":[],"$entitySet":"profiles"},"doDiffs":false,"timestamp":1725334262903,"id":"ufk7csn4dcbneqn","previousOperationId":null,"operationId":"qknzmekta407q5c"}
{"type":"log","level":"info","message":"Render request 4 queued for execution and waiting for available worker","previousOperationId":"qknzmekta407q5c","timestamp":1725334262903,"id":"hcrpawas62vlmqs"}
{"type":"operationStart","subtype":"render","name":"incentive_report_footer","previousOperationId":"qknzmekta407q5c","timestamp":1725334262914,"id":"icjiqapd8f2c3vl","previousEventId":"ufk7csn4dcbneqn","operationId":"9uj632bhbdb47nl"}
{"type":"log","timestamp":1725334262914,"level":"info","message":"Starting rendering request 4 (user: admin)","meta":{"rootId":"60jghmwbwgnnhv3","id":"60jghmwbwgnnhv3"},"id":"4hdz7rf4pgfo61u","previousOperationId":"9uj632bhbdb47nl"}
{"type":"log","timestamp":1725334262914,"level":"info","message":"Rendering template { name: incentive_report_footer, recipe: chrome-pdf, engine: handlebars, preview: true }","meta":{"rootId":"60jghmwbwgnnhv3","id":"60jghmwbwgnnhv3"},"id":"hvri4q1c21abumg","previousOperationId":"9uj632bhbdb47nl"}
{"type":"log","timestamp":1725334262915,"level":"debug","message":"Data item not defined for this template.","meta":{"rootId":"60jghmwbwgnnhv3","id":"60jghmwbwgnnhv3"},"id":"w1rp1g8m71mtsst","previousOperationId":"9uj632bhbdb47nl"}
{"type":"log","timestamp":1725334262916,"level":"debug","message":"Base url not specified, skipping its injection.","meta":{"rootId":"60jghmwbwgnnhv3","id":"60jghmwbwgnnhv3"},"id":"dsrdfisaxrcmwmk","previousOperationId":"9uj632bhbdb47nl"}
{"type":"log","timestamp":1725334262924,"level":"debug","message":"Replaced assets [\"KhmerOSSiemreapRegular.ttf\",\"KhmerOSMuolLightRegular.ttf\",\"times_new_roman.ttf\",\"Tacteing.ttf\"]","meta":{"rootId":"60jghmwbwgnnhv3","id":"60jghmwbwgnnhv3"},"id":"7lka97kk0v0mcbv","previousOperationId":"9uj632bhbdb47nl"}
{"type":"operationStart","subtype":"engine","name":"handlebars","timestamp":1725334262924,"id":"4axzy4ybhg0eep6","previousEventId":"icjiqapd8f2c3vl","operationId":"iml44lf0duycva0","previousOperationId":"9uj632bhbdb47nl"}
{"type":"log","timestamp":1725334262924,"level":"debug","message":"Rendering engine handlebars","meta":{"rootId":"60jghmwbwgnnhv3","id":"60jghmwbwgnnhv3"},"id":"439aew61ul3vzly","previousOperationId":"iml44lf0duycva0"}
{"type":"operationEnd","operationId":"iml44lf0duycva0","timestamp":1725334262970,"id":"yeq5x62qb20cksh","previousEventId":"4axzy4ybhg0eep6","previousOperationId":"iml44lf0duycva0"}
{"type":"operationStart","subtype":"recipe","name":"chrome-pdf","timestamp":1725334262974,"id":"jzvvdnszbbtuflc","previousEventId":"yeq5x62qb20cksh","operationId":"hxonb87hf5noraa","previousOperationId":"iml44lf0duycva0"}
{"type":"log","timestamp":1725334262974,"level":"debug","message":"Executing recipe chrome-pdf","meta":{"rootId":"60jghmwbwgnnhv3","id":"60jghmwbwgnnhv3"},"id":"c94ob9e4yzimp6d","previousOperationId":"hxonb87hf5noraa"}
{"type":"log","timestamp":1725334262979,"level":"debug","message":"Converting with chrome Chrome/127.0.6533.99 using chrome-pool strategy","meta":{"rootId":"60jghmwbwgnnhv3","id":"60jghmwbwgnnhv3"},"id":"l62bw09h6qrm81m","previousOperationId":"hxonb87hf5noraa"}
{"type":"log","timestamp":1725334263050,"level":"debug","message":"Page request: GET (document) file:///C:/Users/shsmo/AppData/Local/Temp/jsreport/autocleanup/fe230342-577b-4655-9b3c-815fd9b2dc4d-chrome-pdf.html","meta":{"rootId":"60jghmwbwgnnhv3","id":"60jghmwbwgnnhv3"},"id":"agcvjonmn63zt9o","previousOperationId":"hxonb87hf5noraa"}
{"type":"log","timestamp":1725334263141,"level":"debug","message":"Page request finished: GET (document) 200 file:///C:/Users/shsmo/AppData/Local/Temp/jsreport/autocleanup/fe230342-577b-4655-9b3c-815fd9b2dc4d-chrome-pdf.html","meta":{"rootId":"60jghmwbwgnnhv3","id":"60jghmwbwgnnhv3"},"id":"ltmp8h758qnafwm","previousOperationId":"hxonb87hf5noraa"}
{"type":"log","timestamp":1725334263141,"level":"debug","message":"Page request: GET (script) https://cdn.tailwindcss.com/","meta":{"rootId":"60jghmwbwgnnhv3","id":"60jghmwbwgnnhv3"},"id":"106vgpzqkhm4bag","previousOperationId":"hxonb87hf5noraa"}
{"type":"log","timestamp":1725334263151,"level":"warn","message":"Page request failed: GET (script) 302 https://cdn.tailwindcss.com/ (redirect to: /3.4.5)","meta":{"rootId":"60jghmwbwgnnhv3","id":"60jghmwbwgnnhv3"},"id":"1aokvx6fvtvsfvk","previousOperationId":"hxonb87hf5noraa"}
{"type":"log","timestamp":1725334263152,"level":"debug","message":"Page request: GET (script) https://cdn.tailwindcss.com/3.4.5 (redirect from: https://cdn.tailwindcss.com/)","meta":{"rootId":"60jghmwbwgnnhv3","id":"60jghmwbwgnnhv3"},"id":"ieai44wfwlwymh9","previousOperationId":"hxonb87hf5noraa"}
{"type":"log","timestamp":1725334263169,"level":"debug","message":"Page request finished: GET (script) 200 https://cdn.tailwindcss.com/3.4.5","meta":{"rootId":"60jghmwbwgnnhv3","id":"60jghmwbwgnnhv3"},"id":"z69oafm665lrglu","previousOperationId":"hxonb87hf5noraa"}
{"type":"log","timestamp":1725334263208,"level":"debug","message":"(console:warn) cdn.tailwindcss.com should not be used in production. To use Tailwind CSS in production, install it as a PostCSS plugin or use the Tailwind CLI: https://tailwindcss.com/docs/installation","meta":{"userLevel":true,"rootId":"60jghmwbwgnnhv3","id":"60jghmwbwgnnhv3"},"id":"l04zsdqm2vdmroz","previousOperationId":"hxonb87hf5noraa"}
{"type":"log","timestamp":1725334263280,"level":"debug","message":"Running chrome with params {\"marginTop\":\"\",\"marginLeft\":\"1.5cm\",\"marginBottom\":\"8\",\"marginRight\":\"1.5cm\",\"format\":\"a4\",\"timeout\":59924,\"margin\":{\"top\":\"\",\"right\":\"1.5cm\",\"bottom\":\"8\",\"left\":\"1.5cm\"},\"printBackground\":true}","meta":{"rootId":"60jghmwbwgnnhv3","id":"60jghmwbwgnnhv3"},"id":"is1728bghtg7snp","previousOperationId":"hxonb87hf5noraa"}
{"type":"operationEnd","operationId":"hxonb87hf5noraa","timestamp":1725334263322,"id":"s0026i2xel1yl0v","previousEventId":"jzvvdnszbbtuflc","previousOperationId":"hxonb87hf5noraa"}
{"type":"log","timestamp":1725334263322,"level":"debug","message":"Skipping storing report.","meta":{"rootId":"60jghmwbwgnnhv3","id":"60jghmwbwgnnhv3"},"id":"yajipr4c576b2jv","previousOperationId":"hxonb87hf5noraa"}
{"type":"log","timestamp":1725334263322,"level":"info","message":"Rendering request 4 finished in 420 ms","meta":{"rootId":"60jghmwbwgnnhv3","id":"60jghmwbwgnnhv3"},"id":"grurgefghy69yau","previousOperationId":"hxonb87hf5noraa"}
{"type":"operationEnd","subtype":"render","operationId":"9uj632bhbdb47nl","timestamp":1725334263322,"id":"r1bu8nlv60vel1l","previousEventId":"s0026i2xel1yl0v","previousOperationId":"hxonb87hf5noraa"}
{"type":"operationEnd","doDiffs":false,"previousEventId":"ufk7csn4dcbneqn","previousOperationId":"qknzmekta407q5c","operationId":"qknzmekta407q5c","timestamp":1725334263324,"id":"3qippd6b833rfol"}
