{"type":"operationStart","subtype":"profile","data":{"_id":"WO6hWlbuBwCOWMGq","timestamp":"2024-09-03T03:33:24.331Z","state":"queued","mode":"standard","creationDate":"2024-09-03T03:33:24.333Z","modificationDate":"2024-09-03T03:33:24.333Z","shortid":"dAFXDLo","inheritedReadPermissions":[],"inheritedEditPermissions":[],"$entitySet":"profiles"},"doDiffs":false,"timestamp":1725334404332,"id":"hhcorxj3kk93ykd","previousOperationId":null,"operationId":"rl35owxmbpmwz78"}
{"type":"log","level":"info","message":"Render request 10 queued for execution and waiting for available worker","previousOperationId":"rl35owxmbpmwz78","timestamp":1725334404332,"id":"8ohzt0w9a3pyr89"}
{"type":"operationStart","subtype":"render","name":"incentive_report_footer","previousOperationId":"rl35owxmbpmwz78","timestamp":1725334404342,"id":"5wu9dvgm5s7vv32","previousEventId":"hhcorxj3kk93ykd","operationId":"a1gfpbtvcp5ot34"}
{"type":"log","timestamp":1725334404343,"level":"info","message":"Starting rendering request 10 (user: admin)","meta":{"rootId":"b26w13xqklir42j","id":"b26w13xqklir42j"},"id":"rl2yrfrlb63f1o9","previousOperationId":"a1gfpbtvcp5ot34"}
{"type":"log","timestamp":1725334404343,"level":"info","message":"Rendering template { name: incentive_report_footer, recipe: chrome-pdf, engine: handlebars, preview: true }","meta":{"rootId":"b26w13xqklir42j","id":"b26w13xqklir42j"},"id":"jj669p6ixlsvy9g","previousOperationId":"a1gfpbtvcp5ot34"}
{"type":"log","timestamp":1725334404343,"level":"debug","message":"Data item not defined for this template.","meta":{"rootId":"b26w13xqklir42j","id":"b26w13xqklir42j"},"id":"ir0gen57or8d8on","previousOperationId":"a1gfpbtvcp5ot34"}
{"type":"log","timestamp":1725334404344,"level":"debug","message":"Base url not specified, skipping its injection.","meta":{"rootId":"b26w13xqklir42j","id":"b26w13xqklir42j"},"id":"7glxbyaur80z2j7","previousOperationId":"a1gfpbtvcp5ot34"}
{"type":"log","timestamp":1725334404351,"level":"debug","message":"Replaced assets [\"KhmerOSSiemreapRegular.ttf\",\"KhmerOSMuolLightRegular.ttf\",\"times_new_roman.ttf\",\"Tacteing.ttf\"]","meta":{"rootId":"b26w13xqklir42j","id":"b26w13xqklir42j"},"id":"s8cp8h2e4vko9su","previousOperationId":"a1gfpbtvcp5ot34"}
{"type":"operationStart","subtype":"engine","name":"handlebars","timestamp":1725334404352,"id":"y5bcubtv4jmv2iz","previousEventId":"5wu9dvgm5s7vv32","operationId":"wlo7b8vxhpo1yau","previousOperationId":"a1gfpbtvcp5ot34"}
{"type":"log","timestamp":1725334404352,"level":"debug","message":"Rendering engine handlebars","meta":{"rootId":"b26w13xqklir42j","id":"b26w13xqklir42j"},"id":"rvcsufn3fgzb90f","previousOperationId":"wlo7b8vxhpo1yau"}
{"type":"operationEnd","operationId":"wlo7b8vxhpo1yau","timestamp":1725334404361,"id":"evykujqoa92bwv7","previousEventId":"y5bcubtv4jmv2iz","previousOperationId":"wlo7b8vxhpo1yau"}
{"type":"operationStart","subtype":"recipe","name":"chrome-pdf","timestamp":1725334404366,"id":"jie0lj1ib6pjz74","previousEventId":"evykujqoa92bwv7","operationId":"ham105xyrcks4kq","previousOperationId":"wlo7b8vxhpo1yau"}
{"type":"log","timestamp":1725334404366,"level":"debug","message":"Executing recipe chrome-pdf","meta":{"rootId":"b26w13xqklir42j","id":"b26w13xqklir42j"},"id":"5757q00iqyqiygf","previousOperationId":"ham105xyrcks4kq"}
{"type":"log","timestamp":1725334404370,"level":"debug","message":"Converting with chrome Chrome/127.0.6533.99 using chrome-pool strategy","meta":{"rootId":"b26w13xqklir42j","id":"b26w13xqklir42j"},"id":"tijcm5ud6byyl2j","previousOperationId":"ham105xyrcks4kq"}
{"type":"log","timestamp":1725334404420,"level":"debug","message":"Page request: GET (document) file:///C:/Users/shsmo/AppData/Local/Temp/jsreport/autocleanup/c7ee6a9c-d250-421b-8b29-4c2ca6c6903e-chrome-pdf.html","meta":{"rootId":"b26w13xqklir42j","id":"b26w13xqklir42j"},"id":"inuei3g9mz3oygg","previousOperationId":"ham105xyrcks4kq"}
{"type":"log","timestamp":1725334404543,"level":"debug","message":"Page request: GET (script) https://cdn.tailwindcss.com/","meta":{"rootId":"b26w13xqklir42j","id":"b26w13xqklir42j"},"id":"yt3t8841zcfsal4","previousOperationId":"ham105xyrcks4kq"}
{"type":"log","timestamp":1725334404544,"level":"debug","message":"Page request finished: GET (document) 200 file:///C:/Users/shsmo/AppData/Local/Temp/jsreport/autocleanup/c7ee6a9c-d250-421b-8b29-4c2ca6c6903e-chrome-pdf.html","meta":{"rootId":"b26w13xqklir42j","id":"b26w13xqklir42j"},"id":"px5rugoll0nd4vu","previousOperationId":"ham105xyrcks4kq"}
{"type":"log","timestamp":1725334404554,"level":"warn","message":"Page request failed: GET (script) 302 https://cdn.tailwindcss.com/ (redirect to: /3.4.5)","meta":{"rootId":"b26w13xqklir42j","id":"b26w13xqklir42j"},"id":"6ky0inrer8luk95","previousOperationId":"ham105xyrcks4kq"}
{"type":"log","timestamp":1725334404554,"level":"debug","message":"Page request: GET (script) https://cdn.tailwindcss.com/3.4.5 (redirect from: https://cdn.tailwindcss.com/)","meta":{"rootId":"b26w13xqklir42j","id":"b26w13xqklir42j"},"id":"hkf3cz74ir41d6d","previousOperationId":"ham105xyrcks4kq"}
{"type":"log","timestamp":1725334404570,"level":"debug","message":"Page request finished: GET (script) 200 https://cdn.tailwindcss.com/3.4.5","meta":{"rootId":"b26w13xqklir42j","id":"b26w13xqklir42j"},"id":"gyoycoruvom6gkl","previousOperationId":"ham105xyrcks4kq"}
{"type":"log","timestamp":1725334404607,"level":"debug","message":"(console:warn) cdn.tailwindcss.com should not be used in production. To use Tailwind CSS in production, install it as a PostCSS plugin or use the Tailwind CLI: https://tailwindcss.com/docs/installation","meta":{"userLevel":true,"rootId":"b26w13xqklir42j","id":"b26w13xqklir42j"},"id":"naajwze1xfmka9w","previousOperationId":"ham105xyrcks4kq"}
{"type":"log","timestamp":1725334404677,"level":"debug","message":"Running chrome with params {\"marginTop\":\"\",\"marginLeft\":\"1.5cm\",\"marginBottom\":\"8\",\"marginRight\":\"1.5cm\",\"format\":\"a4\",\"timeout\":59962,\"margin\":{\"top\":\"\",\"right\":\"1.5cm\",\"bottom\":\"8\",\"left\":\"1.5cm\"},\"printBackground\":true}","meta":{"rootId":"b26w13xqklir42j","id":"b26w13xqklir42j"},"id":"50rlbw2kc7tgywm","previousOperationId":"ham105xyrcks4kq"}
{"type":"operationEnd","operationId":"ham105xyrcks4kq","timestamp":1725334404719,"id":"a57pl5pa7l3mtx6","previousEventId":"jie0lj1ib6pjz74","previousOperationId":"ham105xyrcks4kq"}
{"type":"log","timestamp":1725334404719,"level":"debug","message":"Skipping storing report.","meta":{"rootId":"b26w13xqklir42j","id":"b26w13xqklir42j"},"id":"nl4skm2exxfh8xu","previousOperationId":"ham105xyrcks4kq"}
{"type":"log","timestamp":1725334404720,"level":"info","message":"Rendering request 10 finished in 389 ms","meta":{"rootId":"b26w13xqklir42j","id":"b26w13xqklir42j"},"id":"e1i8xcjsg3p1o2l","previousOperationId":"ham105xyrcks4kq"}
{"type":"operationEnd","subtype":"render","operationId":"a1gfpbtvcp5ot34","timestamp":1725334404720,"id":"rzf7xeaw77crovh","previousEventId":"a57pl5pa7l3mtx6","previousOperationId":"ham105xyrcks4kq"}
{"type":"operationEnd","doDiffs":false,"previousEventId":"hhcorxj3kk93ykd","previousOperationId":"rl35owxmbpmwz78","operationId":"rl35owxmbpmwz78","timestamp":1725334404722,"id":"2js3ho9den8l56v"}
