{"type":"operationStart","subtype":"profile","data":{"_id":"POTzz6w5UVDUfLsi","timestamp":"2024-09-03T03:31:29.915Z","state":"queued","mode":"standard","creationDate":"2024-09-03T03:31:29.916Z","modificationDate":"2024-09-03T03:31:29.916Z","shortid":"1Y3WtBt","inheritedReadPermissions":[],"inheritedEditPermissions":[],"$entitySet":"profiles"},"doDiffs":false,"timestamp":1725334289916,"id":"i090283xaeo59n4","previousOperationId":null,"operationId":"uruu1blhfcbiymi"}
{"type":"log","level":"info","message":"Render request 6 queued for execution and waiting for available worker","previousOperationId":"uruu1blhfcbiymi","timestamp":1725334289916,"id":"vipeeiiacxt0t3u"}
{"type":"operationStart","subtype":"render","name":"incentive_report_footer","previousOperationId":"uruu1blhfcbiymi","timestamp":1725334289924,"id":"6kgkyi5f3ky87ws","previousEventId":"i090283xaeo59n4","operationId":"mkqt1ikwgedwljb"}
{"type":"log","timestamp":1725334289925,"level":"info","message":"Starting rendering request 6 (user: admin)","meta":{"rootId":"cy3gwj9yu7hpzep","id":"cy3gwj9yu7hpzep"},"id":"k617q9ruykm1gp9","previousOperationId":"mkqt1ikwgedwljb"}
{"type":"log","timestamp":1725334289925,"level":"info","message":"Rendering template { name: incentive_report_footer, recipe: chrome-pdf, engine: handlebars, preview: true }","meta":{"rootId":"cy3gwj9yu7hpzep","id":"cy3gwj9yu7hpzep"},"id":"5tulv5ddede1o8l","previousOperationId":"mkqt1ikwgedwljb"}
{"type":"log","timestamp":1725334289925,"level":"debug","message":"Data item not defined for this template.","meta":{"rootId":"cy3gwj9yu7hpzep","id":"cy3gwj9yu7hpzep"},"id":"2hjbk5f395u3vsz","previousOperationId":"mkqt1ikwgedwljb"}
{"type":"log","timestamp":1725334289926,"level":"debug","message":"Base url not specified, skipping its injection.","meta":{"rootId":"cy3gwj9yu7hpzep","id":"cy3gwj9yu7hpzep"},"id":"fxw9ft5xxhay7ol","previousOperationId":"mkqt1ikwgedwljb"}
{"type":"log","timestamp":1725334289933,"level":"debug","message":"Replaced assets [\"KhmerOSSiemreapRegular.ttf\",\"KhmerOSMuolLightRegular.ttf\",\"times_new_roman.ttf\",\"Tacteing.ttf\"]","meta":{"rootId":"cy3gwj9yu7hpzep","id":"cy3gwj9yu7hpzep"},"id":"h9uk5n1drkvgp2x","previousOperationId":"mkqt1ikwgedwljb"}
{"type":"operationStart","subtype":"engine","name":"handlebars","timestamp":1725334289933,"id":"r8bej93hdkyvxmr","previousEventId":"6kgkyi5f3ky87ws","operationId":"8y17mo6ggp2nyjd","previousOperationId":"mkqt1ikwgedwljb"}
{"type":"log","timestamp":1725334289933,"level":"debug","message":"Rendering engine handlebars","meta":{"rootId":"cy3gwj9yu7hpzep","id":"cy3gwj9yu7hpzep"},"id":"jak5o6q5ag4ddqs","previousOperationId":"8y17mo6ggp2nyjd"}
{"type":"operationEnd","operationId":"8y17mo6ggp2nyjd","timestamp":1725334289943,"id":"foepumh6u3ys42b","previousEventId":"r8bej93hdkyvxmr","previousOperationId":"8y17mo6ggp2nyjd"}
{"type":"operationStart","subtype":"recipe","name":"chrome-pdf","timestamp":1725334289948,"id":"wtkifakvwsnkakl","previousEventId":"foepumh6u3ys42b","operationId":"ayt23dw5znzoahd","previousOperationId":"8y17mo6ggp2nyjd"}
{"type":"log","timestamp":1725334289948,"level":"debug","message":"Executing recipe chrome-pdf","meta":{"rootId":"cy3gwj9yu7hpzep","id":"cy3gwj9yu7hpzep"},"id":"fvquee82trhcgjw","previousOperationId":"ayt23dw5znzoahd"}
{"type":"log","timestamp":1725334289951,"level":"debug","message":"Converting with chrome Chrome/127.0.6533.99 using chrome-pool strategy","meta":{"rootId":"cy3gwj9yu7hpzep","id":"cy3gwj9yu7hpzep"},"id":"kbv5s3cee2dwzkx","previousOperationId":"ayt23dw5znzoahd"}
{"type":"log","timestamp":1725334290003,"level":"debug","message":"Page request: GET (document) file:///C:/Users/shsmo/AppData/Local/Temp/jsreport/autocleanup/f4461dd8-6b9e-4a48-8d26-833bf62b0715-chrome-pdf.html","meta":{"rootId":"cy3gwj9yu7hpzep","id":"cy3gwj9yu7hpzep"},"id":"ircl0d7znl6l9vl","previousOperationId":"ayt23dw5znzoahd"}
{"type":"log","timestamp":1725334290099,"level":"debug","message":"Page request finished: GET (document) 200 file:///C:/Users/shsmo/AppData/Local/Temp/jsreport/autocleanup/f4461dd8-6b9e-4a48-8d26-833bf62b0715-chrome-pdf.html","meta":{"rootId":"cy3gwj9yu7hpzep","id":"cy3gwj9yu7hpzep"},"id":"ysrxd0r58jnjb1l","previousOperationId":"ayt23dw5znzoahd"}
{"type":"log","timestamp":1725334290100,"level":"debug","message":"Page request: GET (script) https://cdn.tailwindcss.com/","meta":{"rootId":"cy3gwj9yu7hpzep","id":"cy3gwj9yu7hpzep"},"id":"bkd27ldncgfxjjc","previousOperationId":"ayt23dw5znzoahd"}
{"type":"log","timestamp":1725334290110,"level":"warn","message":"Page request failed: GET (script) 302 https://cdn.tailwindcss.com/ (redirect to: /3.4.5)","meta":{"rootId":"cy3gwj9yu7hpzep","id":"cy3gwj9yu7hpzep"},"id":"qbyq7mpoxeypfse","previousOperationId":"ayt23dw5znzoahd"}
{"type":"log","timestamp":1725334290110,"level":"debug","message":"Page request: GET (script) https://cdn.tailwindcss.com/3.4.5 (redirect from: https://cdn.tailwindcss.com/)","meta":{"rootId":"cy3gwj9yu7hpzep","id":"cy3gwj9yu7hpzep"},"id":"nzcgv28o6y76r1d","previousOperationId":"ayt23dw5znzoahd"}
{"type":"log","timestamp":1725334290132,"level":"debug","message":"Page request finished: GET (script) 200 https://cdn.tailwindcss.com/3.4.5","meta":{"rootId":"cy3gwj9yu7hpzep","id":"cy3gwj9yu7hpzep"},"id":"1i5n112jq3su72i","previousOperationId":"ayt23dw5znzoahd"}
{"type":"log","timestamp":1725334290179,"level":"debug","message":"(console:warn) cdn.tailwindcss.com should not be used in production. To use Tailwind CSS in production, install it as a PostCSS plugin or use the Tailwind CLI: https://tailwindcss.com/docs/installation","meta":{"userLevel":true,"rootId":"cy3gwj9yu7hpzep","id":"cy3gwj9yu7hpzep"},"id":"g9c5xaqt04vgput","previousOperationId":"ayt23dw5znzoahd"}
{"type":"log","timestamp":1725334290258,"level":"debug","message":"Running chrome with params {\"marginTop\":\"\",\"marginLeft\":\"1.5cm\",\"marginBottom\":\"8\",\"marginRight\":\"1.5cm\",\"format\":\"a4\",\"timeout\":59965,\"margin\":{\"top\":\"\",\"right\":\"1.5cm\",\"bottom\":\"8\",\"left\":\"1.5cm\"},\"printBackground\":true}","meta":{"rootId":"cy3gwj9yu7hpzep","id":"cy3gwj9yu7hpzep"},"id":"1228ycoqfh32r7a","previousOperationId":"ayt23dw5znzoahd"}
{"type":"operationEnd","operationId":"ayt23dw5znzoahd","timestamp":1725334290306,"id":"agkehi4utihjea5","previousEventId":"wtkifakvwsnkakl","previousOperationId":"ayt23dw5znzoahd"}
{"type":"log","timestamp":1725334290306,"level":"debug","message":"Skipping storing report.","meta":{"rootId":"cy3gwj9yu7hpzep","id":"cy3gwj9yu7hpzep"},"id":"kj1vzh26aspxklx","previousOperationId":"ayt23dw5znzoahd"}
{"type":"log","timestamp":1725334290306,"level":"info","message":"Rendering request 6 finished in 391 ms","meta":{"rootId":"cy3gwj9yu7hpzep","id":"cy3gwj9yu7hpzep"},"id":"y89m9wji3di0g77","previousOperationId":"ayt23dw5znzoahd"}
{"type":"operationEnd","subtype":"render","operationId":"mkqt1ikwgedwljb","timestamp":1725334290306,"id":"a0dgg0c8r6xepxp","previousEventId":"agkehi4utihjea5","previousOperationId":"ayt23dw5znzoahd"}
{"type":"operationEnd","doDiffs":false,"previousEventId":"i090283xaeo59n4","previousOperationId":"uruu1blhfcbiymi","operationId":"uruu1blhfcbiymi","timestamp":1725334290308,"id":"7er7cf49pmuvfu4"}
