{"type":"operationStart","subtype":"profile","data":{"_id":"T3LUtFfd5HxH1nWB","timestamp":"2024-08-26T14:37:57.976Z","state":"queued","mode":"standard","creationDate":"2024-08-26T14:37:57.979Z","modificationDate":"2024-08-26T14:37:57.979Z","shortid":"27QqeUO","inheritedReadPermissions":[],"inheritedEditPermissions":[],"$entitySet":"profiles"},"doDiffs":false,"timestamp":1724683077978,"id":"hlhg1bonvvp0sio","previousOperationId":null,"operationId":"2zuuej4che23syn"}
{"type":"log","level":"info","message":"Render request 4 queued for execution and waiting for available worker","previousOperationId":"2zuuej4che23syn","timestamp":1724683077978,"id":"nt4ta7lmdp3e70t"}
{"type":"operationStart","subtype":"render","name":"incentive_report_footer","previousOperationId":"2zuuej4che23syn","timestamp":1724683077987,"id":"00o6dma38x189y5","previousEventId":"hlhg1bonvvp0sio","operationId":"ugodz7kfpuyf6pl"}
{"type":"log","timestamp":1724683077987,"level":"info","message":"Starting rendering request 4 (user: admin)","meta":{"rootId":"h6mxy8ywo01pmec","id":"h6mxy8ywo01pmec"},"id":"bfzmpgk720tbu74","previousOperationId":"ugodz7kfpuyf6pl"}
{"type":"log","timestamp":1724683077987,"level":"info","message":"Rendering template { name: incentive_report_footer, recipe: chrome-pdf, engine: handlebars, preview: true }","meta":{"rootId":"h6mxy8ywo01pmec","id":"h6mxy8ywo01pmec"},"id":"mdtsxdc4fc7t0pd","previousOperationId":"ugodz7kfpuyf6pl"}
{"type":"log","timestamp":1724683077988,"level":"debug","message":"Data item not defined for this template.","meta":{"rootId":"h6mxy8ywo01pmec","id":"h6mxy8ywo01pmec"},"id":"f7wenptopw5cr2n","previousOperationId":"ugodz7kfpuyf6pl"}
{"type":"log","timestamp":1724683077989,"level":"debug","message":"Base url not specified, skipping its injection.","meta":{"rootId":"h6mxy8ywo01pmec","id":"h6mxy8ywo01pmec"},"id":"quxykz8hjtbpzvg","previousOperationId":"ugodz7kfpuyf6pl"}
{"type":"log","timestamp":1724683077995,"level":"debug","message":"Replaced assets [\"KhmerOSSiemreapRegular.ttf\",\"KhmerOSMuolLightRegular.ttf\",\"times_new_roman.ttf\",\"Tacteing.ttf\"]","meta":{"rootId":"h6mxy8ywo01pmec","id":"h6mxy8ywo01pmec"},"id":"wih4i1ambu21yh2","previousOperationId":"ugodz7kfpuyf6pl"}
{"type":"operationStart","subtype":"engine","name":"handlebars","timestamp":1724683077996,"id":"2bhul9qvgfiq9st","previousEventId":"00o6dma38x189y5","operationId":"kdlq9te245w1tcv","previousOperationId":"ugodz7kfpuyf6pl"}
{"type":"log","timestamp":1724683077996,"level":"debug","message":"Rendering engine handlebars","meta":{"rootId":"h6mxy8ywo01pmec","id":"h6mxy8ywo01pmec"},"id":"9w14t196kfkhtwy","previousOperationId":"kdlq9te245w1tcv"}
{"type":"operationEnd","operationId":"kdlq9te245w1tcv","timestamp":1724683078031,"id":"8dknjp3cy17auuq","previousEventId":"2bhul9qvgfiq9st","previousOperationId":"kdlq9te245w1tcv"}
{"type":"operationStart","subtype":"recipe","name":"chrome-pdf","timestamp":1724683078036,"id":"32vbs04u8dpxaxj","previousEventId":"8dknjp3cy17auuq","operationId":"xi902ez3hlzzdnj","previousOperationId":"kdlq9te245w1tcv"}
{"type":"log","timestamp":1724683078036,"level":"debug","message":"Executing recipe chrome-pdf","meta":{"rootId":"h6mxy8ywo01pmec","id":"h6mxy8ywo01pmec"},"id":"61i595anfllkfzc","previousOperationId":"xi902ez3hlzzdnj"}
{"type":"log","timestamp":1724683078041,"level":"debug","message":"Converting with chrome Chrome/127.0.6533.99 using chrome-pool strategy","meta":{"rootId":"h6mxy8ywo01pmec","id":"h6mxy8ywo01pmec"},"id":"i2gxob0j76nrnc2","previousOperationId":"xi902ez3hlzzdnj"}
{"type":"log","timestamp":1724683078107,"level":"debug","message":"Page request: GET (document) file:///C:/Users/shsmo/AppData/Local/Temp/jsreport/autocleanup/0bfd48d8-14b4-43c3-be5f-b52cdc6f1ee0-chrome-pdf.html","meta":{"rootId":"h6mxy8ywo01pmec","id":"h6mxy8ywo01pmec"},"id":"luonvfu4f1fsdf8","previousOperationId":"xi902ez3hlzzdnj"}
{"type":"log","timestamp":1724683078183,"level":"debug","message":"Page request: GET (script) https://cdn.tailwindcss.com/","meta":{"rootId":"h6mxy8ywo01pmec","id":"h6mxy8ywo01pmec"},"id":"pvnaxnlg22ga4xo","previousOperationId":"xi902ez3hlzzdnj"}
{"type":"log","timestamp":1724683078185,"level":"debug","message":"Page request finished: GET (document) 200 file:///C:/Users/shsmo/AppData/Local/Temp/jsreport/autocleanup/0bfd48d8-14b4-43c3-be5f-b52cdc6f1ee0-chrome-pdf.html","meta":{"rootId":"h6mxy8ywo01pmec","id":"h6mxy8ywo01pmec"},"id":"hsh722vdnflog5z","previousOperationId":"xi902ez3hlzzdnj"}
{"type":"log","timestamp":1724683078198,"level":"warn","message":"Page request failed: GET (script) 302 https://cdn.tailwindcss.com/ (redirect to: /3.4.5)","meta":{"rootId":"h6mxy8ywo01pmec","id":"h6mxy8ywo01pmec"},"id":"b5gr8pdhenmtrsl","previousOperationId":"xi902ez3hlzzdnj"}
{"type":"log","timestamp":1724683078199,"level":"debug","message":"Page request: GET (script) https://cdn.tailwindcss.com/3.4.5 (redirect from: https://cdn.tailwindcss.com/)","meta":{"rootId":"h6mxy8ywo01pmec","id":"h6mxy8ywo01pmec"},"id":"31qfqmfwutx7thz","previousOperationId":"xi902ez3hlzzdnj"}
{"type":"log","timestamp":1724683078218,"level":"debug","message":"Page request finished: GET (script) 200 https://cdn.tailwindcss.com/3.4.5","meta":{"rootId":"h6mxy8ywo01pmec","id":"h6mxy8ywo01pmec"},"id":"3ynhn7yddjv5vq1","previousOperationId":"xi902ez3hlzzdnj"}
{"type":"log","timestamp":1724683078273,"level":"debug","message":"(console:warn) cdn.tailwindcss.com should not be used in production. To use Tailwind CSS in production, install it as a PostCSS plugin or use the Tailwind CLI: https://tailwindcss.com/docs/installation","meta":{"userLevel":true,"rootId":"h6mxy8ywo01pmec","id":"h6mxy8ywo01pmec"},"id":"dbogp71omwxlskw","previousOperationId":"xi902ez3hlzzdnj"}
{"type":"log","timestamp":1724683078358,"level":"debug","message":"Running chrome with params {\"marginTop\":\"\",\"marginLeft\":\"1.5cm\",\"marginBottom\":\"8\",\"marginRight\":\"1.5cm\",\"format\":\"a4\",\"timeout\":59935,\"margin\":{\"top\":\"\",\"right\":\"1.5cm\",\"bottom\":\"8\",\"left\":\"1.5cm\"},\"printBackground\":true}","meta":{"rootId":"h6mxy8ywo01pmec","id":"h6mxy8ywo01pmec"},"id":"cxnnjpravid4jrw","previousOperationId":"xi902ez3hlzzdnj"}
{"type":"operationEnd","operationId":"xi902ez3hlzzdnj","timestamp":1724683078409,"id":"ff30g3jbtjk40tm","previousEventId":"32vbs04u8dpxaxj","previousOperationId":"xi902ez3hlzzdnj"}
{"type":"log","timestamp":1724683078409,"level":"debug","message":"Skipping storing report.","meta":{"rootId":"h6mxy8ywo01pmec","id":"h6mxy8ywo01pmec"},"id":"hnr7nm07sfy9s8h","previousOperationId":"xi902ez3hlzzdnj"}
{"type":"log","timestamp":1724683078409,"level":"info","message":"Rendering request 4 finished in 434 ms","meta":{"rootId":"h6mxy8ywo01pmec","id":"h6mxy8ywo01pmec"},"id":"tn9meb2k2nl0hab","previousOperationId":"xi902ez3hlzzdnj"}
{"type":"operationEnd","subtype":"render","operationId":"ugodz7kfpuyf6pl","timestamp":1724683078409,"id":"nstoh6wv1nr6kx4","previousEventId":"ff30g3jbtjk40tm","previousOperationId":"xi902ez3hlzzdnj"}
{"type":"operationEnd","doDiffs":false,"previousEventId":"hlhg1bonvvp0sio","previousOperationId":"2zuuej4che23syn","operationId":"2zuuej4che23syn","timestamp":1724683078413,"id":"gym3ulqh6u3dpqc"}
