{"type":"operationStart","subtype":"profile","data":{"_id":"iPyDTpuou6pF3URs","timestamp":"2024-08-26T14:37:13.109Z","state":"queued","mode":"standard","creationDate":"2024-08-26T14:37:13.111Z","modificationDate":"2024-08-26T14:37:13.111Z","shortid":"YANTo_F","inheritedReadPermissions":[],"inheritedEditPermissions":[],"$entitySet":"profiles"},"doDiffs":false,"timestamp":1724683033110,"id":"u4f68w834rxpzms","previousOperationId":null,"operationId":"vb8qzs12jfj0n4r"}
{"type":"log","level":"info","message":"Render request 2 queued for execution and waiting for available worker","previousOperationId":"vb8qzs12jfj0n4r","timestamp":1724683033110,"id":"o0zl57t8tns0z8q"}
{"type":"operationStart","subtype":"render","name":"incentive_report_footer","previousOperationId":"vb8qzs12jfj0n4r","timestamp":1724683033123,"id":"d6ux2fkdk9jfm3g","previousEventId":"u4f68w834rxpzms","operationId":"3b5itwhb9k4ircu"}
{"type":"log","timestamp":1724683033124,"level":"info","message":"Starting rendering request 2 (user: admin)","meta":{"rootId":"j2otxxtm5oz73up","id":"j2otxxtm5oz73up"},"id":"an3ra1ju5fwlewg","previousOperationId":"3b5itwhb9k4ircu"}
{"type":"log","timestamp":1724683033125,"level":"info","message":"Rendering template { name: incentive_report_footer, recipe: chrome-pdf, engine: handlebars, preview: true }","meta":{"rootId":"j2otxxtm5oz73up","id":"j2otxxtm5oz73up"},"id":"ajiaw7bxrcqoaao","previousOperationId":"3b5itwhb9k4ircu"}
{"type":"log","timestamp":1724683033126,"level":"debug","message":"Data item not defined for this template.","meta":{"rootId":"j2otxxtm5oz73up","id":"j2otxxtm5oz73up"},"id":"wr094iagm1j9i74","previousOperationId":"3b5itwhb9k4ircu"}
{"type":"log","timestamp":1724683033128,"level":"debug","message":"Base url not specified, skipping its injection.","meta":{"rootId":"j2otxxtm5oz73up","id":"j2otxxtm5oz73up"},"id":"zn876197s94eb41","previousOperationId":"3b5itwhb9k4ircu"}
{"type":"log","timestamp":1724683033140,"level":"debug","message":"Replaced assets [\"KhmerOSSiemreapRegular.ttf\",\"KhmerOSMuolLightRegular.ttf\",\"times_new_roman.ttf\",\"Tacteing.ttf\"]","meta":{"rootId":"j2otxxtm5oz73up","id":"j2otxxtm5oz73up"},"id":"nsckhf3a5sowv4e","previousOperationId":"3b5itwhb9k4ircu"}
{"type":"operationStart","subtype":"engine","name":"handlebars","timestamp":1724683033142,"id":"v1brc14pachp6tq","previousEventId":"d6ux2fkdk9jfm3g","operationId":"srvsm8fulh8xms3","previousOperationId":"3b5itwhb9k4ircu"}
{"type":"log","timestamp":1724683033142,"level":"debug","message":"Rendering engine handlebars","meta":{"rootId":"j2otxxtm5oz73up","id":"j2otxxtm5oz73up"},"id":"ptv2lsa609u41q9","previousOperationId":"srvsm8fulh8xms3"}
{"type":"operationEnd","operationId":"srvsm8fulh8xms3","timestamp":1724683033627,"id":"p5f66qbd3xd38wc","previousEventId":"v1brc14pachp6tq","previousOperationId":"srvsm8fulh8xms3"}
{"type":"operationStart","subtype":"recipe","name":"chrome-pdf","timestamp":1724683033631,"id":"f2ruw0px5cr9vvq","previousEventId":"p5f66qbd3xd38wc","operationId":"l2dyg8ert332lp8","previousOperationId":"srvsm8fulh8xms3"}
{"type":"log","timestamp":1724683033631,"level":"debug","message":"Executing recipe chrome-pdf","meta":{"rootId":"j2otxxtm5oz73up","id":"j2otxxtm5oz73up"},"id":"6ezfabo4olt6d7j","previousOperationId":"l2dyg8ert332lp8"}
{"type":"log","timestamp":1724683034376,"level":"debug","message":"Converting with chrome Chrome/127.0.6533.99 using chrome-pool strategy","meta":{"rootId":"j2otxxtm5oz73up","id":"j2otxxtm5oz73up"},"id":"etsoidp83ykya82","previousOperationId":"l2dyg8ert332lp8"}
{"type":"log","timestamp":1724683034436,"level":"debug","message":"Page request: GET (document) file:///C:/Users/shsmo/AppData/Local/Temp/jsreport/autocleanup/3360a6ba-f01d-4ff6-983c-4db3625d3daa-chrome-pdf.html","meta":{"rootId":"j2otxxtm5oz73up","id":"j2otxxtm5oz73up"},"id":"7dxo47j15u6o7pj","previousOperationId":"l2dyg8ert332lp8"}
{"type":"log","timestamp":1724683034548,"level":"debug","message":"Page request finished: GET (document) 200 file:///C:/Users/shsmo/AppData/Local/Temp/jsreport/autocleanup/3360a6ba-f01d-4ff6-983c-4db3625d3daa-chrome-pdf.html","meta":{"rootId":"j2otxxtm5oz73up","id":"j2otxxtm5oz73up"},"id":"x6e0b2bop524el5","previousOperationId":"l2dyg8ert332lp8"}
{"type":"log","timestamp":1724683034549,"level":"debug","message":"Page request: GET (script) https://cdn.tailwindcss.com/","meta":{"rootId":"j2otxxtm5oz73up","id":"j2otxxtm5oz73up"},"id":"ri03nltpr293n1g","previousOperationId":"l2dyg8ert332lp8"}
{"type":"log","timestamp":1724683034612,"level":"warn","message":"Page request failed: GET (script) 302 https://cdn.tailwindcss.com/ (redirect to: /3.4.5)","meta":{"rootId":"j2otxxtm5oz73up","id":"j2otxxtm5oz73up"},"id":"eps7p1f74er2gy5","previousOperationId":"l2dyg8ert332lp8"}
{"type":"log","timestamp":1724683034612,"level":"debug","message":"Page request: GET (script) https://cdn.tailwindcss.com/3.4.5 (redirect from: https://cdn.tailwindcss.com/)","meta":{"rootId":"j2otxxtm5oz73up","id":"j2otxxtm5oz73up"},"id":"96s257h7q0fng4f","previousOperationId":"l2dyg8ert332lp8"}
{"type":"log","timestamp":1724683034665,"level":"debug","message":"Page request finished: GET (script) 200 https://cdn.tailwindcss.com/3.4.5","meta":{"rootId":"j2otxxtm5oz73up","id":"j2otxxtm5oz73up"},"id":"m7y8cqh9s8utz7o","previousOperationId":"l2dyg8ert332lp8"}
{"type":"log","timestamp":1724683034706,"level":"debug","message":"(console:warn) cdn.tailwindcss.com should not be used in production. To use Tailwind CSS in production, install it as a PostCSS plugin or use the Tailwind CLI: https://tailwindcss.com/docs/installation","meta":{"userLevel":true,"rootId":"j2otxxtm5oz73up","id":"j2otxxtm5oz73up"},"id":"drqbp8khi20vi17","previousOperationId":"l2dyg8ert332lp8"}
{"type":"log","timestamp":1724683034781,"level":"debug","message":"Running chrome with params {\"marginTop\":\"\",\"marginLeft\":\"1.5cm\",\"marginBottom\":\"8\",\"marginRight\":\"1.5cm\",\"format\":\"a4\",\"timeout\":59033,\"margin\":{\"top\":\"\",\"right\":\"1.5cm\",\"bottom\":\"8\",\"left\":\"1.5cm\"},\"printBackground\":true}","meta":{"rootId":"j2otxxtm5oz73up","id":"j2otxxtm5oz73up"},"id":"095rm175j9z9o5o","previousOperationId":"l2dyg8ert332lp8"}
{"type":"operationEnd","operationId":"l2dyg8ert332lp8","timestamp":1724683034844,"id":"kf9pz8xxwkayt50","previousEventId":"f2ruw0px5cr9vvq","previousOperationId":"l2dyg8ert332lp8"}
{"type":"log","timestamp":1724683034845,"level":"debug","message":"Skipping storing report.","meta":{"rootId":"j2otxxtm5oz73up","id":"j2otxxtm5oz73up"},"id":"4uq7x1c3u8hkk9r","previousOperationId":"l2dyg8ert332lp8"}
{"type":"log","timestamp":1724683034845,"level":"info","message":"Rendering request 2 finished in 1736 ms","meta":{"rootId":"j2otxxtm5oz73up","id":"j2otxxtm5oz73up"},"id":"ouoya3ag5ioj1i8","previousOperationId":"l2dyg8ert332lp8"}
{"type":"operationEnd","subtype":"render","operationId":"3b5itwhb9k4ircu","timestamp":1724683034845,"id":"04up7zocalvpuru","previousEventId":"kf9pz8xxwkayt50","previousOperationId":"l2dyg8ert332lp8"}
{"type":"operationEnd","doDiffs":false,"previousEventId":"u4f68w834rxpzms","previousOperationId":"vb8qzs12jfj0n4r","operationId":"vb8qzs12jfj0n4r","timestamp":1724683034850,"id":"7w2d4p4sznl50g6"}
