{"type":"operationStart","subtype":"profile","data":{"_id":"LfXAj3HFMENqJBa8","timestamp":"2024-08-26T14:39:21.189Z","state":"queued","mode":"standard","creationDate":"2024-08-26T14:39:21.191Z","modificationDate":"2024-08-26T14:39:21.191Z","shortid":"EsOrlzj","inheritedReadPermissions":[],"inheritedEditPermissions":[],"$entitySet":"profiles"},"doDiffs":false,"timestamp":1724683161190,"id":"e9wyb0bf3e6j5a9","previousOperationId":null,"operationId":"2gc64qwqdf5wcrb"}
{"type":"log","level":"info","message":"Render request 10 queued for execution and waiting for available worker","previousOperationId":"2gc64qwqdf5wcrb","timestamp":1724683161190,"id":"g1tknq2nbzy2rhh"}
{"type":"operationStart","subtype":"render","name":"incentive_report_footer","previousOperationId":"2gc64qwqdf5wcrb","timestamp":1724683161199,"id":"qccytx8k5qd1z3l","previousEventId":"e9wyb0bf3e6j5a9","operationId":"ldt2dgwe2ajvzuz"}
{"type":"log","timestamp":1724683161199,"level":"info","message":"Starting rendering request 10 (user: admin)","meta":{"rootId":"o17wk47iwh8euyb","id":"o17wk47iwh8euyb"},"id":"yndhlcsqh8tf2oi","previousOperationId":"ldt2dgwe2ajvzuz"}
{"type":"log","timestamp":1724683161199,"level":"info","message":"Rendering template { name: incentive_report_footer, recipe: chrome-pdf, engine: handlebars, preview: true }","meta":{"rootId":"o17wk47iwh8euyb","id":"o17wk47iwh8euyb"},"id":"j2blgb8chsv4mil","previousOperationId":"ldt2dgwe2ajvzuz"}
{"type":"log","timestamp":1724683161200,"level":"debug","message":"Data item not defined for this template.","meta":{"rootId":"o17wk47iwh8euyb","id":"o17wk47iwh8euyb"},"id":"oatq2txgeg2u2i7","previousOperationId":"ldt2dgwe2ajvzuz"}
{"type":"log","timestamp":1724683161201,"level":"debug","message":"Base url not specified, skipping its injection.","meta":{"rootId":"o17wk47iwh8euyb","id":"o17wk47iwh8euyb"},"id":"wcvhs8fzscz1z6b","previousOperationId":"ldt2dgwe2ajvzuz"}
{"type":"log","timestamp":1724683161207,"level":"debug","message":"Replaced assets [\"KhmerOSSiemreapRegular.ttf\",\"KhmerOSMuolLightRegular.ttf\",\"times_new_roman.ttf\",\"Tacteing.ttf\"]","meta":{"rootId":"o17wk47iwh8euyb","id":"o17wk47iwh8euyb"},"id":"19lf5rbee122jm1","previousOperationId":"ldt2dgwe2ajvzuz"}
{"type":"operationStart","subtype":"engine","name":"handlebars","timestamp":1724683161208,"id":"nrcnvmfv968st4q","previousEventId":"qccytx8k5qd1z3l","operationId":"k0ns6tikpi6i2bw","previousOperationId":"ldt2dgwe2ajvzuz"}
{"type":"log","timestamp":1724683161208,"level":"debug","message":"Rendering engine handlebars","meta":{"rootId":"o17wk47iwh8euyb","id":"o17wk47iwh8euyb"},"id":"taagx9i8fd2uuyl","previousOperationId":"k0ns6tikpi6i2bw"}
{"type":"operationEnd","operationId":"k0ns6tikpi6i2bw","timestamp":1724683161218,"id":"hyrf0i0qtgwm6im","previousEventId":"nrcnvmfv968st4q","previousOperationId":"k0ns6tikpi6i2bw"}
{"type":"operationStart","subtype":"recipe","name":"chrome-pdf","timestamp":1724683161222,"id":"x63dqlwzr1w5wof","previousEventId":"hyrf0i0qtgwm6im","operationId":"cr9vhk0gjer38jb","previousOperationId":"k0ns6tikpi6i2bw"}
{"type":"log","timestamp":1724683161222,"level":"debug","message":"Executing recipe chrome-pdf","meta":{"rootId":"o17wk47iwh8euyb","id":"o17wk47iwh8euyb"},"id":"cu9jy6s9huu8wsw","previousOperationId":"cr9vhk0gjer38jb"}
{"type":"log","timestamp":1724683161225,"level":"debug","message":"Converting with chrome Chrome/127.0.6533.99 using chrome-pool strategy","meta":{"rootId":"o17wk47iwh8euyb","id":"o17wk47iwh8euyb"},"id":"ssiilkgj6irlpmz","previousOperationId":"cr9vhk0gjer38jb"}
{"type":"log","timestamp":1724683161283,"level":"debug","message":"Page request: GET (document) file:///C:/Users/shsmo/AppData/Local/Temp/jsreport/autocleanup/0d951215-d406-4a96-a38c-c4a4738249ca-chrome-pdf.html","meta":{"rootId":"o17wk47iwh8euyb","id":"o17wk47iwh8euyb"},"id":"47faxocrg8uiqge","previousOperationId":"cr9vhk0gjer38jb"}
{"type":"log","timestamp":1724683161397,"level":"debug","message":"Page request: GET (script) https://cdn.tailwindcss.com/","meta":{"rootId":"o17wk47iwh8euyb","id":"o17wk47iwh8euyb"},"id":"dn6rhzr19x0fhy8","previousOperationId":"cr9vhk0gjer38jb"}
{"type":"log","timestamp":1724683161398,"level":"debug","message":"Page request finished: GET (document) 200 file:///C:/Users/shsmo/AppData/Local/Temp/jsreport/autocleanup/0d951215-d406-4a96-a38c-c4a4738249ca-chrome-pdf.html","meta":{"rootId":"o17wk47iwh8euyb","id":"o17wk47iwh8euyb"},"id":"vjqliejljl2e952","previousOperationId":"cr9vhk0gjer38jb"}
{"type":"log","timestamp":1724683161404,"level":"warn","message":"Page request failed: GET (script) 302 https://cdn.tailwindcss.com/ (redirect to: /3.4.5)","meta":{"rootId":"o17wk47iwh8euyb","id":"o17wk47iwh8euyb"},"id":"vdx8rypiu4sywfm","previousOperationId":"cr9vhk0gjer38jb"}
{"type":"log","timestamp":1724683161404,"level":"debug","message":"Page request: GET (script) https://cdn.tailwindcss.com/3.4.5 (redirect from: https://cdn.tailwindcss.com/)","meta":{"rootId":"o17wk47iwh8euyb","id":"o17wk47iwh8euyb"},"id":"g30i91qoc7p7c9i","previousOperationId":"cr9vhk0gjer38jb"}
{"type":"log","timestamp":1724683161421,"level":"debug","message":"Page request finished: GET (script) 200 https://cdn.tailwindcss.com/3.4.5","meta":{"rootId":"o17wk47iwh8euyb","id":"o17wk47iwh8euyb"},"id":"gnn6pbkav6wz8xa","previousOperationId":"cr9vhk0gjer38jb"}
{"type":"log","timestamp":1724683161462,"level":"debug","message":"(console:warn) cdn.tailwindcss.com should not be used in production. To use Tailwind CSS in production, install it as a PostCSS plugin or use the Tailwind CLI: https://tailwindcss.com/docs/installation","meta":{"userLevel":true,"rootId":"o17wk47iwh8euyb","id":"o17wk47iwh8euyb"},"id":"xgug34fuj8ok2cn","previousOperationId":"cr9vhk0gjer38jb"}
{"type":"log","timestamp":1724683161532,"level":"debug","message":"Running chrome with params {\"marginTop\":\"\",\"marginLeft\":\"1.5cm\",\"marginBottom\":\"8\",\"marginRight\":\"1.5cm\",\"format\":\"a4\",\"timeout\":59965,\"margin\":{\"top\":\"\",\"right\":\"1.5cm\",\"bottom\":\"8\",\"left\":\"1.5cm\"},\"printBackground\":true}","meta":{"rootId":"o17wk47iwh8euyb","id":"o17wk47iwh8euyb"},"id":"dryinfjz5zzjuz6","previousOperationId":"cr9vhk0gjer38jb"}
{"type":"operationEnd","operationId":"cr9vhk0gjer38jb","timestamp":1724683161577,"id":"n00493d573lctk5","previousEventId":"x63dqlwzr1w5wof","previousOperationId":"cr9vhk0gjer38jb"}
{"type":"log","timestamp":1724683161577,"level":"debug","message":"Skipping storing report.","meta":{"rootId":"o17wk47iwh8euyb","id":"o17wk47iwh8euyb"},"id":"gr1in4wi84mg4xt","previousOperationId":"cr9vhk0gjer38jb"}
{"type":"log","timestamp":1724683161577,"level":"info","message":"Rendering request 10 finished in 388 ms","meta":{"rootId":"o17wk47iwh8euyb","id":"o17wk47iwh8euyb"},"id":"kisvyrwsmi8jnan","previousOperationId":"cr9vhk0gjer38jb"}
{"type":"operationEnd","subtype":"render","operationId":"ldt2dgwe2ajvzuz","timestamp":1724683161577,"id":"5lgq1688z24ej8s","previousEventId":"n00493d573lctk5","previousOperationId":"cr9vhk0gjer38jb"}
{"type":"operationEnd","doDiffs":false,"previousEventId":"e9wyb0bf3e6j5a9","previousOperationId":"2gc64qwqdf5wcrb","operationId":"2gc64qwqdf5wcrb","timestamp":1724683161579,"id":"fmn8ezd9tdobayx"}
