{"type":"operationStart","subtype":"profile","data":{"_id":"r2XEhfF0zsFLA8Wc","timestamp":"2024-09-03T03:35:42.539Z","state":"queued","mode":"standard","creationDate":"2024-09-03T03:35:42.541Z","modificationDate":"2024-09-03T03:35:42.541Z","shortid":"8wqyFxu","inheritedReadPermissions":[],"inheritedEditPermissions":[],"$entitySet":"profiles"},"doDiffs":false,"timestamp":1725334542540,"id":"v7pthovquis7e7s","previousOperationId":null,"operationId":"u3bxxto59hgya3k"}
{"type":"log","level":"info","message":"Render request 11 queued for execution and waiting for available worker","previousOperationId":"u3bxxto59hgya3k","timestamp":1725334542540,"id":"2gpaogl2zu9fr93"}
{"type":"operationStart","subtype":"render","name":"incentive_report_footer","previousOperationId":"u3bxxto59hgya3k","timestamp":1725334542550,"id":"3atp12wudddvc1f","previousEventId":"v7pthovquis7e7s","operationId":"xg79kwhuatwiy4n"}
{"type":"log","timestamp":1725334542550,"level":"info","message":"Starting rendering request 11 (user: admin)","meta":{"rootId":"pajggkvcwhxv0kk","id":"pajggkvcwhxv0kk"},"id":"mul93rq0g2eonj0","previousOperationId":"xg79kwhuatwiy4n"}
{"type":"log","timestamp":1725334542551,"level":"info","message":"Rendering template { name: incentive_report_footer, recipe: chrome-pdf, engine: handlebars, preview: true }","meta":{"rootId":"pajggkvcwhxv0kk","id":"pajggkvcwhxv0kk"},"id":"ja88sepaol8n24u","previousOperationId":"xg79kwhuatwiy4n"}
{"type":"log","timestamp":1725334542551,"level":"debug","message":"Data item not defined for this template.","meta":{"rootId":"pajggkvcwhxv0kk","id":"pajggkvcwhxv0kk"},"id":"hpe9xcbadjv2a26","previousOperationId":"xg79kwhuatwiy4n"}
{"type":"log","timestamp":1725334542552,"level":"debug","message":"Base url not specified, skipping its injection.","meta":{"rootId":"pajggkvcwhxv0kk","id":"pajggkvcwhxv0kk"},"id":"loe9fp4dfqcgthd","previousOperationId":"xg79kwhuatwiy4n"}
{"type":"log","timestamp":1725334542559,"level":"debug","message":"Replaced assets [\"KhmerOSSiemreapRegular.ttf\",\"KhmerOSMuolLightRegular.ttf\",\"times_new_roman.ttf\",\"Tacteing.ttf\"]","meta":{"rootId":"pajggkvcwhxv0kk","id":"pajggkvcwhxv0kk"},"id":"e5demx3f76u7pzt","previousOperationId":"xg79kwhuatwiy4n"}
{"type":"operationStart","subtype":"engine","name":"handlebars","timestamp":1725334542559,"id":"x8jah5hdqr9po4x","previousEventId":"3atp12wudddvc1f","operationId":"ckrm5ot7clorif8","previousOperationId":"xg79kwhuatwiy4n"}
{"type":"log","timestamp":1725334542559,"level":"debug","message":"Rendering engine handlebars","meta":{"rootId":"pajggkvcwhxv0kk","id":"pajggkvcwhxv0kk"},"id":"bfdvjjgh02igeyk","previousOperationId":"ckrm5ot7clorif8"}
{"type":"operationEnd","operationId":"ckrm5ot7clorif8","timestamp":1725334542598,"id":"ffcuw1h48drflbe","previousEventId":"x8jah5hdqr9po4x","previousOperationId":"ckrm5ot7clorif8"}
{"type":"operationStart","subtype":"recipe","name":"chrome-pdf","timestamp":1725334542602,"id":"bbfc99ql49ywn28","previousEventId":"ffcuw1h48drflbe","operationId":"qvk0ne9fq2yi8jq","previousOperationId":"ckrm5ot7clorif8"}
{"type":"log","timestamp":1725334542602,"level":"debug","message":"Executing recipe chrome-pdf","meta":{"rootId":"pajggkvcwhxv0kk","id":"pajggkvcwhxv0kk"},"id":"4p33g85m2utun2k","previousOperationId":"qvk0ne9fq2yi8jq"}
{"type":"log","timestamp":1725334542608,"level":"debug","message":"Converting with chrome Chrome/127.0.6533.99 using chrome-pool strategy","meta":{"rootId":"pajggkvcwhxv0kk","id":"pajggkvcwhxv0kk"},"id":"ksdhzro6lv0fvel","previousOperationId":"qvk0ne9fq2yi8jq"}
{"type":"log","timestamp":1725334542670,"level":"debug","message":"Page request: GET (document) file:///C:/Users/shsmo/AppData/Local/Temp/jsreport/autocleanup/29baa8df-4ba2-4596-a18d-fc24a0fdd112-chrome-pdf.html","meta":{"rootId":"pajggkvcwhxv0kk","id":"pajggkvcwhxv0kk"},"id":"8wgjq02pgswoslx","previousOperationId":"qvk0ne9fq2yi8jq"}
{"type":"log","timestamp":1725334542778,"level":"debug","message":"Page request finished: GET (document) 200 file:///C:/Users/shsmo/AppData/Local/Temp/jsreport/autocleanup/29baa8df-4ba2-4596-a18d-fc24a0fdd112-chrome-pdf.html","meta":{"rootId":"pajggkvcwhxv0kk","id":"pajggkvcwhxv0kk"},"id":"5gdphah2x0wqa6p","previousOperationId":"qvk0ne9fq2yi8jq"}
{"type":"log","timestamp":1725334542783,"level":"debug","message":"Page request: GET (script) https://cdn.tailwindcss.com/","meta":{"rootId":"pajggkvcwhxv0kk","id":"pajggkvcwhxv0kk"},"id":"38y55e10auuukee","previousOperationId":"qvk0ne9fq2yi8jq"}
{"type":"log","timestamp":1725334542792,"level":"warn","message":"Page request failed: GET (script) 302 https://cdn.tailwindcss.com/ (redirect to: /3.4.5)","meta":{"rootId":"pajggkvcwhxv0kk","id":"pajggkvcwhxv0kk"},"id":"8snhz53a229p8w3","previousOperationId":"qvk0ne9fq2yi8jq"}
{"type":"log","timestamp":1725334542793,"level":"debug","message":"Page request: GET (script) https://cdn.tailwindcss.com/3.4.5 (redirect from: https://cdn.tailwindcss.com/)","meta":{"rootId":"pajggkvcwhxv0kk","id":"pajggkvcwhxv0kk"},"id":"zafe1pa18f3kr2h","previousOperationId":"qvk0ne9fq2yi8jq"}
{"type":"log","timestamp":1725334542815,"level":"debug","message":"Page request finished: GET (script) 200 https://cdn.tailwindcss.com/3.4.5","meta":{"rootId":"pajggkvcwhxv0kk","id":"pajggkvcwhxv0kk"},"id":"jpa6re5gwvsxtha","previousOperationId":"qvk0ne9fq2yi8jq"}
{"type":"log","timestamp":1725334542866,"level":"debug","message":"(console:warn) cdn.tailwindcss.com should not be used in production. To use Tailwind CSS in production, install it as a PostCSS plugin or use the Tailwind CLI: https://tailwindcss.com/docs/installation","meta":{"userLevel":true,"rootId":"pajggkvcwhxv0kk","id":"pajggkvcwhxv0kk"},"id":"mqowrs87pb49ejx","previousOperationId":"qvk0ne9fq2yi8jq"}
{"type":"log","timestamp":1725334542935,"level":"debug","message":"Running chrome with params {\"marginTop\":\"\",\"marginLeft\":\"1.5cm\",\"marginBottom\":\"8\",\"marginRight\":\"1.5cm\",\"format\":\"a4\",\"timeout\":59932,\"margin\":{\"top\":\"\",\"right\":\"1.5cm\",\"bottom\":\"8\",\"left\":\"1.5cm\"},\"printBackground\":true}","meta":{"rootId":"pajggkvcwhxv0kk","id":"pajggkvcwhxv0kk"},"id":"1vu0rrbpj8yj8gd","previousOperationId":"qvk0ne9fq2yi8jq"}
{"type":"operationEnd","operationId":"qvk0ne9fq2yi8jq","timestamp":1725334542987,"id":"wervsgdslxcljlx","previousEventId":"bbfc99ql49ywn28","previousOperationId":"qvk0ne9fq2yi8jq"}
{"type":"log","timestamp":1725334542987,"level":"debug","message":"Skipping storing report.","meta":{"rootId":"pajggkvcwhxv0kk","id":"pajggkvcwhxv0kk"},"id":"5wl79p4f3a8wx7e","previousOperationId":"qvk0ne9fq2yi8jq"}
{"type":"log","timestamp":1725334542987,"level":"info","message":"Rendering request 11 finished in 448 ms","meta":{"rootId":"pajggkvcwhxv0kk","id":"pajggkvcwhxv0kk"},"id":"nahkq0prbe56amp","previousOperationId":"qvk0ne9fq2yi8jq"}
{"type":"operationEnd","subtype":"render","operationId":"xg79kwhuatwiy4n","timestamp":1725334542987,"id":"hs6hy1dm5xrgza1","previousEventId":"wervsgdslxcljlx","previousOperationId":"qvk0ne9fq2yi8jq"}
{"type":"operationEnd","doDiffs":false,"previousEventId":"v7pthovquis7e7s","previousOperationId":"u3bxxto59hgya3k","operationId":"u3bxxto59hgya3k","timestamp":1725334542990,"id":"3rnpbyg4zuz5ei1"}
