{"type":"operationStart","subtype":"profile","data":{"_id":"RBZ2opG3tsSBb9Vq","timestamp":"2024-08-26T14:39:28.067Z","state":"queued","mode":"standard","creationDate":"2024-08-26T14:39:28.069Z","modificationDate":"2024-08-26T14:39:28.069Z","shortid":"6Q7bCt7","inheritedReadPermissions":[],"inheritedEditPermissions":[],"$entitySet":"profiles"},"doDiffs":false,"timestamp":1724683168068,"id":"bfb38mrm8ipij0h","previousOperationId":null,"operationId":"hzyoeh467hx21ga"}
{"type":"log","level":"info","message":"Render request 11 queued for execution and waiting for available worker","previousOperationId":"hzyoeh467hx21ga","timestamp":1724683168068,"id":"9y00i4aqthzy7pg"}
{"type":"operationStart","subtype":"render","name":"incentive_report_footer","previousOperationId":"hzyoeh467hx21ga","timestamp":1724683168076,"id":"9mg2uwx0jfaz7wz","previousEventId":"bfb38mrm8ipij0h","operationId":"69bycxurienqdot"}
{"type":"log","timestamp":1724683168077,"level":"info","message":"Starting rendering request 11 (user: admin)","meta":{"rootId":"pghircoe8b4lp1i","id":"pghircoe8b4lp1i"},"id":"zv056n62vl9mbsf","previousOperationId":"69bycxurienqdot"}
{"type":"log","timestamp":1724683168077,"level":"info","message":"Rendering template { name: incentive_report_footer, recipe: chrome-pdf, engine: handlebars, preview: true }","meta":{"rootId":"pghircoe8b4lp1i","id":"pghircoe8b4lp1i"},"id":"vw0uxzf118dn7oh","previousOperationId":"69bycxurienqdot"}
{"type":"log","timestamp":1724683168078,"level":"debug","message":"Data item not defined for this template.","meta":{"rootId":"pghircoe8b4lp1i","id":"pghircoe8b4lp1i"},"id":"cdlnyeb59twp0e3","previousOperationId":"69bycxurienqdot"}
{"type":"log","timestamp":1724683168079,"level":"debug","message":"Base url not specified, skipping its injection.","meta":{"rootId":"pghircoe8b4lp1i","id":"pghircoe8b4lp1i"},"id":"osbgcsiovia1lpz","previousOperationId":"69bycxurienqdot"}
{"type":"log","timestamp":1724683168085,"level":"debug","message":"Replaced assets [\"KhmerOSSiemreapRegular.ttf\",\"KhmerOSMuolLightRegular.ttf\",\"times_new_roman.ttf\",\"Tacteing.ttf\"]","meta":{"rootId":"pghircoe8b4lp1i","id":"pghircoe8b4lp1i"},"id":"5b5c1bfoww3n5o4","previousOperationId":"69bycxurienqdot"}
{"type":"operationStart","subtype":"engine","name":"handlebars","timestamp":1724683168086,"id":"fe1q74rbwzt47i7","previousEventId":"9mg2uwx0jfaz7wz","operationId":"xyschgbh8khkdkr","previousOperationId":"69bycxurienqdot"}
{"type":"log","timestamp":1724683168086,"level":"debug","message":"Rendering engine handlebars","meta":{"rootId":"pghircoe8b4lp1i","id":"pghircoe8b4lp1i"},"id":"q53px96ikcnosu0","previousOperationId":"xyschgbh8khkdkr"}
{"type":"operationEnd","operationId":"xyschgbh8khkdkr","timestamp":1724683168119,"id":"ztjj76s94cbcgya","previousEventId":"fe1q74rbwzt47i7","previousOperationId":"xyschgbh8khkdkr"}
{"type":"operationStart","subtype":"recipe","name":"chrome-pdf","timestamp":1724683168124,"id":"kfcsdn97v0x9dm3","previousEventId":"ztjj76s94cbcgya","operationId":"dy126x61htbviva","previousOperationId":"xyschgbh8khkdkr"}
{"type":"log","timestamp":1724683168124,"level":"debug","message":"Executing recipe chrome-pdf","meta":{"rootId":"pghircoe8b4lp1i","id":"pghircoe8b4lp1i"},"id":"wa85eggbodjwzlx","previousOperationId":"dy126x61htbviva"}
{"type":"log","timestamp":1724683168129,"level":"debug","message":"Converting with chrome Chrome/127.0.6533.99 using chrome-pool strategy","meta":{"rootId":"pghircoe8b4lp1i","id":"pghircoe8b4lp1i"},"id":"lxkrg0z5s1fjw2h","previousOperationId":"dy126x61htbviva"}
{"type":"log","timestamp":1724683168185,"level":"debug","message":"Page request: GET (document) file:///C:/Users/shsmo/AppData/Local/Temp/jsreport/autocleanup/194ca896-2b64-44d3-b835-9fbb3437ecde-chrome-pdf.html","meta":{"rootId":"pghircoe8b4lp1i","id":"pghircoe8b4lp1i"},"id":"54ae82omqnx86dg","previousOperationId":"dy126x61htbviva"}
{"type":"log","timestamp":1724683168301,"level":"debug","message":"Page request finished: GET (document) 200 file:///C:/Users/shsmo/AppData/Local/Temp/jsreport/autocleanup/194ca896-2b64-44d3-b835-9fbb3437ecde-chrome-pdf.html","meta":{"rootId":"pghircoe8b4lp1i","id":"pghircoe8b4lp1i"},"id":"swpzk4g5vdcylyv","previousOperationId":"dy126x61htbviva"}
{"type":"log","timestamp":1724683168301,"level":"debug","message":"Page request: GET (script) https://cdn.tailwindcss.com/","meta":{"rootId":"pghircoe8b4lp1i","id":"pghircoe8b4lp1i"},"id":"3dev4h802ieycn2","previousOperationId":"dy126x61htbviva"}
{"type":"log","timestamp":1724683168308,"level":"warn","message":"Page request failed: GET (script) 302 https://cdn.tailwindcss.com/ (redirect to: /3.4.5)","meta":{"rootId":"pghircoe8b4lp1i","id":"pghircoe8b4lp1i"},"id":"cwcv9tkor0m5mzu","previousOperationId":"dy126x61htbviva"}
{"type":"log","timestamp":1724683168309,"level":"debug","message":"Page request: GET (script) https://cdn.tailwindcss.com/3.4.5 (redirect from: https://cdn.tailwindcss.com/)","meta":{"rootId":"pghircoe8b4lp1i","id":"pghircoe8b4lp1i"},"id":"t4l6l7bcqi39jlc","previousOperationId":"dy126x61htbviva"}
{"type":"log","timestamp":1724683168326,"level":"debug","message":"Page request finished: GET (script) 200 https://cdn.tailwindcss.com/3.4.5","meta":{"rootId":"pghircoe8b4lp1i","id":"pghircoe8b4lp1i"},"id":"bt9zrxb17n4kidi","previousOperationId":"dy126x61htbviva"}
{"type":"log","timestamp":1724683168378,"level":"debug","message":"(console:warn) cdn.tailwindcss.com should not be used in production. To use Tailwind CSS in production, install it as a PostCSS plugin or use the Tailwind CLI: https://tailwindcss.com/docs/installation","meta":{"userLevel":true,"rootId":"pghircoe8b4lp1i","id":"pghircoe8b4lp1i"},"id":"2oyxpxd5ttcbjm8","previousOperationId":"dy126x61htbviva"}
{"type":"log","timestamp":1724683168466,"level":"debug","message":"Running chrome with params {\"marginTop\":\"\",\"marginLeft\":\"1.5cm\",\"marginBottom\":\"8\",\"marginRight\":\"1.5cm\",\"format\":\"a4\",\"timeout\":59939,\"margin\":{\"top\":\"\",\"right\":\"1.5cm\",\"bottom\":\"8\",\"left\":\"1.5cm\"},\"printBackground\":true}","meta":{"rootId":"pghircoe8b4lp1i","id":"pghircoe8b4lp1i"},"id":"qwspsf49wugl5pe","previousOperationId":"dy126x61htbviva"}
{"type":"operationEnd","operationId":"dy126x61htbviva","timestamp":1724683168512,"id":"vbrzgb4tviyv0rs","previousEventId":"kfcsdn97v0x9dm3","previousOperationId":"dy126x61htbviva"}
{"type":"log","timestamp":1724683168512,"level":"debug","message":"Skipping storing report.","meta":{"rootId":"pghircoe8b4lp1i","id":"pghircoe8b4lp1i"},"id":"xsq2osa15ur9um6","previousOperationId":"dy126x61htbviva"}
{"type":"log","timestamp":1724683168512,"level":"info","message":"Rendering request 11 finished in 445 ms","meta":{"rootId":"pghircoe8b4lp1i","id":"pghircoe8b4lp1i"},"id":"dv9lev7f7lgb3qw","previousOperationId":"dy126x61htbviva"}
{"type":"operationEnd","subtype":"render","operationId":"69bycxurienqdot","timestamp":1724683168512,"id":"7cl7f2vl6dk6ygh","previousEventId":"vbrzgb4tviyv0rs","previousOperationId":"dy126x61htbviva"}
{"type":"operationEnd","doDiffs":false,"previousEventId":"bfb38mrm8ipij0h","previousOperationId":"hzyoeh467hx21ga","operationId":"hzyoeh467hx21ga","timestamp":1724683168515,"id":"eqs9mr55v837wjc"}
