{"type":"operationStart","subtype":"profile","data":{"_id":"QZOggFU8SkuClvpP","timestamp":"2024-09-03T03:31:41.768Z","state":"queued","mode":"standard","creationDate":"2024-09-03T03:31:41.771Z","modificationDate":"2024-09-03T03:31:41.771Z","shortid":"iMaHGMY","inheritedReadPermissions":[],"inheritedEditPermissions":[],"$entitySet":"profiles"},"doDiffs":false,"timestamp":1725334301770,"id":"k49mvv0n1tuegp0","previousOperationId":null,"operationId":"rwad15p4n69p62p"}
{"type":"log","level":"info","message":"Render request 8 queued for execution and waiting for available worker","previousOperationId":"rwad15p4n69p62p","timestamp":1725334301770,"id":"8dw3b55svx71uu0"}
{"type":"operationStart","subtype":"render","name":"incentive_report_footer","previousOperationId":"rwad15p4n69p62p","timestamp":1725334301783,"id":"ytddxenmpob1rz3","previousEventId":"k49mvv0n1tuegp0","operationId":"c9rkkejikgdwu8f"}
{"type":"log","timestamp":1725334301783,"level":"info","message":"Starting rendering request 8 (user: admin)","meta":{"rootId":"r1knnfyr6tcz48b","id":"r1knnfyr6tcz48b"},"id":"inv5tjv5yuv1lgk","previousOperationId":"c9rkkejikgdwu8f"}
{"type":"log","timestamp":1725334301783,"level":"info","message":"Rendering template { name: incentive_report_footer, recipe: chrome-pdf, engine: handlebars, preview: true }","meta":{"rootId":"r1knnfyr6tcz48b","id":"r1knnfyr6tcz48b"},"id":"e31parxureg2wug","previousOperationId":"c9rkkejikgdwu8f"}
{"type":"log","timestamp":1725334301783,"level":"debug","message":"Data item not defined for this template.","meta":{"rootId":"r1knnfyr6tcz48b","id":"r1knnfyr6tcz48b"},"id":"nkm5a0qyiuvu99j","previousOperationId":"c9rkkejikgdwu8f"}
{"type":"log","timestamp":1725334301784,"level":"debug","message":"Base url not specified, skipping its injection.","meta":{"rootId":"r1knnfyr6tcz48b","id":"r1knnfyr6tcz48b"},"id":"8vozc59oail3kk8","previousOperationId":"c9rkkejikgdwu8f"}
{"type":"log","timestamp":1725334301791,"level":"debug","message":"Replaced assets [\"KhmerOSSiemreapRegular.ttf\",\"KhmerOSMuolLightRegular.ttf\",\"times_new_roman.ttf\",\"Tacteing.ttf\"]","meta":{"rootId":"r1knnfyr6tcz48b","id":"r1knnfyr6tcz48b"},"id":"8mfugnim57vabfp","previousOperationId":"c9rkkejikgdwu8f"}
{"type":"operationStart","subtype":"engine","name":"handlebars","timestamp":1725334301791,"id":"9p26o1nmi8jqqyo","previousEventId":"ytddxenmpob1rz3","operationId":"ct0hyxysybvzj67","previousOperationId":"c9rkkejikgdwu8f"}
{"type":"log","timestamp":1725334301791,"level":"debug","message":"Rendering engine handlebars","meta":{"rootId":"r1knnfyr6tcz48b","id":"r1knnfyr6tcz48b"},"id":"odl746nxv7kfei0","previousOperationId":"ct0hyxysybvzj67"}
{"type":"operationEnd","operationId":"ct0hyxysybvzj67","timestamp":1725334301802,"id":"v25mpf1r6ulb05h","previousEventId":"9p26o1nmi8jqqyo","previousOperationId":"ct0hyxysybvzj67"}
{"type":"operationStart","subtype":"recipe","name":"chrome-pdf","timestamp":1725334301807,"id":"viato5uprwbzudk","previousEventId":"v25mpf1r6ulb05h","operationId":"v9l82e6y32kiw1n","previousOperationId":"ct0hyxysybvzj67"}
{"type":"log","timestamp":1725334301807,"level":"debug","message":"Executing recipe chrome-pdf","meta":{"rootId":"r1knnfyr6tcz48b","id":"r1knnfyr6tcz48b"},"id":"d4qbqz7in5e40yt","previousOperationId":"v9l82e6y32kiw1n"}
{"type":"log","timestamp":1725334301810,"level":"debug","message":"Converting with chrome Chrome/127.0.6533.99 using chrome-pool strategy","meta":{"rootId":"r1knnfyr6tcz48b","id":"r1knnfyr6tcz48b"},"id":"e1z0jrp4jf7fzzh","previousOperationId":"v9l82e6y32kiw1n"}
{"type":"log","timestamp":1725334301883,"level":"debug","message":"Page request: GET (document) file:///C:/Users/shsmo/AppData/Local/Temp/jsreport/autocleanup/0bcf2684-8b57-4c9b-b3f4-d8abcf5912b6-chrome-pdf.html","meta":{"rootId":"r1knnfyr6tcz48b","id":"r1knnfyr6tcz48b"},"id":"xebi74glktadzr5","previousOperationId":"v9l82e6y32kiw1n"}
{"type":"log","timestamp":1725334301993,"level":"debug","message":"Page request finished: GET (document) 200 file:///C:/Users/shsmo/AppData/Local/Temp/jsreport/autocleanup/0bcf2684-8b57-4c9b-b3f4-d8abcf5912b6-chrome-pdf.html","meta":{"rootId":"r1knnfyr6tcz48b","id":"r1knnfyr6tcz48b"},"id":"0qhrasrwjkveqbi","previousOperationId":"v9l82e6y32kiw1n"}
{"type":"log","timestamp":1725334301993,"level":"debug","message":"Page request: GET (script) https://cdn.tailwindcss.com/","meta":{"rootId":"r1knnfyr6tcz48b","id":"r1knnfyr6tcz48b"},"id":"bu0estq8urey758","previousOperationId":"v9l82e6y32kiw1n"}
{"type":"log","timestamp":1725334302002,"level":"warn","message":"Page request failed: GET (script) 302 https://cdn.tailwindcss.com/ (redirect to: /3.4.5)","meta":{"rootId":"r1knnfyr6tcz48b","id":"r1knnfyr6tcz48b"},"id":"ivwv2ny1qmh05n3","previousOperationId":"v9l82e6y32kiw1n"}
{"type":"log","timestamp":1725334302003,"level":"debug","message":"Page request: GET (script) https://cdn.tailwindcss.com/3.4.5 (redirect from: https://cdn.tailwindcss.com/)","meta":{"rootId":"r1knnfyr6tcz48b","id":"r1knnfyr6tcz48b"},"id":"zgsj21x7b08qrh9","previousOperationId":"v9l82e6y32kiw1n"}
{"type":"log","timestamp":1725334302023,"level":"debug","message":"Page request finished: GET (script) 200 https://cdn.tailwindcss.com/3.4.5","meta":{"rootId":"r1knnfyr6tcz48b","id":"r1knnfyr6tcz48b"},"id":"5pjgvh1v6d8fkzw","previousOperationId":"v9l82e6y32kiw1n"}
{"type":"log","timestamp":1725334302074,"level":"debug","message":"(console:warn) cdn.tailwindcss.com should not be used in production. To use Tailwind CSS in production, install it as a PostCSS plugin or use the Tailwind CLI: https://tailwindcss.com/docs/installation","meta":{"userLevel":true,"rootId":"r1knnfyr6tcz48b","id":"r1knnfyr6tcz48b"},"id":"3tl4o1559tv7pxi","previousOperationId":"v9l82e6y32kiw1n"}
{"type":"log","timestamp":1725334302151,"level":"debug","message":"Running chrome with params {\"marginTop\":\"\",\"marginLeft\":\"1.5cm\",\"marginBottom\":\"8\",\"marginRight\":\"1.5cm\",\"format\":\"a4\",\"timeout\":59959,\"margin\":{\"top\":\"\",\"right\":\"1.5cm\",\"bottom\":\"8\",\"left\":\"1.5cm\"},\"printBackground\":true}","meta":{"rootId":"r1knnfyr6tcz48b","id":"r1knnfyr6tcz48b"},"id":"ob6h06ofdgtj64w","previousOperationId":"v9l82e6y32kiw1n"}
{"type":"operationEnd","operationId":"v9l82e6y32kiw1n","timestamp":1725334302197,"id":"wdcv597pr04zx80","previousEventId":"viato5uprwbzudk","previousOperationId":"v9l82e6y32kiw1n"}
{"type":"log","timestamp":1725334302197,"level":"debug","message":"Skipping storing report.","meta":{"rootId":"r1knnfyr6tcz48b","id":"r1knnfyr6tcz48b"},"id":"tcta4isdlvuckqs","previousOperationId":"v9l82e6y32kiw1n"}
{"type":"log","timestamp":1725334302197,"level":"info","message":"Rendering request 8 finished in 429 ms","meta":{"rootId":"r1knnfyr6tcz48b","id":"r1knnfyr6tcz48b"},"id":"f0fa6gml73m1ib8","previousOperationId":"v9l82e6y32kiw1n"}
{"type":"operationEnd","subtype":"render","operationId":"c9rkkejikgdwu8f","timestamp":1725334302197,"id":"gb3jml05dl5xh34","previousEventId":"wdcv597pr04zx80","previousOperationId":"v9l82e6y32kiw1n"}
{"type":"operationEnd","doDiffs":false,"previousEventId":"k49mvv0n1tuegp0","previousOperationId":"rwad15p4n69p62p","operationId":"rwad15p4n69p62p","timestamp":1725334302200,"id":"l7m9bgaq3sepddw"}
