{"type":"operationStart","subtype":"profile","data":{"_id":"laVg5Jed4hLsYKfh","timestamp":"2024-08-27T02:59:02.701Z","state":"queued","mode":"standard","creationDate":"2024-08-27T02:59:02.704Z","modificationDate":"2024-08-27T02:59:02.704Z","shortid":"_fzgCpZ","inheritedReadPermissions":[],"inheritedEditPermissions":[],"$entitySet":"profiles"},"doDiffs":false,"timestamp":1724727542703,"id":"busq1gjrzdvg4kq","previousOperationId":null,"operationId":"ml32x1elw31j84o"}
{"type":"log","level":"info","message":"Render request 3 queued for execution and waiting for available worker","previousOperationId":"ml32x1elw31j84o","timestamp":1724727542703,"id":"fphgji03fuisda5"}
{"type":"operationStart","subtype":"render","name":"incentive_report_footer","previousOperationId":"ml32x1elw31j84o","timestamp":1724727542712,"id":"lci0fewevtrquz6","previousEventId":"busq1gjrzdvg4kq","operationId":"w11459pq9fsfrm7"}
{"type":"log","timestamp":1724727542712,"level":"info","message":"Starting rendering request 3 (user: admin)","meta":{"rootId":"sl7yytu5nsszijt","id":"sl7yytu5nsszijt"},"id":"4n0dw9sxglcxodr","previousOperationId":"w11459pq9fsfrm7"}
{"type":"log","timestamp":1724727542712,"level":"info","message":"Rendering template { name: incentive_report_footer, recipe: chrome-pdf, engine: handlebars, preview: true }","meta":{"rootId":"sl7yytu5nsszijt","id":"sl7yytu5nsszijt"},"id":"qw2r2trhmrwt2m6","previousOperationId":"w11459pq9fsfrm7"}
{"type":"log","timestamp":1724727542713,"level":"debug","message":"Data item not defined for this template.","meta":{"rootId":"sl7yytu5nsszijt","id":"sl7yytu5nsszijt"},"id":"jq8gp7c1lqmrycz","previousOperationId":"w11459pq9fsfrm7"}
{"type":"log","timestamp":1724727542715,"level":"debug","message":"Base url not specified, skipping its injection.","meta":{"rootId":"sl7yytu5nsszijt","id":"sl7yytu5nsszijt"},"id":"b6l0i28kzv9nekx","previousOperationId":"w11459pq9fsfrm7"}
{"type":"log","timestamp":1724727542724,"level":"debug","message":"Replaced assets [\"KhmerOSSiemreapRegular.ttf\",\"KhmerOSMuolLightRegular.ttf\",\"times_new_roman.ttf\",\"Tacteing.ttf\"]","meta":{"rootId":"sl7yytu5nsszijt","id":"sl7yytu5nsszijt"},"id":"xwcnf25n6krhjkb","previousOperationId":"w11459pq9fsfrm7"}
{"type":"operationStart","subtype":"engine","name":"handlebars","timestamp":1724727542724,"id":"y891xoyyvlmry7z","previousEventId":"lci0fewevtrquz6","operationId":"eb44lp4pzrydhn5","previousOperationId":"w11459pq9fsfrm7"}
{"type":"log","timestamp":1724727542724,"level":"debug","message":"Rendering engine handlebars","meta":{"rootId":"sl7yytu5nsszijt","id":"sl7yytu5nsszijt"},"id":"70dk7j2hqhsugql","previousOperationId":"eb44lp4pzrydhn5"}
{"type":"operationEnd","operationId":"eb44lp4pzrydhn5","timestamp":1724727542761,"id":"0m6usypg776utv7","previousEventId":"y891xoyyvlmry7z","previousOperationId":"eb44lp4pzrydhn5"}
{"type":"operationStart","subtype":"recipe","name":"chrome-pdf","timestamp":1724727542765,"id":"md9vuegwxezlrl4","previousEventId":"0m6usypg776utv7","operationId":"14japp9iupesafd","previousOperationId":"eb44lp4pzrydhn5"}
{"type":"log","timestamp":1724727542765,"level":"debug","message":"Executing recipe chrome-pdf","meta":{"rootId":"sl7yytu5nsszijt","id":"sl7yytu5nsszijt"},"id":"2f0urmz882wdbmp","previousOperationId":"14japp9iupesafd"}
{"type":"log","timestamp":1724727542770,"level":"debug","message":"Converting with chrome Chrome/127.0.6533.99 using chrome-pool strategy","meta":{"rootId":"sl7yytu5nsszijt","id":"sl7yytu5nsszijt"},"id":"mnn0bj222j9u04n","previousOperationId":"14japp9iupesafd"}
{"type":"log","timestamp":1724727542908,"level":"debug","message":"Page request: GET (document) file:///C:/Users/shsmo/AppData/Local/Temp/jsreport/autocleanup/11cc9443-3ea8-48be-b77c-0b89f1a5c077-chrome-pdf.html","meta":{"rootId":"sl7yytu5nsszijt","id":"sl7yytu5nsszijt"},"id":"gu57zdbh63wnp4m","previousOperationId":"14japp9iupesafd"}
{"type":"log","timestamp":1724727543013,"level":"debug","message":"Page request finished: GET (document) 200 file:///C:/Users/shsmo/AppData/Local/Temp/jsreport/autocleanup/11cc9443-3ea8-48be-b77c-0b89f1a5c077-chrome-pdf.html","meta":{"rootId":"sl7yytu5nsszijt","id":"sl7yytu5nsszijt"},"id":"hv67zxld2koc6t1","previousOperationId":"14japp9iupesafd"}
{"type":"log","timestamp":1724727543014,"level":"debug","message":"Page request: GET (script) https://cdn.tailwindcss.com/","meta":{"rootId":"sl7yytu5nsszijt","id":"sl7yytu5nsszijt"},"id":"wf8ii05cy0yhs76","previousOperationId":"14japp9iupesafd"}
{"type":"log","timestamp":1724727543022,"level":"warn","message":"Page request failed: GET (script) 302 https://cdn.tailwindcss.com/ (redirect to: /3.4.5)","meta":{"rootId":"sl7yytu5nsszijt","id":"sl7yytu5nsszijt"},"id":"imf46b1d3bc400r","previousOperationId":"14japp9iupesafd"}
{"type":"log","timestamp":1724727543022,"level":"debug","message":"Page request: GET (script) https://cdn.tailwindcss.com/3.4.5 (redirect from: https://cdn.tailwindcss.com/)","meta":{"rootId":"sl7yytu5nsszijt","id":"sl7yytu5nsszijt"},"id":"t58hrutgk6qacgs","previousOperationId":"14japp9iupesafd"}
{"type":"log","timestamp":1724727543036,"level":"debug","message":"Page request finished: GET (script) 200 https://cdn.tailwindcss.com/3.4.5","meta":{"rootId":"sl7yytu5nsszijt","id":"sl7yytu5nsszijt"},"id":"xexobvsrh9ef2of","previousOperationId":"14japp9iupesafd"}
{"type":"log","timestamp":1724727543072,"level":"debug","message":"(console:warn) cdn.tailwindcss.com should not be used in production. To use Tailwind CSS in production, install it as a PostCSS plugin or use the Tailwind CLI: https://tailwindcss.com/docs/installation","meta":{"userLevel":true,"rootId":"sl7yytu5nsszijt","id":"sl7yytu5nsszijt"},"id":"7ghrmhucb3pu9ot","previousOperationId":"14japp9iupesafd"}
{"type":"log","timestamp":1724727543133,"level":"debug","message":"Running chrome with params {\"marginTop\":\"\",\"marginLeft\":\"1.5cm\",\"marginBottom\":\"8\",\"marginRight\":\"1.5cm\",\"format\":\"a4\",\"timeout\":59932,\"margin\":{\"top\":\"\",\"right\":\"1.5cm\",\"bottom\":\"8\",\"left\":\"1.5cm\"},\"printBackground\":true}","meta":{"rootId":"sl7yytu5nsszijt","id":"sl7yytu5nsszijt"},"id":"b0m6jew4kkw9s0l","previousOperationId":"14japp9iupesafd"}
{"type":"operationEnd","operationId":"14japp9iupesafd","timestamp":1724727543182,"id":"41j77f9jituriym","previousEventId":"md9vuegwxezlrl4","previousOperationId":"14japp9iupesafd"}
{"type":"log","timestamp":1724727543182,"level":"debug","message":"Skipping storing report.","meta":{"rootId":"sl7yytu5nsszijt","id":"sl7yytu5nsszijt"},"id":"mlchasffkciv1ss","previousOperationId":"14japp9iupesafd"}
{"type":"log","timestamp":1724727543182,"level":"info","message":"Rendering request 3 finished in 481 ms","meta":{"rootId":"sl7yytu5nsszijt","id":"sl7yytu5nsszijt"},"id":"sf9z10ypasxjepw","previousOperationId":"14japp9iupesafd"}
{"type":"operationEnd","subtype":"render","operationId":"w11459pq9fsfrm7","timestamp":1724727543182,"id":"ujwpis6c0yuwpbc","previousEventId":"41j77f9jituriym","previousOperationId":"14japp9iupesafd"}
{"type":"operationEnd","doDiffs":false,"previousEventId":"busq1gjrzdvg4kq","previousOperationId":"ml32x1elw31j84o","operationId":"ml32x1elw31j84o","timestamp":1724727543185,"id":"9gw40v1f4oyfad5"}
