{"type":"operationStart","subtype":"profile","data":{"_id":"WsMvqXwwllIqrrtF","timestamp":"2024-08-26T14:38:59.749Z","state":"queued","mode":"standard","creationDate":"2024-08-26T14:38:59.751Z","modificationDate":"2024-08-26T14:38:59.751Z","shortid":"P38csVH","inheritedReadPermissions":[],"inheritedEditPermissions":[],"$entitySet":"profiles"},"doDiffs":false,"timestamp":1724683139750,"id":"m8eu3eatcsqkhrv","previousOperationId":null,"operationId":"a9v9eleb2pnya85"}
{"type":"log","level":"info","message":"Render request 8 queued for execution and waiting for available worker","previousOperationId":"a9v9eleb2pnya85","timestamp":1724683139750,"id":"jg8a4jgegns2r43"}
{"type":"operationStart","subtype":"render","name":"incentive_report_footer","previousOperationId":"a9v9eleb2pnya85","timestamp":1724683139758,"id":"cp1tjk5p14sn9kh","previousEventId":"m8eu3eatcsqkhrv","operationId":"aauyy11g9lflxml"}
{"type":"log","timestamp":1724683139758,"level":"info","message":"Starting rendering request 8 (user: admin)","meta":{"rootId":"tdou6kkmdxckd7a","id":"tdou6kkmdxckd7a"},"id":"qpxx86kz1bju6m1","previousOperationId":"aauyy11g9lflxml"}
{"type":"log","timestamp":1724683139758,"level":"info","message":"Rendering template { name: incentive_report_footer, recipe: chrome-pdf, engine: handlebars, preview: true }","meta":{"rootId":"tdou6kkmdxckd7a","id":"tdou6kkmdxckd7a"},"id":"w31bc14lgmbjxww","previousOperationId":"aauyy11g9lflxml"}
{"type":"log","timestamp":1724683139759,"level":"debug","message":"Data item not defined for this template.","meta":{"rootId":"tdou6kkmdxckd7a","id":"tdou6kkmdxckd7a"},"id":"cz6brkq4h4psa0l","previousOperationId":"aauyy11g9lflxml"}
{"type":"log","timestamp":1724683139760,"level":"debug","message":"Base url not specified, skipping its injection.","meta":{"rootId":"tdou6kkmdxckd7a","id":"tdou6kkmdxckd7a"},"id":"2jm90fm157d4bpo","previousOperationId":"aauyy11g9lflxml"}
{"type":"log","timestamp":1724683139768,"level":"debug","message":"Replaced assets [\"KhmerOSSiemreapRegular.ttf\",\"KhmerOSMuolLightRegular.ttf\",\"times_new_roman.ttf\",\"Tacteing.ttf\"]","meta":{"rootId":"tdou6kkmdxckd7a","id":"tdou6kkmdxckd7a"},"id":"v3pgs54lalekak9","previousOperationId":"aauyy11g9lflxml"}
{"type":"operationStart","subtype":"engine","name":"handlebars","timestamp":1724683139769,"id":"9xwf2e0idr7urbq","previousEventId":"cp1tjk5p14sn9kh","operationId":"d0rz36qtb65mrh8","previousOperationId":"aauyy11g9lflxml"}
{"type":"log","timestamp":1724683139769,"level":"debug","message":"Rendering engine handlebars","meta":{"rootId":"tdou6kkmdxckd7a","id":"tdou6kkmdxckd7a"},"id":"qkom62ftqgtgnae","previousOperationId":"d0rz36qtb65mrh8"}
{"type":"operationEnd","operationId":"d0rz36qtb65mrh8","timestamp":1724683139796,"id":"9is703tacf6syqn","previousEventId":"9xwf2e0idr7urbq","previousOperationId":"d0rz36qtb65mrh8"}
{"type":"operationStart","subtype":"recipe","name":"chrome-pdf","timestamp":1724683139801,"id":"ge9ikypenkxd1oo","previousEventId":"9is703tacf6syqn","operationId":"rgbvca25i7lwlzu","previousOperationId":"d0rz36qtb65mrh8"}
{"type":"log","timestamp":1724683139801,"level":"debug","message":"Executing recipe chrome-pdf","meta":{"rootId":"tdou6kkmdxckd7a","id":"tdou6kkmdxckd7a"},"id":"x4owdemlkmb3cya","previousOperationId":"rgbvca25i7lwlzu"}
{"type":"log","timestamp":1724683139807,"level":"debug","message":"Converting with chrome Chrome/127.0.6533.99 using chrome-pool strategy","meta":{"rootId":"tdou6kkmdxckd7a","id":"tdou6kkmdxckd7a"},"id":"occfp822ycjy8c1","previousOperationId":"rgbvca25i7lwlzu"}
{"type":"log","timestamp":1724683139860,"level":"debug","message":"Page request: GET (document) file:///C:/Users/shsmo/AppData/Local/Temp/jsreport/autocleanup/c74eeafc-7c1b-46fc-9203-0f5b88470cfe-chrome-pdf.html","meta":{"rootId":"tdou6kkmdxckd7a","id":"tdou6kkmdxckd7a"},"id":"0bcoyp79d00eb25","previousOperationId":"rgbvca25i7lwlzu"}
{"type":"log","timestamp":1724683139959,"level":"debug","message":"Page request: GET (script) https://cdn.tailwindcss.com/","meta":{"rootId":"tdou6kkmdxckd7a","id":"tdou6kkmdxckd7a"},"id":"mpopmf4rdsh4pdg","previousOperationId":"rgbvca25i7lwlzu"}
{"type":"log","timestamp":1724683139960,"level":"debug","message":"Page request finished: GET (document) 200 file:///C:/Users/shsmo/AppData/Local/Temp/jsreport/autocleanup/c74eeafc-7c1b-46fc-9203-0f5b88470cfe-chrome-pdf.html","meta":{"rootId":"tdou6kkmdxckd7a","id":"tdou6kkmdxckd7a"},"id":"s0zrnngua2vq3m3","previousOperationId":"rgbvca25i7lwlzu"}
{"type":"log","timestamp":1724683139970,"level":"warn","message":"Page request failed: GET (script) 302 https://cdn.tailwindcss.com/ (redirect to: /3.4.5)","meta":{"rootId":"tdou6kkmdxckd7a","id":"tdou6kkmdxckd7a"},"id":"qk4nptvtann9c4r","previousOperationId":"rgbvca25i7lwlzu"}
{"type":"log","timestamp":1724683139971,"level":"debug","message":"Page request: GET (script) https://cdn.tailwindcss.com/3.4.5 (redirect from: https://cdn.tailwindcss.com/)","meta":{"rootId":"tdou6kkmdxckd7a","id":"tdou6kkmdxckd7a"},"id":"otdxgrc8g8z96s9","previousOperationId":"rgbvca25i7lwlzu"}
{"type":"log","timestamp":1724683139990,"level":"debug","message":"Page request finished: GET (script) 200 https://cdn.tailwindcss.com/3.4.5","meta":{"rootId":"tdou6kkmdxckd7a","id":"tdou6kkmdxckd7a"},"id":"80wdpqm1u3vn0xi","previousOperationId":"rgbvca25i7lwlzu"}
{"type":"log","timestamp":1724683140030,"level":"debug","message":"(console:warn) cdn.tailwindcss.com should not be used in production. To use Tailwind CSS in production, install it as a PostCSS plugin or use the Tailwind CLI: https://tailwindcss.com/docs/installation","meta":{"userLevel":true,"rootId":"tdou6kkmdxckd7a","id":"tdou6kkmdxckd7a"},"id":"ocxgnwgpjyhooh8","previousOperationId":"rgbvca25i7lwlzu"}
{"type":"log","timestamp":1724683140123,"level":"debug","message":"Running chrome with params {\"marginTop\":\"\",\"marginLeft\":\"1.5cm\",\"marginBottom\":\"8\",\"marginRight\":\"1.5cm\",\"format\":\"a4\",\"timeout\":59943,\"margin\":{\"top\":\"\",\"right\":\"1.5cm\",\"bottom\":\"8\",\"left\":\"1.5cm\"},\"printBackground\":true}","meta":{"rootId":"tdou6kkmdxckd7a","id":"tdou6kkmdxckd7a"},"id":"ooeply75sefuv1t","previousOperationId":"rgbvca25i7lwlzu"}
{"type":"operationEnd","operationId":"rgbvca25i7lwlzu","timestamp":1724683140181,"id":"h4qd50q8jubf2y9","previousEventId":"ge9ikypenkxd1oo","previousOperationId":"rgbvca25i7lwlzu"}
{"type":"log","timestamp":1724683140181,"level":"debug","message":"Skipping storing report.","meta":{"rootId":"tdou6kkmdxckd7a","id":"tdou6kkmdxckd7a"},"id":"uyw3eywxdpgpzhs","previousOperationId":"rgbvca25i7lwlzu"}
{"type":"log","timestamp":1724683140181,"level":"info","message":"Rendering request 8 finished in 432 ms","meta":{"rootId":"tdou6kkmdxckd7a","id":"tdou6kkmdxckd7a"},"id":"8wruy1b23u9llox","previousOperationId":"rgbvca25i7lwlzu"}
{"type":"operationEnd","subtype":"render","operationId":"aauyy11g9lflxml","timestamp":1724683140181,"id":"22cmmdfq59srp81","previousEventId":"h4qd50q8jubf2y9","previousOperationId":"rgbvca25i7lwlzu"}
{"type":"operationEnd","doDiffs":false,"previousEventId":"m8eu3eatcsqkhrv","previousOperationId":"a9v9eleb2pnya85","operationId":"a9v9eleb2pnya85","timestamp":1724683140184,"id":"33lxgxebyr4pb9s"}
