{"type":"operationStart","subtype":"profile","data":{"_id":"1fkMhfH3SdT0A7QQ","timestamp":"2024-08-28T09:15:49.176Z","state":"queued","mode":"standard","creationDate":"2024-08-28T09:15:49.178Z","modificationDate":"2024-08-28T09:15:49.178Z","shortid":"YRJvsu0","inheritedReadPermissions":[],"inheritedEditPermissions":[],"$entitySet":"profiles"},"doDiffs":false,"timestamp":1724836549177,"id":"af6nqjcyln9e0ch","previousOperationId":null,"operationId":"l8fumkbmqn4n826"}
{"type":"log","level":"info","message":"Render request 4 queued for execution and waiting for available worker","previousOperationId":"l8fumkbmqn4n826","timestamp":1724836549177,"id":"5l7sa7u3b8s72pd"}
{"type":"operationStart","subtype":"render","name":"incentive_report_footer","previousOperationId":"l8fumkbmqn4n826","timestamp":1724836549184,"id":"z3s20paeo11xgru","previousEventId":"af6nqjcyln9e0ch","operationId":"4uylk6xfdq89eax"}
{"type":"log","timestamp":1724836549184,"level":"info","message":"Starting rendering request 4 (user: admin)","meta":{"rootId":"ukee5y1l6idq66u","id":"ukee5y1l6idq66u"},"id":"mb8af5ykm1buq9o","previousOperationId":"4uylk6xfdq89eax"}
{"type":"log","timestamp":1724836549184,"level":"info","message":"Rendering template { name: incentive_report_footer, recipe: chrome-pdf, engine: handlebars, preview: true }","meta":{"rootId":"ukee5y1l6idq66u","id":"ukee5y1l6idq66u"},"id":"vts4w35uclye6q8","previousOperationId":"4uylk6xfdq89eax"}
{"type":"log","timestamp":1724836549185,"level":"debug","message":"Data item not defined for this template.","meta":{"rootId":"ukee5y1l6idq66u","id":"ukee5y1l6idq66u"},"id":"aqecmna9kb6r9mr","previousOperationId":"4uylk6xfdq89eax"}
{"type":"log","timestamp":1724836549186,"level":"debug","message":"Base url not specified, skipping its injection.","meta":{"rootId":"ukee5y1l6idq66u","id":"ukee5y1l6idq66u"},"id":"5sdcr7tzoige4wh","previousOperationId":"4uylk6xfdq89eax"}
{"type":"log","timestamp":1724836549190,"level":"debug","message":"Replaced assets [\"KhmerOSSiemreapRegular.ttf\",\"KhmerOSMuolLightRegular.ttf\",\"times_new_roman.ttf\",\"Tacteing.ttf\"]","meta":{"rootId":"ukee5y1l6idq66u","id":"ukee5y1l6idq66u"},"id":"qzue6mgtvuon9xa","previousOperationId":"4uylk6xfdq89eax"}
{"type":"operationStart","subtype":"engine","name":"handlebars","timestamp":1724836549190,"id":"4fvmrayy2q380oq","previousEventId":"z3s20paeo11xgru","operationId":"vh0dj5xib8e5fgn","previousOperationId":"4uylk6xfdq89eax"}
{"type":"log","timestamp":1724836549190,"level":"debug","message":"Rendering engine handlebars","meta":{"rootId":"ukee5y1l6idq66u","id":"ukee5y1l6idq66u"},"id":"be61nfpcas1gl47","previousOperationId":"vh0dj5xib8e5fgn"}
{"type":"operationEnd","operationId":"vh0dj5xib8e5fgn","timestamp":1724836549208,"id":"tinxoqyzi15qb9u","previousEventId":"4fvmrayy2q380oq","previousOperationId":"vh0dj5xib8e5fgn"}
{"type":"operationStart","subtype":"recipe","name":"chrome-pdf","timestamp":1724836549212,"id":"o1qyca10qljwzmm","previousEventId":"tinxoqyzi15qb9u","operationId":"gffs8j3k1ytygc2","previousOperationId":"vh0dj5xib8e5fgn"}
{"type":"log","timestamp":1724836549212,"level":"debug","message":"Executing recipe chrome-pdf","meta":{"rootId":"ukee5y1l6idq66u","id":"ukee5y1l6idq66u"},"id":"omyg7dn6afvv3bv","previousOperationId":"gffs8j3k1ytygc2"}
{"type":"log","timestamp":1724836549216,"level":"debug","message":"Converting with chrome Chrome/127.0.6533.99 using chrome-pool strategy","meta":{"rootId":"ukee5y1l6idq66u","id":"ukee5y1l6idq66u"},"id":"q5h9txsyrpz1x8i","previousOperationId":"gffs8j3k1ytygc2"}
{"type":"log","timestamp":1724836549251,"level":"debug","message":"Page request: GET (document) file:///C:/Users/shsmo/AppData/Local/Temp/jsreport/autocleanup/a7fd9b4a-eb2c-4012-85fb-2719cb9ffba7-chrome-pdf.html","meta":{"rootId":"ukee5y1l6idq66u","id":"ukee5y1l6idq66u"},"id":"izktlggxd78zvaf","previousOperationId":"gffs8j3k1ytygc2"}
{"type":"log","timestamp":1724836549384,"level":"debug","message":"Page request finished: GET (document) 200 file:///C:/Users/shsmo/AppData/Local/Temp/jsreport/autocleanup/a7fd9b4a-eb2c-4012-85fb-2719cb9ffba7-chrome-pdf.html","meta":{"rootId":"ukee5y1l6idq66u","id":"ukee5y1l6idq66u"},"id":"yn09mp128sx3eux","previousOperationId":"gffs8j3k1ytygc2"}
{"type":"log","timestamp":1724836549384,"level":"debug","message":"Page request: GET (script) https://cdn.tailwindcss.com/","meta":{"rootId":"ukee5y1l6idq66u","id":"ukee5y1l6idq66u"},"id":"hwwimsnrx420e1l","previousOperationId":"gffs8j3k1ytygc2"}
{"type":"log","timestamp":1724836549390,"level":"warn","message":"Page request failed: GET (script) 302 https://cdn.tailwindcss.com/ (redirect to: /3.4.5)","meta":{"rootId":"ukee5y1l6idq66u","id":"ukee5y1l6idq66u"},"id":"msdqgt6o0fvgpia","previousOperationId":"gffs8j3k1ytygc2"}
{"type":"log","timestamp":1724836549390,"level":"debug","message":"Page request: GET (script) https://cdn.tailwindcss.com/3.4.5 (redirect from: https://cdn.tailwindcss.com/)","meta":{"rootId":"ukee5y1l6idq66u","id":"ukee5y1l6idq66u"},"id":"sy1myjecjs42trj","previousOperationId":"gffs8j3k1ytygc2"}
{"type":"log","timestamp":1724836549405,"level":"debug","message":"Page request finished: GET (script) 200 https://cdn.tailwindcss.com/3.4.5","meta":{"rootId":"ukee5y1l6idq66u","id":"ukee5y1l6idq66u"},"id":"ypluldyfi7n0kvv","previousOperationId":"gffs8j3k1ytygc2"}
{"type":"log","timestamp":1724836549437,"level":"debug","message":"(console:warn) cdn.tailwindcss.com should not be used in production. To use Tailwind CSS in production, install it as a PostCSS plugin or use the Tailwind CLI: https://tailwindcss.com/docs/installation","meta":{"userLevel":true,"rootId":"ukee5y1l6idq66u","id":"ukee5y1l6idq66u"},"id":"9ccniwbup1kfblc","previousOperationId":"gffs8j3k1ytygc2"}
{"type":"log","timestamp":1724836549492,"level":"debug","message":"Running chrome with params {\"marginTop\":\"\",\"marginLeft\":\"1.5cm\",\"marginBottom\":\"8\",\"marginRight\":\"1.5cm\",\"format\":\"a4\",\"timeout\":59961,\"margin\":{\"top\":\"\",\"right\":\"1.5cm\",\"bottom\":\"8\",\"left\":\"1.5cm\"},\"printBackground\":true}","meta":{"rootId":"ukee5y1l6idq66u","id":"ukee5y1l6idq66u"},"id":"85oxzxwscrzxv56","previousOperationId":"gffs8j3k1ytygc2"}
{"type":"operationEnd","operationId":"gffs8j3k1ytygc2","timestamp":1724836549548,"id":"6edthatw62tckf8","previousEventId":"o1qyca10qljwzmm","previousOperationId":"gffs8j3k1ytygc2"}
{"type":"log","timestamp":1724836549548,"level":"debug","message":"Skipping storing report.","meta":{"rootId":"ukee5y1l6idq66u","id":"ukee5y1l6idq66u"},"id":"pobv5prxz24jw9h","previousOperationId":"gffs8j3k1ytygc2"}
{"type":"log","timestamp":1724836549548,"level":"info","message":"Rendering request 4 finished in 372 ms","meta":{"rootId":"ukee5y1l6idq66u","id":"ukee5y1l6idq66u"},"id":"ay3aclm6ov4wpsp","previousOperationId":"gffs8j3k1ytygc2"}
{"type":"operationEnd","subtype":"render","operationId":"4uylk6xfdq89eax","timestamp":1724836549548,"id":"eujphosjs7o3gbz","previousEventId":"6edthatw62tckf8","previousOperationId":"gffs8j3k1ytygc2"}
{"type":"operationEnd","doDiffs":false,"previousEventId":"af6nqjcyln9e0ch","previousOperationId":"l8fumkbmqn4n826","operationId":"l8fumkbmqn4n826","timestamp":1724836549551,"id":"frzqqr5o6dwwr4d"}
