{"type":"operationStart","subtype":"profile","data":{"_id":"pR9DxfEGM5lZpHmh","timestamp":"2024-08-27T02:59:51.832Z","state":"queued","mode":"standard","creationDate":"2024-08-27T02:59:51.835Z","modificationDate":"2024-08-27T02:59:51.835Z","shortid":"eyvIIwz","inheritedReadPermissions":[],"inheritedEditPermissions":[],"$entitySet":"profiles"},"doDiffs":false,"timestamp":1724727591834,"id":"jxzy3lcci199gdd","previousOperationId":null,"operationId":"8lwyjeto6sjm0lw"}
{"type":"log","level":"info","message":"Render request 6 queued for execution and waiting for available worker","previousOperationId":"8lwyjeto6sjm0lw","timestamp":1724727591834,"id":"b16ioy8fyf1l179"}
{"type":"operationStart","subtype":"render","name":"incentive_report_footer","previousOperationId":"8lwyjeto6sjm0lw","timestamp":1724727591845,"id":"igveg5bgqrcs4mj","previousEventId":"jxzy3lcci199gdd","operationId":"db7bqle03xnzyyj"}
{"type":"log","timestamp":1724727591846,"level":"info","message":"Starting rendering request 6 (user: admin)","meta":{"rootId":"xj20q54z6nh2vdd","id":"xj20q54z6nh2vdd"},"id":"1mewluuckb2byyx","previousOperationId":"db7bqle03xnzyyj"}
{"type":"log","timestamp":1724727591846,"level":"info","message":"Rendering template { name: incentive_report_footer, recipe: chrome-pdf, engine: handlebars, preview: true }","meta":{"rootId":"xj20q54z6nh2vdd","id":"xj20q54z6nh2vdd"},"id":"8o8tpr5kmcfp1bj","previousOperationId":"db7bqle03xnzyyj"}
{"type":"log","timestamp":1724727591846,"level":"debug","message":"Data item not defined for this template.","meta":{"rootId":"xj20q54z6nh2vdd","id":"xj20q54z6nh2vdd"},"id":"xxxdx9jm9oj868d","previousOperationId":"db7bqle03xnzyyj"}
{"type":"log","timestamp":1724727591848,"level":"debug","message":"Base url not specified, skipping its injection.","meta":{"rootId":"xj20q54z6nh2vdd","id":"xj20q54z6nh2vdd"},"id":"7zfat9jau6o6572","previousOperationId":"db7bqle03xnzyyj"}
{"type":"log","timestamp":1724727591856,"level":"debug","message":"Replaced assets [\"KhmerOSSiemreapRegular.ttf\",\"KhmerOSMuolLightRegular.ttf\",\"times_new_roman.ttf\",\"Tacteing.ttf\"]","meta":{"rootId":"xj20q54z6nh2vdd","id":"xj20q54z6nh2vdd"},"id":"qzzd4eb4xrhws6k","previousOperationId":"db7bqle03xnzyyj"}
{"type":"operationStart","subtype":"engine","name":"handlebars","timestamp":1724727591857,"id":"uo1y0r0ms027uw9","previousEventId":"igveg5bgqrcs4mj","operationId":"3u2evgepmx6tsag","previousOperationId":"db7bqle03xnzyyj"}
{"type":"log","timestamp":1724727591857,"level":"debug","message":"Rendering engine handlebars","meta":{"rootId":"xj20q54z6nh2vdd","id":"xj20q54z6nh2vdd"},"id":"20oqu1eccqwqcqw","previousOperationId":"3u2evgepmx6tsag"}
{"type":"operationEnd","operationId":"3u2evgepmx6tsag","timestamp":1724727591886,"id":"0zi3s1x9pxufflf","previousEventId":"uo1y0r0ms027uw9","previousOperationId":"3u2evgepmx6tsag"}
{"type":"operationStart","subtype":"recipe","name":"chrome-pdf","timestamp":1724727591891,"id":"uzqdju4oaqrywrs","previousEventId":"0zi3s1x9pxufflf","operationId":"84z0xl5hyeu81hg","previousOperationId":"3u2evgepmx6tsag"}
{"type":"log","timestamp":1724727591891,"level":"debug","message":"Executing recipe chrome-pdf","meta":{"rootId":"xj20q54z6nh2vdd","id":"xj20q54z6nh2vdd"},"id":"wm7dyyll17z3yzu","previousOperationId":"84z0xl5hyeu81hg"}
{"type":"log","timestamp":1724727591894,"level":"debug","message":"Converting with chrome Chrome/127.0.6533.99 using chrome-pool strategy","meta":{"rootId":"xj20q54z6nh2vdd","id":"xj20q54z6nh2vdd"},"id":"aqe0vplkhrvx7fn","previousOperationId":"84z0xl5hyeu81hg"}
{"type":"log","timestamp":1724727591948,"level":"debug","message":"Page request: GET (document) file:///C:/Users/shsmo/AppData/Local/Temp/jsreport/autocleanup/dc1fc8d7-f4ac-4260-aa47-44746aa3beb5-chrome-pdf.html","meta":{"rootId":"xj20q54z6nh2vdd","id":"xj20q54z6nh2vdd"},"id":"p4trtuhd5zchnix","previousOperationId":"84z0xl5hyeu81hg"}
{"type":"log","timestamp":1724727592045,"level":"debug","message":"Page request finished: GET (document) 200 file:///C:/Users/shsmo/AppData/Local/Temp/jsreport/autocleanup/dc1fc8d7-f4ac-4260-aa47-44746aa3beb5-chrome-pdf.html","meta":{"rootId":"xj20q54z6nh2vdd","id":"xj20q54z6nh2vdd"},"id":"amlwkqabuei5dtn","previousOperationId":"84z0xl5hyeu81hg"}
{"type":"log","timestamp":1724727592045,"level":"debug","message":"Page request: GET (script) https://cdn.tailwindcss.com/","meta":{"rootId":"xj20q54z6nh2vdd","id":"xj20q54z6nh2vdd"},"id":"wszzsvx32ygnmji","previousOperationId":"84z0xl5hyeu81hg"}
{"type":"log","timestamp":1724727592055,"level":"warn","message":"Page request failed: GET (script) 302 https://cdn.tailwindcss.com/ (redirect to: /3.4.5)","meta":{"rootId":"xj20q54z6nh2vdd","id":"xj20q54z6nh2vdd"},"id":"snzveenh8tc20o8","previousOperationId":"84z0xl5hyeu81hg"}
{"type":"log","timestamp":1724727592055,"level":"debug","message":"Page request: GET (script) https://cdn.tailwindcss.com/3.4.5 (redirect from: https://cdn.tailwindcss.com/)","meta":{"rootId":"xj20q54z6nh2vdd","id":"xj20q54z6nh2vdd"},"id":"j9x63yt5lksbldu","previousOperationId":"84z0xl5hyeu81hg"}
{"type":"log","timestamp":1724727592072,"level":"debug","message":"Page request finished: GET (script) 200 https://cdn.tailwindcss.com/3.4.5","meta":{"rootId":"xj20q54z6nh2vdd","id":"xj20q54z6nh2vdd"},"id":"uxz8z4q1naxkync","previousOperationId":"84z0xl5hyeu81hg"}
{"type":"log","timestamp":1724727592114,"level":"debug","message":"(console:warn) cdn.tailwindcss.com should not be used in production. To use Tailwind CSS in production, install it as a PostCSS plugin or use the Tailwind CLI: https://tailwindcss.com/docs/installation","meta":{"userLevel":true,"rootId":"xj20q54z6nh2vdd","id":"xj20q54z6nh2vdd"},"id":"67gcl6s9eb83ji4","previousOperationId":"84z0xl5hyeu81hg"}
{"type":"log","timestamp":1724727592199,"level":"debug","message":"Running chrome with params {\"marginTop\":\"\",\"marginLeft\":\"1.5cm\",\"marginBottom\":\"8\",\"marginRight\":\"1.5cm\",\"format\":\"a4\",\"timeout\":59940,\"margin\":{\"top\":\"\",\"right\":\"1.5cm\",\"bottom\":\"8\",\"left\":\"1.5cm\"},\"printBackground\":true}","meta":{"rootId":"xj20q54z6nh2vdd","id":"xj20q54z6nh2vdd"},"id":"ayfl5mfnrl5df43","previousOperationId":"84z0xl5hyeu81hg"}
{"type":"operationEnd","operationId":"84z0xl5hyeu81hg","timestamp":1724727592260,"id":"eqhxinx5gwhfo4t","previousEventId":"uzqdju4oaqrywrs","previousOperationId":"84z0xl5hyeu81hg"}
{"type":"log","timestamp":1724727592260,"level":"debug","message":"Skipping storing report.","meta":{"rootId":"xj20q54z6nh2vdd","id":"xj20q54z6nh2vdd"},"id":"2iuoo7r09fr25tb","previousOperationId":"84z0xl5hyeu81hg"}
{"type":"log","timestamp":1724727592260,"level":"info","message":"Rendering request 6 finished in 428 ms","meta":{"rootId":"xj20q54z6nh2vdd","id":"xj20q54z6nh2vdd"},"id":"wejh7milkapgj3r","previousOperationId":"84z0xl5hyeu81hg"}
{"type":"operationEnd","subtype":"render","operationId":"db7bqle03xnzyyj","timestamp":1724727592260,"id":"p48q94e7t58w74r","previousEventId":"eqhxinx5gwhfo4t","previousOperationId":"84z0xl5hyeu81hg"}
{"type":"operationEnd","doDiffs":false,"previousEventId":"jxzy3lcci199gdd","previousOperationId":"8lwyjeto6sjm0lw","operationId":"8lwyjeto6sjm0lw","timestamp":1724727592262,"id":"a9jpvyh9bpvvmpb"}
