{"type":"operationStart","subtype":"profile","data":{"_id":"1JfhSwK3EzUQU36z","timestamp":"2024-09-03T08:03:44.812Z","state":"queued","mode":"standard","creationDate":"2024-09-03T08:03:44.814Z","modificationDate":"2024-09-03T08:03:44.814Z","shortid":"SVes-IR","inheritedReadPermissions":[],"inheritedEditPermissions":[],"$entitySet":"profiles"},"doDiffs":false,"timestamp":1725350624813,"id":"poitjqmdsvocmzy","previousOperationId":null,"operationId":"etfjj40v60gf5jr"}
{"type":"log","level":"info","message":"Render request 7 queued for execution and waiting for available worker","previousOperationId":"etfjj40v60gf5jr","timestamp":1725350624813,"id":"3zdlmnzltwxrih6"}
{"type":"operationStart","subtype":"render","name":"incentive_report_index","previousOperationId":"etfjj40v60gf5jr","timestamp":1725350624821,"id":"o4w9fdu0qsfo87f","previousEventId":"poitjqmdsvocmzy","operationId":"3v5af2ht6b0822k"}
{"type":"log","timestamp":1725350624821,"level":"info","message":"Starting rendering request 7 (user: admin)","meta":{"rootId":"ajkhih2nyxhu43u","id":"ajkhih2nyxhu43u"},"id":"gai6vjnvvcx121r","previousOperationId":"3v5af2ht6b0822k"}
{"type":"log","timestamp":1725350624821,"level":"info","message":"Rendering template { name: incentive_report_index, recipe: chrome-pdf, engine: handlebars, preview: true }","meta":{"rootId":"ajkhih2nyxhu43u","id":"ajkhih2nyxhu43u"},"id":"iwjd09l3gc84dtw","previousOperationId":"3v5af2ht6b0822k"}
{"type":"log","timestamp":1725350624822,"level":"debug","message":"Adding sample data u0xfA2Zti","meta":{"rootId":"ajkhih2nyxhu43u","id":"ajkhih2nyxhu43u"},"id":"wpre5mgtvvrvib6","previousOperationId":"3v5af2ht6b0822k"}
{"type":"log","timestamp":1725350624824,"level":"debug","message":"Base url not specified, skipping its injection.","meta":{"rootId":"ajkhih2nyxhu43u","id":"ajkhih2nyxhu43u"},"id":"5hjlbk8zmdh9qkn","previousOperationId":"3v5af2ht6b0822k"}
{"type":"log","timestamp":1725350624835,"level":"debug","message":"Replaced assets [\"KhmerOSSiemreapRegular.ttf\",\"KhmerOSMuolLightRegular.ttf\",\"times_new_roman.ttf\",\"Tacteing.ttf\",\"limons1l.ttf\",\"arial.ttf\",\"Wingdings 2.ttf\",\"/asset/images/draft-km.png\"]","meta":{"rootId":"ajkhih2nyxhu43u","id":"ajkhih2nyxhu43u"},"id":"jst4yj50o7ojs21","previousOperationId":"3v5af2ht6b0822k"}
{"type":"operationStart","subtype":"engine","name":"handlebars","timestamp":1725350624836,"id":"v4qzqxeio9moctj","previousEventId":"o4w9fdu0qsfo87f","operationId":"2uz5cqk9k1yn3md","previousOperationId":"3v5af2ht6b0822k"}
{"type":"log","timestamp":1725350624837,"level":"debug","message":"Rendering engine handlebars","meta":{"rootId":"ajkhih2nyxhu43u","id":"ajkhih2nyxhu43u"},"id":"fxvokxg7wy25y2a","previousOperationId":"2uz5cqk9k1yn3md"}
{"type":"operationEnd","operationId":"2uz5cqk9k1yn3md","timestamp":1725350624889,"id":"5gtyjn02hlt1aue","previousEventId":"v4qzqxeio9moctj","previousOperationId":"2uz5cqk9k1yn3md"}
{"type":"operationStart","subtype":"recipe","name":"chrome-pdf","timestamp":1725350624901,"id":"0zo8ys3g0ycyj38","previousEventId":"5gtyjn02hlt1aue","operationId":"th707sku6hcmlue","previousOperationId":"2uz5cqk9k1yn3md"}
{"type":"log","timestamp":1725350624901,"level":"debug","message":"Executing recipe chrome-pdf","meta":{"rootId":"ajkhih2nyxhu43u","id":"ajkhih2nyxhu43u"},"id":"ov4zccikp50mnc2","previousOperationId":"th707sku6hcmlue"}
{"type":"log","timestamp":1725350624908,"level":"debug","message":"Converting with chrome Chrome/127.0.6533.99 using chrome-pool strategy","meta":{"rootId":"ajkhih2nyxhu43u","id":"ajkhih2nyxhu43u"},"id":"5w1igpbqdvvm4eh","previousOperationId":"th707sku6hcmlue"}
{"type":"log","timestamp":1725350624954,"level":"debug","message":"Page request: GET (document) file:///C:/Users/shsmo/AppData/Local/Temp/jsreport/autocleanup/072047d0-6212-409d-b2d1-a629d1585bc7-chrome-pdf.html","meta":{"rootId":"ajkhih2nyxhu43u","id":"ajkhih2nyxhu43u"},"id":"kwmqfx82f23s0sh","previousOperationId":"th707sku6hcmlue"}
{"type":"log","timestamp":1725350625150,"level":"debug","message":"Page request finished: GET (document) 200 file:///C:/Users/shsmo/AppData/Local/Temp/jsreport/autocleanup/072047d0-6212-409d-b2d1-a629d1585bc7-chrome-pdf.html","meta":{"rootId":"ajkhih2nyxhu43u","id":"ajkhih2nyxhu43u"},"id":"90w4y0fgyxv9e2q","previousOperationId":"th707sku6hcmlue"}
{"type":"log","timestamp":1725350625166,"level":"debug","message":"Page request: GET (script) https://cdn.tailwindcss.com/","meta":{"rootId":"ajkhih2nyxhu43u","id":"ajkhih2nyxhu43u"},"id":"1radrpj6mcu7bat","previousOperationId":"th707sku6hcmlue"}
{"type":"log","timestamp":1725350625171,"level":"warn","message":"Page request failed: GET (script) 302 https://cdn.tailwindcss.com/ (redirect to: /3.4.5)","meta":{"rootId":"ajkhih2nyxhu43u","id":"ajkhih2nyxhu43u"},"id":"sjaxd915sxa8dfc","previousOperationId":"th707sku6hcmlue"}
{"type":"log","timestamp":1725350625172,"level":"debug","message":"Page request: GET (script) https://cdn.tailwindcss.com/3.4.5 (redirect from: https://cdn.tailwindcss.com/)","meta":{"rootId":"ajkhih2nyxhu43u","id":"ajkhih2nyxhu43u"},"id":"1b88djyohdmeer9","previousOperationId":"th707sku6hcmlue"}
{"type":"log","timestamp":1725350625186,"level":"debug","message":"Page request finished: GET (script) 200 https://cdn.tailwindcss.com/3.4.5","meta":{"rootId":"ajkhih2nyxhu43u","id":"ajkhih2nyxhu43u"},"id":"fwvia196kp6gffr","previousOperationId":"th707sku6hcmlue"}
{"type":"log","timestamp":1725350625222,"level":"debug","message":"(console:warn) cdn.tailwindcss.com should not be used in production. To use Tailwind CSS in production, install it as a PostCSS plugin or use the Tailwind CLI: https://tailwindcss.com/docs/installation","meta":{"userLevel":true,"rootId":"ajkhih2nyxhu43u","id":"ajkhih2nyxhu43u"},"id":"1zezfyjyh7uq8ir","previousOperationId":"th707sku6hcmlue"}
{"type":"log","timestamp":1725350625309,"level":"debug","message":"Running chrome with params {\"printBackground\":true,\"marginTop\":\"1cm\",\"marginBottom\":\"2cm\",\"viewportHeight\":null,\"pageRanges\":\"\",\"format\":\"A4\",\"landscape\":false,\"timeout\":59906,\"margin\":{\"top\":\"1cm\",\"bottom\":\"2cm\"}}","meta":{"rootId":"ajkhih2nyxhu43u","id":"ajkhih2nyxhu43u"},"id":"28ghbilkgvzymij","previousOperationId":"th707sku6hcmlue"}
{"type":"operationEnd","operationId":"th707sku6hcmlue","timestamp":1725350625361,"id":"gacrwt6d44023bb","previousEventId":"0zo8ys3g0ycyj38","previousOperationId":"th707sku6hcmlue"}
{"type":"log","timestamp":1725350625361,"level":"debug","message":"Skipping storing report.","meta":{"rootId":"ajkhih2nyxhu43u","id":"ajkhih2nyxhu43u"},"id":"425qsh0gbtjykxy","previousOperationId":"th707sku6hcmlue"}
{"type":"log","timestamp":1725350625361,"level":"info","message":"Rendering request 7 finished in 549 ms","meta":{"rootId":"ajkhih2nyxhu43u","id":"ajkhih2nyxhu43u"},"id":"elojdvbrdvmongu","previousOperationId":"th707sku6hcmlue"}
{"type":"operationEnd","subtype":"render","operationId":"3v5af2ht6b0822k","timestamp":1725350625361,"id":"91dybk6t1me7i86","previousEventId":"gacrwt6d44023bb","previousOperationId":"th707sku6hcmlue"}
{"type":"operationEnd","doDiffs":false,"previousEventId":"poitjqmdsvocmzy","previousOperationId":"etfjj40v60gf5jr","operationId":"etfjj40v60gf5jr","timestamp":1725350625363,"id":"zgignns6qoch2jl"}
