{"type":"operationStart","subtype":"profile","data":{"_id":"tUtgcQLBcOodTMj3","timestamp":"2024-09-03T08:02:12.122Z","state":"queued","mode":"standard","creationDate":"2024-09-03T08:02:12.125Z","modificationDate":"2024-09-03T08:02:12.125Z","shortid":"iDXthAx","inheritedReadPermissions":[],"inheritedEditPermissions":[],"$entitySet":"profiles"},"doDiffs":false,"timestamp":1725350532124,"id":"czy56bys8sf6dxb","previousOperationId":null,"operationId":"wxrnjd1hibxj0ff"}
{"type":"log","level":"info","message":"Render request 4 queued for execution and waiting for available worker","previousOperationId":"wxrnjd1hibxj0ff","timestamp":1725350532124,"id":"88kl4t18o0daaee"}
{"type":"operationStart","subtype":"render","name":"incentive_report_index","previousOperationId":"wxrnjd1hibxj0ff","timestamp":1725350532134,"id":"ss0tshyajvditz4","previousEventId":"czy56bys8sf6dxb","operationId":"psw6abkcc8cs7d1"}
{"type":"log","timestamp":1725350532134,"level":"info","message":"Starting rendering request 4 (user: admin)","meta":{"rootId":"dglrc091usy2u8w","id":"dglrc091usy2u8w"},"id":"7ne2w7e3477wlmy","previousOperationId":"psw6abkcc8cs7d1"}
{"type":"log","timestamp":1725350532134,"level":"info","message":"Rendering template { name: incentive_report_index, recipe: chrome-pdf, engine: handlebars, preview: true }","meta":{"rootId":"dglrc091usy2u8w","id":"dglrc091usy2u8w"},"id":"6vtdnyl06yqvf3j","previousOperationId":"psw6abkcc8cs7d1"}
{"type":"log","timestamp":1725350532136,"level":"debug","message":"Adding sample data u0xfA2Zti","meta":{"rootId":"dglrc091usy2u8w","id":"dglrc091usy2u8w"},"id":"uvqroqu9sm9mzqe","previousOperationId":"psw6abkcc8cs7d1"}
{"type":"log","timestamp":1725350532137,"level":"debug","message":"Base url not specified, skipping its injection.","meta":{"rootId":"dglrc091usy2u8w","id":"dglrc091usy2u8w"},"id":"vgkfz9ds17qibp2","previousOperationId":"psw6abkcc8cs7d1"}
{"type":"log","timestamp":1725350532149,"level":"debug","message":"Replaced assets [\"KhmerOSSiemreapRegular.ttf\",\"KhmerOSMuolLightRegular.ttf\",\"times_new_roman.ttf\",\"Tacteing.ttf\",\"limons1l.ttf\",\"arial.ttf\",\"Wingdings 2.ttf\",\"/asset/images/draft-km.png\"]","meta":{"rootId":"dglrc091usy2u8w","id":"dglrc091usy2u8w"},"id":"23gjxbgukko4zje","previousOperationId":"psw6abkcc8cs7d1"}
{"type":"operationStart","subtype":"engine","name":"handlebars","timestamp":1725350532150,"id":"251dst9kvxweyqu","previousEventId":"ss0tshyajvditz4","operationId":"u3d0gxqzza6ao9x","previousOperationId":"psw6abkcc8cs7d1"}
{"type":"log","timestamp":1725350532150,"level":"debug","message":"Rendering engine handlebars","meta":{"rootId":"dglrc091usy2u8w","id":"dglrc091usy2u8w"},"id":"9pub9x3auugggpo","previousOperationId":"u3d0gxqzza6ao9x"}
{"type":"operationEnd","operationId":"u3d0gxqzza6ao9x","timestamp":1725350532203,"id":"aypza4n20v0zz5v","previousEventId":"251dst9kvxweyqu","previousOperationId":"u3d0gxqzza6ao9x"}
{"type":"operationStart","subtype":"recipe","name":"chrome-pdf","timestamp":1725350532215,"id":"kkuy8qr9dbovo0r","previousEventId":"aypza4n20v0zz5v","operationId":"4y8hzffzup44aqo","previousOperationId":"u3d0gxqzza6ao9x"}
{"type":"log","timestamp":1725350532215,"level":"debug","message":"Executing recipe chrome-pdf","meta":{"rootId":"dglrc091usy2u8w","id":"dglrc091usy2u8w"},"id":"j4fiifygm89rec3","previousOperationId":"4y8hzffzup44aqo"}
{"type":"log","timestamp":1725350532221,"level":"debug","message":"Converting with chrome Chrome/127.0.6533.99 using chrome-pool strategy","meta":{"rootId":"dglrc091usy2u8w","id":"dglrc091usy2u8w"},"id":"0x68ryzesdrnhfz","previousOperationId":"4y8hzffzup44aqo"}
{"type":"log","timestamp":1725350532362,"level":"debug","message":"Page request: GET (document) file:///C:/Users/shsmo/AppData/Local/Temp/jsreport/autocleanup/346f5728-b8af-439c-9179-23fb2c9ab9a2-chrome-pdf.html","meta":{"rootId":"dglrc091usy2u8w","id":"dglrc091usy2u8w"},"id":"wbnzfju91udrjmn","previousOperationId":"4y8hzffzup44aqo"}
{"type":"log","timestamp":1725350532593,"level":"debug","message":"Page request finished: GET (document) 200 file:///C:/Users/shsmo/AppData/Local/Temp/jsreport/autocleanup/346f5728-b8af-439c-9179-23fb2c9ab9a2-chrome-pdf.html","meta":{"rootId":"dglrc091usy2u8w","id":"dglrc091usy2u8w"},"id":"x4joevde7xkonp9","previousOperationId":"4y8hzffzup44aqo"}
{"type":"log","timestamp":1725350532610,"level":"debug","message":"Page request: GET (script) https://cdn.tailwindcss.com/","meta":{"rootId":"dglrc091usy2u8w","id":"dglrc091usy2u8w"},"id":"o48zrr7fjfd1vbq","previousOperationId":"4y8hzffzup44aqo"}
{"type":"log","timestamp":1725350532617,"level":"warn","message":"Page request failed: GET (script) 302 https://cdn.tailwindcss.com/ (redirect to: /3.4.5)","meta":{"rootId":"dglrc091usy2u8w","id":"dglrc091usy2u8w"},"id":"bvhrxxcfyh59v4x","previousOperationId":"4y8hzffzup44aqo"}
{"type":"log","timestamp":1725350532617,"level":"debug","message":"Page request: GET (script) https://cdn.tailwindcss.com/3.4.5 (redirect from: https://cdn.tailwindcss.com/)","meta":{"rootId":"dglrc091usy2u8w","id":"dglrc091usy2u8w"},"id":"4jvl82lwdit6dt0","previousOperationId":"4y8hzffzup44aqo"}
{"type":"log","timestamp":1725350532632,"level":"debug","message":"Page request finished: GET (script) 200 https://cdn.tailwindcss.com/3.4.5","meta":{"rootId":"dglrc091usy2u8w","id":"dglrc091usy2u8w"},"id":"r68oong39y8e1vx","previousOperationId":"4y8hzffzup44aqo"}
{"type":"log","timestamp":1725350532666,"level":"debug","message":"(console:warn) cdn.tailwindcss.com should not be used in production. To use Tailwind CSS in production, install it as a PostCSS plugin or use the Tailwind CLI: https://tailwindcss.com/docs/installation","meta":{"userLevel":true,"rootId":"dglrc091usy2u8w","id":"dglrc091usy2u8w"},"id":"os7c7jrnij1a3md","previousOperationId":"4y8hzffzup44aqo"}
{"type":"log","timestamp":1725350532723,"level":"debug","message":"Running chrome with params {\"printBackground\":true,\"marginTop\":\"1cm\",\"marginBottom\":\"2cm\",\"viewportHeight\":null,\"pageRanges\":\"\",\"format\":\"A4\",\"landscape\":false,\"timeout\":59902,\"margin\":{\"top\":\"1cm\",\"bottom\":\"2cm\"}}","meta":{"rootId":"dglrc091usy2u8w","id":"dglrc091usy2u8w"},"id":"pv578ss9hs24rc4","previousOperationId":"4y8hzffzup44aqo"}
{"type":"operationEnd","operationId":"4y8hzffzup44aqo","timestamp":1725350532790,"id":"tycbi6wvro8dkbv","previousEventId":"kkuy8qr9dbovo0r","previousOperationId":"4y8hzffzup44aqo"}
{"type":"log","timestamp":1725350532790,"level":"debug","message":"Skipping storing report.","meta":{"rootId":"dglrc091usy2u8w","id":"dglrc091usy2u8w"},"id":"edzzo3fgpz282o5","previousOperationId":"4y8hzffzup44aqo"}
{"type":"log","timestamp":1725350532790,"level":"info","message":"Rendering request 4 finished in 668 ms","meta":{"rootId":"dglrc091usy2u8w","id":"dglrc091usy2u8w"},"id":"lbpfvl645sh0m6x","previousOperationId":"4y8hzffzup44aqo"}
{"type":"operationEnd","subtype":"render","operationId":"psw6abkcc8cs7d1","timestamp":1725350532790,"id":"j0wbftevgbfw18q","previousEventId":"tycbi6wvro8dkbv","previousOperationId":"4y8hzffzup44aqo"}
{"type":"operationEnd","doDiffs":false,"previousEventId":"czy56bys8sf6dxb","previousOperationId":"wxrnjd1hibxj0ff","operationId":"wxrnjd1hibxj0ff","timestamp":1725350532793,"id":"h83f519iv6k0rxa"}
