{"type":"operationStart","subtype":"profile","data":{"_id":"7Y0kyqRs8THvBMyH","timestamp":"2024-09-03T08:01:42.816Z","state":"queued","mode":"standard","creationDate":"2024-09-03T08:01:42.819Z","modificationDate":"2024-09-03T08:01:42.819Z","shortid":"WQF5jsb","inheritedReadPermissions":[],"inheritedEditPermissions":[],"$entitySet":"profiles"},"doDiffs":false,"timestamp":1725350502818,"id":"tvm61bwp8gbkojl","previousOperationId":null,"operationId":"4ga6h99a2vi0mq7"}
{"type":"log","level":"info","message":"Render request 2 queued for execution and waiting for available worker","previousOperationId":"4ga6h99a2vi0mq7","timestamp":1725350502818,"id":"lsh0wzy9hq61fcp"}
{"type":"operationStart","subtype":"render","name":"incentive_report_index","previousOperationId":"4ga6h99a2vi0mq7","timestamp":1725350502826,"id":"yv07dnk26ks4fm5","previousEventId":"tvm61bwp8gbkojl","operationId":"m0t22g3lx1ogl68"}
{"type":"log","timestamp":1725350502827,"level":"info","message":"Starting rendering request 2 (user: admin)","meta":{"rootId":"o7wa9cdrx63xzgc","id":"o7wa9cdrx63xzgc"},"id":"1m2tg0v7ou9ax0n","previousOperationId":"m0t22g3lx1ogl68"}
{"type":"log","timestamp":1725350502828,"level":"info","message":"Rendering template { name: incentive_report_index, recipe: chrome-pdf, engine: handlebars, preview: true }","meta":{"rootId":"o7wa9cdrx63xzgc","id":"o7wa9cdrx63xzgc"},"id":"7ayzca6w4ab5t38","previousOperationId":"m0t22g3lx1ogl68"}
{"type":"log","timestamp":1725350502830,"level":"debug","message":"Adding sample data u0xfA2Zti","meta":{"rootId":"o7wa9cdrx63xzgc","id":"o7wa9cdrx63xzgc"},"id":"c9gu8mo16we4ycj","previousOperationId":"m0t22g3lx1ogl68"}
{"type":"log","timestamp":1725350502831,"level":"debug","message":"Base url not specified, skipping its injection.","meta":{"rootId":"o7wa9cdrx63xzgc","id":"o7wa9cdrx63xzgc"},"id":"x9980y3ezt5a3js","previousOperationId":"m0t22g3lx1ogl68"}
{"type":"log","timestamp":1725350502844,"level":"debug","message":"Replaced assets [\"KhmerOSSiemreapRegular.ttf\",\"KhmerOSMuolLightRegular.ttf\",\"times_new_roman.ttf\",\"Tacteing.ttf\",\"limons1l.ttf\",\"arial.ttf\",\"Wingdings 2.ttf\",\"/asset/images/draft-km.png\"]","meta":{"rootId":"o7wa9cdrx63xzgc","id":"o7wa9cdrx63xzgc"},"id":"a7t4ycs6dnx89jf","previousOperationId":"m0t22g3lx1ogl68"}
{"type":"operationStart","subtype":"engine","name":"handlebars","timestamp":1725350502845,"id":"4myt4adniuutq8o","previousEventId":"yv07dnk26ks4fm5","operationId":"fw6gn9gbg7ucmrb","previousOperationId":"m0t22g3lx1ogl68"}
{"type":"log","timestamp":1725350502845,"level":"debug","message":"Rendering engine handlebars","meta":{"rootId":"o7wa9cdrx63xzgc","id":"o7wa9cdrx63xzgc"},"id":"vzfucup2r9fm8rj","previousOperationId":"fw6gn9gbg7ucmrb"}
{"type":"operationEnd","operationId":"fw6gn9gbg7ucmrb","timestamp":1725350503250,"id":"npon7wuc5u977ww","previousEventId":"4myt4adniuutq8o","previousOperationId":"fw6gn9gbg7ucmrb"}
{"type":"operationStart","subtype":"recipe","name":"chrome-pdf","timestamp":1725350503262,"id":"mn463govtv5xlku","previousEventId":"npon7wuc5u977ww","operationId":"0zh3ahd4r9nasan","previousOperationId":"fw6gn9gbg7ucmrb"}
{"type":"log","timestamp":1725350503262,"level":"debug","message":"Executing recipe chrome-pdf","meta":{"rootId":"o7wa9cdrx63xzgc","id":"o7wa9cdrx63xzgc"},"id":"u3b55yh46e3gp73","previousOperationId":"0zh3ahd4r9nasan"}
{"type":"log","timestamp":1725350503874,"level":"debug","message":"Converting with chrome Chrome/127.0.6533.99 using chrome-pool strategy","meta":{"rootId":"o7wa9cdrx63xzgc","id":"o7wa9cdrx63xzgc"},"id":"ibj9nevsrs9ipw3","previousOperationId":"0zh3ahd4r9nasan"}
{"type":"log","timestamp":1725350503936,"level":"debug","message":"Page request: GET (document) file:///C:/Users/shsmo/AppData/Local/Temp/jsreport/autocleanup/ee453e16-3a3b-4f03-9be4-a10af6671890-chrome-pdf.html","meta":{"rootId":"o7wa9cdrx63xzgc","id":"o7wa9cdrx63xzgc"},"id":"ihje7rx354mz2iw","previousOperationId":"0zh3ahd4r9nasan"}
{"type":"log","timestamp":1725350504179,"level":"debug","message":"Page request finished: GET (document) 200 file:///C:/Users/shsmo/AppData/Local/Temp/jsreport/autocleanup/ee453e16-3a3b-4f03-9be4-a10af6671890-chrome-pdf.html","meta":{"rootId":"o7wa9cdrx63xzgc","id":"o7wa9cdrx63xzgc"},"id":"y551gy30u0y0yk0","previousOperationId":"0zh3ahd4r9nasan"}
{"type":"log","timestamp":1725350504196,"level":"debug","message":"Page request: GET (script) https://cdn.tailwindcss.com/","meta":{"rootId":"o7wa9cdrx63xzgc","id":"o7wa9cdrx63xzgc"},"id":"q310w8i7a2h70j9","previousOperationId":"0zh3ahd4r9nasan"}
{"type":"log","timestamp":1725350504442,"level":"warn","message":"Page request failed: GET (script) 302 https://cdn.tailwindcss.com/ (redirect to: /3.4.5)","meta":{"rootId":"o7wa9cdrx63xzgc","id":"o7wa9cdrx63xzgc"},"id":"1ba8qal616tia0w","previousOperationId":"0zh3ahd4r9nasan"}
{"type":"log","timestamp":1725350504442,"level":"debug","message":"Page request: GET (script) https://cdn.tailwindcss.com/3.4.5 (redirect from: https://cdn.tailwindcss.com/)","meta":{"rootId":"o7wa9cdrx63xzgc","id":"o7wa9cdrx63xzgc"},"id":"l74qsj8noc8su2s","previousOperationId":"0zh3ahd4r9nasan"}
{"type":"log","timestamp":1725350504532,"level":"debug","message":"Page request finished: GET (script) 200 https://cdn.tailwindcss.com/3.4.5","meta":{"rootId":"o7wa9cdrx63xzgc","id":"o7wa9cdrx63xzgc"},"id":"tllhozcjon5i31i","previousOperationId":"0zh3ahd4r9nasan"}
{"type":"log","timestamp":1725350504565,"level":"debug","message":"(console:warn) cdn.tailwindcss.com should not be used in production. To use Tailwind CSS in production, install it as a PostCSS plugin or use the Tailwind CLI: https://tailwindcss.com/docs/installation","meta":{"userLevel":true,"rootId":"o7wa9cdrx63xzgc","id":"o7wa9cdrx63xzgc"},"id":"mkqix7lz5hmp19i","previousOperationId":"0zh3ahd4r9nasan"}
{"type":"log","timestamp":1725350504623,"level":"debug","message":"Running chrome with params {\"printBackground\":true,\"marginTop\":\"1cm\",\"marginBottom\":\"2cm\",\"viewportHeight\":null,\"pageRanges\":\"\",\"format\":\"A4\",\"landscape\":false,\"timeout\":59216,\"margin\":{\"top\":\"1cm\",\"bottom\":\"2cm\"}}","meta":{"rootId":"o7wa9cdrx63xzgc","id":"o7wa9cdrx63xzgc"},"id":"oco549r04kns2zs","previousOperationId":"0zh3ahd4r9nasan"}
{"type":"operationEnd","operationId":"0zh3ahd4r9nasan","timestamp":1725350504684,"id":"nbbpt32spx9q8od","previousEventId":"mn463govtv5xlku","previousOperationId":"0zh3ahd4r9nasan"}
{"type":"log","timestamp":1725350504685,"level":"debug","message":"Skipping storing report.","meta":{"rootId":"o7wa9cdrx63xzgc","id":"o7wa9cdrx63xzgc"},"id":"ipgr7hr8wczj04s","previousOperationId":"0zh3ahd4r9nasan"}
{"type":"log","timestamp":1725350504685,"level":"info","message":"Rendering request 2 finished in 1869 ms","meta":{"rootId":"o7wa9cdrx63xzgc","id":"o7wa9cdrx63xzgc"},"id":"wg3ii20f831ljpw","previousOperationId":"0zh3ahd4r9nasan"}
{"type":"operationEnd","subtype":"render","operationId":"m0t22g3lx1ogl68","timestamp":1725350504685,"id":"y3qbtwx1z66tced","previousEventId":"nbbpt32spx9q8od","previousOperationId":"0zh3ahd4r9nasan"}
{"type":"operationEnd","doDiffs":false,"previousEventId":"tvm61bwp8gbkojl","previousOperationId":"4ga6h99a2vi0mq7","operationId":"4ga6h99a2vi0mq7","timestamp":1725350504689,"id":"7s703rg06yyvnz0"}
