{"type":"operationStart","subtype":"profile","data":{"_id":"a9DTKXlw9Dpdvvu6","timestamp":"2024-09-03T08:03:52.490Z","state":"queued","mode":"standard","creationDate":"2024-09-03T08:03:52.492Z","modificationDate":"2024-09-03T08:03:52.492Z","shortid":"ZSqYvpi","inheritedReadPermissions":[],"inheritedEditPermissions":[],"$entitySet":"profiles"},"doDiffs":false,"timestamp":1725350632491,"id":"ounelyk1np1o031","previousOperationId":null,"operationId":"bbec2rxkzebzr4e"}
{"type":"log","level":"info","message":"Render request 8 queued for execution and waiting for available worker","previousOperationId":"bbec2rxkzebzr4e","timestamp":1725350632491,"id":"c0ow82jx17wwfgg"}
{"type":"operationStart","subtype":"render","name":"incentive_report_index","previousOperationId":"bbec2rxkzebzr4e","timestamp":1725350632500,"id":"qt6qkchp0n3aeio","previousEventId":"ounelyk1np1o031","operationId":"dyfk0li36h6rnp0"}
{"type":"log","timestamp":1725350632501,"level":"info","message":"Starting rendering request 8 (user: admin)","meta":{"rootId":"odhnls69rt7gqoz","id":"odhnls69rt7gqoz"},"id":"n06vkxpirqttuv8","previousOperationId":"dyfk0li36h6rnp0"}
{"type":"log","timestamp":1725350632501,"level":"info","message":"Rendering template { name: incentive_report_index, recipe: chrome-pdf, engine: handlebars, preview: true }","meta":{"rootId":"odhnls69rt7gqoz","id":"odhnls69rt7gqoz"},"id":"8tx6kd0h6z891ig","previousOperationId":"dyfk0li36h6rnp0"}
{"type":"log","timestamp":1725350632502,"level":"debug","message":"Adding sample data u0xfA2Zti","meta":{"rootId":"odhnls69rt7gqoz","id":"odhnls69rt7gqoz"},"id":"83duot9sbzosc3c","previousOperationId":"dyfk0li36h6rnp0"}
{"type":"log","timestamp":1725350632503,"level":"debug","message":"Base url not specified, skipping its injection.","meta":{"rootId":"odhnls69rt7gqoz","id":"odhnls69rt7gqoz"},"id":"je6bcwlp2irq20m","previousOperationId":"dyfk0li36h6rnp0"}
{"type":"log","timestamp":1725350632513,"level":"debug","message":"Replaced assets [\"KhmerOSSiemreapRegular.ttf\",\"KhmerOSMuolLightRegular.ttf\",\"times_new_roman.ttf\",\"Tacteing.ttf\",\"limons1l.ttf\",\"arial.ttf\",\"Wingdings 2.ttf\",\"/asset/images/draft-km.png\"]","meta":{"rootId":"odhnls69rt7gqoz","id":"odhnls69rt7gqoz"},"id":"ao36ot540rmpmkk","previousOperationId":"dyfk0li36h6rnp0"}
{"type":"operationStart","subtype":"engine","name":"handlebars","timestamp":1725350632515,"id":"7bmuht80b4exc9t","previousEventId":"qt6qkchp0n3aeio","operationId":"pselu6kcem5vr4s","previousOperationId":"dyfk0li36h6rnp0"}
{"type":"log","timestamp":1725350632515,"level":"debug","message":"Rendering engine handlebars","meta":{"rootId":"odhnls69rt7gqoz","id":"odhnls69rt7gqoz"},"id":"0r4gbini9ild7sa","previousOperationId":"pselu6kcem5vr4s"}
{"type":"operationEnd","operationId":"pselu6kcem5vr4s","timestamp":1725350632538,"id":"1rcfci70tik87sj","previousEventId":"7bmuht80b4exc9t","previousOperationId":"pselu6kcem5vr4s"}
{"type":"operationStart","subtype":"recipe","name":"chrome-pdf","timestamp":1725350632550,"id":"1srne2so1pkwczz","previousEventId":"1rcfci70tik87sj","operationId":"epyfsw38neyd4c5","previousOperationId":"pselu6kcem5vr4s"}
{"type":"log","timestamp":1725350632550,"level":"debug","message":"Executing recipe chrome-pdf","meta":{"rootId":"odhnls69rt7gqoz","id":"odhnls69rt7gqoz"},"id":"iulme5qup2b1lkh","previousOperationId":"epyfsw38neyd4c5"}
{"type":"log","timestamp":1725350632556,"level":"debug","message":"Converting with chrome Chrome/127.0.6533.99 using chrome-pool strategy","meta":{"rootId":"odhnls69rt7gqoz","id":"odhnls69rt7gqoz"},"id":"etqe12tn46vprqf","previousOperationId":"epyfsw38neyd4c5"}
{"type":"log","timestamp":1725350632608,"level":"debug","message":"Page request: GET (document) file:///C:/Users/shsmo/AppData/Local/Temp/jsreport/autocleanup/f742ac1e-fe58-4f35-b17f-653c899bd3d5-chrome-pdf.html","meta":{"rootId":"odhnls69rt7gqoz","id":"odhnls69rt7gqoz"},"id":"ib4trxeqfnoyni8","previousOperationId":"epyfsw38neyd4c5"}
{"type":"log","timestamp":1725350632823,"level":"debug","message":"Page request finished: GET (document) 200 file:///C:/Users/shsmo/AppData/Local/Temp/jsreport/autocleanup/f742ac1e-fe58-4f35-b17f-653c899bd3d5-chrome-pdf.html","meta":{"rootId":"odhnls69rt7gqoz","id":"odhnls69rt7gqoz"},"id":"yvwswc4w086zgk8","previousOperationId":"epyfsw38neyd4c5"}
{"type":"log","timestamp":1725350632841,"level":"debug","message":"Page request: GET (script) https://cdn.tailwindcss.com/","meta":{"rootId":"odhnls69rt7gqoz","id":"odhnls69rt7gqoz"},"id":"2q4t8se7xh2dod9","previousOperationId":"epyfsw38neyd4c5"}
{"type":"log","timestamp":1725350632846,"level":"warn","message":"Page request failed: GET (script) 302 https://cdn.tailwindcss.com/ (redirect to: /3.4.5)","meta":{"rootId":"odhnls69rt7gqoz","id":"odhnls69rt7gqoz"},"id":"tw6h3eq7o8wtz1l","previousOperationId":"epyfsw38neyd4c5"}
{"type":"log","timestamp":1725350632846,"level":"debug","message":"Page request: GET (script) https://cdn.tailwindcss.com/3.4.5 (redirect from: https://cdn.tailwindcss.com/)","meta":{"rootId":"odhnls69rt7gqoz","id":"odhnls69rt7gqoz"},"id":"mvqtxo9rqlttyjl","previousOperationId":"epyfsw38neyd4c5"}
{"type":"log","timestamp":1725350632861,"level":"debug","message":"Page request finished: GET (script) 200 https://cdn.tailwindcss.com/3.4.5","meta":{"rootId":"odhnls69rt7gqoz","id":"odhnls69rt7gqoz"},"id":"iwucx22p2rhyx2c","previousOperationId":"epyfsw38neyd4c5"}
{"type":"log","timestamp":1725350632897,"level":"debug","message":"(console:warn) cdn.tailwindcss.com should not be used in production. To use Tailwind CSS in production, install it as a PostCSS plugin or use the Tailwind CLI: https://tailwindcss.com/docs/installation","meta":{"userLevel":true,"rootId":"odhnls69rt7gqoz","id":"odhnls69rt7gqoz"},"id":"wicft4umab20blb","previousOperationId":"epyfsw38neyd4c5"}
{"type":"log","timestamp":1725350632978,"level":"debug","message":"Running chrome with params {\"printBackground\":true,\"marginTop\":\"1cm\",\"marginBottom\":\"2cm\",\"viewportHeight\":null,\"pageRanges\":\"\",\"format\":\"A4\",\"landscape\":false,\"timeout\":59935,\"margin\":{\"top\":\"1cm\",\"bottom\":\"2cm\"}}","meta":{"rootId":"odhnls69rt7gqoz","id":"odhnls69rt7gqoz"},"id":"q3ux6y8t507jkal","previousOperationId":"epyfsw38neyd4c5"}
{"type":"operationEnd","operationId":"epyfsw38neyd4c5","timestamp":1725350633050,"id":"qg2n5el4wl3ne99","previousEventId":"1srne2so1pkwczz","previousOperationId":"epyfsw38neyd4c5"}
{"type":"log","timestamp":1725350633050,"level":"debug","message":"Skipping storing report.","meta":{"rootId":"odhnls69rt7gqoz","id":"odhnls69rt7gqoz"},"id":"7r51mlr4443ytk5","previousOperationId":"epyfsw38neyd4c5"}
{"type":"log","timestamp":1725350633050,"level":"info","message":"Rendering request 8 finished in 560 ms","meta":{"rootId":"odhnls69rt7gqoz","id":"odhnls69rt7gqoz"},"id":"giulre7wwihjx5k","previousOperationId":"epyfsw38neyd4c5"}
{"type":"operationEnd","subtype":"render","operationId":"dyfk0li36h6rnp0","timestamp":1725350633050,"id":"kbefij2ajqv8jja","previousEventId":"qg2n5el4wl3ne99","previousOperationId":"epyfsw38neyd4c5"}
{"type":"operationEnd","doDiffs":false,"previousEventId":"ounelyk1np1o031","previousOperationId":"bbec2rxkzebzr4e","operationId":"bbec2rxkzebzr4e","timestamp":1725350633053,"id":"gbffurnqfsmz6ny"}
