{"type":"operationStart","subtype":"profile","data":{"_id":"WI1UX5GHhx34pQ0x","timestamp":"2024-09-03T08:02:00.022Z","state":"queued","mode":"standard","creationDate":"2024-09-03T08:02:00.024Z","modificationDate":"2024-09-03T08:02:00.024Z","shortid":"AQ1hmbU","inheritedReadPermissions":[],"inheritedEditPermissions":[],"$entitySet":"profiles"},"doDiffs":false,"timestamp":1725350520023,"id":"hbnckigcwc1pq54","previousOperationId":null,"operationId":"448dkulsbzp9lmm"}
{"type":"log","level":"info","message":"Render request 3 queued for execution and waiting for available worker","previousOperationId":"448dkulsbzp9lmm","timestamp":1725350520024,"id":"pnfujoundc8zrhs"}
{"type":"operationStart","subtype":"render","name":"incentive_report_index","previousOperationId":"448dkulsbzp9lmm","timestamp":1725350520031,"id":"6z6qro2lbn6rkia","previousEventId":"hbnckigcwc1pq54","operationId":"dlos80etqhj6mo0"}
{"type":"log","timestamp":1725350520031,"level":"info","message":"Starting rendering request 3 (user: admin)","meta":{"rootId":"owgyi1bt59jch2t","id":"owgyi1bt59jch2t"},"id":"gzbtks4aql5vvlq","previousOperationId":"dlos80etqhj6mo0"}
{"type":"log","timestamp":1725350520032,"level":"info","message":"Rendering template { name: incentive_report_index, recipe: chrome-pdf, engine: handlebars, preview: true }","meta":{"rootId":"owgyi1bt59jch2t","id":"owgyi1bt59jch2t"},"id":"v3ol806ut7mh1ek","previousOperationId":"dlos80etqhj6mo0"}
{"type":"log","timestamp":1725350520033,"level":"debug","message":"Adding sample data u0xfA2Zti","meta":{"rootId":"owgyi1bt59jch2t","id":"owgyi1bt59jch2t"},"id":"lc2wa0qk75o90gg","previousOperationId":"dlos80etqhj6mo0"}
{"type":"log","timestamp":1725350520034,"level":"debug","message":"Base url not specified, skipping its injection.","meta":{"rootId":"owgyi1bt59jch2t","id":"owgyi1bt59jch2t"},"id":"fidodeozjsnt6yu","previousOperationId":"dlos80etqhj6mo0"}
{"type":"log","timestamp":1725350520046,"level":"debug","message":"Replaced assets [\"KhmerOSSiemreapRegular.ttf\",\"KhmerOSMuolLightRegular.ttf\",\"times_new_roman.ttf\",\"Tacteing.ttf\",\"limons1l.ttf\",\"arial.ttf\",\"Wingdings 2.ttf\",\"/asset/images/draft-km.png\"]","meta":{"rootId":"owgyi1bt59jch2t","id":"owgyi1bt59jch2t"},"id":"nc636jcvoayi6al","previousOperationId":"dlos80etqhj6mo0"}
{"type":"operationStart","subtype":"engine","name":"handlebars","timestamp":1725350520048,"id":"qxsjjckrrjqytdi","previousEventId":"6z6qro2lbn6rkia","operationId":"3g326gei357hrot","previousOperationId":"dlos80etqhj6mo0"}
{"type":"log","timestamp":1725350520048,"level":"debug","message":"Rendering engine handlebars","meta":{"rootId":"owgyi1bt59jch2t","id":"owgyi1bt59jch2t"},"id":"d1ik78r27af6q6d","previousOperationId":"3g326gei357hrot"}
{"type":"operationEnd","operationId":"3g326gei357hrot","timestamp":1725350520100,"id":"z51f8trq0zh35uz","previousEventId":"qxsjjckrrjqytdi","previousOperationId":"3g326gei357hrot"}
{"type":"operationStart","subtype":"recipe","name":"chrome-pdf","timestamp":1725350520112,"id":"7sharn0rdstni9y","previousEventId":"z51f8trq0zh35uz","operationId":"zdo9msnsjekisab","previousOperationId":"3g326gei357hrot"}
{"type":"log","timestamp":1725350520112,"level":"debug","message":"Executing recipe chrome-pdf","meta":{"rootId":"owgyi1bt59jch2t","id":"owgyi1bt59jch2t"},"id":"myc0tozms1dk9bj","previousOperationId":"zdo9msnsjekisab"}
{"type":"log","timestamp":1725350520117,"level":"debug","message":"Converting with chrome Chrome/127.0.6533.99 using chrome-pool strategy","meta":{"rootId":"owgyi1bt59jch2t","id":"owgyi1bt59jch2t"},"id":"21nj5mh51u3tm25","previousOperationId":"zdo9msnsjekisab"}
{"type":"log","timestamp":1725350520269,"level":"debug","message":"Page request: GET (document) file:///C:/Users/shsmo/AppData/Local/Temp/jsreport/autocleanup/5fe1701c-6f53-4838-a3cf-969c94f77ce3-chrome-pdf.html","meta":{"rootId":"owgyi1bt59jch2t","id":"owgyi1bt59jch2t"},"id":"f6pyc2bj1bb76iw","previousOperationId":"zdo9msnsjekisab"}
{"type":"log","timestamp":1725350520479,"level":"debug","message":"Page request finished: GET (document) 200 file:///C:/Users/shsmo/AppData/Local/Temp/jsreport/autocleanup/5fe1701c-6f53-4838-a3cf-969c94f77ce3-chrome-pdf.html","meta":{"rootId":"owgyi1bt59jch2t","id":"owgyi1bt59jch2t"},"id":"lv9ib0tsx4y9ctm","previousOperationId":"zdo9msnsjekisab"}
{"type":"log","timestamp":1725350520495,"level":"debug","message":"Page request: GET (script) https://cdn.tailwindcss.com/","meta":{"rootId":"owgyi1bt59jch2t","id":"owgyi1bt59jch2t"},"id":"14qxh2bn91lvul4","previousOperationId":"zdo9msnsjekisab"}
{"type":"log","timestamp":1725350520499,"level":"warn","message":"Page request failed: GET (script) 302 https://cdn.tailwindcss.com/ (redirect to: /3.4.5)","meta":{"rootId":"owgyi1bt59jch2t","id":"owgyi1bt59jch2t"},"id":"trezd91881xk0wb","previousOperationId":"zdo9msnsjekisab"}
{"type":"log","timestamp":1725350520500,"level":"debug","message":"Page request: GET (script) https://cdn.tailwindcss.com/3.4.5 (redirect from: https://cdn.tailwindcss.com/)","meta":{"rootId":"owgyi1bt59jch2t","id":"owgyi1bt59jch2t"},"id":"za2bebo87wcw8se","previousOperationId":"zdo9msnsjekisab"}
{"type":"log","timestamp":1725350520513,"level":"debug","message":"Page request finished: GET (script) 200 https://cdn.tailwindcss.com/3.4.5","meta":{"rootId":"owgyi1bt59jch2t","id":"owgyi1bt59jch2t"},"id":"357qo7nen3oo1jk","previousOperationId":"zdo9msnsjekisab"}
{"type":"log","timestamp":1725350520546,"level":"debug","message":"(console:warn) cdn.tailwindcss.com should not be used in production. To use Tailwind CSS in production, install it as a PostCSS plugin or use the Tailwind CLI: https://tailwindcss.com/docs/installation","meta":{"userLevel":true,"rootId":"owgyi1bt59jch2t","id":"owgyi1bt59jch2t"},"id":"kudco2q9rmznnro","previousOperationId":"zdo9msnsjekisab"}
{"type":"log","timestamp":1725350520613,"level":"debug","message":"Running chrome with params {\"printBackground\":true,\"marginTop\":\"1cm\",\"marginBottom\":\"2cm\",\"viewportHeight\":null,\"pageRanges\":\"\",\"format\":\"A4\",\"landscape\":false,\"timeout\":59906,\"margin\":{\"top\":\"1cm\",\"bottom\":\"2cm\"}}","meta":{"rootId":"owgyi1bt59jch2t","id":"owgyi1bt59jch2t"},"id":"tvsyx5g15anxfnr","previousOperationId":"zdo9msnsjekisab"}
{"type":"operationEnd","operationId":"zdo9msnsjekisab","timestamp":1725350520671,"id":"f7jk5pmxkhxm1ud","previousEventId":"7sharn0rdstni9y","previousOperationId":"zdo9msnsjekisab"}
{"type":"log","timestamp":1725350520672,"level":"debug","message":"Skipping storing report.","meta":{"rootId":"owgyi1bt59jch2t","id":"owgyi1bt59jch2t"},"id":"zaascemuoelpunt","previousOperationId":"zdo9msnsjekisab"}
{"type":"log","timestamp":1725350520672,"level":"info","message":"Rendering request 3 finished in 650 ms","meta":{"rootId":"owgyi1bt59jch2t","id":"owgyi1bt59jch2t"},"id":"zm15k1rfhlsedpc","previousOperationId":"zdo9msnsjekisab"}
{"type":"operationEnd","subtype":"render","operationId":"dlos80etqhj6mo0","timestamp":1725350520672,"id":"83vodzdlhhnl0x7","previousEventId":"f7jk5pmxkhxm1ud","previousOperationId":"zdo9msnsjekisab"}
{"type":"operationEnd","doDiffs":false,"previousEventId":"hbnckigcwc1pq54","previousOperationId":"448dkulsbzp9lmm","operationId":"448dkulsbzp9lmm","timestamp":1725350520675,"id":"nv6dnsmmydsgjj7"}
