{"type":"operationStart","subtype":"profile","data":{"_id":"JBIT3KbHjIO1fK4V","timestamp":"2024-09-03T08:04:18.960Z","state":"queued","mode":"standard","creationDate":"2024-09-03T08:04:18.962Z","modificationDate":"2024-09-03T08:04:18.962Z","shortid":"RmdynOD","inheritedReadPermissions":[],"inheritedEditPermissions":[],"$entitySet":"profiles"},"doDiffs":false,"timestamp":1725350658961,"id":"nurq1ap4w5zt310","previousOperationId":null,"operationId":"whwer1uwf7n86ft"}
{"type":"log","level":"info","message":"Render request 9 queued for execution and waiting for available worker","previousOperationId":"whwer1uwf7n86ft","timestamp":1725350658961,"id":"jljle5onr5dzc6y"}
{"type":"operationStart","subtype":"render","name":"incentive_report_index","previousOperationId":"whwer1uwf7n86ft","timestamp":1725350658970,"id":"d137q86nrotyvvz","previousEventId":"nurq1ap4w5zt310","operationId":"d1duj2ifz8e7udy"}
{"type":"log","timestamp":1725350658970,"level":"info","message":"Starting rendering request 9 (user: admin)","meta":{"rootId":"q6vznjolhrdozw4","id":"q6vznjolhrdozw4"},"id":"91v752gl8o8oebo","previousOperationId":"d1duj2ifz8e7udy"}
{"type":"log","timestamp":1725350658970,"level":"info","message":"Rendering template { name: incentive_report_index, recipe: chrome-pdf, engine: handlebars, preview: true }","meta":{"rootId":"q6vznjolhrdozw4","id":"q6vznjolhrdozw4"},"id":"ar2vvqsiaqxawcs","previousOperationId":"d1duj2ifz8e7udy"}
{"type":"log","timestamp":1725350658971,"level":"debug","message":"Adding sample data u0xfA2Zti","meta":{"rootId":"q6vznjolhrdozw4","id":"q6vznjolhrdozw4"},"id":"4hjnvoii2zfumsn","previousOperationId":"d1duj2ifz8e7udy"}
{"type":"log","timestamp":1725350658973,"level":"debug","message":"Base url not specified, skipping its injection.","meta":{"rootId":"q6vznjolhrdozw4","id":"q6vznjolhrdozw4"},"id":"yodr30mwxtm0q5d","previousOperationId":"d1duj2ifz8e7udy"}
{"type":"log","timestamp":1725350658983,"level":"debug","message":"Replaced assets [\"KhmerOSSiemreapRegular.ttf\",\"KhmerOSMuolLightRegular.ttf\",\"times_new_roman.ttf\",\"Tacteing.ttf\",\"limons1l.ttf\",\"arial.ttf\",\"Wingdings 2.ttf\",\"/asset/images/draft-km.png\"]","meta":{"rootId":"q6vznjolhrdozw4","id":"q6vznjolhrdozw4"},"id":"636lqpnggw0bsqg","previousOperationId":"d1duj2ifz8e7udy"}
{"type":"operationStart","subtype":"engine","name":"handlebars","timestamp":1725350658985,"id":"d4ydbruep711grc","previousEventId":"d137q86nrotyvvz","operationId":"n9ejli1n3o6wqfg","previousOperationId":"d1duj2ifz8e7udy"}
{"type":"log","timestamp":1725350658985,"level":"debug","message":"Rendering engine handlebars","meta":{"rootId":"q6vznjolhrdozw4","id":"q6vznjolhrdozw4"},"id":"0ezy8uzivbu1vph","previousOperationId":"n9ejli1n3o6wqfg"}
{"type":"operationEnd","operationId":"n9ejli1n3o6wqfg","timestamp":1725350659025,"id":"8yy0gcufr5izrwr","previousEventId":"d4ydbruep711grc","previousOperationId":"n9ejli1n3o6wqfg"}
{"type":"operationStart","subtype":"recipe","name":"chrome-pdf","timestamp":1725350659036,"id":"b035qlah5kt62f0","previousEventId":"8yy0gcufr5izrwr","operationId":"675uxd34231u9n0","previousOperationId":"n9ejli1n3o6wqfg"}
{"type":"log","timestamp":1725350659036,"level":"debug","message":"Executing recipe chrome-pdf","meta":{"rootId":"q6vznjolhrdozw4","id":"q6vznjolhrdozw4"},"id":"nio8blrm5k6l6vx","previousOperationId":"675uxd34231u9n0"}
{"type":"log","timestamp":1725350659041,"level":"debug","message":"Converting with chrome Chrome/127.0.6533.99 using chrome-pool strategy","meta":{"rootId":"q6vznjolhrdozw4","id":"q6vznjolhrdozw4"},"id":"s735isruk3tmiol","previousOperationId":"675uxd34231u9n0"}
{"type":"log","timestamp":1725350659090,"level":"debug","message":"Page request: GET (document) file:///C:/Users/shsmo/AppData/Local/Temp/jsreport/autocleanup/41e16764-5cbf-4cce-b2d1-3458f46115eb-chrome-pdf.html","meta":{"rootId":"q6vznjolhrdozw4","id":"q6vznjolhrdozw4"},"id":"axiq0vp5s48psqw","previousOperationId":"675uxd34231u9n0"}
{"type":"log","timestamp":1725350659303,"level":"debug","message":"Page request finished: GET (document) 200 file:///C:/Users/shsmo/AppData/Local/Temp/jsreport/autocleanup/41e16764-5cbf-4cce-b2d1-3458f46115eb-chrome-pdf.html","meta":{"rootId":"q6vznjolhrdozw4","id":"q6vznjolhrdozw4"},"id":"oxmx4idfnj4ewvm","previousOperationId":"675uxd34231u9n0"}
{"type":"log","timestamp":1725350659319,"level":"debug","message":"Page request: GET (script) https://cdn.tailwindcss.com/","meta":{"rootId":"q6vznjolhrdozw4","id":"q6vznjolhrdozw4"},"id":"7w34azcvw63j8t9","previousOperationId":"675uxd34231u9n0"}
{"type":"log","timestamp":1725350659323,"level":"warn","message":"Page request failed: GET (script) 302 https://cdn.tailwindcss.com/ (redirect to: /3.4.5)","meta":{"rootId":"q6vznjolhrdozw4","id":"q6vznjolhrdozw4"},"id":"9iyt8gq30vxolkt","previousOperationId":"675uxd34231u9n0"}
{"type":"log","timestamp":1725350659324,"level":"debug","message":"Page request: GET (script) https://cdn.tailwindcss.com/3.4.5 (redirect from: https://cdn.tailwindcss.com/)","meta":{"rootId":"q6vznjolhrdozw4","id":"q6vznjolhrdozw4"},"id":"vuc4o0wkh4ru2hw","previousOperationId":"675uxd34231u9n0"}
{"type":"log","timestamp":1725350659338,"level":"debug","message":"Page request finished: GET (script) 200 https://cdn.tailwindcss.com/3.4.5","meta":{"rootId":"q6vznjolhrdozw4","id":"q6vznjolhrdozw4"},"id":"au1vx2prgfdnk2p","previousOperationId":"675uxd34231u9n0"}
{"type":"log","timestamp":1725350659374,"level":"debug","message":"(console:warn) cdn.tailwindcss.com should not be used in production. To use Tailwind CSS in production, install it as a PostCSS plugin or use the Tailwind CLI: https://tailwindcss.com/docs/installation","meta":{"userLevel":true,"rootId":"q6vznjolhrdozw4","id":"q6vznjolhrdozw4"},"id":"gxsm3kcq4kfxxa6","previousOperationId":"675uxd34231u9n0"}
{"type":"log","timestamp":1725350659459,"level":"debug","message":"Running chrome with params {\"printBackground\":true,\"marginTop\":\"1cm\",\"marginBottom\":\"2cm\",\"viewportHeight\":null,\"pageRanges\":\"\",\"format\":\"A4\",\"landscape\":false,\"timeout\":59919,\"margin\":{\"top\":\"1cm\",\"bottom\":\"2cm\"}}","meta":{"rootId":"q6vznjolhrdozw4","id":"q6vznjolhrdozw4"},"id":"5ham31c8xcm4h8y","previousOperationId":"675uxd34231u9n0"}
{"type":"operationEnd","operationId":"675uxd34231u9n0","timestamp":1725350659527,"id":"u40p4ymdxlqk5iq","previousEventId":"b035qlah5kt62f0","previousOperationId":"675uxd34231u9n0"}
{"type":"log","timestamp":1725350659527,"level":"debug","message":"Skipping storing report.","meta":{"rootId":"q6vznjolhrdozw4","id":"q6vznjolhrdozw4"},"id":"vioainnkxcru51k","previousOperationId":"675uxd34231u9n0"}
{"type":"log","timestamp":1725350659527,"level":"info","message":"Rendering request 9 finished in 568 ms","meta":{"rootId":"q6vznjolhrdozw4","id":"q6vznjolhrdozw4"},"id":"yzekn1mj5fpnyjh","previousOperationId":"675uxd34231u9n0"}
{"type":"operationEnd","subtype":"render","operationId":"d1duj2ifz8e7udy","timestamp":1725350659527,"id":"8g3jupkrrfg7bsp","previousEventId":"u40p4ymdxlqk5iq","previousOperationId":"675uxd34231u9n0"}
{"type":"operationEnd","doDiffs":false,"previousEventId":"nurq1ap4w5zt310","previousOperationId":"whwer1uwf7n86ft","operationId":"whwer1uwf7n86ft","timestamp":1725350659530,"id":"dj2h0uz796o2wf2"}
