{"type":"operationStart","subtype":"profile","data":{"_id":"s9vpWx3MpsdlSp4G","timestamp":"2024-09-03T08:04:38.038Z","state":"queued","mode":"standard","creationDate":"2024-09-03T08:04:38.040Z","modificationDate":"2024-09-03T08:04:38.040Z","shortid":"J-e-KQX","inheritedReadPermissions":[],"inheritedEditPermissions":[],"$entitySet":"profiles"},"doDiffs":false,"timestamp":1725350678039,"id":"0cna89aipk9n45i","previousOperationId":null,"operationId":"ad9yvclzflo1wm9"}
{"type":"log","level":"info","message":"Render request 10 queued for execution and waiting for available worker","previousOperationId":"ad9yvclzflo1wm9","timestamp":1725350678039,"id":"4g8apo1t4pj6hmt"}
{"type":"operationStart","subtype":"render","name":"incentive_report_index","previousOperationId":"ad9yvclzflo1wm9","timestamp":1725350678048,"id":"yqmgv4esiht1cyg","previousEventId":"0cna89aipk9n45i","operationId":"r7aolc1u1jmypjp"}
{"type":"log","timestamp":1725350678048,"level":"info","message":"Starting rendering request 10 (user: admin)","meta":{"rootId":"qcjizc33q3348yg","id":"qcjizc33q3348yg"},"id":"lzzr6jaa6ayeepm","previousOperationId":"r7aolc1u1jmypjp"}
{"type":"log","timestamp":1725350678048,"level":"info","message":"Rendering template { name: incentive_report_index, recipe: chrome-pdf, engine: handlebars, preview: true }","meta":{"rootId":"qcjizc33q3348yg","id":"qcjizc33q3348yg"},"id":"f7s2uf07a5qs2ka","previousOperationId":"r7aolc1u1jmypjp"}
{"type":"log","timestamp":1725350678049,"level":"debug","message":"Adding sample data u0xfA2Zti","meta":{"rootId":"qcjizc33q3348yg","id":"qcjizc33q3348yg"},"id":"kmgc9mvblb3eejk","previousOperationId":"r7aolc1u1jmypjp"}
{"type":"log","timestamp":1725350678051,"level":"debug","message":"Base url not specified, skipping its injection.","meta":{"rootId":"qcjizc33q3348yg","id":"qcjizc33q3348yg"},"id":"qnddypz652qxg0z","previousOperationId":"r7aolc1u1jmypjp"}
{"type":"log","timestamp":1725350678060,"level":"debug","message":"Replaced assets [\"KhmerOSSiemreapRegular.ttf\",\"KhmerOSMuolLightRegular.ttf\",\"times_new_roman.ttf\",\"Tacteing.ttf\",\"limons1l.ttf\",\"arial.ttf\",\"Wingdings 2.ttf\",\"/asset/images/draft-km.png\"]","meta":{"rootId":"qcjizc33q3348yg","id":"qcjizc33q3348yg"},"id":"yw16kg330szsojl","previousOperationId":"r7aolc1u1jmypjp"}
{"type":"operationStart","subtype":"engine","name":"handlebars","timestamp":1725350678062,"id":"vx115wofkx6bdma","previousEventId":"yqmgv4esiht1cyg","operationId":"8002460crrmufpp","previousOperationId":"r7aolc1u1jmypjp"}
{"type":"log","timestamp":1725350678062,"level":"debug","message":"Rendering engine handlebars","meta":{"rootId":"qcjizc33q3348yg","id":"qcjizc33q3348yg"},"id":"yx46v3pi6rcamk6","previousOperationId":"8002460crrmufpp"}
{"type":"operationEnd","operationId":"8002460crrmufpp","timestamp":1725350678106,"id":"5jpv4byd4jrv42k","previousEventId":"vx115wofkx6bdma","previousOperationId":"8002460crrmufpp"}
{"type":"operationStart","subtype":"recipe","name":"chrome-pdf","timestamp":1725350678117,"id":"euqofjzw4fci1g4","previousEventId":"5jpv4byd4jrv42k","operationId":"uypkgj9jbnzej7h","previousOperationId":"8002460crrmufpp"}
{"type":"log","timestamp":1725350678117,"level":"debug","message":"Executing recipe chrome-pdf","meta":{"rootId":"qcjizc33q3348yg","id":"qcjizc33q3348yg"},"id":"ymq5m8xfl825dp5","previousOperationId":"uypkgj9jbnzej7h"}
{"type":"log","timestamp":1725350678122,"level":"debug","message":"Converting with chrome Chrome/127.0.6533.99 using chrome-pool strategy","meta":{"rootId":"qcjizc33q3348yg","id":"qcjizc33q3348yg"},"id":"1h03zqiiwkqnyhx","previousOperationId":"uypkgj9jbnzej7h"}
{"type":"log","timestamp":1725350678174,"level":"debug","message":"Page request: GET (document) file:///C:/Users/shsmo/AppData/Local/Temp/jsreport/autocleanup/58184582-0242-43be-b5be-8c4cd3bb2785-chrome-pdf.html","meta":{"rootId":"qcjizc33q3348yg","id":"qcjizc33q3348yg"},"id":"41928wiw3nkucqg","previousOperationId":"uypkgj9jbnzej7h"}
{"type":"log","timestamp":1725350678379,"level":"debug","message":"Page request finished: GET (document) 200 file:///C:/Users/shsmo/AppData/Local/Temp/jsreport/autocleanup/58184582-0242-43be-b5be-8c4cd3bb2785-chrome-pdf.html","meta":{"rootId":"qcjizc33q3348yg","id":"qcjizc33q3348yg"},"id":"yfuonr60rih60eq","previousOperationId":"uypkgj9jbnzej7h"}
{"type":"log","timestamp":1725350678395,"level":"debug","message":"Page request: GET (script) https://cdn.tailwindcss.com/","meta":{"rootId":"qcjizc33q3348yg","id":"qcjizc33q3348yg"},"id":"wol2sy4zwkvji80","previousOperationId":"uypkgj9jbnzej7h"}
{"type":"log","timestamp":1725350678399,"level":"warn","message":"Page request failed: GET (script) 302 https://cdn.tailwindcss.com/ (redirect to: /3.4.5)","meta":{"rootId":"qcjizc33q3348yg","id":"qcjizc33q3348yg"},"id":"yd2fzntiffbibh8","previousOperationId":"uypkgj9jbnzej7h"}
{"type":"log","timestamp":1725350678399,"level":"debug","message":"Page request: GET (script) https://cdn.tailwindcss.com/3.4.5 (redirect from: https://cdn.tailwindcss.com/)","meta":{"rootId":"qcjizc33q3348yg","id":"qcjizc33q3348yg"},"id":"n4y77iyeaby944n","previousOperationId":"uypkgj9jbnzej7h"}
{"type":"log","timestamp":1725350678413,"level":"debug","message":"Page request finished: GET (script) 200 https://cdn.tailwindcss.com/3.4.5","meta":{"rootId":"qcjizc33q3348yg","id":"qcjizc33q3348yg"},"id":"ckdlbqw8byvktny","previousOperationId":"uypkgj9jbnzej7h"}
{"type":"log","timestamp":1725350678445,"level":"debug","message":"(console:warn) cdn.tailwindcss.com should not be used in production. To use Tailwind CSS in production, install it as a PostCSS plugin or use the Tailwind CLI: https://tailwindcss.com/docs/installation","meta":{"userLevel":true,"rootId":"qcjizc33q3348yg","id":"qcjizc33q3348yg"},"id":"fu2jj512yjwy90n","previousOperationId":"uypkgj9jbnzej7h"}
{"type":"log","timestamp":1725350678504,"level":"debug","message":"Running chrome with params {\"printBackground\":true,\"marginTop\":\"1cm\",\"marginBottom\":\"2cm\",\"viewportHeight\":null,\"pageRanges\":\"\",\"format\":\"A4\",\"landscape\":false,\"timeout\":59917,\"margin\":{\"top\":\"1cm\",\"bottom\":\"2cm\"}}","meta":{"rootId":"qcjizc33q3348yg","id":"qcjizc33q3348yg"},"id":"u3x7xcjqayyduz2","previousOperationId":"uypkgj9jbnzej7h"}
{"type":"operationEnd","operationId":"uypkgj9jbnzej7h","timestamp":1725350678566,"id":"yqlqhnipqjms4wv","previousEventId":"euqofjzw4fci1g4","previousOperationId":"uypkgj9jbnzej7h"}
{"type":"log","timestamp":1725350678566,"level":"debug","message":"Skipping storing report.","meta":{"rootId":"qcjizc33q3348yg","id":"qcjizc33q3348yg"},"id":"bp220gu4ymkvgbm","previousOperationId":"uypkgj9jbnzej7h"}
{"type":"log","timestamp":1725350678566,"level":"info","message":"Rendering request 10 finished in 528 ms","meta":{"rootId":"qcjizc33q3348yg","id":"qcjizc33q3348yg"},"id":"tsvf5xmemj2oeng","previousOperationId":"uypkgj9jbnzej7h"}
{"type":"operationEnd","subtype":"render","operationId":"r7aolc1u1jmypjp","timestamp":1725350678566,"id":"dpwyhi673icdffa","previousEventId":"yqlqhnipqjms4wv","previousOperationId":"uypkgj9jbnzej7h"}
{"type":"operationEnd","doDiffs":false,"previousEventId":"0cna89aipk9n45i","previousOperationId":"ad9yvclzflo1wm9","operationId":"ad9yvclzflo1wm9","timestamp":1725350678569,"id":"li1xmq8g131fpqo"}
