{"type":"operationStart","subtype":"profile","data":{"_id":"RlUSSUWThPrBatX7","timestamp":"2024-09-03T08:03:36.169Z","state":"queued","mode":"standard","creationDate":"2024-09-03T08:03:36.172Z","modificationDate":"2024-09-03T08:03:36.172Z","shortid":"vVLySYE","inheritedReadPermissions":[],"inheritedEditPermissions":[],"$entitySet":"profiles"},"doDiffs":false,"timestamp":1725350616171,"id":"9mld6rpkppofgog","previousOperationId":null,"operationId":"weqhqvkx863gstb"}
{"type":"log","level":"info","message":"Render request 6 queued for execution and waiting for available worker","previousOperationId":"weqhqvkx863gstb","timestamp":1725350616171,"id":"yoppwkaof3xuz1p"}
{"type":"operationStart","subtype":"render","name":"incentive_report_index","previousOperationId":"weqhqvkx863gstb","timestamp":1725350616179,"id":"a2l1un18ifyn67q","previousEventId":"9mld6rpkppofgog","operationId":"ayqoc13q8pg9njj"}
{"type":"log","timestamp":1725350616179,"level":"info","message":"Starting rendering request 6 (user: admin)","meta":{"rootId":"xffpjuf1qbf17b4","id":"xffpjuf1qbf17b4"},"id":"jyynbvdg828n40h","previousOperationId":"ayqoc13q8pg9njj"}
{"type":"log","timestamp":1725350616179,"level":"info","message":"Rendering template { name: incentive_report_index, recipe: chrome-pdf, engine: handlebars, preview: true }","meta":{"rootId":"xffpjuf1qbf17b4","id":"xffpjuf1qbf17b4"},"id":"cckgrwyxevyxibb","previousOperationId":"ayqoc13q8pg9njj"}
{"type":"log","timestamp":1725350616180,"level":"debug","message":"Adding sample data u0xfA2Zti","meta":{"rootId":"xffpjuf1qbf17b4","id":"xffpjuf1qbf17b4"},"id":"i0bhxd9pr74fao8","previousOperationId":"ayqoc13q8pg9njj"}
{"type":"log","timestamp":1725350616182,"level":"debug","message":"Base url not specified, skipping its injection.","meta":{"rootId":"xffpjuf1qbf17b4","id":"xffpjuf1qbf17b4"},"id":"xqopnji077oxbln","previousOperationId":"ayqoc13q8pg9njj"}
{"type":"log","timestamp":1725350616193,"level":"debug","message":"Replaced assets [\"KhmerOSSiemreapRegular.ttf\",\"KhmerOSMuolLightRegular.ttf\",\"times_new_roman.ttf\",\"Tacteing.ttf\",\"limons1l.ttf\",\"arial.ttf\",\"Wingdings 2.ttf\",\"/asset/images/draft-km.png\"]","meta":{"rootId":"xffpjuf1qbf17b4","id":"xffpjuf1qbf17b4"},"id":"v4dvqs8ml9a5m2b","previousOperationId":"ayqoc13q8pg9njj"}
{"type":"operationStart","subtype":"engine","name":"handlebars","timestamp":1725350616194,"id":"twg8p1zaxakjxl3","previousEventId":"a2l1un18ifyn67q","operationId":"5mf6005a40vt71g","previousOperationId":"ayqoc13q8pg9njj"}
{"type":"log","timestamp":1725350616194,"level":"debug","message":"Rendering engine handlebars","meta":{"rootId":"xffpjuf1qbf17b4","id":"xffpjuf1qbf17b4"},"id":"vyk2vjdkn2tos92","previousOperationId":"5mf6005a40vt71g"}
{"type":"operationEnd","operationId":"5mf6005a40vt71g","timestamp":1725350616243,"id":"dfoquo6ftr4jnci","previousEventId":"twg8p1zaxakjxl3","previousOperationId":"5mf6005a40vt71g"}
{"type":"operationStart","subtype":"recipe","name":"chrome-pdf","timestamp":1725350616254,"id":"1yoz787s5w8fkx2","previousEventId":"dfoquo6ftr4jnci","operationId":"wvf8oqeypq5je0o","previousOperationId":"5mf6005a40vt71g"}
{"type":"log","timestamp":1725350616254,"level":"debug","message":"Executing recipe chrome-pdf","meta":{"rootId":"xffpjuf1qbf17b4","id":"xffpjuf1qbf17b4"},"id":"h9reft7vc9to9c7","previousOperationId":"wvf8oqeypq5je0o"}
{"type":"log","timestamp":1725350616261,"level":"debug","message":"Converting with chrome Chrome/127.0.6533.99 using chrome-pool strategy","meta":{"rootId":"xffpjuf1qbf17b4","id":"xffpjuf1qbf17b4"},"id":"i0j98rg86kvy86q","previousOperationId":"wvf8oqeypq5je0o"}
{"type":"log","timestamp":1725350616305,"level":"debug","message":"Page request: GET (document) file:///C:/Users/shsmo/AppData/Local/Temp/jsreport/autocleanup/12b8e5a7-cb64-49c1-a1ea-8a5f5e40d1ce-chrome-pdf.html","meta":{"rootId":"xffpjuf1qbf17b4","id":"xffpjuf1qbf17b4"},"id":"x7zmh8sgg78n2mp","previousOperationId":"wvf8oqeypq5je0o"}
{"type":"log","timestamp":1725350616539,"level":"debug","message":"Page request finished: GET (document) 200 file:///C:/Users/shsmo/AppData/Local/Temp/jsreport/autocleanup/12b8e5a7-cb64-49c1-a1ea-8a5f5e40d1ce-chrome-pdf.html","meta":{"rootId":"xffpjuf1qbf17b4","id":"xffpjuf1qbf17b4"},"id":"p2wndm6fpkq6sdm","previousOperationId":"wvf8oqeypq5je0o"}
{"type":"log","timestamp":1725350616555,"level":"debug","message":"Page request: GET (script) https://cdn.tailwindcss.com/","meta":{"rootId":"xffpjuf1qbf17b4","id":"xffpjuf1qbf17b4"},"id":"q01biigt5166moh","previousOperationId":"wvf8oqeypq5je0o"}
{"type":"log","timestamp":1725350616560,"level":"warn","message":"Page request failed: GET (script) 302 https://cdn.tailwindcss.com/ (redirect to: /3.4.5)","meta":{"rootId":"xffpjuf1qbf17b4","id":"xffpjuf1qbf17b4"},"id":"ooy7j6ou2xeuszt","previousOperationId":"wvf8oqeypq5je0o"}
{"type":"log","timestamp":1725350616560,"level":"debug","message":"Page request: GET (script) https://cdn.tailwindcss.com/3.4.5 (redirect from: https://cdn.tailwindcss.com/)","meta":{"rootId":"xffpjuf1qbf17b4","id":"xffpjuf1qbf17b4"},"id":"qqo107d12y50spm","previousOperationId":"wvf8oqeypq5je0o"}
{"type":"log","timestamp":1725350616573,"level":"debug","message":"Page request finished: GET (script) 200 https://cdn.tailwindcss.com/3.4.5","meta":{"rootId":"xffpjuf1qbf17b4","id":"xffpjuf1qbf17b4"},"id":"qraynub9f6lqjz6","previousOperationId":"wvf8oqeypq5je0o"}
{"type":"log","timestamp":1725350616608,"level":"debug","message":"(console:warn) cdn.tailwindcss.com should not be used in production. To use Tailwind CSS in production, install it as a PostCSS plugin or use the Tailwind CLI: https://tailwindcss.com/docs/installation","meta":{"userLevel":true,"rootId":"xffpjuf1qbf17b4","id":"xffpjuf1qbf17b4"},"id":"gjc3bqbnf1xexfx","previousOperationId":"wvf8oqeypq5je0o"}
{"type":"log","timestamp":1725350616690,"level":"debug","message":"Running chrome with params {\"printBackground\":true,\"marginTop\":\"1cm\",\"marginBottom\":\"2cm\",\"viewportHeight\":null,\"pageRanges\":\"\",\"format\":\"A4\",\"landscape\":false,\"timeout\":59910,\"margin\":{\"top\":\"1cm\",\"bottom\":\"2cm\"}}","meta":{"rootId":"xffpjuf1qbf17b4","id":"xffpjuf1qbf17b4"},"id":"8oc5i0nm5b61oin","previousOperationId":"wvf8oqeypq5je0o"}
{"type":"operationEnd","operationId":"wvf8oqeypq5je0o","timestamp":1725350616775,"id":"v19eibi20agr4kv","previousEventId":"1yoz787s5w8fkx2","previousOperationId":"wvf8oqeypq5je0o"}
{"type":"log","timestamp":1725350616775,"level":"debug","message":"Skipping storing report.","meta":{"rootId":"xffpjuf1qbf17b4","id":"xffpjuf1qbf17b4"},"id":"9riyyhhq058sosc","previousOperationId":"wvf8oqeypq5je0o"}
{"type":"log","timestamp":1725350616775,"level":"info","message":"Rendering request 6 finished in 606 ms","meta":{"rootId":"xffpjuf1qbf17b4","id":"xffpjuf1qbf17b4"},"id":"fm5mbyfj7kfzvar","previousOperationId":"wvf8oqeypq5je0o"}
{"type":"operationEnd","subtype":"render","operationId":"ayqoc13q8pg9njj","timestamp":1725350616775,"id":"u6a1lod90pikbzh","previousEventId":"v19eibi20agr4kv","previousOperationId":"wvf8oqeypq5je0o"}
{"type":"operationEnd","doDiffs":false,"previousEventId":"9mld6rpkppofgog","previousOperationId":"weqhqvkx863gstb","operationId":"weqhqvkx863gstb","timestamp":1725350616779,"id":"nuq9vcvg29xhg1u"}
