{"type":"operationStart","subtype":"profile","data":{"_id":"nP8FuaXaFNVvf4WG","timestamp":"2024-11-10T16:32:37.996Z","state":"queued","mode":"standard","creationDate":"2024-11-10T16:32:37.999Z","modificationDate":"2024-11-10T16:32:37.999Z","shortid":"yvnVOaW","inheritedReadPermissions":[],"inheritedEditPermissions":[],"$entitySet":"profiles"},"doDiffs":false,"timestamp":1731256357998,"id":"5pvaswvulkflbm1","previousOperationId":null,"operationId":"pdwtzzxelsakxqt"}
{"type":"log","level":"info","message":"Render request 249 queued for execution and waiting for available worker","previousOperationId":"pdwtzzxelsakxqt","timestamp":1731256357998,"id":"epity2izk0bt5jg"}
{"type":"operationStart","subtype":"render","name":"new-excl-template","previousOperationId":"pdwtzzxelsakxqt","timestamp":1731256358007,"id":"7wyn6g40ygu61wh","previousEventId":"5pvaswvulkflbm1","operationId":"pvoz54jamzk076e"}
{"type":"log","timestamp":1731256358007,"level":"info","message":"Starting rendering request 249 (user: admin)","meta":{"rootId":"157rg1heakfm2d9","id":"157rg1heakfm2d9"},"id":"efv0lsqr68yx5u8","previousOperationId":"pvoz54jamzk076e"}
{"type":"log","timestamp":1731256358007,"level":"info","message":"Rendering template { name: new-excl-template, recipe: html-to-xlsx, engine: handlebars, preview: true }","meta":{"rootId":"157rg1heakfm2d9","id":"157rg1heakfm2d9"},"id":"41ldf7sq16cywcv","previousOperationId":"pvoz54jamzk076e"}
{"type":"log","timestamp":1731256358009,"level":"debug","message":"Adding sample data pVkbCM7am","meta":{"rootId":"157rg1heakfm2d9","id":"157rg1heakfm2d9"},"id":"iamsggzydo3pirv","previousOperationId":"pvoz54jamzk076e"}
{"type":"log","timestamp":1731256358010,"level":"debug","message":"Base url not specified, skipping its injection.","meta":{"rootId":"157rg1heakfm2d9","id":"157rg1heakfm2d9"},"id":"4g04x6zqs8wf0mj","previousOperationId":"pvoz54jamzk076e"}
{"type":"log","timestamp":1731256358012,"level":"debug","message":"Replaced assets [\"KhmerOSSiemreapRegular.ttf\"]","meta":{"rootId":"157rg1heakfm2d9","id":"157rg1heakfm2d9"},"id":"2m5x5r3a8lrlzcy","previousOperationId":"pvoz54jamzk076e"}
{"type":"operationStart","subtype":"engine","name":"handlebars","timestamp":1731256358012,"id":"xiqrjlyhviiuyty","previousEventId":"7wyn6g40ygu61wh","operationId":"6nuggaru5uc95gf","previousOperationId":"pvoz54jamzk076e"}
{"type":"log","timestamp":1731256358012,"level":"debug","message":"Rendering engine handlebars","meta":{"rootId":"157rg1heakfm2d9","id":"157rg1heakfm2d9"},"id":"xs1ux3btaiqxijh","previousOperationId":"6nuggaru5uc95gf"}
{"type":"operationEnd","operationId":"6nuggaru5uc95gf","timestamp":1731256358023,"id":"oref8gc6xw3qgl5","previousEventId":"xiqrjlyhviiuyty","previousOperationId":"6nuggaru5uc95gf"}
{"type":"operationStart","subtype":"recipe","name":"html-to-xlsx","timestamp":1731256358026,"id":"jo776zl9ik56dml","previousEventId":"oref8gc6xw3qgl5","operationId":"qu6quj5tj9hrg0t","previousOperationId":"6nuggaru5uc95gf"}
{"type":"log","timestamp":1731256358026,"level":"debug","message":"Executing recipe html-to-xlsx","meta":{"rootId":"157rg1heakfm2d9","id":"157rg1heakfm2d9"},"id":"sircnfzkb78nl8b","previousOperationId":"qu6quj5tj9hrg0t"}
{"type":"log","timestamp":1731256358026,"level":"info","message":"html-to-xlsx generation is starting","meta":{"rootId":"157rg1heakfm2d9","id":"157rg1heakfm2d9"},"id":"h2t6291jiudyhzb","previousOperationId":"qu6quj5tj9hrg0t"}
{"type":"log","timestamp":1731256358643,"level":"info","message":"html-to-xlsx generation was finished","meta":{"rootId":"157rg1heakfm2d9","id":"157rg1heakfm2d9"},"id":"3t8420za7l0dstb","previousOperationId":"qu6quj5tj9hrg0t"}
{"type":"log","timestamp":1731256358643,"level":"debug","message":"preparing office preview","meta":{"rootId":"157rg1heakfm2d9","id":"157rg1heakfm2d9"},"id":"z25fi38bfs951iy","previousOperationId":"qu6quj5tj9hrg0t"}
{"type":"operationEnd","operationId":"qu6quj5tj9hrg0t","timestamp":1731256359141,"id":"3erpwshw23ab6wd","previousEventId":"jo776zl9ik56dml","previousOperationId":"qu6quj5tj9hrg0t"}
{"type":"log","timestamp":1731256359141,"level":"debug","message":"Skipping storing report.","meta":{"rootId":"157rg1heakfm2d9","id":"157rg1heakfm2d9"},"id":"w9pu7ejcr0d49d7","previousOperationId":"qu6quj5tj9hrg0t"}
{"type":"log","timestamp":1731256359141,"level":"info","message":"Rendering request 249 finished in 1145 ms","meta":{"rootId":"157rg1heakfm2d9","id":"157rg1heakfm2d9"},"id":"uudqxp9rg5a4mvg","previousOperationId":"qu6quj5tj9hrg0t"}
{"type":"operationEnd","subtype":"render","operationId":"pvoz54jamzk076e","timestamp":1731256359141,"id":"zlqslc0ruuy06h2","previousEventId":"3erpwshw23ab6wd","previousOperationId":"qu6quj5tj9hrg0t"}
{"type":"operationEnd","doDiffs":false,"previousEventId":"5pvaswvulkflbm1","previousOperationId":"pdwtzzxelsakxqt","operationId":"pdwtzzxelsakxqt","timestamp":1731256359143,"id":"h5puxoxu9q2yxsu"}
