{"type":"operationStart","subtype":"profile","data":{"_id":"03BEjiqAr0cfD71x","timestamp":"2024-11-11T13:44:33.573Z","state":"queued","mode":"standard","creationDate":"2024-11-11T13:44:33.575Z","modificationDate":"2024-11-11T13:44:33.575Z","shortid":"OYCutoQ","inheritedReadPermissions":[],"inheritedEditPermissions":[],"$entitySet":"profiles"},"doDiffs":false,"timestamp":1731332673574,"id":"9ell571sbowyper","previousOperationId":null,"operationId":"jvihc04o3xlfa3q"}
{"type":"log","level":"info","message":"Render request 6 queued for execution and waiting for available worker","previousOperationId":"jvihc04o3xlfa3q","timestamp":1731332673574,"id":"qhi1g2lzt6q989e"}
{"type":"operationStart","subtype":"render","name":"new-excl-template","previousOperationId":"jvihc04o3xlfa3q","timestamp":1731332673586,"id":"80uxwd1bobrmu5c","previousEventId":"9ell571sbowyper","operationId":"w2bfhsqrpsvkauz"}
{"type":"log","timestamp":1731332673586,"level":"info","message":"Starting rendering request 6 (user: admin)","meta":{"rootId":"3z1jj3w1ghy04t6","id":"3z1jj3w1ghy04t6"},"id":"dbvqbgp3waydxia","previousOperationId":"w2bfhsqrpsvkauz"}
{"type":"log","timestamp":1731332673586,"level":"info","message":"Rendering template { name: new-excl-template, recipe: html-to-xlsx, engine: handlebars, preview: true }","meta":{"rootId":"3z1jj3w1ghy04t6","id":"3z1jj3w1ghy04t6"},"id":"xpelecbl7bj6i88","previousOperationId":"w2bfhsqrpsvkauz"}
{"type":"log","timestamp":1731332673587,"level":"debug","message":"Adding sample data pVkbCM7am","meta":{"rootId":"3z1jj3w1ghy04t6","id":"3z1jj3w1ghy04t6"},"id":"6w4tvc1870ngs5k","previousOperationId":"w2bfhsqrpsvkauz"}
{"type":"log","timestamp":1731332673589,"level":"debug","message":"Base url not specified, skipping its injection.","meta":{"rootId":"3z1jj3w1ghy04t6","id":"3z1jj3w1ghy04t6"},"id":"wxlqle1i4mfwcmn","previousOperationId":"w2bfhsqrpsvkauz"}
{"type":"log","timestamp":1731332673591,"level":"debug","message":"Replaced assets [\"KhmerOSSiemreapRegular.ttf\"]","meta":{"rootId":"3z1jj3w1ghy04t6","id":"3z1jj3w1ghy04t6"},"id":"2iabgtz1cgo7ti4","previousOperationId":"w2bfhsqrpsvkauz"}
{"type":"operationStart","subtype":"engine","name":"handlebars","timestamp":1731332673592,"id":"2pgaddogxmrkg52","previousEventId":"80uxwd1bobrmu5c","operationId":"jpixrhpubg6oe6n","previousOperationId":"w2bfhsqrpsvkauz"}
{"type":"log","timestamp":1731332673592,"level":"debug","message":"Rendering engine handlebars","meta":{"rootId":"3z1jj3w1ghy04t6","id":"3z1jj3w1ghy04t6"},"id":"n7kxn87dl39eg10","previousOperationId":"jpixrhpubg6oe6n"}
{"type":"operationEnd","operationId":"jpixrhpubg6oe6n","timestamp":1731332673611,"id":"uwz7ad07iyg7y37","previousEventId":"2pgaddogxmrkg52","previousOperationId":"jpixrhpubg6oe6n"}
{"type":"operationStart","subtype":"recipe","name":"html-to-xlsx","timestamp":1731332673613,"id":"01x5o5hzlk1guyi","previousEventId":"uwz7ad07iyg7y37","operationId":"4yunqfhk85ey48g","previousOperationId":"jpixrhpubg6oe6n"}
{"type":"log","timestamp":1731332673613,"level":"debug","message":"Executing recipe html-to-xlsx","meta":{"rootId":"3z1jj3w1ghy04t6","id":"3z1jj3w1ghy04t6"},"id":"rb55opacw16dx4u","previousOperationId":"4yunqfhk85ey48g"}
{"type":"log","timestamp":1731332673614,"level":"info","message":"html-to-xlsx generation is starting","meta":{"rootId":"3z1jj3w1ghy04t6","id":"3z1jj3w1ghy04t6"},"id":"9389ytqmk3oidht","previousOperationId":"4yunqfhk85ey48g"}
{"type":"log","timestamp":1731332674256,"level":"info","message":"html-to-xlsx generation was finished","meta":{"rootId":"3z1jj3w1ghy04t6","id":"3z1jj3w1ghy04t6"},"id":"y0m9z7e5jpzhtcm","previousOperationId":"4yunqfhk85ey48g"}
{"type":"log","timestamp":1731332674256,"level":"debug","message":"preparing office preview","meta":{"rootId":"3z1jj3w1ghy04t6","id":"3z1jj3w1ghy04t6"},"id":"2thvn1zl0vbbgda","previousOperationId":"4yunqfhk85ey48g"}
{"type":"operationEnd","operationId":"4yunqfhk85ey48g","timestamp":1731332674691,"id":"9few1c47shzxxyv","previousEventId":"01x5o5hzlk1guyi","previousOperationId":"4yunqfhk85ey48g"}
{"type":"log","timestamp":1731332674691,"level":"debug","message":"Skipping storing report.","meta":{"rootId":"3z1jj3w1ghy04t6","id":"3z1jj3w1ghy04t6"},"id":"3zyzz93noddq3kx","previousOperationId":"4yunqfhk85ey48g"}
{"type":"log","timestamp":1731332674691,"level":"info","message":"Rendering request 6 finished in 1118 ms","meta":{"rootId":"3z1jj3w1ghy04t6","id":"3z1jj3w1ghy04t6"},"id":"3xq69ujp1t8fju7","previousOperationId":"4yunqfhk85ey48g"}
{"type":"operationEnd","subtype":"render","operationId":"w2bfhsqrpsvkauz","timestamp":1731332674691,"id":"zexq94h4yyoh0ve","previousEventId":"9few1c47shzxxyv","previousOperationId":"4yunqfhk85ey48g"}
{"type":"operationEnd","doDiffs":false,"previousEventId":"9ell571sbowyper","previousOperationId":"jvihc04o3xlfa3q","operationId":"jvihc04o3xlfa3q","timestamp":1731332674696,"id":"1t5lcf79rrn3j44"}
