{"type":"operationStart","subtype":"profile","data":{"_id":"DIfXtRTeksGvQZKi","timestamp":"2024-11-11T13:43:58.700Z","state":"queued","mode":"standard","creationDate":"2024-11-11T13:43:58.703Z","modificationDate":"2024-11-11T13:43:58.703Z","shortid":"T6PMpyT","inheritedReadPermissions":[],"inheritedEditPermissions":[],"$entitySet":"profiles"},"doDiffs":false,"timestamp":1731332638702,"id":"5enenrqc8i35fl4","previousOperationId":null,"operationId":"ybp4kgfzwlklnzz"}
{"type":"log","level":"info","message":"Render request 5 queued for execution and waiting for available worker","previousOperationId":"ybp4kgfzwlklnzz","timestamp":1731332638702,"id":"w7v99ndjh1mm6nd"}
{"type":"operationStart","subtype":"render","name":"new-excl-template","previousOperationId":"ybp4kgfzwlklnzz","timestamp":1731332638714,"id":"tmfvcmgynrjdetq","previousEventId":"5enenrqc8i35fl4","operationId":"gutuaq22xa3rv7v"}
{"type":"log","timestamp":1731332638714,"level":"info","message":"Starting rendering request 5 (user: admin)","meta":{"rootId":"6zw7q34gwzwpigc","id":"6zw7q34gwzwpigc"},"id":"hrnig136juxq3su","previousOperationId":"gutuaq22xa3rv7v"}
{"type":"log","timestamp":1731332638714,"level":"info","message":"Rendering template { name: new-excl-template, recipe: html-to-xlsx, engine: handlebars, preview: true }","meta":{"rootId":"6zw7q34gwzwpigc","id":"6zw7q34gwzwpigc"},"id":"aobmkevtb0g3ofa","previousOperationId":"gutuaq22xa3rv7v"}
{"type":"log","timestamp":1731332638715,"level":"debug","message":"Adding sample data pVkbCM7am","meta":{"rootId":"6zw7q34gwzwpigc","id":"6zw7q34gwzwpigc"},"id":"0r4ryp6fa2z7tx0","previousOperationId":"gutuaq22xa3rv7v"}
{"type":"log","timestamp":1731332638717,"level":"debug","message":"Base url not specified, skipping its injection.","meta":{"rootId":"6zw7q34gwzwpigc","id":"6zw7q34gwzwpigc"},"id":"uhzrlg89lvebqwv","previousOperationId":"gutuaq22xa3rv7v"}
{"type":"log","timestamp":1731332638719,"level":"debug","message":"Replaced assets [\"KhmerOSSiemreapRegular.ttf\"]","meta":{"rootId":"6zw7q34gwzwpigc","id":"6zw7q34gwzwpigc"},"id":"bbh6ekxwc9q4z9r","previousOperationId":"gutuaq22xa3rv7v"}
{"type":"operationStart","subtype":"engine","name":"handlebars","timestamp":1731332638719,"id":"z9jgg2unoyucgxn","previousEventId":"tmfvcmgynrjdetq","operationId":"5likep0c9kq82vk","previousOperationId":"gutuaq22xa3rv7v"}
{"type":"log","timestamp":1731332638720,"level":"debug","message":"Rendering engine handlebars","meta":{"rootId":"6zw7q34gwzwpigc","id":"6zw7q34gwzwpigc"},"id":"686ngdqcekwxwfm","previousOperationId":"5likep0c9kq82vk"}
{"type":"operationEnd","operationId":"5likep0c9kq82vk","timestamp":1731332638733,"id":"f2aiifmlzve5q5x","previousEventId":"z9jgg2unoyucgxn","previousOperationId":"5likep0c9kq82vk"}
{"type":"operationStart","subtype":"recipe","name":"html-to-xlsx","timestamp":1731332638735,"id":"u3is5dg846eis1t","previousEventId":"f2aiifmlzve5q5x","operationId":"fxovm3imxq0uer4","previousOperationId":"5likep0c9kq82vk"}
{"type":"log","timestamp":1731332638736,"level":"debug","message":"Executing recipe html-to-xlsx","meta":{"rootId":"6zw7q34gwzwpigc","id":"6zw7q34gwzwpigc"},"id":"wrs7lnzs5y6x51g","previousOperationId":"fxovm3imxq0uer4"}
{"type":"log","timestamp":1731332638736,"level":"info","message":"html-to-xlsx generation is starting","meta":{"rootId":"6zw7q34gwzwpigc","id":"6zw7q34gwzwpigc"},"id":"gj17i1qfer00nmm","previousOperationId":"fxovm3imxq0uer4"}
{"type":"log","timestamp":1731332639440,"level":"info","message":"html-to-xlsx generation was finished","meta":{"rootId":"6zw7q34gwzwpigc","id":"6zw7q34gwzwpigc"},"id":"8ayk60k28pi2owk","previousOperationId":"fxovm3imxq0uer4"}
{"type":"log","timestamp":1731332639440,"level":"debug","message":"preparing office preview","meta":{"rootId":"6zw7q34gwzwpigc","id":"6zw7q34gwzwpigc"},"id":"hh6is59377wdavw","previousOperationId":"fxovm3imxq0uer4"}
{"type":"operationEnd","operationId":"fxovm3imxq0uer4","timestamp":1731332639883,"id":"6okeuol4umdx9xw","previousEventId":"u3is5dg846eis1t","previousOperationId":"fxovm3imxq0uer4"}
{"type":"log","timestamp":1731332639884,"level":"debug","message":"Skipping storing report.","meta":{"rootId":"6zw7q34gwzwpigc","id":"6zw7q34gwzwpigc"},"id":"1rswovo3ygqnnjd","previousOperationId":"fxovm3imxq0uer4"}
{"type":"log","timestamp":1731332639884,"level":"info","message":"Rendering request 5 finished in 1184 ms","meta":{"rootId":"6zw7q34gwzwpigc","id":"6zw7q34gwzwpigc"},"id":"j1y5xskb6b80vha","previousOperationId":"fxovm3imxq0uer4"}
{"type":"operationEnd","subtype":"render","operationId":"gutuaq22xa3rv7v","timestamp":1731332639884,"id":"p222knes3szrxf5","previousEventId":"6okeuol4umdx9xw","previousOperationId":"fxovm3imxq0uer4"}
{"type":"operationEnd","doDiffs":false,"previousEventId":"5enenrqc8i35fl4","previousOperationId":"ybp4kgfzwlklnzz","operationId":"ybp4kgfzwlklnzz","timestamp":1731332639888,"id":"rriwopithhmj5ub"}
