{"type":"operationStart","subtype":"profile","data":{"_id":"qzEVMzhkhTzzS7LK","timestamp":"2024-11-11T13:41:38.186Z","state":"queued","mode":"standard","creationDate":"2024-11-11T13:41:38.189Z","modificationDate":"2024-11-11T13:41:38.189Z","shortid":"Ydw3DCP","inheritedReadPermissions":[],"inheritedEditPermissions":[],"$entitySet":"profiles"},"doDiffs":false,"timestamp":1731332498188,"id":"sop80j93rapyj5z","previousOperationId":null,"operationId":"b359k5qy4rtq2zo"}
{"type":"log","level":"info","message":"Render request 3 queued for execution and waiting for available worker","previousOperationId":"b359k5qy4rtq2zo","timestamp":1731332498188,"id":"u7c44j7qj8tpbn7"}
{"type":"operationStart","subtype":"render","name":"new-excl-template","previousOperationId":"b359k5qy4rtq2zo","timestamp":1731332498213,"id":"av8i1cmnac910qg","previousEventId":"sop80j93rapyj5z","operationId":"jaoq9xv5arrqkvz"}
{"type":"log","timestamp":1731332498213,"level":"info","message":"Starting rendering request 3 (user: admin)","meta":{"rootId":"gku77w7erkjbkf1","id":"gku77w7erkjbkf1"},"id":"ud06ckvq99mvj7b","previousOperationId":"jaoq9xv5arrqkvz"}
{"type":"log","timestamp":1731332498213,"level":"info","message":"Rendering template { name: new-excl-template, recipe: html-to-xlsx, engine: handlebars, preview: true }","meta":{"rootId":"gku77w7erkjbkf1","id":"gku77w7erkjbkf1"},"id":"r325uspsfszx3qq","previousOperationId":"jaoq9xv5arrqkvz"}
{"type":"log","timestamp":1731332498215,"level":"debug","message":"Adding sample data pVkbCM7am","meta":{"rootId":"gku77w7erkjbkf1","id":"gku77w7erkjbkf1"},"id":"0gprl85fsy3aefm","previousOperationId":"jaoq9xv5arrqkvz"}
{"type":"log","timestamp":1731332498218,"level":"debug","message":"Base url not specified, skipping its injection.","meta":{"rootId":"gku77w7erkjbkf1","id":"gku77w7erkjbkf1"},"id":"f8njxdraurkbrf7","previousOperationId":"jaoq9xv5arrqkvz"}
{"type":"log","timestamp":1731332498220,"level":"debug","message":"Replaced assets [\"KhmerOSSiemreapRegular.ttf\"]","meta":{"rootId":"gku77w7erkjbkf1","id":"gku77w7erkjbkf1"},"id":"44xqh1jlh2lhsd7","previousOperationId":"jaoq9xv5arrqkvz"}
{"type":"operationStart","subtype":"engine","name":"handlebars","timestamp":1731332498220,"id":"fcwrwdyzclk0x4b","previousEventId":"av8i1cmnac910qg","operationId":"lrbjgkbnsnq06h7","previousOperationId":"jaoq9xv5arrqkvz"}
{"type":"log","timestamp":1731332498220,"level":"debug","message":"Rendering engine handlebars","meta":{"rootId":"gku77w7erkjbkf1","id":"gku77w7erkjbkf1"},"id":"spu97wd2qr6y45z","previousOperationId":"lrbjgkbnsnq06h7"}
{"type":"operationEnd","operationId":"lrbjgkbnsnq06h7","timestamp":1731332498234,"id":"5l2ya9si25lwk0p","previousEventId":"fcwrwdyzclk0x4b","previousOperationId":"lrbjgkbnsnq06h7"}
{"type":"operationStart","subtype":"recipe","name":"html-to-xlsx","timestamp":1731332498236,"id":"inb5csu7rmt7si9","previousEventId":"5l2ya9si25lwk0p","operationId":"heoedzof4488ne0","previousOperationId":"lrbjgkbnsnq06h7"}
{"type":"log","timestamp":1731332498236,"level":"debug","message":"Executing recipe html-to-xlsx","meta":{"rootId":"gku77w7erkjbkf1","id":"gku77w7erkjbkf1"},"id":"vj2siifsloghypc","previousOperationId":"heoedzof4488ne0"}
{"type":"log","timestamp":1731332498236,"level":"info","message":"html-to-xlsx generation is starting","meta":{"rootId":"gku77w7erkjbkf1","id":"gku77w7erkjbkf1"},"id":"lnee4kgp5huh0hf","previousOperationId":"heoedzof4488ne0"}
{"type":"log","timestamp":1731332498236,"level":"info","message":"html-to-xlsx is going to insert table generation into base xlsx template","meta":{"rootId":"gku77w7erkjbkf1","id":"gku77w7erkjbkf1"},"id":"llflpzh5s35p4uu","previousOperationId":"heoedzof4488ne0"}
{"type":"log","timestamp":1731332498979,"level":"info","message":"html-to-xlsx generation was finished","meta":{"rootId":"gku77w7erkjbkf1","id":"gku77w7erkjbkf1"},"id":"tby304ldhhmz7cv","previousOperationId":"heoedzof4488ne0"}
{"type":"log","timestamp":1731332498979,"level":"debug","message":"preparing office preview","meta":{"rootId":"gku77w7erkjbkf1","id":"gku77w7erkjbkf1"},"id":"xa9n9kirfo6p3um","previousOperationId":"heoedzof4488ne0"}
{"type":"operationEnd","operationId":"heoedzof4488ne0","timestamp":1731332499838,"id":"mgmopclmys0hi2y","previousEventId":"inb5csu7rmt7si9","previousOperationId":"heoedzof4488ne0"}
{"type":"log","timestamp":1731332499838,"level":"debug","message":"Skipping storing report.","meta":{"rootId":"gku77w7erkjbkf1","id":"gku77w7erkjbkf1"},"id":"rtw3l68anaaikcp","previousOperationId":"heoedzof4488ne0"}
{"type":"log","timestamp":1731332499838,"level":"info","message":"Rendering request 3 finished in 1652 ms","meta":{"rootId":"gku77w7erkjbkf1","id":"gku77w7erkjbkf1"},"id":"5aq5i64zu4x5o6o","previousOperationId":"heoedzof4488ne0"}
{"type":"operationEnd","subtype":"render","operationId":"jaoq9xv5arrqkvz","timestamp":1731332499838,"id":"xlkzk59u5d82l04","previousEventId":"mgmopclmys0hi2y","previousOperationId":"heoedzof4488ne0"}
{"type":"operationEnd","doDiffs":false,"previousEventId":"sop80j93rapyj5z","previousOperationId":"b359k5qy4rtq2zo","operationId":"b359k5qy4rtq2zo","timestamp":1731332499846,"id":"1qghtstugsv80d5"}
