{"type":"operationStart","subtype":"profile","data":{"_id":"qHLHHHQFboWR3YyW","timestamp":"2024-11-11T13:42:16.765Z","state":"queued","mode":"standard","creationDate":"2024-11-11T13:42:16.767Z","modificationDate":"2024-11-11T13:42:16.767Z","shortid":"SGhK-DK","inheritedReadPermissions":[],"inheritedEditPermissions":[],"$entitySet":"profiles"},"doDiffs":false,"timestamp":1731332536766,"id":"8loonjbqesjc7zl","previousOperationId":null,"operationId":"qp2pri4amvgha94"}
{"type":"log","level":"info","message":"Render request 4 queued for execution and waiting for available worker","previousOperationId":"qp2pri4amvgha94","timestamp":1731332536766,"id":"xldy4rv9uzk72ha"}
{"type":"operationStart","subtype":"render","name":"new-excl-template","previousOperationId":"qp2pri4amvgha94","timestamp":1731332536777,"id":"3gxmgvuuk0ekw4u","previousEventId":"8loonjbqesjc7zl","operationId":"9gpsqcnj4bz1eyl"}
{"type":"log","timestamp":1731332536777,"level":"info","message":"Starting rendering request 4 (user: admin)","meta":{"rootId":"u0wo0fcjcwbqern","id":"u0wo0fcjcwbqern"},"id":"cbp3wnfjaqeq5xb","previousOperationId":"9gpsqcnj4bz1eyl"}
{"type":"log","timestamp":1731332536777,"level":"info","message":"Rendering template { name: new-excl-template, recipe: html-to-xlsx, engine: handlebars, preview: true }","meta":{"rootId":"u0wo0fcjcwbqern","id":"u0wo0fcjcwbqern"},"id":"ggzrsrrf2wir79w","previousOperationId":"9gpsqcnj4bz1eyl"}
{"type":"log","timestamp":1731332536778,"level":"debug","message":"Adding sample data pVkbCM7am","meta":{"rootId":"u0wo0fcjcwbqern","id":"u0wo0fcjcwbqern"},"id":"c26zg9ys1blq2hw","previousOperationId":"9gpsqcnj4bz1eyl"}
{"type":"log","timestamp":1731332536780,"level":"debug","message":"Base url not specified, skipping its injection.","meta":{"rootId":"u0wo0fcjcwbqern","id":"u0wo0fcjcwbqern"},"id":"klswiaoxxkibuj9","previousOperationId":"9gpsqcnj4bz1eyl"}
{"type":"log","timestamp":1731332536783,"level":"debug","message":"Replaced assets [\"KhmerOSSiemreapRegular.ttf\"]","meta":{"rootId":"u0wo0fcjcwbqern","id":"u0wo0fcjcwbqern"},"id":"po83urewl3jw8q6","previousOperationId":"9gpsqcnj4bz1eyl"}
{"type":"operationStart","subtype":"engine","name":"handlebars","timestamp":1731332536783,"id":"gk14q2q158ukw78","previousEventId":"3gxmgvuuk0ekw4u","operationId":"72srdczp0rhwxog","previousOperationId":"9gpsqcnj4bz1eyl"}
{"type":"log","timestamp":1731332536783,"level":"debug","message":"Rendering engine handlebars","meta":{"rootId":"u0wo0fcjcwbqern","id":"u0wo0fcjcwbqern"},"id":"uqtip9dk2xrj3q0","previousOperationId":"72srdczp0rhwxog"}
{"type":"operationEnd","operationId":"72srdczp0rhwxog","timestamp":1731332536808,"id":"m6w5ugghn43ghm2","previousEventId":"gk14q2q158ukw78","previousOperationId":"72srdczp0rhwxog"}
{"type":"operationStart","subtype":"recipe","name":"html-to-xlsx","timestamp":1731332536810,"id":"ch0odpbliiawbbb","previousEventId":"m6w5ugghn43ghm2","operationId":"bszzualjp2pszr2","previousOperationId":"72srdczp0rhwxog"}
{"type":"log","timestamp":1731332536810,"level":"debug","message":"Executing recipe html-to-xlsx","meta":{"rootId":"u0wo0fcjcwbqern","id":"u0wo0fcjcwbqern"},"id":"isc6wpgtg0nkk39","previousOperationId":"bszzualjp2pszr2"}
{"type":"log","timestamp":1731332536810,"level":"info","message":"html-to-xlsx generation is starting","meta":{"rootId":"u0wo0fcjcwbqern","id":"u0wo0fcjcwbqern"},"id":"jd4jn5ye57936dg","previousOperationId":"bszzualjp2pszr2"}
{"type":"log","timestamp":1731332537458,"level":"info","message":"html-to-xlsx generation was finished","meta":{"rootId":"u0wo0fcjcwbqern","id":"u0wo0fcjcwbqern"},"id":"ok7fz7zrhf94n2h","previousOperationId":"bszzualjp2pszr2"}
{"type":"log","timestamp":1731332537488,"level":"debug","message":"preparing office preview","meta":{"rootId":"u0wo0fcjcwbqern","id":"u0wo0fcjcwbqern"},"id":"j7h4qv1c9hfdnqa","previousOperationId":"bszzualjp2pszr2"}
{"type":"operationEnd","operationId":"bszzualjp2pszr2","timestamp":1731332537949,"id":"5lryhe0so6cnasq","previousEventId":"ch0odpbliiawbbb","previousOperationId":"bszzualjp2pszr2"}
{"type":"log","timestamp":1731332537950,"level":"debug","message":"Skipping storing report.","meta":{"rootId":"u0wo0fcjcwbqern","id":"u0wo0fcjcwbqern"},"id":"l5icidz82dy8vqc","previousOperationId":"bszzualjp2pszr2"}
{"type":"log","timestamp":1731332537950,"level":"info","message":"Rendering request 4 finished in 1185 ms","meta":{"rootId":"u0wo0fcjcwbqern","id":"u0wo0fcjcwbqern"},"id":"rakdwul3pbtpqr6","previousOperationId":"bszzualjp2pszr2"}
{"type":"operationEnd","subtype":"render","operationId":"9gpsqcnj4bz1eyl","timestamp":1731332537950,"id":"entgr9h7v6xk733","previousEventId":"5lryhe0so6cnasq","previousOperationId":"bszzualjp2pszr2"}
{"type":"operationEnd","doDiffs":false,"previousEventId":"8loonjbqesjc7zl","previousOperationId":"qp2pri4amvgha94","operationId":"qp2pri4amvgha94","timestamp":1731332537953,"id":"qq7s8ufqyhm93yf"}
