{"type":"operationStart","subtype":"profile","data":{"_id":"BMIDH2zek0mw4M1Y","timestamp":"2024-11-11T13:33:06.070Z","state":"queued","mode":"standard","creationDate":"2024-11-11T13:33:06.075Z","modificationDate":"2024-11-11T13:33:06.075Z","shortid":"OcnmTl5","inheritedReadPermissions":[],"inheritedEditPermissions":[],"$entitySet":"profiles"},"doDiffs":false,"timestamp":1731331986071,"id":"yp86lfebvh0gzuu","previousOperationId":null,"operationId":"k0h59z0r2y5q1ad"}
{"type":"log","level":"info","message":"Render request 1 queued for execution and waiting for available worker","previousOperationId":"k0h59z0r2y5q1ad","timestamp":1731331986072,"id":"zx4o649qem3ndks"}
{"type":"operationStart","subtype":"render","name":"new-excl-template","previousOperationId":"k0h59z0r2y5q1ad","timestamp":1731331986111,"id":"dft4mel9alo49pl","previousEventId":"yp86lfebvh0gzuu","operationId":"siplfv19i6yqua3"}
{"type":"log","timestamp":1731331986112,"level":"info","message":"Starting rendering request 1 (user: admin)","meta":{"rootId":"ug7z65tq7wzgjr8","id":"ug7z65tq7wzgjr8"},"id":"luay5hndzb6tc8a","previousOperationId":"siplfv19i6yqua3"}
{"type":"log","timestamp":1731331986113,"level":"info","message":"Rendering template { name: new-excl-template, recipe: html-to-xlsx, engine: handlebars, preview: true }","meta":{"rootId":"ug7z65tq7wzgjr8","id":"ug7z65tq7wzgjr8"},"id":"8bh8cchkanw5n49","previousOperationId":"siplfv19i6yqua3"}
{"type":"log","timestamp":1731331986116,"level":"debug","message":"Adding sample data pVkbCM7am","meta":{"rootId":"ug7z65tq7wzgjr8","id":"ug7z65tq7wzgjr8"},"id":"f8brmjiawh5tcwv","previousOperationId":"siplfv19i6yqua3"}
{"type":"log","timestamp":1731331986118,"level":"debug","message":"Base url not specified, skipping its injection.","meta":{"rootId":"ug7z65tq7wzgjr8","id":"ug7z65tq7wzgjr8"},"id":"w2ye7uz12o0b2r8","previousOperationId":"siplfv19i6yqua3"}
{"type":"log","timestamp":1731331986122,"level":"debug","message":"Replaced assets [\"KhmerOSSiemreapRegular.ttf\"]","meta":{"rootId":"ug7z65tq7wzgjr8","id":"ug7z65tq7wzgjr8"},"id":"rjtfce880svwo2n","previousOperationId":"siplfv19i6yqua3"}
{"type":"operationStart","subtype":"engine","name":"handlebars","timestamp":1731331986123,"id":"ew6fx0zbky7z4tk","previousEventId":"dft4mel9alo49pl","operationId":"0l13ss8cfwt2zel","previousOperationId":"siplfv19i6yqua3"}
{"type":"log","timestamp":1731331986123,"level":"debug","message":"Rendering engine handlebars","meta":{"rootId":"ug7z65tq7wzgjr8","id":"ug7z65tq7wzgjr8"},"id":"b7kozx3na6ur8jt","previousOperationId":"0l13ss8cfwt2zel"}
{"type":"operationEnd","operationId":"0l13ss8cfwt2zel","timestamp":1731331986972,"id":"id1kn26ag15lcdc","previousEventId":"ew6fx0zbky7z4tk","previousOperationId":"0l13ss8cfwt2zel"}
{"type":"operationStart","subtype":"recipe","name":"html-to-xlsx","timestamp":1731331986973,"id":"rvrmxat6d1dy29t","previousEventId":"id1kn26ag15lcdc","operationId":"h0jlordhsx1j5sf","previousOperationId":"0l13ss8cfwt2zel"}
{"type":"log","timestamp":1731331986973,"level":"debug","message":"Executing recipe html-to-xlsx","meta":{"rootId":"ug7z65tq7wzgjr8","id":"ug7z65tq7wzgjr8"},"id":"22id35sj13rb0au","previousOperationId":"h0jlordhsx1j5sf"}
{"type":"log","timestamp":1731331989310,"level":"info","message":"html-to-xlsx generation is starting","meta":{"rootId":"ug7z65tq7wzgjr8","id":"ug7z65tq7wzgjr8"},"id":"388bhjk7q0qtd6q","previousOperationId":"h0jlordhsx1j5sf"}
{"type":"log","timestamp":1731331990584,"level":"info","message":"html-to-xlsx generation was finished","meta":{"rootId":"ug7z65tq7wzgjr8","id":"ug7z65tq7wzgjr8"},"id":"fqsz5w06jjwfhe5","previousOperationId":"h0jlordhsx1j5sf"}
{"type":"log","timestamp":1731331990672,"level":"debug","message":"preparing office preview","meta":{"rootId":"ug7z65tq7wzgjr8","id":"ug7z65tq7wzgjr8"},"id":"lbywwh05vcoslzf","previousOperationId":"h0jlordhsx1j5sf"}
{"type":"operationEnd","operationId":"h0jlordhsx1j5sf","timestamp":1731331991391,"id":"qj4437zao3r9x8b","previousEventId":"rvrmxat6d1dy29t","previousOperationId":"h0jlordhsx1j5sf"}
{"type":"log","timestamp":1731331991393,"level":"debug","message":"Skipping storing report.","meta":{"rootId":"ug7z65tq7wzgjr8","id":"ug7z65tq7wzgjr8"},"id":"deolqi56fr4usmq","previousOperationId":"h0jlordhsx1j5sf"}
{"type":"log","timestamp":1731331991393,"level":"info","message":"Rendering request 1 finished in 5324 ms","meta":{"rootId":"ug7z65tq7wzgjr8","id":"ug7z65tq7wzgjr8"},"id":"c87dh7no9oyvnuv","previousOperationId":"h0jlordhsx1j5sf"}
{"type":"operationEnd","subtype":"render","operationId":"siplfv19i6yqua3","timestamp":1731331991393,"id":"ija8c3vvv1a1dqc","previousEventId":"qj4437zao3r9x8b","previousOperationId":"h0jlordhsx1j5sf"}
{"type":"operationEnd","doDiffs":false,"previousEventId":"yp86lfebvh0gzuu","previousOperationId":"k0h59z0r2y5q1ad","operationId":"k0h59z0r2y5q1ad","timestamp":1731331991405,"id":"06kpm1ei18ad8pc"}
