{"type":"operationStart","subtype":"profile","data":{"_id":"KOpr3BKlWdKkMAF5","timestamp":"2024-09-02T03:29:39.722Z","state":"queued","mode":"standard","creationDate":"2024-09-02T03:29:39.723Z","modificationDate":"2024-09-02T03:29:39.723Z","shortid":"K3cs1C9","inheritedReadPermissions":[],"inheritedEditPermissions":[],"$entitySet":"profiles"},"doDiffs":false,"timestamp":1725247779722,"id":"agh97qqi2k9p1ip","previousOperationId":null,"operationId":"wn7pwgvqb47i2yb"}
{"type":"log","level":"info","message":"Render request 38 queued for execution and waiting for available worker","previousOperationId":"wn7pwgvqb47i2yb","timestamp":1725247779722,"id":"4tjlyhgywiwb9zm"}
{"type":"operationStart","subtype":"render","name":"chart_templates","previousOperationId":"wn7pwgvqb47i2yb","timestamp":1725247779728,"id":"4au5vsc4uhl5ql3","previousEventId":"agh97qqi2k9p1ip","operationId":"zssddz0klrhjc23"}
{"type":"log","timestamp":1725247779728,"level":"info","message":"Starting rendering request 38 (user: admin)","meta":{"rootId":"0muhe9x32vxufhg","id":"0muhe9x32vxufhg"},"id":"w3mc5rlr25w69x9","previousOperationId":"zssddz0klrhjc23"}
{"type":"log","timestamp":1725247779728,"level":"info","message":"Rendering template { name: chart_templates, recipe: chrome-pdf, engine: handlebars, preview: true }","meta":{"rootId":"0muhe9x32vxufhg","id":"0muhe9x32vxufhg"},"id":"j6gefeddg3ik05m","previousOperationId":"zssddz0klrhjc23"}
{"type":"log","timestamp":1725247779728,"level":"debug","message":"Data item not defined for this template.","meta":{"rootId":"0muhe9x32vxufhg","id":"0muhe9x32vxufhg"},"id":"k6mrgqei89iyxpc","previousOperationId":"zssddz0klrhjc23"}
{"type":"log","timestamp":1725247779729,"level":"debug","message":"Base url not specified, skipping its injection.","meta":{"rootId":"0muhe9x32vxufhg","id":"0muhe9x32vxufhg"},"id":"qqwdbav9voj90xy","previousOperationId":"zssddz0klrhjc23"}
{"type":"log","timestamp":1725247779737,"level":"debug","message":"Replaced assets [\"KhmerOSSiemreapRegular.ttf\",\"KhmerOSMuolLightRegular.ttf\",\"times_new_roman.ttf\",\"Tacteing.ttf\",\"limons1l.ttf\",\"arial.ttf\",\"/asset/images/draft-km.png\"]","meta":{"rootId":"0muhe9x32vxufhg","id":"0muhe9x32vxufhg"},"id":"2zrw3l7tlv14iqv","previousOperationId":"zssddz0klrhjc23"}
{"type":"operationStart","subtype":"engine","name":"handlebars","timestamp":1725247779738,"id":"rjdonrcfc6g4kec","previousEventId":"4au5vsc4uhl5ql3","operationId":"73mf1wjv0xnesu1","previousOperationId":"zssddz0klrhjc23"}
{"type":"log","timestamp":1725247779738,"level":"debug","message":"Rendering engine handlebars","meta":{"rootId":"0muhe9x32vxufhg","id":"0muhe9x32vxufhg"},"id":"z0xuv2rqphu7n9i","previousOperationId":"73mf1wjv0xnesu1"}
{"type":"operationEnd","operationId":"73mf1wjv0xnesu1","timestamp":1725247779770,"id":"d8tzb81rttx26kd","previousEventId":"rjdonrcfc6g4kec","previousOperationId":"73mf1wjv0xnesu1"}
{"type":"operationStart","subtype":"recipe","name":"chrome-pdf","timestamp":1725247779781,"id":"l8nhbt9gkaepcs1","previousEventId":"d8tzb81rttx26kd","operationId":"867ox6xk5tqx89m","previousOperationId":"73mf1wjv0xnesu1"}
{"type":"log","timestamp":1725247779781,"level":"debug","message":"Executing recipe chrome-pdf","meta":{"rootId":"0muhe9x32vxufhg","id":"0muhe9x32vxufhg"},"id":"0u8eap8hfxxl7uo","previousOperationId":"867ox6xk5tqx89m"}
{"type":"log","timestamp":1725247779785,"level":"debug","message":"Converting with chrome Chrome/127.0.6533.99 using chrome-pool strategy","meta":{"rootId":"0muhe9x32vxufhg","id":"0muhe9x32vxufhg"},"id":"8f0xge4xyqylzhh","previousOperationId":"867ox6xk5tqx89m"}
{"type":"log","timestamp":1725247779831,"level":"debug","message":"Page request: GET (document) file:///C:/Users/shsmo/AppData/Local/Temp/jsreport/autocleanup/5c2bea85-c820-48c5-bafb-8a59296df615-chrome-pdf.html","meta":{"rootId":"0muhe9x32vxufhg","id":"0muhe9x32vxufhg"},"id":"34y350jrf7kv42v","previousOperationId":"867ox6xk5tqx89m"}
{"type":"log","timestamp":1725247780061,"level":"debug","message":"Page request: GET (stylesheet) https://cdnjs.cloudflare.com/ajax/libs/font-awesome/4.7.0/css/font-awesome.min.css","meta":{"rootId":"0muhe9x32vxufhg","id":"0muhe9x32vxufhg"},"id":"pgyktmxijz0kbcn","previousOperationId":"867ox6xk5tqx89m"}
{"type":"log","timestamp":1725247780071,"level":"debug","message":"Page request finished: GET (stylesheet) 200 https://cdnjs.cloudflare.com/ajax/libs/font-awesome/4.7.0/css/font-awesome.min.css","meta":{"rootId":"0muhe9x32vxufhg","id":"0muhe9x32vxufhg"},"id":"1kkpu7aihowfdsn","previousOperationId":"867ox6xk5tqx89m"}
{"type":"log","timestamp":1725247780076,"level":"debug","message":"Page request finished: GET (document) 200 file:///C:/Users/shsmo/AppData/Local/Temp/jsreport/autocleanup/5c2bea85-c820-48c5-bafb-8a59296df615-chrome-pdf.html","meta":{"rootId":"0muhe9x32vxufhg","id":"0muhe9x32vxufhg"},"id":"iflmsyhcwj85pso","previousOperationId":"867ox6xk5tqx89m"}
{"type":"log","timestamp":1725247780094,"level":"debug","message":"Page request: GET (script) https://cdn.tailwindcss.com/","meta":{"rootId":"0muhe9x32vxufhg","id":"0muhe9x32vxufhg"},"id":"4yqcgeyqfoyvkc9","previousOperationId":"867ox6xk5tqx89m"}
{"type":"log","timestamp":1725247780094,"level":"debug","message":"Page request: GET (script) https://cdnjs.cloudflare.com/ajax/libs/lodash.js/4.17.11/lodash.min.js","meta":{"rootId":"0muhe9x32vxufhg","id":"0muhe9x32vxufhg"},"id":"nfd8cbyrx7rthga","previousOperationId":"867ox6xk5tqx89m"}
{"type":"log","timestamp":1725247780094,"level":"debug","message":"Page request: GET (script) https://unpkg.com/chart.js@2.7.3/dist/Chart.min.js","meta":{"rootId":"0muhe9x32vxufhg","id":"0muhe9x32vxufhg"},"id":"dtk9b6frfjxnhuy","previousOperationId":"867ox6xk5tqx89m"}
{"type":"log","timestamp":1725247780099,"level":"warn","message":"Page request failed: GET (script) 302 https://cdn.tailwindcss.com/ (redirect to: /3.4.5)","meta":{"rootId":"0muhe9x32vxufhg","id":"0muhe9x32vxufhg"},"id":"ancahfxwkx03o0f","previousOperationId":"867ox6xk5tqx89m"}
{"type":"log","timestamp":1725247780099,"level":"debug","message":"Page request: GET (script) https://cdn.tailwindcss.com/3.4.5 (redirect from: https://cdn.tailwindcss.com/)","meta":{"rootId":"0muhe9x32vxufhg","id":"0muhe9x32vxufhg"},"id":"vouclzegvnfmnor","previousOperationId":"867ox6xk5tqx89m"}
{"type":"log","timestamp":1725247780103,"level":"debug","message":"Page request finished: GET (script) 200 https://cdnjs.cloudflare.com/ajax/libs/lodash.js/4.17.11/lodash.min.js","meta":{"rootId":"0muhe9x32vxufhg","id":"0muhe9x32vxufhg"},"id":"z1smy995tlaa9zx","previousOperationId":"867ox6xk5tqx89m"}
{"type":"log","timestamp":1725247780104,"level":"debug","message":"Page request finished: GET (script) 200 https://unpkg.com/chart.js@2.7.3/dist/Chart.min.js","meta":{"rootId":"0muhe9x32vxufhg","id":"0muhe9x32vxufhg"},"id":"95b1nknn7ojpr6w","previousOperationId":"867ox6xk5tqx89m"}
{"type":"log","timestamp":1725247780116,"level":"debug","message":"Page request finished: GET (script) 200 https://cdn.tailwindcss.com/3.4.5","meta":{"rootId":"0muhe9x32vxufhg","id":"0muhe9x32vxufhg"},"id":"xg7m9faj6a0hqe8","previousOperationId":"867ox6xk5tqx89m"}
{"type":"log","timestamp":1725247780163,"level":"debug","message":"(console:warn) cdn.tailwindcss.com should not be used in production. To use Tailwind CSS in production, install it as a PostCSS plugin or use the Tailwind CLI: https://tailwindcss.com/docs/installation","meta":{"userLevel":true,"rootId":"0muhe9x32vxufhg","id":"0muhe9x32vxufhg"},"id":"xy7i7w9tartfdjc","previousOperationId":"867ox6xk5tqx89m"}
{"type":"log","timestamp":1725247780264,"level":"debug","message":"Running chrome with params {\"printBackground\":true,\"format\":\"A4\",\"marginTop\":\"1cm\",\"marginBottom\":\"2cm\",\"timeout\":59937,\"margin\":{\"top\":\"1cm\",\"bottom\":\"2cm\"}}","meta":{"rootId":"0muhe9x32vxufhg","id":"0muhe9x32vxufhg"},"id":"w1nivxwpuezc4i5","previousOperationId":"867ox6xk5tqx89m"}
{"type":"operationEnd","operationId":"867ox6xk5tqx89m","timestamp":1725247780364,"id":"wdv1r2fv30cxh1t","previousEventId":"l8nhbt9gkaepcs1","previousOperationId":"867ox6xk5tqx89m"}
{"type":"log","timestamp":1725247780364,"level":"debug","message":"Skipping storing report.","meta":{"rootId":"0muhe9x32vxufhg","id":"0muhe9x32vxufhg"},"id":"nt1mcxz39opv0xl","previousOperationId":"867ox6xk5tqx89m"}
{"type":"log","timestamp":1725247780364,"level":"info","message":"Rendering request 38 finished in 642 ms","meta":{"rootId":"0muhe9x32vxufhg","id":"0muhe9x32vxufhg"},"id":"msjajj6fckh1fcd","previousOperationId":"867ox6xk5tqx89m"}
{"type":"operationEnd","subtype":"render","operationId":"zssddz0klrhjc23","timestamp":1725247780364,"id":"sngwm43gsy3692s","previousEventId":"wdv1r2fv30cxh1t","previousOperationId":"867ox6xk5tqx89m"}
{"type":"operationEnd","doDiffs":false,"previousEventId":"agh97qqi2k9p1ip","previousOperationId":"wn7pwgvqb47i2yb","operationId":"wn7pwgvqb47i2yb","timestamp":1725247780366,"id":"msf2vp6yc69xrs0"}
