{"type":"operationStart","subtype":"profile","data":{"_id":"Yp68PwSty7LIejHV","timestamp":"2024-09-02T03:27:09.803Z","state":"queued","mode":"standard","creationDate":"2024-09-02T03:27:09.804Z","modificationDate":"2024-09-02T03:27:09.804Z","shortid":"iQ88uK_","inheritedReadPermissions":[],"inheritedEditPermissions":[],"$entitySet":"profiles"},"doDiffs":false,"timestamp":1725247629803,"id":"48wkrm44yfw5eok","previousOperationId":null,"operationId":"yvoo7aq29l9qdwt"}
{"type":"log","level":"info","message":"Render request 32 queued for execution and waiting for available worker","previousOperationId":"yvoo7aq29l9qdwt","timestamp":1725247629803,"id":"l5xrwyczbkvcwd5"}
{"type":"operationStart","subtype":"render","name":"chart_templates","previousOperationId":"yvoo7aq29l9qdwt","timestamp":1725247629809,"id":"9pge5xn1fdbmr9n","previousEventId":"48wkrm44yfw5eok","operationId":"gtmy4sjauzp53ma"}
{"type":"log","timestamp":1725247629809,"level":"info","message":"Starting rendering request 32 (user: admin)","meta":{"rootId":"1pzf2veh7gy2ihp","id":"1pzf2veh7gy2ihp"},"id":"fadb9ovnk25ygaq","previousOperationId":"gtmy4sjauzp53ma"}
{"type":"log","timestamp":1725247629809,"level":"info","message":"Rendering template { name: chart_templates, recipe: chrome-pdf, engine: handlebars, preview: true }","meta":{"rootId":"1pzf2veh7gy2ihp","id":"1pzf2veh7gy2ihp"},"id":"oy9520jw64lzhxk","previousOperationId":"gtmy4sjauzp53ma"}
{"type":"log","timestamp":1725247629810,"level":"debug","message":"Data item not defined for this template.","meta":{"rootId":"1pzf2veh7gy2ihp","id":"1pzf2veh7gy2ihp"},"id":"aiqdebmse7ccxgi","previousOperationId":"gtmy4sjauzp53ma"}
{"type":"log","timestamp":1725247629814,"level":"debug","message":"Base url not specified, skipping its injection.","meta":{"rootId":"1pzf2veh7gy2ihp","id":"1pzf2veh7gy2ihp"},"id":"y4ftqvxl4my3cak","previousOperationId":"gtmy4sjauzp53ma"}
{"type":"log","timestamp":1725247629821,"level":"debug","message":"Replaced assets [\"KhmerOSSiemreapRegular.ttf\",\"KhmerOSMuolLightRegular.ttf\",\"times_new_roman.ttf\",\"Tacteing.ttf\",\"limons1l.ttf\",\"arial.ttf\",\"/asset/images/draft-km.png\"]","meta":{"rootId":"1pzf2veh7gy2ihp","id":"1pzf2veh7gy2ihp"},"id":"pmueccbp1h8ysj9","previousOperationId":"gtmy4sjauzp53ma"}
{"type":"operationStart","subtype":"engine","name":"handlebars","timestamp":1725247629822,"id":"en1ruuwbgxis9xq","previousEventId":"9pge5xn1fdbmr9n","operationId":"j84eiyy0ur14uy5","previousOperationId":"gtmy4sjauzp53ma"}
{"type":"log","timestamp":1725247629822,"level":"debug","message":"Rendering engine handlebars","meta":{"rootId":"1pzf2veh7gy2ihp","id":"1pzf2veh7gy2ihp"},"id":"k15zsqflg4xjz0y","previousOperationId":"j84eiyy0ur14uy5"}
{"type":"operationEnd","operationId":"j84eiyy0ur14uy5","timestamp":1725247629851,"id":"vw9n9o9i820mpxr","previousEventId":"en1ruuwbgxis9xq","previousOperationId":"j84eiyy0ur14uy5"}
{"type":"operationStart","subtype":"recipe","name":"chrome-pdf","timestamp":1725247629862,"id":"8by0hljpbyai5ct","previousEventId":"vw9n9o9i820mpxr","operationId":"oz5e8aoakme6oqt","previousOperationId":"j84eiyy0ur14uy5"}
{"type":"log","timestamp":1725247629862,"level":"debug","message":"Executing recipe chrome-pdf","meta":{"rootId":"1pzf2veh7gy2ihp","id":"1pzf2veh7gy2ihp"},"id":"1j5lvbzzbybj4mt","previousOperationId":"oz5e8aoakme6oqt"}
{"type":"log","timestamp":1725247629868,"level":"debug","message":"Converting with chrome Chrome/127.0.6533.99 using chrome-pool strategy","meta":{"rootId":"1pzf2veh7gy2ihp","id":"1pzf2veh7gy2ihp"},"id":"4wyvucncb789161","previousOperationId":"oz5e8aoakme6oqt"}
{"type":"log","timestamp":1725247629912,"level":"debug","message":"Page request: GET (document) file:///C:/Users/shsmo/AppData/Local/Temp/jsreport/autocleanup/7ceaa0fc-2492-480a-bf9e-a01823c1c1c7-chrome-pdf.html","meta":{"rootId":"1pzf2veh7gy2ihp","id":"1pzf2veh7gy2ihp"},"id":"pme4ptwa48fqcck","previousOperationId":"oz5e8aoakme6oqt"}
{"type":"log","timestamp":1725247630138,"level":"debug","message":"Page request: GET (stylesheet) https://cdnjs.cloudflare.com/ajax/libs/font-awesome/4.7.0/css/font-awesome.min.css","meta":{"rootId":"1pzf2veh7gy2ihp","id":"1pzf2veh7gy2ihp"},"id":"dfdzwpl2xi3qp2f","previousOperationId":"oz5e8aoakme6oqt"}
{"type":"log","timestamp":1725247630148,"level":"debug","message":"Page request finished: GET (document) 200 file:///C:/Users/shsmo/AppData/Local/Temp/jsreport/autocleanup/7ceaa0fc-2492-480a-bf9e-a01823c1c1c7-chrome-pdf.html","meta":{"rootId":"1pzf2veh7gy2ihp","id":"1pzf2veh7gy2ihp"},"id":"326808u326flocj","previousOperationId":"oz5e8aoakme6oqt"}
{"type":"log","timestamp":1725247630149,"level":"debug","message":"Page request finished: GET (stylesheet) 200 https://cdnjs.cloudflare.com/ajax/libs/font-awesome/4.7.0/css/font-awesome.min.css","meta":{"rootId":"1pzf2veh7gy2ihp","id":"1pzf2veh7gy2ihp"},"id":"iz3qap8h9ig83f2","previousOperationId":"oz5e8aoakme6oqt"}
{"type":"log","timestamp":1725247630166,"level":"debug","message":"Page request: GET (script) https://cdn.tailwindcss.com/","meta":{"rootId":"1pzf2veh7gy2ihp","id":"1pzf2veh7gy2ihp"},"id":"a2xbqw1xbggt5jq","previousOperationId":"oz5e8aoakme6oqt"}
{"type":"log","timestamp":1725247630166,"level":"debug","message":"Page request: GET (script) https://cdnjs.cloudflare.com/ajax/libs/lodash.js/4.17.11/lodash.min.js","meta":{"rootId":"1pzf2veh7gy2ihp","id":"1pzf2veh7gy2ihp"},"id":"60bby15j7iq6b7i","previousOperationId":"oz5e8aoakme6oqt"}
{"type":"log","timestamp":1725247630167,"level":"debug","message":"Page request: GET (script) https://unpkg.com/chart.js@2.7.3/dist/Chart.min.js","meta":{"rootId":"1pzf2veh7gy2ihp","id":"1pzf2veh7gy2ihp"},"id":"410eotiawix1ucy","previousOperationId":"oz5e8aoakme6oqt"}
{"type":"log","timestamp":1725247630170,"level":"warn","message":"Page request failed: GET (script) 302 https://cdn.tailwindcss.com/ (redirect to: /3.4.5)","meta":{"rootId":"1pzf2veh7gy2ihp","id":"1pzf2veh7gy2ihp"},"id":"3fus9rqd0dmd1pz","previousOperationId":"oz5e8aoakme6oqt"}
{"type":"log","timestamp":1725247630170,"level":"debug","message":"Page request: GET (script) https://cdn.tailwindcss.com/3.4.5 (redirect from: https://cdn.tailwindcss.com/)","meta":{"rootId":"1pzf2veh7gy2ihp","id":"1pzf2veh7gy2ihp"},"id":"p7rpwapmm6s57o2","previousOperationId":"oz5e8aoakme6oqt"}
{"type":"log","timestamp":1725247630174,"level":"debug","message":"Page request finished: GET (script) 200 https://cdnjs.cloudflare.com/ajax/libs/lodash.js/4.17.11/lodash.min.js","meta":{"rootId":"1pzf2veh7gy2ihp","id":"1pzf2veh7gy2ihp"},"id":"tr3dabwe3mktvlg","previousOperationId":"oz5e8aoakme6oqt"}
{"type":"log","timestamp":1725247630174,"level":"debug","message":"Page request finished: GET (script) 200 https://unpkg.com/chart.js@2.7.3/dist/Chart.min.js","meta":{"rootId":"1pzf2veh7gy2ihp","id":"1pzf2veh7gy2ihp"},"id":"o24ar9csosj67to","previousOperationId":"oz5e8aoakme6oqt"}
{"type":"log","timestamp":1725247630184,"level":"debug","message":"Page request finished: GET (script) 200 https://cdn.tailwindcss.com/3.4.5","meta":{"rootId":"1pzf2veh7gy2ihp","id":"1pzf2veh7gy2ihp"},"id":"surds0r0fwvbijc","previousOperationId":"oz5e8aoakme6oqt"}
{"type":"log","timestamp":1725247630223,"level":"debug","message":"(console:warn) cdn.tailwindcss.com should not be used in production. To use Tailwind CSS in production, install it as a PostCSS plugin or use the Tailwind CLI: https://tailwindcss.com/docs/installation","meta":{"userLevel":true,"rootId":"1pzf2veh7gy2ihp","id":"1pzf2veh7gy2ihp"},"id":"dy8lsg2pkrygsb4","previousOperationId":"oz5e8aoakme6oqt"}
{"type":"log","timestamp":1725247630295,"level":"warn","message":"Page error: Cannot read properties of null (reading 'getContext') , stack: TypeError: Cannot read properties of null (reading 'getContext')\n    at <anonymous> (file:///C:/Users/shsmo/AppData/Local/Temp/jsreport/autocleanup/7ceaa0fc-2492-480a-bf9e-a01823c1c1c7-chrome-pdf.html:200:53)","meta":{"rootId":"1pzf2veh7gy2ihp","id":"1pzf2veh7gy2ihp"},"id":"r1a4jv8xeniszkc","previousOperationId":"oz5e8aoakme6oqt"}
{"type":"log","timestamp":1725247630297,"level":"debug","message":"Running chrome with params {\"printBackground\":true,\"format\":\"A4\",\"marginTop\":\"1cm\",\"marginBottom\":\"2cm\",\"timeout\":59936,\"margin\":{\"top\":\"1cm\",\"bottom\":\"2cm\"}}","meta":{"rootId":"1pzf2veh7gy2ihp","id":"1pzf2veh7gy2ihp"},"id":"w5vv624e2ilfewp","previousOperationId":"oz5e8aoakme6oqt"}
{"type":"operationEnd","operationId":"oz5e8aoakme6oqt","timestamp":1725247630339,"id":"0b8u2bnm51s3xxz","previousEventId":"8by0hljpbyai5ct","previousOperationId":"oz5e8aoakme6oqt"}
{"type":"log","timestamp":1725247630339,"level":"debug","message":"Skipping storing report.","meta":{"rootId":"1pzf2veh7gy2ihp","id":"1pzf2veh7gy2ihp"},"id":"avpivpbvz2jw063","previousOperationId":"oz5e8aoakme6oqt"}
{"type":"log","timestamp":1725247630339,"level":"info","message":"Rendering request 32 finished in 536 ms","meta":{"rootId":"1pzf2veh7gy2ihp","id":"1pzf2veh7gy2ihp"},"id":"qydu63ihmwgu58l","previousOperationId":"oz5e8aoakme6oqt"}
{"type":"operationEnd","subtype":"render","operationId":"gtmy4sjauzp53ma","timestamp":1725247630339,"id":"xqwy9b7cb1cdrao","previousEventId":"0b8u2bnm51s3xxz","previousOperationId":"oz5e8aoakme6oqt"}
{"type":"operationEnd","doDiffs":false,"previousEventId":"48wkrm44yfw5eok","previousOperationId":"yvoo7aq29l9qdwt","operationId":"yvoo7aq29l9qdwt","timestamp":1725247630343,"id":"ixhsutnwt27khe3"}
