{"type":"operationStart","subtype":"profile","data":{"_id":"UKga0ecXkPkztssK","timestamp":"2024-09-02T03:29:49.463Z","state":"queued","mode":"standard","creationDate":"2024-09-02T03:29:49.464Z","modificationDate":"2024-09-02T03:29:49.464Z","shortid":"czo8bMQ","inheritedReadPermissions":[],"inheritedEditPermissions":[],"$entitySet":"profiles"},"doDiffs":false,"timestamp":1725247789463,"id":"y588nqre5ajlq9a","previousOperationId":null,"operationId":"zn8milb0j24bc04"}
{"type":"log","level":"info","message":"Render request 39 queued for execution and waiting for available worker","previousOperationId":"zn8milb0j24bc04","timestamp":1725247789463,"id":"fmo38mg777kfo02"}
{"type":"operationStart","subtype":"render","name":"chart_templates","previousOperationId":"zn8milb0j24bc04","timestamp":1725247789470,"id":"m0u08bra4e4tx0s","previousEventId":"y588nqre5ajlq9a","operationId":"66m5fm9wlup97dg"}
{"type":"log","timestamp":1725247789470,"level":"info","message":"Starting rendering request 39 (user: admin)","meta":{"rootId":"1rbkjz20l2ksalr","id":"1rbkjz20l2ksalr"},"id":"mwabyclrwle0iks","previousOperationId":"66m5fm9wlup97dg"}
{"type":"log","timestamp":1725247789470,"level":"info","message":"Rendering template { name: chart_templates, recipe: chrome-pdf, engine: handlebars, preview: true }","meta":{"rootId":"1rbkjz20l2ksalr","id":"1rbkjz20l2ksalr"},"id":"fx87irzjdyirzdi","previousOperationId":"66m5fm9wlup97dg"}
{"type":"log","timestamp":1725247789471,"level":"debug","message":"Data item not defined for this template.","meta":{"rootId":"1rbkjz20l2ksalr","id":"1rbkjz20l2ksalr"},"id":"pws1nk6ur2835ch","previousOperationId":"66m5fm9wlup97dg"}
{"type":"log","timestamp":1725247789472,"level":"debug","message":"Base url not specified, skipping its injection.","meta":{"rootId":"1rbkjz20l2ksalr","id":"1rbkjz20l2ksalr"},"id":"q13kicnux2ld0wt","previousOperationId":"66m5fm9wlup97dg"}
{"type":"log","timestamp":1725247789478,"level":"debug","message":"Replaced assets [\"KhmerOSSiemreapRegular.ttf\",\"KhmerOSMuolLightRegular.ttf\",\"times_new_roman.ttf\",\"Tacteing.ttf\",\"limons1l.ttf\",\"arial.ttf\",\"/asset/images/draft-km.png\"]","meta":{"rootId":"1rbkjz20l2ksalr","id":"1rbkjz20l2ksalr"},"id":"q0ii0n0zfjmvz0a","previousOperationId":"66m5fm9wlup97dg"}
{"type":"operationStart","subtype":"engine","name":"handlebars","timestamp":1725247789479,"id":"x4wqg4ruj4c8i2c","previousEventId":"m0u08bra4e4tx0s","operationId":"h09f4h2fa0s7k0u","previousOperationId":"66m5fm9wlup97dg"}
{"type":"log","timestamp":1725247789479,"level":"debug","message":"Rendering engine handlebars","meta":{"rootId":"1rbkjz20l2ksalr","id":"1rbkjz20l2ksalr"},"id":"3153cb6kg4we3i0","previousOperationId":"h09f4h2fa0s7k0u"}
{"type":"operationEnd","operationId":"h09f4h2fa0s7k0u","timestamp":1725247789514,"id":"8q0cwtu8qn92y18","previousEventId":"x4wqg4ruj4c8i2c","previousOperationId":"h09f4h2fa0s7k0u"}
{"type":"operationStart","subtype":"recipe","name":"chrome-pdf","timestamp":1725247789524,"id":"i9mfgifu6rqr4kk","previousEventId":"8q0cwtu8qn92y18","operationId":"w37cwk87uonrjtt","previousOperationId":"h09f4h2fa0s7k0u"}
{"type":"log","timestamp":1725247789524,"level":"debug","message":"Executing recipe chrome-pdf","meta":{"rootId":"1rbkjz20l2ksalr","id":"1rbkjz20l2ksalr"},"id":"vq4babtyfjnfaij","previousOperationId":"w37cwk87uonrjtt"}
{"type":"log","timestamp":1725247789529,"level":"debug","message":"Converting with chrome Chrome/127.0.6533.99 using chrome-pool strategy","meta":{"rootId":"1rbkjz20l2ksalr","id":"1rbkjz20l2ksalr"},"id":"r0ods0rvjhllyjq","previousOperationId":"w37cwk87uonrjtt"}
{"type":"log","timestamp":1725247789568,"level":"debug","message":"Page request: GET (document) file:///C:/Users/shsmo/AppData/Local/Temp/jsreport/autocleanup/394e1895-42aa-4390-b5e0-1075aeaa686b-chrome-pdf.html","meta":{"rootId":"1rbkjz20l2ksalr","id":"1rbkjz20l2ksalr"},"id":"ziphhx72pozeh5c","previousOperationId":"w37cwk87uonrjtt"}
{"type":"log","timestamp":1725247789804,"level":"debug","message":"Page request: GET (stylesheet) https://cdnjs.cloudflare.com/ajax/libs/font-awesome/4.7.0/css/font-awesome.min.css","meta":{"rootId":"1rbkjz20l2ksalr","id":"1rbkjz20l2ksalr"},"id":"sj5wqvstauxnkaa","previousOperationId":"w37cwk87uonrjtt"}
{"type":"log","timestamp":1725247789813,"level":"debug","message":"Page request finished: GET (document) 200 file:///C:/Users/shsmo/AppData/Local/Temp/jsreport/autocleanup/394e1895-42aa-4390-b5e0-1075aeaa686b-chrome-pdf.html","meta":{"rootId":"1rbkjz20l2ksalr","id":"1rbkjz20l2ksalr"},"id":"t44cmye53y6f088","previousOperationId":"w37cwk87uonrjtt"}
{"type":"log","timestamp":1725247789814,"level":"debug","message":"Page request finished: GET (stylesheet) 200 https://cdnjs.cloudflare.com/ajax/libs/font-awesome/4.7.0/css/font-awesome.min.css","meta":{"rootId":"1rbkjz20l2ksalr","id":"1rbkjz20l2ksalr"},"id":"mcpzk1mrs82daou","previousOperationId":"w37cwk87uonrjtt"}
{"type":"log","timestamp":1725247789830,"level":"debug","message":"Page request: GET (script) https://cdn.tailwindcss.com/","meta":{"rootId":"1rbkjz20l2ksalr","id":"1rbkjz20l2ksalr"},"id":"7jzee199brwq1hh","previousOperationId":"w37cwk87uonrjtt"}
{"type":"log","timestamp":1725247789831,"level":"debug","message":"Page request: GET (script) https://cdnjs.cloudflare.com/ajax/libs/lodash.js/4.17.11/lodash.min.js","meta":{"rootId":"1rbkjz20l2ksalr","id":"1rbkjz20l2ksalr"},"id":"dqey1smehjw9a5o","previousOperationId":"w37cwk87uonrjtt"}
{"type":"log","timestamp":1725247789831,"level":"debug","message":"Page request: GET (script) https://unpkg.com/chart.js@2.7.3/dist/Chart.min.js","meta":{"rootId":"1rbkjz20l2ksalr","id":"1rbkjz20l2ksalr"},"id":"6cyhklme2ge3r3l","previousOperationId":"w37cwk87uonrjtt"}
{"type":"log","timestamp":1725247789834,"level":"warn","message":"Page request failed: GET (script) 302 https://cdn.tailwindcss.com/ (redirect to: /3.4.5)","meta":{"rootId":"1rbkjz20l2ksalr","id":"1rbkjz20l2ksalr"},"id":"8rl3cgntiouiniw","previousOperationId":"w37cwk87uonrjtt"}
{"type":"log","timestamp":1725247789834,"level":"debug","message":"Page request: GET (script) https://cdn.tailwindcss.com/3.4.5 (redirect from: https://cdn.tailwindcss.com/)","meta":{"rootId":"1rbkjz20l2ksalr","id":"1rbkjz20l2ksalr"},"id":"59842obp8tih188","previousOperationId":"w37cwk87uonrjtt"}
{"type":"log","timestamp":1725247789837,"level":"debug","message":"Page request finished: GET (script) 200 https://cdnjs.cloudflare.com/ajax/libs/lodash.js/4.17.11/lodash.min.js","meta":{"rootId":"1rbkjz20l2ksalr","id":"1rbkjz20l2ksalr"},"id":"g8rw4st9oupjagx","previousOperationId":"w37cwk87uonrjtt"}
{"type":"log","timestamp":1725247789839,"level":"debug","message":"Page request finished: GET (script) 200 https://unpkg.com/chart.js@2.7.3/dist/Chart.min.js","meta":{"rootId":"1rbkjz20l2ksalr","id":"1rbkjz20l2ksalr"},"id":"ijcnfy9bwzixi75","previousOperationId":"w37cwk87uonrjtt"}
{"type":"log","timestamp":1725247789849,"level":"debug","message":"Page request finished: GET (script) 200 https://cdn.tailwindcss.com/3.4.5","meta":{"rootId":"1rbkjz20l2ksalr","id":"1rbkjz20l2ksalr"},"id":"ijrw3m8x5v9k8qu","previousOperationId":"w37cwk87uonrjtt"}
{"type":"log","timestamp":1725247789888,"level":"debug","message":"(console:warn) cdn.tailwindcss.com should not be used in production. To use Tailwind CSS in production, install it as a PostCSS plugin or use the Tailwind CLI: https://tailwindcss.com/docs/installation","meta":{"userLevel":true,"rootId":"1rbkjz20l2ksalr","id":"1rbkjz20l2ksalr"},"id":"hst5ngahz0e016k","previousOperationId":"w37cwk87uonrjtt"}
{"type":"log","timestamp":1725247789983,"level":"debug","message":"Running chrome with params {\"printBackground\":true,\"format\":\"A4\",\"marginTop\":\"1cm\",\"marginBottom\":\"2cm\",\"timeout\":59935,\"margin\":{\"top\":\"1cm\",\"bottom\":\"2cm\"}}","meta":{"rootId":"1rbkjz20l2ksalr","id":"1rbkjz20l2ksalr"},"id":"qi0mc5q9w6143bc","previousOperationId":"w37cwk87uonrjtt"}
{"type":"operationEnd","operationId":"w37cwk87uonrjtt","timestamp":1725247790060,"id":"pqh0ok8qwrhmjlc","previousEventId":"i9mfgifu6rqr4kk","previousOperationId":"w37cwk87uonrjtt"}
{"type":"log","timestamp":1725247790060,"level":"debug","message":"Skipping storing report.","meta":{"rootId":"1rbkjz20l2ksalr","id":"1rbkjz20l2ksalr"},"id":"vccrdrv9230q5qw","previousOperationId":"w37cwk87uonrjtt"}
{"type":"log","timestamp":1725247790060,"level":"info","message":"Rendering request 39 finished in 597 ms","meta":{"rootId":"1rbkjz20l2ksalr","id":"1rbkjz20l2ksalr"},"id":"z1ty76a3l9b3yds","previousOperationId":"w37cwk87uonrjtt"}
{"type":"operationEnd","subtype":"render","operationId":"66m5fm9wlup97dg","timestamp":1725247790060,"id":"l9ph0urityofr8m","previousEventId":"pqh0ok8qwrhmjlc","previousOperationId":"w37cwk87uonrjtt"}
{"type":"operationEnd","doDiffs":false,"previousEventId":"y588nqre5ajlq9a","previousOperationId":"zn8milb0j24bc04","operationId":"zn8milb0j24bc04","timestamp":1725247790063,"id":"zxv01lf8igl1rqe"}
