{"type":"operationStart","subtype":"profile","data":{"_id":"NaS679lHQyzeUs8c","timestamp":"2024-09-02T03:15:05.411Z","state":"queued","mode":"standard","creationDate":"2024-09-02T03:15:05.413Z","modificationDate":"2024-09-02T03:15:05.413Z","shortid":"Ur7Z66y","inheritedReadPermissions":[],"inheritedEditPermissions":[],"$entitySet":"profiles"},"doDiffs":false,"timestamp":1725246905412,"id":"r2t7knybjtov8qv","previousOperationId":null,"operationId":"8zhyre2bn648fg5"}
{"type":"log","level":"info","message":"Render request 7 queued for execution and waiting for available worker","previousOperationId":"8zhyre2bn648fg5","timestamp":1725246905412,"id":"75aq8eb2bvu6ym0"}
{"type":"operationStart","subtype":"render","name":"chart_templates","previousOperationId":"8zhyre2bn648fg5","timestamp":1725246905421,"id":"gmdzca1f4tmemgr","previousEventId":"r2t7knybjtov8qv","operationId":"k7tizstotvxp19e"}
{"type":"log","timestamp":1725246905421,"level":"info","message":"Starting rendering request 7 (user: admin)","meta":{"rootId":"2op0ivchch792bt","id":"2op0ivchch792bt"},"id":"0pjyag9woa00izv","previousOperationId":"k7tizstotvxp19e"}
{"type":"log","timestamp":1725246905421,"level":"info","message":"Rendering template { name: chart_templates, recipe: chrome-pdf, engine: handlebars, preview: true }","meta":{"rootId":"2op0ivchch792bt","id":"2op0ivchch792bt"},"id":"ssga3qmd01xu2b1","previousOperationId":"k7tizstotvxp19e"}
{"type":"log","timestamp":1725246905422,"level":"debug","message":"Data item not defined for this template.","meta":{"rootId":"2op0ivchch792bt","id":"2op0ivchch792bt"},"id":"t8p4ltun7lvjxzv","previousOperationId":"k7tizstotvxp19e"}
{"type":"log","timestamp":1725246905423,"level":"debug","message":"Base url not specified, skipping its injection.","meta":{"rootId":"2op0ivchch792bt","id":"2op0ivchch792bt"},"id":"kb0gy5armst3bt5","previousOperationId":"k7tizstotvxp19e"}
{"type":"log","timestamp":1725246905431,"level":"debug","message":"Replaced assets [\"KhmerOSSiemreapRegular.ttf\",\"KhmerOSMuolLightRegular.ttf\",\"times_new_roman.ttf\",\"Tacteing.ttf\",\"limons1l.ttf\",\"arial.ttf\",\"/asset/images/draft-km.png\"]","meta":{"rootId":"2op0ivchch792bt","id":"2op0ivchch792bt"},"id":"pwegrop6abrgbuu","previousOperationId":"k7tizstotvxp19e"}
{"type":"operationStart","subtype":"engine","name":"handlebars","timestamp":1725246905432,"id":"eka6zieyqk3onv9","previousEventId":"gmdzca1f4tmemgr","operationId":"j1p4xgx7e5opvhz","previousOperationId":"k7tizstotvxp19e"}
{"type":"log","timestamp":1725246905432,"level":"debug","message":"Rendering engine handlebars","meta":{"rootId":"2op0ivchch792bt","id":"2op0ivchch792bt"},"id":"0u2eg7pbkncsck9","previousOperationId":"j1p4xgx7e5opvhz"}
{"type":"operationEnd","operationId":"j1p4xgx7e5opvhz","timestamp":1725246905465,"id":"c0a4azvd1teeduc","previousEventId":"eka6zieyqk3onv9","previousOperationId":"j1p4xgx7e5opvhz"}
{"type":"operationStart","subtype":"recipe","name":"chrome-pdf","timestamp":1725246905476,"id":"5dv03eiznp05pgr","previousEventId":"c0a4azvd1teeduc","operationId":"l3l51h6tftwky1l","previousOperationId":"j1p4xgx7e5opvhz"}
{"type":"log","timestamp":1725246905476,"level":"debug","message":"Executing recipe chrome-pdf","meta":{"rootId":"2op0ivchch792bt","id":"2op0ivchch792bt"},"id":"740ro4prs721btq","previousOperationId":"l3l51h6tftwky1l"}
{"type":"log","timestamp":1725246905480,"level":"debug","message":"Converting with chrome Chrome/127.0.6533.99 using chrome-pool strategy","meta":{"rootId":"2op0ivchch792bt","id":"2op0ivchch792bt"},"id":"4b9hz9qb9bk2zxu","previousOperationId":"l3l51h6tftwky1l"}
{"type":"log","timestamp":1725246905531,"level":"debug","message":"Page request: GET (document) file:///C:/Users/shsmo/AppData/Local/Temp/jsreport/autocleanup/3e1b3760-52ac-4cfd-a2a1-cb95045804b9-chrome-pdf.html","meta":{"rootId":"2op0ivchch792bt","id":"2op0ivchch792bt"},"id":"za6z7c6ecfit5iw","previousOperationId":"l3l51h6tftwky1l"}
{"type":"log","timestamp":1725246905735,"level":"debug","message":"Page request: GET (stylesheet) https://cdnjs.cloudflare.com/ajax/libs/font-awesome/4.7.0/css/font-awesome.min.css","meta":{"rootId":"2op0ivchch792bt","id":"2op0ivchch792bt"},"id":"4uf4r2r1xwrui40","previousOperationId":"l3l51h6tftwky1l"}
{"type":"log","timestamp":1725246905744,"level":"debug","message":"Page request finished: GET (stylesheet) 200 https://cdnjs.cloudflare.com/ajax/libs/font-awesome/4.7.0/css/font-awesome.min.css","meta":{"rootId":"2op0ivchch792bt","id":"2op0ivchch792bt"},"id":"gubryqb0vhcc4uq","previousOperationId":"l3l51h6tftwky1l"}
{"type":"log","timestamp":1725246905748,"level":"debug","message":"Page request finished: GET (document) 200 file:///C:/Users/shsmo/AppData/Local/Temp/jsreport/autocleanup/3e1b3760-52ac-4cfd-a2a1-cb95045804b9-chrome-pdf.html","meta":{"rootId":"2op0ivchch792bt","id":"2op0ivchch792bt"},"id":"tpe0w6anf0ixdzo","previousOperationId":"l3l51h6tftwky1l"}
{"type":"log","timestamp":1725246905765,"level":"debug","message":"Page request: GET (script) https://cdn.tailwindcss.com/","meta":{"rootId":"2op0ivchch792bt","id":"2op0ivchch792bt"},"id":"pfonfmy1cx0bqxf","previousOperationId":"l3l51h6tftwky1l"}
{"type":"log","timestamp":1725246905765,"level":"debug","message":"Page request: GET (script) https://cdnjs.cloudflare.com/ajax/libs/lodash.js/4.17.11/lodash.min.js","meta":{"rootId":"2op0ivchch792bt","id":"2op0ivchch792bt"},"id":"8ovc45q46hglraq","previousOperationId":"l3l51h6tftwky1l"}
{"type":"log","timestamp":1725246905765,"level":"debug","message":"Page request: GET (script) https://unpkg.com/chart.js@2.7.3/dist/Chart.min.js","meta":{"rootId":"2op0ivchch792bt","id":"2op0ivchch792bt"},"id":"nvw6cglf8tzlbuk","previousOperationId":"l3l51h6tftwky1l"}
{"type":"log","timestamp":1725246905768,"level":"warn","message":"Page request failed: GET (script) 302 https://cdn.tailwindcss.com/ (redirect to: /3.4.5)","meta":{"rootId":"2op0ivchch792bt","id":"2op0ivchch792bt"},"id":"mymbg3839akhn42","previousOperationId":"l3l51h6tftwky1l"}
{"type":"log","timestamp":1725246905768,"level":"debug","message":"Page request: GET (script) https://cdn.tailwindcss.com/3.4.5 (redirect from: https://cdn.tailwindcss.com/)","meta":{"rootId":"2op0ivchch792bt","id":"2op0ivchch792bt"},"id":"l526qecb9c6ig2b","previousOperationId":"l3l51h6tftwky1l"}
{"type":"log","timestamp":1725246905771,"level":"debug","message":"Page request finished: GET (script) 200 https://cdnjs.cloudflare.com/ajax/libs/lodash.js/4.17.11/lodash.min.js","meta":{"rootId":"2op0ivchch792bt","id":"2op0ivchch792bt"},"id":"pe5ph7l4sfkvlhj","previousOperationId":"l3l51h6tftwky1l"}
{"type":"log","timestamp":1725246905773,"level":"debug","message":"Page request finished: GET (script) 200 https://unpkg.com/chart.js@2.7.3/dist/Chart.min.js","meta":{"rootId":"2op0ivchch792bt","id":"2op0ivchch792bt"},"id":"5q5496fp8w3ricl","previousOperationId":"l3l51h6tftwky1l"}
{"type":"log","timestamp":1725246905781,"level":"debug","message":"Page request finished: GET (script) 200 https://cdn.tailwindcss.com/3.4.5","meta":{"rootId":"2op0ivchch792bt","id":"2op0ivchch792bt"},"id":"gcypojhe5xw60ot","previousOperationId":"l3l51h6tftwky1l"}
{"type":"log","timestamp":1725246905814,"level":"debug","message":"(console:warn) cdn.tailwindcss.com should not be used in production. To use Tailwind CSS in production, install it as a PostCSS plugin or use the Tailwind CLI: https://tailwindcss.com/docs/installation","meta":{"userLevel":true,"rootId":"2op0ivchch792bt","id":"2op0ivchch792bt"},"id":"nowwliszh4a63ji","previousOperationId":"l3l51h6tftwky1l"}
{"type":"log","timestamp":1725246905885,"level":"debug","message":"Running chrome with params {\"printBackground\":true,\"format\":\"A4\",\"marginTop\":\"1cm\",\"marginBottom\":\"2cm\",\"timeout\":59932,\"margin\":{\"top\":\"1cm\",\"bottom\":\"2cm\"}}","meta":{"rootId":"2op0ivchch792bt","id":"2op0ivchch792bt"},"id":"33o9ege8i9zpzce","previousOperationId":"l3l51h6tftwky1l"}
{"type":"operationEnd","operationId":"l3l51h6tftwky1l","timestamp":1725246905951,"id":"8x78krzawsh9g4s","previousEventId":"5dv03eiznp05pgr","previousOperationId":"l3l51h6tftwky1l"}
{"type":"log","timestamp":1725246905951,"level":"debug","message":"Skipping storing report.","meta":{"rootId":"2op0ivchch792bt","id":"2op0ivchch792bt"},"id":"gjpzt1sxbp671x3","previousOperationId":"l3l51h6tftwky1l"}
{"type":"log","timestamp":1725246905951,"level":"info","message":"Rendering request 7 finished in 540 ms","meta":{"rootId":"2op0ivchch792bt","id":"2op0ivchch792bt"},"id":"hgyc9ytkg9r5cpb","previousOperationId":"l3l51h6tftwky1l"}
{"type":"operationEnd","subtype":"render","operationId":"k7tizstotvxp19e","timestamp":1725246905951,"id":"xrul80lpe5oxr1v","previousEventId":"8x78krzawsh9g4s","previousOperationId":"l3l51h6tftwky1l"}
{"type":"operationEnd","doDiffs":false,"previousEventId":"r2t7knybjtov8qv","previousOperationId":"8zhyre2bn648fg5","operationId":"8zhyre2bn648fg5","timestamp":1725246905955,"id":"i2rjjbdmxc666jh"}
