{"type":"operationStart","subtype":"profile","data":{"_id":"jNH6mQXgmkfoqs0N","timestamp":"2024-09-02T03:25:03.239Z","state":"queued","mode":"standard","creationDate":"2024-09-02T03:25:03.240Z","modificationDate":"2024-09-02T03:25:03.240Z","shortid":"jNrq1En","inheritedReadPermissions":[],"inheritedEditPermissions":[],"$entitySet":"profiles"},"doDiffs":false,"timestamp":1725247503239,"id":"3qprxfkd5a2mj08","previousOperationId":null,"operationId":"okofc165z8wi2c0"}
{"type":"log","level":"info","message":"Render request 31 queued for execution and waiting for available worker","previousOperationId":"okofc165z8wi2c0","timestamp":1725247503240,"id":"a11dreke47wnzin"}
{"type":"operationStart","subtype":"render","name":"chart_templates","previousOperationId":"okofc165z8wi2c0","timestamp":1725247503246,"id":"hge2dkygpsjramv","previousEventId":"3qprxfkd5a2mj08","operationId":"y8b8j86hwx37drc"}
{"type":"log","timestamp":1725247503246,"level":"info","message":"Starting rendering request 31 (user: admin)","meta":{"rootId":"2r52q2qy8pygj9l","id":"2r52q2qy8pygj9l"},"id":"1glvlvj17vn8h5z","previousOperationId":"y8b8j86hwx37drc"}
{"type":"log","timestamp":1725247503246,"level":"info","message":"Rendering template { name: chart_templates, recipe: chrome-pdf, engine: handlebars, preview: true }","meta":{"rootId":"2r52q2qy8pygj9l","id":"2r52q2qy8pygj9l"},"id":"n1fyi8v3b0hkbvj","previousOperationId":"y8b8j86hwx37drc"}
{"type":"log","timestamp":1725247503246,"level":"debug","message":"Data item not defined for this template.","meta":{"rootId":"2r52q2qy8pygj9l","id":"2r52q2qy8pygj9l"},"id":"efe93i493hsamq4","previousOperationId":"y8b8j86hwx37drc"}
{"type":"log","timestamp":1725247503247,"level":"debug","message":"Base url not specified, skipping its injection.","meta":{"rootId":"2r52q2qy8pygj9l","id":"2r52q2qy8pygj9l"},"id":"myj49jxv9qmei0g","previousOperationId":"y8b8j86hwx37drc"}
{"type":"log","timestamp":1725247503254,"level":"debug","message":"Replaced assets [\"KhmerOSSiemreapRegular.ttf\",\"KhmerOSMuolLightRegular.ttf\",\"times_new_roman.ttf\",\"Tacteing.ttf\",\"limons1l.ttf\",\"arial.ttf\",\"/asset/images/draft-km.png\"]","meta":{"rootId":"2r52q2qy8pygj9l","id":"2r52q2qy8pygj9l"},"id":"z4yoeiymcqx2pxi","previousOperationId":"y8b8j86hwx37drc"}
{"type":"operationStart","subtype":"engine","name":"handlebars","timestamp":1725247503255,"id":"4ms506gjap82k2v","previousEventId":"hge2dkygpsjramv","operationId":"g3cxbjq5djmrsw5","previousOperationId":"y8b8j86hwx37drc"}
{"type":"log","timestamp":1725247503255,"level":"debug","message":"Rendering engine handlebars","meta":{"rootId":"2r52q2qy8pygj9l","id":"2r52q2qy8pygj9l"},"id":"wuz6thz5c0en11h","previousOperationId":"g3cxbjq5djmrsw5"}
{"type":"operationEnd","operationId":"g3cxbjq5djmrsw5","timestamp":1725247503287,"id":"n84ph21jiw9s22a","previousEventId":"4ms506gjap82k2v","previousOperationId":"g3cxbjq5djmrsw5"}
{"type":"operationStart","subtype":"recipe","name":"chrome-pdf","timestamp":1725247503298,"id":"unxse4x81d82r6x","previousEventId":"n84ph21jiw9s22a","operationId":"fo8h6ues6vvp0xq","previousOperationId":"g3cxbjq5djmrsw5"}
{"type":"log","timestamp":1725247503298,"level":"debug","message":"Executing recipe chrome-pdf","meta":{"rootId":"2r52q2qy8pygj9l","id":"2r52q2qy8pygj9l"},"id":"62hyiteh0ixz8i0","previousOperationId":"fo8h6ues6vvp0xq"}
{"type":"log","timestamp":1725247503303,"level":"debug","message":"Converting with chrome Chrome/127.0.6533.99 using chrome-pool strategy","meta":{"rootId":"2r52q2qy8pygj9l","id":"2r52q2qy8pygj9l"},"id":"cm9yqhxe1gm91yu","previousOperationId":"fo8h6ues6vvp0xq"}
{"type":"log","timestamp":1725247503386,"level":"debug","message":"Page request: GET (document) file:///C:/Users/shsmo/AppData/Local/Temp/jsreport/autocleanup/b7524e85-7e78-45db-aa0c-30beea8debf1-chrome-pdf.html","meta":{"rootId":"2r52q2qy8pygj9l","id":"2r52q2qy8pygj9l"},"id":"ety47s7ldi4dac3","previousOperationId":"fo8h6ues6vvp0xq"}
{"type":"log","timestamp":1725247503603,"level":"debug","message":"Page request: GET (stylesheet) https://cdnjs.cloudflare.com/ajax/libs/font-awesome/4.7.0/css/font-awesome.min.css","meta":{"rootId":"2r52q2qy8pygj9l","id":"2r52q2qy8pygj9l"},"id":"qle08piw9yn9dyr","previousOperationId":"fo8h6ues6vvp0xq"}
{"type":"log","timestamp":1725247503613,"level":"debug","message":"Page request finished: GET (document) 200 file:///C:/Users/shsmo/AppData/Local/Temp/jsreport/autocleanup/b7524e85-7e78-45db-aa0c-30beea8debf1-chrome-pdf.html","meta":{"rootId":"2r52q2qy8pygj9l","id":"2r52q2qy8pygj9l"},"id":"pf4zbt8tckjwfgl","previousOperationId":"fo8h6ues6vvp0xq"}
{"type":"log","timestamp":1725247503614,"level":"debug","message":"Page request finished: GET (stylesheet) 200 https://cdnjs.cloudflare.com/ajax/libs/font-awesome/4.7.0/css/font-awesome.min.css","meta":{"rootId":"2r52q2qy8pygj9l","id":"2r52q2qy8pygj9l"},"id":"fn3bn70foi4lyax","previousOperationId":"fo8h6ues6vvp0xq"}
{"type":"log","timestamp":1725247503634,"level":"debug","message":"Page request: GET (script) https://cdn.tailwindcss.com/","meta":{"rootId":"2r52q2qy8pygj9l","id":"2r52q2qy8pygj9l"},"id":"5nbdsxn6tnsnmfl","previousOperationId":"fo8h6ues6vvp0xq"}
{"type":"log","timestamp":1725247503635,"level":"debug","message":"Page request: GET (script) https://cdnjs.cloudflare.com/ajax/libs/lodash.js/4.17.11/lodash.min.js","meta":{"rootId":"2r52q2qy8pygj9l","id":"2r52q2qy8pygj9l"},"id":"hqzbmcywzdp9lgl","previousOperationId":"fo8h6ues6vvp0xq"}
{"type":"log","timestamp":1725247503635,"level":"debug","message":"Page request: GET (script) https://unpkg.com/chart.js@2.7.3/dist/Chart.min.js","meta":{"rootId":"2r52q2qy8pygj9l","id":"2r52q2qy8pygj9l"},"id":"s2dx62k74kogr5o","previousOperationId":"fo8h6ues6vvp0xq"}
{"type":"log","timestamp":1725247503638,"level":"warn","message":"Page request failed: GET (script) 302 https://cdn.tailwindcss.com/ (redirect to: /3.4.5)","meta":{"rootId":"2r52q2qy8pygj9l","id":"2r52q2qy8pygj9l"},"id":"xg6aw6bxdkkgn7b","previousOperationId":"fo8h6ues6vvp0xq"}
{"type":"log","timestamp":1725247503638,"level":"debug","message":"Page request: GET (script) https://cdn.tailwindcss.com/3.4.5 (redirect from: https://cdn.tailwindcss.com/)","meta":{"rootId":"2r52q2qy8pygj9l","id":"2r52q2qy8pygj9l"},"id":"dwtvk7s97deaq7e","previousOperationId":"fo8h6ues6vvp0xq"}
{"type":"log","timestamp":1725247503644,"level":"debug","message":"Page request finished: GET (script) 200 https://cdnjs.cloudflare.com/ajax/libs/lodash.js/4.17.11/lodash.min.js","meta":{"rootId":"2r52q2qy8pygj9l","id":"2r52q2qy8pygj9l"},"id":"x7uux7vmem86zwu","previousOperationId":"fo8h6ues6vvp0xq"}
{"type":"log","timestamp":1725247503644,"level":"debug","message":"Page request finished: GET (script) 200 https://unpkg.com/chart.js@2.7.3/dist/Chart.min.js","meta":{"rootId":"2r52q2qy8pygj9l","id":"2r52q2qy8pygj9l"},"id":"3jwtofdjkz8dl38","previousOperationId":"fo8h6ues6vvp0xq"}
{"type":"log","timestamp":1725247503655,"level":"debug","message":"Page request finished: GET (script) 200 https://cdn.tailwindcss.com/3.4.5","meta":{"rootId":"2r52q2qy8pygj9l","id":"2r52q2qy8pygj9l"},"id":"5s1u8j2wpnsyq02","previousOperationId":"fo8h6ues6vvp0xq"}
{"type":"log","timestamp":1725247503694,"level":"debug","message":"(console:warn) cdn.tailwindcss.com should not be used in production. To use Tailwind CSS in production, install it as a PostCSS plugin or use the Tailwind CLI: https://tailwindcss.com/docs/installation","meta":{"userLevel":true,"rootId":"2r52q2qy8pygj9l","id":"2r52q2qy8pygj9l"},"id":"qz7ej8x2la5xv7p","previousOperationId":"fo8h6ues6vvp0xq"}
{"type":"log","timestamp":1725247503788,"level":"debug","message":"Running chrome with params {\"printBackground\":true,\"format\":\"A4\",\"marginTop\":\"1cm\",\"marginBottom\":\"2cm\",\"timeout\":59937,\"margin\":{\"top\":\"1cm\",\"bottom\":\"2cm\"}}","meta":{"rootId":"2r52q2qy8pygj9l","id":"2r52q2qy8pygj9l"},"id":"fung7br0jetu5bo","previousOperationId":"fo8h6ues6vvp0xq"}
{"type":"operationEnd","operationId":"fo8h6ues6vvp0xq","timestamp":1725247504037,"id":"inrrvw2pglatc0m","previousEventId":"unxse4x81d82r6x","previousOperationId":"fo8h6ues6vvp0xq"}
{"type":"log","timestamp":1725247504037,"level":"debug","message":"Skipping storing report.","meta":{"rootId":"2r52q2qy8pygj9l","id":"2r52q2qy8pygj9l"},"id":"pwyqiccqoxqw2va","previousOperationId":"fo8h6ues6vvp0xq"}
{"type":"log","timestamp":1725247504037,"level":"info","message":"Rendering request 31 finished in 798 ms","meta":{"rootId":"2r52q2qy8pygj9l","id":"2r52q2qy8pygj9l"},"id":"tliszeqz4kxv0yn","previousOperationId":"fo8h6ues6vvp0xq"}
{"type":"operationEnd","subtype":"render","operationId":"y8b8j86hwx37drc","timestamp":1725247504037,"id":"b15hzw3qvhgfhxv","previousEventId":"inrrvw2pglatc0m","previousOperationId":"fo8h6ues6vvp0xq"}
{"type":"operationEnd","doDiffs":false,"previousEventId":"3qprxfkd5a2mj08","previousOperationId":"okofc165z8wi2c0","operationId":"okofc165z8wi2c0","timestamp":1725247504039,"id":"cs1ym3dqfk4kal6"}
