{"type":"operationStart","subtype":"profile","data":{"_id":"kCpVh1CWl2B3lZR4","timestamp":"2024-09-02T03:36:31.904Z","state":"queued","mode":"standard","creationDate":"2024-09-02T03:36:31.905Z","modificationDate":"2024-09-02T03:36:31.905Z","shortid":"8BRLNTZ","inheritedReadPermissions":[],"inheritedEditPermissions":[],"$entitySet":"profiles"},"doDiffs":false,"timestamp":1725248191904,"id":"7nej2m94fu81ml5","previousOperationId":null,"operationId":"iqsxs3tzgj556n2"}
{"type":"log","level":"info","message":"Render request 51 queued for execution and waiting for available worker","previousOperationId":"iqsxs3tzgj556n2","timestamp":1725248191904,"id":"zib594q9tz4mp7b"}
{"type":"operationStart","subtype":"render","name":"chart_templates","previousOperationId":"iqsxs3tzgj556n2","timestamp":1725248191912,"id":"8s125t8g3qs289o","previousEventId":"7nej2m94fu81ml5","operationId":"o2pr5afu86auog9"}
{"type":"log","timestamp":1725248191912,"level":"info","message":"Starting rendering request 51 (user: admin)","meta":{"rootId":"43uockxqo1opl7o","id":"43uockxqo1opl7o"},"id":"884vg76zs8wyt9v","previousOperationId":"o2pr5afu86auog9"}
{"type":"log","timestamp":1725248191912,"level":"info","message":"Rendering template { name: chart_templates, recipe: chrome-pdf, engine: handlebars, preview: true }","meta":{"rootId":"43uockxqo1opl7o","id":"43uockxqo1opl7o"},"id":"ati32rl0kde8qqe","previousOperationId":"o2pr5afu86auog9"}
{"type":"log","timestamp":1725248191912,"level":"debug","message":"Data item not defined for this template.","meta":{"rootId":"43uockxqo1opl7o","id":"43uockxqo1opl7o"},"id":"xmhjmu6zwwsfhpd","previousOperationId":"o2pr5afu86auog9"}
{"type":"log","timestamp":1725248191914,"level":"debug","message":"Base url not specified, skipping its injection.","meta":{"rootId":"43uockxqo1opl7o","id":"43uockxqo1opl7o"},"id":"u6nbu4f5nlvyryr","previousOperationId":"o2pr5afu86auog9"}
{"type":"log","timestamp":1725248191921,"level":"debug","message":"Replaced assets [\"KhmerOSSiemreapRegular.ttf\",\"KhmerOSMuolLightRegular.ttf\",\"times_new_roman.ttf\",\"Tacteing.ttf\",\"limons1l.ttf\",\"arial.ttf\",\"/asset/images/draft-km.png\"]","meta":{"rootId":"43uockxqo1opl7o","id":"43uockxqo1opl7o"},"id":"u5y0snz08kfn0mm","previousOperationId":"o2pr5afu86auog9"}
{"type":"operationStart","subtype":"engine","name":"handlebars","timestamp":1725248191922,"id":"nnao57awajc0zeo","previousEventId":"8s125t8g3qs289o","operationId":"wlnwo8izdgx75sh","previousOperationId":"o2pr5afu86auog9"}
{"type":"log","timestamp":1725248191922,"level":"debug","message":"Rendering engine handlebars","meta":{"rootId":"43uockxqo1opl7o","id":"43uockxqo1opl7o"},"id":"k1ffvs00ah8ghmj","previousOperationId":"wlnwo8izdgx75sh"}
{"type":"operationEnd","operationId":"wlnwo8izdgx75sh","timestamp":1725248191931,"id":"vcertcnr8vtigqc","previousEventId":"nnao57awajc0zeo","previousOperationId":"wlnwo8izdgx75sh"}
{"type":"operationStart","subtype":"recipe","name":"chrome-pdf","timestamp":1725248191944,"id":"t1p4gdsjqq52k6s","previousEventId":"vcertcnr8vtigqc","operationId":"s2qwhmsvpsu3pfu","previousOperationId":"wlnwo8izdgx75sh"}
{"type":"log","timestamp":1725248191944,"level":"debug","message":"Executing recipe chrome-pdf","meta":{"rootId":"43uockxqo1opl7o","id":"43uockxqo1opl7o"},"id":"36b76siand345ap","previousOperationId":"s2qwhmsvpsu3pfu"}
{"type":"log","timestamp":1725248191950,"level":"debug","message":"Converting with chrome Chrome/127.0.6533.99 using chrome-pool strategy","meta":{"rootId":"43uockxqo1opl7o","id":"43uockxqo1opl7o"},"id":"irakn0fddtllsyo","previousOperationId":"s2qwhmsvpsu3pfu"}
{"type":"log","timestamp":1725248191998,"level":"debug","message":"Page request: GET (document) file:///C:/Users/shsmo/AppData/Local/Temp/jsreport/autocleanup/ae898c85-900f-4cca-a6c8-034769715cde-chrome-pdf.html","meta":{"rootId":"43uockxqo1opl7o","id":"43uockxqo1opl7o"},"id":"xxoxudu9msudp4u","previousOperationId":"s2qwhmsvpsu3pfu"}
{"type":"log","timestamp":1725248192208,"level":"debug","message":"Page request: GET (stylesheet) https://cdnjs.cloudflare.com/ajax/libs/font-awesome/4.7.0/css/font-awesome.min.css","meta":{"rootId":"43uockxqo1opl7o","id":"43uockxqo1opl7o"},"id":"8japme9y3e4th4e","previousOperationId":"s2qwhmsvpsu3pfu"}
{"type":"log","timestamp":1725248192219,"level":"debug","message":"Page request finished: GET (document) 200 file:///C:/Users/shsmo/AppData/Local/Temp/jsreport/autocleanup/ae898c85-900f-4cca-a6c8-034769715cde-chrome-pdf.html","meta":{"rootId":"43uockxqo1opl7o","id":"43uockxqo1opl7o"},"id":"7idlx788nq02fu2","previousOperationId":"s2qwhmsvpsu3pfu"}
{"type":"log","timestamp":1725248192221,"level":"debug","message":"Page request finished: GET (stylesheet) 200 https://cdnjs.cloudflare.com/ajax/libs/font-awesome/4.7.0/css/font-awesome.min.css","meta":{"rootId":"43uockxqo1opl7o","id":"43uockxqo1opl7o"},"id":"3o5sy86owtmgrqb","previousOperationId":"s2qwhmsvpsu3pfu"}
{"type":"log","timestamp":1725248192237,"level":"debug","message":"Page request: GET (script) https://cdn.tailwindcss.com/","meta":{"rootId":"43uockxqo1opl7o","id":"43uockxqo1opl7o"},"id":"dqncrcxdqsoi2ig","previousOperationId":"s2qwhmsvpsu3pfu"}
{"type":"log","timestamp":1725248192238,"level":"debug","message":"Page request: GET (script) https://cdnjs.cloudflare.com/ajax/libs/lodash.js/4.17.11/lodash.min.js","meta":{"rootId":"43uockxqo1opl7o","id":"43uockxqo1opl7o"},"id":"eckdimmdo0ph36i","previousOperationId":"s2qwhmsvpsu3pfu"}
{"type":"log","timestamp":1725248192238,"level":"debug","message":"Page request: GET (script) https://unpkg.com/chart.js@2.7.3/dist/Chart.min.js","meta":{"rootId":"43uockxqo1opl7o","id":"43uockxqo1opl7o"},"id":"vb1c9g62783z64q","previousOperationId":"s2qwhmsvpsu3pfu"}
{"type":"log","timestamp":1725248192241,"level":"warn","message":"Page request failed: GET (script) 302 https://cdn.tailwindcss.com/ (redirect to: /3.4.5)","meta":{"rootId":"43uockxqo1opl7o","id":"43uockxqo1opl7o"},"id":"smx4eyrs2m4phja","previousOperationId":"s2qwhmsvpsu3pfu"}
{"type":"log","timestamp":1725248192241,"level":"debug","message":"Page request: GET (script) https://cdn.tailwindcss.com/3.4.5 (redirect from: https://cdn.tailwindcss.com/)","meta":{"rootId":"43uockxqo1opl7o","id":"43uockxqo1opl7o"},"id":"s5da6i9myw9dg50","previousOperationId":"s2qwhmsvpsu3pfu"}
{"type":"log","timestamp":1725248192245,"level":"debug","message":"Page request finished: GET (script) 200 https://cdnjs.cloudflare.com/ajax/libs/lodash.js/4.17.11/lodash.min.js","meta":{"rootId":"43uockxqo1opl7o","id":"43uockxqo1opl7o"},"id":"m89se6i0rraklvc","previousOperationId":"s2qwhmsvpsu3pfu"}
{"type":"log","timestamp":1725248192245,"level":"debug","message":"Page request finished: GET (script) 200 https://unpkg.com/chart.js@2.7.3/dist/Chart.min.js","meta":{"rootId":"43uockxqo1opl7o","id":"43uockxqo1opl7o"},"id":"qamnqr4hq2i83us","previousOperationId":"s2qwhmsvpsu3pfu"}
{"type":"log","timestamp":1725248192256,"level":"debug","message":"Page request finished: GET (script) 200 https://cdn.tailwindcss.com/3.4.5","meta":{"rootId":"43uockxqo1opl7o","id":"43uockxqo1opl7o"},"id":"ax04g4rgmayz0rq","previousOperationId":"s2qwhmsvpsu3pfu"}
{"type":"log","timestamp":1725248192294,"level":"debug","message":"(console:warn) cdn.tailwindcss.com should not be used in production. To use Tailwind CSS in production, install it as a PostCSS plugin or use the Tailwind CLI: https://tailwindcss.com/docs/installation","meta":{"userLevel":true,"rootId":"43uockxqo1opl7o","id":"43uockxqo1opl7o"},"id":"d8mrcczmj1mdie0","previousOperationId":"s2qwhmsvpsu3pfu"}
{"type":"log","timestamp":1725248192387,"level":"debug","message":"Running chrome with params {\"printBackground\":true,\"format\":\"A4\",\"marginTop\":\"1cm\",\"marginBottom\":\"2cm\",\"timeout\":59956,\"margin\":{\"top\":\"1cm\",\"bottom\":\"2cm\"}}","meta":{"rootId":"43uockxqo1opl7o","id":"43uockxqo1opl7o"},"id":"xntu0rfe4pudcnu","previousOperationId":"s2qwhmsvpsu3pfu"}
{"type":"operationEnd","operationId":"s2qwhmsvpsu3pfu","timestamp":1725248192456,"id":"dmw3zurblg2h1xy","previousEventId":"t1p4gdsjqq52k6s","previousOperationId":"s2qwhmsvpsu3pfu"}
{"type":"log","timestamp":1725248192456,"level":"debug","message":"Skipping storing report.","meta":{"rootId":"43uockxqo1opl7o","id":"43uockxqo1opl7o"},"id":"9rritzyzyudyagw","previousOperationId":"s2qwhmsvpsu3pfu"}
{"type":"log","timestamp":1725248192456,"level":"info","message":"Rendering request 51 finished in 552 ms","meta":{"rootId":"43uockxqo1opl7o","id":"43uockxqo1opl7o"},"id":"a275uhw5m76zumz","previousOperationId":"s2qwhmsvpsu3pfu"}
{"type":"operationEnd","subtype":"render","operationId":"o2pr5afu86auog9","timestamp":1725248192456,"id":"kc2p4wempjmktp9","previousEventId":"dmw3zurblg2h1xy","previousOperationId":"s2qwhmsvpsu3pfu"}
{"type":"operationEnd","doDiffs":false,"previousEventId":"7nej2m94fu81ml5","previousOperationId":"iqsxs3tzgj556n2","operationId":"iqsxs3tzgj556n2","timestamp":1725248192459,"id":"1se4rxo7lwyl19d"}
