{"type":"operationStart","subtype":"profile","data":{"_id":"JRqLrN4S2UkHNKAq","timestamp":"2024-09-02T03:33:19.951Z","state":"queued","mode":"standard","creationDate":"2024-09-02T03:33:19.953Z","modificationDate":"2024-09-02T03:33:19.953Z","shortid":"wmUtLrx","inheritedReadPermissions":[],"inheritedEditPermissions":[],"$entitySet":"profiles"},"doDiffs":false,"timestamp":1725247999952,"id":"l4j1lp9e3ufe9er","previousOperationId":null,"operationId":"4j17jleysh8kal2"}
{"type":"log","level":"info","message":"Render request 46 queued for execution and waiting for available worker","previousOperationId":"4j17jleysh8kal2","timestamp":1725247999952,"id":"r4xa4l59g527z62"}
{"type":"operationStart","subtype":"render","name":"chart_templates","previousOperationId":"4j17jleysh8kal2","timestamp":1725247999958,"id":"qbb61s5ctya241h","previousEventId":"l4j1lp9e3ufe9er","operationId":"reewqaqgk7lfs2a"}
{"type":"log","timestamp":1725247999958,"level":"info","message":"Starting rendering request 46 (user: admin)","meta":{"rootId":"4ug24euowtph6xb","id":"4ug24euowtph6xb"},"id":"s4kq3u88xsos4yp","previousOperationId":"reewqaqgk7lfs2a"}
{"type":"log","timestamp":1725247999958,"level":"info","message":"Rendering template { name: chart_templates, recipe: chrome-pdf, engine: handlebars, preview: true }","meta":{"rootId":"4ug24euowtph6xb","id":"4ug24euowtph6xb"},"id":"y9yltzr1l642c6t","previousOperationId":"reewqaqgk7lfs2a"}
{"type":"log","timestamp":1725247999958,"level":"debug","message":"Data item not defined for this template.","meta":{"rootId":"4ug24euowtph6xb","id":"4ug24euowtph6xb"},"id":"f6kz2pkp8ujpccd","previousOperationId":"reewqaqgk7lfs2a"}
{"type":"log","timestamp":1725247999960,"level":"debug","message":"Base url not specified, skipping its injection.","meta":{"rootId":"4ug24euowtph6xb","id":"4ug24euowtph6xb"},"id":"2gggcdysdajp9xg","previousOperationId":"reewqaqgk7lfs2a"}
{"type":"log","timestamp":1725247999966,"level":"debug","message":"Replaced assets [\"KhmerOSSiemreapRegular.ttf\",\"KhmerOSMuolLightRegular.ttf\",\"times_new_roman.ttf\",\"Tacteing.ttf\",\"limons1l.ttf\",\"arial.ttf\",\"/asset/images/draft-km.png\"]","meta":{"rootId":"4ug24euowtph6xb","id":"4ug24euowtph6xb"},"id":"oriajljyl89k6xa","previousOperationId":"reewqaqgk7lfs2a"}
{"type":"operationStart","subtype":"engine","name":"handlebars","timestamp":1725247999967,"id":"2hw7qk6a3dd2rwk","previousEventId":"qbb61s5ctya241h","operationId":"g2rixsjjvb0r4a2","previousOperationId":"reewqaqgk7lfs2a"}
{"type":"log","timestamp":1725247999967,"level":"debug","message":"Rendering engine handlebars","meta":{"rootId":"4ug24euowtph6xb","id":"4ug24euowtph6xb"},"id":"0pd2dh1bj6velom","previousOperationId":"g2rixsjjvb0r4a2"}
{"type":"operationEnd","operationId":"g2rixsjjvb0r4a2","timestamp":1725248000002,"id":"lujv5qkewsgimk6","previousEventId":"2hw7qk6a3dd2rwk","previousOperationId":"g2rixsjjvb0r4a2"}
{"type":"operationStart","subtype":"recipe","name":"chrome-pdf","timestamp":1725248000013,"id":"vtrr43iuuqfs1um","previousEventId":"lujv5qkewsgimk6","operationId":"ayi0lyq85q4fncn","previousOperationId":"g2rixsjjvb0r4a2"}
{"type":"log","timestamp":1725248000013,"level":"debug","message":"Executing recipe chrome-pdf","meta":{"rootId":"4ug24euowtph6xb","id":"4ug24euowtph6xb"},"id":"umy10nctixuo7go","previousOperationId":"ayi0lyq85q4fncn"}
{"type":"log","timestamp":1725248000018,"level":"debug","message":"Converting with chrome Chrome/127.0.6533.99 using chrome-pool strategy","meta":{"rootId":"4ug24euowtph6xb","id":"4ug24euowtph6xb"},"id":"ujm8rz4wt47iuz6","previousOperationId":"ayi0lyq85q4fncn"}
{"type":"log","timestamp":1725248000066,"level":"debug","message":"Page request: GET (document) file:///C:/Users/shsmo/AppData/Local/Temp/jsreport/autocleanup/fb040be4-cede-4dc0-8ac0-08781c0a89db-chrome-pdf.html","meta":{"rootId":"4ug24euowtph6xb","id":"4ug24euowtph6xb"},"id":"8nhnw8kgv33dybc","previousOperationId":"ayi0lyq85q4fncn"}
{"type":"log","timestamp":1725248000298,"level":"debug","message":"Page request: GET (stylesheet) https://cdnjs.cloudflare.com/ajax/libs/font-awesome/4.7.0/css/font-awesome.min.css","meta":{"rootId":"4ug24euowtph6xb","id":"4ug24euowtph6xb"},"id":"x4o1j4iy57bf0ob","previousOperationId":"ayi0lyq85q4fncn"}
{"type":"log","timestamp":1725248000308,"level":"debug","message":"Page request finished: GET (document) 200 file:///C:/Users/shsmo/AppData/Local/Temp/jsreport/autocleanup/fb040be4-cede-4dc0-8ac0-08781c0a89db-chrome-pdf.html","meta":{"rootId":"4ug24euowtph6xb","id":"4ug24euowtph6xb"},"id":"e4cfm4n2q4t0djh","previousOperationId":"ayi0lyq85q4fncn"}
{"type":"log","timestamp":1725248000309,"level":"debug","message":"Page request finished: GET (stylesheet) 200 https://cdnjs.cloudflare.com/ajax/libs/font-awesome/4.7.0/css/font-awesome.min.css","meta":{"rootId":"4ug24euowtph6xb","id":"4ug24euowtph6xb"},"id":"wyn0hnwkw75jzzw","previousOperationId":"ayi0lyq85q4fncn"}
{"type":"log","timestamp":1725248000328,"level":"debug","message":"Page request: GET (script) https://cdn.tailwindcss.com/","meta":{"rootId":"4ug24euowtph6xb","id":"4ug24euowtph6xb"},"id":"qe8allysaq3ziw0","previousOperationId":"ayi0lyq85q4fncn"}
{"type":"log","timestamp":1725248000329,"level":"debug","message":"Page request: GET (script) https://cdnjs.cloudflare.com/ajax/libs/lodash.js/4.17.11/lodash.min.js","meta":{"rootId":"4ug24euowtph6xb","id":"4ug24euowtph6xb"},"id":"4cylf05leasxhb4","previousOperationId":"ayi0lyq85q4fncn"}
{"type":"log","timestamp":1725248000329,"level":"debug","message":"Page request: GET (script) https://unpkg.com/chart.js@2.7.3/dist/Chart.min.js","meta":{"rootId":"4ug24euowtph6xb","id":"4ug24euowtph6xb"},"id":"kiltggj12kox4q6","previousOperationId":"ayi0lyq85q4fncn"}
{"type":"log","timestamp":1725248000332,"level":"warn","message":"Page request failed: GET (script) 302 https://cdn.tailwindcss.com/ (redirect to: /3.4.5)","meta":{"rootId":"4ug24euowtph6xb","id":"4ug24euowtph6xb"},"id":"hfxl7s1ki6dd1gh","previousOperationId":"ayi0lyq85q4fncn"}
{"type":"log","timestamp":1725248000332,"level":"debug","message":"Page request: GET (script) https://cdn.tailwindcss.com/3.4.5 (redirect from: https://cdn.tailwindcss.com/)","meta":{"rootId":"4ug24euowtph6xb","id":"4ug24euowtph6xb"},"id":"w7quc7gwvzje2xk","previousOperationId":"ayi0lyq85q4fncn"}
{"type":"log","timestamp":1725248000338,"level":"debug","message":"Page request finished: GET (script) 200 https://cdnjs.cloudflare.com/ajax/libs/lodash.js/4.17.11/lodash.min.js","meta":{"rootId":"4ug24euowtph6xb","id":"4ug24euowtph6xb"},"id":"3agthdblccrpcjw","previousOperationId":"ayi0lyq85q4fncn"}
{"type":"log","timestamp":1725248000340,"level":"debug","message":"Page request finished: GET (script) 200 https://unpkg.com/chart.js@2.7.3/dist/Chart.min.js","meta":{"rootId":"4ug24euowtph6xb","id":"4ug24euowtph6xb"},"id":"llfnqy8tsvqjgff","previousOperationId":"ayi0lyq85q4fncn"}
{"type":"log","timestamp":1725248000352,"level":"debug","message":"Page request finished: GET (script) 200 https://cdn.tailwindcss.com/3.4.5","meta":{"rootId":"4ug24euowtph6xb","id":"4ug24euowtph6xb"},"id":"5tcecbj0fpyu44c","previousOperationId":"ayi0lyq85q4fncn"}
{"type":"log","timestamp":1725248000395,"level":"debug","message":"(console:warn) cdn.tailwindcss.com should not be used in production. To use Tailwind CSS in production, install it as a PostCSS plugin or use the Tailwind CLI: https://tailwindcss.com/docs/installation","meta":{"userLevel":true,"rootId":"4ug24euowtph6xb","id":"4ug24euowtph6xb"},"id":"mrwl7gotil4pva9","previousOperationId":"ayi0lyq85q4fncn"}
{"type":"log","timestamp":1725248000488,"level":"debug","message":"Running chrome with params {\"printBackground\":true,\"format\":\"A4\",\"marginTop\":\"1cm\",\"marginBottom\":\"2cm\",\"timeout\":59934,\"margin\":{\"top\":\"1cm\",\"bottom\":\"2cm\"}}","meta":{"rootId":"4ug24euowtph6xb","id":"4ug24euowtph6xb"},"id":"xye9g3ng7ceum61","previousOperationId":"ayi0lyq85q4fncn"}
{"type":"operationEnd","operationId":"ayi0lyq85q4fncn","timestamp":1725248000567,"id":"4gdrw6aco66t8z0","previousEventId":"vtrr43iuuqfs1um","previousOperationId":"ayi0lyq85q4fncn"}
{"type":"log","timestamp":1725248000567,"level":"debug","message":"Skipping storing report.","meta":{"rootId":"4ug24euowtph6xb","id":"4ug24euowtph6xb"},"id":"8le2tbiwpfcoeog","previousOperationId":"ayi0lyq85q4fncn"}
{"type":"log","timestamp":1725248000567,"level":"info","message":"Rendering request 46 finished in 616 ms","meta":{"rootId":"4ug24euowtph6xb","id":"4ug24euowtph6xb"},"id":"8b6p1cbeqy9gyzy","previousOperationId":"ayi0lyq85q4fncn"}
{"type":"operationEnd","subtype":"render","operationId":"reewqaqgk7lfs2a","timestamp":1725248000567,"id":"f4scnjob5tumhf5","previousEventId":"4gdrw6aco66t8z0","previousOperationId":"ayi0lyq85q4fncn"}
{"type":"operationEnd","doDiffs":false,"previousEventId":"l4j1lp9e3ufe9er","previousOperationId":"4j17jleysh8kal2","operationId":"4j17jleysh8kal2","timestamp":1725248000569,"id":"nhj62fipsphi0gt"}
