{"type":"operationStart","subtype":"profile","data":{"_id":"MzgAMPvK37WsXOfH","timestamp":"2024-09-03T03:27:02.428Z","state":"queued","mode":"standard","creationDate":"2024-09-03T03:27:02.431Z","modificationDate":"2024-09-03T03:27:02.431Z","shortid":"Yapwu_B","inheritedReadPermissions":[],"inheritedEditPermissions":[],"$entitySet":"profiles"},"doDiffs":false,"timestamp":1725334022430,"id":"odvn280qqdaiw9a","previousOperationId":null,"operationId":"h3sy5qeb56mh710"}
{"type":"log","level":"info","message":"Render request 2 queued for execution and waiting for available worker","previousOperationId":"h3sy5qeb56mh710","timestamp":1725334022430,"id":"njlx5fpim37z7wm"}
{"type":"operationStart","subtype":"render","name":"chart_templates","previousOperationId":"h3sy5qeb56mh710","timestamp":1725334022441,"id":"bqdtjdnpuszz8oo","previousEventId":"odvn280qqdaiw9a","operationId":"239pjpwe8ci0faw"}
{"type":"log","timestamp":1725334022441,"level":"info","message":"Starting rendering request 2 (user: admin)","meta":{"rootId":"5yq794gwoh7bmvs","id":"5yq794gwoh7bmvs"},"id":"jt0v2vfdhk3xt1y","previousOperationId":"239pjpwe8ci0faw"}
{"type":"log","timestamp":1725334022442,"level":"info","message":"Rendering template { name: chart_templates, recipe: chrome-pdf, engine: handlebars, preview: true }","meta":{"rootId":"5yq794gwoh7bmvs","id":"5yq794gwoh7bmvs"},"id":"y1n273pfjvbbwj2","previousOperationId":"239pjpwe8ci0faw"}
{"type":"log","timestamp":1725334022443,"level":"debug","message":"Data item not defined for this template.","meta":{"rootId":"5yq794gwoh7bmvs","id":"5yq794gwoh7bmvs"},"id":"d5vmv8iceeiwskf","previousOperationId":"239pjpwe8ci0faw"}
{"type":"log","timestamp":1725334022445,"level":"debug","message":"Base url not specified, skipping its injection.","meta":{"rootId":"5yq794gwoh7bmvs","id":"5yq794gwoh7bmvs"},"id":"ej356wu3xmbdpgp","previousOperationId":"239pjpwe8ci0faw"}
{"type":"log","timestamp":1725334022457,"level":"debug","message":"Replaced assets [\"KhmerOSSiemreapRegular.ttf\",\"KhmerOSMuolLightRegular.ttf\",\"times_new_roman.ttf\",\"Tacteing.ttf\",\"limons1l.ttf\",\"arial.ttf\",\"/asset/images/draft-km.png\"]","meta":{"rootId":"5yq794gwoh7bmvs","id":"5yq794gwoh7bmvs"},"id":"134seyq4qdpk7at","previousOperationId":"239pjpwe8ci0faw"}
{"type":"operationStart","subtype":"engine","name":"handlebars","timestamp":1725334022458,"id":"1yvfghznenqqa6a","previousEventId":"bqdtjdnpuszz8oo","operationId":"2990zonx3nn2rea","previousOperationId":"239pjpwe8ci0faw"}
{"type":"log","timestamp":1725334022458,"level":"debug","message":"Rendering engine handlebars","meta":{"rootId":"5yq794gwoh7bmvs","id":"5yq794gwoh7bmvs"},"id":"ogclxgh2t3jm2z1","previousOperationId":"2990zonx3nn2rea"}
{"type":"operationEnd","operationId":"2990zonx3nn2rea","timestamp":1725334022821,"id":"jraj92s4475ai2x","previousEventId":"1yvfghznenqqa6a","previousOperationId":"2990zonx3nn2rea"}
{"type":"operationStart","subtype":"recipe","name":"chrome-pdf","timestamp":1725334022830,"id":"fkk03k3x948zmb4","previousEventId":"jraj92s4475ai2x","operationId":"rwwlktzo6w08ht3","previousOperationId":"2990zonx3nn2rea"}
{"type":"log","timestamp":1725334022830,"level":"debug","message":"Executing recipe chrome-pdf","meta":{"rootId":"5yq794gwoh7bmvs","id":"5yq794gwoh7bmvs"},"id":"x8c7cpdb96bpj30","previousOperationId":"rwwlktzo6w08ht3"}
{"type":"log","timestamp":1725334023425,"level":"debug","message":"Converting with chrome Chrome/127.0.6533.99 using chrome-pool strategy","meta":{"rootId":"5yq794gwoh7bmvs","id":"5yq794gwoh7bmvs"},"id":"fmwn74s2k5wx9lv","previousOperationId":"rwwlktzo6w08ht3"}
{"type":"log","timestamp":1725334023472,"level":"debug","message":"Page request: GET (document) file:///C:/Users/shsmo/AppData/Local/Temp/jsreport/autocleanup/15a1f7d4-90f2-47a7-a570-19e2acb21f51-chrome-pdf.html","meta":{"rootId":"5yq794gwoh7bmvs","id":"5yq794gwoh7bmvs"},"id":"7kap5k6udiumcyf","previousOperationId":"rwwlktzo6w08ht3"}
{"type":"log","timestamp":1725334023687,"level":"debug","message":"Page request: GET (stylesheet) https://cdnjs.cloudflare.com/ajax/libs/font-awesome/4.7.0/css/font-awesome.min.css","meta":{"rootId":"5yq794gwoh7bmvs","id":"5yq794gwoh7bmvs"},"id":"t0vq4byhn3x5kbr","previousOperationId":"rwwlktzo6w08ht3"}
{"type":"log","timestamp":1725334023699,"level":"debug","message":"Page request finished: GET (document) 200 file:///C:/Users/shsmo/AppData/Local/Temp/jsreport/autocleanup/15a1f7d4-90f2-47a7-a570-19e2acb21f51-chrome-pdf.html","meta":{"rootId":"5yq794gwoh7bmvs","id":"5yq794gwoh7bmvs"},"id":"9sjdl4edg5j6cjf","previousOperationId":"rwwlktzo6w08ht3"}
{"type":"log","timestamp":1725334023716,"level":"debug","message":"Page request: GET (script) https://cdn.tailwindcss.com/","meta":{"rootId":"5yq794gwoh7bmvs","id":"5yq794gwoh7bmvs"},"id":"jed4lxx3e5yxk5k","previousOperationId":"rwwlktzo6w08ht3"}
{"type":"log","timestamp":1725334023716,"level":"debug","message":"Page request: GET (script) https://cdnjs.cloudflare.com/ajax/libs/lodash.js/4.17.11/lodash.min.js","meta":{"rootId":"5yq794gwoh7bmvs","id":"5yq794gwoh7bmvs"},"id":"y4m8lsa5t3oubvh","previousOperationId":"rwwlktzo6w08ht3"}
{"type":"log","timestamp":1725334023717,"level":"debug","message":"Page request: GET (script) https://unpkg.com/chart.js@2.7.3/dist/Chart.min.js","meta":{"rootId":"5yq794gwoh7bmvs","id":"5yq794gwoh7bmvs"},"id":"iisk572tmun556p","previousOperationId":"rwwlktzo6w08ht3"}
{"type":"log","timestamp":1725334023931,"level":"warn","message":"Page request failed: GET (script) 302 https://cdn.tailwindcss.com/ (redirect to: /3.4.5)","meta":{"rootId":"5yq794gwoh7bmvs","id":"5yq794gwoh7bmvs"},"id":"lhf90ytlcnd2i6m","previousOperationId":"rwwlktzo6w08ht3"}
{"type":"log","timestamp":1725334023931,"level":"debug","message":"Page request: GET (script) https://cdn.tailwindcss.com/3.4.5 (redirect from: https://cdn.tailwindcss.com/)","meta":{"rootId":"5yq794gwoh7bmvs","id":"5yq794gwoh7bmvs"},"id":"zw1h17wpfnfqs4v","previousOperationId":"rwwlktzo6w08ht3"}
{"type":"log","timestamp":1725334023932,"level":"debug","message":"Page request finished: GET (stylesheet) 200 https://cdnjs.cloudflare.com/ajax/libs/font-awesome/4.7.0/css/font-awesome.min.css","meta":{"rootId":"5yq794gwoh7bmvs","id":"5yq794gwoh7bmvs"},"id":"s3uyw3dse7702l7","previousOperationId":"rwwlktzo6w08ht3"}
{"type":"log","timestamp":1725334023973,"level":"debug","message":"Page request finished: GET (script) 200 https://cdnjs.cloudflare.com/ajax/libs/lodash.js/4.17.11/lodash.min.js","meta":{"rootId":"5yq794gwoh7bmvs","id":"5yq794gwoh7bmvs"},"id":"z90lliqf3n29wrr","previousOperationId":"rwwlktzo6w08ht3"}
{"type":"log","timestamp":1725334024030,"level":"debug","message":"Page request finished: GET (script) 200 https://unpkg.com/chart.js@2.7.3/dist/Chart.min.js","meta":{"rootId":"5yq794gwoh7bmvs","id":"5yq794gwoh7bmvs"},"id":"tpb9v4w8wktdi03","previousOperationId":"rwwlktzo6w08ht3"}
{"type":"log","timestamp":1725334024070,"level":"debug","message":"Page request finished: GET (script) 200 https://cdn.tailwindcss.com/3.4.5","meta":{"rootId":"5yq794gwoh7bmvs","id":"5yq794gwoh7bmvs"},"id":"u98t2un24wz2y1r","previousOperationId":"rwwlktzo6w08ht3"}
{"type":"log","timestamp":1725334024108,"level":"debug","message":"(console:warn) cdn.tailwindcss.com should not be used in production. To use Tailwind CSS in production, install it as a PostCSS plugin or use the Tailwind CLI: https://tailwindcss.com/docs/installation","meta":{"userLevel":true,"rootId":"5yq794gwoh7bmvs","id":"5yq794gwoh7bmvs"},"id":"qpq87wpqk1grofa","previousOperationId":"rwwlktzo6w08ht3"}
{"type":"log","timestamp":1725334024195,"level":"debug","message":"Running chrome with params {\"printBackground\":true,\"format\":\"A4\",\"marginTop\":\"1cm\",\"marginBottom\":\"2cm\",\"timeout\":59267,\"margin\":{\"top\":\"1cm\",\"bottom\":\"2cm\"}}","meta":{"rootId":"5yq794gwoh7bmvs","id":"5yq794gwoh7bmvs"},"id":"tj611k0xdhiwj89","previousOperationId":"rwwlktzo6w08ht3"}
{"type":"operationEnd","operationId":"rwwlktzo6w08ht3","timestamp":1725334024415,"id":"c7c6thn5126vbz3","previousEventId":"fkk03k3x948zmb4","previousOperationId":"rwwlktzo6w08ht3"}
{"type":"log","timestamp":1725334024415,"level":"debug","message":"Skipping storing report.","meta":{"rootId":"5yq794gwoh7bmvs","id":"5yq794gwoh7bmvs"},"id":"b76jrh9exb3jpif","previousOperationId":"rwwlktzo6w08ht3"}
{"type":"log","timestamp":1725334024415,"level":"info","message":"Rendering request 2 finished in 1987 ms","meta":{"rootId":"5yq794gwoh7bmvs","id":"5yq794gwoh7bmvs"},"id":"bhaltohu90munij","previousOperationId":"rwwlktzo6w08ht3"}
{"type":"operationEnd","subtype":"render","operationId":"239pjpwe8ci0faw","timestamp":1725334024416,"id":"ts38571awww3jrq","previousEventId":"c7c6thn5126vbz3","previousOperationId":"rwwlktzo6w08ht3"}
{"type":"operationEnd","doDiffs":false,"previousEventId":"odvn280qqdaiw9a","previousOperationId":"h3sy5qeb56mh710","operationId":"h3sy5qeb56mh710","timestamp":1725334024418,"id":"pnd0qholae32ecm"}
