{"type":"operationStart","subtype":"profile","data":{"_id":"jFijNJlLYgUlE3kH","timestamp":"2024-09-02T03:33:39.362Z","state":"queued","mode":"standard","creationDate":"2024-09-02T03:33:39.364Z","modificationDate":"2024-09-02T03:33:39.364Z","shortid":"zYMeZcp","inheritedReadPermissions":[],"inheritedEditPermissions":[],"$entitySet":"profiles"},"doDiffs":false,"timestamp":1725248019363,"id":"mu094p3sa3qzgki","previousOperationId":null,"operationId":"sm1a23ganfajemo"}
{"type":"log","level":"info","message":"Render request 47 queued for execution and waiting for available worker","previousOperationId":"sm1a23ganfajemo","timestamp":1725248019363,"id":"is2hw9snemo982n"}
{"type":"operationStart","subtype":"render","name":"chart_templates","previousOperationId":"sm1a23ganfajemo","timestamp":1725248019370,"id":"wtdrjdvabsnls3q","previousEventId":"mu094p3sa3qzgki","operationId":"rw9i8txicnq9q19"}
{"type":"log","timestamp":1725248019370,"level":"info","message":"Starting rendering request 47 (user: admin)","meta":{"rootId":"6ggzr644pd0dpav","id":"6ggzr644pd0dpav"},"id":"izkk27ugv0w1o6o","previousOperationId":"rw9i8txicnq9q19"}
{"type":"log","timestamp":1725248019370,"level":"info","message":"Rendering template { name: chart_templates, recipe: chrome-pdf, engine: handlebars, preview: true }","meta":{"rootId":"6ggzr644pd0dpav","id":"6ggzr644pd0dpav"},"id":"42f9h31ywpoqacf","previousOperationId":"rw9i8txicnq9q19"}
{"type":"log","timestamp":1725248019370,"level":"debug","message":"Data item not defined for this template.","meta":{"rootId":"6ggzr644pd0dpav","id":"6ggzr644pd0dpav"},"id":"vbib22cj9lijwtr","previousOperationId":"rw9i8txicnq9q19"}
{"type":"log","timestamp":1725248019371,"level":"debug","message":"Base url not specified, skipping its injection.","meta":{"rootId":"6ggzr644pd0dpav","id":"6ggzr644pd0dpav"},"id":"0imy9vwcwwrx10g","previousOperationId":"rw9i8txicnq9q19"}
{"type":"log","timestamp":1725248019377,"level":"debug","message":"Replaced assets [\"KhmerOSSiemreapRegular.ttf\",\"KhmerOSMuolLightRegular.ttf\",\"times_new_roman.ttf\",\"Tacteing.ttf\",\"limons1l.ttf\",\"arial.ttf\",\"/asset/images/draft-km.png\"]","meta":{"rootId":"6ggzr644pd0dpav","id":"6ggzr644pd0dpav"},"id":"ub5fma1ux6x0ow3","previousOperationId":"rw9i8txicnq9q19"}
{"type":"operationStart","subtype":"engine","name":"handlebars","timestamp":1725248019378,"id":"yix7csi1dsyjpjh","previousEventId":"wtdrjdvabsnls3q","operationId":"kn3cff8rf7pdhyo","previousOperationId":"rw9i8txicnq9q19"}
{"type":"log","timestamp":1725248019378,"level":"debug","message":"Rendering engine handlebars","meta":{"rootId":"6ggzr644pd0dpav","id":"6ggzr644pd0dpav"},"id":"pyiojhw2lhzf4l8","previousOperationId":"kn3cff8rf7pdhyo"}
{"type":"operationEnd","operationId":"kn3cff8rf7pdhyo","timestamp":1725248019406,"id":"7ltnqd4yjs15kt1","previousEventId":"yix7csi1dsyjpjh","previousOperationId":"kn3cff8rf7pdhyo"}
{"type":"operationStart","subtype":"recipe","name":"chrome-pdf","timestamp":1725248019419,"id":"hk6pejajrrb7kog","previousEventId":"7ltnqd4yjs15kt1","operationId":"u1qz4asybw4dv8o","previousOperationId":"kn3cff8rf7pdhyo"}
{"type":"log","timestamp":1725248019419,"level":"debug","message":"Executing recipe chrome-pdf","meta":{"rootId":"6ggzr644pd0dpav","id":"6ggzr644pd0dpav"},"id":"tmb2pxf6oyayakz","previousOperationId":"u1qz4asybw4dv8o"}
{"type":"log","timestamp":1725248019423,"level":"debug","message":"Converting with chrome Chrome/127.0.6533.99 using chrome-pool strategy","meta":{"rootId":"6ggzr644pd0dpav","id":"6ggzr644pd0dpav"},"id":"3rmxkb604sl8ncx","previousOperationId":"u1qz4asybw4dv8o"}
{"type":"log","timestamp":1725248019468,"level":"debug","message":"Page request: GET (document) file:///C:/Users/shsmo/AppData/Local/Temp/jsreport/autocleanup/95a78d21-77ea-45a9-984f-90bc819e8474-chrome-pdf.html","meta":{"rootId":"6ggzr644pd0dpav","id":"6ggzr644pd0dpav"},"id":"odi0xsw99et80zl","previousOperationId":"u1qz4asybw4dv8o"}
{"type":"log","timestamp":1725248019702,"level":"debug","message":"Page request: GET (stylesheet) https://cdnjs.cloudflare.com/ajax/libs/font-awesome/4.7.0/css/font-awesome.min.css","meta":{"rootId":"6ggzr644pd0dpav","id":"6ggzr644pd0dpav"},"id":"fnwqlkjmekcfc3g","previousOperationId":"u1qz4asybw4dv8o"}
{"type":"log","timestamp":1725248019710,"level":"debug","message":"Page request finished: GET (stylesheet) 200 https://cdnjs.cloudflare.com/ajax/libs/font-awesome/4.7.0/css/font-awesome.min.css","meta":{"rootId":"6ggzr644pd0dpav","id":"6ggzr644pd0dpav"},"id":"zkw5p5mg3qxj0m3","previousOperationId":"u1qz4asybw4dv8o"}
{"type":"log","timestamp":1725248019713,"level":"debug","message":"Page request finished: GET (document) 200 file:///C:/Users/shsmo/AppData/Local/Temp/jsreport/autocleanup/95a78d21-77ea-45a9-984f-90bc819e8474-chrome-pdf.html","meta":{"rootId":"6ggzr644pd0dpav","id":"6ggzr644pd0dpav"},"id":"60co9b6a1q9m8jy","previousOperationId":"u1qz4asybw4dv8o"}
{"type":"log","timestamp":1725248019730,"level":"debug","message":"Page request: GET (script) https://cdn.tailwindcss.com/","meta":{"rootId":"6ggzr644pd0dpav","id":"6ggzr644pd0dpav"},"id":"ssef46dsl52c727","previousOperationId":"u1qz4asybw4dv8o"}
{"type":"log","timestamp":1725248019730,"level":"debug","message":"Page request: GET (script) https://cdnjs.cloudflare.com/ajax/libs/lodash.js/4.17.11/lodash.min.js","meta":{"rootId":"6ggzr644pd0dpav","id":"6ggzr644pd0dpav"},"id":"w27bqn1f858tf8d","previousOperationId":"u1qz4asybw4dv8o"}
{"type":"log","timestamp":1725248019730,"level":"debug","message":"Page request: GET (script) https://unpkg.com/chart.js@2.7.3/dist/Chart.min.js","meta":{"rootId":"6ggzr644pd0dpav","id":"6ggzr644pd0dpav"},"id":"p6f90hoh8qbvea5","previousOperationId":"u1qz4asybw4dv8o"}
{"type":"log","timestamp":1725248019733,"level":"warn","message":"Page request failed: GET (script) 302 https://cdn.tailwindcss.com/ (redirect to: /3.4.5)","meta":{"rootId":"6ggzr644pd0dpav","id":"6ggzr644pd0dpav"},"id":"4ffyt51txeu5vwr","previousOperationId":"u1qz4asybw4dv8o"}
{"type":"log","timestamp":1725248019733,"level":"debug","message":"Page request: GET (script) https://cdn.tailwindcss.com/3.4.5 (redirect from: https://cdn.tailwindcss.com/)","meta":{"rootId":"6ggzr644pd0dpav","id":"6ggzr644pd0dpav"},"id":"3i9x8zfwyydl66b","previousOperationId":"u1qz4asybw4dv8o"}
{"type":"log","timestamp":1725248019736,"level":"debug","message":"Page request finished: GET (script) 200 https://cdnjs.cloudflare.com/ajax/libs/lodash.js/4.17.11/lodash.min.js","meta":{"rootId":"6ggzr644pd0dpav","id":"6ggzr644pd0dpav"},"id":"myfyq8wscmn8328","previousOperationId":"u1qz4asybw4dv8o"}
{"type":"log","timestamp":1725248019738,"level":"debug","message":"Page request finished: GET (script) 200 https://unpkg.com/chart.js@2.7.3/dist/Chart.min.js","meta":{"rootId":"6ggzr644pd0dpav","id":"6ggzr644pd0dpav"},"id":"6iupfz002f23dkj","previousOperationId":"u1qz4asybw4dv8o"}
{"type":"log","timestamp":1725248019747,"level":"debug","message":"Page request finished: GET (script) 200 https://cdn.tailwindcss.com/3.4.5","meta":{"rootId":"6ggzr644pd0dpav","id":"6ggzr644pd0dpav"},"id":"04r86zoaqk7s30x","previousOperationId":"u1qz4asybw4dv8o"}
{"type":"log","timestamp":1725248019778,"level":"debug","message":"(console:warn) cdn.tailwindcss.com should not be used in production. To use Tailwind CSS in production, install it as a PostCSS plugin or use the Tailwind CLI: https://tailwindcss.com/docs/installation","meta":{"userLevel":true,"rootId":"6ggzr644pd0dpav","id":"6ggzr644pd0dpav"},"id":"aevxss0g953m7xi","previousOperationId":"u1qz4asybw4dv8o"}
{"type":"log","timestamp":1725248019866,"level":"debug","message":"Running chrome with params {\"printBackground\":true,\"format\":\"A4\",\"marginTop\":\"1cm\",\"marginBottom\":\"2cm\",\"timeout\":59939,\"margin\":{\"top\":\"1cm\",\"bottom\":\"2cm\"}}","meta":{"rootId":"6ggzr644pd0dpav","id":"6ggzr644pd0dpav"},"id":"o41t0z8alqcndyp","previousOperationId":"u1qz4asybw4dv8o"}
{"type":"operationEnd","operationId":"u1qz4asybw4dv8o","timestamp":1725248019939,"id":"qd040yiqtbb39ov","previousEventId":"hk6pejajrrb7kog","previousOperationId":"u1qz4asybw4dv8o"}
{"type":"log","timestamp":1725248019939,"level":"debug","message":"Skipping storing report.","meta":{"rootId":"6ggzr644pd0dpav","id":"6ggzr644pd0dpav"},"id":"9nr7k1a1hl4h03v","previousOperationId":"u1qz4asybw4dv8o"}
{"type":"log","timestamp":1725248019939,"level":"info","message":"Rendering request 47 finished in 577 ms","meta":{"rootId":"6ggzr644pd0dpav","id":"6ggzr644pd0dpav"},"id":"7lgxh9c173beg0l","previousOperationId":"u1qz4asybw4dv8o"}
{"type":"operationEnd","subtype":"render","operationId":"rw9i8txicnq9q19","timestamp":1725248019939,"id":"w0iy7yqyh6lg51q","previousEventId":"qd040yiqtbb39ov","previousOperationId":"u1qz4asybw4dv8o"}
{"type":"operationEnd","doDiffs":false,"previousEventId":"mu094p3sa3qzgki","previousOperationId":"sm1a23ganfajemo","operationId":"sm1a23ganfajemo","timestamp":1725248019940,"id":"r8tqpcnwsbo795g"}
