{"type":"operationStart","subtype":"profile","data":{"_id":"gowD8lOIjmJ8iXEy","timestamp":"2024-09-02T03:35:26.252Z","state":"queued","mode":"standard","creationDate":"2024-09-02T03:35:26.253Z","modificationDate":"2024-09-02T03:35:26.253Z","shortid":"ZWMIp9k","inheritedReadPermissions":[],"inheritedEditPermissions":[],"$entitySet":"profiles"},"doDiffs":false,"timestamp":1725248126253,"id":"9wfjo3g9tsiqlhe","previousOperationId":null,"operationId":"blnrvqr0xiag7xk"}
{"type":"log","level":"info","message":"Render request 48 queued for execution and waiting for available worker","previousOperationId":"blnrvqr0xiag7xk","timestamp":1725248126253,"id":"y5voq3om6rrl566"}
{"type":"operationStart","subtype":"render","name":"chart_templates","previousOperationId":"blnrvqr0xiag7xk","timestamp":1725248126258,"id":"x5a43dhpeh9jfgo","previousEventId":"9wfjo3g9tsiqlhe","operationId":"aakk3zldktrzul4"}
{"type":"log","timestamp":1725248126259,"level":"info","message":"Starting rendering request 48 (user: admin)","meta":{"rootId":"6xcuzx4xizrbrkn","id":"6xcuzx4xizrbrkn"},"id":"8f82u3sv33gfslg","previousOperationId":"aakk3zldktrzul4"}
{"type":"log","timestamp":1725248126259,"level":"info","message":"Rendering template { name: chart_templates, recipe: chrome-pdf, engine: handlebars, preview: true }","meta":{"rootId":"6xcuzx4xizrbrkn","id":"6xcuzx4xizrbrkn"},"id":"o2f77ypvfyp3qgf","previousOperationId":"aakk3zldktrzul4"}
{"type":"log","timestamp":1725248126259,"level":"debug","message":"Data item not defined for this template.","meta":{"rootId":"6xcuzx4xizrbrkn","id":"6xcuzx4xizrbrkn"},"id":"g3yds7r1jrmg9iy","previousOperationId":"aakk3zldktrzul4"}
{"type":"log","timestamp":1725248126260,"level":"debug","message":"Base url not specified, skipping its injection.","meta":{"rootId":"6xcuzx4xizrbrkn","id":"6xcuzx4xizrbrkn"},"id":"h2ur903z4mo15c5","previousOperationId":"aakk3zldktrzul4"}
{"type":"log","timestamp":1725248126267,"level":"debug","message":"Replaced assets [\"KhmerOSSiemreapRegular.ttf\",\"KhmerOSMuolLightRegular.ttf\",\"times_new_roman.ttf\",\"Tacteing.ttf\",\"limons1l.ttf\",\"arial.ttf\",\"/asset/images/draft-km.png\"]","meta":{"rootId":"6xcuzx4xizrbrkn","id":"6xcuzx4xizrbrkn"},"id":"ran67kjyrf62042","previousOperationId":"aakk3zldktrzul4"}
{"type":"operationStart","subtype":"engine","name":"handlebars","timestamp":1725248126268,"id":"51x4cfgew0joyo9","previousEventId":"x5a43dhpeh9jfgo","operationId":"1bma6xuk3nqagcs","previousOperationId":"aakk3zldktrzul4"}
{"type":"log","timestamp":1725248126268,"level":"debug","message":"Rendering engine handlebars","meta":{"rootId":"6xcuzx4xizrbrkn","id":"6xcuzx4xizrbrkn"},"id":"vcm47s8t4kwgvmo","previousOperationId":"1bma6xuk3nqagcs"}
{"type":"operationEnd","operationId":"1bma6xuk3nqagcs","timestamp":1725248126297,"id":"vui14wv3cw2arzm","previousEventId":"51x4cfgew0joyo9","previousOperationId":"1bma6xuk3nqagcs"}
{"type":"operationStart","subtype":"recipe","name":"chrome-pdf","timestamp":1725248126307,"id":"uywl2t7xt0p6mzh","previousEventId":"vui14wv3cw2arzm","operationId":"x8xts7f33bkl1up","previousOperationId":"1bma6xuk3nqagcs"}
{"type":"log","timestamp":1725248126307,"level":"debug","message":"Executing recipe chrome-pdf","meta":{"rootId":"6xcuzx4xizrbrkn","id":"6xcuzx4xizrbrkn"},"id":"q15n38aw25w3p6v","previousOperationId":"x8xts7f33bkl1up"}
{"type":"log","timestamp":1725248126312,"level":"debug","message":"Converting with chrome Chrome/127.0.6533.99 using chrome-pool strategy","meta":{"rootId":"6xcuzx4xizrbrkn","id":"6xcuzx4xizrbrkn"},"id":"q6cf7nybye0h7zt","previousOperationId":"x8xts7f33bkl1up"}
{"type":"log","timestamp":1725248126397,"level":"debug","message":"Page request: GET (document) file:///C:/Users/shsmo/AppData/Local/Temp/jsreport/autocleanup/7f3da42f-7812-4839-919e-fb0e9418336f-chrome-pdf.html","meta":{"rootId":"6xcuzx4xizrbrkn","id":"6xcuzx4xizrbrkn"},"id":"jlwwysni4utcdoh","previousOperationId":"x8xts7f33bkl1up"}
{"type":"log","timestamp":1725248126612,"level":"debug","message":"Page request: GET (stylesheet) https://cdnjs.cloudflare.com/ajax/libs/font-awesome/4.7.0/css/font-awesome.min.css","meta":{"rootId":"6xcuzx4xizrbrkn","id":"6xcuzx4xizrbrkn"},"id":"lssh0h2gzkb4om5","previousOperationId":"x8xts7f33bkl1up"}
{"type":"log","timestamp":1725248126623,"level":"debug","message":"Page request finished: GET (document) 200 file:///C:/Users/shsmo/AppData/Local/Temp/jsreport/autocleanup/7f3da42f-7812-4839-919e-fb0e9418336f-chrome-pdf.html","meta":{"rootId":"6xcuzx4xizrbrkn","id":"6xcuzx4xizrbrkn"},"id":"zfc1eg83poga8fc","previousOperationId":"x8xts7f33bkl1up"}
{"type":"log","timestamp":1725248126624,"level":"debug","message":"Page request finished: GET (stylesheet) 200 https://cdnjs.cloudflare.com/ajax/libs/font-awesome/4.7.0/css/font-awesome.min.css","meta":{"rootId":"6xcuzx4xizrbrkn","id":"6xcuzx4xizrbrkn"},"id":"nyxx6oyzchna2sc","previousOperationId":"x8xts7f33bkl1up"}
{"type":"log","timestamp":1725248126642,"level":"debug","message":"Page request: GET (script) https://cdn.tailwindcss.com/","meta":{"rootId":"6xcuzx4xizrbrkn","id":"6xcuzx4xizrbrkn"},"id":"mtelrs52oljqkvm","previousOperationId":"x8xts7f33bkl1up"}
{"type":"log","timestamp":1725248126642,"level":"debug","message":"Page request: GET (script) https://cdnjs.cloudflare.com/ajax/libs/lodash.js/4.17.11/lodash.min.js","meta":{"rootId":"6xcuzx4xizrbrkn","id":"6xcuzx4xizrbrkn"},"id":"vfaygwgmfqxwc1w","previousOperationId":"x8xts7f33bkl1up"}
{"type":"log","timestamp":1725248126643,"level":"debug","message":"Page request: GET (script) https://unpkg.com/chart.js@2.7.3/dist/Chart.min.js","meta":{"rootId":"6xcuzx4xizrbrkn","id":"6xcuzx4xizrbrkn"},"id":"txkbbz95fm3lwit","previousOperationId":"x8xts7f33bkl1up"}
{"type":"log","timestamp":1725248126646,"level":"warn","message":"Page request failed: GET (script) 302 https://cdn.tailwindcss.com/ (redirect to: /3.4.5)","meta":{"rootId":"6xcuzx4xizrbrkn","id":"6xcuzx4xizrbrkn"},"id":"tzwiumaw1kb1y2q","previousOperationId":"x8xts7f33bkl1up"}
{"type":"log","timestamp":1725248126646,"level":"debug","message":"Page request: GET (script) https://cdn.tailwindcss.com/3.4.5 (redirect from: https://cdn.tailwindcss.com/)","meta":{"rootId":"6xcuzx4xizrbrkn","id":"6xcuzx4xizrbrkn"},"id":"gv96j9ku8q4rul2","previousOperationId":"x8xts7f33bkl1up"}
{"type":"log","timestamp":1725248126650,"level":"debug","message":"Page request finished: GET (script) 200 https://cdnjs.cloudflare.com/ajax/libs/lodash.js/4.17.11/lodash.min.js","meta":{"rootId":"6xcuzx4xizrbrkn","id":"6xcuzx4xizrbrkn"},"id":"e6cnpogec9f2h7f","previousOperationId":"x8xts7f33bkl1up"}
{"type":"log","timestamp":1725248126651,"level":"debug","message":"Page request finished: GET (script) 200 https://unpkg.com/chart.js@2.7.3/dist/Chart.min.js","meta":{"rootId":"6xcuzx4xizrbrkn","id":"6xcuzx4xizrbrkn"},"id":"huc1sntyq657h53","previousOperationId":"x8xts7f33bkl1up"}
{"type":"log","timestamp":1725248126661,"level":"debug","message":"Page request finished: GET (script) 200 https://cdn.tailwindcss.com/3.4.5","meta":{"rootId":"6xcuzx4xizrbrkn","id":"6xcuzx4xizrbrkn"},"id":"vg17d5fl9jjqbu8","previousOperationId":"x8xts7f33bkl1up"}
{"type":"log","timestamp":1725248126697,"level":"debug","message":"(console:warn) cdn.tailwindcss.com should not be used in production. To use Tailwind CSS in production, install it as a PostCSS plugin or use the Tailwind CLI: https://tailwindcss.com/docs/installation","meta":{"userLevel":true,"rootId":"6xcuzx4xizrbrkn","id":"6xcuzx4xizrbrkn"},"id":"obkayjr9669uc3z","previousOperationId":"x8xts7f33bkl1up"}
{"type":"log","timestamp":1725248126779,"level":"warn","message":"Page error: Cannot read properties of undefined (reading '0') , stack: TypeError: Cannot read properties of undefined (reading '0')\n    at <anonymous> (file:///C:/Users/shsmo/AppData/Local/Temp/jsreport/autocleanup/7f3da42f-7812-4839-919e-fb0e9418336f-chrome-pdf.html:266:66)\n    at <anonymous> (file:///C:/Users/shsmo/AppData/Local/Temp/jsreport/autocleanup/7f3da42f-7812-4839-919e-fb0e9418336f-chrome-pdf.html:245:35)\n    at afterDraw (file:///C:/Users/shsmo/AppData/Local/Temp/jsreport/autocleanup/7f3da42f-7812-4839-919e-fb0e9418336f-chrome-pdf.html:243:41)\n    at notify (https://unpkg.com/chart.js@2.7.3/dist/Chart.min.js:10:81249)\n    at draw (https://unpkg.com/chart.js@2.7.3/dist/Chart.min.js:10:58512)\n    at render (https://unpkg.com/chart.js@2.7.3/dist/Chart.min.js:10:58209)\n    at update (https://unpkg.com/chart.js@2.7.3/dist/Chart.min.js:10:57098)\n    at construct (https://unpkg.com/chart.js@2.7.3/dist/Chart.min.js:10:53558)\n    at t (https://unpkg.com/chart.js@2.7.3/dist/Chart.min...","meta":{"rootId":"6xcuzx4xizrbrkn","id":"6xcuzx4xizrbrkn"},"id":"7as28n8426hrd6j","previousOperationId":"x8xts7f33bkl1up"}
{"type":"log","timestamp":1725248126788,"level":"debug","message":"Running chrome with params {\"printBackground\":true,\"format\":\"A4\",\"marginTop\":\"1cm\",\"marginBottom\":\"2cm\",\"timeout\":59941,\"margin\":{\"top\":\"1cm\",\"bottom\":\"2cm\"}}","meta":{"rootId":"6xcuzx4xizrbrkn","id":"6xcuzx4xizrbrkn"},"id":"q789gq0qvo6q4dl","previousOperationId":"x8xts7f33bkl1up"}
{"type":"operationEnd","operationId":"x8xts7f33bkl1up","timestamp":1725248126872,"id":"cmwdnv2c9dbm6g0","previousEventId":"uywl2t7xt0p6mzh","previousOperationId":"x8xts7f33bkl1up"}
{"type":"log","timestamp":1725248126872,"level":"debug","message":"Skipping storing report.","meta":{"rootId":"6xcuzx4xizrbrkn","id":"6xcuzx4xizrbrkn"},"id":"v02oncmhmzqjcrc","previousOperationId":"x8xts7f33bkl1up"}
{"type":"log","timestamp":1725248126872,"level":"info","message":"Rendering request 48 finished in 620 ms","meta":{"rootId":"6xcuzx4xizrbrkn","id":"6xcuzx4xizrbrkn"},"id":"5x3i6wts2ykyiz5","previousOperationId":"x8xts7f33bkl1up"}
{"type":"operationEnd","subtype":"render","operationId":"aakk3zldktrzul4","timestamp":1725248126872,"id":"3lw1ptrerhpxc1n","previousEventId":"cmwdnv2c9dbm6g0","previousOperationId":"x8xts7f33bkl1up"}
{"type":"operationEnd","doDiffs":false,"previousEventId":"9wfjo3g9tsiqlhe","previousOperationId":"blnrvqr0xiag7xk","operationId":"blnrvqr0xiag7xk","timestamp":1725248126875,"id":"53s6ys5j7qzchfc"}
