{"type":"operationStart","subtype":"profile","data":{"_id":"8YdAupSuZZhKdvuv","timestamp":"2024-09-02T03:29:18.156Z","state":"queued","mode":"standard","creationDate":"2024-09-02T03:29:18.157Z","modificationDate":"2024-09-02T03:29:18.157Z","shortid":"Su2TGRw","inheritedReadPermissions":[],"inheritedEditPermissions":[],"$entitySet":"profiles"},"doDiffs":false,"timestamp":1725247758156,"id":"glmbe9vg93oi2pr","previousOperationId":null,"operationId":"zfb4716fz78ou6c"}
{"type":"log","level":"info","message":"Render request 37 queued for execution and waiting for available worker","previousOperationId":"zfb4716fz78ou6c","timestamp":1725247758156,"id":"1r8y5kbyfhacyck"}
{"type":"operationStart","subtype":"render","name":"chart_templates","previousOperationId":"zfb4716fz78ou6c","timestamp":1725247758165,"id":"sozg3ehmpx00s2a","previousEventId":"glmbe9vg93oi2pr","operationId":"l17pfexe9n28r8q"}
{"type":"log","timestamp":1725247758165,"level":"info","message":"Starting rendering request 37 (user: admin)","meta":{"rootId":"7hnyh6kkn284lfl","id":"7hnyh6kkn284lfl"},"id":"1f0ekpn63psn8zs","previousOperationId":"l17pfexe9n28r8q"}
{"type":"log","timestamp":1725247758165,"level":"info","message":"Rendering template { name: chart_templates, recipe: chrome-pdf, engine: handlebars, preview: true }","meta":{"rootId":"7hnyh6kkn284lfl","id":"7hnyh6kkn284lfl"},"id":"56mgi2blf6d4prc","previousOperationId":"l17pfexe9n28r8q"}
{"type":"log","timestamp":1725247758165,"level":"debug","message":"Data item not defined for this template.","meta":{"rootId":"7hnyh6kkn284lfl","id":"7hnyh6kkn284lfl"},"id":"fbf7qywe06uo6z7","previousOperationId":"l17pfexe9n28r8q"}
{"type":"log","timestamp":1725247758166,"level":"debug","message":"Base url not specified, skipping its injection.","meta":{"rootId":"7hnyh6kkn284lfl","id":"7hnyh6kkn284lfl"},"id":"gu2mafa6zveint2","previousOperationId":"l17pfexe9n28r8q"}
{"type":"log","timestamp":1725247758175,"level":"debug","message":"Replaced assets [\"KhmerOSSiemreapRegular.ttf\",\"KhmerOSMuolLightRegular.ttf\",\"times_new_roman.ttf\",\"Tacteing.ttf\",\"limons1l.ttf\",\"arial.ttf\",\"/asset/images/draft-km.png\"]","meta":{"rootId":"7hnyh6kkn284lfl","id":"7hnyh6kkn284lfl"},"id":"eqgce9izpvwkega","previousOperationId":"l17pfexe9n28r8q"}
{"type":"operationStart","subtype":"engine","name":"handlebars","timestamp":1725247758175,"id":"fiju0sz0jtrqy3x","previousEventId":"sozg3ehmpx00s2a","operationId":"h4ujvdqi3xxpf2l","previousOperationId":"l17pfexe9n28r8q"}
{"type":"log","timestamp":1725247758175,"level":"debug","message":"Rendering engine handlebars","meta":{"rootId":"7hnyh6kkn284lfl","id":"7hnyh6kkn284lfl"},"id":"rf70v97bmupu45u","previousOperationId":"h4ujvdqi3xxpf2l"}
{"type":"operationEnd","operationId":"h4ujvdqi3xxpf2l","timestamp":1725247758207,"id":"3veswqu2rn1w2p7","previousEventId":"fiju0sz0jtrqy3x","previousOperationId":"h4ujvdqi3xxpf2l"}
{"type":"operationStart","subtype":"recipe","name":"chrome-pdf","timestamp":1725247758217,"id":"80q8rdxjn7a3mqb","previousEventId":"3veswqu2rn1w2p7","operationId":"dusspzi4bf5zxwp","previousOperationId":"h4ujvdqi3xxpf2l"}
{"type":"log","timestamp":1725247758217,"level":"debug","message":"Executing recipe chrome-pdf","meta":{"rootId":"7hnyh6kkn284lfl","id":"7hnyh6kkn284lfl"},"id":"98p68pvhkiqst5a","previousOperationId":"dusspzi4bf5zxwp"}
{"type":"log","timestamp":1725247758223,"level":"debug","message":"Converting with chrome Chrome/127.0.6533.99 using chrome-pool strategy","meta":{"rootId":"7hnyh6kkn284lfl","id":"7hnyh6kkn284lfl"},"id":"xbwr4ef5uq2nhph","previousOperationId":"dusspzi4bf5zxwp"}
{"type":"log","timestamp":1725247758270,"level":"debug","message":"Page request: GET (document) file:///C:/Users/shsmo/AppData/Local/Temp/jsreport/autocleanup/80157357-26c3-46b5-bbf6-1cb51198bf0b-chrome-pdf.html","meta":{"rootId":"7hnyh6kkn284lfl","id":"7hnyh6kkn284lfl"},"id":"6tgwxu2wocvrt13","previousOperationId":"dusspzi4bf5zxwp"}
{"type":"log","timestamp":1725247758505,"level":"debug","message":"Page request: GET (stylesheet) https://cdnjs.cloudflare.com/ajax/libs/font-awesome/4.7.0/css/font-awesome.min.css","meta":{"rootId":"7hnyh6kkn284lfl","id":"7hnyh6kkn284lfl"},"id":"m6jgc6kd121qbma","previousOperationId":"dusspzi4bf5zxwp"}
{"type":"log","timestamp":1725247758517,"level":"debug","message":"Page request finished: GET (stylesheet) 200 https://cdnjs.cloudflare.com/ajax/libs/font-awesome/4.7.0/css/font-awesome.min.css","meta":{"rootId":"7hnyh6kkn284lfl","id":"7hnyh6kkn284lfl"},"id":"osyq625elbyfk9p","previousOperationId":"dusspzi4bf5zxwp"}
{"type":"log","timestamp":1725247758523,"level":"debug","message":"Page request finished: GET (document) 200 file:///C:/Users/shsmo/AppData/Local/Temp/jsreport/autocleanup/80157357-26c3-46b5-bbf6-1cb51198bf0b-chrome-pdf.html","meta":{"rootId":"7hnyh6kkn284lfl","id":"7hnyh6kkn284lfl"},"id":"p5z0xi8ka0tx49v","previousOperationId":"dusspzi4bf5zxwp"}
{"type":"log","timestamp":1725247758542,"level":"debug","message":"Page request: GET (script) https://cdn.tailwindcss.com/","meta":{"rootId":"7hnyh6kkn284lfl","id":"7hnyh6kkn284lfl"},"id":"afz9gtq8o36d0ms","previousOperationId":"dusspzi4bf5zxwp"}
{"type":"log","timestamp":1725247758542,"level":"debug","message":"Page request: GET (script) https://cdnjs.cloudflare.com/ajax/libs/lodash.js/4.17.11/lodash.min.js","meta":{"rootId":"7hnyh6kkn284lfl","id":"7hnyh6kkn284lfl"},"id":"defp2xrl9d9k4eq","previousOperationId":"dusspzi4bf5zxwp"}
{"type":"log","timestamp":1725247758543,"level":"debug","message":"Page request: GET (script) https://unpkg.com/chart.js@2.7.3/dist/Chart.min.js","meta":{"rootId":"7hnyh6kkn284lfl","id":"7hnyh6kkn284lfl"},"id":"cy5uuzlblr7hegi","previousOperationId":"dusspzi4bf5zxwp"}
{"type":"log","timestamp":1725247758545,"level":"warn","message":"Page request failed: GET (script) 302 https://cdn.tailwindcss.com/ (redirect to: /3.4.5)","meta":{"rootId":"7hnyh6kkn284lfl","id":"7hnyh6kkn284lfl"},"id":"4159s4f3gt7komh","previousOperationId":"dusspzi4bf5zxwp"}
{"type":"log","timestamp":1725247758545,"level":"debug","message":"Page request: GET (script) https://cdn.tailwindcss.com/3.4.5 (redirect from: https://cdn.tailwindcss.com/)","meta":{"rootId":"7hnyh6kkn284lfl","id":"7hnyh6kkn284lfl"},"id":"unxg994z6ue0i3l","previousOperationId":"dusspzi4bf5zxwp"}
{"type":"log","timestamp":1725247758549,"level":"debug","message":"Page request finished: GET (script) 200 https://cdnjs.cloudflare.com/ajax/libs/lodash.js/4.17.11/lodash.min.js","meta":{"rootId":"7hnyh6kkn284lfl","id":"7hnyh6kkn284lfl"},"id":"lpebdvwykmsrfkv","previousOperationId":"dusspzi4bf5zxwp"}
{"type":"log","timestamp":1725247758552,"level":"debug","message":"Page request finished: GET (script) 200 https://unpkg.com/chart.js@2.7.3/dist/Chart.min.js","meta":{"rootId":"7hnyh6kkn284lfl","id":"7hnyh6kkn284lfl"},"id":"mdpoe8ubkbrvax6","previousOperationId":"dusspzi4bf5zxwp"}
{"type":"log","timestamp":1725247758562,"level":"debug","message":"Page request finished: GET (script) 200 https://cdn.tailwindcss.com/3.4.5","meta":{"rootId":"7hnyh6kkn284lfl","id":"7hnyh6kkn284lfl"},"id":"dbabot6jstubztb","previousOperationId":"dusspzi4bf5zxwp"}
{"type":"log","timestamp":1725247758601,"level":"debug","message":"(console:warn) cdn.tailwindcss.com should not be used in production. To use Tailwind CSS in production, install it as a PostCSS plugin or use the Tailwind CLI: https://tailwindcss.com/docs/installation","meta":{"userLevel":true,"rootId":"7hnyh6kkn284lfl","id":"7hnyh6kkn284lfl"},"id":"qggf5obzz5crqnf","previousOperationId":"dusspzi4bf5zxwp"}
{"type":"log","timestamp":1725247758691,"level":"debug","message":"Running chrome with params {\"printBackground\":true,\"format\":\"A4\",\"marginTop\":\"1cm\",\"marginBottom\":\"2cm\",\"timeout\":59933,\"margin\":{\"top\":\"1cm\",\"bottom\":\"2cm\"}}","meta":{"rootId":"7hnyh6kkn284lfl","id":"7hnyh6kkn284lfl"},"id":"kn3l9h4q2bbhzjj","previousOperationId":"dusspzi4bf5zxwp"}
{"type":"operationEnd","operationId":"dusspzi4bf5zxwp","timestamp":1725247758782,"id":"zjhbvshzl3vxwlw","previousEventId":"80q8rdxjn7a3mqb","previousOperationId":"dusspzi4bf5zxwp"}
{"type":"log","timestamp":1725247758782,"level":"debug","message":"Skipping storing report.","meta":{"rootId":"7hnyh6kkn284lfl","id":"7hnyh6kkn284lfl"},"id":"z9ei0vsssiadae4","previousOperationId":"dusspzi4bf5zxwp"}
{"type":"log","timestamp":1725247758782,"level":"info","message":"Rendering request 37 finished in 627 ms","meta":{"rootId":"7hnyh6kkn284lfl","id":"7hnyh6kkn284lfl"},"id":"siaazolkfl0okb4","previousOperationId":"dusspzi4bf5zxwp"}
{"type":"operationEnd","subtype":"render","operationId":"l17pfexe9n28r8q","timestamp":1725247758782,"id":"fv5atw1eubiefnh","previousEventId":"zjhbvshzl3vxwlw","previousOperationId":"dusspzi4bf5zxwp"}
{"type":"operationEnd","doDiffs":false,"previousEventId":"glmbe9vg93oi2pr","previousOperationId":"zfb4716fz78ou6c","operationId":"zfb4716fz78ou6c","timestamp":1725247758784,"id":"58znl3v8mfu7ysy"}
