{"type":"operationStart","subtype":"profile","data":{"_id":"4RXBCxaQlDlHQ42W","timestamp":"2024-09-10T04:06:23.057Z","state":"queued","mode":"standard","creationDate":"2024-09-10T04:06:23.060Z","modificationDate":"2024-09-10T04:06:23.060Z","shortid":"OJWeGSs","inheritedReadPermissions":[],"inheritedEditPermissions":[],"$entitySet":"profiles"},"doDiffs":false,"timestamp":1725941183059,"id":"i2sfcwv1mothr91","previousOperationId":null,"operationId":"o3z6pr2qr48avb2"}
{"type":"log","level":"info","message":"Render request 2 queued for execution and waiting for available worker","previousOperationId":"o3z6pr2qr48avb2","timestamp":1725941183059,"id":"z2mcpc0hj3oqs3r"}
{"type":"operationStart","subtype":"render","name":"chart_templates","previousOperationId":"o3z6pr2qr48avb2","timestamp":1725941183068,"id":"b7slfjmbfmlgmfd","previousEventId":"i2sfcwv1mothr91","operationId":"c0r5ogstrzhhc8s"}
{"type":"log","timestamp":1725941183069,"level":"info","message":"Starting rendering request 2 (user: admin)","meta":{"rootId":"7olg162dxeivqc4","id":"7olg162dxeivqc4"},"id":"92mhyqd67gxj6vu","previousOperationId":"c0r5ogstrzhhc8s"}
{"type":"log","timestamp":1725941183069,"level":"info","message":"Rendering template { name: chart_templates, recipe: chrome-pdf, engine: handlebars, preview: true }","meta":{"rootId":"7olg162dxeivqc4","id":"7olg162dxeivqc4"},"id":"s9e9d50eet34y7p","previousOperationId":"c0r5ogstrzhhc8s"}
{"type":"log","timestamp":1725941183071,"level":"debug","message":"Data item not defined for this template.","meta":{"rootId":"7olg162dxeivqc4","id":"7olg162dxeivqc4"},"id":"8h4b4air1zximy0","previousOperationId":"c0r5ogstrzhhc8s"}
{"type":"log","timestamp":1725941183073,"level":"debug","message":"Base url not specified, skipping its injection.","meta":{"rootId":"7olg162dxeivqc4","id":"7olg162dxeivqc4"},"id":"uz9gae6ocu5a2z0","previousOperationId":"c0r5ogstrzhhc8s"}
{"type":"log","timestamp":1725941183084,"level":"debug","message":"Replaced assets [\"KhmerOSSiemreapRegular.ttf\",\"KhmerOSMuolLightRegular.ttf\",\"times_new_roman.ttf\",\"Tacteing.ttf\",\"limons1l.ttf\",\"arial.ttf\",\"/asset/images/draft-km.png\"]","meta":{"rootId":"7olg162dxeivqc4","id":"7olg162dxeivqc4"},"id":"fayrrhy9djsgma4","previousOperationId":"c0r5ogstrzhhc8s"}
{"type":"operationStart","subtype":"engine","name":"handlebars","timestamp":1725941183085,"id":"2ghgklkhmajl6re","previousEventId":"b7slfjmbfmlgmfd","operationId":"hoepxydaxtvcxni","previousOperationId":"c0r5ogstrzhhc8s"}
{"type":"log","timestamp":1725941183085,"level":"debug","message":"Rendering engine handlebars","meta":{"rootId":"7olg162dxeivqc4","id":"7olg162dxeivqc4"},"id":"igu61os7yje981n","previousOperationId":"hoepxydaxtvcxni"}
{"type":"operationEnd","operationId":"hoepxydaxtvcxni","timestamp":1725941183450,"id":"fnovezdd0j647yh","previousEventId":"2ghgklkhmajl6re","previousOperationId":"hoepxydaxtvcxni"}
{"type":"operationStart","subtype":"recipe","name":"chrome-pdf","timestamp":1725941183457,"id":"6w4i42d19xs63fp","previousEventId":"fnovezdd0j647yh","operationId":"f64q2l2zukr5m6o","previousOperationId":"hoepxydaxtvcxni"}
{"type":"log","timestamp":1725941183457,"level":"debug","message":"Executing recipe chrome-pdf","meta":{"rootId":"7olg162dxeivqc4","id":"7olg162dxeivqc4"},"id":"uvkh97avfpzv8o1","previousOperationId":"f64q2l2zukr5m6o"}
{"type":"log","timestamp":1725941184521,"level":"debug","message":"Converting with chrome Chrome/127.0.6533.99 using chrome-pool strategy","meta":{"rootId":"7olg162dxeivqc4","id":"7olg162dxeivqc4"},"id":"pbrhu2d38tji5yc","previousOperationId":"f64q2l2zukr5m6o"}
{"type":"log","timestamp":1725941184631,"level":"debug","message":"Page request: GET (document) file:///C:/Users/shsmo/AppData/Local/Temp/jsreport/autocleanup/608a21e2-a1bf-457f-bb0e-6d078048b12b-chrome-pdf.html","meta":{"rootId":"7olg162dxeivqc4","id":"7olg162dxeivqc4"},"id":"pkj8l64megy84cr","previousOperationId":"f64q2l2zukr5m6o"}
{"type":"log","timestamp":1725941184856,"level":"debug","message":"Page request: GET (stylesheet) https://cdnjs.cloudflare.com/ajax/libs/font-awesome/4.7.0/css/font-awesome.min.css","meta":{"rootId":"7olg162dxeivqc4","id":"7olg162dxeivqc4"},"id":"c1lp4r31ws04sox","previousOperationId":"f64q2l2zukr5m6o"}
{"type":"log","timestamp":1725941184875,"level":"debug","message":"Page request finished: GET (document) 200 file:///C:/Users/shsmo/AppData/Local/Temp/jsreport/autocleanup/608a21e2-a1bf-457f-bb0e-6d078048b12b-chrome-pdf.html","meta":{"rootId":"7olg162dxeivqc4","id":"7olg162dxeivqc4"},"id":"jd0hm5mjd5hhn7c","previousOperationId":"f64q2l2zukr5m6o"}
{"type":"log","timestamp":1725941184902,"level":"debug","message":"Page request: GET (script) https://cdn.tailwindcss.com/","meta":{"rootId":"7olg162dxeivqc4","id":"7olg162dxeivqc4"},"id":"u5nbnl1dwu6hn8d","previousOperationId":"f64q2l2zukr5m6o"}
{"type":"log","timestamp":1725941184903,"level":"debug","message":"Page request: GET (script) https://cdnjs.cloudflare.com/ajax/libs/lodash.js/4.17.11/lodash.min.js","meta":{"rootId":"7olg162dxeivqc4","id":"7olg162dxeivqc4"},"id":"9xtwhaabckq26nr","previousOperationId":"f64q2l2zukr5m6o"}
{"type":"log","timestamp":1725941184904,"level":"debug","message":"Page request: GET (script) https://unpkg.com/chart.js@2.7.3/dist/Chart.min.js","meta":{"rootId":"7olg162dxeivqc4","id":"7olg162dxeivqc4"},"id":"mf8komoz7en2vs1","previousOperationId":"f64q2l2zukr5m6o"}
{"type":"log","timestamp":1725941185269,"level":"warn","message":"Page request failed: GET (script) 302 https://cdn.tailwindcss.com/ (redirect to: /3.4.5)","meta":{"rootId":"7olg162dxeivqc4","id":"7olg162dxeivqc4"},"id":"ls9n916szyyyxee","previousOperationId":"f64q2l2zukr5m6o"}
{"type":"log","timestamp":1725941185270,"level":"debug","message":"Page request: GET (script) https://cdn.tailwindcss.com/3.4.5 (redirect from: https://cdn.tailwindcss.com/)","meta":{"rootId":"7olg162dxeivqc4","id":"7olg162dxeivqc4"},"id":"ezam36uxop6nstr","previousOperationId":"f64q2l2zukr5m6o"}
{"type":"log","timestamp":1725941185270,"level":"debug","message":"Page request finished: GET (script) 200 https://cdnjs.cloudflare.com/ajax/libs/lodash.js/4.17.11/lodash.min.js","meta":{"rootId":"7olg162dxeivqc4","id":"7olg162dxeivqc4"},"id":"ei0irbyjka2s9z2","previousOperationId":"f64q2l2zukr5m6o"}
{"type":"log","timestamp":1725941185272,"level":"debug","message":"Page request finished: GET (stylesheet) 200 https://cdnjs.cloudflare.com/ajax/libs/font-awesome/4.7.0/css/font-awesome.min.css","meta":{"rootId":"7olg162dxeivqc4","id":"7olg162dxeivqc4"},"id":"yz6otz3dmnai2hi","previousOperationId":"f64q2l2zukr5m6o"}
{"type":"log","timestamp":1725941185486,"level":"debug","message":"Page request finished: GET (script) 200 https://cdn.tailwindcss.com/3.4.5","meta":{"rootId":"7olg162dxeivqc4","id":"7olg162dxeivqc4"},"id":"74uf5mzmb82y0q3","previousOperationId":"f64q2l2zukr5m6o"}
{"type":"log","timestamp":1725941185530,"level":"debug","message":"(console:warn) cdn.tailwindcss.com should not be used in production. To use Tailwind CSS in production, install it as a PostCSS plugin or use the Tailwind CLI: https://tailwindcss.com/docs/installation","meta":{"userLevel":true,"rootId":"7olg162dxeivqc4","id":"7olg162dxeivqc4"},"id":"d37kwjp8trhioyb","previousOperationId":"f64q2l2zukr5m6o"}
{"type":"log","timestamp":1725941185860,"level":"debug","message":"Page request finished: GET (script) 200 https://unpkg.com/chart.js@2.7.3/dist/Chart.min.js","meta":{"rootId":"7olg162dxeivqc4","id":"7olg162dxeivqc4"},"id":"gegqnjmszbyt7wd","previousOperationId":"f64q2l2zukr5m6o"}
{"type":"log","timestamp":1725941185889,"level":"debug","message":"Running chrome with params {\"printBackground\":true,\"format\":\"A4\",\"marginTop\":\"1cm\",\"marginBottom\":\"2cm\",\"timeout\":599277,\"margin\":{\"top\":\"1cm\",\"bottom\":\"2cm\"}}","meta":{"rootId":"7olg162dxeivqc4","id":"7olg162dxeivqc4"},"id":"xygo505738mh53w","previousOperationId":"f64q2l2zukr5m6o"}
{"type":"operationEnd","operationId":"f64q2l2zukr5m6o","timestamp":1725941186167,"id":"c1u5fxh4jls60dh","previousEventId":"6w4i42d19xs63fp","previousOperationId":"f64q2l2zukr5m6o"}
{"type":"log","timestamp":1725941186167,"level":"debug","message":"Skipping storing report.","meta":{"rootId":"7olg162dxeivqc4","id":"7olg162dxeivqc4"},"id":"d70r7idcojw1qqt","previousOperationId":"f64q2l2zukr5m6o"}
{"type":"log","timestamp":1725941186168,"level":"info","message":"Rendering request 2 finished in 3111 ms","meta":{"rootId":"7olg162dxeivqc4","id":"7olg162dxeivqc4"},"id":"htc8qmwd6bc6t5y","previousOperationId":"f64q2l2zukr5m6o"}
{"type":"operationEnd","subtype":"render","operationId":"c0r5ogstrzhhc8s","timestamp":1725941186168,"id":"sts11si1e40u690","previousEventId":"c1u5fxh4jls60dh","previousOperationId":"f64q2l2zukr5m6o"}
{"type":"operationEnd","doDiffs":false,"previousEventId":"i2sfcwv1mothr91","previousOperationId":"o3z6pr2qr48avb2","operationId":"o3z6pr2qr48avb2","timestamp":1725941186171,"id":"smnsev8kvws9rgz"}
