{"type":"operationStart","subtype":"profile","data":{"_id":"p22jF2pSGjxYIrIq","timestamp":"2024-09-02T03:36:47.664Z","state":"queued","mode":"standard","creationDate":"2024-09-02T03:36:47.666Z","modificationDate":"2024-09-02T03:36:47.666Z","shortid":"tYQgVKU","inheritedReadPermissions":[],"inheritedEditPermissions":[],"$entitySet":"profiles"},"doDiffs":false,"timestamp":1725248207665,"id":"zfs4x3qieglxjql","previousOperationId":null,"operationId":"daor6o38uuaxe6e"}
{"type":"log","level":"info","message":"Render request 52 queued for execution and waiting for available worker","previousOperationId":"daor6o38uuaxe6e","timestamp":1725248207665,"id":"iswhl2genov8qoe"}
{"type":"operationStart","subtype":"render","name":"chart_templates","previousOperationId":"daor6o38uuaxe6e","timestamp":1725248207670,"id":"fqqsvpfd1v5e7ws","previousEventId":"zfs4x3qieglxjql","operationId":"38kw5fi9u5rji30"}
{"type":"log","timestamp":1725248207670,"level":"info","message":"Starting rendering request 52 (user: admin)","meta":{"rootId":"98j6omud6qk4dks","id":"98j6omud6qk4dks"},"id":"eddju8mdnvl1idx","previousOperationId":"38kw5fi9u5rji30"}
{"type":"log","timestamp":1725248207670,"level":"info","message":"Rendering template { name: chart_templates, recipe: chrome-pdf, engine: handlebars, preview: true }","meta":{"rootId":"98j6omud6qk4dks","id":"98j6omud6qk4dks"},"id":"ivzrc0ky8rufaug","previousOperationId":"38kw5fi9u5rji30"}
{"type":"log","timestamp":1725248207671,"level":"debug","message":"Data item not defined for this template.","meta":{"rootId":"98j6omud6qk4dks","id":"98j6omud6qk4dks"},"id":"bq1klkyse6in8r5","previousOperationId":"38kw5fi9u5rji30"}
{"type":"log","timestamp":1725248207672,"level":"debug","message":"Base url not specified, skipping its injection.","meta":{"rootId":"98j6omud6qk4dks","id":"98j6omud6qk4dks"},"id":"pxri3hvi2j2w30i","previousOperationId":"38kw5fi9u5rji30"}
{"type":"log","timestamp":1725248207680,"level":"debug","message":"Replaced assets [\"KhmerOSSiemreapRegular.ttf\",\"KhmerOSMuolLightRegular.ttf\",\"times_new_roman.ttf\",\"Tacteing.ttf\",\"limons1l.ttf\",\"arial.ttf\",\"/asset/images/draft-km.png\"]","meta":{"rootId":"98j6omud6qk4dks","id":"98j6omud6qk4dks"},"id":"qifjblsz1rcjggt","previousOperationId":"38kw5fi9u5rji30"}
{"type":"operationStart","subtype":"engine","name":"handlebars","timestamp":1725248207681,"id":"c0phdsxtsf71j85","previousEventId":"fqqsvpfd1v5e7ws","operationId":"9s1aivrf3x692ky","previousOperationId":"38kw5fi9u5rji30"}
{"type":"log","timestamp":1725248207681,"level":"debug","message":"Rendering engine handlebars","meta":{"rootId":"98j6omud6qk4dks","id":"98j6omud6qk4dks"},"id":"1t0213zrblf2rxs","previousOperationId":"9s1aivrf3x692ky"}
{"type":"operationEnd","operationId":"9s1aivrf3x692ky","timestamp":1725248207699,"id":"ea3s34dwib3qwnb","previousEventId":"c0phdsxtsf71j85","previousOperationId":"9s1aivrf3x692ky"}
{"type":"operationStart","subtype":"recipe","name":"chrome-pdf","timestamp":1725248207712,"id":"0n4c7pkrwxgk7ax","previousEventId":"ea3s34dwib3qwnb","operationId":"hivsfqlsa7we8qi","previousOperationId":"9s1aivrf3x692ky"}
{"type":"log","timestamp":1725248207712,"level":"debug","message":"Executing recipe chrome-pdf","meta":{"rootId":"98j6omud6qk4dks","id":"98j6omud6qk4dks"},"id":"qnfptol4x88rfrg","previousOperationId":"hivsfqlsa7we8qi"}
{"type":"log","timestamp":1725248207719,"level":"debug","message":"Converting with chrome Chrome/127.0.6533.99 using chrome-pool strategy","meta":{"rootId":"98j6omud6qk4dks","id":"98j6omud6qk4dks"},"id":"m4278rdzu9tohub","previousOperationId":"hivsfqlsa7we8qi"}
{"type":"log","timestamp":1725248207771,"level":"debug","message":"Page request: GET (document) file:///C:/Users/shsmo/AppData/Local/Temp/jsreport/autocleanup/56b0d8c0-e5f5-4f8b-82ef-0daeb43791c9-chrome-pdf.html","meta":{"rootId":"98j6omud6qk4dks","id":"98j6omud6qk4dks"},"id":"r04bndg6kbgyzlh","previousOperationId":"hivsfqlsa7we8qi"}
{"type":"log","timestamp":1725248208012,"level":"debug","message":"Page request: GET (stylesheet) https://cdnjs.cloudflare.com/ajax/libs/font-awesome/4.7.0/css/font-awesome.min.css","meta":{"rootId":"98j6omud6qk4dks","id":"98j6omud6qk4dks"},"id":"94ive52wfp7s3st","previousOperationId":"hivsfqlsa7we8qi"}
{"type":"log","timestamp":1725248208022,"level":"debug","message":"Page request finished: GET (stylesheet) 200 https://cdnjs.cloudflare.com/ajax/libs/font-awesome/4.7.0/css/font-awesome.min.css","meta":{"rootId":"98j6omud6qk4dks","id":"98j6omud6qk4dks"},"id":"qjxmi7k7bej4543","previousOperationId":"hivsfqlsa7we8qi"}
{"type":"log","timestamp":1725248208026,"level":"debug","message":"Page request finished: GET (document) 200 file:///C:/Users/shsmo/AppData/Local/Temp/jsreport/autocleanup/56b0d8c0-e5f5-4f8b-82ef-0daeb43791c9-chrome-pdf.html","meta":{"rootId":"98j6omud6qk4dks","id":"98j6omud6qk4dks"},"id":"82jtebplucufe07","previousOperationId":"hivsfqlsa7we8qi"}
{"type":"log","timestamp":1725248208041,"level":"debug","message":"Page request: GET (script) https://cdn.tailwindcss.com/","meta":{"rootId":"98j6omud6qk4dks","id":"98j6omud6qk4dks"},"id":"gv8wfyek3lq7oa5","previousOperationId":"hivsfqlsa7we8qi"}
{"type":"log","timestamp":1725248208042,"level":"debug","message":"Page request: GET (script) https://cdnjs.cloudflare.com/ajax/libs/lodash.js/4.17.11/lodash.min.js","meta":{"rootId":"98j6omud6qk4dks","id":"98j6omud6qk4dks"},"id":"sumf8rrp2vnabya","previousOperationId":"hivsfqlsa7we8qi"}
{"type":"log","timestamp":1725248208042,"level":"debug","message":"Page request: GET (script) https://unpkg.com/chart.js@2.7.3/dist/Chart.min.js","meta":{"rootId":"98j6omud6qk4dks","id":"98j6omud6qk4dks"},"id":"cxayqsniqc3ptpp","previousOperationId":"hivsfqlsa7we8qi"}
{"type":"log","timestamp":1725248208046,"level":"warn","message":"Page request failed: GET (script) 302 https://cdn.tailwindcss.com/ (redirect to: /3.4.5)","meta":{"rootId":"98j6omud6qk4dks","id":"98j6omud6qk4dks"},"id":"ik4y7ww56jbdiru","previousOperationId":"hivsfqlsa7we8qi"}
{"type":"log","timestamp":1725248208046,"level":"debug","message":"Page request: GET (script) https://cdn.tailwindcss.com/3.4.5 (redirect from: https://cdn.tailwindcss.com/)","meta":{"rootId":"98j6omud6qk4dks","id":"98j6omud6qk4dks"},"id":"6w2vr5eivktseqo","previousOperationId":"hivsfqlsa7we8qi"}
{"type":"log","timestamp":1725248208048,"level":"debug","message":"Page request finished: GET (script) 200 https://cdnjs.cloudflare.com/ajax/libs/lodash.js/4.17.11/lodash.min.js","meta":{"rootId":"98j6omud6qk4dks","id":"98j6omud6qk4dks"},"id":"fbeg5kj89uhzhjp","previousOperationId":"hivsfqlsa7we8qi"}
{"type":"log","timestamp":1725248208050,"level":"debug","message":"Page request finished: GET (script) 200 https://unpkg.com/chart.js@2.7.3/dist/Chart.min.js","meta":{"rootId":"98j6omud6qk4dks","id":"98j6omud6qk4dks"},"id":"msuu4q5kmixvv0k","previousOperationId":"hivsfqlsa7we8qi"}
{"type":"log","timestamp":1725248208061,"level":"debug","message":"Page request finished: GET (script) 200 https://cdn.tailwindcss.com/3.4.5","meta":{"rootId":"98j6omud6qk4dks","id":"98j6omud6qk4dks"},"id":"udsevoslz3nsjv5","previousOperationId":"hivsfqlsa7we8qi"}
{"type":"log","timestamp":1725248208095,"level":"debug","message":"(console:warn) cdn.tailwindcss.com should not be used in production. To use Tailwind CSS in production, install it as a PostCSS plugin or use the Tailwind CLI: https://tailwindcss.com/docs/installation","meta":{"userLevel":true,"rootId":"98j6omud6qk4dks","id":"98j6omud6qk4dks"},"id":"rsh82nm551af7xu","previousOperationId":"hivsfqlsa7we8qi"}
{"type":"log","timestamp":1725248208184,"level":"debug","message":"Running chrome with params {\"printBackground\":true,\"format\":\"A4\",\"marginTop\":\"1cm\",\"marginBottom\":\"2cm\",\"timeout\":59946,\"margin\":{\"top\":\"1cm\",\"bottom\":\"2cm\"}}","meta":{"rootId":"98j6omud6qk4dks","id":"98j6omud6qk4dks"},"id":"ucr5zensykh22f1","previousOperationId":"hivsfqlsa7we8qi"}
{"type":"operationEnd","operationId":"hivsfqlsa7we8qi","timestamp":1725248208256,"id":"ycqwxsv1qtdeccq","previousEventId":"0n4c7pkrwxgk7ax","previousOperationId":"hivsfqlsa7we8qi"}
{"type":"log","timestamp":1725248208256,"level":"debug","message":"Skipping storing report.","meta":{"rootId":"98j6omud6qk4dks","id":"98j6omud6qk4dks"},"id":"e89vucywh9u49ew","previousOperationId":"hivsfqlsa7we8qi"}
{"type":"log","timestamp":1725248208256,"level":"info","message":"Rendering request 52 finished in 592 ms","meta":{"rootId":"98j6omud6qk4dks","id":"98j6omud6qk4dks"},"id":"tp21d6cbpmtopck","previousOperationId":"hivsfqlsa7we8qi"}
{"type":"operationEnd","subtype":"render","operationId":"38kw5fi9u5rji30","timestamp":1725248208256,"id":"t0fnz9f0t2cfluq","previousEventId":"ycqwxsv1qtdeccq","previousOperationId":"hivsfqlsa7we8qi"}
{"type":"operationEnd","doDiffs":false,"previousEventId":"zfs4x3qieglxjql","previousOperationId":"daor6o38uuaxe6e","operationId":"daor6o38uuaxe6e","timestamp":1725248208259,"id":"oumdbcp0vr0khx4"}
