{"type":"operationStart","subtype":"profile","data":{"_id":"W7Cb5iKymcsXvLsE","timestamp":"2024-09-02T03:17:00.700Z","state":"queued","mode":"standard","creationDate":"2024-09-02T03:17:00.701Z","modificationDate":"2024-09-02T03:17:00.701Z","shortid":"0KawW2E","inheritedReadPermissions":[],"inheritedEditPermissions":[],"$entitySet":"profiles"},"doDiffs":false,"timestamp":1725247020701,"id":"1rcmzjfodu7ny4r","previousOperationId":null,"operationId":"7zkag8wtp33z3wx"}
{"type":"log","level":"info","message":"Render request 10 queued for execution and waiting for available worker","previousOperationId":"7zkag8wtp33z3wx","timestamp":1725247020701,"id":"1xrjqrhvxgo875v"}
{"type":"operationStart","subtype":"render","name":"chart_templates","previousOperationId":"7zkag8wtp33z3wx","timestamp":1725247020707,"id":"9h9dgek1jhfoppd","previousEventId":"1rcmzjfodu7ny4r","operationId":"xcp5v99ppcycsji"}
{"type":"log","timestamp":1725247020707,"level":"info","message":"Starting rendering request 10 (user: admin)","meta":{"rootId":"9yl29vapbezg6n6","id":"9yl29vapbezg6n6"},"id":"6z5d2pqib8ug8di","previousOperationId":"xcp5v99ppcycsji"}
{"type":"log","timestamp":1725247020707,"level":"info","message":"Rendering template { name: chart_templates, recipe: chrome-pdf, engine: handlebars, preview: true }","meta":{"rootId":"9yl29vapbezg6n6","id":"9yl29vapbezg6n6"},"id":"srpshuahwn1q00g","previousOperationId":"xcp5v99ppcycsji"}
{"type":"log","timestamp":1725247020708,"level":"debug","message":"Data item not defined for this template.","meta":{"rootId":"9yl29vapbezg6n6","id":"9yl29vapbezg6n6"},"id":"rr2t6x6ni3y2iz3","previousOperationId":"xcp5v99ppcycsji"}
{"type":"log","timestamp":1725247020708,"level":"debug","message":"Base url not specified, skipping its injection.","meta":{"rootId":"9yl29vapbezg6n6","id":"9yl29vapbezg6n6"},"id":"pljv2kwvykr86yb","previousOperationId":"xcp5v99ppcycsji"}
{"type":"log","timestamp":1725247020715,"level":"debug","message":"Replaced assets [\"KhmerOSSiemreapRegular.ttf\",\"KhmerOSMuolLightRegular.ttf\",\"times_new_roman.ttf\",\"Tacteing.ttf\",\"limons1l.ttf\",\"arial.ttf\",\"/asset/images/draft-km.png\"]","meta":{"rootId":"9yl29vapbezg6n6","id":"9yl29vapbezg6n6"},"id":"f2levfanwuz34uv","previousOperationId":"xcp5v99ppcycsji"}
{"type":"operationStart","subtype":"engine","name":"handlebars","timestamp":1725247020716,"id":"ligse73wfqh4i3f","previousEventId":"9h9dgek1jhfoppd","operationId":"bbx33doqvf33fhf","previousOperationId":"xcp5v99ppcycsji"}
{"type":"log","timestamp":1725247020716,"level":"debug","message":"Rendering engine handlebars","meta":{"rootId":"9yl29vapbezg6n6","id":"9yl29vapbezg6n6"},"id":"p7uidy8w7synsrb","previousOperationId":"bbx33doqvf33fhf"}
{"type":"operationEnd","operationId":"bbx33doqvf33fhf","timestamp":1725247020746,"id":"qswsfvb4fd0s2hq","previousEventId":"ligse73wfqh4i3f","previousOperationId":"bbx33doqvf33fhf"}
{"type":"operationStart","subtype":"recipe","name":"chrome-pdf","timestamp":1725247020756,"id":"qatrj0oowsfr7by","previousEventId":"qswsfvb4fd0s2hq","operationId":"62aetbbuvat7nph","previousOperationId":"bbx33doqvf33fhf"}
{"type":"log","timestamp":1725247020756,"level":"debug","message":"Executing recipe chrome-pdf","meta":{"rootId":"9yl29vapbezg6n6","id":"9yl29vapbezg6n6"},"id":"tke3xp6wgn9niyi","previousOperationId":"62aetbbuvat7nph"}
{"type":"log","timestamp":1725247020762,"level":"debug","message":"Converting with chrome Chrome/127.0.6533.99 using chrome-pool strategy","meta":{"rootId":"9yl29vapbezg6n6","id":"9yl29vapbezg6n6"},"id":"tsicvyrqwsllt8x","previousOperationId":"62aetbbuvat7nph"}
{"type":"log","timestamp":1725247020819,"level":"debug","message":"Page request: GET (document) file:///C:/Users/shsmo/AppData/Local/Temp/jsreport/autocleanup/db7caaba-ec0c-46ff-8c4a-ebf3aab450ff-chrome-pdf.html","meta":{"rootId":"9yl29vapbezg6n6","id":"9yl29vapbezg6n6"},"id":"6vgvsf747jqvmhr","previousOperationId":"62aetbbuvat7nph"}
{"type":"log","timestamp":1725247021010,"level":"debug","message":"Page request: GET (stylesheet) https://cdnjs.cloudflare.com/ajax/libs/font-awesome/4.7.0/css/font-awesome.min.css","meta":{"rootId":"9yl29vapbezg6n6","id":"9yl29vapbezg6n6"},"id":"r5ssluc4n9mejvg","previousOperationId":"62aetbbuvat7nph"}
{"type":"log","timestamp":1725247021024,"level":"debug","message":"Page request finished: GET (document) 200 file:///C:/Users/shsmo/AppData/Local/Temp/jsreport/autocleanup/db7caaba-ec0c-46ff-8c4a-ebf3aab450ff-chrome-pdf.html","meta":{"rootId":"9yl29vapbezg6n6","id":"9yl29vapbezg6n6"},"id":"fbbclxb349r8tyq","previousOperationId":"62aetbbuvat7nph"}
{"type":"log","timestamp":1725247021025,"level":"debug","message":"Page request finished: GET (stylesheet) 200 https://cdnjs.cloudflare.com/ajax/libs/font-awesome/4.7.0/css/font-awesome.min.css","meta":{"rootId":"9yl29vapbezg6n6","id":"9yl29vapbezg6n6"},"id":"9lsk4xnhuayuvb9","previousOperationId":"62aetbbuvat7nph"}
{"type":"log","timestamp":1725247021043,"level":"debug","message":"Page request: GET (script) https://cdn.tailwindcss.com/","meta":{"rootId":"9yl29vapbezg6n6","id":"9yl29vapbezg6n6"},"id":"wbfg27mvsl5zeqc","previousOperationId":"62aetbbuvat7nph"}
{"type":"log","timestamp":1725247021043,"level":"debug","message":"Page request: GET (script) https://cdnjs.cloudflare.com/ajax/libs/lodash.js/4.17.11/lodash.min.js","meta":{"rootId":"9yl29vapbezg6n6","id":"9yl29vapbezg6n6"},"id":"7x7fa1j6ije311o","previousOperationId":"62aetbbuvat7nph"}
{"type":"log","timestamp":1725247021044,"level":"debug","message":"Page request: GET (script) https://unpkg.com/chart.js@2.7.3/dist/Chart.min.js","meta":{"rootId":"9yl29vapbezg6n6","id":"9yl29vapbezg6n6"},"id":"l5rf0761dsxoifg","previousOperationId":"62aetbbuvat7nph"}
{"type":"log","timestamp":1725247021049,"level":"warn","message":"Page request failed: GET (script) 302 https://cdn.tailwindcss.com/ (redirect to: /3.4.5)","meta":{"rootId":"9yl29vapbezg6n6","id":"9yl29vapbezg6n6"},"id":"4fwtwhg369f8yrw","previousOperationId":"62aetbbuvat7nph"}
{"type":"log","timestamp":1725247021050,"level":"debug","message":"Page request: GET (script) https://cdn.tailwindcss.com/3.4.5 (redirect from: https://cdn.tailwindcss.com/)","meta":{"rootId":"9yl29vapbezg6n6","id":"9yl29vapbezg6n6"},"id":"gx1x6418d4qx509","previousOperationId":"62aetbbuvat7nph"}
{"type":"log","timestamp":1725247021055,"level":"debug","message":"Page request finished: GET (script) 200 https://cdnjs.cloudflare.com/ajax/libs/lodash.js/4.17.11/lodash.min.js","meta":{"rootId":"9yl29vapbezg6n6","id":"9yl29vapbezg6n6"},"id":"kf4ygfoeeioj7k4","previousOperationId":"62aetbbuvat7nph"}
{"type":"log","timestamp":1725247021056,"level":"debug","message":"Page request finished: GET (script) 200 https://unpkg.com/chart.js@2.7.3/dist/Chart.min.js","meta":{"rootId":"9yl29vapbezg6n6","id":"9yl29vapbezg6n6"},"id":"51pkhrvgx2v2z0b","previousOperationId":"62aetbbuvat7nph"}
{"type":"log","timestamp":1725247021066,"level":"debug","message":"Page request finished: GET (script) 200 https://cdn.tailwindcss.com/3.4.5","meta":{"rootId":"9yl29vapbezg6n6","id":"9yl29vapbezg6n6"},"id":"zka1egfjgm0hxjn","previousOperationId":"62aetbbuvat7nph"}
{"type":"log","timestamp":1725247021105,"level":"debug","message":"(console:warn) cdn.tailwindcss.com should not be used in production. To use Tailwind CSS in production, install it as a PostCSS plugin or use the Tailwind CLI: https://tailwindcss.com/docs/installation","meta":{"userLevel":true,"rootId":"9yl29vapbezg6n6","id":"9yl29vapbezg6n6"},"id":"limm8hrj72idvx7","previousOperationId":"62aetbbuvat7nph"}
{"type":"log","timestamp":1725247021180,"level":"debug","message":"Running chrome with params {\"printBackground\":true,\"format\":\"A4\",\"marginTop\":\"1cm\",\"marginBottom\":\"2cm\",\"timeout\":59940,\"margin\":{\"top\":\"1cm\",\"bottom\":\"2cm\"}}","meta":{"rootId":"9yl29vapbezg6n6","id":"9yl29vapbezg6n6"},"id":"j4lhkm5hrymbhbi","previousOperationId":"62aetbbuvat7nph"}
{"type":"operationEnd","operationId":"62aetbbuvat7nph","timestamp":1725247021223,"id":"z9wyldi5trf6f9q","previousEventId":"qatrj0oowsfr7by","previousOperationId":"62aetbbuvat7nph"}
{"type":"log","timestamp":1725247021223,"level":"debug","message":"Skipping storing report.","meta":{"rootId":"9yl29vapbezg6n6","id":"9yl29vapbezg6n6"},"id":"cj84pjukj2t721f","previousOperationId":"62aetbbuvat7nph"}
{"type":"log","timestamp":1725247021223,"level":"info","message":"Rendering request 10 finished in 523 ms","meta":{"rootId":"9yl29vapbezg6n6","id":"9yl29vapbezg6n6"},"id":"dkif2x9bftptoae","previousOperationId":"62aetbbuvat7nph"}
{"type":"operationEnd","subtype":"render","operationId":"xcp5v99ppcycsji","timestamp":1725247021223,"id":"c6kbiig4u0zbqsl","previousEventId":"z9wyldi5trf6f9q","previousOperationId":"62aetbbuvat7nph"}
{"type":"operationEnd","doDiffs":false,"previousEventId":"1rcmzjfodu7ny4r","previousOperationId":"7zkag8wtp33z3wx","operationId":"7zkag8wtp33z3wx","timestamp":1725247021226,"id":"sawgmxp35s7xmfg"}
