{"type":"operationStart","subtype":"profile","data":{"_id":"1ZKyBzXXyCpmaiFu","timestamp":"2024-09-02T03:37:19.698Z","state":"queued","mode":"standard","creationDate":"2024-09-02T03:37:19.701Z","modificationDate":"2024-09-02T03:37:19.701Z","shortid":"C8QIoAe","inheritedReadPermissions":[],"inheritedEditPermissions":[],"$entitySet":"profiles"},"doDiffs":false,"timestamp":1725248239699,"id":"xyp1klm8nxyuzgr","previousOperationId":null,"operationId":"ezgcthptckes2c8"}
{"type":"log","level":"info","message":"Render request 54 queued for execution and waiting for available worker","previousOperationId":"ezgcthptckes2c8","timestamp":1725248239700,"id":"92celbgg6nwlerj"}
{"type":"operationStart","subtype":"render","name":"chart_templates","previousOperationId":"ezgcthptckes2c8","timestamp":1725248239709,"id":"qe41g3np6dclh89","previousEventId":"xyp1klm8nxyuzgr","operationId":"2vthoxpl6u8elae"}
{"type":"log","timestamp":1725248239709,"level":"info","message":"Starting rendering request 54 (user: admin)","meta":{"rootId":"9ymtjj75msey24s","id":"9ymtjj75msey24s"},"id":"5fwmls25twtnkeq","previousOperationId":"2vthoxpl6u8elae"}
{"type":"log","timestamp":1725248239709,"level":"info","message":"Rendering template { name: chart_templates, recipe: chrome-pdf, engine: handlebars, preview: true }","meta":{"rootId":"9ymtjj75msey24s","id":"9ymtjj75msey24s"},"id":"9yfljuud055gr9u","previousOperationId":"2vthoxpl6u8elae"}
{"type":"log","timestamp":1725248239709,"level":"debug","message":"Data item not defined for this template.","meta":{"rootId":"9ymtjj75msey24s","id":"9ymtjj75msey24s"},"id":"itnylq814ejo2sc","previousOperationId":"2vthoxpl6u8elae"}
{"type":"log","timestamp":1725248239711,"level":"debug","message":"Base url not specified, skipping its injection.","meta":{"rootId":"9ymtjj75msey24s","id":"9ymtjj75msey24s"},"id":"x2cq12ihwvo8uzu","previousOperationId":"2vthoxpl6u8elae"}
{"type":"log","timestamp":1725248239718,"level":"debug","message":"Replaced assets [\"KhmerOSSiemreapRegular.ttf\",\"KhmerOSMuolLightRegular.ttf\",\"times_new_roman.ttf\",\"Tacteing.ttf\",\"limons1l.ttf\",\"arial.ttf\",\"/asset/images/draft-km.png\"]","meta":{"rootId":"9ymtjj75msey24s","id":"9ymtjj75msey24s"},"id":"fo7ovlxmjw90k3j","previousOperationId":"2vthoxpl6u8elae"}
{"type":"operationStart","subtype":"engine","name":"handlebars","timestamp":1725248239719,"id":"7oou1j6e6raojx2","previousEventId":"qe41g3np6dclh89","operationId":"hj9m56ovfe166xr","previousOperationId":"2vthoxpl6u8elae"}
{"type":"log","timestamp":1725248239719,"level":"debug","message":"Rendering engine handlebars","meta":{"rootId":"9ymtjj75msey24s","id":"9ymtjj75msey24s"},"id":"92rid1h7y7grfsy","previousOperationId":"hj9m56ovfe166xr"}
{"type":"operationEnd","operationId":"hj9m56ovfe166xr","timestamp":1725248239747,"id":"s75bfh3pxahg3lr","previousEventId":"7oou1j6e6raojx2","previousOperationId":"hj9m56ovfe166xr"}
{"type":"operationStart","subtype":"recipe","name":"chrome-pdf","timestamp":1725248239757,"id":"o95yl5qd9lkvwxr","previousEventId":"s75bfh3pxahg3lr","operationId":"i0yhiuoxa0tjtg2","previousOperationId":"hj9m56ovfe166xr"}
{"type":"log","timestamp":1725248239757,"level":"debug","message":"Executing recipe chrome-pdf","meta":{"rootId":"9ymtjj75msey24s","id":"9ymtjj75msey24s"},"id":"c9m6xvfpgv2ky29","previousOperationId":"i0yhiuoxa0tjtg2"}
{"type":"log","timestamp":1725248239762,"level":"debug","message":"Converting with chrome Chrome/127.0.6533.99 using chrome-pool strategy","meta":{"rootId":"9ymtjj75msey24s","id":"9ymtjj75msey24s"},"id":"osgn4vngangra43","previousOperationId":"i0yhiuoxa0tjtg2"}
{"type":"log","timestamp":1725248239815,"level":"debug","message":"Page request: GET (document) file:///C:/Users/shsmo/AppData/Local/Temp/jsreport/autocleanup/af0a9a4e-d03a-41ad-9ee8-be2f12dce9be-chrome-pdf.html","meta":{"rootId":"9ymtjj75msey24s","id":"9ymtjj75msey24s"},"id":"d3bz7te479n04j0","previousOperationId":"i0yhiuoxa0tjtg2"}
{"type":"log","timestamp":1725248240031,"level":"debug","message":"Page request: GET (stylesheet) https://cdnjs.cloudflare.com/ajax/libs/font-awesome/4.7.0/css/font-awesome.min.css","meta":{"rootId":"9ymtjj75msey24s","id":"9ymtjj75msey24s"},"id":"eptsxnsfhqqewtb","previousOperationId":"i0yhiuoxa0tjtg2"}
{"type":"log","timestamp":1725248240042,"level":"debug","message":"Page request finished: GET (document) 200 file:///C:/Users/shsmo/AppData/Local/Temp/jsreport/autocleanup/af0a9a4e-d03a-41ad-9ee8-be2f12dce9be-chrome-pdf.html","meta":{"rootId":"9ymtjj75msey24s","id":"9ymtjj75msey24s"},"id":"yef0qkaltz3btlu","previousOperationId":"i0yhiuoxa0tjtg2"}
{"type":"log","timestamp":1725248240044,"level":"debug","message":"Page request finished: GET (stylesheet) 200 https://cdnjs.cloudflare.com/ajax/libs/font-awesome/4.7.0/css/font-awesome.min.css","meta":{"rootId":"9ymtjj75msey24s","id":"9ymtjj75msey24s"},"id":"rfomrhovl8okxrz","previousOperationId":"i0yhiuoxa0tjtg2"}
{"type":"log","timestamp":1725248240061,"level":"debug","message":"Page request: GET (script) https://cdn.tailwindcss.com/","meta":{"rootId":"9ymtjj75msey24s","id":"9ymtjj75msey24s"},"id":"a2m5sdsidis2sfn","previousOperationId":"i0yhiuoxa0tjtg2"}
{"type":"log","timestamp":1725248240061,"level":"debug","message":"Page request: GET (script) https://cdnjs.cloudflare.com/ajax/libs/lodash.js/4.17.11/lodash.min.js","meta":{"rootId":"9ymtjj75msey24s","id":"9ymtjj75msey24s"},"id":"x6mtv16ib5v6tly","previousOperationId":"i0yhiuoxa0tjtg2"}
{"type":"log","timestamp":1725248240061,"level":"debug","message":"Page request: GET (script) https://unpkg.com/chart.js@2.7.3/dist/Chart.min.js","meta":{"rootId":"9ymtjj75msey24s","id":"9ymtjj75msey24s"},"id":"ch1kn9713f1azzk","previousOperationId":"i0yhiuoxa0tjtg2"}
{"type":"log","timestamp":1725248240064,"level":"warn","message":"Page request failed: GET (script) 302 https://cdn.tailwindcss.com/ (redirect to: /3.4.5)","meta":{"rootId":"9ymtjj75msey24s","id":"9ymtjj75msey24s"},"id":"xfaympov4ffp0vg","previousOperationId":"i0yhiuoxa0tjtg2"}
{"type":"log","timestamp":1725248240064,"level":"debug","message":"Page request: GET (script) https://cdn.tailwindcss.com/3.4.5 (redirect from: https://cdn.tailwindcss.com/)","meta":{"rootId":"9ymtjj75msey24s","id":"9ymtjj75msey24s"},"id":"byx6retz3y9tquq","previousOperationId":"i0yhiuoxa0tjtg2"}
{"type":"log","timestamp":1725248240068,"level":"debug","message":"Page request finished: GET (script) 200 https://cdnjs.cloudflare.com/ajax/libs/lodash.js/4.17.11/lodash.min.js","meta":{"rootId":"9ymtjj75msey24s","id":"9ymtjj75msey24s"},"id":"nmeaj5g5gd0tjt9","previousOperationId":"i0yhiuoxa0tjtg2"}
{"type":"log","timestamp":1725248240069,"level":"debug","message":"Page request finished: GET (script) 200 https://unpkg.com/chart.js@2.7.3/dist/Chart.min.js","meta":{"rootId":"9ymtjj75msey24s","id":"9ymtjj75msey24s"},"id":"6kknqjyizc2pjlt","previousOperationId":"i0yhiuoxa0tjtg2"}
{"type":"log","timestamp":1725248240079,"level":"debug","message":"Page request finished: GET (script) 200 https://cdn.tailwindcss.com/3.4.5","meta":{"rootId":"9ymtjj75msey24s","id":"9ymtjj75msey24s"},"id":"9dyije10mj6mrs6","previousOperationId":"i0yhiuoxa0tjtg2"}
{"type":"log","timestamp":1725248240118,"level":"debug","message":"(console:warn) cdn.tailwindcss.com should not be used in production. To use Tailwind CSS in production, install it as a PostCSS plugin or use the Tailwind CLI: https://tailwindcss.com/docs/installation","meta":{"userLevel":true,"rootId":"9ymtjj75msey24s","id":"9ymtjj75msey24s"},"id":"7akqs3in80vvezt","previousOperationId":"i0yhiuoxa0tjtg2"}
{"type":"log","timestamp":1725248240221,"level":"debug","message":"Running chrome with params {\"printBackground\":true,\"format\":\"A4\",\"marginTop\":\"1cm\",\"marginBottom\":\"2cm\",\"timeout\":59937,\"margin\":{\"top\":\"1cm\",\"bottom\":\"2cm\"}}","meta":{"rootId":"9ymtjj75msey24s","id":"9ymtjj75msey24s"},"id":"gzj2v2bo55j7wj5","previousOperationId":"i0yhiuoxa0tjtg2"}
{"type":"operationEnd","operationId":"i0yhiuoxa0tjtg2","timestamp":1725248240296,"id":"mgfgmvhl7zoajwh","previousEventId":"o95yl5qd9lkvwxr","previousOperationId":"i0yhiuoxa0tjtg2"}
{"type":"log","timestamp":1725248240296,"level":"debug","message":"Skipping storing report.","meta":{"rootId":"9ymtjj75msey24s","id":"9ymtjj75msey24s"},"id":"s80vqq9eo4rs15s","previousOperationId":"i0yhiuoxa0tjtg2"}
{"type":"log","timestamp":1725248240296,"level":"info","message":"Rendering request 54 finished in 598 ms","meta":{"rootId":"9ymtjj75msey24s","id":"9ymtjj75msey24s"},"id":"x7w8u9lcuijw5b7","previousOperationId":"i0yhiuoxa0tjtg2"}
{"type":"operationEnd","subtype":"render","operationId":"2vthoxpl6u8elae","timestamp":1725248240296,"id":"7y3qp623gz3j5xr","previousEventId":"mgfgmvhl7zoajwh","previousOperationId":"i0yhiuoxa0tjtg2"}
{"type":"operationEnd","doDiffs":false,"previousEventId":"xyp1klm8nxyuzgr","previousOperationId":"ezgcthptckes2c8","operationId":"ezgcthptckes2c8","timestamp":1725248240298,"id":"si2u8snk1atnfxs"}
