{"type":"operationStart","subtype":"profile","data":{"_id":"SaBGJxMmTWpbJomh","timestamp":"2024-09-02T03:33:12.703Z","state":"queued","mode":"standard","creationDate":"2024-09-02T03:33:12.704Z","modificationDate":"2024-09-02T03:33:12.704Z","shortid":"oK4wWvH","inheritedReadPermissions":[],"inheritedEditPermissions":[],"$entitySet":"profiles"},"doDiffs":false,"timestamp":1725247992704,"id":"zu5wc6hjhixdecg","previousOperationId":null,"operationId":"kav86x40znslghr"}
{"type":"log","level":"info","message":"Render request 45 queued for execution and waiting for available worker","previousOperationId":"kav86x40znslghr","timestamp":1725247992704,"id":"wfdt8af8twwxeg3"}
{"type":"operationStart","subtype":"render","name":"chart_templates","previousOperationId":"kav86x40znslghr","timestamp":1725247992710,"id":"v34raojckgjnc5p","previousEventId":"zu5wc6hjhixdecg","operationId":"ouerpi89s9p0f9i"}
{"type":"log","timestamp":1725247992710,"level":"info","message":"Starting rendering request 45 (user: admin)","meta":{"rootId":"cdz1htr7eeoozuf","id":"cdz1htr7eeoozuf"},"id":"nb2njo13mhv5p4h","previousOperationId":"ouerpi89s9p0f9i"}
{"type":"log","timestamp":1725247992710,"level":"info","message":"Rendering template { name: chart_templates, recipe: chrome-pdf, engine: handlebars, preview: true }","meta":{"rootId":"cdz1htr7eeoozuf","id":"cdz1htr7eeoozuf"},"id":"b5fvgyaoyh66lml","previousOperationId":"ouerpi89s9p0f9i"}
{"type":"log","timestamp":1725247992711,"level":"debug","message":"Data item not defined for this template.","meta":{"rootId":"cdz1htr7eeoozuf","id":"cdz1htr7eeoozuf"},"id":"ur3g8g4q1vpq448","previousOperationId":"ouerpi89s9p0f9i"}
{"type":"log","timestamp":1725247992713,"level":"debug","message":"Base url not specified, skipping its injection.","meta":{"rootId":"cdz1htr7eeoozuf","id":"cdz1htr7eeoozuf"},"id":"f1x088rmuglvqi0","previousOperationId":"ouerpi89s9p0f9i"}
{"type":"log","timestamp":1725247992720,"level":"debug","message":"Replaced assets [\"KhmerOSSiemreapRegular.ttf\",\"KhmerOSMuolLightRegular.ttf\",\"times_new_roman.ttf\",\"Tacteing.ttf\",\"limons1l.ttf\",\"arial.ttf\",\"/asset/images/draft-km.png\"]","meta":{"rootId":"cdz1htr7eeoozuf","id":"cdz1htr7eeoozuf"},"id":"5f29vnm5s8b9gi8","previousOperationId":"ouerpi89s9p0f9i"}
{"type":"operationStart","subtype":"engine","name":"handlebars","timestamp":1725247992721,"id":"1iop32odgicn2qf","previousEventId":"v34raojckgjnc5p","operationId":"133dswjg1n3m2qm","previousOperationId":"ouerpi89s9p0f9i"}
{"type":"log","timestamp":1725247992721,"level":"debug","message":"Rendering engine handlebars","meta":{"rootId":"cdz1htr7eeoozuf","id":"cdz1htr7eeoozuf"},"id":"gzn05b74492dszh","previousOperationId":"133dswjg1n3m2qm"}
{"type":"operationEnd","operationId":"133dswjg1n3m2qm","timestamp":1725247992753,"id":"8uqg2mso6kujjf9","previousEventId":"1iop32odgicn2qf","previousOperationId":"133dswjg1n3m2qm"}
{"type":"operationStart","subtype":"recipe","name":"chrome-pdf","timestamp":1725247992764,"id":"yura2wv75lp0erh","previousEventId":"8uqg2mso6kujjf9","operationId":"hcjlgmbn62seq8h","previousOperationId":"133dswjg1n3m2qm"}
{"type":"log","timestamp":1725247992764,"level":"debug","message":"Executing recipe chrome-pdf","meta":{"rootId":"cdz1htr7eeoozuf","id":"cdz1htr7eeoozuf"},"id":"2lt8v4dmitv5r37","previousOperationId":"hcjlgmbn62seq8h"}
{"type":"log","timestamp":1725247992768,"level":"debug","message":"Converting with chrome Chrome/127.0.6533.99 using chrome-pool strategy","meta":{"rootId":"cdz1htr7eeoozuf","id":"cdz1htr7eeoozuf"},"id":"bzempycaim92hnt","previousOperationId":"hcjlgmbn62seq8h"}
{"type":"log","timestamp":1725247992811,"level":"debug","message":"Page request: GET (document) file:///C:/Users/shsmo/AppData/Local/Temp/jsreport/autocleanup/35c0cb08-1f6d-4187-aa68-827d943d409a-chrome-pdf.html","meta":{"rootId":"cdz1htr7eeoozuf","id":"cdz1htr7eeoozuf"},"id":"e3mrntjks5lbq6q","previousOperationId":"hcjlgmbn62seq8h"}
{"type":"log","timestamp":1725247993028,"level":"debug","message":"Page request: GET (stylesheet) https://cdnjs.cloudflare.com/ajax/libs/font-awesome/4.7.0/css/font-awesome.min.css","meta":{"rootId":"cdz1htr7eeoozuf","id":"cdz1htr7eeoozuf"},"id":"7l3pyls842bpmb7","previousOperationId":"hcjlgmbn62seq8h"}
{"type":"log","timestamp":1725247993039,"level":"debug","message":"Page request finished: GET (document) 200 file:///C:/Users/shsmo/AppData/Local/Temp/jsreport/autocleanup/35c0cb08-1f6d-4187-aa68-827d943d409a-chrome-pdf.html","meta":{"rootId":"cdz1htr7eeoozuf","id":"cdz1htr7eeoozuf"},"id":"g0n1qhnfszzq5tv","previousOperationId":"hcjlgmbn62seq8h"}
{"type":"log","timestamp":1725247993040,"level":"debug","message":"Page request finished: GET (stylesheet) 200 https://cdnjs.cloudflare.com/ajax/libs/font-awesome/4.7.0/css/font-awesome.min.css","meta":{"rootId":"cdz1htr7eeoozuf","id":"cdz1htr7eeoozuf"},"id":"hwgf5x0f6ngf84b","previousOperationId":"hcjlgmbn62seq8h"}
{"type":"log","timestamp":1725247993058,"level":"debug","message":"Page request: GET (script) https://cdn.tailwindcss.com/","meta":{"rootId":"cdz1htr7eeoozuf","id":"cdz1htr7eeoozuf"},"id":"hvvorqbhp8rfud6","previousOperationId":"hcjlgmbn62seq8h"}
{"type":"log","timestamp":1725247993058,"level":"debug","message":"Page request: GET (script) https://cdnjs.cloudflare.com/ajax/libs/lodash.js/4.17.11/lodash.min.js","meta":{"rootId":"cdz1htr7eeoozuf","id":"cdz1htr7eeoozuf"},"id":"gmqbsm2yqizjy8m","previousOperationId":"hcjlgmbn62seq8h"}
{"type":"log","timestamp":1725247993058,"level":"debug","message":"Page request: GET (script) https://unpkg.com/chart.js@2.7.3/dist/Chart.min.js","meta":{"rootId":"cdz1htr7eeoozuf","id":"cdz1htr7eeoozuf"},"id":"84qt6kpc27qps91","previousOperationId":"hcjlgmbn62seq8h"}
{"type":"log","timestamp":1725247993060,"level":"warn","message":"Page request failed: GET (script) 302 https://cdn.tailwindcss.com/ (redirect to: /3.4.5)","meta":{"rootId":"cdz1htr7eeoozuf","id":"cdz1htr7eeoozuf"},"id":"wlhxd7wmj74r95g","previousOperationId":"hcjlgmbn62seq8h"}
{"type":"log","timestamp":1725247993060,"level":"debug","message":"Page request: GET (script) https://cdn.tailwindcss.com/3.4.5 (redirect from: https://cdn.tailwindcss.com/)","meta":{"rootId":"cdz1htr7eeoozuf","id":"cdz1htr7eeoozuf"},"id":"s3p9guae2o6ihuz","previousOperationId":"hcjlgmbn62seq8h"}
{"type":"log","timestamp":1725247993065,"level":"debug","message":"Page request finished: GET (script) 200 https://cdnjs.cloudflare.com/ajax/libs/lodash.js/4.17.11/lodash.min.js","meta":{"rootId":"cdz1htr7eeoozuf","id":"cdz1htr7eeoozuf"},"id":"srgstvzez80xlhx","previousOperationId":"hcjlgmbn62seq8h"}
{"type":"log","timestamp":1725247993066,"level":"debug","message":"Page request finished: GET (script) 200 https://unpkg.com/chart.js@2.7.3/dist/Chart.min.js","meta":{"rootId":"cdz1htr7eeoozuf","id":"cdz1htr7eeoozuf"},"id":"bz9iyo9fb5p58ea","previousOperationId":"hcjlgmbn62seq8h"}
{"type":"log","timestamp":1725247993076,"level":"debug","message":"Page request finished: GET (script) 200 https://cdn.tailwindcss.com/3.4.5","meta":{"rootId":"cdz1htr7eeoozuf","id":"cdz1htr7eeoozuf"},"id":"n4cderu8scfwmga","previousOperationId":"hcjlgmbn62seq8h"}
{"type":"log","timestamp":1725247993112,"level":"debug","message":"(console:warn) cdn.tailwindcss.com should not be used in production. To use Tailwind CSS in production, install it as a PostCSS plugin or use the Tailwind CLI: https://tailwindcss.com/docs/installation","meta":{"userLevel":true,"rootId":"cdz1htr7eeoozuf","id":"cdz1htr7eeoozuf"},"id":"9zaircgltqic0fb","previousOperationId":"hcjlgmbn62seq8h"}
{"type":"log","timestamp":1725247993209,"level":"debug","message":"Running chrome with params {\"printBackground\":true,\"format\":\"A4\",\"marginTop\":\"1cm\",\"marginBottom\":\"2cm\",\"timeout\":59936,\"margin\":{\"top\":\"1cm\",\"bottom\":\"2cm\"}}","meta":{"rootId":"cdz1htr7eeoozuf","id":"cdz1htr7eeoozuf"},"id":"gtrljc8uovtj80x","previousOperationId":"hcjlgmbn62seq8h"}
{"type":"operationEnd","operationId":"hcjlgmbn62seq8h","timestamp":1725247993303,"id":"z3cc7099ax2nq8h","previousEventId":"yura2wv75lp0erh","previousOperationId":"hcjlgmbn62seq8h"}
{"type":"log","timestamp":1725247993303,"level":"debug","message":"Skipping storing report.","meta":{"rootId":"cdz1htr7eeoozuf","id":"cdz1htr7eeoozuf"},"id":"89skl9i3ysudayf","previousOperationId":"hcjlgmbn62seq8h"}
{"type":"log","timestamp":1725247993303,"level":"info","message":"Rendering request 45 finished in 600 ms","meta":{"rootId":"cdz1htr7eeoozuf","id":"cdz1htr7eeoozuf"},"id":"i7n0wixdmpug4e9","previousOperationId":"hcjlgmbn62seq8h"}
{"type":"operationEnd","subtype":"render","operationId":"ouerpi89s9p0f9i","timestamp":1725247993303,"id":"9l395z4y914q6ux","previousEventId":"z3cc7099ax2nq8h","previousOperationId":"hcjlgmbn62seq8h"}
{"type":"operationEnd","doDiffs":false,"previousEventId":"zu5wc6hjhixdecg","previousOperationId":"kav86x40znslghr","operationId":"kav86x40znslghr","timestamp":1725247993305,"id":"0vhml08wyh902jt"}
