{"type":"operationStart","subtype":"profile","data":{"_id":"AyfLSb5NceQs74no","timestamp":"2024-09-02T03:28:06.043Z","state":"queued","mode":"standard","creationDate":"2024-09-02T03:28:06.045Z","modificationDate":"2024-09-02T03:28:06.045Z","shortid":"B5iGG_0","inheritedReadPermissions":[],"inheritedEditPermissions":[],"$entitySet":"profiles"},"doDiffs":false,"timestamp":1725247686044,"id":"h37r3k62y5z54ma","previousOperationId":null,"operationId":"qmtif29erfx5078"}
{"type":"log","level":"info","message":"Render request 35 queued for execution and waiting for available worker","previousOperationId":"qmtif29erfx5078","timestamp":1725247686044,"id":"zynd8zebpffnger"}
{"type":"operationStart","subtype":"render","name":"chart_templates","previousOperationId":"qmtif29erfx5078","timestamp":1725247686051,"id":"j7v4psrjju84jew","previousEventId":"h37r3k62y5z54ma","operationId":"vztgupwuraaswq5"}
{"type":"log","timestamp":1725247686051,"level":"info","message":"Starting rendering request 35 (user: admin)","meta":{"rootId":"cz3zxqsp2gdgd0g","id":"cz3zxqsp2gdgd0g"},"id":"9xvckdl3wp7n8su","previousOperationId":"vztgupwuraaswq5"}
{"type":"log","timestamp":1725247686051,"level":"info","message":"Rendering template { name: chart_templates, recipe: chrome-pdf, engine: handlebars, preview: true }","meta":{"rootId":"cz3zxqsp2gdgd0g","id":"cz3zxqsp2gdgd0g"},"id":"iywwgoforv06zdr","previousOperationId":"vztgupwuraaswq5"}
{"type":"log","timestamp":1725247686052,"level":"debug","message":"Data item not defined for this template.","meta":{"rootId":"cz3zxqsp2gdgd0g","id":"cz3zxqsp2gdgd0g"},"id":"f7iw0fmrznc8uv5","previousOperationId":"vztgupwuraaswq5"}
{"type":"log","timestamp":1725247686053,"level":"debug","message":"Base url not specified, skipping its injection.","meta":{"rootId":"cz3zxqsp2gdgd0g","id":"cz3zxqsp2gdgd0g"},"id":"kp1iq81vw5z9dxx","previousOperationId":"vztgupwuraaswq5"}
{"type":"log","timestamp":1725247686060,"level":"debug","message":"Replaced assets [\"KhmerOSSiemreapRegular.ttf\",\"KhmerOSMuolLightRegular.ttf\",\"times_new_roman.ttf\",\"Tacteing.ttf\",\"limons1l.ttf\",\"arial.ttf\",\"/asset/images/draft-km.png\"]","meta":{"rootId":"cz3zxqsp2gdgd0g","id":"cz3zxqsp2gdgd0g"},"id":"7ev1eg46bs0j93b","previousOperationId":"vztgupwuraaswq5"}
{"type":"operationStart","subtype":"engine","name":"handlebars","timestamp":1725247686061,"id":"ad0dx36wqhwltmp","previousEventId":"j7v4psrjju84jew","operationId":"1f5u4h6uad78qi9","previousOperationId":"vztgupwuraaswq5"}
{"type":"log","timestamp":1725247686061,"level":"debug","message":"Rendering engine handlebars","meta":{"rootId":"cz3zxqsp2gdgd0g","id":"cz3zxqsp2gdgd0g"},"id":"hebuot9c0rotb9v","previousOperationId":"1f5u4h6uad78qi9"}
{"type":"operationEnd","operationId":"1f5u4h6uad78qi9","timestamp":1725247686093,"id":"xn2ks6ops4ubtqj","previousEventId":"ad0dx36wqhwltmp","previousOperationId":"1f5u4h6uad78qi9"}
{"type":"operationStart","subtype":"recipe","name":"chrome-pdf","timestamp":1725247686105,"id":"pni1mihc251xl4p","previousEventId":"xn2ks6ops4ubtqj","operationId":"rr5irtm1xmzpuxf","previousOperationId":"1f5u4h6uad78qi9"}
{"type":"log","timestamp":1725247686105,"level":"debug","message":"Executing recipe chrome-pdf","meta":{"rootId":"cz3zxqsp2gdgd0g","id":"cz3zxqsp2gdgd0g"},"id":"xwz9u9tfgp41mi7","previousOperationId":"rr5irtm1xmzpuxf"}
{"type":"log","timestamp":1725247686109,"level":"debug","message":"Converting with chrome Chrome/127.0.6533.99 using chrome-pool strategy","meta":{"rootId":"cz3zxqsp2gdgd0g","id":"cz3zxqsp2gdgd0g"},"id":"8x1bpz1hroe5ajl","previousOperationId":"rr5irtm1xmzpuxf"}
{"type":"log","timestamp":1725247686183,"level":"debug","message":"Page request: GET (document) file:///C:/Users/shsmo/AppData/Local/Temp/jsreport/autocleanup/4c93f7b1-2760-4b24-a6f7-ad89856e5781-chrome-pdf.html","meta":{"rootId":"cz3zxqsp2gdgd0g","id":"cz3zxqsp2gdgd0g"},"id":"qc290pca46ech5b","previousOperationId":"rr5irtm1xmzpuxf"}
{"type":"log","timestamp":1725247686395,"level":"debug","message":"Page request: GET (stylesheet) https://cdnjs.cloudflare.com/ajax/libs/font-awesome/4.7.0/css/font-awesome.min.css","meta":{"rootId":"cz3zxqsp2gdgd0g","id":"cz3zxqsp2gdgd0g"},"id":"24lodlz7syvnhbs","previousOperationId":"rr5irtm1xmzpuxf"}
{"type":"log","timestamp":1725247686410,"level":"debug","message":"Page request finished: GET (stylesheet) 200 https://cdnjs.cloudflare.com/ajax/libs/font-awesome/4.7.0/css/font-awesome.min.css","meta":{"rootId":"cz3zxqsp2gdgd0g","id":"cz3zxqsp2gdgd0g"},"id":"nlqg6nm25pi0pqo","previousOperationId":"rr5irtm1xmzpuxf"}
{"type":"log","timestamp":1725247686416,"level":"debug","message":"Page request finished: GET (document) 200 file:///C:/Users/shsmo/AppData/Local/Temp/jsreport/autocleanup/4c93f7b1-2760-4b24-a6f7-ad89856e5781-chrome-pdf.html","meta":{"rootId":"cz3zxqsp2gdgd0g","id":"cz3zxqsp2gdgd0g"},"id":"mcn5omn48wrjw8x","previousOperationId":"rr5irtm1xmzpuxf"}
{"type":"log","timestamp":1725247686435,"level":"debug","message":"Page request: GET (script) https://cdn.tailwindcss.com/","meta":{"rootId":"cz3zxqsp2gdgd0g","id":"cz3zxqsp2gdgd0g"},"id":"stsbywq9swzu4bp","previousOperationId":"rr5irtm1xmzpuxf"}
{"type":"log","timestamp":1725247686435,"level":"debug","message":"Page request: GET (script) https://cdnjs.cloudflare.com/ajax/libs/lodash.js/4.17.11/lodash.min.js","meta":{"rootId":"cz3zxqsp2gdgd0g","id":"cz3zxqsp2gdgd0g"},"id":"ojnoko7e9xdul8r","previousOperationId":"rr5irtm1xmzpuxf"}
{"type":"log","timestamp":1725247686435,"level":"debug","message":"Page request: GET (script) https://unpkg.com/chart.js@2.7.3/dist/Chart.min.js","meta":{"rootId":"cz3zxqsp2gdgd0g","id":"cz3zxqsp2gdgd0g"},"id":"ltu7faulefqxzuq","previousOperationId":"rr5irtm1xmzpuxf"}
{"type":"log","timestamp":1725247686439,"level":"warn","message":"Page request failed: GET (script) 302 https://cdn.tailwindcss.com/ (redirect to: /3.4.5)","meta":{"rootId":"cz3zxqsp2gdgd0g","id":"cz3zxqsp2gdgd0g"},"id":"asy9gzfs0enahf8","previousOperationId":"rr5irtm1xmzpuxf"}
{"type":"log","timestamp":1725247686439,"level":"debug","message":"Page request: GET (script) https://cdn.tailwindcss.com/3.4.5 (redirect from: https://cdn.tailwindcss.com/)","meta":{"rootId":"cz3zxqsp2gdgd0g","id":"cz3zxqsp2gdgd0g"},"id":"rbywqb6syl0xbvc","previousOperationId":"rr5irtm1xmzpuxf"}
{"type":"log","timestamp":1725247686442,"level":"debug","message":"Page request finished: GET (script) 200 https://cdnjs.cloudflare.com/ajax/libs/lodash.js/4.17.11/lodash.min.js","meta":{"rootId":"cz3zxqsp2gdgd0g","id":"cz3zxqsp2gdgd0g"},"id":"qchj6luzdxvwjgp","previousOperationId":"rr5irtm1xmzpuxf"}
{"type":"log","timestamp":1725247686444,"level":"debug","message":"Page request finished: GET (script) 200 https://unpkg.com/chart.js@2.7.3/dist/Chart.min.js","meta":{"rootId":"cz3zxqsp2gdgd0g","id":"cz3zxqsp2gdgd0g"},"id":"4x2lws1mm4c27lv","previousOperationId":"rr5irtm1xmzpuxf"}
{"type":"log","timestamp":1725247686454,"level":"debug","message":"Page request finished: GET (script) 200 https://cdn.tailwindcss.com/3.4.5","meta":{"rootId":"cz3zxqsp2gdgd0g","id":"cz3zxqsp2gdgd0g"},"id":"htd8v8jqml8cu55","previousOperationId":"rr5irtm1xmzpuxf"}
{"type":"log","timestamp":1725247686489,"level":"debug","message":"(console:warn) cdn.tailwindcss.com should not be used in production. To use Tailwind CSS in production, install it as a PostCSS plugin or use the Tailwind CLI: https://tailwindcss.com/docs/installation","meta":{"userLevel":true,"rootId":"cz3zxqsp2gdgd0g","id":"cz3zxqsp2gdgd0g"},"id":"v99f5bsfabulkzb","previousOperationId":"rr5irtm1xmzpuxf"}
{"type":"log","timestamp":1725247686551,"level":"warn","message":"Page error: issuesByStatusChart is not defined , stack: ReferenceError: issuesByStatusChart is not defined\n    at <anonymous> (file:///C:/Users/shsmo/AppData/Local/Temp/jsreport/autocleanup/4c93f7b1-2760-4b24-a6f7-ad89856e5781-chrome-pdf.html:200:39)","meta":{"rootId":"cz3zxqsp2gdgd0g","id":"cz3zxqsp2gdgd0g"},"id":"tw1sv2wj03uoa56","previousOperationId":"rr5irtm1xmzpuxf"}
{"type":"log","timestamp":1725247686554,"level":"debug","message":"Running chrome with params {\"printBackground\":true,\"format\":\"A4\",\"marginTop\":\"1cm\",\"marginBottom\":\"2cm\",\"timeout\":59934,\"margin\":{\"top\":\"1cm\",\"bottom\":\"2cm\"}}","meta":{"rootId":"cz3zxqsp2gdgd0g","id":"cz3zxqsp2gdgd0g"},"id":"vgq8rlacd0s37af","previousOperationId":"rr5irtm1xmzpuxf"}
{"type":"operationEnd","operationId":"rr5irtm1xmzpuxf","timestamp":1725247686597,"id":"rz9erhnp1pglrl6","previousEventId":"pni1mihc251xl4p","previousOperationId":"rr5irtm1xmzpuxf"}
{"type":"log","timestamp":1725247686597,"level":"debug","message":"Skipping storing report.","meta":{"rootId":"cz3zxqsp2gdgd0g","id":"cz3zxqsp2gdgd0g"},"id":"yf86qq05fs4k45t","previousOperationId":"rr5irtm1xmzpuxf"}
{"type":"log","timestamp":1725247686597,"level":"info","message":"Rendering request 35 finished in 555 ms","meta":{"rootId":"cz3zxqsp2gdgd0g","id":"cz3zxqsp2gdgd0g"},"id":"gzibdxwq0m9iuqi","previousOperationId":"rr5irtm1xmzpuxf"}
{"type":"operationEnd","subtype":"render","operationId":"vztgupwuraaswq5","timestamp":1725247686597,"id":"94l8c7jeqhab4ko","previousEventId":"rz9erhnp1pglrl6","previousOperationId":"rr5irtm1xmzpuxf"}
{"type":"operationEnd","doDiffs":false,"previousEventId":"h37r3k62y5z54ma","previousOperationId":"qmtif29erfx5078","operationId":"qmtif29erfx5078","timestamp":1725247686600,"id":"ktozojn4wlhpjyt"}
