{"type":"operationStart","subtype":"profile","data":{"_id":"AFuKHzvyld14BsKY","timestamp":"2024-09-02T03:22:46.906Z","state":"queued","mode":"standard","creationDate":"2024-09-02T03:22:46.908Z","modificationDate":"2024-09-02T03:22:46.908Z","shortid":"rrIlqGb","inheritedReadPermissions":[],"inheritedEditPermissions":[],"$entitySet":"profiles"},"doDiffs":false,"timestamp":1725247366908,"id":"iwfozof22iy4683","previousOperationId":null,"operationId":"dr99gv2cb39c5v9"}
{"type":"log","level":"info","message":"Render request 24 queued for execution and waiting for available worker","previousOperationId":"dr99gv2cb39c5v9","timestamp":1725247366908,"id":"2znefgsz5snvc5p"}
{"type":"operationStart","subtype":"render","name":"chart_templates","previousOperationId":"dr99gv2cb39c5v9","timestamp":1725247366915,"id":"mvbpfew6n4qrt0u","previousEventId":"iwfozof22iy4683","operationId":"es2b5jtgv4kifgx"}
{"type":"log","timestamp":1725247366915,"level":"info","message":"Starting rendering request 24 (user: admin)","meta":{"rootId":"dnm8imebp7h82n7","id":"dnm8imebp7h82n7"},"id":"7bbukz2ux7v2t1s","previousOperationId":"es2b5jtgv4kifgx"}
{"type":"log","timestamp":1725247366915,"level":"info","message":"Rendering template { name: chart_templates, recipe: chrome-pdf, engine: handlebars, preview: true }","meta":{"rootId":"dnm8imebp7h82n7","id":"dnm8imebp7h82n7"},"id":"zky6ukfb59xkred","previousOperationId":"es2b5jtgv4kifgx"}
{"type":"log","timestamp":1725247366916,"level":"debug","message":"Data item not defined for this template.","meta":{"rootId":"dnm8imebp7h82n7","id":"dnm8imebp7h82n7"},"id":"ofz2rqv5j7eukqd","previousOperationId":"es2b5jtgv4kifgx"}
{"type":"log","timestamp":1725247366917,"level":"debug","message":"Base url not specified, skipping its injection.","meta":{"rootId":"dnm8imebp7h82n7","id":"dnm8imebp7h82n7"},"id":"vtt0eay40a3os1r","previousOperationId":"es2b5jtgv4kifgx"}
{"type":"log","timestamp":1725247366925,"level":"debug","message":"Replaced assets [\"KhmerOSSiemreapRegular.ttf\",\"KhmerOSMuolLightRegular.ttf\",\"times_new_roman.ttf\",\"Tacteing.ttf\",\"limons1l.ttf\",\"arial.ttf\",\"/asset/images/draft-km.png\"]","meta":{"rootId":"dnm8imebp7h82n7","id":"dnm8imebp7h82n7"},"id":"op1kkk5segpqxq9","previousOperationId":"es2b5jtgv4kifgx"}
{"type":"operationStart","subtype":"engine","name":"handlebars","timestamp":1725247366926,"id":"ixo1d1sdipvqo5h","previousEventId":"mvbpfew6n4qrt0u","operationId":"1kw3zzomh2v9lyd","previousOperationId":"es2b5jtgv4kifgx"}
{"type":"log","timestamp":1725247366926,"level":"debug","message":"Rendering engine handlebars","meta":{"rootId":"dnm8imebp7h82n7","id":"dnm8imebp7h82n7"},"id":"8qhnzhbqfxexmf6","previousOperationId":"1kw3zzomh2v9lyd"}
{"type":"operationEnd","operationId":"1kw3zzomh2v9lyd","timestamp":1725247366960,"id":"jjp8erhfg4wovw8","previousEventId":"ixo1d1sdipvqo5h","previousOperationId":"1kw3zzomh2v9lyd"}
{"type":"operationStart","subtype":"recipe","name":"chrome-pdf","timestamp":1725247366971,"id":"etvls5zi8cfx1kz","previousEventId":"jjp8erhfg4wovw8","operationId":"m9cpilaevk3gp9d","previousOperationId":"1kw3zzomh2v9lyd"}
{"type":"log","timestamp":1725247366971,"level":"debug","message":"Executing recipe chrome-pdf","meta":{"rootId":"dnm8imebp7h82n7","id":"dnm8imebp7h82n7"},"id":"pjz844n4gtuxj0w","previousOperationId":"m9cpilaevk3gp9d"}
{"type":"log","timestamp":1725247366975,"level":"debug","message":"Converting with chrome Chrome/127.0.6533.99 using chrome-pool strategy","meta":{"rootId":"dnm8imebp7h82n7","id":"dnm8imebp7h82n7"},"id":"sjx4t2s4otcu8ai","previousOperationId":"m9cpilaevk3gp9d"}
{"type":"log","timestamp":1725247367023,"level":"debug","message":"Page request: GET (document) file:///C:/Users/shsmo/AppData/Local/Temp/jsreport/autocleanup/2cfbfc94-8cda-4b8d-8580-003901bf8dc5-chrome-pdf.html","meta":{"rootId":"dnm8imebp7h82n7","id":"dnm8imebp7h82n7"},"id":"9m8lnk91pu4dk8z","previousOperationId":"m9cpilaevk3gp9d"}
{"type":"log","timestamp":1725247367222,"level":"debug","message":"Page request: GET (stylesheet) https://cdnjs.cloudflare.com/ajax/libs/font-awesome/4.7.0/css/font-awesome.min.css","meta":{"rootId":"dnm8imebp7h82n7","id":"dnm8imebp7h82n7"},"id":"494r8xxwqyohetl","previousOperationId":"m9cpilaevk3gp9d"}
{"type":"log","timestamp":1725247367232,"level":"debug","message":"Page request finished: GET (document) 200 file:///C:/Users/shsmo/AppData/Local/Temp/jsreport/autocleanup/2cfbfc94-8cda-4b8d-8580-003901bf8dc5-chrome-pdf.html","meta":{"rootId":"dnm8imebp7h82n7","id":"dnm8imebp7h82n7"},"id":"1z44inrqxhg9xgu","previousOperationId":"m9cpilaevk3gp9d"}
{"type":"log","timestamp":1725247367234,"level":"debug","message":"Page request finished: GET (stylesheet) 200 https://cdnjs.cloudflare.com/ajax/libs/font-awesome/4.7.0/css/font-awesome.min.css","meta":{"rootId":"dnm8imebp7h82n7","id":"dnm8imebp7h82n7"},"id":"66qshsfze4das7g","previousOperationId":"m9cpilaevk3gp9d"}
{"type":"log","timestamp":1725247367253,"level":"debug","message":"Page request: GET (script) https://cdn.tailwindcss.com/","meta":{"rootId":"dnm8imebp7h82n7","id":"dnm8imebp7h82n7"},"id":"100l5vnm5vk9fo2","previousOperationId":"m9cpilaevk3gp9d"}
{"type":"log","timestamp":1725247367254,"level":"debug","message":"Page request: GET (script) https://cdnjs.cloudflare.com/ajax/libs/lodash.js/4.17.11/lodash.min.js","meta":{"rootId":"dnm8imebp7h82n7","id":"dnm8imebp7h82n7"},"id":"6dgq355wzwwx8ee","previousOperationId":"m9cpilaevk3gp9d"}
{"type":"log","timestamp":1725247367254,"level":"debug","message":"Page request: GET (script) https://unpkg.com/chart.js@2.7.3/dist/Chart.min.js","meta":{"rootId":"dnm8imebp7h82n7","id":"dnm8imebp7h82n7"},"id":"i9zl7rrbzfawuv2","previousOperationId":"m9cpilaevk3gp9d"}
{"type":"log","timestamp":1725247367259,"level":"warn","message":"Page request failed: GET (script) 302 https://cdn.tailwindcss.com/ (redirect to: /3.4.5)","meta":{"rootId":"dnm8imebp7h82n7","id":"dnm8imebp7h82n7"},"id":"awqkyromfzfhcvg","previousOperationId":"m9cpilaevk3gp9d"}
{"type":"log","timestamp":1725247367259,"level":"debug","message":"Page request: GET (script) https://cdn.tailwindcss.com/3.4.5 (redirect from: https://cdn.tailwindcss.com/)","meta":{"rootId":"dnm8imebp7h82n7","id":"dnm8imebp7h82n7"},"id":"ssdjj8dd7abfaxx","previousOperationId":"m9cpilaevk3gp9d"}
{"type":"log","timestamp":1725247367264,"level":"debug","message":"Page request finished: GET (script) 200 https://cdnjs.cloudflare.com/ajax/libs/lodash.js/4.17.11/lodash.min.js","meta":{"rootId":"dnm8imebp7h82n7","id":"dnm8imebp7h82n7"},"id":"3j648uypwe2b2s5","previousOperationId":"m9cpilaevk3gp9d"}
{"type":"log","timestamp":1725247367265,"level":"debug","message":"Page request finished: GET (script) 200 https://unpkg.com/chart.js@2.7.3/dist/Chart.min.js","meta":{"rootId":"dnm8imebp7h82n7","id":"dnm8imebp7h82n7"},"id":"jdb6qr6gr5gxani","previousOperationId":"m9cpilaevk3gp9d"}
{"type":"log","timestamp":1725247367276,"level":"debug","message":"Page request finished: GET (script) 200 https://cdn.tailwindcss.com/3.4.5","meta":{"rootId":"dnm8imebp7h82n7","id":"dnm8imebp7h82n7"},"id":"tvke81000m7tt2z","previousOperationId":"m9cpilaevk3gp9d"}
{"type":"log","timestamp":1725247367316,"level":"debug","message":"(console:warn) cdn.tailwindcss.com should not be used in production. To use Tailwind CSS in production, install it as a PostCSS plugin or use the Tailwind CLI: https://tailwindcss.com/docs/installation","meta":{"userLevel":true,"rootId":"dnm8imebp7h82n7","id":"dnm8imebp7h82n7"},"id":"d4b68nkldafap4h","previousOperationId":"m9cpilaevk3gp9d"}
{"type":"log","timestamp":1725247367388,"level":"warn","message":"Page error: Unexpected token '<' , stack: SyntaxError: Unexpected token '<'","meta":{"rootId":"dnm8imebp7h82n7","id":"dnm8imebp7h82n7"},"id":"swh5wo77f4gy1uf","previousOperationId":"m9cpilaevk3gp9d"}
{"type":"log","timestamp":1725247367389,"level":"debug","message":"Running chrome with params {\"printBackground\":true,\"format\":\"A4\",\"marginTop\":\"1cm\",\"marginBottom\":\"2cm\",\"timeout\":59931,\"margin\":{\"top\":\"1cm\",\"bottom\":\"2cm\"}}","meta":{"rootId":"dnm8imebp7h82n7","id":"dnm8imebp7h82n7"},"id":"pc61oik02grjf1p","previousOperationId":"m9cpilaevk3gp9d"}
{"type":"operationEnd","operationId":"m9cpilaevk3gp9d","timestamp":1725247367433,"id":"x9g352h2k590xk4","previousEventId":"etvls5zi8cfx1kz","previousOperationId":"m9cpilaevk3gp9d"}
{"type":"log","timestamp":1725247367433,"level":"debug","message":"Skipping storing report.","meta":{"rootId":"dnm8imebp7h82n7","id":"dnm8imebp7h82n7"},"id":"fl6uszmtm5y2eq9","previousOperationId":"m9cpilaevk3gp9d"}
{"type":"log","timestamp":1725247367433,"level":"info","message":"Rendering request 24 finished in 527 ms","meta":{"rootId":"dnm8imebp7h82n7","id":"dnm8imebp7h82n7"},"id":"kuobum0wyu8p09t","previousOperationId":"m9cpilaevk3gp9d"}
{"type":"operationEnd","subtype":"render","operationId":"es2b5jtgv4kifgx","timestamp":1725247367433,"id":"eq6bpdzs2l6ncgw","previousEventId":"x9g352h2k590xk4","previousOperationId":"m9cpilaevk3gp9d"}
{"type":"operationEnd","doDiffs":false,"previousEventId":"iwfozof22iy4683","previousOperationId":"dr99gv2cb39c5v9","operationId":"dr99gv2cb39c5v9","timestamp":1725247367435,"id":"nskjs0zex5izi3y"}
