{"type":"operationStart","subtype":"profile","data":{"_id":"ns2owNPNgPpfiJ4Q","timestamp":"2024-09-02T03:37:27.781Z","state":"queued","mode":"standard","creationDate":"2024-09-02T03:37:27.782Z","modificationDate":"2024-09-02T03:37:27.782Z","shortid":"96bT3qz","inheritedReadPermissions":[],"inheritedEditPermissions":[],"$entitySet":"profiles"},"doDiffs":false,"timestamp":1725248247782,"id":"5q9begggksevwh0","previousOperationId":null,"operationId":"u74l674tjrsh6pp"}
{"type":"log","level":"info","message":"Render request 55 queued for execution and waiting for available worker","previousOperationId":"u74l674tjrsh6pp","timestamp":1725248247782,"id":"2831ldfo6086m3a"}
{"type":"operationStart","subtype":"render","name":"chart_templates","previousOperationId":"u74l674tjrsh6pp","timestamp":1725248247789,"id":"0us49a9uzbrb5mq","previousEventId":"5q9begggksevwh0","operationId":"730cdgwtpyluaa9"}
{"type":"log","timestamp":1725248247789,"level":"info","message":"Starting rendering request 55 (user: admin)","meta":{"rootId":"dpp9fqnaog158d2","id":"dpp9fqnaog158d2"},"id":"tvw2dulpq54xb93","previousOperationId":"730cdgwtpyluaa9"}
{"type":"log","timestamp":1725248247789,"level":"info","message":"Rendering template { name: chart_templates, recipe: chrome-pdf, engine: handlebars, preview: true }","meta":{"rootId":"dpp9fqnaog158d2","id":"dpp9fqnaog158d2"},"id":"2tknr5tqryjuqw3","previousOperationId":"730cdgwtpyluaa9"}
{"type":"log","timestamp":1725248247789,"level":"debug","message":"Data item not defined for this template.","meta":{"rootId":"dpp9fqnaog158d2","id":"dpp9fqnaog158d2"},"id":"2fw273e799zxkm4","previousOperationId":"730cdgwtpyluaa9"}
{"type":"log","timestamp":1725248247790,"level":"debug","message":"Base url not specified, skipping its injection.","meta":{"rootId":"dpp9fqnaog158d2","id":"dpp9fqnaog158d2"},"id":"nb8h32ilma1fn8p","previousOperationId":"730cdgwtpyluaa9"}
{"type":"log","timestamp":1725248247799,"level":"debug","message":"Replaced assets [\"KhmerOSSiemreapRegular.ttf\",\"KhmerOSMuolLightRegular.ttf\",\"times_new_roman.ttf\",\"Tacteing.ttf\",\"limons1l.ttf\",\"arial.ttf\",\"/asset/images/draft-km.png\"]","meta":{"rootId":"dpp9fqnaog158d2","id":"dpp9fqnaog158d2"},"id":"0x16au1htgqa8m2","previousOperationId":"730cdgwtpyluaa9"}
{"type":"operationStart","subtype":"engine","name":"handlebars","timestamp":1725248247799,"id":"35xc8z1mq20zw9x","previousEventId":"0us49a9uzbrb5mq","operationId":"braiz0w7elt705k","previousOperationId":"730cdgwtpyluaa9"}
{"type":"log","timestamp":1725248247800,"level":"debug","message":"Rendering engine handlebars","meta":{"rootId":"dpp9fqnaog158d2","id":"dpp9fqnaog158d2"},"id":"08fxrgrp1elrpqm","previousOperationId":"braiz0w7elt705k"}
{"type":"operationEnd","operationId":"braiz0w7elt705k","timestamp":1725248247832,"id":"okuaa120i25790z","previousEventId":"35xc8z1mq20zw9x","previousOperationId":"braiz0w7elt705k"}
{"type":"operationStart","subtype":"recipe","name":"chrome-pdf","timestamp":1725248247844,"id":"hga1ljkflnhl3dh","previousEventId":"okuaa120i25790z","operationId":"m3mci3l3nhrmle9","previousOperationId":"braiz0w7elt705k"}
{"type":"log","timestamp":1725248247844,"level":"debug","message":"Executing recipe chrome-pdf","meta":{"rootId":"dpp9fqnaog158d2","id":"dpp9fqnaog158d2"},"id":"gm6ny837qrpg9nr","previousOperationId":"m3mci3l3nhrmle9"}
{"type":"log","timestamp":1725248247849,"level":"debug","message":"Converting with chrome Chrome/127.0.6533.99 using chrome-pool strategy","meta":{"rootId":"dpp9fqnaog158d2","id":"dpp9fqnaog158d2"},"id":"fz4ddzmp2jtk3k1","previousOperationId":"m3mci3l3nhrmle9"}
{"type":"log","timestamp":1725248247930,"level":"debug","message":"Page request: GET (document) file:///C:/Users/shsmo/AppData/Local/Temp/jsreport/autocleanup/0d088779-a261-40e9-a71a-9a9ee59f6961-chrome-pdf.html","meta":{"rootId":"dpp9fqnaog158d2","id":"dpp9fqnaog158d2"},"id":"6h399z24dfz47e4","previousOperationId":"m3mci3l3nhrmle9"}
{"type":"log","timestamp":1725248248157,"level":"debug","message":"Page request: GET (stylesheet) https://cdnjs.cloudflare.com/ajax/libs/font-awesome/4.7.0/css/font-awesome.min.css","meta":{"rootId":"dpp9fqnaog158d2","id":"dpp9fqnaog158d2"},"id":"315ji48anaubr6i","previousOperationId":"m3mci3l3nhrmle9"}
{"type":"log","timestamp":1725248248167,"level":"debug","message":"Page request finished: GET (document) 200 file:///C:/Users/shsmo/AppData/Local/Temp/jsreport/autocleanup/0d088779-a261-40e9-a71a-9a9ee59f6961-chrome-pdf.html","meta":{"rootId":"dpp9fqnaog158d2","id":"dpp9fqnaog158d2"},"id":"07474ug45iz44az","previousOperationId":"m3mci3l3nhrmle9"}
{"type":"log","timestamp":1725248248168,"level":"debug","message":"Page request finished: GET (stylesheet) 200 https://cdnjs.cloudflare.com/ajax/libs/font-awesome/4.7.0/css/font-awesome.min.css","meta":{"rootId":"dpp9fqnaog158d2","id":"dpp9fqnaog158d2"},"id":"siczygbj1y3poi9","previousOperationId":"m3mci3l3nhrmle9"}
{"type":"log","timestamp":1725248248185,"level":"debug","message":"Page request: GET (script) https://cdn.tailwindcss.com/","meta":{"rootId":"dpp9fqnaog158d2","id":"dpp9fqnaog158d2"},"id":"wriybpkeolim3wv","previousOperationId":"m3mci3l3nhrmle9"}
{"type":"log","timestamp":1725248248185,"level":"debug","message":"Page request: GET (script) https://cdnjs.cloudflare.com/ajax/libs/lodash.js/4.17.11/lodash.min.js","meta":{"rootId":"dpp9fqnaog158d2","id":"dpp9fqnaog158d2"},"id":"htbltjqo7osk9do","previousOperationId":"m3mci3l3nhrmle9"}
{"type":"log","timestamp":1725248248185,"level":"debug","message":"Page request: GET (script) https://unpkg.com/chart.js@2.7.3/dist/Chart.min.js","meta":{"rootId":"dpp9fqnaog158d2","id":"dpp9fqnaog158d2"},"id":"t6cld3b6mmcodqc","previousOperationId":"m3mci3l3nhrmle9"}
{"type":"log","timestamp":1725248248188,"level":"warn","message":"Page request failed: GET (script) 302 https://cdn.tailwindcss.com/ (redirect to: /3.4.5)","meta":{"rootId":"dpp9fqnaog158d2","id":"dpp9fqnaog158d2"},"id":"5nui961qlct2n01","previousOperationId":"m3mci3l3nhrmle9"}
{"type":"log","timestamp":1725248248188,"level":"debug","message":"Page request: GET (script) https://cdn.tailwindcss.com/3.4.5 (redirect from: https://cdn.tailwindcss.com/)","meta":{"rootId":"dpp9fqnaog158d2","id":"dpp9fqnaog158d2"},"id":"ysemjkdyr0imhj2","previousOperationId":"m3mci3l3nhrmle9"}
{"type":"log","timestamp":1725248248191,"level":"debug","message":"Page request finished: GET (script) 200 https://cdnjs.cloudflare.com/ajax/libs/lodash.js/4.17.11/lodash.min.js","meta":{"rootId":"dpp9fqnaog158d2","id":"dpp9fqnaog158d2"},"id":"ry5q69z6h3isuji","previousOperationId":"m3mci3l3nhrmle9"}
{"type":"log","timestamp":1725248248192,"level":"debug","message":"Page request finished: GET (script) 200 https://unpkg.com/chart.js@2.7.3/dist/Chart.min.js","meta":{"rootId":"dpp9fqnaog158d2","id":"dpp9fqnaog158d2"},"id":"h7e7jaw3sv30nk0","previousOperationId":"m3mci3l3nhrmle9"}
{"type":"log","timestamp":1725248248201,"level":"debug","message":"Page request finished: GET (script) 200 https://cdn.tailwindcss.com/3.4.5","meta":{"rootId":"dpp9fqnaog158d2","id":"dpp9fqnaog158d2"},"id":"brn44n2fsoc1m6l","previousOperationId":"m3mci3l3nhrmle9"}
{"type":"log","timestamp":1725248248236,"level":"debug","message":"(console:warn) cdn.tailwindcss.com should not be used in production. To use Tailwind CSS in production, install it as a PostCSS plugin or use the Tailwind CLI: https://tailwindcss.com/docs/installation","meta":{"userLevel":true,"rootId":"dpp9fqnaog158d2","id":"dpp9fqnaog158d2"},"id":"chg8nkfxyfn17ft","previousOperationId":"m3mci3l3nhrmle9"}
{"type":"log","timestamp":1725248248323,"level":"debug","message":"Running chrome with params {\"printBackground\":true,\"format\":\"A4\",\"marginTop\":\"1cm\",\"marginBottom\":\"2cm\",\"timeout\":59933,\"margin\":{\"top\":\"1cm\",\"bottom\":\"2cm\"}}","meta":{"rootId":"dpp9fqnaog158d2","id":"dpp9fqnaog158d2"},"id":"h0yklar8rl6g2us","previousOperationId":"m3mci3l3nhrmle9"}
{"type":"operationEnd","operationId":"m3mci3l3nhrmle9","timestamp":1725248248401,"id":"mupw08zfjpi9bii","previousEventId":"hga1ljkflnhl3dh","previousOperationId":"m3mci3l3nhrmle9"}
{"type":"log","timestamp":1725248248402,"level":"debug","message":"Skipping storing report.","meta":{"rootId":"dpp9fqnaog158d2","id":"dpp9fqnaog158d2"},"id":"lyq8mk3rwz3jvpk","previousOperationId":"m3mci3l3nhrmle9"}
{"type":"log","timestamp":1725248248402,"level":"info","message":"Rendering request 55 finished in 621 ms","meta":{"rootId":"dpp9fqnaog158d2","id":"dpp9fqnaog158d2"},"id":"vtph2oz96av5n7u","previousOperationId":"m3mci3l3nhrmle9"}
{"type":"operationEnd","subtype":"render","operationId":"730cdgwtpyluaa9","timestamp":1725248248402,"id":"imr7kfwza7lk3gz","previousEventId":"mupw08zfjpi9bii","previousOperationId":"m3mci3l3nhrmle9"}
{"type":"operationEnd","doDiffs":false,"previousEventId":"5q9begggksevwh0","previousOperationId":"u74l674tjrsh6pp","operationId":"u74l674tjrsh6pp","timestamp":1725248248403,"id":"jyk1vz1zxb2sj3i"}
