{"type":"operationStart","subtype":"profile","data":{"_id":"yKJeQoMevC49Y9Qo","timestamp":"2024-09-02T03:30:05.725Z","state":"queued","mode":"standard","creationDate":"2024-09-02T03:30:05.726Z","modificationDate":"2024-09-02T03:30:05.726Z","shortid":"-X0oKKi","inheritedReadPermissions":[],"inheritedEditPermissions":[],"$entitySet":"profiles"},"doDiffs":false,"timestamp":1725247805725,"id":"7aikqpxl34w60z6","previousOperationId":null,"operationId":"hicxaa0bgceaibj"}
{"type":"log","level":"info","message":"Render request 40 queued for execution and waiting for available worker","previousOperationId":"hicxaa0bgceaibj","timestamp":1725247805726,"id":"h4mnofke9lbo9jo"}
{"type":"operationStart","subtype":"render","name":"chart_templates","previousOperationId":"hicxaa0bgceaibj","timestamp":1725247805731,"id":"gdwctyd5c2yat9g","previousEventId":"7aikqpxl34w60z6","operationId":"uxh647u230tcmcc"}
{"type":"log","timestamp":1725247805731,"level":"info","message":"Starting rendering request 40 (user: admin)","meta":{"rootId":"esqmqy2zwnqvaz3","id":"esqmqy2zwnqvaz3"},"id":"v5gyrckfo3rs5zp","previousOperationId":"uxh647u230tcmcc"}
{"type":"log","timestamp":1725247805731,"level":"info","message":"Rendering template { name: chart_templates, recipe: chrome-pdf, engine: handlebars, preview: true }","meta":{"rootId":"esqmqy2zwnqvaz3","id":"esqmqy2zwnqvaz3"},"id":"e80yzc1g0vmgbg8","previousOperationId":"uxh647u230tcmcc"}
{"type":"log","timestamp":1725247805732,"level":"debug","message":"Data item not defined for this template.","meta":{"rootId":"esqmqy2zwnqvaz3","id":"esqmqy2zwnqvaz3"},"id":"cuzryq1ndek6wjc","previousOperationId":"uxh647u230tcmcc"}
{"type":"log","timestamp":1725247805733,"level":"debug","message":"Base url not specified, skipping its injection.","meta":{"rootId":"esqmqy2zwnqvaz3","id":"esqmqy2zwnqvaz3"},"id":"hi4svp52i32g2s8","previousOperationId":"uxh647u230tcmcc"}
{"type":"log","timestamp":1725247805741,"level":"debug","message":"Replaced assets [\"KhmerOSSiemreapRegular.ttf\",\"KhmerOSMuolLightRegular.ttf\",\"times_new_roman.ttf\",\"Tacteing.ttf\",\"limons1l.ttf\",\"arial.ttf\",\"/asset/images/draft-km.png\"]","meta":{"rootId":"esqmqy2zwnqvaz3","id":"esqmqy2zwnqvaz3"},"id":"69vmq6euz5gn2ne","previousOperationId":"uxh647u230tcmcc"}
{"type":"operationStart","subtype":"engine","name":"handlebars","timestamp":1725247805742,"id":"462jrwh1f3mlakb","previousEventId":"gdwctyd5c2yat9g","operationId":"g2ktd8h2dbx2oxg","previousOperationId":"uxh647u230tcmcc"}
{"type":"log","timestamp":1725247805742,"level":"debug","message":"Rendering engine handlebars","meta":{"rootId":"esqmqy2zwnqvaz3","id":"esqmqy2zwnqvaz3"},"id":"81subw2p44aspjh","previousOperationId":"g2ktd8h2dbx2oxg"}
{"type":"operationEnd","operationId":"g2ktd8h2dbx2oxg","timestamp":1725247805776,"id":"78igzcvlqp1i5rg","previousEventId":"462jrwh1f3mlakb","previousOperationId":"g2ktd8h2dbx2oxg"}
{"type":"operationStart","subtype":"recipe","name":"chrome-pdf","timestamp":1725247805786,"id":"t9tur95dq1ftgse","previousEventId":"78igzcvlqp1i5rg","operationId":"mli55ob2wnkya7v","previousOperationId":"g2ktd8h2dbx2oxg"}
{"type":"log","timestamp":1725247805786,"level":"debug","message":"Executing recipe chrome-pdf","meta":{"rootId":"esqmqy2zwnqvaz3","id":"esqmqy2zwnqvaz3"},"id":"0sf9bafog1k42ed","previousOperationId":"mli55ob2wnkya7v"}
{"type":"log","timestamp":1725247805791,"level":"debug","message":"Converting with chrome Chrome/127.0.6533.99 using chrome-pool strategy","meta":{"rootId":"esqmqy2zwnqvaz3","id":"esqmqy2zwnqvaz3"},"id":"80y3rtrqf7dyhpk","previousOperationId":"mli55ob2wnkya7v"}
{"type":"log","timestamp":1725247805833,"level":"debug","message":"Page request: GET (document) file:///C:/Users/shsmo/AppData/Local/Temp/jsreport/autocleanup/ecb8288b-d008-4fc8-9f29-ca36011bddc7-chrome-pdf.html","meta":{"rootId":"esqmqy2zwnqvaz3","id":"esqmqy2zwnqvaz3"},"id":"ums4mbdlvqwy2uk","previousOperationId":"mli55ob2wnkya7v"}
{"type":"log","timestamp":1725247806052,"level":"debug","message":"Page request: GET (stylesheet) https://cdnjs.cloudflare.com/ajax/libs/font-awesome/4.7.0/css/font-awesome.min.css","meta":{"rootId":"esqmqy2zwnqvaz3","id":"esqmqy2zwnqvaz3"},"id":"35vj68emurfjsnc","previousOperationId":"mli55ob2wnkya7v"}
{"type":"log","timestamp":1725247806061,"level":"debug","message":"Page request finished: GET (stylesheet) 200 https://cdnjs.cloudflare.com/ajax/libs/font-awesome/4.7.0/css/font-awesome.min.css","meta":{"rootId":"esqmqy2zwnqvaz3","id":"esqmqy2zwnqvaz3"},"id":"wf2gz4lcpcxnzm5","previousOperationId":"mli55ob2wnkya7v"}
{"type":"log","timestamp":1725247806065,"level":"debug","message":"Page request finished: GET (document) 200 file:///C:/Users/shsmo/AppData/Local/Temp/jsreport/autocleanup/ecb8288b-d008-4fc8-9f29-ca36011bddc7-chrome-pdf.html","meta":{"rootId":"esqmqy2zwnqvaz3","id":"esqmqy2zwnqvaz3"},"id":"8m7i0fjug3uiu7r","previousOperationId":"mli55ob2wnkya7v"}
{"type":"log","timestamp":1725247806079,"level":"debug","message":"Page request: GET (script) https://cdn.tailwindcss.com/","meta":{"rootId":"esqmqy2zwnqvaz3","id":"esqmqy2zwnqvaz3"},"id":"pkwtwqqqzx5v0e7","previousOperationId":"mli55ob2wnkya7v"}
{"type":"log","timestamp":1725247806080,"level":"debug","message":"Page request: GET (script) https://cdnjs.cloudflare.com/ajax/libs/lodash.js/4.17.11/lodash.min.js","meta":{"rootId":"esqmqy2zwnqvaz3","id":"esqmqy2zwnqvaz3"},"id":"zdeqkkes6r7ngxd","previousOperationId":"mli55ob2wnkya7v"}
{"type":"log","timestamp":1725247806080,"level":"debug","message":"Page request: GET (script) https://unpkg.com/chart.js@2.7.3/dist/Chart.min.js","meta":{"rootId":"esqmqy2zwnqvaz3","id":"esqmqy2zwnqvaz3"},"id":"mzs0tolbrjrl6ry","previousOperationId":"mli55ob2wnkya7v"}
{"type":"log","timestamp":1725247806083,"level":"warn","message":"Page request failed: GET (script) 302 https://cdn.tailwindcss.com/ (redirect to: /3.4.5)","meta":{"rootId":"esqmqy2zwnqvaz3","id":"esqmqy2zwnqvaz3"},"id":"49nyy17o8hc4o7c","previousOperationId":"mli55ob2wnkya7v"}
{"type":"log","timestamp":1725247806083,"level":"debug","message":"Page request: GET (script) https://cdn.tailwindcss.com/3.4.5 (redirect from: https://cdn.tailwindcss.com/)","meta":{"rootId":"esqmqy2zwnqvaz3","id":"esqmqy2zwnqvaz3"},"id":"k177ij09f2mf9d3","previousOperationId":"mli55ob2wnkya7v"}
{"type":"log","timestamp":1725247806087,"level":"debug","message":"Page request finished: GET (script) 200 https://cdnjs.cloudflare.com/ajax/libs/lodash.js/4.17.11/lodash.min.js","meta":{"rootId":"esqmqy2zwnqvaz3","id":"esqmqy2zwnqvaz3"},"id":"98byt6sh59i74xg","previousOperationId":"mli55ob2wnkya7v"}
{"type":"log","timestamp":1725247806088,"level":"debug","message":"Page request finished: GET (script) 200 https://unpkg.com/chart.js@2.7.3/dist/Chart.min.js","meta":{"rootId":"esqmqy2zwnqvaz3","id":"esqmqy2zwnqvaz3"},"id":"kk9j05biod37r6d","previousOperationId":"mli55ob2wnkya7v"}
{"type":"log","timestamp":1725247806098,"level":"debug","message":"Page request finished: GET (script) 200 https://cdn.tailwindcss.com/3.4.5","meta":{"rootId":"esqmqy2zwnqvaz3","id":"esqmqy2zwnqvaz3"},"id":"ihdld5y6hgof373","previousOperationId":"mli55ob2wnkya7v"}
{"type":"log","timestamp":1725247806133,"level":"debug","message":"(console:warn) cdn.tailwindcss.com should not be used in production. To use Tailwind CSS in production, install it as a PostCSS plugin or use the Tailwind CLI: https://tailwindcss.com/docs/installation","meta":{"userLevel":true,"rootId":"esqmqy2zwnqvaz3","id":"esqmqy2zwnqvaz3"},"id":"wlzu1kgccimgy4w","previousOperationId":"mli55ob2wnkya7v"}
{"type":"log","timestamp":1725247806223,"level":"debug","message":"Running chrome with params {\"printBackground\":true,\"format\":\"A4\",\"marginTop\":\"1cm\",\"marginBottom\":\"2cm\",\"timeout\":59935,\"margin\":{\"top\":\"1cm\",\"bottom\":\"2cm\"}}","meta":{"rootId":"esqmqy2zwnqvaz3","id":"esqmqy2zwnqvaz3"},"id":"z2wpqate2atwcn0","previousOperationId":"mli55ob2wnkya7v"}
{"type":"operationEnd","operationId":"mli55ob2wnkya7v","timestamp":1725247806312,"id":"xn02rizxbxu72t1","previousEventId":"t9tur95dq1ftgse","previousOperationId":"mli55ob2wnkya7v"}
{"type":"log","timestamp":1725247806312,"level":"debug","message":"Skipping storing report.","meta":{"rootId":"esqmqy2zwnqvaz3","id":"esqmqy2zwnqvaz3"},"id":"d7xk0h3gsbiqb24","previousOperationId":"mli55ob2wnkya7v"}
{"type":"log","timestamp":1725247806312,"level":"info","message":"Rendering request 40 finished in 587 ms","meta":{"rootId":"esqmqy2zwnqvaz3","id":"esqmqy2zwnqvaz3"},"id":"6pwoh7hkbjtt90c","previousOperationId":"mli55ob2wnkya7v"}
{"type":"operationEnd","subtype":"render","operationId":"uxh647u230tcmcc","timestamp":1725247806312,"id":"s7okjm1u4jo67q6","previousEventId":"xn02rizxbxu72t1","previousOperationId":"mli55ob2wnkya7v"}
{"type":"operationEnd","doDiffs":false,"previousEventId":"7aikqpxl34w60z6","previousOperationId":"hicxaa0bgceaibj","operationId":"hicxaa0bgceaibj","timestamp":1725247806315,"id":"amx253g98lgp0iw"}
