{"type":"operationStart","subtype":"profile","data":{"_id":"IxlKv5CeOU1oczvj","timestamp":"2024-09-02T03:17:22.290Z","state":"queued","mode":"standard","creationDate":"2024-09-02T03:17:22.292Z","modificationDate":"2024-09-02T03:17:22.292Z","shortid":"MA7-sLg","inheritedReadPermissions":[],"inheritedEditPermissions":[],"$entitySet":"profiles"},"doDiffs":false,"timestamp":1725247042291,"id":"8mn350obfk1dmqg","previousOperationId":null,"operationId":"7viev4g18e2mcf6"}
{"type":"log","level":"info","message":"Render request 12 queued for execution and waiting for available worker","previousOperationId":"7viev4g18e2mcf6","timestamp":1725247042291,"id":"4p5my6ecp86oyep"}
{"type":"operationStart","subtype":"render","name":"chart_templates","previousOperationId":"7viev4g18e2mcf6","timestamp":1725247042300,"id":"xx0so8yv81n0v0e","previousEventId":"8mn350obfk1dmqg","operationId":"zsvy4z1ddw3gduu"}
{"type":"log","timestamp":1725247042300,"level":"info","message":"Starting rendering request 12 (user: admin)","meta":{"rootId":"f05xg2a6x38e37d","id":"f05xg2a6x38e37d"},"id":"hzfzp79uqoz4nci","previousOperationId":"zsvy4z1ddw3gduu"}
{"type":"log","timestamp":1725247042301,"level":"info","message":"Rendering template { name: chart_templates, recipe: chrome-pdf, engine: handlebars, preview: true }","meta":{"rootId":"f05xg2a6x38e37d","id":"f05xg2a6x38e37d"},"id":"cj3y8q8lgw7ijlq","previousOperationId":"zsvy4z1ddw3gduu"}
{"type":"log","timestamp":1725247042301,"level":"debug","message":"Data item not defined for this template.","meta":{"rootId":"f05xg2a6x38e37d","id":"f05xg2a6x38e37d"},"id":"4t45fz414tvy16w","previousOperationId":"zsvy4z1ddw3gduu"}
{"type":"log","timestamp":1725247042305,"level":"debug","message":"Base url not specified, skipping its injection.","meta":{"rootId":"f05xg2a6x38e37d","id":"f05xg2a6x38e37d"},"id":"v1qkt1sfa9di4tf","previousOperationId":"zsvy4z1ddw3gduu"}
{"type":"log","timestamp":1725247042314,"level":"debug","message":"Replaced assets [\"KhmerOSSiemreapRegular.ttf\",\"KhmerOSMuolLightRegular.ttf\",\"times_new_roman.ttf\",\"Tacteing.ttf\",\"limons1l.ttf\",\"arial.ttf\",\"/asset/images/draft-km.png\"]","meta":{"rootId":"f05xg2a6x38e37d","id":"f05xg2a6x38e37d"},"id":"5t88lymp5rlapb3","previousOperationId":"zsvy4z1ddw3gduu"}
{"type":"operationStart","subtype":"engine","name":"handlebars","timestamp":1725247042315,"id":"h5pm6gmqp3rt0c7","previousEventId":"xx0so8yv81n0v0e","operationId":"ogvrkn0odah31py","previousOperationId":"zsvy4z1ddw3gduu"}
{"type":"log","timestamp":1725247042315,"level":"debug","message":"Rendering engine handlebars","meta":{"rootId":"f05xg2a6x38e37d","id":"f05xg2a6x38e37d"},"id":"tsa35qsv62tex9d","previousOperationId":"ogvrkn0odah31py"}
{"type":"operationEnd","operationId":"ogvrkn0odah31py","timestamp":1725247042325,"id":"9nmfc0jcuqlnxkp","previousEventId":"h5pm6gmqp3rt0c7","previousOperationId":"ogvrkn0odah31py"}
{"type":"operationStart","subtype":"recipe","name":"chrome-pdf","timestamp":1725247042336,"id":"8wlj4qsqikjqgl6","previousEventId":"9nmfc0jcuqlnxkp","operationId":"0rxii46t5r44qft","previousOperationId":"ogvrkn0odah31py"}
{"type":"log","timestamp":1725247042336,"level":"debug","message":"Executing recipe chrome-pdf","meta":{"rootId":"f05xg2a6x38e37d","id":"f05xg2a6x38e37d"},"id":"mfs2spdzaq6vjzk","previousOperationId":"0rxii46t5r44qft"}
{"type":"log","timestamp":1725247042341,"level":"debug","message":"Converting with chrome Chrome/127.0.6533.99 using chrome-pool strategy","meta":{"rootId":"f05xg2a6x38e37d","id":"f05xg2a6x38e37d"},"id":"0t28tu082ijcsg4","previousOperationId":"0rxii46t5r44qft"}
{"type":"log","timestamp":1725247042386,"level":"debug","message":"Page request: GET (document) file:///C:/Users/shsmo/AppData/Local/Temp/jsreport/autocleanup/13e22a40-9ad3-4116-9903-68e818b446b1-chrome-pdf.html","meta":{"rootId":"f05xg2a6x38e37d","id":"f05xg2a6x38e37d"},"id":"y8z9zgkdnwkkk3u","previousOperationId":"0rxii46t5r44qft"}
{"type":"log","timestamp":1725247042602,"level":"debug","message":"Page request: GET (stylesheet) https://cdnjs.cloudflare.com/ajax/libs/font-awesome/4.7.0/css/font-awesome.min.css","meta":{"rootId":"f05xg2a6x38e37d","id":"f05xg2a6x38e37d"},"id":"ce87rycdpyx4njc","previousOperationId":"0rxii46t5r44qft"}
{"type":"log","timestamp":1725247042613,"level":"debug","message":"Page request finished: GET (document) 200 file:///C:/Users/shsmo/AppData/Local/Temp/jsreport/autocleanup/13e22a40-9ad3-4116-9903-68e818b446b1-chrome-pdf.html","meta":{"rootId":"f05xg2a6x38e37d","id":"f05xg2a6x38e37d"},"id":"l0lkz0jm6fgmaeu","previousOperationId":"0rxii46t5r44qft"}
{"type":"log","timestamp":1725247042615,"level":"debug","message":"Page request finished: GET (stylesheet) 200 https://cdnjs.cloudflare.com/ajax/libs/font-awesome/4.7.0/css/font-awesome.min.css","meta":{"rootId":"f05xg2a6x38e37d","id":"f05xg2a6x38e37d"},"id":"yhjqdrejj227oue","previousOperationId":"0rxii46t5r44qft"}
{"type":"log","timestamp":1725247042631,"level":"debug","message":"Page request: GET (script) https://cdn.tailwindcss.com/","meta":{"rootId":"f05xg2a6x38e37d","id":"f05xg2a6x38e37d"},"id":"2eqydp8x4735v77","previousOperationId":"0rxii46t5r44qft"}
{"type":"log","timestamp":1725247042631,"level":"debug","message":"Page request: GET (script) https://cdnjs.cloudflare.com/ajax/libs/lodash.js/4.17.11/lodash.min.js","meta":{"rootId":"f05xg2a6x38e37d","id":"f05xg2a6x38e37d"},"id":"v9yge2cs7s17svf","previousOperationId":"0rxii46t5r44qft"}
{"type":"log","timestamp":1725247042632,"level":"debug","message":"Page request: GET (script) https://unpkg.com/chart.js@2.7.3/dist/Chart.min.js","meta":{"rootId":"f05xg2a6x38e37d","id":"f05xg2a6x38e37d"},"id":"g1bksl1h7ldphri","previousOperationId":"0rxii46t5r44qft"}
{"type":"log","timestamp":1725247042634,"level":"warn","message":"Page request failed: GET (script) 302 https://cdn.tailwindcss.com/ (redirect to: /3.4.5)","meta":{"rootId":"f05xg2a6x38e37d","id":"f05xg2a6x38e37d"},"id":"t2ezo424p7d3ves","previousOperationId":"0rxii46t5r44qft"}
{"type":"log","timestamp":1725247042634,"level":"debug","message":"Page request: GET (script) https://cdn.tailwindcss.com/3.4.5 (redirect from: https://cdn.tailwindcss.com/)","meta":{"rootId":"f05xg2a6x38e37d","id":"f05xg2a6x38e37d"},"id":"njtuqw6hz4klgar","previousOperationId":"0rxii46t5r44qft"}
{"type":"log","timestamp":1725247042639,"level":"debug","message":"Page request finished: GET (script) 200 https://cdnjs.cloudflare.com/ajax/libs/lodash.js/4.17.11/lodash.min.js","meta":{"rootId":"f05xg2a6x38e37d","id":"f05xg2a6x38e37d"},"id":"skjabfuxxysbhyn","previousOperationId":"0rxii46t5r44qft"}
{"type":"log","timestamp":1725247042640,"level":"debug","message":"Page request finished: GET (script) 200 https://unpkg.com/chart.js@2.7.3/dist/Chart.min.js","meta":{"rootId":"f05xg2a6x38e37d","id":"f05xg2a6x38e37d"},"id":"surfce05o42tywa","previousOperationId":"0rxii46t5r44qft"}
{"type":"log","timestamp":1725247042649,"level":"debug","message":"Page request finished: GET (script) 200 https://cdn.tailwindcss.com/3.4.5","meta":{"rootId":"f05xg2a6x38e37d","id":"f05xg2a6x38e37d"},"id":"beug72a9t1mchcg","previousOperationId":"0rxii46t5r44qft"}
{"type":"log","timestamp":1725247042691,"level":"debug","message":"(console:warn) cdn.tailwindcss.com should not be used in production. To use Tailwind CSS in production, install it as a PostCSS plugin or use the Tailwind CLI: https://tailwindcss.com/docs/installation","meta":{"userLevel":true,"rootId":"f05xg2a6x38e37d","id":"f05xg2a6x38e37d"},"id":"cbxdrdfabaceays","previousOperationId":"0rxii46t5r44qft"}
{"type":"log","timestamp":1725247042767,"level":"debug","message":"Running chrome with params {\"printBackground\":true,\"format\":\"A4\",\"marginTop\":\"1cm\",\"marginBottom\":\"2cm\",\"timeout\":59949,\"margin\":{\"top\":\"1cm\",\"bottom\":\"2cm\"}}","meta":{"rootId":"f05xg2a6x38e37d","id":"f05xg2a6x38e37d"},"id":"repdb47vq9jhp6m","previousOperationId":"0rxii46t5r44qft"}
{"type":"operationEnd","operationId":"0rxii46t5r44qft","timestamp":1725247042807,"id":"glqmc1g2piz9zei","previousEventId":"8wlj4qsqikjqgl6","previousOperationId":"0rxii46t5r44qft"}
{"type":"log","timestamp":1725247042807,"level":"debug","message":"Skipping storing report.","meta":{"rootId":"f05xg2a6x38e37d","id":"f05xg2a6x38e37d"},"id":"ifcwvpas7ucr2b2","previousOperationId":"0rxii46t5r44qft"}
{"type":"log","timestamp":1725247042807,"level":"info","message":"Rendering request 12 finished in 517 ms","meta":{"rootId":"f05xg2a6x38e37d","id":"f05xg2a6x38e37d"},"id":"y9gdcaf9xcad073","previousOperationId":"0rxii46t5r44qft"}
{"type":"operationEnd","subtype":"render","operationId":"zsvy4z1ddw3gduu","timestamp":1725247042807,"id":"ishdfephg341m2w","previousEventId":"glqmc1g2piz9zei","previousOperationId":"0rxii46t5r44qft"}
{"type":"operationEnd","doDiffs":false,"previousEventId":"8mn350obfk1dmqg","previousOperationId":"7viev4g18e2mcf6","operationId":"7viev4g18e2mcf6","timestamp":1725247042810,"id":"hxitquvkuhwa2zy"}
