{"type":"operationStart","subtype":"profile","data":{"_id":"0nRm9zDnob1exWrD","timestamp":"2024-09-02T03:15:11.128Z","state":"queued","mode":"standard","creationDate":"2024-09-02T03:15:11.130Z","modificationDate":"2024-09-02T03:15:11.130Z","shortid":"0L6aHSf","inheritedReadPermissions":[],"inheritedEditPermissions":[],"$entitySet":"profiles"},"doDiffs":false,"timestamp":1725246911129,"id":"0glgc7m7rnreejy","previousOperationId":null,"operationId":"gashq83mza2bwzy"}
{"type":"log","level":"info","message":"Render request 8 queued for execution and waiting for available worker","previousOperationId":"gashq83mza2bwzy","timestamp":1725246911129,"id":"cdqbmfq731b5jnz"}
{"type":"operationStart","subtype":"render","name":"chart_templates","previousOperationId":"gashq83mza2bwzy","timestamp":1725246911136,"id":"5mud5ofi6hhnlia","previousEventId":"0glgc7m7rnreejy","operationId":"ahkgxcfsxj2rc8v"}
{"type":"log","timestamp":1725246911136,"level":"info","message":"Starting rendering request 8 (user: admin)","meta":{"rootId":"fktwjhukj0ghdaq","id":"fktwjhukj0ghdaq"},"id":"y781g5qxvxdc0ts","previousOperationId":"ahkgxcfsxj2rc8v"}
{"type":"log","timestamp":1725246911136,"level":"info","message":"Rendering template { name: chart_templates, recipe: chrome-pdf, engine: handlebars, preview: true }","meta":{"rootId":"fktwjhukj0ghdaq","id":"fktwjhukj0ghdaq"},"id":"s90v90b4awzyj53","previousOperationId":"ahkgxcfsxj2rc8v"}
{"type":"log","timestamp":1725246911137,"level":"debug","message":"Data item not defined for this template.","meta":{"rootId":"fktwjhukj0ghdaq","id":"fktwjhukj0ghdaq"},"id":"y1ohlxnku23bmr0","previousOperationId":"ahkgxcfsxj2rc8v"}
{"type":"log","timestamp":1725246911138,"level":"debug","message":"Base url not specified, skipping its injection.","meta":{"rootId":"fktwjhukj0ghdaq","id":"fktwjhukj0ghdaq"},"id":"be4mbd59esye1ob","previousOperationId":"ahkgxcfsxj2rc8v"}
{"type":"log","timestamp":1725246911145,"level":"debug","message":"Replaced assets [\"KhmerOSSiemreapRegular.ttf\",\"KhmerOSMuolLightRegular.ttf\",\"times_new_roman.ttf\",\"Tacteing.ttf\",\"limons1l.ttf\",\"arial.ttf\",\"/asset/images/draft-km.png\"]","meta":{"rootId":"fktwjhukj0ghdaq","id":"fktwjhukj0ghdaq"},"id":"3kjicnep2q5eprp","previousOperationId":"ahkgxcfsxj2rc8v"}
{"type":"operationStart","subtype":"engine","name":"handlebars","timestamp":1725246911146,"id":"jt73l8vii2dg8mb","previousEventId":"5mud5ofi6hhnlia","operationId":"pxs0k1dd9xtn8dm","previousOperationId":"ahkgxcfsxj2rc8v"}
{"type":"log","timestamp":1725246911146,"level":"debug","message":"Rendering engine handlebars","meta":{"rootId":"fktwjhukj0ghdaq","id":"fktwjhukj0ghdaq"},"id":"31l3yp72k96i4za","previousOperationId":"pxs0k1dd9xtn8dm"}
{"type":"operationEnd","operationId":"pxs0k1dd9xtn8dm","timestamp":1725246911176,"id":"d8i15pmqtljyu3s","previousEventId":"jt73l8vii2dg8mb","previousOperationId":"pxs0k1dd9xtn8dm"}
{"type":"operationStart","subtype":"recipe","name":"chrome-pdf","timestamp":1725246911186,"id":"vhytfswzu416w3m","previousEventId":"d8i15pmqtljyu3s","operationId":"pju382vvoo5enal","previousOperationId":"pxs0k1dd9xtn8dm"}
{"type":"log","timestamp":1725246911187,"level":"debug","message":"Executing recipe chrome-pdf","meta":{"rootId":"fktwjhukj0ghdaq","id":"fktwjhukj0ghdaq"},"id":"c23pbyfb1ewngq0","previousOperationId":"pju382vvoo5enal"}
{"type":"log","timestamp":1725246911192,"level":"debug","message":"Converting with chrome Chrome/127.0.6533.99 using chrome-pool strategy","meta":{"rootId":"fktwjhukj0ghdaq","id":"fktwjhukj0ghdaq"},"id":"0gftawwkbgumgxj","previousOperationId":"pju382vvoo5enal"}
{"type":"log","timestamp":1725246911265,"level":"debug","message":"Page request: GET (document) file:///C:/Users/shsmo/AppData/Local/Temp/jsreport/autocleanup/4282d273-ca24-4840-9e7b-240bc0d32f9a-chrome-pdf.html","meta":{"rootId":"fktwjhukj0ghdaq","id":"fktwjhukj0ghdaq"},"id":"aog8wmygzknmn6y","previousOperationId":"pju382vvoo5enal"}
{"type":"log","timestamp":1725246911476,"level":"debug","message":"Page request: GET (stylesheet) https://cdnjs.cloudflare.com/ajax/libs/font-awesome/4.7.0/css/font-awesome.min.css","meta":{"rootId":"fktwjhukj0ghdaq","id":"fktwjhukj0ghdaq"},"id":"a0h6qw28wav1yzn","previousOperationId":"pju382vvoo5enal"}
{"type":"log","timestamp":1725246911485,"level":"debug","message":"Page request finished: GET (document) 200 file:///C:/Users/shsmo/AppData/Local/Temp/jsreport/autocleanup/4282d273-ca24-4840-9e7b-240bc0d32f9a-chrome-pdf.html","meta":{"rootId":"fktwjhukj0ghdaq","id":"fktwjhukj0ghdaq"},"id":"8mucm9ch2wgwh8k","previousOperationId":"pju382vvoo5enal"}
{"type":"log","timestamp":1725246911487,"level":"debug","message":"Page request finished: GET (stylesheet) 200 https://cdnjs.cloudflare.com/ajax/libs/font-awesome/4.7.0/css/font-awesome.min.css","meta":{"rootId":"fktwjhukj0ghdaq","id":"fktwjhukj0ghdaq"},"id":"zmyzgv38uidbw5d","previousOperationId":"pju382vvoo5enal"}
{"type":"log","timestamp":1725246911504,"level":"debug","message":"Page request: GET (script) https://cdn.tailwindcss.com/","meta":{"rootId":"fktwjhukj0ghdaq","id":"fktwjhukj0ghdaq"},"id":"qgpjf1way1ptqw9","previousOperationId":"pju382vvoo5enal"}
{"type":"log","timestamp":1725246911505,"level":"debug","message":"Page request: GET (script) https://cdnjs.cloudflare.com/ajax/libs/lodash.js/4.17.11/lodash.min.js","meta":{"rootId":"fktwjhukj0ghdaq","id":"fktwjhukj0ghdaq"},"id":"o0n3znmt2myzjtq","previousOperationId":"pju382vvoo5enal"}
{"type":"log","timestamp":1725246911505,"level":"debug","message":"Page request: GET (script) https://unpkg.com/chart.js@2.7.3/dist/Chart.min.js","meta":{"rootId":"fktwjhukj0ghdaq","id":"fktwjhukj0ghdaq"},"id":"m43wv5wp4aidz7w","previousOperationId":"pju382vvoo5enal"}
{"type":"log","timestamp":1725246911507,"level":"warn","message":"Page request failed: GET (script) 302 https://cdn.tailwindcss.com/ (redirect to: /3.4.5)","meta":{"rootId":"fktwjhukj0ghdaq","id":"fktwjhukj0ghdaq"},"id":"hvkrynq1b54cp6j","previousOperationId":"pju382vvoo5enal"}
{"type":"log","timestamp":1725246911507,"level":"debug","message":"Page request: GET (script) https://cdn.tailwindcss.com/3.4.5 (redirect from: https://cdn.tailwindcss.com/)","meta":{"rootId":"fktwjhukj0ghdaq","id":"fktwjhukj0ghdaq"},"id":"uags7shdwy8zr5l","previousOperationId":"pju382vvoo5enal"}
{"type":"log","timestamp":1725246911514,"level":"debug","message":"Page request finished: GET (script) 200 https://cdnjs.cloudflare.com/ajax/libs/lodash.js/4.17.11/lodash.min.js","meta":{"rootId":"fktwjhukj0ghdaq","id":"fktwjhukj0ghdaq"},"id":"xynqe3nfs1hdec0","previousOperationId":"pju382vvoo5enal"}
{"type":"log","timestamp":1725246911514,"level":"debug","message":"Page request finished: GET (script) 200 https://unpkg.com/chart.js@2.7.3/dist/Chart.min.js","meta":{"rootId":"fktwjhukj0ghdaq","id":"fktwjhukj0ghdaq"},"id":"0cgvza7ffv7ufoq","previousOperationId":"pju382vvoo5enal"}
{"type":"log","timestamp":1725246911524,"level":"debug","message":"Page request finished: GET (script) 200 https://cdn.tailwindcss.com/3.4.5","meta":{"rootId":"fktwjhukj0ghdaq","id":"fktwjhukj0ghdaq"},"id":"xssd7bdehs5z4n1","previousOperationId":"pju382vvoo5enal"}
{"type":"log","timestamp":1725246911562,"level":"debug","message":"(console:warn) cdn.tailwindcss.com should not be used in production. To use Tailwind CSS in production, install it as a PostCSS plugin or use the Tailwind CLI: https://tailwindcss.com/docs/installation","meta":{"userLevel":true,"rootId":"fktwjhukj0ghdaq","id":"fktwjhukj0ghdaq"},"id":"1wzq89qu2fqdz82","previousOperationId":"pju382vvoo5enal"}
{"type":"log","timestamp":1725246911644,"level":"debug","message":"Running chrome with params {\"printBackground\":true,\"format\":\"A4\",\"marginTop\":\"1cm\",\"marginBottom\":\"2cm\",\"timeout\":59937,\"margin\":{\"top\":\"1cm\",\"bottom\":\"2cm\"}}","meta":{"rootId":"fktwjhukj0ghdaq","id":"fktwjhukj0ghdaq"},"id":"aw5r6ejlni7yg93","previousOperationId":"pju382vvoo5enal"}
{"type":"operationEnd","operationId":"pju382vvoo5enal","timestamp":1725246911691,"id":"3lssk0th3twhxte","previousEventId":"vhytfswzu416w3m","previousOperationId":"pju382vvoo5enal"}
{"type":"log","timestamp":1725246911691,"level":"debug","message":"Skipping storing report.","meta":{"rootId":"fktwjhukj0ghdaq","id":"fktwjhukj0ghdaq"},"id":"5suramciaxxqdeu","previousOperationId":"pju382vvoo5enal"}
{"type":"log","timestamp":1725246911691,"level":"info","message":"Rendering request 8 finished in 563 ms","meta":{"rootId":"fktwjhukj0ghdaq","id":"fktwjhukj0ghdaq"},"id":"ilnekp5al1bgv48","previousOperationId":"pju382vvoo5enal"}
{"type":"operationEnd","subtype":"render","operationId":"ahkgxcfsxj2rc8v","timestamp":1725246911691,"id":"sko41cghw3zr15u","previousEventId":"3lssk0th3twhxte","previousOperationId":"pju382vvoo5enal"}
{"type":"operationEnd","doDiffs":false,"previousEventId":"0glgc7m7rnreejy","previousOperationId":"gashq83mza2bwzy","operationId":"gashq83mza2bwzy","timestamp":1725246911693,"id":"hogrpn36wob960l"}
