{"type":"operationStart","subtype":"profile","data":{"_id":"ugmDXZPeR0yngLSO","timestamp":"2024-09-02T03:16:45.352Z","state":"queued","mode":"standard","creationDate":"2024-09-02T03:16:45.354Z","modificationDate":"2024-09-02T03:16:45.354Z","shortid":"LH9DDbs","inheritedReadPermissions":[],"inheritedEditPermissions":[],"$entitySet":"profiles"},"doDiffs":false,"timestamp":1725247005353,"id":"1qmvuxz3ytu23t3","previousOperationId":null,"operationId":"ec7gevxw4buzqok"}
{"type":"log","level":"info","message":"Render request 9 queued for execution and waiting for available worker","previousOperationId":"ec7gevxw4buzqok","timestamp":1725247005353,"id":"sp45wguj8jxe5di"}
{"type":"operationStart","subtype":"render","name":"chart_templates","previousOperationId":"ec7gevxw4buzqok","timestamp":1725247005360,"id":"rm1tslwbztuq0se","previousEventId":"1qmvuxz3ytu23t3","operationId":"0nf2gknseyr46s3"}
{"type":"log","timestamp":1725247005360,"level":"info","message":"Starting rendering request 9 (user: admin)","meta":{"rootId":"ggi3uy9pgqe1w7w","id":"ggi3uy9pgqe1w7w"},"id":"jp5343atizjeo79","previousOperationId":"0nf2gknseyr46s3"}
{"type":"log","timestamp":1725247005360,"level":"info","message":"Rendering template { name: chart_templates, recipe: chrome-pdf, engine: handlebars, preview: true }","meta":{"rootId":"ggi3uy9pgqe1w7w","id":"ggi3uy9pgqe1w7w"},"id":"8te2yms1yulw8ds","previousOperationId":"0nf2gknseyr46s3"}
{"type":"log","timestamp":1725247005361,"level":"debug","message":"Data item not defined for this template.","meta":{"rootId":"ggi3uy9pgqe1w7w","id":"ggi3uy9pgqe1w7w"},"id":"qxehtylqnaldenf","previousOperationId":"0nf2gknseyr46s3"}
{"type":"log","timestamp":1725247005362,"level":"debug","message":"Base url not specified, skipping its injection.","meta":{"rootId":"ggi3uy9pgqe1w7w","id":"ggi3uy9pgqe1w7w"},"id":"cjiroxea8kbmigf","previousOperationId":"0nf2gknseyr46s3"}
{"type":"log","timestamp":1725247005368,"level":"debug","message":"Replaced assets [\"KhmerOSSiemreapRegular.ttf\",\"KhmerOSMuolLightRegular.ttf\",\"times_new_roman.ttf\",\"Tacteing.ttf\",\"limons1l.ttf\",\"arial.ttf\",\"/asset/images/draft-km.png\"]","meta":{"rootId":"ggi3uy9pgqe1w7w","id":"ggi3uy9pgqe1w7w"},"id":"rtoacv2tx4bocde","previousOperationId":"0nf2gknseyr46s3"}
{"type":"operationStart","subtype":"engine","name":"handlebars","timestamp":1725247005369,"id":"tx7ixdhivwfojn6","previousEventId":"rm1tslwbztuq0se","operationId":"iofjh3esnoa5aas","previousOperationId":"0nf2gknseyr46s3"}
{"type":"log","timestamp":1725247005369,"level":"debug","message":"Rendering engine handlebars","meta":{"rootId":"ggi3uy9pgqe1w7w","id":"ggi3uy9pgqe1w7w"},"id":"xndc8gszj8651rz","previousOperationId":"iofjh3esnoa5aas"}
{"type":"operationEnd","operationId":"iofjh3esnoa5aas","timestamp":1725247005398,"id":"cvrqt0i1xowi8ra","previousEventId":"tx7ixdhivwfojn6","previousOperationId":"iofjh3esnoa5aas"}
{"type":"operationStart","subtype":"recipe","name":"chrome-pdf","timestamp":1725247005408,"id":"kjkwswq20y3rcrm","previousEventId":"cvrqt0i1xowi8ra","operationId":"kdft01l523d4755","previousOperationId":"iofjh3esnoa5aas"}
{"type":"log","timestamp":1725247005408,"level":"debug","message":"Executing recipe chrome-pdf","meta":{"rootId":"ggi3uy9pgqe1w7w","id":"ggi3uy9pgqe1w7w"},"id":"ttkcdlwgmiaajq7","previousOperationId":"kdft01l523d4755"}
{"type":"log","timestamp":1725247005414,"level":"debug","message":"Converting with chrome Chrome/127.0.6533.99 using chrome-pool strategy","meta":{"rootId":"ggi3uy9pgqe1w7w","id":"ggi3uy9pgqe1w7w"},"id":"q7zgchx4tabvn94","previousOperationId":"kdft01l523d4755"}
{"type":"log","timestamp":1725247005459,"level":"debug","message":"Page request: GET (document) file:///C:/Users/shsmo/AppData/Local/Temp/jsreport/autocleanup/e6829f97-d424-4622-81e1-9740b3a78ac0-chrome-pdf.html","meta":{"rootId":"ggi3uy9pgqe1w7w","id":"ggi3uy9pgqe1w7w"},"id":"p41qhzkjimutdhn","previousOperationId":"kdft01l523d4755"}
{"type":"log","timestamp":1725247005651,"level":"debug","message":"Page request: GET (stylesheet) https://cdnjs.cloudflare.com/ajax/libs/font-awesome/4.7.0/css/font-awesome.min.css","meta":{"rootId":"ggi3uy9pgqe1w7w","id":"ggi3uy9pgqe1w7w"},"id":"sqqztnkbvrzcw8l","previousOperationId":"kdft01l523d4755"}
{"type":"log","timestamp":1725247005659,"level":"debug","message":"Page request finished: GET (stylesheet) 200 https://cdnjs.cloudflare.com/ajax/libs/font-awesome/4.7.0/css/font-awesome.min.css","meta":{"rootId":"ggi3uy9pgqe1w7w","id":"ggi3uy9pgqe1w7w"},"id":"imh21k4w3hogd5n","previousOperationId":"kdft01l523d4755"}
{"type":"log","timestamp":1725247005665,"level":"debug","message":"Page request finished: GET (document) 200 file:///C:/Users/shsmo/AppData/Local/Temp/jsreport/autocleanup/e6829f97-d424-4622-81e1-9740b3a78ac0-chrome-pdf.html","meta":{"rootId":"ggi3uy9pgqe1w7w","id":"ggi3uy9pgqe1w7w"},"id":"tm1wg592139xgs2","previousOperationId":"kdft01l523d4755"}
{"type":"log","timestamp":1725247005683,"level":"debug","message":"Page request: GET (script) https://cdn.tailwindcss.com/","meta":{"rootId":"ggi3uy9pgqe1w7w","id":"ggi3uy9pgqe1w7w"},"id":"mo7jturny67g5lt","previousOperationId":"kdft01l523d4755"}
{"type":"log","timestamp":1725247005684,"level":"debug","message":"Page request: GET (script) https://cdnjs.cloudflare.com/ajax/libs/lodash.js/4.17.11/lodash.min.js","meta":{"rootId":"ggi3uy9pgqe1w7w","id":"ggi3uy9pgqe1w7w"},"id":"2ldfzpgdiw1fic3","previousOperationId":"kdft01l523d4755"}
{"type":"log","timestamp":1725247005684,"level":"debug","message":"Page request: GET (script) https://unpkg.com/chart.js@2.7.3/dist/Chart.min.js","meta":{"rootId":"ggi3uy9pgqe1w7w","id":"ggi3uy9pgqe1w7w"},"id":"lvfle6o7463qirw","previousOperationId":"kdft01l523d4755"}
{"type":"log","timestamp":1725247005687,"level":"warn","message":"Page request failed: GET (script) 302 https://cdn.tailwindcss.com/ (redirect to: /3.4.5)","meta":{"rootId":"ggi3uy9pgqe1w7w","id":"ggi3uy9pgqe1w7w"},"id":"ydma3kcansge6n9","previousOperationId":"kdft01l523d4755"}
{"type":"log","timestamp":1725247005687,"level":"debug","message":"Page request: GET (script) https://cdn.tailwindcss.com/3.4.5 (redirect from: https://cdn.tailwindcss.com/)","meta":{"rootId":"ggi3uy9pgqe1w7w","id":"ggi3uy9pgqe1w7w"},"id":"ftyijoipyy4kaiv","previousOperationId":"kdft01l523d4755"}
{"type":"log","timestamp":1725247005691,"level":"debug","message":"Page request finished: GET (script) 200 https://cdnjs.cloudflare.com/ajax/libs/lodash.js/4.17.11/lodash.min.js","meta":{"rootId":"ggi3uy9pgqe1w7w","id":"ggi3uy9pgqe1w7w"},"id":"viusgfi3e9q16dw","previousOperationId":"kdft01l523d4755"}
{"type":"log","timestamp":1725247005693,"level":"debug","message":"Page request finished: GET (script) 200 https://unpkg.com/chart.js@2.7.3/dist/Chart.min.js","meta":{"rootId":"ggi3uy9pgqe1w7w","id":"ggi3uy9pgqe1w7w"},"id":"iq73p5gdadel7vm","previousOperationId":"kdft01l523d4755"}
{"type":"log","timestamp":1725247005704,"level":"debug","message":"Page request finished: GET (script) 200 https://cdn.tailwindcss.com/3.4.5","meta":{"rootId":"ggi3uy9pgqe1w7w","id":"ggi3uy9pgqe1w7w"},"id":"w1pqxr5ahicvkp0","previousOperationId":"kdft01l523d4755"}
{"type":"log","timestamp":1725247005741,"level":"debug","message":"(console:warn) cdn.tailwindcss.com should not be used in production. To use Tailwind CSS in production, install it as a PostCSS plugin or use the Tailwind CLI: https://tailwindcss.com/docs/installation","meta":{"userLevel":true,"rootId":"ggi3uy9pgqe1w7w","id":"ggi3uy9pgqe1w7w"},"id":"imm8g6saxrtny80","previousOperationId":"kdft01l523d4755"}
{"type":"log","timestamp":1725247005831,"level":"debug","message":"Running chrome with params {\"printBackground\":true,\"format\":\"A4\",\"marginTop\":\"1cm\",\"marginBottom\":\"2cm\",\"timeout\":59939,\"margin\":{\"top\":\"1cm\",\"bottom\":\"2cm\"}}","meta":{"rootId":"ggi3uy9pgqe1w7w","id":"ggi3uy9pgqe1w7w"},"id":"lu44b3ntn38lo9i","previousOperationId":"kdft01l523d4755"}
{"type":"operationEnd","operationId":"kdft01l523d4755","timestamp":1725247005880,"id":"tvclscfms5oqqvm","previousEventId":"kjkwswq20y3rcrm","previousOperationId":"kdft01l523d4755"}
{"type":"log","timestamp":1725247005880,"level":"debug","message":"Skipping storing report.","meta":{"rootId":"ggi3uy9pgqe1w7w","id":"ggi3uy9pgqe1w7w"},"id":"hiou7m2jt6r0bt1","previousOperationId":"kdft01l523d4755"}
{"type":"log","timestamp":1725247005880,"level":"info","message":"Rendering request 9 finished in 528 ms","meta":{"rootId":"ggi3uy9pgqe1w7w","id":"ggi3uy9pgqe1w7w"},"id":"w086qzfkm2z05rx","previousOperationId":"kdft01l523d4755"}
{"type":"operationEnd","subtype":"render","operationId":"0nf2gknseyr46s3","timestamp":1725247005880,"id":"84t91exa78imkez","previousEventId":"tvclscfms5oqqvm","previousOperationId":"kdft01l523d4755"}
{"type":"operationEnd","doDiffs":false,"previousEventId":"1qmvuxz3ytu23t3","previousOperationId":"ec7gevxw4buzqok","operationId":"ec7gevxw4buzqok","timestamp":1725247005882,"id":"hld5s241c7i56i1"}
