{"type":"operationStart","subtype":"profile","data":{"_id":"J9ikdQiSj6itZsf4","timestamp":"2024-09-02T03:22:16.332Z","state":"queued","mode":"standard","creationDate":"2024-09-02T03:22:16.333Z","modificationDate":"2024-09-02T03:22:16.333Z","shortid":"2eDrJxn","inheritedReadPermissions":[],"inheritedEditPermissions":[],"$entitySet":"profiles"},"doDiffs":false,"timestamp":1725247336332,"id":"kxssfnaatbpkhmn","previousOperationId":null,"operationId":"m4gmxk3gvek595h"}
{"type":"log","level":"info","message":"Render request 22 queued for execution and waiting for available worker","previousOperationId":"m4gmxk3gvek595h","timestamp":1725247336333,"id":"uu4v042oylap1hk"}
{"type":"operationStart","subtype":"render","name":"chart_templates","previousOperationId":"m4gmxk3gvek595h","timestamp":1725247336338,"id":"96a29cq4v4i0rjj","previousEventId":"kxssfnaatbpkhmn","operationId":"2bq8zyyvktawz9d"}
{"type":"log","timestamp":1725247336338,"level":"info","message":"Starting rendering request 22 (user: admin)","meta":{"rootId":"h5ih0fecmypxyzc","id":"h5ih0fecmypxyzc"},"id":"ihobpqu3q9azie2","previousOperationId":"2bq8zyyvktawz9d"}
{"type":"log","timestamp":1725247336339,"level":"info","message":"Rendering template { name: chart_templates, recipe: chrome-pdf, engine: handlebars, preview: true }","meta":{"rootId":"h5ih0fecmypxyzc","id":"h5ih0fecmypxyzc"},"id":"ds9pxvvr42z05en","previousOperationId":"2bq8zyyvktawz9d"}
{"type":"log","timestamp":1725247336339,"level":"debug","message":"Data item not defined for this template.","meta":{"rootId":"h5ih0fecmypxyzc","id":"h5ih0fecmypxyzc"},"id":"3hugo211mersnbk","previousOperationId":"2bq8zyyvktawz9d"}
{"type":"log","timestamp":1725247336340,"level":"debug","message":"Base url not specified, skipping its injection.","meta":{"rootId":"h5ih0fecmypxyzc","id":"h5ih0fecmypxyzc"},"id":"4yvx65mrnuyjl0n","previousOperationId":"2bq8zyyvktawz9d"}
{"type":"log","timestamp":1725247336347,"level":"debug","message":"Replaced assets [\"KhmerOSSiemreapRegular.ttf\",\"KhmerOSMuolLightRegular.ttf\",\"times_new_roman.ttf\",\"Tacteing.ttf\",\"limons1l.ttf\",\"arial.ttf\",\"/asset/images/draft-km.png\"]","meta":{"rootId":"h5ih0fecmypxyzc","id":"h5ih0fecmypxyzc"},"id":"9srykmt7xzj1c5j","previousOperationId":"2bq8zyyvktawz9d"}
{"type":"operationStart","subtype":"engine","name":"handlebars","timestamp":1725247336348,"id":"ocr0f9s4t0z4qd4","previousEventId":"96a29cq4v4i0rjj","operationId":"mi9eo0uixy8yd8t","previousOperationId":"2bq8zyyvktawz9d"}
{"type":"log","timestamp":1725247336348,"level":"debug","message":"Rendering engine handlebars","meta":{"rootId":"h5ih0fecmypxyzc","id":"h5ih0fecmypxyzc"},"id":"awhvcqk0b8l5d40","previousOperationId":"mi9eo0uixy8yd8t"}
{"type":"operationEnd","operationId":"mi9eo0uixy8yd8t","timestamp":1725247336389,"id":"bilac4o1o7uxcg8","previousEventId":"ocr0f9s4t0z4qd4","previousOperationId":"mi9eo0uixy8yd8t"}
{"type":"operationStart","subtype":"recipe","name":"chrome-pdf","timestamp":1725247336398,"id":"wlchayv0i6pi5fc","previousEventId":"bilac4o1o7uxcg8","operationId":"35m8qev2fggrqav","previousOperationId":"mi9eo0uixy8yd8t"}
{"type":"log","timestamp":1725247336398,"level":"debug","message":"Executing recipe chrome-pdf","meta":{"rootId":"h5ih0fecmypxyzc","id":"h5ih0fecmypxyzc"},"id":"3e344lw37nxodpa","previousOperationId":"35m8qev2fggrqav"}
{"type":"log","timestamp":1725247336404,"level":"debug","message":"Converting with chrome Chrome/127.0.6533.99 using chrome-pool strategy","meta":{"rootId":"h5ih0fecmypxyzc","id":"h5ih0fecmypxyzc"},"id":"iqb7fblixt9x42t","previousOperationId":"35m8qev2fggrqav"}
{"type":"log","timestamp":1725247336455,"level":"debug","message":"Page request: GET (document) file:///C:/Users/shsmo/AppData/Local/Temp/jsreport/autocleanup/9931b0fe-9802-4d2a-b080-0dababb7146c-chrome-pdf.html","meta":{"rootId":"h5ih0fecmypxyzc","id":"h5ih0fecmypxyzc"},"id":"1h7b1pipidxb8pf","previousOperationId":"35m8qev2fggrqav"}
{"type":"log","timestamp":1725247336680,"level":"debug","message":"Page request: GET (stylesheet) https://cdnjs.cloudflare.com/ajax/libs/font-awesome/4.7.0/css/font-awesome.min.css","meta":{"rootId":"h5ih0fecmypxyzc","id":"h5ih0fecmypxyzc"},"id":"aqh8jyt5d1arm6b","previousOperationId":"35m8qev2fggrqav"}
{"type":"log","timestamp":1725247336692,"level":"debug","message":"Page request finished: GET (document) 200 file:///C:/Users/shsmo/AppData/Local/Temp/jsreport/autocleanup/9931b0fe-9802-4d2a-b080-0dababb7146c-chrome-pdf.html","meta":{"rootId":"h5ih0fecmypxyzc","id":"h5ih0fecmypxyzc"},"id":"b9yb5ifi17s6zho","previousOperationId":"35m8qev2fggrqav"}
{"type":"log","timestamp":1725247336694,"level":"debug","message":"Page request finished: GET (stylesheet) 200 https://cdnjs.cloudflare.com/ajax/libs/font-awesome/4.7.0/css/font-awesome.min.css","meta":{"rootId":"h5ih0fecmypxyzc","id":"h5ih0fecmypxyzc"},"id":"ss5m0fi59viapeu","previousOperationId":"35m8qev2fggrqav"}
{"type":"log","timestamp":1725247336711,"level":"debug","message":"Page request: GET (script) https://cdn.tailwindcss.com/","meta":{"rootId":"h5ih0fecmypxyzc","id":"h5ih0fecmypxyzc"},"id":"ao9dgvej8ecwdql","previousOperationId":"35m8qev2fggrqav"}
{"type":"log","timestamp":1725247336711,"level":"debug","message":"Page request: GET (script) https://cdnjs.cloudflare.com/ajax/libs/lodash.js/4.17.11/lodash.min.js","meta":{"rootId":"h5ih0fecmypxyzc","id":"h5ih0fecmypxyzc"},"id":"7rjmj0giovlyi8j","previousOperationId":"35m8qev2fggrqav"}
{"type":"log","timestamp":1725247336712,"level":"debug","message":"Page request: GET (script) https://unpkg.com/chart.js@2.7.3/dist/Chart.min.js","meta":{"rootId":"h5ih0fecmypxyzc","id":"h5ih0fecmypxyzc"},"id":"wtou8zn1u8vcf6v","previousOperationId":"35m8qev2fggrqav"}
{"type":"log","timestamp":1725247336714,"level":"warn","message":"Page request failed: GET (script) 302 https://cdn.tailwindcss.com/ (redirect to: /3.4.5)","meta":{"rootId":"h5ih0fecmypxyzc","id":"h5ih0fecmypxyzc"},"id":"7gycbycif7uj2r8","previousOperationId":"35m8qev2fggrqav"}
{"type":"log","timestamp":1725247336714,"level":"debug","message":"Page request: GET (script) https://cdn.tailwindcss.com/3.4.5 (redirect from: https://cdn.tailwindcss.com/)","meta":{"rootId":"h5ih0fecmypxyzc","id":"h5ih0fecmypxyzc"},"id":"t6n4rlvdtvpsgl5","previousOperationId":"35m8qev2fggrqav"}
{"type":"log","timestamp":1725247336719,"level":"debug","message":"Page request finished: GET (script) 200 https://cdnjs.cloudflare.com/ajax/libs/lodash.js/4.17.11/lodash.min.js","meta":{"rootId":"h5ih0fecmypxyzc","id":"h5ih0fecmypxyzc"},"id":"gf0ixkpfris49ek","previousOperationId":"35m8qev2fggrqav"}
{"type":"log","timestamp":1725247336721,"level":"debug","message":"Page request finished: GET (script) 200 https://unpkg.com/chart.js@2.7.3/dist/Chart.min.js","meta":{"rootId":"h5ih0fecmypxyzc","id":"h5ih0fecmypxyzc"},"id":"3olklxbyxidcjam","previousOperationId":"35m8qev2fggrqav"}
{"type":"log","timestamp":1725247336733,"level":"debug","message":"Page request finished: GET (script) 200 https://cdn.tailwindcss.com/3.4.5","meta":{"rootId":"h5ih0fecmypxyzc","id":"h5ih0fecmypxyzc"},"id":"pp3uki3y3qbux4y","previousOperationId":"35m8qev2fggrqav"}
{"type":"log","timestamp":1725247336773,"level":"debug","message":"(console:warn) cdn.tailwindcss.com should not be used in production. To use Tailwind CSS in production, install it as a PostCSS plugin or use the Tailwind CLI: https://tailwindcss.com/docs/installation","meta":{"userLevel":true,"rootId":"h5ih0fecmypxyzc","id":"h5ih0fecmypxyzc"},"id":"q5ujyx8b0kidcvi","previousOperationId":"35m8qev2fggrqav"}
{"type":"log","timestamp":1725247336840,"level":"warn","message":"Page error: Unexpected token '<' , stack: SyntaxError: Unexpected token '<'","meta":{"rootId":"h5ih0fecmypxyzc","id":"h5ih0fecmypxyzc"},"id":"5mmuxuwi1jme1yu","previousOperationId":"35m8qev2fggrqav"}
{"type":"log","timestamp":1725247336842,"level":"debug","message":"Running chrome with params {\"printBackground\":true,\"format\":\"A4\",\"marginTop\":\"1cm\",\"marginBottom\":\"2cm\",\"timeout\":59929,\"margin\":{\"top\":\"1cm\",\"bottom\":\"2cm\"}}","meta":{"rootId":"h5ih0fecmypxyzc","id":"h5ih0fecmypxyzc"},"id":"wmrqzl0sm5qe8dk","previousOperationId":"35m8qev2fggrqav"}
{"type":"operationEnd","operationId":"35m8qev2fggrqav","timestamp":1725247336889,"id":"qzahpqq2zb2lxn2","previousEventId":"wlchayv0i6pi5fc","previousOperationId":"35m8qev2fggrqav"}
{"type":"log","timestamp":1725247336889,"level":"debug","message":"Skipping storing report.","meta":{"rootId":"h5ih0fecmypxyzc","id":"h5ih0fecmypxyzc"},"id":"4nzb5cnkaddtkqm","previousOperationId":"35m8qev2fggrqav"}
{"type":"log","timestamp":1725247336889,"level":"info","message":"Rendering request 22 finished in 557 ms","meta":{"rootId":"h5ih0fecmypxyzc","id":"h5ih0fecmypxyzc"},"id":"2218jpyweuujb8a","previousOperationId":"35m8qev2fggrqav"}
{"type":"operationEnd","subtype":"render","operationId":"2bq8zyyvktawz9d","timestamp":1725247336889,"id":"kksox9hvxh9d8q4","previousEventId":"qzahpqq2zb2lxn2","previousOperationId":"35m8qev2fggrqav"}
{"type":"operationEnd","doDiffs":false,"previousEventId":"kxssfnaatbpkhmn","previousOperationId":"m4gmxk3gvek595h","operationId":"m4gmxk3gvek595h","timestamp":1725247336891,"id":"tn0rv329x5fsswo"}
