{"type":"operationStart","subtype":"profile","data":{"_id":"lmItf1JZvxFiRcRK","timestamp":"2024-09-02T03:33:05.366Z","state":"queued","mode":"standard","creationDate":"2024-09-02T03:33:05.367Z","modificationDate":"2024-09-02T03:33:05.367Z","shortid":"TMzuwye","inheritedReadPermissions":[],"inheritedEditPermissions":[],"$entitySet":"profiles"},"doDiffs":false,"timestamp":1725247985367,"id":"pfin5kx4brgty2s","previousOperationId":null,"operationId":"pm9d00sybdyysnl"}
{"type":"log","level":"info","message":"Render request 44 queued for execution and waiting for available worker","previousOperationId":"pm9d00sybdyysnl","timestamp":1725247985367,"id":"l79o75n5q6qyf14"}
{"type":"operationStart","subtype":"render","name":"chart_templates","previousOperationId":"pm9d00sybdyysnl","timestamp":1725247985373,"id":"yl0zlgbga8r2ue9","previousEventId":"pfin5kx4brgty2s","operationId":"ggq5dcqeyfolpfb"}
{"type":"log","timestamp":1725247985373,"level":"info","message":"Starting rendering request 44 (user: admin)","meta":{"rootId":"j051nf54u1ihoqw","id":"j051nf54u1ihoqw"},"id":"5gt4u6mufpyddeh","previousOperationId":"ggq5dcqeyfolpfb"}
{"type":"log","timestamp":1725247985373,"level":"info","message":"Rendering template { name: chart_templates, recipe: chrome-pdf, engine: handlebars, preview: true }","meta":{"rootId":"j051nf54u1ihoqw","id":"j051nf54u1ihoqw"},"id":"mvealpy3t5e624y","previousOperationId":"ggq5dcqeyfolpfb"}
{"type":"log","timestamp":1725247985373,"level":"debug","message":"Data item not defined for this template.","meta":{"rootId":"j051nf54u1ihoqw","id":"j051nf54u1ihoqw"},"id":"ff73t21gwgxq1dd","previousOperationId":"ggq5dcqeyfolpfb"}
{"type":"log","timestamp":1725247985375,"level":"debug","message":"Base url not specified, skipping its injection.","meta":{"rootId":"j051nf54u1ihoqw","id":"j051nf54u1ihoqw"},"id":"390ij3vwj2nsngw","previousOperationId":"ggq5dcqeyfolpfb"}
{"type":"log","timestamp":1725247985382,"level":"debug","message":"Replaced assets [\"KhmerOSSiemreapRegular.ttf\",\"KhmerOSMuolLightRegular.ttf\",\"times_new_roman.ttf\",\"Tacteing.ttf\",\"limons1l.ttf\",\"arial.ttf\",\"/asset/images/draft-km.png\"]","meta":{"rootId":"j051nf54u1ihoqw","id":"j051nf54u1ihoqw"},"id":"y7t89iap95uhs6k","previousOperationId":"ggq5dcqeyfolpfb"}
{"type":"operationStart","subtype":"engine","name":"handlebars","timestamp":1725247985383,"id":"ts4ir98lp65u2ko","previousEventId":"yl0zlgbga8r2ue9","operationId":"gr2wvu2bjkq4fgj","previousOperationId":"ggq5dcqeyfolpfb"}
{"type":"log","timestamp":1725247985383,"level":"debug","message":"Rendering engine handlebars","meta":{"rootId":"j051nf54u1ihoqw","id":"j051nf54u1ihoqw"},"id":"i2bkbaqrtal3xja","previousOperationId":"gr2wvu2bjkq4fgj"}
{"type":"operationEnd","operationId":"gr2wvu2bjkq4fgj","timestamp":1725247985412,"id":"e3a1o9jkfkwby8a","previousEventId":"ts4ir98lp65u2ko","previousOperationId":"gr2wvu2bjkq4fgj"}
{"type":"operationStart","subtype":"recipe","name":"chrome-pdf","timestamp":1725247985423,"id":"n07ckgfi336ugmd","previousEventId":"e3a1o9jkfkwby8a","operationId":"jq17t1fhvtejhng","previousOperationId":"gr2wvu2bjkq4fgj"}
{"type":"log","timestamp":1725247985424,"level":"debug","message":"Executing recipe chrome-pdf","meta":{"rootId":"j051nf54u1ihoqw","id":"j051nf54u1ihoqw"},"id":"k0z9c3j7r76pipk","previousOperationId":"jq17t1fhvtejhng"}
{"type":"log","timestamp":1725247985428,"level":"debug","message":"Converting with chrome Chrome/127.0.6533.99 using chrome-pool strategy","meta":{"rootId":"j051nf54u1ihoqw","id":"j051nf54u1ihoqw"},"id":"79r6holx0bknuys","previousOperationId":"jq17t1fhvtejhng"}
{"type":"log","timestamp":1725247985477,"level":"debug","message":"Page request: GET (document) file:///C:/Users/shsmo/AppData/Local/Temp/jsreport/autocleanup/ac5233e2-131b-421a-ac6c-22f3580e65f2-chrome-pdf.html","meta":{"rootId":"j051nf54u1ihoqw","id":"j051nf54u1ihoqw"},"id":"sbsl8spjq4mghie","previousOperationId":"jq17t1fhvtejhng"}
{"type":"log","timestamp":1725247985719,"level":"debug","message":"Page request: GET (stylesheet) https://cdnjs.cloudflare.com/ajax/libs/font-awesome/4.7.0/css/font-awesome.min.css","meta":{"rootId":"j051nf54u1ihoqw","id":"j051nf54u1ihoqw"},"id":"hvrbopezzorarn7","previousOperationId":"jq17t1fhvtejhng"}
{"type":"log","timestamp":1725247985727,"level":"debug","message":"Page request finished: GET (stylesheet) 200 https://cdnjs.cloudflare.com/ajax/libs/font-awesome/4.7.0/css/font-awesome.min.css","meta":{"rootId":"j051nf54u1ihoqw","id":"j051nf54u1ihoqw"},"id":"je1udbc57w82x03","previousOperationId":"jq17t1fhvtejhng"}
{"type":"log","timestamp":1725247985731,"level":"debug","message":"Page request finished: GET (document) 200 file:///C:/Users/shsmo/AppData/Local/Temp/jsreport/autocleanup/ac5233e2-131b-421a-ac6c-22f3580e65f2-chrome-pdf.html","meta":{"rootId":"j051nf54u1ihoqw","id":"j051nf54u1ihoqw"},"id":"1groyykkwiunzai","previousOperationId":"jq17t1fhvtejhng"}
{"type":"log","timestamp":1725247985747,"level":"debug","message":"Page request: GET (script) https://cdn.tailwindcss.com/","meta":{"rootId":"j051nf54u1ihoqw","id":"j051nf54u1ihoqw"},"id":"3tgch2hml274ubs","previousOperationId":"jq17t1fhvtejhng"}
{"type":"log","timestamp":1725247985747,"level":"debug","message":"Page request: GET (script) https://cdnjs.cloudflare.com/ajax/libs/lodash.js/4.17.11/lodash.min.js","meta":{"rootId":"j051nf54u1ihoqw","id":"j051nf54u1ihoqw"},"id":"tiep0x92g7trjwm","previousOperationId":"jq17t1fhvtejhng"}
{"type":"log","timestamp":1725247985748,"level":"debug","message":"Page request: GET (script) https://unpkg.com/chart.js@2.7.3/dist/Chart.min.js","meta":{"rootId":"j051nf54u1ihoqw","id":"j051nf54u1ihoqw"},"id":"2fxwcdaampqhyt3","previousOperationId":"jq17t1fhvtejhng"}
{"type":"log","timestamp":1725247985751,"level":"warn","message":"Page request failed: GET (script) 302 https://cdn.tailwindcss.com/ (redirect to: /3.4.5)","meta":{"rootId":"j051nf54u1ihoqw","id":"j051nf54u1ihoqw"},"id":"8rq7ituedexjwqy","previousOperationId":"jq17t1fhvtejhng"}
{"type":"log","timestamp":1725247985751,"level":"debug","message":"Page request: GET (script) https://cdn.tailwindcss.com/3.4.5 (redirect from: https://cdn.tailwindcss.com/)","meta":{"rootId":"j051nf54u1ihoqw","id":"j051nf54u1ihoqw"},"id":"6og1symxvmdgl8x","previousOperationId":"jq17t1fhvtejhng"}
{"type":"log","timestamp":1725247985754,"level":"debug","message":"Page request finished: GET (script) 200 https://cdnjs.cloudflare.com/ajax/libs/lodash.js/4.17.11/lodash.min.js","meta":{"rootId":"j051nf54u1ihoqw","id":"j051nf54u1ihoqw"},"id":"m9vk9e01jt9d6ws","previousOperationId":"jq17t1fhvtejhng"}
{"type":"log","timestamp":1725247985755,"level":"debug","message":"Page request finished: GET (script) 200 https://unpkg.com/chart.js@2.7.3/dist/Chart.min.js","meta":{"rootId":"j051nf54u1ihoqw","id":"j051nf54u1ihoqw"},"id":"gi6eu1u9pi1n5v3","previousOperationId":"jq17t1fhvtejhng"}
{"type":"log","timestamp":1725247985765,"level":"debug","message":"Page request finished: GET (script) 200 https://cdn.tailwindcss.com/3.4.5","meta":{"rootId":"j051nf54u1ihoqw","id":"j051nf54u1ihoqw"},"id":"r3qwn2o5yg0syep","previousOperationId":"jq17t1fhvtejhng"}
{"type":"log","timestamp":1725247985799,"level":"debug","message":"(console:warn) cdn.tailwindcss.com should not be used in production. To use Tailwind CSS in production, install it as a PostCSS plugin or use the Tailwind CLI: https://tailwindcss.com/docs/installation","meta":{"userLevel":true,"rootId":"j051nf54u1ihoqw","id":"j051nf54u1ihoqw"},"id":"yip1awc64v94mkq","previousOperationId":"jq17t1fhvtejhng"}
{"type":"log","timestamp":1725247985886,"level":"debug","message":"Running chrome with params {\"printBackground\":true,\"format\":\"A4\",\"marginTop\":\"1cm\",\"marginBottom\":\"2cm\",\"timeout\":59939,\"margin\":{\"top\":\"1cm\",\"bottom\":\"2cm\"}}","meta":{"rootId":"j051nf54u1ihoqw","id":"j051nf54u1ihoqw"},"id":"mppniubozbwm816","previousOperationId":"jq17t1fhvtejhng"}
{"type":"operationEnd","operationId":"jq17t1fhvtejhng","timestamp":1725247985983,"id":"md9alp3bvvrp3i7","previousEventId":"n07ckgfi336ugmd","previousOperationId":"jq17t1fhvtejhng"}
{"type":"log","timestamp":1725247985983,"level":"debug","message":"Skipping storing report.","meta":{"rootId":"j051nf54u1ihoqw","id":"j051nf54u1ihoqw"},"id":"sglgde8n3q8dpht","previousOperationId":"jq17t1fhvtejhng"}
{"type":"log","timestamp":1725247985983,"level":"info","message":"Rendering request 44 finished in 617 ms","meta":{"rootId":"j051nf54u1ihoqw","id":"j051nf54u1ihoqw"},"id":"h9mvdwz8wnvtoop","previousOperationId":"jq17t1fhvtejhng"}
{"type":"operationEnd","subtype":"render","operationId":"ggq5dcqeyfolpfb","timestamp":1725247985983,"id":"s4zv9oxh86t2fbt","previousEventId":"md9alp3bvvrp3i7","previousOperationId":"jq17t1fhvtejhng"}
{"type":"operationEnd","doDiffs":false,"previousEventId":"pfin5kx4brgty2s","previousOperationId":"pm9d00sybdyysnl","operationId":"pm9d00sybdyysnl","timestamp":1725247985985,"id":"2en2s243h43rhkc"}
