{"type":"operationStart","subtype":"profile","data":{"_id":"7BYaabrJ8GmqydxY","timestamp":"2024-09-02T03:23:30.181Z","state":"queued","mode":"standard","creationDate":"2024-09-02T03:23:30.183Z","modificationDate":"2024-09-02T03:23:30.183Z","shortid":"fd5Um2b","inheritedReadPermissions":[],"inheritedEditPermissions":[],"$entitySet":"profiles"},"doDiffs":false,"timestamp":1725247410182,"id":"qfk41oj4o64hmkk","previousOperationId":null,"operationId":"btdq2oxg9bq0h5x"}
{"type":"log","level":"info","message":"Render request 27 queued for execution and waiting for available worker","previousOperationId":"btdq2oxg9bq0h5x","timestamp":1725247410182,"id":"j1lwon4caps72jc"}
{"type":"operationStart","subtype":"render","name":"chart_templates","previousOperationId":"btdq2oxg9bq0h5x","timestamp":1725247410190,"id":"qsdzdxrr4xwyi57","previousEventId":"qfk41oj4o64hmkk","operationId":"zzjrsorvq4m63y4"}
{"type":"log","timestamp":1725247410190,"level":"info","message":"Starting rendering request 27 (user: admin)","meta":{"rootId":"j7ove1t0ubs7p9y","id":"j7ove1t0ubs7p9y"},"id":"z81qmtem2n2cmyn","previousOperationId":"zzjrsorvq4m63y4"}
{"type":"log","timestamp":1725247410190,"level":"info","message":"Rendering template { name: chart_templates, recipe: chrome-pdf, engine: handlebars, preview: true }","meta":{"rootId":"j7ove1t0ubs7p9y","id":"j7ove1t0ubs7p9y"},"id":"qkxiucwelb06yfr","previousOperationId":"zzjrsorvq4m63y4"}
{"type":"log","timestamp":1725247410191,"level":"debug","message":"Data item not defined for this template.","meta":{"rootId":"j7ove1t0ubs7p9y","id":"j7ove1t0ubs7p9y"},"id":"xjc8v1epfe0m680","previousOperationId":"zzjrsorvq4m63y4"}
{"type":"log","timestamp":1725247410192,"level":"debug","message":"Base url not specified, skipping its injection.","meta":{"rootId":"j7ove1t0ubs7p9y","id":"j7ove1t0ubs7p9y"},"id":"7o7gp5qfuxxm2n5","previousOperationId":"zzjrsorvq4m63y4"}
{"type":"log","timestamp":1725247410199,"level":"debug","message":"Replaced assets [\"KhmerOSSiemreapRegular.ttf\",\"KhmerOSMuolLightRegular.ttf\",\"times_new_roman.ttf\",\"Tacteing.ttf\",\"limons1l.ttf\",\"arial.ttf\",\"/asset/images/draft-km.png\"]","meta":{"rootId":"j7ove1t0ubs7p9y","id":"j7ove1t0ubs7p9y"},"id":"mmvudc4wu93gdut","previousOperationId":"zzjrsorvq4m63y4"}
{"type":"operationStart","subtype":"engine","name":"handlebars","timestamp":1725247410200,"id":"mk44be3ozms38gg","previousEventId":"qsdzdxrr4xwyi57","operationId":"5c42a4w5j0eu3ht","previousOperationId":"zzjrsorvq4m63y4"}
{"type":"log","timestamp":1725247410200,"level":"debug","message":"Rendering engine handlebars","meta":{"rootId":"j7ove1t0ubs7p9y","id":"j7ove1t0ubs7p9y"},"id":"bkliwfg114j475r","previousOperationId":"5c42a4w5j0eu3ht"}
{"type":"operationEnd","operationId":"5c42a4w5j0eu3ht","timestamp":1725247410236,"id":"ktblah7cke58v9k","previousEventId":"mk44be3ozms38gg","previousOperationId":"5c42a4w5j0eu3ht"}
{"type":"operationStart","subtype":"recipe","name":"chrome-pdf","timestamp":1725247410248,"id":"3sw745vtm5l4hd6","previousEventId":"ktblah7cke58v9k","operationId":"znvcs4sd3h85vin","previousOperationId":"5c42a4w5j0eu3ht"}
{"type":"log","timestamp":1725247410248,"level":"debug","message":"Executing recipe chrome-pdf","meta":{"rootId":"j7ove1t0ubs7p9y","id":"j7ove1t0ubs7p9y"},"id":"okctuczpiuqgjpx","previousOperationId":"znvcs4sd3h85vin"}
{"type":"log","timestamp":1725247410253,"level":"debug","message":"Converting with chrome Chrome/127.0.6533.99 using chrome-pool strategy","meta":{"rootId":"j7ove1t0ubs7p9y","id":"j7ove1t0ubs7p9y"},"id":"qwld4dosoyx17jh","previousOperationId":"znvcs4sd3h85vin"}
{"type":"log","timestamp":1725247410305,"level":"debug","message":"Page request: GET (document) file:///C:/Users/shsmo/AppData/Local/Temp/jsreport/autocleanup/a28076d6-ca23-4663-a7b2-afd3482f46b9-chrome-pdf.html","meta":{"rootId":"j7ove1t0ubs7p9y","id":"j7ove1t0ubs7p9y"},"id":"dgvoc1ru6e4y7e7","previousOperationId":"znvcs4sd3h85vin"}
{"type":"log","timestamp":1725247410518,"level":"debug","message":"Page request: GET (stylesheet) https://cdnjs.cloudflare.com/ajax/libs/font-awesome/4.7.0/css/font-awesome.min.css","meta":{"rootId":"j7ove1t0ubs7p9y","id":"j7ove1t0ubs7p9y"},"id":"lfraxho1ltw9vv8","previousOperationId":"znvcs4sd3h85vin"}
{"type":"log","timestamp":1725247410528,"level":"debug","message":"Page request finished: GET (document) 200 file:///C:/Users/shsmo/AppData/Local/Temp/jsreport/autocleanup/a28076d6-ca23-4663-a7b2-afd3482f46b9-chrome-pdf.html","meta":{"rootId":"j7ove1t0ubs7p9y","id":"j7ove1t0ubs7p9y"},"id":"rf2yrknxhejygbh","previousOperationId":"znvcs4sd3h85vin"}
{"type":"log","timestamp":1725247410529,"level":"debug","message":"Page request finished: GET (stylesheet) 200 https://cdnjs.cloudflare.com/ajax/libs/font-awesome/4.7.0/css/font-awesome.min.css","meta":{"rootId":"j7ove1t0ubs7p9y","id":"j7ove1t0ubs7p9y"},"id":"29xu5r6nwdq0rzh","previousOperationId":"znvcs4sd3h85vin"}
{"type":"log","timestamp":1725247410546,"level":"debug","message":"Page request: GET (script) https://cdn.tailwindcss.com/","meta":{"rootId":"j7ove1t0ubs7p9y","id":"j7ove1t0ubs7p9y"},"id":"63s1oloncfdh2si","previousOperationId":"znvcs4sd3h85vin"}
{"type":"log","timestamp":1725247410546,"level":"debug","message":"Page request: GET (script) https://cdnjs.cloudflare.com/ajax/libs/lodash.js/4.17.11/lodash.min.js","meta":{"rootId":"j7ove1t0ubs7p9y","id":"j7ove1t0ubs7p9y"},"id":"6d1pml3aumx7su4","previousOperationId":"znvcs4sd3h85vin"}
{"type":"log","timestamp":1725247410546,"level":"debug","message":"Page request: GET (script) https://unpkg.com/chart.js@2.7.3/dist/Chart.min.js","meta":{"rootId":"j7ove1t0ubs7p9y","id":"j7ove1t0ubs7p9y"},"id":"b9hunqe2xgjczit","previousOperationId":"znvcs4sd3h85vin"}
{"type":"log","timestamp":1725247410550,"level":"warn","message":"Page request failed: GET (script) 302 https://cdn.tailwindcss.com/ (redirect to: /3.4.5)","meta":{"rootId":"j7ove1t0ubs7p9y","id":"j7ove1t0ubs7p9y"},"id":"julpiawx38jhqhd","previousOperationId":"znvcs4sd3h85vin"}
{"type":"log","timestamp":1725247410550,"level":"debug","message":"Page request: GET (script) https://cdn.tailwindcss.com/3.4.5 (redirect from: https://cdn.tailwindcss.com/)","meta":{"rootId":"j7ove1t0ubs7p9y","id":"j7ove1t0ubs7p9y"},"id":"rsh74s6sgxaxhhf","previousOperationId":"znvcs4sd3h85vin"}
{"type":"log","timestamp":1725247410554,"level":"debug","message":"Page request finished: GET (script) 200 https://cdnjs.cloudflare.com/ajax/libs/lodash.js/4.17.11/lodash.min.js","meta":{"rootId":"j7ove1t0ubs7p9y","id":"j7ove1t0ubs7p9y"},"id":"qi68v8x0htkjjyi","previousOperationId":"znvcs4sd3h85vin"}
{"type":"log","timestamp":1725247410555,"level":"debug","message":"Page request finished: GET (script) 200 https://unpkg.com/chart.js@2.7.3/dist/Chart.min.js","meta":{"rootId":"j7ove1t0ubs7p9y","id":"j7ove1t0ubs7p9y"},"id":"pbb5u6j0u0pbd7x","previousOperationId":"znvcs4sd3h85vin"}
{"type":"log","timestamp":1725247410566,"level":"debug","message":"Page request finished: GET (script) 200 https://cdn.tailwindcss.com/3.4.5","meta":{"rootId":"j7ove1t0ubs7p9y","id":"j7ove1t0ubs7p9y"},"id":"9alwzul58ei4dle","previousOperationId":"znvcs4sd3h85vin"}
{"type":"log","timestamp":1725247410604,"level":"debug","message":"(console:warn) cdn.tailwindcss.com should not be used in production. To use Tailwind CSS in production, install it as a PostCSS plugin or use the Tailwind CLI: https://tailwindcss.com/docs/installation","meta":{"userLevel":true,"rootId":"j7ove1t0ubs7p9y","id":"j7ove1t0ubs7p9y"},"id":"yajrt5ebvq1iraa","previousOperationId":"znvcs4sd3h85vin"}
{"type":"log","timestamp":1725247410677,"level":"warn","message":"Page error: Unexpected token ',' , stack: SyntaxError: Unexpected token ','","meta":{"rootId":"j7ove1t0ubs7p9y","id":"j7ove1t0ubs7p9y"},"id":"9yb4vaonvtrbsq7","previousOperationId":"znvcs4sd3h85vin"}
{"type":"log","timestamp":1725247410679,"level":"debug","message":"Running chrome with params {\"printBackground\":true,\"format\":\"A4\",\"marginTop\":\"1cm\",\"marginBottom\":\"2cm\",\"timeout\":59929,\"margin\":{\"top\":\"1cm\",\"bottom\":\"2cm\"}}","meta":{"rootId":"j7ove1t0ubs7p9y","id":"j7ove1t0ubs7p9y"},"id":"b57eageem91f3lw","previousOperationId":"znvcs4sd3h85vin"}
{"type":"operationEnd","operationId":"znvcs4sd3h85vin","timestamp":1725247410722,"id":"yl5v9qdfhrkcafs","previousEventId":"3sw745vtm5l4hd6","previousOperationId":"znvcs4sd3h85vin"}
{"type":"log","timestamp":1725247410722,"level":"debug","message":"Skipping storing report.","meta":{"rootId":"j7ove1t0ubs7p9y","id":"j7ove1t0ubs7p9y"},"id":"cr1kw0ucqgkkyha","previousOperationId":"znvcs4sd3h85vin"}
{"type":"log","timestamp":1725247410722,"level":"info","message":"Rendering request 27 finished in 541 ms","meta":{"rootId":"j7ove1t0ubs7p9y","id":"j7ove1t0ubs7p9y"},"id":"tz3ehtzkvkqmfnh","previousOperationId":"znvcs4sd3h85vin"}
{"type":"operationEnd","subtype":"render","operationId":"zzjrsorvq4m63y4","timestamp":1725247410722,"id":"pje6q6v90e2phqo","previousEventId":"yl5v9qdfhrkcafs","previousOperationId":"znvcs4sd3h85vin"}
{"type":"operationEnd","doDiffs":false,"previousEventId":"qfk41oj4o64hmkk","previousOperationId":"btdq2oxg9bq0h5x","operationId":"btdq2oxg9bq0h5x","timestamp":1725247410725,"id":"06nkzikku0no2yn"}
