{"type":"operationStart","subtype":"profile","data":{"_id":"LDjhx70G28Q82Ft8","timestamp":"2024-09-02T03:32:52.393Z","state":"queued","mode":"standard","creationDate":"2024-09-02T03:32:52.395Z","modificationDate":"2024-09-02T03:32:52.395Z","shortid":"TbSUPj2","inheritedReadPermissions":[],"inheritedEditPermissions":[],"$entitySet":"profiles"},"doDiffs":false,"timestamp":1725247972394,"id":"df6nsejgzutn4fu","previousOperationId":null,"operationId":"sym5nmszv4aezah"}
{"type":"log","level":"info","message":"Render request 43 queued for execution and waiting for available worker","previousOperationId":"sym5nmszv4aezah","timestamp":1725247972394,"id":"rjflpwatkv9xvjc"}
{"type":"operationStart","subtype":"render","name":"chart_templates","previousOperationId":"sym5nmszv4aezah","timestamp":1725247972400,"id":"94qmq5vfmxixv4c","previousEventId":"df6nsejgzutn4fu","operationId":"out5ejq51sfht8v"}
{"type":"log","timestamp":1725247972400,"level":"info","message":"Starting rendering request 43 (user: admin)","meta":{"rootId":"jefod7hbkvr7sxp","id":"jefod7hbkvr7sxp"},"id":"4adz5485dtrea30","previousOperationId":"out5ejq51sfht8v"}
{"type":"log","timestamp":1725247972400,"level":"info","message":"Rendering template { name: chart_templates, recipe: chrome-pdf, engine: handlebars, preview: true }","meta":{"rootId":"jefod7hbkvr7sxp","id":"jefod7hbkvr7sxp"},"id":"w9l8p6gh0i4cido","previousOperationId":"out5ejq51sfht8v"}
{"type":"log","timestamp":1725247972401,"level":"debug","message":"Data item not defined for this template.","meta":{"rootId":"jefod7hbkvr7sxp","id":"jefod7hbkvr7sxp"},"id":"od7faf9tarlzuyd","previousOperationId":"out5ejq51sfht8v"}
{"type":"log","timestamp":1725247972402,"level":"debug","message":"Base url not specified, skipping its injection.","meta":{"rootId":"jefod7hbkvr7sxp","id":"jefod7hbkvr7sxp"},"id":"n4kgrtmwck9tj4y","previousOperationId":"out5ejq51sfht8v"}
{"type":"log","timestamp":1725247972408,"level":"debug","message":"Replaced assets [\"KhmerOSSiemreapRegular.ttf\",\"KhmerOSMuolLightRegular.ttf\",\"times_new_roman.ttf\",\"Tacteing.ttf\",\"limons1l.ttf\",\"arial.ttf\",\"/asset/images/draft-km.png\"]","meta":{"rootId":"jefod7hbkvr7sxp","id":"jefod7hbkvr7sxp"},"id":"iohkio0yc3hpzqv","previousOperationId":"out5ejq51sfht8v"}
{"type":"operationStart","subtype":"engine","name":"handlebars","timestamp":1725247972409,"id":"myhmut5re59ghi3","previousEventId":"94qmq5vfmxixv4c","operationId":"b35g39ypakr8v6z","previousOperationId":"out5ejq51sfht8v"}
{"type":"log","timestamp":1725247972409,"level":"debug","message":"Rendering engine handlebars","meta":{"rootId":"jefod7hbkvr7sxp","id":"jefod7hbkvr7sxp"},"id":"d2ww9e34vpgfkpc","previousOperationId":"b35g39ypakr8v6z"}
{"type":"operationEnd","operationId":"b35g39ypakr8v6z","timestamp":1725247972418,"id":"o7wzz0rvzw7nt56","previousEventId":"myhmut5re59ghi3","previousOperationId":"b35g39ypakr8v6z"}
{"type":"operationStart","subtype":"recipe","name":"chrome-pdf","timestamp":1725247972430,"id":"g6bkz0w169slq63","previousEventId":"o7wzz0rvzw7nt56","operationId":"9modp5gg3vs8cr5","previousOperationId":"b35g39ypakr8v6z"}
{"type":"log","timestamp":1725247972430,"level":"debug","message":"Executing recipe chrome-pdf","meta":{"rootId":"jefod7hbkvr7sxp","id":"jefod7hbkvr7sxp"},"id":"vuhhe0v719xtkpz","previousOperationId":"9modp5gg3vs8cr5"}
{"type":"log","timestamp":1725247972434,"level":"debug","message":"Converting with chrome Chrome/127.0.6533.99 using chrome-pool strategy","meta":{"rootId":"jefod7hbkvr7sxp","id":"jefod7hbkvr7sxp"},"id":"9t10rghirfhwboe","previousOperationId":"9modp5gg3vs8cr5"}
{"type":"log","timestamp":1725247972476,"level":"debug","message":"Page request: GET (document) file:///C:/Users/shsmo/AppData/Local/Temp/jsreport/autocleanup/bdb12d54-f602-47bd-a197-f2bb734d40ca-chrome-pdf.html","meta":{"rootId":"jefod7hbkvr7sxp","id":"jefod7hbkvr7sxp"},"id":"lmk2dhp6vuzbo6n","previousOperationId":"9modp5gg3vs8cr5"}
{"type":"log","timestamp":1725247972698,"level":"debug","message":"Page request: GET (stylesheet) https://cdnjs.cloudflare.com/ajax/libs/font-awesome/4.7.0/css/font-awesome.min.css","meta":{"rootId":"jefod7hbkvr7sxp","id":"jefod7hbkvr7sxp"},"id":"0dbbbzajlwtqp7v","previousOperationId":"9modp5gg3vs8cr5"}
{"type":"log","timestamp":1725247972711,"level":"debug","message":"Page request finished: GET (document) 200 file:///C:/Users/shsmo/AppData/Local/Temp/jsreport/autocleanup/bdb12d54-f602-47bd-a197-f2bb734d40ca-chrome-pdf.html","meta":{"rootId":"jefod7hbkvr7sxp","id":"jefod7hbkvr7sxp"},"id":"0nlesbm1eaoo4ok","previousOperationId":"9modp5gg3vs8cr5"}
{"type":"log","timestamp":1725247972712,"level":"debug","message":"Page request finished: GET (stylesheet) 200 https://cdnjs.cloudflare.com/ajax/libs/font-awesome/4.7.0/css/font-awesome.min.css","meta":{"rootId":"jefod7hbkvr7sxp","id":"jefod7hbkvr7sxp"},"id":"eqc8cjgh8spjruy","previousOperationId":"9modp5gg3vs8cr5"}
{"type":"log","timestamp":1725247972731,"level":"debug","message":"Page request: GET (script) https://cdn.tailwindcss.com/","meta":{"rootId":"jefod7hbkvr7sxp","id":"jefod7hbkvr7sxp"},"id":"vf26nydva28mfvi","previousOperationId":"9modp5gg3vs8cr5"}
{"type":"log","timestamp":1725247972731,"level":"debug","message":"Page request: GET (script) https://cdnjs.cloudflare.com/ajax/libs/lodash.js/4.17.11/lodash.min.js","meta":{"rootId":"jefod7hbkvr7sxp","id":"jefod7hbkvr7sxp"},"id":"3n6zpkt4xqm8m96","previousOperationId":"9modp5gg3vs8cr5"}
{"type":"log","timestamp":1725247972731,"level":"debug","message":"Page request: GET (script) https://unpkg.com/chart.js@2.7.3/dist/Chart.min.js","meta":{"rootId":"jefod7hbkvr7sxp","id":"jefod7hbkvr7sxp"},"id":"kwcn0komw6myvz1","previousOperationId":"9modp5gg3vs8cr5"}
{"type":"log","timestamp":1725247972734,"level":"warn","message":"Page request failed: GET (script) 302 https://cdn.tailwindcss.com/ (redirect to: /3.4.5)","meta":{"rootId":"jefod7hbkvr7sxp","id":"jefod7hbkvr7sxp"},"id":"455gz3y6ved0bly","previousOperationId":"9modp5gg3vs8cr5"}
{"type":"log","timestamp":1725247972735,"level":"debug","message":"Page request: GET (script) https://cdn.tailwindcss.com/3.4.5 (redirect from: https://cdn.tailwindcss.com/)","meta":{"rootId":"jefod7hbkvr7sxp","id":"jefod7hbkvr7sxp"},"id":"trh8bcuu77c0en9","previousOperationId":"9modp5gg3vs8cr5"}
{"type":"log","timestamp":1725247972738,"level":"debug","message":"Page request finished: GET (script) 200 https://cdnjs.cloudflare.com/ajax/libs/lodash.js/4.17.11/lodash.min.js","meta":{"rootId":"jefod7hbkvr7sxp","id":"jefod7hbkvr7sxp"},"id":"459bdfbqxt7fcdr","previousOperationId":"9modp5gg3vs8cr5"}
{"type":"log","timestamp":1725247972740,"level":"debug","message":"Page request finished: GET (script) 200 https://unpkg.com/chart.js@2.7.3/dist/Chart.min.js","meta":{"rootId":"jefod7hbkvr7sxp","id":"jefod7hbkvr7sxp"},"id":"8pcn9qf1hjo9ncs","previousOperationId":"9modp5gg3vs8cr5"}
{"type":"log","timestamp":1725247972751,"level":"debug","message":"Page request finished: GET (script) 200 https://cdn.tailwindcss.com/3.4.5","meta":{"rootId":"jefod7hbkvr7sxp","id":"jefod7hbkvr7sxp"},"id":"n0ur0jhbt3uspdi","previousOperationId":"9modp5gg3vs8cr5"}
{"type":"log","timestamp":1725247972787,"level":"debug","message":"(console:warn) cdn.tailwindcss.com should not be used in production. To use Tailwind CSS in production, install it as a PostCSS plugin or use the Tailwind CLI: https://tailwindcss.com/docs/installation","meta":{"userLevel":true,"rootId":"jefod7hbkvr7sxp","id":"jefod7hbkvr7sxp"},"id":"rf4dmojooozo3jv","previousOperationId":"9modp5gg3vs8cr5"}
{"type":"log","timestamp":1725247972882,"level":"debug","message":"Running chrome with params {\"printBackground\":true,\"format\":\"A4\",\"marginTop\":\"1cm\",\"marginBottom\":\"2cm\",\"timeout\":59959,\"margin\":{\"top\":\"1cm\",\"bottom\":\"2cm\"}}","meta":{"rootId":"jefod7hbkvr7sxp","id":"jefod7hbkvr7sxp"},"id":"3ut46ykrakd4al8","previousOperationId":"9modp5gg3vs8cr5"}
{"type":"operationEnd","operationId":"9modp5gg3vs8cr5","timestamp":1725247972953,"id":"iwatx76xdnvfx41","previousEventId":"g6bkz0w169slq63","previousOperationId":"9modp5gg3vs8cr5"}
{"type":"log","timestamp":1725247972953,"level":"debug","message":"Skipping storing report.","meta":{"rootId":"jefod7hbkvr7sxp","id":"jefod7hbkvr7sxp"},"id":"tzkroh8y4t3cgbd","previousOperationId":"9modp5gg3vs8cr5"}
{"type":"log","timestamp":1725247972953,"level":"info","message":"Rendering request 43 finished in 561 ms","meta":{"rootId":"jefod7hbkvr7sxp","id":"jefod7hbkvr7sxp"},"id":"yr32ff01mhvle5o","previousOperationId":"9modp5gg3vs8cr5"}
{"type":"operationEnd","subtype":"render","operationId":"out5ejq51sfht8v","timestamp":1725247972953,"id":"z05ohp4fuxlq6i8","previousEventId":"iwatx76xdnvfx41","previousOperationId":"9modp5gg3vs8cr5"}
{"type":"operationEnd","doDiffs":false,"previousEventId":"df6nsejgzutn4fu","previousOperationId":"sym5nmszv4aezah","operationId":"sym5nmszv4aezah","timestamp":1725247972954,"id":"qk1lx07rmolr6fl"}
