{"type":"operationStart","subtype":"profile","data":{"_id":"3XIheLGrNqi2MbtL","timestamp":"2024-09-02T03:24:25.683Z","state":"queued","mode":"standard","creationDate":"2024-09-02T03:24:25.684Z","modificationDate":"2024-09-02T03:24:25.684Z","shortid":"3qXTW6z","inheritedReadPermissions":[],"inheritedEditPermissions":[],"$entitySet":"profiles"},"doDiffs":false,"timestamp":1725247465684,"id":"04h89q33asoybkm","previousOperationId":null,"operationId":"r0bs7sn21e346ra"}
{"type":"log","level":"info","message":"Render request 28 queued for execution and waiting for available worker","previousOperationId":"r0bs7sn21e346ra","timestamp":1725247465684,"id":"93ozgcxxus26h27"}
{"type":"operationStart","subtype":"render","name":"chart_templates","previousOperationId":"r0bs7sn21e346ra","timestamp":1725247465691,"id":"n4rd3t9f3l9o8f2","previousEventId":"04h89q33asoybkm","operationId":"s9fyr76jzqb72gg"}
{"type":"log","timestamp":1725247465691,"level":"info","message":"Starting rendering request 28 (user: admin)","meta":{"rootId":"jljn19639i88pvz","id":"jljn19639i88pvz"},"id":"g7s0gcmbcrfvfhf","previousOperationId":"s9fyr76jzqb72gg"}
{"type":"log","timestamp":1725247465691,"level":"info","message":"Rendering template { name: chart_templates, recipe: chrome-pdf, engine: handlebars, preview: true }","meta":{"rootId":"jljn19639i88pvz","id":"jljn19639i88pvz"},"id":"i9wuazj0is0c71t","previousOperationId":"s9fyr76jzqb72gg"}
{"type":"log","timestamp":1725247465692,"level":"debug","message":"Data item not defined for this template.","meta":{"rootId":"jljn19639i88pvz","id":"jljn19639i88pvz"},"id":"y325slxc0l6qyb5","previousOperationId":"s9fyr76jzqb72gg"}
{"type":"log","timestamp":1725247465693,"level":"debug","message":"Base url not specified, skipping its injection.","meta":{"rootId":"jljn19639i88pvz","id":"jljn19639i88pvz"},"id":"43q36b6g8338t0q","previousOperationId":"s9fyr76jzqb72gg"}
{"type":"log","timestamp":1725247465700,"level":"debug","message":"Replaced assets [\"KhmerOSSiemreapRegular.ttf\",\"KhmerOSMuolLightRegular.ttf\",\"times_new_roman.ttf\",\"Tacteing.ttf\",\"limons1l.ttf\",\"arial.ttf\",\"/asset/images/draft-km.png\"]","meta":{"rootId":"jljn19639i88pvz","id":"jljn19639i88pvz"},"id":"ft0m39hra67nxhn","previousOperationId":"s9fyr76jzqb72gg"}
{"type":"operationStart","subtype":"engine","name":"handlebars","timestamp":1725247465700,"id":"5sdj1g7qajb6wcq","previousEventId":"n4rd3t9f3l9o8f2","operationId":"52sta47j2zh0e45","previousOperationId":"s9fyr76jzqb72gg"}
{"type":"log","timestamp":1725247465700,"level":"debug","message":"Rendering engine handlebars","meta":{"rootId":"jljn19639i88pvz","id":"jljn19639i88pvz"},"id":"rtvv73830ssuceu","previousOperationId":"52sta47j2zh0e45"}
{"type":"operationEnd","operationId":"52sta47j2zh0e45","timestamp":1725247465733,"id":"vhe3w9qchpxhw6e","previousEventId":"5sdj1g7qajb6wcq","previousOperationId":"52sta47j2zh0e45"}
{"type":"operationStart","subtype":"recipe","name":"chrome-pdf","timestamp":1725247465744,"id":"wmduc2uzuwr7gmj","previousEventId":"vhe3w9qchpxhw6e","operationId":"796d4vux7n1keqz","previousOperationId":"52sta47j2zh0e45"}
{"type":"log","timestamp":1725247465744,"level":"debug","message":"Executing recipe chrome-pdf","meta":{"rootId":"jljn19639i88pvz","id":"jljn19639i88pvz"},"id":"jj1fwkm2it0y9qn","previousOperationId":"796d4vux7n1keqz"}
{"type":"log","timestamp":1725247465749,"level":"debug","message":"Converting with chrome Chrome/127.0.6533.99 using chrome-pool strategy","meta":{"rootId":"jljn19639i88pvz","id":"jljn19639i88pvz"},"id":"anrgfgb0in1vm6r","previousOperationId":"796d4vux7n1keqz"}
{"type":"log","timestamp":1725247465795,"level":"debug","message":"Page request: GET (document) file:///C:/Users/shsmo/AppData/Local/Temp/jsreport/autocleanup/4928256c-078d-4935-ab16-d577ab45005f-chrome-pdf.html","meta":{"rootId":"jljn19639i88pvz","id":"jljn19639i88pvz"},"id":"cd6evp901ghc1n3","previousOperationId":"796d4vux7n1keqz"}
{"type":"log","timestamp":1725247466025,"level":"debug","message":"Page request: GET (stylesheet) https://cdnjs.cloudflare.com/ajax/libs/font-awesome/4.7.0/css/font-awesome.min.css","meta":{"rootId":"jljn19639i88pvz","id":"jljn19639i88pvz"},"id":"b1kidstgq62qmdl","previousOperationId":"796d4vux7n1keqz"}
{"type":"log","timestamp":1725247466031,"level":"debug","message":"Page request finished: GET (stylesheet) 200 https://cdnjs.cloudflare.com/ajax/libs/font-awesome/4.7.0/css/font-awesome.min.css","meta":{"rootId":"jljn19639i88pvz","id":"jljn19639i88pvz"},"id":"t0auzoid3kao92e","previousOperationId":"796d4vux7n1keqz"}
{"type":"log","timestamp":1725247466037,"level":"debug","message":"Page request finished: GET (document) 200 file:///C:/Users/shsmo/AppData/Local/Temp/jsreport/autocleanup/4928256c-078d-4935-ab16-d577ab45005f-chrome-pdf.html","meta":{"rootId":"jljn19639i88pvz","id":"jljn19639i88pvz"},"id":"dtoedr5qdq7lr5d","previousOperationId":"796d4vux7n1keqz"}
{"type":"log","timestamp":1725247466054,"level":"debug","message":"Page request: GET (script) https://cdn.tailwindcss.com/","meta":{"rootId":"jljn19639i88pvz","id":"jljn19639i88pvz"},"id":"umz38wyba5tkw6v","previousOperationId":"796d4vux7n1keqz"}
{"type":"log","timestamp":1725247466055,"level":"debug","message":"Page request: GET (script) https://cdnjs.cloudflare.com/ajax/libs/lodash.js/4.17.11/lodash.min.js","meta":{"rootId":"jljn19639i88pvz","id":"jljn19639i88pvz"},"id":"4a7dkloapwo8bv1","previousOperationId":"796d4vux7n1keqz"}
{"type":"log","timestamp":1725247466055,"level":"debug","message":"Page request: GET (script) https://unpkg.com/chart.js@2.7.3/dist/Chart.min.js","meta":{"rootId":"jljn19639i88pvz","id":"jljn19639i88pvz"},"id":"xpbuq4z0ys2c1sd","previousOperationId":"796d4vux7n1keqz"}
{"type":"log","timestamp":1725247466059,"level":"warn","message":"Page request failed: GET (script) 302 https://cdn.tailwindcss.com/ (redirect to: /3.4.5)","meta":{"rootId":"jljn19639i88pvz","id":"jljn19639i88pvz"},"id":"c8apvj3sga7coq8","previousOperationId":"796d4vux7n1keqz"}
{"type":"log","timestamp":1725247466059,"level":"debug","message":"Page request: GET (script) https://cdn.tailwindcss.com/3.4.5 (redirect from: https://cdn.tailwindcss.com/)","meta":{"rootId":"jljn19639i88pvz","id":"jljn19639i88pvz"},"id":"umd5q5wklm1878y","previousOperationId":"796d4vux7n1keqz"}
{"type":"log","timestamp":1725247466062,"level":"debug","message":"Page request finished: GET (script) 200 https://cdnjs.cloudflare.com/ajax/libs/lodash.js/4.17.11/lodash.min.js","meta":{"rootId":"jljn19639i88pvz","id":"jljn19639i88pvz"},"id":"ob1n5xzu312y0qy","previousOperationId":"796d4vux7n1keqz"}
{"type":"log","timestamp":1725247466063,"level":"debug","message":"Page request finished: GET (script) 200 https://unpkg.com/chart.js@2.7.3/dist/Chart.min.js","meta":{"rootId":"jljn19639i88pvz","id":"jljn19639i88pvz"},"id":"esuzpr7ofyngf4f","previousOperationId":"796d4vux7n1keqz"}
{"type":"log","timestamp":1725247466075,"level":"debug","message":"Page request finished: GET (script) 200 https://cdn.tailwindcss.com/3.4.5","meta":{"rootId":"jljn19639i88pvz","id":"jljn19639i88pvz"},"id":"uknjv9wd7e9degm","previousOperationId":"796d4vux7n1keqz"}
{"type":"log","timestamp":1725247466117,"level":"debug","message":"(console:warn) cdn.tailwindcss.com should not be used in production. To use Tailwind CSS in production, install it as a PostCSS plugin or use the Tailwind CLI: https://tailwindcss.com/docs/installation","meta":{"userLevel":true,"rootId":"jljn19639i88pvz","id":"jljn19639i88pvz"},"id":"n1ev4gachy8f1dd","previousOperationId":"796d4vux7n1keqz"}
{"type":"log","timestamp":1725247466189,"level":"warn","message":"Page error: Cannot read properties of null (reading 'getContext') , stack: TypeError: Cannot read properties of null (reading 'getContext')\n    at <anonymous> (file:///C:/Users/shsmo/AppData/Local/Temp/jsreport/autocleanup/4928256c-078d-4935-ab16-d577ab45005f-chrome-pdf.html:204:53)","meta":{"rootId":"jljn19639i88pvz","id":"jljn19639i88pvz"},"id":"ktdidrjqg36myld","previousOperationId":"796d4vux7n1keqz"}
{"type":"log","timestamp":1725247466194,"level":"debug","message":"Running chrome with params {\"printBackground\":true,\"format\":\"A4\",\"marginTop\":\"1cm\",\"marginBottom\":\"2cm\",\"timeout\":59936,\"margin\":{\"top\":\"1cm\",\"bottom\":\"2cm\"}}","meta":{"rootId":"jljn19639i88pvz","id":"jljn19639i88pvz"},"id":"tbvbnj5ppcgsfzj","previousOperationId":"796d4vux7n1keqz"}
{"type":"operationEnd","operationId":"796d4vux7n1keqz","timestamp":1725247466241,"id":"n4xp920393p5b62","previousEventId":"wmduc2uzuwr7gmj","previousOperationId":"796d4vux7n1keqz"}
{"type":"log","timestamp":1725247466241,"level":"debug","message":"Skipping storing report.","meta":{"rootId":"jljn19639i88pvz","id":"jljn19639i88pvz"},"id":"dpeeg4yrk4nugcq","previousOperationId":"796d4vux7n1keqz"}
{"type":"log","timestamp":1725247466242,"level":"info","message":"Rendering request 28 finished in 559 ms","meta":{"rootId":"jljn19639i88pvz","id":"jljn19639i88pvz"},"id":"af9kmfwlm3l3a0b","previousOperationId":"796d4vux7n1keqz"}
{"type":"operationEnd","subtype":"render","operationId":"s9fyr76jzqb72gg","timestamp":1725247466242,"id":"x7zdxchp3azdtkk","previousEventId":"n4xp920393p5b62","previousOperationId":"796d4vux7n1keqz"}
{"type":"operationEnd","doDiffs":false,"previousEventId":"04h89q33asoybkm","previousOperationId":"r0bs7sn21e346ra","operationId":"r0bs7sn21e346ra","timestamp":1725247466244,"id":"qn1qh6a1cwgbxff"}
