{"type":"operationStart","subtype":"profile","data":{"_id":"mUY7tXmvxbwfR12y","timestamp":"2024-09-02T03:22:55.816Z","state":"queued","mode":"standard","creationDate":"2024-09-02T03:22:55.818Z","modificationDate":"2024-09-02T03:22:55.818Z","shortid":"L-hdhjl","inheritedReadPermissions":[],"inheritedEditPermissions":[],"$entitySet":"profiles"},"doDiffs":false,"timestamp":1725247375817,"id":"0c2n01z6a0txjg4","previousOperationId":null,"operationId":"lkjpxhq4dljnfgm"}
{"type":"log","level":"info","message":"Render request 25 queued for execution and waiting for available worker","previousOperationId":"lkjpxhq4dljnfgm","timestamp":1725247375818,"id":"uxo8ucvtmf6amaf"}
{"type":"operationStart","subtype":"render","name":"chart_templates","previousOperationId":"lkjpxhq4dljnfgm","timestamp":1725247375828,"id":"rq34sl7fuesg6fe","previousEventId":"0c2n01z6a0txjg4","operationId":"7esi87nortcal3q"}
{"type":"log","timestamp":1725247375828,"level":"info","message":"Starting rendering request 25 (user: admin)","meta":{"rootId":"l27bijfo89zvw4r","id":"l27bijfo89zvw4r"},"id":"w9i2g7b03clj0dl","previousOperationId":"7esi87nortcal3q"}
{"type":"log","timestamp":1725247375828,"level":"info","message":"Rendering template { name: chart_templates, recipe: chrome-pdf, engine: handlebars, preview: true }","meta":{"rootId":"l27bijfo89zvw4r","id":"l27bijfo89zvw4r"},"id":"aym8sx87i99x1k2","previousOperationId":"7esi87nortcal3q"}
{"type":"log","timestamp":1725247375829,"level":"debug","message":"Data item not defined for this template.","meta":{"rootId":"l27bijfo89zvw4r","id":"l27bijfo89zvw4r"},"id":"yer2ehgsm6sw2w1","previousOperationId":"7esi87nortcal3q"}
{"type":"log","timestamp":1725247375830,"level":"debug","message":"Base url not specified, skipping its injection.","meta":{"rootId":"l27bijfo89zvw4r","id":"l27bijfo89zvw4r"},"id":"y91hqvkv8j8rt15","previousOperationId":"7esi87nortcal3q"}
{"type":"log","timestamp":1725247375837,"level":"debug","message":"Replaced assets [\"KhmerOSSiemreapRegular.ttf\",\"KhmerOSMuolLightRegular.ttf\",\"times_new_roman.ttf\",\"Tacteing.ttf\",\"limons1l.ttf\",\"arial.ttf\",\"/asset/images/draft-km.png\"]","meta":{"rootId":"l27bijfo89zvw4r","id":"l27bijfo89zvw4r"},"id":"gme0vv543pobacz","previousOperationId":"7esi87nortcal3q"}
{"type":"operationStart","subtype":"engine","name":"handlebars","timestamp":1725247375838,"id":"4tlastvqwlc0ap9","previousEventId":"rq34sl7fuesg6fe","operationId":"n59ji2czp5xg76s","previousOperationId":"7esi87nortcal3q"}
{"type":"log","timestamp":1725247375838,"level":"debug","message":"Rendering engine handlebars","meta":{"rootId":"l27bijfo89zvw4r","id":"l27bijfo89zvw4r"},"id":"i6uw8gueikylm9u","previousOperationId":"n59ji2czp5xg76s"}
{"type":"operationEnd","operationId":"n59ji2czp5xg76s","timestamp":1725247375873,"id":"g3gfpq8ycxmua51","previousEventId":"4tlastvqwlc0ap9","previousOperationId":"n59ji2czp5xg76s"}
{"type":"operationStart","subtype":"recipe","name":"chrome-pdf","timestamp":1725247375883,"id":"7omnog3046kcslz","previousEventId":"g3gfpq8ycxmua51","operationId":"rgsoe7bqcd7m0k5","previousOperationId":"n59ji2czp5xg76s"}
{"type":"log","timestamp":1725247375883,"level":"debug","message":"Executing recipe chrome-pdf","meta":{"rootId":"l27bijfo89zvw4r","id":"l27bijfo89zvw4r"},"id":"6mgkoxqj8oj6k4u","previousOperationId":"rgsoe7bqcd7m0k5"}
{"type":"log","timestamp":1725247375887,"level":"debug","message":"Converting with chrome Chrome/127.0.6533.99 using chrome-pool strategy","meta":{"rootId":"l27bijfo89zvw4r","id":"l27bijfo89zvw4r"},"id":"p5hlmegvjx51vbd","previousOperationId":"rgsoe7bqcd7m0k5"}
{"type":"log","timestamp":1725247375930,"level":"debug","message":"Page request: GET (document) file:///C:/Users/shsmo/AppData/Local/Temp/jsreport/autocleanup/9ee6902b-f720-4797-bea3-d7449f22006c-chrome-pdf.html","meta":{"rootId":"l27bijfo89zvw4r","id":"l27bijfo89zvw4r"},"id":"zqv4ndwebcw48l7","previousOperationId":"rgsoe7bqcd7m0k5"}
{"type":"log","timestamp":1725247376148,"level":"debug","message":"Page request: GET (stylesheet) https://cdnjs.cloudflare.com/ajax/libs/font-awesome/4.7.0/css/font-awesome.min.css","meta":{"rootId":"l27bijfo89zvw4r","id":"l27bijfo89zvw4r"},"id":"0d601n5teo7zs4t","previousOperationId":"rgsoe7bqcd7m0k5"}
{"type":"log","timestamp":1725247376155,"level":"debug","message":"Page request finished: GET (document) 200 file:///C:/Users/shsmo/AppData/Local/Temp/jsreport/autocleanup/9ee6902b-f720-4797-bea3-d7449f22006c-chrome-pdf.html","meta":{"rootId":"l27bijfo89zvw4r","id":"l27bijfo89zvw4r"},"id":"ta99p1mpmoqe12w","previousOperationId":"rgsoe7bqcd7m0k5"}
{"type":"log","timestamp":1725247376157,"level":"debug","message":"Page request finished: GET (stylesheet) 200 https://cdnjs.cloudflare.com/ajax/libs/font-awesome/4.7.0/css/font-awesome.min.css","meta":{"rootId":"l27bijfo89zvw4r","id":"l27bijfo89zvw4r"},"id":"lmxwk5nz8hx5j9q","previousOperationId":"rgsoe7bqcd7m0k5"}
{"type":"log","timestamp":1725247376175,"level":"debug","message":"Page request: GET (script) https://cdn.tailwindcss.com/","meta":{"rootId":"l27bijfo89zvw4r","id":"l27bijfo89zvw4r"},"id":"xjhn3xurm9j7hsa","previousOperationId":"rgsoe7bqcd7m0k5"}
{"type":"log","timestamp":1725247376175,"level":"debug","message":"Page request: GET (script) https://cdnjs.cloudflare.com/ajax/libs/lodash.js/4.17.11/lodash.min.js","meta":{"rootId":"l27bijfo89zvw4r","id":"l27bijfo89zvw4r"},"id":"hets51qjj5df27w","previousOperationId":"rgsoe7bqcd7m0k5"}
{"type":"log","timestamp":1725247376175,"level":"debug","message":"Page request: GET (script) https://unpkg.com/chart.js@2.7.3/dist/Chart.min.js","meta":{"rootId":"l27bijfo89zvw4r","id":"l27bijfo89zvw4r"},"id":"aj9yhw4wryanz21","previousOperationId":"rgsoe7bqcd7m0k5"}
{"type":"log","timestamp":1725247376178,"level":"warn","message":"Page request failed: GET (script) 302 https://cdn.tailwindcss.com/ (redirect to: /3.4.5)","meta":{"rootId":"l27bijfo89zvw4r","id":"l27bijfo89zvw4r"},"id":"4sqts0j5i5ime79","previousOperationId":"rgsoe7bqcd7m0k5"}
{"type":"log","timestamp":1725247376178,"level":"debug","message":"Page request: GET (script) https://cdn.tailwindcss.com/3.4.5 (redirect from: https://cdn.tailwindcss.com/)","meta":{"rootId":"l27bijfo89zvw4r","id":"l27bijfo89zvw4r"},"id":"vqayu6k31x7bx76","previousOperationId":"rgsoe7bqcd7m0k5"}
{"type":"log","timestamp":1725247376180,"level":"debug","message":"Page request finished: GET (script) 200 https://cdnjs.cloudflare.com/ajax/libs/lodash.js/4.17.11/lodash.min.js","meta":{"rootId":"l27bijfo89zvw4r","id":"l27bijfo89zvw4r"},"id":"76axlvr9tlqsl9c","previousOperationId":"rgsoe7bqcd7m0k5"}
{"type":"log","timestamp":1725247376183,"level":"debug","message":"Page request finished: GET (script) 200 https://unpkg.com/chart.js@2.7.3/dist/Chart.min.js","meta":{"rootId":"l27bijfo89zvw4r","id":"l27bijfo89zvw4r"},"id":"794ltkahuoanfuj","previousOperationId":"rgsoe7bqcd7m0k5"}
{"type":"log","timestamp":1725247376193,"level":"debug","message":"Page request finished: GET (script) 200 https://cdn.tailwindcss.com/3.4.5","meta":{"rootId":"l27bijfo89zvw4r","id":"l27bijfo89zvw4r"},"id":"j5ernrjc3xazhjc","previousOperationId":"rgsoe7bqcd7m0k5"}
{"type":"log","timestamp":1725247376228,"level":"debug","message":"(console:warn) cdn.tailwindcss.com should not be used in production. To use Tailwind CSS in production, install it as a PostCSS plugin or use the Tailwind CLI: https://tailwindcss.com/docs/installation","meta":{"userLevel":true,"rootId":"l27bijfo89zvw4r","id":"l27bijfo89zvw4r"},"id":"xbjjke6waaorcpr","previousOperationId":"rgsoe7bqcd7m0k5"}
{"type":"log","timestamp":1725247376303,"level":"warn","message":"Page error: Unexpected token '<' , stack: SyntaxError: Unexpected token '<'","meta":{"rootId":"l27bijfo89zvw4r","id":"l27bijfo89zvw4r"},"id":"nvce1etzuhnzjnm","previousOperationId":"rgsoe7bqcd7m0k5"}
{"type":"log","timestamp":1725247376305,"level":"debug","message":"Running chrome with params {\"printBackground\":true,\"format\":\"A4\",\"marginTop\":\"1cm\",\"marginBottom\":\"2cm\",\"timeout\":59930,\"margin\":{\"top\":\"1cm\",\"bottom\":\"2cm\"}}","meta":{"rootId":"l27bijfo89zvw4r","id":"l27bijfo89zvw4r"},"id":"eh1yn6q1if6aisd","previousOperationId":"rgsoe7bqcd7m0k5"}
{"type":"operationEnd","operationId":"rgsoe7bqcd7m0k5","timestamp":1725247376348,"id":"i96x6mbad4acm14","previousEventId":"7omnog3046kcslz","previousOperationId":"rgsoe7bqcd7m0k5"}
{"type":"log","timestamp":1725247376348,"level":"debug","message":"Skipping storing report.","meta":{"rootId":"l27bijfo89zvw4r","id":"l27bijfo89zvw4r"},"id":"6y7q63x1cjoowt3","previousOperationId":"rgsoe7bqcd7m0k5"}
{"type":"log","timestamp":1725247376348,"level":"info","message":"Rendering request 25 finished in 532 ms","meta":{"rootId":"l27bijfo89zvw4r","id":"l27bijfo89zvw4r"},"id":"d8rgyerljwvcyxe","previousOperationId":"rgsoe7bqcd7m0k5"}
{"type":"operationEnd","subtype":"render","operationId":"7esi87nortcal3q","timestamp":1725247376348,"id":"fuh7psahi4i6v1n","previousEventId":"i96x6mbad4acm14","previousOperationId":"rgsoe7bqcd7m0k5"}
{"type":"operationEnd","doDiffs":false,"previousEventId":"0c2n01z6a0txjg4","previousOperationId":"lkjpxhq4dljnfgm","operationId":"lkjpxhq4dljnfgm","timestamp":1725247376350,"id":"xw62w5mbm7zv48f"}
