{"type":"operationStart","subtype":"profile","data":{"_id":"gE8S6u8AjOYnwyV6","timestamp":"2024-09-02T03:23:15.355Z","state":"queued","mode":"standard","creationDate":"2024-09-02T03:23:15.357Z","modificationDate":"2024-09-02T03:23:15.357Z","shortid":"pZ1aIGz","inheritedReadPermissions":[],"inheritedEditPermissions":[],"$entitySet":"profiles"},"doDiffs":false,"timestamp":1725247395356,"id":"b8bi0r85cjle63s","previousOperationId":null,"operationId":"xy3x4lfoqrmoend"}
{"type":"log","level":"info","message":"Render request 26 queued for execution and waiting for available worker","previousOperationId":"xy3x4lfoqrmoend","timestamp":1725247395356,"id":"8xbq54uuhq7d3pq"}
{"type":"operationStart","subtype":"render","name":"chart_templates","previousOperationId":"xy3x4lfoqrmoend","timestamp":1725247395364,"id":"ktdiuhswh160ume","previousEventId":"b8bi0r85cjle63s","operationId":"u8ruiybuxfvp5vc"}
{"type":"log","timestamp":1725247395364,"level":"info","message":"Starting rendering request 26 (user: admin)","meta":{"rootId":"lu57gnac9izwrjl","id":"lu57gnac9izwrjl"},"id":"3hx0sjq77k6bk0i","previousOperationId":"u8ruiybuxfvp5vc"}
{"type":"log","timestamp":1725247395364,"level":"info","message":"Rendering template { name: chart_templates, recipe: chrome-pdf, engine: handlebars, preview: true }","meta":{"rootId":"lu57gnac9izwrjl","id":"lu57gnac9izwrjl"},"id":"8765myky2a59cw3","previousOperationId":"u8ruiybuxfvp5vc"}
{"type":"log","timestamp":1725247395365,"level":"debug","message":"Data item not defined for this template.","meta":{"rootId":"lu57gnac9izwrjl","id":"lu57gnac9izwrjl"},"id":"7qfkxrtajxqoa1n","previousOperationId":"u8ruiybuxfvp5vc"}
{"type":"log","timestamp":1725247395367,"level":"debug","message":"Base url not specified, skipping its injection.","meta":{"rootId":"lu57gnac9izwrjl","id":"lu57gnac9izwrjl"},"id":"iuwmq69lj4pd04n","previousOperationId":"u8ruiybuxfvp5vc"}
{"type":"log","timestamp":1725247395375,"level":"debug","message":"Replaced assets [\"KhmerOSSiemreapRegular.ttf\",\"KhmerOSMuolLightRegular.ttf\",\"times_new_roman.ttf\",\"Tacteing.ttf\",\"limons1l.ttf\",\"arial.ttf\",\"/asset/images/draft-km.png\"]","meta":{"rootId":"lu57gnac9izwrjl","id":"lu57gnac9izwrjl"},"id":"f1woodzewv14th0","previousOperationId":"u8ruiybuxfvp5vc"}
{"type":"operationStart","subtype":"engine","name":"handlebars","timestamp":1725247395375,"id":"cxbuu2osgjerhp1","previousEventId":"ktdiuhswh160ume","operationId":"a8t0qzr18iog06e","previousOperationId":"u8ruiybuxfvp5vc"}
{"type":"log","timestamp":1725247395375,"level":"debug","message":"Rendering engine handlebars","meta":{"rootId":"lu57gnac9izwrjl","id":"lu57gnac9izwrjl"},"id":"fwcu7akutwq4naa","previousOperationId":"a8t0qzr18iog06e"}
{"type":"operationEnd","operationId":"a8t0qzr18iog06e","timestamp":1725247395414,"id":"hme6quzd8ep6h65","previousEventId":"cxbuu2osgjerhp1","previousOperationId":"a8t0qzr18iog06e"}
{"type":"operationStart","subtype":"recipe","name":"chrome-pdf","timestamp":1725247395424,"id":"q5vpbx4c09gdrif","previousEventId":"hme6quzd8ep6h65","operationId":"7lp3vjxc0lkn588","previousOperationId":"a8t0qzr18iog06e"}
{"type":"log","timestamp":1725247395424,"level":"debug","message":"Executing recipe chrome-pdf","meta":{"rootId":"lu57gnac9izwrjl","id":"lu57gnac9izwrjl"},"id":"l4ip1f2a3akoucn","previousOperationId":"7lp3vjxc0lkn588"}
{"type":"log","timestamp":1725247395429,"level":"debug","message":"Converting with chrome Chrome/127.0.6533.99 using chrome-pool strategy","meta":{"rootId":"lu57gnac9izwrjl","id":"lu57gnac9izwrjl"},"id":"8i244oifm584ti7","previousOperationId":"7lp3vjxc0lkn588"}
{"type":"log","timestamp":1725247395481,"level":"debug","message":"Page request: GET (document) file:///C:/Users/shsmo/AppData/Local/Temp/jsreport/autocleanup/299248ee-76a1-4a2f-8fd1-8e53dd89eb2e-chrome-pdf.html","meta":{"rootId":"lu57gnac9izwrjl","id":"lu57gnac9izwrjl"},"id":"vy94ruq2zgt1l42","previousOperationId":"7lp3vjxc0lkn588"}
{"type":"log","timestamp":1725247395712,"level":"debug","message":"Page request: GET (stylesheet) https://cdnjs.cloudflare.com/ajax/libs/font-awesome/4.7.0/css/font-awesome.min.css","meta":{"rootId":"lu57gnac9izwrjl","id":"lu57gnac9izwrjl"},"id":"mgc6c7zm3dpvuv5","previousOperationId":"7lp3vjxc0lkn588"}
{"type":"log","timestamp":1725247395724,"level":"debug","message":"Page request finished: GET (document) 200 file:///C:/Users/shsmo/AppData/Local/Temp/jsreport/autocleanup/299248ee-76a1-4a2f-8fd1-8e53dd89eb2e-chrome-pdf.html","meta":{"rootId":"lu57gnac9izwrjl","id":"lu57gnac9izwrjl"},"id":"hc5q8yvr9yzbq30","previousOperationId":"7lp3vjxc0lkn588"}
{"type":"log","timestamp":1725247395726,"level":"debug","message":"Page request finished: GET (stylesheet) 200 https://cdnjs.cloudflare.com/ajax/libs/font-awesome/4.7.0/css/font-awesome.min.css","meta":{"rootId":"lu57gnac9izwrjl","id":"lu57gnac9izwrjl"},"id":"fjpgjyr5gxtvf58","previousOperationId":"7lp3vjxc0lkn588"}
{"type":"log","timestamp":1725247395743,"level":"debug","message":"Page request: GET (script) https://cdn.tailwindcss.com/","meta":{"rootId":"lu57gnac9izwrjl","id":"lu57gnac9izwrjl"},"id":"nylorr4yrqo581w","previousOperationId":"7lp3vjxc0lkn588"}
{"type":"log","timestamp":1725247395743,"level":"debug","message":"Page request: GET (script) https://cdnjs.cloudflare.com/ajax/libs/lodash.js/4.17.11/lodash.min.js","meta":{"rootId":"lu57gnac9izwrjl","id":"lu57gnac9izwrjl"},"id":"79z6why433u6uf6","previousOperationId":"7lp3vjxc0lkn588"}
{"type":"log","timestamp":1725247395744,"level":"debug","message":"Page request: GET (script) https://unpkg.com/chart.js@2.7.3/dist/Chart.min.js","meta":{"rootId":"lu57gnac9izwrjl","id":"lu57gnac9izwrjl"},"id":"zb7masrro23uda8","previousOperationId":"7lp3vjxc0lkn588"}
{"type":"log","timestamp":1725247395747,"level":"warn","message":"Page request failed: GET (script) 302 https://cdn.tailwindcss.com/ (redirect to: /3.4.5)","meta":{"rootId":"lu57gnac9izwrjl","id":"lu57gnac9izwrjl"},"id":"a9zw1w7vpsvotqe","previousOperationId":"7lp3vjxc0lkn588"}
{"type":"log","timestamp":1725247395747,"level":"debug","message":"Page request: GET (script) https://cdn.tailwindcss.com/3.4.5 (redirect from: https://cdn.tailwindcss.com/)","meta":{"rootId":"lu57gnac9izwrjl","id":"lu57gnac9izwrjl"},"id":"uf56yhb8c1f71yu","previousOperationId":"7lp3vjxc0lkn588"}
{"type":"log","timestamp":1725247395751,"level":"debug","message":"Page request finished: GET (script) 200 https://cdnjs.cloudflare.com/ajax/libs/lodash.js/4.17.11/lodash.min.js","meta":{"rootId":"lu57gnac9izwrjl","id":"lu57gnac9izwrjl"},"id":"uulief6cee96ro8","previousOperationId":"7lp3vjxc0lkn588"}
{"type":"log","timestamp":1725247395753,"level":"debug","message":"Page request finished: GET (script) 200 https://unpkg.com/chart.js@2.7.3/dist/Chart.min.js","meta":{"rootId":"lu57gnac9izwrjl","id":"lu57gnac9izwrjl"},"id":"c59yiecjdj0kdg4","previousOperationId":"7lp3vjxc0lkn588"}
{"type":"log","timestamp":1725247395762,"level":"debug","message":"Page request finished: GET (script) 200 https://cdn.tailwindcss.com/3.4.5","meta":{"rootId":"lu57gnac9izwrjl","id":"lu57gnac9izwrjl"},"id":"evi6wb5oce54jsz","previousOperationId":"7lp3vjxc0lkn588"}
{"type":"log","timestamp":1725247395801,"level":"debug","message":"(console:warn) cdn.tailwindcss.com should not be used in production. To use Tailwind CSS in production, install it as a PostCSS plugin or use the Tailwind CLI: https://tailwindcss.com/docs/installation","meta":{"userLevel":true,"rootId":"lu57gnac9izwrjl","id":"lu57gnac9izwrjl"},"id":"m8ncc0733ty04xf","previousOperationId":"7lp3vjxc0lkn588"}
{"type":"log","timestamp":1725247395875,"level":"warn","message":"Page error: Unexpected token '<' , stack: SyntaxError: Unexpected token '<'","meta":{"rootId":"lu57gnac9izwrjl","id":"lu57gnac9izwrjl"},"id":"2e48hbh1pj0xz4u","previousOperationId":"7lp3vjxc0lkn588"}
{"type":"log","timestamp":1725247395878,"level":"debug","message":"Running chrome with params {\"printBackground\":true,\"format\":\"A4\",\"marginTop\":\"1cm\",\"marginBottom\":\"2cm\",\"timeout\":59927,\"margin\":{\"top\":\"1cm\",\"bottom\":\"2cm\"}}","meta":{"rootId":"lu57gnac9izwrjl","id":"lu57gnac9izwrjl"},"id":"70vzae2be5o5w8d","previousOperationId":"7lp3vjxc0lkn588"}
{"type":"operationEnd","operationId":"7lp3vjxc0lkn588","timestamp":1725247395946,"id":"7p3xad5w69g6hqq","previousEventId":"q5vpbx4c09gdrif","previousOperationId":"7lp3vjxc0lkn588"}
{"type":"log","timestamp":1725247395946,"level":"debug","message":"Skipping storing report.","meta":{"rootId":"lu57gnac9izwrjl","id":"lu57gnac9izwrjl"},"id":"uk6appiw7gqd8bh","previousOperationId":"7lp3vjxc0lkn588"}
{"type":"log","timestamp":1725247395946,"level":"info","message":"Rendering request 26 finished in 591 ms","meta":{"rootId":"lu57gnac9izwrjl","id":"lu57gnac9izwrjl"},"id":"vdgegw0p4tlj4f0","previousOperationId":"7lp3vjxc0lkn588"}
{"type":"operationEnd","subtype":"render","operationId":"u8ruiybuxfvp5vc","timestamp":1725247395946,"id":"rfe6aourdvqi2l5","previousEventId":"7p3xad5w69g6hqq","previousOperationId":"7lp3vjxc0lkn588"}
{"type":"operationEnd","doDiffs":false,"previousEventId":"b8bi0r85cjle63s","previousOperationId":"xy3x4lfoqrmoend","operationId":"xy3x4lfoqrmoend","timestamp":1725247395949,"id":"mxr8aa2yp0mc3h4"}
