{"type":"operationStart","subtype":"profile","data":{"_id":"l0YkuZltvw30sHVk","timestamp":"2024-09-02T03:20:31.354Z","state":"queued","mode":"standard","creationDate":"2024-09-02T03:20:31.355Z","modificationDate":"2024-09-02T03:20:31.355Z","shortid":"_XNdb77","inheritedReadPermissions":[],"inheritedEditPermissions":[],"$entitySet":"profiles"},"doDiffs":false,"timestamp":1725247231354,"id":"ka97e07a4xky4cf","previousOperationId":null,"operationId":"szci9zk7ep3f08k"}
{"type":"log","level":"info","message":"Render request 21 queued for execution and waiting for available worker","previousOperationId":"szci9zk7ep3f08k","timestamp":1725247231354,"id":"mrh24m2dhmqxz26"}
{"type":"operationStart","subtype":"render","name":"chart_templates","previousOperationId":"szci9zk7ep3f08k","timestamp":1725247231363,"id":"mmu624ni38ju56v","previousEventId":"ka97e07a4xky4cf","operationId":"81l0a13x4uhur5o"}
{"type":"log","timestamp":1725247231363,"level":"info","message":"Starting rendering request 21 (user: admin)","meta":{"rootId":"lx1tfahgd06m0ls","id":"lx1tfahgd06m0ls"},"id":"cpq5hbuxg8k7w8u","previousOperationId":"81l0a13x4uhur5o"}
{"type":"log","timestamp":1725247231363,"level":"info","message":"Rendering template { name: chart_templates, recipe: chrome-pdf, engine: handlebars, preview: true }","meta":{"rootId":"lx1tfahgd06m0ls","id":"lx1tfahgd06m0ls"},"id":"ugqrjnu1cbhsi8b","previousOperationId":"81l0a13x4uhur5o"}
{"type":"log","timestamp":1725247231363,"level":"debug","message":"Data item not defined for this template.","meta":{"rootId":"lx1tfahgd06m0ls","id":"lx1tfahgd06m0ls"},"id":"utu0b037havqiq0","previousOperationId":"81l0a13x4uhur5o"}
{"type":"log","timestamp":1725247231364,"level":"debug","message":"Base url not specified, skipping its injection.","meta":{"rootId":"lx1tfahgd06m0ls","id":"lx1tfahgd06m0ls"},"id":"xt910rwr5airlih","previousOperationId":"81l0a13x4uhur5o"}
{"type":"log","timestamp":1725247231371,"level":"debug","message":"Replaced assets [\"KhmerOSSiemreapRegular.ttf\",\"KhmerOSMuolLightRegular.ttf\",\"times_new_roman.ttf\",\"Tacteing.ttf\",\"limons1l.ttf\",\"arial.ttf\",\"/asset/images/draft-km.png\"]","meta":{"rootId":"lx1tfahgd06m0ls","id":"lx1tfahgd06m0ls"},"id":"z5h5znoyahh09kg","previousOperationId":"81l0a13x4uhur5o"}
{"type":"operationStart","subtype":"engine","name":"handlebars","timestamp":1725247231371,"id":"4khn1rg716svl7j","previousEventId":"mmu624ni38ju56v","operationId":"pg47wluhrzzydmx","previousOperationId":"81l0a13x4uhur5o"}
{"type":"log","timestamp":1725247231371,"level":"debug","message":"Rendering engine handlebars","meta":{"rootId":"lx1tfahgd06m0ls","id":"lx1tfahgd06m0ls"},"id":"3n5vxt7pvq2oyr2","previousOperationId":"pg47wluhrzzydmx"}
{"type":"operationEnd","operationId":"pg47wluhrzzydmx","timestamp":1725247231404,"id":"8d75jdikxcfzzw7","previousEventId":"4khn1rg716svl7j","previousOperationId":"pg47wluhrzzydmx"}
{"type":"operationStart","subtype":"recipe","name":"chrome-pdf","timestamp":1725247231414,"id":"k7izwvmywjf6kmm","previousEventId":"8d75jdikxcfzzw7","operationId":"345wwjoe8pb6bwy","previousOperationId":"pg47wluhrzzydmx"}
{"type":"log","timestamp":1725247231415,"level":"debug","message":"Executing recipe chrome-pdf","meta":{"rootId":"lx1tfahgd06m0ls","id":"lx1tfahgd06m0ls"},"id":"ylb3oxuskvzhteh","previousOperationId":"345wwjoe8pb6bwy"}
{"type":"log","timestamp":1725247231419,"level":"debug","message":"Converting with chrome Chrome/127.0.6533.99 using chrome-pool strategy","meta":{"rootId":"lx1tfahgd06m0ls","id":"lx1tfahgd06m0ls"},"id":"ewh34nwm0vj5q2f","previousOperationId":"345wwjoe8pb6bwy"}
{"type":"log","timestamp":1725247231487,"level":"debug","message":"Page request: GET (document) file:///C:/Users/shsmo/AppData/Local/Temp/jsreport/autocleanup/f9430440-2b9f-47c8-859b-c22a182bcb4e-chrome-pdf.html","meta":{"rootId":"lx1tfahgd06m0ls","id":"lx1tfahgd06m0ls"},"id":"uk1zkj5g1cbr7os","previousOperationId":"345wwjoe8pb6bwy"}
{"type":"log","timestamp":1725247231698,"level":"debug","message":"Page request: GET (stylesheet) https://cdnjs.cloudflare.com/ajax/libs/font-awesome/4.7.0/css/font-awesome.min.css","meta":{"rootId":"lx1tfahgd06m0ls","id":"lx1tfahgd06m0ls"},"id":"b5dhb55ez6yh8ri","previousOperationId":"345wwjoe8pb6bwy"}
{"type":"log","timestamp":1725247231706,"level":"debug","message":"Page request finished: GET (stylesheet) 200 https://cdnjs.cloudflare.com/ajax/libs/font-awesome/4.7.0/css/font-awesome.min.css","meta":{"rootId":"lx1tfahgd06m0ls","id":"lx1tfahgd06m0ls"},"id":"qmfa0ejtrue9fwx","previousOperationId":"345wwjoe8pb6bwy"}
{"type":"log","timestamp":1725247231712,"level":"debug","message":"Page request finished: GET (document) 200 file:///C:/Users/shsmo/AppData/Local/Temp/jsreport/autocleanup/f9430440-2b9f-47c8-859b-c22a182bcb4e-chrome-pdf.html","meta":{"rootId":"lx1tfahgd06m0ls","id":"lx1tfahgd06m0ls"},"id":"cly9m471m97nidp","previousOperationId":"345wwjoe8pb6bwy"}
{"type":"log","timestamp":1725247231729,"level":"debug","message":"Page request: GET (script) https://cdn.tailwindcss.com/","meta":{"rootId":"lx1tfahgd06m0ls","id":"lx1tfahgd06m0ls"},"id":"10xd15sqbga0x43","previousOperationId":"345wwjoe8pb6bwy"}
{"type":"log","timestamp":1725247231729,"level":"debug","message":"Page request: GET (script) https://cdnjs.cloudflare.com/ajax/libs/lodash.js/4.17.11/lodash.min.js","meta":{"rootId":"lx1tfahgd06m0ls","id":"lx1tfahgd06m0ls"},"id":"77qm0um28zz4sd8","previousOperationId":"345wwjoe8pb6bwy"}
{"type":"log","timestamp":1725247231729,"level":"debug","message":"Page request: GET (script) https://unpkg.com/chart.js@2.7.3/dist/Chart.min.js","meta":{"rootId":"lx1tfahgd06m0ls","id":"lx1tfahgd06m0ls"},"id":"sn9ycytcypab0wo","previousOperationId":"345wwjoe8pb6bwy"}
{"type":"log","timestamp":1725247231732,"level":"warn","message":"Page request failed: GET (script) 302 https://cdn.tailwindcss.com/ (redirect to: /3.4.5)","meta":{"rootId":"lx1tfahgd06m0ls","id":"lx1tfahgd06m0ls"},"id":"vu01kedx1pk5o9g","previousOperationId":"345wwjoe8pb6bwy"}
{"type":"log","timestamp":1725247231732,"level":"debug","message":"Page request: GET (script) https://cdn.tailwindcss.com/3.4.5 (redirect from: https://cdn.tailwindcss.com/)","meta":{"rootId":"lx1tfahgd06m0ls","id":"lx1tfahgd06m0ls"},"id":"69lbi4ejburdubt","previousOperationId":"345wwjoe8pb6bwy"}
{"type":"log","timestamp":1725247231737,"level":"debug","message":"Page request finished: GET (script) 200 https://cdnjs.cloudflare.com/ajax/libs/lodash.js/4.17.11/lodash.min.js","meta":{"rootId":"lx1tfahgd06m0ls","id":"lx1tfahgd06m0ls"},"id":"hjmt2jn6q18qush","previousOperationId":"345wwjoe8pb6bwy"}
{"type":"log","timestamp":1725247231739,"level":"debug","message":"Page request finished: GET (script) 200 https://unpkg.com/chart.js@2.7.3/dist/Chart.min.js","meta":{"rootId":"lx1tfahgd06m0ls","id":"lx1tfahgd06m0ls"},"id":"27dmy4mjrrwzwnc","previousOperationId":"345wwjoe8pb6bwy"}
{"type":"log","timestamp":1725247231749,"level":"debug","message":"Page request finished: GET (script) 200 https://cdn.tailwindcss.com/3.4.5","meta":{"rootId":"lx1tfahgd06m0ls","id":"lx1tfahgd06m0ls"},"id":"8519ppzpniaibs8","previousOperationId":"345wwjoe8pb6bwy"}
{"type":"log","timestamp":1725247231789,"level":"debug","message":"(console:warn) cdn.tailwindcss.com should not be used in production. To use Tailwind CSS in production, install it as a PostCSS plugin or use the Tailwind CLI: https://tailwindcss.com/docs/installation","meta":{"userLevel":true,"rootId":"lx1tfahgd06m0ls","id":"lx1tfahgd06m0ls"},"id":"uwj28cvndivlgyf","previousOperationId":"345wwjoe8pb6bwy"}
{"type":"log","timestamp":1725247231861,"level":"debug","message":"Running chrome with params {\"printBackground\":true,\"format\":\"A4\",\"marginTop\":\"1cm\",\"marginBottom\":\"2cm\",\"timeout\":59936,\"margin\":{\"top\":\"1cm\",\"bottom\":\"2cm\"}}","meta":{"rootId":"lx1tfahgd06m0ls","id":"lx1tfahgd06m0ls"},"id":"l1r451hi8t1dhlo","previousOperationId":"345wwjoe8pb6bwy"}
{"type":"operationEnd","operationId":"345wwjoe8pb6bwy","timestamp":1725247231907,"id":"3qslw75i29q1o08","previousEventId":"k7izwvmywjf6kmm","previousOperationId":"345wwjoe8pb6bwy"}
{"type":"log","timestamp":1725247231907,"level":"debug","message":"Skipping storing report.","meta":{"rootId":"lx1tfahgd06m0ls","id":"lx1tfahgd06m0ls"},"id":"mqjm3yijfoeresu","previousOperationId":"345wwjoe8pb6bwy"}
{"type":"log","timestamp":1725247231907,"level":"info","message":"Rendering request 21 finished in 553 ms","meta":{"rootId":"lx1tfahgd06m0ls","id":"lx1tfahgd06m0ls"},"id":"66e754j4an8kgsy","previousOperationId":"345wwjoe8pb6bwy"}
{"type":"operationEnd","subtype":"render","operationId":"81l0a13x4uhur5o","timestamp":1725247231907,"id":"0c3acw2ax3crdrk","previousEventId":"3qslw75i29q1o08","previousOperationId":"345wwjoe8pb6bwy"}
{"type":"operationEnd","doDiffs":false,"previousEventId":"ka97e07a4xky4cf","previousOperationId":"szci9zk7ep3f08k","operationId":"szci9zk7ep3f08k","timestamp":1725247231909,"id":"erfhizfn8xrsksm"}
