{"type":"operationStart","subtype":"profile","data":{"_id":"23j5bVnLHM0q8OFJ","timestamp":"2024-09-02T03:17:12.612Z","state":"queued","mode":"standard","creationDate":"2024-09-02T03:17:12.613Z","modificationDate":"2024-09-02T03:17:12.613Z","shortid":"LRLzx2q","inheritedReadPermissions":[],"inheritedEditPermissions":[],"$entitySet":"profiles"},"doDiffs":false,"timestamp":1725247032612,"id":"y0fwvwjxycs60fq","previousOperationId":null,"operationId":"fuawa6n71r74kt3"}
{"type":"log","level":"info","message":"Render request 11 queued for execution and waiting for available worker","previousOperationId":"fuawa6n71r74kt3","timestamp":1725247032613,"id":"z16dpf3gswf4sk5"}
{"type":"operationStart","subtype":"render","name":"chart_templates","previousOperationId":"fuawa6n71r74kt3","timestamp":1725247032619,"id":"k1t9s8il43bniw4","previousEventId":"y0fwvwjxycs60fq","operationId":"y58xszvupc2e52y"}
{"type":"log","timestamp":1725247032619,"level":"info","message":"Starting rendering request 11 (user: admin)","meta":{"rootId":"mfc0mt9nrh0ui3t","id":"mfc0mt9nrh0ui3t"},"id":"bi7wndo0qej2lj8","previousOperationId":"y58xszvupc2e52y"}
{"type":"log","timestamp":1725247032619,"level":"info","message":"Rendering template { name: chart_templates, recipe: chrome-pdf, engine: handlebars, preview: true }","meta":{"rootId":"mfc0mt9nrh0ui3t","id":"mfc0mt9nrh0ui3t"},"id":"34isubvefmhkmma","previousOperationId":"y58xszvupc2e52y"}
{"type":"log","timestamp":1725247032620,"level":"debug","message":"Data item not defined for this template.","meta":{"rootId":"mfc0mt9nrh0ui3t","id":"mfc0mt9nrh0ui3t"},"id":"mwtkvpy5p2oge59","previousOperationId":"y58xszvupc2e52y"}
{"type":"log","timestamp":1725247032621,"level":"debug","message":"Base url not specified, skipping its injection.","meta":{"rootId":"mfc0mt9nrh0ui3t","id":"mfc0mt9nrh0ui3t"},"id":"2c7rxcifxkcqbrz","previousOperationId":"y58xszvupc2e52y"}
{"type":"log","timestamp":1725247032627,"level":"debug","message":"Replaced assets [\"KhmerOSSiemreapRegular.ttf\",\"KhmerOSMuolLightRegular.ttf\",\"times_new_roman.ttf\",\"Tacteing.ttf\",\"limons1l.ttf\",\"arial.ttf\",\"/asset/images/draft-km.png\"]","meta":{"rootId":"mfc0mt9nrh0ui3t","id":"mfc0mt9nrh0ui3t"},"id":"8cffxw3efs7gcwh","previousOperationId":"y58xszvupc2e52y"}
{"type":"operationStart","subtype":"engine","name":"handlebars","timestamp":1725247032628,"id":"jh546hbr4v8oih3","previousEventId":"k1t9s8il43bniw4","operationId":"yj6drdvi5x4h8j4","previousOperationId":"y58xszvupc2e52y"}
{"type":"log","timestamp":1725247032628,"level":"debug","message":"Rendering engine handlebars","meta":{"rootId":"mfc0mt9nrh0ui3t","id":"mfc0mt9nrh0ui3t"},"id":"whkr0y7mzmswqm3","previousOperationId":"yj6drdvi5x4h8j4"}
{"type":"operationEnd","operationId":"yj6drdvi5x4h8j4","timestamp":1725247032658,"id":"7lwvzc4hp4wdprn","previousEventId":"jh546hbr4v8oih3","previousOperationId":"yj6drdvi5x4h8j4"}
{"type":"operationStart","subtype":"recipe","name":"chrome-pdf","timestamp":1725247032668,"id":"w0s8jyy7s80bbum","previousEventId":"7lwvzc4hp4wdprn","operationId":"j685vexycjcxfs2","previousOperationId":"yj6drdvi5x4h8j4"}
{"type":"log","timestamp":1725247032668,"level":"debug","message":"Executing recipe chrome-pdf","meta":{"rootId":"mfc0mt9nrh0ui3t","id":"mfc0mt9nrh0ui3t"},"id":"o6c6uydbbul90j1","previousOperationId":"j685vexycjcxfs2"}
{"type":"log","timestamp":1725247032673,"level":"debug","message":"Converting with chrome Chrome/127.0.6533.99 using chrome-pool strategy","meta":{"rootId":"mfc0mt9nrh0ui3t","id":"mfc0mt9nrh0ui3t"},"id":"2w26qyy2b77serx","previousOperationId":"j685vexycjcxfs2"}
{"type":"log","timestamp":1725247032713,"level":"debug","message":"Page request: GET (document) file:///C:/Users/shsmo/AppData/Local/Temp/jsreport/autocleanup/84f5eea0-f46c-4977-be25-f33862c62f30-chrome-pdf.html","meta":{"rootId":"mfc0mt9nrh0ui3t","id":"mfc0mt9nrh0ui3t"},"id":"7hhxqs8o02na4le","previousOperationId":"j685vexycjcxfs2"}
{"type":"log","timestamp":1725247032928,"level":"debug","message":"Page request: GET (stylesheet) https://cdnjs.cloudflare.com/ajax/libs/font-awesome/4.7.0/css/font-awesome.min.css","meta":{"rootId":"mfc0mt9nrh0ui3t","id":"mfc0mt9nrh0ui3t"},"id":"iakwl98v67l9lao","previousOperationId":"j685vexycjcxfs2"}
{"type":"log","timestamp":1725247032936,"level":"debug","message":"Page request finished: GET (stylesheet) 200 https://cdnjs.cloudflare.com/ajax/libs/font-awesome/4.7.0/css/font-awesome.min.css","meta":{"rootId":"mfc0mt9nrh0ui3t","id":"mfc0mt9nrh0ui3t"},"id":"lvixglrtws84cv4","previousOperationId":"j685vexycjcxfs2"}
{"type":"log","timestamp":1725247032940,"level":"debug","message":"Page request finished: GET (document) 200 file:///C:/Users/shsmo/AppData/Local/Temp/jsreport/autocleanup/84f5eea0-f46c-4977-be25-f33862c62f30-chrome-pdf.html","meta":{"rootId":"mfc0mt9nrh0ui3t","id":"mfc0mt9nrh0ui3t"},"id":"jf0wjhe6bqot1v7","previousOperationId":"j685vexycjcxfs2"}
{"type":"log","timestamp":1725247032955,"level":"debug","message":"Page request: GET (script) https://cdn.tailwindcss.com/","meta":{"rootId":"mfc0mt9nrh0ui3t","id":"mfc0mt9nrh0ui3t"},"id":"6g8uf0qzl2qqrs1","previousOperationId":"j685vexycjcxfs2"}
{"type":"log","timestamp":1725247032956,"level":"debug","message":"Page request: GET (script) https://cdnjs.cloudflare.com/ajax/libs/lodash.js/4.17.11/lodash.min.js","meta":{"rootId":"mfc0mt9nrh0ui3t","id":"mfc0mt9nrh0ui3t"},"id":"dc0mnz6lff5r3ch","previousOperationId":"j685vexycjcxfs2"}
{"type":"log","timestamp":1725247032956,"level":"debug","message":"Page request: GET (script) https://unpkg.com/chart.js@2.7.3/dist/Chart.min.js","meta":{"rootId":"mfc0mt9nrh0ui3t","id":"mfc0mt9nrh0ui3t"},"id":"bskp8s7cl4skj25","previousOperationId":"j685vexycjcxfs2"}
{"type":"log","timestamp":1725247032959,"level":"warn","message":"Page request failed: GET (script) 302 https://cdn.tailwindcss.com/ (redirect to: /3.4.5)","meta":{"rootId":"mfc0mt9nrh0ui3t","id":"mfc0mt9nrh0ui3t"},"id":"elrlpysjszrg7wr","previousOperationId":"j685vexycjcxfs2"}
{"type":"log","timestamp":1725247032959,"level":"debug","message":"Page request: GET (script) https://cdn.tailwindcss.com/3.4.5 (redirect from: https://cdn.tailwindcss.com/)","meta":{"rootId":"mfc0mt9nrh0ui3t","id":"mfc0mt9nrh0ui3t"},"id":"wamgqzwy077z4ts","previousOperationId":"j685vexycjcxfs2"}
{"type":"log","timestamp":1725247032963,"level":"debug","message":"Page request finished: GET (script) 200 https://cdnjs.cloudflare.com/ajax/libs/lodash.js/4.17.11/lodash.min.js","meta":{"rootId":"mfc0mt9nrh0ui3t","id":"mfc0mt9nrh0ui3t"},"id":"jhi9smsn53m69yk","previousOperationId":"j685vexycjcxfs2"}
{"type":"log","timestamp":1725247032964,"level":"debug","message":"Page request finished: GET (script) 200 https://unpkg.com/chart.js@2.7.3/dist/Chart.min.js","meta":{"rootId":"mfc0mt9nrh0ui3t","id":"mfc0mt9nrh0ui3t"},"id":"haem1abhb3vms8h","previousOperationId":"j685vexycjcxfs2"}
{"type":"log","timestamp":1725247032974,"level":"debug","message":"Page request finished: GET (script) 200 https://cdn.tailwindcss.com/3.4.5","meta":{"rootId":"mfc0mt9nrh0ui3t","id":"mfc0mt9nrh0ui3t"},"id":"8arz1bzy687xhi6","previousOperationId":"j685vexycjcxfs2"}
{"type":"log","timestamp":1725247033009,"level":"debug","message":"(console:warn) cdn.tailwindcss.com should not be used in production. To use Tailwind CSS in production, install it as a PostCSS plugin or use the Tailwind CLI: https://tailwindcss.com/docs/installation","meta":{"userLevel":true,"rootId":"mfc0mt9nrh0ui3t","id":"mfc0mt9nrh0ui3t"},"id":"rfdfxpz2wakw7y7","previousOperationId":"j685vexycjcxfs2"}
{"type":"log","timestamp":1725247033085,"level":"debug","message":"Running chrome with params {\"printBackground\":true,\"format\":\"A4\",\"marginTop\":\"1cm\",\"marginBottom\":\"2cm\",\"timeout\":59940,\"margin\":{\"top\":\"1cm\",\"bottom\":\"2cm\"}}","meta":{"rootId":"mfc0mt9nrh0ui3t","id":"mfc0mt9nrh0ui3t"},"id":"qllnxmkrensahj0","previousOperationId":"j685vexycjcxfs2"}
{"type":"operationEnd","operationId":"j685vexycjcxfs2","timestamp":1725247033136,"id":"mz3lojyq9wh35aj","previousEventId":"w0s8jyy7s80bbum","previousOperationId":"j685vexycjcxfs2"}
{"type":"log","timestamp":1725247033136,"level":"debug","message":"Skipping storing report.","meta":{"rootId":"mfc0mt9nrh0ui3t","id":"mfc0mt9nrh0ui3t"},"id":"cuelm2tbu65aw5m","previousOperationId":"j685vexycjcxfs2"}
{"type":"log","timestamp":1725247033136,"level":"info","message":"Rendering request 11 finished in 524 ms","meta":{"rootId":"mfc0mt9nrh0ui3t","id":"mfc0mt9nrh0ui3t"},"id":"wbuynuqi3siigy2","previousOperationId":"j685vexycjcxfs2"}
{"type":"operationEnd","subtype":"render","operationId":"y58xszvupc2e52y","timestamp":1725247033136,"id":"bk903wukx3je2hi","previousEventId":"mz3lojyq9wh35aj","previousOperationId":"j685vexycjcxfs2"}
{"type":"operationEnd","doDiffs":false,"previousEventId":"y0fwvwjxycs60fq","previousOperationId":"fuawa6n71r74kt3","operationId":"fuawa6n71r74kt3","timestamp":1725247033138,"id":"ed7q3l13p8zxciv"}
