{"type":"operationStart","subtype":"profile","data":{"_id":"letzJyvbBQTQfxeZ","timestamp":"2024-09-02T03:14:53.356Z","state":"queued","mode":"standard","creationDate":"2024-09-02T03:14:53.358Z","modificationDate":"2024-09-02T03:14:53.358Z","shortid":"f_IMDK1","inheritedReadPermissions":[],"inheritedEditPermissions":[],"$entitySet":"profiles"},"doDiffs":false,"timestamp":1725246893357,"id":"bhjnu66e3y7u7cu","previousOperationId":null,"operationId":"tzpwdytvou5fbo6"}
{"type":"log","level":"info","message":"Render request 6 queued for execution and waiting for available worker","previousOperationId":"tzpwdytvou5fbo6","timestamp":1725246893357,"id":"fs9j8k9j810gilq"}
{"type":"operationStart","subtype":"render","name":"chart_templates","previousOperationId":"tzpwdytvou5fbo6","timestamp":1725246893365,"id":"4qjp2lx1j55psod","previousEventId":"bhjnu66e3y7u7cu","operationId":"tiylash0mw2u9dr"}
{"type":"log","timestamp":1725246893365,"level":"info","message":"Starting rendering request 6 (user: admin)","meta":{"rootId":"ndsblnhwqqrej7n","id":"ndsblnhwqqrej7n"},"id":"1da0acy6e309vj3","previousOperationId":"tiylash0mw2u9dr"}
{"type":"log","timestamp":1725246893365,"level":"info","message":"Rendering template { name: chart_templates, recipe: chrome-pdf, engine: handlebars, preview: true }","meta":{"rootId":"ndsblnhwqqrej7n","id":"ndsblnhwqqrej7n"},"id":"b5xabfvrrbt3gz7","previousOperationId":"tiylash0mw2u9dr"}
{"type":"log","timestamp":1725246893365,"level":"debug","message":"Data item not defined for this template.","meta":{"rootId":"ndsblnhwqqrej7n","id":"ndsblnhwqqrej7n"},"id":"rgbgvnbaeoi5hf1","previousOperationId":"tiylash0mw2u9dr"}
{"type":"log","timestamp":1725246893366,"level":"debug","message":"Base url not specified, skipping its injection.","meta":{"rootId":"ndsblnhwqqrej7n","id":"ndsblnhwqqrej7n"},"id":"hmtixyx1vhdplio","previousOperationId":"tiylash0mw2u9dr"}
{"type":"log","timestamp":1725246893373,"level":"debug","message":"Replaced assets [\"KhmerOSSiemreapRegular.ttf\",\"KhmerOSMuolLightRegular.ttf\",\"times_new_roman.ttf\",\"Tacteing.ttf\",\"limons1l.ttf\",\"arial.ttf\",\"/asset/images/draft-km.png\"]","meta":{"rootId":"ndsblnhwqqrej7n","id":"ndsblnhwqqrej7n"},"id":"5c56irnjcw6eu7t","previousOperationId":"tiylash0mw2u9dr"}
{"type":"operationStart","subtype":"engine","name":"handlebars","timestamp":1725246893373,"id":"6yuhoaeb5dotsuo","previousEventId":"4qjp2lx1j55psod","operationId":"ppe0b596oikrffs","previousOperationId":"tiylash0mw2u9dr"}
{"type":"log","timestamp":1725246893373,"level":"debug","message":"Rendering engine handlebars","meta":{"rootId":"ndsblnhwqqrej7n","id":"ndsblnhwqqrej7n"},"id":"9n383b44xozx5vs","previousOperationId":"ppe0b596oikrffs"}
{"type":"operationEnd","operationId":"ppe0b596oikrffs","timestamp":1725246893406,"id":"0q652rga19earfo","previousEventId":"6yuhoaeb5dotsuo","previousOperationId":"ppe0b596oikrffs"}
{"type":"operationStart","subtype":"recipe","name":"chrome-pdf","timestamp":1725246893414,"id":"0evu3c6cmbzlwmg","previousEventId":"0q652rga19earfo","operationId":"0ojmiih08bxsa42","previousOperationId":"ppe0b596oikrffs"}
{"type":"log","timestamp":1725246893415,"level":"debug","message":"Executing recipe chrome-pdf","meta":{"rootId":"ndsblnhwqqrej7n","id":"ndsblnhwqqrej7n"},"id":"og19d01696wzjl6","previousOperationId":"0ojmiih08bxsa42"}
{"type":"log","timestamp":1725246893418,"level":"debug","message":"Converting with chrome Chrome/127.0.6533.99 using chrome-pool strategy","meta":{"rootId":"ndsblnhwqqrej7n","id":"ndsblnhwqqrej7n"},"id":"ikph62lyb58sney","previousOperationId":"0ojmiih08bxsa42"}
{"type":"log","timestamp":1725246893537,"level":"debug","message":"Page request: GET (document) file:///C:/Users/shsmo/AppData/Local/Temp/jsreport/autocleanup/00aed841-c601-4722-89ac-5ec04691003e-chrome-pdf.html","meta":{"rootId":"ndsblnhwqqrej7n","id":"ndsblnhwqqrej7n"},"id":"verg8a5oqs56stl","previousOperationId":"0ojmiih08bxsa42"}
{"type":"log","timestamp":1725246893726,"level":"debug","message":"Page request: GET (stylesheet) https://cdnjs.cloudflare.com/ajax/libs/font-awesome/4.7.0/css/font-awesome.min.css","meta":{"rootId":"ndsblnhwqqrej7n","id":"ndsblnhwqqrej7n"},"id":"r5ffuw0sro7oxvz","previousOperationId":"0ojmiih08bxsa42"}
{"type":"log","timestamp":1725246893742,"level":"debug","message":"Page request finished: GET (document) 200 file:///C:/Users/shsmo/AppData/Local/Temp/jsreport/autocleanup/00aed841-c601-4722-89ac-5ec04691003e-chrome-pdf.html","meta":{"rootId":"ndsblnhwqqrej7n","id":"ndsblnhwqqrej7n"},"id":"259i2kae6lmnsml","previousOperationId":"0ojmiih08bxsa42"}
{"type":"log","timestamp":1725246893744,"level":"debug","message":"Page request finished: GET (stylesheet) 200 https://cdnjs.cloudflare.com/ajax/libs/font-awesome/4.7.0/css/font-awesome.min.css","meta":{"rootId":"ndsblnhwqqrej7n","id":"ndsblnhwqqrej7n"},"id":"yolhgtfoo0i9foc","previousOperationId":"0ojmiih08bxsa42"}
{"type":"log","timestamp":1725246893760,"level":"debug","message":"Page request: GET (script) https://cdn.tailwindcss.com/","meta":{"rootId":"ndsblnhwqqrej7n","id":"ndsblnhwqqrej7n"},"id":"0xgspkzt1lgjuh6","previousOperationId":"0ojmiih08bxsa42"}
{"type":"log","timestamp":1725246893761,"level":"debug","message":"Page request: GET (script) https://cdnjs.cloudflare.com/ajax/libs/lodash.js/4.17.11/lodash.min.js","meta":{"rootId":"ndsblnhwqqrej7n","id":"ndsblnhwqqrej7n"},"id":"pvhyvy68vmyyww0","previousOperationId":"0ojmiih08bxsa42"}
{"type":"log","timestamp":1725246893761,"level":"debug","message":"Page request: GET (script) https://unpkg.com/chart.js@2.7.3/dist/Chart.min.js","meta":{"rootId":"ndsblnhwqqrej7n","id":"ndsblnhwqqrej7n"},"id":"j4ud6ilpxxn6a2u","previousOperationId":"0ojmiih08bxsa42"}
{"type":"log","timestamp":1725246893762,"level":"warn","message":"Page request failed: GET (script) 302 https://cdn.tailwindcss.com/ (redirect to: /3.4.5)","meta":{"rootId":"ndsblnhwqqrej7n","id":"ndsblnhwqqrej7n"},"id":"ci4ht5qi0zixn5p","previousOperationId":"0ojmiih08bxsa42"}
{"type":"log","timestamp":1725246893762,"level":"debug","message":"Page request: GET (script) https://cdn.tailwindcss.com/3.4.5 (redirect from: https://cdn.tailwindcss.com/)","meta":{"rootId":"ndsblnhwqqrej7n","id":"ndsblnhwqqrej7n"},"id":"tfcid4pzksjom6n","previousOperationId":"0ojmiih08bxsa42"}
{"type":"log","timestamp":1725246893767,"level":"debug","message":"Page request finished: GET (script) 200 https://cdnjs.cloudflare.com/ajax/libs/lodash.js/4.17.11/lodash.min.js","meta":{"rootId":"ndsblnhwqqrej7n","id":"ndsblnhwqqrej7n"},"id":"m0ll3uj8ykr1nqe","previousOperationId":"0ojmiih08bxsa42"}
{"type":"log","timestamp":1725246893769,"level":"debug","message":"Page request finished: GET (script) 200 https://unpkg.com/chart.js@2.7.3/dist/Chart.min.js","meta":{"rootId":"ndsblnhwqqrej7n","id":"ndsblnhwqqrej7n"},"id":"4pjr9vodq52vf7b","previousOperationId":"0ojmiih08bxsa42"}
{"type":"log","timestamp":1725246893778,"level":"debug","message":"Page request finished: GET (script) 200 https://cdn.tailwindcss.com/3.4.5","meta":{"rootId":"ndsblnhwqqrej7n","id":"ndsblnhwqqrej7n"},"id":"45rbuflttensjvv","previousOperationId":"0ojmiih08bxsa42"}
{"type":"log","timestamp":1725246893816,"level":"debug","message":"(console:warn) cdn.tailwindcss.com should not be used in production. To use Tailwind CSS in production, install it as a PostCSS plugin or use the Tailwind CLI: https://tailwindcss.com/docs/installation","meta":{"userLevel":true,"rootId":"ndsblnhwqqrej7n","id":"ndsblnhwqqrej7n"},"id":"zujxkejtwxxokiy","previousOperationId":"0ojmiih08bxsa42"}
{"type":"log","timestamp":1725246893882,"level":"debug","message":"Running chrome with params {\"printBackground\":true,\"format\":\"A4\",\"marginTop\":\"1cm\",\"marginBottom\":\"2cm\",\"timeout\":59938,\"margin\":{\"top\":\"1cm\",\"bottom\":\"2cm\"}}","meta":{"rootId":"ndsblnhwqqrej7n","id":"ndsblnhwqqrej7n"},"id":"53ga0sqij1yf4yl","previousOperationId":"0ojmiih08bxsa42"}
{"type":"operationEnd","operationId":"0ojmiih08bxsa42","timestamp":1725246893925,"id":"bf1ue4lrhnjx0ns","previousEventId":"0evu3c6cmbzlwmg","previousOperationId":"0ojmiih08bxsa42"}
{"type":"log","timestamp":1725246893926,"level":"debug","message":"Skipping storing report.","meta":{"rootId":"ndsblnhwqqrej7n","id":"ndsblnhwqqrej7n"},"id":"1bo0hccygo6ep56","previousOperationId":"0ojmiih08bxsa42"}
{"type":"log","timestamp":1725246893926,"level":"info","message":"Rendering request 6 finished in 570 ms","meta":{"rootId":"ndsblnhwqqrej7n","id":"ndsblnhwqqrej7n"},"id":"h9zwshx3piusq6y","previousOperationId":"0ojmiih08bxsa42"}
{"type":"operationEnd","subtype":"render","operationId":"tiylash0mw2u9dr","timestamp":1725246893926,"id":"2b1hwm2vemkoqj8","previousEventId":"bf1ue4lrhnjx0ns","previousOperationId":"0ojmiih08bxsa42"}
{"type":"operationEnd","doDiffs":false,"previousEventId":"bhjnu66e3y7u7cu","previousOperationId":"tzpwdytvou5fbo6","operationId":"tzpwdytvou5fbo6","timestamp":1725246893929,"id":"c2ymj4wj5jjq1cs"}
