{"type":"operationStart","subtype":"profile","data":{"_id":"DqJswNjPGFDUGsVX","timestamp":"2024-09-02T03:27:31.562Z","state":"queued","mode":"standard","creationDate":"2024-09-02T03:27:31.563Z","modificationDate":"2024-09-02T03:27:31.563Z","shortid":"gAj1hvT","inheritedReadPermissions":[],"inheritedEditPermissions":[],"$entitySet":"profiles"},"doDiffs":false,"timestamp":1725247651563,"id":"qsk2hqegcsgh4zc","previousOperationId":null,"operationId":"upfn6kra26ktla8"}
{"type":"log","level":"info","message":"Render request 33 queued for execution and waiting for available worker","previousOperationId":"upfn6kra26ktla8","timestamp":1725247651563,"id":"311z1eah9xii94u"}
{"type":"operationStart","subtype":"render","name":"chart_templates","previousOperationId":"upfn6kra26ktla8","timestamp":1725247651568,"id":"i2n57qg9wj9i9r8","previousEventId":"qsk2hqegcsgh4zc","operationId":"7iq0d8pox6fr1sh"}
{"type":"log","timestamp":1725247651568,"level":"info","message":"Starting rendering request 33 (user: admin)","meta":{"rootId":"ng8yhihofukm6o0","id":"ng8yhihofukm6o0"},"id":"lrzdpm27za6yf5i","previousOperationId":"7iq0d8pox6fr1sh"}
{"type":"log","timestamp":1725247651569,"level":"info","message":"Rendering template { name: chart_templates, recipe: chrome-pdf, engine: handlebars, preview: true }","meta":{"rootId":"ng8yhihofukm6o0","id":"ng8yhihofukm6o0"},"id":"mqnz05ckw9ccrwq","previousOperationId":"7iq0d8pox6fr1sh"}
{"type":"log","timestamp":1725247651569,"level":"debug","message":"Data item not defined for this template.","meta":{"rootId":"ng8yhihofukm6o0","id":"ng8yhihofukm6o0"},"id":"vux2ew9uv0tgcml","previousOperationId":"7iq0d8pox6fr1sh"}
{"type":"log","timestamp":1725247651570,"level":"debug","message":"Base url not specified, skipping its injection.","meta":{"rootId":"ng8yhihofukm6o0","id":"ng8yhihofukm6o0"},"id":"1hjf6sw5yqvc08w","previousOperationId":"7iq0d8pox6fr1sh"}
{"type":"log","timestamp":1725247651578,"level":"debug","message":"Replaced assets [\"KhmerOSSiemreapRegular.ttf\",\"KhmerOSMuolLightRegular.ttf\",\"times_new_roman.ttf\",\"Tacteing.ttf\",\"limons1l.ttf\",\"arial.ttf\",\"/asset/images/draft-km.png\"]","meta":{"rootId":"ng8yhihofukm6o0","id":"ng8yhihofukm6o0"},"id":"pfveqeftbiav68x","previousOperationId":"7iq0d8pox6fr1sh"}
{"type":"operationStart","subtype":"engine","name":"handlebars","timestamp":1725247651579,"id":"2drom3j5wci43pj","previousEventId":"i2n57qg9wj9i9r8","operationId":"anjy6fxy6mgg0du","previousOperationId":"7iq0d8pox6fr1sh"}
{"type":"log","timestamp":1725247651579,"level":"debug","message":"Rendering engine handlebars","meta":{"rootId":"ng8yhihofukm6o0","id":"ng8yhihofukm6o0"},"id":"uzjbd82s99cssnv","previousOperationId":"anjy6fxy6mgg0du"}
{"type":"operationEnd","operationId":"anjy6fxy6mgg0du","timestamp":1725247651614,"id":"0gc2xels7scpp03","previousEventId":"2drom3j5wci43pj","previousOperationId":"anjy6fxy6mgg0du"}
{"type":"operationStart","subtype":"recipe","name":"chrome-pdf","timestamp":1725247651624,"id":"ur6rq8bnigvy96f","previousEventId":"0gc2xels7scpp03","operationId":"r3m9d9ifm365uwd","previousOperationId":"anjy6fxy6mgg0du"}
{"type":"log","timestamp":1725247651624,"level":"debug","message":"Executing recipe chrome-pdf","meta":{"rootId":"ng8yhihofukm6o0","id":"ng8yhihofukm6o0"},"id":"hifhcqtjn8wefqu","previousOperationId":"r3m9d9ifm365uwd"}
{"type":"log","timestamp":1725247651629,"level":"debug","message":"Converting with chrome Chrome/127.0.6533.99 using chrome-pool strategy","meta":{"rootId":"ng8yhihofukm6o0","id":"ng8yhihofukm6o0"},"id":"zig7v648f7zzpwq","previousOperationId":"r3m9d9ifm365uwd"}
{"type":"log","timestamp":1725247651675,"level":"debug","message":"Page request: GET (document) file:///C:/Users/shsmo/AppData/Local/Temp/jsreport/autocleanup/57e69609-f3e5-4773-84ab-3bbe87b25f02-chrome-pdf.html","meta":{"rootId":"ng8yhihofukm6o0","id":"ng8yhihofukm6o0"},"id":"at8gvjkrzhnkptw","previousOperationId":"r3m9d9ifm365uwd"}
{"type":"log","timestamp":1725247651876,"level":"debug","message":"Page request: GET (stylesheet) https://cdnjs.cloudflare.com/ajax/libs/font-awesome/4.7.0/css/font-awesome.min.css","meta":{"rootId":"ng8yhihofukm6o0","id":"ng8yhihofukm6o0"},"id":"7bdlslk9tkrf4t4","previousOperationId":"r3m9d9ifm365uwd"}
{"type":"log","timestamp":1725247651888,"level":"debug","message":"Page request finished: GET (document) 200 file:///C:/Users/shsmo/AppData/Local/Temp/jsreport/autocleanup/57e69609-f3e5-4773-84ab-3bbe87b25f02-chrome-pdf.html","meta":{"rootId":"ng8yhihofukm6o0","id":"ng8yhihofukm6o0"},"id":"hmmodmbvl1byxzi","previousOperationId":"r3m9d9ifm365uwd"}
{"type":"log","timestamp":1725247651889,"level":"debug","message":"Page request finished: GET (stylesheet) 200 https://cdnjs.cloudflare.com/ajax/libs/font-awesome/4.7.0/css/font-awesome.min.css","meta":{"rootId":"ng8yhihofukm6o0","id":"ng8yhihofukm6o0"},"id":"374cjd3j3dir0m5","previousOperationId":"r3m9d9ifm365uwd"}
{"type":"log","timestamp":1725247651906,"level":"debug","message":"Page request: GET (script) https://cdn.tailwindcss.com/","meta":{"rootId":"ng8yhihofukm6o0","id":"ng8yhihofukm6o0"},"id":"48ojuytekpxyfzt","previousOperationId":"r3m9d9ifm365uwd"}
{"type":"log","timestamp":1725247651906,"level":"debug","message":"Page request: GET (script) https://cdnjs.cloudflare.com/ajax/libs/lodash.js/4.17.11/lodash.min.js","meta":{"rootId":"ng8yhihofukm6o0","id":"ng8yhihofukm6o0"},"id":"7cl65w8tnb296lw","previousOperationId":"r3m9d9ifm365uwd"}
{"type":"log","timestamp":1725247651907,"level":"debug","message":"Page request: GET (script) https://unpkg.com/chart.js@2.7.3/dist/Chart.min.js","meta":{"rootId":"ng8yhihofukm6o0","id":"ng8yhihofukm6o0"},"id":"2c7xr6jjqrlmjfb","previousOperationId":"r3m9d9ifm365uwd"}
{"type":"log","timestamp":1725247651911,"level":"warn","message":"Page request failed: GET (script) 302 https://cdn.tailwindcss.com/ (redirect to: /3.4.5)","meta":{"rootId":"ng8yhihofukm6o0","id":"ng8yhihofukm6o0"},"id":"k10i7vxjrt95gqr","previousOperationId":"r3m9d9ifm365uwd"}
{"type":"log","timestamp":1725247651911,"level":"debug","message":"Page request: GET (script) https://cdn.tailwindcss.com/3.4.5 (redirect from: https://cdn.tailwindcss.com/)","meta":{"rootId":"ng8yhihofukm6o0","id":"ng8yhihofukm6o0"},"id":"6rl6v8z81k33mtl","previousOperationId":"r3m9d9ifm365uwd"}
{"type":"log","timestamp":1725247651915,"level":"debug","message":"Page request finished: GET (script) 200 https://cdnjs.cloudflare.com/ajax/libs/lodash.js/4.17.11/lodash.min.js","meta":{"rootId":"ng8yhihofukm6o0","id":"ng8yhihofukm6o0"},"id":"9deo344tybm40hu","previousOperationId":"r3m9d9ifm365uwd"}
{"type":"log","timestamp":1725247651917,"level":"debug","message":"Page request finished: GET (script) 200 https://unpkg.com/chart.js@2.7.3/dist/Chart.min.js","meta":{"rootId":"ng8yhihofukm6o0","id":"ng8yhihofukm6o0"},"id":"30322aqbrhpzxc7","previousOperationId":"r3m9d9ifm365uwd"}
{"type":"log","timestamp":1725247651928,"level":"debug","message":"Page request finished: GET (script) 200 https://cdn.tailwindcss.com/3.4.5","meta":{"rootId":"ng8yhihofukm6o0","id":"ng8yhihofukm6o0"},"id":"mady461lzmovcyt","previousOperationId":"r3m9d9ifm365uwd"}
{"type":"log","timestamp":1725247651966,"level":"debug","message":"(console:warn) cdn.tailwindcss.com should not be used in production. To use Tailwind CSS in production, install it as a PostCSS plugin or use the Tailwind CLI: https://tailwindcss.com/docs/installation","meta":{"userLevel":true,"rootId":"ng8yhihofukm6o0","id":"ng8yhihofukm6o0"},"id":"1dc0i6er35ug16l","previousOperationId":"r3m9d9ifm365uwd"}
{"type":"log","timestamp":1725247652037,"level":"warn","message":"Page error: issuesByStatusChart is not defined , stack: ReferenceError: issuesByStatusChart is not defined\n    at <anonymous> (file:///C:/Users/shsmo/AppData/Local/Temp/jsreport/autocleanup/57e69609-f3e5-4773-84ab-3bbe87b25f02-chrome-pdf.html:200:39)","meta":{"rootId":"ng8yhihofukm6o0","id":"ng8yhihofukm6o0"},"id":"ew86sdro0p5rnrz","previousOperationId":"r3m9d9ifm365uwd"}
{"type":"log","timestamp":1725247652039,"level":"debug","message":"Running chrome with params {\"printBackground\":true,\"format\":\"A4\",\"marginTop\":\"1cm\",\"marginBottom\":\"2cm\",\"timeout\":59934,\"margin\":{\"top\":\"1cm\",\"bottom\":\"2cm\"}}","meta":{"rootId":"ng8yhihofukm6o0","id":"ng8yhihofukm6o0"},"id":"i7ndt3i41z71bki","previousOperationId":"r3m9d9ifm365uwd"}
{"type":"operationEnd","operationId":"r3m9d9ifm365uwd","timestamp":1725247652086,"id":"sqxsme7e3m0opzy","previousEventId":"ur6rq8bnigvy96f","previousOperationId":"r3m9d9ifm365uwd"}
{"type":"log","timestamp":1725247652086,"level":"debug","message":"Skipping storing report.","meta":{"rootId":"ng8yhihofukm6o0","id":"ng8yhihofukm6o0"},"id":"0gkkf0kuj2s5ag9","previousOperationId":"r3m9d9ifm365uwd"}
{"type":"log","timestamp":1725247652086,"level":"info","message":"Rendering request 33 finished in 524 ms","meta":{"rootId":"ng8yhihofukm6o0","id":"ng8yhihofukm6o0"},"id":"q7mgks6suauje09","previousOperationId":"r3m9d9ifm365uwd"}
{"type":"operationEnd","subtype":"render","operationId":"7iq0d8pox6fr1sh","timestamp":1725247652086,"id":"l326zcgvm7vrkak","previousEventId":"sqxsme7e3m0opzy","previousOperationId":"r3m9d9ifm365uwd"}
{"type":"operationEnd","doDiffs":false,"previousEventId":"qsk2hqegcsgh4zc","previousOperationId":"upfn6kra26ktla8","operationId":"upfn6kra26ktla8","timestamp":1725247652088,"id":"g4hzn3obvsk39zw"}
