{"type":"operationStart","subtype":"profile","data":{"_id":"mHvj2QFApXmuc4gu","timestamp":"2024-09-02T03:27:42.909Z","state":"queued","mode":"standard","creationDate":"2024-09-02T03:27:42.911Z","modificationDate":"2024-09-02T03:27:42.911Z","shortid":"e490WUe","inheritedReadPermissions":[],"inheritedEditPermissions":[],"$entitySet":"profiles"},"doDiffs":false,"timestamp":1725247662910,"id":"vti0ask8pjbyrq1","previousOperationId":null,"operationId":"tpeyeppnr5ufily"}
{"type":"log","level":"info","message":"Render request 34 queued for execution and waiting for available worker","previousOperationId":"tpeyeppnr5ufily","timestamp":1725247662910,"id":"68whslua42bjr4a"}
{"type":"operationStart","subtype":"render","name":"chart_templates","previousOperationId":"tpeyeppnr5ufily","timestamp":1725247662919,"id":"6uzum1ek6905njs","previousEventId":"vti0ask8pjbyrq1","operationId":"aq5dt6ct3poi6q4"}
{"type":"log","timestamp":1725247662919,"level":"info","message":"Starting rendering request 34 (user: admin)","meta":{"rootId":"ojfn7ezjrz6knn5","id":"ojfn7ezjrz6knn5"},"id":"e56jd75kpbcvpoc","previousOperationId":"aq5dt6ct3poi6q4"}
{"type":"log","timestamp":1725247662919,"level":"info","message":"Rendering template { name: chart_templates, recipe: chrome-pdf, engine: handlebars, preview: true }","meta":{"rootId":"ojfn7ezjrz6knn5","id":"ojfn7ezjrz6knn5"},"id":"ksugaqojg38kpz7","previousOperationId":"aq5dt6ct3poi6q4"}
{"type":"log","timestamp":1725247662920,"level":"debug","message":"Data item not defined for this template.","meta":{"rootId":"ojfn7ezjrz6knn5","id":"ojfn7ezjrz6knn5"},"id":"7g87hc88vjo85nn","previousOperationId":"aq5dt6ct3poi6q4"}
{"type":"log","timestamp":1725247662921,"level":"debug","message":"Base url not specified, skipping its injection.","meta":{"rootId":"ojfn7ezjrz6knn5","id":"ojfn7ezjrz6knn5"},"id":"4vj2sflwrsgtlze","previousOperationId":"aq5dt6ct3poi6q4"}
{"type":"log","timestamp":1725247662929,"level":"debug","message":"Replaced assets [\"KhmerOSSiemreapRegular.ttf\",\"KhmerOSMuolLightRegular.ttf\",\"times_new_roman.ttf\",\"Tacteing.ttf\",\"limons1l.ttf\",\"arial.ttf\",\"/asset/images/draft-km.png\"]","meta":{"rootId":"ojfn7ezjrz6knn5","id":"ojfn7ezjrz6knn5"},"id":"xtpt0kl6alnbph3","previousOperationId":"aq5dt6ct3poi6q4"}
{"type":"operationStart","subtype":"engine","name":"handlebars","timestamp":1725247662930,"id":"dwcs1y5vo1ttp7z","previousEventId":"6uzum1ek6905njs","operationId":"szbiw4m9gfje15f","previousOperationId":"aq5dt6ct3poi6q4"}
{"type":"log","timestamp":1725247662930,"level":"debug","message":"Rendering engine handlebars","meta":{"rootId":"ojfn7ezjrz6knn5","id":"ojfn7ezjrz6knn5"},"id":"fjoqbk3hqvjfado","previousOperationId":"szbiw4m9gfje15f"}
{"type":"operationEnd","operationId":"szbiw4m9gfje15f","timestamp":1725247662965,"id":"wuhjadanzrfsa4y","previousEventId":"dwcs1y5vo1ttp7z","previousOperationId":"szbiw4m9gfje15f"}
{"type":"operationStart","subtype":"recipe","name":"chrome-pdf","timestamp":1725247662975,"id":"dccnjp5cb1iasod","previousEventId":"wuhjadanzrfsa4y","operationId":"8dju8jfg3ozfl2y","previousOperationId":"szbiw4m9gfje15f"}
{"type":"log","timestamp":1725247662975,"level":"debug","message":"Executing recipe chrome-pdf","meta":{"rootId":"ojfn7ezjrz6knn5","id":"ojfn7ezjrz6knn5"},"id":"lwb4yqunm273xhq","previousOperationId":"8dju8jfg3ozfl2y"}
{"type":"log","timestamp":1725247662980,"level":"debug","message":"Converting with chrome Chrome/127.0.6533.99 using chrome-pool strategy","meta":{"rootId":"ojfn7ezjrz6knn5","id":"ojfn7ezjrz6knn5"},"id":"6usy6tztp4n5245","previousOperationId":"8dju8jfg3ozfl2y"}
{"type":"log","timestamp":1725247663049,"level":"debug","message":"Page request: GET (document) file:///C:/Users/shsmo/AppData/Local/Temp/jsreport/autocleanup/57d805a7-132c-4fca-9023-a5b602923242-chrome-pdf.html","meta":{"rootId":"ojfn7ezjrz6knn5","id":"ojfn7ezjrz6knn5"},"id":"jne9c0uafhoa26d","previousOperationId":"8dju8jfg3ozfl2y"}
{"type":"log","timestamp":1725247663249,"level":"debug","message":"Page request: GET (stylesheet) https://cdnjs.cloudflare.com/ajax/libs/font-awesome/4.7.0/css/font-awesome.min.css","meta":{"rootId":"ojfn7ezjrz6knn5","id":"ojfn7ezjrz6knn5"},"id":"xjsg1gjz9o2vwoo","previousOperationId":"8dju8jfg3ozfl2y"}
{"type":"log","timestamp":1725247663259,"level":"debug","message":"Page request finished: GET (stylesheet) 200 https://cdnjs.cloudflare.com/ajax/libs/font-awesome/4.7.0/css/font-awesome.min.css","meta":{"rootId":"ojfn7ezjrz6knn5","id":"ojfn7ezjrz6knn5"},"id":"shrh621fjvltzx7","previousOperationId":"8dju8jfg3ozfl2y"}
{"type":"log","timestamp":1725247663263,"level":"debug","message":"Page request finished: GET (document) 200 file:///C:/Users/shsmo/AppData/Local/Temp/jsreport/autocleanup/57d805a7-132c-4fca-9023-a5b602923242-chrome-pdf.html","meta":{"rootId":"ojfn7ezjrz6knn5","id":"ojfn7ezjrz6knn5"},"id":"vzap4w9nzz1drzf","previousOperationId":"8dju8jfg3ozfl2y"}
{"type":"log","timestamp":1725247663280,"level":"debug","message":"Page request: GET (script) https://cdn.tailwindcss.com/","meta":{"rootId":"ojfn7ezjrz6knn5","id":"ojfn7ezjrz6knn5"},"id":"d2500f4d2vefao0","previousOperationId":"8dju8jfg3ozfl2y"}
{"type":"log","timestamp":1725247663280,"level":"debug","message":"Page request: GET (script) https://cdnjs.cloudflare.com/ajax/libs/lodash.js/4.17.11/lodash.min.js","meta":{"rootId":"ojfn7ezjrz6knn5","id":"ojfn7ezjrz6knn5"},"id":"5ysfw2r5dcqt3le","previousOperationId":"8dju8jfg3ozfl2y"}
{"type":"log","timestamp":1725247663281,"level":"debug","message":"Page request: GET (script) https://unpkg.com/chart.js@2.7.3/dist/Chart.min.js","meta":{"rootId":"ojfn7ezjrz6knn5","id":"ojfn7ezjrz6knn5"},"id":"7alhslq0ene50xn","previousOperationId":"8dju8jfg3ozfl2y"}
{"type":"log","timestamp":1725247663283,"level":"warn","message":"Page request failed: GET (script) 302 https://cdn.tailwindcss.com/ (redirect to: /3.4.5)","meta":{"rootId":"ojfn7ezjrz6knn5","id":"ojfn7ezjrz6knn5"},"id":"cqpfepolgw952qt","previousOperationId":"8dju8jfg3ozfl2y"}
{"type":"log","timestamp":1725247663283,"level":"debug","message":"Page request: GET (script) https://cdn.tailwindcss.com/3.4.5 (redirect from: https://cdn.tailwindcss.com/)","meta":{"rootId":"ojfn7ezjrz6knn5","id":"ojfn7ezjrz6knn5"},"id":"ezz1p7boc2jdee3","previousOperationId":"8dju8jfg3ozfl2y"}
{"type":"log","timestamp":1725247663286,"level":"debug","message":"Page request finished: GET (script) 200 https://cdnjs.cloudflare.com/ajax/libs/lodash.js/4.17.11/lodash.min.js","meta":{"rootId":"ojfn7ezjrz6knn5","id":"ojfn7ezjrz6knn5"},"id":"xr19k46dpydeivc","previousOperationId":"8dju8jfg3ozfl2y"}
{"type":"log","timestamp":1725247663288,"level":"debug","message":"Page request finished: GET (script) 200 https://unpkg.com/chart.js@2.7.3/dist/Chart.min.js","meta":{"rootId":"ojfn7ezjrz6knn5","id":"ojfn7ezjrz6knn5"},"id":"o83p7iqr4rucxa7","previousOperationId":"8dju8jfg3ozfl2y"}
{"type":"log","timestamp":1725247663298,"level":"debug","message":"Page request finished: GET (script) 200 https://cdn.tailwindcss.com/3.4.5","meta":{"rootId":"ojfn7ezjrz6knn5","id":"ojfn7ezjrz6knn5"},"id":"o7ogiw05p8sbolx","previousOperationId":"8dju8jfg3ozfl2y"}
{"type":"log","timestamp":1725247663337,"level":"debug","message":"(console:warn) cdn.tailwindcss.com should not be used in production. To use Tailwind CSS in production, install it as a PostCSS plugin or use the Tailwind CLI: https://tailwindcss.com/docs/installation","meta":{"userLevel":true,"rootId":"ojfn7ezjrz6knn5","id":"ojfn7ezjrz6knn5"},"id":"eei7b4dax34r7na","previousOperationId":"8dju8jfg3ozfl2y"}
{"type":"log","timestamp":1725247663406,"level":"warn","message":"Page error: issuesByStatusChart is not defined , stack: ReferenceError: issuesByStatusChart is not defined\n    at <anonymous> (file:///C:/Users/shsmo/AppData/Local/Temp/jsreport/autocleanup/57d805a7-132c-4fca-9023-a5b602923242-chrome-pdf.html:200:39)","meta":{"rootId":"ojfn7ezjrz6knn5","id":"ojfn7ezjrz6knn5"},"id":"l4msiskj4wxsu7a","previousOperationId":"8dju8jfg3ozfl2y"}
{"type":"log","timestamp":1725247663408,"level":"debug","message":"Running chrome with params {\"printBackground\":true,\"format\":\"A4\",\"marginTop\":\"1cm\",\"marginBottom\":\"2cm\",\"timeout\":59930,\"margin\":{\"top\":\"1cm\",\"bottom\":\"2cm\"}}","meta":{"rootId":"ojfn7ezjrz6knn5","id":"ojfn7ezjrz6knn5"},"id":"yagvtv4cq4u68qj","previousOperationId":"8dju8jfg3ozfl2y"}
{"type":"operationEnd","operationId":"8dju8jfg3ozfl2y","timestamp":1725247663457,"id":"ge9cd1l18c1lujl","previousEventId":"dccnjp5cb1iasod","previousOperationId":"8dju8jfg3ozfl2y"}
{"type":"log","timestamp":1725247663457,"level":"debug","message":"Skipping storing report.","meta":{"rootId":"ojfn7ezjrz6knn5","id":"ojfn7ezjrz6knn5"},"id":"xb26x9ii1uaobua","previousOperationId":"8dju8jfg3ozfl2y"}
{"type":"log","timestamp":1725247663457,"level":"info","message":"Rendering request 34 finished in 548 ms","meta":{"rootId":"ojfn7ezjrz6knn5","id":"ojfn7ezjrz6knn5"},"id":"ph1n1dx67ufpfhx","previousOperationId":"8dju8jfg3ozfl2y"}
{"type":"operationEnd","subtype":"render","operationId":"aq5dt6ct3poi6q4","timestamp":1725247663457,"id":"l5prmwmyvv91j8q","previousEventId":"ge9cd1l18c1lujl","previousOperationId":"8dju8jfg3ozfl2y"}
{"type":"operationEnd","doDiffs":false,"previousEventId":"vti0ask8pjbyrq1","previousOperationId":"tpeyeppnr5ufily","operationId":"tpeyeppnr5ufily","timestamp":1725247663459,"id":"wtjpg75caf8caba"}
