{"type":"operationStart","subtype":"profile","data":{"_id":"tlEAZHiai0D78kwZ","timestamp":"2024-09-02T03:36:17.690Z","state":"queued","mode":"standard","creationDate":"2024-09-02T03:36:17.692Z","modificationDate":"2024-09-02T03:36:17.692Z","shortid":"DvNgcHp","inheritedReadPermissions":[],"inheritedEditPermissions":[],"$entitySet":"profiles"},"doDiffs":false,"timestamp":1725248177691,"id":"po373q7pnkculc8","previousOperationId":null,"operationId":"bmd8a5jubdhdka7"}
{"type":"log","level":"info","message":"Render request 50 queued for execution and waiting for available worker","previousOperationId":"bmd8a5jubdhdka7","timestamp":1725248177691,"id":"4m2ki962wwuibme"}
{"type":"operationStart","subtype":"render","name":"chart_templates","previousOperationId":"bmd8a5jubdhdka7","timestamp":1725248177697,"id":"0p1kn7lqrh6p1vk","previousEventId":"po373q7pnkculc8","operationId":"65kyg4tmxj39n3v"}
{"type":"log","timestamp":1725248177697,"level":"info","message":"Starting rendering request 50 (user: admin)","meta":{"rootId":"q28g6qxh7zbhbk1","id":"q28g6qxh7zbhbk1"},"id":"7l4pr0psbmdvicp","previousOperationId":"65kyg4tmxj39n3v"}
{"type":"log","timestamp":1725248177697,"level":"info","message":"Rendering template { name: chart_templates, recipe: chrome-pdf, engine: handlebars, preview: true }","meta":{"rootId":"q28g6qxh7zbhbk1","id":"q28g6qxh7zbhbk1"},"id":"oam0u5iq0kvhnyb","previousOperationId":"65kyg4tmxj39n3v"}
{"type":"log","timestamp":1725248177697,"level":"debug","message":"Data item not defined for this template.","meta":{"rootId":"q28g6qxh7zbhbk1","id":"q28g6qxh7zbhbk1"},"id":"rbc3yatr00wzm33","previousOperationId":"65kyg4tmxj39n3v"}
{"type":"log","timestamp":1725248177699,"level":"debug","message":"Base url not specified, skipping its injection.","meta":{"rootId":"q28g6qxh7zbhbk1","id":"q28g6qxh7zbhbk1"},"id":"fucveyondur9d43","previousOperationId":"65kyg4tmxj39n3v"}
{"type":"log","timestamp":1725248177707,"level":"debug","message":"Replaced assets [\"KhmerOSSiemreapRegular.ttf\",\"KhmerOSMuolLightRegular.ttf\",\"times_new_roman.ttf\",\"Tacteing.ttf\",\"limons1l.ttf\",\"arial.ttf\",\"/asset/images/draft-km.png\"]","meta":{"rootId":"q28g6qxh7zbhbk1","id":"q28g6qxh7zbhbk1"},"id":"ktrnybuawojbhja","previousOperationId":"65kyg4tmxj39n3v"}
{"type":"operationStart","subtype":"engine","name":"handlebars","timestamp":1725248177708,"id":"veiczbiqkqym0rp","previousEventId":"0p1kn7lqrh6p1vk","operationId":"eup1kii7ys9qytl","previousOperationId":"65kyg4tmxj39n3v"}
{"type":"log","timestamp":1725248177708,"level":"debug","message":"Rendering engine handlebars","meta":{"rootId":"q28g6qxh7zbhbk1","id":"q28g6qxh7zbhbk1"},"id":"q0htn9e131pgem7","previousOperationId":"eup1kii7ys9qytl"}
{"type":"operationEnd","operationId":"eup1kii7ys9qytl","timestamp":1725248177738,"id":"d0mfbgmwlr4afnr","previousEventId":"veiczbiqkqym0rp","previousOperationId":"eup1kii7ys9qytl"}
{"type":"operationStart","subtype":"recipe","name":"chrome-pdf","timestamp":1725248177748,"id":"fspcyidkqvot3qt","previousEventId":"d0mfbgmwlr4afnr","operationId":"s7c78t3dufs3drq","previousOperationId":"eup1kii7ys9qytl"}
{"type":"log","timestamp":1725248177749,"level":"debug","message":"Executing recipe chrome-pdf","meta":{"rootId":"q28g6qxh7zbhbk1","id":"q28g6qxh7zbhbk1"},"id":"ct0z4a8ong7ub3m","previousOperationId":"s7c78t3dufs3drq"}
{"type":"log","timestamp":1725248177753,"level":"debug","message":"Converting with chrome Chrome/127.0.6533.99 using chrome-pool strategy","meta":{"rootId":"q28g6qxh7zbhbk1","id":"q28g6qxh7zbhbk1"},"id":"p2oyicjk5msbtz2","previousOperationId":"s7c78t3dufs3drq"}
{"type":"log","timestamp":1725248177847,"level":"debug","message":"Page request: GET (document) file:///C:/Users/shsmo/AppData/Local/Temp/jsreport/autocleanup/63c33d72-279d-4d13-a6b4-5477beed2574-chrome-pdf.html","meta":{"rootId":"q28g6qxh7zbhbk1","id":"q28g6qxh7zbhbk1"},"id":"n31gf9kdvu2lbif","previousOperationId":"s7c78t3dufs3drq"}
{"type":"log","timestamp":1725248178068,"level":"debug","message":"Page request: GET (stylesheet) https://cdnjs.cloudflare.com/ajax/libs/font-awesome/4.7.0/css/font-awesome.min.css","meta":{"rootId":"q28g6qxh7zbhbk1","id":"q28g6qxh7zbhbk1"},"id":"7v28g2b4wz4vm9d","previousOperationId":"s7c78t3dufs3drq"}
{"type":"log","timestamp":1725248178076,"level":"debug","message":"Page request finished: GET (stylesheet) 200 https://cdnjs.cloudflare.com/ajax/libs/font-awesome/4.7.0/css/font-awesome.min.css","meta":{"rootId":"q28g6qxh7zbhbk1","id":"q28g6qxh7zbhbk1"},"id":"wjv8ho2ijrchy3d","previousOperationId":"s7c78t3dufs3drq"}
{"type":"log","timestamp":1725248178081,"level":"debug","message":"Page request finished: GET (document) 200 file:///C:/Users/shsmo/AppData/Local/Temp/jsreport/autocleanup/63c33d72-279d-4d13-a6b4-5477beed2574-chrome-pdf.html","meta":{"rootId":"q28g6qxh7zbhbk1","id":"q28g6qxh7zbhbk1"},"id":"tk9s0zcciwxqti3","previousOperationId":"s7c78t3dufs3drq"}
{"type":"log","timestamp":1725248178095,"level":"debug","message":"Page request: GET (script) https://cdn.tailwindcss.com/","meta":{"rootId":"q28g6qxh7zbhbk1","id":"q28g6qxh7zbhbk1"},"id":"we5tg00kxexpd9i","previousOperationId":"s7c78t3dufs3drq"}
{"type":"log","timestamp":1725248178095,"level":"debug","message":"Page request: GET (script) https://cdnjs.cloudflare.com/ajax/libs/lodash.js/4.17.11/lodash.min.js","meta":{"rootId":"q28g6qxh7zbhbk1","id":"q28g6qxh7zbhbk1"},"id":"atutk5yehrt78rm","previousOperationId":"s7c78t3dufs3drq"}
{"type":"log","timestamp":1725248178096,"level":"debug","message":"Page request: GET (script) https://unpkg.com/chart.js@2.7.3/dist/Chart.min.js","meta":{"rootId":"q28g6qxh7zbhbk1","id":"q28g6qxh7zbhbk1"},"id":"2nadkw7mnki6ho2","previousOperationId":"s7c78t3dufs3drq"}
{"type":"log","timestamp":1725248178098,"level":"warn","message":"Page request failed: GET (script) 302 https://cdn.tailwindcss.com/ (redirect to: /3.4.5)","meta":{"rootId":"q28g6qxh7zbhbk1","id":"q28g6qxh7zbhbk1"},"id":"8qjdscvnyubd2it","previousOperationId":"s7c78t3dufs3drq"}
{"type":"log","timestamp":1725248178098,"level":"debug","message":"Page request: GET (script) https://cdn.tailwindcss.com/3.4.5 (redirect from: https://cdn.tailwindcss.com/)","meta":{"rootId":"q28g6qxh7zbhbk1","id":"q28g6qxh7zbhbk1"},"id":"6aiopac4b72usm4","previousOperationId":"s7c78t3dufs3drq"}
{"type":"log","timestamp":1725248178101,"level":"debug","message":"Page request finished: GET (script) 200 https://cdnjs.cloudflare.com/ajax/libs/lodash.js/4.17.11/lodash.min.js","meta":{"rootId":"q28g6qxh7zbhbk1","id":"q28g6qxh7zbhbk1"},"id":"rskyckbe6y43buf","previousOperationId":"s7c78t3dufs3drq"}
{"type":"log","timestamp":1725248178102,"level":"debug","message":"Page request finished: GET (script) 200 https://unpkg.com/chart.js@2.7.3/dist/Chart.min.js","meta":{"rootId":"q28g6qxh7zbhbk1","id":"q28g6qxh7zbhbk1"},"id":"m8bxd7rjl90i7av","previousOperationId":"s7c78t3dufs3drq"}
{"type":"log","timestamp":1725248178111,"level":"debug","message":"Page request finished: GET (script) 200 https://cdn.tailwindcss.com/3.4.5","meta":{"rootId":"q28g6qxh7zbhbk1","id":"q28g6qxh7zbhbk1"},"id":"h38eqdfhjarwqzp","previousOperationId":"s7c78t3dufs3drq"}
{"type":"log","timestamp":1725248178148,"level":"debug","message":"(console:warn) cdn.tailwindcss.com should not be used in production. To use Tailwind CSS in production, install it as a PostCSS plugin or use the Tailwind CLI: https://tailwindcss.com/docs/installation","meta":{"userLevel":true,"rootId":"q28g6qxh7zbhbk1","id":"q28g6qxh7zbhbk1"},"id":"pl3p7vbt755r90l","previousOperationId":"s7c78t3dufs3drq"}
{"type":"log","timestamp":1725248178247,"level":"debug","message":"Running chrome with params {\"printBackground\":true,\"format\":\"A4\",\"marginTop\":\"1cm\",\"marginBottom\":\"2cm\",\"timeout\":59938,\"margin\":{\"top\":\"1cm\",\"bottom\":\"2cm\"}}","meta":{"rootId":"q28g6qxh7zbhbk1","id":"q28g6qxh7zbhbk1"},"id":"94zv6igywl739ob","previousOperationId":"s7c78t3dufs3drq"}
{"type":"operationEnd","operationId":"s7c78t3dufs3drq","timestamp":1725248178327,"id":"ccqer6u39fda0vw","previousEventId":"fspcyidkqvot3qt","previousOperationId":"s7c78t3dufs3drq"}
{"type":"log","timestamp":1725248178327,"level":"debug","message":"Skipping storing report.","meta":{"rootId":"q28g6qxh7zbhbk1","id":"q28g6qxh7zbhbk1"},"id":"fotc40om4e2341i","previousOperationId":"s7c78t3dufs3drq"}
{"type":"log","timestamp":1725248178327,"level":"info","message":"Rendering request 50 finished in 637 ms","meta":{"rootId":"q28g6qxh7zbhbk1","id":"q28g6qxh7zbhbk1"},"id":"3j8wgr48gn4zch9","previousOperationId":"s7c78t3dufs3drq"}
{"type":"operationEnd","subtype":"render","operationId":"65kyg4tmxj39n3v","timestamp":1725248178327,"id":"rda6dhbkksj19gp","previousEventId":"ccqer6u39fda0vw","previousOperationId":"s7c78t3dufs3drq"}
{"type":"operationEnd","doDiffs":false,"previousEventId":"po373q7pnkculc8","previousOperationId":"bmd8a5jubdhdka7","operationId":"bmd8a5jubdhdka7","timestamp":1725248178329,"id":"f974jc6npmhpxra"}
