{"type":"operationStart","subtype":"profile","data":{"_id":"NvqToAH6e2BvPlB1","timestamp":"2024-09-03T03:26:39.853Z","state":"queued","mode":"standard","creationDate":"2024-09-03T03:26:39.858Z","modificationDate":"2024-09-03T03:26:39.858Z","shortid":"Mlwdlmk","inheritedReadPermissions":[],"inheritedEditPermissions":[],"$entitySet":"profiles"},"doDiffs":false,"timestamp":1725333999855,"id":"aqodc3ejz3meeri","previousOperationId":null,"operationId":"y5vofqj1145gigu"}
{"type":"log","level":"info","message":"Render request 1 queued for execution and waiting for available worker","previousOperationId":"y5vofqj1145gigu","timestamp":1725333999856,"id":"x10ebaleybf1483"}
{"type":"operationStart","subtype":"render","name":"chart_templates","previousOperationId":"y5vofqj1145gigu","timestamp":1725333999879,"id":"ejjss7c7g4nczyl","previousEventId":"aqodc3ejz3meeri","operationId":"c9sfjtmmikoifs1"}
{"type":"log","timestamp":1725333999880,"level":"info","message":"Starting rendering request 1 (user: admin)","meta":{"rootId":"qlwre122cjn6u78","id":"qlwre122cjn6u78"},"id":"g2fxng50zzu5487","previousOperationId":"c9sfjtmmikoifs1"}
{"type":"log","timestamp":1725333999881,"level":"info","message":"Rendering template { name: chart_templates, recipe: chrome-pdf, engine: handlebars, preview: true }","meta":{"rootId":"qlwre122cjn6u78","id":"qlwre122cjn6u78"},"id":"4g01jb39gdyawjp","previousOperationId":"c9sfjtmmikoifs1"}
{"type":"log","timestamp":1725333999882,"level":"debug","message":"Data item not defined for this template.","meta":{"rootId":"qlwre122cjn6u78","id":"qlwre122cjn6u78"},"id":"zzadip1eatnv540","previousOperationId":"c9sfjtmmikoifs1"}
{"type":"log","timestamp":1725333999884,"level":"debug","message":"Base url not specified, skipping its injection.","meta":{"rootId":"qlwre122cjn6u78","id":"qlwre122cjn6u78"},"id":"xktabzo8bt577m4","previousOperationId":"c9sfjtmmikoifs1"}
{"type":"log","timestamp":1725333999896,"level":"debug","message":"Replaced assets [\"KhmerOSSiemreapRegular.ttf\",\"KhmerOSMuolLightRegular.ttf\",\"times_new_roman.ttf\",\"Tacteing.ttf\",\"limons1l.ttf\",\"arial.ttf\",\"/asset/images/draft-km.png\"]","meta":{"rootId":"qlwre122cjn6u78","id":"qlwre122cjn6u78"},"id":"m8y3iqrbgl4k08v","previousOperationId":"c9sfjtmmikoifs1"}
{"type":"operationStart","subtype":"engine","name":"handlebars","timestamp":1725333999897,"id":"byyohsj74k2mq1r","previousEventId":"ejjss7c7g4nczyl","operationId":"017o7r9x5erogm1","previousOperationId":"c9sfjtmmikoifs1"}
{"type":"log","timestamp":1725333999897,"level":"debug","message":"Rendering engine handlebars","meta":{"rootId":"qlwre122cjn6u78","id":"qlwre122cjn6u78"},"id":"fc14f6c87fn1dl2","previousOperationId":"017o7r9x5erogm1"}
{"type":"operationEnd","operationId":"017o7r9x5erogm1","timestamp":1725334000366,"id":"szm0xog8ym7dwv1","previousEventId":"byyohsj74k2mq1r","previousOperationId":"017o7r9x5erogm1"}
{"type":"operationStart","subtype":"recipe","name":"chrome-pdf","timestamp":1725334000374,"id":"p1h81c4xz6lxvlz","previousEventId":"szm0xog8ym7dwv1","operationId":"y2mcex9s2m9cz3h","previousOperationId":"017o7r9x5erogm1"}
{"type":"log","timestamp":1725334000374,"level":"debug","message":"Executing recipe chrome-pdf","meta":{"rootId":"qlwre122cjn6u78","id":"qlwre122cjn6u78"},"id":"zztzcz6bikxibmn","previousOperationId":"y2mcex9s2m9cz3h"}
{"type":"log","timestamp":1725334001288,"level":"debug","message":"Converting with chrome Chrome/127.0.6533.99 using chrome-pool strategy","meta":{"rootId":"qlwre122cjn6u78","id":"qlwre122cjn6u78"},"id":"ywk2m7l52ehiq8e","previousOperationId":"y2mcex9s2m9cz3h"}
{"type":"log","timestamp":1725334001347,"level":"debug","message":"Page request: GET (document) file:///C:/Users/shsmo/AppData/Local/Temp/jsreport/autocleanup/10380b0d-417f-4346-9c09-7f22cf39a269-chrome-pdf.html","meta":{"rootId":"qlwre122cjn6u78","id":"qlwre122cjn6u78"},"id":"pn68tjftm108jfm","previousOperationId":"y2mcex9s2m9cz3h"}
{"type":"log","timestamp":1725334001455,"level":"debug","message":"Page request: GET (stylesheet) https://cdnjs.cloudflare.com/ajax/libs/font-awesome/4.7.0/css/font-awesome.min.css","meta":{"rootId":"qlwre122cjn6u78","id":"qlwre122cjn6u78"},"id":"a6hxpxm7sb2hxje","previousOperationId":"y2mcex9s2m9cz3h"}
{"type":"log","timestamp":1725334001467,"level":"debug","message":"Page request finished: GET (document) 200 file:///C:/Users/shsmo/AppData/Local/Temp/jsreport/autocleanup/10380b0d-417f-4346-9c09-7f22cf39a269-chrome-pdf.html","meta":{"rootId":"qlwre122cjn6u78","id":"qlwre122cjn6u78"},"id":"ntj41zy83egyaua","previousOperationId":"y2mcex9s2m9cz3h"}
{"type":"log","timestamp":1725334001484,"level":"debug","message":"Page request: GET (script) https://cdn.tailwindcss.com/","meta":{"rootId":"qlwre122cjn6u78","id":"qlwre122cjn6u78"},"id":"0zyxnwgb3suh9kf","previousOperationId":"y2mcex9s2m9cz3h"}
{"type":"log","timestamp":1725334001485,"level":"debug","message":"Page request: GET (script) https://cdnjs.cloudflare.com/ajax/libs/lodash.js/4.17.11/lodash.min.js","meta":{"rootId":"qlwre122cjn6u78","id":"qlwre122cjn6u78"},"id":"7zlt40xdibfwzn1","previousOperationId":"y2mcex9s2m9cz3h"}
{"type":"log","timestamp":1725334001485,"level":"debug","message":"Page request: GET (script) https://unpkg.com/chart.js@2.7.3/dist/Chart.min.js","meta":{"rootId":"qlwre122cjn6u78","id":"qlwre122cjn6u78"},"id":"veyoruizkbmqh30","previousOperationId":"y2mcex9s2m9cz3h"}
{"type":"log","timestamp":1725334001601,"level":"debug","message":"Page request finished: GET (stylesheet) 200 https://cdnjs.cloudflare.com/ajax/libs/font-awesome/4.7.0/css/font-awesome.min.css","meta":{"rootId":"qlwre122cjn6u78","id":"qlwre122cjn6u78"},"id":"tckxd9ha2xcebp3","previousOperationId":"y2mcex9s2m9cz3h"}
{"type":"log","timestamp":1725334001650,"level":"debug","message":"Page request finished: GET (script) 200 https://cdnjs.cloudflare.com/ajax/libs/lodash.js/4.17.11/lodash.min.js","meta":{"rootId":"qlwre122cjn6u78","id":"qlwre122cjn6u78"},"id":"tozt72yxl12ftb8","previousOperationId":"y2mcex9s2m9cz3h"}
{"type":"log","timestamp":1725334001703,"level":"warn","message":"Page request failed: GET (script) 302 https://cdn.tailwindcss.com/ (redirect to: /3.4.5)","meta":{"rootId":"qlwre122cjn6u78","id":"qlwre122cjn6u78"},"id":"j367v2748w8kats","previousOperationId":"y2mcex9s2m9cz3h"}
{"type":"log","timestamp":1725334001703,"level":"debug","message":"Page request: GET (script) https://cdn.tailwindcss.com/3.4.5 (redirect from: https://cdn.tailwindcss.com/)","meta":{"rootId":"qlwre122cjn6u78","id":"qlwre122cjn6u78"},"id":"rcizde2yha7zu5l","previousOperationId":"y2mcex9s2m9cz3h"}
{"type":"log","timestamp":1725334001817,"level":"debug","message":"Page request finished: GET (script) 200 https://cdn.tailwindcss.com/3.4.5","meta":{"rootId":"qlwre122cjn6u78","id":"qlwre122cjn6u78"},"id":"k66lpacpld4tmdp","previousOperationId":"y2mcex9s2m9cz3h"}
{"type":"log","timestamp":1725334001851,"level":"debug","message":"(console:warn) cdn.tailwindcss.com should not be used in production. To use Tailwind CSS in production, install it as a PostCSS plugin or use the Tailwind CLI: https://tailwindcss.com/docs/installation","meta":{"userLevel":true,"rootId":"qlwre122cjn6u78","id":"qlwre122cjn6u78"},"id":"euq21hnko33ek3h","previousOperationId":"y2mcex9s2m9cz3h"}
{"type":"log","timestamp":1725334006004,"level":"debug","message":"Page request finished: GET (script) 200 https://unpkg.com/chart.js@2.7.3/dist/Chart.min.js","meta":{"rootId":"qlwre122cjn6u78","id":"qlwre122cjn6u78"},"id":"yf4rlel4wdp7ux3","previousOperationId":"y2mcex9s2m9cz3h"}
{"type":"log","timestamp":1725334006025,"level":"debug","message":"Running chrome with params {\"printBackground\":true,\"format\":\"A4\",\"marginTop\":\"1cm\",\"marginBottom\":\"2cm\",\"timeout\":59195,\"margin\":{\"top\":\"1cm\",\"bottom\":\"2cm\"}}","meta":{"rootId":"qlwre122cjn6u78","id":"qlwre122cjn6u78"},"id":"k4d1ai52rtw377w","previousOperationId":"y2mcex9s2m9cz3h"}
{"type":"operationEnd","operationId":"y2mcex9s2m9cz3h","timestamp":1725334006255,"id":"xbpqdomk2f3tpva","previousEventId":"p1h81c4xz6lxvlz","previousOperationId":"y2mcex9s2m9cz3h"}
{"type":"log","timestamp":1725334006255,"level":"debug","message":"Skipping storing report.","meta":{"rootId":"qlwre122cjn6u78","id":"qlwre122cjn6u78"},"id":"t19jmcw2y4exreb","previousOperationId":"y2mcex9s2m9cz3h"}
{"type":"log","timestamp":1725334006255,"level":"info","message":"Rendering request 1 finished in 6403 ms","meta":{"rootId":"qlwre122cjn6u78","id":"qlwre122cjn6u78"},"id":"hxd4olorl5xdr0z","previousOperationId":"y2mcex9s2m9cz3h"}
{"type":"operationEnd","subtype":"render","operationId":"c9sfjtmmikoifs1","timestamp":1725334006256,"id":"v08xzypus05fngv","previousEventId":"xbpqdomk2f3tpva","previousOperationId":"y2mcex9s2m9cz3h"}
{"type":"operationEnd","doDiffs":false,"previousEventId":"aqodc3ejz3meeri","previousOperationId":"y5vofqj1145gigu","operationId":"y5vofqj1145gigu","timestamp":1725334006258,"id":"sonoie0q1hiy3ap"}
