{"type":"operationStart","subtype":"profile","data":{"_id":"ZmOz0pnncUMI4wPX","timestamp":"2024-09-02T03:28:08.762Z","state":"queued","mode":"standard","creationDate":"2024-09-02T03:28:08.763Z","modificationDate":"2024-09-02T03:28:08.763Z","shortid":"JCO0Kaf","inheritedReadPermissions":[],"inheritedEditPermissions":[],"$entitySet":"profiles"},"doDiffs":false,"timestamp":1725247688762,"id":"p02co09yg9t6akb","previousOperationId":null,"operationId":"272ckrbxkbvhv3f"}
{"type":"log","level":"info","message":"Render request 36 queued for execution and waiting for available worker","previousOperationId":"272ckrbxkbvhv3f","timestamp":1725247688762,"id":"sc1dv677qgy4mmh"}
{"type":"operationStart","subtype":"render","name":"chart_templates","previousOperationId":"272ckrbxkbvhv3f","timestamp":1725247688769,"id":"etwqh1342jj8vnl","previousEventId":"p02co09yg9t6akb","operationId":"c2t38157qxsdiy2"}
{"type":"log","timestamp":1725247688769,"level":"info","message":"Starting rendering request 36 (user: admin)","meta":{"rootId":"qnvrkpioii4c8k7","id":"qnvrkpioii4c8k7"},"id":"snvyst999klzkh1","previousOperationId":"c2t38157qxsdiy2"}
{"type":"log","timestamp":1725247688770,"level":"info","message":"Rendering template { name: chart_templates, recipe: chrome-pdf, engine: handlebars, preview: true }","meta":{"rootId":"qnvrkpioii4c8k7","id":"qnvrkpioii4c8k7"},"id":"f1ejtdvcj0ysnky","previousOperationId":"c2t38157qxsdiy2"}
{"type":"log","timestamp":1725247688770,"level":"debug","message":"Data item not defined for this template.","meta":{"rootId":"qnvrkpioii4c8k7","id":"qnvrkpioii4c8k7"},"id":"4qshafnsvsa85f4","previousOperationId":"c2t38157qxsdiy2"}
{"type":"log","timestamp":1725247688771,"level":"debug","message":"Base url not specified, skipping its injection.","meta":{"rootId":"qnvrkpioii4c8k7","id":"qnvrkpioii4c8k7"},"id":"kkg8d3linlvatxw","previousOperationId":"c2t38157qxsdiy2"}
{"type":"log","timestamp":1725247688782,"level":"debug","message":"Replaced assets [\"KhmerOSSiemreapRegular.ttf\",\"KhmerOSMuolLightRegular.ttf\",\"times_new_roman.ttf\",\"Tacteing.ttf\",\"limons1l.ttf\",\"arial.ttf\",\"/asset/images/draft-km.png\"]","meta":{"rootId":"qnvrkpioii4c8k7","id":"qnvrkpioii4c8k7"},"id":"qt72f36m1yfz9yu","previousOperationId":"c2t38157qxsdiy2"}
{"type":"operationStart","subtype":"engine","name":"handlebars","timestamp":1725247688783,"id":"dksbbahwjdaqtnd","previousEventId":"etwqh1342jj8vnl","operationId":"echwjxa531jqx1r","previousOperationId":"c2t38157qxsdiy2"}
{"type":"log","timestamp":1725247688783,"level":"debug","message":"Rendering engine handlebars","meta":{"rootId":"qnvrkpioii4c8k7","id":"qnvrkpioii4c8k7"},"id":"pwsm762qwthnaz3","previousOperationId":"echwjxa531jqx1r"}
{"type":"operationEnd","operationId":"echwjxa531jqx1r","timestamp":1725247688821,"id":"2xzsgbztozk14ys","previousEventId":"dksbbahwjdaqtnd","previousOperationId":"echwjxa531jqx1r"}
{"type":"operationStart","subtype":"recipe","name":"chrome-pdf","timestamp":1725247688833,"id":"34qi1ub8e8miwom","previousEventId":"2xzsgbztozk14ys","operationId":"dwid5b10mdl8l7k","previousOperationId":"echwjxa531jqx1r"}
{"type":"log","timestamp":1725247688833,"level":"debug","message":"Executing recipe chrome-pdf","meta":{"rootId":"qnvrkpioii4c8k7","id":"qnvrkpioii4c8k7"},"id":"jcnmpuqk7vmr1vm","previousOperationId":"dwid5b10mdl8l7k"}
{"type":"log","timestamp":1725247688838,"level":"debug","message":"Converting with chrome Chrome/127.0.6533.99 using chrome-pool strategy","meta":{"rootId":"qnvrkpioii4c8k7","id":"qnvrkpioii4c8k7"},"id":"0374b077599mvjn","previousOperationId":"dwid5b10mdl8l7k"}
{"type":"log","timestamp":1725247688931,"level":"debug","message":"Page request: GET (document) file:///C:/Users/shsmo/AppData/Local/Temp/jsreport/autocleanup/e837fdb0-6ebc-43a5-8c3a-602771a49139-chrome-pdf.html","meta":{"rootId":"qnvrkpioii4c8k7","id":"qnvrkpioii4c8k7"},"id":"h61ekmvza0c9y6h","previousOperationId":"dwid5b10mdl8l7k"}
{"type":"log","timestamp":1725247689143,"level":"debug","message":"Page request: GET (stylesheet) https://cdnjs.cloudflare.com/ajax/libs/font-awesome/4.7.0/css/font-awesome.min.css","meta":{"rootId":"qnvrkpioii4c8k7","id":"qnvrkpioii4c8k7"},"id":"l2tfukiz2redv0h","previousOperationId":"dwid5b10mdl8l7k"}
{"type":"log","timestamp":1725247689153,"level":"debug","message":"Page request finished: GET (document) 200 file:///C:/Users/shsmo/AppData/Local/Temp/jsreport/autocleanup/e837fdb0-6ebc-43a5-8c3a-602771a49139-chrome-pdf.html","meta":{"rootId":"qnvrkpioii4c8k7","id":"qnvrkpioii4c8k7"},"id":"3nqhwz6iv1etfvf","previousOperationId":"dwid5b10mdl8l7k"}
{"type":"log","timestamp":1725247689155,"level":"debug","message":"Page request finished: GET (stylesheet) 200 https://cdnjs.cloudflare.com/ajax/libs/font-awesome/4.7.0/css/font-awesome.min.css","meta":{"rootId":"qnvrkpioii4c8k7","id":"qnvrkpioii4c8k7"},"id":"vju4fsu16fzqvb0","previousOperationId":"dwid5b10mdl8l7k"}
{"type":"log","timestamp":1725247689173,"level":"debug","message":"Page request: GET (script) https://cdn.tailwindcss.com/","meta":{"rootId":"qnvrkpioii4c8k7","id":"qnvrkpioii4c8k7"},"id":"d9vw9ydipnwk6ii","previousOperationId":"dwid5b10mdl8l7k"}
{"type":"log","timestamp":1725247689173,"level":"debug","message":"Page request: GET (script) https://cdnjs.cloudflare.com/ajax/libs/lodash.js/4.17.11/lodash.min.js","meta":{"rootId":"qnvrkpioii4c8k7","id":"qnvrkpioii4c8k7"},"id":"fr673l8cfmk9zle","previousOperationId":"dwid5b10mdl8l7k"}
{"type":"log","timestamp":1725247689173,"level":"debug","message":"Page request: GET (script) https://unpkg.com/chart.js@2.7.3/dist/Chart.min.js","meta":{"rootId":"qnvrkpioii4c8k7","id":"qnvrkpioii4c8k7"},"id":"zk7i914dd9j5ahf","previousOperationId":"dwid5b10mdl8l7k"}
{"type":"log","timestamp":1725247689176,"level":"warn","message":"Page request failed: GET (script) 302 https://cdn.tailwindcss.com/ (redirect to: /3.4.5)","meta":{"rootId":"qnvrkpioii4c8k7","id":"qnvrkpioii4c8k7"},"id":"7s348bwxl0zxhwm","previousOperationId":"dwid5b10mdl8l7k"}
{"type":"log","timestamp":1725247689176,"level":"debug","message":"Page request: GET (script) https://cdn.tailwindcss.com/3.4.5 (redirect from: https://cdn.tailwindcss.com/)","meta":{"rootId":"qnvrkpioii4c8k7","id":"qnvrkpioii4c8k7"},"id":"2f02fbxv5aazd27","previousOperationId":"dwid5b10mdl8l7k"}
{"type":"log","timestamp":1725247689180,"level":"debug","message":"Page request finished: GET (script) 200 https://cdnjs.cloudflare.com/ajax/libs/lodash.js/4.17.11/lodash.min.js","meta":{"rootId":"qnvrkpioii4c8k7","id":"qnvrkpioii4c8k7"},"id":"f9aijt5n65j0njc","previousOperationId":"dwid5b10mdl8l7k"}
{"type":"log","timestamp":1725247689183,"level":"debug","message":"Page request finished: GET (script) 200 https://unpkg.com/chart.js@2.7.3/dist/Chart.min.js","meta":{"rootId":"qnvrkpioii4c8k7","id":"qnvrkpioii4c8k7"},"id":"lcwyfhcg9snsk4k","previousOperationId":"dwid5b10mdl8l7k"}
{"type":"log","timestamp":1725247689192,"level":"debug","message":"Page request finished: GET (script) 200 https://cdn.tailwindcss.com/3.4.5","meta":{"rootId":"qnvrkpioii4c8k7","id":"qnvrkpioii4c8k7"},"id":"axckk8215ksjv8l","previousOperationId":"dwid5b10mdl8l7k"}
{"type":"log","timestamp":1725247689230,"level":"debug","message":"(console:warn) cdn.tailwindcss.com should not be used in production. To use Tailwind CSS in production, install it as a PostCSS plugin or use the Tailwind CLI: https://tailwindcss.com/docs/installation","meta":{"userLevel":true,"rootId":"qnvrkpioii4c8k7","id":"qnvrkpioii4c8k7"},"id":"ekaucf8ieifzpg0","previousOperationId":"dwid5b10mdl8l7k"}
{"type":"log","timestamp":1725247689302,"level":"warn","message":"Page error: issuesByStatusChart is not defined , stack: ReferenceError: issuesByStatusChart is not defined\n    at <anonymous> (file:///C:/Users/shsmo/AppData/Local/Temp/jsreport/autocleanup/e837fdb0-6ebc-43a5-8c3a-602771a49139-chrome-pdf.html:200:39)","meta":{"rootId":"qnvrkpioii4c8k7","id":"qnvrkpioii4c8k7"},"id":"86xvalrgplftn0d","previousOperationId":"dwid5b10mdl8l7k"}
{"type":"log","timestamp":1725247689307,"level":"debug","message":"Running chrome with params {\"printBackground\":true,\"format\":\"A4\",\"marginTop\":\"1cm\",\"marginBottom\":\"2cm\",\"timeout\":59925,\"margin\":{\"top\":\"1cm\",\"bottom\":\"2cm\"}}","meta":{"rootId":"qnvrkpioii4c8k7","id":"qnvrkpioii4c8k7"},"id":"uaj129nwinknhe9","previousOperationId":"dwid5b10mdl8l7k"}
{"type":"operationEnd","operationId":"dwid5b10mdl8l7k","timestamp":1725247689352,"id":"in8pugox709sv91","previousEventId":"34qi1ub8e8miwom","previousOperationId":"dwid5b10mdl8l7k"}
{"type":"log","timestamp":1725247689353,"level":"debug","message":"Skipping storing report.","meta":{"rootId":"qnvrkpioii4c8k7","id":"qnvrkpioii4c8k7"},"id":"n6m4tbl1e6dul6b","previousOperationId":"dwid5b10mdl8l7k"}
{"type":"log","timestamp":1725247689353,"level":"info","message":"Rendering request 36 finished in 591 ms","meta":{"rootId":"qnvrkpioii4c8k7","id":"qnvrkpioii4c8k7"},"id":"w983oqzy9tx2yad","previousOperationId":"dwid5b10mdl8l7k"}
{"type":"operationEnd","subtype":"render","operationId":"c2t38157qxsdiy2","timestamp":1725247689353,"id":"04ylobk4y6be635","previousEventId":"in8pugox709sv91","previousOperationId":"dwid5b10mdl8l7k"}
{"type":"operationEnd","doDiffs":false,"previousEventId":"p02co09yg9t6akb","previousOperationId":"272ckrbxkbvhv3f","operationId":"272ckrbxkbvhv3f","timestamp":1725247689355,"id":"bwfumip6hnehh5o"}
