{"type":"operationStart","subtype":"profile","data":{"_id":"TNWbFWkVpBMhqPka","timestamp":"2024-09-02T03:12:08.442Z","state":"queued","mode":"standard","creationDate":"2024-09-02T03:12:08.443Z","modificationDate":"2024-09-02T03:12:08.443Z","shortid":"DGuSsRG","inheritedReadPermissions":[],"inheritedEditPermissions":[],"$entitySet":"profiles"},"doDiffs":false,"timestamp":1725246728443,"id":"jwrw054g2tad7ww","previousOperationId":null,"operationId":"4qvfwz6s8sf4v81"}
{"type":"log","level":"info","message":"Render request 3 queued for execution and waiting for available worker","previousOperationId":"4qvfwz6s8sf4v81","timestamp":1725246728443,"id":"8bxwpm8hg3mkxyp"}
{"type":"operationStart","subtype":"render","name":"chart_templates","previousOperationId":"4qvfwz6s8sf4v81","timestamp":1725246728448,"id":"qv6emvvupwl5s0w","previousEventId":"jwrw054g2tad7ww","operationId":"243ejangvkcca1i"}
{"type":"log","timestamp":1725246728449,"level":"info","message":"Starting rendering request 3 (user: admin)","meta":{"rootId":"qoxckxumyuy3e9y","id":"qoxckxumyuy3e9y"},"id":"ts7ssvmte561lsf","previousOperationId":"243ejangvkcca1i"}
{"type":"log","timestamp":1725246728449,"level":"info","message":"Rendering template { name: chart_templates, recipe: chrome-pdf, engine: handlebars, preview: true }","meta":{"rootId":"qoxckxumyuy3e9y","id":"qoxckxumyuy3e9y"},"id":"z13njwiwz7ibeox","previousOperationId":"243ejangvkcca1i"}
{"type":"log","timestamp":1725246728449,"level":"debug","message":"Data item not defined for this template.","meta":{"rootId":"qoxckxumyuy3e9y","id":"qoxckxumyuy3e9y"},"id":"dagkf0y69c0ocbp","previousOperationId":"243ejangvkcca1i"}
{"type":"log","timestamp":1725246728450,"level":"debug","message":"Base url not specified, skipping its injection.","meta":{"rootId":"qoxckxumyuy3e9y","id":"qoxckxumyuy3e9y"},"id":"p55g3mskzbigprw","previousOperationId":"243ejangvkcca1i"}
{"type":"log","timestamp":1725246728458,"level":"debug","message":"Replaced assets [\"KhmerOSSiemreapRegular.ttf\",\"KhmerOSMuolLightRegular.ttf\",\"times_new_roman.ttf\",\"Tacteing.ttf\",\"limons1l.ttf\",\"arial.ttf\",\"/asset/images/draft-km.png\"]","meta":{"rootId":"qoxckxumyuy3e9y","id":"qoxckxumyuy3e9y"},"id":"ic9yvd8d1huytpg","previousOperationId":"243ejangvkcca1i"}
{"type":"operationStart","subtype":"engine","name":"handlebars","timestamp":1725246728459,"id":"9m9ewz5u1knj7mo","previousEventId":"qv6emvvupwl5s0w","operationId":"t6wr6vdrq7wf4ej","previousOperationId":"243ejangvkcca1i"}
{"type":"log","timestamp":1725246728459,"level":"debug","message":"Rendering engine handlebars","meta":{"rootId":"qoxckxumyuy3e9y","id":"qoxckxumyuy3e9y"},"id":"7vs22ninnqxxe3c","previousOperationId":"t6wr6vdrq7wf4ej"}
{"type":"operationEnd","operationId":"t6wr6vdrq7wf4ej","timestamp":1725246728490,"id":"96r5ijobrwdjdgb","previousEventId":"9m9ewz5u1knj7mo","previousOperationId":"t6wr6vdrq7wf4ej"}
{"type":"operationStart","subtype":"recipe","name":"chrome-pdf","timestamp":1725246728500,"id":"fiqu6ai13oln7bh","previousEventId":"96r5ijobrwdjdgb","operationId":"d7rwtup79h9fnwr","previousOperationId":"t6wr6vdrq7wf4ej"}
{"type":"log","timestamp":1725246728500,"level":"debug","message":"Executing recipe chrome-pdf","meta":{"rootId":"qoxckxumyuy3e9y","id":"qoxckxumyuy3e9y"},"id":"fagso38802xvf5i","previousOperationId":"d7rwtup79h9fnwr"}
{"type":"log","timestamp":1725246728505,"level":"debug","message":"Converting with chrome Chrome/127.0.6533.99 using chrome-pool strategy","meta":{"rootId":"qoxckxumyuy3e9y","id":"qoxckxumyuy3e9y"},"id":"afd5hlvpvjuh0zp","previousOperationId":"d7rwtup79h9fnwr"}
{"type":"log","timestamp":1725246728635,"level":"debug","message":"Page request: GET (document) file:///C:/Users/shsmo/AppData/Local/Temp/jsreport/autocleanup/3fdc9bf5-2f2e-43ec-9a92-229bc4254074-chrome-pdf.html","meta":{"rootId":"qoxckxumyuy3e9y","id":"qoxckxumyuy3e9y"},"id":"egcua7au68fgkfw","previousOperationId":"d7rwtup79h9fnwr"}
{"type":"log","timestamp":1725246728852,"level":"debug","message":"Page request: GET (stylesheet) https://cdnjs.cloudflare.com/ajax/libs/font-awesome/4.7.0/css/font-awesome.min.css","meta":{"rootId":"qoxckxumyuy3e9y","id":"qoxckxumyuy3e9y"},"id":"43omfyxl4asprcz","previousOperationId":"d7rwtup79h9fnwr"}
{"type":"log","timestamp":1725246728864,"level":"debug","message":"Page request finished: GET (document) 200 file:///C:/Users/shsmo/AppData/Local/Temp/jsreport/autocleanup/3fdc9bf5-2f2e-43ec-9a92-229bc4254074-chrome-pdf.html","meta":{"rootId":"qoxckxumyuy3e9y","id":"qoxckxumyuy3e9y"},"id":"th7ztoy21a03tdo","previousOperationId":"d7rwtup79h9fnwr"}
{"type":"log","timestamp":1725246728879,"level":"debug","message":"Page request: GET (script) https://cdn.tailwindcss.com/","meta":{"rootId":"qoxckxumyuy3e9y","id":"qoxckxumyuy3e9y"},"id":"dvc0fba5xewo8cf","previousOperationId":"d7rwtup79h9fnwr"}
{"type":"log","timestamp":1725246728880,"level":"debug","message":"Page request: GET (script) https://cdnjs.cloudflare.com/ajax/libs/lodash.js/4.17.11/lodash.min.js","meta":{"rootId":"qoxckxumyuy3e9y","id":"qoxckxumyuy3e9y"},"id":"supyldoghnyoknn","previousOperationId":"d7rwtup79h9fnwr"}
{"type":"log","timestamp":1725246728880,"level":"debug","message":"Page request: GET (script) https://unpkg.com/chart.js@2.7.3/dist/Chart.min.js","meta":{"rootId":"qoxckxumyuy3e9y","id":"qoxckxumyuy3e9y"},"id":"cdu8x7darl68hwf","previousOperationId":"d7rwtup79h9fnwr"}
{"type":"log","timestamp":1725246728882,"level":"warn","message":"Page request failed: GET (script) 302 https://cdn.tailwindcss.com/ (redirect to: /3.4.5)","meta":{"rootId":"qoxckxumyuy3e9y","id":"qoxckxumyuy3e9y"},"id":"nsx44wm2zoyp7zi","previousOperationId":"d7rwtup79h9fnwr"}
{"type":"log","timestamp":1725246728882,"level":"debug","message":"Page request: GET (script) https://cdn.tailwindcss.com/3.4.5 (redirect from: https://cdn.tailwindcss.com/)","meta":{"rootId":"qoxckxumyuy3e9y","id":"qoxckxumyuy3e9y"},"id":"mwxei6qyvere1qk","previousOperationId":"d7rwtup79h9fnwr"}
{"type":"log","timestamp":1725246728895,"level":"debug","message":"Page request finished: GET (script) 200 https://cdn.tailwindcss.com/3.4.5","meta":{"rootId":"qoxckxumyuy3e9y","id":"qoxckxumyuy3e9y"},"id":"5z1t5s6s1prny53","previousOperationId":"d7rwtup79h9fnwr"}
{"type":"log","timestamp":1725246729004,"level":"debug","message":"Page request finished: GET (stylesheet) 200 https://cdnjs.cloudflare.com/ajax/libs/font-awesome/4.7.0/css/font-awesome.min.css","meta":{"rootId":"qoxckxumyuy3e9y","id":"qoxckxumyuy3e9y"},"id":"tsxp12zhswizdqs","previousOperationId":"d7rwtup79h9fnwr"}
{"type":"log","timestamp":1725246729004,"level":"debug","message":"Page request finished: GET (script) 200 https://cdnjs.cloudflare.com/ajax/libs/lodash.js/4.17.11/lodash.min.js","meta":{"rootId":"qoxckxumyuy3e9y","id":"qoxckxumyuy3e9y"},"id":"46g5x9mp8k5keba","previousOperationId":"d7rwtup79h9fnwr"}
{"type":"log","timestamp":1725246729038,"level":"debug","message":"(console:warn) cdn.tailwindcss.com should not be used in production. To use Tailwind CSS in production, install it as a PostCSS plugin or use the Tailwind CLI: https://tailwindcss.com/docs/installation","meta":{"userLevel":true,"rootId":"qoxckxumyuy3e9y","id":"qoxckxumyuy3e9y"},"id":"jcgf4dzqxr1x4ah","previousOperationId":"d7rwtup79h9fnwr"}
{"type":"log","timestamp":1725246732052,"level":"debug","message":"Page request finished: GET (script) 200 https://unpkg.com/chart.js@2.7.3/dist/Chart.min.js","meta":{"rootId":"qoxckxumyuy3e9y","id":"qoxckxumyuy3e9y"},"id":"pbrsvkg6uvd1fms","previousOperationId":"d7rwtup79h9fnwr"}
{"type":"log","timestamp":1725246732059,"level":"debug","message":"Running chrome with params {\"printBackground\":true,\"timeout\":59938,\"margin\":{}}","meta":{"rootId":"qoxckxumyuy3e9y","id":"qoxckxumyuy3e9y"},"id":"oycqxb1rv5e8rct","previousOperationId":"d7rwtup79h9fnwr"}
{"type":"operationEnd","operationId":"d7rwtup79h9fnwr","timestamp":1725246732103,"id":"98eawjsc5am0c64","previousEventId":"fiqu6ai13oln7bh","previousOperationId":"d7rwtup79h9fnwr"}
{"type":"log","timestamp":1725246732103,"level":"debug","message":"Skipping storing report.","meta":{"rootId":"qoxckxumyuy3e9y","id":"qoxckxumyuy3e9y"},"id":"su1l7afg3dhdfv3","previousOperationId":"d7rwtup79h9fnwr"}
{"type":"log","timestamp":1725246732103,"level":"info","message":"Rendering request 3 finished in 3661 ms","meta":{"rootId":"qoxckxumyuy3e9y","id":"qoxckxumyuy3e9y"},"id":"7g55wpakq3y8g2p","previousOperationId":"d7rwtup79h9fnwr"}
{"type":"operationEnd","subtype":"render","operationId":"243ejangvkcca1i","timestamp":1725246732103,"id":"xoi1j9eb8whvopl","previousEventId":"98eawjsc5am0c64","previousOperationId":"d7rwtup79h9fnwr"}
{"type":"operationEnd","doDiffs":false,"previousEventId":"jwrw054g2tad7ww","previousOperationId":"4qvfwz6s8sf4v81","operationId":"4qvfwz6s8sf4v81","timestamp":1725246732105,"id":"dbf1zh0so6g55jc"}
