{"type":"operationStart","subtype":"profile","data":{"_id":"sOLo3ApTzWOTY5eK","timestamp":"2024-09-02T03:24:55.854Z","state":"queued","mode":"standard","creationDate":"2024-09-02T03:24:55.855Z","modificationDate":"2024-09-02T03:24:55.855Z","shortid":"-optbcC","inheritedReadPermissions":[],"inheritedEditPermissions":[],"$entitySet":"profiles"},"doDiffs":false,"timestamp":1725247495855,"id":"36s1dwmqg7guzha","previousOperationId":null,"operationId":"z4jcatk5471dtnj"}
{"type":"log","level":"info","message":"Render request 30 queued for execution and waiting for available worker","previousOperationId":"z4jcatk5471dtnj","timestamp":1725247495855,"id":"nftbd92hzghrlhm"}
{"type":"operationStart","subtype":"render","name":"chart_templates","previousOperationId":"z4jcatk5471dtnj","timestamp":1725247495862,"id":"voimmjhu27kslqv","previousEventId":"36s1dwmqg7guzha","operationId":"thfeuescvf7j8ui"}
{"type":"log","timestamp":1725247495862,"level":"info","message":"Starting rendering request 30 (user: admin)","meta":{"rootId":"qruwv8de3lhsf2f","id":"qruwv8de3lhsf2f"},"id":"8s31ey3ddogxk2j","previousOperationId":"thfeuescvf7j8ui"}
{"type":"log","timestamp":1725247495862,"level":"info","message":"Rendering template { name: chart_templates, recipe: chrome-pdf, engine: handlebars, preview: true }","meta":{"rootId":"qruwv8de3lhsf2f","id":"qruwv8de3lhsf2f"},"id":"k33lwt9cdohqhsc","previousOperationId":"thfeuescvf7j8ui"}
{"type":"log","timestamp":1725247495863,"level":"debug","message":"Data item not defined for this template.","meta":{"rootId":"qruwv8de3lhsf2f","id":"qruwv8de3lhsf2f"},"id":"q0i2jthp2ft110k","previousOperationId":"thfeuescvf7j8ui"}
{"type":"log","timestamp":1725247495864,"level":"debug","message":"Base url not specified, skipping its injection.","meta":{"rootId":"qruwv8de3lhsf2f","id":"qruwv8de3lhsf2f"},"id":"a6jntjac2p9pwna","previousOperationId":"thfeuescvf7j8ui"}
{"type":"log","timestamp":1725247495872,"level":"debug","message":"Replaced assets [\"KhmerOSSiemreapRegular.ttf\",\"KhmerOSMuolLightRegular.ttf\",\"times_new_roman.ttf\",\"Tacteing.ttf\",\"limons1l.ttf\",\"arial.ttf\",\"/asset/images/draft-km.png\"]","meta":{"rootId":"qruwv8de3lhsf2f","id":"qruwv8de3lhsf2f"},"id":"tustfmzg9fc6inz","previousOperationId":"thfeuescvf7j8ui"}
{"type":"operationStart","subtype":"engine","name":"handlebars","timestamp":1725247495873,"id":"03nflfyl0t1y8ey","previousEventId":"voimmjhu27kslqv","operationId":"xvhqp0rmofm2rhd","previousOperationId":"thfeuescvf7j8ui"}
{"type":"log","timestamp":1725247495873,"level":"debug","message":"Rendering engine handlebars","meta":{"rootId":"qruwv8de3lhsf2f","id":"qruwv8de3lhsf2f"},"id":"r03qcwj2cwhks8j","previousOperationId":"xvhqp0rmofm2rhd"}
{"type":"operationEnd","operationId":"xvhqp0rmofm2rhd","timestamp":1725247495908,"id":"jk0l9xjicbzk5ef","previousEventId":"03nflfyl0t1y8ey","previousOperationId":"xvhqp0rmofm2rhd"}
{"type":"operationStart","subtype":"recipe","name":"chrome-pdf","timestamp":1725247495921,"id":"tnrrg7dr43ofq8w","previousEventId":"jk0l9xjicbzk5ef","operationId":"nrshdiv8pqj2304","previousOperationId":"xvhqp0rmofm2rhd"}
{"type":"log","timestamp":1725247495921,"level":"debug","message":"Executing recipe chrome-pdf","meta":{"rootId":"qruwv8de3lhsf2f","id":"qruwv8de3lhsf2f"},"id":"4eulb2mu85g02a0","previousOperationId":"nrshdiv8pqj2304"}
{"type":"log","timestamp":1725247495926,"level":"debug","message":"Converting with chrome Chrome/127.0.6533.99 using chrome-pool strategy","meta":{"rootId":"qruwv8de3lhsf2f","id":"qruwv8de3lhsf2f"},"id":"foswcu6kusycsqo","previousOperationId":"nrshdiv8pqj2304"}
{"type":"log","timestamp":1725247495988,"level":"debug","message":"Page request: GET (document) file:///C:/Users/shsmo/AppData/Local/Temp/jsreport/autocleanup/93a20100-a18c-4530-9973-5b5af5d4b64e-chrome-pdf.html","meta":{"rootId":"qruwv8de3lhsf2f","id":"qruwv8de3lhsf2f"},"id":"tanfmlf1hv9dv49","previousOperationId":"nrshdiv8pqj2304"}
{"type":"log","timestamp":1725247496207,"level":"debug","message":"Page request: GET (stylesheet) https://cdnjs.cloudflare.com/ajax/libs/font-awesome/4.7.0/css/font-awesome.min.css","meta":{"rootId":"qruwv8de3lhsf2f","id":"qruwv8de3lhsf2f"},"id":"bup8bkecenh68rj","previousOperationId":"nrshdiv8pqj2304"}
{"type":"log","timestamp":1725247496218,"level":"debug","message":"Page request finished: GET (stylesheet) 200 https://cdnjs.cloudflare.com/ajax/libs/font-awesome/4.7.0/css/font-awesome.min.css","meta":{"rootId":"qruwv8de3lhsf2f","id":"qruwv8de3lhsf2f"},"id":"5sohsx8mtofkbzy","previousOperationId":"nrshdiv8pqj2304"}
{"type":"log","timestamp":1725247496223,"level":"debug","message":"Page request finished: GET (document) 200 file:///C:/Users/shsmo/AppData/Local/Temp/jsreport/autocleanup/93a20100-a18c-4530-9973-5b5af5d4b64e-chrome-pdf.html","meta":{"rootId":"qruwv8de3lhsf2f","id":"qruwv8de3lhsf2f"},"id":"l2glir5648ou5p6","previousOperationId":"nrshdiv8pqj2304"}
{"type":"log","timestamp":1725247496241,"level":"debug","message":"Page request: GET (script) https://cdn.tailwindcss.com/","meta":{"rootId":"qruwv8de3lhsf2f","id":"qruwv8de3lhsf2f"},"id":"zu7ndgi7hh08tue","previousOperationId":"nrshdiv8pqj2304"}
{"type":"log","timestamp":1725247496241,"level":"debug","message":"Page request: GET (script) https://cdnjs.cloudflare.com/ajax/libs/lodash.js/4.17.11/lodash.min.js","meta":{"rootId":"qruwv8de3lhsf2f","id":"qruwv8de3lhsf2f"},"id":"1mpr5o8w9y0tzkf","previousOperationId":"nrshdiv8pqj2304"}
{"type":"log","timestamp":1725247496242,"level":"debug","message":"Page request: GET (script) https://unpkg.com/chart.js@2.7.3/dist/Chart.min.js","meta":{"rootId":"qruwv8de3lhsf2f","id":"qruwv8de3lhsf2f"},"id":"2t7j7bcbaph1jcy","previousOperationId":"nrshdiv8pqj2304"}
{"type":"log","timestamp":1725247496245,"level":"warn","message":"Page request failed: GET (script) 302 https://cdn.tailwindcss.com/ (redirect to: /3.4.5)","meta":{"rootId":"qruwv8de3lhsf2f","id":"qruwv8de3lhsf2f"},"id":"xhspc3eqaw5ors1","previousOperationId":"nrshdiv8pqj2304"}
{"type":"log","timestamp":1725247496245,"level":"debug","message":"Page request: GET (script) https://cdn.tailwindcss.com/3.4.5 (redirect from: https://cdn.tailwindcss.com/)","meta":{"rootId":"qruwv8de3lhsf2f","id":"qruwv8de3lhsf2f"},"id":"zdoci7w2k2jrzgb","previousOperationId":"nrshdiv8pqj2304"}
{"type":"log","timestamp":1725247496248,"level":"debug","message":"Page request finished: GET (script) 200 https://cdnjs.cloudflare.com/ajax/libs/lodash.js/4.17.11/lodash.min.js","meta":{"rootId":"qruwv8de3lhsf2f","id":"qruwv8de3lhsf2f"},"id":"k532ihxh2qaqc53","previousOperationId":"nrshdiv8pqj2304"}
{"type":"log","timestamp":1725247496250,"level":"debug","message":"Page request finished: GET (script) 200 https://unpkg.com/chart.js@2.7.3/dist/Chart.min.js","meta":{"rootId":"qruwv8de3lhsf2f","id":"qruwv8de3lhsf2f"},"id":"hcnean94xxhfulf","previousOperationId":"nrshdiv8pqj2304"}
{"type":"log","timestamp":1725247496260,"level":"debug","message":"Page request finished: GET (script) 200 https://cdn.tailwindcss.com/3.4.5","meta":{"rootId":"qruwv8de3lhsf2f","id":"qruwv8de3lhsf2f"},"id":"oezz8rfmf7xloh9","previousOperationId":"nrshdiv8pqj2304"}
{"type":"log","timestamp":1725247496299,"level":"debug","message":"(console:warn) cdn.tailwindcss.com should not be used in production. To use Tailwind CSS in production, install it as a PostCSS plugin or use the Tailwind CLI: https://tailwindcss.com/docs/installation","meta":{"userLevel":true,"rootId":"qruwv8de3lhsf2f","id":"qruwv8de3lhsf2f"},"id":"zswymlwwiaeveu1","previousOperationId":"nrshdiv8pqj2304"}
{"type":"log","timestamp":1725247496398,"level":"debug","message":"Running chrome with params {\"printBackground\":true,\"format\":\"A4\",\"marginTop\":\"1cm\",\"marginBottom\":\"2cm\",\"timeout\":59929,\"margin\":{\"top\":\"1cm\",\"bottom\":\"2cm\"}}","meta":{"rootId":"qruwv8de3lhsf2f","id":"qruwv8de3lhsf2f"},"id":"2s9zt5sdmzt7c55","previousOperationId":"nrshdiv8pqj2304"}
{"type":"operationEnd","operationId":"nrshdiv8pqj2304","timestamp":1725247496664,"id":"5umgrx8bektxe08","previousEventId":"tnrrg7dr43ofq8w","previousOperationId":"nrshdiv8pqj2304"}
{"type":"log","timestamp":1725247496664,"level":"debug","message":"Skipping storing report.","meta":{"rootId":"qruwv8de3lhsf2f","id":"qruwv8de3lhsf2f"},"id":"s7khd1oy3p3nc73","previousOperationId":"nrshdiv8pqj2304"}
{"type":"log","timestamp":1725247496664,"level":"info","message":"Rendering request 30 finished in 810 ms","meta":{"rootId":"qruwv8de3lhsf2f","id":"qruwv8de3lhsf2f"},"id":"twojqqbpr86nlg3","previousOperationId":"nrshdiv8pqj2304"}
{"type":"operationEnd","subtype":"render","operationId":"thfeuescvf7j8ui","timestamp":1725247496664,"id":"n3ef1bzi0m8k1g0","previousEventId":"5umgrx8bektxe08","previousOperationId":"nrshdiv8pqj2304"}
{"type":"operationEnd","doDiffs":false,"previousEventId":"36s1dwmqg7guzha","previousOperationId":"z4jcatk5471dtnj","operationId":"z4jcatk5471dtnj","timestamp":1725247496666,"id":"ntrh2aghycib2bh"}
