{"type":"operationStart","subtype":"profile","data":{"_id":"5BOJTMuJwDNMhLBA","timestamp":"2024-09-02T03:35:29.250Z","state":"queued","mode":"standard","creationDate":"2024-09-02T03:35:29.252Z","modificationDate":"2024-09-02T03:35:29.252Z","shortid":"bv9UaCA","inheritedReadPermissions":[],"inheritedEditPermissions":[],"$entitySet":"profiles"},"doDiffs":false,"timestamp":1725248129251,"id":"jngi6l9z647hcxc","previousOperationId":null,"operationId":"y88bu10bkmxuitk"}
{"type":"log","level":"info","message":"Render request 49 queued for execution and waiting for available worker","previousOperationId":"y88bu10bkmxuitk","timestamp":1725248129251,"id":"tbzhejbgxe7ckoo"}
{"type":"operationStart","subtype":"render","name":"chart_templates","previousOperationId":"y88bu10bkmxuitk","timestamp":1725248129257,"id":"ukh6ptkwt3udfou","previousEventId":"jngi6l9z647hcxc","operationId":"cuacnsazonbnky9"}
{"type":"log","timestamp":1725248129257,"level":"info","message":"Starting rendering request 49 (user: admin)","meta":{"rootId":"qwjh8n5w358ekyk","id":"qwjh8n5w358ekyk"},"id":"dvuu3eckn6igmf4","previousOperationId":"cuacnsazonbnky9"}
{"type":"log","timestamp":1725248129257,"level":"info","message":"Rendering template { name: chart_templates, recipe: chrome-pdf, engine: handlebars, preview: true }","meta":{"rootId":"qwjh8n5w358ekyk","id":"qwjh8n5w358ekyk"},"id":"3yc92mvb5y3gd4k","previousOperationId":"cuacnsazonbnky9"}
{"type":"log","timestamp":1725248129257,"level":"debug","message":"Data item not defined for this template.","meta":{"rootId":"qwjh8n5w358ekyk","id":"qwjh8n5w358ekyk"},"id":"2l9f6mac5rsgm8z","previousOperationId":"cuacnsazonbnky9"}
{"type":"log","timestamp":1725248129258,"level":"debug","message":"Base url not specified, skipping its injection.","meta":{"rootId":"qwjh8n5w358ekyk","id":"qwjh8n5w358ekyk"},"id":"nnok74edwe8ynqx","previousOperationId":"cuacnsazonbnky9"}
{"type":"log","timestamp":1725248129267,"level":"debug","message":"Replaced assets [\"KhmerOSSiemreapRegular.ttf\",\"KhmerOSMuolLightRegular.ttf\",\"times_new_roman.ttf\",\"Tacteing.ttf\",\"limons1l.ttf\",\"arial.ttf\",\"/asset/images/draft-km.png\"]","meta":{"rootId":"qwjh8n5w358ekyk","id":"qwjh8n5w358ekyk"},"id":"nkomumu2t6bqsqr","previousOperationId":"cuacnsazonbnky9"}
{"type":"operationStart","subtype":"engine","name":"handlebars","timestamp":1725248129268,"id":"omhj7rgeedugb3o","previousEventId":"ukh6ptkwt3udfou","operationId":"l2vrfqn995ls0t1","previousOperationId":"cuacnsazonbnky9"}
{"type":"log","timestamp":1725248129268,"level":"debug","message":"Rendering engine handlebars","meta":{"rootId":"qwjh8n5w358ekyk","id":"qwjh8n5w358ekyk"},"id":"fr6jso02elmvzaz","previousOperationId":"l2vrfqn995ls0t1"}
{"type":"operationEnd","operationId":"l2vrfqn995ls0t1","timestamp":1725248129304,"id":"iohoqns6wro6egk","previousEventId":"omhj7rgeedugb3o","previousOperationId":"l2vrfqn995ls0t1"}
{"type":"operationStart","subtype":"recipe","name":"chrome-pdf","timestamp":1725248129315,"id":"oh8m78jnuoxvxfv","previousEventId":"iohoqns6wro6egk","operationId":"llilhy9yrchiafa","previousOperationId":"l2vrfqn995ls0t1"}
{"type":"log","timestamp":1725248129315,"level":"debug","message":"Executing recipe chrome-pdf","meta":{"rootId":"qwjh8n5w358ekyk","id":"qwjh8n5w358ekyk"},"id":"osj828zkl827itn","previousOperationId":"llilhy9yrchiafa"}
{"type":"log","timestamp":1725248129320,"level":"debug","message":"Converting with chrome Chrome/127.0.6533.99 using chrome-pool strategy","meta":{"rootId":"qwjh8n5w358ekyk","id":"qwjh8n5w358ekyk"},"id":"37v003p9t9v6s76","previousOperationId":"llilhy9yrchiafa"}
{"type":"log","timestamp":1725248129368,"level":"debug","message":"Page request: GET (document) file:///C:/Users/shsmo/AppData/Local/Temp/jsreport/autocleanup/bc935140-3f60-425d-9f8e-3998083f9390-chrome-pdf.html","meta":{"rootId":"qwjh8n5w358ekyk","id":"qwjh8n5w358ekyk"},"id":"kknv6edp2cy1isu","previousOperationId":"llilhy9yrchiafa"}
{"type":"log","timestamp":1725248129591,"level":"debug","message":"Page request: GET (stylesheet) https://cdnjs.cloudflare.com/ajax/libs/font-awesome/4.7.0/css/font-awesome.min.css","meta":{"rootId":"qwjh8n5w358ekyk","id":"qwjh8n5w358ekyk"},"id":"iulh53mv0pds72r","previousOperationId":"llilhy9yrchiafa"}
{"type":"log","timestamp":1725248129599,"level":"debug","message":"Page request finished: GET (document) 200 file:///C:/Users/shsmo/AppData/Local/Temp/jsreport/autocleanup/bc935140-3f60-425d-9f8e-3998083f9390-chrome-pdf.html","meta":{"rootId":"qwjh8n5w358ekyk","id":"qwjh8n5w358ekyk"},"id":"nvq8mzvj8p6fwbr","previousOperationId":"llilhy9yrchiafa"}
{"type":"log","timestamp":1725248129617,"level":"debug","message":"Page request: GET (script) https://cdn.tailwindcss.com/","meta":{"rootId":"qwjh8n5w358ekyk","id":"qwjh8n5w358ekyk"},"id":"jp81zpr0zqxm2bf","previousOperationId":"llilhy9yrchiafa"}
{"type":"log","timestamp":1725248129618,"level":"debug","message":"Page request: GET (script) https://cdnjs.cloudflare.com/ajax/libs/lodash.js/4.17.11/lodash.min.js","meta":{"rootId":"qwjh8n5w358ekyk","id":"qwjh8n5w358ekyk"},"id":"b0ctia2uyjg4flh","previousOperationId":"llilhy9yrchiafa"}
{"type":"log","timestamp":1725248129618,"level":"debug","message":"Page request: GET (script) https://unpkg.com/chart.js@2.7.3/dist/Chart.min.js","meta":{"rootId":"qwjh8n5w358ekyk","id":"qwjh8n5w358ekyk"},"id":"uevbefxw0gje3ra","previousOperationId":"llilhy9yrchiafa"}
{"type":"log","timestamp":1725248129619,"level":"debug","message":"Page request finished: GET (stylesheet) 200 https://cdnjs.cloudflare.com/ajax/libs/font-awesome/4.7.0/css/font-awesome.min.css","meta":{"rootId":"qwjh8n5w358ekyk","id":"qwjh8n5w358ekyk"},"id":"sfqdyz9tojtzunx","previousOperationId":"llilhy9yrchiafa"}
{"type":"log","timestamp":1725248129621,"level":"warn","message":"Page request failed: GET (script) 302 https://cdn.tailwindcss.com/ (redirect to: /3.4.5)","meta":{"rootId":"qwjh8n5w358ekyk","id":"qwjh8n5w358ekyk"},"id":"fvmwb7bxt3jegu4","previousOperationId":"llilhy9yrchiafa"}
{"type":"log","timestamp":1725248129622,"level":"debug","message":"Page request: GET (script) https://cdn.tailwindcss.com/3.4.5 (redirect from: https://cdn.tailwindcss.com/)","meta":{"rootId":"qwjh8n5w358ekyk","id":"qwjh8n5w358ekyk"},"id":"0oygz05ws75z7jc","previousOperationId":"llilhy9yrchiafa"}
{"type":"log","timestamp":1725248129625,"level":"debug","message":"Page request finished: GET (script) 200 https://cdnjs.cloudflare.com/ajax/libs/lodash.js/4.17.11/lodash.min.js","meta":{"rootId":"qwjh8n5w358ekyk","id":"qwjh8n5w358ekyk"},"id":"wxnz58fcom9kr75","previousOperationId":"llilhy9yrchiafa"}
{"type":"log","timestamp":1725248129626,"level":"debug","message":"Page request finished: GET (script) 200 https://unpkg.com/chart.js@2.7.3/dist/Chart.min.js","meta":{"rootId":"qwjh8n5w358ekyk","id":"qwjh8n5w358ekyk"},"id":"rul6ull5nypmf6b","previousOperationId":"llilhy9yrchiafa"}
{"type":"log","timestamp":1725248129636,"level":"debug","message":"Page request finished: GET (script) 200 https://cdn.tailwindcss.com/3.4.5","meta":{"rootId":"qwjh8n5w358ekyk","id":"qwjh8n5w358ekyk"},"id":"01og4zpuquijvw1","previousOperationId":"llilhy9yrchiafa"}
{"type":"log","timestamp":1725248129677,"level":"debug","message":"(console:warn) cdn.tailwindcss.com should not be used in production. To use Tailwind CSS in production, install it as a PostCSS plugin or use the Tailwind CLI: https://tailwindcss.com/docs/installation","meta":{"userLevel":true,"rootId":"qwjh8n5w358ekyk","id":"qwjh8n5w358ekyk"},"id":"tc0hf4gksaww1n1","previousOperationId":"llilhy9yrchiafa"}
{"type":"log","timestamp":1725248129763,"level":"warn","message":"Page error: Cannot read properties of undefined (reading '0') , stack: TypeError: Cannot read properties of undefined (reading '0')\n    at <anonymous> (file:///C:/Users/shsmo/AppData/Local/Temp/jsreport/autocleanup/bc935140-3f60-425d-9f8e-3998083f9390-chrome-pdf.html:266:66)\n    at <anonymous> (file:///C:/Users/shsmo/AppData/Local/Temp/jsreport/autocleanup/bc935140-3f60-425d-9f8e-3998083f9390-chrome-pdf.html:245:35)\n    at afterDraw (file:///C:/Users/shsmo/AppData/Local/Temp/jsreport/autocleanup/bc935140-3f60-425d-9f8e-3998083f9390-chrome-pdf.html:243:41)\n    at notify (https://unpkg.com/chart.js@2.7.3/dist/Chart.min.js:10:81249)\n    at draw (https://unpkg.com/chart.js@2.7.3/dist/Chart.min.js:10:58512)\n    at render (https://unpkg.com/chart.js@2.7.3/dist/Chart.min.js:10:58209)\n    at update (https://unpkg.com/chart.js@2.7.3/dist/Chart.min.js:10:57098)\n    at construct (https://unpkg.com/chart.js@2.7.3/dist/Chart.min.js:10:53558)\n    at t (https://unpkg.com/chart.js@2.7.3/dist/Chart.min...","meta":{"rootId":"qwjh8n5w358ekyk","id":"qwjh8n5w358ekyk"},"id":"6v4pb99oz9mm1r3","previousOperationId":"llilhy9yrchiafa"}
{"type":"log","timestamp":1725248129772,"level":"debug","message":"Running chrome with params {\"printBackground\":true,\"format\":\"A4\",\"marginTop\":\"1cm\",\"marginBottom\":\"2cm\",\"timeout\":59931,\"margin\":{\"top\":\"1cm\",\"bottom\":\"2cm\"}}","meta":{"rootId":"qwjh8n5w358ekyk","id":"qwjh8n5w358ekyk"},"id":"cn4dh1x9ooq77nh","previousOperationId":"llilhy9yrchiafa"}
{"type":"operationEnd","operationId":"llilhy9yrchiafa","timestamp":1725248129858,"id":"kmdn6a5hqqbng1p","previousEventId":"oh8m78jnuoxvxfv","previousOperationId":"llilhy9yrchiafa"}
{"type":"log","timestamp":1725248129858,"level":"debug","message":"Skipping storing report.","meta":{"rootId":"qwjh8n5w358ekyk","id":"qwjh8n5w358ekyk"},"id":"gx8t1gii9krlgq8","previousOperationId":"llilhy9yrchiafa"}
{"type":"log","timestamp":1725248129858,"level":"info","message":"Rendering request 49 finished in 608 ms","meta":{"rootId":"qwjh8n5w358ekyk","id":"qwjh8n5w358ekyk"},"id":"mo5hyzrn0tdc5co","previousOperationId":"llilhy9yrchiafa"}
{"type":"operationEnd","subtype":"render","operationId":"cuacnsazonbnky9","timestamp":1725248129858,"id":"3na93jhni2u0mcb","previousEventId":"kmdn6a5hqqbng1p","previousOperationId":"llilhy9yrchiafa"}
{"type":"operationEnd","doDiffs":false,"previousEventId":"jngi6l9z647hcxc","previousOperationId":"y88bu10bkmxuitk","operationId":"y88bu10bkmxuitk","timestamp":1725248129860,"id":"fucjcmqqodqf4oh"}
