{"type":"operationStart","subtype":"profile","data":{"_id":"tSI10IhqAuKWsCKQ","timestamp":"2024-09-02T03:24:29.788Z","state":"queued","mode":"standard","creationDate":"2024-09-02T03:24:29.789Z","modificationDate":"2024-09-02T03:24:29.789Z","shortid":"5EfHzUN","inheritedReadPermissions":[],"inheritedEditPermissions":[],"$entitySet":"profiles"},"doDiffs":false,"timestamp":1725247469788,"id":"gaupoab6p0gexs1","previousOperationId":null,"operationId":"n4iy5o5x5lzbarh"}
{"type":"log","level":"info","message":"Render request 29 queued for execution and waiting for available worker","previousOperationId":"n4iy5o5x5lzbarh","timestamp":1725247469788,"id":"bg9i81bfepdonp2"}
{"type":"operationStart","subtype":"render","name":"chart_templates","previousOperationId":"n4iy5o5x5lzbarh","timestamp":1725247469794,"id":"lwhllka1jvwkq5s","previousEventId":"gaupoab6p0gexs1","operationId":"c9diutjmi6e19d3"}
{"type":"log","timestamp":1725247469794,"level":"info","message":"Starting rendering request 29 (user: admin)","meta":{"rootId":"s2ufen3ka7vj4lm","id":"s2ufen3ka7vj4lm"},"id":"v6viufrg02zu1f2","previousOperationId":"c9diutjmi6e19d3"}
{"type":"log","timestamp":1725247469794,"level":"info","message":"Rendering template { name: chart_templates, recipe: chrome-pdf, engine: handlebars, preview: true }","meta":{"rootId":"s2ufen3ka7vj4lm","id":"s2ufen3ka7vj4lm"},"id":"60w93tjjnu2lj1w","previousOperationId":"c9diutjmi6e19d3"}
{"type":"log","timestamp":1725247469795,"level":"debug","message":"Data item not defined for this template.","meta":{"rootId":"s2ufen3ka7vj4lm","id":"s2ufen3ka7vj4lm"},"id":"53vpbcmmtbrchdd","previousOperationId":"c9diutjmi6e19d3"}
{"type":"log","timestamp":1725247469797,"level":"debug","message":"Base url not specified, skipping its injection.","meta":{"rootId":"s2ufen3ka7vj4lm","id":"s2ufen3ka7vj4lm"},"id":"mixk06451bs0i1o","previousOperationId":"c9diutjmi6e19d3"}
{"type":"log","timestamp":1725247469804,"level":"debug","message":"Replaced assets [\"KhmerOSSiemreapRegular.ttf\",\"KhmerOSMuolLightRegular.ttf\",\"times_new_roman.ttf\",\"Tacteing.ttf\",\"limons1l.ttf\",\"arial.ttf\",\"/asset/images/draft-km.png\"]","meta":{"rootId":"s2ufen3ka7vj4lm","id":"s2ufen3ka7vj4lm"},"id":"88jrful5rptplx0","previousOperationId":"c9diutjmi6e19d3"}
{"type":"operationStart","subtype":"engine","name":"handlebars","timestamp":1725247469804,"id":"ctmdoybl1uhvx5t","previousEventId":"lwhllka1jvwkq5s","operationId":"7y8el3rb66y6jed","previousOperationId":"c9diutjmi6e19d3"}
{"type":"log","timestamp":1725247469804,"level":"debug","message":"Rendering engine handlebars","meta":{"rootId":"s2ufen3ka7vj4lm","id":"s2ufen3ka7vj4lm"},"id":"opoyhgcnixtifb8","previousOperationId":"7y8el3rb66y6jed"}
{"type":"operationEnd","operationId":"7y8el3rb66y6jed","timestamp":1725247469838,"id":"ffpfxp0cby437pl","previousEventId":"ctmdoybl1uhvx5t","previousOperationId":"7y8el3rb66y6jed"}
{"type":"operationStart","subtype":"recipe","name":"chrome-pdf","timestamp":1725247469848,"id":"2dhx1lkrkwo3tuh","previousEventId":"ffpfxp0cby437pl","operationId":"u14psjcgfw5rxhh","previousOperationId":"7y8el3rb66y6jed"}
{"type":"log","timestamp":1725247469848,"level":"debug","message":"Executing recipe chrome-pdf","meta":{"rootId":"s2ufen3ka7vj4lm","id":"s2ufen3ka7vj4lm"},"id":"z3nekt5mr7arkl2","previousOperationId":"u14psjcgfw5rxhh"}
{"type":"log","timestamp":1725247469852,"level":"debug","message":"Converting with chrome Chrome/127.0.6533.99 using chrome-pool strategy","meta":{"rootId":"s2ufen3ka7vj4lm","id":"s2ufen3ka7vj4lm"},"id":"y1zolq9kbvljbbz","previousOperationId":"u14psjcgfw5rxhh"}
{"type":"log","timestamp":1725247469913,"level":"debug","message":"Page request: GET (document) file:///C:/Users/shsmo/AppData/Local/Temp/jsreport/autocleanup/3813a834-b716-4de4-9aeb-16eb196711c5-chrome-pdf.html","meta":{"rootId":"s2ufen3ka7vj4lm","id":"s2ufen3ka7vj4lm"},"id":"qqevfmsf09ou0bo","previousOperationId":"u14psjcgfw5rxhh"}
{"type":"log","timestamp":1725247470124,"level":"debug","message":"Page request: GET (stylesheet) https://cdnjs.cloudflare.com/ajax/libs/font-awesome/4.7.0/css/font-awesome.min.css","meta":{"rootId":"s2ufen3ka7vj4lm","id":"s2ufen3ka7vj4lm"},"id":"6rjts6r4z4jpkv9","previousOperationId":"u14psjcgfw5rxhh"}
{"type":"log","timestamp":1725247470133,"level":"debug","message":"Page request finished: GET (stylesheet) 200 https://cdnjs.cloudflare.com/ajax/libs/font-awesome/4.7.0/css/font-awesome.min.css","meta":{"rootId":"s2ufen3ka7vj4lm","id":"s2ufen3ka7vj4lm"},"id":"f6744mev1gtp0vd","previousOperationId":"u14psjcgfw5rxhh"}
{"type":"log","timestamp":1725247470139,"level":"debug","message":"Page request finished: GET (document) 200 file:///C:/Users/shsmo/AppData/Local/Temp/jsreport/autocleanup/3813a834-b716-4de4-9aeb-16eb196711c5-chrome-pdf.html","meta":{"rootId":"s2ufen3ka7vj4lm","id":"s2ufen3ka7vj4lm"},"id":"smh9uftq11dk6q1","previousOperationId":"u14psjcgfw5rxhh"}
{"type":"log","timestamp":1725247470157,"level":"debug","message":"Page request: GET (script) https://cdn.tailwindcss.com/","meta":{"rootId":"s2ufen3ka7vj4lm","id":"s2ufen3ka7vj4lm"},"id":"q5snxob5t40v73k","previousOperationId":"u14psjcgfw5rxhh"}
{"type":"log","timestamp":1725247470158,"level":"debug","message":"Page request: GET (script) https://cdnjs.cloudflare.com/ajax/libs/lodash.js/4.17.11/lodash.min.js","meta":{"rootId":"s2ufen3ka7vj4lm","id":"s2ufen3ka7vj4lm"},"id":"y7ni5ko1b60nqz3","previousOperationId":"u14psjcgfw5rxhh"}
{"type":"log","timestamp":1725247470158,"level":"debug","message":"Page request: GET (script) https://unpkg.com/chart.js@2.7.3/dist/Chart.min.js","meta":{"rootId":"s2ufen3ka7vj4lm","id":"s2ufen3ka7vj4lm"},"id":"1dfqciml2wqd2ia","previousOperationId":"u14psjcgfw5rxhh"}
{"type":"log","timestamp":1725247470161,"level":"warn","message":"Page request failed: GET (script) 302 https://cdn.tailwindcss.com/ (redirect to: /3.4.5)","meta":{"rootId":"s2ufen3ka7vj4lm","id":"s2ufen3ka7vj4lm"},"id":"qic5qzw6xdyb20y","previousOperationId":"u14psjcgfw5rxhh"}
{"type":"log","timestamp":1725247470161,"level":"debug","message":"Page request: GET (script) https://cdn.tailwindcss.com/3.4.5 (redirect from: https://cdn.tailwindcss.com/)","meta":{"rootId":"s2ufen3ka7vj4lm","id":"s2ufen3ka7vj4lm"},"id":"upd2kj7j8isg7g7","previousOperationId":"u14psjcgfw5rxhh"}
{"type":"log","timestamp":1725247470165,"level":"debug","message":"Page request finished: GET (script) 200 https://cdnjs.cloudflare.com/ajax/libs/lodash.js/4.17.11/lodash.min.js","meta":{"rootId":"s2ufen3ka7vj4lm","id":"s2ufen3ka7vj4lm"},"id":"vz85imqk821w309","previousOperationId":"u14psjcgfw5rxhh"}
{"type":"log","timestamp":1725247470167,"level":"debug","message":"Page request finished: GET (script) 200 https://unpkg.com/chart.js@2.7.3/dist/Chart.min.js","meta":{"rootId":"s2ufen3ka7vj4lm","id":"s2ufen3ka7vj4lm"},"id":"pzkhyw1nt7v8jnq","previousOperationId":"u14psjcgfw5rxhh"}
{"type":"log","timestamp":1725247470179,"level":"debug","message":"Page request finished: GET (script) 200 https://cdn.tailwindcss.com/3.4.5","meta":{"rootId":"s2ufen3ka7vj4lm","id":"s2ufen3ka7vj4lm"},"id":"aukr4od7cjcynd1","previousOperationId":"u14psjcgfw5rxhh"}
{"type":"log","timestamp":1725247470220,"level":"debug","message":"(console:warn) cdn.tailwindcss.com should not be used in production. To use Tailwind CSS in production, install it as a PostCSS plugin or use the Tailwind CLI: https://tailwindcss.com/docs/installation","meta":{"userLevel":true,"rootId":"s2ufen3ka7vj4lm","id":"s2ufen3ka7vj4lm"},"id":"zss9lh3sh0y1qdt","previousOperationId":"u14psjcgfw5rxhh"}
{"type":"log","timestamp":1725247470295,"level":"warn","message":"Page error: Cannot read properties of null (reading 'getContext') , stack: TypeError: Cannot read properties of null (reading 'getContext')\n    at <anonymous> (file:///C:/Users/shsmo/AppData/Local/Temp/jsreport/autocleanup/3813a834-b716-4de4-9aeb-16eb196711c5-chrome-pdf.html:204:53)","meta":{"rootId":"s2ufen3ka7vj4lm","id":"s2ufen3ka7vj4lm"},"id":"rm60rod0f25yydl","previousOperationId":"u14psjcgfw5rxhh"}
{"type":"log","timestamp":1725247470299,"level":"debug","message":"Running chrome with params {\"printBackground\":true,\"format\":\"A4\",\"marginTop\":\"1cm\",\"marginBottom\":\"2cm\",\"timeout\":59937,\"margin\":{\"top\":\"1cm\",\"bottom\":\"2cm\"}}","meta":{"rootId":"s2ufen3ka7vj4lm","id":"s2ufen3ka7vj4lm"},"id":"c98pp7ac2e4nnw5","previousOperationId":"u14psjcgfw5rxhh"}
{"type":"operationEnd","operationId":"u14psjcgfw5rxhh","timestamp":1725247470352,"id":"8n4c3gerdy0hwsc","previousEventId":"2dhx1lkrkwo3tuh","previousOperationId":"u14psjcgfw5rxhh"}
{"type":"log","timestamp":1725247470352,"level":"debug","message":"Skipping storing report.","meta":{"rootId":"s2ufen3ka7vj4lm","id":"s2ufen3ka7vj4lm"},"id":"ct3wjv1ethb20fx","previousOperationId":"u14psjcgfw5rxhh"}
{"type":"log","timestamp":1725247470352,"level":"info","message":"Rendering request 29 finished in 564 ms","meta":{"rootId":"s2ufen3ka7vj4lm","id":"s2ufen3ka7vj4lm"},"id":"t852fegvnnmkb4q","previousOperationId":"u14psjcgfw5rxhh"}
{"type":"operationEnd","subtype":"render","operationId":"c9diutjmi6e19d3","timestamp":1725247470352,"id":"6h3nzxof2sjd1n5","previousEventId":"8n4c3gerdy0hwsc","previousOperationId":"u14psjcgfw5rxhh"}
{"type":"operationEnd","doDiffs":false,"previousEventId":"gaupoab6p0gexs1","previousOperationId":"n4iy5o5x5lzbarh","operationId":"n4iy5o5x5lzbarh","timestamp":1725247470354,"id":"o2yl9m49wggtcev"}
