{"type":"operationStart","subtype":"profile","data":{"_id":"36gpmX7wynESVrfF","timestamp":"2024-09-02T03:22:26.435Z","state":"queued","mode":"standard","creationDate":"2024-09-02T03:22:26.437Z","modificationDate":"2024-09-02T03:22:26.437Z","shortid":"kN1wrHu","inheritedReadPermissions":[],"inheritedEditPermissions":[],"$entitySet":"profiles"},"doDiffs":false,"timestamp":1725247346436,"id":"72zbbmze3houo17","previousOperationId":null,"operationId":"eutghomg0rinvvu"}
{"type":"log","level":"info","message":"Render request 23 queued for execution and waiting for available worker","previousOperationId":"eutghomg0rinvvu","timestamp":1725247346437,"id":"bnt7mzdcucrvk4h"}
{"type":"operationStart","subtype":"render","name":"chart_templates","previousOperationId":"eutghomg0rinvvu","timestamp":1725247346444,"id":"gwd6vwwxcpkwnp8","previousEventId":"72zbbmze3houo17","operationId":"lnjdn1o45li2rto"}
{"type":"log","timestamp":1725247346444,"level":"info","message":"Starting rendering request 23 (user: admin)","meta":{"rootId":"sc9ojwiebxqn1s4","id":"sc9ojwiebxqn1s4"},"id":"9qwmi24ggngni35","previousOperationId":"lnjdn1o45li2rto"}
{"type":"log","timestamp":1725247346444,"level":"info","message":"Rendering template { name: chart_templates, recipe: chrome-pdf, engine: handlebars, preview: true }","meta":{"rootId":"sc9ojwiebxqn1s4","id":"sc9ojwiebxqn1s4"},"id":"bdyo2exgepjxyp5","previousOperationId":"lnjdn1o45li2rto"}
{"type":"log","timestamp":1725247346445,"level":"debug","message":"Data item not defined for this template.","meta":{"rootId":"sc9ojwiebxqn1s4","id":"sc9ojwiebxqn1s4"},"id":"gkvv4nntz8z19m8","previousOperationId":"lnjdn1o45li2rto"}
{"type":"log","timestamp":1725247346446,"level":"debug","message":"Base url not specified, skipping its injection.","meta":{"rootId":"sc9ojwiebxqn1s4","id":"sc9ojwiebxqn1s4"},"id":"wvc3uwh9vgg2lxv","previousOperationId":"lnjdn1o45li2rto"}
{"type":"log","timestamp":1725247346453,"level":"debug","message":"Replaced assets [\"KhmerOSSiemreapRegular.ttf\",\"KhmerOSMuolLightRegular.ttf\",\"times_new_roman.ttf\",\"Tacteing.ttf\",\"limons1l.ttf\",\"arial.ttf\",\"/asset/images/draft-km.png\"]","meta":{"rootId":"sc9ojwiebxqn1s4","id":"sc9ojwiebxqn1s4"},"id":"ku9h3vjurnefsfu","previousOperationId":"lnjdn1o45li2rto"}
{"type":"operationStart","subtype":"engine","name":"handlebars","timestamp":1725247346454,"id":"oindtwplxzurx1r","previousEventId":"gwd6vwwxcpkwnp8","operationId":"sgpahguhmhi33t0","previousOperationId":"lnjdn1o45li2rto"}
{"type":"log","timestamp":1725247346454,"level":"debug","message":"Rendering engine handlebars","meta":{"rootId":"sc9ojwiebxqn1s4","id":"sc9ojwiebxqn1s4"},"id":"v11k860dy3n2hza","previousOperationId":"sgpahguhmhi33t0"}
{"type":"operationEnd","operationId":"sgpahguhmhi33t0","timestamp":1725247346492,"id":"lr9hduwxn6lxdj1","previousEventId":"oindtwplxzurx1r","previousOperationId":"sgpahguhmhi33t0"}
{"type":"operationStart","subtype":"recipe","name":"chrome-pdf","timestamp":1725247346502,"id":"9k6pc0q2g54n0n3","previousEventId":"lr9hduwxn6lxdj1","operationId":"1gy1zdqt5ujnovg","previousOperationId":"sgpahguhmhi33t0"}
{"type":"log","timestamp":1725247346502,"level":"debug","message":"Executing recipe chrome-pdf","meta":{"rootId":"sc9ojwiebxqn1s4","id":"sc9ojwiebxqn1s4"},"id":"o50ff863gxcbo17","previousOperationId":"1gy1zdqt5ujnovg"}
{"type":"log","timestamp":1725247346508,"level":"debug","message":"Converting with chrome Chrome/127.0.6533.99 using chrome-pool strategy","meta":{"rootId":"sc9ojwiebxqn1s4","id":"sc9ojwiebxqn1s4"},"id":"263ly043mtp275i","previousOperationId":"1gy1zdqt5ujnovg"}
{"type":"log","timestamp":1725247346572,"level":"debug","message":"Page request: GET (document) file:///C:/Users/shsmo/AppData/Local/Temp/jsreport/autocleanup/23bfa09e-1ce9-4096-bbc9-f826ab16cbbf-chrome-pdf.html","meta":{"rootId":"sc9ojwiebxqn1s4","id":"sc9ojwiebxqn1s4"},"id":"a6pzf12po95p2n8","previousOperationId":"1gy1zdqt5ujnovg"}
{"type":"log","timestamp":1725247346807,"level":"debug","message":"Page request: GET (stylesheet) https://cdnjs.cloudflare.com/ajax/libs/font-awesome/4.7.0/css/font-awesome.min.css","meta":{"rootId":"sc9ojwiebxqn1s4","id":"sc9ojwiebxqn1s4"},"id":"pwwpevv5h5oikkt","previousOperationId":"1gy1zdqt5ujnovg"}
{"type":"log","timestamp":1725247346818,"level":"debug","message":"Page request finished: GET (document) 200 file:///C:/Users/shsmo/AppData/Local/Temp/jsreport/autocleanup/23bfa09e-1ce9-4096-bbc9-f826ab16cbbf-chrome-pdf.html","meta":{"rootId":"sc9ojwiebxqn1s4","id":"sc9ojwiebxqn1s4"},"id":"doxwxmcjdmeeaam","previousOperationId":"1gy1zdqt5ujnovg"}
{"type":"log","timestamp":1725247346820,"level":"debug","message":"Page request finished: GET (stylesheet) 200 https://cdnjs.cloudflare.com/ajax/libs/font-awesome/4.7.0/css/font-awesome.min.css","meta":{"rootId":"sc9ojwiebxqn1s4","id":"sc9ojwiebxqn1s4"},"id":"qlzqaf3o45lnu7x","previousOperationId":"1gy1zdqt5ujnovg"}
{"type":"log","timestamp":1725247346838,"level":"debug","message":"Page request: GET (script) https://cdn.tailwindcss.com/","meta":{"rootId":"sc9ojwiebxqn1s4","id":"sc9ojwiebxqn1s4"},"id":"6an4pqjoyxumrdl","previousOperationId":"1gy1zdqt5ujnovg"}
{"type":"log","timestamp":1725247346839,"level":"debug","message":"Page request: GET (script) https://cdnjs.cloudflare.com/ajax/libs/lodash.js/4.17.11/lodash.min.js","meta":{"rootId":"sc9ojwiebxqn1s4","id":"sc9ojwiebxqn1s4"},"id":"licre1qvxycmagz","previousOperationId":"1gy1zdqt5ujnovg"}
{"type":"log","timestamp":1725247346839,"level":"debug","message":"Page request: GET (script) https://unpkg.com/chart.js@2.7.3/dist/Chart.min.js","meta":{"rootId":"sc9ojwiebxqn1s4","id":"sc9ojwiebxqn1s4"},"id":"626c94k1c3ytuqa","previousOperationId":"1gy1zdqt5ujnovg"}
{"type":"log","timestamp":1725247346842,"level":"warn","message":"Page request failed: GET (script) 302 https://cdn.tailwindcss.com/ (redirect to: /3.4.5)","meta":{"rootId":"sc9ojwiebxqn1s4","id":"sc9ojwiebxqn1s4"},"id":"niwhoaajxevwg0v","previousOperationId":"1gy1zdqt5ujnovg"}
{"type":"log","timestamp":1725247346842,"level":"debug","message":"Page request: GET (script) https://cdn.tailwindcss.com/3.4.5 (redirect from: https://cdn.tailwindcss.com/)","meta":{"rootId":"sc9ojwiebxqn1s4","id":"sc9ojwiebxqn1s4"},"id":"qcryyri8v5mhetj","previousOperationId":"1gy1zdqt5ujnovg"}
{"type":"log","timestamp":1725247346846,"level":"debug","message":"Page request finished: GET (script) 200 https://cdnjs.cloudflare.com/ajax/libs/lodash.js/4.17.11/lodash.min.js","meta":{"rootId":"sc9ojwiebxqn1s4","id":"sc9ojwiebxqn1s4"},"id":"5a9c2945r4kbczo","previousOperationId":"1gy1zdqt5ujnovg"}
{"type":"log","timestamp":1725247346849,"level":"debug","message":"Page request finished: GET (script) 200 https://unpkg.com/chart.js@2.7.3/dist/Chart.min.js","meta":{"rootId":"sc9ojwiebxqn1s4","id":"sc9ojwiebxqn1s4"},"id":"it2uh8rri07pgcx","previousOperationId":"1gy1zdqt5ujnovg"}
{"type":"log","timestamp":1725247346857,"level":"debug","message":"Page request finished: GET (script) 200 https://cdn.tailwindcss.com/3.4.5","meta":{"rootId":"sc9ojwiebxqn1s4","id":"sc9ojwiebxqn1s4"},"id":"sm3ms33dcs58y7u","previousOperationId":"1gy1zdqt5ujnovg"}
{"type":"log","timestamp":1725247346894,"level":"debug","message":"(console:warn) cdn.tailwindcss.com should not be used in production. To use Tailwind CSS in production, install it as a PostCSS plugin or use the Tailwind CLI: https://tailwindcss.com/docs/installation","meta":{"userLevel":true,"rootId":"sc9ojwiebxqn1s4","id":"sc9ojwiebxqn1s4"},"id":"1drdf8y24hhl3u9","previousOperationId":"1gy1zdqt5ujnovg"}
{"type":"log","timestamp":1725247346963,"level":"warn","message":"Page error: Unexpected token '<' , stack: SyntaxError: Unexpected token '<'","meta":{"rootId":"sc9ojwiebxqn1s4","id":"sc9ojwiebxqn1s4"},"id":"5xepmfb8dumuyxa","previousOperationId":"1gy1zdqt5ujnovg"}
{"type":"log","timestamp":1725247346965,"level":"debug","message":"Running chrome with params {\"printBackground\":true,\"format\":\"A4\",\"marginTop\":\"1cm\",\"marginBottom\":\"2cm\",\"timeout\":59928,\"margin\":{\"top\":\"1cm\",\"bottom\":\"2cm\"}}","meta":{"rootId":"sc9ojwiebxqn1s4","id":"sc9ojwiebxqn1s4"},"id":"4bcxcrozthjvx2j","previousOperationId":"1gy1zdqt5ujnovg"}
{"type":"operationEnd","operationId":"1gy1zdqt5ujnovg","timestamp":1725247347025,"id":"e9d1kbj8cm8ejv7","previousEventId":"9k6pc0q2g54n0n3","previousOperationId":"1gy1zdqt5ujnovg"}
{"type":"log","timestamp":1725247347026,"level":"debug","message":"Skipping storing report.","meta":{"rootId":"sc9ojwiebxqn1s4","id":"sc9ojwiebxqn1s4"},"id":"nrtvcmw2sm9ecsv","previousOperationId":"1gy1zdqt5ujnovg"}
{"type":"log","timestamp":1725247347026,"level":"info","message":"Rendering request 23 finished in 591 ms","meta":{"rootId":"sc9ojwiebxqn1s4","id":"sc9ojwiebxqn1s4"},"id":"b3zhojvyiel5x4i","previousOperationId":"1gy1zdqt5ujnovg"}
{"type":"operationEnd","subtype":"render","operationId":"lnjdn1o45li2rto","timestamp":1725247347026,"id":"zmjjsm46xtz54wm","previousEventId":"e9d1kbj8cm8ejv7","previousOperationId":"1gy1zdqt5ujnovg"}
{"type":"operationEnd","doDiffs":false,"previousEventId":"72zbbmze3houo17","previousOperationId":"eutghomg0rinvvu","operationId":"eutghomg0rinvvu","timestamp":1725247347029,"id":"nvcee02gcxmg6hh"}
