{"type":"operationStart","subtype":"profile","data":{"_id":"kMF4Lw2KzwBxrrgH","timestamp":"2024-09-02T03:30:15.798Z","state":"queued","mode":"standard","creationDate":"2024-09-02T03:30:15.799Z","modificationDate":"2024-09-02T03:30:15.799Z","shortid":"rNEztMl","inheritedReadPermissions":[],"inheritedEditPermissions":[],"$entitySet":"profiles"},"doDiffs":false,"timestamp":1725247815798,"id":"b4khz3oskgpcxkt","previousOperationId":null,"operationId":"3y9p1b8xkhp26p4"}
{"type":"log","level":"info","message":"Render request 41 queued for execution and waiting for available worker","previousOperationId":"3y9p1b8xkhp26p4","timestamp":1725247815798,"id":"cxztpg2z3cnbv6s"}
{"type":"operationStart","subtype":"render","name":"chart_templates","previousOperationId":"3y9p1b8xkhp26p4","timestamp":1725247815805,"id":"vv18lqe70jjp2c4","previousEventId":"b4khz3oskgpcxkt","operationId":"xwvm2x35gmc9f6d"}
{"type":"log","timestamp":1725247815805,"level":"info","message":"Starting rendering request 41 (user: admin)","meta":{"rootId":"tfkjwroc4r21k8h","id":"tfkjwroc4r21k8h"},"id":"lo4hycbhpetd183","previousOperationId":"xwvm2x35gmc9f6d"}
{"type":"log","timestamp":1725247815805,"level":"info","message":"Rendering template { name: chart_templates, recipe: chrome-pdf, engine: handlebars, preview: true }","meta":{"rootId":"tfkjwroc4r21k8h","id":"tfkjwroc4r21k8h"},"id":"308htdpa0tm2lue","previousOperationId":"xwvm2x35gmc9f6d"}
{"type":"log","timestamp":1725247815806,"level":"debug","message":"Data item not defined for this template.","meta":{"rootId":"tfkjwroc4r21k8h","id":"tfkjwroc4r21k8h"},"id":"nxd4w1nyox7ndrx","previousOperationId":"xwvm2x35gmc9f6d"}
{"type":"log","timestamp":1725247815807,"level":"debug","message":"Base url not specified, skipping its injection.","meta":{"rootId":"tfkjwroc4r21k8h","id":"tfkjwroc4r21k8h"},"id":"hfwee1bu7654rwm","previousOperationId":"xwvm2x35gmc9f6d"}
{"type":"log","timestamp":1725247815815,"level":"debug","message":"Replaced assets [\"KhmerOSSiemreapRegular.ttf\",\"KhmerOSMuolLightRegular.ttf\",\"times_new_roman.ttf\",\"Tacteing.ttf\",\"limons1l.ttf\",\"arial.ttf\",\"/asset/images/draft-km.png\"]","meta":{"rootId":"tfkjwroc4r21k8h","id":"tfkjwroc4r21k8h"},"id":"fasiya1v4rugn8t","previousOperationId":"xwvm2x35gmc9f6d"}
{"type":"operationStart","subtype":"engine","name":"handlebars","timestamp":1725247815816,"id":"jcpq557jktkczdc","previousEventId":"vv18lqe70jjp2c4","operationId":"9qganktrwy3mxm2","previousOperationId":"xwvm2x35gmc9f6d"}
{"type":"log","timestamp":1725247815816,"level":"debug","message":"Rendering engine handlebars","meta":{"rootId":"tfkjwroc4r21k8h","id":"tfkjwroc4r21k8h"},"id":"g46n3h9nm7bjfiy","previousOperationId":"9qganktrwy3mxm2"}
{"type":"operationEnd","operationId":"9qganktrwy3mxm2","timestamp":1725247815852,"id":"hq17dxmkscjy37m","previousEventId":"jcpq557jktkczdc","previousOperationId":"9qganktrwy3mxm2"}
{"type":"operationStart","subtype":"recipe","name":"chrome-pdf","timestamp":1725247815864,"id":"gc0c7tpendnglvw","previousEventId":"hq17dxmkscjy37m","operationId":"xwxwhydrhs8vyid","previousOperationId":"9qganktrwy3mxm2"}
{"type":"log","timestamp":1725247815864,"level":"debug","message":"Executing recipe chrome-pdf","meta":{"rootId":"tfkjwroc4r21k8h","id":"tfkjwroc4r21k8h"},"id":"fqubn1r4asa6zci","previousOperationId":"xwxwhydrhs8vyid"}
{"type":"log","timestamp":1725247815869,"level":"debug","message":"Converting with chrome Chrome/127.0.6533.99 using chrome-pool strategy","meta":{"rootId":"tfkjwroc4r21k8h","id":"tfkjwroc4r21k8h"},"id":"8j8cqxrtv6taez1","previousOperationId":"xwxwhydrhs8vyid"}
{"type":"log","timestamp":1725247815966,"level":"debug","message":"Page request: GET (document) file:///C:/Users/shsmo/AppData/Local/Temp/jsreport/autocleanup/b6c38502-f368-44f2-b839-c5f64a65ff11-chrome-pdf.html","meta":{"rootId":"tfkjwroc4r21k8h","id":"tfkjwroc4r21k8h"},"id":"3lpruoprgjyr0bv","previousOperationId":"xwxwhydrhs8vyid"}
{"type":"log","timestamp":1725247816190,"level":"debug","message":"Page request: GET (stylesheet) https://cdnjs.cloudflare.com/ajax/libs/font-awesome/4.7.0/css/font-awesome.min.css","meta":{"rootId":"tfkjwroc4r21k8h","id":"tfkjwroc4r21k8h"},"id":"s8q98hufxusu6ik","previousOperationId":"xwxwhydrhs8vyid"}
{"type":"log","timestamp":1725247816201,"level":"debug","message":"Page request finished: GET (document) 200 file:///C:/Users/shsmo/AppData/Local/Temp/jsreport/autocleanup/b6c38502-f368-44f2-b839-c5f64a65ff11-chrome-pdf.html","meta":{"rootId":"tfkjwroc4r21k8h","id":"tfkjwroc4r21k8h"},"id":"teimqs0a4fq85e5","previousOperationId":"xwxwhydrhs8vyid"}
{"type":"log","timestamp":1725247816203,"level":"debug","message":"Page request finished: GET (stylesheet) 200 https://cdnjs.cloudflare.com/ajax/libs/font-awesome/4.7.0/css/font-awesome.min.css","meta":{"rootId":"tfkjwroc4r21k8h","id":"tfkjwroc4r21k8h"},"id":"i2vxm7edwbfmw73","previousOperationId":"xwxwhydrhs8vyid"}
{"type":"log","timestamp":1725247816223,"level":"debug","message":"Page request: GET (script) https://cdn.tailwindcss.com/","meta":{"rootId":"tfkjwroc4r21k8h","id":"tfkjwroc4r21k8h"},"id":"gcqdk68v0lxoi4w","previousOperationId":"xwxwhydrhs8vyid"}
{"type":"log","timestamp":1725247816224,"level":"debug","message":"Page request: GET (script) https://cdnjs.cloudflare.com/ajax/libs/lodash.js/4.17.11/lodash.min.js","meta":{"rootId":"tfkjwroc4r21k8h","id":"tfkjwroc4r21k8h"},"id":"zpp3jf0ygsda3jc","previousOperationId":"xwxwhydrhs8vyid"}
{"type":"log","timestamp":1725247816224,"level":"debug","message":"Page request: GET (script) https://unpkg.com/chart.js@2.7.3/dist/Chart.min.js","meta":{"rootId":"tfkjwroc4r21k8h","id":"tfkjwroc4r21k8h"},"id":"tx8ebm1tadfl5l4","previousOperationId":"xwxwhydrhs8vyid"}
{"type":"log","timestamp":1725247816227,"level":"warn","message":"Page request failed: GET (script) 302 https://cdn.tailwindcss.com/ (redirect to: /3.4.5)","meta":{"rootId":"tfkjwroc4r21k8h","id":"tfkjwroc4r21k8h"},"id":"cokhgbs6y2h4fb3","previousOperationId":"xwxwhydrhs8vyid"}
{"type":"log","timestamp":1725247816227,"level":"debug","message":"Page request: GET (script) https://cdn.tailwindcss.com/3.4.5 (redirect from: https://cdn.tailwindcss.com/)","meta":{"rootId":"tfkjwroc4r21k8h","id":"tfkjwroc4r21k8h"},"id":"p6n22knews24pbo","previousOperationId":"xwxwhydrhs8vyid"}
{"type":"log","timestamp":1725247816232,"level":"debug","message":"Page request finished: GET (script) 200 https://cdnjs.cloudflare.com/ajax/libs/lodash.js/4.17.11/lodash.min.js","meta":{"rootId":"tfkjwroc4r21k8h","id":"tfkjwroc4r21k8h"},"id":"3iv9ss6atqe3u4y","previousOperationId":"xwxwhydrhs8vyid"}
{"type":"log","timestamp":1725247816234,"level":"debug","message":"Page request finished: GET (script) 200 https://unpkg.com/chart.js@2.7.3/dist/Chart.min.js","meta":{"rootId":"tfkjwroc4r21k8h","id":"tfkjwroc4r21k8h"},"id":"ghxumi2l585u7nn","previousOperationId":"xwxwhydrhs8vyid"}
{"type":"log","timestamp":1725247816244,"level":"debug","message":"Page request finished: GET (script) 200 https://cdn.tailwindcss.com/3.4.5","meta":{"rootId":"tfkjwroc4r21k8h","id":"tfkjwroc4r21k8h"},"id":"ekj4e0y6t1pz36h","previousOperationId":"xwxwhydrhs8vyid"}
{"type":"log","timestamp":1725247816288,"level":"debug","message":"(console:warn) cdn.tailwindcss.com should not be used in production. To use Tailwind CSS in production, install it as a PostCSS plugin or use the Tailwind CLI: https://tailwindcss.com/docs/installation","meta":{"userLevel":true,"rootId":"tfkjwroc4r21k8h","id":"tfkjwroc4r21k8h"},"id":"rabty97vedl67wy","previousOperationId":"xwxwhydrhs8vyid"}
{"type":"log","timestamp":1725247816394,"level":"debug","message":"Running chrome with params {\"printBackground\":true,\"format\":\"A4\",\"marginTop\":\"1cm\",\"marginBottom\":\"2cm\",\"timeout\":59930,\"margin\":{\"top\":\"1cm\",\"bottom\":\"2cm\"}}","meta":{"rootId":"tfkjwroc4r21k8h","id":"tfkjwroc4r21k8h"},"id":"k1ixegrjcmzpx7w","previousOperationId":"xwxwhydrhs8vyid"}
{"type":"operationEnd","operationId":"xwxwhydrhs8vyid","timestamp":1725247816485,"id":"mhrf11mb0h0o9nx","previousEventId":"gc0c7tpendnglvw","previousOperationId":"xwxwhydrhs8vyid"}
{"type":"log","timestamp":1725247816485,"level":"debug","message":"Skipping storing report.","meta":{"rootId":"tfkjwroc4r21k8h","id":"tfkjwroc4r21k8h"},"id":"vkq31fz8r3442n0","previousOperationId":"xwxwhydrhs8vyid"}
{"type":"log","timestamp":1725247816485,"level":"info","message":"Rendering request 41 finished in 687 ms","meta":{"rootId":"tfkjwroc4r21k8h","id":"tfkjwroc4r21k8h"},"id":"d1ovgdzwo87w98v","previousOperationId":"xwxwhydrhs8vyid"}
{"type":"operationEnd","subtype":"render","operationId":"xwvm2x35gmc9f6d","timestamp":1725247816485,"id":"int03h61vngguf2","previousEventId":"mhrf11mb0h0o9nx","previousOperationId":"xwxwhydrhs8vyid"}
{"type":"operationEnd","doDiffs":false,"previousEventId":"b4khz3oskgpcxkt","previousOperationId":"3y9p1b8xkhp26p4","operationId":"3y9p1b8xkhp26p4","timestamp":1725247816488,"id":"wjb36zc6xz822to"}
