{"type":"operationStart","subtype":"profile","data":{"_id":"ef0GjSy3nMkAIi80","timestamp":"2024-09-02T03:07:37.895Z","state":"queued","mode":"standard","creationDate":"2024-09-02T03:07:37.899Z","modificationDate":"2024-09-02T03:07:37.899Z","shortid":"gpaHo4P","inheritedReadPermissions":[],"inheritedEditPermissions":[],"$entitySet":"profiles"},"doDiffs":false,"timestamp":1725246457897,"id":"it7ldteovlgg3t0","previousOperationId":null,"operationId":"vv88tqmli8xfh7h"}
{"type":"log","level":"info","message":"Render request 1 queued for execution and waiting for available worker","previousOperationId":"vv88tqmli8xfh7h","timestamp":1725246457898,"id":"aou2ap487gjvf2b"}
{"type":"operationStart","subtype":"render","name":"chart_templates","previousOperationId":"vv88tqmli8xfh7h","timestamp":1725246457907,"id":"2tqzxl8lpmy8mqm","previousEventId":"it7ldteovlgg3t0","operationId":"wh2u2a14k9nbont"}
{"type":"log","timestamp":1725246457908,"level":"info","message":"Starting rendering request 1 (user: admin)","meta":{"rootId":"tl0bikqftm2r58z","id":"tl0bikqftm2r58z"},"id":"x732k6ss9zohija","previousOperationId":"wh2u2a14k9nbont"}
{"type":"log","timestamp":1725246457908,"level":"info","message":"Rendering template { name: chart_templates, recipe: chrome-pdf, engine: handlebars, preview: true }","meta":{"rootId":"tl0bikqftm2r58z","id":"tl0bikqftm2r58z"},"id":"mz847l26wljqnhh","previousOperationId":"wh2u2a14k9nbont"}
{"type":"log","timestamp":1725246457909,"level":"debug","message":"Data item not defined for this template.","meta":{"rootId":"tl0bikqftm2r58z","id":"tl0bikqftm2r58z"},"id":"59royi7qu3s9o5e","previousOperationId":"wh2u2a14k9nbont"}
{"type":"log","timestamp":1725246457911,"level":"debug","message":"Base url not specified, skipping its injection.","meta":{"rootId":"tl0bikqftm2r58z","id":"tl0bikqftm2r58z"},"id":"1n150mk8omzwsej","previousOperationId":"wh2u2a14k9nbont"}
{"type":"log","timestamp":1725246457919,"level":"debug","message":"Replaced assets [\"KhmerOSSiemreapRegular.ttf\",\"KhmerOSMuolLightRegular.ttf\",\"times_new_roman.ttf\",\"Tacteing.ttf\",\"limons1l.ttf\",\"arial.ttf\",\"/asset/images/draft-km.png\"]","meta":{"rootId":"tl0bikqftm2r58z","id":"tl0bikqftm2r58z"},"id":"t3qe1rjwghlrz03","previousOperationId":"wh2u2a14k9nbont"}
{"type":"operationStart","subtype":"engine","name":"handlebars","timestamp":1725246457920,"id":"np19rlccbr9hbzq","previousEventId":"2tqzxl8lpmy8mqm","operationId":"9vrafk3gikd5c4j","previousOperationId":"wh2u2a14k9nbont"}
{"type":"log","timestamp":1725246457920,"level":"debug","message":"Rendering engine handlebars","meta":{"rootId":"tl0bikqftm2r58z","id":"tl0bikqftm2r58z"},"id":"36t465pnnlhh7tm","previousOperationId":"9vrafk3gikd5c4j"}
{"type":"operationEnd","operationId":"9vrafk3gikd5c4j","timestamp":1725246458291,"id":"maol66vgzj3raak","previousEventId":"np19rlccbr9hbzq","previousOperationId":"9vrafk3gikd5c4j"}
{"type":"operationStart","subtype":"recipe","name":"chrome-pdf","timestamp":1725246458299,"id":"lqyraegowy1c39m","previousEventId":"maol66vgzj3raak","operationId":"aj6b5cttnbvbf6n","previousOperationId":"9vrafk3gikd5c4j"}
{"type":"log","timestamp":1725246458299,"level":"debug","message":"Executing recipe chrome-pdf","meta":{"rootId":"tl0bikqftm2r58z","id":"tl0bikqftm2r58z"},"id":"sp9g9d4y6ylr0rf","previousOperationId":"aj6b5cttnbvbf6n"}
{"type":"log","timestamp":1725246459024,"level":"debug","message":"Converting with chrome Chrome/127.0.6533.99 using chrome-pool strategy","meta":{"rootId":"tl0bikqftm2r58z","id":"tl0bikqftm2r58z"},"id":"kleicug9k386pbv","previousOperationId":"aj6b5cttnbvbf6n"}
{"type":"log","timestamp":1725246459118,"level":"debug","message":"Page request: GET (document) file:///C:/Users/shsmo/AppData/Local/Temp/jsreport/autocleanup/9578916d-89a0-4b15-b823-0f9c3205a73c-chrome-pdf.html","meta":{"rootId":"tl0bikqftm2r58z","id":"tl0bikqftm2r58z"},"id":"02ar1lnaoduwew6","previousOperationId":"aj6b5cttnbvbf6n"}
{"type":"log","timestamp":1725246459339,"level":"debug","message":"Page request finished: GET (document) 200 file:///C:/Users/shsmo/AppData/Local/Temp/jsreport/autocleanup/9578916d-89a0-4b15-b823-0f9c3205a73c-chrome-pdf.html","meta":{"rootId":"tl0bikqftm2r58z","id":"tl0bikqftm2r58z"},"id":"m00vuvz52yvrpll","previousOperationId":"aj6b5cttnbvbf6n"}
{"type":"log","timestamp":1725246459357,"level":"debug","message":"Page request: GET (script) https://cdn.tailwindcss.com/","meta":{"rootId":"tl0bikqftm2r58z","id":"tl0bikqftm2r58z"},"id":"mkw0xp7dm1xgfnd","previousOperationId":"aj6b5cttnbvbf6n"}
{"type":"log","timestamp":1725246459510,"level":"warn","message":"Page request failed: GET (script) 302 https://cdn.tailwindcss.com/ (redirect to: /3.4.5)","meta":{"rootId":"tl0bikqftm2r58z","id":"tl0bikqftm2r58z"},"id":"f6fv4k7kc7e9cii","previousOperationId":"aj6b5cttnbvbf6n"}
{"type":"log","timestamp":1725246459510,"level":"debug","message":"Page request: GET (script) https://cdn.tailwindcss.com/3.4.5 (redirect from: https://cdn.tailwindcss.com/)","meta":{"rootId":"tl0bikqftm2r58z","id":"tl0bikqftm2r58z"},"id":"31p8xc7nsrhumqy","previousOperationId":"aj6b5cttnbvbf6n"}
{"type":"log","timestamp":1725246459601,"level":"debug","message":"Page request finished: GET (script) 200 https://cdn.tailwindcss.com/3.4.5","meta":{"rootId":"tl0bikqftm2r58z","id":"tl0bikqftm2r58z"},"id":"323hqb2crjc2ntz","previousOperationId":"aj6b5cttnbvbf6n"}
{"type":"log","timestamp":1725246459639,"level":"debug","message":"(console:warn) cdn.tailwindcss.com should not be used in production. To use Tailwind CSS in production, install it as a PostCSS plugin or use the Tailwind CLI: https://tailwindcss.com/docs/installation","meta":{"userLevel":true,"rootId":"tl0bikqftm2r58z","id":"tl0bikqftm2r58z"},"id":"scnes0v36gshq61","previousOperationId":"aj6b5cttnbvbf6n"}
{"type":"log","timestamp":1725246459703,"level":"debug","message":"Running chrome with params {\"printBackground\":true,\"timeout\":59283,\"margin\":{}}","meta":{"rootId":"tl0bikqftm2r58z","id":"tl0bikqftm2r58z"},"id":"4sxwqhxzsy8s972","previousOperationId":"aj6b5cttnbvbf6n"}
{"type":"operationEnd","operationId":"aj6b5cttnbvbf6n","timestamp":1725246459760,"id":"w27xwkjkhkfa43r","previousEventId":"lqyraegowy1c39m","previousOperationId":"aj6b5cttnbvbf6n"}
{"type":"log","timestamp":1725246459760,"level":"debug","message":"Skipping storing report.","meta":{"rootId":"tl0bikqftm2r58z","id":"tl0bikqftm2r58z"},"id":"6wrzvudlrb4zj03","previousOperationId":"aj6b5cttnbvbf6n"}
{"type":"log","timestamp":1725246459760,"level":"info","message":"Rendering request 1 finished in 1865 ms","meta":{"rootId":"tl0bikqftm2r58z","id":"tl0bikqftm2r58z"},"id":"bn17jazjrwpus46","previousOperationId":"aj6b5cttnbvbf6n"}
{"type":"operationEnd","subtype":"render","operationId":"wh2u2a14k9nbont","timestamp":1725246459760,"id":"ku7c1bwqhlw7omk","previousEventId":"w27xwkjkhkfa43r","previousOperationId":"aj6b5cttnbvbf6n"}
{"type":"operationEnd","doDiffs":false,"previousEventId":"it7ldteovlgg3t0","previousOperationId":"vv88tqmli8xfh7h","operationId":"vv88tqmli8xfh7h","timestamp":1725246459764,"id":"h7zf88krlqhk6y0"}
