{"type":"operationStart","subtype":"profile","data":{"_id":"DuuUUpRLITz91Ugz","timestamp":"2024-09-02T03:37:05.427Z","state":"queued","mode":"standard","creationDate":"2024-09-02T03:37:05.429Z","modificationDate":"2024-09-02T03:37:05.429Z","shortid":"2Y7mu7w","inheritedReadPermissions":[],"inheritedEditPermissions":[],"$entitySet":"profiles"},"doDiffs":false,"timestamp":1725248225428,"id":"bcnsxtvak2m11wa","previousOperationId":null,"operationId":"cxgqsb2xrs2j3db"}
{"type":"log","level":"info","message":"Render request 53 queued for execution and waiting for available worker","previousOperationId":"cxgqsb2xrs2j3db","timestamp":1725248225428,"id":"pe7bkuafc2pm3ni"}
{"type":"operationStart","subtype":"render","name":"chart_templates","previousOperationId":"cxgqsb2xrs2j3db","timestamp":1725248225435,"id":"fbkxgb95vrlmmqu","previousEventId":"bcnsxtvak2m11wa","operationId":"g7xx0fzpwt48fp7"}
{"type":"log","timestamp":1725248225435,"level":"info","message":"Starting rendering request 53 (user: admin)","meta":{"rootId":"xts8hel25c7i9n7","id":"xts8hel25c7i9n7"},"id":"50m41n9pfqoo9hg","previousOperationId":"g7xx0fzpwt48fp7"}
{"type":"log","timestamp":1725248225435,"level":"info","message":"Rendering template { name: chart_templates, recipe: chrome-pdf, engine: handlebars, preview: true }","meta":{"rootId":"xts8hel25c7i9n7","id":"xts8hel25c7i9n7"},"id":"cs9fq0z3qrsswo2","previousOperationId":"g7xx0fzpwt48fp7"}
{"type":"log","timestamp":1725248225435,"level":"debug","message":"Data item not defined for this template.","meta":{"rootId":"xts8hel25c7i9n7","id":"xts8hel25c7i9n7"},"id":"wh32aiesbjk6n1x","previousOperationId":"g7xx0fzpwt48fp7"}
{"type":"log","timestamp":1725248225436,"level":"debug","message":"Base url not specified, skipping its injection.","meta":{"rootId":"xts8hel25c7i9n7","id":"xts8hel25c7i9n7"},"id":"stlwlvmv9ho2gic","previousOperationId":"g7xx0fzpwt48fp7"}
{"type":"log","timestamp":1725248225443,"level":"debug","message":"Replaced assets [\"KhmerOSSiemreapRegular.ttf\",\"KhmerOSMuolLightRegular.ttf\",\"times_new_roman.ttf\",\"Tacteing.ttf\",\"limons1l.ttf\",\"arial.ttf\",\"/asset/images/draft-km.png\"]","meta":{"rootId":"xts8hel25c7i9n7","id":"xts8hel25c7i9n7"},"id":"g9stcpnvtdom90y","previousOperationId":"g7xx0fzpwt48fp7"}
{"type":"operationStart","subtype":"engine","name":"handlebars","timestamp":1725248225444,"id":"ugjrp513ynsak77","previousEventId":"fbkxgb95vrlmmqu","operationId":"0huh0bcl9s3wjho","previousOperationId":"g7xx0fzpwt48fp7"}
{"type":"log","timestamp":1725248225444,"level":"debug","message":"Rendering engine handlebars","meta":{"rootId":"xts8hel25c7i9n7","id":"xts8hel25c7i9n7"},"id":"zhb9i163vkwd9cf","previousOperationId":"0huh0bcl9s3wjho"}
{"type":"operationEnd","operationId":"0huh0bcl9s3wjho","timestamp":1725248225453,"id":"dtrlgtgf370sl29","previousEventId":"ugjrp513ynsak77","previousOperationId":"0huh0bcl9s3wjho"}
{"type":"operationStart","subtype":"recipe","name":"chrome-pdf","timestamp":1725248225462,"id":"3t8jkjhqcqupivc","previousEventId":"dtrlgtgf370sl29","operationId":"1de0tlvh9yrv0w3","previousOperationId":"0huh0bcl9s3wjho"}
{"type":"log","timestamp":1725248225462,"level":"debug","message":"Executing recipe chrome-pdf","meta":{"rootId":"xts8hel25c7i9n7","id":"xts8hel25c7i9n7"},"id":"i30qjw8cg77qu2g","previousOperationId":"1de0tlvh9yrv0w3"}
{"type":"log","timestamp":1725248225467,"level":"debug","message":"Converting with chrome Chrome/127.0.6533.99 using chrome-pool strategy","meta":{"rootId":"xts8hel25c7i9n7","id":"xts8hel25c7i9n7"},"id":"cipv0oeyqarirzw","previousOperationId":"1de0tlvh9yrv0w3"}
{"type":"log","timestamp":1725248225550,"level":"debug","message":"Page request: GET (document) file:///C:/Users/shsmo/AppData/Local/Temp/jsreport/autocleanup/08667927-883a-4b54-a603-8b281a3d7439-chrome-pdf.html","meta":{"rootId":"xts8hel25c7i9n7","id":"xts8hel25c7i9n7"},"id":"ajd3a89clowhbkp","previousOperationId":"1de0tlvh9yrv0w3"}
{"type":"log","timestamp":1725248225754,"level":"debug","message":"Page request: GET (stylesheet) https://cdnjs.cloudflare.com/ajax/libs/font-awesome/4.7.0/css/font-awesome.min.css","meta":{"rootId":"xts8hel25c7i9n7","id":"xts8hel25c7i9n7"},"id":"jgwlsf2y1g19nb4","previousOperationId":"1de0tlvh9yrv0w3"}
{"type":"log","timestamp":1725248225762,"level":"debug","message":"Page request finished: GET (stylesheet) 200 https://cdnjs.cloudflare.com/ajax/libs/font-awesome/4.7.0/css/font-awesome.min.css","meta":{"rootId":"xts8hel25c7i9n7","id":"xts8hel25c7i9n7"},"id":"xsrs8pve4az3jm8","previousOperationId":"1de0tlvh9yrv0w3"}
{"type":"log","timestamp":1725248225766,"level":"debug","message":"Page request finished: GET (document) 200 file:///C:/Users/shsmo/AppData/Local/Temp/jsreport/autocleanup/08667927-883a-4b54-a603-8b281a3d7439-chrome-pdf.html","meta":{"rootId":"xts8hel25c7i9n7","id":"xts8hel25c7i9n7"},"id":"elymimtu9wjexod","previousOperationId":"1de0tlvh9yrv0w3"}
{"type":"log","timestamp":1725248225781,"level":"debug","message":"Page request: GET (script) https://cdn.tailwindcss.com/","meta":{"rootId":"xts8hel25c7i9n7","id":"xts8hel25c7i9n7"},"id":"s5k9g4xjcmuc50q","previousOperationId":"1de0tlvh9yrv0w3"}
{"type":"log","timestamp":1725248225782,"level":"debug","message":"Page request: GET (script) https://cdnjs.cloudflare.com/ajax/libs/lodash.js/4.17.11/lodash.min.js","meta":{"rootId":"xts8hel25c7i9n7","id":"xts8hel25c7i9n7"},"id":"m781di9o6tmpmam","previousOperationId":"1de0tlvh9yrv0w3"}
{"type":"log","timestamp":1725248225782,"level":"debug","message":"Page request: GET (script) https://unpkg.com/chart.js@2.7.3/dist/Chart.min.js","meta":{"rootId":"xts8hel25c7i9n7","id":"xts8hel25c7i9n7"},"id":"z0ushxkfw4ohz25","previousOperationId":"1de0tlvh9yrv0w3"}
{"type":"log","timestamp":1725248225785,"level":"warn","message":"Page request failed: GET (script) 302 https://cdn.tailwindcss.com/ (redirect to: /3.4.5)","meta":{"rootId":"xts8hel25c7i9n7","id":"xts8hel25c7i9n7"},"id":"84e3wl8ibng9duf","previousOperationId":"1de0tlvh9yrv0w3"}
{"type":"log","timestamp":1725248225785,"level":"debug","message":"Page request: GET (script) https://cdn.tailwindcss.com/3.4.5 (redirect from: https://cdn.tailwindcss.com/)","meta":{"rootId":"xts8hel25c7i9n7","id":"xts8hel25c7i9n7"},"id":"fs13bn2k5owvqbh","previousOperationId":"1de0tlvh9yrv0w3"}
{"type":"log","timestamp":1725248225789,"level":"debug","message":"Page request finished: GET (script) 200 https://cdnjs.cloudflare.com/ajax/libs/lodash.js/4.17.11/lodash.min.js","meta":{"rootId":"xts8hel25c7i9n7","id":"xts8hel25c7i9n7"},"id":"re0q56nlvckboqy","previousOperationId":"1de0tlvh9yrv0w3"}
{"type":"log","timestamp":1725248225791,"level":"debug","message":"Page request finished: GET (script) 200 https://unpkg.com/chart.js@2.7.3/dist/Chart.min.js","meta":{"rootId":"xts8hel25c7i9n7","id":"xts8hel25c7i9n7"},"id":"pwf4tkoslz3dc4o","previousOperationId":"1de0tlvh9yrv0w3"}
{"type":"log","timestamp":1725248225800,"level":"debug","message":"Page request finished: GET (script) 200 https://cdn.tailwindcss.com/3.4.5","meta":{"rootId":"xts8hel25c7i9n7","id":"xts8hel25c7i9n7"},"id":"dimpqqcagfank5d","previousOperationId":"1de0tlvh9yrv0w3"}
{"type":"log","timestamp":1725248225838,"level":"debug","message":"(console:warn) cdn.tailwindcss.com should not be used in production. To use Tailwind CSS in production, install it as a PostCSS plugin or use the Tailwind CLI: https://tailwindcss.com/docs/installation","meta":{"userLevel":true,"rootId":"xts8hel25c7i9n7","id":"xts8hel25c7i9n7"},"id":"bkxv97dh13jjqyd","previousOperationId":"1de0tlvh9yrv0w3"}
{"type":"log","timestamp":1725248225935,"level":"debug","message":"Running chrome with params {\"printBackground\":true,\"format\":\"A4\",\"marginTop\":\"1cm\",\"marginBottom\":\"2cm\",\"timeout\":59961,\"margin\":{\"top\":\"1cm\",\"bottom\":\"2cm\"}}","meta":{"rootId":"xts8hel25c7i9n7","id":"xts8hel25c7i9n7"},"id":"6pvqt3f4kozlm93","previousOperationId":"1de0tlvh9yrv0w3"}
{"type":"operationEnd","operationId":"1de0tlvh9yrv0w3","timestamp":1725248226005,"id":"70hgstnizw5x57l","previousEventId":"3t8jkjhqcqupivc","previousOperationId":"1de0tlvh9yrv0w3"}
{"type":"log","timestamp":1725248226005,"level":"debug","message":"Skipping storing report.","meta":{"rootId":"xts8hel25c7i9n7","id":"xts8hel25c7i9n7"},"id":"m3axhcikvh2gl4z","previousOperationId":"1de0tlvh9yrv0w3"}
{"type":"log","timestamp":1725248226005,"level":"info","message":"Rendering request 53 finished in 578 ms","meta":{"rootId":"xts8hel25c7i9n7","id":"xts8hel25c7i9n7"},"id":"cru7129zrpeqxi5","previousOperationId":"1de0tlvh9yrv0w3"}
{"type":"operationEnd","subtype":"render","operationId":"g7xx0fzpwt48fp7","timestamp":1725248226005,"id":"8qh2w3p0au203fa","previousEventId":"70hgstnizw5x57l","previousOperationId":"1de0tlvh9yrv0w3"}
{"type":"operationEnd","doDiffs":false,"previousEventId":"bcnsxtvak2m11wa","previousOperationId":"cxgqsb2xrs2j3db","operationId":"cxgqsb2xrs2j3db","timestamp":1725248226008,"id":"13hvo1vqenpzsb1"}
