{"type":"operationStart","subtype":"profile","data":{"_id":"bgpCTHwWh06PhkYV","timestamp":"2024-09-02T03:31:45.816Z","state":"queued","mode":"standard","creationDate":"2024-09-02T03:31:45.818Z","modificationDate":"2024-09-02T03:31:45.818Z","shortid":"mt-Z7Vn","inheritedReadPermissions":[],"inheritedEditPermissions":[],"$entitySet":"profiles"},"doDiffs":false,"timestamp":1725247905817,"id":"aifa0txtjhmsx5o","previousOperationId":null,"operationId":"63p8b9phe0odk0j"}
{"type":"log","level":"info","message":"Render request 42 queued for execution and waiting for available worker","previousOperationId":"63p8b9phe0odk0j","timestamp":1725247905817,"id":"qhfdi0uxgwp3u8n"}
{"type":"operationStart","subtype":"render","name":"chart_templates","previousOperationId":"63p8b9phe0odk0j","timestamp":1725247905824,"id":"x0t5znge893u87f","previousEventId":"aifa0txtjhmsx5o","operationId":"kue7whzuldmzy61"}
{"type":"log","timestamp":1725247905824,"level":"info","message":"Starting rendering request 42 (user: admin)","meta":{"rootId":"z5g93o0y92301er","id":"z5g93o0y92301er"},"id":"vw58y9dblpnwguc","previousOperationId":"kue7whzuldmzy61"}
{"type":"log","timestamp":1725247905825,"level":"info","message":"Rendering template { name: chart_templates, recipe: chrome-pdf, engine: handlebars, preview: true }","meta":{"rootId":"z5g93o0y92301er","id":"z5g93o0y92301er"},"id":"m0ah77mn1ihuzqj","previousOperationId":"kue7whzuldmzy61"}
{"type":"log","timestamp":1725247905825,"level":"debug","message":"Data item not defined for this template.","meta":{"rootId":"z5g93o0y92301er","id":"z5g93o0y92301er"},"id":"2ernskvvwjlvuli","previousOperationId":"kue7whzuldmzy61"}
{"type":"log","timestamp":1725247905826,"level":"debug","message":"Base url not specified, skipping its injection.","meta":{"rootId":"z5g93o0y92301er","id":"z5g93o0y92301er"},"id":"lvca7gc87yxa3ff","previousOperationId":"kue7whzuldmzy61"}
{"type":"log","timestamp":1725247905834,"level":"debug","message":"Replaced assets [\"KhmerOSSiemreapRegular.ttf\",\"KhmerOSMuolLightRegular.ttf\",\"times_new_roman.ttf\",\"Tacteing.ttf\",\"limons1l.ttf\",\"arial.ttf\",\"/asset/images/draft-km.png\"]","meta":{"rootId":"z5g93o0y92301er","id":"z5g93o0y92301er"},"id":"l48zd0i02c271l7","previousOperationId":"kue7whzuldmzy61"}
{"type":"operationStart","subtype":"engine","name":"handlebars","timestamp":1725247905835,"id":"rte524potkpzh1o","previousEventId":"x0t5znge893u87f","operationId":"1t6dx97lpskarrd","previousOperationId":"kue7whzuldmzy61"}
{"type":"log","timestamp":1725247905835,"level":"debug","message":"Rendering engine handlebars","meta":{"rootId":"z5g93o0y92301er","id":"z5g93o0y92301er"},"id":"wazp1y19gz3d9b0","previousOperationId":"1t6dx97lpskarrd"}
{"type":"operationEnd","operationId":"1t6dx97lpskarrd","timestamp":1725247905869,"id":"vrdnj4x58f08dxy","previousEventId":"rte524potkpzh1o","previousOperationId":"1t6dx97lpskarrd"}
{"type":"operationStart","subtype":"recipe","name":"chrome-pdf","timestamp":1725247905880,"id":"jwwxh88szncoa9s","previousEventId":"vrdnj4x58f08dxy","operationId":"2qr3i9dv7z0ahvn","previousOperationId":"1t6dx97lpskarrd"}
{"type":"log","timestamp":1725247905880,"level":"debug","message":"Executing recipe chrome-pdf","meta":{"rootId":"z5g93o0y92301er","id":"z5g93o0y92301er"},"id":"hy8qumm8df9a3ux","previousOperationId":"2qr3i9dv7z0ahvn"}
{"type":"log","timestamp":1725247905884,"level":"debug","message":"Converting with chrome Chrome/127.0.6533.99 using chrome-pool strategy","meta":{"rootId":"z5g93o0y92301er","id":"z5g93o0y92301er"},"id":"vgeyno3deo355ug","previousOperationId":"2qr3i9dv7z0ahvn"}
{"type":"log","timestamp":1725247905934,"level":"debug","message":"Page request: GET (document) file:///C:/Users/shsmo/AppData/Local/Temp/jsreport/autocleanup/03d206c4-06aa-4c17-a7f2-041d5e21c488-chrome-pdf.html","meta":{"rootId":"z5g93o0y92301er","id":"z5g93o0y92301er"},"id":"j5t9l7yk239vrry","previousOperationId":"2qr3i9dv7z0ahvn"}
{"type":"log","timestamp":1725247906146,"level":"debug","message":"Page request: GET (stylesheet) https://cdnjs.cloudflare.com/ajax/libs/font-awesome/4.7.0/css/font-awesome.min.css","meta":{"rootId":"z5g93o0y92301er","id":"z5g93o0y92301er"},"id":"wn3gjqz34vtex6g","previousOperationId":"2qr3i9dv7z0ahvn"}
{"type":"log","timestamp":1725247906156,"level":"debug","message":"Page request finished: GET (stylesheet) 200 https://cdnjs.cloudflare.com/ajax/libs/font-awesome/4.7.0/css/font-awesome.min.css","meta":{"rootId":"z5g93o0y92301er","id":"z5g93o0y92301er"},"id":"jetjju8yw44hlf4","previousOperationId":"2qr3i9dv7z0ahvn"}
{"type":"log","timestamp":1725247906161,"level":"debug","message":"Page request finished: GET (document) 200 file:///C:/Users/shsmo/AppData/Local/Temp/jsreport/autocleanup/03d206c4-06aa-4c17-a7f2-041d5e21c488-chrome-pdf.html","meta":{"rootId":"z5g93o0y92301er","id":"z5g93o0y92301er"},"id":"zxr8pm2w1gdxidb","previousOperationId":"2qr3i9dv7z0ahvn"}
{"type":"log","timestamp":1725247906178,"level":"debug","message":"Page request: GET (script) https://cdn.tailwindcss.com/","meta":{"rootId":"z5g93o0y92301er","id":"z5g93o0y92301er"},"id":"764ehbrxnoy93pu","previousOperationId":"2qr3i9dv7z0ahvn"}
{"type":"log","timestamp":1725247906178,"level":"debug","message":"Page request: GET (script) https://cdnjs.cloudflare.com/ajax/libs/lodash.js/4.17.11/lodash.min.js","meta":{"rootId":"z5g93o0y92301er","id":"z5g93o0y92301er"},"id":"uq6ltry8y0tu3h9","previousOperationId":"2qr3i9dv7z0ahvn"}
{"type":"log","timestamp":1725247906178,"level":"debug","message":"Page request: GET (script) https://unpkg.com/chart.js@2.7.3/dist/Chart.min.js","meta":{"rootId":"z5g93o0y92301er","id":"z5g93o0y92301er"},"id":"96gcp4rafeb1qbh","previousOperationId":"2qr3i9dv7z0ahvn"}
{"type":"log","timestamp":1725247906180,"level":"warn","message":"Page request failed: GET (script) 302 https://cdn.tailwindcss.com/ (redirect to: /3.4.5)","meta":{"rootId":"z5g93o0y92301er","id":"z5g93o0y92301er"},"id":"xasbkes4fjifwnr","previousOperationId":"2qr3i9dv7z0ahvn"}
{"type":"log","timestamp":1725247906180,"level":"debug","message":"Page request: GET (script) https://cdn.tailwindcss.com/3.4.5 (redirect from: https://cdn.tailwindcss.com/)","meta":{"rootId":"z5g93o0y92301er","id":"z5g93o0y92301er"},"id":"8hvvwsmr8yyykbp","previousOperationId":"2qr3i9dv7z0ahvn"}
{"type":"log","timestamp":1725247906186,"level":"debug","message":"Page request finished: GET (script) 200 https://cdnjs.cloudflare.com/ajax/libs/lodash.js/4.17.11/lodash.min.js","meta":{"rootId":"z5g93o0y92301er","id":"z5g93o0y92301er"},"id":"fk947r9t6bq4ny4","previousOperationId":"2qr3i9dv7z0ahvn"}
{"type":"log","timestamp":1725247906187,"level":"debug","message":"Page request finished: GET (script) 200 https://unpkg.com/chart.js@2.7.3/dist/Chart.min.js","meta":{"rootId":"z5g93o0y92301er","id":"z5g93o0y92301er"},"id":"mvtoyqo36fb9kt5","previousOperationId":"2qr3i9dv7z0ahvn"}
{"type":"log","timestamp":1725247906196,"level":"debug","message":"Page request finished: GET (script) 200 https://cdn.tailwindcss.com/3.4.5","meta":{"rootId":"z5g93o0y92301er","id":"z5g93o0y92301er"},"id":"yayn6n1c1vcllqv","previousOperationId":"2qr3i9dv7z0ahvn"}
{"type":"log","timestamp":1725247906233,"level":"debug","message":"(console:warn) cdn.tailwindcss.com should not be used in production. To use Tailwind CSS in production, install it as a PostCSS plugin or use the Tailwind CLI: https://tailwindcss.com/docs/installation","meta":{"userLevel":true,"rootId":"z5g93o0y92301er","id":"z5g93o0y92301er"},"id":"l580w7aup9zd6di","previousOperationId":"2qr3i9dv7z0ahvn"}
{"type":"log","timestamp":1725247906322,"level":"debug","message":"Running chrome with params {\"printBackground\":true,\"format\":\"A4\",\"marginTop\":\"1cm\",\"marginBottom\":\"2cm\",\"timeout\":59933,\"margin\":{\"top\":\"1cm\",\"bottom\":\"2cm\"}}","meta":{"rootId":"z5g93o0y92301er","id":"z5g93o0y92301er"},"id":"ckyl9aiq0s5lrfm","previousOperationId":"2qr3i9dv7z0ahvn"}
{"type":"operationEnd","operationId":"2qr3i9dv7z0ahvn","timestamp":1725247906405,"id":"sepspxmjy66scjg","previousEventId":"jwwxh88szncoa9s","previousOperationId":"2qr3i9dv7z0ahvn"}
{"type":"log","timestamp":1725247906405,"level":"debug","message":"Skipping storing report.","meta":{"rootId":"z5g93o0y92301er","id":"z5g93o0y92301er"},"id":"00g2ula79hxr6bs","previousOperationId":"2qr3i9dv7z0ahvn"}
{"type":"log","timestamp":1725247906405,"level":"info","message":"Rendering request 42 finished in 589 ms","meta":{"rootId":"z5g93o0y92301er","id":"z5g93o0y92301er"},"id":"ncszvu4imsbirsp","previousOperationId":"2qr3i9dv7z0ahvn"}
{"type":"operationEnd","subtype":"render","operationId":"kue7whzuldmzy61","timestamp":1725247906405,"id":"3n26d4n5cj3zb6t","previousEventId":"sepspxmjy66scjg","previousOperationId":"2qr3i9dv7z0ahvn"}
{"type":"operationEnd","doDiffs":false,"previousEventId":"aifa0txtjhmsx5o","previousOperationId":"63p8b9phe0odk0j","operationId":"63p8b9phe0odk0j","timestamp":1725247906407,"id":"9k8ptmsezu7uj8q"}
