{"type":"operationStart","subtype":"profile","data":{"_id":"XfBDM0aKfS3QJ3wk","timestamp":"2024-09-10T04:25:47.865Z","state":"queued","mode":"standard","creationDate":"2024-09-10T04:25:47.867Z","modificationDate":"2024-09-10T04:25:47.867Z","shortid":"HdDdl8v","inheritedReadPermissions":[],"inheritedEditPermissions":[],"$entitySet":"profiles"},"doDiffs":false,"timestamp":1725942347866,"id":"k85vcodql30dhzz","previousOperationId":null,"operationId":"gkgpe4x9fd3p4y9"}
{"type":"log","level":"info","message":"Render request 18 queued for execution and waiting for available worker","previousOperationId":"gkgpe4x9fd3p4y9","timestamp":1725942347866,"id":"8fao46frdmzpoz5"}
{"type":"operationStart","subtype":"render","name":"product_outputs","previousOperationId":"gkgpe4x9fd3p4y9","timestamp":1725942347877,"id":"216wc32px7t1kv6","previousEventId":"k85vcodql30dhzz","operationId":"p9rf9jv71ch0m1m"}
{"type":"log","timestamp":1725942347877,"level":"info","message":"Starting rendering request 18 (user: admin)","meta":{"rootId":"2zoc79az55b6kxw","id":"2zoc79az55b6kxw"},"id":"drt7479r09bkstj","previousOperationId":"p9rf9jv71ch0m1m"}
{"type":"log","timestamp":1725942347877,"level":"info","message":"Rendering template { name: product_outputs, recipe: xlsx, engine: handlebars, preview: true }","meta":{"rootId":"2zoc79az55b6kxw","id":"2zoc79az55b6kxw"},"id":"d02ihosx9bm8j6c","previousOperationId":"p9rf9jv71ch0m1m"}
{"type":"log","timestamp":1725942347881,"level":"debug","message":"Adding sample data P37wWuO9M","meta":{"rootId":"2zoc79az55b6kxw","id":"2zoc79az55b6kxw"},"id":"rlbn9vl0eyhp2xy","previousOperationId":"p9rf9jv71ch0m1m"}
{"type":"log","timestamp":1725942347882,"level":"debug","message":"Base url not specified, skipping its injection.","meta":{"rootId":"2zoc79az55b6kxw","id":"2zoc79az55b6kxw"},"id":"v4w767bcpztidw6","previousOperationId":"p9rf9jv71ch0m1m"}
{"type":"operationStart","subtype":"engine","name":"handlebars","timestamp":1725942347883,"id":"u6dmwbe0jjh07qj","previousEventId":"216wc32px7t1kv6","operationId":"kxkl97qjkmbtrai","previousOperationId":"p9rf9jv71ch0m1m"}
{"type":"log","timestamp":1725942347883,"level":"debug","message":"Rendering engine handlebars","meta":{"rootId":"2zoc79az55b6kxw","id":"2zoc79az55b6kxw"},"id":"6bn1tkaohn198ia","previousOperationId":"kxkl97qjkmbtrai"}
{"type":"operationEnd","operationId":"kxkl97qjkmbtrai","timestamp":1725942347890,"id":"l31o7kd1xwye37u","previousEventId":"u6dmwbe0jjh07qj","previousOperationId":"kxkl97qjkmbtrai"}
{"type":"operationStart","subtype":"recipe","name":"xlsx","timestamp":1725942347890,"id":"if26ekanyrrwz02","previousEventId":"l31o7kd1xwye37u","operationId":"f2nfej67zumvk6r","previousOperationId":"kxkl97qjkmbtrai"}
{"type":"log","timestamp":1725942347890,"level":"debug","message":"Executing recipe xlsx","meta":{"rootId":"2zoc79az55b6kxw","id":"2zoc79az55b6kxw"},"id":"7zbsi9anyxkikgq","previousOperationId":"f2nfej67zumvk6r"}
{"type":"log","timestamp":1725942347891,"level":"info","message":"xlsx generation is starting","meta":{"rootId":"2zoc79az55b6kxw","id":"2zoc79az55b6kxw"},"id":"tr4ucf35sz9w383","previousOperationId":"f2nfej67zumvk6r"}
{"type":"log","timestamp":1725942347926,"level":"debug","message":"Starting child request to render xlsx dynamic parts for generation step","meta":{"rootId":"2zoc79az55b6kxw","id":"2zoc79az55b6kxw"},"id":"so6280gm3r6noqv","previousOperationId":"f2nfej67zumvk6r"}
{"type":"operationStart","subtype":"render","name":"anonymous","previousOperationId":"f2nfej67zumvk6r","timestamp":1725942347926,"id":"ten32dy5eawwv5r","previousEventId":"if26ekanyrrwz02","operationId":"4he2qabv668rxu4"}
{"type":"log","timestamp":1725942347926,"level":"info","message":"Starting rendering (child) request (user: admin)","meta":{"rootId":"2zoc79az55b6kxw","id":"t3s8akgtkcu92wq"},"id":"srful7qbl5jdo61","previousOperationId":"4he2qabv668rxu4"}
{"type":"log","timestamp":1725942347926,"level":"info","message":"Rendering anonymous template { recipe: html, engine: handlebars }","meta":{"rootId":"2zoc79az55b6kxw","id":"t3s8akgtkcu92wq"},"id":"9nv2egpbj76hc9d","previousOperationId":"4he2qabv668rxu4"}
{"type":"log","timestamp":1725942347926,"level":"debug","message":"Inline data specified.","meta":{"rootId":"2zoc79az55b6kxw","id":"t3s8akgtkcu92wq"},"id":"s9l1efpehq6k4on","previousOperationId":"4he2qabv668rxu4"}
{"type":"log","timestamp":1725942347928,"level":"debug","message":"Base url not specified, skipping its injection.","meta":{"rootId":"2zoc79az55b6kxw","id":"t3s8akgtkcu92wq"},"id":"n2ad452l40uf9b2","previousOperationId":"4he2qabv668rxu4"}
{"type":"operationStart","subtype":"engine","name":"handlebars","timestamp":1725942347929,"id":"aa5lyq7v40xbyn4","previousEventId":"ten32dy5eawwv5r","operationId":"d4mkgcp5jii45i1","previousOperationId":"4he2qabv668rxu4"}
{"type":"log","timestamp":1725942347929,"level":"debug","message":"Rendering engine handlebars","meta":{"rootId":"2zoc79az55b6kxw","id":"t3s8akgtkcu92wq"},"id":"koblhvaslumoqtg","previousOperationId":"d4mkgcp5jii45i1"}
{"type":"operationEnd","operationId":"d4mkgcp5jii45i1","timestamp":1725942347947,"id":"8qhkrggq2rw193o","previousEventId":"aa5lyq7v40xbyn4","previousOperationId":"d4mkgcp5jii45i1"}
{"type":"operationStart","subtype":"recipe","name":"html","timestamp":1725942347948,"id":"qcqwzuugy8li4du","previousEventId":"8qhkrggq2rw193o","operationId":"zmw717m6lohfb4b","previousOperationId":"d4mkgcp5jii45i1"}
{"type":"log","timestamp":1725942347948,"level":"debug","message":"Executing recipe html","meta":{"rootId":"2zoc79az55b6kxw","id":"t3s8akgtkcu92wq"},"id":"u780tgi1gk54uyy","previousOperationId":"zmw717m6lohfb4b"}
{"type":"operationEnd","operationId":"zmw717m6lohfb4b","timestamp":1725942347948,"id":"zfpek8le5b7vs0v","previousEventId":"qcqwzuugy8li4du","previousOperationId":"zmw717m6lohfb4b"}
{"type":"log","timestamp":1725942347948,"level":"debug","message":"Skipping storing report.","meta":{"rootId":"2zoc79az55b6kxw","id":"t3s8akgtkcu92wq"},"id":"lz0je0d7gnrmodr","previousOperationId":"zmw717m6lohfb4b"}
{"type":"log","timestamp":1725942347948,"level":"info","message":"Rendering (child) request finished in 83 ms","meta":{"rootId":"2zoc79az55b6kxw","id":"t3s8akgtkcu92wq"},"id":"sk0etkxhxxq1ary","previousOperationId":"zmw717m6lohfb4b"}
{"type":"operationEnd","subtype":"render","operationId":"4he2qabv668rxu4","timestamp":1725942347948,"id":"sw18zporeikckp4","previousEventId":"zfpek8le5b7vs0v","previousOperationId":"zmw717m6lohfb4b"}
{"type":"log","timestamp":1725942348114,"level":"debug","message":"xlsx successfully zipped","meta":{"rootId":"2zoc79az55b6kxw","id":"2zoc79az55b6kxw"},"id":"hw2wgnrj0nr2mxt","previousOperationId":"f2nfej67zumvk6r"}
{"type":"log","timestamp":1725942348114,"level":"info","message":"xlsx generation was finished","meta":{"rootId":"2zoc79az55b6kxw","id":"2zoc79az55b6kxw"},"id":"mzgsx8x7her97jz","previousOperationId":"f2nfej67zumvk6r"}
{"type":"log","timestamp":1725942348142,"level":"debug","message":"preparing office preview","meta":{"rootId":"2zoc79az55b6kxw","id":"2zoc79az55b6kxw"},"id":"addf2nkn3yrevqt","previousOperationId":"f2nfej67zumvk6r"}
{"type":"operationEnd","operationId":"f2nfej67zumvk6r","timestamp":1725942348676,"id":"r2zghpwl69j4r2u","previousEventId":"if26ekanyrrwz02","previousOperationId":"f2nfej67zumvk6r"}
{"type":"log","timestamp":1725942348676,"level":"debug","message":"Skipping storing report.","meta":{"rootId":"2zoc79az55b6kxw","id":"2zoc79az55b6kxw"},"id":"wtmg4qrhsiyqd4r","previousOperationId":"f2nfej67zumvk6r"}
{"type":"log","timestamp":1725942348676,"level":"info","message":"Rendering request 18 finished in 811 ms","meta":{"rootId":"2zoc79az55b6kxw","id":"2zoc79az55b6kxw"},"id":"r94nxdywoftxjy0","previousOperationId":"f2nfej67zumvk6r"}
{"type":"operationEnd","subtype":"render","operationId":"p9rf9jv71ch0m1m","timestamp":1725942348676,"id":"l60gacwi0ptuth7","previousEventId":"r2zghpwl69j4r2u","previousOperationId":"f2nfej67zumvk6r"}
{"type":"operationEnd","doDiffs":false,"previousEventId":"k85vcodql30dhzz","previousOperationId":"gkgpe4x9fd3p4y9","operationId":"gkgpe4x9fd3p4y9","timestamp":1725942348680,"id":"lvqc2q7y1bs9td9"}
