{"type":"operationStart","subtype":"profile","data":{"_id":"E4g913GJ3Xwx8Hs3","timestamp":"2024-09-10T04:26:39.427Z","state":"queued","mode":"standard","creationDate":"2024-09-10T04:26:39.428Z","modificationDate":"2024-09-10T04:26:39.428Z","shortid":"UV-vApU","inheritedReadPermissions":[],"inheritedEditPermissions":[],"$entitySet":"profiles"},"doDiffs":false,"timestamp":1725942399428,"id":"p7itd404g42yjwn","previousOperationId":null,"operationId":"kxp9b2p11hzimb4"}
{"type":"log","level":"info","message":"Render request 19 queued for execution and waiting for available worker","previousOperationId":"kxp9b2p11hzimb4","timestamp":1725942399428,"id":"ptnonkg5qa5oejv"}
{"type":"operationStart","subtype":"render","name":"product_outputs","previousOperationId":"kxp9b2p11hzimb4","timestamp":1725942399438,"id":"8fg1jn5mpdwtzmt","previousEventId":"p7itd404g42yjwn","operationId":"f1jh7plcpa85awm"}
{"type":"log","timestamp":1725942399438,"level":"info","message":"Starting rendering request 19 (user: admin)","meta":{"rootId":"clk3w6ev88cwv1f","id":"clk3w6ev88cwv1f"},"id":"e4orj29484l9i1o","previousOperationId":"f1jh7plcpa85awm"}
{"type":"log","timestamp":1725942399438,"level":"info","message":"Rendering template { name: product_outputs, recipe: xlsx, engine: handlebars, preview: true }","meta":{"rootId":"clk3w6ev88cwv1f","id":"clk3w6ev88cwv1f"},"id":"f2c2kypgufvy708","previousOperationId":"f1jh7plcpa85awm"}
{"type":"log","timestamp":1725942399439,"level":"debug","message":"Adding sample data P37wWuO9M","meta":{"rootId":"clk3w6ev88cwv1f","id":"clk3w6ev88cwv1f"},"id":"8ctx04ckthitdre","previousOperationId":"f1jh7plcpa85awm"}
{"type":"log","timestamp":1725942399440,"level":"debug","message":"Base url not specified, skipping its injection.","meta":{"rootId":"clk3w6ev88cwv1f","id":"clk3w6ev88cwv1f"},"id":"wgw006autqqf4bw","previousOperationId":"f1jh7plcpa85awm"}
{"type":"operationStart","subtype":"engine","name":"handlebars","timestamp":1725942399441,"id":"xj9nuhjj887ef1d","previousEventId":"8fg1jn5mpdwtzmt","operationId":"c3g9188jojyuejo","previousOperationId":"f1jh7plcpa85awm"}
{"type":"log","timestamp":1725942399441,"level":"debug","message":"Rendering engine handlebars","meta":{"rootId":"clk3w6ev88cwv1f","id":"clk3w6ev88cwv1f"},"id":"0iqomst5mdi4fps","previousOperationId":"c3g9188jojyuejo"}
{"type":"operationEnd","operationId":"c3g9188jojyuejo","timestamp":1725942399450,"id":"fj4659gjw99h4nz","previousEventId":"xj9nuhjj887ef1d","previousOperationId":"c3g9188jojyuejo"}
{"type":"operationStart","subtype":"recipe","name":"xlsx","timestamp":1725942399450,"id":"dtdgfg881njox1t","previousEventId":"fj4659gjw99h4nz","operationId":"3majiqyazf4bg6c","previousOperationId":"c3g9188jojyuejo"}
{"type":"log","timestamp":1725942399450,"level":"debug","message":"Executing recipe xlsx","meta":{"rootId":"clk3w6ev88cwv1f","id":"clk3w6ev88cwv1f"},"id":"1vnc76qfqvjo6ik","previousOperationId":"3majiqyazf4bg6c"}
{"type":"log","timestamp":1725942399450,"level":"info","message":"xlsx generation is starting","meta":{"rootId":"clk3w6ev88cwv1f","id":"clk3w6ev88cwv1f"},"id":"pzlqdps4qjvsxm9","previousOperationId":"3majiqyazf4bg6c"}
{"type":"log","timestamp":1725942399483,"level":"debug","message":"Starting child request to render xlsx dynamic parts for generation step","meta":{"rootId":"clk3w6ev88cwv1f","id":"clk3w6ev88cwv1f"},"id":"zlkjw6bunvin890","previousOperationId":"3majiqyazf4bg6c"}
{"type":"operationStart","subtype":"render","name":"anonymous","previousOperationId":"3majiqyazf4bg6c","timestamp":1725942399484,"id":"78vsf2tx7qe4rq5","previousEventId":"dtdgfg881njox1t","operationId":"wwmoqp9bg0mdhoy"}
{"type":"log","timestamp":1725942399484,"level":"info","message":"Starting rendering (child) request (user: admin)","meta":{"rootId":"clk3w6ev88cwv1f","id":"swgdt12uobtdw7v"},"id":"1gb75yn1q2izqz2","previousOperationId":"wwmoqp9bg0mdhoy"}
{"type":"log","timestamp":1725942399484,"level":"info","message":"Rendering anonymous template { recipe: html, engine: handlebars }","meta":{"rootId":"clk3w6ev88cwv1f","id":"swgdt12uobtdw7v"},"id":"1ld0f5ir4l4k2ar","previousOperationId":"wwmoqp9bg0mdhoy"}
{"type":"log","timestamp":1725942399484,"level":"debug","message":"Inline data specified.","meta":{"rootId":"clk3w6ev88cwv1f","id":"swgdt12uobtdw7v"},"id":"pz73rs59cpc0yn8","previousOperationId":"wwmoqp9bg0mdhoy"}
{"type":"log","timestamp":1725942399485,"level":"debug","message":"Base url not specified, skipping its injection.","meta":{"rootId":"clk3w6ev88cwv1f","id":"swgdt12uobtdw7v"},"id":"yvv0fcldgb10050","previousOperationId":"wwmoqp9bg0mdhoy"}
{"type":"operationStart","subtype":"engine","name":"handlebars","timestamp":1725942399486,"id":"nnpephhsb85rlht","previousEventId":"78vsf2tx7qe4rq5","operationId":"lkei3hlzribcnpe","previousOperationId":"wwmoqp9bg0mdhoy"}
{"type":"log","timestamp":1725942399486,"level":"debug","message":"Rendering engine handlebars","meta":{"rootId":"clk3w6ev88cwv1f","id":"swgdt12uobtdw7v"},"id":"i6bsuhejialwpmx","previousOperationId":"lkei3hlzribcnpe"}
{"type":"operationEnd","operationId":"lkei3hlzribcnpe","timestamp":1725942399509,"id":"0cf780dobs3r069","previousEventId":"nnpephhsb85rlht","previousOperationId":"lkei3hlzribcnpe"}
{"type":"operationStart","subtype":"recipe","name":"html","timestamp":1725942399509,"id":"9b2a6y94q1ef4qk","previousEventId":"0cf780dobs3r069","operationId":"3ry4du2s0y4mtua","previousOperationId":"lkei3hlzribcnpe"}
{"type":"log","timestamp":1725942399509,"level":"debug","message":"Executing recipe html","meta":{"rootId":"clk3w6ev88cwv1f","id":"swgdt12uobtdw7v"},"id":"qc077bine9kahvk","previousOperationId":"3ry4du2s0y4mtua"}
{"type":"operationEnd","operationId":"3ry4du2s0y4mtua","timestamp":1725942399509,"id":"rcdz171tlwp6ljs","previousEventId":"9b2a6y94q1ef4qk","previousOperationId":"3ry4du2s0y4mtua"}
{"type":"log","timestamp":1725942399510,"level":"debug","message":"Skipping storing report.","meta":{"rootId":"clk3w6ev88cwv1f","id":"swgdt12uobtdw7v"},"id":"h5ce1vierelttt0","previousOperationId":"3ry4du2s0y4mtua"}
{"type":"log","timestamp":1725942399510,"level":"info","message":"Rendering (child) request finished in 83 ms","meta":{"rootId":"clk3w6ev88cwv1f","id":"swgdt12uobtdw7v"},"id":"yweopcslzegm5u9","previousOperationId":"3ry4du2s0y4mtua"}
{"type":"operationEnd","subtype":"render","operationId":"wwmoqp9bg0mdhoy","timestamp":1725942399510,"id":"l3inm0qo06ibly2","previousEventId":"rcdz171tlwp6ljs","previousOperationId":"3ry4du2s0y4mtua"}
{"type":"log","timestamp":1725942399680,"level":"debug","message":"xlsx successfully zipped","meta":{"rootId":"clk3w6ev88cwv1f","id":"clk3w6ev88cwv1f"},"id":"xaluqslsogp47eo","previousOperationId":"3majiqyazf4bg6c"}
{"type":"log","timestamp":1725942399680,"level":"info","message":"xlsx generation was finished","meta":{"rootId":"clk3w6ev88cwv1f","id":"clk3w6ev88cwv1f"},"id":"74in6mbu8fghakp","previousOperationId":"3majiqyazf4bg6c"}
{"type":"log","timestamp":1725942399730,"level":"debug","message":"preparing office preview","meta":{"rootId":"clk3w6ev88cwv1f","id":"clk3w6ev88cwv1f"},"id":"ccrxtek5fvhx9c5","previousOperationId":"3majiqyazf4bg6c"}
{"type":"operationEnd","operationId":"3majiqyazf4bg6c","timestamp":1725942400272,"id":"3vxuri4jcth8xre","previousEventId":"dtdgfg881njox1t","previousOperationId":"3majiqyazf4bg6c"}
{"type":"log","timestamp":1725942400272,"level":"debug","message":"Skipping storing report.","meta":{"rootId":"clk3w6ev88cwv1f","id":"clk3w6ev88cwv1f"},"id":"5j7vih4nsx41h8c","previousOperationId":"3majiqyazf4bg6c"}
{"type":"log","timestamp":1725942400272,"level":"info","message":"Rendering request 19 finished in 845 ms","meta":{"rootId":"clk3w6ev88cwv1f","id":"clk3w6ev88cwv1f"},"id":"ezc3iie9ghugmfz","previousOperationId":"3majiqyazf4bg6c"}
{"type":"operationEnd","subtype":"render","operationId":"f1jh7plcpa85awm","timestamp":1725942400272,"id":"cvcq5pljdlwquif","previousEventId":"3vxuri4jcth8xre","previousOperationId":"3majiqyazf4bg6c"}
{"type":"operationEnd","doDiffs":false,"previousEventId":"p7itd404g42yjwn","previousOperationId":"kxp9b2p11hzimb4","operationId":"kxp9b2p11hzimb4","timestamp":1725942400275,"id":"r6952bas9gv45j4"}
