{"type":"operationStart","subtype":"profile","data":{"_id":"asjEU5sfIfZqrh2F","timestamp":"2024-09-10T04:27:17.980Z","state":"queued","mode":"standard","creationDate":"2024-09-10T04:27:17.982Z","modificationDate":"2024-09-10T04:27:17.982Z","shortid":"RggDWkZ","inheritedReadPermissions":[],"inheritedEditPermissions":[],"$entitySet":"profiles"},"doDiffs":false,"timestamp":1725942437981,"id":"fv1hkkok6y2ui8e","previousOperationId":null,"operationId":"3lggqun3trqphgb"}
{"type":"log","level":"info","message":"Render request 20 queued for execution and waiting for available worker","previousOperationId":"3lggqun3trqphgb","timestamp":1725942437981,"id":"j35f68m0lurtjov"}
{"type":"operationStart","subtype":"render","name":"product_outputs","previousOperationId":"3lggqun3trqphgb","timestamp":1725942437992,"id":"jeo5w9r6fvsmknb","previousEventId":"fv1hkkok6y2ui8e","operationId":"n6sm980gfd2z0h0"}
{"type":"log","timestamp":1725942437992,"level":"info","message":"Starting rendering request 20 (user: admin)","meta":{"rootId":"p4uoau1sd69x2e5","id":"p4uoau1sd69x2e5"},"id":"vj5aae6knp0ja06","previousOperationId":"n6sm980gfd2z0h0"}
{"type":"log","timestamp":1725942437992,"level":"info","message":"Rendering template { name: product_outputs, recipe: xlsx, engine: handlebars, preview: true }","meta":{"rootId":"p4uoau1sd69x2e5","id":"p4uoau1sd69x2e5"},"id":"vspiomntkxyq0bp","previousOperationId":"n6sm980gfd2z0h0"}
{"type":"log","timestamp":1725942437993,"level":"debug","message":"Adding sample data P37wWuO9M","meta":{"rootId":"p4uoau1sd69x2e5","id":"p4uoau1sd69x2e5"},"id":"dvghr5jc53j99no","previousOperationId":"n6sm980gfd2z0h0"}
{"type":"log","timestamp":1725942437995,"level":"debug","message":"Base url not specified, skipping its injection.","meta":{"rootId":"p4uoau1sd69x2e5","id":"p4uoau1sd69x2e5"},"id":"eaa2ynw89c4jtxf","previousOperationId":"n6sm980gfd2z0h0"}
{"type":"operationStart","subtype":"engine","name":"handlebars","timestamp":1725942437995,"id":"cudlxl8t33e623l","previousEventId":"jeo5w9r6fvsmknb","operationId":"dd1h6ns3wzu59db","previousOperationId":"n6sm980gfd2z0h0"}
{"type":"log","timestamp":1725942437995,"level":"debug","message":"Rendering engine handlebars","meta":{"rootId":"p4uoau1sd69x2e5","id":"p4uoau1sd69x2e5"},"id":"8yf6obksst5w8ci","previousOperationId":"dd1h6ns3wzu59db"}
{"type":"operationEnd","operationId":"dd1h6ns3wzu59db","timestamp":1725942438005,"id":"yw5m8rmlf0lralo","previousEventId":"cudlxl8t33e623l","previousOperationId":"dd1h6ns3wzu59db"}
{"type":"operationStart","subtype":"recipe","name":"xlsx","timestamp":1725942438005,"id":"bmxdx8sevott3u9","previousEventId":"yw5m8rmlf0lralo","operationId":"qu35i1rwjojsnhs","previousOperationId":"dd1h6ns3wzu59db"}
{"type":"log","timestamp":1725942438005,"level":"debug","message":"Executing recipe xlsx","meta":{"rootId":"p4uoau1sd69x2e5","id":"p4uoau1sd69x2e5"},"id":"2fvu3licjr4t9qp","previousOperationId":"qu35i1rwjojsnhs"}
{"type":"log","timestamp":1725942438005,"level":"info","message":"xlsx generation is starting","meta":{"rootId":"p4uoau1sd69x2e5","id":"p4uoau1sd69x2e5"},"id":"ufv6qril82jayuz","previousOperationId":"qu35i1rwjojsnhs"}
{"type":"log","timestamp":1725942438025,"level":"debug","message":"Starting child request to render xlsx dynamic parts for generation step","meta":{"rootId":"p4uoau1sd69x2e5","id":"p4uoau1sd69x2e5"},"id":"qvsacs5whw6tkl1","previousOperationId":"qu35i1rwjojsnhs"}
{"type":"operationStart","subtype":"render","name":"anonymous","previousOperationId":"qu35i1rwjojsnhs","timestamp":1725942438026,"id":"qbajswn0l7empxf","previousEventId":"bmxdx8sevott3u9","operationId":"6mqw2x084zu4so7"}
{"type":"log","timestamp":1725942438026,"level":"info","message":"Starting rendering (child) request (user: admin)","meta":{"rootId":"p4uoau1sd69x2e5","id":"yh9kovz2yxz9wze"},"id":"ty8hbmklgh05z95","previousOperationId":"6mqw2x084zu4so7"}
{"type":"log","timestamp":1725942438026,"level":"info","message":"Rendering anonymous template { recipe: html, engine: handlebars }","meta":{"rootId":"p4uoau1sd69x2e5","id":"yh9kovz2yxz9wze"},"id":"ljbjqquwd3jyw8c","previousOperationId":"6mqw2x084zu4so7"}
{"type":"log","timestamp":1725942438026,"level":"debug","message":"Inline data specified.","meta":{"rootId":"p4uoau1sd69x2e5","id":"yh9kovz2yxz9wze"},"id":"yvuth3x88wecq00","previousOperationId":"6mqw2x084zu4so7"}
{"type":"log","timestamp":1725942438027,"level":"debug","message":"Base url not specified, skipping its injection.","meta":{"rootId":"p4uoau1sd69x2e5","id":"yh9kovz2yxz9wze"},"id":"501anexvqtmuk2o","previousOperationId":"6mqw2x084zu4so7"}
{"type":"operationStart","subtype":"engine","name":"handlebars","timestamp":1725942438028,"id":"tz7fop4xt5hfc2s","previousEventId":"qbajswn0l7empxf","operationId":"nsc9eqn9odtwjnd","previousOperationId":"6mqw2x084zu4so7"}
{"type":"log","timestamp":1725942438028,"level":"debug","message":"Rendering engine handlebars","meta":{"rootId":"p4uoau1sd69x2e5","id":"yh9kovz2yxz9wze"},"id":"i62sg8wmtvnoj0i","previousOperationId":"nsc9eqn9odtwjnd"}
{"type":"operationEnd","operationId":"nsc9eqn9odtwjnd","timestamp":1725942438052,"id":"s4mx896md477dyq","previousEventId":"tz7fop4xt5hfc2s","previousOperationId":"nsc9eqn9odtwjnd"}
{"type":"operationStart","subtype":"recipe","name":"html","timestamp":1725942438053,"id":"oz85vvg9twp2cpc","previousEventId":"s4mx896md477dyq","operationId":"krkjgag9o1hsp01","previousOperationId":"nsc9eqn9odtwjnd"}
{"type":"log","timestamp":1725942438053,"level":"debug","message":"Executing recipe html","meta":{"rootId":"p4uoau1sd69x2e5","id":"yh9kovz2yxz9wze"},"id":"hupjtlfp367mc1j","previousOperationId":"krkjgag9o1hsp01"}
{"type":"operationEnd","operationId":"krkjgag9o1hsp01","timestamp":1725942438053,"id":"nzw2ok35uhvo8dy","previousEventId":"oz85vvg9twp2cpc","previousOperationId":"krkjgag9o1hsp01"}
{"type":"log","timestamp":1725942438053,"level":"debug","message":"Skipping storing report.","meta":{"rootId":"p4uoau1sd69x2e5","id":"yh9kovz2yxz9wze"},"id":"ybfl2pmft6r2aky","previousOperationId":"krkjgag9o1hsp01"}
{"type":"log","timestamp":1725942438053,"level":"info","message":"Rendering (child) request finished in 73 ms","meta":{"rootId":"p4uoau1sd69x2e5","id":"yh9kovz2yxz9wze"},"id":"nyklxb5mrp1novf","previousOperationId":"krkjgag9o1hsp01"}
{"type":"operationEnd","subtype":"render","operationId":"6mqw2x084zu4so7","timestamp":1725942438053,"id":"9jmmpo0umu2d5ki","previousEventId":"nzw2ok35uhvo8dy","previousOperationId":"krkjgag9o1hsp01"}
{"type":"log","timestamp":1725942438075,"level":"debug","message":"xlsx successfully zipped","meta":{"rootId":"p4uoau1sd69x2e5","id":"p4uoau1sd69x2e5"},"id":"fhkehwsqrglhlvl","previousOperationId":"qu35i1rwjojsnhs"}
{"type":"log","timestamp":1725942438075,"level":"info","message":"xlsx generation was finished","meta":{"rootId":"p4uoau1sd69x2e5","id":"p4uoau1sd69x2e5"},"id":"kbck70k6fl6wx6s","previousOperationId":"qu35i1rwjojsnhs"}
{"type":"log","timestamp":1725942438075,"level":"debug","message":"preparing office preview","meta":{"rootId":"p4uoau1sd69x2e5","id":"p4uoau1sd69x2e5"},"id":"t8m0u1r0zii72fc","previousOperationId":"qu35i1rwjojsnhs"}
{"type":"operationEnd","operationId":"qu35i1rwjojsnhs","timestamp":1725942438559,"id":"l2sz8w02a2apezu","previousEventId":"bmxdx8sevott3u9","previousOperationId":"qu35i1rwjojsnhs"}
{"type":"log","timestamp":1725942438559,"level":"debug","message":"Skipping storing report.","meta":{"rootId":"p4uoau1sd69x2e5","id":"p4uoau1sd69x2e5"},"id":"c609t34u9mnnenc","previousOperationId":"qu35i1rwjojsnhs"}
{"type":"log","timestamp":1725942438559,"level":"info","message":"Rendering request 20 finished in 579 ms","meta":{"rootId":"p4uoau1sd69x2e5","id":"p4uoau1sd69x2e5"},"id":"0h11duf9q7lrs7w","previousOperationId":"qu35i1rwjojsnhs"}
{"type":"operationEnd","subtype":"render","operationId":"n6sm980gfd2z0h0","timestamp":1725942438559,"id":"746hwrjn0ux1evx","previousEventId":"l2sz8w02a2apezu","previousOperationId":"qu35i1rwjojsnhs"}
{"type":"operationEnd","doDiffs":false,"previousEventId":"fv1hkkok6y2ui8e","previousOperationId":"3lggqun3trqphgb","operationId":"3lggqun3trqphgb","timestamp":1725942438563,"id":"8pbugtcf0fcux9x"}
