{"type":"operationStart","subtype":"profile","data":{"_id":"2Rxc4ndd9qvQhyec","timestamp":"2024-11-09T17:40:59.250Z","state":"queued","mode":"standard","creationDate":"2024-11-09T17:40:59.252Z","modificationDate":"2024-11-09T17:40:59.252Z","shortid":"yXLChxi","inheritedReadPermissions":[],"inheritedEditPermissions":[],"$entitySet":"profiles"},"doDiffs":false,"timestamp":1731174059251,"id":"jqp1lda8qh3ajip","previousOperationId":null,"operationId":"p2834a8hm1oob9f"}
{"type":"log","level":"info","message":"Render request 38 queued for execution and waiting for available worker","previousOperationId":"p2834a8hm1oob9f","timestamp":1731174059251,"id":"2cz0sllhyd8vfyg"}
{"type":"operationStart","subtype":"render","name":"anonymous","previousOperationId":"p2834a8hm1oob9f","timestamp":1731174059256,"id":"u5cmt6tlcz3t8w3","previousEventId":"jqp1lda8qh3ajip","operationId":"1qhiuv4ra3izf5m"}
{"type":"log","timestamp":1731174059256,"level":"info","message":"Starting rendering request 38 (user: admin)","meta":{"rootId":"158b1q96qi3fary","id":"158b1q96qi3fary"},"id":"75j67k368u1wvz3","previousOperationId":"1qhiuv4ra3izf5m"}
{"type":"log","timestamp":1731174059256,"level":"info","message":"Rendering anonymous template { recipe: xlsx, engine: handlebars }","meta":{"rootId":"158b1q96qi3fary","id":"158b1q96qi3fary"},"id":"gghxkcgi9hn33bj","previousOperationId":"1qhiuv4ra3izf5m"}
{"type":"log","timestamp":1731174059256,"level":"debug","message":"Inline data specified.","meta":{"rootId":"158b1q96qi3fary","id":"158b1q96qi3fary"},"id":"vvw29p8wqs1ijcd","previousOperationId":"1qhiuv4ra3izf5m"}
{"type":"log","timestamp":1731174059256,"level":"debug","message":"Base url not specified, skipping its injection.","meta":{"rootId":"158b1q96qi3fary","id":"158b1q96qi3fary"},"id":"5slvckbah87918b","previousOperationId":"1qhiuv4ra3izf5m"}
{"type":"operationStart","subtype":"engine","name":"handlebars","timestamp":1731174059257,"id":"hna3gilc97tuemz","previousEventId":"u5cmt6tlcz3t8w3","operationId":"ino9p13a48hc0u1","previousOperationId":"1qhiuv4ra3izf5m"}
{"type":"log","timestamp":1731174059257,"level":"debug","message":"Rendering engine handlebars","meta":{"rootId":"158b1q96qi3fary","id":"158b1q96qi3fary"},"id":"7n6fd0dg6cg0ykz","previousOperationId":"ino9p13a48hc0u1"}
{"type":"operationEnd","operationId":"ino9p13a48hc0u1","timestamp":1731174059263,"id":"7hoytjth7qh3wb9","previousEventId":"hna3gilc97tuemz","previousOperationId":"ino9p13a48hc0u1"}
{"type":"operationStart","subtype":"recipe","name":"xlsx","timestamp":1731174059263,"id":"y0nsj7jaiuduwjb","previousEventId":"7hoytjth7qh3wb9","operationId":"anxpjf3gl6it1a7","previousOperationId":"ino9p13a48hc0u1"}
{"type":"log","timestamp":1731174059263,"level":"debug","message":"Executing recipe xlsx","meta":{"rootId":"158b1q96qi3fary","id":"158b1q96qi3fary"},"id":"dlqqlxcvphpbco3","previousOperationId":"anxpjf3gl6it1a7"}
{"type":"log","timestamp":1731174059264,"level":"info","message":"xlsx generation is starting","meta":{"rootId":"158b1q96qi3fary","id":"158b1q96qi3fary"},"id":"5erl1u03oey7mfa","previousOperationId":"anxpjf3gl6it1a7"}
{"type":"log","timestamp":1731174059271,"level":"debug","message":"Starting child request to render xlsx dynamic parts for generation step","meta":{"rootId":"158b1q96qi3fary","id":"158b1q96qi3fary"},"id":"mic51208r22qz8p","previousOperationId":"anxpjf3gl6it1a7"}
{"type":"operationStart","subtype":"render","name":"anonymous","previousOperationId":"anxpjf3gl6it1a7","timestamp":1731174059272,"id":"yxzw0zeewul4jm7","previousEventId":"y0nsj7jaiuduwjb","operationId":"inoojmkw00ekrxu"}
{"type":"log","timestamp":1731174059272,"level":"info","message":"Starting rendering (child) request (user: admin)","meta":{"rootId":"158b1q96qi3fary","id":"4g8xoo1wu07ek6s"},"id":"ez2axf0i8b36jos","previousOperationId":"inoojmkw00ekrxu"}
{"type":"log","timestamp":1731174059272,"level":"info","message":"Rendering anonymous template { recipe: html, engine: handlebars }","meta":{"rootId":"158b1q96qi3fary","id":"4g8xoo1wu07ek6s"},"id":"ms4ku7pyu0ajuke","previousOperationId":"inoojmkw00ekrxu"}
{"type":"log","timestamp":1731174059272,"level":"debug","message":"Inline data specified.","meta":{"rootId":"158b1q96qi3fary","id":"4g8xoo1wu07ek6s"},"id":"vf0wqj6etfim2bg","previousOperationId":"inoojmkw00ekrxu"}
{"type":"log","timestamp":1731174059272,"level":"debug","message":"Base url not specified, skipping its injection.","meta":{"rootId":"158b1q96qi3fary","id":"4g8xoo1wu07ek6s"},"id":"i5aiwnqxyrnqzhq","previousOperationId":"inoojmkw00ekrxu"}
{"type":"operationStart","subtype":"engine","name":"handlebars","timestamp":1731174059272,"id":"ht0mwnl6rs7dpzh","previousEventId":"yxzw0zeewul4jm7","operationId":"u4ksflnby24ob3a","previousOperationId":"inoojmkw00ekrxu"}
{"type":"log","timestamp":1731174059272,"level":"debug","message":"Rendering engine handlebars","meta":{"rootId":"158b1q96qi3fary","id":"4g8xoo1wu07ek6s"},"id":"27b8srwpxvqvsbm","previousOperationId":"u4ksflnby24ob3a"}
{"type":"operationEnd","operationId":"u4ksflnby24ob3a","timestamp":1731174059282,"id":"p7ff97sthoit5h8","previousEventId":"ht0mwnl6rs7dpzh","previousOperationId":"u4ksflnby24ob3a"}
{"type":"operationStart","subtype":"recipe","name":"html","timestamp":1731174059282,"id":"ane183kfg9wbtbe","previousEventId":"p7ff97sthoit5h8","operationId":"60j0sklpb3ni6dq","previousOperationId":"u4ksflnby24ob3a"}
{"type":"log","timestamp":1731174059282,"level":"debug","message":"Executing recipe html","meta":{"rootId":"158b1q96qi3fary","id":"4g8xoo1wu07ek6s"},"id":"499edpn8vgh4ixf","previousOperationId":"60j0sklpb3ni6dq"}
{"type":"operationEnd","operationId":"60j0sklpb3ni6dq","timestamp":1731174059282,"id":"6mv8jt7xg3akqqu","previousEventId":"ane183kfg9wbtbe","previousOperationId":"60j0sklpb3ni6dq"}
{"type":"log","timestamp":1731174059282,"level":"debug","message":"Skipping storing report.","meta":{"rootId":"158b1q96qi3fary","id":"4g8xoo1wu07ek6s"},"id":"w6zcqmo3usd4wno","previousOperationId":"60j0sklpb3ni6dq"}
{"type":"log","timestamp":1731174059282,"level":"info","message":"Rendering (child) request finished in 32 ms","meta":{"rootId":"158b1q96qi3fary","id":"4g8xoo1wu07ek6s"},"id":"tx8eqgcuk76x0rd","previousOperationId":"60j0sklpb3ni6dq"}
{"type":"operationEnd","subtype":"render","operationId":"inoojmkw00ekrxu","timestamp":1731174059282,"id":"khfb89lypatiyhm","previousEventId":"6mv8jt7xg3akqqu","previousOperationId":"60j0sklpb3ni6dq"}
{"type":"log","timestamp":1731174059292,"level":"debug","message":"xlsx successfully zipped","meta":{"rootId":"158b1q96qi3fary","id":"158b1q96qi3fary"},"id":"myivtcl0xicdt6q","previousOperationId":"anxpjf3gl6it1a7"}
{"type":"log","timestamp":1731174059292,"level":"info","message":"xlsx generation was finished","meta":{"rootId":"158b1q96qi3fary","id":"158b1q96qi3fary"},"id":"ijx9pgvsdsmtztr","previousOperationId":"anxpjf3gl6it1a7"}
{"type":"operationEnd","operationId":"anxpjf3gl6it1a7","timestamp":1731174059294,"id":"r606l4fpxg1tivw","previousEventId":"y0nsj7jaiuduwjb","previousOperationId":"anxpjf3gl6it1a7"}
{"type":"log","timestamp":1731174059294,"level":"debug","message":"Skipping storing report.","meta":{"rootId":"158b1q96qi3fary","id":"158b1q96qi3fary"},"id":"zqjho53xgkrh9qq","previousOperationId":"anxpjf3gl6it1a7"}
{"type":"log","timestamp":1731174059294,"level":"info","message":"Rendering request 38 finished in 44 ms","meta":{"rootId":"158b1q96qi3fary","id":"158b1q96qi3fary"},"id":"rvhla2nhupebx24","previousOperationId":"anxpjf3gl6it1a7"}
{"type":"operationEnd","subtype":"render","operationId":"1qhiuv4ra3izf5m","timestamp":1731174059294,"id":"dqljtyxgvtb5ojh","previousEventId":"r606l4fpxg1tivw","previousOperationId":"anxpjf3gl6it1a7"}
{"type":"operationEnd","doDiffs":false,"previousEventId":"jqp1lda8qh3ajip","previousOperationId":"p2834a8hm1oob9f","operationId":"p2834a8hm1oob9f","timestamp":1731174059297,"id":"ykozqes64age1ou"}
