{"type":"operationStart","subtype":"profile","data":{"_id":"BuZxc4lOENqH840o","timestamp":"2024-11-10T07:52:58.887Z","state":"queued","mode":"standard","creationDate":"2024-11-10T07:52:58.888Z","modificationDate":"2024-11-10T07:52:58.888Z","shortid":"HJiynNl","inheritedReadPermissions":[],"inheritedEditPermissions":[],"$entitySet":"profiles"},"doDiffs":false,"timestamp":1731225178887,"id":"oozjw62xmhwm4n9","previousOperationId":null,"operationId":"h78tu3ohxte49g3"}
{"type":"log","level":"info","message":"Render request 92 queued for execution and waiting for available worker","previousOperationId":"h78tu3ohxte49g3","timestamp":1731225178887,"id":"k96zlyxdfhkqcn8"}
{"type":"operationStart","subtype":"render","name":"anonymous","previousOperationId":"h78tu3ohxte49g3","timestamp":1731225178893,"id":"b3au68v6tew6rnh","previousEventId":"oozjw62xmhwm4n9","operationId":"02dwkmczmx4lsec"}
{"type":"log","timestamp":1731225178893,"level":"info","message":"Starting rendering request 92 (user: admin)","meta":{"rootId":"c5p8fl3h1y0nmhc","id":"c5p8fl3h1y0nmhc"},"id":"czdc3x9siga2ccq","previousOperationId":"02dwkmczmx4lsec"}
{"type":"log","timestamp":1731225178893,"level":"info","message":"Rendering anonymous template { recipe: xlsx, engine: handlebars }","meta":{"rootId":"c5p8fl3h1y0nmhc","id":"c5p8fl3h1y0nmhc"},"id":"4lc3xjwrxk6wfqi","previousOperationId":"02dwkmczmx4lsec"}
{"type":"log","timestamp":1731225178893,"level":"debug","message":"Inline data specified.","meta":{"rootId":"c5p8fl3h1y0nmhc","id":"c5p8fl3h1y0nmhc"},"id":"kd3jtw9jabpuaqi","previousOperationId":"02dwkmczmx4lsec"}
{"type":"log","timestamp":1731225178893,"level":"debug","message":"Base url not specified, skipping its injection.","meta":{"rootId":"c5p8fl3h1y0nmhc","id":"c5p8fl3h1y0nmhc"},"id":"jhqi3aagyfulysn","previousOperationId":"02dwkmczmx4lsec"}
{"type":"operationStart","subtype":"engine","name":"handlebars","timestamp":1731225178893,"id":"ou9ndg5ur6t1b2v","previousEventId":"b3au68v6tew6rnh","operationId":"u3tia94ak3ktubb","previousOperationId":"02dwkmczmx4lsec"}
{"type":"log","timestamp":1731225178893,"level":"debug","message":"Rendering engine handlebars","meta":{"rootId":"c5p8fl3h1y0nmhc","id":"c5p8fl3h1y0nmhc"},"id":"nr4fjxn0f1hdsl6","previousOperationId":"u3tia94ak3ktubb"}
{"type":"operationEnd","operationId":"u3tia94ak3ktubb","timestamp":1731225178898,"id":"fzs1hshyco2xsu8","previousEventId":"ou9ndg5ur6t1b2v","previousOperationId":"u3tia94ak3ktubb"}
{"type":"operationStart","subtype":"recipe","name":"xlsx","timestamp":1731225178898,"id":"k74u208qor7viwd","previousEventId":"fzs1hshyco2xsu8","operationId":"b3cb9ceu9ea0730","previousOperationId":"u3tia94ak3ktubb"}
{"type":"log","timestamp":1731225178898,"level":"debug","message":"Executing recipe xlsx","meta":{"rootId":"c5p8fl3h1y0nmhc","id":"c5p8fl3h1y0nmhc"},"id":"ihkxpn1pnje5txj","previousOperationId":"b3cb9ceu9ea0730"}
{"type":"log","timestamp":1731225178898,"level":"info","message":"xlsx generation is starting","meta":{"rootId":"c5p8fl3h1y0nmhc","id":"c5p8fl3h1y0nmhc"},"id":"01oi0bpbn1gbkvz","previousOperationId":"b3cb9ceu9ea0730"}
{"type":"log","timestamp":1731225179074,"level":"debug","message":"Starting child request to render xlsx dynamic parts for generation step","meta":{"rootId":"c5p8fl3h1y0nmhc","id":"c5p8fl3h1y0nmhc"},"id":"ohofqtoqh5qm3tw","previousOperationId":"b3cb9ceu9ea0730"}
{"type":"operationStart","subtype":"render","name":"anonymous","previousOperationId":"b3cb9ceu9ea0730","timestamp":1731225179074,"id":"mr757i4eejxtnzc","previousEventId":"k74u208qor7viwd","operationId":"01fjbyb7mpy0x6m"}
{"type":"log","timestamp":1731225179074,"level":"info","message":"Starting rendering (child) request (user: admin)","meta":{"rootId":"c5p8fl3h1y0nmhc","id":"z6661gfran6dodq"},"id":"s3yrb9ppd7d9dr4","previousOperationId":"01fjbyb7mpy0x6m"}
{"type":"log","timestamp":1731225179074,"level":"info","message":"Rendering anonymous template { recipe: html, engine: handlebars }","meta":{"rootId":"c5p8fl3h1y0nmhc","id":"z6661gfran6dodq"},"id":"ud7bivi4qq90p6h","previousOperationId":"01fjbyb7mpy0x6m"}
{"type":"log","timestamp":1731225179074,"level":"debug","message":"Inline data specified.","meta":{"rootId":"c5p8fl3h1y0nmhc","id":"z6661gfran6dodq"},"id":"m86ympmkkfkq3ju","previousOperationId":"01fjbyb7mpy0x6m"}
{"type":"log","timestamp":1731225179078,"level":"debug","message":"Base url not specified, skipping its injection.","meta":{"rootId":"c5p8fl3h1y0nmhc","id":"z6661gfran6dodq"},"id":"u6v1wjgonasks9n","previousOperationId":"01fjbyb7mpy0x6m"}
{"type":"operationStart","subtype":"engine","name":"handlebars","timestamp":1731225179078,"id":"430wgsb4uhuq1cy","previousEventId":"mr757i4eejxtnzc","operationId":"jjxiklv27pdpl9y","previousOperationId":"01fjbyb7mpy0x6m"}
{"type":"log","timestamp":1731225179078,"level":"debug","message":"Rendering engine handlebars","meta":{"rootId":"c5p8fl3h1y0nmhc","id":"z6661gfran6dodq"},"id":"4wd7emkh1rumuus","previousOperationId":"jjxiklv27pdpl9y"}
{"type":"operationEnd","operationId":"jjxiklv27pdpl9y","timestamp":1731225179420,"id":"mvoctz14alavu7h","previousEventId":"430wgsb4uhuq1cy","previousOperationId":"jjxiklv27pdpl9y"}
{"type":"operationStart","subtype":"recipe","name":"html","timestamp":1731225179421,"id":"j2kqtq9ww1wuw9m","previousEventId":"mvoctz14alavu7h","operationId":"ldlyazr27mu5zf4","previousOperationId":"jjxiklv27pdpl9y"}
{"type":"log","timestamp":1731225179421,"level":"debug","message":"Executing recipe html","meta":{"rootId":"c5p8fl3h1y0nmhc","id":"z6661gfran6dodq"},"id":"h0vvc37ynahfo8z","previousOperationId":"ldlyazr27mu5zf4"}
{"type":"operationEnd","operationId":"ldlyazr27mu5zf4","timestamp":1731225179421,"id":"v46ckatkh36memb","previousEventId":"j2kqtq9ww1wuw9m","previousOperationId":"ldlyazr27mu5zf4"}
{"type":"log","timestamp":1731225179421,"level":"debug","message":"Skipping storing report.","meta":{"rootId":"c5p8fl3h1y0nmhc","id":"z6661gfran6dodq"},"id":"wzo1dndsdasb7c2","previousOperationId":"ldlyazr27mu5zf4"}
{"type":"log","timestamp":1731225179422,"level":"info","message":"Rendering (child) request finished in 535 ms","meta":{"rootId":"c5p8fl3h1y0nmhc","id":"z6661gfran6dodq"},"id":"egdnmf7gdb2tz65","previousOperationId":"ldlyazr27mu5zf4"}
{"type":"operationEnd","subtype":"render","operationId":"01fjbyb7mpy0x6m","timestamp":1731225179422,"id":"ggj1wfhnsepfhdd","previousEventId":"v46ckatkh36memb","previousOperationId":"ldlyazr27mu5zf4"}
{"type":"log","timestamp":1731225179435,"level":"debug","message":"xlsx successfully zipped","meta":{"rootId":"c5p8fl3h1y0nmhc","id":"c5p8fl3h1y0nmhc"},"id":"51i5iqd1it85xql","previousOperationId":"b3cb9ceu9ea0730"}
{"type":"log","timestamp":1731225179435,"level":"info","message":"xlsx generation was finished","meta":{"rootId":"c5p8fl3h1y0nmhc","id":"c5p8fl3h1y0nmhc"},"id":"3hxguthmvju0zq0","previousOperationId":"b3cb9ceu9ea0730"}
{"type":"operationEnd","operationId":"b3cb9ceu9ea0730","timestamp":1731225179438,"id":"lm4xiyw4f4agpwo","previousEventId":"k74u208qor7viwd","previousOperationId":"b3cb9ceu9ea0730"}
{"type":"log","timestamp":1731225179438,"level":"debug","message":"Skipping storing report.","meta":{"rootId":"c5p8fl3h1y0nmhc","id":"c5p8fl3h1y0nmhc"},"id":"rpc278jbv48342n","previousOperationId":"b3cb9ceu9ea0730"}
{"type":"log","timestamp":1731225179438,"level":"info","message":"Rendering request 92 finished in 551 ms","meta":{"rootId":"c5p8fl3h1y0nmhc","id":"c5p8fl3h1y0nmhc"},"id":"65ikfvwzm82jskj","previousOperationId":"b3cb9ceu9ea0730"}
{"type":"operationEnd","subtype":"render","operationId":"02dwkmczmx4lsec","timestamp":1731225179438,"id":"g2ak0lfxvcyxcxy","previousEventId":"lm4xiyw4f4agpwo","previousOperationId":"b3cb9ceu9ea0730"}
{"type":"operationEnd","doDiffs":false,"previousEventId":"oozjw62xmhwm4n9","previousOperationId":"h78tu3ohxte49g3","operationId":"h78tu3ohxte49g3","timestamp":1731225179440,"id":"nk2gjwqwa88yfv3"}
