{"type":"operationStart","subtype":"profile","data":{"_id":"24nF6RwIzsaNaoaE","timestamp":"2024-11-09T17:40:27.918Z","state":"queued","mode":"standard","creationDate":"2024-11-09T17:40:27.919Z","modificationDate":"2024-11-09T17:40:27.919Z","shortid":"0MewP0s","inheritedReadPermissions":[],"inheritedEditPermissions":[],"$entitySet":"profiles"},"doDiffs":false,"timestamp":1731174027919,"id":"dwa1ntdr0e86xl0","previousOperationId":null,"operationId":"yirji5i6auxwjvu"}
{"type":"log","level":"info","message":"Render request 37 queued for execution and waiting for available worker","previousOperationId":"yirji5i6auxwjvu","timestamp":1731174027919,"id":"fo8u9g3rq1s3fkp"}
{"type":"operationStart","subtype":"render","name":"anonymous","previousOperationId":"yirji5i6auxwjvu","timestamp":1731174027923,"id":"1gexi737arkri8v","previousEventId":"dwa1ntdr0e86xl0","operationId":"tuvoow5x4jptdgg"}
{"type":"log","timestamp":1731174027923,"level":"info","message":"Starting rendering request 37 (user: admin)","meta":{"rootId":"cv3jzx0s30h5ul2","id":"cv3jzx0s30h5ul2"},"id":"6dn1d1lcqw6h6f9","previousOperationId":"tuvoow5x4jptdgg"}
{"type":"log","timestamp":1731174027923,"level":"info","message":"Rendering anonymous template { recipe: xlsx, engine: handlebars }","meta":{"rootId":"cv3jzx0s30h5ul2","id":"cv3jzx0s30h5ul2"},"id":"h3pmr9gfibglxad","previousOperationId":"tuvoow5x4jptdgg"}
{"type":"log","timestamp":1731174027923,"level":"debug","message":"Inline data specified.","meta":{"rootId":"cv3jzx0s30h5ul2","id":"cv3jzx0s30h5ul2"},"id":"dbzkydf5tx985ax","previousOperationId":"tuvoow5x4jptdgg"}
{"type":"log","timestamp":1731174027924,"level":"debug","message":"Base url not specified, skipping its injection.","meta":{"rootId":"cv3jzx0s30h5ul2","id":"cv3jzx0s30h5ul2"},"id":"hosvujvx0kq0c1w","previousOperationId":"tuvoow5x4jptdgg"}
{"type":"operationStart","subtype":"engine","name":"handlebars","timestamp":1731174027924,"id":"hpov9908v5pailw","previousEventId":"1gexi737arkri8v","operationId":"mkml16h8d5xubjf","previousOperationId":"tuvoow5x4jptdgg"}
{"type":"log","timestamp":1731174027924,"level":"debug","message":"Rendering engine handlebars","meta":{"rootId":"cv3jzx0s30h5ul2","id":"cv3jzx0s30h5ul2"},"id":"c4iu1h6v1fbjdyk","previousOperationId":"mkml16h8d5xubjf"}
{"type":"operationEnd","operationId":"mkml16h8d5xubjf","timestamp":1731174027931,"id":"zsvqs5h93sbtg7u","previousEventId":"hpov9908v5pailw","previousOperationId":"mkml16h8d5xubjf"}
{"type":"operationStart","subtype":"recipe","name":"xlsx","timestamp":1731174027931,"id":"7royw3lzz58lrwo","previousEventId":"zsvqs5h93sbtg7u","operationId":"72myg707iemjecf","previousOperationId":"mkml16h8d5xubjf"}
{"type":"log","timestamp":1731174027931,"level":"debug","message":"Executing recipe xlsx","meta":{"rootId":"cv3jzx0s30h5ul2","id":"cv3jzx0s30h5ul2"},"id":"jtdzdc43k285aco","previousOperationId":"72myg707iemjecf"}
{"type":"log","timestamp":1731174027931,"level":"info","message":"xlsx generation is starting","meta":{"rootId":"cv3jzx0s30h5ul2","id":"cv3jzx0s30h5ul2"},"id":"1p6bseytaom7vad","previousOperationId":"72myg707iemjecf"}
{"type":"log","timestamp":1731174027945,"level":"debug","message":"Starting child request to render xlsx dynamic parts for generation step","meta":{"rootId":"cv3jzx0s30h5ul2","id":"cv3jzx0s30h5ul2"},"id":"5nbf72d51ut1yfe","previousOperationId":"72myg707iemjecf"}
{"type":"operationStart","subtype":"render","name":"anonymous","previousOperationId":"72myg707iemjecf","timestamp":1731174027945,"id":"cbxs8t6p1fn684i","previousEventId":"7royw3lzz58lrwo","operationId":"qdxjp950vhpf9d3"}
{"type":"log","timestamp":1731174027945,"level":"info","message":"Starting rendering (child) request (user: admin)","meta":{"rootId":"cv3jzx0s30h5ul2","id":"q0nkmmn04tvjwrp"},"id":"1i75pihy6okgfql","previousOperationId":"qdxjp950vhpf9d3"}
{"type":"log","timestamp":1731174027945,"level":"info","message":"Rendering anonymous template { recipe: html, engine: handlebars }","meta":{"rootId":"cv3jzx0s30h5ul2","id":"q0nkmmn04tvjwrp"},"id":"1gtq3d8rpcy4dq2","previousOperationId":"qdxjp950vhpf9d3"}
{"type":"log","timestamp":1731174027945,"level":"debug","message":"Inline data specified.","meta":{"rootId":"cv3jzx0s30h5ul2","id":"q0nkmmn04tvjwrp"},"id":"wx8uxz1qv9h2h5l","previousOperationId":"qdxjp950vhpf9d3"}
{"type":"log","timestamp":1731174027946,"level":"debug","message":"Base url not specified, skipping its injection.","meta":{"rootId":"cv3jzx0s30h5ul2","id":"q0nkmmn04tvjwrp"},"id":"jd2qedyafnrugt9","previousOperationId":"qdxjp950vhpf9d3"}
{"type":"operationStart","subtype":"engine","name":"handlebars","timestamp":1731174027947,"id":"fhlebom0mpl6bf4","previousEventId":"cbxs8t6p1fn684i","operationId":"a17e7zk27tdyl83","previousOperationId":"qdxjp950vhpf9d3"}
{"type":"log","timestamp":1731174027947,"level":"debug","message":"Rendering engine handlebars","meta":{"rootId":"cv3jzx0s30h5ul2","id":"q0nkmmn04tvjwrp"},"id":"hxl6lnotp1c7iu1","previousOperationId":"a17e7zk27tdyl83"}
{"type":"operationEnd","operationId":"a17e7zk27tdyl83","timestamp":1731174027957,"id":"ahlu7105rixx0hk","previousEventId":"fhlebom0mpl6bf4","previousOperationId":"a17e7zk27tdyl83"}
{"type":"operationStart","subtype":"recipe","name":"html","timestamp":1731174027957,"id":"8fnbu6f1wa2hod0","previousEventId":"ahlu7105rixx0hk","operationId":"xvlqrbsvza3vyj4","previousOperationId":"a17e7zk27tdyl83"}
{"type":"log","timestamp":1731174027957,"level":"debug","message":"Executing recipe html","meta":{"rootId":"cv3jzx0s30h5ul2","id":"q0nkmmn04tvjwrp"},"id":"5n6clmwbqhtasry","previousOperationId":"xvlqrbsvza3vyj4"}
{"type":"operationEnd","operationId":"xvlqrbsvza3vyj4","timestamp":1731174027957,"id":"15qxktoom2dxd04","previousEventId":"8fnbu6f1wa2hod0","previousOperationId":"xvlqrbsvza3vyj4"}
{"type":"log","timestamp":1731174027957,"level":"debug","message":"Skipping storing report.","meta":{"rootId":"cv3jzx0s30h5ul2","id":"q0nkmmn04tvjwrp"},"id":"tmm0akq7vfkkspb","previousOperationId":"xvlqrbsvza3vyj4"}
{"type":"log","timestamp":1731174027957,"level":"info","message":"Rendering (child) request finished in 39 ms","meta":{"rootId":"cv3jzx0s30h5ul2","id":"q0nkmmn04tvjwrp"},"id":"qdvr1n09vukw9vq","previousOperationId":"xvlqrbsvza3vyj4"}
{"type":"operationEnd","subtype":"render","operationId":"qdxjp950vhpf9d3","timestamp":1731174027957,"id":"crgs5najnpxp8zp","previousEventId":"15qxktoom2dxd04","previousOperationId":"xvlqrbsvza3vyj4"}
{"type":"log","timestamp":1731174027968,"level":"debug","message":"xlsx successfully zipped","meta":{"rootId":"cv3jzx0s30h5ul2","id":"cv3jzx0s30h5ul2"},"id":"rptffu4sfe10m5k","previousOperationId":"72myg707iemjecf"}
{"type":"log","timestamp":1731174027968,"level":"info","message":"xlsx generation was finished","meta":{"rootId":"cv3jzx0s30h5ul2","id":"cv3jzx0s30h5ul2"},"id":"34q5pb54ot6kbx8","previousOperationId":"72myg707iemjecf"}
{"type":"log","timestamp":1731174027973,"level":"info","message":"xlsx transformation is starting","meta":{"rootId":"cv3jzx0s30h5ul2","id":"cv3jzx0s30h5ul2"},"id":"8ymdi3ymvzl5ibp","previousOperationId":"72myg707iemjecf"}
{"type":"log","timestamp":1731174027990,"level":"debug","message":"Parsing xlsx content","meta":{"rootId":"cv3jzx0s30h5ul2","id":"cv3jzx0s30h5ul2"},"id":"lgrqxslh0ti3qv7","previousOperationId":"72myg707iemjecf"}
{"type":"log","timestamp":1731174028012,"level":"debug","message":"Successfully zipped now.","meta":{"rootId":"cv3jzx0s30h5ul2","id":"cv3jzx0s30h5ul2"},"id":"2h2wmo5pid1005u","previousOperationId":"72myg707iemjecf"}
{"type":"log","timestamp":1731174028012,"level":"info","message":"xlsx transformation was finished","meta":{"rootId":"cv3jzx0s30h5ul2","id":"cv3jzx0s30h5ul2"},"id":"3kkcjvf5ty4nv9e","previousOperationId":"72myg707iemjecf"}
{"type":"operationEnd","operationId":"72myg707iemjecf","timestamp":1731174028014,"id":"z6mlngz8dfemwrj","previousEventId":"7royw3lzz58lrwo","previousOperationId":"72myg707iemjecf"}
{"type":"log","timestamp":1731174028014,"level":"debug","message":"Skipping storing report.","meta":{"rootId":"cv3jzx0s30h5ul2","id":"cv3jzx0s30h5ul2"},"id":"qadezeshu7r5fh4","previousOperationId":"72myg707iemjecf"}
{"type":"log","timestamp":1731174028014,"level":"info","message":"Rendering request 37 finished in 96 ms","meta":{"rootId":"cv3jzx0s30h5ul2","id":"cv3jzx0s30h5ul2"},"id":"hnsgf8874jry8c7","previousOperationId":"72myg707iemjecf"}
{"type":"operationEnd","subtype":"render","operationId":"tuvoow5x4jptdgg","timestamp":1731174028014,"id":"btjd3zwm3trxe3i","previousEventId":"z6mlngz8dfemwrj","previousOperationId":"72myg707iemjecf"}
{"type":"operationEnd","doDiffs":false,"previousEventId":"dwa1ntdr0e86xl0","previousOperationId":"yirji5i6auxwjvu","operationId":"yirji5i6auxwjvu","timestamp":1731174028016,"id":"8z91x627egssi87"}
