{"type":"operationStart","subtype":"profile","data":{"_id":"lHozw8N4TiDNZLbz","timestamp":"2024-11-10T07:53:25.294Z","state":"queued","mode":"standard","creationDate":"2024-11-10T07:53:25.296Z","modificationDate":"2024-11-10T07:53:25.296Z","shortid":"V44S03d","inheritedReadPermissions":[],"inheritedEditPermissions":[],"$entitySet":"profiles"},"doDiffs":false,"timestamp":1731225205295,"id":"t56nm1uebr9howw","previousOperationId":null,"operationId":"imoq0tij750mksw"}
{"type":"log","level":"info","message":"Render request 93 queued for execution and waiting for available worker","previousOperationId":"imoq0tij750mksw","timestamp":1731225205295,"id":"1wf9pnd51o6qc3i"}
{"type":"operationStart","subtype":"render","name":"anonymous","previousOperationId":"imoq0tij750mksw","timestamp":1731225205300,"id":"95nq6nvo8jadmb2","previousEventId":"t56nm1uebr9howw","operationId":"gd3yysbcjpn1jph"}
{"type":"log","timestamp":1731225205300,"level":"info","message":"Starting rendering request 93 (user: admin)","meta":{"rootId":"meppoy3l774ofzr","id":"meppoy3l774ofzr"},"id":"e2txs6pqkpdpt2z","previousOperationId":"gd3yysbcjpn1jph"}
{"type":"log","timestamp":1731225205300,"level":"info","message":"Rendering anonymous template { recipe: xlsx, engine: handlebars }","meta":{"rootId":"meppoy3l774ofzr","id":"meppoy3l774ofzr"},"id":"dmt9vdmrch3h409","previousOperationId":"gd3yysbcjpn1jph"}
{"type":"log","timestamp":1731225205300,"level":"debug","message":"Inline data specified.","meta":{"rootId":"meppoy3l774ofzr","id":"meppoy3l774ofzr"},"id":"wchybqmapx6pew6","previousOperationId":"gd3yysbcjpn1jph"}
{"type":"log","timestamp":1731225205301,"level":"debug","message":"Base url not specified, skipping its injection.","meta":{"rootId":"meppoy3l774ofzr","id":"meppoy3l774ofzr"},"id":"fkxn18atmmhwm4a","previousOperationId":"gd3yysbcjpn1jph"}
{"type":"operationStart","subtype":"engine","name":"handlebars","timestamp":1731225205301,"id":"r5ygr25bzkwcdw6","previousEventId":"95nq6nvo8jadmb2","operationId":"8kr5fbn2j3ld329","previousOperationId":"gd3yysbcjpn1jph"}
{"type":"log","timestamp":1731225205301,"level":"debug","message":"Rendering engine handlebars","meta":{"rootId":"meppoy3l774ofzr","id":"meppoy3l774ofzr"},"id":"v66cbcpy938zp29","previousOperationId":"8kr5fbn2j3ld329"}
{"type":"operationEnd","operationId":"8kr5fbn2j3ld329","timestamp":1731225205306,"id":"xrkwh25qkxp6srj","previousEventId":"r5ygr25bzkwcdw6","previousOperationId":"8kr5fbn2j3ld329"}
{"type":"operationStart","subtype":"recipe","name":"xlsx","timestamp":1731225205306,"id":"v4e0kejsme172qs","previousEventId":"xrkwh25qkxp6srj","operationId":"jm53iqrpydngz26","previousOperationId":"8kr5fbn2j3ld329"}
{"type":"log","timestamp":1731225205306,"level":"debug","message":"Executing recipe xlsx","meta":{"rootId":"meppoy3l774ofzr","id":"meppoy3l774ofzr"},"id":"thqv5as01ubg25i","previousOperationId":"jm53iqrpydngz26"}
{"type":"log","timestamp":1731225205306,"level":"info","message":"xlsx generation is starting","meta":{"rootId":"meppoy3l774ofzr","id":"meppoy3l774ofzr"},"id":"zzj3y1jip4e8glr","previousOperationId":"jm53iqrpydngz26"}
{"type":"log","timestamp":1731225205512,"level":"debug","message":"Starting child request to render xlsx dynamic parts for generation step","meta":{"rootId":"meppoy3l774ofzr","id":"meppoy3l774ofzr"},"id":"a6rdia5efsbrdzu","previousOperationId":"jm53iqrpydngz26"}
{"type":"operationStart","subtype":"render","name":"anonymous","previousOperationId":"jm53iqrpydngz26","timestamp":1731225205512,"id":"27eh4i8i16rqjzl","previousEventId":"v4e0kejsme172qs","operationId":"kjtyt9omnjhxctl"}
{"type":"log","timestamp":1731225205512,"level":"info","message":"Starting rendering (child) request (user: admin)","meta":{"rootId":"meppoy3l774ofzr","id":"v22nh3pbcijdsy0"},"id":"qinp7izp4qq25t0","previousOperationId":"kjtyt9omnjhxctl"}
{"type":"log","timestamp":1731225205512,"level":"info","message":"Rendering anonymous template { recipe: html, engine: handlebars }","meta":{"rootId":"meppoy3l774ofzr","id":"v22nh3pbcijdsy0"},"id":"ukbrunhjn9z5y3r","previousOperationId":"kjtyt9omnjhxctl"}
{"type":"log","timestamp":1731225205512,"level":"debug","message":"Inline data specified.","meta":{"rootId":"meppoy3l774ofzr","id":"v22nh3pbcijdsy0"},"id":"edcem65gs5lfott","previousOperationId":"kjtyt9omnjhxctl"}
{"type":"log","timestamp":1731225205516,"level":"debug","message":"Base url not specified, skipping its injection.","meta":{"rootId":"meppoy3l774ofzr","id":"v22nh3pbcijdsy0"},"id":"ebh63072991ahy6","previousOperationId":"kjtyt9omnjhxctl"}
{"type":"operationStart","subtype":"engine","name":"handlebars","timestamp":1731225205516,"id":"8u18k96i0ar4tmd","previousEventId":"27eh4i8i16rqjzl","operationId":"dwqvwsuyc6pa3uy","previousOperationId":"kjtyt9omnjhxctl"}
{"type":"log","timestamp":1731225205516,"level":"debug","message":"Rendering engine handlebars","meta":{"rootId":"meppoy3l774ofzr","id":"v22nh3pbcijdsy0"},"id":"u97gekysl52tvfc","previousOperationId":"dwqvwsuyc6pa3uy"}
{"type":"operationEnd","operationId":"dwqvwsuyc6pa3uy","timestamp":1731225205741,"id":"9pzccrjdonnhqor","previousEventId":"8u18k96i0ar4tmd","previousOperationId":"dwqvwsuyc6pa3uy"}
{"type":"operationStart","subtype":"recipe","name":"html","timestamp":1731225205742,"id":"s4ix6ta3agfj47n","previousEventId":"9pzccrjdonnhqor","operationId":"16msrhwlmtg4yjp","previousOperationId":"dwqvwsuyc6pa3uy"}
{"type":"log","timestamp":1731225205742,"level":"debug","message":"Executing recipe html","meta":{"rootId":"meppoy3l774ofzr","id":"v22nh3pbcijdsy0"},"id":"w5da7srsn3icg8o","previousOperationId":"16msrhwlmtg4yjp"}
{"type":"operationEnd","operationId":"16msrhwlmtg4yjp","timestamp":1731225205742,"id":"cxwfwq8ba881ji6","previousEventId":"s4ix6ta3agfj47n","previousOperationId":"16msrhwlmtg4yjp"}
{"type":"log","timestamp":1731225205742,"level":"debug","message":"Skipping storing report.","meta":{"rootId":"meppoy3l774ofzr","id":"v22nh3pbcijdsy0"},"id":"dkboz6tdnh9ob2n","previousOperationId":"16msrhwlmtg4yjp"}
{"type":"log","timestamp":1731225205742,"level":"info","message":"Rendering (child) request finished in 448 ms","meta":{"rootId":"meppoy3l774ofzr","id":"v22nh3pbcijdsy0"},"id":"0roxxvlf6c0fpdx","previousOperationId":"16msrhwlmtg4yjp"}
{"type":"operationEnd","subtype":"render","operationId":"kjtyt9omnjhxctl","timestamp":1731225205742,"id":"b6g8ele0l5i993x","previousEventId":"cxwfwq8ba881ji6","previousOperationId":"16msrhwlmtg4yjp"}
{"type":"log","timestamp":1731225205755,"level":"debug","message":"xlsx successfully zipped","meta":{"rootId":"meppoy3l774ofzr","id":"meppoy3l774ofzr"},"id":"pw4j5n8lmlwdsgn","previousOperationId":"jm53iqrpydngz26"}
{"type":"log","timestamp":1731225205755,"level":"info","message":"xlsx generation was finished","meta":{"rootId":"meppoy3l774ofzr","id":"meppoy3l774ofzr"},"id":"ccl0zra5iv1plp4","previousOperationId":"jm53iqrpydngz26"}
{"type":"operationEnd","operationId":"jm53iqrpydngz26","timestamp":1731225205756,"id":"ff9n5a2rfa60qo0","previousEventId":"v4e0kejsme172qs","previousOperationId":"jm53iqrpydngz26"}
{"type":"log","timestamp":1731225205756,"level":"debug","message":"Skipping storing report.","meta":{"rootId":"meppoy3l774ofzr","id":"meppoy3l774ofzr"},"id":"zkqwifbpkchjn3s","previousOperationId":"jm53iqrpydngz26"}
{"type":"log","timestamp":1731225205756,"level":"info","message":"Rendering request 93 finished in 462 ms","meta":{"rootId":"meppoy3l774ofzr","id":"meppoy3l774ofzr"},"id":"4r0l9txlyee2y9f","previousOperationId":"jm53iqrpydngz26"}
{"type":"operationEnd","subtype":"render","operationId":"gd3yysbcjpn1jph","timestamp":1731225205756,"id":"b3ym1vl9frc1buk","previousEventId":"ff9n5a2rfa60qo0","previousOperationId":"jm53iqrpydngz26"}
{"type":"operationEnd","doDiffs":false,"previousEventId":"t56nm1uebr9howw","previousOperationId":"imoq0tij750mksw","operationId":"imoq0tij750mksw","timestamp":1731225205759,"id":"s8gh94djdre93c0"}
