{"type":"operationStart","subtype":"profile","data":{"_id":"lypT36TWInV0h75i","timestamp":"2024-11-09T17:39:01.663Z","state":"queued","mode":"standard","creationDate":"2024-11-09T17:39:01.664Z","modificationDate":"2024-11-09T17:39:01.664Z","shortid":"eyziORC","inheritedReadPermissions":[],"inheritedEditPermissions":[],"$entitySet":"profiles"},"doDiffs":false,"timestamp":1731173941664,"id":"gbn6up0hoivnk3i","previousOperationId":null,"operationId":"y120x4sru2bgzo8"}
{"type":"log","level":"info","message":"Render request 36 queued for execution and waiting for available worker","previousOperationId":"y120x4sru2bgzo8","timestamp":1731173941664,"id":"glg50aqerpywohe"}
{"type":"operationStart","subtype":"render","name":"anonymous","previousOperationId":"y120x4sru2bgzo8","timestamp":1731173941669,"id":"lh6rai35j4iks79","previousEventId":"gbn6up0hoivnk3i","operationId":"okt157rr2uek7x9"}
{"type":"log","timestamp":1731173941669,"level":"info","message":"Starting rendering request 36 (user: admin)","meta":{"rootId":"q0qho4g5of8e84f","id":"q0qho4g5of8e84f"},"id":"0k01l25jnfufosa","previousOperationId":"okt157rr2uek7x9"}
{"type":"log","timestamp":1731173941669,"level":"info","message":"Rendering anonymous template { recipe: xlsx, engine: handlebars }","meta":{"rootId":"q0qho4g5of8e84f","id":"q0qho4g5of8e84f"},"id":"rnrghefiala9nx0","previousOperationId":"okt157rr2uek7x9"}
{"type":"log","timestamp":1731173941669,"level":"debug","message":"Inline data specified.","meta":{"rootId":"q0qho4g5of8e84f","id":"q0qho4g5of8e84f"},"id":"d5wo4m2yedlp1d9","previousOperationId":"okt157rr2uek7x9"}
{"type":"log","timestamp":1731173941669,"level":"debug","message":"Base url not specified, skipping its injection.","meta":{"rootId":"q0qho4g5of8e84f","id":"q0qho4g5of8e84f"},"id":"gfmbdhgi5d3pnkv","previousOperationId":"okt157rr2uek7x9"}
{"type":"operationStart","subtype":"engine","name":"handlebars","timestamp":1731173941669,"id":"0o16g7s8ko3cytb","previousEventId":"lh6rai35j4iks79","operationId":"wh7fpj70rs65k8m","previousOperationId":"okt157rr2uek7x9"}
{"type":"log","timestamp":1731173941669,"level":"debug","message":"Rendering engine handlebars","meta":{"rootId":"q0qho4g5of8e84f","id":"q0qho4g5of8e84f"},"id":"5do2dmrocwjjaqk","previousOperationId":"wh7fpj70rs65k8m"}
{"type":"operationEnd","operationId":"wh7fpj70rs65k8m","timestamp":1731173941674,"id":"cumcr5o5utgdm4b","previousEventId":"0o16g7s8ko3cytb","previousOperationId":"wh7fpj70rs65k8m"}
{"type":"operationStart","subtype":"recipe","name":"xlsx","timestamp":1731173941674,"id":"enkl0t1x8dmkrod","previousEventId":"cumcr5o5utgdm4b","operationId":"8rjykvvfmf5epza","previousOperationId":"wh7fpj70rs65k8m"}
{"type":"log","timestamp":1731173941674,"level":"debug","message":"Executing recipe xlsx","meta":{"rootId":"q0qho4g5of8e84f","id":"q0qho4g5of8e84f"},"id":"wxw8jja42h8w4uq","previousOperationId":"8rjykvvfmf5epza"}
{"type":"log","timestamp":1731173941674,"level":"info","message":"xlsx generation is starting","meta":{"rootId":"q0qho4g5of8e84f","id":"q0qho4g5of8e84f"},"id":"9881ixoslenraly","previousOperationId":"8rjykvvfmf5epza"}
{"type":"log","timestamp":1731173941680,"level":"debug","message":"Starting child request to render xlsx dynamic parts for generation step","meta":{"rootId":"q0qho4g5of8e84f","id":"q0qho4g5of8e84f"},"id":"5yaketx3w4xjnlv","previousOperationId":"8rjykvvfmf5epza"}
{"type":"operationStart","subtype":"render","name":"anonymous","previousOperationId":"8rjykvvfmf5epza","timestamp":1731173941680,"id":"971xw13xuog4qii","previousEventId":"enkl0t1x8dmkrod","operationId":"l6ikfpnhqocw4dh"}
{"type":"log","timestamp":1731173941680,"level":"info","message":"Starting rendering (child) request (user: admin)","meta":{"rootId":"q0qho4g5of8e84f","id":"hlwt6o3cc7axtsl"},"id":"w0odcz07i20mw38","previousOperationId":"l6ikfpnhqocw4dh"}
{"type":"log","timestamp":1731173941680,"level":"info","message":"Rendering anonymous template { recipe: html, engine: handlebars }","meta":{"rootId":"q0qho4g5of8e84f","id":"hlwt6o3cc7axtsl"},"id":"j7vl7aocxoddha8","previousOperationId":"l6ikfpnhqocw4dh"}
{"type":"log","timestamp":1731173941680,"level":"debug","message":"Inline data specified.","meta":{"rootId":"q0qho4g5of8e84f","id":"hlwt6o3cc7axtsl"},"id":"uvvqnfe66a0pr4z","previousOperationId":"l6ikfpnhqocw4dh"}
{"type":"log","timestamp":1731173941683,"level":"debug","message":"Base url not specified, skipping its injection.","meta":{"rootId":"q0qho4g5of8e84f","id":"hlwt6o3cc7axtsl"},"id":"ci9l1vtyade5j1m","previousOperationId":"l6ikfpnhqocw4dh"}
{"type":"operationStart","subtype":"engine","name":"handlebars","timestamp":1731173941683,"id":"rqr37rw8ftt9ieh","previousEventId":"971xw13xuog4qii","operationId":"4syixh5akp39xf4","previousOperationId":"l6ikfpnhqocw4dh"}
{"type":"log","timestamp":1731173941683,"level":"debug","message":"Rendering engine handlebars","meta":{"rootId":"q0qho4g5of8e84f","id":"hlwt6o3cc7axtsl"},"id":"sgt6gvu9jng7qsl","previousOperationId":"4syixh5akp39xf4"}
{"type":"operationEnd","operationId":"4syixh5akp39xf4","timestamp":1731173941691,"id":"qgdyzc3awe7870m","previousEventId":"rqr37rw8ftt9ieh","previousOperationId":"4syixh5akp39xf4"}
{"type":"operationStart","subtype":"recipe","name":"html","timestamp":1731173941691,"id":"p3iqj4ttcjqudrx","previousEventId":"qgdyzc3awe7870m","operationId":"4ipkoxnb816ebok","previousOperationId":"4syixh5akp39xf4"}
{"type":"log","timestamp":1731173941691,"level":"debug","message":"Executing recipe html","meta":{"rootId":"q0qho4g5of8e84f","id":"hlwt6o3cc7axtsl"},"id":"a7y24y12gt8zre8","previousOperationId":"4ipkoxnb816ebok"}
{"type":"operationEnd","operationId":"4ipkoxnb816ebok","timestamp":1731173941691,"id":"esoqi4b2tmqdeiz","previousEventId":"p3iqj4ttcjqudrx","previousOperationId":"4ipkoxnb816ebok"}
{"type":"log","timestamp":1731173941691,"level":"debug","message":"Skipping storing report.","meta":{"rootId":"q0qho4g5of8e84f","id":"hlwt6o3cc7axtsl"},"id":"c8bjj5gbrltg29o","previousOperationId":"4ipkoxnb816ebok"}
{"type":"log","timestamp":1731173941691,"level":"info","message":"Rendering (child) request finished in 28 ms","meta":{"rootId":"q0qho4g5of8e84f","id":"hlwt6o3cc7axtsl"},"id":"gxrcfbn448j85su","previousOperationId":"4ipkoxnb816ebok"}
{"type":"operationEnd","subtype":"render","operationId":"l6ikfpnhqocw4dh","timestamp":1731173941691,"id":"67bu7t77h09of6q","previousEventId":"esoqi4b2tmqdeiz","previousOperationId":"4ipkoxnb816ebok"}
{"type":"log","timestamp":1731173941700,"level":"debug","message":"xlsx successfully zipped","meta":{"rootId":"q0qho4g5of8e84f","id":"q0qho4g5of8e84f"},"id":"6projuryvuk4ucz","previousOperationId":"8rjykvvfmf5epza"}
{"type":"log","timestamp":1731173941700,"level":"info","message":"xlsx generation was finished","meta":{"rootId":"q0qho4g5of8e84f","id":"q0qho4g5of8e84f"},"id":"1dyslwpm2j04574","previousOperationId":"8rjykvvfmf5epza"}
{"type":"log","timestamp":1731173941709,"level":"info","message":"xlsx transformation is starting","meta":{"rootId":"q0qho4g5of8e84f","id":"q0qho4g5of8e84f"},"id":"kqz87g3oiu5nbvb","previousOperationId":"8rjykvvfmf5epza"}
{"type":"log","timestamp":1731173941721,"level":"debug","message":"Parsing xlsx content","meta":{"rootId":"q0qho4g5of8e84f","id":"q0qho4g5of8e84f"},"id":"ybmf0rfq0tez5bp","previousOperationId":"8rjykvvfmf5epza"}
{"type":"log","timestamp":1731173941744,"level":"debug","message":"Successfully zipped now.","meta":{"rootId":"q0qho4g5of8e84f","id":"q0qho4g5of8e84f"},"id":"7wjtvy6xtrcpt7q","previousOperationId":"8rjykvvfmf5epza"}
{"type":"log","timestamp":1731173941744,"level":"info","message":"xlsx transformation was finished","meta":{"rootId":"q0qho4g5of8e84f","id":"q0qho4g5of8e84f"},"id":"q2deozrthm7twa0","previousOperationId":"8rjykvvfmf5epza"}
{"type":"operationEnd","operationId":"8rjykvvfmf5epza","timestamp":1731173941747,"id":"iqyucpao6gih7e0","previousEventId":"enkl0t1x8dmkrod","previousOperationId":"8rjykvvfmf5epza"}
{"type":"log","timestamp":1731173941747,"level":"debug","message":"Skipping storing report.","meta":{"rootId":"q0qho4g5of8e84f","id":"q0qho4g5of8e84f"},"id":"1mvwf0vhr1p7582","previousOperationId":"8rjykvvfmf5epza"}
{"type":"log","timestamp":1731173941747,"level":"info","message":"Rendering request 36 finished in 84 ms","meta":{"rootId":"q0qho4g5of8e84f","id":"q0qho4g5of8e84f"},"id":"apnv15p26akghyk","previousOperationId":"8rjykvvfmf5epza"}
{"type":"operationEnd","subtype":"render","operationId":"okt157rr2uek7x9","timestamp":1731173941747,"id":"mlossporkm2l3bp","previousEventId":"iqyucpao6gih7e0","previousOperationId":"8rjykvvfmf5epza"}
{"type":"operationEnd","doDiffs":false,"previousEventId":"gbn6up0hoivnk3i","previousOperationId":"y120x4sru2bgzo8","operationId":"y120x4sru2bgzo8","timestamp":1731173941749,"id":"a823hxr7k9t3xhc"}
