{"type":"operationStart","subtype":"profile","data":{"_id":"sdVBImoHOZuWWrMU","timestamp":"2024-11-10T07:51:41.571Z","state":"queued","mode":"standard","creationDate":"2024-11-10T07:51:41.572Z","modificationDate":"2024-11-10T07:51:41.572Z","shortid":"PHubpG8","inheritedReadPermissions":[],"inheritedEditPermissions":[],"$entitySet":"profiles"},"doDiffs":false,"timestamp":1731225101572,"id":"e4ezgr4gwxeyvh9","previousOperationId":null,"operationId":"7wzw06hg3p0i7du"}
{"type":"log","level":"info","message":"Render request 89 queued for execution and waiting for available worker","previousOperationId":"7wzw06hg3p0i7du","timestamp":1731225101572,"id":"06e8dht2fytzlgb"}
{"type":"operationStart","subtype":"render","name":"anonymous","previousOperationId":"7wzw06hg3p0i7du","timestamp":1731225101577,"id":"t2t8pe53bqs0pxl","previousEventId":"e4ezgr4gwxeyvh9","operationId":"7ypdcxm4bdyhrgh"}
{"type":"log","timestamp":1731225101577,"level":"info","message":"Starting rendering request 89 (user: admin)","meta":{"rootId":"suf6mc9cy3opo7z","id":"suf6mc9cy3opo7z"},"id":"podm2nphwf6gzz7","previousOperationId":"7ypdcxm4bdyhrgh"}
{"type":"log","timestamp":1731225101577,"level":"info","message":"Rendering anonymous template { recipe: xlsx, engine: handlebars }","meta":{"rootId":"suf6mc9cy3opo7z","id":"suf6mc9cy3opo7z"},"id":"or7ys3umdbubs8h","previousOperationId":"7ypdcxm4bdyhrgh"}
{"type":"log","timestamp":1731225101577,"level":"debug","message":"Inline data specified.","meta":{"rootId":"suf6mc9cy3opo7z","id":"suf6mc9cy3opo7z"},"id":"aqpc9efvzti8uas","previousOperationId":"7ypdcxm4bdyhrgh"}
{"type":"log","timestamp":1731225101578,"level":"debug","message":"Base url not specified, skipping its injection.","meta":{"rootId":"suf6mc9cy3opo7z","id":"suf6mc9cy3opo7z"},"id":"k24lyax4owhrk3d","previousOperationId":"7ypdcxm4bdyhrgh"}
{"type":"operationStart","subtype":"engine","name":"handlebars","timestamp":1731225101578,"id":"m76yct6zlmne0bt","previousEventId":"t2t8pe53bqs0pxl","operationId":"1ojgxayktrb03m7","previousOperationId":"7ypdcxm4bdyhrgh"}
{"type":"log","timestamp":1731225101578,"level":"debug","message":"Rendering engine handlebars","meta":{"rootId":"suf6mc9cy3opo7z","id":"suf6mc9cy3opo7z"},"id":"ure895q5y5s3vmd","previousOperationId":"1ojgxayktrb03m7"}
{"type":"operationEnd","operationId":"1ojgxayktrb03m7","timestamp":1731225101583,"id":"xt023zr8sgraj2u","previousEventId":"m76yct6zlmne0bt","previousOperationId":"1ojgxayktrb03m7"}
{"type":"operationStart","subtype":"recipe","name":"xlsx","timestamp":1731225101583,"id":"985k1s6v6ebkxnc","previousEventId":"xt023zr8sgraj2u","operationId":"uyojp7sw7gg96x4","previousOperationId":"1ojgxayktrb03m7"}
{"type":"log","timestamp":1731225101583,"level":"debug","message":"Executing recipe xlsx","meta":{"rootId":"suf6mc9cy3opo7z","id":"suf6mc9cy3opo7z"},"id":"lr3jpwqhas60wyl","previousOperationId":"uyojp7sw7gg96x4"}
{"type":"log","timestamp":1731225101583,"level":"info","message":"xlsx generation is starting","meta":{"rootId":"suf6mc9cy3opo7z","id":"suf6mc9cy3opo7z"},"id":"brrlofqoemn9ycz","previousOperationId":"uyojp7sw7gg96x4"}
{"type":"log","timestamp":1731225101590,"level":"debug","message":"Starting child request to render xlsx dynamic parts for generation step","meta":{"rootId":"suf6mc9cy3opo7z","id":"suf6mc9cy3opo7z"},"id":"tvnvp7wsn091smb","previousOperationId":"uyojp7sw7gg96x4"}
{"type":"operationStart","subtype":"render","name":"anonymous","previousOperationId":"uyojp7sw7gg96x4","timestamp":1731225101590,"id":"9j9jltimitkag4f","previousEventId":"985k1s6v6ebkxnc","operationId":"mi39swcjkmsm0k7"}
{"type":"log","timestamp":1731225101591,"level":"info","message":"Starting rendering (child) request (user: admin)","meta":{"rootId":"suf6mc9cy3opo7z","id":"fdkp6btb02lbc37"},"id":"guhex3wvno7i6ji","previousOperationId":"mi39swcjkmsm0k7"}
{"type":"log","timestamp":1731225101591,"level":"info","message":"Rendering anonymous template { recipe: html, engine: handlebars }","meta":{"rootId":"suf6mc9cy3opo7z","id":"fdkp6btb02lbc37"},"id":"j35g7wi6m5qpm0s","previousOperationId":"mi39swcjkmsm0k7"}
{"type":"log","timestamp":1731225101591,"level":"debug","message":"Inline data specified.","meta":{"rootId":"suf6mc9cy3opo7z","id":"fdkp6btb02lbc37"},"id":"tem2xp1u8osr7rt","previousOperationId":"mi39swcjkmsm0k7"}
{"type":"log","timestamp":1731225101591,"level":"debug","message":"Base url not specified, skipping its injection.","meta":{"rootId":"suf6mc9cy3opo7z","id":"fdkp6btb02lbc37"},"id":"im75oq0vjrrev20","previousOperationId":"mi39swcjkmsm0k7"}
{"type":"operationStart","subtype":"engine","name":"handlebars","timestamp":1731225101591,"id":"191lmfjqptgbasd","previousEventId":"9j9jltimitkag4f","operationId":"vnd7qcfmgmoou59","previousOperationId":"mi39swcjkmsm0k7"}
{"type":"log","timestamp":1731225101591,"level":"debug","message":"Rendering engine handlebars","meta":{"rootId":"suf6mc9cy3opo7z","id":"fdkp6btb02lbc37"},"id":"yauvagi9p3v551q","previousOperationId":"vnd7qcfmgmoou59"}
{"type":"operationEnd","operationId":"vnd7qcfmgmoou59","timestamp":1731225101597,"id":"wtk9xxcalcn9mgg","previousEventId":"191lmfjqptgbasd","previousOperationId":"vnd7qcfmgmoou59"}
{"type":"operationStart","subtype":"recipe","name":"html","timestamp":1731225101597,"id":"cqaqv20yl8q0a4u","previousEventId":"wtk9xxcalcn9mgg","operationId":"rmz686lxtpwxvbl","previousOperationId":"vnd7qcfmgmoou59"}
{"type":"log","timestamp":1731225101597,"level":"debug","message":"Executing recipe html","meta":{"rootId":"suf6mc9cy3opo7z","id":"fdkp6btb02lbc37"},"id":"wysx9uztuzi1edh","previousOperationId":"rmz686lxtpwxvbl"}
{"type":"operationEnd","operationId":"rmz686lxtpwxvbl","timestamp":1731225101597,"id":"xs4vrsf4pg24nzd","previousEventId":"cqaqv20yl8q0a4u","previousOperationId":"rmz686lxtpwxvbl"}
{"type":"log","timestamp":1731225101597,"level":"debug","message":"Skipping storing report.","meta":{"rootId":"suf6mc9cy3opo7z","id":"fdkp6btb02lbc37"},"id":"hwi675d5veca5xr","previousOperationId":"rmz686lxtpwxvbl"}
{"type":"log","timestamp":1731225101597,"level":"info","message":"Rendering (child) request finished in 26 ms","meta":{"rootId":"suf6mc9cy3opo7z","id":"fdkp6btb02lbc37"},"id":"jhpv763vqa5pzw7","previousOperationId":"rmz686lxtpwxvbl"}
{"type":"operationEnd","subtype":"render","operationId":"mi39swcjkmsm0k7","timestamp":1731225101597,"id":"w5sh5eoe4fmw0k9","previousEventId":"xs4vrsf4pg24nzd","previousOperationId":"rmz686lxtpwxvbl"}
{"type":"log","timestamp":1731225101606,"level":"debug","message":"xlsx successfully zipped","meta":{"rootId":"suf6mc9cy3opo7z","id":"suf6mc9cy3opo7z"},"id":"h4y8tdlpf2e6mko","previousOperationId":"uyojp7sw7gg96x4"}
{"type":"log","timestamp":1731225101606,"level":"info","message":"xlsx generation was finished","meta":{"rootId":"suf6mc9cy3opo7z","id":"suf6mc9cy3opo7z"},"id":"3isail80lshi7uo","previousOperationId":"uyojp7sw7gg96x4"}
{"type":"operationEnd","operationId":"uyojp7sw7gg96x4","timestamp":1731225101608,"id":"ex7kftpwxjs14zp","previousEventId":"985k1s6v6ebkxnc","previousOperationId":"uyojp7sw7gg96x4"}
{"type":"log","timestamp":1731225101608,"level":"debug","message":"Skipping storing report.","meta":{"rootId":"suf6mc9cy3opo7z","id":"suf6mc9cy3opo7z"},"id":"rjlqri8rf1psqha","previousOperationId":"uyojp7sw7gg96x4"}
{"type":"log","timestamp":1731225101609,"level":"info","message":"Rendering request 89 finished in 38 ms","meta":{"rootId":"suf6mc9cy3opo7z","id":"suf6mc9cy3opo7z"},"id":"lomn1ohfpnn5wv9","previousOperationId":"uyojp7sw7gg96x4"}
{"type":"operationEnd","subtype":"render","operationId":"7ypdcxm4bdyhrgh","timestamp":1731225101609,"id":"j3f63lv0tjtv00r","previousEventId":"ex7kftpwxjs14zp","previousOperationId":"uyojp7sw7gg96x4"}
{"type":"operationEnd","doDiffs":false,"previousEventId":"e4ezgr4gwxeyvh9","previousOperationId":"7wzw06hg3p0i7du","operationId":"7wzw06hg3p0i7du","timestamp":1731225101611,"id":"yllyr3ggywrzzlx"}
