{"type":"operationStart","subtype":"profile","data":{"_id":"ZU2kXbr6jtvM6Q1Z","timestamp":"2024-09-09T11:11:01.739Z","state":"queued","mode":"standard","creationDate":"2024-09-09T11:11:01.741Z","modificationDate":"2024-09-09T11:11:01.741Z","shortid":"uoY43l1","inheritedReadPermissions":[],"inheritedEditPermissions":[],"$entitySet":"profiles"},"doDiffs":false,"timestamp":1725880261740,"id":"meul8hw2zip7wsa","previousOperationId":null,"operationId":"aaw99idpq8sm271"}
{"type":"log","level":"info","message":"Render request 602 queued for execution and waiting for available worker","previousOperationId":"aaw99idpq8sm271","timestamp":1725880261740,"id":"ztmjxxx4zr09lo6"}
{"type":"operationStart","subtype":"render","name":"anonymous","previousOperationId":"aaw99idpq8sm271","timestamp":1725880261748,"id":"pxbxs5rjmi58rwm","previousEventId":"meul8hw2zip7wsa","operationId":"gmkb0rjklnc175u"}
{"type":"log","timestamp":1725880261748,"level":"info","message":"Starting rendering request 602 (user: admin)","meta":{"rootId":"zxxf37e3wf1ntvw","id":"zxxf37e3wf1ntvw"},"id":"a95i6pxat24s7da","previousOperationId":"gmkb0rjklnc175u"}
{"type":"log","timestamp":1725880261748,"level":"info","message":"Rendering template { name: prouduction_outputs_xlsx, recipe: xlsx, engine: handlebars, preview: true }","meta":{"rootId":"zxxf37e3wf1ntvw","id":"zxxf37e3wf1ntvw"},"id":"3aq963523ngyq0f","previousOperationId":"gmkb0rjklnc175u"}
{"type":"log","timestamp":1725880261748,"level":"debug","message":"Inline data specified.","meta":{"rootId":"zxxf37e3wf1ntvw","id":"zxxf37e3wf1ntvw"},"id":"29u2piuxoi18wyc","previousOperationId":"gmkb0rjklnc175u"}
{"type":"log","timestamp":1725880261749,"level":"debug","message":"Base url not specified, skipping its injection.","meta":{"rootId":"zxxf37e3wf1ntvw","id":"zxxf37e3wf1ntvw"},"id":"ypn94ytu4ibnde3","previousOperationId":"gmkb0rjklnc175u"}
{"type":"operationStart","subtype":"engine","name":"handlebars","timestamp":1725880261749,"id":"hek53yuehf5xzc6","previousEventId":"pxbxs5rjmi58rwm","operationId":"y9o06b1tf7zlpfc","previousOperationId":"gmkb0rjklnc175u"}
{"type":"log","timestamp":1725880261749,"level":"debug","message":"Rendering engine handlebars","meta":{"rootId":"zxxf37e3wf1ntvw","id":"zxxf37e3wf1ntvw"},"id":"m5646ps57v1wnuc","previousOperationId":"y9o06b1tf7zlpfc"}
{"type":"operationEnd","operationId":"y9o06b1tf7zlpfc","timestamp":1725880261759,"id":"dfw1cf9qlx6cbli","previousEventId":"hek53yuehf5xzc6","previousOperationId":"y9o06b1tf7zlpfc"}
{"type":"operationStart","subtype":"recipe","name":"xlsx","timestamp":1725880261759,"id":"9lwmb6cmbu4c9sx","previousEventId":"dfw1cf9qlx6cbli","operationId":"a0yoecjlqp8csyf","previousOperationId":"y9o06b1tf7zlpfc"}
{"type":"log","timestamp":1725880261759,"level":"debug","message":"Executing recipe xlsx","meta":{"rootId":"zxxf37e3wf1ntvw","id":"zxxf37e3wf1ntvw"},"id":"qqdcvfscy0jku0c","previousOperationId":"a0yoecjlqp8csyf"}
{"type":"log","timestamp":1725880261834,"level":"info","message":"xlsx generation is starting","meta":{"rootId":"zxxf37e3wf1ntvw","id":"zxxf37e3wf1ntvw"},"id":"7z70xnvnhquwzej","previousOperationId":"a0yoecjlqp8csyf"}
{"type":"log","timestamp":1725880261857,"level":"debug","message":"Starting child request to render xlsx dynamic parts for generation step","meta":{"rootId":"zxxf37e3wf1ntvw","id":"zxxf37e3wf1ntvw"},"id":"vot87oby3pv9s8u","previousOperationId":"a0yoecjlqp8csyf"}
{"type":"operationStart","subtype":"render","name":"anonymous","previousOperationId":"a0yoecjlqp8csyf","timestamp":1725880261858,"id":"ovjud2tl1wvrlxd","previousEventId":"9lwmb6cmbu4c9sx","operationId":"foo974793ktz0xx"}
{"type":"log","timestamp":1725880261858,"level":"info","message":"Starting rendering (child) request (user: admin)","meta":{"rootId":"zxxf37e3wf1ntvw","id":"9ihti96ztj6whfe"},"id":"0uciwwjig4dicpz","previousOperationId":"foo974793ktz0xx"}
{"type":"log","timestamp":1725880261858,"level":"info","message":"Rendering anonymous template { recipe: html, engine: handlebars }","meta":{"rootId":"zxxf37e3wf1ntvw","id":"9ihti96ztj6whfe"},"id":"dz1skx9mwz3iuur","previousOperationId":"foo974793ktz0xx"}
{"type":"log","timestamp":1725880261858,"level":"debug","message":"Inline data specified.","meta":{"rootId":"zxxf37e3wf1ntvw","id":"9ihti96ztj6whfe"},"id":"02hpnbc6d6atjsd","previousOperationId":"foo974793ktz0xx"}
{"type":"log","timestamp":1725880261858,"level":"debug","message":"Base url not specified, skipping its injection.","meta":{"rootId":"zxxf37e3wf1ntvw","id":"9ihti96ztj6whfe"},"id":"tqw6eai6ucmxwqz","previousOperationId":"foo974793ktz0xx"}
{"type":"operationStart","subtype":"engine","name":"handlebars","timestamp":1725880261858,"id":"0m3t10vdhwdlbdp","previousEventId":"ovjud2tl1wvrlxd","operationId":"8pwklkttiahbk6k","previousOperationId":"foo974793ktz0xx"}
{"type":"log","timestamp":1725880261858,"level":"debug","message":"Rendering engine handlebars","meta":{"rootId":"zxxf37e3wf1ntvw","id":"9ihti96ztj6whfe"},"id":"i5bk3l7zgsiea0e","previousOperationId":"8pwklkttiahbk6k"}
{"type":"operationEnd","operationId":"8pwklkttiahbk6k","timestamp":1725880261867,"id":"v99fszj0m13prn1","previousEventId":"0m3t10vdhwdlbdp","previousOperationId":"8pwklkttiahbk6k"}
{"type":"operationStart","subtype":"recipe","name":"html","timestamp":1725880261868,"id":"lyeh9yzobxc5h5k","previousEventId":"v99fszj0m13prn1","operationId":"c20fx0smryktwzg","previousOperationId":"8pwklkttiahbk6k"}
{"type":"log","timestamp":1725880261868,"level":"debug","message":"Executing recipe html","meta":{"rootId":"zxxf37e3wf1ntvw","id":"9ihti96ztj6whfe"},"id":"840iu0ddrup4zyx","previousOperationId":"c20fx0smryktwzg"}
{"type":"operationEnd","operationId":"c20fx0smryktwzg","timestamp":1725880261868,"id":"jj4qsqgyiql1dis","previousEventId":"lyeh9yzobxc5h5k","previousOperationId":"c20fx0smryktwzg"}
{"type":"log","timestamp":1725880261868,"level":"debug","message":"Skipping storing report.","meta":{"rootId":"zxxf37e3wf1ntvw","id":"9ihti96ztj6whfe"},"id":"8r534robg2qmaus","previousOperationId":"c20fx0smryktwzg"}
{"type":"log","timestamp":1725880261868,"level":"info","message":"Rendering (child) request finished in 129 ms","meta":{"rootId":"zxxf37e3wf1ntvw","id":"9ihti96ztj6whfe"},"id":"9mlycd4rjw7xej2","previousOperationId":"c20fx0smryktwzg"}
{"type":"operationEnd","subtype":"render","operationId":"foo974793ktz0xx","timestamp":1725880261868,"id":"csacy2b91vlf8gb","previousEventId":"jj4qsqgyiql1dis","previousOperationId":"c20fx0smryktwzg"}
{"type":"log","timestamp":1725880261978,"level":"debug","message":"xlsx successfully zipped","meta":{"rootId":"zxxf37e3wf1ntvw","id":"zxxf37e3wf1ntvw"},"id":"i77m08z8tunie2b","previousOperationId":"a0yoecjlqp8csyf"}
{"type":"log","timestamp":1725880261978,"level":"info","message":"xlsx generation was finished","meta":{"rootId":"zxxf37e3wf1ntvw","id":"zxxf37e3wf1ntvw"},"id":"2k50147q7pcp0rr","previousOperationId":"a0yoecjlqp8csyf"}
{"type":"log","timestamp":1725880262001,"level":"debug","message":"preparing office preview","meta":{"rootId":"zxxf37e3wf1ntvw","id":"zxxf37e3wf1ntvw"},"id":"52j7zhx870h4f4a","previousOperationId":"a0yoecjlqp8csyf"}
{"type":"operationEnd","operationId":"a0yoecjlqp8csyf","timestamp":1725880262448,"id":"in089sd50gpnf53","previousEventId":"9lwmb6cmbu4c9sx","previousOperationId":"a0yoecjlqp8csyf"}
{"type":"log","timestamp":1725880262448,"level":"debug","message":"Skipping storing report.","meta":{"rootId":"zxxf37e3wf1ntvw","id":"zxxf37e3wf1ntvw"},"id":"06uomls3l7tld7p","previousOperationId":"a0yoecjlqp8csyf"}
{"type":"log","timestamp":1725880262448,"level":"info","message":"Rendering request 602 finished in 709 ms","meta":{"rootId":"zxxf37e3wf1ntvw","id":"zxxf37e3wf1ntvw"},"id":"5dlt0d6krzaaukz","previousOperationId":"a0yoecjlqp8csyf"}
{"type":"operationEnd","subtype":"render","operationId":"gmkb0rjklnc175u","timestamp":1725880262448,"id":"x2lluqeptzg8562","previousEventId":"in089sd50gpnf53","previousOperationId":"a0yoecjlqp8csyf"}
{"type":"operationEnd","doDiffs":false,"previousEventId":"meul8hw2zip7wsa","previousOperationId":"aaw99idpq8sm271","operationId":"aaw99idpq8sm271","timestamp":1725880262452,"id":"7apqotlx38stuo3"}
