{"type":"operationStart","subtype":"profile","data":{"_id":"IQWVJJ3GrFMV20st","timestamp":"2024-10-11T14:47:55.307Z","state":"queued","mode":"standard","creationDate":"2024-10-11T14:47:55.309Z","modificationDate":"2024-10-11T14:47:55.309Z","shortid":"Z1OosON","inheritedReadPermissions":[],"inheritedEditPermissions":[],"$entitySet":"profiles"},"doDiffs":false,"timestamp":1728658075308,"id":"60q0ogezxf69sal","previousOperationId":null,"operationId":"919etmobi42wphe"}
{"type":"log","level":"info","message":"Render request 2 queued for execution and waiting for available worker","previousOperationId":"919etmobi42wphe","timestamp":1728658075309,"id":"eihwgvjl9s908ys"}
{"type":"operationStart","subtype":"render","name":"invoince_pos","previousOperationId":"919etmobi42wphe","timestamp":1728658075326,"id":"jpm4lfdgzbgl5en","previousEventId":"60q0ogezxf69sal","operationId":"0yx7ri4otjluts9"}
{"type":"log","timestamp":1728658075326,"level":"info","message":"Starting rendering request 2 (user: admin)","meta":{"rootId":"43nn3ps65tvauqh","id":"43nn3ps65tvauqh"},"id":"wzm0cr3htsh33b2","previousOperationId":"0yx7ri4otjluts9"}
{"type":"log","timestamp":1728658075327,"level":"info","message":"Rendering template { name: invoince_pos, recipe: chrome-pdf, engine: handlebars, preview: true }","meta":{"rootId":"43nn3ps65tvauqh","id":"43nn3ps65tvauqh"},"id":"858rkxkwm77shwi","previousOperationId":"0yx7ri4otjluts9"}
{"type":"log","timestamp":1728658075328,"level":"debug","message":"Adding sample data lQsp33f2H","meta":{"rootId":"43nn3ps65tvauqh","id":"43nn3ps65tvauqh"},"id":"rjrtz8di4gkmdep","previousOperationId":"0yx7ri4otjluts9"}
{"type":"log","timestamp":1728658075330,"level":"debug","message":"Base url not specified, skipping its injection.","meta":{"rootId":"43nn3ps65tvauqh","id":"43nn3ps65tvauqh"},"id":"iwmsmd77lt190ul","previousOperationId":"0yx7ri4otjluts9"}
{"type":"log","timestamp":1728658075343,"level":"debug","message":"Replaced assets [\"KhmerOSSiemreapRegular.ttf\",\"KhmerOSMuolLightRegular.ttf\",\"times_new_roman.ttf\",\"Tacteing.ttf\",\"limons1l.ttf\",\"arial.ttf\",\"Wingdings 2.ttf\",\"/asset/images/draft-km.png\"]","meta":{"rootId":"43nn3ps65tvauqh","id":"43nn3ps65tvauqh"},"id":"4t53ejjl0r3bgz5","previousOperationId":"0yx7ri4otjluts9"}
{"type":"operationStart","subtype":"engine","name":"handlebars","timestamp":1728658075344,"id":"hirho1c5q7mnt0q","previousEventId":"jpm4lfdgzbgl5en","operationId":"u2om9ol7xv9y91r","previousOperationId":"0yx7ri4otjluts9"}
{"type":"log","timestamp":1728658075344,"level":"debug","message":"Rendering engine handlebars","meta":{"rootId":"43nn3ps65tvauqh","id":"43nn3ps65tvauqh"},"id":"jbmfxyb6ijvu5jm","previousOperationId":"u2om9ol7xv9y91r"}
{"type":"operationEnd","operationId":"u2om9ol7xv9y91r","timestamp":1728658075710,"id":"okfwclqdt0gcs2r","previousEventId":"hirho1c5q7mnt0q","previousOperationId":"u2om9ol7xv9y91r"}
{"type":"operationStart","subtype":"recipe","name":"chrome-pdf","timestamp":1728658075720,"id":"br4ecg5wwae7mz5","previousEventId":"okfwclqdt0gcs2r","operationId":"np84r83cnwaphkt","previousOperationId":"u2om9ol7xv9y91r"}
{"type":"log","timestamp":1728658075720,"level":"debug","message":"Executing recipe chrome-pdf","meta":{"rootId":"43nn3ps65tvauqh","id":"43nn3ps65tvauqh"},"id":"40connuds041b8w","previousOperationId":"np84r83cnwaphkt"}
{"type":"log","timestamp":1728658076291,"level":"debug","message":"Converting with chrome Chrome/127.0.6533.99 using chrome-pool strategy","meta":{"rootId":"43nn3ps65tvauqh","id":"43nn3ps65tvauqh"},"id":"rtnb6691op5izxk","previousOperationId":"np84r83cnwaphkt"}
{"type":"log","timestamp":1728658076348,"level":"debug","message":"Page request: GET (document) file:///C:/Users/shsmo/AppData/Local/Temp/jsreport/autocleanup/dbf2f2b6-949c-4ae2-9c59-56b925ec98cd-chrome-pdf.html","meta":{"rootId":"43nn3ps65tvauqh","id":"43nn3ps65tvauqh"},"id":"eioa8kxs7zndpg2","previousOperationId":"np84r83cnwaphkt"}
{"type":"log","timestamp":1728658076380,"level":"debug","message":"Page request finished: GET (document) 200 file:///C:/Users/shsmo/AppData/Local/Temp/jsreport/autocleanup/dbf2f2b6-949c-4ae2-9c59-56b925ec98cd-chrome-pdf.html","meta":{"rootId":"43nn3ps65tvauqh","id":"43nn3ps65tvauqh"},"id":"4h51ae9a5ydww43","previousOperationId":"np84r83cnwaphkt"}
{"type":"log","timestamp":1728658076397,"level":"debug","message":"Page request: GET (script) https://cdn.tailwindcss.com/","meta":{"rootId":"43nn3ps65tvauqh","id":"43nn3ps65tvauqh"},"id":"kcmq56msjr4pqf0","previousOperationId":"np84r83cnwaphkt"}
{"type":"log","timestamp":1728658076465,"level":"warn","message":"Page request failed: GET (script) 302 https://cdn.tailwindcss.com/ (redirect to: /3.4.5)","meta":{"rootId":"43nn3ps65tvauqh","id":"43nn3ps65tvauqh"},"id":"wmuewh9svad2jz0","previousOperationId":"np84r83cnwaphkt"}
{"type":"log","timestamp":1728658076465,"level":"debug","message":"Page request: GET (script) https://cdn.tailwindcss.com/3.4.5 (redirect from: https://cdn.tailwindcss.com/)","meta":{"rootId":"43nn3ps65tvauqh","id":"43nn3ps65tvauqh"},"id":"md6gj97xi43v5kh","previousOperationId":"np84r83cnwaphkt"}
{"type":"log","timestamp":1728658076508,"level":"debug","message":"Page request finished: GET (script) 200 https://cdn.tailwindcss.com/3.4.5","meta":{"rootId":"43nn3ps65tvauqh","id":"43nn3ps65tvauqh"},"id":"g0ck8c79y09oo4k","previousOperationId":"np84r83cnwaphkt"}
{"type":"log","timestamp":1728658076548,"level":"debug","message":"(console:warn) cdn.tailwindcss.com should not be used in production. To use Tailwind CSS in production, install it as a PostCSS plugin or use the Tailwind CLI: https://tailwindcss.com/docs/installation","meta":{"userLevel":true,"rootId":"43nn3ps65tvauqh","id":"43nn3ps65tvauqh"},"id":"1rsrqlk8j6jyqnd","previousOperationId":"np84r83cnwaphkt"}
{"type":"log","timestamp":1728658076613,"level":"debug","message":"Running chrome with params {\"printBackground\":true,\"timeout\":599267,\"margin\":{}}","meta":{"rootId":"43nn3ps65tvauqh","id":"43nn3ps65tvauqh"},"id":"dlk30j70f4gc130","previousOperationId":"np84r83cnwaphkt"}
{"type":"operationEnd","operationId":"np84r83cnwaphkt","timestamp":1728658076671,"id":"b61qdqy8i0q0c8q","previousEventId":"br4ecg5wwae7mz5","previousOperationId":"np84r83cnwaphkt"}
{"type":"log","timestamp":1728658076672,"level":"debug","message":"Skipping storing report.","meta":{"rootId":"43nn3ps65tvauqh","id":"43nn3ps65tvauqh"},"id":"d3h0gur2twoajpc","previousOperationId":"np84r83cnwaphkt"}
{"type":"log","timestamp":1728658076672,"level":"info","message":"Rendering request 2 finished in 1365 ms","meta":{"rootId":"43nn3ps65tvauqh","id":"43nn3ps65tvauqh"},"id":"6hif137p7scxgnd","previousOperationId":"np84r83cnwaphkt"}
{"type":"operationEnd","subtype":"render","operationId":"0yx7ri4otjluts9","timestamp":1728658076672,"id":"5wkq43z8h5aas6i","previousEventId":"b61qdqy8i0q0c8q","previousOperationId":"np84r83cnwaphkt"}
{"type":"operationEnd","doDiffs":false,"previousEventId":"60q0ogezxf69sal","previousOperationId":"919etmobi42wphe","operationId":"919etmobi42wphe","timestamp":1728658076675,"id":"hqzefga0xz1a205"}
