{"type":"operationStart","subtype":"profile","data":{"_id":"DcHmlqxg8JrhZLcf","timestamp":"2024-10-11T14:48:04.394Z","state":"queued","mode":"standard","creationDate":"2024-10-11T14:48:04.396Z","modificationDate":"2024-10-11T14:48:04.396Z","shortid":"UN0FiX0","inheritedReadPermissions":[],"inheritedEditPermissions":[],"$entitySet":"profiles"},"doDiffs":false,"timestamp":1728658084395,"id":"lnccjip8swb1atz","previousOperationId":null,"operationId":"nwlyeke2ivmnjo3"}
{"type":"log","level":"info","message":"Render request 3 queued for execution and waiting for available worker","previousOperationId":"nwlyeke2ivmnjo3","timestamp":1728658084395,"id":"8m6evh27hwsrcj0"}
{"type":"operationStart","subtype":"render","name":"invoince_pos","previousOperationId":"nwlyeke2ivmnjo3","timestamp":1728658084409,"id":"fozxbxwp5oxcwu4","previousEventId":"lnccjip8swb1atz","operationId":"5iwtyx6m30ayd1n"}
{"type":"log","timestamp":1728658084409,"level":"info","message":"Starting rendering request 3 (user: admin)","meta":{"rootId":"5isqtz6494da86m","id":"5isqtz6494da86m"},"id":"4ikscef1qhwmtm5","previousOperationId":"5iwtyx6m30ayd1n"}
{"type":"log","timestamp":1728658084409,"level":"info","message":"Rendering template { name: invoince_pos, recipe: chrome-pdf, engine: handlebars, preview: true }","meta":{"rootId":"5isqtz6494da86m","id":"5isqtz6494da86m"},"id":"djccxguckry5n7a","previousOperationId":"5iwtyx6m30ayd1n"}
{"type":"log","timestamp":1728658084410,"level":"debug","message":"Adding sample data lQsp33f2H","meta":{"rootId":"5isqtz6494da86m","id":"5isqtz6494da86m"},"id":"ktgq5lw3au059w7","previousOperationId":"5iwtyx6m30ayd1n"}
{"type":"log","timestamp":1728658084411,"level":"debug","message":"Base url not specified, skipping its injection.","meta":{"rootId":"5isqtz6494da86m","id":"5isqtz6494da86m"},"id":"f4d73pvj57y2dww","previousOperationId":"5iwtyx6m30ayd1n"}
{"type":"log","timestamp":1728658084423,"level":"debug","message":"Replaced assets [\"KhmerOSSiemreapRegular.ttf\",\"KhmerOSMuolLightRegular.ttf\",\"times_new_roman.ttf\",\"Tacteing.ttf\",\"limons1l.ttf\",\"arial.ttf\",\"Wingdings 2.ttf\",\"/asset/images/draft-km.png\"]","meta":{"rootId":"5isqtz6494da86m","id":"5isqtz6494da86m"},"id":"z0do9yo4pxjp866","previousOperationId":"5iwtyx6m30ayd1n"}
{"type":"operationStart","subtype":"engine","name":"handlebars","timestamp":1728658084423,"id":"v36irlx6egwbchg","previousEventId":"fozxbxwp5oxcwu4","operationId":"pen8x9zq0iewptj","previousOperationId":"5iwtyx6m30ayd1n"}
{"type":"log","timestamp":1728658084423,"level":"debug","message":"Rendering engine handlebars","meta":{"rootId":"5isqtz6494da86m","id":"5isqtz6494da86m"},"id":"hyeiegn0pbxm77p","previousOperationId":"pen8x9zq0iewptj"}
{"type":"operationEnd","operationId":"pen8x9zq0iewptj","timestamp":1728658084459,"id":"9vgc59kurrm2tqn","previousEventId":"v36irlx6egwbchg","previousOperationId":"pen8x9zq0iewptj"}
{"type":"operationStart","subtype":"recipe","name":"chrome-pdf","timestamp":1728658084470,"id":"qkzualcffkhzw1m","previousEventId":"9vgc59kurrm2tqn","operationId":"0cuikfhq5lkmygf","previousOperationId":"pen8x9zq0iewptj"}
{"type":"log","timestamp":1728658084470,"level":"debug","message":"Executing recipe chrome-pdf","meta":{"rootId":"5isqtz6494da86m","id":"5isqtz6494da86m"},"id":"brme3ev8p2cewga","previousOperationId":"0cuikfhq5lkmygf"}
{"type":"log","timestamp":1728658084476,"level":"debug","message":"Converting with chrome Chrome/127.0.6533.99 using chrome-pool strategy","meta":{"rootId":"5isqtz6494da86m","id":"5isqtz6494da86m"},"id":"l0qzournlua7vsw","previousOperationId":"0cuikfhq5lkmygf"}
{"type":"log","timestamp":1728658084614,"level":"debug","message":"Page request: GET (document) file:///C:/Users/shsmo/AppData/Local/Temp/jsreport/autocleanup/b49544cc-5d79-4d61-8faa-43113ead1dd2-chrome-pdf.html","meta":{"rootId":"5isqtz6494da86m","id":"5isqtz6494da86m"},"id":"a2zfh71strceetx","previousOperationId":"0cuikfhq5lkmygf"}
{"type":"log","timestamp":1728658084638,"level":"debug","message":"Page request finished: GET (document) 200 file:///C:/Users/shsmo/AppData/Local/Temp/jsreport/autocleanup/b49544cc-5d79-4d61-8faa-43113ead1dd2-chrome-pdf.html","meta":{"rootId":"5isqtz6494da86m","id":"5isqtz6494da86m"},"id":"xyq2oe0em1a7q8j","previousOperationId":"0cuikfhq5lkmygf"}
{"type":"log","timestamp":1728658084654,"level":"debug","message":"Page request: GET (script) https://cdn.tailwindcss.com/","meta":{"rootId":"5isqtz6494da86m","id":"5isqtz6494da86m"},"id":"8xpqwm9smwf6zmc","previousOperationId":"0cuikfhq5lkmygf"}
{"type":"log","timestamp":1728658084660,"level":"warn","message":"Page request failed: GET (script) 302 https://cdn.tailwindcss.com/ (redirect to: /3.4.5)","meta":{"rootId":"5isqtz6494da86m","id":"5isqtz6494da86m"},"id":"l18l0085ysxfage","previousOperationId":"0cuikfhq5lkmygf"}
{"type":"log","timestamp":1728658084660,"level":"debug","message":"Page request: GET (script) https://cdn.tailwindcss.com/3.4.5 (redirect from: https://cdn.tailwindcss.com/)","meta":{"rootId":"5isqtz6494da86m","id":"5isqtz6494da86m"},"id":"lkymrb4xdn4hpum","previousOperationId":"0cuikfhq5lkmygf"}
{"type":"log","timestamp":1728658084674,"level":"debug","message":"Page request finished: GET (script) 200 https://cdn.tailwindcss.com/3.4.5","meta":{"rootId":"5isqtz6494da86m","id":"5isqtz6494da86m"},"id":"w63k35rh38pql6r","previousOperationId":"0cuikfhq5lkmygf"}
{"type":"log","timestamp":1728658084712,"level":"debug","message":"(console:warn) cdn.tailwindcss.com should not be used in production. To use Tailwind CSS in production, install it as a PostCSS plugin or use the Tailwind CLI: https://tailwindcss.com/docs/installation","meta":{"userLevel":true,"rootId":"5isqtz6494da86m","id":"5isqtz6494da86m"},"id":"xhfyy5qgexz21uv","previousOperationId":"0cuikfhq5lkmygf"}
{"type":"log","timestamp":1728658084785,"level":"debug","message":"Running chrome with params {\"printBackground\":true,\"timeout\":599918,\"margin\":{}}","meta":{"rootId":"5isqtz6494da86m","id":"5isqtz6494da86m"},"id":"ype302wlukxcygq","previousOperationId":"0cuikfhq5lkmygf"}
{"type":"operationEnd","operationId":"0cuikfhq5lkmygf","timestamp":1728658084831,"id":"stn70deyz0e1w9j","previousEventId":"qkzualcffkhzw1m","previousOperationId":"0cuikfhq5lkmygf"}
{"type":"log","timestamp":1728658084831,"level":"debug","message":"Skipping storing report.","meta":{"rootId":"5isqtz6494da86m","id":"5isqtz6494da86m"},"id":"i6nvlxtlf7ljckr","previousOperationId":"0cuikfhq5lkmygf"}
{"type":"log","timestamp":1728658084831,"level":"info","message":"Rendering request 3 finished in 438 ms","meta":{"rootId":"5isqtz6494da86m","id":"5isqtz6494da86m"},"id":"lptthrmln5sdpb0","previousOperationId":"0cuikfhq5lkmygf"}
{"type":"operationEnd","subtype":"render","operationId":"5iwtyx6m30ayd1n","timestamp":1728658084831,"id":"1q1r88k3up62gc0","previousEventId":"stn70deyz0e1w9j","previousOperationId":"0cuikfhq5lkmygf"}
{"type":"operationEnd","doDiffs":false,"previousEventId":"lnccjip8swb1atz","previousOperationId":"nwlyeke2ivmnjo3","operationId":"nwlyeke2ivmnjo3","timestamp":1728658084834,"id":"osk7qajl1vtfz79"}
