{"type":"operationStart","subtype":"profile","data":{"_id":"R7xC6fC0FeIZNuyD","timestamp":"2024-10-11T14:47:08.082Z","state":"queued","mode":"standard","creationDate":"2024-10-11T14:47:08.085Z","modificationDate":"2024-10-11T14:47:08.085Z","shortid":"wIeJ9sT","inheritedReadPermissions":[],"inheritedEditPermissions":[],"$entitySet":"profiles"},"doDiffs":false,"timestamp":1728658028084,"id":"9nkkl6gtf2mzape","previousOperationId":null,"operationId":"j567m2qwhhpxyjo"}
{"type":"log","level":"info","message":"Render request 1 queued for execution and waiting for available worker","previousOperationId":"j567m2qwhhpxyjo","timestamp":1728658028084,"id":"op0nhvkin073i8c"}
{"type":"operationStart","subtype":"render","name":"invoince_pos","previousOperationId":"j567m2qwhhpxyjo","timestamp":1728658028102,"id":"ho6qbnw2yxsggl0","previousEventId":"9nkkl6gtf2mzape","operationId":"a2xidyxwrcbm8ec"}
{"type":"log","timestamp":1728658028103,"level":"info","message":"Starting rendering request 1 (user: admin)","meta":{"rootId":"iewhgjx54leb69z","id":"iewhgjx54leb69z"},"id":"c1baviunhyptqq2","previousOperationId":"a2xidyxwrcbm8ec"}
{"type":"log","timestamp":1728658028103,"level":"info","message":"Rendering template { name: invoince_pos, recipe: chrome-pdf, engine: handlebars, preview: true }","meta":{"rootId":"iewhgjx54leb69z","id":"iewhgjx54leb69z"},"id":"qg0eu4mrcppdnag","previousOperationId":"a2xidyxwrcbm8ec"}
{"type":"log","timestamp":1728658028106,"level":"debug","message":"Adding sample data lQsp33f2H","meta":{"rootId":"iewhgjx54leb69z","id":"iewhgjx54leb69z"},"id":"hjsidqwu4gcwewm","previousOperationId":"a2xidyxwrcbm8ec"}
{"type":"log","timestamp":1728658028108,"level":"debug","message":"Base url not specified, skipping its injection.","meta":{"rootId":"iewhgjx54leb69z","id":"iewhgjx54leb69z"},"id":"s26ytgmdwynbrkz","previousOperationId":"a2xidyxwrcbm8ec"}
{"type":"log","timestamp":1728658028121,"level":"debug","message":"Replaced assets [\"KhmerOSSiemreapRegular.ttf\",\"KhmerOSMuolLightRegular.ttf\",\"times_new_roman.ttf\",\"Tacteing.ttf\",\"limons1l.ttf\",\"arial.ttf\",\"Wingdings 2.ttf\",\"/asset/images/draft-km.png\"]","meta":{"rootId":"iewhgjx54leb69z","id":"iewhgjx54leb69z"},"id":"c7wgkhdvglav7xt","previousOperationId":"a2xidyxwrcbm8ec"}
{"type":"operationStart","subtype":"engine","name":"handlebars","timestamp":1728658028122,"id":"9xjw31vofjmre6r","previousEventId":"ho6qbnw2yxsggl0","operationId":"rhvyia4esywl8o8","previousOperationId":"a2xidyxwrcbm8ec"}
{"type":"log","timestamp":1728658028122,"level":"debug","message":"Rendering engine handlebars","meta":{"rootId":"iewhgjx54leb69z","id":"iewhgjx54leb69z"},"id":"33kfdtbkkt2xd6i","previousOperationId":"rhvyia4esywl8o8"}
{"type":"operationEnd","operationId":"rhvyia4esywl8o8","timestamp":1728658028628,"id":"po27nksspw9tolk","previousEventId":"9xjw31vofjmre6r","previousOperationId":"rhvyia4esywl8o8"}
{"type":"operationStart","subtype":"recipe","name":"chrome-pdf","timestamp":1728658028639,"id":"ft1dugzgxbrfnxh","previousEventId":"po27nksspw9tolk","operationId":"suayh0t2pcbstwa","previousOperationId":"rhvyia4esywl8o8"}
{"type":"log","timestamp":1728658028639,"level":"debug","message":"Executing recipe chrome-pdf","meta":{"rootId":"iewhgjx54leb69z","id":"iewhgjx54leb69z"},"id":"3scspe87mlope5e","previousOperationId":"suayh0t2pcbstwa"}
{"type":"log","timestamp":1728658030069,"level":"debug","message":"Converting with chrome Chrome/127.0.6533.99 using chrome-pool strategy","meta":{"rootId":"iewhgjx54leb69z","id":"iewhgjx54leb69z"},"id":"ko8z5vq3n79d8d4","previousOperationId":"suayh0t2pcbstwa"}
{"type":"log","timestamp":1728658030135,"level":"debug","message":"Page request: GET (document) file:///C:/Users/shsmo/AppData/Local/Temp/jsreport/autocleanup/8d54f788-a8e3-4e7d-9acf-1b9d6fc5d70a-chrome-pdf.html","meta":{"rootId":"iewhgjx54leb69z","id":"iewhgjx54leb69z"},"id":"5c9gvhjhe995ypy","previousOperationId":"suayh0t2pcbstwa"}
{"type":"log","timestamp":1728658030170,"level":"debug","message":"Page request finished: GET (document) 200 file:///C:/Users/shsmo/AppData/Local/Temp/jsreport/autocleanup/8d54f788-a8e3-4e7d-9acf-1b9d6fc5d70a-chrome-pdf.html","meta":{"rootId":"iewhgjx54leb69z","id":"iewhgjx54leb69z"},"id":"37zavuuu2lr3z0y","previousOperationId":"suayh0t2pcbstwa"}
{"type":"log","timestamp":1728658030193,"level":"debug","message":"Page request: GET (script) https://cdn.tailwindcss.com/","meta":{"rootId":"iewhgjx54leb69z","id":"iewhgjx54leb69z"},"id":"pns0juw5kil7ymw","previousOperationId":"suayh0t2pcbstwa"}
{"type":"log","timestamp":1728658030268,"level":"warn","message":"Page request failed: GET (script) 302 https://cdn.tailwindcss.com/ (redirect to: /3.4.5)","meta":{"rootId":"iewhgjx54leb69z","id":"iewhgjx54leb69z"},"id":"9qtys6ua7ntchli","previousOperationId":"suayh0t2pcbstwa"}
{"type":"log","timestamp":1728658030268,"level":"debug","message":"Page request: GET (script) https://cdn.tailwindcss.com/3.4.5 (redirect from: https://cdn.tailwindcss.com/)","meta":{"rootId":"iewhgjx54leb69z","id":"iewhgjx54leb69z"},"id":"87b94hl2wtx4yeq","previousOperationId":"suayh0t2pcbstwa"}
{"type":"log","timestamp":1728658030319,"level":"debug","message":"Page request finished: GET (script) 200 https://cdn.tailwindcss.com/3.4.5","meta":{"rootId":"iewhgjx54leb69z","id":"iewhgjx54leb69z"},"id":"dlt4rtxt1kbpesi","previousOperationId":"suayh0t2pcbstwa"}
{"type":"log","timestamp":1728658030359,"level":"debug","message":"(console:warn) cdn.tailwindcss.com should not be used in production. To use Tailwind CSS in production, install it as a PostCSS plugin or use the Tailwind CLI: https://tailwindcss.com/docs/installation","meta":{"userLevel":true,"rootId":"iewhgjx54leb69z","id":"iewhgjx54leb69z"},"id":"62dfs2i0m0lo4po","previousOperationId":"suayh0t2pcbstwa"}
{"type":"log","timestamp":1728658030443,"level":"debug","message":"Running chrome with params {\"printBackground\":true,\"timeout\":599099,\"margin\":{}}","meta":{"rootId":"iewhgjx54leb69z","id":"iewhgjx54leb69z"},"id":"6v6k8sbwg3zqpwf","previousOperationId":"suayh0t2pcbstwa"}
{"type":"operationEnd","operationId":"suayh0t2pcbstwa","timestamp":1728658030505,"id":"s4aqsgnhdgvmckl","previousEventId":"ft1dugzgxbrfnxh","previousOperationId":"suayh0t2pcbstwa"}
{"type":"log","timestamp":1728658030505,"level":"debug","message":"Skipping storing report.","meta":{"rootId":"iewhgjx54leb69z","id":"iewhgjx54leb69z"},"id":"ms2n4qjkf194b2a","previousOperationId":"suayh0t2pcbstwa"}
{"type":"log","timestamp":1728658030505,"level":"info","message":"Rendering request 1 finished in 2424 ms","meta":{"rootId":"iewhgjx54leb69z","id":"iewhgjx54leb69z"},"id":"qgbs0odvig8tcq5","previousOperationId":"suayh0t2pcbstwa"}
{"type":"operationEnd","subtype":"render","operationId":"a2xidyxwrcbm8ec","timestamp":1728658030505,"id":"8lpopevapfcwnbl","previousEventId":"s4aqsgnhdgvmckl","previousOperationId":"suayh0t2pcbstwa"}
{"type":"operationEnd","doDiffs":false,"previousEventId":"9nkkl6gtf2mzape","previousOperationId":"j567m2qwhhpxyjo","operationId":"j567m2qwhhpxyjo","timestamp":1728658030509,"id":"8dtrrsroarz89ky"}
