{"type":"operationStart","subtype":"profile","data":{"_id":"0UlvfUD41PXtNWpT","timestamp":"2024-10-11T14:48:23.404Z","state":"queued","mode":"standard","creationDate":"2024-10-11T14:48:23.406Z","modificationDate":"2024-10-11T14:48:23.406Z","shortid":"rUaOKES","inheritedReadPermissions":[],"inheritedEditPermissions":[],"$entitySet":"profiles"},"doDiffs":false,"timestamp":1728658103405,"id":"zq89ybingov5zgy","previousOperationId":null,"operationId":"g35iiyklppi6f2l"}
{"type":"log","level":"info","message":"Render request 4 queued for execution and waiting for available worker","previousOperationId":"g35iiyklppi6f2l","timestamp":1728658103406,"id":"2q6iwzme7rg4jr8"}
{"type":"operationStart","subtype":"render","name":"invoince_pos","previousOperationId":"g35iiyklppi6f2l","timestamp":1728658103420,"id":"7o081er6vs8s75b","previousEventId":"zq89ybingov5zgy","operationId":"sp5xwvpvn1r0pyq"}
{"type":"log","timestamp":1728658103420,"level":"info","message":"Starting rendering request 4 (user: admin)","meta":{"rootId":"qmyk7b24pvmlig2","id":"qmyk7b24pvmlig2"},"id":"990lhqgyhnz6s8x","previousOperationId":"sp5xwvpvn1r0pyq"}
{"type":"log","timestamp":1728658103421,"level":"info","message":"Rendering template { name: invoince_pos, recipe: chrome-pdf, engine: handlebars, preview: true }","meta":{"rootId":"qmyk7b24pvmlig2","id":"qmyk7b24pvmlig2"},"id":"r5fr9rkf3977sgk","previousOperationId":"sp5xwvpvn1r0pyq"}
{"type":"log","timestamp":1728658103421,"level":"debug","message":"Adding sample data lQsp33f2H","meta":{"rootId":"qmyk7b24pvmlig2","id":"qmyk7b24pvmlig2"},"id":"ztatsn29ugp1a5p","previousOperationId":"sp5xwvpvn1r0pyq"}
{"type":"log","timestamp":1728658103422,"level":"debug","message":"Base url not specified, skipping its injection.","meta":{"rootId":"qmyk7b24pvmlig2","id":"qmyk7b24pvmlig2"},"id":"4v4q8mm2xqa4lek","previousOperationId":"sp5xwvpvn1r0pyq"}
{"type":"log","timestamp":1728658103435,"level":"debug","message":"Replaced assets [\"KhmerOSSiemreapRegular.ttf\",\"KhmerOSMuolLightRegular.ttf\",\"times_new_roman.ttf\",\"Tacteing.ttf\",\"limons1l.ttf\",\"arial.ttf\",\"Wingdings 2.ttf\",\"/asset/images/draft-km.png\"]","meta":{"rootId":"qmyk7b24pvmlig2","id":"qmyk7b24pvmlig2"},"id":"6fn3mswohzqsv79","previousOperationId":"sp5xwvpvn1r0pyq"}
{"type":"operationStart","subtype":"engine","name":"handlebars","timestamp":1728658103436,"id":"09ay7hb5y8e9dv8","previousEventId":"7o081er6vs8s75b","operationId":"2sqykjm9avftjuc","previousOperationId":"sp5xwvpvn1r0pyq"}
{"type":"log","timestamp":1728658103436,"level":"debug","message":"Rendering engine handlebars","meta":{"rootId":"qmyk7b24pvmlig2","id":"qmyk7b24pvmlig2"},"id":"qings4q91o1msk7","previousOperationId":"2sqykjm9avftjuc"}
{"type":"operationEnd","operationId":"2sqykjm9avftjuc","timestamp":1728658103451,"id":"rgo08m94zizj42n","previousEventId":"09ay7hb5y8e9dv8","previousOperationId":"2sqykjm9avftjuc"}
{"type":"operationStart","subtype":"recipe","name":"chrome-pdf","timestamp":1728658103462,"id":"mzkte8lt1t9sz61","previousEventId":"rgo08m94zizj42n","operationId":"y3bby96gjpk8j1k","previousOperationId":"2sqykjm9avftjuc"}
{"type":"log","timestamp":1728658103463,"level":"debug","message":"Executing recipe chrome-pdf","meta":{"rootId":"qmyk7b24pvmlig2","id":"qmyk7b24pvmlig2"},"id":"vdyt2cccvtyre6s","previousOperationId":"y3bby96gjpk8j1k"}
{"type":"log","timestamp":1728658103468,"level":"debug","message":"Converting with chrome Chrome/127.0.6533.99 using chrome-pool strategy","meta":{"rootId":"qmyk7b24pvmlig2","id":"qmyk7b24pvmlig2"},"id":"qxk1j6x8oa382fu","previousOperationId":"y3bby96gjpk8j1k"}
{"type":"log","timestamp":1728658103541,"level":"debug","message":"Page request: GET (document) file:///C:/Users/shsmo/AppData/Local/Temp/jsreport/autocleanup/77dfdda2-2652-44d4-9204-029c9d5eba64-chrome-pdf.html","meta":{"rootId":"qmyk7b24pvmlig2","id":"qmyk7b24pvmlig2"},"id":"y8w8y93z1flruj8","previousOperationId":"y3bby96gjpk8j1k"}
{"type":"log","timestamp":1728658103572,"level":"debug","message":"Page request finished: GET (document) 200 file:///C:/Users/shsmo/AppData/Local/Temp/jsreport/autocleanup/77dfdda2-2652-44d4-9204-029c9d5eba64-chrome-pdf.html","meta":{"rootId":"qmyk7b24pvmlig2","id":"qmyk7b24pvmlig2"},"id":"9n61sfudg8a0f9p","previousOperationId":"y3bby96gjpk8j1k"}
{"type":"log","timestamp":1728658103589,"level":"debug","message":"Page request: GET (script) https://cdn.tailwindcss.com/","meta":{"rootId":"qmyk7b24pvmlig2","id":"qmyk7b24pvmlig2"},"id":"5pus1i6or0dp9zk","previousOperationId":"y3bby96gjpk8j1k"}
{"type":"log","timestamp":1728658103598,"level":"warn","message":"Page request failed: GET (script) 302 https://cdn.tailwindcss.com/ (redirect to: /3.4.5)","meta":{"rootId":"qmyk7b24pvmlig2","id":"qmyk7b24pvmlig2"},"id":"92fim1d71nuf2p5","previousOperationId":"y3bby96gjpk8j1k"}
{"type":"log","timestamp":1728658103599,"level":"debug","message":"Page request: GET (script) https://cdn.tailwindcss.com/3.4.5 (redirect from: https://cdn.tailwindcss.com/)","meta":{"rootId":"qmyk7b24pvmlig2","id":"qmyk7b24pvmlig2"},"id":"x4m47000mfr1d6u","previousOperationId":"y3bby96gjpk8j1k"}
{"type":"log","timestamp":1728658103616,"level":"debug","message":"Page request finished: GET (script) 200 https://cdn.tailwindcss.com/3.4.5","meta":{"rootId":"qmyk7b24pvmlig2","id":"qmyk7b24pvmlig2"},"id":"jnpvc4d29dc6fcb","previousOperationId":"y3bby96gjpk8j1k"}
{"type":"log","timestamp":1728658103666,"level":"debug","message":"(console:warn) cdn.tailwindcss.com should not be used in production. To use Tailwind CSS in production, install it as a PostCSS plugin or use the Tailwind CLI: https://tailwindcss.com/docs/installation","meta":{"userLevel":true,"rootId":"qmyk7b24pvmlig2","id":"qmyk7b24pvmlig2"},"id":"7t538secw5w41qd","previousOperationId":"y3bby96gjpk8j1k"}
{"type":"log","timestamp":1728658103743,"level":"debug","message":"Running chrome with params {\"printBackground\":true,\"timeout\":599937,\"margin\":{}}","meta":{"rootId":"qmyk7b24pvmlig2","id":"qmyk7b24pvmlig2"},"id":"0l4lj613lbo6ody","previousOperationId":"y3bby96gjpk8j1k"}
{"type":"operationEnd","operationId":"y3bby96gjpk8j1k","timestamp":1728658103792,"id":"jskexl1excr9ct3","previousEventId":"mzkte8lt1t9sz61","previousOperationId":"y3bby96gjpk8j1k"}
{"type":"log","timestamp":1728658103792,"level":"debug","message":"Skipping storing report.","meta":{"rootId":"qmyk7b24pvmlig2","id":"qmyk7b24pvmlig2"},"id":"u5l90ftpynu7tza","previousOperationId":"y3bby96gjpk8j1k"}
{"type":"log","timestamp":1728658103792,"level":"info","message":"Rendering request 4 finished in 388 ms","meta":{"rootId":"qmyk7b24pvmlig2","id":"qmyk7b24pvmlig2"},"id":"79hohp0dbhp1ws9","previousOperationId":"y3bby96gjpk8j1k"}
{"type":"operationEnd","subtype":"render","operationId":"sp5xwvpvn1r0pyq","timestamp":1728658103792,"id":"lcbw6bg0i6lq4cm","previousEventId":"jskexl1excr9ct3","previousOperationId":"y3bby96gjpk8j1k"}
{"type":"operationEnd","doDiffs":false,"previousEventId":"zq89ybingov5zgy","previousOperationId":"g35iiyklppi6f2l","operationId":"g35iiyklppi6f2l","timestamp":1728658103794,"id":"xfnco4j2qaplg16"}
